job started
cuda available: True
code run on device:: cuda:0

n1 = 10000, n2 = 10000,

kappa = 5, alpha = 0.3,

gamma = 0.05, nTests = 100,

B = 300

1th run
noise dimension : 25
noise variance: 2220.982666015625
original u-statistic:10.783832550048828
p value proxy: 0.006644518114626408
result: True
2th run
noise dimension : 25
noise variance: 2223.8701171875
original u-statistic:19.386272430419922
p value proxy: 0.003322259057313204
result: True
3th run
noise dimension : 25
noise variance: 2216.751953125
original u-statistic:11.355865478515625
p value proxy: 0.006644518114626408
result: True
4th run
noise dimension : 25
noise variance: 2228.10205078125
original u-statistic:13.229394912719727
p value proxy: 0.003322259057313204
result: True
5th run
noise dimension : 25
noise variance: 2209.164794921875
original u-statistic:6.187005996704102
p value proxy: 0.05315614491701126
result: False
6th run
noise dimension : 25
noise variance: 2223.7119140625
original u-statistic:11.613767623901367
p value proxy: 0.003322259057313204
result: True
7th run
noise dimension : 25
noise variance: 2227.949951171875
original u-statistic:17.025930404663086
p value proxy: 0.003322259057313204
result: True
8th run
noise dimension : 25
noise variance: 2229.892822265625
original u-statistic:6.5316643714904785
p value proxy: 0.029900331050157547
result: True
9th run
noise dimension : 25
noise variance: 2224.73095703125
original u-statistic:2.8646457195281982
p value proxy: 0.17275747656822205
result: False
10th run
noise dimension : 25
noise variance: 2228.811279296875
original u-statistic:21.785953521728516
p value proxy: 0.003322259057313204
result: True
11th run
noise dimension : 25
noise variance: 2230.78271484375
original u-statistic:8.828812599182129
p value proxy: 0.006644518114626408
result: True
12th run
noise dimension : 25
noise variance: 2212.564697265625
original u-statistic:6.644203186035156
p value proxy: 0.023255813866853714
result: True
13th run
noise dimension : 25
noise variance: 2218.2138671875
original u-statistic:9.904804229736328
p value proxy: 0.009966777637600899
result: True
14th run
noise dimension : 25
noise variance: 2225.55029296875
original u-statistic:1.1479957103729248
p value proxy: 0.3521594703197479
result: False
15th run
noise dimension : 25
noise variance: 2217.988037109375
original u-statistic:7.730915546417236
p value proxy: 0.019933555275201797
result: True
16th run
noise dimension : 25
noise variance: 2220.024169921875
original u-statistic:10.739426612854004
p value proxy: 0.003322259057313204
result: True
17th run
noise dimension : 25
noise variance: 2217.49462890625
original u-statistic:4.957971572875977
p value proxy: 0.059800662100315094
result: False
18th run
noise dimension : 25
noise variance: 2202.410888671875
original u-statistic:15.607574462890625
p value proxy: 0.003322259057313204
result: True
19th run
noise dimension : 25
noise variance: 2236.041748046875
original u-statistic:4.174516677856445
p value proxy: 0.1229235827922821
result: False
20th run
noise dimension : 25
noise variance: 2216.304931640625
original u-statistic:17.20769500732422
p value proxy: 0.003322259057313204
result: True
21th run
noise dimension : 25
noise variance: 2220.61572265625
original u-statistic:11.169479370117188
p value proxy: 0.003322259057313204
result: True
22th run
noise dimension : 25
noise variance: 2230.105224609375
original u-statistic:11.333864212036133
p value proxy: 0.006644518114626408
result: True
23th run
noise dimension : 25
noise variance: 2210.39892578125
original u-statistic:10.01378059387207
p value proxy: 0.006644518114626408
result: True
24th run
noise dimension : 25
noise variance: 2221.29931640625
original u-statistic:10.067070007324219
p value proxy: 0.003322259057313204
result: True
25th run
noise dimension : 25
noise variance: 2224.287109375
original u-statistic:14.087484359741211
p value proxy: 0.003322259057313204
result: True
26th run
noise dimension : 25
noise variance: 2234.772705078125
original u-statistic:3.1868896484375
p value proxy: 0.1860465109348297
result: False
27th run
noise dimension : 25
noise variance: 2225.301513671875
original u-statistic:9.055486679077148
p value proxy: 0.009966777637600899
result: True
28th run
noise dimension : 25
noise variance: 2228.46240234375
original u-statistic:7.419424057006836
p value proxy: 0.016611294820904732
result: True
29th run
noise dimension : 25
noise variance: 2224.62548828125
original u-statistic:15.355195999145508
p value proxy: 0.003322259057313204
result: True
30th run
noise dimension : 25
noise variance: 2231.448486328125
original u-statistic:8.700394630432129
p value proxy: 0.016611294820904732
result: True
31th run
noise dimension : 25
noise variance: 2227.309814453125
original u-statistic:9.223417282104492
p value proxy: 0.009966777637600899
result: True
32th run
noise dimension : 25
noise variance: 2211.28076171875
original u-statistic:12.259438514709473
p value proxy: 0.003322259057313204
result: True
33th run
noise dimension : 25
noise variance: 2221.612060546875
original u-statistic:11.069425582885742
p value proxy: 0.003322259057313204
result: True
34th run
noise dimension : 25
noise variance: 2230.78662109375
original u-statistic:2.474245548248291
p value proxy: 0.2059800624847412
result: False
35th run
noise dimension : 25
noise variance: 2227.197509765625
original u-statistic:1.310880422592163
p value proxy: 0.3322259187698364
result: False
36th run
noise dimension : 25
noise variance: 2218.8876953125
original u-statistic:15.806893348693848
p value proxy: 0.003322259057313204
result: True
37th run
noise dimension : 25
noise variance: 2220.844970703125
original u-statistic:2.348356246948242
p value proxy: 0.1860465109348297
result: False
38th run
noise dimension : 25
noise variance: 2220.453125
original u-statistic:8.086431503295898
p value proxy: 0.02657807245850563
result: True
39th run
noise dimension : 25
noise variance: 2225.876953125
original u-statistic:16.350738525390625
p value proxy: 0.003322259057313204
result: True
40th run
noise dimension : 25
noise variance: 2212.730224609375
original u-statistic:13.238868713378906
p value proxy: 0.003322259057313204
result: True
41th run
noise dimension : 25
noise variance: 2217.2255859375
original u-statistic:9.274653434753418
p value proxy: 0.009966777637600899
result: True
42th run
noise dimension : 25
noise variance: 2220.339111328125
original u-statistic:14.716680526733398
p value proxy: 0.003322259057313204
result: True
43th run
noise dimension : 25
noise variance: 2219.02978515625
original u-statistic:22.051546096801758
p value proxy: 0.003322259057313204
result: True
44th run
noise dimension : 25
noise variance: 2217.67236328125
original u-statistic:6.9472270011901855
p value proxy: 0.029900331050157547
result: True
45th run
noise dimension : 25
noise variance: 2218.040283203125
original u-statistic:6.175567626953125
p value proxy: 0.023255813866853714
result: True
46th run
noise dimension : 25
noise variance: 2224.4990234375
original u-statistic:15.47912883758545
p value proxy: 0.006644518114626408
result: True
47th run
noise dimension : 25
noise variance: 2223.18115234375
original u-statistic:10.723306655883789
p value proxy: 0.009966777637600899
result: True
48th run
noise dimension : 25
noise variance: 2214.439453125
original u-statistic:6.616179466247559
p value proxy: 0.03654484823346138
result: True
49th run
noise dimension : 25
noise variance: 2229.423828125
original u-statistic:3.774218797683716
p value proxy: 0.10631228983402252
result: False
50th run
noise dimension : 25
noise variance: 2226.958740234375
original u-statistic:14.046257972717285
p value proxy: 0.003322259057313204
result: True
51th run
noise dimension : 25
noise variance: 2215.092041015625
original u-statistic:9.98715877532959
p value proxy: 0.016611294820904732
result: True
52th run
noise dimension : 25
noise variance: 2224.67431640625
original u-statistic:11.35371208190918
p value proxy: 0.003322259057313204
result: True
53th run
noise dimension : 25
noise variance: 2221.896728515625
original u-statistic:8.4957275390625
p value proxy: 0.013289036229252815
result: True
54th run
noise dimension : 25
noise variance: 2206.53125
original u-statistic:10.223699569702148
p value proxy: 0.009966777637600899
result: True
55th run
noise dimension : 25
noise variance: 2217.32861328125
original u-statistic:6.398212432861328
p value proxy: 0.033222589641809464
result: True
56th run
noise dimension : 25
noise variance: 2221.509765625
original u-statistic:13.273954391479492
p value proxy: 0.003322259057313204
result: True
57th run
noise dimension : 25
noise variance: 2219.46630859375
original u-statistic:14.881114959716797
p value proxy: 0.003322259057313204
result: True
58th run
noise dimension : 25
noise variance: 2234.05419921875
original u-statistic:4.848360061645508
p value proxy: 0.07308969646692276
result: False
59th run
noise dimension : 25
noise variance: 2229.707275390625
original u-statistic:8.944961547851562
p value proxy: 0.009966777637600899
result: True
60th run
noise dimension : 25
noise variance: 2220.421630859375
original u-statistic:15.061026573181152
p value proxy: 0.003322259057313204
result: True
61th run
noise dimension : 25
noise variance: 2215.5224609375
original u-statistic:4.608955383300781
p value proxy: 0.049833886325359344
result: True
62th run
noise dimension : 25
noise variance: 2218.905029296875
original u-statistic:3.0845561027526855
p value proxy: 0.17607973515987396
result: False
63th run
noise dimension : 25
noise variance: 2220.8369140625
original u-statistic:3.970886468887329
p value proxy: 0.1395348757505417
result: False
64th run
noise dimension : 25
noise variance: 2207.91552734375
original u-statistic:4.243872165679932
p value proxy: 0.11295680701732635
result: False
65th run
noise dimension : 25
noise variance: 2232.0927734375
original u-statistic:6.482531547546387
p value proxy: 0.029900331050157547
result: True
66th run
noise dimension : 25
noise variance: 2217.27001953125
original u-statistic:21.096355438232422
p value proxy: 0.003322259057313204
result: True
67th run
noise dimension : 25
noise variance: 2204.2421875
original u-statistic:7.097068786621094
p value proxy: 0.029900331050157547
result: True
68th run
noise dimension : 25
noise variance: 2217.341064453125
original u-statistic:10.372980117797852
p value proxy: 0.006644518114626408
result: True
69th run
noise dimension : 25
noise variance: 2224.650634765625
original u-statistic:7.9698333740234375
p value proxy: 0.009966777637600899
result: True
70th run
noise dimension : 25
noise variance: 2222.35302734375
original u-statistic:6.538112163543701
p value proxy: 0.023255813866853714
result: True
71th run
noise dimension : 25
noise variance: 2228.014892578125
original u-statistic:8.243255615234375
p value proxy: 0.013289036229252815
result: True
72th run
noise dimension : 25
noise variance: 2221.538818359375
original u-statistic:11.465494155883789
p value proxy: 0.006644518114626408
result: True
73th run
noise dimension : 25
noise variance: 2221.3720703125
original u-statistic:2.647935390472412
p value proxy: 0.17275747656822205
result: False
74th run
noise dimension : 25
noise variance: 2208.360107421875
original u-statistic:15.004561424255371
p value proxy: 0.003322259057313204
result: True
75th run
noise dimension : 25
noise variance: 2225.310546875
original u-statistic:9.30693531036377
p value proxy: 0.003322259057313204
result: True
76th run
noise dimension : 25
noise variance: 2226.3115234375
original u-statistic:8.095260620117188
p value proxy: 0.019933555275201797
result: True
77th run
noise dimension : 25
noise variance: 2211.54345703125
original u-statistic:5.780777454376221
p value proxy: 0.049833886325359344
result: True
78th run
noise dimension : 25
noise variance: 2225.062744140625
original u-statistic:3.3297088146209717
p value proxy: 0.13621261715888977
result: False
79th run
noise dimension : 25
noise variance: 2215.610107421875
original u-statistic:4.470548629760742
p value proxy: 0.08970099687576294
result: False
80th run
noise dimension : 25
noise variance: 2223.531494140625
original u-statistic:14.121932983398438
p value proxy: 0.003322259057313204
result: True
81th run
noise dimension : 25
noise variance: 2212.260009765625
original u-statistic:6.8471269607543945
p value proxy: 0.02657807245850563
result: True
82th run
noise dimension : 25
noise variance: 2235.94970703125
original u-statistic:7.704131126403809
p value proxy: 0.009966777637600899
result: True
83th run
noise dimension : 25
noise variance: 2224.6396484375
original u-statistic:8.473562240600586
p value proxy: 0.023255813866853714
result: True
84th run
noise dimension : 25
noise variance: 2225.381103515625
original u-statistic:1.053208351135254
p value proxy: 0.3255814015865326
result: False
85th run
noise dimension : 25
noise variance: 2222.844482421875
original u-statistic:16.985689163208008
p value proxy: 0.003322259057313204
result: True
86th run
noise dimension : 25
noise variance: 2228.8251953125
original u-statistic:11.125565528869629
p value proxy: 0.006644518114626408
result: True
87th run
noise dimension : 25
noise variance: 2209.089111328125
original u-statistic:5.699040412902832
p value proxy: 0.05315614491701126
result: False
88th run
noise dimension : 25
noise variance: 2223.8837890625
original u-statistic:14.442999839782715
p value proxy: 0.003322259057313204
result: True
89th run
noise dimension : 25
noise variance: 2220.493896484375
original u-statistic:10.948247909545898
p value proxy: 0.003322259057313204
result: True
90th run
noise dimension : 25
noise variance: 2221.4228515625
original u-statistic:15.532360076904297
p value proxy: 0.003322259057313204
result: True
91th run
noise dimension : 25
noise variance: 2230.86962890625
original u-statistic:13.984088897705078
p value proxy: 0.003322259057313204
result: True
92th run
noise dimension : 25
noise variance: 2227.6171875
original u-statistic:17.354812622070312
p value proxy: 0.003322259057313204
result: True
93th run
noise dimension : 25
noise variance: 2219.586669921875
original u-statistic:15.16710090637207
p value proxy: 0.003322259057313204
result: True
94th run
noise dimension : 25
noise variance: 2226.27880859375
original u-statistic:11.433243751525879
p value proxy: 0.003322259057313204
result: True
95th run
noise dimension : 25
noise variance: 2219.401611328125
original u-statistic:7.641627788543701
p value proxy: 0.009966777637600899
result: True
96th run
noise dimension : 25
noise variance: 2225.020751953125
original u-statistic:9.128402709960938
p value proxy: 0.016611294820904732
result: True
97th run
noise dimension : 25
noise variance: 2219.392822265625
original u-statistic:1.878864049911499
p value proxy: 0.24916942417621613
result: False
98th run
noise dimension : 25
noise variance: 2219.99072265625
original u-statistic:7.887958526611328
p value proxy: 0.019933555275201797
result: True
99th run
noise dimension : 25
noise variance: 2218.868408203125
original u-statistic:11.11132526397705
p value proxy: 0.003322259057313204
result: True
100th run
noise dimension : 25
noise variance: 2225.790283203125
original u-statistic:11.602621078491211
p value proxy: 0.003322259057313204
result: True
power estimate : 0.800000011920929
elapsed time: 336.80550742149353
