cuda available: True
code run on device:: cuda:0

        simulation started at = 2022-09-06 13:20:23.332085 

        n = 300000, 

        kappa = 3, alpha = 1.2,

        gamma = 0.05, nTests = 500,

        B = 300, d = 2
        

1th run
original u-statistic:0.3026532232761383
p value proxy: 0.4318936765193939
result: 0.0
power_upto_now: 0.0

2th run
original u-statistic:0.5461371541023254
p value proxy: 0.3920265734195709
result: 0.0
power_upto_now: 0.0

3th run
original u-statistic:-0.39351195096969604
p value proxy: 0.4684385359287262
result: 0.0
power_upto_now: 0.0

4th run
original u-statistic:-1.534270167350769
p value proxy: 0.7209302186965942
result: 0.0
power_upto_now: 0.0

5th run
original u-statistic:12.890761375427246
p value proxy: 0.003322259057313204
result: 1.0
power_upto_now: 0.20000000298023224

6th run
original u-statistic:3.1778600215911865
p value proxy: 0.09302325546741486
result: 0.0
power_upto_now: 0.1666666716337204

7th run
original u-statistic:8.372737884521484
p value proxy: 0.006644518114626408
result: 1.0
power_upto_now: 0.2857142984867096

8th run
original u-statistic:5.949789047241211
p value proxy: 0.023255813866853714
result: 1.0
power_upto_now: 0.375

9th run
original u-statistic:5.662900924682617
p value proxy: 0.023255813866853714
result: 1.0
power_upto_now: 0.4444444477558136

10th run
original u-statistic:-0.7855350375175476
p value proxy: 0.5847175717353821
result: 0.0
power_upto_now: 0.4000000059604645

11th run
original u-statistic:-1.3688050508499146
p value proxy: 0.7176079750061035
result: 0.0
power_upto_now: 0.3636363744735718

12th run
original u-statistic:-1.8238823413848877
p value proxy: 0.7475082874298096
result: 0.0
power_upto_now: 0.3333333432674408

13th run
original u-statistic:9.559486389160156
p value proxy: 0.003322259057313204
result: 1.0
power_upto_now: 0.38461539149284363

14th run
original u-statistic:-0.28528550267219543
p value proxy: 0.5415282249450684
result: 0.0
power_upto_now: 0.3571428656578064

15th run
original u-statistic:-0.1641015112400055
p value proxy: 0.46179401874542236
result: 0.0
power_upto_now: 0.3333333432674408

16th run
original u-statistic:4.2665019035339355
p value proxy: 0.06644517928361893
result: 0.0
power_upto_now: 0.3125

17th run
original u-statistic:-1.4879565238952637
p value proxy: 0.684385359287262
result: 0.0
power_upto_now: 0.29411765933036804

18th run
original u-statistic:-3.4704017639160156
p value proxy: 0.9933554530143738
result: 0.0
power_upto_now: 0.2777777910232544

19th run
original u-statistic:4.729581832885742
p value proxy: 0.033222589641809464
result: 1.0
power_upto_now: 0.31578946113586426

20th run
original u-statistic:3.5241785049438477
p value proxy: 0.08970099687576294
result: 0.0
power_upto_now: 0.30000001192092896

21th run
original u-statistic:3.7284276485443115
p value proxy: 0.07641195505857468
result: 0.0
power_upto_now: 0.2857142984867096

22th run
original u-statistic:4.615687847137451
p value proxy: 0.029900331050157547
result: 1.0
power_upto_now: 0.3181818127632141

23th run
original u-statistic:8.598637580871582
p value proxy: 0.006644518114626408
result: 1.0
power_upto_now: 0.3478260934352875

24th run
original u-statistic:8.831642150878906
p value proxy: 0.003322259057313204
result: 1.0
power_upto_now: 0.375

25th run
original u-statistic:-0.4251585006713867
p value proxy: 0.5116279125213623
result: 0.0
power_upto_now: 0.36000001430511475

26th run
original u-statistic:0.03432152420282364
p value proxy: 0.47840529680252075
result: 0.0
power_upto_now: 0.3461538553237915

27th run
original u-statistic:2.2330312728881836
p value proxy: 0.15282391011714935
result: 0.0
power_upto_now: 0.3333333432674408

28th run
original u-statistic:14.829707145690918
p value proxy: 0.003322259057313204
result: 1.0
power_upto_now: 0.3571428656578064

29th run
original u-statistic:-0.36343681812286377
p value proxy: 0.4883720874786377
result: 0.0
power_upto_now: 0.3448275923728943

30th run
original u-statistic:0.8470426797866821
p value proxy: 0.25581395626068115
result: 0.0
power_upto_now: 0.3333333432674408

31th run
original u-statistic:9.674089431762695
p value proxy: 0.003322259057313204
result: 1.0
power_upto_now: 0.35483869910240173

32th run
original u-statistic:1.3880923986434937
p value proxy: 0.2225913554430008
result: 0.0
power_upto_now: 0.34375

33th run
original u-statistic:3.3520491123199463
p value proxy: 0.10631228983402252
result: 0.0
power_upto_now: 0.3333333432674408

34th run
original u-statistic:7.453488826751709
p value proxy: 0.003322259057313204
result: 1.0
power_upto_now: 0.3529411852359772

35th run
original u-statistic:1.0712320804595947
p value proxy: 0.2890365421772003
result: 0.0
power_upto_now: 0.34285715222358704

36th run
original u-statistic:-1.6277549266815186
p value proxy: 0.7707641124725342
result: 0.0
power_upto_now: 0.3333333432674408

37th run
original u-statistic:4.539207935333252
p value proxy: 0.05647840350866318
result: 0.0
power_upto_now: 0.3243243098258972

38th run
original u-statistic:3.1160857677459717
p value proxy: 0.11295680701732635
result: 0.0
power_upto_now: 0.31578946113586426

39th run
original u-statistic:-1.4449577331542969
p value proxy: 0.6976743936538696
result: 0.0
power_upto_now: 0.3076923191547394

40th run
original u-statistic:8.417925834655762
p value proxy: 0.009966777637600899
result: 1.0
power_upto_now: 0.32499998807907104

41th run
original u-statistic:-0.5740348696708679
p value proxy: 0.47840529680252075
result: 0.0
power_upto_now: 0.31707316637039185

42th run
original u-statistic:6.27474308013916
p value proxy: 0.013289036229252815
result: 1.0
power_upto_now: 0.3333333432674408

43th run
original u-statistic:1.1867097616195679
p value proxy: 0.2990033030509949
result: 0.0
power_upto_now: 0.3255814015865326

44th run
original u-statistic:8.800129890441895
p value proxy: 0.006644518114626408
result: 1.0
power_upto_now: 0.34090909361839294

45th run
original u-statistic:2.99729323387146
p value proxy: 0.07973422110080719
result: 0.0
power_upto_now: 0.3333333432674408

46th run
original u-statistic:3.165386199951172
p value proxy: 0.09634551405906677
result: 0.0
power_upto_now: 0.32608696818351746

47th run
original u-statistic:10.126608848571777
p value proxy: 0.003322259057313204
result: 1.0
power_upto_now: 0.3404255211353302

48th run
original u-statistic:9.44180965423584
p value proxy: 0.006644518114626408
result: 1.0
power_upto_now: 0.3541666567325592

49th run
original u-statistic:10.069558143615723
p value proxy: 0.006644518114626408
result: 1.0
power_upto_now: 0.36734694242477417

50th run
original u-statistic:4.811544895172119
p value proxy: 0.04318936914205551
result: 1.0
power_upto_now: 0.3799999952316284

51th run
original u-statistic:2.486673593521118
p value proxy: 0.09634551405906677
result: 0.0
power_upto_now: 0.37254902720451355

52th run
original u-statistic:2.0420048236846924
p value proxy: 0.2026578038930893
result: 0.0
power_upto_now: 0.36538460850715637

53th run
original u-statistic:-1.4327235221862793
p value proxy: 0.6644518375396729
result: 0.0
power_upto_now: 0.35849055647850037

54th run
original u-statistic:7.365220069885254
p value proxy: 0.013289036229252815
result: 1.0
power_upto_now: 0.37037035822868347

55th run
original u-statistic:2.9283974170684814
p value proxy: 0.08970099687576294
result: 0.0
power_upto_now: 0.3636363744735718

56th run
original u-statistic:6.715863227844238
p value proxy: 0.013289036229252815
result: 1.0
power_upto_now: 0.375

57th run
original u-statistic:1.4252934455871582
p value proxy: 0.262458473443985
result: 0.0
power_upto_now: 0.3684210479259491

58th run
original u-statistic:1.2814027070999146
p value proxy: 0.2458471655845642
result: 0.0
power_upto_now: 0.36206895112991333

59th run
original u-statistic:8.603690147399902
p value proxy: 0.009966777637600899
result: 1.0
power_upto_now: 0.37288135290145874

60th run
original u-statistic:9.579235076904297
p value proxy: 0.003322259057313204
result: 1.0
power_upto_now: 0.38333332538604736

61th run
original u-statistic:0.7113711833953857
p value proxy: 0.29235878586769104
result: 0.0
power_upto_now: 0.37704917788505554

62th run
original u-statistic:7.5349931716918945
p value proxy: 0.013289036229252815
result: 1.0
power_upto_now: 0.3870967626571655

63th run
original u-statistic:4.98878812789917
p value proxy: 0.04651162773370743
result: 1.0
power_upto_now: 0.3968254029750824

64th run
original u-statistic:7.687448501586914
p value proxy: 0.006644518114626408
result: 1.0
power_upto_now: 0.40625

65th run
original u-statistic:11.912050247192383
p value proxy: 0.003322259057313204
result: 1.0
power_upto_now: 0.4153846204280853

66th run
original u-statistic:9.016074180603027
p value proxy: 0.003322259057313204
result: 1.0
power_upto_now: 0.42424243688583374

67th run
original u-statistic:1.285353422164917
p value proxy: 0.27242523431777954
result: 0.0
power_upto_now: 0.41791045665740967

68th run
original u-statistic:17.132686614990234
p value proxy: 0.003322259057313204
result: 1.0
power_upto_now: 0.4264705777168274

69th run
original u-statistic:0.47704577445983887
p value proxy: 0.3289036452770233
result: 0.0
power_upto_now: 0.4202898442745209

70th run
original u-statistic:4.339164733886719
p value proxy: 0.029900331050157547
result: 1.0
power_upto_now: 0.4285714328289032

71th run
original u-statistic:4.277469158172607
p value proxy: 0.07641195505857468
result: 0.0
power_upto_now: 0.4225352108478546

72th run
original u-statistic:3.4745476245880127
p value proxy: 0.08637873828411102
result: 0.0
power_upto_now: 0.4166666567325592

73th run
original u-statistic:15.768867492675781
p value proxy: 0.003322259057313204
result: 1.0
power_upto_now: 0.42465752363204956

74th run
original u-statistic:3.8113887310028076
p value proxy: 0.06312292069196701
result: 0.0
power_upto_now: 0.4189189076423645

75th run
original u-statistic:3.6833038330078125
p value proxy: 0.1029900312423706
result: 0.0
power_upto_now: 0.41333332657814026

76th run
original u-statistic:15.448951721191406
p value proxy: 0.003322259057313204
result: 1.0
power_upto_now: 0.42105263471603394

77th run
original u-statistic:2.0908122062683105
p value proxy: 0.1661129593849182
result: 0.0
power_upto_now: 0.41558441519737244

78th run
original u-statistic:1.6794703006744385
p value proxy: 0.2059800624847412
result: 0.0
power_upto_now: 0.41025641560554504

79th run
original u-statistic:3.7215216159820557
p value proxy: 0.08637873828411102
result: 0.0
power_upto_now: 0.40506330132484436

80th run
original u-statistic:3.095069408416748
p value proxy: 0.1029900312423706
result: 0.0
power_upto_now: 0.4000000059604645

81th run
original u-statistic:2.0178606510162354
p value proxy: 0.21262457966804504
result: 0.0
power_upto_now: 0.395061731338501

82th run
original u-statistic:9.968621253967285
p value proxy: 0.003322259057313204
result: 1.0
power_upto_now: 0.40243902802467346

83th run
original u-statistic:5.093998908996582
p value proxy: 0.039867110550403595
result: 1.0
power_upto_now: 0.40963855385780334

84th run
original u-statistic:-1.656690239906311
p value proxy: 0.7475082874298096
result: 0.0
power_upto_now: 0.4047619104385376

85th run
original u-statistic:-1.1664811372756958
p value proxy: 0.6279069781303406
result: 0.0
power_upto_now: 0.4000000059604645

86th run
original u-statistic:2.736802339553833
p value proxy: 0.15282391011714935
result: 0.0
power_upto_now: 0.39534884691238403

87th run
original u-statistic:0.6833573579788208
p value proxy: 0.3455149531364441
result: 0.0
power_upto_now: 0.39080458879470825

88th run
original u-statistic:2.4077038764953613
p value proxy: 0.1395348757505417
result: 0.0
power_upto_now: 0.3863636255264282

89th run
original u-statistic:1.828682541847229
p value proxy: 0.17607973515987396
result: 0.0
power_upto_now: 0.3820224702358246

90th run
original u-statistic:4.856428146362305
p value proxy: 0.02657807245850563
result: 1.0
power_upto_now: 0.3888888955116272

91th run
original u-statistic:1.8416826725006104
p value proxy: 0.1827242523431778
result: 0.0
power_upto_now: 0.38461539149284363

92th run
original u-statistic:5.355006694793701
p value proxy: 0.033222589641809464
result: 1.0
power_upto_now: 0.3913043439388275

93th run
original u-statistic:3.5265724658966064
p value proxy: 0.07308969646692276
result: 0.0
power_upto_now: 0.3870967626571655

94th run
original u-statistic:3.841912031173706
p value proxy: 0.09966777265071869
result: 0.0
power_upto_now: 0.38297873735427856

95th run
original u-statistic:3.0350780487060547
p value proxy: 0.09302325546741486
result: 0.0
power_upto_now: 0.378947377204895

96th run
original u-statistic:8.534586906433105
p value proxy: 0.006644518114626408
result: 1.0
power_upto_now: 0.3854166567325592

97th run
original u-statistic:7.506361484527588
p value proxy: 0.003322259057313204
result: 1.0
power_upto_now: 0.39175257086753845

98th run
original u-statistic:2.5675768852233887
p value proxy: 0.09634551405906677
result: 0.0
power_upto_now: 0.3877550959587097

99th run
original u-statistic:3.609830617904663
p value proxy: 0.06312292069196701
result: 0.0
power_upto_now: 0.38383838534355164

100th run
original u-statistic:5.203373908996582
p value proxy: 0.016611294820904732
result: 1.0
power_upto_now: 0.38999998569488525

101th run
original u-statistic:3.9255857467651367
p value proxy: 0.049833886325359344
result: 1.0
power_upto_now: 0.39603960514068604

102th run
original u-statistic:2.1933434009552
p value proxy: 0.15946844220161438
result: 0.0
power_upto_now: 0.3921568691730499

103th run
original u-statistic:3.8867545127868652
p value proxy: 0.09634551405906677
result: 0.0
power_upto_now: 0.3883495032787323

104th run
original u-statistic:-2.348675012588501
p value proxy: 0.8106312155723572
result: 0.0
power_upto_now: 0.38461539149284363

105th run
original u-statistic:0.8986950516700745
p value proxy: 0.2657807171344757
result: 0.0
power_upto_now: 0.380952388048172

106th run
original u-statistic:4.563009738922119
p value proxy: 0.04651162773370743
result: 1.0
power_upto_now: 0.38679245114326477

107th run
original u-statistic:9.850641250610352
p value proxy: 0.003322259057313204
result: 1.0
power_upto_now: 0.3925233781337738

108th run
original u-statistic:3.9652435779571533
p value proxy: 0.07973422110080719
result: 0.0
power_upto_now: 0.3888888955116272

109th run
original u-statistic:2.1738603115081787
p value proxy: 0.15614616870880127
result: 0.0
power_upto_now: 0.38532111048698425

110th run
original u-statistic:2.4305620193481445
p value proxy: 0.1428571343421936
result: 0.0
power_upto_now: 0.38181817531585693

111th run
original u-statistic:3.6418087482452393
p value proxy: 0.05315614491701126
result: 0.0
power_upto_now: 0.37837839126586914

112th run
original u-statistic:8.20750617980957
p value proxy: 0.009966777637600899
result: 1.0
power_upto_now: 0.3839285671710968

113th run
original u-statistic:5.770341873168945
p value proxy: 0.023255813866853714
result: 1.0
power_upto_now: 0.389380544424057

114th run
original u-statistic:9.068849563598633
p value proxy: 0.003322259057313204
result: 1.0
power_upto_now: 0.3947368562221527

115th run
original u-statistic:11.240306854248047
p value proxy: 0.006644518114626408
result: 1.0
power_upto_now: 0.4000000059604645

116th run
original u-statistic:1.8057650327682495
p value proxy: 0.19269102811813354
result: 0.0
power_upto_now: 0.3965517282485962

117th run
original u-statistic:-0.4383985102176666
p value proxy: 0.5747508406639099
result: 0.0
power_upto_now: 0.39316239953041077

118th run
original u-statistic:3.718485116958618
p value proxy: 0.09302325546741486
result: 0.0
power_upto_now: 0.38983049988746643

119th run
original u-statistic:-3.125216007232666
p value proxy: 0.960132896900177
result: 0.0
power_upto_now: 0.38655462861061096

120th run
original u-statistic:2.1151516437530518
p value proxy: 0.15282391011714935
result: 0.0
power_upto_now: 0.38333332538604736

121th run
original u-statistic:4.777927398681641
p value proxy: 0.04651162773370743
result: 1.0
power_upto_now: 0.38842976093292236

122th run
original u-statistic:3.1057374477386475
p value proxy: 0.09966777265071869
result: 0.0
power_upto_now: 0.3852458894252777

123th run
original u-statistic:0.36026066541671753
p value proxy: 0.39867109060287476
result: 0.0
power_upto_now: 0.38211381435394287

124th run
original u-statistic:4.293915748596191
p value proxy: 0.05647840350866318
result: 0.0
power_upto_now: 0.3790322542190552

125th run
original u-statistic:1.8479670286178589
p value proxy: 0.21594683825969696
result: 0.0
power_upto_now: 0.37599998712539673

126th run
original u-statistic:8.645902633666992
p value proxy: 0.009966777637600899
result: 1.0
power_upto_now: 0.380952388048172

127th run
original u-statistic:5.555319786071777
p value proxy: 0.013289036229252815
result: 1.0
power_upto_now: 0.3858267664909363

128th run
original u-statistic:4.539069652557373
p value proxy: 0.039867110550403595
result: 1.0
power_upto_now: 0.390625

129th run
original u-statistic:2.835810661315918
p value proxy: 0.12624584138393402
result: 0.0
power_upto_now: 0.38759690523147583

130th run
original u-statistic:6.982113838195801
p value proxy: 0.006644518114626408
result: 1.0
power_upto_now: 0.39230769872665405

131th run
original u-statistic:9.801576614379883
p value proxy: 0.003322259057313204
result: 1.0
power_upto_now: 0.39694657921791077

132th run
original u-statistic:9.320638656616211
p value proxy: 0.006644518114626408
result: 1.0
power_upto_now: 0.4015151560306549

133th run
original u-statistic:3.79246187210083
p value proxy: 0.06644517928361893
result: 0.0
power_upto_now: 0.39849624037742615

134th run
original u-statistic:0.2815716564655304
p value proxy: 0.3521594703197479
result: 0.0
power_upto_now: 0.3955223858356476

135th run
original u-statistic:1.5326263904571533
p value proxy: 0.23255813121795654
result: 0.0
power_upto_now: 0.39259257912635803

136th run
original u-statistic:2.971813440322876
p value proxy: 0.11295680701732635
result: 0.0
power_upto_now: 0.3897058963775635

137th run
original u-statistic:0.7533609867095947
p value proxy: 0.3222591280937195
result: 0.0
power_upto_now: 0.38686132431030273

138th run
original u-statistic:6.265367031097412
p value proxy: 0.023255813866853714
result: 1.0
power_upto_now: 0.3913043439388275

139th run
original u-statistic:3.790842294692993
p value proxy: 0.07641195505857468
result: 0.0
power_upto_now: 0.3884892165660858

140th run
original u-statistic:6.011500835418701
p value proxy: 0.02657807245850563
result: 1.0
power_upto_now: 0.3928571343421936

141th run
original u-statistic:-0.7892806529998779
p value proxy: 0.554817259311676
result: 0.0
power_upto_now: 0.39007091522216797

142th run
original u-statistic:8.67609977722168
p value proxy: 0.003322259057313204
result: 1.0
power_upto_now: 0.39436620473861694

143th run
original u-statistic:7.540111541748047
p value proxy: 0.013289036229252815
result: 1.0
power_upto_now: 0.3986014127731323

144th run
original u-statistic:3.524796962738037
p value proxy: 0.07641195505857468
result: 0.0
power_upto_now: 0.3958333432674408

145th run
original u-statistic:7.122622489929199
p value proxy: 0.016611294820904732
result: 1.0
power_upto_now: 0.4000000059604645

146th run
original u-statistic:5.821392059326172
p value proxy: 0.033222589641809464
result: 1.0
power_upto_now: 0.4041095972061157

147th run
original u-statistic:8.229860305786133
p value proxy: 0.006644518114626408
result: 1.0
power_upto_now: 0.40816327929496765

148th run
original u-statistic:3.551574945449829
p value proxy: 0.08637873828411102
result: 0.0
power_upto_now: 0.4054054021835327

149th run
original u-statistic:9.976838111877441
p value proxy: 0.003322259057313204
result: 1.0
power_upto_now: 0.4093959629535675

150th run
original u-statistic:9.683208465576172
p value proxy: 0.003322259057313204
result: 1.0
power_upto_now: 0.41333332657814026

151th run
original u-statistic:1.7405067682266235
p value proxy: 0.23588038980960846
result: 0.0
power_upto_now: 0.41059601306915283

152th run
original u-statistic:10.488153457641602
p value proxy: 0.003322259057313204
result: 1.0
power_upto_now: 0.41447368264198303

153th run
original u-statistic:17.730968475341797
p value proxy: 0.003322259057313204
result: 1.0
power_upto_now: 0.41830065846443176

154th run
original u-statistic:2.380833625793457
p value proxy: 0.14617939293384552
result: 0.0
power_upto_now: 0.41558441519737244

155th run
original u-statistic:5.847432613372803
p value proxy: 0.009966777637600899
result: 1.0
power_upto_now: 0.4193548262119293

156th run
original u-statistic:4.157061576843262
p value proxy: 0.039867110550403595
result: 1.0
power_upto_now: 0.42307692766189575

157th run
original u-statistic:4.852594375610352
p value proxy: 0.029900331050157547
result: 1.0
power_upto_now: 0.42675158381462097

158th run
original u-statistic:0.08049733191728592
p value proxy: 0.4019933342933655
result: 0.0
power_upto_now: 0.42405062913894653

159th run
original u-statistic:8.9306001663208
p value proxy: 0.006644518114626408
result: 1.0
power_upto_now: 0.42767295241355896

160th run
original u-statistic:8.722990989685059
p value proxy: 0.003322259057313204
result: 1.0
power_upto_now: 0.4312500059604645

161th run
original u-statistic:3.6571643352508545
p value proxy: 0.05315614491701126
result: 0.0
power_upto_now: 0.4285714328289032

162th run
original u-statistic:8.47644329071045
p value proxy: 0.013289036229252815
result: 1.0
power_upto_now: 0.43209877610206604

163th run
original u-statistic:4.469174861907959
p value proxy: 0.05315614491701126
result: 0.0
power_upto_now: 0.42944785952568054

164th run
original u-statistic:1.5710978507995605
p value proxy: 0.2026578038930893
result: 0.0
power_upto_now: 0.4268292784690857

165th run
original u-statistic:1.386864423751831
p value proxy: 0.262458473443985
result: 0.0
power_upto_now: 0.42424243688583374

166th run
original u-statistic:0.8506596684455872
p value proxy: 0.2790697515010834
result: 0.0
power_upto_now: 0.42168673872947693

167th run
original u-statistic:0.19277185201644897
p value proxy: 0.4053156077861786
result: 0.0
power_upto_now: 0.41916167736053467

168th run
original u-statistic:5.099209785461426
p value proxy: 0.03654484823346138
result: 1.0
power_upto_now: 0.4226190447807312

169th run
original u-statistic:9.660886764526367
p value proxy: 0.003322259057313204
result: 1.0
power_upto_now: 0.42603549361228943

170th run
original u-statistic:5.927248001098633
p value proxy: 0.023255813866853714
result: 1.0
power_upto_now: 0.42941176891326904

171th run
original u-statistic:-2.0409300327301025
p value proxy: 0.8372092843055725
result: 0.0
power_upto_now: 0.42690059542655945

172th run
original u-statistic:-2.6959450244903564
p value proxy: 0.8803986310958862
result: 0.0
power_upto_now: 0.4244185984134674

173th run
original u-statistic:-1.1672556400299072
p value proxy: 0.6511628031730652
result: 0.0
power_upto_now: 0.4219653308391571

174th run
original u-statistic:1.5707261562347412
p value proxy: 0.20930232107639313
result: 0.0
power_upto_now: 0.4195402264595032

175th run
original u-statistic:-2.6546547412872314
p value proxy: 0.8803986310958862
result: 0.0
power_upto_now: 0.4171428680419922

176th run
original u-statistic:6.922891616821289
p value proxy: 0.013289036229252815
result: 1.0
power_upto_now: 0.4204545319080353

177th run
original u-statistic:7.586996555328369
p value proxy: 0.003322259057313204
result: 1.0
power_upto_now: 0.4237288236618042

178th run
original u-statistic:6.664209365844727
p value proxy: 0.013289036229252815
result: 1.0
power_upto_now: 0.42696627974510193

179th run
original u-statistic:1.502312183380127
p value proxy: 0.20930232107639313
result: 0.0
power_upto_now: 0.42458099126815796

180th run
original u-statistic:9.7755126953125
p value proxy: 0.003322259057313204
result: 1.0
power_upto_now: 0.4277777671813965

181th run
original u-statistic:8.413463592529297
p value proxy: 0.006644518114626408
result: 1.0
power_upto_now: 0.4309392273426056

182th run
original u-statistic:4.868075847625732
p value proxy: 0.06644517928361893
result: 0.0
power_upto_now: 0.4285714328289032

183th run
original u-statistic:3.9947733879089355
p value proxy: 0.07308969646692276
result: 0.0
power_upto_now: 0.4262295067310333

184th run
original u-statistic:4.312629699707031
p value proxy: 0.05315614491701126
result: 0.0
power_upto_now: 0.42391303181648254

185th run
original u-statistic:2.2685165405273438
p value proxy: 0.1229235827922821
result: 0.0
power_upto_now: 0.4216216206550598

186th run
original u-statistic:-0.05270994082093239
p value proxy: 0.48172757029533386
result: 0.0
power_upto_now: 0.4193548262119293

187th run
original u-statistic:9.160396575927734
p value proxy: 0.003322259057313204
result: 1.0
power_upto_now: 0.4224599003791809

188th run
original u-statistic:3.2436296939849854
p value proxy: 0.09634551405906677
result: 0.0
power_upto_now: 0.4202127754688263

189th run
original u-statistic:3.4603681564331055
p value proxy: 0.06976743787527084
result: 0.0
power_upto_now: 0.41798943281173706

190th run
original u-statistic:13.617955207824707
p value proxy: 0.003322259057313204
result: 1.0
power_upto_now: 0.42105263471603394

191th run
original u-statistic:4.152703285217285
p value proxy: 0.05315614491701126
result: 0.0
power_upto_now: 0.4188481569290161

192th run
original u-statistic:1.3850668668746948
p value proxy: 0.2026578038930893
result: 0.0
power_upto_now: 0.4166666567325592

193th run
original u-statistic:5.916179656982422
p value proxy: 0.039867110550403595
result: 1.0
power_upto_now: 0.4196891188621521

194th run
original u-statistic:-2.0960590839385986
p value proxy: 0.8272424936294556
result: 0.0
power_upto_now: 0.4175257682800293

195th run
original u-statistic:-0.16186395287513733
p value proxy: 0.48172757029533386
result: 0.0
power_upto_now: 0.4153846204280853

196th run
original u-statistic:10.218070030212402
p value proxy: 0.003322259057313204
result: 1.0
power_upto_now: 0.4183673560619354

197th run
original u-statistic:3.9406793117523193
p value proxy: 0.07641195505857468
result: 0.0
power_upto_now: 0.41624364256858826

198th run
original u-statistic:6.544717788696289
p value proxy: 0.023255813866853714
result: 1.0
power_upto_now: 0.4191919267177582

199th run
original u-statistic:11.610701560974121
p value proxy: 0.003322259057313204
result: 1.0
power_upto_now: 0.42211055755615234

200th run
original u-statistic:-1.195761799812317
p value proxy: 0.6079733967781067
result: 0.0
power_upto_now: 0.41999998688697815

201th run
original u-statistic:7.18374490737915
p value proxy: 0.016611294820904732
result: 1.0
power_upto_now: 0.42288556694984436

202th run
original u-statistic:6.7905449867248535
p value proxy: 0.009966777637600899
result: 1.0
power_upto_now: 0.42574256658554077

203th run
original u-statistic:3.444997787475586
p value proxy: 0.1029900312423706
result: 0.0
power_upto_now: 0.4236453175544739

204th run
original u-statistic:-0.3627581000328064
p value proxy: 0.4916943311691284
result: 0.0
power_upto_now: 0.4215686321258545

205th run
original u-statistic:-2.629347801208496
p value proxy: 0.9003322124481201
result: 0.0
power_upto_now: 0.41951218247413635

206th run
original u-statistic:2.1054110527038574
p value proxy: 0.19269102811813354
result: 0.0
power_upto_now: 0.41747573018074036

207th run
original u-statistic:-0.163423091173172
p value proxy: 0.47840529680252075
result: 0.0
power_upto_now: 0.41545894742012024

208th run
original u-statistic:5.594257831573486
p value proxy: 0.03654484823346138
result: 1.0
power_upto_now: 0.41826921701431274

209th run
original u-statistic:6.489254951477051
p value proxy: 0.013289036229252815
result: 1.0
power_upto_now: 0.42105263471603394

210th run
original u-statistic:3.412130355834961
p value proxy: 0.09302325546741486
result: 0.0
power_upto_now: 0.41904762387275696

211th run
original u-statistic:5.682831764221191
p value proxy: 0.02657807245850563
result: 1.0
power_upto_now: 0.4218009412288666

212th run
original u-statistic:-0.9524028897285461
p value proxy: 0.6179401874542236
result: 0.0
power_upto_now: 0.41981130838394165

213th run
original u-statistic:3.0066261291503906
p value proxy: 0.09302325546741486
result: 0.0
power_upto_now: 0.4178403615951538

214th run
original u-statistic:5.410714626312256
p value proxy: 0.04318936914205551
result: 1.0
power_upto_now: 0.420560747385025

215th run
original u-statistic:7.296176910400391
p value proxy: 0.003322259057313204
result: 1.0
power_upto_now: 0.4232558012008667

216th run
original u-statistic:4.2954888343811035
p value proxy: 0.07308969646692276
result: 0.0
power_upto_now: 0.42129629850387573

217th run
original u-statistic:4.237565040588379
p value proxy: 0.03654484823346138
result: 1.0
power_upto_now: 0.42396312952041626

218th run
original u-statistic:0.8459770083427429
p value proxy: 0.33887043595314026
result: 0.0
power_upto_now: 0.4220183491706848

219th run
original u-statistic:3.518321990966797
p value proxy: 0.07973422110080719
result: 0.0
power_upto_now: 0.42009133100509644

220th run
original u-statistic:9.275911331176758
p value proxy: 0.003322259057313204
result: 1.0
power_upto_now: 0.4227272868156433

221th run
original u-statistic:6.533667087554932
p value proxy: 0.029900331050157547
result: 1.0
power_upto_now: 0.42533937096595764

222th run
original u-statistic:8.847321510314941
p value proxy: 0.003322259057313204
result: 1.0
power_upto_now: 0.4279279410839081

223th run
original u-statistic:2.9042563438415527
p value proxy: 0.1395348757505417
result: 0.0
power_upto_now: 0.4260089695453644

224th run
original u-statistic:7.908814430236816
p value proxy: 0.003322259057313204
result: 1.0
power_upto_now: 0.4285714328289032

225th run
original u-statistic:8.363736152648926
p value proxy: 0.006644518114626408
result: 1.0
power_upto_now: 0.43111109733581543

226th run
original u-statistic:0.7782098054885864
p value proxy: 0.3089700937271118
result: 0.0
power_upto_now: 0.4292035400867462

227th run
original u-statistic:5.363531589508057
p value proxy: 0.033222589641809464
result: 1.0
power_upto_now: 0.43171805143356323

228th run
original u-statistic:10.946425437927246
p value proxy: 0.003322259057313204
result: 1.0
power_upto_now: 0.43421053886413574

229th run
original u-statistic:6.736030101776123
p value proxy: 0.013289036229252815
result: 1.0
power_upto_now: 0.43668121099472046

230th run
original u-statistic:-0.6978621482849121
p value proxy: 0.5282391905784607
result: 0.0
power_upto_now: 0.43478259444236755

231th run
original u-statistic:0.3750307559967041
p value proxy: 0.37873753905296326
result: 0.0
power_upto_now: 0.43290042877197266

232th run
original u-statistic:-1.3137081861495972
p value proxy: 0.6378737688064575
result: 0.0
power_upto_now: 0.43103447556495667

233th run
original u-statistic:8.547651290893555
p value proxy: 0.009966777637600899
result: 1.0
power_upto_now: 0.43347638845443726

234th run
original u-statistic:4.301801681518555
p value proxy: 0.04318936914205551
result: 1.0
power_upto_now: 0.43589743971824646

235th run
original u-statistic:15.085379600524902
p value proxy: 0.003322259057313204
result: 1.0
power_upto_now: 0.4382978677749634

236th run
original u-statistic:2.738786458969116
p value proxy: 0.11627906560897827
result: 0.0
power_upto_now: 0.43644067645072937

237th run
original u-statistic:3.475780487060547
p value proxy: 0.06644517928361893
result: 0.0
power_upto_now: 0.4345991611480713

238th run
original u-statistic:2.788748025894165
p value proxy: 0.1229235827922821
result: 0.0
power_upto_now: 0.4327731132507324

239th run
original u-statistic:4.674926280975342
p value proxy: 0.029900331050157547
result: 1.0
power_upto_now: 0.4351464509963989

240th run
original u-statistic:2.1261210441589355
p value proxy: 0.16943521797657013
result: 0.0
power_upto_now: 0.4333333373069763

241th run
original u-statistic:1.8913573026657104
p value proxy: 0.1860465109348297
result: 0.0
power_upto_now: 0.4315352737903595

242th run
original u-statistic:0.7172459363937378
p value proxy: 0.29568105936050415
result: 0.0
power_upto_now: 0.42975205183029175

243th run
original u-statistic:1.3496261835098267
p value proxy: 0.2225913554430008
result: 0.0
power_upto_now: 0.4279835522174835

244th run
original u-statistic:11.941394805908203
p value proxy: 0.003322259057313204
result: 1.0
power_upto_now: 0.4303278625011444

245th run
original u-statistic:4.267104148864746
p value proxy: 0.02657807245850563
result: 1.0
power_upto_now: 0.4326530694961548

246th run
original u-statistic:6.286435127258301
p value proxy: 0.016611294820904732
result: 1.0
power_upto_now: 0.434959352016449

247th run
original u-statistic:3.0936174392700195
p value proxy: 0.09302325546741486
result: 0.0
power_upto_now: 0.43319839239120483

248th run
original u-statistic:12.054810523986816
p value proxy: 0.003322259057313204
result: 1.0
power_upto_now: 0.4354838728904724

249th run
original u-statistic:1.3561545610427856
p value proxy: 0.24916942417621613
result: 0.0
power_upto_now: 0.4337349534034729

250th run
original u-statistic:1.7924439907073975
p value proxy: 0.21262457966804504
result: 0.0
power_upto_now: 0.4320000112056732

251th run
original u-statistic:4.237015724182129
p value proxy: 0.05647840350866318
result: 0.0
power_upto_now: 0.4302788972854614

252th run
original u-statistic:0.10479065030813217
p value proxy: 0.41528236865997314
result: 0.0
power_upto_now: 0.4285714328289032

253th run
original u-statistic:0.44109758734703064
p value proxy: 0.4053156077861786
result: 0.0
power_upto_now: 0.4268774688243866

254th run
original u-statistic:-0.496066153049469
p value proxy: 0.5780730843544006
result: 0.0
power_upto_now: 0.4251968562602997

255th run
original u-statistic:1.1543567180633545
p value proxy: 0.24916942417621613
result: 0.0
power_upto_now: 0.42352941632270813

256th run
original u-statistic:1.4840790033340454
p value proxy: 0.2691029906272888
result: 0.0
power_upto_now: 0.421875

257th run
original u-statistic:6.847146511077881
p value proxy: 0.023255813866853714
result: 1.0
power_upto_now: 0.42412450909614563

258th run
original u-statistic:2.7056400775909424
p value proxy: 0.12624584138393402
result: 0.0
power_upto_now: 0.42248061299324036

259th run
original u-statistic:4.055515289306641
p value proxy: 0.06644517928361893
result: 0.0
power_upto_now: 0.42084941267967224

260th run
original u-statistic:3.5576364994049072
p value proxy: 0.07641195505857468
result: 0.0
power_upto_now: 0.41923075914382935

261th run
original u-statistic:9.103545188903809
p value proxy: 0.003322259057313204
result: 1.0
power_upto_now: 0.4214559495449066

262th run
original u-statistic:6.241012096405029
p value proxy: 0.009966777637600899
result: 1.0
power_upto_now: 0.4236641228199005

263th run
original u-statistic:10.131476402282715
p value proxy: 0.003322259057313204
result: 1.0
power_upto_now: 0.42585551738739014

264th run
original u-statistic:4.398359775543213
p value proxy: 0.06976743787527084
result: 0.0
power_upto_now: 0.42424243688583374

265th run
original u-statistic:4.432839870452881
p value proxy: 0.03654484823346138
result: 1.0
power_upto_now: 0.4264150857925415

266th run
original u-statistic:2.2595431804656982
p value proxy: 0.13289035856723785
result: 0.0
power_upto_now: 0.4248120188713074

267th run
original u-statistic:8.67957592010498
p value proxy: 0.003322259057313204
result: 1.0
power_upto_now: 0.42696627974510193

268th run
original u-statistic:3.7390530109405518
p value proxy: 0.06644517928361893
result: 0.0
power_upto_now: 0.4253731369972229

269th run
original u-statistic:6.044544696807861
p value proxy: 0.013289036229252815
result: 1.0
power_upto_now: 0.4275093078613281

270th run
original u-statistic:1.6130003929138184
p value proxy: 0.2458471655845642
result: 0.0
power_upto_now: 0.42592594027519226

271th run
original u-statistic:8.227945327758789
p value proxy: 0.009966777637600899
result: 1.0
power_upto_now: 0.42804428935050964

272th run
original u-statistic:9.950573921203613
p value proxy: 0.006644518114626408
result: 1.0
power_upto_now: 0.43014705181121826

273th run
original u-statistic:14.228930473327637
p value proxy: 0.003322259057313204
result: 1.0
power_upto_now: 0.43223443627357483

274th run
original u-statistic:1.402243971824646
p value proxy: 0.21926909685134888
result: 0.0
power_upto_now: 0.43065693974494934

275th run
original u-statistic:0.5672973990440369
p value proxy: 0.33554816246032715
result: 0.0
power_upto_now: 0.4290909171104431

276th run
original u-statistic:0.704517126083374
p value proxy: 0.3455149531364441
result: 0.0
power_upto_now: 0.4275362193584442

277th run
original u-statistic:2.7915897369384766
p value proxy: 0.12956809997558594
result: 0.0
power_upto_now: 0.42599278688430786

278th run
original u-statistic:5.433611869812012
p value proxy: 0.029900331050157547
result: 1.0
power_upto_now: 0.42805755138397217

279th run
original u-statistic:8.680071830749512
p value proxy: 0.006644518114626408
result: 1.0
power_upto_now: 0.4301075339317322

280th run
original u-statistic:5.704333782196045
p value proxy: 0.033222589641809464
result: 1.0
power_upto_now: 0.43214285373687744

281th run
original u-statistic:2.321542263031006
p value proxy: 0.15282391011714935
result: 0.0
power_upto_now: 0.4306049942970276

282th run
original u-statistic:0.19875912368297577
p value proxy: 0.382059782743454
result: 0.0
power_upto_now: 0.42907801270484924

283th run
original u-statistic:0.35310396552085876
p value proxy: 0.41528236865997314
result: 0.0
power_upto_now: 0.42756184935569763

284th run
original u-statistic:9.756438255310059
p value proxy: 0.003322259057313204
result: 1.0
power_upto_now: 0.42957746982574463

285th run
original u-statistic:-1.473653793334961
p value proxy: 0.6976743936538696
result: 0.0
power_upto_now: 0.42807018756866455

286th run
original u-statistic:13.622267723083496
p value proxy: 0.003322259057313204
result: 1.0
power_upto_now: 0.4300699234008789

287th run
original u-statistic:4.525963306427002
p value proxy: 0.06312292069196701
result: 0.0
power_upto_now: 0.4285714328289032

288th run
original u-statistic:1.0852454900741577
p value proxy: 0.23255813121795654
result: 0.0
power_upto_now: 0.4270833432674408

289th run
original u-statistic:-0.9796300530433655
p value proxy: 0.6411960124969482
result: 0.0
power_upto_now: 0.42560553550720215

290th run
original u-statistic:2.9149670600891113
p value proxy: 0.10631228983402252
result: 0.0
power_upto_now: 0.4241379201412201

291th run
original u-statistic:-2.4292829036712646
p value proxy: 0.8538205623626709
result: 0.0
power_upto_now: 0.42268040776252747

292th run
original u-statistic:2.185842752456665
p value proxy: 0.15946844220161438
result: 0.0
power_upto_now: 0.4212328791618347

293th run
original u-statistic:4.107831001281738
p value proxy: 0.039867110550403595
result: 1.0
power_upto_now: 0.42320817708969116

294th run
original u-statistic:-2.1318790912628174
p value proxy: 0.8571428656578064
result: 0.0
power_upto_now: 0.4217686951160431

295th run
original u-statistic:2.516263961791992
p value proxy: 0.1661129593849182
result: 0.0
power_upto_now: 0.4203389883041382

296th run
original u-statistic:2.380906343460083
p value proxy: 0.17607973515987396
result: 0.0
power_upto_now: 0.4189189076423645

297th run
original u-statistic:-1.2052274942398071
p value proxy: 0.674418568611145
result: 0.0
power_upto_now: 0.41750842332839966

298th run
original u-statistic:5.865662574768066
p value proxy: 0.013289036229252815
result: 1.0
power_upto_now: 0.4194630980491638

299th run
original u-statistic:4.47581148147583
p value proxy: 0.049833886325359344
result: 1.0
power_upto_now: 0.4214046895503998

300th run
original u-statistic:1.489222764968872
p value proxy: 0.21926909685134888
result: 0.0
power_upto_now: 0.41999998688697815

301th run
original u-statistic:0.49973946809768677
p value proxy: 0.37873753905296326
result: 0.0
power_upto_now: 0.41860464215278625

302th run
original u-statistic:1.5287842750549316
p value proxy: 0.22923587262630463
result: 0.0
power_upto_now: 0.41721853613853455

303th run
original u-statistic:13.318845748901367
p value proxy: 0.003322259057313204
result: 1.0
power_upto_now: 0.4191419184207916

304th run
original u-statistic:2.3426530361175537
p value proxy: 0.1827242523431778
result: 0.0
power_upto_now: 0.4177631437778473

305th run
original u-statistic:-0.7590292692184448
p value proxy: 0.5581395030021667
result: 0.0
power_upto_now: 0.4163934290409088

306th run
original u-statistic:0.7555367350578308
p value proxy: 0.3056478202342987
result: 0.0
power_upto_now: 0.41503268480300903

307th run
original u-statistic:7.180511951446533
p value proxy: 0.009966777637600899
result: 1.0
power_upto_now: 0.41693809628486633

308th run
original u-statistic:3.123642921447754
p value proxy: 0.07641195505857468
result: 0.0
power_upto_now: 0.41558441519737244

309th run
original u-statistic:9.986661911010742
p value proxy: 0.009966777637600899
result: 1.0
power_upto_now: 0.41747573018074036

310th run
original u-statistic:-0.5081477761268616
p value proxy: 0.5215946435928345
result: 0.0
power_upto_now: 0.4161290228366852

311th run
original u-statistic:10.541420936584473
p value proxy: 0.003322259057313204
result: 1.0
power_upto_now: 0.41800642013549805

312th run
original u-statistic:2.310304880142212
p value proxy: 0.1428571343421936
result: 0.0
power_upto_now: 0.4166666567325592

313th run
original u-statistic:3.06058669090271
p value proxy: 0.11295680701732635
result: 0.0
power_upto_now: 0.415335476398468

314th run
original u-statistic:6.905167579650879
p value proxy: 0.016611294820904732
result: 1.0
power_upto_now: 0.41719746589660645

315th run
original u-statistic:1.1616941690444946
p value proxy: 0.2591361999511719
result: 0.0
power_upto_now: 0.4158730208873749

316th run
original u-statistic:3.161801815032959
p value proxy: 0.13621261715888977
result: 0.0
power_upto_now: 0.41455695033073425

317th run
original u-statistic:2.6470401287078857
p value proxy: 0.12624584138393402
result: 0.0
power_upto_now: 0.4132492244243622

318th run
original u-statistic:2.6803479194641113
p value proxy: 0.10631228983402252
result: 0.0
power_upto_now: 0.41194969415664673

319th run
original u-statistic:0.5312013626098633
p value proxy: 0.35880398750305176
result: 0.0
power_upto_now: 0.4106582999229431

320th run
original u-statistic:-0.720014750957489
p value proxy: 0.6212624311447144
result: 0.0
power_upto_now: 0.40937501192092896

321th run
original u-statistic:18.278186798095703
p value proxy: 0.003322259057313204
result: 1.0
power_upto_now: 0.4112149477005005

322th run
original u-statistic:5.929600238800049
p value proxy: 0.023255813866853714
result: 1.0
power_upto_now: 0.41304346919059753

323th run
original u-statistic:4.300833702087402
p value proxy: 0.049833886325359344
result: 1.0
power_upto_now: 0.41486069560050964

324th run
original u-statistic:9.333661079406738
p value proxy: 0.006644518114626408
result: 1.0
power_upto_now: 0.4166666567325592

325th run
original u-statistic:-0.2555030286312103
p value proxy: 0.4850498139858246
result: 0.0
power_upto_now: 0.4153846204280853

326th run
original u-statistic:2.7754714488983154
p value proxy: 0.09966777265071869
result: 0.0
power_upto_now: 0.4141104221343994

327th run
original u-statistic:3.678347110748291
p value proxy: 0.05315614491701126
result: 0.0
power_upto_now: 0.4128440320491791

328th run
original u-statistic:0.4856647551059723
p value proxy: 0.3687707483768463
result: 0.0
power_upto_now: 0.41158536076545715

329th run
original u-statistic:1.1904276609420776
p value proxy: 0.2691029906272888
result: 0.0
power_upto_now: 0.41033434867858887

330th run
original u-statistic:0.5785326361656189
p value proxy: 0.342192679643631
result: 0.0
power_upto_now: 0.40909090638160706

331th run
original u-statistic:8.643428802490234
p value proxy: 0.006644518114626408
result: 1.0
power_upto_now: 0.4108761250972748

332th run
original u-statistic:2.311777114868164
p value proxy: 0.15946844220161438
result: 0.0
power_upto_now: 0.40963855385780334

333th run
original u-statistic:6.757932662963867
p value proxy: 0.016611294820904732
result: 1.0
power_upto_now: 0.4114114046096802

334th run
original u-statistic:3.447035074234009
p value proxy: 0.06976743787527084
result: 0.0
power_upto_now: 0.41017964482307434

335th run
original u-statistic:3.3070998191833496
p value proxy: 0.059800662100315094
result: 0.0
power_upto_now: 0.4089552164077759

336th run
original u-statistic:4.712167739868164
p value proxy: 0.029900331050157547
result: 1.0
power_upto_now: 0.4107142984867096

337th run
original u-statistic:9.013769149780273
p value proxy: 0.003322259057313204
result: 1.0
power_upto_now: 0.41246291995048523

338th run
original u-statistic:13.290271759033203
p value proxy: 0.003322259057313204
result: 1.0
power_upto_now: 0.41420117020606995

339th run
original u-statistic:5.0598554611206055
p value proxy: 0.04318936914205551
result: 1.0
power_upto_now: 0.4159291982650757

340th run
original u-statistic:-0.3389361500740051
p value proxy: 0.47840529680252075
result: 0.0
power_upto_now: 0.41470587253570557

341th run
original u-statistic:-1.0025705099105835
p value proxy: 0.684385359287262
result: 0.0
power_upto_now: 0.4134897291660309

342th run
original u-statistic:4.696626663208008
p value proxy: 0.049833886325359344
result: 1.0
power_upto_now: 0.4152046740055084

343th run
original u-statistic:2.7885777950286865
p value proxy: 0.15614616870880127
result: 0.0
power_upto_now: 0.413994163274765

344th run
original u-statistic:5.5780415534973145
p value proxy: 0.023255813866853714
result: 1.0
power_upto_now: 0.4156976640224457

345th run
original u-statistic:0.5653185248374939
p value proxy: 0.31229233741760254
result: 0.0
power_upto_now: 0.41449275612831116

346th run
original u-statistic:3.8791701793670654
p value proxy: 0.0830564796924591
result: 0.0
power_upto_now: 0.41329479217529297

347th run
original u-statistic:4.618400573730469
p value proxy: 0.04651162773370743
result: 1.0
power_upto_now: 0.4149855971336365

348th run
original u-statistic:2.1897902488708496
p value proxy: 0.14617939293384552
result: 0.0
power_upto_now: 0.4137931168079376

349th run
original u-statistic:-0.1752464771270752
p value proxy: 0.41528236865997314
result: 0.0
power_upto_now: 0.41260746121406555

350th run
original u-statistic:5.5295891761779785
p value proxy: 0.04651162773370743
result: 1.0
power_upto_now: 0.41428571939468384

351th run
original u-statistic:1.5721830129623413
p value proxy: 0.19933554530143738
result: 0.0
power_upto_now: 0.41310539841651917

352th run
original u-statistic:6.143082618713379
p value proxy: 0.006644518114626408
result: 1.0
power_upto_now: 0.41477271914482117

353th run
original u-statistic:2.17901611328125
p value proxy: 0.2059800624847412
result: 0.0
power_upto_now: 0.4135977327823639

354th run
original u-statistic:5.859579563140869
p value proxy: 0.02657807245850563
result: 1.0
power_upto_now: 0.41525423526763916

355th run
original u-statistic:4.901392936706543
p value proxy: 0.05647840350866318
result: 0.0
power_upto_now: 0.4140844941139221

356th run
original u-statistic:3.4673714637756348
p value proxy: 0.1029900312423706
result: 0.0
power_upto_now: 0.41292133927345276

357th run
original u-statistic:3.8650200366973877
p value proxy: 0.09634551405906677
result: 0.0
power_upto_now: 0.4117647111415863

358th run
original u-statistic:9.476775169372559
p value proxy: 0.003322259057313204
result: 1.0
power_upto_now: 0.4134078323841095

359th run
original u-statistic:3.3159172534942627
p value proxy: 0.09966777265071869
result: 0.0
power_upto_now: 0.41225627064704895

360th run
original u-statistic:1.8775839805603027
p value proxy: 0.21262457966804504
result: 0.0
power_upto_now: 0.41111111640930176

361th run
original u-statistic:2.860670328140259
p value proxy: 0.09966777265071869
result: 0.0
power_upto_now: 0.40997231006622314

362th run
original u-statistic:8.393012046813965
p value proxy: 0.006644518114626408
result: 1.0
power_upto_now: 0.4116021990776062

363th run
original u-statistic:1.121344804763794
p value proxy: 0.3089700937271118
result: 0.0
power_upto_now: 0.41046831011772156

364th run
original u-statistic:10.23609447479248
p value proxy: 0.003322259057313204
result: 1.0
power_upto_now: 0.41208791732788086

365th run
original u-statistic:6.690828800201416
p value proxy: 0.013289036229252815
result: 1.0
power_upto_now: 0.41369864344596863

366th run
original u-statistic:3.842571496963501
p value proxy: 0.08637873828411102
result: 0.0
power_upto_now: 0.4125683009624481

367th run
original u-statistic:3.231353759765625
p value proxy: 0.09634551405906677
result: 0.0
power_upto_now: 0.41144412755966187

368th run
original u-statistic:3.519315242767334
p value proxy: 0.12624584138393402
result: 0.0
power_upto_now: 0.4103260934352875

369th run
original u-statistic:3.804154872894287
p value proxy: 0.049833886325359344
result: 1.0
power_upto_now: 0.4119241237640381

370th run
original u-statistic:3.308222770690918
p value proxy: 0.05647840350866318
result: 0.0
power_upto_now: 0.41081079840660095

371th run
original u-statistic:1.4040101766586304
p value proxy: 0.27242523431777954
result: 0.0
power_upto_now: 0.40970349311828613

372th run
original u-statistic:4.176883697509766
p value proxy: 0.05315614491701126
result: 0.0
power_upto_now: 0.40860214829444885

373th run
original u-statistic:3.932270050048828
p value proxy: 0.05315614491701126
result: 0.0
power_upto_now: 0.40750670433044434

374th run
original u-statistic:2.0093190670013428
p value proxy: 0.15946844220161438
result: 0.0
power_upto_now: 0.4064171016216278

375th run
original u-statistic:-0.022918865084648132
p value proxy: 0.4451827108860016
result: 0.0
power_upto_now: 0.40533334016799927

376th run
original u-statistic:4.359722137451172
p value proxy: 0.029900331050157547
result: 1.0
power_upto_now: 0.4069148898124695

377th run
original u-statistic:4.455743789672852
p value proxy: 0.04318936914205551
result: 1.0
power_upto_now: 0.40848806500434875

378th run
original u-statistic:4.4812445640563965
p value proxy: 0.06976743787527084
result: 0.0
power_upto_now: 0.40740740299224854

379th run
original u-statistic:4.05743408203125
p value proxy: 0.05315614491701126
result: 0.0
power_upto_now: 0.40633246302604675

380th run
original u-statistic:3.8708038330078125
p value proxy: 0.07641195505857468
result: 0.0
power_upto_now: 0.40526315569877625

381th run
original u-statistic:9.45626449584961
p value proxy: 0.006644518114626408
result: 1.0
power_upto_now: 0.40682414174079895

382th run
original u-statistic:4.394066333770752
p value proxy: 0.06976743787527084
result: 0.0
power_upto_now: 0.40575915575027466

383th run
original u-statistic:-0.25899946689605713
p value proxy: 0.45847174525260925
result: 0.0
power_upto_now: 0.40469974279403687

384th run
original u-statistic:-0.3293086588382721
p value proxy: 0.48172757029533386
result: 0.0
power_upto_now: 0.4036458432674408

385th run
original u-statistic:6.584559440612793
p value proxy: 0.033222589641809464
result: 1.0
power_upto_now: 0.40519481897354126

386th run
original u-statistic:2.684840440750122
p value proxy: 0.11960132420063019
result: 0.0
power_upto_now: 0.40414509177207947

387th run
original u-statistic:7.51719331741333
p value proxy: 0.009966777637600899
result: 1.0
power_upto_now: 0.40568476915359497

388th run
original u-statistic:13.935260772705078
p value proxy: 0.003322259057313204
result: 1.0
power_upto_now: 0.40721648931503296

389th run
original u-statistic:4.936255931854248
p value proxy: 0.049833886325359344
result: 1.0
power_upto_now: 0.408740371465683

390th run
original u-statistic:1.7775862216949463
p value proxy: 0.23920264840126038
result: 0.0
power_upto_now: 0.4076923131942749

391th run
original u-statistic:14.032880783081055
p value proxy: 0.003322259057313204
result: 1.0
power_upto_now: 0.40920716524124146

392th run
original u-statistic:-1.7015440464019775
p value proxy: 0.7807309031486511
result: 0.0
power_upto_now: 0.40816327929496765

393th run
original u-statistic:3.4707326889038086
p value proxy: 0.059800662100315094
result: 0.0
power_upto_now: 0.40712466835975647

394th run
original u-statistic:1.1301827430725098
p value proxy: 0.31893688440322876
result: 0.0
power_upto_now: 0.4060913622379303

395th run
original u-statistic:4.233832359313965
p value proxy: 0.039867110550403595
result: 1.0
power_upto_now: 0.4075949490070343

396th run
original u-statistic:1.69769287109375
p value proxy: 0.2059800624847412
result: 0.0
power_upto_now: 0.40656566619873047

397th run
original u-statistic:0.34915393590927124
p value proxy: 0.37873753905296326
result: 0.0
power_upto_now: 0.4055415689945221

398th run
original u-statistic:7.016343116760254
p value proxy: 0.023255813866853714
result: 1.0
power_upto_now: 0.4070351719856262

399th run
original u-statistic:-3.4533791542053223
p value proxy: 0.9734219312667847
result: 0.0
power_upto_now: 0.4060150384902954

400th run
original u-statistic:5.280780792236328
p value proxy: 0.013289036229252815
result: 1.0
power_upto_now: 0.4074999988079071

401th run
original u-statistic:1.5766754150390625
p value proxy: 0.21262457966804504
result: 0.0
power_upto_now: 0.40648379921913147

402th run
original u-statistic:2.061737060546875
p value proxy: 0.1860465109348297
result: 0.0
power_upto_now: 0.40547263622283936

403th run
original u-statistic:5.294759273529053
p value proxy: 0.029900331050157547
result: 1.0
power_upto_now: 0.40694788098335266

404th run
original u-statistic:5.727927207946777
p value proxy: 0.006644518114626408
result: 1.0
power_upto_now: 0.40841585397720337

405th run
original u-statistic:7.890613079071045
p value proxy: 0.006644518114626408
result: 1.0
power_upto_now: 0.4098765552043915

406th run
original u-statistic:8.532275199890137
p value proxy: 0.006644518114626408
result: 1.0
power_upto_now: 0.41133004426956177

407th run
original u-statistic:0.3878384232521057
p value proxy: 0.3720930218696594
result: 0.0
power_upto_now: 0.41031941771507263

408th run
original u-statistic:1.593989372253418
p value proxy: 0.2026578038930893
result: 0.0
power_upto_now: 0.40931373834609985

409th run
original u-statistic:9.300251960754395
p value proxy: 0.003322259057313204
result: 1.0
power_upto_now: 0.41075795888900757

410th run
original u-statistic:3.0142974853515625
p value proxy: 0.1229235827922821
result: 0.0
power_upto_now: 0.4097560942173004

411th run
original u-statistic:0.7835447788238525
p value proxy: 0.3056478202342987
result: 0.0
power_upto_now: 0.40875911712646484

412th run
original u-statistic:6.254764080047607
p value proxy: 0.029900331050157547
result: 1.0
power_upto_now: 0.41019418835639954

413th run
original u-statistic:5.730462551116943
p value proxy: 0.016611294820904732
result: 1.0
power_upto_now: 0.4116222858428955

414th run
original u-statistic:2.966320276260376
p value proxy: 0.07308969646692276
result: 0.0
power_upto_now: 0.4106280207633972

415th run
original u-statistic:3.595674991607666
p value proxy: 0.059800662100315094
result: 0.0
power_upto_now: 0.40963855385780334

416th run
original u-statistic:10.937702178955078
p value proxy: 0.003322259057313204
result: 1.0
power_upto_now: 0.4110576808452606

417th run
original u-statistic:3.4015777111053467
p value proxy: 0.07641195505857468
result: 0.0
power_upto_now: 0.4100719392299652

418th run
original u-statistic:2.7579619884490967
p value proxy: 0.11295680701732635
result: 0.0
power_upto_now: 0.40909090638160706

419th run
original u-statistic:2.915778875350952
p value proxy: 0.08637873828411102
result: 0.0
power_upto_now: 0.40811455249786377

420th run
original u-statistic:1.8991076946258545
p value proxy: 0.22923587262630463
result: 0.0
power_upto_now: 0.40714284777641296

421th run
original u-statistic:3.0774450302124023
p value proxy: 0.09302325546741486
result: 0.0
power_upto_now: 0.40617576241493225

422th run
original u-statistic:4.377703666687012
p value proxy: 0.05647840350866318
result: 0.0
power_upto_now: 0.40521326661109924

423th run
original u-statistic:7.5379838943481445
p value proxy: 0.006644518114626408
result: 1.0
power_upto_now: 0.4066193997859955

424th run
original u-statistic:3.308084011077881
p value proxy: 0.09634551405906677
result: 0.0
power_upto_now: 0.40566039085388184

425th run
original u-statistic:4.072320461273193
p value proxy: 0.059800662100315094
result: 0.0
power_upto_now: 0.40470588207244873

426th run
original u-statistic:7.991547584533691
p value proxy: 0.009966777637600899
result: 1.0
power_upto_now: 0.4061032831668854

427th run
original u-statistic:1.617214560508728
p value proxy: 0.23588038980960846
result: 0.0
power_upto_now: 0.40515223145484924

428th run
original u-statistic:1.3170500993728638
p value proxy: 0.24916942417621613
result: 0.0
power_upto_now: 0.4042056202888489

429th run
original u-statistic:5.223898887634277
p value proxy: 0.04651162773370743
result: 1.0
power_upto_now: 0.4055944085121155

430th run
original u-statistic:1.42459237575531
p value proxy: 0.21262457966804504
result: 0.0
power_upto_now: 0.4046511650085449

431th run
original u-statistic:2.439795732498169
p value proxy: 0.13289035856723785
result: 0.0
power_upto_now: 0.40371230244636536

432th run
original u-statistic:8.251298904418945
p value proxy: 0.006644518114626408
result: 1.0
power_upto_now: 0.40509259700775146

433th run
original u-statistic:4.4508514404296875
p value proxy: 0.03654484823346138
result: 1.0
power_upto_now: 0.4064665138721466

434th run
original u-statistic:5.913607120513916
p value proxy: 0.019933555275201797
result: 1.0
power_upto_now: 0.40783411264419556

435th run
original u-statistic:2.850126266479492
p value proxy: 0.11295680701732635
result: 0.0
power_upto_now: 0.40689656138420105

436th run
original u-statistic:2.5081946849823
p value proxy: 0.15614616870880127
result: 0.0
power_upto_now: 0.40596330165863037

437th run
original u-statistic:18.683895111083984
p value proxy: 0.003322259057313204
result: 1.0
power_upto_now: 0.40732264518737793

438th run
original u-statistic:7.169071674346924
p value proxy: 0.013289036229252815
result: 1.0
power_upto_now: 0.40867578983306885

439th run
original u-statistic:6.407515048980713
p value proxy: 0.006644518114626408
result: 1.0
power_upto_now: 0.4100227653980255

440th run
original u-statistic:2.4840283393859863
p value proxy: 0.09302325546741486
result: 0.0
power_upto_now: 0.40909090638160706

441th run
original u-statistic:4.497651100158691
p value proxy: 0.05315614491701126
result: 0.0
power_upto_now: 0.40816327929496765

442th run
original u-statistic:8.570244789123535
p value proxy: 0.006644518114626408
result: 1.0
power_upto_now: 0.4095022678375244

443th run
original u-statistic:0.601347029209137
p value proxy: 0.33887043595314026
result: 0.0
power_upto_now: 0.40857788920402527

444th run
original u-statistic:4.884407997131348
p value proxy: 0.059800662100315094
result: 0.0
power_upto_now: 0.407657653093338

445th run
original u-statistic:2.930878162384033
p value proxy: 0.10963454842567444
result: 0.0
power_upto_now: 0.40674155950546265

446th run
original u-statistic:9.461027145385742
p value proxy: 0.003322259057313204
result: 1.0
power_upto_now: 0.40807175636291504

447th run
original u-statistic:7.461852550506592
p value proxy: 0.006644518114626408
result: 1.0
power_upto_now: 0.4093959629535675

448th run
original u-statistic:5.22055196762085
p value proxy: 0.04318936914205551
result: 1.0
power_upto_now: 0.4107142984867096

449th run
original u-statistic:10.738757133483887
p value proxy: 0.003322259057313204
result: 1.0
power_upto_now: 0.4120267331600189

450th run
original u-statistic:0.4085356891155243
p value proxy: 0.4252491593360901
result: 0.0
power_upto_now: 0.41111111640930176

451th run
original u-statistic:3.006087303161621
p value proxy: 0.09634551405906677
result: 0.0
power_upto_now: 0.4101995527744293

452th run
original u-statistic:6.785495281219482
p value proxy: 0.003322259057313204
result: 1.0
power_upto_now: 0.4115044176578522

453th run
original u-statistic:2.298201084136963
p value proxy: 0.15614616870880127
result: 0.0
power_upto_now: 0.41059601306915283

454th run
original u-statistic:4.238874912261963
p value proxy: 0.07973422110080719
result: 0.0
power_upto_now: 0.40969163179397583

455th run
original u-statistic:4.488293170928955
p value proxy: 0.029900331050157547
result: 1.0
power_upto_now: 0.41098901629447937

456th run
original u-statistic:7.530281066894531
p value proxy: 0.003322259057313204
result: 1.0
power_upto_now: 0.41228070855140686

457th run
original u-statistic:9.868393898010254
p value proxy: 0.009966777637600899
result: 1.0
power_upto_now: 0.4135667383670807

458th run
original u-statistic:9.565104484558105
p value proxy: 0.003322259057313204
result: 1.0
power_upto_now: 0.41484716534614563

459th run
original u-statistic:6.312459945678711
p value proxy: 0.019933555275201797
result: 1.0
power_upto_now: 0.4161219894886017

460th run
original u-statistic:0.5684216618537903
p value proxy: 0.2890365421772003
result: 0.0
power_upto_now: 0.41521739959716797

461th run
original u-statistic:1.3676151037216187
p value proxy: 0.2823920249938965
result: 0.0
power_upto_now: 0.41431671380996704

462th run
original u-statistic:2.5591578483581543
p value proxy: 0.1428571343421936
result: 0.0
power_upto_now: 0.4134199023246765

463th run
original u-statistic:2.7278592586517334
p value proxy: 0.09634551405906677
result: 0.0
power_upto_now: 0.4125269949436188

464th run
original u-statistic:2.198042392730713
p value proxy: 0.17275747656822205
result: 0.0
power_upto_now: 0.41163793206214905

465th run
original u-statistic:0.6888957023620605
p value proxy: 0.3621262311935425
result: 0.0
power_upto_now: 0.41075268387794495

466th run
original u-statistic:9.006242752075195
p value proxy: 0.006644518114626408
result: 1.0
power_upto_now: 0.41201716661453247

467th run
original u-statistic:2.2267026901245117
p value proxy: 0.1661129593849182
result: 0.0
power_upto_now: 0.41113489866256714

468th run
original u-statistic:-1.9457389116287231
p value proxy: 0.7840531468391418
result: 0.0
power_upto_now: 0.41025641560554504

469th run
original u-statistic:3.5636534690856934
p value proxy: 0.06976743787527084
result: 0.0
power_upto_now: 0.4093816578388214

470th run
original u-statistic:-0.7134311199188232
p value proxy: 0.5614618062973022
result: 0.0
power_upto_now: 0.40851062536239624

471th run
original u-statistic:3.703677177429199
p value proxy: 0.059800662100315094
result: 0.0
power_upto_now: 0.40764331817626953

472th run
original u-statistic:8.033820152282715
p value proxy: 0.003322259057313204
result: 1.0
power_upto_now: 0.4088982939720154

473th run
original u-statistic:2.341491460800171
p value proxy: 0.2059800624847412
result: 0.0
power_upto_now: 0.4080338180065155

474th run
original u-statistic:-2.588099718093872
p value proxy: 0.9102990031242371
result: 0.0
power_upto_now: 0.4071730077266693

475th run
original u-statistic:7.561656951904297
p value proxy: 0.009966777637600899
result: 1.0
power_upto_now: 0.40842103958129883

476th run
original u-statistic:5.226629257202148
p value proxy: 0.016611294820904732
result: 1.0
power_upto_now: 0.4096638560295105

477th run
original u-statistic:0.3375813066959381
p value proxy: 0.39534881711006165
result: 0.0
power_upto_now: 0.4088050425052643

478th run
original u-statistic:5.393507480621338
p value proxy: 0.02657807245850563
result: 1.0
power_upto_now: 0.41004183888435364

479th run
original u-statistic:5.96669864654541
p value proxy: 0.02657807245850563
result: 1.0
power_upto_now: 0.4112734794616699

480th run
original u-statistic:3.3026621341705322
p value proxy: 0.09634551405906677
result: 0.0
power_upto_now: 0.4104166626930237

481th run
original u-statistic:1.4170043468475342
p value proxy: 0.23920264840126038
result: 0.0
power_upto_now: 0.40956342220306396

482th run
original u-statistic:-1.5245212316513062
p value proxy: 0.684385359287262
result: 0.0
power_upto_now: 0.408713698387146

483th run
original u-statistic:2.030190944671631
p value proxy: 0.2059800624847412
result: 0.0
power_upto_now: 0.4078674912452698

484th run
original u-statistic:2.741179943084717
p value proxy: 0.12624584138393402
result: 0.0
power_upto_now: 0.4070248007774353

485th run
original u-statistic:7.439882278442383
p value proxy: 0.016611294820904732
result: 1.0
power_upto_now: 0.4082474112510681

486th run
original u-statistic:12.70199966430664
p value proxy: 0.003322259057313204
result: 1.0
power_upto_now: 0.4094650149345398

487th run
original u-statistic:6.870353698730469
p value proxy: 0.006644518114626408
result: 1.0
power_upto_now: 0.41067761182785034

488th run
original u-statistic:2.978180170059204
p value proxy: 0.1229235827922821
result: 0.0
power_upto_now: 0.4098360538482666

489th run
original u-statistic:3.1591014862060547
p value proxy: 0.09634551405906677
result: 0.0
power_upto_now: 0.40899795293807983

490th run
original u-statistic:7.231393337249756
p value proxy: 0.013289036229252815
result: 1.0
power_upto_now: 0.41020408272743225

491th run
original u-statistic:6.110828876495361
p value proxy: 0.013289036229252815
result: 1.0
power_upto_now: 0.4114052951335907

492th run
original u-statistic:3.5482842922210693
p value proxy: 0.07308969646692276
result: 0.0
power_upto_now: 0.41056910157203674

493th run
original u-statistic:0.8032345175743103
p value proxy: 0.342192679643631
result: 0.0
power_upto_now: 0.409736305475235

494th run
original u-statistic:11.138079643249512
p value proxy: 0.003322259057313204
result: 1.0
power_upto_now: 0.41093116998672485

495th run
original u-statistic:3.363680124282837
p value proxy: 0.06644517928361893
result: 0.0
power_upto_now: 0.4101009964942932

496th run
original u-statistic:2.22705078125
p value proxy: 0.1627907007932663
result: 0.0
power_upto_now: 0.4092741906642914

497th run
original u-statistic:9.649800300598145
p value proxy: 0.003322259057313204
result: 1.0
power_upto_now: 0.41046276688575745

498th run
original u-statistic:22.873132705688477
p value proxy: 0.003322259057313204
result: 1.0
power_upto_now: 0.4116465747356415

499th run
original u-statistic:-0.5683240294456482
p value proxy: 0.5581395030021667
result: 0.0
power_upto_now: 0.4108216464519501

500th run
original u-statistic:5.935756206512451
p value proxy: 0.033222589641809464
result: 1.0
power_upto_now: 0.41200000047683716
power estimate : 0.41200000047683716
elapsed time: 105143.91833114624
simulation ended at 2022-09-07 18:32:47.250439
206.0
