job started
cuda available: True
code run on device:: cuda:0

simulation started at = 2022-07-09 19:55:19.016191 

n1 = 45000, n2 = 45000,

kappa = 3, alpha = 0.8,

gamma = 0.05, nTests = 500,

B = 300, d = 3

sigma_1
tensor([[1.0000, 0.5000, 0.5000],
        [0.5000, 1.0000, 0.5000],
        [0.5000, 0.5000, 1.0000]], device='cuda:0')
sigma_2
tensor([[5.0000, 2.5000, 2.5000],
        [2.5000, 5.0000, 2.5000],
        [2.5000, 2.5000, 5.0000]], device='cuda:0')

1th run
noise dimension : 27
noise type: discrete
torch.Size([90000, 27])
original u-statistic:0.5552792549133301
p value proxy: 0.003322259057313204
result: 1.0
power_upto_now: 1.0
noise variance: 337.0467834472656
average noise variance upto now: 337.0467834472656

2th run
noise dimension : 27
noise type: discrete
torch.Size([90000, 27])
original u-statistic:0.34360408782958984
p value proxy: 0.006644518114626408
result: 1.0
power_upto_now: 1.0
noise variance: 338.6735534667969
average noise variance upto now: 337.86016845703125

3th run
noise dimension : 27
noise type: discrete
torch.Size([90000, 27])
original u-statistic:0.4716145992279053
p value proxy: 0.003322259057313204
result: 1.0
power_upto_now: 1.0
noise variance: 337.40185546875
average noise variance upto now: 337.7073974609375

4th run
noise dimension : 27
noise type: discrete
torch.Size([90000, 27])
original u-statistic:0.6440629959106445
p value proxy: 0.003322259057313204
result: 1.0
power_upto_now: 1.0
noise variance: 337.5839538574219
average noise variance upto now: 337.6765441894531

5th run
noise dimension : 27
noise type: discrete
torch.Size([90000, 27])
original u-statistic:0.9326293468475342
p value proxy: 0.003322259057313204
result: 1.0
power_upto_now: 1.0
noise variance: 336.99969482421875
average noise variance upto now: 337.54119873046875

6th run
noise dimension : 27
noise type: discrete
torch.Size([90000, 27])
original u-statistic:0.8362557888031006
p value proxy: 0.003322259057313204
result: 1.0
power_upto_now: 1.0
noise variance: 337.4250793457031
average noise variance upto now: 337.5218200683594

7th run
noise dimension : 27
noise type: discrete
torch.Size([90000, 27])
original u-statistic:0.8809676170349121
p value proxy: 0.003322259057313204
result: 1.0
power_upto_now: 1.0
noise variance: 337.75927734375
average noise variance upto now: 337.55572509765625

8th run
noise dimension : 27
noise type: discrete
torch.Size([90000, 27])
original u-statistic:0.8042960166931152
p value proxy: 0.003322259057313204
result: 1.0
power_upto_now: 1.0
noise variance: 337.6545104980469
average noise variance upto now: 337.5680847167969

9th run
noise dimension : 27
noise type: discrete
torch.Size([90000, 27])
original u-statistic:0.5536434650421143
p value proxy: 0.003322259057313204
result: 1.0
power_upto_now: 1.0
noise variance: 337.1356506347656
average noise variance upto now: 337.5200500488281

10th run
noise dimension : 27
noise type: discrete
torch.Size([90000, 27])
original u-statistic:0.7019138336181641
p value proxy: 0.003322259057313204
result: 1.0
power_upto_now: 1.0
noise variance: 337.486083984375
average noise variance upto now: 337.51666259765625

11th run
noise dimension : 27
noise type: discrete
torch.Size([90000, 27])
original u-statistic:0.78952956199646
p value proxy: 0.003322259057313204
result: 1.0
power_upto_now: 1.0
noise variance: 337.9146728515625
average noise variance upto now: 337.5528259277344

12th run
noise dimension : 27
noise type: discrete
torch.Size([90000, 27])
original u-statistic:0.7071130275726318
p value proxy: 0.003322259057313204
result: 1.0
power_upto_now: 1.0
noise variance: 337.16497802734375
average noise variance upto now: 337.5205383300781

13th run
noise dimension : 27
noise type: discrete
torch.Size([90000, 27])
original u-statistic:1.0196235179901123
p value proxy: 0.003322259057313204
result: 1.0
power_upto_now: 1.0
noise variance: 337.8042907714844
average noise variance upto now: 337.5423278808594

14th run
noise dimension : 27
noise type: discrete
torch.Size([90000, 27])
original u-statistic:0.3950927257537842
p value proxy: 0.013289036229252815
result: 1.0
power_upto_now: 1.0
noise variance: 336.9535827636719
average noise variance upto now: 337.5002746582031

15th run
noise dimension : 27
noise type: discrete
torch.Size([90000, 27])
original u-statistic:0.43198466300964355
p value proxy: 0.003322259057313204
result: 1.0
power_upto_now: 1.0
noise variance: 337.1934509277344
average noise variance upto now: 337.4798583984375

16th run
noise dimension : 27
noise type: discrete
torch.Size([90000, 27])
original u-statistic:0.1903858184814453
p value proxy: 0.059800662100315094
result: 0.0
power_upto_now: 0.9375
noise variance: 337.9372253417969
average noise variance upto now: 337.5084228515625

17th run
noise dimension : 27
noise type: discrete
torch.Size([90000, 27])
original u-statistic:0.16809296607971191
p value proxy: 0.06644517928361893
result: 0.0
power_upto_now: 0.8823529481887817
noise variance: 337.1790466308594
average noise variance upto now: 337.489013671875

18th run
noise dimension : 27
noise type: discrete
torch.Size([90000, 27])
original u-statistic:0.6425650119781494
p value proxy: 0.003322259057313204
result: 1.0
power_upto_now: 0.8888888955116272
noise variance: 336.48089599609375
average noise variance upto now: 337.4330139160156

19th run
noise dimension : 27
noise type: discrete
torch.Size([90000, 27])
original u-statistic:0.9076995849609375
p value proxy: 0.003322259057313204
result: 1.0
power_upto_now: 0.8947368264198303
noise variance: 337.6357116699219
average noise variance upto now: 337.4436950683594

20th run
noise dimension : 27
noise type: discrete
torch.Size([90000, 27])
original u-statistic:0.5132849216461182
p value proxy: 0.003322259057313204
result: 1.0
power_upto_now: 0.8999999761581421
noise variance: 337.0671081542969
average noise variance upto now: 337.42486572265625

21th run
noise dimension : 27
noise type: discrete
torch.Size([90000, 27])
original u-statistic:0.7997546195983887
p value proxy: 0.003322259057313204
result: 1.0
power_upto_now: 0.9047619104385376
noise variance: 337.26043701171875
average noise variance upto now: 337.41705322265625

22th run
noise dimension : 27
noise type: discrete
torch.Size([90000, 27])
original u-statistic:0.7089247703552246
p value proxy: 0.003322259057313204
result: 1.0
power_upto_now: 0.9090909361839294
noise variance: 337.21002197265625
average noise variance upto now: 337.40765380859375

23th run
noise dimension : 27
noise type: discrete
torch.Size([90000, 27])
original u-statistic:0.27614808082580566
p value proxy: 0.019933555275201797
result: 1.0
power_upto_now: 0.9130434989929199
noise variance: 336.7324523925781
average noise variance upto now: 337.3782958984375

24th run
noise dimension : 27
noise type: discrete
torch.Size([90000, 27])
original u-statistic:0.636573314666748
p value proxy: 0.003322259057313204
result: 1.0
power_upto_now: 0.9166666865348816
noise variance: 336.3144226074219
average noise variance upto now: 337.3339538574219

25th run
noise dimension : 27
noise type: discrete
torch.Size([90000, 27])
original u-statistic:0.532853364944458
p value proxy: 0.003322259057313204
result: 1.0
power_upto_now: 0.9200000166893005
noise variance: 337.34075927734375
average noise variance upto now: 337.334228515625

26th run
noise dimension : 27
noise type: discrete
torch.Size([90000, 27])
original u-statistic:0.6639492511749268
p value proxy: 0.003322259057313204
result: 1.0
power_upto_now: 0.9230769276618958
noise variance: 336.77642822265625
average noise variance upto now: 337.3127746582031

27th run
noise dimension : 27
noise type: discrete
torch.Size([90000, 27])
original u-statistic:0.52132248878479
p value proxy: 0.003322259057313204
result: 1.0
power_upto_now: 0.9259259104728699
noise variance: 335.8970031738281
average noise variance upto now: 337.26031494140625

28th run
noise dimension : 27
noise type: discrete
torch.Size([90000, 27])
original u-statistic:0.2225794792175293
p value proxy: 0.039867110550403595
result: 1.0
power_upto_now: 0.9285714030265808
noise variance: 338.39630126953125
average noise variance upto now: 337.3009338378906

29th run
noise dimension : 27
noise type: discrete
torch.Size([90000, 27])
original u-statistic:1.053074836730957
p value proxy: 0.003322259057313204
result: 1.0
power_upto_now: 0.931034505367279
noise variance: 337.6971130371094
average noise variance upto now: 337.3145751953125

30th run
noise dimension : 27
noise type: discrete
torch.Size([90000, 27])
original u-statistic:0.4818539619445801
p value proxy: 0.003322259057313204
result: 1.0
power_upto_now: 0.9333333373069763
noise variance: 337.49566650390625
average noise variance upto now: 337.32061767578125

31th run
noise dimension : 27
noise type: discrete
torch.Size([90000, 27])
original u-statistic:0.44833993911743164
p value proxy: 0.006644518114626408
result: 1.0
power_upto_now: 0.9354838728904724
noise variance: 337.5186767578125
average noise variance upto now: 337.3269958496094

32th run
noise dimension : 27
noise type: discrete
torch.Size([90000, 27])
original u-statistic:0.24367904663085938
p value proxy: 0.039867110550403595
result: 1.0
power_upto_now: 0.9375
noise variance: 337.061767578125
average noise variance upto now: 337.3186950683594

33th run
noise dimension : 27
noise type: discrete
torch.Size([90000, 27])
original u-statistic:0.7687199115753174
p value proxy: 0.003322259057313204
result: 1.0
power_upto_now: 0.939393937587738
noise variance: 337.5904846191406
average noise variance upto now: 337.326904296875

34th run
noise dimension : 27
noise type: discrete
torch.Size([90000, 27])
original u-statistic:0.8551194667816162
p value proxy: 0.003322259057313204
result: 1.0
power_upto_now: 0.9411764740943909
noise variance: 337.1808166503906
average noise variance upto now: 337.3226318359375

35th run
noise dimension : 27
noise type: discrete
torch.Size([90000, 27])
original u-statistic:0.8393633365631104
p value proxy: 0.003322259057313204
result: 1.0
power_upto_now: 0.9428571462631226
noise variance: 337.6082458496094
average noise variance upto now: 337.3307800292969

36th run
noise dimension : 27
noise type: discrete
torch.Size([90000, 27])
original u-statistic:0.36927127838134766
p value proxy: 0.006644518114626408
result: 1.0
power_upto_now: 0.9444444179534912
noise variance: 337.1183166503906
average noise variance upto now: 337.32489013671875

37th run
noise dimension : 27
noise type: discrete
torch.Size([90000, 27])
original u-statistic:0.42699337005615234
p value proxy: 0.006644518114626408
result: 1.0
power_upto_now: 0.9459459185600281
noise variance: 336.7882385253906
average noise variance upto now: 337.3103942871094

38th run
noise dimension : 27
noise type: discrete
torch.Size([90000, 27])
original u-statistic:0.5241854190826416
p value proxy: 0.003322259057313204
result: 1.0
power_upto_now: 0.9473684430122375
noise variance: 336.97100830078125
average noise variance upto now: 337.30145263671875

39th run
noise dimension : 27
noise type: discrete
torch.Size([90000, 27])
original u-statistic:0.5314161777496338
p value proxy: 0.003322259057313204
result: 1.0
power_upto_now: 0.9487179517745972
noise variance: 336.34832763671875
average noise variance upto now: 337.2770080566406

40th run
noise dimension : 27
noise type: discrete
torch.Size([90000, 27])
original u-statistic:0.5943975448608398
p value proxy: 0.003322259057313204
result: 1.0
power_upto_now: 0.949999988079071
noise variance: 337.16802978515625
average noise variance upto now: 337.2742919921875

41th run
noise dimension : 27
noise type: discrete
torch.Size([90000, 27])
original u-statistic:0.8040122985839844
p value proxy: 0.003322259057313204
result: 1.0
power_upto_now: 0.9512194991111755
noise variance: 337.3576354980469
average noise variance upto now: 337.27630615234375

42th run
noise dimension : 27
noise type: discrete
torch.Size([90000, 27])
original u-statistic:0.4517533779144287
p value proxy: 0.003322259057313204
result: 1.0
power_upto_now: 0.9523809552192688
noise variance: 337.078125
average noise variance upto now: 337.2716064453125

43th run
noise dimension : 27
noise type: discrete
torch.Size([90000, 27])
original u-statistic:0.6070806980133057
p value proxy: 0.003322259057313204
result: 1.0
power_upto_now: 0.9534883499145508
noise variance: 337.32275390625
average noise variance upto now: 337.2727966308594

44th run
noise dimension : 27
noise type: discrete
torch.Size([90000, 27])
original u-statistic:0.3423473834991455
p value proxy: 0.016611294820904732
result: 1.0
power_upto_now: 0.9545454382896423
noise variance: 337.935302734375
average noise variance upto now: 337.287841796875

45th run
noise dimension : 27
noise type: discrete
torch.Size([90000, 27])
original u-statistic:0.43857693672180176
p value proxy: 0.003322259057313204
result: 1.0
power_upto_now: 0.9555555582046509
noise variance: 336.85736083984375
average noise variance upto now: 337.2782897949219

46th run
noise dimension : 27
noise type: discrete
torch.Size([90000, 27])
original u-statistic:0.28557252883911133
p value proxy: 0.013289036229252815
result: 1.0
power_upto_now: 0.95652174949646
noise variance: 336.953857421875
average noise variance upto now: 337.271240234375

47th run
noise dimension : 27
noise type: discrete
torch.Size([90000, 27])
original u-statistic:0.28580164909362793
p value proxy: 0.016611294820904732
result: 1.0
power_upto_now: 0.957446813583374
noise variance: 338.2555847167969
average noise variance upto now: 337.29217529296875

48th run
noise dimension : 27
noise type: discrete
torch.Size([90000, 27])
original u-statistic:0.40976977348327637
p value proxy: 0.003322259057313204
result: 1.0
power_upto_now: 0.9583333134651184
noise variance: 337.2349548339844
average noise variance upto now: 337.2909851074219

49th run
noise dimension : 27
noise type: discrete
torch.Size([90000, 27])
original u-statistic:0.558650016784668
p value proxy: 0.003322259057313204
result: 1.0
power_upto_now: 0.9591836929321289
noise variance: 337.9794921875
average noise variance upto now: 337.30499267578125

50th run
noise dimension : 27
noise type: discrete
torch.Size([90000, 27])
original u-statistic:0.6599428653717041
p value proxy: 0.003322259057313204
result: 1.0
power_upto_now: 0.9599999785423279
noise variance: 337.57720947265625
average noise variance upto now: 337.3104553222656

51th run
noise dimension : 27
noise type: discrete
torch.Size([90000, 27])
original u-statistic:0.35262298583984375
p value proxy: 0.003322259057313204
result: 1.0
power_upto_now: 0.9607843160629272
noise variance: 337.85430908203125
average noise variance upto now: 337.32110595703125

52th run
noise dimension : 27
noise type: discrete
torch.Size([90000, 27])
original u-statistic:0.4369795322418213
p value proxy: 0.003322259057313204
result: 1.0
power_upto_now: 0.9615384340286255
noise variance: 337.7365417480469
average noise variance upto now: 337.3291015625

53th run
noise dimension : 27
noise type: discrete
torch.Size([90000, 27])
original u-statistic:0.34685683250427246
p value proxy: 0.006644518114626408
result: 1.0
power_upto_now: 0.9622641801834106
noise variance: 337.453369140625
average noise variance upto now: 337.33148193359375

54th run
noise dimension : 27
noise type: discrete
torch.Size([90000, 27])
original u-statistic:0.6975066661834717
p value proxy: 0.003322259057313204
result: 1.0
power_upto_now: 0.9629629850387573
noise variance: 337.1499328613281
average noise variance upto now: 337.3280944824219

55th run
noise dimension : 27
noise type: discrete
torch.Size([90000, 27])
original u-statistic:0.7468488216400146
p value proxy: 0.003322259057313204
result: 1.0
power_upto_now: 0.9636363387107849
noise variance: 337.468994140625
average noise variance upto now: 337.3306884765625

56th run
noise dimension : 27
noise type: discrete
torch.Size([90000, 27])
original u-statistic:0.8036520481109619
p value proxy: 0.003322259057313204
result: 1.0
power_upto_now: 0.9642857313156128
noise variance: 337.96435546875
average noise variance upto now: 337.3420104980469

57th run
noise dimension : 27
noise type: discrete
torch.Size([90000, 27])
original u-statistic:0.7476010322570801
p value proxy: 0.003322259057313204
result: 1.0
power_upto_now: 0.9649122953414917
noise variance: 337.7410888671875
average noise variance upto now: 337.3490295410156

58th run
noise dimension : 27
noise type: discrete
torch.Size([90000, 27])
original u-statistic:0.5794734954833984
p value proxy: 0.003322259057313204
result: 1.0
power_upto_now: 0.9655172228813171
noise variance: 336.59893798828125
average noise variance upto now: 337.3360595703125

59th run
noise dimension : 27
noise type: discrete
torch.Size([90000, 27])
original u-statistic:0.43013978004455566
p value proxy: 0.006644518114626408
result: 1.0
power_upto_now: 0.9661017060279846
noise variance: 337.2564392089844
average noise variance upto now: 337.3347473144531

60th run
noise dimension : 27
noise type: discrete
torch.Size([90000, 27])
original u-statistic:0.2940962314605713
p value proxy: 0.013289036229252815
result: 1.0
power_upto_now: 0.9666666388511658
noise variance: 337.1195983886719
average noise variance upto now: 337.3311462402344

61th run
noise dimension : 27
noise type: discrete
torch.Size([90000, 27])
original u-statistic:0.23138165473937988
p value proxy: 0.023255813866853714
result: 1.0
power_upto_now: 0.9672130942344666
noise variance: 337.5719299316406
average noise variance upto now: 337.3351135253906

62th run
noise dimension : 27
noise type: discrete
torch.Size([90000, 27])
original u-statistic:0.8448171615600586
p value proxy: 0.003322259057313204
result: 1.0
power_upto_now: 0.9677419066429138
noise variance: 337.4888916015625
average noise variance upto now: 337.33758544921875

63th run
noise dimension : 27
noise type: discrete
torch.Size([90000, 27])
original u-statistic:0.5284252166748047
p value proxy: 0.003322259057313204
result: 1.0
power_upto_now: 0.9682539701461792
noise variance: 337.22686767578125
average noise variance upto now: 337.3358154296875

64th run
noise dimension : 27
noise type: discrete
torch.Size([90000, 27])
original u-statistic:0.5369751453399658
p value proxy: 0.003322259057313204
result: 1.0
power_upto_now: 0.96875
noise variance: 337.584228515625
average noise variance upto now: 337.3396911621094

65th run
noise dimension : 27
noise type: discrete
torch.Size([90000, 27])
original u-statistic:0.2461228370666504
p value proxy: 0.016611294820904732
result: 1.0
power_upto_now: 0.9692307710647583
noise variance: 336.8263244628906
average noise variance upto now: 337.3318176269531

66th run
noise dimension : 27
noise type: discrete
torch.Size([90000, 27])
original u-statistic:0.6123290061950684
p value proxy: 0.003322259057313204
result: 1.0
power_upto_now: 0.9696969985961914
noise variance: 337.863525390625
average noise variance upto now: 337.3398742675781

67th run
noise dimension : 27
noise type: discrete
torch.Size([90000, 27])
original u-statistic:0.41480088233947754
p value proxy: 0.003322259057313204
result: 1.0
power_upto_now: 0.9701492786407471
noise variance: 335.9964294433594
average noise variance upto now: 337.31982421875

68th run
noise dimension : 27
noise type: discrete
torch.Size([90000, 27])
original u-statistic:0.41783714294433594
p value proxy: 0.006644518114626408
result: 1.0
power_upto_now: 0.970588207244873
noise variance: 337.8305358886719
average noise variance upto now: 337.32733154296875

69th run
noise dimension : 27
noise type: discrete
torch.Size([90000, 27])
original u-statistic:0.6204912662506104
p value proxy: 0.003322259057313204
result: 1.0
power_upto_now: 0.9710144996643066
noise variance: 337.84674072265625
average noise variance upto now: 337.3348388671875

70th run
noise dimension : 27
noise type: discrete
torch.Size([90000, 27])
original u-statistic:-0.03684425354003906
p value proxy: 0.6013289093971252
result: 0.0
power_upto_now: 0.9571428298950195
noise variance: 338.0765686035156
average noise variance upto now: 337.345458984375

71th run
noise dimension : 27
noise type: discrete
torch.Size([90000, 27])
original u-statistic:0.7824254035949707
p value proxy: 0.003322259057313204
result: 1.0
power_upto_now: 0.9577465057373047
noise variance: 337.5553894042969
average noise variance upto now: 337.348388671875

72th run
noise dimension : 27
noise type: discrete
torch.Size([90000, 27])
original u-statistic:0.7131016254425049
p value proxy: 0.003322259057313204
result: 1.0
power_upto_now: 0.9583333134651184
noise variance: 336.5398864746094
average noise variance upto now: 337.337158203125

73th run
noise dimension : 27
noise type: discrete
torch.Size([90000, 27])
original u-statistic:0.4504706859588623
p value proxy: 0.003322259057313204
result: 1.0
power_upto_now: 0.9589040875434875
noise variance: 338.0790710449219
average noise variance upto now: 337.3473205566406

74th run
noise dimension : 27
noise type: discrete
torch.Size([90000, 27])
original u-statistic:0.3904402256011963
p value proxy: 0.003322259057313204
result: 1.0
power_upto_now: 0.9594594836235046
noise variance: 337.9704895019531
average noise variance upto now: 337.3557434082031

75th run
noise dimension : 27
noise type: discrete
torch.Size([90000, 27])
original u-statistic:0.6623280048370361
p value proxy: 0.003322259057313204
result: 1.0
power_upto_now: 0.9599999785423279
noise variance: 338.96563720703125
average noise variance upto now: 337.377197265625

76th run
noise dimension : 27
noise type: discrete
torch.Size([90000, 27])
original u-statistic:0.7937166690826416
p value proxy: 0.003322259057313204
result: 1.0
power_upto_now: 0.9605262875556946
noise variance: 337.5606994628906
average noise variance upto now: 337.379638671875

77th run
noise dimension : 27
noise type: discrete
torch.Size([90000, 27])
original u-statistic:0.4684789180755615
p value proxy: 0.003322259057313204
result: 1.0
power_upto_now: 0.9610389471054077
noise variance: 338.68377685546875
average noise variance upto now: 337.39654541015625

78th run
noise dimension : 27
noise type: discrete
torch.Size([90000, 27])
original u-statistic:0.5044724941253662
p value proxy: 0.003322259057313204
result: 1.0
power_upto_now: 0.9615384340286255
noise variance: 337.55877685546875
average noise variance upto now: 337.3986511230469

79th run
noise dimension : 27
noise type: discrete
torch.Size([90000, 27])
original u-statistic:0.23247861862182617
p value proxy: 0.049833886325359344
result: 1.0
power_upto_now: 0.9620253443717957
noise variance: 337.9901123046875
average noise variance upto now: 337.4061279296875

80th run
noise dimension : 27
noise type: discrete
torch.Size([90000, 27])
original u-statistic:0.5133414268493652
p value proxy: 0.003322259057313204
result: 1.0
power_upto_now: 0.9624999761581421
noise variance: 338.0338439941406
average noise variance upto now: 337.4139709472656

81th run
noise dimension : 27
noise type: discrete
torch.Size([90000, 27])
original u-statistic:0.5422165393829346
p value proxy: 0.003322259057313204
result: 1.0
power_upto_now: 0.9629629850387573
noise variance: 336.9202575683594
average noise variance upto now: 337.40789794921875

82th run
noise dimension : 27
noise type: discrete
torch.Size([90000, 27])
original u-statistic:0.5687587261199951
p value proxy: 0.003322259057313204
result: 1.0
power_upto_now: 0.9634146094322205
noise variance: 337.5771484375
average noise variance upto now: 337.409912109375

83th run
noise dimension : 27
noise type: discrete
torch.Size([90000, 27])
original u-statistic:0.8030803203582764
p value proxy: 0.003322259057313204
result: 1.0
power_upto_now: 0.9638554453849792
noise variance: 336.978271484375
average noise variance upto now: 337.4047546386719

84th run
noise dimension : 27
noise type: discrete
torch.Size([90000, 27])
original u-statistic:0.19906902313232422
p value proxy: 0.049833886325359344
result: 1.0
power_upto_now: 0.9642857313156128
noise variance: 337.8214111328125
average noise variance upto now: 337.4096984863281

85th run
noise dimension : 27
noise type: discrete
torch.Size([90000, 27])
original u-statistic:0.25956058502197266
p value proxy: 0.04651162773370743
result: 1.0
power_upto_now: 0.9647058844566345
noise variance: 336.4742431640625
average noise variance upto now: 337.3987121582031

86th run
noise dimension : 27
noise type: discrete
torch.Size([90000, 27])
original u-statistic:0.7594914436340332
p value proxy: 0.003322259057313204
result: 1.0
power_upto_now: 0.9651162624359131
noise variance: 336.88037109375
average noise variance upto now: 337.3926696777344

87th run
noise dimension : 27
noise type: discrete
torch.Size([90000, 27])
original u-statistic:0.3554365634918213
p value proxy: 0.013289036229252815
result: 1.0
power_upto_now: 0.9655172228813171
noise variance: 338.11737060546875
average noise variance upto now: 337.4010009765625

88th run
noise dimension : 27
noise type: discrete
torch.Size([90000, 27])
original u-statistic:0.5628736019134521
p value proxy: 0.003322259057313204
result: 1.0
power_upto_now: 0.9659090638160706
noise variance: 337.774169921875
average noise variance upto now: 337.4052429199219

89th run
noise dimension : 27
noise type: discrete
torch.Size([90000, 27])
original u-statistic:0.4027082920074463
p value proxy: 0.006644518114626408
result: 1.0
power_upto_now: 0.966292142868042
noise variance: 338.4903869628906
average noise variance upto now: 337.41741943359375

90th run
noise dimension : 27
noise type: discrete
torch.Size([90000, 27])
original u-statistic:0.5182621479034424
p value proxy: 0.003322259057313204
result: 1.0
power_upto_now: 0.9666666388511658
noise variance: 337.1731872558594
average noise variance upto now: 337.4147033691406

91th run
noise dimension : 27
noise type: discrete
torch.Size([90000, 27])
original u-statistic:0.733410120010376
p value proxy: 0.003322259057313204
result: 1.0
power_upto_now: 0.9670329689979553
noise variance: 337.9122314453125
average noise variance upto now: 337.420166015625

92th run
noise dimension : 27
noise type: discrete
torch.Size([90000, 27])
original u-statistic:0.2556579113006592
p value proxy: 0.019933555275201797
result: 1.0
power_upto_now: 0.967391312122345
noise variance: 336.68426513671875
average noise variance upto now: 337.41217041015625

93th run
noise dimension : 27
noise type: discrete
torch.Size([90000, 27])
original u-statistic:0.33060312271118164
p value proxy: 0.006644518114626408
result: 1.0
power_upto_now: 0.9677419066429138
noise variance: 337.3123474121094
average noise variance upto now: 337.4111022949219

94th run
noise dimension : 27
noise type: discrete
torch.Size([90000, 27])
original u-statistic:0.49124646186828613
p value proxy: 0.003322259057313204
result: 1.0
power_upto_now: 0.9680851101875305
noise variance: 336.76605224609375
average noise variance upto now: 337.4042663574219

95th run
noise dimension : 27
noise type: discrete
torch.Size([90000, 27])
original u-statistic:0.12792158126831055
p value proxy: 0.11627906560897827
result: 0.0
power_upto_now: 0.9578947424888611
noise variance: 336.9056091308594
average noise variance upto now: 337.39898681640625

96th run
noise dimension : 27
noise type: discrete
torch.Size([90000, 27])
original u-statistic:0.43334102630615234
p value proxy: 0.003322259057313204
result: 1.0
power_upto_now: 0.9583333134651184
noise variance: 337.33404541015625
average noise variance upto now: 337.3983459472656

97th run
noise dimension : 27
noise type: discrete
torch.Size([90000, 27])
original u-statistic:0.30545806884765625
p value proxy: 0.013289036229252815
result: 1.0
power_upto_now: 0.9587628841400146
noise variance: 337.0036315917969
average noise variance upto now: 337.3942565917969

98th run
noise dimension : 27
noise type: discrete
torch.Size([90000, 27])
original u-statistic:0.4416024684906006
p value proxy: 0.003322259057313204
result: 1.0
power_upto_now: 0.9591836929321289
noise variance: 337.16534423828125
average noise variance upto now: 337.39190673828125

99th run
noise dimension : 27
noise type: discrete
torch.Size([90000, 27])
original u-statistic:0.33182215690612793
p value proxy: 0.006644518114626408
result: 1.0
power_upto_now: 0.9595959782600403
noise variance: 337.1162414550781
average noise variance upto now: 337.3891296386719

100th run
noise dimension : 27
noise type: discrete
torch.Size([90000, 27])
original u-statistic:0.5692617893218994
p value proxy: 0.003322259057313204
result: 1.0
power_upto_now: 0.9599999785423279
noise variance: 336.8902282714844
average noise variance upto now: 337.3841552734375

101th run
noise dimension : 27
noise type: discrete
torch.Size([90000, 27])
original u-statistic:0.8675026893615723
p value proxy: 0.003322259057313204
result: 1.0
power_upto_now: 0.9603960514068604
noise variance: 336.57891845703125
average noise variance upto now: 337.37615966796875

102th run
noise dimension : 27
noise type: discrete
torch.Size([90000, 27])
original u-statistic:0.5320370197296143
p value proxy: 0.003322259057313204
result: 1.0
power_upto_now: 0.9607843160629272
noise variance: 337.70556640625
average noise variance upto now: 337.37939453125

103th run
noise dimension : 27
noise type: discrete
torch.Size([90000, 27])
original u-statistic:0.4091651439666748
p value proxy: 0.009966777637600899
result: 1.0
power_upto_now: 0.9611650705337524
noise variance: 337.17901611328125
average noise variance upto now: 337.3774719238281

104th run
noise dimension : 27
noise type: discrete
torch.Size([90000, 27])
original u-statistic:0.5970520973205566
p value proxy: 0.003322259057313204
result: 1.0
power_upto_now: 0.9615384340286255
noise variance: 338.00946044921875
average noise variance upto now: 337.3835144042969

105th run
noise dimension : 27
noise type: discrete
torch.Size([90000, 27])
original u-statistic:0.6335897445678711
p value proxy: 0.003322259057313204
result: 1.0
power_upto_now: 0.961904764175415
noise variance: 337.2248229980469
average noise variance upto now: 337.3819885253906

106th run
noise dimension : 27
noise type: discrete
torch.Size([90000, 27])
original u-statistic:0.4589245319366455
p value proxy: 0.003322259057313204
result: 1.0
power_upto_now: 0.9622641801834106
noise variance: 337.40081787109375
average noise variance upto now: 337.3821716308594

107th run
noise dimension : 27
noise type: discrete
torch.Size([90000, 27])
original u-statistic:0.41976094245910645
p value proxy: 0.003322259057313204
result: 1.0
power_upto_now: 0.9626168012619019
noise variance: 336.77691650390625
average noise variance upto now: 337.37652587890625

108th run
noise dimension : 27
noise type: discrete
torch.Size([90000, 27])
original u-statistic:0.8141453266143799
p value proxy: 0.003322259057313204
result: 1.0
power_upto_now: 0.9629629850387573
noise variance: 337.3701171875
average noise variance upto now: 337.3764343261719

109th run
noise dimension : 27
noise type: discrete
torch.Size([90000, 27])
original u-statistic:0.4054696559906006
p value proxy: 0.003322259057313204
result: 1.0
power_upto_now: 0.963302731513977
noise variance: 337.2648620605469
average noise variance upto now: 337.37542724609375

110th run
noise dimension : 27
noise type: discrete
torch.Size([90000, 27])
original u-statistic:0.2041463851928711
p value proxy: 0.02657807245850563
result: 1.0
power_upto_now: 0.9636363387107849
noise variance: 337.719482421875
average noise variance upto now: 337.3785400390625

111th run
noise dimension : 27
noise type: discrete
torch.Size([90000, 27])
original u-statistic:0.764124870300293
p value proxy: 0.003322259057313204
result: 1.0
power_upto_now: 0.9639639854431152
noise variance: 336.2743225097656
average noise variance upto now: 337.3686218261719

112th run
noise dimension : 27
noise type: discrete
torch.Size([90000, 27])
original u-statistic:0.37494444847106934
p value proxy: 0.006644518114626408
result: 1.0
power_upto_now: 0.9642857313156128
noise variance: 337.6801452636719
average noise variance upto now: 337.3714294433594

113th run
noise dimension : 27
noise type: discrete
torch.Size([90000, 27])
original u-statistic:0.24251198768615723
p value proxy: 0.029900331050157547
result: 1.0
power_upto_now: 0.9646017551422119
noise variance: 337.569091796875
average noise variance upto now: 337.3731994628906

114th run
noise dimension : 27
noise type: discrete
torch.Size([90000, 27])
original u-statistic:0.28763818740844727
p value proxy: 0.013289036229252815
result: 1.0
power_upto_now: 0.9649122953414917
noise variance: 336.7704162597656
average noise variance upto now: 337.36785888671875

115th run
noise dimension : 27
noise type: discrete
torch.Size([90000, 27])
original u-statistic:0.674100399017334
p value proxy: 0.003322259057313204
result: 1.0
power_upto_now: 0.9652174115180969
noise variance: 336.7491760253906
average noise variance upto now: 337.36248779296875

116th run
noise dimension : 27
noise type: discrete
torch.Size([90000, 27])
original u-statistic:0.5317506790161133
p value proxy: 0.003322259057313204
result: 1.0
power_upto_now: 0.9655172228813171
noise variance: 337.16851806640625
average noise variance upto now: 337.3608703613281

117th run
noise dimension : 27
noise type: discrete
torch.Size([90000, 27])
original u-statistic:0.5147013664245605
p value proxy: 0.003322259057313204
result: 1.0
power_upto_now: 0.9658119678497314
noise variance: 337.4237976074219
average noise variance upto now: 337.36138916015625

118th run
noise dimension : 27
noise type: discrete
torch.Size([90000, 27])
original u-statistic:0.2663238048553467
p value proxy: 0.019933555275201797
result: 1.0
power_upto_now: 0.9661017060279846
noise variance: 337.6977233886719
average noise variance upto now: 337.36419677734375

119th run
noise dimension : 27
noise type: discrete
torch.Size([90000, 27])
original u-statistic:0.4382293224334717
p value proxy: 0.003322259057313204
result: 1.0
power_upto_now: 0.9663865566253662
noise variance: 337.3073425292969
average noise variance upto now: 337.36376953125

120th run
noise dimension : 27
noise type: discrete
torch.Size([90000, 27])
original u-statistic:0.3382296562194824
p value proxy: 0.013289036229252815
result: 1.0
power_upto_now: 0.9666666388511658
noise variance: 337.0142517089844
average noise variance upto now: 337.36083984375

121th run
noise dimension : 27
noise type: discrete
torch.Size([90000, 27])
original u-statistic:0.5589451789855957
p value proxy: 0.003322259057313204
result: 1.0
power_upto_now: 0.9669421315193176
noise variance: 337.4669189453125
average noise variance upto now: 337.3616943359375

122th run
noise dimension : 27
noise type: discrete
torch.Size([90000, 27])
original u-statistic:0.8135275840759277
p value proxy: 0.003322259057313204
result: 1.0
power_upto_now: 0.9672130942344666
noise variance: 337.0592041015625
average noise variance upto now: 337.3592224121094

123th run
noise dimension : 27
noise type: discrete
torch.Size([90000, 27])
original u-statistic:0.5672602653503418
p value proxy: 0.003322259057313204
result: 1.0
power_upto_now: 0.9674796462059021
noise variance: 337.5447082519531
average noise variance upto now: 337.3607482910156

124th run
noise dimension : 27
noise type: discrete
torch.Size([90000, 27])
original u-statistic:0.4323103427886963
p value proxy: 0.003322259057313204
result: 1.0
power_upto_now: 0.9677419066429138
noise variance: 337.6016540527344
average noise variance upto now: 337.3626708984375

125th run
noise dimension : 27
noise type: discrete
torch.Size([90000, 27])
original u-statistic:0.5050532817840576
p value proxy: 0.003322259057313204
result: 1.0
power_upto_now: 0.9679999947547913
noise variance: 337.492431640625
average noise variance upto now: 337.36370849609375

126th run
noise dimension : 27
noise type: discrete
torch.Size([90000, 27])
original u-statistic:0.7091848850250244
p value proxy: 0.003322259057313204
result: 1.0
power_upto_now: 0.9682539701461792
noise variance: 338.02716064453125
average noise variance upto now: 337.3689880371094

127th run
noise dimension : 27
noise type: discrete
torch.Size([90000, 27])
original u-statistic:0.6328392028808594
p value proxy: 0.003322259057313204
result: 1.0
power_upto_now: 0.9685039520263672
noise variance: 337.94244384765625
average noise variance upto now: 337.3735046386719

128th run
noise dimension : 27
noise type: discrete
torch.Size([90000, 27])
original u-statistic:0.14918756484985352
p value proxy: 0.09634551405906677
result: 0.0
power_upto_now: 0.9609375
noise variance: 336.4604187011719
average noise variance upto now: 337.3663635253906

129th run
noise dimension : 27
noise type: discrete
torch.Size([90000, 27])
original u-statistic:0.5551314353942871
p value proxy: 0.003322259057313204
result: 1.0
power_upto_now: 0.961240291595459
noise variance: 337.0696105957031
average noise variance upto now: 337.36407470703125

130th run
noise dimension : 27
noise type: discrete
torch.Size([90000, 27])
original u-statistic:0.5503673553466797
p value proxy: 0.003322259057313204
result: 1.0
power_upto_now: 0.9615384340286255
noise variance: 338.0106201171875
average noise variance upto now: 337.3690490722656

131th run
noise dimension : 27
noise type: discrete
torch.Size([90000, 27])
original u-statistic:0.6164228916168213
p value proxy: 0.003322259057313204
result: 1.0
power_upto_now: 0.9618320465087891
noise variance: 337.35418701171875
average noise variance upto now: 337.3689270019531

132th run
noise dimension : 27
noise type: discrete
torch.Size([90000, 27])
original u-statistic:0.34970545768737793
p value proxy: 0.003322259057313204
result: 1.0
power_upto_now: 0.9621211886405945
noise variance: 337.7855529785156
average noise variance upto now: 337.3720397949219

133th run
noise dimension : 27
noise type: discrete
torch.Size([90000, 27])
original u-statistic:0.5855209827423096
p value proxy: 0.003322259057313204
result: 1.0
power_upto_now: 0.9624060392379761
noise variance: 337.7905578613281
average noise variance upto now: 337.375244140625

134th run
noise dimension : 27
noise type: discrete
torch.Size([90000, 27])
original u-statistic:0.27047038078308105
p value proxy: 0.016611294820904732
result: 1.0
power_upto_now: 0.9626865386962891
noise variance: 337.1728515625
average noise variance upto now: 337.37371826171875

135th run
noise dimension : 27
noise type: discrete
torch.Size([90000, 27])
original u-statistic:0.5638303756713867
p value proxy: 0.003322259057313204
result: 1.0
power_upto_now: 0.9629629850387573
noise variance: 337.64422607421875
average noise variance upto now: 337.3757019042969

136th run
noise dimension : 27
noise type: discrete
torch.Size([90000, 27])
original u-statistic:0.5185143947601318
p value proxy: 0.003322259057313204
result: 1.0
power_upto_now: 0.9632353186607361
noise variance: 337.7665100097656
average noise variance upto now: 337.37860107421875

137th run
noise dimension : 27
noise type: discrete
torch.Size([90000, 27])
original u-statistic:0.4779348373413086
p value proxy: 0.003322259057313204
result: 1.0
power_upto_now: 0.9635036587715149
noise variance: 337.4779052734375
average noise variance upto now: 337.3793029785156

138th run
noise dimension : 27
noise type: discrete
torch.Size([90000, 27])
original u-statistic:0.7129249572753906
p value proxy: 0.003322259057313204
result: 1.0
power_upto_now: 0.9637681245803833
noise variance: 336.88482666015625
average noise variance upto now: 337.375732421875

139th run
noise dimension : 27
noise type: discrete
torch.Size([90000, 27])
original u-statistic:0.4701719284057617
p value proxy: 0.003322259057313204
result: 1.0
power_upto_now: 0.9640287756919861
noise variance: 337.1899719238281
average noise variance upto now: 337.3743896484375

140th run
noise dimension : 27
noise type: discrete
torch.Size([90000, 27])
original u-statistic:0.4254417419433594
p value proxy: 0.003322259057313204
result: 1.0
power_upto_now: 0.9642857313156128
noise variance: 337.42022705078125
average noise variance upto now: 337.3747253417969

141th run
noise dimension : 27
noise type: discrete
torch.Size([90000, 27])
original u-statistic:0.43956756591796875
p value proxy: 0.006644518114626408
result: 1.0
power_upto_now: 0.9645389914512634
noise variance: 338.7003479003906
average noise variance upto now: 337.3841247558594

142th run
noise dimension : 27
noise type: discrete
torch.Size([90000, 27])
original u-statistic:0.6583847999572754
p value proxy: 0.003322259057313204
result: 1.0
power_upto_now: 0.9647887349128723
noise variance: 337.5809020996094
average noise variance upto now: 337.385498046875

143th run
noise dimension : 27
noise type: discrete
torch.Size([90000, 27])
original u-statistic:0.632227897644043
p value proxy: 0.003322259057313204
result: 1.0
power_upto_now: 0.9650349617004395
noise variance: 337.555419921875
average noise variance upto now: 337.3866882324219

144th run
noise dimension : 27
noise type: discrete
torch.Size([90000, 27])
original u-statistic:0.6632449626922607
p value proxy: 0.003322259057313204
result: 1.0
power_upto_now: 0.9652777910232544
noise variance: 337.9261169433594
average noise variance upto now: 337.39044189453125

145th run
noise dimension : 27
noise type: discrete
torch.Size([90000, 27])
original u-statistic:0.6974732875823975
p value proxy: 0.003322259057313204
result: 1.0
power_upto_now: 0.9655172228813171
noise variance: 337.6105651855469
average noise variance upto now: 337.3919372558594

146th run
noise dimension : 27
noise type: discrete
torch.Size([90000, 27])
original u-statistic:0.6418836116790771
p value proxy: 0.003322259057313204
result: 1.0
power_upto_now: 0.965753436088562
noise variance: 337.0843811035156
average noise variance upto now: 337.3898620605469

147th run
noise dimension : 27
noise type: discrete
torch.Size([90000, 27])
original u-statistic:0.6048927307128906
p value proxy: 0.003322259057313204
result: 1.0
power_upto_now: 0.9659863710403442
noise variance: 337.5115661621094
average noise variance upto now: 337.3906555175781

148th run
noise dimension : 27
noise type: discrete
torch.Size([90000, 27])
original u-statistic:0.7989306449890137
p value proxy: 0.003322259057313204
result: 1.0
power_upto_now: 0.9662162065505981
noise variance: 337.3005676269531
average noise variance upto now: 337.39007568359375

149th run
noise dimension : 27
noise type: discrete
torch.Size([90000, 27])
original u-statistic:0.5440700054168701
p value proxy: 0.003322259057313204
result: 1.0
power_upto_now: 0.9664429426193237
noise variance: 337.80859375
average noise variance upto now: 337.3928527832031

150th run
noise dimension : 27
noise type: discrete
torch.Size([90000, 27])
original u-statistic:0.6762280464172363
p value proxy: 0.003322259057313204
result: 1.0
power_upto_now: 0.9666666388511658
noise variance: 338.2164306640625
average noise variance upto now: 337.3983459472656

151th run
noise dimension : 27
noise type: discrete
torch.Size([90000, 27])
original u-statistic:0.7531647682189941
p value proxy: 0.003322259057313204
result: 1.0
power_upto_now: 0.9668874144554138
noise variance: 337.58148193359375
average noise variance upto now: 337.3995361328125

152th run
noise dimension : 27
noise type: discrete
torch.Size([90000, 27])
original u-statistic:0.4544556140899658
p value proxy: 0.003322259057313204
result: 1.0
power_upto_now: 0.9671052694320679
noise variance: 337.555908203125
average noise variance upto now: 337.400634765625

153th run
noise dimension : 27
noise type: discrete
torch.Size([90000, 27])
original u-statistic:0.75227952003479
p value proxy: 0.003322259057313204
result: 1.0
power_upto_now: 0.9673202633857727
noise variance: 337.67840576171875
average noise variance upto now: 337.4024353027344

154th run
noise dimension : 27
noise type: discrete
torch.Size([90000, 27])
original u-statistic:0.3483011722564697
p value proxy: 0.006644518114626408
result: 1.0
power_upto_now: 0.9675324559211731
noise variance: 336.7024841308594
average noise variance upto now: 337.39788818359375

155th run
noise dimension : 27
noise type: discrete
torch.Size([90000, 27])
original u-statistic:0.2754507064819336
p value proxy: 0.019933555275201797
result: 1.0
power_upto_now: 0.9677419066429138
noise variance: 337.6134338378906
average noise variance upto now: 337.3992919921875

156th run
noise dimension : 27
noise type: discrete
torch.Size([90000, 27])
original u-statistic:0.42333173751831055
p value proxy: 0.003322259057313204
result: 1.0
power_upto_now: 0.9679487347602844
noise variance: 336.0673828125
average noise variance upto now: 337.3907165527344

157th run
noise dimension : 27
noise type: discrete
torch.Size([90000, 27])
original u-statistic:0.6887044906616211
p value proxy: 0.003322259057313204
result: 1.0
power_upto_now: 0.9681528806686401
noise variance: 337.2213439941406
average noise variance upto now: 337.3896789550781

158th run
noise dimension : 27
noise type: discrete
torch.Size([90000, 27])
original u-statistic:0.7686727046966553
p value proxy: 0.003322259057313204
result: 1.0
power_upto_now: 0.9683544039726257
noise variance: 337.9644470214844
average noise variance upto now: 337.3932800292969

159th run
noise dimension : 27
noise type: discrete
torch.Size([90000, 27])
original u-statistic:0.6567485332489014
p value proxy: 0.003322259057313204
result: 1.0
power_upto_now: 0.9685534834861755
noise variance: 336.7910461425781
average noise variance upto now: 337.3895568847656

160th run
noise dimension : 27
noise type: discrete
torch.Size([90000, 27])
original u-statistic:1.1057543754577637
p value proxy: 0.003322259057313204
result: 1.0
power_upto_now: 0.96875
noise variance: 337.30230712890625
average noise variance upto now: 337.38897705078125

161th run
noise dimension : 27
noise type: discrete
torch.Size([90000, 27])
original u-statistic:0.5352737903594971
p value proxy: 0.003322259057313204
result: 1.0
power_upto_now: 0.9689440727233887
noise variance: 337.5985107421875
average noise variance upto now: 337.3902587890625

162th run
noise dimension : 27
noise type: discrete
torch.Size([90000, 27])
original u-statistic:0.8363101482391357
p value proxy: 0.003322259057313204
result: 1.0
power_upto_now: 0.9691358208656311
noise variance: 337.24481201171875
average noise variance upto now: 337.3893737792969

163th run
noise dimension : 27
noise type: discrete
torch.Size([90000, 27])
original u-statistic:0.3083314895629883
p value proxy: 0.009966777637600899
result: 1.0
power_upto_now: 0.9693251252174377
noise variance: 337.35302734375
average noise variance upto now: 337.3891296386719

164th run
noise dimension : 27
noise type: discrete
torch.Size([90000, 27])
original u-statistic:0.695406436920166
p value proxy: 0.003322259057313204
result: 1.0
power_upto_now: 0.9695122241973877
noise variance: 336.7796936035156
average noise variance upto now: 337.38543701171875

165th run
noise dimension : 27
noise type: discrete
torch.Size([90000, 27])
original u-statistic:0.45917725563049316
p value proxy: 0.003322259057313204
result: 1.0
power_upto_now: 0.9696969985961914
noise variance: 337.1049499511719
average noise variance upto now: 337.38372802734375

166th run
noise dimension : 27
noise type: discrete
torch.Size([90000, 27])
original u-statistic:0.804610013961792
p value proxy: 0.003322259057313204
result: 1.0
power_upto_now: 0.9698795080184937
noise variance: 337.37042236328125
average noise variance upto now: 337.3836669921875

167th run
noise dimension : 27
noise type: discrete
torch.Size([90000, 27])
original u-statistic:0.6471982002258301
p value proxy: 0.003322259057313204
result: 1.0
power_upto_now: 0.970059871673584
noise variance: 336.9242248535156
average noise variance upto now: 337.3808898925781

168th run
noise dimension : 27
noise type: discrete
torch.Size([90000, 27])
original u-statistic:0.3325614929199219
p value proxy: 0.003322259057313204
result: 1.0
power_upto_now: 0.9702380895614624
noise variance: 336.99822998046875
average noise variance upto now: 337.3786315917969

169th run
noise dimension : 27
noise type: discrete
torch.Size([90000, 27])
original u-statistic:0.29453539848327637
p value proxy: 0.013289036229252815
result: 1.0
power_upto_now: 0.9704142212867737
noise variance: 337.7010803222656
average noise variance upto now: 337.3804931640625

170th run
noise dimension : 27
noise type: discrete
torch.Size([90000, 27])
original u-statistic:0.934504508972168
p value proxy: 0.003322259057313204
result: 1.0
power_upto_now: 0.970588207244873
noise variance: 338.73956298828125
average noise variance upto now: 337.3885192871094

171th run
noise dimension : 27
noise type: discrete
torch.Size([90000, 27])
original u-statistic:0.7380642890930176
p value proxy: 0.003322259057313204
result: 1.0
power_upto_now: 0.9707602262496948
noise variance: 337.724609375
average noise variance upto now: 337.3905029296875

172th run
noise dimension : 27
noise type: discrete
torch.Size([90000, 27])
original u-statistic:0.7794690132141113
p value proxy: 0.003322259057313204
result: 1.0
power_upto_now: 0.9709302186965942
noise variance: 337.7540588378906
average noise variance upto now: 337.392578125

173th run
noise dimension : 27
noise type: discrete
torch.Size([90000, 27])
original u-statistic:0.2621493339538574
p value proxy: 0.009966777637600899
result: 1.0
power_upto_now: 0.9710982441902161
noise variance: 337.48858642578125
average noise variance upto now: 337.3931579589844

174th run
noise dimension : 27
noise type: discrete
torch.Size([90000, 27])
original u-statistic:0.7308785915374756
p value proxy: 0.003322259057313204
result: 1.0
power_upto_now: 0.9712643623352051
noise variance: 338.3307800292969
average noise variance upto now: 337.3985290527344

175th run
noise dimension : 27
noise type: discrete
torch.Size([90000, 27])
original u-statistic:1.2810351848602295
p value proxy: 0.003322259057313204
result: 1.0
power_upto_now: 0.9714285731315613
noise variance: 337.42071533203125
average noise variance upto now: 337.3986511230469

176th run
noise dimension : 27
noise type: discrete
torch.Size([90000, 27])
original u-statistic:0.37087106704711914
p value proxy: 0.003322259057313204
result: 1.0
power_upto_now: 0.9715909361839294
noise variance: 337.9715576171875
average noise variance upto now: 337.40191650390625

177th run
noise dimension : 27
noise type: discrete
torch.Size([90000, 27])
original u-statistic:0.75077223777771
p value proxy: 0.003322259057313204
result: 1.0
power_upto_now: 0.9717513918876648
noise variance: 337.86224365234375
average noise variance upto now: 337.404541015625

178th run
noise dimension : 27
noise type: discrete
torch.Size([90000, 27])
original u-statistic:0.5239825248718262
p value proxy: 0.003322259057313204
result: 1.0
power_upto_now: 0.9719101190567017
noise variance: 337.3349914550781
average noise variance upto now: 337.40411376953125

179th run
noise dimension : 27
noise type: discrete
torch.Size([90000, 27])
original u-statistic:0.17509841918945312
p value proxy: 0.08637873828411102
result: 0.0
power_upto_now: 0.9664804339408875
noise variance: 336.646728515625
average noise variance upto now: 337.39990234375

180th run
noise dimension : 27
noise type: discrete
torch.Size([90000, 27])
original u-statistic:0.38711118698120117
p value proxy: 0.006644518114626408
result: 1.0
power_upto_now: 0.9666666388511658
noise variance: 337.1565856933594
average noise variance upto now: 337.3985595703125

181th run
noise dimension : 27
noise type: discrete
torch.Size([90000, 27])
original u-statistic:0.4887361526489258
p value proxy: 0.006644518114626408
result: 1.0
power_upto_now: 0.9668508172035217
noise variance: 336.68243408203125
average noise variance upto now: 337.39459228515625

182th run
noise dimension : 27
noise type: discrete
torch.Size([90000, 27])
original u-statistic:0.8663733005523682
p value proxy: 0.003322259057313204
result: 1.0
power_upto_now: 0.9670329689979553
noise variance: 337.9344482421875
average noise variance upto now: 337.3975524902344

183th run
noise dimension : 27
noise type: discrete
torch.Size([90000, 27])
original u-statistic:0.691835880279541
p value proxy: 0.003322259057313204
result: 1.0
power_upto_now: 0.9672130942344666
noise variance: 337.4527587890625
average noise variance upto now: 337.3978576660156

184th run
noise dimension : 27
noise type: discrete
torch.Size([90000, 27])
original u-statistic:0.5195043087005615
p value proxy: 0.003322259057313204
result: 1.0
power_upto_now: 0.967391312122345
noise variance: 337.1667175292969
average noise variance upto now: 337.3965759277344

185th run
noise dimension : 27
noise type: discrete
torch.Size([90000, 27])
original u-statistic:0.23575663566589355
p value proxy: 0.019933555275201797
result: 1.0
power_upto_now: 0.9675675630569458
noise variance: 336.4977722167969
average noise variance upto now: 337.3917541503906

186th run
noise dimension : 27
noise type: discrete
torch.Size([90000, 27])
original u-statistic:0.3993508815765381
p value proxy: 0.003322259057313204
result: 1.0
power_upto_now: 0.9677419066429138
noise variance: 337.22418212890625
average noise variance upto now: 337.390869140625

187th run
noise dimension : 27
noise type: discrete
torch.Size([90000, 27])
original u-statistic:0.3415660858154297
p value proxy: 0.009966777637600899
result: 1.0
power_upto_now: 0.9679144620895386
noise variance: 337.16265869140625
average noise variance upto now: 337.3896484375

188th run
noise dimension : 27
noise type: discrete
torch.Size([90000, 27])
original u-statistic:0.29078221321105957
p value proxy: 0.009966777637600899
result: 1.0
power_upto_now: 0.9680851101875305
noise variance: 337.09698486328125
average noise variance upto now: 337.3880615234375

189th run
noise dimension : 27
noise type: discrete
torch.Size([90000, 27])
original u-statistic:0.3021402359008789
p value proxy: 0.013289036229252815
result: 1.0
power_upto_now: 0.9682539701461792
noise variance: 336.666748046875
average noise variance upto now: 337.38427734375

190th run
noise dimension : 27
noise type: discrete
torch.Size([90000, 27])
original u-statistic:0.4154665470123291
p value proxy: 0.003322259057313204
result: 1.0
power_upto_now: 0.9684210419654846
noise variance: 337.33648681640625
average noise variance upto now: 337.38397216796875

191th run
noise dimension : 27
noise type: discrete
torch.Size([90000, 27])
original u-statistic:0.20977783203125
p value proxy: 0.04318936914205551
result: 1.0
power_upto_now: 0.9685863852500916
noise variance: 337.7033996582031
average noise variance upto now: 337.3856506347656

192th run
noise dimension : 27
noise type: discrete
torch.Size([90000, 27])
original u-statistic:1.1723713874816895
p value proxy: 0.003322259057313204
result: 1.0
power_upto_now: 0.96875
noise variance: 337.1317138671875
average noise variance upto now: 337.38433837890625

193th run
noise dimension : 27
noise type: discrete
torch.Size([90000, 27])
original u-statistic:0.5026140213012695
p value proxy: 0.003322259057313204
result: 1.0
power_upto_now: 0.9689119458198547
noise variance: 337.9579162597656
average noise variance upto now: 337.3873291015625

194th run
noise dimension : 27
noise type: discrete
torch.Size([90000, 27])
original u-statistic:0.4352540969848633
p value proxy: 0.003322259057313204
result: 1.0
power_upto_now: 0.969072163105011
noise variance: 337.6822509765625
average noise variance upto now: 337.3888244628906

195th run
noise dimension : 27
noise type: discrete
torch.Size([90000, 27])
original u-statistic:0.38054871559143066
p value proxy: 0.003322259057313204
result: 1.0
power_upto_now: 0.9692307710647583
noise variance: 337.22601318359375
average noise variance upto now: 337.3879699707031

196th run
noise dimension : 27
noise type: discrete
torch.Size([90000, 27])
original u-statistic:0.5992193222045898
p value proxy: 0.003322259057313204
result: 1.0
power_upto_now: 0.9693877696990967
noise variance: 337.0799865722656
average noise variance upto now: 337.38641357421875

197th run
noise dimension : 27
noise type: discrete
torch.Size([90000, 27])
original u-statistic:0.8492848873138428
p value proxy: 0.003322259057313204
result: 1.0
power_upto_now: 0.9695431590080261
noise variance: 337.1051330566406
average noise variance upto now: 337.3849792480469

198th run
noise dimension : 27
noise type: discrete
torch.Size([90000, 27])
original u-statistic:0.6797287464141846
p value proxy: 0.003322259057313204
result: 1.0
power_upto_now: 0.9696969985961914
noise variance: 337.4925537109375
average noise variance upto now: 337.3855285644531

199th run
noise dimension : 27
noise type: discrete
torch.Size([90000, 27])
original u-statistic:0.7988617420196533
p value proxy: 0.003322259057313204
result: 1.0
power_upto_now: 0.9698492288589478
noise variance: 338.1603698730469
average noise variance upto now: 337.3894348144531

200th run
noise dimension : 27
noise type: discrete
torch.Size([90000, 27])
original u-statistic:0.7835490703582764
p value proxy: 0.003322259057313204
result: 1.0
power_upto_now: 0.9700000286102295
noise variance: 336.8677062988281
average noise variance upto now: 337.3868408203125

201th run
noise dimension : 27
noise type: discrete
torch.Size([90000, 27])
original u-statistic:0.36678361892700195
p value proxy: 0.003322259057313204
result: 1.0
power_upto_now: 0.9701492786407471
noise variance: 337.00347900390625
average noise variance upto now: 337.3849182128906

202th run
noise dimension : 27
noise type: discrete
torch.Size([90000, 27])
original u-statistic:0.9956667423248291
p value proxy: 0.003322259057313204
result: 1.0
power_upto_now: 0.9702970385551453
noise variance: 338.3703918457031
average noise variance upto now: 337.3898010253906

203th run
noise dimension : 27
noise type: discrete
torch.Size([90000, 27])
original u-statistic:0.3805115222930908
p value proxy: 0.003322259057313204
result: 1.0
power_upto_now: 0.9704433679580688
noise variance: 337.2062072753906
average noise variance upto now: 337.3888854980469

204th run
noise dimension : 27
noise type: discrete
torch.Size([90000, 27])
original u-statistic:0.8109853267669678
p value proxy: 0.003322259057313204
result: 1.0
power_upto_now: 0.970588207244873
noise variance: 337.60797119140625
average noise variance upto now: 337.3899841308594

205th run
noise dimension : 27
noise type: discrete
torch.Size([90000, 27])
original u-statistic:0.5273337364196777
p value proxy: 0.003322259057313204
result: 1.0
power_upto_now: 0.9707317352294922
noise variance: 335.9972839355469
average noise variance upto now: 337.3831787109375

206th run
noise dimension : 27
noise type: discrete
torch.Size([90000, 27])
original u-statistic:0.6294794082641602
p value proxy: 0.003322259057313204
result: 1.0
power_upto_now: 0.9708737730979919
noise variance: 338.09173583984375
average noise variance upto now: 337.3865966796875

207th run
noise dimension : 27
noise type: discrete
torch.Size([90000, 27])
original u-statistic:0.4100046157836914
p value proxy: 0.003322259057313204
result: 1.0
power_upto_now: 0.9710144996643066
noise variance: 337.4772033691406
average noise variance upto now: 337.3870544433594

208th run
noise dimension : 27
noise type: discrete
torch.Size([90000, 27])
original u-statistic:0.8006041049957275
p value proxy: 0.003322259057313204
result: 1.0
power_upto_now: 0.9711538553237915
noise variance: 337.1728210449219
average noise variance upto now: 337.38604736328125

209th run
noise dimension : 27
noise type: discrete
torch.Size([90000, 27])
original u-statistic:0.5861079692840576
p value proxy: 0.003322259057313204
result: 1.0
power_upto_now: 0.9712918400764465
noise variance: 337.6310729980469
average noise variance upto now: 337.3871765136719

210th run
noise dimension : 27
noise type: discrete
torch.Size([90000, 27])
original u-statistic:0.6423258781433105
p value proxy: 0.003322259057313204
result: 1.0
power_upto_now: 0.9714285731315613
noise variance: 336.84637451171875
average noise variance upto now: 337.3846435546875

211th run
noise dimension : 27
noise type: discrete
torch.Size([90000, 27])
original u-statistic:0.3379828929901123
p value proxy: 0.003322259057313204
result: 1.0
power_upto_now: 0.971563994884491
noise variance: 337.7294921875
average noise variance upto now: 337.3862609863281

212th run
noise dimension : 27
noise type: discrete
torch.Size([90000, 27])
original u-statistic:0.1706104278564453
p value proxy: 0.08637873828411102
result: 0.0
power_upto_now: 0.9669811129570007
noise variance: 337.0390625
average noise variance upto now: 337.3846130371094

213th run
noise dimension : 27
noise type: discrete
torch.Size([90000, 27])
original u-statistic:0.8950538635253906
p value proxy: 0.003322259057313204
result: 1.0
power_upto_now: 0.9671361446380615
noise variance: 338.6374816894531
average noise variance upto now: 337.3905029296875

214th run
noise dimension : 27
noise type: discrete
torch.Size([90000, 27])
original u-statistic:0.6432032585144043
p value proxy: 0.003322259057313204
result: 1.0
power_upto_now: 0.9672897458076477
noise variance: 336.8055725097656
average noise variance upto now: 337.3877868652344

215th run
noise dimension : 27
noise type: discrete
torch.Size([90000, 27])
original u-statistic:0.5322787761688232
p value proxy: 0.003322259057313204
result: 1.0
power_upto_now: 0.9674418568611145
noise variance: 337.7685546875
average noise variance upto now: 337.3895263671875

216th run
noise dimension : 27
noise type: discrete
torch.Size([90000, 27])
original u-statistic:0.14716124534606934
p value proxy: 0.07641195505857468
result: 0.0
power_upto_now: 0.9629629850387573
noise variance: 337.30438232421875
average noise variance upto now: 337.3891906738281

217th run
noise dimension : 27
noise type: discrete
torch.Size([90000, 27])
original u-statistic:0.6042382717132568
p value proxy: 0.003322259057313204
result: 1.0
power_upto_now: 0.9631336331367493
noise variance: 336.85284423828125
average noise variance upto now: 337.38665771484375

218th run
noise dimension : 27
noise type: discrete
torch.Size([90000, 27])
original u-statistic:0.5939202308654785
p value proxy: 0.003322259057313204
result: 1.0
power_upto_now: 0.963302731513977
noise variance: 336.98004150390625
average noise variance upto now: 337.38482666015625

219th run
noise dimension : 27
noise type: discrete
torch.Size([90000, 27])
original u-statistic:0.3106245994567871
p value proxy: 0.02657807245850563
result: 1.0
power_upto_now: 0.9634703397750854
noise variance: 337.1009826660156
average noise variance upto now: 337.38348388671875

220th run
noise dimension : 27
noise type: discrete
torch.Size([90000, 27])
original u-statistic:0.39997124671936035
p value proxy: 0.003322259057313204
result: 1.0
power_upto_now: 0.9636363387107849
noise variance: 336.89080810546875
average noise variance upto now: 337.3812561035156

221th run
noise dimension : 27
noise type: discrete
torch.Size([90000, 27])
original u-statistic:0.4111192226409912
p value proxy: 0.003322259057313204
result: 1.0
power_upto_now: 0.9638009071350098
noise variance: 336.92999267578125
average noise variance upto now: 337.3792419433594

222th run
noise dimension : 27
noise type: discrete
torch.Size([90000, 27])
original u-statistic:0.3675253391265869
p value proxy: 0.009966777637600899
result: 1.0
power_upto_now: 0.9639639854431152
noise variance: 336.831298828125
average noise variance upto now: 337.3768005371094

223th run
noise dimension : 27
noise type: discrete
torch.Size([90000, 27])
original u-statistic:0.9124701023101807
p value proxy: 0.003322259057313204
result: 1.0
power_upto_now: 0.9641255736351013
noise variance: 336.63525390625
average noise variance upto now: 337.3734130859375

224th run
noise dimension : 27
noise type: discrete
torch.Size([90000, 27])
original u-statistic:0.48079824447631836
p value proxy: 0.003322259057313204
result: 1.0
power_upto_now: 0.9642857313156128
noise variance: 337.4222106933594
average noise variance upto now: 337.3736267089844

225th run
noise dimension : 27
noise type: discrete
torch.Size([90000, 27])
original u-statistic:0.5281598567962646
p value proxy: 0.003322259057313204
result: 1.0
power_upto_now: 0.9644444584846497
noise variance: 337.3446044921875
average noise variance upto now: 337.3735046386719

226th run
noise dimension : 27
noise type: discrete
torch.Size([90000, 27])
original u-statistic:0.39185094833374023
p value proxy: 0.009966777637600899
result: 1.0
power_upto_now: 0.9646017551422119
noise variance: 337.31341552734375
average noise variance upto now: 337.37322998046875

227th run
noise dimension : 27
noise type: discrete
torch.Size([90000, 27])
original u-statistic:0.45113325119018555
p value proxy: 0.003322259057313204
result: 1.0
power_upto_now: 0.9647576808929443
noise variance: 337.3938293457031
average noise variance upto now: 337.37335205078125

228th run
noise dimension : 27
noise type: discrete
torch.Size([90000, 27])
original u-statistic:0.34246349334716797
p value proxy: 0.013289036229252815
result: 1.0
power_upto_now: 0.9649122953414917
noise variance: 337.4942626953125
average noise variance upto now: 337.3738708496094

229th run
noise dimension : 27
noise type: discrete
torch.Size([90000, 27])
original u-statistic:0.8281819820404053
p value proxy: 0.003322259057313204
result: 1.0
power_upto_now: 0.9650654792785645
noise variance: 337.615478515625
average noise variance upto now: 337.37493896484375

230th run
noise dimension : 27
noise type: discrete
torch.Size([90000, 27])
original u-statistic:0.5561428070068359
p value proxy: 0.003322259057313204
result: 1.0
power_upto_now: 0.9652174115180969
noise variance: 337.20318603515625
average noise variance upto now: 337.3741760253906

231th run
noise dimension : 27
noise type: discrete
torch.Size([90000, 27])
original u-statistic:0.413623571395874
p value proxy: 0.003322259057313204
result: 1.0
power_upto_now: 0.9653679728507996
noise variance: 337.5494384765625
average noise variance upto now: 337.37493896484375

232th run
noise dimension : 27
noise type: discrete
torch.Size([90000, 27])
original u-statistic:0.1276998519897461
p value proxy: 0.17940199375152588
result: 0.0
power_upto_now: 0.9612069129943848
noise variance: 337.5857849121094
average noise variance upto now: 337.3758850097656

233th run
noise dimension : 27
noise type: discrete
torch.Size([90000, 27])
original u-statistic:0.5860779285430908
p value proxy: 0.003322259057313204
result: 1.0
power_upto_now: 0.9613733887672424
noise variance: 336.91082763671875
average noise variance upto now: 337.3738708496094

234th run
noise dimension : 27
noise type: discrete
torch.Size([90000, 27])
original u-statistic:0.5252234935760498
p value proxy: 0.003322259057313204
result: 1.0
power_upto_now: 0.9615384340286255
noise variance: 337.1758728027344
average noise variance upto now: 337.3730163574219

235th run
noise dimension : 27
noise type: discrete
torch.Size([90000, 27])
original u-statistic:0.08507823944091797
p value proxy: 0.2026578038930893
result: 0.0
power_upto_now: 0.957446813583374
noise variance: 337.75250244140625
average noise variance upto now: 337.3746337890625

236th run
noise dimension : 27
noise type: discrete
torch.Size([90000, 27])
original u-statistic:0.6432030200958252
p value proxy: 0.003322259057313204
result: 1.0
power_upto_now: 0.9576271176338196
noise variance: 336.6635437011719
average noise variance upto now: 337.3716125488281

237th run
noise dimension : 27
noise type: discrete
torch.Size([90000, 27])
original u-statistic:0.5972621440887451
p value proxy: 0.003322259057313204
result: 1.0
power_upto_now: 0.9578059315681458
noise variance: 336.6147766113281
average noise variance upto now: 337.3684387207031

238th run
noise dimension : 27
noise type: discrete
torch.Size([90000, 27])
original u-statistic:0.1905384063720703
p value proxy: 0.05647840350866318
result: 0.0
power_upto_now: 0.9537814855575562
noise variance: 336.68975830078125
average noise variance upto now: 337.3655700683594

239th run
noise dimension : 27
noise type: discrete
torch.Size([90000, 27])
original u-statistic:0.7335689067840576
p value proxy: 0.003322259057313204
result: 1.0
power_upto_now: 0.9539749026298523
noise variance: 337.2374572753906
average noise variance upto now: 337.3650207519531

240th run
noise dimension : 27
noise type: discrete
torch.Size([90000, 27])
original u-statistic:0.5620651245117188
p value proxy: 0.003322259057313204
result: 1.0
power_upto_now: 0.9541666507720947
noise variance: 336.69305419921875
average noise variance upto now: 337.3622741699219

241th run
noise dimension : 27
noise type: discrete
torch.Size([90000, 27])
original u-statistic:0.7064833641052246
p value proxy: 0.003322259057313204
result: 1.0
power_upto_now: 0.954356849193573
noise variance: 337.76312255859375
average noise variance upto now: 337.3638916015625

242th run
noise dimension : 27
noise type: discrete
torch.Size([90000, 27])
original u-statistic:0.9351673126220703
p value proxy: 0.003322259057313204
result: 1.0
power_upto_now: 0.9545454382896423
noise variance: 337.92034912109375
average noise variance upto now: 337.3661804199219

243th run
noise dimension : 27
noise type: discrete
torch.Size([90000, 27])
original u-statistic:0.5684785842895508
p value proxy: 0.003322259057313204
result: 1.0
power_upto_now: 0.9547325372695923
noise variance: 336.7762451171875
average noise variance upto now: 337.36376953125

244th run
noise dimension : 27
noise type: discrete
torch.Size([90000, 27])
original u-statistic:0.5403366088867188
p value proxy: 0.003322259057313204
result: 1.0
power_upto_now: 0.9549180269241333
noise variance: 337.4163513183594
average noise variance upto now: 337.364013671875

245th run
noise dimension : 27
noise type: discrete
torch.Size([90000, 27])
original u-statistic:0.21822333335876465
p value proxy: 0.03654484823346138
result: 1.0
power_upto_now: 0.9551020264625549
noise variance: 336.74609375
average noise variance upto now: 337.3614501953125

246th run
noise dimension : 27
noise type: discrete
torch.Size([90000, 27])
original u-statistic:0.4316835403442383
p value proxy: 0.006644518114626408
result: 1.0
power_upto_now: 0.9552845358848572
noise variance: 337.6895446777344
average noise variance upto now: 337.3628234863281

247th run
noise dimension : 27
noise type: discrete
torch.Size([90000, 27])
original u-statistic:0.3496513366699219
p value proxy: 0.006644518114626408
result: 1.0
power_upto_now: 0.9554656147956848
noise variance: 337.5943298339844
average noise variance upto now: 337.36376953125

248th run
noise dimension : 27
noise type: discrete
torch.Size([90000, 27])
original u-statistic:0.41904664039611816
p value proxy: 0.006644518114626408
result: 1.0
power_upto_now: 0.9556451439857483
noise variance: 338.01611328125
average noise variance upto now: 337.3663635253906

249th run
noise dimension : 27
noise type: discrete
torch.Size([90000, 27])
original u-statistic:0.8689980506896973
p value proxy: 0.003322259057313204
result: 1.0
power_upto_now: 0.9558233022689819
noise variance: 337.67047119140625
average noise variance upto now: 337.3675842285156

250th run
noise dimension : 27
noise type: discrete
torch.Size([90000, 27])
original u-statistic:0.4611074924468994
p value proxy: 0.006644518114626408
result: 1.0
power_upto_now: 0.9559999704360962
noise variance: 336.1341552734375
average noise variance upto now: 337.3626708984375

251th run
noise dimension : 27
noise type: discrete
torch.Size([90000, 27])
original u-statistic:0.44403791427612305
p value proxy: 0.003322259057313204
result: 1.0
power_upto_now: 0.9561753273010254
noise variance: 337.8600769042969
average noise variance upto now: 337.3646545410156

252th run
noise dimension : 27
noise type: discrete
torch.Size([90000, 27])
original u-statistic:0.5173633098602295
p value proxy: 0.003322259057313204
result: 1.0
power_upto_now: 0.9563491940498352
noise variance: 337.4817810058594
average noise variance upto now: 337.3651123046875

253th run
noise dimension : 27
noise type: discrete
torch.Size([90000, 27])
original u-statistic:0.7894470691680908
p value proxy: 0.003322259057313204
result: 1.0
power_upto_now: 0.95652174949646
noise variance: 337.10845947265625
average noise variance upto now: 337.3641052246094

254th run
noise dimension : 27
noise type: discrete
torch.Size([90000, 27])
original u-statistic:0.839623212814331
p value proxy: 0.003322259057313204
result: 1.0
power_upto_now: 0.9566929340362549
noise variance: 337.9609069824219
average noise variance upto now: 337.366455078125

255th run
noise dimension : 27
noise type: discrete
torch.Size([90000, 27])
original u-statistic:0.33826303482055664
p value proxy: 0.009966777637600899
result: 1.0
power_upto_now: 0.95686274766922
noise variance: 337.4592590332031
average noise variance upto now: 337.3668212890625

256th run
noise dimension : 27
noise type: discrete
torch.Size([90000, 27])
original u-statistic:0.8579375743865967
p value proxy: 0.003322259057313204
result: 1.0
power_upto_now: 0.95703125
noise variance: 338.10430908203125
average noise variance upto now: 337.3696594238281

257th run
noise dimension : 27
noise type: discrete
torch.Size([90000, 27])
original u-statistic:0.2977588176727295
p value proxy: 0.016611294820904732
result: 1.0
power_upto_now: 0.957198441028595
noise variance: 336.9195251464844
average noise variance upto now: 337.367919921875

258th run
noise dimension : 27
noise type: discrete
torch.Size([90000, 27])
original u-statistic:0.9558639526367188
p value proxy: 0.003322259057313204
result: 1.0
power_upto_now: 0.9573643207550049
noise variance: 337.8295593261719
average noise variance upto now: 337.36968994140625

259th run
noise dimension : 27
noise type: discrete
torch.Size([90000, 27])
original u-statistic:0.6395196914672852
p value proxy: 0.003322259057313204
result: 1.0
power_upto_now: 0.9575289487838745
noise variance: 337.1228332519531
average noise variance upto now: 337.36871337890625

260th run
noise dimension : 27
noise type: discrete
torch.Size([90000, 27])
original u-statistic:0.26734161376953125
p value proxy: 0.033222589641809464
result: 1.0
power_upto_now: 0.9576923251152039
noise variance: 338.36248779296875
average noise variance upto now: 337.37255859375

261th run
noise dimension : 27
noise type: discrete
torch.Size([90000, 27])
original u-statistic:0.3801712989807129
p value proxy: 0.006644518114626408
result: 1.0
power_upto_now: 0.9578543901443481
noise variance: 337.3303527832031
average noise variance upto now: 337.3724060058594

262th run
noise dimension : 27
noise type: discrete
torch.Size([90000, 27])
original u-statistic:0.8325026035308838
p value proxy: 0.003322259057313204
result: 1.0
power_upto_now: 0.9580152630805969
noise variance: 337.4678955078125
average noise variance upto now: 337.3727722167969

263th run
noise dimension : 27
noise type: discrete
torch.Size([90000, 27])
original u-statistic:0.8188416957855225
p value proxy: 0.003322259057313204
result: 1.0
power_upto_now: 0.9581748843193054
noise variance: 337.1053771972656
average noise variance upto now: 337.3717346191406

264th run
noise dimension : 27
noise type: discrete
torch.Size([90000, 27])
original u-statistic:0.2596120834350586
p value proxy: 0.029900331050157547
result: 1.0
power_upto_now: 0.9583333134651184
noise variance: 337.4931640625
average noise variance upto now: 337.3722229003906

265th run
noise dimension : 27
noise type: discrete
torch.Size([90000, 27])
original u-statistic:0.48246121406555176
p value proxy: 0.003322259057313204
result: 1.0
power_upto_now: 0.9584905505180359
noise variance: 337.6206359863281
average noise variance upto now: 337.3731689453125

266th run
noise dimension : 27
noise type: discrete
torch.Size([90000, 27])
original u-statistic:0.2917056083679199
p value proxy: 0.006644518114626408
result: 1.0
power_upto_now: 0.9586465954780579
noise variance: 337.49127197265625
average noise variance upto now: 337.37359619140625

267th run
noise dimension : 27
noise type: discrete
torch.Size([90000, 27])
original u-statistic:0.49721527099609375
p value proxy: 0.003322259057313204
result: 1.0
power_upto_now: 0.9588015079498291
noise variance: 337.04425048828125
average noise variance upto now: 337.37237548828125

268th run
noise dimension : 27
noise type: discrete
torch.Size([90000, 27])
original u-statistic:0.7878551483154297
p value proxy: 0.003322259057313204
result: 1.0
power_upto_now: 0.9589552283287048
noise variance: 336.97222900390625
average noise variance upto now: 337.370849609375

269th run
noise dimension : 27
noise type: discrete
torch.Size([90000, 27])
original u-statistic:0.32767319679260254
p value proxy: 0.003322259057313204
result: 1.0
power_upto_now: 0.9591078162193298
noise variance: 336.64947509765625
average noise variance upto now: 337.3681945800781

270th run
noise dimension : 27
noise type: discrete
torch.Size([90000, 27])
original u-statistic:0.40651679039001465
p value proxy: 0.003322259057313204
result: 1.0
power_upto_now: 0.9592592716217041
noise variance: 337.50396728515625
average noise variance upto now: 337.3686828613281

271th run
noise dimension : 27
noise type: discrete
torch.Size([90000, 27])
original u-statistic:0.8445804119110107
p value proxy: 0.003322259057313204
result: 1.0
power_upto_now: 0.9594095945358276
noise variance: 337.5847473144531
average noise variance upto now: 337.3695373535156

272th run
noise dimension : 27
noise type: discrete
torch.Size([90000, 27])
original u-statistic:0.4127805233001709
p value proxy: 0.003322259057313204
result: 1.0
power_upto_now: 0.9595588445663452
noise variance: 337.7955627441406
average noise variance upto now: 337.3710632324219

273th run
noise dimension : 27
noise type: discrete
torch.Size([90000, 27])
original u-statistic:0.7737023830413818
p value proxy: 0.003322259057313204
result: 1.0
power_upto_now: 0.9597069621086121
noise variance: 337.292724609375
average noise variance upto now: 337.37078857421875

274th run
noise dimension : 27
noise type: discrete
torch.Size([90000, 27])
original u-statistic:0.46106600761413574
p value proxy: 0.003322259057313204
result: 1.0
power_upto_now: 0.959854006767273
noise variance: 337.51507568359375
average noise variance upto now: 337.3713073730469

275th run
noise dimension : 27
noise type: discrete
torch.Size([90000, 27])
original u-statistic:0.6657049655914307
p value proxy: 0.003322259057313204
result: 1.0
power_upto_now: 0.9599999785423279
noise variance: 337.3691101074219
average noise variance upto now: 337.37127685546875

276th run
noise dimension : 27
noise type: discrete
torch.Size([90000, 27])
original u-statistic:0.24271011352539062
p value proxy: 0.033222589641809464
result: 1.0
power_upto_now: 0.9601449370384216
noise variance: 337.07269287109375
average noise variance upto now: 337.3702087402344

277th run
noise dimension : 27
noise type: discrete
torch.Size([90000, 27])
original u-statistic:-0.05632185935974121
p value proxy: 0.6910299062728882
result: 0.0
power_upto_now: 0.9566786885261536
noise variance: 337.9277648925781
average noise variance upto now: 337.3722229003906

278th run
noise dimension : 27
noise type: discrete
torch.Size([90000, 27])
original u-statistic:0.7118356227874756
p value proxy: 0.003322259057313204
result: 1.0
power_upto_now: 0.9568345546722412
noise variance: 336.5000305175781
average noise variance upto now: 337.36907958984375

279th run
noise dimension : 27
noise type: discrete
torch.Size([90000, 27])
original u-statistic:0.5571446418762207
p value proxy: 0.003322259057313204
result: 1.0
power_upto_now: 0.9569892287254333
noise variance: 337.60345458984375
average noise variance upto now: 337.36993408203125

280th run
noise dimension : 27
noise type: discrete
torch.Size([90000, 27])
original u-statistic:0.697718620300293
p value proxy: 0.003322259057313204
result: 1.0
power_upto_now: 0.9571428298950195
noise variance: 337.2222595214844
average noise variance upto now: 337.3693542480469

281th run
noise dimension : 27
noise type: discrete
torch.Size([90000, 27])
original u-statistic:0.55655837059021
p value proxy: 0.003322259057313204
result: 1.0
power_upto_now: 0.9572953581809998
noise variance: 337.9794616699219
average noise variance upto now: 337.3715515136719

282th run
noise dimension : 27
noise type: discrete
torch.Size([90000, 27])
original u-statistic:0.23043417930603027
p value proxy: 0.049833886325359344
result: 1.0
power_upto_now: 0.957446813583374
noise variance: 338.2735595703125
average noise variance upto now: 337.3747863769531

283th run
noise dimension : 27
noise type: discrete
torch.Size([90000, 27])
original u-statistic:0.4186229705810547
p value proxy: 0.003322259057313204
result: 1.0
power_upto_now: 0.9575971961021423
noise variance: 337.558349609375
average noise variance upto now: 337.3753967285156

284th run
noise dimension : 27
noise type: discrete
torch.Size([90000, 27])
original u-statistic:0.5385937690734863
p value proxy: 0.003322259057313204
result: 1.0
power_upto_now: 0.9577465057373047
noise variance: 338.0146789550781
average noise variance upto now: 337.3776550292969

285th run
noise dimension : 27
noise type: discrete
torch.Size([90000, 27])
original u-statistic:0.23531770706176758
p value proxy: 0.023255813866853714
result: 1.0
power_upto_now: 0.9578947424888611
noise variance: 336.9692077636719
average noise variance upto now: 337.376220703125

286th run
noise dimension : 27
noise type: discrete
torch.Size([90000, 27])
original u-statistic:0.7990624904632568
p value proxy: 0.003322259057313204
result: 1.0
power_upto_now: 0.9580419659614563
noise variance: 337.2999267578125
average noise variance upto now: 337.3759765625

287th run
noise dimension : 27
noise type: discrete
torch.Size([90000, 27])
original u-statistic:0.5994584560394287
p value proxy: 0.003322259057313204
result: 1.0
power_upto_now: 0.9581881761550903
noise variance: 337.50164794921875
average noise variance upto now: 337.37640380859375

288th run
noise dimension : 27
noise type: discrete
torch.Size([90000, 27])
original u-statistic:0.28085851669311523
p value proxy: 0.023255813866853714
result: 1.0
power_upto_now: 0.9583333134651184
noise variance: 337.2534484863281
average noise variance upto now: 337.3759765625

289th run
noise dimension : 27
noise type: discrete
torch.Size([90000, 27])
original u-statistic:1.2026777267456055
p value proxy: 0.003322259057313204
result: 1.0
power_upto_now: 0.9584774971008301
noise variance: 336.971923828125
average noise variance upto now: 337.3746032714844

290th run
noise dimension : 27
noise type: discrete
torch.Size([90000, 27])
original u-statistic:0.39853358268737793
p value proxy: 0.003322259057313204
result: 1.0
power_upto_now: 0.9586206674575806
noise variance: 337.62548828125
average noise variance upto now: 337.3754577636719

291th run
noise dimension : 27
noise type: discrete
torch.Size([90000, 27])
original u-statistic:0.4048631191253662
p value proxy: 0.003322259057313204
result: 1.0
power_upto_now: 0.9587628841400146
noise variance: 337.6949768066406
average noise variance upto now: 337.3765563964844

292th run
noise dimension : 27
noise type: discrete
torch.Size([90000, 27])
original u-statistic:0.7893335819244385
p value proxy: 0.003322259057313204
result: 1.0
power_upto_now: 0.9589040875434875
noise variance: 337.08441162109375
average noise variance upto now: 337.37554931640625

293th run
noise dimension : 27
noise type: discrete
torch.Size([90000, 27])
original u-statistic:0.3550593852996826
p value proxy: 0.023255813866853714
result: 1.0
power_upto_now: 0.9590443968772888
noise variance: 337.73675537109375
average noise variance upto now: 337.3768005371094

294th run
noise dimension : 27
noise type: discrete
torch.Size([90000, 27])
original u-statistic:0.5085301399230957
