job started
cuda available: True
code run on device:: cuda:0

simulation started at = 2022-07-09 19:55:58.747761 

n1 = 50000, n2 = 50000,

kappa = 3, alpha = 0.8,

gamma = 0.05, nTests = 500,

B = 300, d = 3

sigma_1
tensor([[1.0000, 0.5000, 0.5000],
        [0.5000, 1.0000, 0.5000],
        [0.5000, 0.5000, 1.0000]], device='cuda:0')
sigma_2
tensor([[5.0000, 2.5000, 2.5000],
        [2.5000, 5.0000, 2.5000],
        [2.5000, 2.5000, 5.0000]], device='cuda:0')

1th run
noise dimension : 27
noise type: discrete
torch.Size([100000, 27])
original u-statistic:0.5426480770111084
p value proxy: 0.003322259057313204
result: 1.0
power_upto_now: 1.0
noise variance: 337.51788330078125
average noise variance upto now: 337.51788330078125

2th run
noise dimension : 27
noise type: discrete
torch.Size([100000, 27])
original u-statistic:0.5581834316253662
p value proxy: 0.003322259057313204
result: 1.0
power_upto_now: 1.0
noise variance: 338.45965576171875
average noise variance upto now: 337.98876953125

3th run
noise dimension : 27
noise type: discrete
torch.Size([100000, 27])
original u-statistic:0.8540287017822266
p value proxy: 0.003322259057313204
result: 1.0
power_upto_now: 1.0
noise variance: 337.776611328125
average noise variance upto now: 337.9180603027344

4th run
noise dimension : 27
noise type: discrete
torch.Size([100000, 27])
original u-statistic:0.5640642642974854
p value proxy: 0.003322259057313204
result: 1.0
power_upto_now: 1.0
noise variance: 337.4595031738281
average noise variance upto now: 337.80340576171875

5th run
noise dimension : 27
noise type: discrete
torch.Size([100000, 27])
original u-statistic:0.4779043197631836
p value proxy: 0.003322259057313204
result: 1.0
power_upto_now: 1.0
noise variance: 338.48114013671875
average noise variance upto now: 337.93896484375

6th run
noise dimension : 27
noise type: discrete
torch.Size([100000, 27])
original u-statistic:0.6146411895751953
p value proxy: 0.003322259057313204
result: 1.0
power_upto_now: 1.0
noise variance: 337.53741455078125
average noise variance upto now: 337.8720397949219

7th run
noise dimension : 27
noise type: discrete
torch.Size([100000, 27])
original u-statistic:0.5559530258178711
p value proxy: 0.003322259057313204
result: 1.0
power_upto_now: 1.0
noise variance: 337.403564453125
average noise variance upto now: 337.80511474609375

8th run
noise dimension : 27
noise type: discrete
torch.Size([100000, 27])
original u-statistic:0.7126843929290771
p value proxy: 0.003322259057313204
result: 1.0
power_upto_now: 1.0
noise variance: 337.2059020996094
average noise variance upto now: 337.7301940917969

9th run
noise dimension : 27
noise type: discrete
torch.Size([100000, 27])
original u-statistic:0.7561883926391602
p value proxy: 0.003322259057313204
result: 1.0
power_upto_now: 1.0
noise variance: 337.1952819824219
average noise variance upto now: 337.6707763671875

10th run
noise dimension : 27
noise type: discrete
torch.Size([100000, 27])
original u-statistic:0.6793067455291748
p value proxy: 0.003322259057313204
result: 1.0
power_upto_now: 1.0
noise variance: 337.7010803222656
average noise variance upto now: 337.67376708984375

11th run
noise dimension : 27
noise type: discrete
torch.Size([100000, 27])
original u-statistic:0.5949568748474121
p value proxy: 0.003322259057313204
result: 1.0
power_upto_now: 1.0
noise variance: 337.50909423828125
average noise variance upto now: 337.6588134765625

12th run
noise dimension : 27
noise type: discrete
torch.Size([100000, 27])
original u-statistic:0.2702767848968506
p value proxy: 0.009966777637600899
result: 1.0
power_upto_now: 1.0
noise variance: 337.1815490722656
average noise variance upto now: 337.6190490722656

13th run
noise dimension : 27
noise type: discrete
torch.Size([100000, 27])
original u-statistic:0.4582784175872803
p value proxy: 0.003322259057313204
result: 1.0
power_upto_now: 1.0
noise variance: 337.0274658203125
average noise variance upto now: 337.57354736328125

14th run
noise dimension : 27
noise type: discrete
torch.Size([100000, 27])
original u-statistic:0.5206000804901123
p value proxy: 0.003322259057313204
result: 1.0
power_upto_now: 1.0
noise variance: 337.5615234375
average noise variance upto now: 337.57269287109375

15th run
noise dimension : 27
noise type: discrete
torch.Size([100000, 27])
original u-statistic:0.3155083656311035
p value proxy: 0.003322259057313204
result: 1.0
power_upto_now: 1.0
noise variance: 336.6652526855469
average noise variance upto now: 337.5122375488281

16th run
noise dimension : 27
noise type: discrete
torch.Size([100000, 27])
original u-statistic:0.10200691223144531
p value proxy: 0.1661129593849182
result: 0.0
power_upto_now: 0.9375
noise variance: 337.0436706542969
average noise variance upto now: 337.48291015625

17th run
noise dimension : 27
noise type: discrete
torch.Size([100000, 27])
original u-statistic:0.44890809059143066
p value proxy: 0.003322259057313204
result: 1.0
power_upto_now: 0.9411764740943909
noise variance: 337.478271484375
average noise variance upto now: 337.482666015625

18th run
noise dimension : 27
noise type: discrete
torch.Size([100000, 27])
original u-statistic:0.4412667751312256
p value proxy: 0.009966777637600899
result: 1.0
power_upto_now: 0.9444444179534912
noise variance: 336.95245361328125
average noise variance upto now: 337.45318603515625

19th run
noise dimension : 27
noise type: discrete
torch.Size([100000, 27])
original u-statistic:0.40891361236572266
p value proxy: 0.003322259057313204
result: 1.0
power_upto_now: 0.9473684430122375
noise variance: 336.9870300292969
average noise variance upto now: 337.42864990234375

20th run
noise dimension : 27
noise type: discrete
torch.Size([100000, 27])
original u-statistic:0.6871440410614014
p value proxy: 0.003322259057313204
result: 1.0
power_upto_now: 0.949999988079071
noise variance: 337.3161315917969
average noise variance upto now: 337.42303466796875

21th run
noise dimension : 27
noise type: discrete
torch.Size([100000, 27])
original u-statistic:0.601844072341919
p value proxy: 0.003322259057313204
result: 1.0
power_upto_now: 0.9523809552192688
noise variance: 335.8912658691406
average noise variance upto now: 337.35009765625

22th run
noise dimension : 27
noise type: discrete
torch.Size([100000, 27])
original u-statistic:0.4369082450866699
p value proxy: 0.003322259057313204
result: 1.0
power_upto_now: 0.9545454382896423
noise variance: 336.92962646484375
average noise variance upto now: 337.33099365234375

23th run
noise dimension : 27
noise type: discrete
torch.Size([100000, 27])
original u-statistic:0.275162935256958
p value proxy: 0.013289036229252815
result: 1.0
power_upto_now: 0.95652174949646
noise variance: 337.150634765625
average noise variance upto now: 337.3231506347656

24th run
noise dimension : 27
noise type: discrete
torch.Size([100000, 27])
original u-statistic:0.4319314956665039
p value proxy: 0.003322259057313204
result: 1.0
power_upto_now: 0.9583333134651184
noise variance: 336.33758544921875
average noise variance upto now: 337.2820739746094

25th run
noise dimension : 27
noise type: discrete
torch.Size([100000, 27])
original u-statistic:0.6201732158660889
p value proxy: 0.003322259057313204
result: 1.0
power_upto_now: 0.9599999785423279
noise variance: 337.5649108886719
average noise variance upto now: 337.29339599609375

26th run
noise dimension : 27
noise type: discrete
torch.Size([100000, 27])
original u-statistic:0.29748058319091797
p value proxy: 0.006644518114626408
result: 1.0
power_upto_now: 0.9615384340286255
noise variance: 337.70672607421875
average noise variance upto now: 337.30926513671875

27th run
noise dimension : 27
noise type: discrete
torch.Size([100000, 27])
original u-statistic:0.3845863342285156
p value proxy: 0.003322259057313204
result: 1.0
power_upto_now: 0.9629629850387573
noise variance: 337.3104553222656
average noise variance upto now: 337.309326171875

28th run
noise dimension : 27
noise type: discrete
torch.Size([100000, 27])
original u-statistic:0.5080127716064453
p value proxy: 0.003322259057313204
result: 1.0
power_upto_now: 0.9642857313156128
noise variance: 337.5225830078125
average noise variance upto now: 337.3169250488281

29th run
noise dimension : 27
noise type: discrete
torch.Size([100000, 27])
original u-statistic:0.42479395866394043
p value proxy: 0.003322259057313204
result: 1.0
power_upto_now: 0.9655172228813171
noise variance: 337.1867370605469
average noise variance upto now: 337.3124694824219

30th run
noise dimension : 27
noise type: discrete
torch.Size([100000, 27])
original u-statistic:0.4702785015106201
p value proxy: 0.003322259057313204
result: 1.0
power_upto_now: 0.9666666388511658
noise variance: 337.7870178222656
average noise variance upto now: 337.3282470703125

31th run
noise dimension : 27
noise type: discrete
torch.Size([100000, 27])
original u-statistic:0.732177734375
p value proxy: 0.003322259057313204
result: 1.0
power_upto_now: 0.9677419066429138
noise variance: 337.35394287109375
average noise variance upto now: 337.3291015625

32th run
noise dimension : 27
noise type: discrete
torch.Size([100000, 27])
original u-statistic:0.4549071788787842
p value proxy: 0.003322259057313204
result: 1.0
power_upto_now: 0.96875
noise variance: 336.83978271484375
average noise variance upto now: 337.31378173828125

33th run
noise dimension : 27
noise type: discrete
torch.Size([100000, 27])
original u-statistic:0.4628324508666992
p value proxy: 0.003322259057313204
result: 1.0
power_upto_now: 0.9696969985961914
noise variance: 336.8360290527344
average noise variance upto now: 337.29931640625

34th run
noise dimension : 27
noise type: discrete
torch.Size([100000, 27])
original u-statistic:0.46161365509033203
p value proxy: 0.003322259057313204
result: 1.0
power_upto_now: 0.970588207244873
noise variance: 337.1058654785156
average noise variance upto now: 337.29364013671875

35th run
noise dimension : 27
noise type: discrete
torch.Size([100000, 27])
original u-statistic:0.68312668800354
p value proxy: 0.003322259057313204
result: 1.0
power_upto_now: 0.9714285731315613
noise variance: 337.2114562988281
average noise variance upto now: 337.291259765625

36th run
noise dimension : 27
noise type: discrete
torch.Size([100000, 27])
original u-statistic:0.7761008739471436
p value proxy: 0.003322259057313204
result: 1.0
power_upto_now: 0.9722222089767456
noise variance: 337.32965087890625
average noise variance upto now: 337.2923583984375

37th run
noise dimension : 27
noise type: discrete
torch.Size([100000, 27])
original u-statistic:0.677236795425415
p value proxy: 0.003322259057313204
result: 1.0
power_upto_now: 0.9729729890823364
noise variance: 337.260009765625
average noise variance upto now: 337.2914733886719

38th run
noise dimension : 27
noise type: discrete
torch.Size([100000, 27])
original u-statistic:0.40621232986450195
p value proxy: 0.003322259057313204
result: 1.0
power_upto_now: 0.9736841917037964
noise variance: 336.8132629394531
average noise variance upto now: 337.2789001464844

39th run
noise dimension : 27
noise type: discrete
torch.Size([100000, 27])
original u-statistic:0.5771303176879883
p value proxy: 0.003322259057313204
result: 1.0
power_upto_now: 0.9743589758872986
noise variance: 337.3111572265625
average noise variance upto now: 337.2796936035156

40th run
noise dimension : 27
noise type: discrete
torch.Size([100000, 27])
original u-statistic:0.23004603385925293
p value proxy: 0.016611294820904732
result: 1.0
power_upto_now: 0.9750000238418579
noise variance: 337.4372253417969
average noise variance upto now: 337.2836608886719

41th run
noise dimension : 27
noise type: discrete
torch.Size([100000, 27])
original u-statistic:0.506439208984375
p value proxy: 0.003322259057313204
result: 1.0
power_upto_now: 0.9756097793579102
noise variance: 336.9106140136719
average noise variance upto now: 337.2745666503906

42th run
noise dimension : 27
noise type: discrete
torch.Size([100000, 27])
original u-statistic:0.535123348236084
p value proxy: 0.003322259057313204
result: 1.0
power_upto_now: 0.976190447807312
noise variance: 337.785400390625
average noise variance upto now: 337.2867431640625

43th run
noise dimension : 27
noise type: discrete
torch.Size([100000, 27])
original u-statistic:0.49985790252685547
p value proxy: 0.003322259057313204
result: 1.0
power_upto_now: 0.9767441749572754
noise variance: 337.295166015625
average noise variance upto now: 337.28692626953125

44th run
noise dimension : 27
noise type: discrete
torch.Size([100000, 27])
original u-statistic:0.7758603096008301
p value proxy: 0.003322259057313204
result: 1.0
power_upto_now: 0.9772727489471436
noise variance: 337.7088928222656
average noise variance upto now: 337.2965087890625

45th run
noise dimension : 27
noise type: discrete
torch.Size([100000, 27])
original u-statistic:0.7326323986053467
p value proxy: 0.003322259057313204
result: 1.0
power_upto_now: 0.9777777791023254
noise variance: 337.3010559082031
average noise variance upto now: 337.2966003417969

46th run
noise dimension : 27
noise type: discrete
torch.Size([100000, 27])
original u-statistic:0.540604829788208
p value proxy: 0.003322259057313204
result: 1.0
power_upto_now: 0.97826087474823
noise variance: 337.3277893066406
average noise variance upto now: 337.29730224609375

47th run
noise dimension : 27
noise type: discrete
torch.Size([100000, 27])
original u-statistic:0.4336097240447998
p value proxy: 0.003322259057313204
result: 1.0
power_upto_now: 0.978723406791687
noise variance: 337.1782531738281
average noise variance upto now: 337.2947692871094

48th run
noise dimension : 27
noise type: discrete
torch.Size([100000, 27])
original u-statistic:0.6555972099304199
p value proxy: 0.003322259057313204
result: 1.0
power_upto_now: 0.9791666865348816
noise variance: 336.9173278808594
average noise variance upto now: 337.2868957519531

49th run
noise dimension : 27
noise type: discrete
torch.Size([100000, 27])
original u-statistic:0.4872701168060303
p value proxy: 0.003322259057313204
result: 1.0
power_upto_now: 0.9795918464660645
noise variance: 337.1922912597656
average noise variance upto now: 337.2849426269531

50th run
noise dimension : 27
noise type: discrete
torch.Size([100000, 27])
original u-statistic:0.7436797618865967
p value proxy: 0.003322259057313204
result: 1.0
power_upto_now: 0.9800000190734863
noise variance: 337.90533447265625
average noise variance upto now: 337.2973937988281

51th run
noise dimension : 27
noise type: discrete
torch.Size([100000, 27])
original u-statistic:0.32152605056762695
p value proxy: 0.003322259057313204
result: 1.0
power_upto_now: 0.9803921580314636
noise variance: 336.82696533203125
average noise variance upto now: 337.28814697265625

52th run
noise dimension : 27
noise type: discrete
torch.Size([100000, 27])
original u-statistic:0.7703876495361328
p value proxy: 0.003322259057313204
result: 1.0
power_upto_now: 0.9807692170143127
noise variance: 337.3474426269531
average noise variance upto now: 337.2892761230469

53th run
noise dimension : 27
noise type: discrete
torch.Size([100000, 27])
original u-statistic:0.4342827796936035
p value proxy: 0.003322259057313204
result: 1.0
power_upto_now: 0.9811320900917053
noise variance: 337.72979736328125
average noise variance upto now: 337.297607421875

54th run
noise dimension : 27
noise type: discrete
torch.Size([100000, 27])
original u-statistic:0.2810847759246826
p value proxy: 0.019933555275201797
result: 1.0
power_upto_now: 0.9814814925193787
noise variance: 337.07440185546875
average noise variance upto now: 337.2934875488281

55th run
noise dimension : 27
noise type: discrete
torch.Size([100000, 27])
original u-statistic:0.617694616317749
p value proxy: 0.003322259057313204
result: 1.0
power_upto_now: 0.9818181991577148
noise variance: 338.1449890136719
average noise variance upto now: 337.3089599609375

56th run
noise dimension : 27
noise type: discrete
torch.Size([100000, 27])
original u-statistic:0.17981386184692383
p value proxy: 0.04318936914205551
result: 1.0
power_upto_now: 0.9821428656578064
noise variance: 337.4234619140625
average noise variance upto now: 337.31097412109375

57th run
noise dimension : 27
noise type: discrete
torch.Size([100000, 27])
original u-statistic:0.3603830337524414
p value proxy: 0.003322259057313204
result: 1.0
power_upto_now: 0.9824561476707458
noise variance: 337.6263732910156
average noise variance upto now: 337.3164978027344

58th run
noise dimension : 27
noise type: discrete
torch.Size([100000, 27])
original u-statistic:0.17613697052001953
p value proxy: 0.04651162773370743
result: 1.0
power_upto_now: 0.982758641242981
noise variance: 336.80438232421875
average noise variance upto now: 337.30767822265625

59th run
noise dimension : 27
noise type: discrete
torch.Size([100000, 27])
original u-statistic:0.7330789566040039
p value proxy: 0.003322259057313204
result: 1.0
power_upto_now: 0.9830508232116699
noise variance: 336.9949035644531
average noise variance upto now: 337.3023681640625

60th run
noise dimension : 27
noise type: discrete
torch.Size([100000, 27])
original u-statistic:0.529731035232544
p value proxy: 0.003322259057313204
result: 1.0
power_upto_now: 0.9833333492279053
noise variance: 336.87188720703125
average noise variance upto now: 337.29522705078125

61th run
noise dimension : 27
noise type: discrete
torch.Size([100000, 27])
original u-statistic:0.47109341621398926
p value proxy: 0.003322259057313204
result: 1.0
power_upto_now: 0.9836065769195557
noise variance: 337.2007751464844
average noise variance upto now: 337.2936706542969

62th run
noise dimension : 27
noise type: discrete
torch.Size([100000, 27])
original u-statistic:0.6528005599975586
p value proxy: 0.003322259057313204
result: 1.0
power_upto_now: 0.9838709831237793
noise variance: 338.0314636230469
average noise variance upto now: 337.3055725097656

63th run
noise dimension : 27
noise type: discrete
torch.Size([100000, 27])
original u-statistic:0.2690010070800781
p value proxy: 0.019933555275201797
result: 1.0
power_upto_now: 0.9841269850730896
noise variance: 337.4407043457031
average noise variance upto now: 337.3077087402344

64th run
noise dimension : 27
noise type: discrete
torch.Size([100000, 27])
original u-statistic:0.6102285385131836
p value proxy: 0.003322259057313204
result: 1.0
power_upto_now: 0.984375
noise variance: 336.5882568359375
average noise variance upto now: 337.29644775390625

65th run
noise dimension : 27
noise type: discrete
torch.Size([100000, 27])
original u-statistic:0.488706111907959
p value proxy: 0.003322259057313204
result: 1.0
power_upto_now: 0.9846153855323792
noise variance: 338.22320556640625
average noise variance upto now: 337.31072998046875

66th run
noise dimension : 27
noise type: discrete
torch.Size([100000, 27])
original u-statistic:0.6055088043212891
p value proxy: 0.003322259057313204
result: 1.0
power_upto_now: 0.9848484992980957
noise variance: 339.08111572265625
average noise variance upto now: 337.3375549316406

67th run
noise dimension : 27
noise type: discrete
torch.Size([100000, 27])
original u-statistic:0.37403011322021484
p value proxy: 0.003322259057313204
result: 1.0
power_upto_now: 0.9850746393203735
noise variance: 337.4064636230469
average noise variance upto now: 337.3385925292969

68th run
noise dimension : 27
noise type: discrete
torch.Size([100000, 27])
original u-statistic:0.8304958343505859
p value proxy: 0.003322259057313204
result: 1.0
power_upto_now: 0.9852941036224365
noise variance: 337.71624755859375
average noise variance upto now: 337.3441162109375

69th run
noise dimension : 27
noise type: discrete
torch.Size([100000, 27])
original u-statistic:0.38880109786987305
p value proxy: 0.003322259057313204
result: 1.0
power_upto_now: 0.9855072498321533
noise variance: 338.91204833984375
average noise variance upto now: 337.3668518066406

70th run
noise dimension : 27
noise type: discrete
torch.Size([100000, 27])
original u-statistic:0.8180973529815674
p value proxy: 0.003322259057313204
result: 1.0
power_upto_now: 0.9857142567634583
noise variance: 338.1383361816406
average noise variance upto now: 337.37786865234375

71th run
noise dimension : 27
noise type: discrete
torch.Size([100000, 27])
original u-statistic:0.5387473106384277
p value proxy: 0.003322259057313204
result: 1.0
power_upto_now: 0.98591548204422
noise variance: 337.9818115234375
average noise variance upto now: 337.3863830566406

72th run
noise dimension : 27
noise type: discrete
torch.Size([100000, 27])
original u-statistic:0.6782588958740234
p value proxy: 0.003322259057313204
result: 1.0
power_upto_now: 0.9861111044883728
noise variance: 337.3770751953125
average noise variance upto now: 337.3862609863281

73th run
noise dimension : 27
noise type: discrete
torch.Size([100000, 27])
original u-statistic:0.33675408363342285
p value proxy: 0.003322259057313204
result: 1.0
power_upto_now: 0.9863013625144958
noise variance: 337.8126525878906
average noise variance upto now: 337.39208984375

74th run
noise dimension : 27
noise type: discrete
torch.Size([100000, 27])
original u-statistic:0.5723278522491455
p value proxy: 0.003322259057313204
result: 1.0
power_upto_now: 0.9864864945411682
noise variance: 337.0834045410156
average noise variance upto now: 337.387939453125

75th run
noise dimension : 27
noise type: discrete
torch.Size([100000, 27])
original u-statistic:0.1531538963317871
p value proxy: 0.10631228983402252
result: 0.0
power_upto_now: 0.9733333587646484
noise variance: 337.3764953613281
average noise variance upto now: 337.3877868652344

76th run
noise dimension : 27
noise type: discrete
torch.Size([100000, 27])
original u-statistic:0.48525023460388184
p value proxy: 0.003322259057313204
result: 1.0
power_upto_now: 0.9736841917037964
noise variance: 337.5539245605469
average noise variance upto now: 337.3899841308594

77th run
noise dimension : 27
noise type: discrete
torch.Size([100000, 27])
original u-statistic:0.7552709579467773
p value proxy: 0.003322259057313204
result: 1.0
power_upto_now: 0.9740259647369385
noise variance: 337.6298522949219
average noise variance upto now: 337.3930969238281

78th run
noise dimension : 27
noise type: discrete
torch.Size([100000, 27])
original u-statistic:0.42989659309387207
p value proxy: 0.003322259057313204
result: 1.0
power_upto_now: 0.9743589758872986
noise variance: 337.873779296875
average noise variance upto now: 337.3992614746094

79th run
noise dimension : 27
noise type: discrete
torch.Size([100000, 27])
original u-statistic:0.6224579811096191
p value proxy: 0.003322259057313204
result: 1.0
power_upto_now: 0.9746835231781006
noise variance: 338.1991882324219
average noise variance upto now: 337.4093933105469

80th run
noise dimension : 27
noise type: discrete
torch.Size([100000, 27])
original u-statistic:0.6354584693908691
p value proxy: 0.003322259057313204
result: 1.0
power_upto_now: 0.9750000238418579
noise variance: 337.0088806152344
average noise variance upto now: 337.40435791015625

81th run
noise dimension : 27
noise type: discrete
torch.Size([100000, 27])
original u-statistic:0.7412557601928711
p value proxy: 0.003322259057313204
result: 1.0
power_upto_now: 0.9753086566925049
noise variance: 338.2604064941406
average noise variance upto now: 337.4149169921875

82th run
noise dimension : 27
noise type: discrete
torch.Size([100000, 27])
original u-statistic:0.34993839263916016
p value proxy: 0.006644518114626408
result: 1.0
power_upto_now: 0.9756097793579102
noise variance: 336.7876281738281
average noise variance upto now: 337.40728759765625

83th run
noise dimension : 27
noise type: discrete
torch.Size([100000, 27])
original u-statistic:0.7902932167053223
p value proxy: 0.003322259057313204
result: 1.0
power_upto_now: 0.9759036302566528
noise variance: 336.7688903808594
average noise variance upto now: 337.39959716796875

84th run
noise dimension : 27
noise type: discrete
torch.Size([100000, 27])
original u-statistic:0.7695152759552002
p value proxy: 0.003322259057313204
result: 1.0
power_upto_now: 0.976190447807312
noise variance: 337.3565368652344
average noise variance upto now: 337.3990783691406

85th run
noise dimension : 27
noise type: discrete
torch.Size([100000, 27])
original u-statistic:0.5231320858001709
p value proxy: 0.003322259057313204
result: 1.0
power_upto_now: 0.9764705896377563
noise variance: 336.7587585449219
average noise variance upto now: 337.39154052734375

86th run
noise dimension : 27
noise type: discrete
torch.Size([100000, 27])
original u-statistic:0.4266974925994873
p value proxy: 0.006644518114626408
result: 1.0
power_upto_now: 0.9767441749572754
noise variance: 336.6231384277344
average noise variance upto now: 337.3825988769531

87th run
noise dimension : 27
noise type: discrete
torch.Size([100000, 27])
original u-statistic:0.39621686935424805
p value proxy: 0.003322259057313204
result: 1.0
power_upto_now: 0.977011501789093
noise variance: 337.5010070800781
average noise variance upto now: 337.38397216796875

88th run
noise dimension : 27
noise type: discrete
torch.Size([100000, 27])
original u-statistic:0.6458473205566406
p value proxy: 0.003322259057313204
result: 1.0
power_upto_now: 0.9772727489471436
noise variance: 337.4892578125
average noise variance upto now: 337.3851623535156

89th run
noise dimension : 27
noise type: discrete
torch.Size([100000, 27])
original u-statistic:0.5376338958740234
p value proxy: 0.003322259057313204
result: 1.0
power_upto_now: 0.9775280952453613
noise variance: 337.45721435546875
average noise variance upto now: 337.385986328125

90th run
noise dimension : 27
noise type: discrete
torch.Size([100000, 27])
original u-statistic:0.5608997344970703
p value proxy: 0.003322259057313204
result: 1.0
power_upto_now: 0.9777777791023254
noise variance: 336.5411071777344
average noise variance upto now: 337.3765563964844

91th run
noise dimension : 27
noise type: discrete
torch.Size([100000, 27])
original u-statistic:0.5513319969177246
p value proxy: 0.003322259057313204
result: 1.0
power_upto_now: 0.9780219793319702
noise variance: 338.1880187988281
average noise variance upto now: 337.385498046875

92th run
noise dimension : 27
noise type: discrete
torch.Size([100000, 27])
original u-statistic:0.3307337760925293
p value proxy: 0.013289036229252815
result: 1.0
power_upto_now: 0.97826087474823
noise variance: 337.2630310058594
average noise variance upto now: 337.3841857910156

93th run
noise dimension : 27
noise type: discrete
torch.Size([100000, 27])
original u-statistic:0.4847123622894287
p value proxy: 0.003322259057313204
result: 1.0
power_upto_now: 0.9784946441650391
noise variance: 337.881103515625
average noise variance upto now: 337.3895263671875

94th run
noise dimension : 27
noise type: discrete
torch.Size([100000, 27])
original u-statistic:0.6084771156311035
p value proxy: 0.003322259057313204
result: 1.0
power_upto_now: 0.978723406791687
noise variance: 337.27923583984375
average noise variance upto now: 337.3883361816406

95th run
noise dimension : 27
noise type: discrete
torch.Size([100000, 27])
original u-statistic:0.8567667007446289
p value proxy: 0.003322259057313204
result: 1.0
power_upto_now: 0.9789473414421082
noise variance: 336.7022705078125
average noise variance upto now: 337.381103515625

96th run
noise dimension : 27
noise type: discrete
torch.Size([100000, 27])
original u-statistic:0.9467208385467529
p value proxy: 0.003322259057313204
result: 1.0
power_upto_now: 0.9791666865348816
noise variance: 337.44842529296875
average noise variance upto now: 337.3818054199219

97th run
noise dimension : 27
noise type: discrete
torch.Size([100000, 27])
original u-statistic:0.4705533981323242
p value proxy: 0.003322259057313204
result: 1.0
power_upto_now: 0.9793814420700073
noise variance: 336.9757995605469
average noise variance upto now: 337.37762451171875

98th run
noise dimension : 27
noise type: discrete
torch.Size([100000, 27])
original u-statistic:0.08933258056640625
p value proxy: 0.15282391011714935
result: 0.0
power_upto_now: 0.9693877696990967
noise variance: 337.6522521972656
average noise variance upto now: 337.38043212890625

99th run
noise dimension : 27
noise type: discrete
torch.Size([100000, 27])
original u-statistic:0.4123954772949219
p value proxy: 0.003322259057313204
result: 1.0
power_upto_now: 0.9696969985961914
noise variance: 335.6427001953125
average noise variance upto now: 337.3628845214844

100th run
noise dimension : 27
noise type: discrete
torch.Size([100000, 27])
original u-statistic:0.3241729736328125
p value proxy: 0.006644518114626408
result: 1.0
power_upto_now: 0.9700000286102295
noise variance: 338.0382995605469
average noise variance upto now: 337.3695983886719

101th run
noise dimension : 27
noise type: discrete
torch.Size([100000, 27])
original u-statistic:0.696650505065918
p value proxy: 0.003322259057313204
result: 1.0
power_upto_now: 0.9702970385551453
noise variance: 337.1590881347656
average noise variance upto now: 337.3675231933594

102th run
noise dimension : 27
noise type: discrete
torch.Size([100000, 27])
original u-statistic:0.48418688774108887
p value proxy: 0.003322259057313204
result: 1.0
power_upto_now: 0.970588207244873
noise variance: 336.7922668457031
average noise variance upto now: 337.3619079589844

103th run
noise dimension : 27
noise type: discrete
torch.Size([100000, 27])
original u-statistic:0.31170201301574707
p value proxy: 0.009966777637600899
result: 1.0
power_upto_now: 0.9708737730979919
noise variance: 336.85931396484375
average noise variance upto now: 337.3570251464844

104th run
noise dimension : 27
noise type: discrete
torch.Size([100000, 27])
original u-statistic:0.770482063293457
p value proxy: 0.003322259057313204
result: 1.0
power_upto_now: 0.9711538553237915
noise variance: 337.1697082519531
average noise variance upto now: 337.3552551269531

105th run
noise dimension : 27
noise type: discrete
torch.Size([100000, 27])
original u-statistic:0.5158758163452148
p value proxy: 0.003322259057313204
result: 1.0
power_upto_now: 0.9714285731315613
noise variance: 337.214599609375
average noise variance upto now: 337.3539123535156

106th run
noise dimension : 27
noise type: discrete
torch.Size([100000, 27])
original u-statistic:0.2862372398376465
p value proxy: 0.006644518114626408
result: 1.0
power_upto_now: 0.9716981053352356
noise variance: 337.2358093261719
average noise variance upto now: 337.352783203125

107th run
noise dimension : 27
noise type: discrete
torch.Size([100000, 27])
original u-statistic:0.30387043952941895
p value proxy: 0.009966777637600899
result: 1.0
power_upto_now: 0.9719626307487488
noise variance: 336.709716796875
average noise variance upto now: 337.3467712402344

108th run
noise dimension : 27
noise type: discrete
torch.Size([100000, 27])
original u-statistic:0.6899971961975098
p value proxy: 0.003322259057313204
result: 1.0
power_upto_now: 0.9722222089767456
noise variance: 337.07159423828125
average noise variance upto now: 337.3442077636719

109th run
noise dimension : 27
noise type: discrete
torch.Size([100000, 27])
original u-statistic:0.5167033672332764
p value proxy: 0.003322259057313204
result: 1.0
power_upto_now: 0.9724770784378052
noise variance: 337.33673095703125
average noise variance upto now: 337.3441467285156

110th run
noise dimension : 27
noise type: discrete
torch.Size([100000, 27])
original u-statistic:0.514519214630127
p value proxy: 0.003322259057313204
result: 1.0
power_upto_now: 0.9727272987365723
noise variance: 337.4203186035156
average noise variance upto now: 337.3448486328125

111th run
noise dimension : 27
noise type: discrete
torch.Size([100000, 27])
original u-statistic:0.3972818851470947
p value proxy: 0.003322259057313204
result: 1.0
power_upto_now: 0.9729729890823364
noise variance: 338.4614562988281
average noise variance upto now: 337.3548583984375

112th run
noise dimension : 27
noise type: discrete
torch.Size([100000, 27])
original u-statistic:1.0550727844238281
p value proxy: 0.003322259057313204
result: 1.0
power_upto_now: 0.9732142686843872
noise variance: 338.2799377441406
average noise variance upto now: 337.3631896972656

113th run
noise dimension : 27
noise type: discrete
torch.Size([100000, 27])
original u-statistic:0.7680528163909912
p value proxy: 0.003322259057313204
result: 1.0
power_upto_now: 0.9734513163566589
noise variance: 337.1604309082031
average noise variance upto now: 337.3613586425781

114th run
noise dimension : 27
noise type: discrete
torch.Size([100000, 27])
original u-statistic:0.630652904510498
p value proxy: 0.003322259057313204
result: 1.0
power_upto_now: 0.9736841917037964
noise variance: 336.78936767578125
average noise variance upto now: 337.3563232421875

115th run
noise dimension : 27
noise type: discrete
torch.Size([100000, 27])
original u-statistic:0.4311668872833252
p value proxy: 0.003322259057313204
result: 1.0
power_upto_now: 0.9739130139350891
noise variance: 336.9662780761719
average noise variance upto now: 337.35296630859375

116th run
noise dimension : 27
noise type: discrete
torch.Size([100000, 27])
original u-statistic:0.4224205017089844
p value proxy: 0.003322259057313204
result: 1.0
power_upto_now: 0.9741379022598267
noise variance: 337.2350769042969
average noise variance upto now: 337.3519287109375

117th run
noise dimension : 27
noise type: discrete
torch.Size([100000, 27])
original u-statistic:0.6232540607452393
p value proxy: 0.003322259057313204
result: 1.0
power_upto_now: 0.9743589758872986
noise variance: 337.95367431640625
average noise variance upto now: 337.3570861816406

118th run
noise dimension : 27
noise type: discrete
torch.Size([100000, 27])
original u-statistic:0.5706310272216797
p value proxy: 0.003322259057313204
result: 1.0
power_upto_now: 0.9745762944221497
noise variance: 337.9306335449219
average noise variance upto now: 337.3619384765625

119th run
noise dimension : 27
noise type: discrete
torch.Size([100000, 27])
original u-statistic:0.46857595443725586
p value proxy: 0.003322259057313204
result: 1.0
power_upto_now: 0.9747899174690247
noise variance: 337.3951721191406
average noise variance upto now: 337.36224365234375

120th run
noise dimension : 27
noise type: discrete
torch.Size([100000, 27])
original u-statistic:0.5479233264923096
p value proxy: 0.003322259057313204
result: 1.0
power_upto_now: 0.9750000238418579
noise variance: 338.1878967285156
average noise variance upto now: 337.3691101074219

121th run
noise dimension : 27
noise type: discrete
torch.Size([100000, 27])
original u-statistic:0.5264835357666016
p value proxy: 0.003322259057313204
result: 1.0
power_upto_now: 0.9752066135406494
noise variance: 337.4951477050781
average noise variance upto now: 337.3701477050781

122th run
noise dimension : 27
noise type: discrete
torch.Size([100000, 27])
original u-statistic:0.5174312591552734
p value proxy: 0.003322259057313204
result: 1.0
power_upto_now: 0.9754098653793335
noise variance: 337.2248840332031
average noise variance upto now: 337.3689880371094

123th run
noise dimension : 27
noise type: discrete
torch.Size([100000, 27])
original u-statistic:0.3985164165496826
p value proxy: 0.003322259057313204
result: 1.0
power_upto_now: 0.9756097793579102
noise variance: 337.2574157714844
average noise variance upto now: 337.3680419921875

124th run
noise dimension : 27
noise type: discrete
torch.Size([100000, 27])
original u-statistic:0.26425623893737793
p value proxy: 0.013289036229252815
result: 1.0
power_upto_now: 0.975806474685669
noise variance: 337.549072265625
average noise variance upto now: 337.3695068359375

125th run
noise dimension : 27
noise type: discrete
torch.Size([100000, 27])
original u-statistic:0.513930082321167
p value proxy: 0.003322259057313204
result: 1.0
power_upto_now: 0.9760000109672546
noise variance: 338.11474609375
average noise variance upto now: 337.3754577636719

126th run
noise dimension : 27
noise type: discrete
torch.Size([100000, 27])
original u-statistic:0.5386486053466797
p value proxy: 0.003322259057313204
result: 1.0
power_upto_now: 0.976190447807312
noise variance: 338.2037048339844
average noise variance upto now: 337.3820495605469

127th run
noise dimension : 27
noise type: discrete
torch.Size([100000, 27])
original u-statistic:0.7607131004333496
p value proxy: 0.003322259057313204
result: 1.0
power_upto_now: 0.9763779640197754
noise variance: 337.7861633300781
average noise variance upto now: 337.38525390625

128th run
noise dimension : 27
noise type: discrete
torch.Size([100000, 27])
original u-statistic:0.7860836982727051
p value proxy: 0.003322259057313204
result: 1.0
power_upto_now: 0.9765625
noise variance: 337.7718200683594
average noise variance upto now: 337.3882751464844

129th run
noise dimension : 27
noise type: discrete
torch.Size([100000, 27])
original u-statistic:0.6417930126190186
p value proxy: 0.003322259057313204
result: 1.0
power_upto_now: 0.9767441749572754
noise variance: 337.65032958984375
average noise variance upto now: 337.3902893066406

130th run
noise dimension : 27
noise type: discrete
torch.Size([100000, 27])
original u-statistic:0.367725133895874
p value proxy: 0.009966777637600899
result: 1.0
power_upto_now: 0.9769230484962463
noise variance: 336.56646728515625
average noise variance upto now: 337.3839416503906

131th run
noise dimension : 27
noise type: discrete
torch.Size([100000, 27])
original u-statistic:0.3898298740386963
p value proxy: 0.003322259057313204
result: 1.0
power_upto_now: 0.9770992398262024
noise variance: 337.98553466796875
average noise variance upto now: 337.3885498046875

132th run
noise dimension : 27
noise type: discrete
torch.Size([100000, 27])
original u-statistic:0.6812136173248291
p value proxy: 0.003322259057313204
result: 1.0
power_upto_now: 0.9772727489471436
noise variance: 337.3583679199219
average noise variance upto now: 337.3883056640625

133th run
noise dimension : 27
noise type: discrete
torch.Size([100000, 27])
original u-statistic:0.5677199363708496
p value proxy: 0.003322259057313204
result: 1.0
power_upto_now: 0.9774436354637146
noise variance: 338.582763671875
average noise variance upto now: 337.39727783203125

134th run
noise dimension : 27
noise type: discrete
torch.Size([100000, 27])
original u-statistic:0.28136301040649414
p value proxy: 0.009966777637600899
result: 1.0
power_upto_now: 0.9776119589805603
noise variance: 337.71380615234375
average noise variance upto now: 337.399658203125

135th run
noise dimension : 27
noise type: discrete
torch.Size([100000, 27])
original u-statistic:0.9428977966308594
p value proxy: 0.003322259057313204
result: 1.0
power_upto_now: 0.9777777791023254
noise variance: 337.0585021972656
average noise variance upto now: 337.3971252441406

136th run
noise dimension : 27
noise type: discrete
torch.Size([100000, 27])
original u-statistic:0.5223324298858643
p value proxy: 0.003322259057313204
result: 1.0
power_upto_now: 0.9779411554336548
noise variance: 337.66241455078125
average noise variance upto now: 337.3990783691406

137th run
noise dimension : 27
noise type: discrete
torch.Size([100000, 27])
original u-statistic:0.4269068241119385
p value proxy: 0.003322259057313204
result: 1.0
power_upto_now: 0.9781022071838379
noise variance: 336.56640625
average noise variance upto now: 337.39300537109375

138th run
noise dimension : 27
noise type: discrete
torch.Size([100000, 27])
original u-statistic:0.5241553783416748
p value proxy: 0.003322259057313204
result: 1.0
power_upto_now: 0.97826087474823
noise variance: 337.11199951171875
average noise variance upto now: 337.3909606933594

139th run
noise dimension : 27
noise type: discrete
torch.Size([100000, 27])
original u-statistic:0.5723533630371094
p value proxy: 0.003322259057313204
result: 1.0
power_upto_now: 0.9784172773361206
noise variance: 337.1769104003906
average noise variance upto now: 337.389404296875

140th run
noise dimension : 27
noise type: discrete
torch.Size([100000, 27])
original u-statistic:0.5299115180969238
p value proxy: 0.003322259057313204
result: 1.0
power_upto_now: 0.9785714149475098
noise variance: 337.3164978027344
average noise variance upto now: 337.3888854980469

141th run
noise dimension : 27
noise type: discrete
torch.Size([100000, 27])
original u-statistic:0.29840850830078125
p value proxy: 0.003322259057313204
result: 1.0
power_upto_now: 0.978723406791687
noise variance: 337.6263732910156
average noise variance upto now: 337.39056396484375

142th run
noise dimension : 27
noise type: discrete
torch.Size([100000, 27])
original u-statistic:0.6740610599517822
p value proxy: 0.003322259057313204
result: 1.0
power_upto_now: 0.9788732528686523
noise variance: 336.96343994140625
average noise variance upto now: 337.3875732421875

143th run
noise dimension : 27
noise type: discrete
torch.Size([100000, 27])
original u-statistic:0.8542828559875488
p value proxy: 0.003322259057313204
result: 1.0
power_upto_now: 0.9790209531784058
noise variance: 337.1228332519531
average noise variance upto now: 337.3857421875

144th run
noise dimension : 27
noise type: discrete
torch.Size([100000, 27])
original u-statistic:0.6250722408294678
p value proxy: 0.003322259057313204
result: 1.0
power_upto_now: 0.9791666865348816
noise variance: 337.2031555175781
average noise variance upto now: 337.3844299316406

145th run
noise dimension : 27
noise type: discrete
torch.Size([100000, 27])
original u-statistic:0.3371107578277588
p value proxy: 0.003322259057313204
result: 1.0
power_upto_now: 0.9793103337287903
noise variance: 337.49951171875
average noise variance upto now: 337.3852233886719

146th run
noise dimension : 27
noise type: discrete
torch.Size([100000, 27])
original u-statistic:0.5633246898651123
p value proxy: 0.003322259057313204
result: 1.0
power_upto_now: 0.9794520735740662
noise variance: 337.5135192871094
average noise variance upto now: 337.3861389160156

147th run
noise dimension : 27
noise type: discrete
torch.Size([100000, 27])
original u-statistic:0.2837100028991699
p value proxy: 0.009966777637600899
result: 1.0
power_upto_now: 0.9795918464660645
noise variance: 337.5621032714844
average noise variance upto now: 337.3872985839844

148th run
noise dimension : 27
noise type: discrete
torch.Size([100000, 27])
original u-statistic:0.5252931118011475
p value proxy: 0.003322259057313204
result: 1.0
power_upto_now: 0.9797297120094299
noise variance: 337.8932800292969
average noise variance upto now: 337.3907165527344

149th run
noise dimension : 27
noise type: discrete
torch.Size([100000, 27])
original u-statistic:0.42639827728271484
p value proxy: 0.006644518114626408
result: 1.0
power_upto_now: 0.9798657894134521
noise variance: 336.9912414550781
average noise variance upto now: 337.3880615234375

150th run
noise dimension : 27
noise type: discrete
torch.Size([100000, 27])
original u-statistic:0.864790678024292
p value proxy: 0.003322259057313204
result: 1.0
power_upto_now: 0.9800000190734863
noise variance: 337.8888854980469
average noise variance upto now: 337.3913879394531

151th run
noise dimension : 27
noise type: discrete
torch.Size([100000, 27])
original u-statistic:0.6498892307281494
p value proxy: 0.003322259057313204
result: 1.0
power_upto_now: 0.9801324605941772
noise variance: 338.4585876464844
average noise variance upto now: 337.3984680175781

152th run
noise dimension : 27
noise type: discrete
torch.Size([100000, 27])
original u-statistic:0.35448193550109863
p value proxy: 0.003322259057313204
result: 1.0
power_upto_now: 0.9802631735801697
noise variance: 337.64959716796875
average noise variance upto now: 337.400146484375

153th run
noise dimension : 27
noise type: discrete
torch.Size([100000, 27])
original u-statistic:0.5155937671661377
p value proxy: 0.003322259057313204
result: 1.0
power_upto_now: 0.9803921580314636
noise variance: 338.4874572753906
average noise variance upto now: 337.4072570800781

154th run
noise dimension : 27
noise type: discrete
torch.Size([100000, 27])
original u-statistic:0.47194838523864746
p value proxy: 0.003322259057313204
result: 1.0
power_upto_now: 0.9805194735527039
noise variance: 337.0122375488281
average noise variance upto now: 337.4046630859375

155th run
noise dimension : 27
noise type: discrete
torch.Size([100000, 27])
original u-statistic:0.7385354042053223
p value proxy: 0.003322259057313204
result: 1.0
power_upto_now: 0.9806451797485352
noise variance: 338.05487060546875
average noise variance upto now: 337.4089050292969

156th run
noise dimension : 27
noise type: discrete
torch.Size([100000, 27])
original u-statistic:0.413745641708374
p value proxy: 0.003322259057313204
result: 1.0
power_upto_now: 0.9807692170143127
noise variance: 337.24591064453125
average noise variance upto now: 337.4078369140625

157th run
noise dimension : 27
noise type: discrete
torch.Size([100000, 27])
original u-statistic:0.5662157535552979
p value proxy: 0.003322259057313204
result: 1.0
power_upto_now: 0.9808917045593262
noise variance: 337.99737548828125
average noise variance upto now: 337.4115905761719

158th run
noise dimension : 27
noise type: discrete
torch.Size([100000, 27])
original u-statistic:0.8544914722442627
p value proxy: 0.003322259057313204
result: 1.0
power_upto_now: 0.9810126423835754
noise variance: 337.4562072753906
average noise variance upto now: 337.4118957519531

159th run
noise dimension : 27
noise type: discrete
torch.Size([100000, 27])
original u-statistic:0.41664624214172363
p value proxy: 0.003322259057313204
result: 1.0
power_upto_now: 0.9811320900917053
noise variance: 336.71307373046875
average noise variance upto now: 337.407470703125

160th run
noise dimension : 27
noise type: discrete
torch.Size([100000, 27])
original u-statistic:0.5494942665100098
p value proxy: 0.003322259057313204
result: 1.0
power_upto_now: 0.981249988079071
noise variance: 337.4309997558594
average noise variance upto now: 337.4075927734375

161th run
noise dimension : 27
noise type: discrete
torch.Size([100000, 27])
original u-statistic:0.8424222469329834
p value proxy: 0.003322259057313204
result: 1.0
power_upto_now: 0.9813664555549622
noise variance: 336.9581298828125
average noise variance upto now: 337.4048156738281

162th run
noise dimension : 27
noise type: discrete
torch.Size([100000, 27])
original u-statistic:0.5960807800292969
p value proxy: 0.003322259057313204
result: 1.0
power_upto_now: 0.9814814925193787
noise variance: 337.7402038574219
average noise variance upto now: 337.4068908691406

163th run
noise dimension : 27
noise type: discrete
torch.Size([100000, 27])
original u-statistic:0.8453922271728516
p value proxy: 0.003322259057313204
result: 1.0
power_upto_now: 0.9815950989723206
noise variance: 338.5740661621094
average noise variance upto now: 337.4140319824219

164th run
noise dimension : 27
noise type: discrete
torch.Size([100000, 27])
original u-statistic:0.37728214263916016
p value proxy: 0.006644518114626408
result: 1.0
power_upto_now: 0.9817073345184326
noise variance: 336.5208435058594
average noise variance upto now: 337.4085998535156

165th run
noise dimension : 27
noise type: discrete
torch.Size([100000, 27])
original u-statistic:0.4422318935394287
p value proxy: 0.003322259057313204
result: 1.0
power_upto_now: 0.9818181991577148
noise variance: 336.5111389160156
average noise variance upto now: 337.40313720703125

166th run
noise dimension : 27
noise type: discrete
torch.Size([100000, 27])
original u-statistic:0.45155930519104004
p value proxy: 0.003322259057313204
result: 1.0
power_upto_now: 0.9819276928901672
noise variance: 337.2011413574219
average noise variance upto now: 337.4019470214844

167th run
noise dimension : 27
noise type: discrete
torch.Size([100000, 27])
original u-statistic:0.5819783210754395
p value proxy: 0.003322259057313204
result: 1.0
power_upto_now: 0.9820359349250793
noise variance: 336.9535827636719
average noise variance upto now: 337.3992614746094

168th run
noise dimension : 27
noise type: discrete
torch.Size([100000, 27])
original u-statistic:0.4466879367828369
p value proxy: 0.003322259057313204
result: 1.0
power_upto_now: 0.9821428656578064
noise variance: 336.38482666015625
average noise variance upto now: 337.3931884765625

169th run
noise dimension : 27
noise type: discrete
torch.Size([100000, 27])
original u-statistic:0.8325655460357666
p value proxy: 0.003322259057313204
result: 1.0
power_upto_now: 0.9822485446929932
noise variance: 336.98248291015625
average noise variance upto now: 337.3907775878906

170th run
noise dimension : 27
noise type: discrete
torch.Size([100000, 27])
original u-statistic:0.6087803840637207
p value proxy: 0.003322259057313204
result: 1.0
power_upto_now: 0.9823529124259949
noise variance: 338.1125183105469
average noise variance upto now: 337.3949890136719

171th run
noise dimension : 27
noise type: discrete
torch.Size([100000, 27])
original u-statistic:0.4920797348022461
p value proxy: 0.003322259057313204
result: 1.0
power_upto_now: 0.9824561476707458
noise variance: 337.08172607421875
average noise variance upto now: 337.3931884765625

172th run
noise dimension : 27
noise type: discrete
torch.Size([100000, 27])
original u-statistic:0.41119933128356934
p value proxy: 0.003322259057313204
result: 1.0
power_upto_now: 0.9825581312179565
noise variance: 337.5209655761719
average noise variance upto now: 337.3938903808594

173th run
noise dimension : 27
noise type: discrete
torch.Size([100000, 27])
original u-statistic:0.7035982608795166
p value proxy: 0.003322259057313204
result: 1.0
power_upto_now: 0.9826589822769165
noise variance: 337.64483642578125
average noise variance upto now: 337.3953552246094

174th run
noise dimension : 27
noise type: discrete
torch.Size([100000, 27])
original u-statistic:0.47877025604248047
p value proxy: 0.003322259057313204
result: 1.0
power_upto_now: 0.982758641242981
noise variance: 337.2397155761719
average noise variance upto now: 337.3945007324219

175th run
noise dimension : 27
noise type: discrete
torch.Size([100000, 27])
original u-statistic:0.6620166301727295
p value proxy: 0.003322259057313204
result: 1.0
power_upto_now: 0.9828571677207947
noise variance: 336.5518493652344
average noise variance upto now: 337.3896484375

176th run
noise dimension : 27
noise type: discrete
torch.Size([100000, 27])
original u-statistic:0.5542149543762207
p value proxy: 0.003322259057313204
result: 1.0
power_upto_now: 0.9829545617103577
noise variance: 337.4119873046875
average noise variance upto now: 337.38983154296875

177th run
noise dimension : 27
noise type: discrete
torch.Size([100000, 27])
original u-statistic:0.5538206100463867
p value proxy: 0.003322259057313204
result: 1.0
power_upto_now: 0.9830508232116699
noise variance: 338.3003234863281
average noise variance upto now: 337.39495849609375

178th run
noise dimension : 27
noise type: discrete
torch.Size([100000, 27])
original u-statistic:0.5998165607452393
p value proxy: 0.003322259057313204
result: 1.0
power_upto_now: 0.983146071434021
noise variance: 337.2281188964844
average noise variance upto now: 337.39404296875

179th run
noise dimension : 27
noise type: discrete
torch.Size([100000, 27])
original u-statistic:0.46429944038391113
p value proxy: 0.003322259057313204
result: 1.0
power_upto_now: 0.9832402467727661
noise variance: 337.28338623046875
average noise variance upto now: 337.3934326171875

180th run
noise dimension : 27
noise type: discrete
torch.Size([100000, 27])
original u-statistic:0.541248083114624
p value proxy: 0.003322259057313204
result: 1.0
power_upto_now: 0.9833333492279053
noise variance: 338.08966064453125
average noise variance upto now: 337.39727783203125

181th run
noise dimension : 27
noise type: discrete
torch.Size([100000, 27])
original u-statistic:0.45393872261047363
p value proxy: 0.003322259057313204
result: 1.0
power_upto_now: 0.9834254384040833
noise variance: 337.23760986328125
average noise variance upto now: 337.39642333984375

182th run
noise dimension : 27
noise type: discrete
torch.Size([100000, 27])
original u-statistic:0.5995900630950928
p value proxy: 0.003322259057313204
result: 1.0
power_upto_now: 0.9835164546966553
noise variance: 336.8288879394531
average noise variance upto now: 337.3932800292969

183th run
noise dimension : 27
noise type: discrete
torch.Size([100000, 27])
original u-statistic:0.5581583976745605
p value proxy: 0.003322259057313204
result: 1.0
power_upto_now: 0.9836065769195557
noise variance: 337.7295837402344
average noise variance upto now: 337.3951110839844

184th run
noise dimension : 27
noise type: discrete
torch.Size([100000, 27])
original u-statistic:0.47852540016174316
p value proxy: 0.003322259057313204
result: 1.0
power_upto_now: 0.9836956262588501
noise variance: 337.4725036621094
average noise variance upto now: 337.3955383300781

185th run
noise dimension : 27
noise type: discrete
torch.Size([100000, 27])
original u-statistic:0.8512678146362305
p value proxy: 0.003322259057313204
result: 1.0
power_upto_now: 0.9837837815284729
noise variance: 337.87939453125
average noise variance upto now: 337.39813232421875

186th run
noise dimension : 27
noise type: discrete
torch.Size([100000, 27])
original u-statistic:0.3214719295501709
p value proxy: 0.006644518114626408
result: 1.0
power_upto_now: 0.9838709831237793
noise variance: 337.0024719238281
average noise variance upto now: 337.39599609375

187th run
noise dimension : 27
noise type: discrete
torch.Size([100000, 27])
original u-statistic:0.32150864601135254
p value proxy: 0.003322259057313204
result: 1.0
power_upto_now: 0.9839572310447693
noise variance: 337.20025634765625
average noise variance upto now: 337.39495849609375

188th run
noise dimension : 27
noise type: discrete
torch.Size([100000, 27])
original u-statistic:0.5914037227630615
p value proxy: 0.003322259057313204
result: 1.0
power_upto_now: 0.9840425252914429
noise variance: 337.11090087890625
average noise variance upto now: 337.3934631347656

189th run
noise dimension : 27
noise type: discrete
torch.Size([100000, 27])
original u-statistic:0.46180152893066406
p value proxy: 0.003322259057313204
result: 1.0
power_upto_now: 0.9841269850730896
noise variance: 338.1976623535156
average noise variance upto now: 337.3977355957031

190th run
noise dimension : 27
noise type: discrete
torch.Size([100000, 27])
original u-statistic:1.1277706623077393
p value proxy: 0.003322259057313204
result: 1.0
power_upto_now: 0.9842105507850647
noise variance: 337.0216979980469
average noise variance upto now: 337.3957214355469

191th run
noise dimension : 27
noise type: discrete
torch.Size([100000, 27])
original u-statistic:0.12716031074523926
p value proxy: 0.1229235827922821
result: 0.0
power_upto_now: 0.9790576100349426
noise variance: 337.21533203125
average noise variance upto now: 337.3948059082031

192th run
noise dimension : 27
noise type: discrete
torch.Size([100000, 27])
original u-statistic:0.5628602504730225
p value proxy: 0.003322259057313204
result: 1.0
power_upto_now: 0.9791666865348816
noise variance: 337.9460754394531
average noise variance upto now: 337.3976745605469

193th run
noise dimension : 27
noise type: discrete
torch.Size([100000, 27])
original u-statistic:0.577202320098877
p value proxy: 0.003322259057313204
result: 1.0
power_upto_now: 0.9792746305465698
noise variance: 337.33184814453125
average noise variance upto now: 337.3973388671875

194th run
noise dimension : 27
noise type: discrete
torch.Size([100000, 27])
original u-statistic:0.3737776279449463
p value proxy: 0.009966777637600899
result: 1.0
power_upto_now: 0.9793814420700073
noise variance: 336.9744567871094
average noise variance upto now: 337.3951416015625

195th run
noise dimension : 27
noise type: discrete
torch.Size([100000, 27])
original u-statistic:0.29711055755615234
p value proxy: 0.016611294820904732
result: 1.0
power_upto_now: 0.9794871807098389
noise variance: 336.9862976074219
average noise variance upto now: 337.39306640625

196th run
noise dimension : 27
noise type: discrete
torch.Size([100000, 27])
original u-statistic:0.21738910675048828
p value proxy: 0.019933555275201797
result: 1.0
power_upto_now: 0.9795918464660645
noise variance: 336.35693359375
average noise variance upto now: 337.3877868652344

197th run
noise dimension : 27
noise type: discrete
torch.Size([100000, 27])
original u-statistic:0.8695905208587646
p value proxy: 0.003322259057313204
result: 1.0
power_upto_now: 0.9796954393386841
noise variance: 336.6059265136719
average noise variance upto now: 337.3837890625

198th run
noise dimension : 27
noise type: discrete
torch.Size([100000, 27])
original u-statistic:0.21706676483154297
p value proxy: 0.02657807245850563
result: 1.0
power_upto_now: 0.9797979593276978
noise variance: 336.3813171386719
average noise variance upto now: 337.3787536621094

199th run
noise dimension : 27
noise type: discrete
torch.Size([100000, 27])
original u-statistic:0.3472898006439209
p value proxy: 0.006644518114626408
result: 1.0
power_upto_now: 0.979899525642395
noise variance: 338.1182861328125
average noise variance upto now: 337.3824462890625

200th run
noise dimension : 27
noise type: discrete
torch.Size([100000, 27])
original u-statistic:0.4364750385284424
p value proxy: 0.003322259057313204
result: 1.0
power_upto_now: 0.9800000190734863
noise variance: 337.28704833984375
average noise variance upto now: 337.3819580078125

201th run
noise dimension : 27
noise type: discrete
torch.Size([100000, 27])
original u-statistic:0.6440944671630859
p value proxy: 0.003322259057313204
result: 1.0
power_upto_now: 0.9800994992256165
noise variance: 337.2117004394531
average noise variance upto now: 337.381103515625

202th run
noise dimension : 27
noise type: discrete
torch.Size([100000, 27])
original u-statistic:0.49144864082336426
p value proxy: 0.003322259057313204
result: 1.0
power_upto_now: 0.9801980257034302
noise variance: 337.7690734863281
average noise variance upto now: 337.383056640625

203th run
noise dimension : 27
noise type: discrete
torch.Size([100000, 27])
original u-statistic:0.3991575241088867
p value proxy: 0.003322259057313204
result: 1.0
power_upto_now: 0.9802955389022827
noise variance: 337.5533447265625
average noise variance upto now: 337.3838806152344

204th run
noise dimension : 27
noise type: discrete
torch.Size([100000, 27])
original u-statistic:0.6258144378662109
p value proxy: 0.003322259057313204
result: 1.0
power_upto_now: 0.9803921580314636
noise variance: 337.2386779785156
average noise variance upto now: 337.3831481933594

205th run
noise dimension : 27
noise type: discrete
torch.Size([100000, 27])
original u-statistic:0.3701438903808594
p value proxy: 0.006644518114626408
result: 1.0
power_upto_now: 0.9804878234863281
noise variance: 337.46234130859375
average noise variance upto now: 337.383544921875

206th run
noise dimension : 27
noise type: discrete
torch.Size([100000, 27])
original u-statistic:1.3086919784545898
p value proxy: 0.003322259057313204
result: 1.0
power_upto_now: 0.9805825352668762
noise variance: 337.1092224121094
average noise variance upto now: 337.3822021484375

207th run
noise dimension : 27
noise type: discrete
torch.Size([100000, 27])
original u-statistic:0.42618894577026367
p value proxy: 0.003322259057313204
result: 1.0
power_upto_now: 0.9806763529777527
noise variance: 337.5575866699219
average noise variance upto now: 337.3830871582031

208th run
noise dimension : 27
noise type: discrete
torch.Size([100000, 27])
original u-statistic:0.7229418754577637
p value proxy: 0.003322259057313204
result: 1.0
power_upto_now: 0.9807692170143127
noise variance: 337.1324157714844
average noise variance upto now: 337.3818664550781

209th run
noise dimension : 27
noise type: discrete
torch.Size([100000, 27])
original u-statistic:0.15210652351379395
p value proxy: 0.08637873828411102
result: 0.0
power_upto_now: 0.9760765433311462
noise variance: 338.0624084472656
average noise variance upto now: 337.3851318359375

210th run
noise dimension : 27
noise type: discrete
torch.Size([100000, 27])
original u-statistic:0.6006131172180176
p value proxy: 0.003322259057313204
result: 1.0
power_upto_now: 0.976190447807312
noise variance: 336.4100036621094
average noise variance upto now: 337.3804626464844

211th run
noise dimension : 27
noise type: discrete
torch.Size([100000, 27])
original u-statistic:0.2265946865081787
p value proxy: 0.029900331050157547
result: 1.0
power_upto_now: 0.9763033390045166
noise variance: 336.9809875488281
average noise variance upto now: 337.37860107421875

212th run
noise dimension : 27
noise type: discrete
torch.Size([100000, 27])
original u-statistic:0.36870574951171875
p value proxy: 0.003322259057313204
result: 1.0
power_upto_now: 0.9764150977134705
noise variance: 337.4862365722656
average noise variance upto now: 337.37908935546875

213th run
noise dimension : 27
noise type: discrete
torch.Size([100000, 27])
original u-statistic:0.6649363040924072
p value proxy: 0.003322259057313204
result: 1.0
power_upto_now: 0.9765258431434631
noise variance: 336.6866455078125
average noise variance upto now: 337.3758544921875

214th run
noise dimension : 27
noise type: discrete
torch.Size([100000, 27])
original u-statistic:0.5913050174713135
p value proxy: 0.003322259057313204
result: 1.0
power_upto_now: 0.9766355156898499
noise variance: 337.3343811035156
average noise variance upto now: 337.37567138671875

215th run
noise dimension : 27
noise type: discrete
torch.Size([100000, 27])
original u-statistic:0.36841678619384766
p value proxy: 0.009966777637600899
result: 1.0
power_upto_now: 0.9767441749572754
noise variance: 337.7491760253906
average noise variance upto now: 337.3773498535156

216th run
noise dimension : 27
noise type: discrete
torch.Size([100000, 27])
original u-statistic:0.8017737865447998
p value proxy: 0.003322259057313204
result: 1.0
power_upto_now: 0.9768518805503845
noise variance: 336.7689514160156
average noise variance upto now: 337.37457275390625

217th run
noise dimension : 27
noise type: discrete
torch.Size([100000, 27])
original u-statistic:0.5415294170379639
p value proxy: 0.003322259057313204
result: 1.0
power_upto_now: 0.9769585132598877
noise variance: 337.4066467285156
average noise variance upto now: 337.3747253417969

218th run
noise dimension : 27
noise type: discrete
torch.Size([100000, 27])
original u-statistic:0.4572432041168213
p value proxy: 0.003322259057313204
result: 1.0
power_upto_now: 0.9770641922950745
noise variance: 337.088134765625
average noise variance upto now: 337.3733825683594

219th run
noise dimension : 27
noise type: discrete
torch.Size([100000, 27])
original u-statistic:0.4407384395599365
p value proxy: 0.003322259057313204
result: 1.0
power_upto_now: 0.9771689772605896
noise variance: 337.00341796875
average noise variance upto now: 337.3717041015625

220th run
noise dimension : 27
noise type: discrete
torch.Size([100000, 27])
original u-statistic:0.4816286563873291
p value proxy: 0.003322259057313204
result: 1.0
power_upto_now: 0.9772727489471436
noise variance: 337.50909423828125
average noise variance upto now: 337.3723449707031

221th run
noise dimension : 27
noise type: discrete
torch.Size([100000, 27])
original u-statistic:0.5338904857635498
p value proxy: 0.003322259057313204
result: 1.0
power_upto_now: 0.9773755669593811
noise variance: 337.5882263183594
average noise variance upto now: 337.373291015625

222th run
noise dimension : 27
noise type: discrete
torch.Size([100000, 27])
original u-statistic:0.7097854614257812
p value proxy: 0.003322259057313204
result: 1.0
power_upto_now: 0.977477490901947
noise variance: 337.7252197265625
average noise variance upto now: 337.3749084472656

223th run
noise dimension : 27
noise type: discrete
torch.Size([100000, 27])
original u-statistic:0.7833733558654785
p value proxy: 0.003322259057313204
result: 1.0
power_upto_now: 0.9775784611701965
noise variance: 337.0676574707031
average noise variance upto now: 337.37353515625

224th run
noise dimension : 27
noise type: discrete
torch.Size([100000, 27])
original u-statistic:0.718724250793457
p value proxy: 0.003322259057313204
result: 1.0
power_upto_now: 0.9776785969734192
noise variance: 337.5604248046875
average noise variance upto now: 337.37432861328125

225th run
noise dimension : 27
noise type: discrete
torch.Size([100000, 27])
original u-statistic:0.5838208198547363
p value proxy: 0.003322259057313204
result: 1.0
power_upto_now: 0.9777777791023254
noise variance: 337.36279296875
average noise variance upto now: 337.3742980957031

226th run
noise dimension : 27
noise type: discrete
torch.Size([100000, 27])
original u-statistic:1.1900341510772705
p value proxy: 0.003322259057313204
result: 1.0
power_upto_now: 0.9778761267662048
noise variance: 337.43377685546875
average noise variance upto now: 337.3745422363281

227th run
noise dimension : 27
noise type: discrete
torch.Size([100000, 27])
original u-statistic:0.7544147968292236
p value proxy: 0.003322259057313204
result: 1.0
power_upto_now: 0.9779735803604126
noise variance: 338.3959655761719
average noise variance upto now: 337.3790588378906

228th run
noise dimension : 27
noise type: discrete
torch.Size([100000, 27])
original u-statistic:0.3716614246368408
p value proxy: 0.003322259057313204
result: 1.0
power_upto_now: 0.9780701994895935
noise variance: 337.7285461425781
average noise variance upto now: 337.3805847167969

229th run
noise dimension : 27
noise type: discrete
torch.Size([100000, 27])
original u-statistic:0.7162859439849854
p value proxy: 0.003322259057313204
result: 1.0
power_upto_now: 0.9781659245491028
noise variance: 337.1192626953125
average noise variance upto now: 337.37945556640625

230th run
noise dimension : 27
noise type: discrete
torch.Size([100000, 27])
original u-statistic:0.5585906505584717
p value proxy: 0.003322259057313204
result: 1.0
power_upto_now: 0.97826087474823
noise variance: 337.4695739746094
average noise variance upto now: 337.3798522949219

231th run
noise dimension : 27
noise type: discrete
torch.Size([100000, 27])
original u-statistic:0.5388438701629639
p value proxy: 0.003322259057313204
result: 1.0
power_upto_now: 0.9783549904823303
noise variance: 337.8231201171875
average noise variance upto now: 337.38177490234375

232th run
noise dimension : 27
noise type: discrete
torch.Size([100000, 27])
original u-statistic:0.721118688583374
p value proxy: 0.003322259057313204
result: 1.0
power_upto_now: 0.9784482717514038
noise variance: 336.9468994140625
average noise variance upto now: 337.3798828125

233th run
noise dimension : 27
noise type: discrete
torch.Size([100000, 27])
original u-statistic:0.9785609245300293
p value proxy: 0.003322259057313204
result: 1.0
power_upto_now: 0.9785407781600952
noise variance: 337.4628601074219
average noise variance upto now: 337.3802490234375

234th run
noise dimension : 27
noise type: discrete
torch.Size([100000, 27])
original u-statistic:1.088362216949463
p value proxy: 0.003322259057313204
result: 1.0
power_upto_now: 0.9786324501037598
noise variance: 337.0816955566406
average noise variance upto now: 337.37896728515625

235th run
noise dimension : 27
noise type: discrete
torch.Size([100000, 27])
original u-statistic:0.4413576126098633
p value proxy: 0.003322259057313204
result: 1.0
power_upto_now: 0.978723406791687
noise variance: 337.1490173339844
average noise variance upto now: 337.37799072265625

236th run
noise dimension : 27
noise type: discrete
torch.Size([100000, 27])
original u-statistic:0.40929436683654785
p value proxy: 0.003322259057313204
result: 1.0
power_upto_now: 0.9788135886192322
noise variance: 337.1319274902344
average noise variance upto now: 337.376953125

237th run
noise dimension : 27
noise type: discrete
torch.Size([100000, 27])
original u-statistic:0.345625638961792
p value proxy: 0.006644518114626408
result: 1.0
power_upto_now: 0.9789029359817505
noise variance: 337.24041748046875
average noise variance upto now: 337.3763732910156

238th run
noise dimension : 27
noise type: discrete
torch.Size([100000, 27])
original u-statistic:0.6097605228424072
p value proxy: 0.003322259057313204
result: 1.0
power_upto_now: 0.9789915680885315
noise variance: 337.4827575683594
average noise variance upto now: 337.3768310546875

239th run
noise dimension : 27
noise type: discrete
torch.Size([100000, 27])
original u-statistic:0.5155172348022461
p value proxy: 0.003322259057313204
result: 1.0
power_upto_now: 0.9790794849395752
noise variance: 337.208251953125
average noise variance upto now: 337.3760986328125

240th run
noise dimension : 27
noise type: discrete
torch.Size([100000, 27])
original u-statistic:0.39045166969299316
