job started
cuda available: True
code run on device:: cuda:0
1th run
noise dimension : 27
noise variance: 864.5248413085938
original u-statistic:0.8542323112487793
p value proxy: 0.004975124262273312
result: True
power_upto_now: 1.0
2th run
noise dimension : 27
noise variance: 864.0524291992188
original u-statistic:0.6075901985168457
p value proxy: 0.009950248524546623
result: True
power_upto_now: 1.0
3th run
noise dimension : 27
noise variance: 866.8375854492188
original u-statistic:0.5920059680938721
p value proxy: 0.019900497049093246
result: True
power_upto_now: 1.0
4th run
noise dimension : 27
noise variance: 864.7826538085938
original u-statistic:0.927567720413208
p value proxy: 0.004975124262273312
result: True
power_upto_now: 1.0
5th run
noise dimension : 27
noise variance: 864.9429931640625
original u-statistic:0.5209698677062988
p value proxy: 0.009950248524546623
result: True
power_upto_now: 1.0
6th run
noise dimension : 27
noise variance: 863.1702270507812
original u-statistic:0.5206794738769531
p value proxy: 0.024875622242689133
result: True
power_upto_now: 1.0
7th run
noise dimension : 27
noise variance: 861.8770751953125
original u-statistic:0.41408658027648926
p value proxy: 0.03482586890459061
result: True
power_upto_now: 1.0
8th run
noise dimension : 27
noise variance: 862.566650390625
original u-statistic:-0.02274465560913086
p value proxy: 0.5671641826629639
result: False
power_upto_now: 0.875
9th run
noise dimension : 27
noise variance: 864.3294067382812
original u-statistic:0.6743957996368408
p value proxy: 0.019900497049093246
result: True
power_upto_now: 0.8888888955116272
10th run
noise dimension : 27
noise variance: 862.8201904296875
original u-statistic:0.4847879409790039
p value proxy: 0.02985074557363987
result: True
power_upto_now: 0.8999999761581421
11th run
noise dimension : 27
noise variance: 863.374755859375
original u-statistic:0.22461938858032227
p value proxy: 0.13432835042476654
result: False
power_upto_now: 0.8181818127632141
12th run
noise dimension : 27
noise variance: 863.9708862304688
original u-statistic:0.7421133518218994
p value proxy: 0.004975124262273312
result: True
power_upto_now: 0.8333333134651184
13th run
noise dimension : 27
noise variance: 864.565185546875
original u-statistic:0.5670127868652344
p value proxy: 0.004975124262273312
result: True
power_upto_now: 0.8461538553237915
14th run
noise dimension : 27
noise variance: 864.0029296875
original u-statistic:0.06021428108215332
p value proxy: 0.38805970549583435
result: False
power_upto_now: 0.7857142686843872
15th run
noise dimension : 27
noise variance: 864.0787963867188
original u-statistic:0.891016960144043
p value proxy: 0.004975124262273312
result: True
power_upto_now: 0.800000011920929
16th run
noise dimension : 27
noise variance: 862.14599609375
original u-statistic:0.49983716011047363
p value proxy: 0.014925372786819935
result: True
power_upto_now: 0.8125
17th run
noise dimension : 27
noise variance: 863.2190551757812
original u-statistic:1.0963134765625
p value proxy: 0.004975124262273312
result: True
power_upto_now: 0.8235294222831726
18th run
noise dimension : 27
noise variance: 864.9879150390625
original u-statistic:0.16523337364196777
p value proxy: 0.1492537260055542
result: False
power_upto_now: 0.7777777910232544
19th run
noise dimension : 27
noise variance: 863.7901611328125
original u-statistic:0.1058809757232666
p value proxy: 0.31840795278549194
result: False
power_upto_now: 0.7368420958518982
20th run
noise dimension : 27
noise variance: 865.4376831054688
original u-statistic:1.300199270248413
p value proxy: 0.004975124262273312
result: True
power_upto_now: 0.75
21th run
noise dimension : 27
noise variance: 863.321533203125
original u-statistic:0.5664196014404297
p value proxy: 0.014925372786819935
result: True
power_upto_now: 0.761904776096344
22th run
noise dimension : 27
noise variance: 864.2311401367188
original u-statistic:0.11093902587890625
p value proxy: 0.2587064504623413
result: False
power_upto_now: 0.7272727489471436
23th run
noise dimension : 27
noise variance: 863.4915771484375
original u-statistic:0.2999262809753418
p value proxy: 0.08457711338996887
result: False
power_upto_now: 0.695652186870575
24th run
noise dimension : 27
noise variance: 863.7483520507812
original u-statistic:0.44666552543640137
p value proxy: 0.03980099409818649
result: True
power_upto_now: 0.7083333134651184
25th run
noise dimension : 27
noise variance: 865.9466552734375
original u-statistic:0.30594706535339355
p value proxy: 0.07960198819637299
result: False
power_upto_now: 0.6800000071525574
26th run
noise dimension : 27
noise variance: 863.999267578125
original u-statistic:0.770341157913208
p value proxy: 0.004975124262273312
result: True
power_upto_now: 0.692307710647583
27th run
noise dimension : 27
noise variance: 864.5031127929688
original u-statistic:1.3036551475524902
p value proxy: 0.004975124262273312
result: True
power_upto_now: 0.7037037014961243
28th run
noise dimension : 27
noise variance: 863.5223388671875
original u-statistic:0.6661136150360107
p value proxy: 0.004975124262273312
result: True
power_upto_now: 0.7142857313156128
29th run
noise dimension : 27
noise variance: 861.921875
original u-statistic:0.24988961219787598
p value proxy: 0.11442785710096359
result: False
power_upto_now: 0.6896551847457886
30th run
noise dimension : 27
noise variance: 864.857177734375
original u-statistic:0.20168828964233398
p value proxy: 0.13930347561836243
result: False
power_upto_now: 0.6666666865348816
31th run
noise dimension : 27
noise variance: 862.7997436523438
original u-statistic:0.242384672164917
p value proxy: 0.12437810748815536
result: False
power_upto_now: 0.6451612710952759
32th run
noise dimension : 27
noise variance: 864.9031982421875
original u-statistic:0.4448721408843994
p value proxy: 0.03980099409818649
result: True
power_upto_now: 0.65625
33th run
noise dimension : 27
noise variance: 864.1471557617188
original u-statistic:0.6591787338256836
p value proxy: 0.014925372786819935
result: True
power_upto_now: 0.6666666865348816
34th run
noise dimension : 27
noise variance: 862.8798217773438
original u-statistic:0.5334115028381348
p value proxy: 0.014925372786819935
result: True
power_upto_now: 0.6764705777168274
35th run
noise dimension : 27
noise variance: 864.5233154296875
original u-statistic:1.0733046531677246
p value proxy: 0.004975124262273312
result: True
power_upto_now: 0.6857143044471741
36th run
noise dimension : 27
noise variance: 863.7735595703125
original u-statistic:0.6834433078765869
p value proxy: 0.009950248524546623
result: True
power_upto_now: 0.6944444179534912
37th run
noise dimension : 27
noise variance: 863.2626953125
original u-statistic:0.5793805122375488
p value proxy: 0.009950248524546623
result: True
power_upto_now: 0.7027027010917664
38th run
noise dimension : 27
noise variance: 863.6361694335938
original u-statistic:0.4149050712585449
p value proxy: 0.019900497049093246
result: True
power_upto_now: 0.7105262875556946
39th run
noise dimension : 27
noise variance: 863.4539794921875
original u-statistic:0.030034303665161133
p value proxy: 0.4129353165626526
result: False
power_upto_now: 0.692307710647583
40th run
noise dimension : 27
noise variance: 862.583740234375
original u-statistic:0.3800320625305176
p value proxy: 0.05970149114727974
result: False
power_upto_now: 0.675000011920929
41th run
noise dimension : 27
noise variance: 863.1384887695312
original u-statistic:1.2447857856750488
p value proxy: 0.004975124262273312
result: True
power_upto_now: 0.6829268336296082
42th run
noise dimension : 27
noise variance: 863.9057006835938
original u-statistic:1.1358888149261475
p value proxy: 0.004975124262273312
result: True
power_upto_now: 0.6904761791229248
43th run
noise dimension : 27
noise variance: 863.9191284179688
original u-statistic:0.19329357147216797
p value proxy: 0.20895521342754364
result: False
power_upto_now: 0.6744186282157898
44th run
noise dimension : 27
noise variance: 864.519287109375
original u-statistic:0.9136397838592529
p value proxy: 0.004975124262273312
result: True
power_upto_now: 0.6818181872367859
45th run
noise dimension : 27
noise variance: 863.0845336914062
original u-statistic:-0.01956653594970703
p value proxy: 0.4825870394706726
result: False
power_upto_now: 0.6666666865348816
46th run
noise dimension : 27
noise variance: 864.0579223632812
original u-statistic:0.227278470993042
p value proxy: 0.11940298229455948
result: False
power_upto_now: 0.6521739363670349
47th run
noise dimension : 27
noise variance: 865.1784057617188
original u-statistic:0.18702077865600586
p value proxy: 0.1840796023607254
result: False
power_upto_now: 0.6382978558540344
48th run
noise dimension : 27
noise variance: 862.9818115234375
original u-statistic:0.7642416954040527
p value proxy: 0.009950248524546623
result: True
power_upto_now: 0.6458333134651184
49th run
noise dimension : 27
noise variance: 863.3507080078125
original u-statistic:0.7783088684082031
p value proxy: 0.004975124262273312
result: True
power_upto_now: 0.6530612111091614
50th run
noise dimension : 27
noise variance: 864.14013671875
original u-statistic:0.7537755966186523
p value proxy: 0.004975124262273312
result: True
power_upto_now: 0.6600000262260437
51th run
noise dimension : 27
noise variance: 863.9063720703125
original u-statistic:0.49178385734558105
p value proxy: 0.024875622242689133
result: True
power_upto_now: 0.6666666865348816
52th run
noise dimension : 27
noise variance: 865.1088256835938
original u-statistic:0.41465187072753906
p value proxy: 0.049751244485378265
result: True
power_upto_now: 0.6730769276618958
53th run
noise dimension : 27
noise variance: 866.36279296875
original u-statistic:0.6033093929290771
p value proxy: 0.019900497049093246
result: True
power_upto_now: 0.6792452931404114
54th run
noise dimension : 27
noise variance: 865.9102172851562
original u-statistic:0.006991386413574219
p value proxy: 0.4527363181114197
result: False
power_upto_now: 0.6666666865348816
55th run
noise dimension : 27
noise variance: 865.1753540039062
original u-statistic:0.5965683460235596
p value proxy: 0.019900497049093246
result: True
power_upto_now: 0.6727272868156433
56th run
noise dimension : 27
noise variance: 862.962646484375
original u-statistic:0.5155832767486572
p value proxy: 0.02985074557363987
result: True
power_upto_now: 0.6785714030265808
57th run
noise dimension : 27
noise variance: 863.0570678710938
original u-statistic:0.8280177116394043
p value proxy: 0.004975124262273312
result: True
power_upto_now: 0.6842105388641357
58th run
noise dimension : 27
noise variance: 861.099853515625
original u-statistic:0.4956068992614746
p value proxy: 0.019900497049093246
result: True
power_upto_now: 0.6896551847457886
59th run
noise dimension : 27
noise variance: 863.8816528320312
original u-statistic:0.5607759952545166
p value proxy: 0.009950248524546623
result: True
power_upto_now: 0.694915235042572
60th run
noise dimension : 27
noise variance: 863.2992553710938
original u-statistic:0.7870833873748779
p value proxy: 0.009950248524546623
result: True
power_upto_now: 0.699999988079071
61th run
noise dimension : 27
noise variance: 862.294677734375
original u-statistic:0.5596921443939209
p value proxy: 0.03980099409818649
result: True
power_upto_now: 0.7049180269241333
62th run
noise dimension : 27
noise variance: 866.11328125
original u-statistic:0.3256518840789795
p value proxy: 0.07960198819637299
result: False
power_upto_now: 0.6935483813285828
63th run
noise dimension : 27
noise variance: 864.0151977539062
original u-statistic:0.3686213493347168
p value proxy: 0.04477611929178238
result: True
power_upto_now: 0.6984127163887024
64th run
noise dimension : 27
noise variance: 864.8943481445312
original u-statistic:0.7926051616668701
p value proxy: 0.004975124262273312
result: True
power_upto_now: 0.703125
65th run
noise dimension : 27
noise variance: 863.6143798828125
original u-statistic:0.7972331047058105
p value proxy: 0.004975124262273312
result: True
power_upto_now: 0.7076923251152039
66th run
noise dimension : 27
noise variance: 863.8448486328125
original u-statistic:0.6523714065551758
p value proxy: 0.019900497049093246
result: True
power_upto_now: 0.7121211886405945
67th run
noise dimension : 27
noise variance: 863.6898193359375
original u-statistic:0.5725371837615967
p value proxy: 0.019900497049093246
result: True
power_upto_now: 0.7164179086685181
68th run
noise dimension : 27
noise variance: 864.96533203125
original u-statistic:0.32693934440612793
p value proxy: 0.06467661261558533
result: False
power_upto_now: 0.7058823704719543
69th run
noise dimension : 27
noise variance: 865.3980102539062
original u-statistic:0.5280187129974365
p value proxy: 0.024875622242689133
result: True
power_upto_now: 0.7101449370384216
70th run
noise dimension : 27
noise variance: 863.5352783203125
original u-statistic:0.1432943344116211
p value proxy: 0.19402985274791718
result: False
power_upto_now: 0.699999988079071
71th run
noise dimension : 27
noise variance: 864.9689331054688
original u-statistic:0.18633174896240234
p value proxy: 0.1840796023607254
result: False
power_upto_now: 0.6901408433914185
72th run
noise dimension : 27
noise variance: 863.5905151367188
original u-statistic:0.33466148376464844
p value proxy: 0.05970149114727974
result: False
power_upto_now: 0.6805555820465088
73th run
noise dimension : 27
noise variance: 864.4390258789062
original u-statistic:0.685023307800293
p value proxy: 0.004975124262273312
result: True
power_upto_now: 0.6849315166473389
74th run
noise dimension : 27
noise variance: 863.22802734375
original u-statistic:0.34473133087158203
p value proxy: 0.09950248897075653
result: False
power_upto_now: 0.6756756901741028
75th run
noise dimension : 27
noise variance: 864.4830322265625
original u-statistic:0.36790966987609863
p value proxy: 0.1094527319073677
result: False
power_upto_now: 0.6666666865348816
76th run
noise dimension : 27
noise variance: 864.3165283203125
original u-statistic:0.3598501682281494
p value proxy: 0.06965173780918121
result: False
power_upto_now: 0.6578947305679321
77th run
noise dimension : 27
noise variance: 865.0391235351562
original u-statistic:0.8275496959686279
p value proxy: 0.009950248524546623
result: True
power_upto_now: 0.6623376607894897
78th run
noise dimension : 27
noise variance: 863.0403442382812
original u-statistic:0.08208060264587402
p value proxy: 0.3383084535598755
result: False
power_upto_now: 0.6538461446762085
79th run
noise dimension : 27
noise variance: 863.5804443359375
original u-statistic:0.48511433601379395
p value proxy: 0.02985074557363987
result: True
power_upto_now: 0.6582278609275818
80th run
noise dimension : 27
noise variance: 862.40966796875
original u-statistic:0.5426712036132812
p value proxy: 0.019900497049093246
result: True
power_upto_now: 0.6625000238418579
81th run
noise dimension : 27
noise variance: 863.118408203125
original u-statistic:1.1941068172454834
p value proxy: 0.004975124262273312
result: True
power_upto_now: 0.6666666865348816
82th run
noise dimension : 27
noise variance: 862.9563598632812
original u-statistic:0.24321484565734863
p value proxy: 0.11940298229455948
result: False
power_upto_now: 0.6585366129875183
83th run
noise dimension : 27
noise variance: 863.9229125976562
original u-statistic:0.5927567481994629
p value proxy: 0.004975124262273312
result: True
power_upto_now: 0.6626505851745605
84th run
noise dimension : 27
noise variance: 864.366943359375
original u-statistic:0.25296974182128906
p value proxy: 0.12437810748815536
result: False
power_upto_now: 0.6547619104385376
85th run
noise dimension : 27
noise variance: 864.0733032226562
original u-statistic:0.2400531768798828
p value proxy: 0.1492537260055542
result: False
power_upto_now: 0.6470588445663452
86th run
noise dimension : 27
noise variance: 864.9081420898438
original u-statistic:0.4932103157043457
p value proxy: 0.03980099409818649
result: True
power_upto_now: 0.6511628031730652
87th run
noise dimension : 27
noise variance: 864.552490234375
original u-statistic:0.19826292991638184
p value proxy: 0.17412935197353363
result: False
power_upto_now: 0.6436781883239746
88th run
noise dimension : 27
noise variance: 865.3654174804688
original u-statistic:1.3694095611572266
p value proxy: 0.004975124262273312
result: True
power_upto_now: 0.6477272510528564
89th run
noise dimension : 27
noise variance: 865.1347045898438
original u-statistic:0.5727653503417969
p value proxy: 0.009950248524546623
result: True
power_upto_now: 0.6516854166984558
90th run
noise dimension : 27
noise variance: 863.2254638671875
original u-statistic:0.8532435894012451
p value proxy: 0.004975124262273312
result: True
power_upto_now: 0.6555555462837219
91th run
noise dimension : 27
noise variance: 865.36767578125
original u-statistic:0.8209018707275391
p value proxy: 0.009950248524546623
result: True
power_upto_now: 0.6593406796455383
92th run
noise dimension : 27
noise variance: 863.3906860351562
original u-statistic:0.25301551818847656
p value proxy: 0.1492537260055542
result: False
power_upto_now: 0.6521739363670349
93th run
noise dimension : 27
noise variance: 864.54150390625
original u-statistic:0.4933798313140869
p value proxy: 0.03980099409818649
result: True
power_upto_now: 0.6559139490127563
94th run
noise dimension : 27
noise variance: 862.4589233398438
original u-statistic:1.089143991470337
p value proxy: 0.004975124262273312
result: True
power_upto_now: 0.6595744490623474
95th run
noise dimension : 27
noise variance: 862.5193481445312
original u-statistic:1.0315427780151367
p value proxy: 0.004975124262273312
result: True
power_upto_now: 0.6631578803062439
96th run
noise dimension : 27
noise variance: 864.436279296875
original u-statistic:0.06932306289672852
p value proxy: 0.38308456540107727
result: False
power_upto_now: 0.65625
97th run
noise dimension : 27
noise variance: 863.6964111328125
original u-statistic:0.012661457061767578
p value proxy: 0.4825870394706726
result: False
power_upto_now: 0.6494845151901245
98th run
noise dimension : 27
noise variance: 863.9699096679688
original u-statistic:0.31993746757507324
p value proxy: 0.0746268630027771
result: False
power_upto_now: 0.6428571343421936
99th run
noise dimension : 27
noise variance: 862.367919921875
original u-statistic:1.3291828632354736
p value proxy: 0.004975124262273312
result: True
power_upto_now: 0.6464646458625793
100th run
noise dimension : 27
noise variance: 864.3558349609375
original u-statistic:0.2642345428466797
p value proxy: 0.09452736377716064
result: False
power_upto_now: 0.6399999856948853
101th run
noise dimension : 27
noise variance: 863.8355102539062
original u-statistic:0.586097240447998
p value proxy: 0.009950248524546623
result: True
power_upto_now: 0.6435643434524536
102th run
noise dimension : 27
noise variance: 864.9508666992188
original u-statistic:0.7837154865264893
p value proxy: 0.004975124262273312
result: True
power_upto_now: 0.6470588445663452
103th run
noise dimension : 27
noise variance: 863.1937866210938
original u-statistic:0.615107536315918
p value proxy: 0.009950248524546623
result: True
power_upto_now: 0.6504854559898376
104th run
noise dimension : 27
noise variance: 863.0977783203125
original u-statistic:0.6578278541564941
p value proxy: 0.004975124262273312
result: True
power_upto_now: 0.6538461446762085
105th run
noise dimension : 27
noise variance: 864.0267944335938
original u-statistic:0.26810455322265625
p value proxy: 0.07960198819637299
result: False
power_upto_now: 0.6476190686225891
106th run
noise dimension : 27
noise variance: 864.9696655273438
original u-statistic:0.3537454605102539
p value proxy: 0.0746268630027771
result: False
power_upto_now: 0.6415094137191772
107th run
noise dimension : 27
noise variance: 864.2067260742188
original u-statistic:0.5255632400512695
p value proxy: 0.019900497049093246
result: True
power_upto_now: 0.644859790802002
108th run
noise dimension : 27
noise variance: 862.5491333007812
original u-statistic:0.7811806201934814
p value proxy: 0.004975124262273312
result: True
power_upto_now: 0.6481481194496155
109th run
noise dimension : 27
noise variance: 864.6179809570312
original u-statistic:0.11341571807861328
p value proxy: 0.27363184094429016
result: False
power_upto_now: 0.642201840877533
110th run
noise dimension : 27
noise variance: 865.744384765625
original u-statistic:0.7853655815124512
p value proxy: 0.009950248524546623
result: True
power_upto_now: 0.6454545259475708
111th run
noise dimension : 27
noise variance: 864.10107421875
original u-statistic:0.3607010841369629
p value proxy: 0.03482586890459061
result: True
power_upto_now: 0.6486486196517944
112th run
noise dimension : 27
noise variance: 862.0918579101562
original u-statistic:0.5447604656219482
p value proxy: 0.024875622242689133
result: True
power_upto_now: 0.6517857313156128
113th run
noise dimension : 27
noise variance: 864.9475708007812
original u-statistic:0.6023051738739014
p value proxy: 0.009950248524546623
result: True
power_upto_now: 0.6548672318458557
114th run
noise dimension : 27
noise variance: 862.91162109375
original u-statistic:0.2180922031402588
p value proxy: 0.1442786008119583
result: False
power_upto_now: 0.6491228342056274
115th run
noise dimension : 27
noise variance: 866.2666625976562
original u-statistic:0.7571804523468018
p value proxy: 0.004975124262273312
result: True
power_upto_now: 0.6521739363670349
116th run
noise dimension : 27
noise variance: 863.7906494140625
original u-statistic:0.9128499031066895
p value proxy: 0.004975124262273312
result: True
power_upto_now: 0.6551724076271057
117th run
noise dimension : 27
noise variance: 864.125
original u-statistic:0.4860672950744629
p value proxy: 0.024875622242689133
result: True
power_upto_now: 0.6581196784973145
118th run
noise dimension : 27
noise variance: 864.1838989257812
original u-statistic:1.0910136699676514
p value proxy: 0.004975124262273312
result: True
power_upto_now: 0.6610169410705566
119th run
noise dimension : 27
noise variance: 864.0548706054688
original u-statistic:0.5020554065704346
p value proxy: 0.03980099409818649
result: True
power_upto_now: 0.6638655662536621
120th run
noise dimension : 27
noise variance: 864.23095703125
original u-statistic:1.8139300346374512
p value proxy: 0.004975124262273312
result: True
power_upto_now: 0.6666666865348816
121th run
noise dimension : 27
noise variance: 864.2757568359375
original u-statistic:1.064136266708374
p value proxy: 0.004975124262273312
result: True
power_upto_now: 0.6694214940071106
122th run
noise dimension : 27
noise variance: 863.2603759765625
original u-statistic:0.2681465148925781
p value proxy: 0.10447760671377182
result: False
power_upto_now: 0.6639344096183777
123th run
noise dimension : 27
noise variance: 863.6756591796875
original u-statistic:1.2766788005828857
p value proxy: 0.004975124262273312
result: True
power_upto_now: 0.6666666865348816
124th run
noise dimension : 27
noise variance: 862.8760986328125
original u-statistic:0.3997201919555664
p value proxy: 0.03482586890459061
result: True
power_upto_now: 0.6693548560142517
125th run
noise dimension : 27
noise variance: 865.5335693359375
original u-statistic:0.6370654106140137
p value proxy: 0.009950248524546623
result: True
power_upto_now: 0.671999990940094
126th run
noise dimension : 27
noise variance: 864.1160888671875
original u-statistic:0.39721202850341797
p value proxy: 0.06467661261558533
result: False
power_upto_now: 0.6666666865348816
127th run
noise dimension : 27
noise variance: 862.5807495117188
original u-statistic:0.6664466857910156
p value proxy: 0.009950248524546623
result: True
power_upto_now: 0.6692913174629211
128th run
noise dimension : 27
noise variance: 859.6830444335938
original u-statistic:0.2311995029449463
p value proxy: 0.17412935197353363
result: False
power_upto_now: 0.6640625
129th run
noise dimension : 27
noise variance: 865.3924560546875
original u-statistic:1.1437609195709229
p value proxy: 0.004975124262273312
result: True
power_upto_now: 0.6666666865348816
130th run
noise dimension : 27
noise variance: 863.7743530273438
original u-statistic:0.4134509563446045
p value proxy: 0.03482586890459061
result: True
power_upto_now: 0.6692307591438293
131th run
noise dimension : 27
noise variance: 862.513671875
original u-statistic:1.3419225215911865
p value proxy: 0.004975124262273312
result: True
power_upto_now: 0.6717557311058044
132th run
noise dimension : 27
noise variance: 862.5796508789062
original u-statistic:0.6135497093200684
p value proxy: 0.004975124262273312
result: True
power_upto_now: 0.6742424368858337
133th run
noise dimension : 27
noise variance: 865.0444946289062
original u-statistic:0.33237242698669434
p value proxy: 0.05472636595368385
result: False
power_upto_now: 0.6691729426383972
134th run
noise dimension : 27
noise variance: 865.8875732421875
original u-statistic:0.43561697006225586
p value proxy: 0.03980099409818649
result: True
power_upto_now: 0.6716417670249939
135th run
noise dimension : 27
noise variance: 864.0269775390625
original u-statistic:0.5147895812988281
p value proxy: 0.03482586890459061
result: True
power_upto_now: 0.6740740537643433
136th run
noise dimension : 27
noise variance: 863.602294921875
original u-statistic:0.7930741310119629
p value proxy: 0.004975124262273312
result: True
power_upto_now: 0.6764705777168274
137th run
noise dimension : 27
noise variance: 864.8997192382812
original u-statistic:0.45469045639038086
p value proxy: 0.019900497049093246
result: True
power_upto_now: 0.6788321137428284
138th run
noise dimension : 27
noise variance: 863.2876586914062
original u-statistic:0.35117578506469727
p value proxy: 0.06965173780918121
result: False
power_upto_now: 0.6739130616188049
139th run
noise dimension : 27
noise variance: 864.3883056640625
original u-statistic:0.47821784019470215
p value proxy: 0.03482586890459061
result: True
power_upto_now: 0.6762589812278748
140th run
noise dimension : 27
noise variance: 863.9830932617188
original u-statistic:0.09811973571777344
p value proxy: 0.2985074520111084
result: False
power_upto_now: 0.6714285612106323
141th run
noise dimension : 27
noise variance: 863.2548828125
original u-statistic:0.7661757469177246
p value proxy: 0.004975124262273312
result: True
power_upto_now: 0.673758864402771
142th run
noise dimension : 27
noise variance: 864.3603515625
original u-statistic:0.9377954006195068
p value proxy: 0.004975124262273312
result: True
power_upto_now: 0.6760563254356384
143th run
noise dimension : 27
noise variance: 864.1681518554688
original u-statistic:0.3924217224121094
p value proxy: 0.03980099409818649
result: True
power_upto_now: 0.6783216595649719
144th run
noise dimension : 27
noise variance: 862.702880859375
original u-statistic:1.0441539287567139
p value proxy: 0.004975124262273312
result: True
power_upto_now: 0.6805555820465088
145th run
noise dimension : 27
noise variance: 863.8192749023438
original u-statistic:0.41700291633605957
p value proxy: 0.04477611929178238
result: True
power_upto_now: 0.682758629322052
146th run
noise dimension : 27
noise variance: 862.4527587890625
original u-statistic:0.813460111618042
p value proxy: 0.009950248524546623
result: True
power_upto_now: 0.6849315166473389
147th run
noise dimension : 27
noise variance: 862.5829467773438
original u-statistic:0.5793566703796387
p value proxy: 0.02985074557363987
result: True
power_upto_now: 0.6870748400688171
148th run
noise dimension : 27
noise variance: 865.9181518554688
original u-statistic:1.036189079284668
p value proxy: 0.004975124262273312
result: True
power_upto_now: 0.6891891956329346
149th run
noise dimension : 27
noise variance: 865.4871826171875
original u-statistic:0.369706392288208
p value proxy: 0.06467661261558533
result: False
power_upto_now: 0.6845637559890747
150th run
noise dimension : 27
noise variance: 864.3299560546875
original u-statistic:0.37779712677001953
p value proxy: 0.06467661261558533
result: False
power_upto_now: 0.6800000071525574
151th run
noise dimension : 27
noise variance: 862.7899780273438
original u-statistic:0.18055319786071777
p value proxy: 0.19900497794151306
result: False
power_upto_now: 0.6754966974258423
152th run
noise dimension : 27
noise variance: 864.6224975585938
original u-statistic:0.5050959587097168
p value proxy: 0.024875622242689133
result: True
power_upto_now: 0.6776315569877625
153th run
noise dimension : 27
noise variance: 863.1718139648438
original u-statistic:0.6578068733215332
p value proxy: 0.004975124262273312
result: True
power_upto_now: 0.6797385811805725
154th run
noise dimension : 27
noise variance: 863.7269897460938
original u-statistic:0.9744741916656494
p value proxy: 0.004975124262273312
result: True
power_upto_now: 0.6818181872367859
155th run
noise dimension : 27
noise variance: 862.9736328125
original u-statistic:0.4521939754486084
p value proxy: 0.05970149114727974
result: False
power_upto_now: 0.6774193644523621
156th run
noise dimension : 27
noise variance: 864.822021484375
original u-statistic:0.07391548156738281
p value proxy: 0.34825870394706726
result: False
power_upto_now: 0.6730769276618958
157th run
noise dimension : 27
noise variance: 863.4227905273438
original u-statistic:0.5226521492004395
p value proxy: 0.024875622242689133
result: True
power_upto_now: 0.675159215927124
158th run
noise dimension : 27
noise variance: 863.8246459960938
original u-statistic:1.035407543182373
p value proxy: 0.004975124262273312
result: True
power_upto_now: 0.6772152185440063
159th run
noise dimension : 27
noise variance: 864.0179443359375
original u-statistic:0.6323299407958984
p value proxy: 0.004975124262273312
result: True
power_upto_now: 0.6792452931404114
160th run
noise dimension : 27
noise variance: 863.9088745117188
original u-statistic:-0.024704694747924805
p value proxy: 0.5124378204345703
result: False
power_upto_now: 0.675000011920929
161th run
noise dimension : 27
noise variance: 863.3458862304688
original u-statistic:0.8529222011566162
p value proxy: 0.004975124262273312
result: True
power_upto_now: 0.6770186424255371
162th run
noise dimension : 27
noise variance: 863.91064453125
original u-statistic:0.6643917560577393
p value proxy: 0.004975124262273312
result: True
power_upto_now: 0.6790123581886292
163th run
noise dimension : 27
noise variance: 864.310791015625
original u-statistic:0.19320297241210938
p value proxy: 0.1840796023607254
result: False
power_upto_now: 0.6748466491699219
164th run
noise dimension : 27
noise variance: 864.6525268554688
original u-statistic:0.4343838691711426
p value proxy: 0.03980099409818649
result: True
power_upto_now: 0.6768292784690857
165th run
noise dimension : 27
noise variance: 863.2178955078125
original u-statistic:0.6115841865539551
p value proxy: 0.014925372786819935
result: True
power_upto_now: 0.678787887096405
166th run
noise dimension : 27
noise variance: 862.858642578125
original u-statistic:0.4654972553253174
p value proxy: 0.06467661261558533
result: False
power_upto_now: 0.6746987700462341
167th run
noise dimension : 27
noise variance: 865.185791015625
original u-statistic:0.83197021484375
p value proxy: 0.004975124262273312
result: True
power_upto_now: 0.6766467094421387
168th run
noise dimension : 27
noise variance: 862.474365234375
original u-statistic:0.37935709953308105
p value proxy: 0.05472636595368385
result: False
power_upto_now: 0.6726190447807312
169th run
noise dimension : 27
noise variance: 864.536865234375
original u-statistic:-0.013846874237060547
p value proxy: 0.5124378204345703
result: False
power_upto_now: 0.668639063835144
170th run
noise dimension : 27
noise variance: 864.8222045898438
original u-statistic:1.0489904880523682
p value proxy: 0.004975124262273312
result: True
power_upto_now: 0.6705882549285889
171th run
noise dimension : 27
noise variance: 864.3211059570312
original u-statistic:0.26248598098754883
p value proxy: 0.11442785710096359
result: False
power_upto_now: 0.6666666865348816
172th run
noise dimension : 27
noise variance: 862.3575439453125
original u-statistic:0.17268013954162598
p value proxy: 0.12935322523117065
result: False
power_upto_now: 0.6627907156944275
173th run
noise dimension : 27
noise variance: 865.171630859375
original u-statistic:0.4303007125854492
p value proxy: 0.03482586890459061
result: True
power_upto_now: 0.6647399067878723
174th run
noise dimension : 27
noise variance: 863.2862548828125
original u-statistic:0.3378415107727051
p value proxy: 0.06467661261558533
result: False
power_upto_now: 0.6609195470809937
175th run
noise dimension : 27
noise variance: 863.4078979492188
original u-statistic:0.1117863655090332
p value proxy: 0.27860695123672485
result: False
power_upto_now: 0.6571428775787354
176th run
noise dimension : 27
noise variance: 863.5323486328125
original u-statistic:0.47477197647094727
p value proxy: 0.02985074557363987
result: True
power_upto_now: 0.6590909361839294
177th run
noise dimension : 27
noise variance: 864.0162353515625
original u-statistic:0.29305219650268555
p value proxy: 0.11442785710096359
result: False
power_upto_now: 0.6553672552108765
178th run
noise dimension : 27
noise variance: 862.5848999023438
original u-statistic:0.22134685516357422
p value proxy: 0.15920397639274597
result: False
power_upto_now: 0.6516854166984558
179th run
noise dimension : 27
noise variance: 861.673583984375
original u-statistic:0.5435702800750732
p value proxy: 0.009950248524546623
result: True
power_upto_now: 0.6536312699317932
180th run
noise dimension : 27
noise variance: 863.3153686523438
original u-statistic:0.3797283172607422
p value proxy: 0.03980099409818649
result: True
power_upto_now: 0.6555555462837219
181th run
noise dimension : 27
noise variance: 864.3336181640625
original u-statistic:0.8227813243865967
p value proxy: 0.004975124262273312
result: True
power_upto_now: 0.6574585437774658
182th run
noise dimension : 27
noise variance: 862.8090209960938
original u-statistic:0.39824557304382324
p value proxy: 0.05472636595368385
result: False
power_upto_now: 0.6538461446762085
183th run
noise dimension : 27
noise variance: 862.1744384765625
original u-statistic:-0.04747295379638672
p value proxy: 0.5572139024734497
result: False
power_upto_now: 0.6502732038497925
184th run
noise dimension : 27
noise variance: 863.1349487304688
original u-statistic:1.2189078330993652
p value proxy: 0.004975124262273312
result: True
power_upto_now: 0.6521739363670349
185th run
noise dimension : 27
noise variance: 864.2159423828125
original u-statistic:0.8701200485229492
p value proxy: 0.004975124262273312
result: True
power_upto_now: 0.6540540456771851
186th run
noise dimension : 27
noise variance: 863.237060546875
original u-statistic:0.5423965454101562
p value proxy: 0.009950248524546623
result: True
power_upto_now: 0.6559139490127563
187th run
noise dimension : 27
noise variance: 866.6725463867188
original u-statistic:0.39894843101501465
p value proxy: 0.049751244485378265
result: True
power_upto_now: 0.6577540040016174
188th run
noise dimension : 27
noise variance: 864.2276611328125
original u-statistic:0.2388925552368164
p value proxy: 0.15422885119915009
result: False
power_upto_now: 0.6542553305625916
189th run
noise dimension : 27
noise variance: 862.7902221679688
original u-statistic:0.798046350479126
p value proxy: 0.004975124262273312
result: True
power_upto_now: 0.6560846567153931
190th run
noise dimension : 27
noise variance: 865.3898315429688
original u-statistic:-0.03169536590576172
p value proxy: 0.5522388219833374
result: False
power_upto_now: 0.6526315808296204
191th run
noise dimension : 27
noise variance: 864.872314453125
original u-statistic:0.15501809120178223
p value proxy: 0.22885571420192719
result: False
power_upto_now: 0.6492146849632263
192th run
noise dimension : 27
noise variance: 862.8370361328125
original u-statistic:0.666151762008667
p value proxy: 0.004975124262273312
result: True
power_upto_now: 0.6510416865348816
193th run
noise dimension : 27
noise variance: 862.0531616210938
original u-statistic:0.32387709617614746
p value proxy: 0.06965173780918121
result: False
power_upto_now: 0.6476684212684631
194th run
noise dimension : 27
noise variance: 864.746826171875
original u-statistic:0.40239691734313965
p value proxy: 0.02985074557363987
result: True
power_upto_now: 0.6494845151901245
195th run
noise dimension : 27
noise variance: 863.3175048828125
original u-statistic:0.7271733283996582
p value proxy: 0.004975124262273312
result: True
power_upto_now: 0.6512820720672607
196th run
noise dimension : 27
noise variance: 863.9970092773438
original u-statistic:0.5720324516296387
p value proxy: 0.009950248524546623
result: True
power_upto_now: 0.6530612111091614
197th run
noise dimension : 27
noise variance: 864.8538208007812
original u-statistic:0.6731975078582764
p value proxy: 0.009950248524546623
result: True
power_upto_now: 0.6548223495483398
198th run
noise dimension : 27
noise variance: 865.3347778320312
original u-statistic:0.4753756523132324
p value proxy: 0.05472636595368385
result: False
power_upto_now: 0.6515151262283325
199th run
noise dimension : 27
noise variance: 862.575927734375
original u-statistic:0.7946872711181641
p value proxy: 0.004975124262273312
result: True
power_upto_now: 0.6532663106918335
200th run
noise dimension : 27
noise variance: 864.3129272460938
original u-statistic:0.7235159873962402
p value proxy: 0.009950248524546623
result: True
power_upto_now: 0.6549999713897705
201th run
noise dimension : 27
noise variance: 863.7330322265625
original u-statistic:0.41362667083740234
p value proxy: 0.02985074557363987
result: True
power_upto_now: 0.6567164063453674
202th run
noise dimension : 27
noise variance: 863.3134155273438
original u-statistic:0.5943810939788818
p value proxy: 0.019900497049093246
result: True
power_upto_now: 0.6584158539772034
203th run
noise dimension : 27
noise variance: 864.3311157226562
original u-statistic:0.7462077140808105
p value proxy: 0.004975124262273312
result: True
power_upto_now: 0.6600984930992126
204th run
noise dimension : 27
noise variance: 863.3447265625
original u-statistic:0.5383422374725342
p value proxy: 0.019900497049093246
result: True
power_upto_now: 0.6617646813392639
205th run
noise dimension : 27
noise variance: 864.6930541992188
original u-statistic:1.302534580230713
p value proxy: 0.004975124262273312
result: True
power_upto_now: 0.6634146571159363
206th run
noise dimension : 27
noise variance: 863.9916381835938
original u-statistic:0.6726818084716797
p value proxy: 0.014925372786819935
result: True
power_upto_now: 0.6650485396385193
207th run
noise dimension : 27
noise variance: 863.5339965820312
original u-statistic:0.25140380859375
p value proxy: 0.13432835042476654
result: False
power_upto_now: 0.6618357300758362
208th run
noise dimension : 27
noise variance: 863.9157104492188
original u-statistic:0.7116909027099609
p value proxy: 0.019900497049093246
result: True
power_upto_now: 0.6634615659713745
209th run
noise dimension : 27
noise variance: 863.963134765625
original u-statistic:0.8755655288696289
p value proxy: 0.004975124262273312
result: True
power_upto_now: 0.6650717854499817
210th run
noise dimension : 27
noise variance: 864.2504272460938
original u-statistic:0.6790561676025391
p value proxy: 0.009950248524546623
result: True
power_upto_now: 0.6666666865348816
211th run
noise dimension : 27
noise variance: 862.4715576171875
original u-statistic:0.7293164730072021
p value proxy: 0.004975124262273312
result: True
power_upto_now: 0.6682464480400085
212th run
noise dimension : 27
noise variance: 861.5614624023438
original u-statistic:0.1773233413696289
p value proxy: 0.20895521342754364
result: False
power_upto_now: 0.6650943160057068
213th run
noise dimension : 27
noise variance: 864.6386108398438
original u-statistic:-0.030832290649414062
p value proxy: 0.5273631811141968
result: False
power_upto_now: 0.6619718074798584
214th run
noise dimension : 27
noise variance: 862.89404296875
original u-statistic:0.7002990245819092
p value proxy: 0.009950248524546623
result: True
power_upto_now: 0.663551390171051
215th run
noise dimension : 27
noise variance: 864.452392578125
original u-statistic:0.08559846878051758
p value proxy: 0.30845770239830017
result: False
power_upto_now: 0.6604651212692261
216th run
noise dimension : 27
noise variance: 862.6610107421875
original u-statistic:1.0828087329864502
p value proxy: 0.004975124262273312
result: True
power_upto_now: 0.6620370149612427
217th run
noise dimension : 27
noise variance: 863.0234985351562
original u-statistic:0.3978915214538574
p value proxy: 0.06467661261558533
result: False
power_upto_now: 0.6589861512184143
218th run
noise dimension : 27
noise variance: 864.3343505859375
original u-statistic:0.5777420997619629
p value proxy: 0.004975124262273312
result: True
power_upto_now: 0.6605504751205444
219th run
noise dimension : 27
noise variance: 864.4724731445312
original u-statistic:-0.12571406364440918
p value proxy: 0.7363184094429016
result: False
power_upto_now: 0.6575342416763306
220th run
noise dimension : 27
noise variance: 863.9161987304688
original u-statistic:-0.01723003387451172
p value proxy: 0.4925372898578644
result: False
power_upto_now: 0.6545454263687134
221th run
noise dimension : 27
noise variance: 864.7875366210938
original u-statistic:0.1984250545501709
p value proxy: 0.22885571420192719
result: False
power_upto_now: 0.651583731174469
222th run
noise dimension : 27
noise variance: 864.4580078125
original u-statistic:0.17036175727844238
p value proxy: 0.19402985274791718
result: False
power_upto_now: 0.6486486196517944
223th run
noise dimension : 27
noise variance: 865.10888671875
original u-statistic:0.2413334846496582
p value proxy: 0.09950248897075653
result: False
power_upto_now: 0.6457399129867554
224th run
noise dimension : 27
noise variance: 864.7268676757812
original u-statistic:0.4849672317504883
p value proxy: 0.009950248524546623
result: True
power_upto_now: 0.6473214030265808
225th run
noise dimension : 27
noise variance: 865.5507202148438
original u-statistic:0.8561787605285645
p value proxy: 0.004975124262273312
result: True
power_upto_now: 0.648888885974884
226th run
noise dimension : 27
noise variance: 867.9254150390625
original u-statistic:0.7385368347167969
p value proxy: 0.004975124262273312
result: True
power_upto_now: 0.6504424810409546
227th run
noise dimension : 27
noise variance: 861.4229736328125
original u-statistic:0.3645350933074951
p value proxy: 0.08457711338996887
result: False
power_upto_now: 0.6475771069526672
228th run
noise dimension : 27
noise variance: 863.5003051757812
original u-statistic:0.44908738136291504
p value proxy: 0.04477611929178238
result: True
power_upto_now: 0.6491228342056274
229th run
noise dimension : 27
noise variance: 861.9482421875
original u-statistic:0.4418215751647949
p value proxy: 0.03482586890459061
result: True
power_upto_now: 0.6506550312042236
230th run
noise dimension : 27
noise variance: 861.9942016601562
original u-statistic:0.4084484577178955
p value proxy: 0.03980099409818649
result: True
power_upto_now: 0.6521739363670349
231th run
noise dimension : 27
noise variance: 862.7752075195312
original u-statistic:1.2043242454528809
p value proxy: 0.004975124262273312
result: True
power_upto_now: 0.6536796689033508
232th run
noise dimension : 27
noise variance: 863.7544555664062
original u-statistic:0.40129756927490234
p value proxy: 0.05472636595368385
result: False
power_upto_now: 0.6508620977401733
233th run
noise dimension : 27
noise variance: 863.3381958007812
original u-statistic:0.2690608501434326
p value proxy: 0.0746268630027771
result: False
power_upto_now: 0.6480686664581299
234th run
noise dimension : 27
noise variance: 865.9653930664062
original u-statistic:0.5198636054992676
p value proxy: 0.024875622242689133
result: True
power_upto_now: 0.6495726704597473
235th run
noise dimension : 27
noise variance: 863.308837890625
original u-statistic:0.14732146263122559
p value proxy: 0.22885571420192719
result: False
power_upto_now: 0.6468085050582886
236th run
noise dimension : 27
noise variance: 863.5964965820312
original u-statistic:0.48848676681518555
p value proxy: 0.03482586890459061
result: True
power_upto_now: 0.6483050584793091
237th run
noise dimension : 27
noise variance: 866.2858276367188
original u-statistic:0.3406820297241211
p value proxy: 0.06467661261558533
result: False
power_upto_now: 0.6455696225166321
238th run
noise dimension : 27
noise variance: 863.7568969726562
original u-statistic:0.6744999885559082
p value proxy: 0.014925372786819935
result: True
power_upto_now: 0.6470588445663452
239th run
noise dimension : 27
noise variance: 864.1727294921875
original u-statistic:0.2304694652557373
p value proxy: 0.15422885119915009
result: False
power_upto_now: 0.6443514823913574
240th run
noise dimension : 27
noise variance: 863.0028076171875
original u-statistic:0.28656816482543945
p value proxy: 0.06965173780918121
result: False
power_upto_now: 0.6416666507720947
241th run
noise dimension : 27
noise variance: 865.9468383789062
original u-statistic:0.9076652526855469
p value proxy: 0.004975124262273312
result: True
power_upto_now: 0.6431535482406616
242th run
noise dimension : 27
noise variance: 862.65087890625
original u-statistic:0.4905116558074951
p value proxy: 0.02985074557363987
result: True
power_upto_now: 0.64462810754776
243th run
noise dimension : 27
noise variance: 863.6883544921875
original u-statistic:0.8388562202453613
p value proxy: 0.004975124262273312
result: True
power_upto_now: 0.6460905075073242
244th run
noise dimension : 27
noise variance: 861.7425537109375
original u-statistic:0.3554675579071045
p value proxy: 0.07960198819637299
result: False
power_upto_now: 0.6434426307678223
245th run
noise dimension : 27
noise variance: 863.6671752929688
original u-statistic:1.0409424304962158
p value proxy: 0.004975124262273312
result: True
power_upto_now: 0.6448979377746582
246th run
noise dimension : 27
noise variance: 862.3302001953125
original u-statistic:0.5178585052490234
p value proxy: 0.04477611929178238
result: True
power_upto_now: 0.6463414430618286
247th run
noise dimension : 27
noise variance: 864.3853149414062
original u-statistic:1.1147751808166504
p value proxy: 0.004975124262273312
result: True
power_upto_now: 0.647773265838623
248th run
noise dimension : 27
noise variance: 862.6915893554688
original u-statistic:0.740485668182373
p value proxy: 0.009950248524546623
result: True
power_upto_now: 0.649193525314331
249th run
noise dimension : 27
noise variance: 863.361083984375
original u-statistic:0.6425642967224121
p value proxy: 0.014925372786819935
result: True
power_upto_now: 0.650602400302887
250th run
noise dimension : 27
noise variance: 864.0355834960938
original u-statistic:0.3864879608154297
p value proxy: 0.02985074557363987
result: True
power_upto_now: 0.6520000100135803
251th run
noise dimension : 27
noise variance: 862.7269287109375
original u-statistic:0.5730252265930176
p value proxy: 0.014925372786819935
result: True
power_upto_now: 0.6533864736557007
252th run
noise dimension : 27
noise variance: 864.8947143554688
original u-statistic:0.41080808639526367
p value proxy: 0.024875622242689133
result: True
power_upto_now: 0.6547619104385376
253th run
noise dimension : 27
noise variance: 864.247802734375
original u-statistic:0.05702781677246094
p value proxy: 0.3731343150138855
result: False
power_upto_now: 0.6521739363670349
254th run
noise dimension : 27
noise variance: 863.150634765625
original u-statistic:0.6715655326843262
p value proxy: 0.004975124262273312
result: True
power_upto_now: 0.6535432934761047
255th run
noise dimension : 27
noise variance: 863.6693725585938
original u-statistic:0.43962526321411133
p value proxy: 0.02985074557363987
result: True
power_upto_now: 0.6549019813537598
256th run
noise dimension : 27
noise variance: 865.3499755859375
original u-statistic:0.18909263610839844
p value proxy: 0.19402985274791718
result: False
power_upto_now: 0.65234375
257th run
noise dimension : 27
noise variance: 863.4779052734375
original u-statistic:0.34965014457702637
p value proxy: 0.0746268630027771
result: False
power_upto_now: 0.6498054265975952
258th run
noise dimension : 27
noise variance: 864.604248046875
original u-statistic:0.6204056739807129
p value proxy: 0.009950248524546623
result: True
power_upto_now: 0.6511628031730652
259th run
noise dimension : 27
noise variance: 864.1774291992188
original u-statistic:0.44220399856567383
p value proxy: 0.024875622242689133
result: True
power_upto_now: 0.6525096297264099
260th run
noise dimension : 27
noise variance: 865.4293823242188
original u-statistic:0.4563302993774414
p value proxy: 0.02985074557363987
result: True
power_upto_now: 0.6538461446762085
261th run
noise dimension : 27
noise variance: 864.0092163085938
original u-statistic:0.2741515636444092
p value proxy: 0.13930347561836243
result: False
power_upto_now: 0.6513410210609436
262th run
noise dimension : 27
noise variance: 863.1781616210938
original u-statistic:0.26788902282714844
p value proxy: 0.09452736377716064
result: False
power_upto_now: 0.6488549709320068
263th run
noise dimension : 27
noise variance: 862.8818969726562
original u-statistic:1.0741138458251953
p value proxy: 0.004975124262273312
result: True
power_upto_now: 0.6501901149749756
264th run
noise dimension : 27
noise variance: 863.529296875
original u-statistic:0.8764979839324951
p value proxy: 0.004975124262273312
result: True
power_upto_now: 0.6515151262283325
265th run
noise dimension : 27
noise variance: 863.6842041015625
original u-statistic:0.6062707901000977
p value proxy: 0.009950248524546623
result: True
power_upto_now: 0.652830183506012
266th run
noise dimension : 27
noise variance: 863.6216430664062
original u-statistic:0.18113207817077637
p value proxy: 0.15920397639274597
result: False
power_upto_now: 0.6503759622573853
267th run
noise dimension : 27
noise variance: 862.04931640625
original u-statistic:0.7521116733551025
p value proxy: 0.014925372786819935
result: True
power_upto_now: 0.6516854166984558
268th run
noise dimension : 27
noise variance: 863.7732543945312
original u-statistic:0.27226710319519043
p value proxy: 0.10447760671377182
result: False
power_upto_now: 0.6492537260055542
269th run
noise dimension : 27
noise variance: 864.538330078125
original u-statistic:0.5264055728912354
p value proxy: 0.014925372786819935
result: True
power_upto_now: 0.6505576372146606
270th run
noise dimension : 27
noise variance: 868.9136352539062
original u-statistic:0.028464555740356445
p value proxy: 0.4029850661754608
result: False
power_upto_now: 0.6481481194496155
271th run
noise dimension : 27
noise variance: 863.0427856445312
original u-statistic:0.34331440925598145
p value proxy: 0.07960198819637299
result: False
power_upto_now: 0.6457564830780029
272th run
noise dimension : 27
noise variance: 862.991455078125
original u-statistic:1.1369168758392334
p value proxy: 0.004975124262273312
result: True
power_upto_now: 0.6470588445663452
273th run
noise dimension : 27
noise variance: 864.7469482421875
original u-statistic:0.22232389450073242
p value proxy: 0.21393033862113953
result: False
power_upto_now: 0.6446886658668518
274th run
noise dimension : 27
noise variance: 864.521728515625
original u-statistic:0.13846135139465332
p value proxy: 0.27363184094429016
result: False
power_upto_now: 0.6423357725143433
275th run
noise dimension : 27
noise variance: 863.302978515625
original u-statistic:0.2800271511077881
p value proxy: 0.05472636595368385
result: False
power_upto_now: 0.6399999856948853
276th run
noise dimension : 27
noise variance: 865.7035522460938
original u-statistic:0.7041535377502441
p value proxy: 0.009950248524546623
result: True
power_upto_now: 0.6413043737411499
277th run
noise dimension : 27
noise variance: 863.9574584960938
original u-statistic:0.6458065509796143
p value proxy: 0.019900497049093246
result: True
power_upto_now: 0.6425992846488953
278th run
noise dimension : 27
noise variance: 864.8792114257812
original u-statistic:0.6149327754974365
p value proxy: 0.004975124262273312
result: True
power_upto_now: 0.6438848972320557
279th run
noise dimension : 27
noise variance: 863.535888671875
original u-statistic:0.5340597629547119
p value proxy: 0.019900497049093246
result: True
power_upto_now: 0.6451612710952759
280th run
noise dimension : 27
noise variance: 864.5596923828125
original u-statistic:0.5774440765380859
p value proxy: 0.004975124262273312
result: True
power_upto_now: 0.6464285850524902
281th run
noise dimension : 27
noise variance: 862.3444213867188
original u-statistic:0.11174631118774414
p value proxy: 0.32338306307792664
result: False
power_upto_now: 0.6441280841827393
282th run
noise dimension : 27
noise variance: 862.1486206054688
original u-statistic:0.8456103801727295
p value proxy: 0.004975124262273312
result: True
power_upto_now: 0.6453900933265686
283th run
noise dimension : 27
noise variance: 862.4207153320312
original u-statistic:0.5605242252349854
p value proxy: 0.024875622242689133
result: True
power_upto_now: 0.6466431021690369
284th run
noise dimension : 27
noise variance: 863.1049194335938
original u-statistic:0.5828633308410645
p value proxy: 0.019900497049093246
result: True
power_upto_now: 0.6478873491287231
285th run
noise dimension : 27
noise variance: 864.89208984375
original u-statistic:0.8595483303070068
p value proxy: 0.004975124262273312
result: True
power_upto_now: 0.6491228342056274
286th run
noise dimension : 27
noise variance: 865.5979614257812
original u-statistic:0.7144560813903809
p value proxy: 0.009950248524546623
result: True
power_upto_now: 0.6503496766090393
287th run
noise dimension : 27
noise variance: 862.4055786132812
original u-statistic:0.452808141708374
p value proxy: 0.02985074557363987
result: True
power_upto_now: 0.6515679359436035
288th run
noise dimension : 27
noise variance: 864.1094360351562
original u-statistic:0.7368638515472412
p value proxy: 0.004975124262273312
result: True
power_upto_now: 0.6527777910232544
289th run
noise dimension : 27
noise variance: 864.144775390625
original u-statistic:0.8236908912658691
p value proxy: 0.004975124262273312
result: True
power_upto_now: 0.6539792418479919
290th run
noise dimension : 27
noise variance: 864.87255859375
original u-statistic:0.4575977325439453
p value proxy: 0.03980099409818649
result: True
power_upto_now: 0.6551724076271057
291th run
noise dimension : 27
noise variance: 864.2263793945312
original u-statistic:0.5721235275268555
p value proxy: 0.004975124262273312
result: True
power_upto_now: 0.6563574075698853
292th run
noise dimension : 27
noise variance: 864.3885498046875
original u-statistic:0.3073394298553467
p value proxy: 0.08955223858356476
result: False
power_upto_now: 0.6541095972061157
293th run
noise dimension : 27
noise variance: 862.509765625
original u-statistic:0.5825674533843994
p value proxy: 0.009950248524546623
result: True
power_upto_now: 0.6552901268005371
294th run
noise dimension : 27
noise variance: 864.6357421875
original u-statistic:0.28494834899902344
p value proxy: 0.08457711338996887
result: False
power_upto_now: 0.6530612111091614
295th run
noise dimension : 27
noise variance: 865.1322021484375
original u-statistic:0.31672048568725586
p value proxy: 0.08457711338996887
result: False
power_upto_now: 0.6508474349975586
296th run
noise dimension : 27
noise variance: 863.7239379882812
original u-statistic:0.06416606903076172
p value proxy: 0.35323381423950195
result: False
power_upto_now: 0.6486486196517944
297th run
noise dimension : 27
noise variance: 865.1636352539062
original u-statistic:0.3751673698425293
p value proxy: 0.08457711338996887
result: False
power_upto_now: 0.6464646458625793
298th run
noise dimension : 27
noise variance: 863.89501953125
original u-statistic:0.7135188579559326
p value proxy: 0.014925372786819935
result: True
power_upto_now: 0.6476510167121887
299th run
noise dimension : 27
noise variance: 863.6392822265625
original u-statistic:0.2885284423828125
p value proxy: 0.0746268630027771
result: False
power_upto_now: 0.6454849243164062
300th run
noise dimension : 27
noise variance: 864.7906494140625
original u-statistic:0.3089170455932617
p value proxy: 0.07960198819637299
result: False
power_upto_now: 0.6433333158493042
power estimate : 0.6433333158493042
elapsed time: 24381.214546442032
