job started
cuda available: True
code run on device:: cuda:0
1th run
noise dimension : 27
noise variance: 867.5711059570312
original u-statistic:0.35053157806396484
p value proxy: 0.4427860677242279
result: False
power_upto_now: 0.0
2th run
noise dimension : 27
noise variance: 862.7131958007812
original u-statistic:2.2265396118164062
p value proxy: 0.17910447716712952
result: False
power_upto_now: 0.0
3th run
noise dimension : 27
noise variance: 868.1815185546875
original u-statistic:-5.245410919189453
p value proxy: 0.9950248599052429
result: False
power_upto_now: 0.0
4th run
noise dimension : 27
noise variance: 873.1122436523438
original u-statistic:8.115619659423828
p value proxy: 0.004975124262273312
result: True
power_upto_now: 0.25
5th run
noise dimension : 27
noise variance: 861.8538208007812
original u-statistic:3.977630853652954
p value proxy: 0.06467661261558533
result: False
power_upto_now: 0.20000000298023224
6th run
noise dimension : 27
noise variance: 864.609130859375
original u-statistic:-0.9184365272521973
p value proxy: 0.5920397639274597
result: False
power_upto_now: 0.1666666716337204
7th run
noise dimension : 27
noise variance: 864.845458984375
original u-statistic:0.25936007499694824
p value proxy: 0.4527363181114197
result: False
power_upto_now: 0.1428571492433548
8th run
noise dimension : 27
noise variance: 865.014404296875
original u-statistic:5.64141321182251
p value proxy: 0.02985074557363987
result: True
power_upto_now: 0.25
9th run
noise dimension : 27
noise variance: 857.4490966796875
original u-statistic:2.880894899368286
p value proxy: 0.12437810748815536
result: False
power_upto_now: 0.2222222238779068
10th run
noise dimension : 27
noise variance: 865.0860595703125
original u-statistic:0.9614880084991455
p value proxy: 0.2935323417186737
result: False
power_upto_now: 0.20000000298023224
11th run
noise dimension : 27
noise variance: 856.9553833007812
original u-statistic:-4.345864295959473
p value proxy: 0.9751243591308594
result: False
power_upto_now: 0.1818181872367859
12th run
noise dimension : 27
noise variance: 870.4879760742188
original u-statistic:-1.3178908824920654
p value proxy: 0.6218905448913574
result: False
power_upto_now: 0.1666666716337204
13th run
noise dimension : 27
noise variance: 863.4411010742188
original u-statistic:3.825408458709717
p value proxy: 0.08457711338996887
result: False
power_upto_now: 0.1538461595773697
14th run
noise dimension : 27
noise variance: 861.7235107421875
original u-statistic:3.014063835144043
p value proxy: 0.09452736377716064
result: False
power_upto_now: 0.1428571492433548
15th run
noise dimension : 27
noise variance: 870.9862060546875
original u-statistic:-0.2614781856536865
p value proxy: 0.5223880410194397
result: False
power_upto_now: 0.13333334028720856
16th run
noise dimension : 27
noise variance: 855.4900512695312
original u-statistic:0.1913466453552246
p value proxy: 0.3731343150138855
result: False
power_upto_now: 0.125
17th run
noise dimension : 27
noise variance: 864.0151977539062
original u-statistic:-2.4708518981933594
p value proxy: 0.8507462739944458
result: False
power_upto_now: 0.11764705926179886
18th run
noise dimension : 27
noise variance: 868.3009033203125
original u-statistic:-2.0527267456054688
p value proxy: 0.8606964945793152
result: False
power_upto_now: 0.1111111119389534
19th run
noise dimension : 27
noise variance: 858.5534057617188
original u-statistic:4.382461071014404
p value proxy: 0.08457711338996887
result: False
power_upto_now: 0.10526315867900848
20th run
noise dimension : 27
noise variance: 863.016845703125
original u-statistic:3.035886287689209
p value proxy: 0.11442785710096359
result: False
power_upto_now: 0.10000000149011612
21th run
noise dimension : 27
noise variance: 862.24560546875
original u-statistic:-0.15398168563842773
p value proxy: 0.4875621795654297
result: False
power_upto_now: 0.095238097012043
22th run
noise dimension : 27
noise variance: 860.5809326171875
original u-statistic:-0.2955641746520996
p value proxy: 0.4726368188858032
result: False
power_upto_now: 0.09090909361839294
23th run
noise dimension : 27
noise variance: 861.4640502929688
original u-statistic:1.019911766052246
p value proxy: 0.30845770239830017
result: False
power_upto_now: 0.08695652335882187
24th run
noise dimension : 27
noise variance: 856.5535888671875
original u-statistic:1.9071685075759888
p value proxy: 0.20398008823394775
result: False
power_upto_now: 0.0833333358168602
25th run
noise dimension : 27
noise variance: 862.15771484375
original u-statistic:1.1469968557357788
p value proxy: 0.31343284249305725
result: False
power_upto_now: 0.07999999821186066
26th run
noise dimension : 27
noise variance: 862.275390625
original u-statistic:-2.3097639083862305
p value proxy: 0.8507462739944458
result: False
power_upto_now: 0.07692307978868484
27th run
noise dimension : 27
noise variance: 860.5243530273438
original u-statistic:-2.6800761222839355
p value proxy: 0.8507462739944458
result: False
power_upto_now: 0.07407407462596893
28th run
noise dimension : 27
noise variance: 866.8824462890625
original u-statistic:-3.7475812435150146
p value proxy: 0.9651740789413452
result: False
power_upto_now: 0.0714285746216774
29th run
noise dimension : 27
noise variance: 858.8561401367188
original u-statistic:-0.5197069644927979
p value proxy: 0.5074626803398132
result: False
power_upto_now: 0.06896551698446274
30th run
noise dimension : 27
noise variance: 862.9540405273438
original u-statistic:2.273315668106079
p value proxy: 0.17910447716712952
result: False
power_upto_now: 0.06666667014360428
31th run
noise dimension : 27
noise variance: 861.7410278320312
original u-statistic:-0.820019006729126
p value proxy: 0.6169154047966003
result: False
power_upto_now: 0.06451612710952759
32th run
noise dimension : 27
noise variance: 866.7150268554688
original u-statistic:0.9544811248779297
p value proxy: 0.35820895433425903
result: False
power_upto_now: 0.0625
33th run
noise dimension : 27
noise variance: 860.9749755859375
original u-statistic:2.0161335468292236
p value proxy: 0.23880596458911896
result: False
power_upto_now: 0.06060606241226196
34th run
noise dimension : 27
noise variance: 867.1397705078125
original u-statistic:2.4864275455474854
p value proxy: 0.16915422677993774
result: False
power_upto_now: 0.05882352963089943
35th run
noise dimension : 27
noise variance: 857.1663208007812
original u-statistic:2.696568250656128
p value proxy: 0.1840796023607254
result: False
power_upto_now: 0.05714285746216774
36th run
noise dimension : 27
noise variance: 861.3185424804688
original u-statistic:0.8089648485183716
p value proxy: 0.3781094551086426
result: False
power_upto_now: 0.0555555559694767
37th run
noise dimension : 27
noise variance: 864.2378540039062
original u-statistic:-4.732396602630615
p value proxy: 0.9800994992256165
result: False
power_upto_now: 0.054054055362939835
38th run
noise dimension : 27
noise variance: 858.7045288085938
original u-statistic:0.6324381828308105
p value proxy: 0.38308456540107727
result: False
power_upto_now: 0.05263157933950424
39th run
noise dimension : 27
noise variance: 869.6014404296875
original u-statistic:4.419558525085449
p value proxy: 0.08457711338996887
result: False
power_upto_now: 0.05128205195069313
40th run
noise dimension : 27
noise variance: 861.7123413085938
original u-statistic:-0.42130470275878906
p value proxy: 0.5273631811141968
result: False
power_upto_now: 0.05000000074505806
41th run
noise dimension : 27
noise variance: 863.0289306640625
original u-statistic:-1.3593086004257202
p value proxy: 0.7064676284790039
result: False
power_upto_now: 0.04878048598766327
42th run
noise dimension : 27
noise variance: 861.6534423828125
original u-statistic:-1.7140274047851562
p value proxy: 0.7313432693481445
result: False
power_upto_now: 0.0476190485060215
43th run
noise dimension : 27
noise variance: 870.1285400390625
original u-statistic:-1.7700390815734863
p value proxy: 0.7164179086685181
result: False
power_upto_now: 0.04651162773370743
44th run
noise dimension : 27
noise variance: 869.1138916015625
original u-statistic:3.214434862136841
p value proxy: 0.12935322523117065
result: False
power_upto_now: 0.04545454680919647
45th run
noise dimension : 27
noise variance: 856.42724609375
original u-statistic:0.5791120529174805
p value proxy: 0.3631840646266937
result: False
power_upto_now: 0.04444444552063942
46th run
noise dimension : 27
noise variance: 867.60595703125
original u-statistic:1.168799877166748
p value proxy: 0.2885572016239166
result: False
power_upto_now: 0.043478261679410934
47th run
noise dimension : 27
noise variance: 862.3775634765625
original u-statistic:1.5563669204711914
p value proxy: 0.2238805890083313
result: False
power_upto_now: 0.042553190141916275
48th run
noise dimension : 27
noise variance: 866.7244262695312
original u-statistic:3.370314359664917
p value proxy: 0.11442785710096359
result: False
power_upto_now: 0.0416666679084301
49th run
noise dimension : 27
noise variance: 869.8916015625
original u-statistic:0.13229799270629883
p value proxy: 0.4477611780166626
result: False
power_upto_now: 0.040816325694322586
50th run
noise dimension : 27
noise variance: 868.1109008789062
original u-statistic:-4.010440826416016
p value proxy: 0.9601989984512329
result: False
power_upto_now: 0.03999999910593033
51th run
noise dimension : 27
noise variance: 866.8017578125
original u-statistic:-2.117824077606201
p value proxy: 0.7960199117660522
result: False
power_upto_now: 0.03921568766236305
52th run
noise dimension : 27
noise variance: 867.143798828125
original u-statistic:1.6020886898040771
p value proxy: 0.2636815905570984
result: False
power_upto_now: 0.03846153989434242
53th run
noise dimension : 27
noise variance: 859.0657958984375
original u-statistic:0.8644919395446777
p value proxy: 0.31840795278549194
result: False
power_upto_now: 0.03773584961891174
54th run
noise dimension : 27
noise variance: 866.8934326171875
original u-statistic:0.288226842880249
p value proxy: 0.46268656849861145
result: False
power_upto_now: 0.03703703731298447
55th run
noise dimension : 27
noise variance: 856.9409790039062
original u-statistic:3.2242472171783447
p value proxy: 0.09452736377716064
result: False
power_upto_now: 0.036363635212183
56th run
noise dimension : 27
noise variance: 865.3435668945312
original u-statistic:4.636152267456055
p value proxy: 0.05472636595368385
result: False
power_upto_now: 0.0357142873108387
57th run
noise dimension : 27
noise variance: 864.5308837890625
original u-statistic:3.7915992736816406
p value proxy: 0.07960198819637299
result: False
power_upto_now: 0.035087719559669495
58th run
noise dimension : 27
noise variance: 863.6756591796875
original u-statistic:-4.792891502380371
p value proxy: 0.9850745797157288
result: False
power_upto_now: 0.03448275849223137
59th run
noise dimension : 27
noise variance: 868.595458984375
original u-statistic:-0.8059356212615967
p value proxy: 0.5472636818885803
result: False
power_upto_now: 0.033898305147886276
60th run
noise dimension : 27
noise variance: 863.4950561523438
original u-statistic:-2.7951343059539795
p value proxy: 0.8656716346740723
result: False
power_upto_now: 0.03333333507180214
61th run
noise dimension : 27
noise variance: 872.5499877929688
original u-statistic:-0.9469296932220459
p value proxy: 0.676616907119751
result: False
power_upto_now: 0.032786883413791656
62th run
noise dimension : 27
noise variance: 863.0447387695312
original u-statistic:-0.9121694564819336
p value proxy: 0.6517412662506104
result: False
power_upto_now: 0.032258063554763794
63th run
noise dimension : 27
noise variance: 858.1716918945312
original u-statistic:1.5883393287658691
p value proxy: 0.2636815905570984
result: False
power_upto_now: 0.0317460335791111
64th run
noise dimension : 27
noise variance: 866.5006713867188
original u-statistic:0.3110470771789551
p value proxy: 0.4427860677242279
result: False
power_upto_now: 0.03125
65th run
noise dimension : 27
noise variance: 864.2570190429688
original u-statistic:3.680452823638916
p value proxy: 0.0746268630027771
result: False
power_upto_now: 0.03076923079788685
66th run
noise dimension : 27
noise variance: 862.4778442382812
original u-statistic:1.6928529739379883
p value proxy: 0.2238805890083313
result: False
power_upto_now: 0.03030303120613098
67th run
noise dimension : 27
noise variance: 860.9714965820312
original u-statistic:0.466951847076416
p value proxy: 0.4029850661754608
result: False
power_upto_now: 0.02985074557363987
68th run
noise dimension : 27
noise variance: 862.9285278320312
original u-statistic:-3.393054485321045
p value proxy: 0.9154228568077087
result: False
power_upto_now: 0.029411764815449715
69th run
noise dimension : 27
noise variance: 859.8828125
original u-statistic:-0.5101561546325684
p value proxy: 0.5721392631530762
result: False
power_upto_now: 0.028985507786273956
70th run
noise dimension : 27
noise variance: 868.9489135742188
original u-statistic:6.672388553619385
p value proxy: 0.019900497049093246
result: True
power_upto_now: 0.04285714402794838
71th run
noise dimension : 27
noise variance: 863.9933471679688
original u-statistic:5.066985607147217
p value proxy: 0.03482586890459061
result: True
power_upto_now: 0.056338027119636536
72th run
noise dimension : 27
noise variance: 862.4262084960938
original u-statistic:-1.9451686143875122
p value proxy: 0.7611939907073975
result: False
power_upto_now: 0.0555555559694767
73th run
noise dimension : 27
noise variance: 859.2396850585938
original u-statistic:-1.8307430744171143
p value proxy: 0.7263681292533875
result: False
power_upto_now: 0.054794520139694214
74th run
noise dimension : 27
noise variance: 865.6755981445312
original u-statistic:-2.7074174880981445
p value proxy: 0.8706467747688293
result: False
power_upto_now: 0.054054055362939835
75th run
noise dimension : 27
noise variance: 866.6939086914062
original u-statistic:1.3792939186096191
p value proxy: 0.2985074520111084
result: False
power_upto_now: 0.0533333346247673
76th run
noise dimension : 27
noise variance: 865.73095703125
original u-statistic:-0.6143500804901123
p value proxy: 0.5621890425682068
result: False
power_upto_now: 0.05263157933950424
77th run
noise dimension : 27
noise variance: 858.5462036132812
original u-statistic:0.862362265586853
p value proxy: 0.3432835638523102
result: False
power_upto_now: 0.051948051899671555
78th run
noise dimension : 27
noise variance: 857.718017578125
original u-statistic:3.7463431358337402
p value proxy: 0.09452736377716064
result: False
power_upto_now: 0.05128205195069313
79th run
noise dimension : 27
noise variance: 856.7444458007812
original u-statistic:4.072517395019531
p value proxy: 0.06467661261558533
result: False
power_upto_now: 0.050632912665605545
80th run
noise dimension : 27
noise variance: 866.318603515625
original u-statistic:-0.04666757583618164
p value proxy: 0.5373134016990662
result: False
power_upto_now: 0.05000000074505806
81th run
noise dimension : 27
noise variance: 864.1639404296875
original u-statistic:0.11357450485229492
p value proxy: 0.4427860677242279
result: False
power_upto_now: 0.04938271641731262
82th run
noise dimension : 27
noise variance: 858.99365234375
original u-statistic:0.7629132270812988
p value proxy: 0.4079601764678955
result: False
power_upto_now: 0.04878048598766327
83th run
noise dimension : 27
noise variance: 860.1077880859375
original u-statistic:5.458505153656006
p value proxy: 0.019900497049093246
result: True
power_upto_now: 0.0602409653365612
84th run
noise dimension : 27
noise variance: 865.94580078125
original u-statistic:-0.5310873985290527
p value proxy: 0.5671641826629639
result: False
power_upto_now: 0.0595238097012043
85th run
noise dimension : 27
noise variance: 867.4352416992188
original u-statistic:0.8318049907684326
p value proxy: 0.34825870394706726
result: False
power_upto_now: 0.05882352963089943
86th run
noise dimension : 27
noise variance: 861.179931640625
original u-statistic:0.761650562286377
p value proxy: 0.3731343150138855
result: False
power_upto_now: 0.058139536529779434
87th run
noise dimension : 27
noise variance: 862.3914184570312
original u-statistic:5.034979820251465
p value proxy: 0.03980099409818649
result: True
power_upto_now: 0.06896551698446274
88th run
noise dimension : 27
noise variance: 862.7418823242188
original u-statistic:3.705580949783325
p value proxy: 0.10447760671377182
result: False
power_upto_now: 0.06818182021379471
89th run
noise dimension : 27
noise variance: 863.7063598632812
original u-statistic:-2.0575826168060303
p value proxy: 0.7910447716712952
result: False
power_upto_now: 0.06741572916507721
90th run
noise dimension : 27
noise variance: 864.2789916992188
original u-statistic:2.3836421966552734
p value proxy: 0.17910447716712952
result: False
power_upto_now: 0.06666667014360428
91th run
noise dimension : 27
noise variance: 866.1058959960938
original u-statistic:3.705106258392334
p value proxy: 0.0746268630027771
result: False
power_upto_now: 0.06593406945466995
92th run
noise dimension : 27
noise variance: 862.4246215820312
original u-statistic:2.827021598815918
p value proxy: 0.15422885119915009
result: False
power_upto_now: 0.06521739065647125
93th run
noise dimension : 27
noise variance: 858.1387329101562
original u-statistic:-0.07071876525878906
p value proxy: 0.4477611780166626
result: False
power_upto_now: 0.06451612710952759
94th run
noise dimension : 27
noise variance: 859.2091674804688
original u-statistic:2.0257761478424072
p value proxy: 0.15422885119915009
result: False
power_upto_now: 0.06382978707551956
95th run
noise dimension : 27
noise variance: 863.1128540039062
original u-statistic:2.668654441833496
p value proxy: 0.12935322523117065
result: False
power_upto_now: 0.06315789371728897
96th run
noise dimension : 27
noise variance: 865.3623657226562
original u-statistic:-2.0938353538513184
p value proxy: 0.781094491481781
result: False
power_upto_now: 0.0625
97th run
noise dimension : 27
noise variance: 876.9625854492188
original u-statistic:6.293371200561523
p value proxy: 0.009950248524546623
result: True
power_upto_now: 0.07216494530439377
98th run
noise dimension : 27
noise variance: 863.2766723632812
original u-statistic:-3.350336790084839
p value proxy: 0.9402984976768494
result: False
power_upto_now: 0.0714285746216774
99th run
noise dimension : 27
noise variance: 867.3395385742188
original u-statistic:-1.9374456405639648
p value proxy: 0.7263681292533875
result: False
power_upto_now: 0.07070706784725189
100th run
noise dimension : 27
noise variance: 863.2327880859375
original u-statistic:-2.081564426422119
p value proxy: 0.7761194109916687
result: False
power_upto_now: 0.07000000029802322
101th run
noise dimension : 27
noise variance: 864.0011596679688
original u-statistic:1.3490793704986572
p value proxy: 0.2885572016239166
result: False
power_upto_now: 0.06930693238973618
102th run
noise dimension : 27
noise variance: 864.0131225585938
original u-statistic:1.3546757698059082
p value proxy: 0.2885572016239166
result: False
power_upto_now: 0.06862745434045792
103th run
noise dimension : 27
noise variance: 867.7386474609375
original u-statistic:1.5465145111083984
p value proxy: 0.24875621497631073
result: False
power_upto_now: 0.06796116381883621
104th run
noise dimension : 27
noise variance: 865.2054443359375
original u-statistic:-1.7639265060424805
p value proxy: 0.7711442708969116
result: False
power_upto_now: 0.06730769574642181
105th run
noise dimension : 27
noise variance: 861.9212646484375
original u-statistic:0.8160073757171631
p value proxy: 0.3383084535598755
result: False
power_upto_now: 0.06666667014360428
106th run
noise dimension : 27
noise variance: 865.271240234375
original u-statistic:-4.942306041717529
p value proxy: 0.9900497198104858
result: False
power_upto_now: 0.06603773683309555
107th run
noise dimension : 27
noise variance: 856.1454467773438
original u-statistic:-1.8998501300811768
p value proxy: 0.7860696315765381
result: False
power_upto_now: 0.06542056053876877
108th run
noise dimension : 27
noise variance: 869.4151611328125
original u-statistic:-0.5067691206932068
p value proxy: 0.5124378204345703
result: False
power_upto_now: 0.06481481343507767
109th run
noise dimension : 27
noise variance: 860.872802734375
original u-statistic:1.8243582248687744
p value proxy: 0.20398008823394775
result: False
power_upto_now: 0.06422018259763718
110th run
noise dimension : 27
noise variance: 867.6796875
original u-statistic:8.867979049682617
p value proxy: 0.004975124262273312
result: True
power_upto_now: 0.072727270424366
111th run
noise dimension : 27
noise variance: 862.1006469726562
original u-statistic:3.5105671882629395
p value proxy: 0.06467661261558533
result: False
power_upto_now: 0.07207207381725311
112th run
noise dimension : 27
noise variance: 862.1414794921875
original u-statistic:2.819322109222412
p value proxy: 0.11442785710096359
result: False
power_upto_now: 0.0714285746216774
113th run
noise dimension : 27
noise variance: 858.2349243164062
original u-statistic:3.908189058303833
p value proxy: 0.06467661261558533
result: False
power_upto_now: 0.07079645991325378
114th run
noise dimension : 27
noise variance: 863.1073608398438
original u-statistic:2.507242202758789
p value proxy: 0.16915422677993774
result: False
power_upto_now: 0.07017543911933899
115th run
noise dimension : 27
noise variance: 861.064208984375
original u-statistic:0.9675981998443604
p value proxy: 0.3383084535598755
result: False
power_upto_now: 0.06956521421670914
116th run
noise dimension : 27
noise variance: 860.3209838867188
original u-statistic:4.640174388885498
p value proxy: 0.06467661261558533
result: False
power_upto_now: 0.06896551698446274
117th run
noise dimension : 27
noise variance: 863.9910278320312
original u-statistic:-0.6865954399108887
p value proxy: 0.5870646834373474
result: False
power_upto_now: 0.0683760717511177
118th run
noise dimension : 27
noise variance: 869.9837646484375
original u-statistic:1.4747285842895508
p value proxy: 0.24875621497631073
result: False
power_upto_now: 0.06779661029577255
119th run
noise dimension : 27
noise variance: 863.5941162109375
original u-statistic:-1.0704975128173828
p value proxy: 0.6119402647018433
result: False
power_upto_now: 0.06722689419984818
120th run
noise dimension : 27
noise variance: 868.6472778320312
original u-statistic:4.850283145904541
p value proxy: 0.02985074557363987
result: True
power_upto_now: 0.07500000298023224
121th run
noise dimension : 27
noise variance: 867.568603515625
original u-statistic:-1.6744728088378906
p value proxy: 0.7512437701225281
result: False
power_upto_now: 0.07438016682863235
122th run
noise dimension : 27
noise variance: 864.027099609375
original u-statistic:0.1652093529701233
p value proxy: 0.42288556694984436
result: False
power_upto_now: 0.07377049326896667
123th run
noise dimension : 27
noise variance: 859.1939086914062
original u-statistic:-0.4492814540863037
p value proxy: 0.4925372898578644
result: False
power_upto_now: 0.0731707289814949
124th run
noise dimension : 27
noise variance: 860.939453125
original u-statistic:3.5135645866394043
p value proxy: 0.0746268630027771
result: False
power_upto_now: 0.07258064299821854
125th run
noise dimension : 27
noise variance: 858.2742919921875
original u-statistic:0.777167797088623
p value proxy: 0.35323381423950195
result: False
power_upto_now: 0.07199999690055847
126th run
noise dimension : 27
noise variance: 867.9437255859375
original u-statistic:1.164346694946289
p value proxy: 0.24378108978271484
result: False
power_upto_now: 0.0714285746216774
127th run
noise dimension : 27
noise variance: 859.7242431640625
original u-statistic:1.6010994911193848
p value proxy: 0.19900497794151306
result: False
power_upto_now: 0.07086614519357681
128th run
noise dimension : 27
noise variance: 858.9077758789062
original u-statistic:-1.2437572479248047
p value proxy: 0.6567164063453674
result: False
power_upto_now: 0.0703125
129th run
noise dimension : 27
noise variance: 862.245849609375
original u-statistic:1.143479824066162
p value proxy: 0.2587064504623413
result: False
power_upto_now: 0.06976744532585144
130th run
noise dimension : 27
noise variance: 865.0020141601562
original u-statistic:3.8409435749053955
p value proxy: 0.11940298229455948
result: False
power_upto_now: 0.06923077255487442
131th run
noise dimension : 27
noise variance: 861.6358032226562
original u-statistic:-1.8781507015228271
p value proxy: 0.7661691308021545
result: False
power_upto_now: 0.06870228797197342
132th run
noise dimension : 27
noise variance: 862.009765625
original u-statistic:2.322990894317627
p value proxy: 0.1492537260055542
result: False
power_upto_now: 0.06818182021379471
133th run
noise dimension : 27
noise variance: 861.2017822265625
original u-statistic:-0.6388005018234253
p value proxy: 0.5174129009246826
result: False
power_upto_now: 0.06766917556524277
134th run
noise dimension : 27
noise variance: 862.2116088867188
original u-statistic:-2.7755770683288574
p value proxy: 0.8905472159385681
result: False
power_upto_now: 0.06716418266296387
135th run
noise dimension : 27
noise variance: 858.9237670898438
original u-statistic:0.36099863052368164
p value proxy: 0.4427860677242279
result: False
power_upto_now: 0.06666667014360428
136th run
noise dimension : 27
noise variance: 869.0546264648438
original u-statistic:1.0771219730377197
p value proxy: 0.27860695123672485
result: False
power_upto_now: 0.06617647409439087
137th run
noise dimension : 27
noise variance: 865.4140625
original u-statistic:3.3488550186157227
p value proxy: 0.10447760671377182
result: False
power_upto_now: 0.0656934306025505
138th run
noise dimension : 27
noise variance: 869.1971435546875
original u-statistic:-1.666562795639038
p value proxy: 0.781094491481781
result: False
power_upto_now: 0.06521739065647125
139th run
noise dimension : 27
noise variance: 864.19677734375
original u-statistic:2.1550450325012207
p value proxy: 0.17412935197353363
result: False
power_upto_now: 0.06474819779396057
140th run
noise dimension : 27
noise variance: 871.5225830078125
original u-statistic:1.7609641551971436
p value proxy: 0.2189054638147354
result: False
power_upto_now: 0.06428571790456772
141th run
noise dimension : 27
noise variance: 861.7721557617188
original u-statistic:0.8597993850708008
p value proxy: 0.28358209133148193
result: False
power_upto_now: 0.06382978707551956
142th run
noise dimension : 27
noise variance: 864.3298950195312
original u-statistic:-1.4021830558776855
p value proxy: 0.6567164063453674
result: False
power_upto_now: 0.06338027864694595
143th run
noise dimension : 27
noise variance: 858.4935913085938
original u-statistic:-1.441178321838379
p value proxy: 0.7213929891586304
result: False
power_upto_now: 0.06293706595897675
144th run
noise dimension : 27
noise variance: 859.87939453125
original u-statistic:-0.6178603172302246
p value proxy: 0.5771144032478333
result: False
power_upto_now: 0.0625
145th run
noise dimension : 27
noise variance: 865.6407470703125
original u-statistic:-0.1572427749633789
p value proxy: 0.4875621795654297
result: False
power_upto_now: 0.062068965286016464
146th run
noise dimension : 27
noise variance: 868.7891235351562
original u-statistic:-0.09296417236328125
p value proxy: 0.5422885417938232
result: False
power_upto_now: 0.06164383515715599
147th run
noise dimension : 27
noise variance: 867.0083618164062
original u-statistic:-2.774831533432007
p value proxy: 0.8407959938049316
result: False
power_upto_now: 0.06122449040412903
148th run
noise dimension : 27
noise variance: 858.4214477539062
original u-statistic:2.471400022506714
p value proxy: 0.12437810748815536
result: False
power_upto_now: 0.06081081181764603
149th run
noise dimension : 27
noise variance: 870.5986938476562
original u-statistic:0.08679938316345215
p value proxy: 0.42786067724227905
result: False
power_upto_now: 0.06040268391370773
150th run
noise dimension : 27
noise variance: 866.9906005859375
original u-statistic:-0.48473644256591797
p value proxy: 0.5422885417938232
result: False
power_upto_now: 0.05999999865889549
151th run
noise dimension : 27
noise variance: 866.4019775390625
original u-statistic:-2.379075050354004
p value proxy: 0.815920352935791
result: False
power_upto_now: 0.05960264801979065
152th run
noise dimension : 27
noise variance: 863.4772338867188
original u-statistic:0.7753919363021851
p value proxy: 0.38805970549583435
result: False
power_upto_now: 0.05921052768826485
153th run
noise dimension : 27
noise variance: 866.9838256835938
original u-statistic:0.8556747436523438
p value proxy: 0.35820895433425903
result: False
power_upto_now: 0.05882352963089943
154th run
noise dimension : 27
noise variance: 861.7799682617188
original u-statistic:-3.2451343536376953
p value proxy: 0.9154228568077087
result: False
power_upto_now: 0.05844155699014664
155th run
noise dimension : 27
noise variance: 877.6218872070312
original u-statistic:1.8493895530700684
p value proxy: 0.20398008823394775
result: False
power_upto_now: 0.05806451663374901
156th run
noise dimension : 27
noise variance: 865.7620849609375
original u-statistic:-2.331341505050659
p value proxy: 0.8308457732200623
result: False
power_upto_now: 0.057692307978868484
157th run
noise dimension : 27
noise variance: 861.7424926757812
original u-statistic:-1.8821592330932617
p value proxy: 0.746268630027771
result: False
power_upto_now: 0.0573248416185379
158th run
noise dimension : 27
noise variance: 869.4139404296875
original u-statistic:0.3092031478881836
p value proxy: 0.4179104268550873
result: False
power_upto_now: 0.0569620244204998
159th run
noise dimension : 27
noise variance: 863.46044921875
original u-statistic:-1.9312739372253418
p value proxy: 0.8258706331253052
result: False
power_upto_now: 0.056603774428367615
160th run
noise dimension : 27
noise variance: 859.8319702148438
original u-statistic:-0.06835067272186279
p value proxy: 0.49751242995262146
result: False
power_upto_now: 0.05624999850988388
161th run
noise dimension : 27
noise variance: 870.4590454101562
original u-statistic:-0.7209500074386597
p value proxy: 0.5621890425682068
result: False
power_upto_now: 0.05590062215924263
162th run
noise dimension : 27
noise variance: 860.0182495117188
original u-statistic:-0.9103648066520691
p value proxy: 0.6368159055709839
result: False
power_upto_now: 0.0555555559694767
163th run
noise dimension : 27
noise variance: 871.1419677734375
original u-statistic:1.8199057579040527
p value proxy: 0.2537313401699066
result: False
power_upto_now: 0.05521472543478012
164th run
noise dimension : 27
noise variance: 858.3256225585938
original u-statistic:-0.9966559410095215
p value proxy: 0.5870646834373474
result: False
power_upto_now: 0.05487804859876633
165th run
noise dimension : 27
noise variance: 862.173828125
original u-statistic:4.480050086975098
p value proxy: 0.014925372786819935
result: True
power_upto_now: 0.06060606241226196
166th run
noise dimension : 27
noise variance: 865.1923828125
original u-statistic:0.8395276069641113
p value proxy: 0.32338306307792664
result: False
power_upto_now: 0.0602409653365612
167th run
noise dimension : 27
noise variance: 865.1011352539062
original u-statistic:0.7042222023010254
p value proxy: 0.30845770239830017
result: False
power_upto_now: 0.05988023802638054
168th run
noise dimension : 27
noise variance: 867.1451416015625
original u-statistic:1.5822196006774902
p value proxy: 0.24875621497631073
result: False
power_upto_now: 0.0595238097012043
169th run
noise dimension : 27
noise variance: 864.0985107421875
original u-statistic:-2.071249485015869
p value proxy: 0.8009949922561646
result: False
power_upto_now: 0.05917159840464592
170th run
noise dimension : 27
noise variance: 865.2815551757812
original u-statistic:0.049100279808044434
p value proxy: 0.5124378204345703
result: False
power_upto_now: 0.05882352963089943
171th run
noise dimension : 27
noise variance: 862.3656616210938
original u-statistic:1.5701346397399902
p value proxy: 0.2686567008495331
result: False
power_upto_now: 0.05847953259944916
172th run
noise dimension : 27
noise variance: 866.4371948242188
original u-statistic:3.0611541271209717
p value proxy: 0.12437810748815536
result: False
power_upto_now: 0.058139536529779434
173th run
noise dimension : 27
noise variance: 868.43212890625
original u-statistic:-2.2053351402282715
p value proxy: 0.8308457732200623
result: False
power_upto_now: 0.05780346691608429
174th run
noise dimension : 27
noise variance: 862.85888671875
original u-statistic:2.964340925216675
p value proxy: 0.09452736377716064
result: False
power_upto_now: 0.05747126415371895
175th run
noise dimension : 27
noise variance: 873.3372192382812
original u-statistic:-0.3418874740600586
p value proxy: 0.5671641826629639
result: False
power_upto_now: 0.05714285746216774
176th run
noise dimension : 27
noise variance: 861.3675537109375
original u-statistic:-0.2908787727355957
p value proxy: 0.4925372898578644
result: False
power_upto_now: 0.05681818351149559
177th run
noise dimension : 27
noise variance: 867.427490234375
original u-statistic:-1.5677889585494995
p value proxy: 0.7263681292533875
result: False
power_upto_now: 0.05649717524647713
178th run
noise dimension : 27
noise variance: 865.41943359375
original u-statistic:-2.091301441192627
p value proxy: 0.8308457732200623
result: False
power_upto_now: 0.056179776787757874
179th run
noise dimension : 27
noise variance: 857.4620361328125
original u-statistic:-0.47655296325683594
p value proxy: 0.5522388219833374
result: False
power_upto_now: 0.05586592108011246
180th run
noise dimension : 27
noise variance: 864.0967407226562
original u-statistic:-0.5280075073242188
p value proxy: 0.5323383212089539
result: False
power_upto_now: 0.0555555559694767
181th run
noise dimension : 27
noise variance: 866.4356689453125
original u-statistic:-1.3824052810668945
p value proxy: 0.6965174078941345
result: False
power_upto_now: 0.05524861812591553
182th run
noise dimension : 27
noise variance: 871.4698486328125
original u-statistic:1.48931884765625
p value proxy: 0.3034825921058655
result: False
power_upto_now: 0.05494505539536476
183th run
noise dimension : 27
noise variance: 857.1361694335938
original u-statistic:2.8884668350219727
p value proxy: 0.1442786008119583
result: False
power_upto_now: 0.054644808173179626
184th run
noise dimension : 27
noise variance: 867.056640625
original u-statistic:0.9617249965667725
p value proxy: 0.3681592047214508
result: False
power_upto_now: 0.054347824305295944
185th run
noise dimension : 27
noise variance: 867.2433471679688
original u-statistic:-2.470694065093994
p value proxy: 0.815920352935791
result: False
power_upto_now: 0.054054055362939835
186th run
noise dimension : 27
noise variance: 867.2750854492188
original u-statistic:-0.4243210554122925
p value proxy: 0.5721392631530762
result: False
power_upto_now: 0.05376344174146652
187th run
noise dimension : 27
noise variance: 865.4838256835938
original u-statistic:-1.2257637977600098
p value proxy: 0.6965174078941345
result: False
power_upto_now: 0.05347593501210213
188th run
noise dimension : 27
noise variance: 861.857421875
original u-statistic:-1.1889445781707764
p value proxy: 0.6915422677993774
result: False
power_upto_now: 0.05319149047136307
189th run
noise dimension : 27
noise variance: 864.323486328125
original u-statistic:0.8312101364135742
p value proxy: 0.3432835638523102
result: False
power_upto_now: 0.05291005223989487
190th run
noise dimension : 27
noise variance: 859.69140625
original u-statistic:-0.6695928573608398
p value proxy: 0.5671641826629639
result: False
power_upto_now: 0.05263157933950424
191th run
noise dimension : 27
noise variance: 857.115478515625
original u-statistic:-1.9351763725280762
p value proxy: 0.781094491481781
result: False
power_upto_now: 0.052356019616127014
192th run
noise dimension : 27
noise variance: 863.9840087890625
original u-statistic:0.4534651041030884
p value proxy: 0.4477611780166626
result: False
power_upto_now: 0.0520833320915699
193th run
noise dimension : 27
noise variance: 861.6364135742188
original u-statistic:-2.0125656127929688
p value proxy: 0.8308457732200623
result: False
power_upto_now: 0.05181347206234932
194th run
noise dimension : 27
noise variance: 866.4509887695312
original u-statistic:2.352785587310791
p value proxy: 0.16915422677993774
result: False
power_upto_now: 0.05154639109969139
195th run
noise dimension : 27
noise variance: 859.8101806640625
original u-statistic:0.38475894927978516
p value proxy: 0.4029850661754608
result: False
power_upto_now: 0.05128205195069313
196th run
noise dimension : 27
noise variance: 865.276123046875
original u-statistic:1.8397221565246582
p value proxy: 0.22885571420192719
result: False
power_upto_now: 0.051020409911870956
197th run
noise dimension : 27
noise variance: 861.6868286132812
original u-statistic:1.1931380033493042
p value proxy: 0.2636815905570984
result: False
power_upto_now: 0.05076142027974129
198th run
noise dimension : 27
noise variance: 867.1512451171875
original u-statistic:10.034835815429688
p value proxy: 0.004975124262273312
result: True
power_upto_now: 0.0555555559694767
199th run
noise dimension : 27
noise variance: 861.8257446289062
original u-statistic:1.5707898139953613
p value proxy: 0.24875621497631073
result: False
power_upto_now: 0.055276382714509964
200th run
noise dimension : 27
noise variance: 866.209228515625
original u-statistic:2.1250076293945312
p value proxy: 0.23383083939552307
result: False
power_upto_now: 0.054999999701976776
201th run
noise dimension : 27
noise variance: 861.8085327148438
original u-statistic:5.021215438842773
p value proxy: 0.02985074557363987
result: True
power_upto_now: 0.05970149114727974
202th run
noise dimension : 27
noise variance: 864.8043212890625
original u-statistic:-1.4010472297668457
p value proxy: 0.7014925479888916
result: False
power_upto_now: 0.059405941516160965
203th run
noise dimension : 27
noise variance: 859.4849243164062
original u-statistic:4.8572821617126465
p value proxy: 0.05472636595368385
result: False
power_upto_now: 0.05911330133676529
204th run
noise dimension : 27
noise variance: 868.4412841796875
original u-statistic:4.692998886108398
p value proxy: 0.0746268630027771
result: False
power_upto_now: 0.05882352963089943
205th run
noise dimension : 27
noise variance: 866.6135864257812
original u-statistic:1.0292630195617676
p value proxy: 0.31343284249305725
result: False
power_upto_now: 0.0585365854203701
206th run
noise dimension : 27
noise variance: 863.667236328125
original u-statistic:2.209867477416992
p value proxy: 0.17412935197353363
result: False
power_upto_now: 0.058252427726984024
207th run
noise dimension : 27
noise variance: 861.5444946289062
original u-statistic:-3.408562660217285
p value proxy: 0.9154228568077087
result: False
power_upto_now: 0.05797101557254791
208th run
noise dimension : 27
noise variance: 867.1929931640625
original u-statistic:5.314572334289551
p value proxy: 0.02985074557363987
result: True
power_upto_now: 0.0625
209th run
noise dimension : 27
noise variance: 861.5628662109375
original u-statistic:2.573798656463623
p value proxy: 0.15920397639274597
result: False
power_upto_now: 0.06220095604658127
210th run
noise dimension : 27
noise variance: 863.3185424804688
original u-statistic:-4.698437690734863
p value proxy: 0.9651740789413452
result: False
power_upto_now: 0.06190476194024086
211th run
noise dimension : 27
noise variance: 864.4942626953125
original u-statistic:-0.11988258361816406
p value proxy: 0.5174129009246826
result: False
power_upto_now: 0.061611372977495193
212th run
noise dimension : 27
noise variance: 864.0570678710938
original u-statistic:4.638424396514893
p value proxy: 0.04477611929178238
result: True
power_upto_now: 0.06603773683309555
213th run
noise dimension : 27
noise variance: 857.2532348632812
original u-statistic:2.3546900749206543
p value proxy: 0.17412935197353363
result: False
power_upto_now: 0.06572769582271576
214th run
noise dimension : 27
noise variance: 859.021240234375
original u-statistic:2.3849124908447266
p value proxy: 0.15422885119915009
result: False
power_upto_now: 0.06542056053876877
215th run
noise dimension : 27
noise variance: 866.5745239257812
original u-statistic:0.22318553924560547
p value proxy: 0.38805970549583435
result: False
power_upto_now: 0.0651162788271904
216th run
noise dimension : 27
noise variance: 865.1348266601562
original u-statistic:2.213071823120117
p value proxy: 0.1840796023607254
result: False
power_upto_now: 0.06481481343507767
217th run
noise dimension : 27
noise variance: 869.091552734375
original u-statistic:2.915888786315918
p value proxy: 0.12437810748815536
result: False
power_upto_now: 0.06451612710952759
218th run
noise dimension : 27
noise variance: 869.2036743164062
original u-statistic:0.4106179475784302
p value proxy: 0.42288556694984436
result: False
power_upto_now: 0.06422018259763718
219th run
noise dimension : 27
noise variance: 867.6046752929688
original u-statistic:-0.6846632957458496
p value proxy: 0.5124378204345703
result: False
power_upto_now: 0.06392694264650345
220th run
noise dimension : 27
noise variance: 858.6844482421875
original u-statistic:-1.729454755783081
p value proxy: 0.7164179086685181
result: False
power_upto_now: 0.06363636255264282
221th run
noise dimension : 27
noise variance: 864.0963134765625
original u-statistic:-2.6004865169525146
p value proxy: 0.8308457732200623
result: False
power_upto_now: 0.06334841996431351
222th run
noise dimension : 27
noise variance: 870.7747802734375
original u-statistic:1.8093572854995728
p value proxy: 0.22885571420192719
result: False
power_upto_now: 0.06306306272745132
223th run
noise dimension : 27
noise variance: 869.1297607421875
original u-statistic:2.326213836669922
p value proxy: 0.17412935197353363
result: False
power_upto_now: 0.06278026849031448
224th run
noise dimension : 27
noise variance: 854.5977783203125
original u-statistic:2.940553903579712
p value proxy: 0.15422885119915009
result: False
power_upto_now: 0.0625
225th run
noise dimension : 27
noise variance: 868.8560180664062
original u-statistic:-1.3434858322143555
p value proxy: 0.6467661261558533
result: False
power_upto_now: 0.06222222372889519
226th run
noise dimension : 27
noise variance: 871.2509155273438
original u-statistic:2.844327449798584
p value proxy: 0.12437810748815536
result: False
power_upto_now: 0.06194690242409706
227th run
noise dimension : 27
noise variance: 867.0192260742188
original u-statistic:0.6615830063819885
p value proxy: 0.34825870394706726
result: False
power_upto_now: 0.06167401000857353
228th run
noise dimension : 27
noise variance: 860.9074096679688
original u-statistic:-0.09881925582885742
p value proxy: 0.4925372898578644
result: False
power_upto_now: 0.061403509229421616
229th run
noise dimension : 27
noise variance: 864.5282592773438
original u-statistic:2.9470224380493164
p value proxy: 0.13432835042476654
result: False
power_upto_now: 0.061135370284318924
230th run
noise dimension : 27
noise variance: 866.916748046875
original u-statistic:1.6308141946792603
p value proxy: 0.24378108978271484
result: False
power_upto_now: 0.06086956337094307
231th run
noise dimension : 27
noise variance: 864.5172119140625
original u-statistic:0.14322900772094727
p value proxy: 0.42288556694984436
result: False
power_upto_now: 0.06060606241226196
232th run
noise dimension : 27
noise variance: 865.8458251953125
original u-statistic:-2.129700183868408
p value proxy: 0.7661691308021545
result: False
power_upto_now: 0.06034482643008232
233th run
noise dimension : 27
noise variance: 862.6268310546875
original u-statistic:0.141282320022583
p value proxy: 0.35323381423950195
result: False
power_upto_now: 0.06008583679795265
234th run
noise dimension : 27
noise variance: 869.2425537109375
original u-statistic:2.892918586730957
p value proxy: 0.16915422677993774
result: False
power_upto_now: 0.05982905998826027
235th run
noise dimension : 27
noise variance: 863.1708984375
original u-statistic:6.030670166015625
p value proxy: 0.024875622242689133
result: True
power_upto_now: 0.06382978707551956
236th run
noise dimension : 27
noise variance: 856.98486328125
original u-statistic:2.5804858207702637
p value proxy: 0.16417910158634186
result: False
power_upto_now: 0.06355932354927063
237th run
noise dimension : 27
noise variance: 864.2557373046875
original u-statistic:1.8328450918197632
p value proxy: 0.27860695123672485
result: False
power_upto_now: 0.06329113990068436
238th run
noise dimension : 27
noise variance: 873.2809448242188
original u-statistic:1.8671256303787231
p value proxy: 0.1840796023607254
result: False
power_upto_now: 0.06302521377801895
239th run
noise dimension : 27
noise variance: 854.8206787109375
original u-statistic:1.8728034496307373
p value proxy: 0.2189054638147354
result: False
power_upto_now: 0.06276150792837143
240th run
noise dimension : 27
noise variance: 853.11572265625
original u-statistic:6.146819114685059
p value proxy: 0.009950248524546623
result: True
power_upto_now: 0.06666667014360428
241th run
noise dimension : 27
noise variance: 862.3379516601562
original u-statistic:3.3784968852996826
p value proxy: 0.06965173780918121
result: False
power_upto_now: 0.06639004498720169
242th run
noise dimension : 27
noise variance: 860.4620971679688
original u-statistic:-1.997462272644043
p value proxy: 0.7611939907073975
result: False
power_upto_now: 0.06611569970846176
243th run
noise dimension : 27
noise variance: 865.9059448242188
original u-statistic:3.583486557006836
p value proxy: 0.05970149114727974
result: False
power_upto_now: 0.0658436194062233
244th run
noise dimension : 27
noise variance: 866.6045532226562
original u-statistic:-1.3545141220092773
p value proxy: 0.676616907119751
result: False
power_upto_now: 0.06557376682758331
245th run
noise dimension : 27
noise variance: 864.5638427734375
original u-statistic:1.598123550415039
p value proxy: 0.2537313401699066
result: False
power_upto_now: 0.06530611962080002
246th run
noise dimension : 27
noise variance: 866.4219360351562
original u-statistic:1.295064926147461
p value proxy: 0.27363184094429016
result: False
power_upto_now: 0.06504064798355103
247th run
noise dimension : 27
noise variance: 861.265869140625
original u-statistic:-1.13228178024292
p value proxy: 0.6368159055709839
result: False
power_upto_now: 0.06477732956409454
248th run
noise dimension : 27
noise variance: 869.29443359375
original u-statistic:0.16412639617919922
p value proxy: 0.4179104268550873
result: False
power_upto_now: 0.06451612710952759
249th run
noise dimension : 27
noise variance: 865.45361328125
original u-statistic:2.660820722579956
p value proxy: 0.15920397639274597
result: False
power_upto_now: 0.06425702571868896
250th run
noise dimension : 27
noise variance: 862.9652099609375
original u-statistic:3.232581853866577
p value proxy: 0.08955223858356476
result: False
power_upto_now: 0.06400000303983688
251th run
noise dimension : 27
noise variance: 863.9027709960938
original u-statistic:-1.997835636138916
p value proxy: 0.8308457732200623
result: False
power_upto_now: 0.06374502182006836
252th run
noise dimension : 27
noise variance: 866.3117065429688
original u-statistic:-3.4330291748046875
p value proxy: 0.9452736377716064
result: False
power_upto_now: 0.0634920671582222
253th run
noise dimension : 27
noise variance: 862.623046875
original u-statistic:-2.911832571029663
p value proxy: 0.9203979969024658
result: False
power_upto_now: 0.06324110925197601
254th run
noise dimension : 27
noise variance: 858.099609375
original u-statistic:2.8983428478240967
p value proxy: 0.15920397639274597
result: False
power_upto_now: 0.06299212574958801
255th run
noise dimension : 27
noise variance: 861.0768432617188
original u-statistic:1.2419753074645996
p value proxy: 0.2935323417186737
result: False
power_upto_now: 0.062745101749897
256th run
noise dimension : 27
noise variance: 873.7811279296875
original u-statistic:4.354163646697998
p value proxy: 0.05970149114727974
result: False
power_upto_now: 0.0625
257th run
noise dimension : 27
noise variance: 868.0337524414062
original u-statistic:1.1076383590698242
p value proxy: 0.32338306307792664
result: False
power_upto_now: 0.06225680932402611
258th run
noise dimension : 27
noise variance: 866.7975463867188
original u-statistic:4.664477348327637
p value proxy: 0.06965173780918121
result: False
power_upto_now: 0.06201550364494324
259th run
noise dimension : 27
noise variance: 864.9718627929688
original u-statistic:5.097443580627441
p value proxy: 0.049751244485378265
result: True
power_upto_now: 0.06563706696033478
260th run
noise dimension : 27
noise variance: 875.8026733398438
original u-statistic:-0.7828812599182129
p value proxy: 0.5721392631530762
result: False
power_upto_now: 0.06538461893796921
261th run
noise dimension : 27
noise variance: 857.9769287109375
original u-statistic:-2.3295302391052246
p value proxy: 0.8059701323509216
result: False
power_upto_now: 0.06513410061597824
262th run
noise dimension : 27
noise variance: 859.5841064453125
original u-statistic:2.025905132293701
p value proxy: 0.17910447716712952
result: False
power_upto_now: 0.06488549709320068
263th run
noise dimension : 27
noise variance: 873.0626831054688
original u-statistic:-2.802452802658081
p value proxy: 0.8208954930305481
result: False
power_upto_now: 0.06463878601789474
264th run
noise dimension : 27
noise variance: 857.1929321289062
original u-statistic:-2.0887680053710938
p value proxy: 0.8109452724456787
result: False
power_upto_now: 0.06439393758773804
265th run
noise dimension : 27
noise variance: 866.8342895507812
original u-statistic:-2.363680839538574
p value proxy: 0.8557213544845581
result: False
power_upto_now: 0.06415094435214996
266th run
noise dimension : 27
noise variance: 863.4716796875
original u-statistic:0.23152589797973633
p value proxy: 0.4527363181114197
result: False
power_upto_now: 0.06390977650880814
267th run
noise dimension : 27
noise variance: 860.925048828125
original u-statistic:1.6022193431854248
p value proxy: 0.24378108978271484
result: False
power_upto_now: 0.06367041170597076
268th run
noise dimension : 27
noise variance: 865.6578979492188
original u-statistic:-1.0835657119750977
p value proxy: 0.5820895433425903
result: False
power_upto_now: 0.06343283504247665
269th run
noise dimension : 27
noise variance: 865.2056274414062
original u-statistic:2.4513673782348633
p value proxy: 0.1890547275543213
result: False
power_upto_now: 0.06319702416658401
270th run
noise dimension : 27
noise variance: 862.8004150390625
original u-statistic:2.45070481300354
p value proxy: 0.20398008823394775
result: False
power_upto_now: 0.06296296417713165
271th run
noise dimension : 27
noise variance: 860.4323120117188
original u-statistic:1.1518173217773438
p value proxy: 0.27860695123672485
result: False
power_upto_now: 0.06273062527179718
272th run
noise dimension : 27
noise variance: 868.6947631835938
original u-statistic:-0.881688117980957
p value proxy: 0.6019900441169739
result: False
power_upto_now: 0.0625
273th run
noise dimension : 27
noise variance: 863.1021118164062
original u-statistic:4.323609828948975
p value proxy: 0.06467661261558533
result: False
power_upto_now: 0.06227106228470802
274th run
noise dimension : 27
noise variance: 859.8494262695312
original u-statistic:-2.3002443313598633
p value proxy: 0.8606964945793152
result: False
power_upto_now: 0.062043797224760056
275th run
noise dimension : 27
noise variance: 866.0283813476562
original u-statistic:-0.3220078945159912
p value proxy: 0.5472636818885803
result: False
power_upto_now: 0.06181818246841431
276th run
noise dimension : 27
noise variance: 864.8818969726562
original u-statistic:1.4355015754699707
p value proxy: 0.2885572016239166
result: False
power_upto_now: 0.06159420311450958
277th run
noise dimension : 27
noise variance: 860.4991455078125
original u-statistic:0.9777522087097168
p value proxy: 0.30845770239830017
result: False
power_upto_now: 0.06137184053659439
278th run
noise dimension : 27
noise variance: 853.603759765625
original u-statistic:-1.2483638525009155
p value proxy: 0.6716417670249939
result: False
power_upto_now: 0.06115107983350754
279th run
noise dimension : 27
noise variance: 862.214599609375
original u-statistic:5.199017524719238
p value proxy: 0.03482586890459061
result: True
power_upto_now: 0.06451612710952759
280th run
noise dimension : 27
noise variance: 864.025634765625
original u-statistic:-0.05194377899169922
p value proxy: 0.4477611780166626
result: False
power_upto_now: 0.06428571790456772
281th run
noise dimension : 27
noise variance: 860.6959838867188
original u-statistic:-0.631464958190918
p value proxy: 0.5373134016990662
result: False
power_upto_now: 0.06405694037675858
282th run
noise dimension : 27
noise variance: 860.2489624023438
original u-statistic:1.6744484901428223
p value proxy: 0.2636815905570984
result: False
power_upto_now: 0.06382978707551956
283th run
noise dimension : 27
noise variance: 867.0277099609375
original u-statistic:-0.32459259033203125
p value proxy: 0.5223880410194397
result: False
power_upto_now: 0.06360424309968948
284th run
noise dimension : 27
noise variance: 860.1611328125
original u-statistic:0.7535784244537354
p value proxy: 0.3631840646266937
result: False
power_upto_now: 0.06338027864694595
285th run
noise dimension : 27
noise variance: 859.1478881835938
original u-statistic:1.756216049194336
p value proxy: 0.2189054638147354
result: False
power_upto_now: 0.06315789371728897
286th run
noise dimension : 27
noise variance: 857.304931640625
original u-statistic:-3.5186514854431152
p value proxy: 0.9203979969024658
result: False
power_upto_now: 0.06293706595897675
287th run
noise dimension : 27
noise variance: 868.3896484375
original u-statistic:-2.7150323390960693
p value proxy: 0.8706467747688293
result: False
power_upto_now: 0.06271777302026749
288th run
noise dimension : 27
noise variance: 867.89208984375
original u-statistic:-0.5902864933013916
p value proxy: 0.5572139024734497
result: False
power_upto_now: 0.0625
289th run
noise dimension : 27
noise variance: 863.2550048828125
original u-statistic:1.4139958620071411
p value proxy: 0.2636815905570984
result: False
power_upto_now: 0.06228373572230339
290th run
noise dimension : 27
noise variance: 853.6241455078125
original u-statistic:0.314047634601593
p value proxy: 0.4129353165626526
result: False
power_upto_now: 0.062068965286016464
291th run
noise dimension : 27
noise variance: 867.9283447265625
original u-statistic:0.42744970321655273
p value proxy: 0.31840795278549194
result: False
power_upto_now: 0.06185567006468773
292th run
noise dimension : 27
noise variance: 864.9269409179688
original u-statistic:0.10162734985351562
p value proxy: 0.46268656849861145
result: False
power_upto_now: 0.06164383515715599
293th run
noise dimension : 27
noise variance: 864.44775390625
original u-statistic:-3.0964622497558594
p value proxy: 0.9004974961280823
result: False
power_upto_now: 0.061433445662260056
294th run
noise dimension : 27
noise variance: 868.1644897460938
original u-statistic:2.4101064205169678
p value proxy: 0.19402985274791718
result: False
power_upto_now: 0.06122449040412903
295th run
noise dimension : 27
noise variance: 867.6914672851562
original u-statistic:4.573681831359863
p value proxy: 0.03482586890459061
result: True
power_upto_now: 0.06440678238868713
296th run
noise dimension : 27
noise variance: 864.4046020507812
original u-statistic:-1.2904822826385498
p value proxy: 0.7213929891586304
result: False
power_upto_now: 0.06418918818235397
297th run
noise dimension : 27
noise variance: 863.0582885742188
original u-statistic:-1.98912513256073
p value proxy: 0.8059701323509216
result: False
power_upto_now: 0.06397306174039841
298th run
noise dimension : 27
noise variance: 861.6853637695312
original u-statistic:1.5817790031433105
p value proxy: 0.23880596458911896
result: False
power_upto_now: 0.06375838816165924
299th run
noise dimension : 27
noise variance: 865.4615478515625
original u-statistic:0.1579904556274414
p value proxy: 0.3681592047214508
result: False
power_upto_now: 0.06354515254497528
300th run
noise dimension : 27
noise variance: 862.8927612304688
original u-statistic:-0.904137372970581
p value proxy: 0.5820895433425903
result: False
power_upto_now: 0.06333333253860474
power estimate : 0.06333333253860474
elapsed time: 183.48663711547852
