job started
cuda available: True
code run on device:: cuda:0

n1 = 10000, n2 = 10000,

kappa = 3, alpha = 0.6,

gamma = 0.05, nTests = 500,

B = 300, d = 4

copula_mean_1
tensor([-0.5000, -0.5000, -0.5000, -0.5000], device='cuda:0')
copula_mean_2
tensor([0.5000, 0.5000, 0.5000, 0.5000], device='cuda:0')
sigma
tensor([[1.0000, 0.5000, 0.5000, 0.5000],
        [0.5000, 1.0000, 0.5000, 0.5000],
        [0.5000, 0.5000, 1.0000, 0.5000],
        [0.5000, 0.5000, 0.5000, 1.0000]], device='cuda:0')
1th run
noise dimension : 81
noise type: discrete
torch.Size([20000, 81])
original u-statistic:5.12019157409668
p value proxy: 0.10963454842567444
result: 0.0
rejected upto now: 0.0
number of test run upto now: 1
power_upto_now: 0.0
noise variance: 1797.0584716796875
average noise variance upto now: 1797.0584716796875
2th run
noise dimension : 81
noise type: discrete
torch.Size([20000, 81])
original u-statistic:0.5832147598266602
p value proxy: 0.4451827108860016
result: 0.0
rejected upto now: 0.0
number of test run upto now: 2
power_upto_now: 0.0
noise variance: 1799.39892578125
average noise variance upto now: 1798.228759765625
3th run
noise dimension : 81
noise type: discrete
torch.Size([20000, 81])
original u-statistic:4.357236862182617
p value proxy: 0.17275747656822205
result: 0.0
rejected upto now: 0.0
number of test run upto now: 3
power_upto_now: 0.0
noise variance: 1806.7021484375
average noise variance upto now: 1801.05322265625
4th run
noise dimension : 81
noise type: discrete
torch.Size([20000, 81])
original u-statistic:-1.322709560394287
p value proxy: 0.5913621187210083
result: 0.0
rejected upto now: 0.0
number of test run upto now: 4
power_upto_now: 0.0
noise variance: 1795.6883544921875
average noise variance upto now: 1799.7120361328125
5th run
noise dimension : 81
noise type: discrete
torch.Size([20000, 81])
original u-statistic:1.028515100479126
p value proxy: 0.3920265734195709
result: 0.0
rejected upto now: 0.0
number of test run upto now: 5
power_upto_now: 0.0
noise variance: 1802.9449462890625
average noise variance upto now: 1800.358642578125
6th run
noise dimension : 81
noise type: discrete
torch.Size([20000, 81])
original u-statistic:-2.1979734897613525
p value proxy: 0.6578072905540466
result: 0.0
rejected upto now: 0.0
number of test run upto now: 6
power_upto_now: 0.0
noise variance: 1802.32421875
average noise variance upto now: 1800.6861572265625
7th run
noise dimension : 81
noise type: discrete
torch.Size([20000, 81])
original u-statistic:2.5280513763427734
p value proxy: 0.31893688440322876
result: 0.0
rejected upto now: 0.0
number of test run upto now: 7
power_upto_now: 0.0
noise variance: 1799.4219970703125
average noise variance upto now: 1800.505615234375
8th run
noise dimension : 81
noise type: discrete
torch.Size([20000, 81])
original u-statistic:7.018344402313232
p value proxy: 0.06644517928361893
result: 0.0
rejected upto now: 0.0
number of test run upto now: 8
power_upto_now: 0.0
noise variance: 1799.628662109375
average noise variance upto now: 1800.39599609375
9th run
noise dimension : 81
noise type: discrete
torch.Size([20000, 81])
original u-statistic:2.6122183799743652
p value proxy: 0.2458471655845642
result: 0.0
rejected upto now: 0.0
number of test run upto now: 9
power_upto_now: 0.0
noise variance: 1797.2515869140625
average noise variance upto now: 1800.046630859375
10th run
noise dimension : 81
noise type: discrete
torch.Size([20000, 81])
original u-statistic:11.008338928222656
p value proxy: 0.006644518114626408
result: 1.0
rejected upto now: 1.0
number of test run upto now: 10
power_upto_now: 0.10000000149011612
noise variance: 1801.9366455078125
average noise variance upto now: 1800.235595703125
11th run
noise dimension : 81
noise type: discrete
torch.Size([20000, 81])
original u-statistic:13.423089981079102
p value proxy: 0.006644518114626408
result: 1.0
rejected upto now: 2.0
number of test run upto now: 11
power_upto_now: 0.1818181872367859
noise variance: 1795.2061767578125
average noise variance upto now: 1799.7784423828125
12th run
noise dimension : 81
noise type: discrete
torch.Size([20000, 81])
original u-statistic:-4.934261322021484
p value proxy: 0.8770763874053955
result: 0.0
rejected upto now: 2.0
number of test run upto now: 12
power_upto_now: 0.1666666716337204
noise variance: 1802.18212890625
average noise variance upto now: 1799.9786376953125
13th run
noise dimension : 81
noise type: discrete
torch.Size([20000, 81])
original u-statistic:6.791586875915527
p value proxy: 0.08970099687576294
result: 0.0
rejected upto now: 2.0
number of test run upto now: 13
power_upto_now: 0.1538461595773697
noise variance: 1797.01171875
average noise variance upto now: 1799.75048828125
14th run
noise dimension : 81
noise type: discrete
torch.Size([20000, 81])
original u-statistic:4.03381872177124
p value proxy: 0.15946844220161438
result: 0.0
rejected upto now: 2.0
number of test run upto now: 14
power_upto_now: 0.1428571492433548
noise variance: 1802.5933837890625
average noise variance upto now: 1799.9534912109375
15th run
noise dimension : 81
noise type: discrete
torch.Size([20000, 81])
original u-statistic:8.41081714630127
p value proxy: 0.023255813866853714
result: 1.0
rejected upto now: 3.0
number of test run upto now: 15
power_upto_now: 0.20000000298023224
noise variance: 1796.1173095703125
average noise variance upto now: 1799.6976318359375
16th run
noise dimension : 81
noise type: discrete
torch.Size([20000, 81])
original u-statistic:4.675791263580322
p value proxy: 0.14617939293384552
result: 0.0
rejected upto now: 3.0
number of test run upto now: 16
power_upto_now: 0.1875
noise variance: 1803.0318603515625
average noise variance upto now: 1799.9061279296875
17th run
noise dimension : 81
noise type: discrete
torch.Size([20000, 81])
original u-statistic:3.922117233276367
p value proxy: 0.1627907007932663
result: 0.0
rejected upto now: 3.0
number of test run upto now: 17
power_upto_now: 0.1764705926179886
noise variance: 1797.5450439453125
average noise variance upto now: 1799.7672119140625
18th run
noise dimension : 81
noise type: discrete
torch.Size([20000, 81])
original u-statistic:4.338654041290283
p value proxy: 0.15946844220161438
result: 0.0
rejected upto now: 3.0
number of test run upto now: 18
power_upto_now: 0.1666666716337204
noise variance: 1806.552978515625
average noise variance upto now: 1800.144287109375
19th run
noise dimension : 81
noise type: discrete
torch.Size([20000, 81])
original u-statistic:5.4700212478637695
p value proxy: 0.11295680701732635
result: 0.0
rejected upto now: 3.0
number of test run upto now: 19
power_upto_now: 0.15789473056793213
noise variance: 1797.2305908203125
average noise variance upto now: 1799.990966796875
20th run
noise dimension : 81
noise type: discrete
torch.Size([20000, 81])
original u-statistic:7.0734405517578125
p value proxy: 0.07973422110080719
result: 0.0
rejected upto now: 3.0
number of test run upto now: 20
power_upto_now: 0.15000000596046448
noise variance: 1799.6522216796875
average noise variance upto now: 1799.9739990234375
21th run
noise dimension : 81
noise type: discrete
torch.Size([20000, 81])
original u-statistic:14.184890747070312
p value proxy: 0.003322259057313204
result: 1.0
rejected upto now: 4.0
number of test run upto now: 21
power_upto_now: 0.190476194024086
noise variance: 1797.1531982421875
average noise variance upto now: 1799.839599609375
22th run
noise dimension : 81
noise type: discrete
torch.Size([20000, 81])
original u-statistic:7.631313323974609
p value proxy: 0.06644517928361893
result: 0.0
rejected upto now: 4.0
number of test run upto now: 22
power_upto_now: 0.1818181872367859
noise variance: 1797.50732421875
average noise variance upto now: 1799.733642578125
23th run
noise dimension : 81
noise type: discrete
torch.Size([20000, 81])
original u-statistic:4.635411739349365
p value proxy: 0.14617939293384552
result: 0.0
rejected upto now: 4.0
number of test run upto now: 23
power_upto_now: 0.17391304671764374
noise variance: 1802.430419921875
average noise variance upto now: 1799.850830078125
24th run
noise dimension : 81
noise type: discrete
torch.Size([20000, 81])
original u-statistic:4.241067886352539
p value proxy: 0.19601328670978546
result: 0.0
rejected upto now: 4.0
number of test run upto now: 24
power_upto_now: 0.1666666716337204
noise variance: 1801.539794921875
average noise variance upto now: 1799.9212646484375
25th run
noise dimension : 81
noise type: discrete
torch.Size([20000, 81])
original u-statistic:-0.529475212097168
p value proxy: 0.5614618062973022
result: 0.0
rejected upto now: 4.0
number of test run upto now: 25
power_upto_now: 0.1599999964237213
noise variance: 1795.8828125
average noise variance upto now: 1799.7596435546875
26th run
noise dimension : 81
noise type: discrete
torch.Size([20000, 81])
original u-statistic:3.5652050971984863
p value proxy: 0.2225913554430008
result: 0.0
rejected upto now: 4.0
number of test run upto now: 26
power_upto_now: 0.1538461595773697
noise variance: 1793.8193359375
average noise variance upto now: 1799.5311279296875
27th run
noise dimension : 81
noise type: discrete
torch.Size([20000, 81])
original u-statistic:1.4832097291946411
p value proxy: 0.33887043595314026
result: 0.0
rejected upto now: 4.0
number of test run upto now: 27
power_upto_now: 0.14814814925193787
noise variance: 1797.3880615234375
average noise variance upto now: 1799.4517822265625
28th run
noise dimension : 81
noise type: discrete
torch.Size([20000, 81])
original u-statistic:11.119974136352539
p value proxy: 0.019933555275201797
result: 1.0
rejected upto now: 5.0
number of test run upto now: 28
power_upto_now: 0.1785714328289032
noise variance: 1797.222900390625
average noise variance upto now: 1799.3721923828125
29th run
noise dimension : 81
noise type: discrete
torch.Size([20000, 81])
original u-statistic:15.13586139678955
p value proxy: 0.003322259057313204
result: 1.0
rejected upto now: 6.0
number of test run upto now: 29
power_upto_now: 0.2068965584039688
noise variance: 1800.6964111328125
average noise variance upto now: 1799.41796875
30th run
noise dimension : 81
noise type: discrete
torch.Size([20000, 81])
original u-statistic:7.514603137969971
p value proxy: 0.06312292069196701
result: 0.0
rejected upto now: 6.0
number of test run upto now: 30
power_upto_now: 0.20000000298023224
noise variance: 1800.4522705078125
average noise variance upto now: 1799.452392578125
31th run
noise dimension : 81
noise type: discrete
torch.Size([20000, 81])
original u-statistic:6.819825172424316
p value proxy: 0.06312292069196701
result: 0.0
rejected upto now: 6.0
number of test run upto now: 31
power_upto_now: 0.19354838132858276
noise variance: 1798.875244140625
average noise variance upto now: 1799.4337158203125
32th run
noise dimension : 81
noise type: discrete
torch.Size([20000, 81])
original u-statistic:0.3574514389038086
p value proxy: 0.43521595001220703
result: 0.0
rejected upto now: 6.0
number of test run upto now: 32
power_upto_now: 0.1875
noise variance: 1799.790283203125
average noise variance upto now: 1799.44482421875
33th run
noise dimension : 81
noise type: discrete
torch.Size([20000, 81])
original u-statistic:7.029592514038086
p value proxy: 0.06976743787527084
result: 0.0
rejected upto now: 6.0
number of test run upto now: 33
power_upto_now: 0.1818181872367859
noise variance: 1793.99365234375
average noise variance upto now: 1799.27978515625
34th run
noise dimension : 81
noise type: discrete
torch.Size([20000, 81])
original u-statistic:4.577060699462891
p value proxy: 0.17607973515987396
result: 0.0
rejected upto now: 6.0
number of test run upto now: 34
power_upto_now: 0.1764705926179886
noise variance: 1796.3585205078125
average noise variance upto now: 1799.1937255859375
35th run
noise dimension : 81
noise type: discrete
torch.Size([20000, 81])
original u-statistic:5.560309886932373
p value proxy: 0.12624584138393402
result: 0.0
rejected upto now: 6.0
number of test run upto now: 35
power_upto_now: 0.17142857611179352
noise variance: 1796.166748046875
average noise variance upto now: 1799.107421875
36th run
noise dimension : 81
noise type: discrete
torch.Size([20000, 81])
original u-statistic:3.2280027866363525
p value proxy: 0.2691029906272888
result: 0.0
rejected upto now: 6.0
number of test run upto now: 36
power_upto_now: 0.1666666716337204
noise variance: 1800.408935546875
average noise variance upto now: 1799.1434326171875
37th run
noise dimension : 81
noise type: discrete
torch.Size([20000, 81])
original u-statistic:7.811821937561035
p value proxy: 0.04318936914205551
result: 1.0
rejected upto now: 7.0
number of test run upto now: 37
power_upto_now: 0.18918919563293457
noise variance: 1796.6396484375
average noise variance upto now: 1799.0758056640625
38th run
noise dimension : 81
noise type: discrete
torch.Size([20000, 81])
original u-statistic:3.1790828704833984
p value proxy: 0.24916942417621613
result: 0.0
rejected upto now: 7.0
number of test run upto now: 38
power_upto_now: 0.18421052396297455
noise variance: 1797.23486328125
average noise variance upto now: 1799.02734375
39th run
noise dimension : 81
noise type: discrete
torch.Size([20000, 81])
original u-statistic:1.0316509008407593
p value proxy: 0.37873753905296326
result: 0.0
rejected upto now: 7.0
number of test run upto now: 39
power_upto_now: 0.1794871836900711
noise variance: 1794.859619140625
average noise variance upto now: 1798.9205322265625
40th run
noise dimension : 81
noise type: discrete
torch.Size([20000, 81])
original u-statistic:9.003887176513672
p value proxy: 0.059800662100315094
result: 0.0
rejected upto now: 7.0
number of test run upto now: 40
power_upto_now: 0.17499999701976776
noise variance: 1804.822021484375
average noise variance upto now: 1799.0679931640625
41th run
noise dimension : 81
noise type: discrete
torch.Size([20000, 81])
original u-statistic:5.757129669189453
p value proxy: 0.09966777265071869
result: 0.0
rejected upto now: 7.0
number of test run upto now: 41
power_upto_now: 0.17073170840740204
noise variance: 1799.4482421875
average noise variance upto now: 1799.077392578125
42th run
noise dimension : 81
noise type: discrete
torch.Size([20000, 81])
original u-statistic:1.41131591796875
p value proxy: 0.33554816246032715
result: 0.0
rejected upto now: 7.0
number of test run upto now: 42
power_upto_now: 0.1666666716337204
noise variance: 1803.95068359375
average noise variance upto now: 1799.1934814453125
43th run
noise dimension : 81
noise type: discrete
torch.Size([20000, 81])
original u-statistic:3.7070088386535645
p value proxy: 0.2026578038930893
result: 0.0
rejected upto now: 7.0
number of test run upto now: 43
power_upto_now: 0.1627907007932663
noise variance: 1800.56640625
average noise variance upto now: 1799.225341796875
44th run
noise dimension : 81
noise type: discrete
torch.Size([20000, 81])
original u-statistic:9.089463233947754
p value proxy: 0.039867110550403595
result: 1.0
rejected upto now: 8.0
number of test run upto now: 44
power_upto_now: 0.1818181872367859
noise variance: 1793.6353759765625
average noise variance upto now: 1799.098388671875
45th run
noise dimension : 81
noise type: discrete
torch.Size([20000, 81])
original u-statistic:4.13199520111084
p value proxy: 0.17275747656822205
result: 0.0
rejected upto now: 8.0
number of test run upto now: 45
power_upto_now: 0.17777778208255768
noise variance: 1801.2752685546875
average noise variance upto now: 1799.146728515625
46th run
noise dimension : 81
noise type: discrete
torch.Size([20000, 81])
original u-statistic:2.4139440059661865
p value proxy: 0.2990033030509949
result: 0.0
rejected upto now: 8.0
number of test run upto now: 46
power_upto_now: 0.17391304671764374
noise variance: 1797.68212890625
average noise variance upto now: 1799.1148681640625
47th run
noise dimension : 81
noise type: discrete
torch.Size([20000, 81])
original u-statistic:1.4158735275268555
p value proxy: 0.33887043595314026
result: 0.0
rejected upto now: 8.0
number of test run upto now: 47
power_upto_now: 0.1702127605676651
noise variance: 1797.889404296875
average noise variance upto now: 1799.088623046875
48th run
noise dimension : 81
noise type: discrete
torch.Size([20000, 81])
original u-statistic:7.175747871398926
p value proxy: 0.07308969646692276
result: 0.0
rejected upto now: 8.0
number of test run upto now: 48
power_upto_now: 0.1666666716337204
noise variance: 1806.4287109375
average noise variance upto now: 1799.2413330078125
49th run
noise dimension : 81
noise type: discrete
torch.Size([20000, 81])
original u-statistic:13.018108367919922
p value proxy: 0.006644518114626408
result: 1.0
rejected upto now: 9.0
number of test run upto now: 49
power_upto_now: 0.18367347121238708
noise variance: 1799.4600830078125
average noise variance upto now: 1799.2459716796875
50th run
noise dimension : 81
noise type: discrete
torch.Size([20000, 81])
original u-statistic:7.990309238433838
p value proxy: 0.04318936914205551
result: 1.0
rejected upto now: 10.0
number of test run upto now: 50
power_upto_now: 0.20000000298023224
noise variance: 1797.99658203125
average noise variance upto now: 1799.2210693359375
51th run
noise dimension : 81
noise type: discrete
torch.Size([20000, 81])
original u-statistic:-2.0031328201293945
p value proxy: 0.7043189406394958
result: 0.0
rejected upto now: 10.0
number of test run upto now: 51
power_upto_now: 0.19607843458652496
noise variance: 1803.2137451171875
average noise variance upto now: 1799.29931640625
52th run
noise dimension : 81
noise type: discrete
torch.Size([20000, 81])
original u-statistic:10.963481903076172
p value proxy: 0.02657807245850563
result: 1.0
rejected upto now: 11.0
number of test run upto now: 52
power_upto_now: 0.21153846383094788
noise variance: 1797.3902587890625
average noise variance upto now: 1799.2625732421875
53th run
noise dimension : 81
noise type: discrete
torch.Size([20000, 81])
original u-statistic:3.7148396968841553
p value proxy: 0.2026578038930893
result: 0.0
rejected upto now: 11.0
number of test run upto now: 53
power_upto_now: 0.2075471729040146
noise variance: 1802.0806884765625
average noise variance upto now: 1799.3157958984375
54th run
noise dimension : 81
noise type: discrete
torch.Size([20000, 81])
original u-statistic:9.918706893920898
p value proxy: 0.033222589641809464
result: 1.0
rejected upto now: 12.0
number of test run upto now: 54
power_upto_now: 0.2222222238779068
noise variance: 1796.2138671875
average noise variance upto now: 1799.2584228515625
55th run
noise dimension : 81
noise type: discrete
torch.Size([20000, 81])
original u-statistic:9.587034225463867
p value proxy: 0.02657807245850563
result: 1.0
rejected upto now: 13.0
number of test run upto now: 55
power_upto_now: 0.23636363446712494
noise variance: 1799.0274658203125
average noise variance upto now: 1799.254150390625
56th run
noise dimension : 81
noise type: discrete
torch.Size([20000, 81])
original u-statistic:6.909448623657227
p value proxy: 0.07973422110080719
result: 0.0
rejected upto now: 13.0
number of test run upto now: 56
power_upto_now: 0.2321428507566452
noise variance: 1796.0811767578125
average noise variance upto now: 1799.1973876953125
57th run
noise dimension : 81
noise type: discrete
torch.Size([20000, 81])
original u-statistic:13.158698081970215
p value proxy: 0.019933555275201797
result: 1.0
rejected upto now: 14.0
number of test run upto now: 57
power_upto_now: 0.24561403691768646
noise variance: 1799.4808349609375
average noise variance upto now: 1799.202392578125
58th run
noise dimension : 81
noise type: discrete
torch.Size([20000, 81])
original u-statistic:16.585020065307617
p value proxy: 0.003322259057313204
result: 1.0
rejected upto now: 15.0
number of test run upto now: 58
power_upto_now: 0.2586206793785095
noise variance: 1798.4246826171875
average noise variance upto now: 1799.18896484375
59th run
noise dimension : 81
noise type: discrete
torch.Size([20000, 81])
original u-statistic:8.447546005249023
p value proxy: 0.04651162773370743
result: 1.0
rejected upto now: 16.0
number of test run upto now: 59
power_upto_now: 0.2711864411830902
noise variance: 1801.1053466796875
average noise variance upto now: 1799.2215576171875
60th run
noise dimension : 81
noise type: discrete
torch.Size([20000, 81])
original u-statistic:4.321207046508789
p value proxy: 0.15946844220161438
result: 0.0
rejected upto now: 16.0
number of test run upto now: 60
power_upto_now: 0.2666666805744171
noise variance: 1797.8336181640625
average noise variance upto now: 1799.1983642578125
61th run
noise dimension : 81
noise type: discrete
torch.Size([20000, 81])
original u-statistic:5.152188301086426
p value proxy: 0.11295680701732635
result: 0.0
rejected upto now: 16.0
number of test run upto now: 61
power_upto_now: 0.26229506731033325
noise variance: 1797.529296875
average noise variance upto now: 1799.1710205078125
62th run
noise dimension : 81
noise type: discrete
torch.Size([20000, 81])
original u-statistic:7.063649654388428
p value proxy: 0.06312292069196701
result: 0.0
rejected upto now: 16.0
number of test run upto now: 62
power_upto_now: 0.25806450843811035
noise variance: 1799.8385009765625
average noise variance upto now: 1799.181884765625
63th run
noise dimension : 81
noise type: discrete
torch.Size([20000, 81])
original u-statistic:14.733293533325195
p value proxy: 0.006644518114626408
result: 1.0
rejected upto now: 17.0
number of test run upto now: 63
power_upto_now: 0.2698412835597992
noise variance: 1798.1402587890625
average noise variance upto now: 1799.165283203125
64th run
noise dimension : 81
noise type: discrete
torch.Size([20000, 81])
original u-statistic:19.565099716186523
p value proxy: 0.003322259057313204
result: 1.0
rejected upto now: 18.0
number of test run upto now: 64
power_upto_now: 0.28125
noise variance: 1802.860107421875
average noise variance upto now: 1799.2227783203125
65th run
noise dimension : 81
noise type: discrete
torch.Size([20000, 81])
original u-statistic:15.433126449584961
p value proxy: 0.003322259057313204
result: 1.0
rejected upto now: 19.0
number of test run upto now: 65
power_upto_now: 0.29230770468711853
noise variance: 1797.728515625
average noise variance upto now: 1799.1998291015625
66th run
noise dimension : 81
noise type: discrete
torch.Size([20000, 81])
original u-statistic:4.063616752624512
p value proxy: 0.16943521797657013
result: 0.0
rejected upto now: 19.0
number of test run upto now: 66
power_upto_now: 0.28787878155708313
noise variance: 1800.5216064453125
average noise variance upto now: 1799.2198486328125
67th run
noise dimension : 81
noise type: discrete
torch.Size([20000, 81])
original u-statistic:9.014457702636719
p value proxy: 0.029900331050157547
result: 1.0
rejected upto now: 20.0
number of test run upto now: 67
power_upto_now: 0.2985074520111084
noise variance: 1799.8690185546875
average noise variance upto now: 1799.2296142578125
68th run
noise dimension : 81
noise type: discrete
torch.Size([20000, 81])
original u-statistic:1.379319667816162
p value proxy: 0.3687707483768463
result: 0.0
rejected upto now: 20.0
number of test run upto now: 68
power_upto_now: 0.29411765933036804
noise variance: 1801.622802734375
average noise variance upto now: 1799.2647705078125
69th run
noise dimension : 81
noise type: discrete
torch.Size([20000, 81])
original u-statistic:1.581347942352295
p value proxy: 0.3654485046863556
result: 0.0
rejected upto now: 20.0
number of test run upto now: 69
power_upto_now: 0.28985506296157837
noise variance: 1801.5938720703125
average noise variance upto now: 1799.298583984375
70th run
noise dimension : 81
noise type: discrete
torch.Size([20000, 81])
original u-statistic:11.112923622131348
p value proxy: 0.013289036229252815
result: 1.0
rejected upto now: 21.0
number of test run upto now: 70
power_upto_now: 0.30000001192092896
noise variance: 1800.28076171875
average noise variance upto now: 1799.3126220703125
71th run
noise dimension : 81
noise type: discrete
torch.Size([20000, 81])
original u-statistic:12.291853904724121
p value proxy: 0.013289036229252815
result: 1.0
rejected upto now: 22.0
number of test run upto now: 71
power_upto_now: 0.30985915660858154
noise variance: 1804.4559326171875
average noise variance upto now: 1799.385009765625
72th run
noise dimension : 81
noise type: discrete
torch.Size([20000, 81])
original u-statistic:0.6097197532653809
p value proxy: 0.4485049843788147
result: 0.0
rejected upto now: 22.0
number of test run upto now: 72
power_upto_now: 0.3055555522441864
noise variance: 1803.30810546875
average noise variance upto now: 1799.439697265625
73th run
noise dimension : 81
noise type: discrete
torch.Size([20000, 81])
original u-statistic:2.7220306396484375
p value proxy: 0.2657807171344757
result: 0.0
rejected upto now: 22.0
number of test run upto now: 73
power_upto_now: 0.30136987566947937
noise variance: 1800.46533203125
average noise variance upto now: 1799.45361328125
74th run
noise dimension : 81
noise type: discrete
torch.Size([20000, 81])
original u-statistic:3.8104913234710693
p value proxy: 0.23588038980960846
result: 0.0
rejected upto now: 22.0
number of test run upto now: 74
power_upto_now: 0.29729729890823364
noise variance: 1799.947998046875
average noise variance upto now: 1799.4603271484375
75th run
noise dimension : 81
noise type: discrete
torch.Size([20000, 81])
original u-statistic:15.612264633178711
p value proxy: 0.013289036229252815
result: 1.0
rejected upto now: 23.0
number of test run upto now: 75
power_upto_now: 0.30666667222976685
noise variance: 1803.760009765625
average noise variance upto now: 1799.5174560546875
76th run
noise dimension : 81
noise type: discrete
torch.Size([20000, 81])
original u-statistic:5.269308090209961
p value proxy: 0.1661129593849182
result: 0.0
rejected upto now: 23.0
number of test run upto now: 76
power_upto_now: 0.30263158679008484
noise variance: 1801.0650634765625
average noise variance upto now: 1799.537841796875
77th run
noise dimension : 81
noise type: discrete
torch.Size([20000, 81])
original u-statistic:-3.1346654891967773
p value proxy: 0.714285671710968
result: 0.0
rejected upto now: 23.0
number of test run upto now: 77
power_upto_now: 0.29870128631591797
noise variance: 1800.18505859375
average noise variance upto now: 1799.5462646484375
78th run
noise dimension : 81
noise type: discrete
torch.Size([20000, 81])
original u-statistic:8.599937438964844
p value proxy: 0.05315614491701126
result: 0.0
rejected upto now: 23.0
number of test run upto now: 78
power_upto_now: 0.29487180709838867
noise variance: 1796.8458251953125
average noise variance upto now: 1799.5115966796875
79th run
noise dimension : 81
noise type: discrete
torch.Size([20000, 81])
original u-statistic:11.246597290039062
p value proxy: 0.023255813866853714
result: 1.0
rejected upto now: 24.0
number of test run upto now: 79
power_upto_now: 0.3037974536418915
noise variance: 1799.6807861328125
average noise variance upto now: 1799.5137939453125
80th run
noise dimension : 81
noise type: discrete
torch.Size([20000, 81])
original u-statistic:7.153864860534668
p value proxy: 0.09302325546741486
result: 0.0
rejected upto now: 24.0
number of test run upto now: 80
power_upto_now: 0.30000001192092896
noise variance: 1797.9112548828125
average noise variance upto now: 1799.493896484375
81th run
noise dimension : 81
noise type: discrete
torch.Size([20000, 81])
original u-statistic:-3.997282028198242
p value proxy: 0.8006644248962402
result: 0.0
rejected upto now: 24.0
number of test run upto now: 81
power_upto_now: 0.29629629850387573
noise variance: 1802.2392578125
average noise variance upto now: 1799.52783203125
82th run
noise dimension : 81
noise type: discrete
torch.Size([20000, 81])
original u-statistic:5.33299446105957
p value proxy: 0.11627906560897827
result: 0.0
rejected upto now: 24.0
number of test run upto now: 82
power_upto_now: 0.2926829159259796
noise variance: 1804.775634765625
average noise variance upto now: 1799.591796875
83th run
noise dimension : 81
noise type: discrete
torch.Size([20000, 81])
original u-statistic:4.9892401695251465
p value proxy: 0.1428571343421936
result: 0.0
rejected upto now: 24.0
number of test run upto now: 83
power_upto_now: 0.28915661573410034
noise variance: 1799.65771484375
average noise variance upto now: 1799.5926513671875
84th run
noise dimension : 81
noise type: discrete
torch.Size([20000, 81])
original u-statistic:-0.2896900177001953
p value proxy: 0.5049833655357361
result: 0.0
rejected upto now: 24.0
number of test run upto now: 84
power_upto_now: 0.2857142984867096
noise variance: 1794.4683837890625
average noise variance upto now: 1799.5316162109375
85th run
noise dimension : 81
noise type: discrete
torch.Size([20000, 81])
original u-statistic:8.559803009033203
p value proxy: 0.049833886325359344
result: 1.0
rejected upto now: 25.0
number of test run upto now: 85
power_upto_now: 0.29411765933036804
noise variance: 1798.7181396484375
average noise variance upto now: 1799.5220947265625
86th run
noise dimension : 81
noise type: discrete
torch.Size([20000, 81])
original u-statistic:16.55231475830078
p value proxy: 0.003322259057313204
result: 1.0
rejected upto now: 26.0
number of test run upto now: 86
power_upto_now: 0.302325576543808
noise variance: 1803.7127685546875
average noise variance upto now: 1799.57080078125
87th run
noise dimension : 81
noise type: discrete
torch.Size([20000, 81])
original u-statistic:7.316189289093018
p value proxy: 0.0830564796924591
result: 0.0
rejected upto now: 26.0
number of test run upto now: 87
power_upto_now: 0.29885056614875793
noise variance: 1800.265380859375
average noise variance upto now: 1799.57861328125
88th run
noise dimension : 81
noise type: discrete
torch.Size([20000, 81])
original u-statistic:-1.9100255966186523
p value proxy: 0.6378737688064575
result: 0.0
rejected upto now: 26.0
number of test run upto now: 88
power_upto_now: 0.2954545319080353
noise variance: 1801.5802001953125
average noise variance upto now: 1799.6015625
89th run
noise dimension : 81
noise type: discrete
torch.Size([20000, 81])
original u-statistic:8.726224899291992
p value proxy: 0.059800662100315094
result: 0.0
rejected upto now: 26.0
number of test run upto now: 89
power_upto_now: 0.2921348214149475
noise variance: 1803.053955078125
average noise variance upto now: 1799.6402587890625
90th run
noise dimension : 81
noise type: discrete
torch.Size([20000, 81])
original u-statistic:9.354022026062012
p value proxy: 0.033222589641809464
result: 1.0
rejected upto now: 27.0
number of test run upto now: 90
power_upto_now: 0.30000001192092896
noise variance: 1805.385498046875
average noise variance upto now: 1799.704345703125
91th run
noise dimension : 81
noise type: discrete
torch.Size([20000, 81])
original u-statistic:-0.048537492752075195
p value proxy: 0.5116279125213623
result: 0.0
rejected upto now: 27.0
number of test run upto now: 91
power_upto_now: 0.2967033088207245
noise variance: 1797.0137939453125
average noise variance upto now: 1799.6746826171875
92th run
noise dimension : 81
noise type: discrete
torch.Size([20000, 81])
original u-statistic:8.590482711791992
p value proxy: 0.033222589641809464
result: 1.0
rejected upto now: 28.0
number of test run upto now: 92
power_upto_now: 0.30434781312942505
noise variance: 1798.6298828125
average noise variance upto now: 1799.6632080078125
93th run
noise dimension : 81
noise type: discrete
torch.Size([20000, 81])
original u-statistic:10.21734619140625
p value proxy: 0.016611294820904732
result: 1.0
rejected upto now: 29.0
number of test run upto now: 93
power_upto_now: 0.31182795763015747
noise variance: 1800.061767578125
average noise variance upto now: 1799.66748046875
94th run
noise dimension : 81
noise type: discrete
torch.Size([20000, 81])
original u-statistic:13.54958438873291
p value proxy: 0.003322259057313204
result: 1.0
rejected upto now: 30.0
number of test run upto now: 94
power_upto_now: 0.3191489279270172
noise variance: 1799.6678466796875
average noise variance upto now: 1799.667724609375
95th run
noise dimension : 81
noise type: discrete
torch.Size([20000, 81])
original u-statistic:-2.9350576400756836
p value proxy: 0.7209302186965942
result: 0.0
rejected upto now: 30.0
number of test run upto now: 95
power_upto_now: 0.31578946113586426
noise variance: 1798.661865234375
average noise variance upto now: 1799.6571044921875
96th run
noise dimension : 81
noise type: discrete
torch.Size([20000, 81])
original u-statistic:3.5013880729675293
p value proxy: 0.21926909685134888
result: 0.0
rejected upto now: 30.0
number of test run upto now: 96
power_upto_now: 0.3125
noise variance: 1798.09033203125
average noise variance upto now: 1799.640625
97th run
noise dimension : 81
noise type: discrete
torch.Size([20000, 81])
original u-statistic:17.031265258789062
p value proxy: 0.003322259057313204
result: 1.0
rejected upto now: 31.0
number of test run upto now: 97
power_upto_now: 0.3195876181125641
noise variance: 1796.3201904296875
average noise variance upto now: 1799.6064453125
98th run
noise dimension : 81
noise type: discrete
torch.Size([20000, 81])
original u-statistic:6.409308433532715
p value proxy: 0.09966777265071869
result: 0.0
rejected upto now: 31.0
number of test run upto now: 98
power_upto_now: 0.3163265287876129
noise variance: 1793.6756591796875
average noise variance upto now: 1799.5458984375
99th run
noise dimension : 81
noise type: discrete
torch.Size([20000, 81])
original u-statistic:17.83982276916504
p value proxy: 0.003322259057313204
result: 1.0
rejected upto now: 32.0
number of test run upto now: 99
power_upto_now: 0.3232323229312897
noise variance: 1802.6505126953125
average noise variance upto now: 1799.577392578125
100th run
noise dimension : 81
noise type: discrete
torch.Size([20000, 81])
original u-statistic:-2.257795810699463
p value proxy: 0.6976743936538696
result: 0.0
rejected upto now: 32.0
number of test run upto now: 100
power_upto_now: 0.3199999928474426
noise variance: 1799.776123046875
average noise variance upto now: 1799.579345703125
101th run
noise dimension : 81
noise type: discrete
torch.Size([20000, 81])
original u-statistic:6.604208469390869
p value proxy: 0.08637873828411102
result: 0.0
rejected upto now: 32.0
number of test run upto now: 101
power_upto_now: 0.31683167815208435
noise variance: 1802.530029296875
average noise variance upto now: 1799.6083984375
102th run
noise dimension : 81
noise type: discrete
torch.Size([20000, 81])
original u-statistic:-2.3039302825927734
p value proxy: 0.6478404998779297
result: 0.0
rejected upto now: 32.0
number of test run upto now: 102
power_upto_now: 0.3137255012989044
noise variance: 1802.1094970703125
average noise variance upto now: 1799.6329345703125
103th run
noise dimension : 81
noise type: discrete
torch.Size([20000, 81])
original u-statistic:-0.5367250442504883
p value proxy: 0.6179401874542236
result: 0.0
rejected upto now: 32.0
number of test run upto now: 103
power_upto_now: 0.3106796145439148
noise variance: 1804.3782958984375
average noise variance upto now: 1799.67919921875
104th run
noise dimension : 81
noise type: discrete
torch.Size([20000, 81])
original u-statistic:11.883821487426758
p value proxy: 0.013289036229252815
result: 1.0
rejected upto now: 33.0
number of test run upto now: 104
power_upto_now: 0.3173076808452606
noise variance: 1796.73779296875
average noise variance upto now: 1799.65087890625
105th run
noise dimension : 81
noise type: discrete
torch.Size([20000, 81])
original u-statistic:14.780830383300781
p value proxy: 0.003322259057313204
result: 1.0
rejected upto now: 34.0
number of test run upto now: 105
power_upto_now: 0.32380953431129456
noise variance: 1803.5806884765625
average noise variance upto now: 1799.688232421875
106th run
noise dimension : 81
noise type: discrete
torch.Size([20000, 81])
original u-statistic:5.9445271492004395
p value proxy: 0.11295680701732635
result: 0.0
rejected upto now: 34.0
number of test run upto now: 106
power_upto_now: 0.3207547068595886
noise variance: 1799.2962646484375
average noise variance upto now: 1799.6845703125
107th run
noise dimension : 81
noise type: discrete
torch.Size([20000, 81])
original u-statistic:9.035250663757324
p value proxy: 0.033222589641809464
result: 1.0
rejected upto now: 35.0
number of test run upto now: 107
power_upto_now: 0.32710281014442444
noise variance: 1800.75927734375
average noise variance upto now: 1799.6944580078125
108th run
noise dimension : 81
noise type: discrete
torch.Size([20000, 81])
original u-statistic:6.153263092041016
p value proxy: 0.08637873828411102
result: 0.0
rejected upto now: 35.0
number of test run upto now: 108
power_upto_now: 0.32407405972480774
noise variance: 1808.1995849609375
average noise variance upto now: 1799.7733154296875
109th run
noise dimension : 81
noise type: discrete
torch.Size([20000, 81])
original u-statistic:6.670654296875
p value proxy: 0.06644517928361893
result: 0.0
rejected upto now: 35.0
number of test run upto now: 109
power_upto_now: 0.3211009204387665
noise variance: 1804.2064208984375
average noise variance upto now: 1799.81396484375
110th run
noise dimension : 81
noise type: discrete
torch.Size([20000, 81])
original u-statistic:2.846754550933838
p value proxy: 0.2425249069929123
result: 0.0
rejected upto now: 35.0
number of test run upto now: 110
power_upto_now: 0.3181818127632141
noise variance: 1798.7965087890625
average noise variance upto now: 1799.8046875
111th run
noise dimension : 81
noise type: discrete
torch.Size([20000, 81])
original u-statistic:6.672545433044434
p value proxy: 0.10631228983402252
result: 0.0
rejected upto now: 35.0
number of test run upto now: 111
power_upto_now: 0.315315306186676
noise variance: 1805.9100341796875
average noise variance upto now: 1799.859619140625
112th run
noise dimension : 81
noise type: discrete
torch.Size([20000, 81])
original u-statistic:10.25810718536377
p value proxy: 0.023255813866853714
result: 1.0
rejected upto now: 36.0
number of test run upto now: 112
power_upto_now: 0.3214285671710968
noise variance: 1805.8651123046875
average noise variance upto now: 1799.9132080078125
113th run
noise dimension : 81
noise type: discrete
torch.Size([20000, 81])
original u-statistic:12.63765811920166
p value proxy: 0.009966777637600899
result: 1.0
rejected upto now: 37.0
number of test run upto now: 113
power_upto_now: 0.32743361592292786
noise variance: 1800.4888916015625
average noise variance upto now: 1799.91845703125
114th run
noise dimension : 81
noise type: discrete
torch.Size([20000, 81])
original u-statistic:4.130993843078613
p value proxy: 0.2026578038930893
result: 0.0
rejected upto now: 37.0
number of test run upto now: 114
power_upto_now: 0.3245614171028137
noise variance: 1801.3621826171875
average noise variance upto now: 1799.9310302734375
115th run
noise dimension : 81
noise type: discrete
torch.Size([20000, 81])
original u-statistic:9.132389068603516
p value proxy: 0.05647840350866318
result: 0.0
rejected upto now: 37.0
number of test run upto now: 115
power_upto_now: 0.321739137172699
noise variance: 1802.1776123046875
average noise variance upto now: 1799.9505615234375
116th run
noise dimension : 81
noise type: discrete
torch.Size([20000, 81])
original u-statistic:1.950204849243164
p value proxy: 0.3289036452770233
result: 0.0
rejected upto now: 37.0
number of test run upto now: 116
power_upto_now: 0.31896552443504333
noise variance: 1804.500244140625
average noise variance upto now: 1799.98974609375
117th run
noise dimension : 81
noise type: discrete
torch.Size([20000, 81])
original u-statistic:10.730619430541992
p value proxy: 0.019933555275201797
result: 1.0
rejected upto now: 38.0
number of test run upto now: 117
power_upto_now: 0.32478633522987366
noise variance: 1800.0028076171875
average noise variance upto now: 1799.9898681640625
118th run
noise dimension : 81
noise type: discrete
torch.Size([20000, 81])
original u-statistic:14.449164390563965
p value proxy: 0.006644518114626408
result: 1.0
rejected upto now: 39.0
number of test run upto now: 118
power_upto_now: 0.3305084705352783
noise variance: 1798.06787109375
average noise variance upto now: 1799.9736328125
119th run
noise dimension : 81
noise type: discrete
torch.Size([20000, 81])
original u-statistic:7.11900520324707
p value proxy: 0.049833886325359344
result: 1.0
rejected upto now: 40.0
number of test run upto now: 119
power_upto_now: 0.3361344635486603
noise variance: 1801.8875732421875
average noise variance upto now: 1799.98974609375
120th run
noise dimension : 81
noise type: discrete
torch.Size([20000, 81])
original u-statistic:11.197317123413086
p value proxy: 0.013289036229252815
result: 1.0
rejected upto now: 41.0
number of test run upto now: 120
power_upto_now: 0.34166666865348816
noise variance: 1801.2711181640625
average noise variance upto now: 1800.000244140625
121th run
noise dimension : 81
noise type: discrete
torch.Size([20000, 81])
original u-statistic:5.423636436462402
p value proxy: 0.11295680701732635
result: 0.0
rejected upto now: 41.0
number of test run upto now: 121
power_upto_now: 0.3388429880142212
noise variance: 1798.70361328125
average noise variance upto now: 1799.9896240234375
122th run
noise dimension : 81
noise type: discrete
torch.Size([20000, 81])
original u-statistic:4.071247100830078
p value proxy: 0.17940199375152588
result: 0.0
rejected upto now: 41.0
number of test run upto now: 122
power_upto_now: 0.3360655605792999
noise variance: 1802.1083984375
average noise variance upto now: 1800.0069580078125
123th run
noise dimension : 81
noise type: discrete
torch.Size([20000, 81])
original u-statistic:11.12960147857666
p value proxy: 0.013289036229252815
result: 1.0
rejected upto now: 42.0
number of test run upto now: 123
power_upto_now: 0.3414634168148041
noise variance: 1792.29345703125
average noise variance upto now: 1799.9443359375
124th run
noise dimension : 81
noise type: discrete
torch.Size([20000, 81])
original u-statistic:4.152595520019531
p value proxy: 0.17940199375152588
result: 0.0
rejected upto now: 42.0
number of test run upto now: 124
power_upto_now: 0.33870968222618103
noise variance: 1797.5855712890625
average noise variance upto now: 1799.9251708984375
125th run
noise dimension : 81
noise type: discrete
torch.Size([20000, 81])
original u-statistic:7.94247579574585
p value proxy: 0.05315614491701126
result: 0.0
rejected upto now: 42.0
number of test run upto now: 125
power_upto_now: 0.335999995470047
noise variance: 1801.106689453125
average noise variance upto now: 1799.9346923828125
126th run
noise dimension : 81
noise type: discrete
torch.Size([20000, 81])
original u-statistic:13.56098461151123
p value proxy: 0.003322259057313204
result: 1.0
rejected upto now: 43.0
number of test run upto now: 126
power_upto_now: 0.341269850730896
noise variance: 1805.08984375
average noise variance upto now: 1799.9757080078125
127th run
noise dimension : 81
noise type: discrete
torch.Size([20000, 81])
original u-statistic:15.23872184753418
p value proxy: 0.003322259057313204
result: 1.0
rejected upto now: 44.0
number of test run upto now: 127
power_upto_now: 0.34645670652389526
noise variance: 1798.1534423828125
average noise variance upto now: 1799.96142578125
128th run
noise dimension : 81
noise type: discrete
torch.Size([20000, 81])
original u-statistic:10.205819129943848
p value proxy: 0.013289036229252815
result: 1.0
rejected upto now: 45.0
number of test run upto now: 128
power_upto_now: 0.3515625
noise variance: 1802.772705078125
average noise variance upto now: 1799.9832763671875
129th run
noise dimension : 81
noise type: discrete
torch.Size([20000, 81])
original u-statistic:-0.5535976886749268
p value proxy: 0.5348837375640869
result: 0.0
rejected upto now: 45.0
number of test run upto now: 129
power_upto_now: 0.3488371968269348
noise variance: 1811.592041015625
average noise variance upto now: 1800.0732421875
130th run
noise dimension : 81
noise type: discrete
torch.Size([20000, 81])
original u-statistic:6.662610054016113
p value proxy: 0.08637873828411102
result: 0.0
rejected upto now: 45.0
number of test run upto now: 130
power_upto_now: 0.3461538553237915
noise variance: 1798.780517578125
average noise variance upto now: 1800.0633544921875
131th run
noise dimension : 81
noise type: discrete
torch.Size([20000, 81])
original u-statistic:13.897462844848633
p value proxy: 0.006644518114626408
result: 1.0
rejected upto now: 46.0
number of test run upto now: 131
power_upto_now: 0.35114502906799316
noise variance: 1798.241455078125
average noise variance upto now: 1800.0494384765625
132th run
noise dimension : 81
noise type: discrete
torch.Size([20000, 81])
original u-statistic:14.873748779296875
p value proxy: 0.006644518114626408
result: 1.0
rejected upto now: 47.0
number of test run upto now: 132
power_upto_now: 0.35606059432029724
noise variance: 1798.6475830078125
average noise variance upto now: 1800.038818359375
133th run
noise dimension : 81
noise type: discrete
torch.Size([20000, 81])
original u-statistic:0.056395530700683594
slurmstepd-gpu-compute: error: *** JOB 1263 ON gpu-compute CANCELLED AT 2022-07-24T15:24:06 ***
