job started
cuda available: True
code run on device:: cuda:0

n1 = 10, n2 = 10,

kappa = 3, alpha = 10,

gamma = 0.05, nTests = 3,

B = 5, d = 4

copula_mean_1
tensor([-0.5000, -0.5000, -0.5000, -0.5000], device='cuda:0')
copula_mean_2
tensor([0.5000, 0.5000, 0.5000, 0.5000], device='cuda:0')
sigma
tensor([[1.0000, 0.5000, 0.5000, 0.5000],
        [0.5000, 1.0000, 0.5000, 0.5000],
        [0.5000, 0.5000, 1.0000, 0.5000],
        [0.5000, 0.5000, 0.5000, 1.0000]], device='cuda:0')
1th run
noise dimension : 81
noise type: conti
torch.Size([20, 81])
tensor([[ 3.1558,  1.4241,  2.3574,  ..., -0.5258, -0.1630, -2.2326],
        [10.0534, -0.2533, -1.3775,  ..., -0.4821,  3.1790,  0.5182],
        [-1.8910,  8.7226,  3.0326,  ..., -4.2738, -2.6602,  1.3458],
        ...,
        [ 1.4103,  2.0522, -2.8370,  ..., -1.4924,  1.3404, 10.0593],
        [ 1.6650, -1.6344,  4.9996,  ..., -0.5727,  0.8000, -0.4310],
        [ 1.0475,  0.6241,  8.9227,  ...,  0.0618,  3.5038,  0.0935]],
       device='cuda:0')
original u-statistic:1.5278167724609375
tensor(5.7561, device='cuda:0')
tensor(17.4354, device='cuda:0')
tensor(18.0598, device='cuda:0')
tensor(-36.4514, device='cuda:0')
tensor(10.1757, device='cuda:0')
p value proxy: 0.8333333730697632
result: 0.0
rejected upto now: 0.0
number of test run upto now: 1
power_upto_now: 0.0
noise variance: 6.396910667419434
average noise variance upto now: 6.396910667419434
2th run
noise dimension : 81
noise type: conti
torch.Size([20, 81])
tensor([[-1.8834e-01,  2.0906e+00,  3.1304e+00,  ..., -9.1534e-01,
          1.7447e+00,  6.3813e+00],
        [-1.5177e-01,  8.8267e-01, -6.3732e-01,  ..., -2.2581e+00,
          5.6279e+00,  4.1152e-01],
        [-5.5197e+00,  9.4988e+00,  8.6630e-03,  ..., -1.2121e+00,
         -2.1495e+00,  3.4931e+00],
        ...,
        [-2.3541e+00, -1.6429e+00, -8.1616e-02,  ...,  5.6291e-01,
         -3.3237e-01, -1.0223e+00],
        [ 1.9839e+00, -8.5302e-01,  7.4113e+00,  ...,  2.9412e+00,
          6.7953e-01,  2.3639e-01],
        [ 1.0004e+00, -2.2462e+00,  5.6437e-01,  ...,  1.0901e+00,
         -2.2688e+00, -9.0755e-03]], device='cuda:0')
original u-statistic:-5.784310340881348
tensor(-12.1871, device='cuda:0')
tensor(2.5445, device='cuda:0')
tensor(-21.6906, device='cuda:0')
tensor(4.2028, device='cuda:0')
tensor(47.2491, device='cuda:0')
p value proxy: 0.6666666865348816
result: 0.0
rejected upto now: 0.0
number of test run upto now: 2
power_upto_now: 0.0
noise variance: 5.941551208496094
average noise variance upto now: 6.169230937957764
3th run
noise dimension : 81
noise type: conti
torch.Size([20, 81])
tensor([[-1.2540,  1.1908,  1.5317,  ...,  1.9227, -4.4483, -1.1509],
        [ 2.6147, -0.2108, -2.6178,  ...,  1.2367, -0.8163,  0.1327],
        [ 0.1948, -1.4046,  1.4191,  ...,  1.4232, -2.8311,  3.5076],
        ...,
        [ 1.2104,  2.6023,  1.0620,  ...,  0.7454,  3.2171,  1.5832],
        [-0.2727, -2.5368, -0.2460,  ..., -0.6988, -1.6183,  3.7166],
        [-0.7534,  2.9191,  3.9024,  ...,  0.5822, -3.3849, -1.0298]],
       device='cuda:0')
original u-statistic:-17.619726181030273
tensor(-3.2628, device='cuda:0')
tensor(42.1691, device='cuda:0')
tensor(-3.7925, device='cuda:0')
tensor(-38.3484, device='cuda:0')
tensor(5.9624, device='cuda:0')
p value proxy: 0.8333333730697632
result: 0.0
rejected upto now: 0.0
number of test run upto now: 3
power_upto_now: 0.0
noise variance: 7.193088054656982
average noise variance upto now: 6.51051664352417
power estimate : 0.0
elapsed time: 14.031431436538696
