job started
cuda available: True
code run on device:: cuda:0
1th run
noise dimension : 6561
noise variance: 209982.953125
original u-statistic:-1409.853759765625
p value proxy: 0.6965174078941345
result: False
power_upto_now: 0.0
2th run
noise dimension : 6561
noise variance: 209937.890625
original u-statistic:-1025.78271484375
p value proxy: 0.6815920472145081
result: False
power_upto_now: 0.0
3th run
noise dimension : 6561
noise variance: 209957.546875
original u-statistic:5670.2431640625
p value proxy: 0.009950248524546623
result: True
power_upto_now: 0.3333333432674408
4th run
noise dimension : 6561
noise variance: 209931.015625
original u-statistic:1832.5020751953125
p value proxy: 0.2189054638147354
result: False
power_upto_now: 0.25
5th run
noise dimension : 6561
noise variance: 209921.078125
original u-statistic:2765.0625
p value proxy: 0.13930347561836243
result: False
power_upto_now: 0.20000000298023224
6th run
noise dimension : 6561
noise variance: 209929.515625
original u-statistic:-1746.926025390625
p value proxy: 0.7960199117660522
result: False
power_upto_now: 0.1666666716337204
7th run
noise dimension : 6561
noise variance: 209968.390625
original u-statistic:7754.8525390625
p value proxy: 0.004975124262273312
result: True
power_upto_now: 0.2857142984867096
8th run
noise dimension : 6561
noise variance: 209934.8125
original u-statistic:5056.7587890625
p value proxy: 0.024875622242689133
result: True
power_upto_now: 0.375
9th run
noise dimension : 6561
noise variance: 209929.265625
original u-statistic:6218.0693359375
p value proxy: 0.004975124262273312
result: True
power_upto_now: 0.4444444477558136
10th run
noise dimension : 6561
noise variance: 209988.234375
original u-statistic:-2425.693359375
p value proxy: 0.7960199117660522
result: False
power_upto_now: 0.4000000059604645
11th run
noise dimension : 6561
noise variance: 210019.171875
original u-statistic:74.12773132324219
p value proxy: 0.45771142840385437
result: False
power_upto_now: 0.3636363744735718
12th run
noise dimension : 6561
noise variance: 209933.609375
original u-statistic:799.1451416015625
p value proxy: 0.3681592047214508
result: False
power_upto_now: 0.3333333432674408
13th run
noise dimension : 6561
noise variance: 209934.75
original u-statistic:-149.06085205078125
p value proxy: 0.5472636818885803
result: False
power_upto_now: 0.3076923191547394
14th run
noise dimension : 6561
noise variance: 209959.484375
original u-statistic:-1147.6357421875
p value proxy: 0.5870646834373474
result: False
power_upto_now: 0.2857142984867096
15th run
noise dimension : 6561
noise variance: 209935.171875
original u-statistic:-1593.8917236328125
p value proxy: 0.7412934899330139
result: False
power_upto_now: 0.2666666805744171
16th run
noise dimension : 6561
noise variance: 209957.109375
original u-statistic:5970.6240234375
p value proxy: 0.009950248524546623
result: True
power_upto_now: 0.3125
17th run
noise dimension : 6561
noise variance: 209958.90625
original u-statistic:2310.32958984375
p value proxy: 0.1840796023607254
result: False
power_upto_now: 0.29411765933036804
18th run
noise dimension : 6561
noise variance: 209933.109375
original u-statistic:1492.938720703125
p value proxy: 0.2686567008495331
result: False
power_upto_now: 0.2777777910232544
19th run
noise dimension : 6561
noise variance: 209956.125
original u-statistic:1689.580078125
p value proxy: 0.1840796023607254
result: False
power_upto_now: 0.2631579041481018
20th run
noise dimension : 6561
noise variance: 209894.765625
original u-statistic:-3015.372314453125
p value proxy: 0.9253731369972229
result: False
power_upto_now: 0.25
21th run
noise dimension : 6561
noise variance: 209937.0
original u-statistic:1637.7725830078125
p value proxy: 0.22885571420192719
result: False
power_upto_now: 0.2380952388048172
22th run
noise dimension : 6561
noise variance: 209942.5
original u-statistic:1860.8551025390625
p value proxy: 0.23880596458911896
result: False
power_upto_now: 0.22727273404598236
23th run
noise dimension : 6561
noise variance: 209919.03125
original u-statistic:4587.54541015625
p value proxy: 0.04477611929178238
result: True
power_upto_now: 0.260869562625885
24th run
noise dimension : 6561
noise variance: 209940.296875
original u-statistic:3853.42724609375
p value proxy: 0.06467661261558533
result: False
power_upto_now: 0.25
25th run
noise dimension : 6561
noise variance: 209943.5
original u-statistic:669.3936157226562
p value proxy: 0.35820895433425903
result: False
power_upto_now: 0.23999999463558197
26th run
noise dimension : 6561
noise variance: 209984.203125
original u-statistic:4866.5400390625
p value proxy: 0.014925372786819935
result: True
power_upto_now: 0.26923078298568726
27th run
noise dimension : 6561
noise variance: 209915.46875
original u-statistic:18.07061767578125
p value proxy: 0.5223880410194397
result: False
power_upto_now: 0.25925925374031067
28th run
noise dimension : 6561
noise variance: 209955.5625
original u-statistic:2130.214111328125
p value proxy: 0.16915422677993774
result: False
power_upto_now: 0.25
29th run
noise dimension : 6561
noise variance: 209949.15625
original u-statistic:-862.8126831054688
p value proxy: 0.5771144032478333
result: False
power_upto_now: 0.24137930572032928
30th run
noise dimension : 6561
noise variance: 209906.3125
original u-statistic:1026.072509765625
p value proxy: 0.3283582031726837
result: False
power_upto_now: 0.23333333432674408
31th run
noise dimension : 6561
noise variance: 209995.453125
original u-statistic:2201.95263671875
p value proxy: 0.19402985274791718
result: False
power_upto_now: 0.22580644488334656
32th run
noise dimension : 6561
noise variance: 209923.5
original u-statistic:1444.989501953125
p value proxy: 0.2885572016239166
result: False
power_upto_now: 0.21875
33th run
noise dimension : 6561
noise variance: 209945.984375
original u-statistic:2172.7666015625
p value proxy: 0.19900497794151306
result: False
power_upto_now: 0.21212121844291687
34th run
noise dimension : 6561
noise variance: 209920.3125
original u-statistic:-1240.238525390625
p value proxy: 0.6915422677993774
result: False
power_upto_now: 0.20588235557079315
35th run
noise dimension : 6561
noise variance: 209989.03125
original u-statistic:-3834.420166015625
p value proxy: 0.9502487182617188
result: False
power_upto_now: 0.20000000298023224
36th run
noise dimension : 6561
noise variance: 209961.34375
original u-statistic:2642.86767578125
p value proxy: 0.1492537260055542
result: False
power_upto_now: 0.1944444477558136
37th run
noise dimension : 6561
noise variance: 209867.546875
original u-statistic:5276.029296875
p value proxy: 0.024875622242689133
result: True
power_upto_now: 0.21621622145175934
38th run
noise dimension : 6561
noise variance: 209966.21875
original u-statistic:1593.4423828125
p value proxy: 0.23880596458911896
result: False
power_upto_now: 0.21052631735801697
39th run
noise dimension : 6561
noise variance: 209975.328125
original u-statistic:2413.849609375
p value proxy: 0.15920397639274597
result: False
power_upto_now: 0.20512820780277252
40th run
noise dimension : 6561
noise variance: 209906.4375
original u-statistic:7400.99951171875
p value proxy: 0.004975124262273312
result: True
power_upto_now: 0.22499999403953552
41th run
noise dimension : 6561
noise variance: 209970.21875
original u-statistic:1424.760498046875
p value proxy: 0.3283582031726837
result: False
power_upto_now: 0.2195121943950653
42th run
noise dimension : 6561
noise variance: 209949.359375
original u-statistic:-449.6097412109375
p value proxy: 0.5422885417938232
result: False
power_upto_now: 0.2142857164144516
43th run
noise dimension : 6561
noise variance: 209963.765625
original u-statistic:785.5066528320312
p value proxy: 0.35820895433425903
result: False
power_upto_now: 0.20930232107639313
44th run
noise dimension : 6561
noise variance: 209862.0625
original u-statistic:-1686.04736328125
p value proxy: 0.7611939907073975
result: False
power_upto_now: 0.20454545319080353
45th run
noise dimension : 6561
noise variance: 209960.390625
original u-statistic:-1036.4471435546875
p value proxy: 0.7014925479888916
result: False
power_upto_now: 0.20000000298023224
46th run
noise dimension : 6561
noise variance: 209962.0625
original u-statistic:1100.3905029296875
p value proxy: 0.3283582031726837
result: False
power_upto_now: 0.19565217196941376
47th run
noise dimension : 6561
noise variance: 209978.9375
original u-statistic:3272.5205078125
p value proxy: 0.06965173780918121
result: False
power_upto_now: 0.19148936867713928
48th run
noise dimension : 6561
noise variance: 209961.1875
original u-statistic:3895.0126953125
p value proxy: 0.05472636595368385
result: False
power_upto_now: 0.1875
49th run
noise dimension : 6561
noise variance: 209969.296875
original u-statistic:-431.97564697265625
p value proxy: 0.5870646834373474
result: False
power_upto_now: 0.18367347121238708
50th run
noise dimension : 6561
noise variance: 209951.703125
original u-statistic:-980.125732421875
p value proxy: 0.7064676284790039
result: False
power_upto_now: 0.18000000715255737
51th run
noise dimension : 6561
noise variance: 209944.828125
original u-statistic:2647.947509765625
p value proxy: 0.13930347561836243
result: False
power_upto_now: 0.1764705926179886
52th run
noise dimension : 6561
noise variance: 209929.5
original u-statistic:1358.7598876953125
p value proxy: 0.28358209133148193
result: False
power_upto_now: 0.17307692766189575
53th run
noise dimension : 6561
noise variance: 209978.046875
original u-statistic:2444.1630859375
p value proxy: 0.15422885119915009
result: False
power_upto_now: 0.16981132328510284
54th run
noise dimension : 6561
noise variance: 209983.28125
original u-statistic:-4869.8974609375
p value proxy: 0.9552238583564758
result: False
power_upto_now: 0.1666666716337204
55th run
noise dimension : 6561
noise variance: 209974.140625
original u-statistic:4183.8193359375
p value proxy: 0.02985074557363987
result: True
power_upto_now: 0.1818181872367859
56th run
noise dimension : 6561
noise variance: 209955.765625
original u-statistic:-340.54296875
p value proxy: 0.5422885417938232
result: False
power_upto_now: 0.1785714328289032
57th run
noise dimension : 6561
noise variance: 209981.984375
original u-statistic:2873.651611328125
p value proxy: 0.1840796023607254
result: False
power_upto_now: 0.17543859779834747
58th run
noise dimension : 6561
noise variance: 209960.78125
original u-statistic:-678.72119140625
p value proxy: 0.6517412662506104
result: False
power_upto_now: 0.17241379618644714
59th run
noise dimension : 6561
noise variance: 209959.078125
original u-statistic:3367.06689453125
p value proxy: 0.07960198819637299
result: False
power_upto_now: 0.16949152946472168
60th run
noise dimension : 6561
noise variance: 209968.484375
original u-statistic:1105.204833984375
p value proxy: 0.32338306307792664
result: False
power_upto_now: 0.1666666716337204
61th run
noise dimension : 6561
noise variance: 209942.1875
original u-statistic:-233.44064331054688
p value proxy: 0.5472636818885803
result: False
power_upto_now: 0.16393442451953888
62th run
noise dimension : 6561
noise variance: 209934.09375
original u-statistic:-413.1453857421875
p value proxy: 0.5273631811141968
result: False
power_upto_now: 0.16129031777381897
63th run
noise dimension : 6561
noise variance: 209897.265625
original u-statistic:2752.660400390625
p value proxy: 0.1492537260055542
result: False
power_upto_now: 0.1587301641702652
64th run
noise dimension : 6561
noise variance: 209947.296875
original u-statistic:2498.99951171875
p value proxy: 0.15422885119915009
result: False
power_upto_now: 0.15625
65th run
noise dimension : 6561
noise variance: 209967.875
original u-statistic:947.5404663085938
p value proxy: 0.35323381423950195
result: False
power_upto_now: 0.1538461595773697
66th run
noise dimension : 6561
noise variance: 209939.140625
original u-statistic:-646.3616943359375
p value proxy: 0.6119402647018433
result: False
power_upto_now: 0.1515151560306549
67th run
noise dimension : 6561
noise variance: 209925.234375
original u-statistic:1230.609619140625
p value proxy: 0.31343284249305725
result: False
power_upto_now: 0.1492537260055542
68th run
noise dimension : 6561
noise variance: 209935.328125
original u-statistic:2117.35693359375
p value proxy: 0.19900497794151306
result: False
power_upto_now: 0.14705882966518402
69th run
noise dimension : 6561
noise variance: 209968.75
original u-statistic:-1699.1114501953125
p value proxy: 0.7512437701225281
result: False
power_upto_now: 0.14492753148078918
70th run
noise dimension : 6561
noise variance: 209914.046875
original u-statistic:2845.58642578125
p value proxy: 0.1094527319073677
result: False
power_upto_now: 0.1428571492433548
71th run
noise dimension : 6561
noise variance: 209948.78125
original u-statistic:1082.2100830078125
p value proxy: 0.31840795278549194
result: False
power_upto_now: 0.14084507524967194
72th run
noise dimension : 6561
noise variance: 209929.8125
original u-statistic:2737.0087890625
p value proxy: 0.1492537260055542
result: False
power_upto_now: 0.1388888955116272
73th run
noise dimension : 6561
noise variance: 209952.46875
original u-statistic:2902.89501953125
p value proxy: 0.15422885119915009
result: False
power_upto_now: 0.13698630034923553
74th run
noise dimension : 6561
noise variance: 210006.421875
original u-statistic:-2268.146484375
p value proxy: 0.8358208537101746
result: False
power_upto_now: 0.13513512909412384
75th run
noise dimension : 6561
noise variance: 209919.171875
original u-statistic:4501.6982421875
p value proxy: 0.024875622242689133
result: True
power_upto_now: 0.14666666090488434
76th run
noise dimension : 6561
noise variance: 209975.75
original u-statistic:-480.902587890625
p value proxy: 0.6268656849861145
result: False
power_upto_now: 0.14473684132099152
77th run
noise dimension : 6561
noise variance: 209953.3125
original u-statistic:-212.46884155273438
p value proxy: 0.5174129009246826
result: False
power_upto_now: 0.1428571492433548
78th run
noise dimension : 6561
noise variance: 209961.71875
original u-statistic:-396.507080078125
p value proxy: 0.49751242995262146
result: False
power_upto_now: 0.14102564752101898
79th run
noise dimension : 6561
noise variance: 209933.34375
original u-statistic:-1794.00439453125
p value proxy: 0.7512437701225281
result: False
power_upto_now: 0.13924050331115723
80th run
noise dimension : 6561
noise variance: 209958.75
original u-statistic:3856.38427734375
p value proxy: 0.03980099409818649
result: True
power_upto_now: 0.15000000596046448
81th run
noise dimension : 6561
noise variance: 209973.9375
original u-statistic:2196.6875
p value proxy: 0.1890547275543213
result: False
power_upto_now: 0.14814814925193787
82th run
noise dimension : 6561
noise variance: 209872.6875
original u-statistic:1317.267822265625
p value proxy: 0.3432835638523102
result: False
power_upto_now: 0.1463414579629898
83th run
noise dimension : 6561
noise variance: 209947.921875
original u-statistic:3782.2001953125
p value proxy: 0.06467661261558533
result: False
power_upto_now: 0.14457830786705017
84th run
noise dimension : 6561
noise variance: 209959.1875
original u-statistic:5104.54345703125
p value proxy: 0.019900497049093246
result: True
power_upto_now: 0.1547619104385376
85th run
noise dimension : 6561
noise variance: 209991.265625
original u-statistic:-993.2301635742188
p value proxy: 0.7562189102172852
result: False
power_upto_now: 0.15294118225574493
86th run
noise dimension : 6561
noise variance: 209925.40625
original u-statistic:-1636.1998291015625
p value proxy: 0.7910447716712952
result: False
power_upto_now: 0.151162788271904
87th run
noise dimension : 6561
noise variance: 209945.3125
original u-statistic:1983.239990234375
p value proxy: 0.1442786008119583
result: False
power_upto_now: 0.14942528307437897
88th run
noise dimension : 6561
noise variance: 210009.625
original u-statistic:2262.59912109375
p value proxy: 0.16417910158634186
result: False
power_upto_now: 0.14772726595401764
89th run
noise dimension : 6561
noise variance: 209935.0
original u-statistic:-696.97900390625
p value proxy: 0.6467661261558533
result: False
power_upto_now: 0.14606741070747375
90th run
noise dimension : 6561
noise variance: 209894.453125
original u-statistic:1446.552734375
p value proxy: 0.2935323417186737
result: False
power_upto_now: 0.14444445073604584
91th run
noise dimension : 6561
noise variance: 209956.046875
original u-statistic:1049.9925537109375
p value proxy: 0.38805970549583435
result: False
power_upto_now: 0.1428571492433548
92th run
noise dimension : 6561
noise variance: 209926.609375
original u-statistic:1519.058837890625
p value proxy: 0.22885571420192719
result: False
power_upto_now: 0.14130434393882751
93th run
noise dimension : 6561
noise variance: 209970.96875
original u-statistic:6520.79345703125
p value proxy: 0.019900497049093246
result: True
power_upto_now: 0.1505376398563385
94th run
noise dimension : 6561
noise variance: 209995.328125
original u-statistic:3510.253173828125
p value proxy: 0.0746268630027771
result: False
power_upto_now: 0.1489361673593521
95th run
noise dimension : 6561
noise variance: 209938.3125
original u-statistic:732.94189453125
p value proxy: 0.3980099558830261
result: False
power_upto_now: 0.1473684161901474
96th run
noise dimension : 6561
noise variance: 209901.171875
original u-statistic:-723.4030151367188
p value proxy: 0.6467661261558533
result: False
power_upto_now: 0.1458333283662796
97th run
noise dimension : 6561
noise variance: 209957.890625
original u-statistic:-757.7070922851562
p value proxy: 0.641791045665741
result: False
power_upto_now: 0.14432989060878754
98th run
noise dimension : 6561
noise variance: 209949.265625
original u-statistic:3048.31982421875
p value proxy: 0.12437810748815536
result: False
power_upto_now: 0.1428571492433548
99th run
noise dimension : 6561
noise variance: 209957.765625
original u-statistic:5298.478515625
p value proxy: 0.024875622242689133
result: True
power_upto_now: 0.1515151560306549
100th run
noise dimension : 6561
noise variance: 209972.3125
original u-statistic:576.6885986328125
p value proxy: 0.4079601764678955
result: False
power_upto_now: 0.15000000596046448
101th run
noise dimension : 6561
noise variance: 209968.734375
original u-statistic:1084.11474609375
p value proxy: 0.35323381423950195
result: False
power_upto_now: 0.14851485192775726
102th run
noise dimension : 6561
noise variance: 210006.109375
original u-statistic:-3643.584716796875
p value proxy: 0.9502487182617188
result: False
power_upto_now: 0.14705882966518402
103th run
noise dimension : 6561
noise variance: 209966.984375
original u-statistic:-1154.2327880859375
p value proxy: 0.6915422677993774
result: False
power_upto_now: 0.1456310749053955
104th run
noise dimension : 6561
noise variance: 209930.75
original u-statistic:2155.2109375
p value proxy: 0.1492537260055542
result: False
power_upto_now: 0.14423076808452606
105th run
noise dimension : 6561
noise variance: 209970.015625
original u-statistic:1119.11572265625
p value proxy: 0.2935323417186737
result: False
power_upto_now: 0.1428571492433548
106th run
noise dimension : 6561
noise variance: 209936.046875
original u-statistic:235.199951171875
p value proxy: 0.4527363181114197
result: False
power_upto_now: 0.14150942862033844
107th run
noise dimension : 6561
noise variance: 209949.140625
original u-statistic:3409.815673828125
p value proxy: 0.08955223858356476
result: False
power_upto_now: 0.14018692076206207
108th run
noise dimension : 6561
noise variance: 209927.1875
original u-statistic:1930.2274169921875
p value proxy: 0.2189054638147354
result: False
power_upto_now: 0.1388888955116272
109th run
noise dimension : 6561
noise variance: 209936.34375
original u-statistic:395.51934814453125
p value proxy: 0.46766167879104614
result: False
power_upto_now: 0.1376146823167801
110th run
noise dimension : 6561
noise variance: 209924.484375
original u-statistic:2497.135498046875
p value proxy: 0.13432835042476654
result: False
power_upto_now: 0.13636364042758942
111th run
noise dimension : 6561
noise variance: 209900.84375
original u-statistic:419.52276611328125
p value proxy: 0.4378109276294708
result: False
power_upto_now: 0.13513512909412384
112th run
noise dimension : 6561
noise variance: 209907.078125
original u-statistic:-3016.2001953125
p value proxy: 0.8855721354484558
result: False
power_upto_now: 0.1339285671710968
113th run
noise dimension : 6561
noise variance: 209911.765625
original u-statistic:3712.47998046875
p value proxy: 0.06965173780918121
result: False
power_upto_now: 0.13274335861206055
114th run
noise dimension : 6561
noise variance: 209990.65625
original u-statistic:2130.149658203125
p value proxy: 0.20398008823394775
result: False
power_upto_now: 0.1315789520740509
115th run
noise dimension : 6561
noise variance: 209928.484375
original u-statistic:4978.78076171875
p value proxy: 0.03482586890459061
result: True
power_upto_now: 0.13913042843341827
116th run
noise dimension : 6561
noise variance: 209929.40625
original u-statistic:2042.5040283203125
p value proxy: 0.1840796023607254
result: False
power_upto_now: 0.13793103396892548
117th run
noise dimension : 6561
noise variance: 209940.125
original u-statistic:-985.982177734375
p value proxy: 0.711442768573761
result: False
power_upto_now: 0.1367521435022354
118th run
noise dimension : 6561
noise variance: 209995.140625
original u-statistic:-170.77197265625
p value proxy: 0.5223880410194397
result: False
power_upto_now: 0.1355932205915451
119th run
noise dimension : 6561
noise variance: 209974.578125
original u-statistic:2481.156494140625
p value proxy: 0.1442786008119583
result: False
power_upto_now: 0.13445378839969635
120th run
noise dimension : 6561
noise variance: 209968.328125
original u-statistic:1690.6778564453125
p value proxy: 0.24378108978271484
result: False
power_upto_now: 0.13333334028720856
121th run
noise dimension : 6561
noise variance: 209960.421875
original u-statistic:2846.54052734375
p value proxy: 0.12437810748815536
result: False
power_upto_now: 0.13223139941692352
122th run
noise dimension : 6561
noise variance: 209950.71875
original u-statistic:92.716552734375
p value proxy: 0.4726368188858032
result: False
power_upto_now: 0.13114753365516663
123th run
noise dimension : 6561
noise variance: 210002.734375
original u-statistic:-1458.067138671875
p value proxy: 0.7014925479888916
result: False
power_upto_now: 0.13008129596710205
124th run
noise dimension : 6561
noise variance: 209938.546875
original u-statistic:2908.961669921875
p value proxy: 0.15422885119915009
result: False
power_upto_now: 0.12903225421905518
125th run
noise dimension : 6561
noise variance: 209953.796875
original u-statistic:1120.58056640625
p value proxy: 0.30845770239830017
result: False
power_upto_now: 0.12800000607967377
126th run
noise dimension : 6561
noise variance: 209933.5625
original u-statistic:-1609.1463623046875
p value proxy: 0.7960199117660522
result: False
power_upto_now: 0.1269841343164444
127th run
noise dimension : 6561
noise variance: 209957.546875
original u-statistic:3361.17431640625
p value proxy: 0.06467661261558533
result: False
power_upto_now: 0.12598425149917603
128th run
noise dimension : 6561
noise variance: 209962.984375
original u-statistic:492.55865478515625
p value proxy: 0.3631840646266937
result: False
power_upto_now: 0.125
129th run
noise dimension : 6561
noise variance: 209941.609375
original u-statistic:2561.734375
p value proxy: 0.15920397639274597
result: False
power_upto_now: 0.12403100728988647
130th run
noise dimension : 6561
noise variance: 209918.234375
original u-statistic:473.093505859375
p value proxy: 0.3980099558830261
result: False
power_upto_now: 0.1230769231915474
131th run
noise dimension : 6561
noise variance: 209935.1875
original u-statistic:-345.99859619140625
p value proxy: 0.5820895433425903
result: False
power_upto_now: 0.1221374049782753
132th run
noise dimension : 6561
noise variance: 209915.140625
original u-statistic:571.1280517578125
p value proxy: 0.3980099558830261
result: False
power_upto_now: 0.12121212482452393
133th run
noise dimension : 6561
noise variance: 209914.90625
original u-statistic:2332.314453125
p value proxy: 0.24875621497631073
result: False
power_upto_now: 0.12030075490474701
134th run
noise dimension : 6561
noise variance: 209981.5625
original u-statistic:1982.5052490234375
p value proxy: 0.2238805890083313
result: False
power_upto_now: 0.11940298229455948
135th run
noise dimension : 6561
noise variance: 209967.96875
original u-statistic:2758.63427734375
p value proxy: 0.16417910158634186
result: False
power_upto_now: 0.11851851642131805
136th run
noise dimension : 6561
noise variance: 209960.125
original u-statistic:3268.18896484375
p value proxy: 0.08457711338996887
result: False
power_upto_now: 0.11764705926179886
137th run
noise dimension : 6561
noise variance: 209887.546875
original u-statistic:-1171.265380859375
p value proxy: 0.6865671277046204
result: False
power_upto_now: 0.11678832024335861
138th run
noise dimension : 6561
noise variance: 209920.390625
original u-statistic:5063.73779296875
p value proxy: 0.019900497049093246
result: True
power_upto_now: 0.12318840622901917
139th run
noise dimension : 6561
noise variance: 209951.09375
original u-statistic:2111.9228515625
p value proxy: 0.1492537260055542
result: False
power_upto_now: 0.12230215966701508
140th run
noise dimension : 6561
noise variance: 209931.328125
original u-statistic:2007.6461181640625
p value proxy: 0.19402985274791718
result: False
power_upto_now: 0.12142857164144516
141th run
noise dimension : 6561
noise variance: 209980.328125
original u-statistic:169.72320556640625
p value proxy: 0.49751242995262146
result: False
power_upto_now: 0.12056737393140793
142th run
noise dimension : 6561
noise variance: 209954.140625
original u-statistic:1326.6146240234375
p value proxy: 0.31343284249305725
result: False
power_upto_now: 0.11971831321716309
143th run
noise dimension : 6561
noise variance: 209974.265625
original u-statistic:-1457.177734375
p value proxy: 0.7263681292533875
result: False
power_upto_now: 0.11888112127780914
144th run
noise dimension : 6561
noise variance: 210002.59375
original u-statistic:-161.00750732421875
p value proxy: 0.49751242995262146
result: False
power_upto_now: 0.1180555522441864
145th run
noise dimension : 6561
noise variance: 210008.578125
original u-statistic:2693.001953125
p value proxy: 0.13432835042476654
result: False
power_upto_now: 0.11724138259887695
146th run
noise dimension : 6561
noise variance: 209941.1875
original u-statistic:1768.83544921875
p value proxy: 0.16915422677993774
result: False
power_upto_now: 0.1164383590221405
147th run
noise dimension : 6561
noise variance: 209956.171875
original u-statistic:806.668212890625
p value proxy: 0.3432835638523102
result: False
power_upto_now: 0.11564625799655914
148th run
noise dimension : 6561
noise variance: 209956.234375
original u-statistic:3596.39404296875
p value proxy: 0.04477611929178238
result: True
power_upto_now: 0.12162162363529205
149th run
noise dimension : 6561
noise variance: 209899.375
original u-statistic:5444.0849609375
p value proxy: 0.009950248524546623
result: True
power_upto_now: 0.12751677632331848
150th run
noise dimension : 6561
noise variance: 209934.625
original u-statistic:-4018.36865234375
p value proxy: 0.9552238583564758
result: False
power_upto_now: 0.12666666507720947
151th run
noise dimension : 6561
noise variance: 209868.8125
original u-statistic:1746.3585205078125
p value proxy: 0.21393033862113953
result: False
power_upto_now: 0.125827819108963
152th run
noise dimension : 6561
noise variance: 209985.84375
original u-statistic:1999.90966796875
p value proxy: 0.2238805890083313
result: False
power_upto_now: 0.125
153th run
noise dimension : 6561
noise variance: 209968.78125
original u-statistic:2152.114990234375
p value proxy: 0.2189054638147354
result: False
power_upto_now: 0.12418300658464432
154th run
noise dimension : 6561
noise variance: 209920.734375
original u-statistic:933.743896484375
p value proxy: 0.3432835638523102
result: False
power_upto_now: 0.12337662279605865
155th run
noise dimension : 6561
noise variance: 209940.734375
original u-statistic:-2852.30517578125
p value proxy: 0.8557213544845581
result: False
power_upto_now: 0.1225806474685669
156th run
noise dimension : 6561
noise variance: 209903.9375
original u-statistic:1561.380126953125
p value proxy: 0.27363184094429016
result: False
power_upto_now: 0.12179487198591232
157th run
noise dimension : 6561
noise variance: 209941.828125
original u-statistic:4649.87890625
p value proxy: 0.03482586890459061
result: True
power_upto_now: 0.12738853693008423
158th run
noise dimension : 6561
noise variance: 209986.125
original u-statistic:5114.18408203125
p value proxy: 0.024875622242689133
result: True
power_upto_now: 0.13291139900684357
159th run
noise dimension : 6561
noise variance: 209930.546875
original u-statistic:1962.0040283203125
p value proxy: 0.19402985274791718
result: False
power_upto_now: 0.1320754736661911
160th run
noise dimension : 6561
noise variance: 209954.109375
original u-statistic:3034.6748046875
p value proxy: 0.1094527319073677
result: False
power_upto_now: 0.13124999403953552
161th run
noise dimension : 6561
noise variance: 209988.671875
original u-statistic:-2120.884765625
p value proxy: 0.7960199117660522
result: False
power_upto_now: 0.1304347813129425
162th run
noise dimension : 6561
noise variance: 209915.65625
original u-statistic:967.8126220703125
p value proxy: 0.3383084535598755
result: False
power_upto_now: 0.12962962687015533
163th run
noise dimension : 6561
noise variance: 209967.875
original u-statistic:1521.7947998046875
p value proxy: 0.24378108978271484
result: False
power_upto_now: 0.12883435189723969
164th run
noise dimension : 6561
noise variance: 209874.546875
original u-statistic:83.0743408203125
p value proxy: 0.4925372898578644
result: False
power_upto_now: 0.12804877758026123
165th run
noise dimension : 6561
noise variance: 209912.09375
original u-statistic:-1695.638671875
p value proxy: 0.711442768573761
result: False
power_upto_now: 0.12727272510528564
166th run
noise dimension : 6561
noise variance: 209957.296875
original u-statistic:-539.056640625
p value proxy: 0.5771144032478333
result: False
power_upto_now: 0.1265060305595398
167th run
noise dimension : 6561
noise variance: 209957.546875
original u-statistic:7536.09912109375
p value proxy: 0.004975124262273312
result: True
power_upto_now: 0.13173653185367584
168th run
noise dimension : 6561
noise variance: 209929.546875
original u-statistic:-1201.072265625
p value proxy: 0.7213929891586304
result: False
power_upto_now: 0.130952388048172
169th run
noise dimension : 6561
noise variance: 209930.15625
original u-statistic:7144.9677734375
p value proxy: 0.004975124262273312
result: True
power_upto_now: 0.13609467446804047
170th run
noise dimension : 6561
noise variance: 209962.359375
original u-statistic:1551.229736328125
p value proxy: 0.2537313401699066
result: False
power_upto_now: 0.1352941244840622
171th run
noise dimension : 6561
noise variance: 209982.46875
original u-statistic:-499.96551513671875
p value proxy: 0.5422885417938232
result: False
power_upto_now: 0.13450291752815247
172th run
noise dimension : 6561
noise variance: 209969.734375
original u-statistic:3955.306640625
p value proxy: 0.04477611929178238
result: True
power_upto_now: 0.13953489065170288
173th run
noise dimension : 6561
noise variance: 209918.4375
original u-statistic:2272.50439453125
p value proxy: 0.1890547275543213
result: False
power_upto_now: 0.1387283205986023
174th run
noise dimension : 6561
noise variance: 210022.28125
original u-statistic:-991.3362426757812
p value proxy: 0.6218905448913574
result: False
power_upto_now: 0.13793103396892548
175th run
noise dimension : 6561
noise variance: 209968.6875
original u-statistic:-3701.5595703125
p value proxy: 0.9601989984512329
result: False
power_upto_now: 0.1371428519487381
176th run
noise dimension : 6561
noise variance: 209937.703125
original u-statistic:-986.32373046875
p value proxy: 0.6915422677993774
result: False
power_upto_now: 0.13636364042758942
177th run
noise dimension : 6561
noise variance: 209958.0
original u-statistic:3096.775146484375
p value proxy: 0.12437810748815536
result: False
power_upto_now: 0.1355932205915451
178th run
noise dimension : 6561
noise variance: 209948.21875
original u-statistic:2526.44970703125
p value proxy: 0.23383083939552307
result: False
power_upto_now: 0.13483145833015442
179th run
noise dimension : 6561
noise variance: 209943.140625
original u-statistic:230.8316650390625
p value proxy: 0.4378109276294708
result: False
power_upto_now: 0.1340782195329666
180th run
noise dimension : 6561
noise variance: 209925.0625
original u-statistic:2748.24609375
p value proxy: 0.1492537260055542
result: False
power_upto_now: 0.13333334028720856
181th run
noise dimension : 6561
noise variance: 209915.34375
original u-statistic:-1156.8251953125
p value proxy: 0.7014925479888916
result: False
power_upto_now: 0.1325966864824295
182th run
noise dimension : 6561
noise variance: 210021.078125
original u-statistic:83.23992919921875
p value proxy: 0.4875621795654297
result: False
power_upto_now: 0.1318681389093399
183th run
noise dimension : 6561
noise variance: 209974.78125
original u-statistic:4041.238037109375
p value proxy: 0.049751244485378265
result: True
power_upto_now: 0.13661202788352966
184th run
noise dimension : 6561
noise variance: 209907.59375
original u-statistic:2366.99560546875
p value proxy: 0.17412935197353363
result: False
power_upto_now: 0.135869562625885
185th run
noise dimension : 6561
noise variance: 209937.140625
original u-statistic:2750.70947265625
p value proxy: 0.11940298229455948
result: False
power_upto_now: 0.13513512909412384
186th run
noise dimension : 6561
noise variance: 209940.015625
original u-statistic:2075.38720703125
p value proxy: 0.16915422677993774
result: False
power_upto_now: 0.1344086080789566
187th run
noise dimension : 6561
noise variance: 209938.109375
original u-statistic:-2937.0302734375
p value proxy: 0.8855721354484558
result: False
power_upto_now: 0.13368983566761017
188th run
noise dimension : 6561
noise variance: 209940.9375
original u-statistic:5518.12353515625
p value proxy: 0.009950248524546623
result: True
power_upto_now: 0.13829787075519562
189th run
noise dimension : 6561
noise variance: 209967.03125
original u-statistic:-366.3536376953125
p value proxy: 0.5422885417938232
result: False
power_upto_now: 0.13756613433361053
190th run
noise dimension : 6561
noise variance: 209915.359375
original u-statistic:-1566.7235107421875
p value proxy: 0.7313432693481445
result: False
power_upto_now: 0.13684210181236267
191th run
noise dimension : 6561
noise variance: 209869.515625
original u-statistic:3564.970947265625
p value proxy: 0.049751244485378265
result: True
power_upto_now: 0.14136125147342682
192th run
noise dimension : 6561
noise variance: 209963.59375
original u-statistic:-1256.443115234375
p value proxy: 0.6815920472145081
result: False
power_upto_now: 0.140625
193th run
noise dimension : 6561
noise variance: 209955.25
original u-statistic:-766.4940795898438
p value proxy: 0.6119402647018433
result: False
power_upto_now: 0.13989637792110443
194th run
noise dimension : 6561
noise variance: 209959.71875
original u-statistic:1391.0982666015625
p value proxy: 0.32338306307792664
result: False
power_upto_now: 0.13917525112628937
195th run
noise dimension : 6561
noise variance: 209994.0625
original u-statistic:-5108.109375
p value proxy: 0.9950248599052429
result: False
power_upto_now: 0.13846154510974884
196th run
noise dimension : 6561
noise variance: 209961.734375
original u-statistic:4960.8818359375
p value proxy: 0.02985074557363987
result: True
power_upto_now: 0.1428571492433548
197th run
noise dimension : 6561
noise variance: 209964.578125
original u-statistic:-3105.6552734375
p value proxy: 0.9253731369972229
result: False
power_upto_now: 0.1421319842338562
198th run
noise dimension : 6561
noise variance: 209965.34375
original u-statistic:2680.712158203125
p value proxy: 0.1094527319073677
result: False
power_upto_now: 0.14141413569450378
199th run
noise dimension : 6561
noise variance: 209894.140625
original u-statistic:5032.751953125
p value proxy: 0.03482586890459061
result: True
power_upto_now: 0.14572864770889282
200th run
noise dimension : 6561
noise variance: 209915.265625
original u-statistic:4460.35107421875
p value proxy: 0.03482586890459061
result: True
power_upto_now: 0.15000000596046448
201th run
noise dimension : 6561
noise variance: 209956.796875
original u-statistic:-1385.353515625
p value proxy: 0.7412934899330139
result: False
power_upto_now: 0.1492537260055542
202th run
noise dimension : 6561
noise variance: 209978.78125
original u-statistic:-605.645751953125
p value proxy: 0.5870646834373474
result: False
power_upto_now: 0.14851485192775726
203th run
noise dimension : 6561
noise variance: 209973.375
original u-statistic:-506.875244140625
p value proxy: 0.6368159055709839
result: False
power_upto_now: 0.14778324961662292
204th run
noise dimension : 6561
noise variance: 209969.6875
original u-statistic:-3387.46435546875
p value proxy: 0.9452736377716064
result: False
power_upto_now: 0.14705882966518402
205th run
noise dimension : 6561
noise variance: 209915.328125
original u-statistic:1234.358154296875
p value proxy: 0.31343284249305725
result: False
power_upto_now: 0.1463414579629898
206th run
noise dimension : 6561
noise variance: 209937.59375
original u-statistic:2359.501708984375
p value proxy: 0.11442785710096359
result: False
power_upto_now: 0.1456310749053955
207th run
noise dimension : 6561
noise variance: 209971.59375
original u-statistic:-549.3145141601562
p value proxy: 0.6716417670249939
result: False
power_upto_now: 0.14492753148078918
208th run
noise dimension : 6561
noise variance: 209970.828125
original u-statistic:2908.98974609375
p value proxy: 0.15920397639274597
result: False
power_upto_now: 0.14423076808452606
209th run
noise dimension : 6561
noise variance: 210021.921875
original u-statistic:-2225.273681640625
p value proxy: 0.8557213544845581
result: False
power_upto_now: 0.1435406655073166
210th run
noise dimension : 6561
noise variance: 209958.453125
original u-statistic:-866.9710693359375
p value proxy: 0.6666666269302368
result: False
power_upto_now: 0.1428571492433548
211th run
noise dimension : 6561
noise variance: 209948.03125
original u-statistic:2824.46240234375
p value proxy: 0.16915422677993774
result: False
power_upto_now: 0.14218010008335114
212th run
noise dimension : 6561
noise variance: 209957.328125
original u-statistic:4467.27587890625
p value proxy: 0.019900497049093246
result: True
power_upto_now: 0.1462264209985733
213th run
noise dimension : 6561
noise variance: 210015.34375
original u-statistic:-2765.4951171875
p value proxy: 0.8507462739944458
result: False
power_upto_now: 0.14553990960121155
214th run
noise dimension : 6561
noise variance: 209976.765625
original u-statistic:4828.36474609375
p value proxy: 0.024875622242689133
result: True
power_upto_now: 0.14953270554542542
215th run
noise dimension : 6561
noise variance: 209978.203125
original u-statistic:-1256.978271484375
p value proxy: 0.6965174078941345
result: False
power_upto_now: 0.14883720874786377
216th run
noise dimension : 6561
noise variance: 209942.0
original u-statistic:1249.319091796875
p value proxy: 0.34825870394706726
result: False
power_upto_now: 0.14814814925193787
217th run
noise dimension : 6561
noise variance: 209993.546875
original u-statistic:-2347.49072265625
p value proxy: 0.8507462739944458
result: False
power_upto_now: 0.14746543765068054
218th run
noise dimension : 6561
noise variance: 209954.296875
original u-statistic:866.44384765625
p value proxy: 0.3731343150138855
result: False
power_upto_now: 0.14678898453712463
219th run
noise dimension : 6561
noise variance: 209940.96875
original u-statistic:6219.0751953125
p value proxy: 0.019900497049093246
result: True
power_upto_now: 0.15068493783473969
220th run
noise dimension : 6561
noise variance: 209948.0625
original u-statistic:-4084.40380859375
p value proxy: 0.9651740789413452
result: False
power_upto_now: 0.15000000596046448
221th run
noise dimension : 6561
noise variance: 209911.390625
original u-statistic:2376.632080078125
p value proxy: 0.1492537260055542
result: False
power_upto_now: 0.1493212729692459
222th run
noise dimension : 6561
noise variance: 209949.296875
original u-statistic:1302.203369140625
p value proxy: 0.3283582031726837
result: False
power_upto_now: 0.14864864945411682
223th run
noise dimension : 6561
noise variance: 209910.71875
original u-statistic:1876.2862548828125
p value proxy: 0.16417910158634186
result: False
power_upto_now: 0.14798206090927124
224th run
noise dimension : 6561
noise variance: 209955.984375
original u-statistic:1618.92041015625
p value proxy: 0.27363184094429016
result: False
power_upto_now: 0.1473214328289032
225th run
noise dimension : 6561
noise variance: 209978.171875
original u-statistic:2029.1981201171875
p value proxy: 0.23880596458911896
result: False
power_upto_now: 0.14666666090488434
226th run
noise dimension : 6561
noise variance: 209880.328125
original u-statistic:2820.5830078125
p value proxy: 0.12437810748815536
result: False
power_upto_now: 0.14601770043373108
227th run
noise dimension : 6561
noise variance: 209968.515625
original u-statistic:3348.687744140625
p value proxy: 0.0746268630027771
result: False
power_upto_now: 0.14537444710731506
228th run
noise dimension : 6561
noise variance: 209922.078125
original u-statistic:4386.486328125
p value proxy: 0.009950248524546623
result: True
power_upto_now: 0.14912280440330505
229th run
noise dimension : 6561
noise variance: 209952.03125
original u-statistic:3702.19189453125
p value proxy: 0.05472636595368385
result: False
power_upto_now: 0.14847160875797272
230th run
noise dimension : 6561
noise variance: 209948.265625
original u-statistic:3871.744384765625
p value proxy: 0.05970149114727974
result: False
power_upto_now: 0.14782609045505524
231th run
noise dimension : 6561
noise variance: 209960.71875
original u-statistic:3331.19091796875
p value proxy: 0.12437810748815536
result: False
power_upto_now: 0.14718614518642426
232th run
noise dimension : 6561
noise variance: 209990.34375
original u-statistic:5464.35498046875
p value proxy: 0.019900497049093246
result: True
power_upto_now: 0.15086206793785095
233th run
noise dimension : 6561
noise variance: 209940.578125
original u-statistic:6538.1083984375
p value proxy: 0.009950248524546623
result: True
power_upto_now: 0.15450644493103027
234th run
noise dimension : 6561
noise variance: 209999.96875
original u-statistic:3401.470947265625
p value proxy: 0.10447760671377182
result: False
power_upto_now: 0.1538461595773697
235th run
noise dimension : 6561
noise variance: 209961.796875
original u-statistic:-852.750732421875
p value proxy: 0.6865671277046204
result: False
power_upto_now: 0.1531914919614792
236th run
noise dimension : 6561
noise variance: 209990.796875
original u-statistic:3276.963623046875
p value proxy: 0.09950248897075653
result: False
power_upto_now: 0.1525423675775528
237th run
noise dimension : 6561
noise variance: 209951.484375
original u-statistic:-2424.1630859375
p value proxy: 0.815920352935791
result: False
power_upto_now: 0.15189872682094574
238th run
noise dimension : 6561
noise variance: 209906.625
original u-statistic:843.1895751953125
p value proxy: 0.3980099558830261
result: False
power_upto_now: 0.15126051008701324
239th run
noise dimension : 6561
noise variance: 209917.6875
original u-statistic:1366.83154296875
p value proxy: 0.34825870394706726
result: False
power_upto_now: 0.15062761306762695
240th run
noise dimension : 6561
noise variance: 209960.515625
original u-statistic:-908.6431274414062
p value proxy: 0.6268656849861145
result: False
power_upto_now: 0.15000000596046448
241th run
noise dimension : 6561
noise variance: 209935.59375
original u-statistic:-324.3905029296875
p value proxy: 0.5472636818885803
result: False
power_upto_now: 0.14937759935855865
242th run
noise dimension : 6561
noise variance: 209947.21875
original u-statistic:3073.53173828125
p value proxy: 0.11442785710096359
result: False
power_upto_now: 0.1487603336572647
243th run
noise dimension : 6561
noise variance: 209959.46875
original u-statistic:1256.3302001953125
p value proxy: 0.3034825921058655
result: False
power_upto_now: 0.14814814925193787
244th run
noise dimension : 6561
noise variance: 210014.34375
original u-statistic:-233.42929077148438
p value proxy: 0.5124378204345703
result: False
power_upto_now: 0.14754098653793335
245th run
noise dimension : 6561
noise variance: 209967.875
original u-statistic:-3036.50146484375
p value proxy: 0.9253731369972229
result: False
power_upto_now: 0.1469387710094452
246th run
noise dimension : 6561
noise variance: 209946.625
original u-statistic:3529.770751953125
p value proxy: 0.05970149114727974
result: False
power_upto_now: 0.1463414579629898
247th run
noise dimension : 6561
noise variance: 209966.8125
original u-statistic:-1510.0599365234375
p value proxy: 0.7263681292533875
result: False
power_upto_now: 0.14574898779392242
248th run
noise dimension : 6561
noise variance: 209955.609375
original u-statistic:1878.6893310546875
p value proxy: 0.2636815905570984
result: False
power_upto_now: 0.14516128599643707
249th run
noise dimension : 6561
noise variance: 209913.21875
original u-statistic:936.7869873046875
p value proxy: 0.3631840646266937
result: False
power_upto_now: 0.14457830786705017
250th run
noise dimension : 6561
noise variance: 209946.359375
original u-statistic:1850.9456787109375
p value proxy: 0.24875621497631073
result: False
power_upto_now: 0.14399999380111694
251th run
noise dimension : 6561
noise variance: 209899.21875
original u-statistic:4581.59326171875
p value proxy: 0.03980099409818649
result: True
power_upto_now: 0.14741036295890808
252th run
noise dimension : 6561
noise variance: 209907.71875
original u-statistic:580.9600830078125
p value proxy: 0.43283581733703613
result: False
power_upto_now: 0.1468254029750824
253th run
noise dimension : 6561
noise variance: 209969.875
original u-statistic:3519.765869140625
p value proxy: 0.08457711338996887
result: False
power_upto_now: 0.1462450623512268
254th run
noise dimension : 6561
noise variance: 209941.03125
original u-statistic:404.147216796875
p value proxy: 0.4129353165626526
result: False
power_upto_now: 0.14566929638385773
255th run
noise dimension : 6561
noise variance: 209963.90625
original u-statistic:5565.69384765625
p value proxy: 0.02985074557363987
result: True
power_upto_now: 0.14901961386203766
256th run
noise dimension : 6561
noise variance: 209947.34375
original u-statistic:993.065185546875
p value proxy: 0.3781094551086426
result: False
power_upto_now: 0.1484375
257th run
noise dimension : 6561
noise variance: 209945.609375
original u-statistic:-939.8226318359375
p value proxy: 0.6567164063453674
result: False
power_upto_now: 0.14785991609096527
258th run
noise dimension : 6561
noise variance: 209940.3125
original u-statistic:3940.5595703125
p value proxy: 0.0746268630027771
result: False
power_upto_now: 0.1472868174314499
259th run
noise dimension : 6561
noise variance: 209954.765625
original u-statistic:2041.5537109375
p value proxy: 0.23383083939552307
result: False
power_upto_now: 0.14671814441680908
260th run
noise dimension : 6561
noise variance: 209938.078125
original u-statistic:2523.968505859375
p value proxy: 0.16417910158634186
result: False
power_upto_now: 0.14615385234355927
261th run
noise dimension : 6561
noise variance: 210011.046875
original u-statistic:27.4696044921875
p value proxy: 0.5323383212089539
result: False
power_upto_now: 0.14559386670589447
262th run
noise dimension : 6561
noise variance: 209964.21875
original u-statistic:3700.21630859375
p value proxy: 0.05472636595368385
result: False
power_upto_now: 0.1450381726026535
263th run
noise dimension : 6561
noise variance: 209961.640625
original u-statistic:2518.86669921875
p value proxy: 0.15920397639274597
result: False
power_upto_now: 0.1444866955280304
264th run
noise dimension : 6561
noise variance: 210014.515625
original u-statistic:1730.1148681640625
p value proxy: 0.2537313401699066
result: False
power_upto_now: 0.14393939077854156
265th run
noise dimension : 6561
noise variance: 209968.21875
original u-statistic:-1078.30322265625
p value proxy: 0.7711442708969116
result: False
power_upto_now: 0.14339622855186462
266th run
noise dimension : 6561
noise variance: 209951.359375
original u-statistic:1689.8624267578125
p value proxy: 0.27860695123672485
result: False
power_upto_now: 0.1428571492433548
267th run
noise dimension : 6561
noise variance: 209939.25
original u-statistic:1528.2694091796875
p value proxy: 0.24378108978271484
result: False
power_upto_now: 0.1423220932483673
268th run
noise dimension : 6561
noise variance: 209979.15625
original u-statistic:3171.866455078125
p value proxy: 0.13930347561836243
result: False
power_upto_now: 0.14179104566574097
269th run
noise dimension : 6561
noise variance: 209976.015625
original u-statistic:-4104.36962890625
p value proxy: 0.9502487182617188
result: False
power_upto_now: 0.141263946890831
270th run
noise dimension : 6561
noise variance: 209963.6875
original u-statistic:4547.95849609375
p value proxy: 0.02985074557363987
result: True
power_upto_now: 0.14444445073604584
271th run
noise dimension : 6561
noise variance: 209900.140625
original u-statistic:175.326904296875
p value proxy: 0.43283581733703613
result: False
power_upto_now: 0.1439114362001419
272th run
noise dimension : 6561
noise variance: 209934.46875
original u-statistic:4268.654296875
p value proxy: 0.04477611929178238
result: True
power_upto_now: 0.14705882966518402
273th run
noise dimension : 6561
noise variance: 209900.875
original u-statistic:1827.0159912109375
p value proxy: 0.2636815905570984
result: False
power_upto_now: 0.14652015268802643
274th run
noise dimension : 6561
noise variance: 209910.140625
original u-statistic:844.1052856445312
p value proxy: 0.3333333134651184
result: False
power_upto_now: 0.14598539471626282
275th run
noise dimension : 6561
noise variance: 209928.6875
original u-statistic:437.06036376953125
p value proxy: 0.39303481578826904
result: False
power_upto_now: 0.145454540848732
276th run
noise dimension : 6561
noise variance: 209939.53125
original u-statistic:3056.114013671875
p value proxy: 0.05970149114727974
result: False
power_upto_now: 0.14492753148078918
277th run
noise dimension : 6561
noise variance: 209912.78125
original u-statistic:1812.160400390625
p value proxy: 0.23880596458911896
result: False
power_upto_now: 0.144404336810112
278th run
noise dimension : 6561
noise variance: 209971.546875
original u-statistic:4328.873046875
p value proxy: 0.02985074557363987
result: True
power_upto_now: 0.1474820077419281
279th run
noise dimension : 6561
noise variance: 209924.953125
original u-statistic:-321.1336669921875
p value proxy: 0.5572139024734497
result: False
power_upto_now: 0.14695340394973755
280th run
noise dimension : 6561
noise variance: 209917.71875
original u-statistic:756.4949340820312
p value proxy: 0.3333333134651184
result: False
power_upto_now: 0.14642857015132904
281th run
noise dimension : 6561
noise variance: 209929.0
original u-statistic:-1554.218505859375
p value proxy: 0.7313432693481445
result: False
power_upto_now: 0.1459074765443802
282th run
noise dimension : 6561
noise variance: 209951.21875
original u-statistic:845.0471801757812
p value proxy: 0.3631840646266937
result: False
power_upto_now: 0.14539006352424622
283th run
noise dimension : 6561
noise variance: 209961.15625
original u-statistic:3932.94091796875
p value proxy: 0.05472636595368385
result: False
power_upto_now: 0.14487633109092712
284th run
noise dimension : 6561
noise variance: 209972.25
original u-statistic:1823.658935546875
p value proxy: 0.17910447716712952
result: False
power_upto_now: 0.14436618983745575
285th run
noise dimension : 6561
noise variance: 209924.34375
original u-statistic:3580.6494140625
p value proxy: 0.05970149114727974
result: False
power_upto_now: 0.1438596546649933
286th run
noise dimension : 6561
noise variance: 209916.859375
original u-statistic:3399.1298828125
p value proxy: 0.05970149114727974
result: False
power_upto_now: 0.14335663616657257
287th run
noise dimension : 6561
noise variance: 209960.234375
original u-statistic:1866.7333984375
p value proxy: 0.23383083939552307
result: False
power_upto_now: 0.1428571492433548
288th run
noise dimension : 6561
noise variance: 209963.875
original u-statistic:8.33642578125
p value proxy: 0.4527363181114197
result: False
power_upto_now: 0.1423611044883728
289th run
noise dimension : 6561
noise variance: 209916.640625
original u-statistic:-1284.950927734375
p value proxy: 0.6915422677993774
result: False
power_upto_now: 0.14186851680278778
290th run
noise dimension : 6561
noise variance: 209928.6875
original u-statistic:674.2816162109375
p value proxy: 0.3432835638523102
result: False
power_upto_now: 0.14137931168079376
291th run
noise dimension : 6561
noise variance: 209925.65625
original u-statistic:-1430.646240234375
p value proxy: 0.6965174078941345
result: False
power_upto_now: 0.14089347422122955
292th run
noise dimension : 6561
noise variance: 209967.015625
original u-statistic:-717.7643432617188
p value proxy: 0.6119402647018433
result: False
power_upto_now: 0.14041095972061157
293th run
noise dimension : 6561
noise variance: 209949.234375
original u-statistic:1965.471923828125
p value proxy: 0.24875621497631073
result: False
power_upto_now: 0.13993173837661743
294th run
noise dimension : 6561
noise variance: 209945.109375
original u-statistic:-3213.556884765625
p value proxy: 0.9452736377716064
result: False
power_upto_now: 0.13945578038692474
295th run
noise dimension : 6561
noise variance: 209925.078125
original u-statistic:-2436.3671875
p value proxy: 0.8507462739944458
result: False
power_upto_now: 0.13898305594921112
296th run
noise dimension : 6561
noise variance: 209914.109375
original u-statistic:-2702.5029296875
p value proxy: 0.8756218552589417
result: False
power_upto_now: 0.13851352035999298
297th run
noise dimension : 6561
noise variance: 209945.3125
original u-statistic:-1638.301025390625
p value proxy: 0.746268630027771
result: False
power_upto_now: 0.13804714381694794
298th run
noise dimension : 6561
noise variance: 209931.1875
original u-statistic:1545.4490966796875
p value proxy: 0.2636815905570984
result: False
power_upto_now: 0.1375838965177536
299th run
noise dimension : 6561
noise variance: 209944.84375
original u-statistic:-573.2294921875
p value proxy: 0.5472636818885803
result: False
power_upto_now: 0.13712374866008759
300th run
noise dimension : 6561
noise variance: 209959.046875
original u-statistic:-6242.64501953125
p value proxy: 1.0
result: False
power_upto_now: 0.1366666704416275
301th run
noise dimension : 6561
noise variance: 209960.75
original u-statistic:-882.8236083984375
p value proxy: 0.6616915464401245
result: False
power_upto_now: 0.13621261715888977
302th run
noise dimension : 6561
noise variance: 209941.96875
original u-statistic:-493.8726806640625
p value proxy: 0.6019900441169739
result: False
power_upto_now: 0.1357615888118744
303th run
noise dimension : 6561
noise variance: 209926.828125
original u-statistic:1660.8797607421875
p value proxy: 0.2636815905570984
result: False
power_upto_now: 0.13531352579593658
304th run
noise dimension : 6561
noise variance: 209933.703125
original u-statistic:-1699.2578125
p value proxy: 0.7313432693481445
result: False
power_upto_now: 0.13486842811107635
305th run
noise dimension : 6561
noise variance: 209943.421875
original u-statistic:-142.7490234375
p value proxy: 0.5621890425682068
result: False
power_upto_now: 0.13442623615264893
306th run
noise dimension : 6561
noise variance: 209971.296875
original u-statistic:169.49285888671875
p value proxy: 0.4129353165626526
result: False
power_upto_now: 0.1339869350194931
307th run
noise dimension : 6561
noise variance: 209968.8125
original u-statistic:2461.176513671875
p value proxy: 0.12935322523117065
result: False
power_upto_now: 0.1335504949092865
308th run
noise dimension : 6561
noise variance: 209967.09375
original u-statistic:869.3544921875
p value proxy: 0.4129353165626526
result: False
power_upto_now: 0.13311688601970673
309th run
noise dimension : 6561
noise variance: 209987.375
original u-statistic:2868.087890625
p value proxy: 0.11442785710096359
result: False
power_upto_now: 0.1326860785484314
310th run
noise dimension : 6561
noise variance: 209951.40625
original u-statistic:2307.8994140625
p value proxy: 0.1840796023607254
result: False
power_upto_now: 0.13225805759429932
311th run
noise dimension : 6561
noise variance: 209950.390625
original u-statistic:-2458.77587890625
p value proxy: 0.8457711338996887
result: False
power_upto_now: 0.1318327933549881
312th run
noise dimension : 6561
noise variance: 209918.359375
original u-statistic:-1371.59375
p value proxy: 0.7711442708969116
result: False
power_upto_now: 0.13141025602817535
313th run
noise dimension : 6561
noise variance: 209969.953125
original u-statistic:-264.2601318359375
p value proxy: 0.606965184211731
result: False
power_upto_now: 0.1309904158115387
314th run
noise dimension : 6561
noise variance: 209939.75
original u-statistic:3232.17626953125
p value proxy: 0.0746268630027771
result: False
power_upto_now: 0.13057324290275574
315th run
noise dimension : 6561
noise variance: 209962.359375
original u-statistic:1248.1715087890625
p value proxy: 0.35820895433425903
result: False
power_upto_now: 0.13015873730182648
316th run
noise dimension : 6561
noise variance: 209943.578125
original u-statistic:3665.1806640625
p value proxy: 0.06467661261558533
result: False
power_upto_now: 0.12974683940410614
317th run
noise dimension : 6561
noise variance: 209950.875
original u-statistic:5529.66943359375
p value proxy: 0.024875622242689133
result: True
power_upto_now: 0.13249211013317108
318th run
noise dimension : 6561
noise variance: 209951.0
original u-statistic:260.93536376953125
p value proxy: 0.4726368188858032
result: False
power_upto_now: 0.1320754736661911
319th run
noise dimension : 6561
noise variance: 209932.78125
original u-statistic:626.3382568359375
p value proxy: 0.3681592047214508
result: False
power_upto_now: 0.13166144490242004
320th run
noise dimension : 6561
noise variance: 209973.40625
original u-statistic:4500.88623046875
p value proxy: 0.024875622242689133
result: True
power_upto_now: 0.13437500596046448
321th run
noise dimension : 6561
noise variance: 209901.859375
original u-statistic:246.49057006835938
p value proxy: 0.46766167879104614
result: False
power_upto_now: 0.13395638763904572
322th run
noise dimension : 6561
noise variance: 209949.703125
original u-statistic:153.041748046875
p value proxy: 0.5174129009246826
result: False
power_upto_now: 0.13354037702083588
323th run
noise dimension : 6561
noise variance: 209914.609375
original u-statistic:4097.3359375
p value proxy: 0.024875622242689133
result: True
power_upto_now: 0.13622291386127472
324th run
noise dimension : 6561
noise variance: 209903.984375
original u-statistic:4113.90234375
p value proxy: 0.07960198819637299
result: False
power_upto_now: 0.1358024626970291
325th run
noise dimension : 6561
noise variance: 209921.84375
original u-statistic:1639.365478515625
p value proxy: 0.35323381423950195
result: False
power_upto_now: 0.13538461923599243
326th run
noise dimension : 6561
noise variance: 209926.4375
original u-statistic:5896.6298828125
p value proxy: 0.019900497049093246
result: True
power_upto_now: 0.1380368024110794
327th run
noise dimension : 6561
noise variance: 209987.046875
original u-statistic:1700.855712890625
p value proxy: 0.23880596458911896
result: False
power_upto_now: 0.1376146823167801
328th run
noise dimension : 6561
noise variance: 209927.265625
original u-statistic:-5220.4345703125
p value proxy: 0.9900497198104858
result: False
power_upto_now: 0.13719512522220612
329th run
noise dimension : 6561
noise variance: 209938.28125
original u-statistic:-754.5469360351562
p value proxy: 0.6268656849861145
result: False
power_upto_now: 0.1367781162261963
330th run
noise dimension : 6561
noise variance: 209926.0
original u-statistic:-994.5910034179688
p value proxy: 0.6865671277046204
result: False
power_upto_now: 0.13636364042758942
331th run
noise dimension : 6561
noise variance: 209993.953125
original u-statistic:331.75347900390625
p value proxy: 0.3781094551086426
result: False
power_upto_now: 0.1359516680240631
332th run
noise dimension : 6561
noise variance: 209945.0625
original u-statistic:3385.472412109375
p value proxy: 0.10447760671377182
result: False
power_upto_now: 0.13554216921329498
333th run
noise dimension : 6561
noise variance: 209997.5625
original u-statistic:1834.884521484375
p value proxy: 0.24875621497631073
result: False
power_upto_now: 0.13513512909412384
334th run
noise dimension : 6561
noise variance: 209916.125
original u-statistic:1478.28515625
p value proxy: 0.23880596458911896
result: False
power_upto_now: 0.1347305327653885
335th run
noise dimension : 6561
noise variance: 209899.40625
original u-statistic:2570.166748046875
p value proxy: 0.16915422677993774
result: False
power_upto_now: 0.13432836532592773
336th run
noise dimension : 6561
noise variance: 209994.875
original u-statistic:-1206.016845703125
p value proxy: 0.7014925479888916
result: False
power_upto_now: 0.1339285671710968
337th run
noise dimension : 6561
noise variance: 209930.796875
original u-statistic:215.17755126953125
p value proxy: 0.42288556694984436
result: False
power_upto_now: 0.13353115320205688
338th run
noise dimension : 6561
noise variance: 209962.765625
original u-statistic:2850.2578125
p value proxy: 0.10447760671377182
result: False
power_upto_now: 0.1331360936164856
339th run
noise dimension : 6561
noise variance: 209919.25
original u-statistic:-972.7344360351562
p value proxy: 0.6815920472145081
result: False
power_upto_now: 0.13274335861206055
340th run
noise dimension : 6561
noise variance: 209897.5
original u-statistic:627.77978515625
p value proxy: 0.43283581733703613
result: False
power_upto_now: 0.13235294818878174
341th run
noise dimension : 6561
noise variance: 209938.5625
original u-statistic:3103.560302734375
p value proxy: 0.11442785710096359
result: False
power_upto_now: 0.1319648027420044
342th run
noise dimension : 6561
noise variance: 209964.390625
original u-statistic:-770.491455078125
p value proxy: 0.6368159055709839
result: False
power_upto_now: 0.1315789520740509
343th run
noise dimension : 6561
noise variance: 209959.046875
original u-statistic:-0.5932769775390625
p value proxy: 0.4726368188858032
result: False
power_upto_now: 0.1311953365802765
344th run
noise dimension : 6561
noise variance: 209956.375
original u-statistic:5405.23388671875
p value proxy: 0.014925372786819935
result: True
power_upto_now: 0.13372093439102173
345th run
noise dimension : 6561
noise variance: 209960.78125
original u-statistic:-2751.75830078125
p value proxy: 0.9154228568077087
result: False
power_upto_now: 0.13333334028720856
346th run
noise dimension : 6561
noise variance: 209892.4375
original u-statistic:2630.3681640625
p value proxy: 0.11940298229455948
result: False
power_upto_now: 0.13294798135757446
347th run
noise dimension : 6561
noise variance: 209943.703125
original u-statistic:-2172.97509765625
p value proxy: 0.8358208537101746
result: False
power_upto_now: 0.13256484270095825
348th run
noise dimension : 6561
noise variance: 209932.65625
original u-statistic:-1491.610107421875
p value proxy: 0.7263681292533875
result: False
power_upto_now: 0.13218390941619873
349th run
noise dimension : 6561
noise variance: 209990.375
original u-statistic:3527.03369140625
p value proxy: 0.0746268630027771
result: False
power_upto_now: 0.1318051517009735
350th run
noise dimension : 6561
noise variance: 209919.21875
original u-statistic:2567.66796875
p value proxy: 0.16417910158634186
result: False
power_upto_now: 0.1314285695552826
351th run
noise dimension : 6561
noise variance: 209933.109375
original u-statistic:836.244140625
p value proxy: 0.3432835638523102
result: False
power_upto_now: 0.1310541331768036
352th run
noise dimension : 6561
noise variance: 209909.4375
original u-statistic:2368.2490234375
p value proxy: 0.13432835042476654
result: False
power_upto_now: 0.1306818127632141
353th run
noise dimension : 6561
noise variance: 210012.40625
original u-statistic:-1541.650146484375
p value proxy: 0.7960199117660522
result: False
power_upto_now: 0.13031160831451416
354th run
noise dimension : 6561
noise variance: 209972.84375
original u-statistic:-2842.665771484375
p value proxy: 0.9104477167129517
result: False
power_upto_now: 0.12994350492954254
355th run
noise dimension : 6561
noise variance: 209934.921875
original u-statistic:853.1482543945312
p value proxy: 0.35323381423950195
result: False
power_upto_now: 0.12957745790481567
356th run
noise dimension : 6561
noise variance: 209960.875
original u-statistic:1558.257568359375
