job started
cuda available: True
code run on device:: cuda:0
1th run
noise dimension : 27
noise variance: 863.341552734375
original u-statistic:0.8553006649017334
p value proxy: 0.049751244485378265
result: True
power_upto_now: 1.0
2th run
noise dimension : 27
noise variance: 861.1326293945312
original u-statistic:0.2350771427154541
p value proxy: 0.2636815905570984
result: False
power_upto_now: 0.5
3th run
noise dimension : 27
noise variance: 862.1594848632812
original u-statistic:0.052681922912597656
p value proxy: 0.38805970549583435
result: False
power_upto_now: 0.3333333432674408
4th run
noise dimension : 27
noise variance: 867.3428955078125
original u-statistic:0.403667688369751
p value proxy: 0.16915422677993774
result: False
power_upto_now: 0.25
5th run
noise dimension : 27
noise variance: 862.1243896484375
original u-statistic:-0.0762014389038086
p value proxy: 0.6019900441169739
result: False
power_upto_now: 0.20000000298023224
6th run
noise dimension : 27
noise variance: 861.432861328125
original u-statistic:-0.4368305206298828
p value proxy: 0.8557213544845581
result: False
power_upto_now: 0.1666666716337204
7th run
noise dimension : 27
noise variance: 864.1522216796875
original u-statistic:0.4901723861694336
p value proxy: 0.12437810748815536
result: False
power_upto_now: 0.1428571492433548
8th run
noise dimension : 27
noise variance: 863.6092529296875
original u-statistic:0.14110636711120605
p value proxy: 0.39303481578826904
result: False
power_upto_now: 0.125
9th run
noise dimension : 27
noise variance: 861.3927001953125
original u-statistic:0.11051487922668457
p value proxy: 0.3681592047214508
result: False
power_upto_now: 0.1111111119389534
10th run
noise dimension : 27
noise variance: 866.1968994140625
original u-statistic:0.039981842041015625
p value proxy: 0.45771142840385437
result: False
power_upto_now: 0.10000000149011612
11th run
noise dimension : 27
noise variance: 866.1753540039062
original u-statistic:1.3273415565490723
p value proxy: 0.004975124262273312
result: True
power_upto_now: 0.1818181872367859
12th run
noise dimension : 27
noise variance: 861.69384765625
original u-statistic:-0.1361544132232666
p value proxy: 0.5323383212089539
result: False
power_upto_now: 0.1666666716337204
13th run
noise dimension : 27
noise variance: 865.2828369140625
original u-statistic:1.3803138732910156
p value proxy: 0.009950248524546623
result: True
power_upto_now: 0.23076923191547394
14th run
noise dimension : 27
noise variance: 865.6607666015625
original u-statistic:0.043532371520996094
p value proxy: 0.43283581733703613
result: False
power_upto_now: 0.2142857164144516
15th run
noise dimension : 27
noise variance: 864.3348999023438
original u-statistic:-0.2748527526855469
p value proxy: 0.7412934899330139
result: False
power_upto_now: 0.20000000298023224
16th run
noise dimension : 27
noise variance: 863.2655639648438
original u-statistic:1.7161991596221924
p value proxy: 0.004975124262273312
result: True
power_upto_now: 0.25
17th run
noise dimension : 27
noise variance: 864.4727172851562
original u-statistic:0.7966837882995605
p value proxy: 0.05472636595368385
result: False
power_upto_now: 0.23529411852359772
18th run
noise dimension : 27
noise variance: 865.0269775390625
original u-statistic:0.19714617729187012
p value proxy: 0.35820895433425903
result: False
power_upto_now: 0.2222222238779068
19th run
noise dimension : 27
noise variance: 863.5616455078125
original u-statistic:0.34588146209716797
p value proxy: 0.2587064504623413
result: False
power_upto_now: 0.21052631735801697
20th run
noise dimension : 27
noise variance: 860.7216186523438
original u-statistic:0.544231653213501
p value proxy: 0.10447760671377182
result: False
power_upto_now: 0.20000000298023224
21th run
noise dimension : 27
noise variance: 865.5114135742188
original u-statistic:-0.1013946533203125
p value proxy: 0.4875621795654297
result: False
power_upto_now: 0.190476194024086
22th run
noise dimension : 27
noise variance: 867.221923828125
original u-statistic:1.3059251308441162
p value proxy: 0.009950248524546623
result: True
power_upto_now: 0.22727273404598236
23th run
noise dimension : 27
noise variance: 866.6287841796875
original u-statistic:0.7238888740539551
p value proxy: 0.07960198819637299
result: False
power_upto_now: 0.21739129722118378
24th run
noise dimension : 27
noise variance: 864.9505615234375
original u-statistic:0.7105848789215088
p value proxy: 0.08457711338996887
result: False
power_upto_now: 0.2083333283662796
25th run
noise dimension : 27
noise variance: 863.1138305664062
original u-statistic:0.7943034172058105
p value proxy: 0.019900497049093246
result: True
power_upto_now: 0.23999999463558197
26th run
noise dimension : 27
noise variance: 860.7249755859375
original u-statistic:-0.35358190536499023
p value proxy: 0.7611939907073975
result: False
power_upto_now: 0.23076923191547394
27th run
noise dimension : 27
noise variance: 864.4669189453125
original u-statistic:0.5114395618438721
p value proxy: 0.1094527319073677
result: False
power_upto_now: 0.2222222238779068
28th run
noise dimension : 27
noise variance: 863.3582153320312
original u-statistic:0.8118839263916016
p value proxy: 0.03980099409818649
result: True
power_upto_now: 0.25
29th run
noise dimension : 27
noise variance: 862.8797607421875
original u-statistic:-0.1657721996307373
p value proxy: 0.6268656849861145
result: False
power_upto_now: 0.24137930572032928
30th run
noise dimension : 27
noise variance: 866.4566040039062
original u-statistic:0.9651689529418945
p value proxy: 0.03482586890459061
result: True
power_upto_now: 0.2666666805744171
31th run
noise dimension : 27
noise variance: 863.2503662109375
original u-statistic:1.2400398254394531
p value proxy: 0.009950248524546623
result: True
power_upto_now: 0.29032257199287415
32th run
noise dimension : 27
noise variance: 867.8256225585938
original u-statistic:0.0831148624420166
p value proxy: 0.3781094551086426
result: False
power_upto_now: 0.28125
33th run
noise dimension : 27
noise variance: 864.3445434570312
original u-statistic:0.06966781616210938
p value proxy: 0.38805970549583435
result: False
power_upto_now: 0.27272728085517883
34th run
noise dimension : 27
noise variance: 865.7888793945312
original u-statistic:-0.02408885955810547
p value proxy: 0.46268656849861145
result: False
power_upto_now: 0.2647058963775635
35th run
noise dimension : 27
noise variance: 865.3046264648438
original u-statistic:-0.10641860961914062
p value proxy: 0.5970149040222168
result: False
power_upto_now: 0.2571428716182709
36th run
noise dimension : 27
noise variance: 866.7576904296875
original u-statistic:0.7953214645385742
p value proxy: 0.049751244485378265
result: True
power_upto_now: 0.2777777910232544
37th run
noise dimension : 27
noise variance: 864.8887939453125
original u-statistic:0.8225622177124023
p value proxy: 0.03482586890459061
result: True
power_upto_now: 0.29729729890823364
38th run
noise dimension : 27
noise variance: 863.358642578125
original u-statistic:0.3755340576171875
p value proxy: 0.17412935197353363
result: False
power_upto_now: 0.28947368264198303
39th run
noise dimension : 27
noise variance: 863.383544921875
original u-statistic:0.9666953086853027
p value proxy: 0.014925372786819935
result: True
power_upto_now: 0.3076923191547394
40th run
noise dimension : 27
noise variance: 864.6643676757812
original u-statistic:0.5926430225372314
p value proxy: 0.09452736377716064
result: False
power_upto_now: 0.30000001192092896
41th run
noise dimension : 27
noise variance: 864.9682006835938
original u-statistic:0.7184162139892578
p value proxy: 0.03980099409818649
result: True
power_upto_now: 0.31707316637039185
42th run
noise dimension : 27
noise variance: 864.4974365234375
original u-statistic:0.18428754806518555
p value proxy: 0.23880596458911896
result: False
power_upto_now: 0.3095238208770752
43th run
noise dimension : 27
noise variance: 864.1350708007812
original u-statistic:0.5194075107574463
p value proxy: 0.09950248897075653
result: False
power_upto_now: 0.302325576543808
44th run
noise dimension : 27
noise variance: 863.9722290039062
original u-statistic:0.2606203556060791
p value proxy: 0.2885572016239166
result: False
power_upto_now: 0.2954545319080353
45th run
noise dimension : 27
noise variance: 864.4308471679688
original u-statistic:0.19642066955566406
p value proxy: 0.2636815905570984
result: False
power_upto_now: 0.2888889014720917
46th run
noise dimension : 27
noise variance: 864.1727905273438
original u-statistic:0.3072631359100342
p value proxy: 0.19900497794151306
result: False
power_upto_now: 0.28260868787765503
47th run
noise dimension : 27
noise variance: 863.9841918945312
original u-statistic:0.0032587051391601562
p value proxy: 0.5024875402450562
result: False
power_upto_now: 0.27659574151039124
48th run
noise dimension : 27
noise variance: 861.6693725585938
original u-statistic:0.11550331115722656
p value proxy: 0.3980099558830261
result: False
power_upto_now: 0.2708333432674408
49th run
noise dimension : 27
noise variance: 866.1378173828125
original u-statistic:0.7323684692382812
p value proxy: 0.03482586890459061
result: True
power_upto_now: 0.2857142984867096
50th run
noise dimension : 27
noise variance: 866.869384765625
original u-statistic:0.27962446212768555
p value proxy: 0.3383084535598755
result: False
power_upto_now: 0.2800000011920929
51th run
noise dimension : 27
noise variance: 863.5039672851562
original u-statistic:0.33653807640075684
p value proxy: 0.2189054638147354
result: False
power_upto_now: 0.27450981736183167
52th run
noise dimension : 27
noise variance: 864.5406494140625
original u-statistic:0.49127626419067383
p value proxy: 0.1442786008119583
result: False
power_upto_now: 0.26923078298568726
53th run
noise dimension : 27
noise variance: 865.6715087890625
original u-statistic:0.251495361328125
p value proxy: 0.2686567008495331
result: False
power_upto_now: 0.2641509473323822
54th run
noise dimension : 27
noise variance: 866.1776123046875
original u-statistic:-0.47174692153930664
p value proxy: 0.8855721354484558
result: False
power_upto_now: 0.25925925374031067
55th run
noise dimension : 27
noise variance: 863.1456909179688
original u-statistic:0.9410359859466553
p value proxy: 0.03980099409818649
result: True
power_upto_now: 0.27272728085517883
56th run
noise dimension : 27
noise variance: 864.8070068359375
original u-statistic:1.2441859245300293
p value proxy: 0.019900497049093246
result: True
power_upto_now: 0.2857142984867096
57th run
noise dimension : 27
noise variance: 863.3893432617188
original u-statistic:0.7331063747406006
p value proxy: 0.05970149114727974
result: False
power_upto_now: 0.28070175647735596
58th run
noise dimension : 27
noise variance: 861.7510375976562
original u-statistic:0.7713868618011475
p value proxy: 0.08955223858356476
result: False
power_upto_now: 0.27586206793785095
59th run
noise dimension : 27
noise variance: 864.0690307617188
original u-statistic:0.5379030704498291
p value proxy: 0.08955223858356476
result: False
power_upto_now: 0.2711864411830902
60th run
noise dimension : 27
noise variance: 862.896728515625
original u-statistic:0.07977485656738281
p value proxy: 0.38805970549583435
result: False
power_upto_now: 0.2666666805744171
61th run
noise dimension : 27
noise variance: 866.742919921875
original u-statistic:0.5860686302185059
p value proxy: 0.10447760671377182
result: False
power_upto_now: 0.26229506731033325
62th run
noise dimension : 27
noise variance: 864.953369140625
original u-statistic:0.6822431087493896
p value proxy: 0.09452736377716064
result: False
power_upto_now: 0.25806450843811035
63th run
noise dimension : 27
noise variance: 861.5020141601562
original u-statistic:0.39331722259521484
p value proxy: 0.17910447716712952
result: False
power_upto_now: 0.2539682686328888
64th run
noise dimension : 27
noise variance: 863.8898315429688
original u-statistic:0.7016077041625977
p value proxy: 0.0746268630027771
result: False
power_upto_now: 0.25
65th run
noise dimension : 27
noise variance: 864.4083251953125
original u-statistic:0.7311339378356934
p value proxy: 0.02985074557363987
result: True
power_upto_now: 0.26153847575187683
66th run
noise dimension : 27
noise variance: 863.0439453125
original u-statistic:0.7387869358062744
p value proxy: 0.03980099409818649
result: True
power_upto_now: 0.27272728085517883
67th run
noise dimension : 27
noise variance: 863.8720703125
original u-statistic:0.49400794506073
p value proxy: 0.1492537260055542
result: False
power_upto_now: 0.26865673065185547
68th run
noise dimension : 27
noise variance: 865.823974609375
original u-statistic:0.02105116844177246
p value proxy: 0.34825870394706726
result: False
power_upto_now: 0.2647058963775635
69th run
noise dimension : 27
noise variance: 863.0419311523438
original u-statistic:0.13565421104431152
p value proxy: 0.3283582031726837
result: False
power_upto_now: 0.260869562625885
70th run
noise dimension : 27
noise variance: 864.29248046875
original u-statistic:0.6207613945007324
p value proxy: 0.06467661261558533
result: False
power_upto_now: 0.2571428716182709
71th run
noise dimension : 27
noise variance: 861.3673706054688
original u-statistic:0.02919602394104004
p value proxy: 0.4726368188858032
result: False
power_upto_now: 0.2535211145877838
72th run
noise dimension : 27
noise variance: 865.7645874023438
original u-statistic:0.8831329345703125
p value proxy: 0.03482586890459061
result: True
power_upto_now: 0.2638888955116272
73th run
noise dimension : 27
noise variance: 861.930419921875
original u-statistic:0.43788623809814453
p value proxy: 0.13432835042476654
result: False
power_upto_now: 0.2602739632129669
74th run
noise dimension : 27
noise variance: 865.6724243164062
original u-statistic:1.013066291809082
p value proxy: 0.019900497049093246
result: True
power_upto_now: 0.2702702581882477
75th run
noise dimension : 27
noise variance: 864.4850463867188
original u-statistic:-0.3416309356689453
p value proxy: 0.7313432693481445
result: False
power_upto_now: 0.2666666805744171
76th run
noise dimension : 27
noise variance: 863.86328125
original u-statistic:1.946615219116211
p value proxy: 0.004975124262273312
result: True
power_upto_now: 0.2763157784938812
77th run
noise dimension : 27
noise variance: 864.4963989257812
original u-statistic:1.2592768669128418
p value proxy: 0.014925372786819935
result: True
power_upto_now: 0.2857142984867096
78th run
noise dimension : 27
noise variance: 862.7730712890625
original u-statistic:0.36858129501342773
p value proxy: 0.20895521342754364
result: False
power_upto_now: 0.28205129504203796
79th run
noise dimension : 27
noise variance: 864.7192993164062
original u-statistic:1.5000958442687988
p value proxy: 0.009950248524546623
result: True
power_upto_now: 0.29113924503326416
80th run
noise dimension : 27
noise variance: 862.5379638671875
original u-statistic:0.2211284637451172
p value proxy: 0.2885572016239166
result: False
power_upto_now: 0.2874999940395355
81th run
noise dimension : 27
noise variance: 865.074462890625
original u-statistic:0.46929454803466797
p value proxy: 0.12437810748815536
result: False
power_upto_now: 0.2839506268501282
82th run
noise dimension : 27
noise variance: 865.2582397460938
original u-statistic:-0.8277359008789062
p value proxy: 0.9900497198104858
result: False
power_upto_now: 0.2804878056049347
83th run
noise dimension : 27
noise variance: 864.6793212890625
original u-statistic:0.9880709648132324
p value proxy: 0.04477611929178238
result: True
power_upto_now: 0.28915661573410034
84th run
noise dimension : 27
noise variance: 863.7239990234375
original u-statistic:0.7139477729797363
p value proxy: 0.06965173780918121
result: False
power_upto_now: 0.2857142984867096
85th run
noise dimension : 27
noise variance: 866.0004272460938
original u-statistic:1.234886884689331
p value proxy: 0.004975124262273312
result: True
power_upto_now: 0.29411765933036804
86th run
noise dimension : 27
noise variance: 861.88330078125
original u-statistic:0.9258384704589844
p value proxy: 0.049751244485378265
result: True
power_upto_now: 0.302325576543808
87th run
noise dimension : 27
noise variance: 867.3702392578125
original u-statistic:0.24363303184509277
p value proxy: 0.2686567008495331
result: False
power_upto_now: 0.29885056614875793
88th run
noise dimension : 27
noise variance: 862.4505615234375
original u-statistic:1.0595414638519287
p value proxy: 0.019900497049093246
result: True
power_upto_now: 0.3068181872367859
89th run
noise dimension : 27
noise variance: 861.9026489257812
original u-statistic:0.508737325668335
p value proxy: 0.1492537260055542
result: False
power_upto_now: 0.30337077379226685
90th run
noise dimension : 27
noise variance: 864.62841796875
original u-statistic:0.3228285312652588
p value proxy: 0.22885571420192719
result: False
power_upto_now: 0.30000001192092896
91th run
noise dimension : 27
noise variance: 865.7193603515625
original u-statistic:2.3493738174438477
p value proxy: 0.004975124262273312
result: True
power_upto_now: 0.3076923191547394
92th run
noise dimension : 27
noise variance: 862.0013427734375
original u-statistic:0.30029726028442383
p value proxy: 0.22885571420192719
result: False
power_upto_now: 0.30434781312942505
93th run
noise dimension : 27
noise variance: 867.904052734375
original u-statistic:0.5610268115997314
p value proxy: 0.08955223858356476
result: False
power_upto_now: 0.301075279712677
94th run
noise dimension : 27
noise variance: 864.5458984375
original u-statistic:-0.2639598846435547
p value proxy: 0.6815920472145081
result: False
power_upto_now: 0.2978723347187042
95th run
noise dimension : 27
noise variance: 862.58740234375
original u-statistic:1.5042765140533447
p value proxy: 0.004975124262273312
result: True
power_upto_now: 0.3052631616592407
96th run
noise dimension : 27
noise variance: 861.9415283203125
original u-statistic:0.10236883163452148
p value proxy: 0.38805970549583435
result: False
power_upto_now: 0.3020833432674408
97th run
noise dimension : 27
noise variance: 867.4810791015625
original u-statistic:0.012619972229003906
p value proxy: 0.46766167879104614
result: False
power_upto_now: 0.2989690601825714
98th run
noise dimension : 27
noise variance: 863.2183227539062
original u-statistic:0.03705239295959473
p value proxy: 0.4726368188858032
result: False
power_upto_now: 0.29591837525367737
99th run
noise dimension : 27
noise variance: 864.5602416992188
original u-statistic:1.497349739074707
p value proxy: 0.004975124262273312
result: True
power_upto_now: 0.3030303120613098
100th run
noise dimension : 27
noise variance: 865.0269775390625
original u-statistic:0.967993974685669
p value proxy: 0.03482586890459061
result: True
power_upto_now: 0.3100000023841858
101th run
noise dimension : 27
noise variance: 864.51220703125
original u-statistic:0.25051307678222656
p value proxy: 0.2537313401699066
result: False
power_upto_now: 0.30693069100379944
102th run
noise dimension : 27
noise variance: 864.9091796875
original u-statistic:-0.15706157684326172
p value proxy: 0.641791045665741
result: False
power_upto_now: 0.30392158031463623
103th run
noise dimension : 27
noise variance: 862.3590698242188
original u-statistic:0.6758177280426025
p value proxy: 0.06467661261558533
result: False
power_upto_now: 0.3009708821773529
104th run
noise dimension : 27
noise variance: 864.1808471679688
original u-statistic:1.637798547744751
p value proxy: 0.009950248524546623
result: True
power_upto_now: 0.3076923191547394
105th run
noise dimension : 27
noise variance: 863.906005859375
original u-statistic:1.0200505256652832
p value proxy: 0.019900497049093246
result: True
power_upto_now: 0.3142857253551483
106th run
noise dimension : 27
noise variance: 863.2372436523438
original u-statistic:1.1964271068572998
p value proxy: 0.019900497049093246
result: True
power_upto_now: 0.3207547068595886
107th run
noise dimension : 27
noise variance: 863.9852294921875
original u-statistic:-0.32463932037353516
p value proxy: 0.7363184094429016
result: False
power_upto_now: 0.3177570104598999
108th run
noise dimension : 27
noise variance: 864.180419921875
original u-statistic:1.4249000549316406
p value proxy: 0.009950248524546623
result: True
power_upto_now: 0.32407405972480774
109th run
noise dimension : 27
noise variance: 863.3968505859375
original u-statistic:0.28824734687805176
p value proxy: 0.2636815905570984
result: False
power_upto_now: 0.3211009204387665
110th run
noise dimension : 27
noise variance: 859.79931640625
original u-statistic:0.26590728759765625
p value proxy: 0.2885572016239166
result: False
power_upto_now: 0.3181818127632141
111th run
noise dimension : 27
noise variance: 863.24169921875
original u-statistic:0.11431264877319336
p value proxy: 0.3781094551086426
result: False
power_upto_now: 0.315315306186676
112th run
noise dimension : 27
noise variance: 865.0970458984375
original u-statistic:0.2872169017791748
p value proxy: 0.2189054638147354
result: False
power_upto_now: 0.3125
113th run
noise dimension : 27
noise variance: 865.8838500976562
original u-statistic:-0.631906270980835
p value proxy: 0.9552238583564758
result: False
power_upto_now: 0.3097345232963562
114th run
noise dimension : 27
noise variance: 865.2365112304688
original u-statistic:-0.18337726593017578
p value proxy: 0.641791045665741
result: False
power_upto_now: 0.3070175349712372
115th run
noise dimension : 27
noise variance: 864.1514282226562
original u-statistic:0.4240870475769043
p value proxy: 0.15920397639274597
result: False
power_upto_now: 0.30434781312942505
116th run
noise dimension : 27
noise variance: 862.8848266601562
original u-statistic:-0.21174073219299316
p value proxy: 0.6218905448913574
result: False
power_upto_now: 0.3017241358757019
117th run
noise dimension : 27
noise variance: 864.8014526367188
original u-statistic:0.5892014503479004
p value proxy: 0.13930347561836243
result: False
power_upto_now: 0.29914531111717224
118th run
noise dimension : 27
noise variance: 863.1611328125
original u-statistic:0.23536396026611328
p value proxy: 0.31343284249305725
result: False
power_upto_now: 0.29661017656326294
119th run
noise dimension : 27
noise variance: 863.5731811523438
original u-statistic:0.6562323570251465
p value proxy: 0.06467661261558533
result: False
power_upto_now: 0.29411765933036804
120th run
noise dimension : 27
noise variance: 865.3878173828125
original u-statistic:0.31444835662841797
p value proxy: 0.17910447716712952
result: False
power_upto_now: 0.2916666567325592
121th run
noise dimension : 27
noise variance: 864.1944580078125
original u-statistic:0.5931615829467773
p value proxy: 0.09452736377716064
result: False
power_upto_now: 0.28925618529319763
122th run
noise dimension : 27
noise variance: 864.7232666015625
original u-statistic:0.4205343723297119
p value proxy: 0.12935322523117065
result: False
power_upto_now: 0.28688523173332214
123th run
noise dimension : 27
noise variance: 865.7710571289062
original u-statistic:0.7732300758361816
p value proxy: 0.03980099409818649
result: True
power_upto_now: 0.2926829159259796
124th run
noise dimension : 27
noise variance: 864.7178344726562
original u-statistic:-0.08948731422424316
p value proxy: 0.5920397639274597
result: False
power_upto_now: 0.29032257199287415
125th run
noise dimension : 27
noise variance: 862.40966796875
original u-statistic:0.8499274253845215
p value proxy: 0.05472636595368385
result: False
power_upto_now: 0.2879999876022339
126th run
noise dimension : 27
noise variance: 864.9915161132812
original u-statistic:0.5287749767303467
p value proxy: 0.10447760671377182
result: False
power_upto_now: 0.2857142984867096
127th run
noise dimension : 27
noise variance: 863.5215454101562
original u-statistic:0.23761558532714844
p value proxy: 0.2587064504623413
result: False
power_upto_now: 0.28346458077430725
128th run
noise dimension : 27
noise variance: 864.75244140625
original u-statistic:0.3612542152404785
p value proxy: 0.2238805890083313
result: False
power_upto_now: 0.28125
129th run
noise dimension : 27
noise variance: 860.7708740234375
original u-statistic:0.1689157485961914
p value proxy: 0.27363184094429016
result: False
power_upto_now: 0.27906978130340576
130th run
noise dimension : 27
noise variance: 862.7521362304688
original u-statistic:0.5056972503662109
p value proxy: 0.12935322523117065
result: False
power_upto_now: 0.2769230902194977
131th run
noise dimension : 27
noise variance: 861.2059326171875
original u-statistic:1.1540522575378418
p value proxy: 0.02985074557363987
result: True
power_upto_now: 0.28244274854660034
132th run
noise dimension : 27
noise variance: 865.54638671875
original u-statistic:-0.3063220977783203
p value proxy: 0.7611939907073975
result: False
power_upto_now: 0.280303031206131
133th run
noise dimension : 27
noise variance: 861.4019775390625
original u-statistic:0.21039772033691406
p value proxy: 0.3283582031726837
result: False
power_upto_now: 0.27819550037384033
134th run
noise dimension : 27
noise variance: 864.2325439453125
original u-statistic:1.1249940395355225
p value proxy: 0.019900497049093246
result: True
power_upto_now: 0.28358209133148193
135th run
noise dimension : 27
noise variance: 863.3508911132812
original u-statistic:-0.34199047088623047
p value proxy: 0.7910447716712952
result: False
power_upto_now: 0.28148147463798523
136th run
noise dimension : 27
noise variance: 864.6015625
original u-statistic:0.48206591606140137
p value proxy: 0.09452736377716064
result: False
power_upto_now: 0.27941176295280457
137th run
noise dimension : 27
noise variance: 863.4901733398438
original u-statistic:1.366246223449707
p value proxy: 0.004975124262273312
result: True
power_upto_now: 0.2846715450286865
138th run
noise dimension : 27
noise variance: 865.3153076171875
original u-statistic:1.3772380352020264
p value proxy: 0.004975124262273312
result: True
power_upto_now: 0.28985506296157837
139th run
noise dimension : 27
noise variance: 862.5819702148438
original u-statistic:-0.02420806884765625
p value proxy: 0.4776119291782379
result: False
power_upto_now: 0.28776979446411133
140th run
noise dimension : 27
noise variance: 861.5782470703125
original u-statistic:1.3443922996520996
p value proxy: 0.014925372786819935
result: True
power_upto_now: 0.2928571403026581
141th run
noise dimension : 27
noise variance: 865.3473510742188
original u-statistic:-0.08060169219970703
p value proxy: 0.5970149040222168
result: False
power_upto_now: 0.29078012704849243
142th run
noise dimension : 27
noise variance: 864.391357421875
original u-statistic:-0.06922769546508789
p value proxy: 0.5074626803398132
result: False
power_upto_now: 0.2887323796749115
143th run
noise dimension : 27
noise variance: 863.2923583984375
original u-statistic:0.060074806213378906
p value proxy: 0.34825870394706726
result: False
power_upto_now: 0.28671327233314514
144th run
noise dimension : 27
noise variance: 863.998779296875
original u-statistic:-0.18994712829589844
p value proxy: 0.6119402647018433
result: False
power_upto_now: 0.2847222089767456
145th run
noise dimension : 27
noise variance: 866.449462890625
original u-statistic:0.20007038116455078
p value proxy: 0.2985074520111084
result: False
power_upto_now: 0.2827586233615875
146th run
noise dimension : 27
noise variance: 865.5715942382812
original u-statistic:1.69600248336792
p value proxy: 0.004975124262273312
result: True
power_upto_now: 0.2876712381839752
147th run
noise dimension : 27
noise variance: 862.7293701171875
original u-statistic:0.4081227779388428
p value proxy: 0.16417910158634186
result: False
power_upto_now: 0.2857142984867096
148th run
noise dimension : 27
noise variance: 863.7510375976562
original u-statistic:-0.6103529930114746
p value proxy: 0.9253731369972229
result: False
power_upto_now: 0.28378379344940186
149th run
noise dimension : 27
noise variance: 864.7737426757812
original u-statistic:0.17875909805297852
p value proxy: 0.3333333134651184
result: False
power_upto_now: 0.281879186630249
150th run
noise dimension : 27
noise variance: 865.37939453125
original u-statistic:0.03336071968078613
p value proxy: 0.4378109276294708
result: False
power_upto_now: 0.2800000011920929
151th run
noise dimension : 27
noise variance: 861.8825073242188
original u-statistic:0.7890896797180176
p value proxy: 0.05472636595368385
result: False
power_upto_now: 0.2781457006931305
152th run
noise dimension : 27
noise variance: 863.8787841796875
original u-statistic:0.3758525848388672
p value proxy: 0.1840796023607254
result: False
power_upto_now: 0.2763157784938812
153th run
noise dimension : 27
noise variance: 861.7286376953125
original u-statistic:0.2790970802307129
p value proxy: 0.22885571420192719
result: False
power_upto_now: 0.27450981736183167
154th run
noise dimension : 27
noise variance: 861.9913940429688
original u-statistic:0.18535184860229492
p value proxy: 0.31840795278549194
result: False
power_upto_now: 0.27272728085517883
155th run
noise dimension : 27
noise variance: 861.9447631835938
original u-statistic:0.4414048194885254
p value proxy: 0.15422885119915009
result: False
power_upto_now: 0.2709677517414093
156th run
noise dimension : 27
noise variance: 863.7410278320312
original u-statistic:0.09772634506225586
p value proxy: 0.3383084535598755
result: False
power_upto_now: 0.26923078298568726
157th run
noise dimension : 27
noise variance: 864.0931396484375
original u-statistic:1.458056926727295
p value proxy: 0.009950248524546623
result: True
power_upto_now: 0.2738853394985199
158th run
noise dimension : 27
noise variance: 865.3108520507812
original u-statistic:0.19987058639526367
p value proxy: 0.31840795278549194
result: False
power_upto_now: 0.2721518874168396
159th run
noise dimension : 27
noise variance: 863.6532592773438
original u-statistic:0.6517815589904785
p value proxy: 0.07960198819637299
result: False
power_upto_now: 0.2704402506351471
160th run
noise dimension : 27
noise variance: 862.0046997070312
original u-statistic:0.03692173957824707
p value proxy: 0.46268656849861145
result: False
power_upto_now: 0.26875001192092896
161th run
noise dimension : 27
noise variance: 865.0988159179688
original u-statistic:1.37687349319458
p value proxy: 0.009950248524546623
result: True
power_upto_now: 0.2732919156551361
162th run
noise dimension : 27
noise variance: 863.36572265625
original u-statistic:0.5096745491027832
p value proxy: 0.19402985274791718
result: False
power_upto_now: 0.2716049253940582
163th run
noise dimension : 27
noise variance: 865.6679077148438
original u-statistic:2.1681435108184814
p value proxy: 0.004975124262273312
result: True
power_upto_now: 0.2760736048221588
164th run
noise dimension : 27
noise variance: 862.716796875
original u-statistic:0.19939947128295898
p value proxy: 0.3034825921058655
result: False
power_upto_now: 0.27439025044441223
165th run
noise dimension : 27
noise variance: 862.8842163085938
original u-statistic:0.44173336029052734
p value proxy: 0.17910447716712952
result: False
power_upto_now: 0.27272728085517883
166th run
noise dimension : 27
noise variance: 865.5548706054688
original u-statistic:0.1360640525817871
p value proxy: 0.3681592047214508
result: False
power_upto_now: 0.27108433842658997
167th run
noise dimension : 27
noise variance: 863.7679443359375
original u-statistic:0.056363582611083984
p value proxy: 0.43283581733703613
result: False
power_upto_now: 0.269461065530777
168th run
noise dimension : 27
noise variance: 861.6781005859375
original u-statistic:0.4585747718811035
p value proxy: 0.16417910158634186
result: False
power_upto_now: 0.2678571343421936
169th run
noise dimension : 27
noise variance: 864.4246826171875
original u-statistic:0.6617405414581299
p value proxy: 0.06965173780918121
result: False
power_upto_now: 0.2662721872329712
170th run
noise dimension : 27
noise variance: 862.899169921875
original u-statistic:0.30150508880615234
p value proxy: 0.1890547275543213
result: False
power_upto_now: 0.2647058963775635
171th run
noise dimension : 27
noise variance: 864.7885131835938
original u-statistic:0.3858499526977539
p value proxy: 0.13432835042476654
result: False
power_upto_now: 0.2631579041481018
172th run
noise dimension : 27
noise variance: 863.5383911132812
original u-statistic:0.731292724609375
p value proxy: 0.04477611929178238
result: True
power_upto_now: 0.26744186878204346
173th run
noise dimension : 27
noise variance: 862.2938842773438
original u-statistic:1.2187621593475342
p value proxy: 0.009950248524546623
result: True
power_upto_now: 0.27167630195617676
174th run
noise dimension : 27
noise variance: 864.3713989257812
original u-statistic:0.9660263061523438
p value proxy: 0.04477611929178238
result: True
power_upto_now: 0.27586206793785095
175th run
noise dimension : 27
noise variance: 866.3222045898438
original u-statistic:0.21204423904418945
p value proxy: 0.31343284249305725
result: False
power_upto_now: 0.2742857038974762
176th run
noise dimension : 27
noise variance: 860.8199462890625
original u-statistic:0.4872117042541504
p value proxy: 0.15920397639274597
result: False
power_upto_now: 0.27272728085517883
177th run
noise dimension : 27
noise variance: 864.1366577148438
original u-statistic:0.6092512607574463
p value proxy: 0.07960198819637299
result: False
power_upto_now: 0.2711864411830902
178th run
noise dimension : 27
noise variance: 863.394287109375
original u-statistic:0.5226783752441406
p value proxy: 0.0746268630027771
result: False
power_upto_now: 0.26966291666030884
179th run
noise dimension : 27
noise variance: 861.8440551757812
original u-statistic:0.7619593143463135
p value proxy: 0.05970149114727974
result: False
power_upto_now: 0.2681564390659332
180th run
noise dimension : 27
noise variance: 865.6099243164062
original u-statistic:-0.015766620635986328
p value proxy: 0.46268656849861145
result: False
power_upto_now: 0.2666666805744171
181th run
noise dimension : 27
noise variance: 865.1041870117188
original u-statistic:0.38936781883239746
p value proxy: 0.19900497794151306
result: False
power_upto_now: 0.265193372964859
182th run
noise dimension : 27
noise variance: 864.0209350585938
original u-statistic:2.097902297973633
p value proxy: 0.004975124262273312
result: True
power_upto_now: 0.26923078298568726
183th run
noise dimension : 27
noise variance: 863.7262573242188
original u-statistic:0.7043347358703613
p value proxy: 0.06965173780918121
result: False
power_upto_now: 0.2677595615386963
184th run
noise dimension : 27
noise variance: 862.8175659179688
original u-statistic:-0.1408548355102539
p value proxy: 0.5472636818885803
result: False
power_upto_now: 0.2663043439388275
185th run
noise dimension : 27
noise variance: 859.9126586914062
original u-statistic:0.01862955093383789
p value proxy: 0.5323383212089539
result: False
power_upto_now: 0.26486486196517944
186th run
noise dimension : 27
noise variance: 863.2993774414062
original u-statistic:0.2687416076660156
p value proxy: 0.17910447716712952
result: False
power_upto_now: 0.2634408473968506
187th run
noise dimension : 27
noise variance: 863.6220703125
original u-statistic:1.037370204925537
p value proxy: 0.024875622242689133
result: True
power_upto_now: 0.26737967133522034
188th run
noise dimension : 27
noise variance: 864.9393310546875
original u-statistic:-0.2673516273498535
p value proxy: 0.6815920472145081
result: False
power_upto_now: 0.26595744490623474
189th run
noise dimension : 27
noise variance: 866.1201171875
original u-statistic:0.8797616958618164
p value proxy: 0.05472636595368385
result: False
power_upto_now: 0.26455026865005493
190th run
noise dimension : 27
noise variance: 863.6229858398438
original u-statistic:0.6518938541412354
p value proxy: 0.09950248897075653
result: False
power_upto_now: 0.2631579041481018
191th run
noise dimension : 27
noise variance: 865.0856323242188
original u-statistic:-0.2461247444152832
p value proxy: 0.7064676284790039
result: False
power_upto_now: 0.26178011298179626
192th run
noise dimension : 27
noise variance: 867.4197387695312
original u-statistic:0.12231588363647461
p value proxy: 0.30845770239830017
result: False
power_upto_now: 0.2604166567325592
193th run
noise dimension : 27
noise variance: 865.584228515625
original u-statistic:0.4042370319366455
p value proxy: 0.16417910158634186
result: False
power_upto_now: 0.2590673565864563
194th run
noise dimension : 27
noise variance: 863.5833740234375
original u-statistic:0.0469212532043457
p value proxy: 0.4179104268550873
result: False
power_upto_now: 0.25773194432258606
195th run
noise dimension : 27
noise variance: 861.6361694335938
original u-statistic:1.2630901336669922
p value proxy: 0.009950248524546623
result: True
power_upto_now: 0.26153847575187683
196th run
noise dimension : 27
noise variance: 863.8677978515625
original u-statistic:1.3820345401763916
p value proxy: 0.004975124262273312
result: True
power_upto_now: 0.26530611515045166
197th run
noise dimension : 27
noise variance: 863.882568359375
original u-statistic:1.0826969146728516
p value proxy: 0.024875622242689133
result: True
power_upto_now: 0.2690355181694031
198th run
noise dimension : 27
noise variance: 864.4702758789062
original u-statistic:0.9041578769683838
p value proxy: 0.02985074557363987
result: True
power_upto_now: 0.27272728085517883
199th run
noise dimension : 27
noise variance: 865.2890625
original u-statistic:0.7142729759216309
p value proxy: 0.06965173780918121
result: False
power_upto_now: 0.2713567912578583
200th run
noise dimension : 27
noise variance: 861.5944213867188
original u-statistic:0.18813586235046387
p value proxy: 0.2935323417186737
result: False
power_upto_now: 0.27000001072883606
201th run
noise dimension : 27
noise variance: 863.197998046875
original u-statistic:-0.15297794342041016
p value proxy: 0.606965184211731
result: False
power_upto_now: 0.26865673065185547
202th run
noise dimension : 27
noise variance: 862.9423828125
original u-statistic:0.3967454433441162
p value proxy: 0.16417910158634186
result: False
power_upto_now: 0.2673267424106598
203th run
noise dimension : 27
noise variance: 864.7543334960938
original u-statistic:-0.12926173210144043
p value proxy: 0.641791045665741
result: False
power_upto_now: 0.2660098373889923
204th run
noise dimension : 27
noise variance: 864.3558349609375
original u-statistic:0.2174997329711914
p value proxy: 0.2636815905570984
result: False
power_upto_now: 0.2647058963775635
205th run
noise dimension : 27
noise variance: 861.85498046875
original u-statistic:0.2373046875
p value proxy: 0.2686567008495331
result: False
power_upto_now: 0.2634146213531494
206th run
noise dimension : 27
noise variance: 863.8048706054688
original u-statistic:0.13923263549804688
p value proxy: 0.3432835638523102
result: False
power_upto_now: 0.26213592290878296
207th run
noise dimension : 27
noise variance: 861.5697021484375
original u-statistic:0.8720827102661133
p value proxy: 0.049751244485378265
result: True
power_upto_now: 0.26570048928260803
208th run
noise dimension : 27
noise variance: 865.5546875
original u-statistic:0.7586545944213867
p value proxy: 0.05472636595368385
result: False
power_upto_now: 0.26442307233810425
209th run
noise dimension : 27
noise variance: 862.7476196289062
original u-statistic:1.1086376905441284
p value proxy: 0.009950248524546623
result: True
power_upto_now: 0.2679425776004791
210th run
noise dimension : 27
noise variance: 866.0609130859375
original u-statistic:0.7469139099121094
p value proxy: 0.03482586890459061
result: True
power_upto_now: 0.27142858505249023
211th run
noise dimension : 27
noise variance: 866.0673217773438
original u-statistic:0.4721834659576416
p value proxy: 0.11940298229455948
result: False
power_upto_now: 0.27014216780662537
212th run
noise dimension : 27
noise variance: 863.116943359375
original u-statistic:0.5197839736938477
p value proxy: 0.13930347561836243
result: False
power_upto_now: 0.2688679099082947
213th run
noise dimension : 27
noise variance: 866.4108276367188
original u-statistic:-0.2990083694458008
p value proxy: 0.7562189102172852
result: False
power_upto_now: 0.26760563254356384
214th run
noise dimension : 27
noise variance: 863.54052734375
original u-statistic:1.413794755935669
p value proxy: 0.009950248524546623
result: True
power_upto_now: 0.2710280418395996
215th run
noise dimension : 27
noise variance: 865.4752197265625
original u-statistic:0.5783364772796631
p value proxy: 0.08955223858356476
result: False
power_upto_now: 0.2697674334049225
216th run
noise dimension : 27
noise variance: 864.1815795898438
original u-statistic:0.6550500392913818
p value proxy: 0.04477611929178238
result: True
power_upto_now: 0.27314814925193787
217th run
noise dimension : 27
noise variance: 862.2459716796875
original u-statistic:-0.3387942314147949
p value proxy: 0.746268630027771
result: False
power_upto_now: 0.2718893885612488
218th run
noise dimension : 27
noise variance: 863.9041137695312
original u-statistic:0.19257545471191406
p value proxy: 0.2885572016239166
result: False
power_upto_now: 0.2706421911716461
219th run
noise dimension : 27
noise variance: 866.6271362304688
original u-statistic:0.4594297409057617
p value proxy: 0.11940298229455948
result: False
power_upto_now: 0.26940637826919556
220th run
noise dimension : 27
noise variance: 861.2876586914062
original u-statistic:0.07755684852600098
p value proxy: 0.4427860677242279
result: False
power_upto_now: 0.26818183064460754
221th run
noise dimension : 27
noise variance: 863.6658935546875
original u-statistic:0.2529635429382324
p value proxy: 0.2686567008495331
result: False
power_upto_now: 0.26696833968162537
222th run
noise dimension : 27
noise variance: 864.7012939453125
original u-statistic:0.445162296295166
p value proxy: 0.15422885119915009
result: False
power_upto_now: 0.2657657563686371
223th run
noise dimension : 27
noise variance: 860.4965209960938
original u-statistic:0.3721952438354492
p value proxy: 0.19402985274791718
result: False
power_upto_now: 0.26457399129867554
224th run
noise dimension : 27
noise variance: 861.7793579101562
original u-statistic:1.0898549556732178
p value proxy: 0.014925372786819935
result: True
power_upto_now: 0.2678571343421936
225th run
noise dimension : 27
noise variance: 863.2161254882812
original u-statistic:0.692540168762207
p value proxy: 0.05970149114727974
result: False
power_upto_now: 0.2666666805744171
226th run
noise dimension : 27
noise variance: 865.1099243164062
original u-statistic:0.5746326446533203
p value proxy: 0.08457711338996887
result: False
power_upto_now: 0.2654867172241211
227th run
noise dimension : 27
noise variance: 864.72119140625
original u-statistic:1.0799031257629395
p value proxy: 0.019900497049093246
result: True
power_upto_now: 0.2687224745750427
228th run
noise dimension : 27
noise variance: 863.1275024414062
original u-statistic:-0.0314326286315918
p value proxy: 0.4825870394706726
result: False
power_upto_now: 0.26754385232925415
229th run
noise dimension : 27
noise variance: 865.0304565429688
original u-statistic:-0.008301258087158203
p value proxy: 0.5373134016990662
result: False
power_upto_now: 0.2663755416870117
230th run
noise dimension : 27
noise variance: 862.6100463867188
original u-statistic:1.4932997226715088
p value proxy: 0.009950248524546623
result: True
power_upto_now: 0.269565224647522
231th run
noise dimension : 27
noise variance: 862.2137451171875
original u-statistic:1.8781547546386719
p value proxy: 0.004975124262273312
result: True
power_upto_now: 0.27272728085517883
232th run
noise dimension : 27
noise variance: 863.7267456054688
original u-statistic:0.9874591827392578
p value proxy: 0.014925372786819935
result: True
power_upto_now: 0.27586206793785095
233th run
noise dimension : 27
noise variance: 863.1952514648438
original u-statistic:0.3434023857116699
p value proxy: 0.17412935197353363
result: False
power_upto_now: 0.274678111076355
234th run
noise dimension : 27
noise variance: 864.8216552734375
original u-statistic:0.9772908687591553
p value proxy: 0.024875622242689133
result: True
power_upto_now: 0.2777777910232544
235th run
noise dimension : 27
noise variance: 865.266845703125
original u-statistic:0.45899152755737305
p value proxy: 0.15422885119915009
result: False
power_upto_now: 0.27659574151039124
236th run
noise dimension : 27
noise variance: 864.6261596679688
original u-statistic:-0.2704641819000244
p value proxy: 0.7412934899330139
result: False
power_upto_now: 0.27542373538017273
237th run
noise dimension : 27
noise variance: 861.7593994140625
original u-statistic:0.21543264389038086
p value proxy: 0.27860695123672485
result: False
power_upto_now: 0.27426159381866455
238th run
noise dimension : 27
noise variance: 863.2393188476562
original u-statistic:0.6293148994445801
p value proxy: 0.049751244485378265
result: True
power_upto_now: 0.27731093764305115
239th run
noise dimension : 27
noise variance: 864.077880859375
original u-statistic:0.966071605682373
p value proxy: 0.019900497049093246
result: True
power_upto_now: 0.2803347408771515
240th run
noise dimension : 27
noise variance: 862.8754272460938
original u-statistic:1.6181966066360474
p value proxy: 0.004975124262273312
result: True
power_upto_now: 0.28333333134651184
241th run
noise dimension : 27
noise variance: 866.271728515625
original u-statistic:-0.07381486892700195
p value proxy: 0.5024875402450562
result: False
power_upto_now: 0.28215768933296204
242th run
noise dimension : 27
noise variance: 865.869384765625
original u-statistic:0.23621797561645508
p value proxy: 0.23880596458911896
result: False
power_upto_now: 0.28099173307418823
243th run
noise dimension : 27
noise variance: 862.2548217773438
original u-statistic:0.7540991306304932
p value proxy: 0.049751244485378265
result: True
power_upto_now: 0.2839506268501282
244th run
noise dimension : 27
noise variance: 863.8281860351562
original u-statistic:0.21850848197937012
p value proxy: 0.3034825921058655
result: False
power_upto_now: 0.28278687596321106
245th run
noise dimension : 27
noise variance: 866.84716796875
original u-statistic:0.3426499366760254
p value proxy: 0.2189054638147354
result: False
power_upto_now: 0.281632661819458
246th run
noise dimension : 27
noise variance: 863.208740234375
original u-statistic:0.13262701034545898
p value proxy: 0.3681592047214508
result: False
power_upto_now: 0.2804878056049347
247th run
noise dimension : 27
noise variance: 862.81884765625
original u-statistic:0.09447002410888672
p value proxy: 0.3432835638523102
result: False
power_upto_now: 0.27935221791267395
248th run
noise dimension : 27
noise variance: 862.6864624023438
original u-statistic:0.6279995441436768
p value proxy: 0.07960198819637299
result: False
power_upto_now: 0.2782258093357086
249th run
noise dimension : 27
noise variance: 863.58203125
original u-statistic:0.8359489440917969
p value proxy: 0.04477611929178238
result: True
power_upto_now: 0.2811245024204254
250th run
noise dimension : 27
noise variance: 864.0092163085938
original u-statistic:-0.04491400718688965
p value proxy: 0.5074626803398132
result: False
power_upto_now: 0.2800000011920929
251th run
noise dimension : 27
noise variance: 861.5632934570312
original u-statistic:0.6677334308624268
p value proxy: 0.06467661261558533
result: False
power_upto_now: 0.2788844704627991
252th run
noise dimension : 27
noise variance: 862.0709838867188
original u-statistic:0.5825591087341309
p value proxy: 0.11442785710096359
result: False
power_upto_now: 0.2777777910232544
253th run
noise dimension : 27
noise variance: 864.0966796875
original u-statistic:0.42059779167175293
p value proxy: 0.1492537260055542
result: False
power_upto_now: 0.2766798436641693
254th run
noise dimension : 27
noise variance: 865.0362548828125
original u-statistic:-0.22951650619506836
p value proxy: 0.6865671277046204
result: False
power_upto_now: 0.27559053897857666
255th run
noise dimension : 27
noise variance: 865.0320434570312
original u-statistic:-0.17444181442260742
p value proxy: 0.5572139024734497
result: False
power_upto_now: 0.27450981736183167
256th run
noise dimension : 27
noise variance: 863.9622192382812
original u-statistic:0.4407060146331787
p value proxy: 0.12935322523117065
result: False
power_upto_now: 0.2734375
257th run
noise dimension : 27
noise variance: 864.0072631835938
original u-statistic:0.11252140998840332
p value proxy: 0.3283582031726837
result: False
power_upto_now: 0.2723735272884369
258th run
noise dimension : 27
noise variance: 865.0087280273438
original u-statistic:0.880990743637085
p value proxy: 0.03482586890459061
result: True
power_upto_now: 0.27519381046295166
259th run
noise dimension : 27
noise variance: 864.3316040039062
original u-statistic:0.7067997455596924
p value proxy: 0.06467661261558533
result: False
power_upto_now: 0.27413126826286316
260th run
noise dimension : 27
noise variance: 861.9010009765625
original u-statistic:0.26408839225769043
p value proxy: 0.24875621497631073
result: False
power_upto_now: 0.2730769217014313
261th run
noise dimension : 27
noise variance: 868.1004638671875
original u-statistic:0.2162480354309082
p value proxy: 0.28358209133148193
result: False
power_upto_now: 0.27203065156936646
262th run
noise dimension : 27
noise variance: 863.8841552734375
original u-statistic:0.16247868537902832
p value proxy: 0.32338306307792664
result: False
power_upto_now: 0.27099236845970154
263th run
noise dimension : 27
noise variance: 866.0805053710938
original u-statistic:0.8384706974029541
p value proxy: 0.03980099409818649
result: True
power_upto_now: 0.2737642526626587
264th run
noise dimension : 27
noise variance: 866.7681884765625
original u-statistic:0.08083295822143555
p value proxy: 0.35323381423950195
result: False
power_upto_now: 0.27272728085517883
265th run
noise dimension : 27
noise variance: 866.4060668945312
original u-statistic:1.270401954650879
p value proxy: 0.009950248524546623
result: True
power_upto_now: 0.27547168731689453
266th run
noise dimension : 27
noise variance: 864.57568359375
original u-statistic:1.128819227218628
p value proxy: 0.03482586890459061
result: True
power_upto_now: 0.27819550037384033
267th run
noise dimension : 27
noise variance: 863.8635864257812
original u-statistic:-0.09038639068603516
p value proxy: 0.5572139024734497
result: False
power_upto_now: 0.27715355157852173
268th run
noise dimension : 27
noise variance: 864.2892456054688
original u-statistic:0.46376705169677734
p value proxy: 0.09950248897075653
result: False
power_upto_now: 0.2761194109916687
269th run
noise dimension : 27
noise variance: 864.5780639648438
original u-statistic:0.8427486419677734
p value proxy: 0.04477611929178238
result: True
power_upto_now: 0.27881041169166565
270th run
noise dimension : 27
noise variance: 862.9701538085938
original u-statistic:1.1537559032440186
p value proxy: 0.009950248524546623
result: True
power_upto_now: 0.28148147463798523
271th run
noise dimension : 27
noise variance: 864.2935180664062
original u-statistic:0.2988548278808594
p value proxy: 0.2636815905570984
result: False
power_upto_now: 0.2804428040981293
272th run
noise dimension : 27
noise variance: 861.1764526367188
original u-statistic:0.13764619827270508
p value proxy: 0.34825870394706726
result: False
power_upto_now: 0.27941176295280457
273th run
noise dimension : 27
noise variance: 866.5989379882812
original u-statistic:-0.2821998596191406
p value proxy: 0.7512437701225281
result: False
power_upto_now: 0.27838829159736633
274th run
noise dimension : 27
noise variance: 862.7723388671875
original u-statistic:0.8311564922332764
p value proxy: 0.05970149114727974
result: False
power_upto_now: 0.277372270822525
275th run
noise dimension : 27
noise variance: 864.4395751953125
original u-statistic:0.6875791549682617
p value proxy: 0.06965173780918121
result: False
power_upto_now: 0.27636364102363586
276th run
noise dimension : 27
noise variance: 863.3312377929688
original u-statistic:1.4188425540924072
p value proxy: 0.004975124262273312
result: True
power_upto_now: 0.27898550033569336
277th run
noise dimension : 27
noise variance: 863.1922607421875
original u-statistic:0.8274209499359131
p value proxy: 0.019900497049093246
result: True
power_upto_now: 0.28158843517303467
278th run
noise dimension : 27
noise variance: 864.116943359375
original u-statistic:0.5169510841369629
p value proxy: 0.11940298229455948
result: False
power_upto_now: 0.28057554364204407
279th run
noise dimension : 27
noise variance: 865.1594848632812
original u-statistic:1.5640641450881958
p value proxy: 0.004975124262273312
result: True
power_upto_now: 0.28315412998199463
280th run
noise dimension : 27
noise variance: 866.8389892578125
original u-statistic:0.2667820453643799
p value proxy: 0.24378108978271484
result: False
power_upto_now: 0.28214284777641296
281th run
noise dimension : 27
noise variance: 863.664794921875
original u-statistic:-0.1107172966003418
p value proxy: 0.5621890425682068
result: False
power_upto_now: 0.2811387777328491
282th run
noise dimension : 27
noise variance: 862.1903686523438
original u-statistic:0.712122917175293
p value proxy: 0.05970149114727974
result: False
power_upto_now: 0.28014183044433594
283th run
noise dimension : 27
noise variance: 862.11474609375
original u-statistic:0.7472133636474609
p value proxy: 0.06467661261558533
result: False
power_upto_now: 0.27915194630622864
284th run
noise dimension : 27
noise variance: 864.4464111328125
original u-statistic:0.3809041976928711
p value proxy: 0.24875621497631073
result: False
power_upto_now: 0.27816900610923767
285th run
noise dimension : 27
noise variance: 865.1259155273438
original u-statistic:0.8383979797363281
p value proxy: 0.024875622242689133
result: True
power_upto_now: 0.28070175647735596
286th run
noise dimension : 27
noise variance: 862.9812622070312
original u-statistic:0.4480245113372803
p value proxy: 0.1492537260055542
result: False
power_upto_now: 0.279720276594162
287th run
noise dimension : 27
noise variance: 862.8693237304688
original u-statistic:0.8196437358856201
p value proxy: 0.03980099409818649
result: True
power_upto_now: 0.2822299599647522
288th run
noise dimension : 27
noise variance: 862.7249755859375
original u-statistic:0.7373075485229492
p value proxy: 0.04477611929178238
result: True
power_upto_now: 0.2847222089767456
289th run
noise dimension : 27
noise variance: 863.9866943359375
original u-statistic:2.1507418155670166
p value proxy: 0.004975124262273312
result: True
power_upto_now: 0.2871972322463989
290th run
noise dimension : 27
noise variance: 862.7303466796875
original u-statistic:0.737558126449585
p value proxy: 0.02985074557363987
result: True
power_upto_now: 0.2896551787853241
291th run
noise dimension : 27
noise variance: 862.5130615234375
original u-statistic:1.2869291305541992
p value proxy: 0.009950248524546623
result: True
power_upto_now: 0.29209622740745544
292th run
noise dimension : 27
noise variance: 861.7094116210938
original u-statistic:1.3188369274139404
p value proxy: 0.009950248524546623
result: True
power_upto_now: 0.2945205569267273
293th run
noise dimension : 27
noise variance: 861.9808959960938
original u-statistic:0.9393455982208252
p value proxy: 0.014925372786819935
result: True
power_upto_now: 0.2969283163547516
294th run
noise dimension : 27
noise variance: 862.4439697265625
original u-statistic:1.3524422645568848
p value proxy: 0.014925372786819935
result: True
power_upto_now: 0.29931971430778503
295th run
noise dimension : 27
noise variance: 867.072509765625
original u-statistic:0.5326499938964844
p value proxy: 0.11442785710096359
result: False
power_upto_now: 0.29830509424209595
296th run
noise dimension : 27
noise variance: 865.957275390625
original u-statistic:0.6732220649719238
p value proxy: 0.06965173780918121
result: False
power_upto_now: 0.29729729890823364
297th run
noise dimension : 27
noise variance: 864.4081420898438
original u-statistic:0.4561126232147217
p value proxy: 0.15422885119915009
result: False
power_upto_now: 0.29629629850387573
298th run
noise dimension : 27
noise variance: 866.9664916992188
original u-statistic:0.9342782497406006
p value proxy: 0.03980099409818649
result: True
power_upto_now: 0.29865771532058716
299th run
noise dimension : 27
noise variance: 866.6777954101562
original u-statistic:0.39322519302368164
p value proxy: 0.15422885119915009
result: False
power_upto_now: 0.29765886068344116
300th run
noise dimension : 27
noise variance: 862.9976196289062
original u-statistic:1.475346326828003
p value proxy: 0.004975124262273312
result: True
power_upto_now: 0.30000001192092896
power estimate : 0.30000001192092896
elapsed time: 5937.230669736862
