job started
cuda available: True
code run on device:: cuda:0
1th run
noise dimension : 243
noise variance: 7772.400390625
original u-statistic:78.4375228881836
p value proxy: 0.004975124262273312
result: True
power_upto_now: 1.0
2th run
noise dimension : 243
noise variance: 7771.1484375
original u-statistic:83.56170654296875
p value proxy: 0.004975124262273312
result: True
power_upto_now: 1.0
3th run
noise dimension : 243
noise variance: 7775.7822265625
original u-statistic:75.56877899169922
p value proxy: 0.004975124262273312
result: True
power_upto_now: 1.0
4th run
noise dimension : 243
noise variance: 7777.591796875
original u-statistic:67.6632080078125
p value proxy: 0.004975124262273312
result: True
power_upto_now: 1.0
5th run
noise dimension : 243
noise variance: 7774.95654296875
original u-statistic:70.77587127685547
p value proxy: 0.004975124262273312
result: True
power_upto_now: 1.0
6th run
noise dimension : 243
noise variance: 7774.10546875
original u-statistic:66.17403411865234
p value proxy: 0.004975124262273312
result: True
power_upto_now: 1.0
7th run
noise dimension : 243
noise variance: 7775.7255859375
original u-statistic:78.00244140625
p value proxy: 0.004975124262273312
result: True
power_upto_now: 1.0
8th run
noise dimension : 243
noise variance: 7775.80322265625
original u-statistic:75.64765930175781
p value proxy: 0.004975124262273312
result: True
power_upto_now: 1.0
9th run
noise dimension : 243
noise variance: 7777.09521484375
original u-statistic:76.87197875976562
p value proxy: 0.004975124262273312
result: True
power_upto_now: 1.0
10th run
noise dimension : 243
noise variance: 7772.29443359375
original u-statistic:65.21178436279297
p value proxy: 0.004975124262273312
result: True
power_upto_now: 1.0
11th run
noise dimension : 243
noise variance: 7773.17626953125
original u-statistic:65.39549255371094
p value proxy: 0.004975124262273312
result: True
power_upto_now: 1.0
12th run
noise dimension : 243
noise variance: 7774.3359375
original u-statistic:84.34822082519531
p value proxy: 0.004975124262273312
result: True
power_upto_now: 1.0
13th run
noise dimension : 243
noise variance: 7781.88037109375
original u-statistic:85.77957916259766
p value proxy: 0.004975124262273312
result: True
power_upto_now: 1.0
14th run
noise dimension : 243
noise variance: 7776.67041015625
original u-statistic:61.354366302490234
p value proxy: 0.004975124262273312
result: True
power_upto_now: 1.0
15th run
noise dimension : 243
noise variance: 7775.27001953125
original u-statistic:43.595706939697266
p value proxy: 0.004975124262273312
result: True
power_upto_now: 1.0
16th run
noise dimension : 243
noise variance: 7779.2373046875
original u-statistic:78.83998107910156
p value proxy: 0.004975124262273312
result: True
power_upto_now: 1.0
17th run
noise dimension : 243
noise variance: 7774.02587890625
original u-statistic:70.77523803710938
p value proxy: 0.004975124262273312
result: True
power_upto_now: 1.0
18th run
noise dimension : 243
noise variance: 7769.70947265625
original u-statistic:60.427974700927734
p value proxy: 0.004975124262273312
result: True
power_upto_now: 1.0
19th run
noise dimension : 243
noise variance: 7778.361328125
original u-statistic:79.33901977539062
p value proxy: 0.004975124262273312
result: True
power_upto_now: 1.0
20th run
noise dimension : 243
noise variance: 7778.32421875
original u-statistic:70.25947570800781
p value proxy: 0.004975124262273312
result: True
power_upto_now: 1.0
21th run
noise dimension : 243
noise variance: 7773.673828125
original u-statistic:93.03484344482422
p value proxy: 0.004975124262273312
result: True
power_upto_now: 1.0
22th run
noise dimension : 243
noise variance: 7774.275390625
original u-statistic:81.84134674072266
p value proxy: 0.004975124262273312
result: True
power_upto_now: 1.0
23th run
noise dimension : 243
noise variance: 7773.3974609375
original u-statistic:80.82534790039062
p value proxy: 0.004975124262273312
result: True
power_upto_now: 1.0
24th run
noise dimension : 243
noise variance: 7776.96826171875
original u-statistic:78.46234130859375
p value proxy: 0.004975124262273312
result: True
power_upto_now: 1.0
25th run
noise dimension : 243
noise variance: 7776.58984375
original u-statistic:66.8429183959961
p value proxy: 0.004975124262273312
result: True
power_upto_now: 1.0
26th run
noise dimension : 243
noise variance: 7776.958984375
original u-statistic:78.04035949707031
p value proxy: 0.004975124262273312
result: True
power_upto_now: 1.0
27th run
noise dimension : 243
noise variance: 7776.6806640625
original u-statistic:75.40458679199219
p value proxy: 0.004975124262273312
result: True
power_upto_now: 1.0
28th run
noise dimension : 243
noise variance: 7771.376953125
original u-statistic:65.26919555664062
p value proxy: 0.004975124262273312
result: True
power_upto_now: 1.0
29th run
noise dimension : 243
noise variance: 7775.1142578125
original u-statistic:96.53140258789062
p value proxy: 0.004975124262273312
result: True
power_upto_now: 1.0
30th run
noise dimension : 243
noise variance: 7776.810546875
original u-statistic:65.69241333007812
p value proxy: 0.004975124262273312
result: True
power_upto_now: 1.0
31th run
noise dimension : 243
noise variance: 7775.732421875
original u-statistic:94.5101318359375
p value proxy: 0.004975124262273312
result: True
power_upto_now: 1.0
32th run
noise dimension : 243
noise variance: 7779.59375
original u-statistic:68.1802749633789
p value proxy: 0.004975124262273312
result: True
power_upto_now: 1.0
33th run
noise dimension : 243
noise variance: 7772.5595703125
original u-statistic:64.23085021972656
p value proxy: 0.004975124262273312
result: True
power_upto_now: 1.0
34th run
noise dimension : 243
noise variance: 7779.24951171875
original u-statistic:74.62968444824219
p value proxy: 0.004975124262273312
result: True
power_upto_now: 1.0
35th run
noise dimension : 243
noise variance: 7771.97900390625
original u-statistic:90.77313232421875
p value proxy: 0.004975124262273312
result: True
power_upto_now: 1.0
36th run
noise dimension : 243
noise variance: 7780.5
original u-statistic:56.2691650390625
p value proxy: 0.004975124262273312
result: True
power_upto_now: 1.0
37th run
noise dimension : 243
noise variance: 7777.2236328125
original u-statistic:73.74137115478516
p value proxy: 0.004975124262273312
result: True
power_upto_now: 1.0
38th run
noise dimension : 243
noise variance: 7779.09423828125
original u-statistic:76.95915222167969
p value proxy: 0.004975124262273312
result: True
power_upto_now: 1.0
39th run
noise dimension : 243
noise variance: 7774.091796875
original u-statistic:75.55614471435547
p value proxy: 0.004975124262273312
result: True
power_upto_now: 1.0
40th run
noise dimension : 243
noise variance: 7772.943359375
original u-statistic:63.818275451660156
p value proxy: 0.004975124262273312
result: True
power_upto_now: 1.0
41th run
noise dimension : 243
noise variance: 7773.4189453125
original u-statistic:65.17311096191406
p value proxy: 0.004975124262273312
result: True
power_upto_now: 1.0
42th run
noise dimension : 243
noise variance: 7771.85205078125
original u-statistic:83.05415344238281
p value proxy: 0.004975124262273312
result: True
power_upto_now: 1.0
43th run
noise dimension : 243
noise variance: 7777.00537109375
original u-statistic:97.07634735107422
p value proxy: 0.004975124262273312
result: True
power_upto_now: 1.0
44th run
noise dimension : 243
noise variance: 7775.29345703125
original u-statistic:75.53050231933594
p value proxy: 0.004975124262273312
result: True
power_upto_now: 1.0
45th run
noise dimension : 243
noise variance: 7777.6748046875
original u-statistic:81.5641098022461
p value proxy: 0.004975124262273312
result: True
power_upto_now: 1.0
46th run
noise dimension : 243
noise variance: 7778.1201171875
original u-statistic:61.65958023071289
p value proxy: 0.004975124262273312
result: True
power_upto_now: 1.0
47th run
noise dimension : 243
noise variance: 7770.61474609375
original u-statistic:71.6697006225586
p value proxy: 0.004975124262273312
result: True
power_upto_now: 1.0
48th run
noise dimension : 243
noise variance: 7775.6259765625
original u-statistic:69.26304626464844
p value proxy: 0.004975124262273312
result: True
power_upto_now: 1.0
49th run
noise dimension : 243
noise variance: 7776.87451171875
original u-statistic:66.63960266113281
