cuda available: False
code run on device:: cpu
copula_mean
tensor([-0.5000, -0.5000])
sigma
tensor([[1.0000, 0.5000],
        [0.5000, 1.0000]])

        simulation started at = 2022-09-05 05:03:06.881470 

        n = 39000, 

        kappa = 3, alpha = 1.2,

        gamma = 0.05, nTests = 500,

        B = 300, d = 2
        

1th run
original u-statistic:6619.45068359375
p value proxy: 0.07973422110080719
result: 0.0
power_upto_now: 0.0

2th run
original u-statistic:3458.406982421875
p value proxy: 0.19933554530143738
result: 0.0
power_upto_now: 0.0

3th run
original u-statistic:9024.0009765625
p value proxy: 0.02657807245850563
result: 1.0
power_upto_now: 0.3333333432674408

4th run
original u-statistic:-4355.62255859375
p value proxy: 0.8571428656578064
result: 0.0
power_upto_now: 0.25

5th run
original u-statistic:-1055.5474853515625
p value proxy: 0.564784049987793
result: 0.0
power_upto_now: 0.20000000298023224

6th run
original u-statistic:-211.29519653320312
p value proxy: 0.52491694688797
result: 0.0
power_upto_now: 0.1666666716337204

7th run
original u-statistic:-1109.8985595703125
p value proxy: 0.5581395626068115
result: 0.0
power_upto_now: 0.1428571492433548

8th run
original u-statistic:5049.296875
p value proxy: 0.12956809997558594
result: 0.0
power_upto_now: 0.125

9th run
original u-statistic:8917.4052734375
p value proxy: 0.023255813866853714
result: 1.0
power_upto_now: 0.2222222238779068

10th run
original u-statistic:-1537.893798828125
p value proxy: 0.634551465511322
result: 0.0
power_upto_now: 0.20000000298023224

11th run
original u-statistic:-4358.64794921875
p value proxy: 0.8372092843055725
result: 0.0
power_upto_now: 0.1818181872367859

12th run
original u-statistic:4048.53515625
p value proxy: 0.13621261715888977
result: 0.0
power_upto_now: 0.1666666716337204

13th run
original u-statistic:-4051.84130859375
p value proxy: 0.8338870406150818
result: 0.0
power_upto_now: 0.1538461595773697

14th run
original u-statistic:1287.382080078125
p value proxy: 0.342192679643631
result: 0.0
power_upto_now: 0.1428571492433548

15th run
original u-statistic:-9023.587890625
p value proxy: 0.9867109656333923
result: 0.0
power_upto_now: 0.13333334028720856

16th run
original u-statistic:5646.0849609375
p value proxy: 0.07308970391750336
result: 0.0
power_upto_now: 0.125

17th run
original u-statistic:4183.58740234375
p value proxy: 0.1661129593849182
result: 0.0
power_upto_now: 0.11764705926179886

18th run
original u-statistic:6030.57421875
p value proxy: 0.08970099687576294
result: 0.0
power_upto_now: 0.1111111119389534

19th run
original u-statistic:5401.3603515625
p value proxy: 0.09302325546741486
result: 0.0
power_upto_now: 0.10526315867900848

20th run
original u-statistic:2997.97265625
p value proxy: 0.2425249218940735
result: 0.0
power_upto_now: 0.10000000149011612

21th run
original u-statistic:694.5223388671875
p value proxy: 0.41860464215278625
result: 0.0
power_upto_now: 0.095238097012043

22th run
original u-statistic:7885.23876953125
p value proxy: 0.05647840350866318
result: 0.0
power_upto_now: 0.09090909361839294

23th run
original u-statistic:904.8919677734375
p value proxy: 0.4285714328289032
result: 0.0
power_upto_now: 0.08695652335882187

24th run
original u-statistic:4698.3720703125
p value proxy: 0.13621261715888977
result: 0.0
power_upto_now: 0.0833333358168602

25th run
original u-statistic:-185.44163513183594
p value proxy: 0.49833887815475464
result: 0.0
power_upto_now: 0.07999999821186066

26th run
original u-statistic:3707.1884765625
p value proxy: 0.21594683825969696
result: 0.0
power_upto_now: 0.07692307978868484

27th run
original u-statistic:6403.63916015625
p value proxy: 0.05647840350866318
result: 0.0
power_upto_now: 0.07407407462596893

28th run
original u-statistic:-2562.44384765625
p value proxy: 0.7441860437393188
result: 0.0
power_upto_now: 0.0714285746216774

29th run
original u-statistic:3839.61767578125
p value proxy: 0.1661129593849182
result: 0.0
power_upto_now: 0.06896551698446274

30th run
original u-statistic:3982.789306640625
p value proxy: 0.15614618360996246
result: 0.0
power_upto_now: 0.06666667014360428

31th run
original u-statistic:-2174.726318359375
p value proxy: 0.6877076625823975
result: 0.0
power_upto_now: 0.06451612710952759

32th run
original u-statistic:-653.4970092773438
p value proxy: 0.5714285969734192
result: 0.0
power_upto_now: 0.0625

33th run
original u-statistic:7844.04736328125
p value proxy: 0.05647840350866318
result: 0.0
power_upto_now: 0.06060606241226196

34th run
original u-statistic:3380.420166015625
p value proxy: 0.23588040471076965
result: 0.0
power_upto_now: 0.05882352963089943

35th run
original u-statistic:-896.13916015625
p value proxy: 0.604651153087616
result: 0.0
power_upto_now: 0.05714285746216774

36th run
original u-statistic:-3905.457275390625
p value proxy: 0.8139534592628479
result: 0.0
power_upto_now: 0.0555555559694767

37th run
original u-statistic:1776.795654296875
p value proxy: 0.3455149531364441
result: 0.0
power_upto_now: 0.054054055362939835

38th run
original u-statistic:815.813232421875
p value proxy: 0.3455149531364441
result: 0.0
power_upto_now: 0.05263157933950424

39th run
original u-statistic:4999.86474609375
p value proxy: 0.13621261715888977
result: 0.0
power_upto_now: 0.05128205195069313

40th run
original u-statistic:8531.5400390625
p value proxy: 0.02657807245850563
result: 1.0
power_upto_now: 0.07500000298023224

41th run
original u-statistic:-2530.52392578125
p value proxy: 0.7176079750061035
result: 0.0
power_upto_now: 0.0731707289814949

42th run
original u-statistic:1378.2698974609375
p value proxy: 0.35880398750305176
result: 0.0
power_upto_now: 0.0714285746216774

43th run
original u-statistic:15459.5283203125
p value proxy: 0.003322259057313204
result: 1.0
power_upto_now: 0.09302325546741486

44th run
original u-statistic:-6280.212890625
p value proxy: 0.9568106532096863
result: 0.0
power_upto_now: 0.09090909361839294

45th run
original u-statistic:-745.1080322265625
p value proxy: 0.52491694688797
result: 0.0
power_upto_now: 0.08888889104127884

46th run
original u-statistic:1706.356689453125
p value proxy: 0.29900333285331726
result: 0.0
power_upto_now: 0.08695652335882187

47th run
original u-statistic:-3864.126708984375
p value proxy: 0.8239202499389648
result: 0.0
power_upto_now: 0.08510638028383255

48th run
original u-statistic:2333.968505859375
p value proxy: 0.2691029906272888
result: 0.0
power_upto_now: 0.0833333358168602

49th run
original u-statistic:1275.6593017578125
p value proxy: 0.3222591280937195
result: 0.0
power_upto_now: 0.08163265138864517

50th run
original u-statistic:10007.5380859375
p value proxy: 0.016611294820904732
result: 1.0
power_upto_now: 0.10000000149011612

51th run
original u-statistic:5147.33349609375
p value proxy: 0.11627907305955887
result: 0.0
power_upto_now: 0.09803921729326248

52th run
original u-statistic:-1655.404052734375
p value proxy: 0.6079733967781067
result: 0.0
power_upto_now: 0.09615384787321091

53th run
original u-statistic:2640.720458984375
p value proxy: 0.262458473443985
result: 0.0
power_upto_now: 0.09433962404727936

54th run
original u-statistic:-2512.728515625
p value proxy: 0.6478405594825745
result: 0.0
power_upto_now: 0.09259258955717087

55th run
original u-statistic:-684.0104370117188
p value proxy: 0.5415282249450684
result: 0.0
power_upto_now: 0.09090909361839294

56th run
original u-statistic:2699.087646484375
p value proxy: 0.262458473443985
result: 0.0
power_upto_now: 0.0892857164144516

57th run
original u-statistic:4556.28564453125
p value proxy: 0.11627907305955887
result: 0.0
power_upto_now: 0.08771929889917374

58th run
original u-statistic:-63.03175354003906
p value proxy: 0.5215947031974792
result: 0.0
power_upto_now: 0.08620689809322357

59th run
original u-statistic:4123.71044921875
p value proxy: 0.19269102811813354
result: 0.0
power_upto_now: 0.08474576473236084

60th run
original u-statistic:-2601.079345703125
p value proxy: 0.7142857313156128
result: 0.0
power_upto_now: 0.0833333358168602

61th run
original u-statistic:1542.8355712890625
p value proxy: 0.3222591280937195
result: 0.0
power_upto_now: 0.08196721225976944

62th run
original u-statistic:1742.701904296875
p value proxy: 0.3289036452770233
result: 0.0
power_upto_now: 0.08064515888690948

63th run
original u-statistic:7639.8662109375
p value proxy: 0.039867110550403595
result: 1.0
power_upto_now: 0.095238097012043

64th run
original u-statistic:-1006.8839111328125
p value proxy: 0.5714285969734192
result: 0.0
power_upto_now: 0.09375

65th run
original u-statistic:1428.1529541015625
p value proxy: 0.3322259187698364
result: 0.0
power_upto_now: 0.0923076942563057

66th run
original u-statistic:-1571.39990234375
p value proxy: 0.6245847344398499
result: 0.0
power_upto_now: 0.09090909361839294

67th run
original u-statistic:-3075.34912109375
p value proxy: 0.7740863561630249
result: 0.0
power_upto_now: 0.08955223858356476

68th run
original u-statistic:7005.65625
p value proxy: 0.06312292069196701
result: 0.0
power_upto_now: 0.0882352963089943

69th run
original u-statistic:1378.7010498046875
p value proxy: 0.3887043297290802
result: 0.0
power_upto_now: 0.08695652335882187

70th run
original u-statistic:3371.096923828125
p value proxy: 0.2059800624847412
result: 0.0
power_upto_now: 0.08571428805589676

71th run
original u-statistic:2615.935791015625
p value proxy: 0.27574750781059265
result: 0.0
power_upto_now: 0.0845070406794548

72th run
original u-statistic:7063.26904296875
p value proxy: 0.06312292069196701
result: 0.0
power_upto_now: 0.0833333358168602

73th run
original u-statistic:6115.82861328125
p value proxy: 0.05980066582560539
result: 0.0
power_upto_now: 0.08219178020954132

74th run
original u-statistic:-4268.8525390625
p value proxy: 0.8172757625579834
result: 0.0
power_upto_now: 0.0810810774564743

75th run
original u-statistic:-2835.4365234375
p value proxy: 0.7209302186965942
result: 0.0
power_upto_now: 0.07999999821186066

76th run
original u-statistic:-5619.6337890625
p value proxy: 0.9235880374908447
result: 0.0
power_upto_now: 0.07894736528396606

77th run
original u-statistic:-3910.153076171875
p value proxy: 0.8438538312911987
result: 0.0
power_upto_now: 0.07792207598686218

78th run
original u-statistic:11710.9375
p value proxy: 0.003322259057313204
result: 1.0
power_upto_now: 0.08974359184503555

79th run
original u-statistic:6011.3955078125
p value proxy: 0.09302325546741486
result: 0.0
power_upto_now: 0.08860759437084198

80th run
original u-statistic:-8333.3662109375
p value proxy: 0.9900332093238831
result: 0.0
power_upto_now: 0.08749999850988388

81th run
original u-statistic:-723.689208984375
p value proxy: 0.604651153087616
result: 0.0
power_upto_now: 0.08641975373029709

82th run
original u-statistic:6538.7138671875
p value proxy: 0.08970099687576294
result: 0.0
power_upto_now: 0.08536585420370102

83th run
original u-statistic:3004.509765625
p value proxy: 0.21926909685134888
result: 0.0
power_upto_now: 0.08433734625577927

84th run
original u-statistic:1232.267822265625
p value proxy: 0.33887043595314026
result: 0.0
power_upto_now: 0.0833333358168602

85th run
original u-statistic:8271.3544921875
p value proxy: 0.029900332912802696
result: 1.0
power_upto_now: 0.0941176488995552

86th run
original u-statistic:11201.3291015625
p value proxy: 0.013289036229252815
result: 1.0
power_upto_now: 0.10465116053819656

87th run
original u-statistic:11024.5556640625
p value proxy: 0.009966777637600899
result: 1.0
power_upto_now: 0.1149425283074379

88th run
original u-statistic:3716.85986328125
p value proxy: 0.18936876952648163
result: 0.0
power_upto_now: 0.11363636702299118

89th run
original u-statistic:7057.236328125
p value proxy: 0.05980066582560539
result: 0.0
power_upto_now: 0.11235955357551575

90th run
original u-statistic:4461.7548828125
p value proxy: 0.13289035856723785
result: 0.0
power_upto_now: 0.1111111119389534

91th run
original u-statistic:-1815.652099609375
p value proxy: 0.684385359287262
result: 0.0
power_upto_now: 0.10989011079072952

92th run
original u-statistic:669.3541870117188
p value proxy: 0.3853820562362671
result: 0.0
power_upto_now: 0.10869564861059189

93th run
original u-statistic:2605.280029296875
p value proxy: 0.27906978130340576
result: 0.0
power_upto_now: 0.10752688348293304

94th run
original u-statistic:12291.8857421875
p value proxy: 0.003322259057313204
result: 1.0
power_upto_now: 0.11702127754688263

95th run
original u-statistic:8767.240234375
p value proxy: 0.03654485195875168
result: 1.0
power_upto_now: 0.12631578743457794

96th run
original u-statistic:-4150.7294921875
p value proxy: 0.8538206219673157
result: 0.0
power_upto_now: 0.125

97th run
original u-statistic:3444.937255859375
p value proxy: 0.2425249218940735
result: 0.0
power_upto_now: 0.12371134012937546

98th run
original u-statistic:5085.65771484375
p value proxy: 0.14950166642665863
result: 0.0
power_upto_now: 0.12244898080825806

99th run
original u-statistic:2682.58203125
p value proxy: 0.23255814611911774
result: 0.0
power_upto_now: 0.12121212482452393

100th run
original u-statistic:615.408935546875
p value proxy: 0.3853820562362671
result: 0.0
power_upto_now: 0.11999999731779099

101th run
original u-statistic:4642.9609375
p value proxy: 0.1627907007932663
result: 0.0
power_upto_now: 0.11881188303232193

102th run
original u-statistic:149.16806030273438
p value proxy: 0.48172757029533386
result: 0.0
power_upto_now: 0.11764705926179886

103th run
original u-statistic:2786.73193359375
p value proxy: 0.27242523431777954
result: 0.0
power_upto_now: 0.11650485545396805

104th run
original u-statistic:-395.2486572265625
p value proxy: 0.514950156211853
result: 0.0
power_upto_now: 0.11538461595773697

105th run
original u-statistic:5805.876953125
p value proxy: 0.0830564796924591
result: 0.0
power_upto_now: 0.11428571492433548

106th run
original u-statistic:2316.194091796875
p value proxy: 0.2591361999511719
result: 0.0
power_upto_now: 0.11320754885673523

107th run
original u-statistic:3803.76904296875
p value proxy: 0.21262457966804504
result: 0.0
power_upto_now: 0.11214952915906906

108th run
original u-statistic:-3892.918212890625
p value proxy: 0.7508305907249451
result: 0.0
power_upto_now: 0.1111111119389534

109th run
original u-statistic:-148.9650421142578
p value proxy: 0.4518272280693054
result: 0.0
power_upto_now: 0.11009174585342407

110th run
original u-statistic:3075.32568359375
p value proxy: 0.21594683825969696
result: 0.0
power_upto_now: 0.1090909093618393

111th run
original u-statistic:8230.814453125
p value proxy: 0.049833886325359344
result: 1.0
power_upto_now: 0.11711711436510086

112th run
original u-statistic:-2179.235595703125
p value proxy: 0.6179401874542236
result: 0.0
power_upto_now: 0.1160714253783226

113th run
original u-statistic:6287.35595703125
p value proxy: 0.06976744532585144
result: 0.0
power_upto_now: 0.1150442510843277

114th run
original u-statistic:-2468.078857421875
p value proxy: 0.7342192530632019
result: 0.0
power_upto_now: 0.11403508484363556

115th run
original u-statistic:2048.4208984375
p value proxy: 0.2823920249938965
result: 0.0
power_upto_now: 0.11304347962141037

116th run
original u-statistic:2295.7333984375
p value proxy: 0.2857142984867096
result: 0.0
power_upto_now: 0.11206896603107452

117th run
original u-statistic:-3604.20849609375
p value proxy: 0.7541528344154358
result: 0.0
power_upto_now: 0.1111111119389534

118th run
original u-statistic:1969.376220703125
p value proxy: 0.35880398750305176
result: 0.0
power_upto_now: 0.11016949266195297

119th run
original u-statistic:4998.56787109375
p value proxy: 0.13621261715888977
result: 0.0
power_upto_now: 0.10924369841814041

120th run
original u-statistic:-1616.0699462890625
p value proxy: 0.6179401874542236
result: 0.0
power_upto_now: 0.10833333432674408

121th run
original u-statistic:11264.2314453125
p value proxy: 0.003322259057313204
result: 1.0
power_upto_now: 0.11570248007774353

122th run
original u-statistic:-878.8833618164062
p value proxy: 0.5481727719306946
result: 0.0
power_upto_now: 0.1147540956735611

123th run
original u-statistic:7318.09716796875
p value proxy: 0.05980066582560539
result: 0.0
power_upto_now: 0.11382114142179489

124th run
original u-statistic:-174.9628448486328
p value proxy: 0.4285714328289032
result: 0.0
power_upto_now: 0.11290322244167328

125th run
original u-statistic:6354.896484375
p value proxy: 0.06976744532585144
result: 0.0
power_upto_now: 0.1120000034570694

126th run
original u-statistic:4811.99267578125
p value proxy: 0.12624584138393402
result: 0.0
power_upto_now: 0.1111111119389534

127th run
original u-statistic:9738.75390625
p value proxy: 0.016611294820904732
result: 1.0
power_upto_now: 0.11811023950576782

128th run
original u-statistic:4225.4970703125
p value proxy: 0.1428571492433548
result: 0.0
power_upto_now: 0.1171875

129th run
original u-statistic:-2458.259765625
p value proxy: 0.7408638000488281
result: 0.0
power_upto_now: 0.11627907305955887

130th run
original u-statistic:-3178.61669921875
p value proxy: 0.7308970093727112
result: 0.0
power_upto_now: 0.11538461595773697

131th run
original u-statistic:6695.48583984375
p value proxy: 0.039867110550403595
result: 1.0
power_upto_now: 0.1221374049782753

132th run
original u-statistic:19585.513671875
p value proxy: 0.003322259057313204
result: 1.0
power_upto_now: 0.12878787517547607

133th run
original u-statistic:-1898.4803466796875
p value proxy: 0.6777408719062805
result: 0.0
power_upto_now: 0.12781955301761627

134th run
original u-statistic:-4122.67236328125
p value proxy: 0.8239202499389648
result: 0.0
power_upto_now: 0.1268656700849533

135th run
original u-statistic:3918.485107421875
p value proxy: 0.15282392501831055
result: 0.0
power_upto_now: 0.1259259283542633

136th run
original u-statistic:3859.81005859375
p value proxy: 0.19269102811813354
result: 0.0
power_upto_now: 0.125

137th run
original u-statistic:-1015.5400390625
p value proxy: 0.5415282249450684
result: 0.0
power_upto_now: 0.12408759444952011

138th run
original u-statistic:1763.5201416015625
p value proxy: 0.3322259187698364
result: 0.0
power_upto_now: 0.12318840622901917

139th run
original u-statistic:-6197.2041015625
p value proxy: 0.9235880374908447
result: 0.0
power_upto_now: 0.12230215966701508

140th run
original u-statistic:2226.026611328125
p value proxy: 0.2823920249938965
result: 0.0
power_upto_now: 0.12142857164144516

141th run
original u-statistic:-1449.9183349609375
p value proxy: 0.5813953280448914
result: 0.0
power_upto_now: 0.12056737393140793

142th run
original u-statistic:5821.623046875
p value proxy: 0.09966777265071869
result: 0.0
power_upto_now: 0.11971831321716309

143th run
original u-statistic:7841.98291015625
p value proxy: 0.033222589641809464
result: 1.0
power_upto_now: 0.1258741319179535

144th run
original u-statistic:3443.42626953125
p value proxy: 0.1827242523431778
result: 0.0
power_upto_now: 0.125

145th run
original u-statistic:5559.10205078125
p value proxy: 0.08970099687576294
result: 0.0
power_upto_now: 0.12413793057203293

146th run
original u-statistic:12284.7138671875
p value proxy: 0.006644518114626408
result: 1.0
power_upto_now: 0.13013698160648346

147th run
original u-statistic:7844.4365234375
p value proxy: 0.049833886325359344
result: 1.0
power_upto_now: 0.13605442643165588

148th run
original u-statistic:3487.619873046875
p value proxy: 0.15946844220161438
result: 0.0
power_upto_now: 0.13513512909412384

149th run
original u-statistic:-8317.455078125
p value proxy: 0.9867109656333923
result: 0.0
power_upto_now: 0.1342281848192215

150th run
original u-statistic:619.7933349609375
p value proxy: 0.4086378812789917
result: 0.0
power_upto_now: 0.13333334028720856

151th run
original u-statistic:3494.94482421875
p value proxy: 0.2425249218940735
result: 0.0
power_upto_now: 0.13245032727718353

152th run
original u-statistic:7300.50341796875
p value proxy: 0.06312292069196701
result: 0.0
power_upto_now: 0.1315789520740509

153th run
original u-statistic:-4461.07421875
p value proxy: 0.8637873530387878
result: 0.0
power_upto_now: 0.13071896135807037

154th run
original u-statistic:8829.3642578125
p value proxy: 0.02657807245850563
result: 1.0
power_upto_now: 0.13636364042758942

155th run
original u-statistic:3682.0732421875
p value proxy: 0.17607973515987396
result: 0.0
power_upto_now: 0.13548387587070465

156th run
original u-statistic:2163.151123046875
p value proxy: 0.2857142984867096
result: 0.0
power_upto_now: 0.13461539149284363

157th run
original u-statistic:-192.3666534423828
p value proxy: 0.485049843788147
result: 0.0
power_upto_now: 0.13375796377658844

158th run
original u-statistic:-2295.672119140625
p value proxy: 0.7043189406394958
result: 0.0
power_upto_now: 0.13291139900684357

159th run
original u-statistic:10021.55859375
p value proxy: 0.019933555275201797
result: 1.0
power_upto_now: 0.138364776968956

160th run
original u-statistic:-454.9822082519531
p value proxy: 0.5315614342689514
result: 0.0
power_upto_now: 0.13750000298023224

161th run
original u-statistic:-7793.0166015625
p value proxy: 0.9568106532096863
result: 0.0
power_upto_now: 0.13664595782756805

162th run
original u-statistic:7853.208984375
p value proxy: 0.049833886325359344
result: 1.0
power_upto_now: 0.1419753134250641

163th run
original u-statistic:4549.4775390625
p value proxy: 0.14950166642665863
result: 0.0
power_upto_now: 0.1411042958498001

164th run
original u-statistic:-1703.1116943359375
p value proxy: 0.644518256187439
result: 0.0
power_upto_now: 0.14024390280246735

165th run
original u-statistic:11721.619140625
p value proxy: 0.006644518114626408
result: 1.0
power_upto_now: 0.145454540848732

166th run
original u-statistic:-2656.765869140625
p value proxy: 0.7109634280204773
result: 0.0
power_upto_now: 0.14457830786705017

167th run
original u-statistic:8280.7626953125
p value proxy: 0.04651162773370743
result: 1.0
power_upto_now: 0.1497005969285965

168th run
original u-statistic:-1939.842529296875
p value proxy: 0.6777408719062805
result: 0.0
power_upto_now: 0.1488095223903656

169th run
original u-statistic:4391.81103515625
p value proxy: 0.13953489065170288
result: 0.0
power_upto_now: 0.14792899787425995

170th run
original u-statistic:13846.3125
p value proxy: 0.003322259057313204
result: 1.0
power_upto_now: 0.15294118225574493

171th run
original u-statistic:-3955.9580078125
p value proxy: 0.8006644248962402
result: 0.0
power_upto_now: 0.1520467847585678

172th run
original u-statistic:-1581.5631103515625
p value proxy: 0.604651153087616
result: 0.0
power_upto_now: 0.151162788271904

173th run
original u-statistic:6252.841796875
p value proxy: 0.11627907305955887
result: 0.0
power_upto_now: 0.15028901398181915

174th run
original u-statistic:-455.3989562988281
p value proxy: 0.5282391905784607
result: 0.0
power_upto_now: 0.14942528307437897

175th run
original u-statistic:-3373.618408203125
p value proxy: 0.8172757625579834
result: 0.0
power_upto_now: 0.1485714316368103

176th run
original u-statistic:-2021.1146240234375
p value proxy: 0.6544850468635559
result: 0.0
power_upto_now: 0.14772726595401764

177th run
original u-statistic:2942.24169921875
p value proxy: 0.21262457966804504
result: 0.0
power_upto_now: 0.14689265191555023

178th run
original u-statistic:6164.4775390625
p value proxy: 0.07308970391750336
result: 0.0
power_upto_now: 0.14606741070747375

179th run
original u-statistic:7569.1142578125
p value proxy: 0.05647840350866318
result: 0.0
power_upto_now: 0.14525139331817627

180th run
original u-statistic:-2089.109375
p value proxy: 0.7142857313156128
result: 0.0
power_upto_now: 0.14444445073604584

181th run
original u-statistic:4591.35546875
p value proxy: 0.1461794078350067
result: 0.0
power_upto_now: 0.14364640414714813

182th run
original u-statistic:3495.184814453125
p value proxy: 0.19933554530143738
result: 0.0
power_upto_now: 0.1428571492433548

183th run
original u-statistic:165.16500854492188
p value proxy: 0.44186046719551086
result: 0.0
power_upto_now: 0.1420765072107315

184th run
original u-statistic:907.1211547851562
p value proxy: 0.39867109060287476
result: 0.0
power_upto_now: 0.14130434393882751

185th run
original u-statistic:-5733.0947265625
p value proxy: 0.9269102811813354
result: 0.0
power_upto_now: 0.14054054021835327

186th run
original u-statistic:1542.982666015625
p value proxy: 0.3455149531364441
result: 0.0
power_upto_now: 0.13978494703769684

187th run
original u-statistic:2550.662841796875
p value proxy: 0.31561461091041565
result: 0.0
power_upto_now: 0.13903743028640747

188th run
original u-statistic:-4405.73828125
p value proxy: 0.8139534592628479
result: 0.0
power_upto_now: 0.13829787075519562

189th run
original u-statistic:1582.3839111328125
p value proxy: 0.3488371968269348
result: 0.0
power_upto_now: 0.13756613433361053

190th run
original u-statistic:5710.5693359375
p value proxy: 0.06644517928361893
result: 0.0
power_upto_now: 0.13684210181236267

191th run
original u-statistic:3159.648681640625
p value proxy: 0.21594683825969696
result: 0.0
power_upto_now: 0.13612565398216248

192th run
original u-statistic:-1447.87890625
p value proxy: 0.564784049987793
result: 0.0
power_upto_now: 0.1354166716337204

193th run
original u-statistic:2134.08740234375
p value proxy: 0.2890365421772003
result: 0.0
power_upto_now: 0.1347150206565857

194th run
original u-statistic:-2.557401180267334
p value proxy: 0.49833887815475464
result: 0.0
power_upto_now: 0.1340206116437912

195th run
original u-statistic:-2905.978515625
p value proxy: 0.7142857313156128
result: 0.0
power_upto_now: 0.13333334028720856

196th run
original u-statistic:-855.95703125
p value proxy: 0.5481727719306946
result: 0.0
power_upto_now: 0.13265305757522583

197th run
original u-statistic:3351.056884765625
p value proxy: 0.2026578038930893
result: 0.0
power_upto_now: 0.13197968900203705

198th run
original u-statistic:285.9800109863281
p value proxy: 0.4451827108860016
result: 0.0
power_upto_now: 0.13131313025951385

199th run
original u-statistic:2949.0849609375
p value proxy: 0.2059800624847412
result: 0.0
power_upto_now: 0.1306532621383667

200th run
original u-statistic:13921.51953125
p value proxy: 0.006644518114626408
result: 1.0
power_upto_now: 0.13500000536441803

201th run
original u-statistic:9931.13671875
p value proxy: 0.023255813866853714
result: 1.0
power_upto_now: 0.13930347561836243

202th run
original u-statistic:4941.275390625
p value proxy: 0.13621261715888977
result: 0.0
power_upto_now: 0.13861386477947235

203th run
original u-statistic:1951.361328125
p value proxy: 0.3654485046863556
result: 0.0
power_upto_now: 0.13793103396892548

204th run
original u-statistic:-3605.21240234375
p value proxy: 0.7906976938247681
result: 0.0
power_upto_now: 0.13725490868091583

205th run
original u-statistic:-1646.4674072265625
p value proxy: 0.6079733967781067
result: 0.0
power_upto_now: 0.13658536970615387

206th run
original u-statistic:-2910.871337890625
p value proxy: 0.7508305907249451
result: 0.0
power_upto_now: 0.13592232763767242

207th run
original u-statistic:3924.85791015625
p value proxy: 0.2225913554430008
result: 0.0
power_upto_now: 0.13526569306850433

208th run
original u-statistic:1482.870361328125
p value proxy: 0.3056478500366211
result: 0.0
power_upto_now: 0.13461539149284363

209th run
original u-statistic:2470.593994140625
p value proxy: 0.27906978130340576
result: 0.0
power_upto_now: 0.13397128880023956

210th run
original u-statistic:3591.855712890625
p value proxy: 0.2026578038930893
result: 0.0
power_upto_now: 0.13333334028720856

211th run
original u-statistic:6789.13037109375
p value proxy: 0.08970099687576294
result: 0.0
power_upto_now: 0.13270142674446106

212th run
original u-statistic:2019.449951171875
p value proxy: 0.3255814015865326
result: 0.0
power_upto_now: 0.1320754736661911

213th run
original u-statistic:2208.7119140625
p value proxy: 0.27906978130340576
result: 0.0
power_upto_now: 0.13145539164543152

214th run
original u-statistic:566.3900756835938
p value proxy: 0.40199336409568787
result: 0.0
power_upto_now: 0.13084112107753754

215th run
original u-statistic:-578.4673461914062
p value proxy: 0.5016611218452454
result: 0.0
power_upto_now: 0.1302325576543808

216th run
original u-statistic:-7589.8740234375
p value proxy: 0.9867109656333923
result: 0.0
power_upto_now: 0.12962962687015533

217th run
original u-statistic:-1126.5859375
p value proxy: 0.5581395626068115
result: 0.0
power_upto_now: 0.12903225421905518

218th run
original u-statistic:2842.052978515625
p value proxy: 0.262458473443985
result: 0.0
power_upto_now: 0.12844036519527435

219th run
original u-statistic:-5251.07861328125
p value proxy: 0.9102990031242371
result: 0.0
power_upto_now: 0.1278538852930069

220th run
original u-statistic:-2282.852294921875
p value proxy: 0.7375415563583374
result: 0.0
power_upto_now: 0.12727272510528564

221th run
original u-statistic:-1674.47021484375
p value proxy: 0.634551465511322
result: 0.0
power_upto_now: 0.12669683992862701

222th run
original u-statistic:1478.5775146484375
p value proxy: 0.3222591280937195
result: 0.0
power_upto_now: 0.12612612545490265

223th run
original u-statistic:-1774.4046630859375
p value proxy: 0.6279069781303406
result: 0.0
power_upto_now: 0.12556053698062897

224th run
original u-statistic:1216.5045166015625
p value proxy: 0.3289036452770233
result: 0.0
power_upto_now: 0.125

225th run
original u-statistic:1285.576171875
p value proxy: 0.3488371968269348
result: 0.0
power_upto_now: 0.12444444745779037

226th run
original u-statistic:3876.705810546875
p value proxy: 0.2059800624847412
result: 0.0
power_upto_now: 0.12389380484819412

227th run
original u-statistic:6092.84521484375
p value proxy: 0.07641196250915527
result: 0.0
power_upto_now: 0.12334802001714706

228th run
original u-statistic:9006.2900390625
p value proxy: 0.029900332912802696
result: 1.0
power_upto_now: 0.12719298899173737

229th run
original u-statistic:4904.7861328125
p value proxy: 0.11960133165121078
result: 0.0
power_upto_now: 0.1266375482082367

230th run
original u-statistic:-3588.30859375
p value proxy: 0.8039867281913757
result: 0.0
power_upto_now: 0.12608695030212402

231th run
original u-statistic:12435.0712890625
p value proxy: 0.003322259057313204
result: 1.0
power_upto_now: 0.12987013161182404

232th run
original u-statistic:3438.648193359375
p value proxy: 0.2059800624847412
result: 0.0
power_upto_now: 0.12931033968925476

233th run
original u-statistic:4626.5712890625
p value proxy: 0.1627907007932663
result: 0.0
power_upto_now: 0.1287553608417511

234th run
original u-statistic:6248.7880859375
p value proxy: 0.05647840350866318
result: 0.0
power_upto_now: 0.12820513546466827

235th run
original u-statistic:4898.09228515625
p value proxy: 0.0830564796924591
result: 0.0
power_upto_now: 0.12765957415103912

236th run
original u-statistic:12636.7265625
p value proxy: 0.003322259057313204
result: 1.0
power_upto_now: 0.13135592639446259

237th run
original u-statistic:1427.488525390625
p value proxy: 0.3322259187698364
result: 0.0
power_upto_now: 0.13080169260501862

238th run
original u-statistic:1767.9656982421875
p value proxy: 0.3289036452770233
result: 0.0
power_upto_now: 0.13025210797786713

239th run
original u-statistic:1134.118896484375
p value proxy: 0.3322259187698364
result: 0.0
power_upto_now: 0.12970711290836334

240th run
original u-statistic:10523.4375
p value proxy: 0.019933555275201797
result: 1.0
power_upto_now: 0.13333334028720856

241th run
original u-statistic:-2124.243408203125
p value proxy: 0.6511628031730652
result: 0.0
power_upto_now: 0.13278008997440338

242th run
original u-statistic:7181.61865234375
p value proxy: 0.05647840350866318
result: 0.0
power_upto_now: 0.13223139941692352

243th run
original u-statistic:4282.27587890625
p value proxy: 0.1428571492433548
result: 0.0
power_upto_now: 0.1316872388124466

244th run
original u-statistic:6420.5654296875
p value proxy: 0.07308970391750336
result: 0.0
power_upto_now: 0.13114753365516663

245th run
original u-statistic:5228.033203125
p value proxy: 0.08637873828411102
result: 0.0
power_upto_now: 0.13061223924160004

246th run
original u-statistic:-1727.78173828125
p value proxy: 0.6212624311447144
result: 0.0
power_upto_now: 0.13008129596710205

247th run
original u-statistic:3201.0546875
p value proxy: 0.23255814611911774
result: 0.0
power_upto_now: 0.1295546591281891

248th run
original u-statistic:2346.412841796875
p value proxy: 0.33887043595314026
result: 0.0
power_upto_now: 0.12903225421905518

249th run
original u-statistic:3407.38818359375
p value proxy: 0.23255814611911774
result: 0.0
power_upto_now: 0.12851405143737793

250th run
original u-statistic:-377.59228515625
p value proxy: 0.49833887815475464
result: 0.0
power_upto_now: 0.12800000607967377

251th run
original u-statistic:-50.41919708251953
p value proxy: 0.5215947031974792
result: 0.0
power_upto_now: 0.12749004364013672

252th run
original u-statistic:-957.8222045898438
p value proxy: 0.5448504686355591
result: 0.0
power_upto_now: 0.1269841343164444

253th run
original u-statistic:1562.3504638671875
p value proxy: 0.35880398750305176
result: 0.0
power_upto_now: 0.12648221850395203

254th run
original u-statistic:2023.0970458984375
p value proxy: 0.3322259187698364
result: 0.0
power_upto_now: 0.12598425149917603

255th run
original u-statistic:12707.6416015625
p value proxy: 0.006644518114626408
result: 1.0
power_upto_now: 0.12941177189350128

256th run
original u-statistic:1780.5206298828125
p value proxy: 0.33887043595314026
result: 0.0
power_upto_now: 0.12890625

257th run
original u-statistic:-6106.50390625
p value proxy: 0.9401993155479431
result: 0.0
power_upto_now: 0.1284046620130539

258th run
original u-statistic:1582.92724609375
p value proxy: 0.3222591280937195
result: 0.0
power_upto_now: 0.12790697813034058

259th run
original u-statistic:145.01388549804688
p value proxy: 0.5348837375640869
result: 0.0
power_upto_now: 0.12741312384605408

260th run
original u-statistic:-2520.437255859375
p value proxy: 0.7308970093727112
result: 0.0
power_upto_now: 0.1269230842590332

261th run
original u-statistic:2038.9954833984375
p value proxy: 0.3289036452770233
result: 0.0
power_upto_now: 0.12643678486347198

262th run
original u-statistic:2914.749267578125
p value proxy: 0.262458473443985
result: 0.0
power_upto_now: 0.12595419585704803

263th run
original u-statistic:247.08001708984375
p value proxy: 0.47840532660484314
result: 0.0
power_upto_now: 0.12547528743743896

264th run
original u-statistic:3607.41357421875
p value proxy: 0.2059800624847412
result: 0.0
power_upto_now: 0.125

265th run
original u-statistic:-464.8044738769531
p value proxy: 0.4651162922382355
result: 0.0
power_upto_now: 0.12452830374240875

266th run
original u-statistic:1426.835205078125
p value proxy: 0.3222591280937195
result: 0.0
power_upto_now: 0.12406015396118164

267th run
original u-statistic:2862.7158203125
p value proxy: 0.2259136140346527
result: 0.0
power_upto_now: 0.12359550595283508

268th run
original u-statistic:2485.567626953125
p value proxy: 0.2591361999511719
result: 0.0
power_upto_now: 0.12313432991504669

269th run
original u-statistic:1627.1923828125
p value proxy: 0.31893688440322876
result: 0.0
power_upto_now: 0.12267658114433289

270th run
original u-statistic:1073.2093505859375
p value proxy: 0.3654485046863556
result: 0.0
power_upto_now: 0.12222222238779068

271th run
original u-statistic:4539.50927734375
p value proxy: 0.13621261715888977
result: 0.0
power_upto_now: 0.12177121639251709

272th run
original u-statistic:4623.73095703125
p value proxy: 0.10631228983402252
result: 0.0
power_upto_now: 0.12132352590560913

273th run
original u-statistic:5661.7001953125
p value proxy: 0.10631228983402252
result: 0.0
power_upto_now: 0.12087912112474442

274th run
original u-statistic:1918.296142578125
p value proxy: 0.35880398750305176
result: 0.0
power_upto_now: 0.12043795734643936

275th run
original u-statistic:-1972.8951416015625
p value proxy: 0.5913621187210083
result: 0.0
power_upto_now: 0.11999999731779099

276th run
original u-statistic:6042.50244140625
p value proxy: 0.0830564796924591
result: 0.0
power_upto_now: 0.1195652186870575

277th run
original u-statistic:3651.287353515625
p value proxy: 0.1860465109348297
result: 0.0
power_upto_now: 0.11913357675075531

278th run
original u-statistic:4351.5205078125
p value proxy: 0.17940199375152588
result: 0.0
power_upto_now: 0.11870503425598145

279th run
original u-statistic:8760.787109375
p value proxy: 0.023255813866853714
result: 1.0
power_upto_now: 0.12186379730701447

280th run
original u-statistic:3770.28271484375
p value proxy: 0.19933554530143738
result: 0.0
power_upto_now: 0.12142857164144516

281th run
original u-statistic:-2407.009521484375
p value proxy: 0.7142857313156128
result: 0.0
power_upto_now: 0.12099643796682358

282th run
original u-statistic:3242.3603515625
p value proxy: 0.19601328670978546
result: 0.0
power_upto_now: 0.12056737393140793

283th run
original u-statistic:9728.0595703125
p value proxy: 0.03654485195875168
result: 1.0
power_upto_now: 0.1236749142408371

284th run
original u-statistic:5185.2119140625
p value proxy: 0.10963454842567444
result: 0.0
power_upto_now: 0.1232394352555275

285th run
original u-statistic:1455.8875732421875
p value proxy: 0.35548171401023865
result: 0.0
power_upto_now: 0.12280701845884323

286th run
original u-statistic:1038.881591796875
p value proxy: 0.3887043297290802
result: 0.0
power_upto_now: 0.12237761914730072

287th run
original u-statistic:-608.6779174804688
p value proxy: 0.5581395626068115
result: 0.0
power_upto_now: 0.12195122241973877

288th run
original u-statistic:7617.37158203125
p value proxy: 0.039867110550403595
result: 1.0
power_upto_now: 0.125

289th run
original u-statistic:8936.4072265625
p value proxy: 0.05315614491701126
result: 0.0
power_upto_now: 0.12456747144460678

290th run
original u-statistic:-1794.889404296875
p value proxy: 0.6312292218208313
result: 0.0
power_upto_now: 0.12413793057203293

291th run
original u-statistic:6181.998046875
p value proxy: 0.07308970391750336
result: 0.0
power_upto_now: 0.12371134012937546

292th run
original u-statistic:3305.780517578125
p value proxy: 0.24916943907737732
result: 0.0
power_upto_now: 0.12328767031431198

293th run
original u-statistic:-869.3070068359375
p value proxy: 0.514950156211853
result: 0.0
power_upto_now: 0.12286689132452011

294th run
original u-statistic:8948.517578125
p value proxy: 0.023255813866853714
result: 1.0
power_upto_now: 0.12585033476352692

295th run
original u-statistic:-79.98657989501953
p value proxy: 0.4883720874786377
result: 0.0
power_upto_now: 0.12542372941970825

296th run
original u-statistic:-665.5908813476562
p value proxy: 0.485049843788147
result: 0.0
power_upto_now: 0.125

297th run
original u-statistic:3258.516845703125
p value proxy: 0.22923588752746582
result: 0.0
power_upto_now: 0.12457912415266037

298th run
original u-statistic:88.1303482055664
p value proxy: 0.42192691564559937
result: 0.0
power_upto_now: 0.12416107207536697

299th run
original u-statistic:-699.2169799804688
p value proxy: 0.5448504686355591
result: 0.0
power_upto_now: 0.12374582141637802

300th run
original u-statistic:3013.175537109375
p value proxy: 0.2591361999511719
result: 0.0
power_upto_now: 0.12333333492279053

301th run
original u-statistic:2133.419921875
p value proxy: 0.3255814015865326
result: 0.0
power_upto_now: 0.1229235902428627

302th run
original u-statistic:2683.759033203125
p value proxy: 0.2225913554430008
result: 0.0
power_upto_now: 0.12251655757427216

303th run
original u-statistic:1120.675048828125
p value proxy: 0.3720930218696594
result: 0.0
power_upto_now: 0.1221122145652771

304th run
original u-statistic:536.834716796875
p value proxy: 0.43853819370269775
result: 0.0
power_upto_now: 0.12171052396297455

305th run
original u-statistic:2612.53515625
p value proxy: 0.25581395626068115
result: 0.0
power_upto_now: 0.1213114783167839

306th run
original u-statistic:-782.6259765625
p value proxy: 0.564784049987793
result: 0.0
power_upto_now: 0.12091503292322159

307th run
original u-statistic:-11552.357421875
p value proxy: 1.0
result: 0.0
power_upto_now: 0.1205211728811264

308th run
original u-statistic:6676.408203125
p value proxy: 0.08637873828411102
result: 0.0
power_upto_now: 0.12012986838817596

309th run
original u-statistic:-2356.63916015625
p value proxy: 0.7142857313156128
result: 0.0
power_upto_now: 0.11974109709262848

310th run
original u-statistic:-4446.5986328125
p value proxy: 0.8704319000244141
result: 0.0
power_upto_now: 0.11935483664274216

311th run
original u-statistic:2488.7177734375
p value proxy: 0.2657807171344757
result: 0.0
power_upto_now: 0.11897106468677521

312th run
original u-statistic:2534.76513671875
p value proxy: 0.2657807171344757
result: 0.0
power_upto_now: 0.11858974397182465

313th run
original u-statistic:1507.84912109375
p value proxy: 0.3621262311935425
result: 0.0
power_upto_now: 0.11821085959672928

314th run
original u-statistic:4826.0927734375
p value proxy: 0.11960133165121078
result: 0.0
power_upto_now: 0.11783439666032791

315th run
original u-statistic:10258.078125
p value proxy: 0.013289036229252815
result: 1.0
power_upto_now: 0.12063492089509964

316th run
original u-statistic:15409.1884765625
p value proxy: 0.006644518114626408
result: 1.0
power_upto_now: 0.12341772019863129

317th run
original u-statistic:-4223.61181640625
p value proxy: 0.8139534592628479
result: 0.0
power_upto_now: 0.12302839010953903

318th run
original u-statistic:-8033.0048828125
p value proxy: 0.9767441749572754
result: 0.0
power_upto_now: 0.12264151126146317

319th run
original u-statistic:10871.91015625
p value proxy: 0.006644518114626408
result: 1.0
power_upto_now: 0.1253918558359146

320th run
original u-statistic:5416.1953125
p value proxy: 0.08637873828411102
result: 0.0
power_upto_now: 0.125

321th run
original u-statistic:3526.57763671875
p value proxy: 0.17607973515987396
result: 0.0
power_upto_now: 0.12461059540510178

322th run
original u-statistic:1513.6697998046875
p value proxy: 0.342192679643631
result: 0.0
power_upto_now: 0.12422360479831696

323th run
original u-statistic:3945.242919921875
p value proxy: 0.17607973515987396
result: 0.0
power_upto_now: 0.12383900582790375

324th run
original u-statistic:3143.2509765625
p value proxy: 0.19601328670978546
result: 0.0
power_upto_now: 0.12345679104328156

325th run
original u-statistic:3716.987548828125
p value proxy: 0.17940199375152588
result: 0.0
power_upto_now: 0.1230769231915474

326th run
original u-statistic:1979.8538818359375
p value proxy: 0.35880398750305176
result: 0.0
power_upto_now: 0.12269938737154007

327th run
original u-statistic:-1150.6259765625
p value proxy: 0.6013289093971252
result: 0.0
power_upto_now: 0.12232416123151779

328th run
original u-statistic:-2130.776611328125
p value proxy: 0.6677740812301636
result: 0.0
power_upto_now: 0.12195122241973877

329th run
original u-statistic:-2045.60205078125
p value proxy: 0.6578072905540466
result: 0.0
power_upto_now: 0.12158054858446121

330th run
original u-statistic:-10224.40234375
p value proxy: 0.9966777563095093
result: 0.0
power_upto_now: 0.12121212482452393

331th run
original u-statistic:-8751.501953125
p value proxy: 0.9900332093238831
result: 0.0
power_upto_now: 0.12084592133760452

332th run
original u-statistic:9933.9404296875
p value proxy: 0.013289036229252815
result: 1.0
power_upto_now: 0.1234939768910408

333th run
original u-statistic:12.003417015075684
p value proxy: 0.49833887815475464
result: 0.0
power_upto_now: 0.12312312424182892

334th run
original u-statistic:-802.353759765625
p value proxy: 0.5614618062973022
result: 0.0
power_upto_now: 0.12275449186563492

335th run
original u-statistic:6210.2197265625
p value proxy: 0.10963454842567444
result: 0.0
power_upto_now: 0.12238805741071701

336th run
original u-statistic:-1103.51953125
p value proxy: 0.6744186282157898
result: 0.0
power_upto_now: 0.122023805975914

337th run
original u-statistic:3971.81982421875
p value proxy: 0.19601328670978546
result: 0.0
power_upto_now: 0.1216617226600647

338th run
original u-statistic:-4331.6298828125
p value proxy: 0.8870431780815125
result: 0.0
power_upto_now: 0.12130177766084671

339th run
original u-statistic:-2815.142333984375
p value proxy: 0.724252462387085
result: 0.0
power_upto_now: 0.12094395607709885

340th run
original u-statistic:-2561.525146484375
p value proxy: 0.724252462387085
result: 0.0
power_upto_now: 0.12058823555707932

341th run
original u-statistic:-3162.47021484375
p value proxy: 0.7475082874298096
result: 0.0
power_upto_now: 0.12023460119962692

342th run
original u-statistic:2668.67041015625
p value proxy: 0.2425249218940735
result: 0.0
power_upto_now: 0.11988303810358047

343th run
original u-statistic:-4209.68212890625
p value proxy: 0.8272425532341003
result: 0.0
power_upto_now: 0.11953353136777878

344th run
original u-statistic:7118.15087890625
p value proxy: 0.039867110550403595
result: 1.0
power_upto_now: 0.12209302186965942

345th run
original u-statistic:6848.462890625
p value proxy: 0.07641196250915527
result: 0.0
power_upto_now: 0.12173912674188614

346th run
original u-statistic:-3203.6201171875
p value proxy: 0.8039867281913757
result: 0.0
power_upto_now: 0.12138728052377701

347th run
original u-statistic:-1546.1998291015625
p value proxy: 0.6312292218208313
result: 0.0
power_upto_now: 0.12103746086359024

348th run
original u-statistic:-1687.345703125
p value proxy: 0.6411960124969482
result: 0.0
power_upto_now: 0.12068965286016464

349th run
original u-statistic:6951.349609375
p value proxy: 0.06312292069196701
result: 0.0
power_upto_now: 0.12034384161233902

350th run
original u-statistic:-4267.14306640625
p value proxy: 0.8372092843055725
result: 0.0
power_upto_now: 0.11999999731779099

351th run
original u-statistic:14678.8916015625
p value proxy: 0.003322259057313204
result: 1.0
power_upto_now: 0.12250712513923645

352th run
original u-statistic:-6635.60546875
p value proxy: 0.9568106532096863
result: 0.0
power_upto_now: 0.12215909361839294

353th run
original u-statistic:-168.03370666503906
p value proxy: 0.5714285969734192
result: 0.0
power_upto_now: 0.12181302905082703

354th run
original u-statistic:7997.7197265625
p value proxy: 0.049833886325359344
result: 1.0
power_upto_now: 0.12429378181695938

355th run
original u-statistic:3569.795166015625
p value proxy: 0.23588040471076965
result: 0.0
power_upto_now: 0.12394366413354874

356th run
original u-statistic:-1881.7528076171875
p value proxy: 0.6544850468635559
result: 0.0
power_upto_now: 0.12359550595283508

357th run
original u-statistic:4010.980712890625
p value proxy: 0.20930232107639313
result: 0.0
power_upto_now: 0.12324929982423782

358th run
original u-statistic:944.63232421875
p value proxy: 0.37873753905296326
result: 0.0
power_upto_now: 0.12290503084659576

359th run
original u-statistic:-1513.7564697265625
p value proxy: 0.6312292218208313
result: 0.0
power_upto_now: 0.12256267666816711

360th run
original u-statistic:184.0139617919922
p value proxy: 0.41528239846229553
result: 0.0
power_upto_now: 0.12222222238779068

361th run
original u-statistic:-2136.8896484375
p value proxy: 0.6611295938491821
result: 0.0
power_upto_now: 0.12188365310430527

362th run
original u-statistic:10534.6435546875
p value proxy: 0.02657807245850563
result: 1.0
power_upto_now: 0.12430939078330994

363th run
original u-statistic:8967.859375
p value proxy: 0.023255813866853714
result: 1.0
power_upto_now: 0.12672176957130432

364th run
original u-statistic:1140.2572021484375
p value proxy: 0.42192691564559937
result: 0.0
power_upto_now: 0.12637363374233246

365th run
original u-statistic:2811.1396484375
p value proxy: 0.25581395626068115
result: 0.0
power_upto_now: 0.12602739036083221

366th run
original u-statistic:-7132.72021484375
p value proxy: 0.9568106532096863
result: 0.0
power_upto_now: 0.12568305432796478

367th run
original u-statistic:-5658.1591796875
p value proxy: 0.9003322124481201
result: 0.0
power_upto_now: 0.12534059584140778

368th run
original u-statistic:1510.7393798828125
p value proxy: 0.33887043595314026
result: 0.0
power_upto_now: 0.125

369th run
original u-statistic:615.5592041015625
p value proxy: 0.43521595001220703
result: 0.0
power_upto_now: 0.12466124445199966

370th run
original u-statistic:887.6403198242188
p value proxy: 0.4318936765193939
result: 0.0
power_upto_now: 0.12432432174682617

371th run
original u-statistic:-1292.3221435546875
p value proxy: 0.5880398750305176
result: 0.0
power_upto_now: 0.12398921698331833

372th run
original u-statistic:5696.470703125
p value proxy: 0.09634551405906677
result: 0.0
power_upto_now: 0.12365591526031494

373th run
original u-statistic:8109.2373046875
p value proxy: 0.04651162773370743
result: 1.0
power_upto_now: 0.1260053664445877

374th run
original u-statistic:7426.0
p value proxy: 0.05980066582560539
result: 0.0
power_upto_now: 0.1256684511899948

375th run
original u-statistic:5406.0810546875
p value proxy: 0.15282392501831055
result: 0.0
power_upto_now: 0.12533333897590637

376th run
original u-statistic:8809.3466796875
p value proxy: 0.016611294820904732
result: 1.0
power_upto_now: 0.12765957415103912

377th run
original u-statistic:839.8945922851562
p value proxy: 0.44186046719551086
result: 0.0
power_upto_now: 0.12732096016407013

378th run
original u-statistic:-3462.08984375
p value proxy: 0.7707641124725342
result: 0.0
power_upto_now: 0.1269841343164444

379th run
original u-statistic:7977.6396484375
p value proxy: 0.023255813866853714
result: 1.0
power_upto_now: 0.12928760051727295

380th run
original u-statistic:5932.59619140625
p value proxy: 0.08637873828411102
result: 0.0
power_upto_now: 0.12894736230373383

381th run
original u-statistic:2839.8095703125
p value proxy: 0.262458473443985
result: 0.0
power_upto_now: 0.12860892713069916

382th run
original u-statistic:1899.6612548828125
p value proxy: 0.3122923672199249
result: 0.0
power_upto_now: 0.12827225029468536

383th run
original u-statistic:-905.7760620117188
p value proxy: 0.6013289093971252
result: 0.0
power_upto_now: 0.12793733179569244

384th run
original u-statistic:304.52984619140625
p value proxy: 0.4518272280693054
result: 0.0
power_upto_now: 0.1276041716337204

385th run
original u-statistic:3545.597412109375
p value proxy: 0.2425249218940735
result: 0.0
power_upto_now: 0.12727272510528564

386th run
original u-statistic:-2528.26611328125
p value proxy: 0.7275747656822205
result: 0.0
power_upto_now: 0.12694300711154938

387th run
original u-statistic:2006.1895751953125
p value proxy: 0.33554816246032715
result: 0.0
power_upto_now: 0.1266149878501892

388th run
original u-statistic:8040.91455078125
p value proxy: 0.06312292069196701
result: 0.0
power_upto_now: 0.12628865242004395

389th run
original u-statistic:7019.0576171875
p value proxy: 0.07308970391750336
result: 0.0
power_upto_now: 0.12596401572227478

390th run
original u-statistic:2033.7674560546875
p value proxy: 0.27906978130340576
result: 0.0
power_upto_now: 0.12564103305339813

391th run
original u-statistic:7954.5751953125
p value proxy: 0.033222589641809464
result: 1.0
power_upto_now: 0.12787723541259766

392th run
original u-statistic:2232.97509765625
p value proxy: 0.25581395626068115
result: 0.0
power_upto_now: 0.12755101919174194

393th run
original u-statistic:4069.438232421875
p value proxy: 0.13621261715888977
result: 0.0
power_upto_now: 0.12722645699977875

394th run
original u-statistic:3105.363037109375
p value proxy: 0.17940199375152588
result: 0.0
power_upto_now: 0.12690354883670807

395th run
original u-statistic:-1489.82177734375
p value proxy: 0.6079733967781067
result: 0.0
power_upto_now: 0.1265822798013687

396th run
original u-statistic:3209.41796875
p value proxy: 0.2458471804857254
result: 0.0
power_upto_now: 0.1262626200914383

397th run
original u-statistic:5350.17529296875
p value proxy: 0.11627907305955887
result: 0.0
power_upto_now: 0.125944584608078

398th run
original u-statistic:6899.8857421875
p value proxy: 0.06976744532585144
result: 0.0
power_upto_now: 0.12562814354896545

399th run
original u-statistic:224.46144104003906
p value proxy: 0.4651162922382355
result: 0.0
power_upto_now: 0.12531328201293945

400th run
original u-statistic:-3069.0556640625
p value proxy: 0.7541528344154358
result: 0.0
power_upto_now: 0.125

401th run
original u-statistic:11725.017578125
p value proxy: 0.003322259057313204
result: 1.0
power_upto_now: 0.12718205153942108

402th run
original u-statistic:-359.2402038574219
p value proxy: 0.5182723999023438
result: 0.0
power_upto_now: 0.1268656700849533

403th run
original u-statistic:3569.400390625
p value proxy: 0.19601328670978546
result: 0.0
power_upto_now: 0.12655086815357208

404th run
original u-statistic:5967.09521484375
p value proxy: 0.09302325546741486
result: 0.0
power_upto_now: 0.1262376308441162

405th run
original u-statistic:-4704.2001953125
p value proxy: 0.880398690700531
result: 0.0
power_upto_now: 0.1259259283542633

406th run
original u-statistic:4588.90380859375
p value proxy: 0.16943521797657013
result: 0.0
power_upto_now: 0.12561576068401337

407th run
original u-statistic:-3744.32568359375
p value proxy: 0.8039867281913757
result: 0.0
power_upto_now: 0.1253071278333664

408th run
original u-statistic:1868.163330078125
p value proxy: 0.2823920249938965
result: 0.0
power_upto_now: 0.125

409th run
original u-statistic:6084.4140625
p value proxy: 0.06312292069196701
result: 0.0
power_upto_now: 0.12469437718391418

410th run
original u-statistic:-3763.81591796875
p value proxy: 0.8073089718818665
result: 0.0
power_upto_now: 0.12439024448394775

411th run
original u-statistic:414.85906982421875
p value proxy: 0.3920265734195709
result: 0.0
power_upto_now: 0.12408759444952011

412th run
original u-statistic:1028.6011962890625
p value proxy: 0.3687707781791687
result: 0.0
power_upto_now: 0.12378640472888947

413th run
original u-statistic:-1425.9156494140625
p value proxy: 0.5780730843544006
result: 0.0
power_upto_now: 0.12348668277263641

414th run
original u-statistic:-3697.401123046875
p value proxy: 0.7807309031486511
result: 0.0
power_upto_now: 0.12318840622901917

415th run
original u-statistic:4666.84423828125
p value proxy: 0.1428571492433548
result: 0.0
power_upto_now: 0.12289156764745712

416th run
original u-statistic:2252.2060546875
p value proxy: 0.27906978130340576
result: 0.0
power_upto_now: 0.12259615212678909

417th run
original u-statistic:589.851806640625
p value proxy: 0.4285714328289032
result: 0.0
power_upto_now: 0.12230215966701508

418th run
original u-statistic:-856.0615234375
p value proxy: 0.5780730843544006
result: 0.0
power_upto_now: 0.12200956791639328

419th run
original u-statistic:11809.408203125
p value proxy: 0.006644518114626408
result: 1.0
power_upto_now: 0.12410501390695572

420th run
original u-statistic:2655.185302734375
p value proxy: 0.31893688440322876
result: 0.0
power_upto_now: 0.12380952388048172

421th run
original u-statistic:2467.128173828125
p value proxy: 0.27574750781059265
result: 0.0
power_upto_now: 0.12351544201374054

422th run
original u-statistic:12826.8662109375
p value proxy: 0.006644518114626408
result: 1.0
power_upto_now: 0.1255924105644226

423th run
original u-statistic:-568.8997192382812
p value proxy: 0.4916943609714508
result: 0.0
power_upto_now: 0.1252955049276352

424th run
original u-statistic:-3993.210205078125
p value proxy: 0.8006644248962402
result: 0.0
power_upto_now: 0.125

425th run
original u-statistic:10140.7724609375
p value proxy: 0.013289036229252815
result: 1.0
power_upto_now: 0.12705881893634796

426th run
original u-statistic:-879.7655639648438
p value proxy: 0.5348837375640869
result: 0.0
power_upto_now: 0.1267605572938919

427th run
original u-statistic:3824.341796875
p value proxy: 0.2059800624847412
result: 0.0
power_upto_now: 0.12646369636058807

428th run
original u-statistic:10293.2001953125
p value proxy: 0.009966777637600899
result: 1.0
power_upto_now: 0.128504678606987

429th run
original u-statistic:7134.271484375
p value proxy: 0.06976744532585144
result: 0.0
power_upto_now: 0.12820513546466827

430th run
original u-statistic:-6802.9482421875
p value proxy: 0.9568106532096863
result: 0.0
power_upto_now: 0.12790697813034058

431th run
original u-statistic:-5388.6005859375
p value proxy: 0.8936877250671387
result: 0.0
power_upto_now: 0.1276102066040039

432th run
original u-statistic:630.5535278320312
p value proxy: 0.3887043297290802
result: 0.0
power_upto_now: 0.12731482088565826

433th run
original u-statistic:-4846.90380859375
p value proxy: 0.8737541437149048
result: 0.0
power_upto_now: 0.12702079117298126

434th run
original u-statistic:11705.17578125
p value proxy: 0.006644518114626408
result: 1.0
power_upto_now: 0.12903225421905518

435th run
original u-statistic:-2436.33056640625
p value proxy: 0.6943521499633789
result: 0.0
power_upto_now: 0.12873563170433044

436th run
original u-statistic:11590.583984375
p value proxy: 0.013289036229252815
result: 1.0
power_upto_now: 0.13073395192623138

437th run
original u-statistic:-285.6845397949219
p value proxy: 0.5215947031974792
result: 0.0
power_upto_now: 0.1304347813129425

438th run
original u-statistic:-737.1720581054688
p value proxy: 0.5813953280448914
result: 0.0
power_upto_now: 0.13013698160648346

439th run
original u-statistic:1782.484619140625
p value proxy: 0.262458473443985
result: 0.0
power_upto_now: 0.12984055280685425

440th run
original u-statistic:-1649.50390625
p value proxy: 0.6212624311447144
result: 0.0
power_upto_now: 0.1295454502105713

441th run
original u-statistic:549.0206298828125
p value proxy: 0.42192691564559937
result: 0.0
power_upto_now: 0.12925170361995697

442th run
original u-statistic:3365.8671875
p value proxy: 0.1827242523431778
result: 0.0
power_upto_now: 0.1289592832326889

443th run
original u-statistic:-4028.73828125
p value proxy: 0.8139534592628479
result: 0.0
power_upto_now: 0.1286681741476059

444th run
original u-statistic:7875.0185546875
p value proxy: 0.04651162773370743
result: 1.0
power_upto_now: 0.13063062727451324

445th run
original u-statistic:6747.921875
p value proxy: 0.05647840350866318
result: 0.0
power_upto_now: 0.13033707439899445

446th run
original u-statistic:699.2649536132812
p value proxy: 0.4053156077861786
result: 0.0
power_upto_now: 0.1300448477268219

447th run
original u-statistic:308.2853088378906
p value proxy: 0.4916943609714508
result: 0.0
power_upto_now: 0.12975391745567322

448th run
original u-statistic:5871.447265625
p value proxy: 0.09302325546741486
result: 0.0
power_upto_now: 0.1294642835855484

449th run
original u-statistic:2506.28564453125
p value proxy: 0.31561461091041565
result: 0.0
power_upto_now: 0.12917594611644745

450th run
original u-statistic:5886.92236328125
p value proxy: 0.06976744532585144
result: 0.0
power_upto_now: 0.12888889014720917

451th run
original u-statistic:8299.80078125
p value proxy: 0.033222589641809464
result: 1.0
power_upto_now: 0.1308203935623169

452th run
original u-statistic:7067.09619140625
p value proxy: 0.05647840350866318
result: 0.0
power_upto_now: 0.1305309683084488

453th run
original u-statistic:639.4725952148438
p value proxy: 0.4883720874786377
result: 0.0
power_upto_now: 0.13024282455444336

454th run
original u-statistic:993.6133422851562
p value proxy: 0.44186046719551086
result: 0.0
power_upto_now: 0.1299559473991394

455th run
original u-statistic:2862.50830078125
p value proxy: 0.2691029906272888
result: 0.0
power_upto_now: 0.12967033684253693

456th run
original u-statistic:9740.833984375
p value proxy: 0.016611294820904732
result: 1.0
power_upto_now: 0.1315789520740509

457th run
original u-statistic:3290.7578125
p value proxy: 0.2225913554430008
result: 0.0
power_upto_now: 0.13129103183746338

458th run
original u-statistic:4647.7099609375
p value proxy: 0.17940199375152588
result: 0.0
power_upto_now: 0.13100436329841614

459th run
original u-statistic:454.636962890625
p value proxy: 0.3853820562362671
result: 0.0
power_upto_now: 0.13071896135807037

460th run
original u-statistic:-2748.17822265625
p value proxy: 0.7043189406394958
result: 0.0
power_upto_now: 0.1304347813129425

461th run
original u-statistic:12692.0419921875
p value proxy: 0.013289036229252815
result: 1.0
power_upto_now: 0.1323210448026657

462th run
original u-statistic:4149.6845703125
p value proxy: 0.15614618360996246
result: 0.0
power_upto_now: 0.13203462958335876

463th run
original u-statistic:4586.8037109375
p value proxy: 0.14950166642665863
result: 0.0
power_upto_now: 0.1317494660615921

464th run
original u-statistic:1424.1163330078125
p value proxy: 0.39867109060287476
result: 0.0
power_upto_now: 0.13146552443504333

465th run
original u-statistic:-1852.0489501953125
p value proxy: 0.6544850468635559
result: 0.0
power_upto_now: 0.13118278980255127

466th run
original u-statistic:2937.58740234375
p value proxy: 0.25581395626068115
result: 0.0
power_upto_now: 0.1309012919664383

467th run
original u-statistic:6252.26953125
p value proxy: 0.09302325546741486
result: 0.0
power_upto_now: 0.13062098622322083

468th run
original u-statistic:-714.2437133789062
p value proxy: 0.5514950156211853
result: 0.0
power_upto_now: 0.13034188747406006

469th run
original u-statistic:3100.486328125
p value proxy: 0.2026578038930893
result: 0.0
power_upto_now: 0.1300639659166336

470th run
original u-statistic:3340.4892578125
p value proxy: 0.23920266330242157
result: 0.0
power_upto_now: 0.12978723645210266

471th run
original u-statistic:-7528.51171875
p value proxy: 0.9800664186477661
result: 0.0
power_upto_now: 0.12951168417930603

472th run
original u-statistic:10955.5498046875
p value proxy: 0.019933555275201797
result: 1.0
power_upto_now: 0.13135592639446259

473th run
original u-statistic:-161.7271728515625
p value proxy: 0.42192691564559937
result: 0.0
power_upto_now: 0.13107822835445404

474th run
original u-statistic:2113.775390625
p value proxy: 0.2657807171344757
result: 0.0
power_upto_now: 0.13080169260501862

475th run
original u-statistic:2744.051025390625
p value proxy: 0.24916943907737732
result: 0.0
power_upto_now: 0.1305263191461563

476th run
original u-statistic:1029.6925048828125
p value proxy: 0.41528239846229553
result: 0.0
power_upto_now: 0.13025210797786713

477th run
original u-statistic:1162.5870361328125
p value proxy: 0.38205981254577637
result: 0.0
power_upto_now: 0.12997902929782867

478th run
original u-statistic:3305.43994140625
p value proxy: 0.21594683825969696
result: 0.0
power_upto_now: 0.12970711290836334

479th run
original u-statistic:-372.8872375488281
p value proxy: 0.49501660466194153
result: 0.0
power_upto_now: 0.12943632900714874

480th run
original u-statistic:7522.10986328125
p value proxy: 0.05315614491701126
result: 0.0
power_upto_now: 0.12916666269302368

481th run
original u-statistic:-807.774169921875
p value proxy: 0.5813953280448914
result: 0.0
power_upto_now: 0.12889812886714935

482th run
original u-statistic:-5448.97998046875
p value proxy: 0.9102990031242371
result: 0.0
power_upto_now: 0.12863071262836456

483th run
original u-statistic:-5023.0537109375
p value proxy: 0.8770763874053955
result: 0.0
power_upto_now: 0.12836438417434692

484th run
original u-statistic:5434.49072265625
p value proxy: 0.12956809997558594
result: 0.0
power_upto_now: 0.12809917330741882

485th run
original u-statistic:302.9401550292969
p value proxy: 0.4717608094215393
result: 0.0
power_upto_now: 0.12783505022525787

486th run
original u-statistic:-5762.5634765625
p value proxy: 0.9269102811813354
result: 0.0
power_upto_now: 0.12757201492786407

487th run
original u-statistic:-2070.93896484375
p value proxy: 0.6511628031730652
result: 0.0
power_upto_now: 0.12731006741523743

488th run
original u-statistic:-2708.5458984375
p value proxy: 0.7375415563583374
result: 0.0
power_upto_now: 0.12704917788505554

489th run
original u-statistic:2531.38330078125
p value proxy: 0.27242523431777954
result: 0.0
power_upto_now: 0.12678936123847961

490th run
original u-statistic:-4301.0537109375
p value proxy: 0.8770763874053955
result: 0.0
power_upto_now: 0.12653061747550964

491th run
original u-statistic:2763.822021484375
p value proxy: 0.2225913554430008
result: 0.0
power_upto_now: 0.12627291679382324

492th run
original u-statistic:864.9605102539062
p value proxy: 0.4518272280693054
result: 0.0
power_upto_now: 0.1260162591934204

493th run
original u-statistic:5134.6845703125
p value proxy: 0.12624584138393402
result: 0.0
power_upto_now: 0.12576064467430115

494th run
original u-statistic:-3978.70458984375
p value proxy: 0.8338870406150818
result: 0.0
power_upto_now: 0.12550607323646545

495th run
original u-statistic:4360.14453125
p value proxy: 0.14950166642665863
result: 0.0
power_upto_now: 0.12525252997875214

496th run
original u-statistic:-1608.3638916015625
p value proxy: 0.6212624311447144
result: 0.0
power_upto_now: 0.125

497th run
original u-statistic:7672.10888671875
p value proxy: 0.06976744532585144
result: 0.0
power_upto_now: 0.12474849075078964

498th run
original u-statistic:-3583.64404296875
p value proxy: 0.7607973217964172
result: 0.0
power_upto_now: 0.12449799478054047

499th run
original u-statistic:13906.658203125
p value proxy: 0.003322259057313204
result: 1.0
power_upto_now: 0.12625250220298767

500th run
original u-statistic:5157.16064453125
p value proxy: 0.14950166642665863
result: 0.0
power_upto_now: 0.12600000202655792
power estimate : 0.12600000202655792
elapsed time: 880.3206396102905
simulation ended at 2022-09-05 05:17:47.202127
