cuda available: True
code run on device:: cuda:0
copula_mean
tensor([-0.5000, -0.5000], device='cuda:0')
sigma
tensor([[1.0000, 0.5000],
        [0.5000, 1.0000]], device='cuda:0')

        simulation started at = 2022-09-13 00:12:12.027873 

        n = 12000, 

        kappa = 3, alpha = 0.7,

        gamma = 0.05, nTests = 500,

        B = 300, d = 2
        

1th run
4000
original u-statistic:1.2183039485141602
p value proxy: 0.19601328670978546
result: 0.0
power_upto_now: 0.0

2th run
4000
original u-statistic:2.8755174352629718
p value proxy: 0.05315614491701126
result: 0.0
power_upto_now: 0.0

3th run
4000
original u-statistic:-0.3365040601810292
p value proxy: 0.6013289093971252
result: 0.0
power_upto_now: 0.0

4th run
4000
original u-statistic:3.1537376042104612
p value proxy: 0.04651162773370743
result: 1.0
power_upto_now: 0.25

5th run
4000
original u-statistic:1.8970988528386932
p value proxy: 0.13621261715888977
result: 0.0
power_upto_now: 0.20000000298023224

6th run
4000
original u-statistic:4.049192102990959
p value proxy: 0.019933555275201797
result: 1.0
power_upto_now: 0.3333333432674408

7th run
4000
original u-statistic:0.8791419787066159
p value proxy: 0.2425249069929123
result: 0.0
power_upto_now: 0.2857142984867096

8th run
4000
original u-statistic:2.855750118584762
p value proxy: 0.06312292069196701
result: 0.0
power_upto_now: 0.25

9th run
4000
original u-statistic:-1.961945575580816
p value proxy: 0.8671095967292786
result: 0.0
power_upto_now: 0.2222222238779068

10th run
4000
original u-statistic:1.9359633340800126
p value proxy: 0.1395348757505417
result: 0.0
power_upto_now: 0.20000000298023224

11th run
4000
original u-statistic:1.1536018069426945
p value proxy: 0.21926909685134888
result: 0.0
power_upto_now: 0.1818181872367859

12th run
4000
original u-statistic:2.183366252695614
p value proxy: 0.11627906560897827
result: 0.0
power_upto_now: 0.1666666716337204

13th run
4000
original u-statistic:0.9052527550626466
p value proxy: 0.25249168276786804
result: 0.0
power_upto_now: 0.1538461595773697

14th run
4000
original u-statistic:2.756240006997334
p value proxy: 0.059800662100315094
result: 0.0
power_upto_now: 0.1428571492433548

15th run
4000
original u-statistic:2.8676482709075692
p value proxy: 0.06644517928361893
result: 0.0
power_upto_now: 0.13333334028720856

16th run
4000
original u-statistic:1.4399878273103548
p value proxy: 0.18936876952648163
result: 0.0
power_upto_now: 0.125

17th run
4000
original u-statistic:5.244827189582055
p value proxy: 0.003322259057313204
result: 1.0
power_upto_now: 0.1764705926179886

18th run
4000
original u-statistic:-0.7200758093923425
p value proxy: 0.6644518375396729
result: 0.0
power_upto_now: 0.1666666716337204

19th run
4000
original u-statistic:0.8388357824389914
p value proxy: 0.29568105936050415
result: 0.0
power_upto_now: 0.15789473056793213

20th run
4000
original u-statistic:5.694250883984017
p value proxy: 0.009966777637600899
result: 1.0
power_upto_now: 0.20000000298023224

21th run
4000
original u-statistic:4.78922267218745
p value proxy: 0.006644518114626408
result: 1.0
power_upto_now: 0.2380952388048172

22th run
4000
original u-statistic:0.35307188480134766
p value proxy: 0.3920265734195709
result: 0.0
power_upto_now: 0.22727273404598236

23th run
4000
original u-statistic:5.655898601115782
p value proxy: 0.003322259057313204
result: 1.0
power_upto_now: 0.260869562625885

24th run
4000
original u-statistic:-0.01661350632783609
p value proxy: 0.4285714328289032
result: 0.0
power_upto_now: 0.25

25th run
4000
original u-statistic:2.210986667328842
p value proxy: 0.09302325546741486
result: 0.0
power_upto_now: 0.23999999463558197

26th run
4000
original u-statistic:4.325468030337602
p value proxy: 0.016611294820904732
result: 1.0
power_upto_now: 0.26923078298568726

27th run
4000
original u-statistic:-1.2266207586382922
p value proxy: 0.7807309031486511
result: 0.0
power_upto_now: 0.25925925374031067

28th run
4000
original u-statistic:4.15772576435599
p value proxy: 0.013289036229252815
result: 1.0
power_upto_now: 0.2857142984867096

29th run
4000
original u-statistic:1.5416017680683334
p value proxy: 0.19269102811813354
result: 0.0
power_upto_now: 0.27586206793785095

30th run
4000
original u-statistic:0.4817221795208759
p value proxy: 0.37873753905296326
result: 0.0
power_upto_now: 0.2666666805744171

31th run
4000
original u-statistic:2.933720470713906
p value proxy: 0.059800662100315094
result: 0.0
power_upto_now: 0.25806450843811035

32th run
4000
original u-statistic:1.9042841273517697
p value proxy: 0.09634551405906677
result: 0.0
power_upto_now: 0.25

33th run
4000
original u-statistic:-0.39134272917069923
p value proxy: 0.6112956404685974
result: 0.0
power_upto_now: 0.24242424964904785

34th run
4000
original u-statistic:0.5969035564888312
p value proxy: 0.31893688440322876
result: 0.0
power_upto_now: 0.23529411852359772

35th run
4000
original u-statistic:1.4131872958793288
p value proxy: 0.1860465109348297
result: 0.0
power_upto_now: 0.22857142984867096

36th run
4000
original u-statistic:-1.6244912144279384
p value proxy: 0.8504983186721802
result: 0.0
power_upto_now: 0.2222222238779068

37th run
4000
original u-statistic:1.714817182814087
p value proxy: 0.13289035856723785
result: 0.0
power_upto_now: 0.21621622145175934

38th run
4000
original u-statistic:1.950457293915342
p value proxy: 0.11295680701732635
result: 0.0
power_upto_now: 0.21052631735801697

39th run
4000
original u-statistic:0.008689705394059999
p value proxy: 0.49501660466194153
result: 0.0
power_upto_now: 0.20512820780277252

40th run
4000
original u-statistic:4.549928326453305
p value proxy: 0.009966777637600899
result: 1.0
power_upto_now: 0.22499999403953552

41th run
4000
original u-statistic:0.7405409664749909
p value proxy: 0.2790697515010834
result: 0.0
power_upto_now: 0.2195121943950653

42th run
4000
original u-statistic:5.6102356864868534
p value proxy: 0.003322259057313204
result: 1.0
power_upto_now: 0.2380952388048172

43th run
4000
original u-statistic:2.2737308772688403
p value proxy: 0.11295680701732635
result: 0.0
power_upto_now: 0.23255814611911774

44th run
4000
original u-statistic:4.5822456960328735
p value proxy: 0.013289036229252815
result: 1.0
power_upto_now: 0.25

45th run
4000
original u-statistic:-1.4531893586276716
p value proxy: 0.7940199375152588
result: 0.0
power_upto_now: 0.24444444477558136

46th run
4000
original u-statistic:0.7648542331412997
p value proxy: 0.2790697515010834
result: 0.0
power_upto_now: 0.239130437374115

47th run
4000
original u-statistic:3.630562972263384
p value proxy: 0.033222589641809464
result: 1.0
power_upto_now: 0.25531914830207825

48th run
4000
original u-statistic:1.8901265367369717
p value proxy: 0.09966777265071869
result: 0.0
power_upto_now: 0.25

49th run
4000
original u-statistic:3.6262173932371864
p value proxy: 0.019933555275201797
result: 1.0
power_upto_now: 0.26530611515045166

50th run
4000
original u-statistic:2.7741336040123423
p value proxy: 0.05647840350866318
result: 0.0
power_upto_now: 0.25999999046325684

51th run
4000
original u-statistic:-0.21666462296726174
p value proxy: 0.5348837375640869
result: 0.0
power_upto_now: 0.2549019753932953

52th run
4000
original u-statistic:4.546072677893887
p value proxy: 0.019933555275201797
result: 1.0
power_upto_now: 0.26923078298568726

53th run
4000
original u-statistic:4.248191006914648
p value proxy: 0.013289036229252815
result: 1.0
power_upto_now: 0.2830188572406769

54th run
4000
original u-statistic:0.8575568809373699
p value proxy: 0.302325576543808
result: 0.0
power_upto_now: 0.2777777910232544

55th run
4000
original u-statistic:-2.6085142011294096
p value proxy: 0.9700996279716492
result: 0.0
power_upto_now: 0.27272728085517883

56th run
4000
original u-statistic:0.4634349394432711
p value proxy: 0.3687707483768463
result: 0.0
power_upto_now: 0.2678571343421936

57th run
4000
original u-statistic:3.199839230105524
p value proxy: 0.033222589641809464
result: 1.0
power_upto_now: 0.28070175647735596

58th run
4000
original u-statistic:1.8803726021625802
p value proxy: 0.1395348757505417
result: 0.0
power_upto_now: 0.27586206793785095

59th run
4000
original u-statistic:7.646786236172673
p value proxy: 0.003322259057313204
result: 1.0
power_upto_now: 0.2881355881690979

60th run
4000
original u-statistic:0.947570989565997
p value proxy: 0.2259136140346527
result: 0.0
power_upto_now: 0.28333333134651184

61th run
4000
original u-statistic:4.381087740707937
p value proxy: 0.009966777637600899
result: 1.0
power_upto_now: 0.2950819730758667

62th run
4000
original u-statistic:-0.572635368468299
p value proxy: 0.5581395030021667
result: 0.0
power_upto_now: 0.29032257199287415

63th run
4000
original u-statistic:1.6909574294979777
p value proxy: 0.17607973515987396
result: 0.0
power_upto_now: 0.2857142984867096

64th run
4000
original u-statistic:-2.315778369788717
p value proxy: 0.9302325248718262
result: 0.0
power_upto_now: 0.28125

65th run
4000
original u-statistic:0.893114506858895
p value proxy: 0.2890365421772003
result: 0.0
power_upto_now: 0.2769230902194977

66th run
4000
original u-statistic:-0.42909302351562406
p value proxy: 0.554817259311676
result: 0.0
power_upto_now: 0.27272728085517883

67th run
4000
original u-statistic:3.9574156589051324
p value proxy: 0.006644518114626408
result: 1.0
power_upto_now: 0.28358209133148193

68th run
4000
original u-statistic:3.9698339177009325
p value proxy: 0.02657807245850563
result: 1.0
power_upto_now: 0.29411765933036804

69th run
4000
original u-statistic:2.4173284698128485
p value proxy: 0.10631228983402252
result: 0.0
power_upto_now: 0.28985506296157837

70th run
4000
original u-statistic:3.256884004653523
p value proxy: 0.019933555275201797
result: 1.0
power_upto_now: 0.30000001192092896

71th run
4000
original u-statistic:3.124452797441048
p value proxy: 0.016611294820904732
result: 1.0
power_upto_now: 0.30985915660858154

72th run
4000
original u-statistic:-0.10268240740495482
p value proxy: 0.49501660466194153
result: 0.0
power_upto_now: 0.3055555522441864

73th run
4000
original u-statistic:2.3872108269063164
p value proxy: 0.08970099687576294
result: 0.0
power_upto_now: 0.30136987566947937

74th run
4000
original u-statistic:0.6964376653269246
p value proxy: 0.3222591280937195
result: 0.0
power_upto_now: 0.29729729890823364

75th run
4000
original u-statistic:0.04240175235884269
p value proxy: 0.4684385359287262
result: 0.0
power_upto_now: 0.2933333218097687

76th run
4000
original u-statistic:2.872750887523572
p value proxy: 0.04651162773370743
result: 1.0
power_upto_now: 0.30263158679008484

77th run
4000
original u-statistic:1.4931974988430703
p value proxy: 0.1827242523431778
result: 0.0
power_upto_now: 0.29870128631591797

78th run
4000
original u-statistic:3.9279364515690443
p value proxy: 0.016611294820904732
result: 1.0
power_upto_now: 0.3076923191547394

79th run
4000
original u-statistic:-0.4591217730575523
p value proxy: 0.6212624311447144
result: 0.0
power_upto_now: 0.3037974536418915

80th run
4000
original u-statistic:1.4127124614168833
p value proxy: 0.14617939293384552
result: 0.0
power_upto_now: 0.30000001192092896

81th run
4000
original u-statistic:2.661908334586145
p value proxy: 0.04651162773370743
result: 1.0
power_upto_now: 0.3086419701576233

82th run
4000
original u-statistic:0.5946558511186657
p value proxy: 0.3255814015865326
result: 0.0
power_upto_now: 0.3048780560493469

83th run
4000
original u-statistic:-0.5285424648715127
p value proxy: 0.554817259311676
result: 0.0
power_upto_now: 0.3012048304080963

84th run
4000
original u-statistic:0.3305852775779625
p value proxy: 0.3853820562362671
result: 0.0
power_upto_now: 0.2976190447807312

85th run
4000
original u-statistic:-0.17773241837899434
p value proxy: 0.49833884835243225
result: 0.0
power_upto_now: 0.29411765933036804

86th run
4000
original u-statistic:-1.0910025133616505
p value proxy: 0.7275747060775757
result: 0.0
power_upto_now: 0.2906976640224457

87th run
4000
original u-statistic:0.9672542771155825
p value proxy: 0.2657807171344757
result: 0.0
power_upto_now: 0.28735631704330444

88th run
4000
original u-statistic:-0.9598376670262772
p value proxy: 0.7009966373443604
result: 0.0
power_upto_now: 0.28409090638160706

89th run
4000
original u-statistic:0.4256776627749481
p value proxy: 0.3488371968269348
result: 0.0
power_upto_now: 0.2808988690376282

90th run
4000
original u-statistic:-2.0505949102225305
p value proxy: 0.8737541437149048
result: 0.0
power_upto_now: 0.2777777910232544

91th run
4000
original u-statistic:2.430666830572978
p value proxy: 0.08637873828411102
result: 0.0
power_upto_now: 0.2747252881526947

92th run
4000
original u-statistic:-0.6071889051559163
p value proxy: 0.6179401874542236
result: 0.0
power_upto_now: 0.27173912525177

93th run
4000
original u-statistic:0.0920281539695802
p value proxy: 0.44186046719551086
result: 0.0
power_upto_now: 0.2688172161579132

94th run
4000
original u-statistic:3.3500037928815907
p value proxy: 0.04318936914205551
result: 1.0
power_upto_now: 0.27659574151039124

95th run
4000
original u-statistic:1.4969601368928318
p value proxy: 0.23920264840126038
result: 0.0
power_upto_now: 0.27368420362472534

96th run
4000
original u-statistic:0.07411476929405936
p value proxy: 0.45847174525260925
result: 0.0
power_upto_now: 0.2708333432674408

97th run
4000
original u-statistic:-2.0272498640027896
p value proxy: 0.9036544561386108
result: 0.0
power_upto_now: 0.2680412232875824

98th run
4000
original u-statistic:3.0389639410841403
p value proxy: 0.04651162773370743
result: 1.0
power_upto_now: 0.27551019191741943

99th run
4000
original u-statistic:1.9246726412856
p value proxy: 0.12956809997558594
result: 0.0
power_upto_now: 0.27272728085517883

100th run
4000
original u-statistic:3.0414515235340867
p value proxy: 0.049833886325359344
result: 1.0
power_upto_now: 0.2800000011920929

101th run
4000
original u-statistic:3.418140376769178
p value proxy: 0.029900331050157547
result: 1.0
power_upto_now: 0.2871287167072296

102th run
4000
original u-statistic:4.2626745524502825
p value proxy: 0.016611294820904732
result: 1.0
power_upto_now: 0.29411765933036804

103th run
4000
original u-statistic:1.5777305431199267
p value proxy: 0.1661129593849182
result: 0.0
power_upto_now: 0.291262149810791

104th run
4000
original u-statistic:3.0272890742409633
p value proxy: 0.06312292069196701
result: 0.0
power_upto_now: 0.2884615361690521

105th run
4000
original u-statistic:1.2371536611506055
p value proxy: 0.2458471655845642
result: 0.0
power_upto_now: 0.2857142984867096

106th run
4000
original u-statistic:4.231536905542899
p value proxy: 0.016611294820904732
result: 1.0
power_upto_now: 0.2924528419971466

107th run
4000
original u-statistic:-1.452249386259239
p value proxy: 0.7574750781059265
result: 0.0
power_upto_now: 0.2897196114063263

108th run
4000
original u-statistic:5.307029495038146
p value proxy: 0.009966777637600899
result: 1.0
power_upto_now: 0.29629629850387573

109th run
4000
original u-statistic:2.014159852141171
p value proxy: 0.1029900312423706
result: 0.0
power_upto_now: 0.29357796907424927

110th run
4000
original u-statistic:0.0576959653689646
p value proxy: 0.43521595001220703
result: 0.0
power_upto_now: 0.290909081697464

111th run
4000
original u-statistic:3.5681730702544474
p value proxy: 0.039867110550403595
result: 1.0
power_upto_now: 0.29729729890823364

112th run
4000
original u-statistic:1.5484163683784953
p value proxy: 0.15946844220161438
result: 0.0
power_upto_now: 0.2946428656578064

113th run
4000
original u-statistic:-0.9221386762899044
p value proxy: 0.7176079750061035
result: 0.0
power_upto_now: 0.29203540086746216

114th run
4000
original u-statistic:0.7684221173257431
p value proxy: 0.25581395626068115
result: 0.0
power_upto_now: 0.28947368264198303

115th run
4000
original u-statistic:0.2591438066546452
p value proxy: 0.3853820562362671
result: 0.0
power_upto_now: 0.2869565188884735

116th run
4000
original u-statistic:3.906424439091931
p value proxy: 0.019933555275201797
result: 1.0
power_upto_now: 0.2931034564971924

117th run
4000
original u-statistic:-0.820488018440801
p value proxy: 0.6677740812301636
result: 0.0
power_upto_now: 0.2905983030796051

118th run
4000
original u-statistic:3.509685518577463
p value proxy: 0.019933555275201797
result: 1.0
power_upto_now: 0.29661017656326294

119th run
4000
original u-statistic:6.549924427909901
p value proxy: 0.003322259057313204
result: 1.0
power_upto_now: 0.3025210201740265

120th run
4000
original u-statistic:-0.16987896651046164
p value proxy: 0.5348837375640869
result: 0.0
power_upto_now: 0.30000001192092896

121th run
4000
original u-statistic:0.41103121078115556
p value proxy: 0.35548171401023865
result: 0.0
power_upto_now: 0.2975206673145294

122th run
4000
original u-statistic:0.45965216345789717
p value proxy: 0.37541526556015015
result: 0.0
power_upto_now: 0.2950819730758667

123th run
4000
original u-statistic:2.256918557364892
p value proxy: 0.06312292069196701
result: 0.0
power_upto_now: 0.2926829159259796

124th run
4000
original u-statistic:2.2237809759596563
p value proxy: 0.09634551405906677
result: 0.0
power_upto_now: 0.29032257199287415

125th run
4000
original u-statistic:3.6504227280509065
p value proxy: 0.016611294820904732
result: 1.0
power_upto_now: 0.29600000381469727

126th run
4000
original u-statistic:-1.3894185576552243
p value proxy: 0.7774085998535156
result: 0.0
power_upto_now: 0.2936508059501648

127th run
4000
original u-statistic:3.1844069839844673
p value proxy: 0.04318936914205551
result: 1.0
power_upto_now: 0.29921260476112366

128th run
4000
original u-statistic:4.946193755401521
p value proxy: 0.006644518114626408
result: 1.0
power_upto_now: 0.3046875

129th run
4000
original u-statistic:1.7989794065720757
p value proxy: 0.09634551405906677
result: 0.0
power_upto_now: 0.302325576543808

130th run
4000
original u-statistic:3.9121675155009576
p value proxy: 0.019933555275201797
result: 1.0
power_upto_now: 0.3076923191547394

131th run
4000
original u-statistic:0.6179109732731547
p value proxy: 0.3654485046863556
result: 0.0
power_upto_now: 0.30534350872039795

132th run
4000
original u-statistic:2.6942293404282065
p value proxy: 0.059800662100315094
result: 0.0
power_upto_now: 0.3030303120613098

133th run
4000
original u-statistic:-0.13627241843410953
p value proxy: 0.49501660466194153
result: 0.0
power_upto_now: 0.30075186491012573

134th run
4000
original u-statistic:0.5354512881031033
p value proxy: 0.2890365421772003
result: 0.0
power_upto_now: 0.2985074520111084

135th run
4000
original u-statistic:5.063429388528959
p value proxy: 0.003322259057313204
result: 1.0
power_upto_now: 0.3037036955356598

136th run
4000
original u-statistic:4.152045082165705
p value proxy: 0.016611294820904732
result: 1.0
power_upto_now: 0.30882352590560913

137th run
4000
original u-statistic:3.3891788972098817
p value proxy: 0.033222589641809464
result: 1.0
power_upto_now: 0.31386861205101013

138th run
4000
original u-statistic:5.3656444055404275
p value proxy: 0.003322259057313204
result: 1.0
power_upto_now: 0.3188405930995941

139th run
4000
original u-statistic:1.175127417838759
p value proxy: 0.21594683825969696
result: 0.0
power_upto_now: 0.316546767950058

140th run
4000
original u-statistic:1.1846656925660444
p value proxy: 0.2026578038930893
result: 0.0
power_upto_now: 0.3142857253551483

141th run
4000
original u-statistic:3.055762024816364
p value proxy: 0.029900331050157547
result: 1.0
power_upto_now: 0.3191489279270172

142th run
4000
original u-statistic:2.9812864709794433
p value proxy: 0.04651162773370743
result: 1.0
power_upto_now: 0.3239436745643616

143th run
4000
original u-statistic:-0.9357434657392547
p value proxy: 0.7009966373443604
result: 0.0
power_upto_now: 0.3216783106327057

144th run
4000
original u-statistic:-0.6376542077951424
p value proxy: 0.6179401874542236
result: 0.0
power_upto_now: 0.3194444477558136

145th run
4000
original u-statistic:1.625096786146698
p value proxy: 0.14950165152549744
result: 0.0
power_upto_now: 0.317241370677948

146th run
4000
original u-statistic:1.2733207953530346
p value proxy: 0.19269102811813354
result: 0.0
power_upto_now: 0.31506848335266113

147th run
4000
original u-statistic:-1.1376387256033071
p value proxy: 0.7840531468391418
result: 0.0
power_upto_now: 0.31292515993118286

148th run
4000
original u-statistic:0.6610963677041766
p value proxy: 0.2990033030509949
result: 0.0
power_upto_now: 0.31081080436706543

149th run
4000
original u-statistic:0.1984228028818027
p value proxy: 0.4285714328289032
result: 0.0
power_upto_now: 0.3087248206138611

150th run
4000
original u-statistic:1.2407211843821626
p value proxy: 0.21594683825969696
result: 0.0
power_upto_now: 0.30666667222976685

151th run
4000
original u-statistic:3.881491720267447
p value proxy: 0.023255813866853714
result: 1.0
power_upto_now: 0.3112582862377167

152th run
4000
original u-statistic:0.6510026530973487
p value proxy: 0.3687707483768463
result: 0.0
power_upto_now: 0.30921053886413574

153th run
4000
original u-statistic:0.3362419744732268
p value proxy: 0.41528236865997314
result: 0.0
power_upto_now: 0.30718955397605896

154th run
4000
original u-statistic:-0.34077103390342245
p value proxy: 0.5315614342689514
result: 0.0
power_upto_now: 0.30519479513168335

155th run
4000
original u-statistic:2.289371916384968
p value proxy: 0.10963454842567444
result: 0.0
power_upto_now: 0.3032258152961731

156th run
4000
original u-statistic:1.1175410137450612
p value proxy: 0.24916942417621613
result: 0.0
power_upto_now: 0.30128204822540283

157th run
4000
original u-statistic:-0.8322834867419999
p value proxy: 0.6611295342445374
result: 0.0
power_upto_now: 0.29936304688453674

158th run
4000
original u-statistic:4.503498253810957
p value proxy: 0.006644518114626408
result: 1.0
power_upto_now: 0.3037974536418915

159th run
4000
original u-statistic:1.5811551867849594
p value proxy: 0.1661129593849182
result: 0.0
power_upto_now: 0.30188679695129395

160th run
4000
original u-statistic:-0.552695147164342
p value proxy: 0.5880398750305176
result: 0.0
power_upto_now: 0.30000001192092896

161th run
4000
original u-statistic:-1.086991960049537
p value proxy: 0.7109634280204773
result: 0.0
power_upto_now: 0.2981366515159607

162th run
4000
original u-statistic:4.245949529525769
p value proxy: 0.009966777637600899
result: 1.0
power_upto_now: 0.3024691343307495

163th run
4000
original u-statistic:-1.5412349794253322
p value proxy: 0.8073089718818665
result: 0.0
power_upto_now: 0.30061349272727966

164th run
4000
original u-statistic:-2.0847803859024445
p value proxy: 0.8870431780815125
result: 0.0
power_upto_now: 0.29878050088882446

165th run
4000
original u-statistic:0.8234434737892364
p value proxy: 0.27574750781059265
result: 0.0
power_upto_now: 0.2969697117805481

166th run
4000
original u-statistic:0.38910218763197246
p value proxy: 0.4019933342933655
result: 0.0
power_upto_now: 0.29518070816993713

167th run
4000
original u-statistic:0.38606808202010967
p value proxy: 0.3720930218696594
result: 0.0
power_upto_now: 0.2934131622314453

168th run
4000
original u-statistic:-0.23406131810334863
p value proxy: 0.5382059812545776
result: 0.0
power_upto_now: 0.2916666567325592

169th run
4000
original u-statistic:2.324235752959977
p value proxy: 0.06644517928361893
result: 0.0
power_upto_now: 0.28994083404541016

170th run
4000
original u-statistic:0.2586768595979487
p value proxy: 0.4053156077861786
result: 0.0
power_upto_now: 0.28823530673980713

171th run
4000
original u-statistic:3.1420024205544927
p value proxy: 0.03654484823346138
result: 1.0
power_upto_now: 0.2923976480960846

172th run
4000
original u-statistic:-0.7889862863550388
p value proxy: 0.6279069781303406
result: 0.0
power_upto_now: 0.2906976640224457

173th run
4000
original u-statistic:2.241763983687247
p value proxy: 0.08637873828411102
result: 0.0
power_upto_now: 0.28901734948158264

174th run
4000
original u-statistic:0.561087489025816
p value proxy: 0.342192679643631
result: 0.0
power_upto_now: 0.28735631704330444

175th run
4000
original u-statistic:2.5375567601518823
p value proxy: 0.03654484823346138
result: 1.0
power_upto_now: 0.2914285659790039

176th run
4000
original u-statistic:-0.9951057415659639
p value proxy: 0.6976743936538696
result: 0.0
power_upto_now: 0.28977271914482117

177th run
4000
original u-statistic:4.9845220917059265
p value proxy: 0.009966777637600899
result: 1.0
power_upto_now: 0.29378530383110046

178th run
4000
original u-statistic:2.9565104228727224
p value proxy: 0.03654484823346138
result: 1.0
power_upto_now: 0.2977527976036072

179th run
4000
original u-statistic:4.150823090717772
p value proxy: 0.013289036229252815
result: 1.0
power_upto_now: 0.3016759753227234

180th run
4000
original u-statistic:2.6265118271999692
p value proxy: 0.05315614491701126
result: 0.0
power_upto_now: 0.30000001192092896

181th run
4000
original u-statistic:-0.3756081749837188
p value proxy: 0.5016611218452454
result: 0.0
power_upto_now: 0.2983425557613373

182th run
4000
original u-statistic:0.7122947510762643
p value proxy: 0.2990033030509949
result: 0.0
power_upto_now: 0.2967033088207245

183th run
4000
original u-statistic:4.95863824971498
p value proxy: 0.006644518114626408
result: 1.0
power_upto_now: 0.30054643750190735

184th run
4000
original u-statistic:4.254277501514114
p value proxy: 0.013289036229252815
result: 1.0
power_upto_now: 0.30434781312942505

185th run
4000
original u-statistic:1.1609205682500665
p value proxy: 0.23920264840126038
result: 0.0
power_upto_now: 0.3027026951313019

186th run
4000
original u-statistic:2.8618198458515396
p value proxy: 0.04651162773370743
result: 1.0
power_upto_now: 0.30645161867141724

187th run
4000
original u-statistic:-0.02554434417200291
p value proxy: 0.3687707483768463
result: 0.0
power_upto_now: 0.30481284856796265

188th run
4000
original u-statistic:0.1089557060923223
p value proxy: 0.4119601249694824
result: 0.0
power_upto_now: 0.30319148302078247

189th run
4000
original u-statistic:-1.014520439101398
p value proxy: 0.7176079750061035
result: 0.0
power_upto_now: 0.30158731341362

190th run
4000
original u-statistic:2.780871887679041
p value proxy: 0.07308969646692276
result: 0.0
power_upto_now: 0.30000001192092896

191th run
4000
original u-statistic:6.275433778925082
p value proxy: 0.006644518114626408
result: 1.0
power_upto_now: 0.3036649227142334

192th run
4000
original u-statistic:3.810113815990376
p value proxy: 0.029900331050157547
result: 1.0
power_upto_now: 0.3072916567325592

193th run
4000
original u-statistic:-0.22833288580418643
p value proxy: 0.5016611218452454
result: 0.0
power_upto_now: 0.3056994676589966

194th run
4000
original u-statistic:-0.589235815999892
p value proxy: 0.604651153087616
result: 0.0
power_upto_now: 0.3041236996650696

195th run
4000
original u-statistic:4.094620908625354
p value proxy: 0.016611294820904732
result: 1.0
power_upto_now: 0.3076923191547394

196th run
4000
original u-statistic:4.813839390577357
p value proxy: 0.009966777637600899
result: 1.0
power_upto_now: 0.31122449040412903

197th run
4000
original u-statistic:1.8215756177800566
p value proxy: 0.11295680701732635
result: 0.0
power_upto_now: 0.3096446692943573

198th run
4000
original u-statistic:-1.221649915121854
p value proxy: 0.7408637404441833
result: 0.0
power_upto_now: 0.3080808222293854

199th run
4000
original u-statistic:-0.09825403707441005
p value proxy: 0.4717607796192169
result: 0.0
power_upto_now: 0.3065326511859894

200th run
4000
original u-statistic:-0.5337499185670924
p value proxy: 0.5681062936782837
result: 0.0
power_upto_now: 0.3050000071525574

201th run
4000
original u-statistic:0.20384048940333432
p value proxy: 0.37873753905296326
result: 0.0
power_upto_now: 0.3034825921058655

202th run
4000
original u-statistic:-0.18889308095750224
p value proxy: 0.5116279125213623
result: 0.0
power_upto_now: 0.301980197429657

203th run
4000
original u-statistic:1.7989228992175192
p value proxy: 0.1395348757505417
result: 0.0
power_upto_now: 0.30049261450767517

204th run
4000
original u-statistic:0.6534203652338784
p value proxy: 0.3621262311935425
result: 0.0
power_upto_now: 0.29901960492134094

205th run
4000
original u-statistic:1.0510913088516594
p value proxy: 0.25581395626068115
result: 0.0
power_upto_now: 0.29756098985671997

206th run
4000
original u-statistic:2.1346559620562275
p value proxy: 0.08637873828411102
result: 0.0
power_upto_now: 0.29611650109291077

207th run
4000
original u-statistic:1.0369543485781811
p value proxy: 0.2458471655845642
result: 0.0
power_upto_now: 0.2946859896183014

208th run
4000
original u-statistic:1.7741191814788153
p value proxy: 0.13621261715888977
result: 0.0
power_upto_now: 0.29326921701431274

209th run
4000
original u-statistic:2.822653671486888
p value proxy: 0.05647840350866318
result: 0.0
power_upto_now: 0.2918660342693329

210th run
4000
original u-statistic:3.0702273365472146
p value proxy: 0.06644517928361893
result: 0.0
power_upto_now: 0.2904762029647827

211th run
4000
original u-statistic:0.6506011742426878
p value proxy: 0.3222591280937195
result: 0.0
power_upto_now: 0.2890995144844055

212th run
4000
original u-statistic:0.6187129480633144
p value proxy: 0.3056478202342987
result: 0.0
power_upto_now: 0.28773584961891174

213th run
4000
original u-statistic:-1.5678289784605983
p value proxy: 0.8305647373199463
result: 0.0
power_upto_now: 0.2863849699497223

214th run
4000
original u-statistic:3.5896629993489
p value proxy: 0.02657807245850563
result: 1.0
power_upto_now: 0.2897196114063263

215th run
4000
original u-statistic:1.887901079904724
p value proxy: 0.1395348757505417
result: 0.0
power_upto_now: 0.28837209939956665

216th run
4000
original u-statistic:3.424128499437902
p value proxy: 0.02657807245850563
result: 1.0
power_upto_now: 0.2916666567325592

217th run
4000
original u-statistic:3.3591604265137294
p value proxy: 0.039867110550403595
result: 1.0
power_upto_now: 0.2949308753013611

218th run
4000
original u-statistic:-0.41672225984085154
p value proxy: 0.5813953280448914
result: 0.0
power_upto_now: 0.29357796907424927

219th run
4000
original u-statistic:1.6357287593658683
p value proxy: 0.17275747656822205
result: 0.0
power_upto_now: 0.29223743081092834

220th run
4000
original u-statistic:1.3089932060600402
p value proxy: 0.21926909685134888
result: 0.0
power_upto_now: 0.290909081697464

221th run
4000
original u-statistic:5.063601875883031
p value proxy: 0.013289036229252815
result: 1.0
power_upto_now: 0.29411765933036804

222th run
4000
original u-statistic:1.8593597343816102
p value proxy: 0.11295680701732635
result: 0.0
power_upto_now: 0.29279279708862305

223th run
4000
original u-statistic:2.2018200522862696
p value proxy: 0.09966777265071869
result: 0.0
power_upto_now: 0.29147982597351074

224th run
4000
original u-statistic:3.3369566962133472
p value proxy: 0.023255813866853714
result: 1.0
power_upto_now: 0.2946428656578064

225th run
4000
original u-statistic:-0.43605428249655453
p value proxy: 0.5382059812545776
result: 0.0
power_upto_now: 0.2933333218097687

226th run
4000
original u-statistic:0.059458301786286416
p value proxy: 0.4053156077861786
result: 0.0
power_upto_now: 0.29203540086746216

227th run
4000
original u-statistic:1.1422814844527398
p value proxy: 0.23255813121795654
result: 0.0
power_upto_now: 0.2907488942146301

228th run
4000
original u-statistic:3.2489369433822057
p value proxy: 0.033222589641809464
result: 1.0
power_upto_now: 0.29385966062545776

229th run
4000
original u-statistic:5.145071385679038
p value proxy: 0.006644518114626408
result: 1.0
power_upto_now: 0.29694321751594543

230th run
4000
original u-statistic:-1.4576560464698254
p value proxy: 0.8272424936294556
result: 0.0
power_upto_now: 0.2956521809101105

231th run
4000
original u-statistic:-0.793927026678217
p value proxy: 0.684385359287262
result: 0.0
power_upto_now: 0.2943722903728485

232th run
4000
original u-statistic:1.7462846390115931
p value proxy: 0.15614616870880127
result: 0.0
power_upto_now: 0.2931034564971924

233th run
4000
original u-statistic:1.6322682097402685
p value proxy: 0.17940199375152588
result: 0.0
power_upto_now: 0.29184550046920776

234th run
4000
original u-statistic:1.6298921326296671
p value proxy: 0.17940199375152588
result: 0.0
power_upto_now: 0.2905983030796051

235th run
4000
original u-statistic:1.844326504634001
p value proxy: 0.11627906560897827
result: 0.0
power_upto_now: 0.28936171531677246

236th run
4000
original u-statistic:2.4408779716850777
p value proxy: 0.08970099687576294
result: 0.0
power_upto_now: 0.2881355881690979

237th run
4000
original u-statistic:3.949207683235825
p value proxy: 0.02657807245850563
result: 1.0
power_upto_now: 0.29113924503326416

238th run
4000
original u-statistic:0.965722763594953
p value proxy: 0.2591361999511719
result: 0.0
power_upto_now: 0.2899159789085388

239th run
4000
original u-statistic:1.6219364780419392
p value proxy: 0.14950165152549744
result: 0.0
power_upto_now: 0.28870293498039246

240th run
4000
original u-statistic:1.053863471730292
p value proxy: 0.31893688440322876
result: 0.0
power_upto_now: 0.2874999940395355

241th run
4000
original u-statistic:4.71582342063715
p value proxy: 0.003322259057313204
result: 1.0
power_upto_now: 0.2904564440250397

242th run
4000
original u-statistic:-1.83171312294491
p value proxy: 0.8936876654624939
result: 0.0
power_upto_now: 0.28925618529319763

243th run
4000
original u-statistic:-0.48793257242348087
p value proxy: 0.5980066061019897
result: 0.0
power_upto_now: 0.2880658507347107

244th run
4000
original u-statistic:1.6100494581243376
p value proxy: 0.12956809997558594
result: 0.0
power_upto_now: 0.28688523173332214

245th run
4000
original u-statistic:1.769699319524955
p value proxy: 0.12956809997558594
result: 0.0
power_upto_now: 0.2857142984867096

246th run
4000
original u-statistic:2.7473867511249015
p value proxy: 0.06644517928361893
result: 0.0
power_upto_now: 0.28455284237861633

247th run
4000
original u-statistic:2.626632589502922
p value proxy: 0.06312292069196701
result: 0.0
power_upto_now: 0.2834008038043976

248th run
4000
original u-statistic:1.3201758840827456
p value proxy: 0.15614616870880127
result: 0.0
power_upto_now: 0.2822580635547638

249th run
4000
original u-statistic:2.9840072193149574
p value proxy: 0.049833886325359344
result: 1.0
power_upto_now: 0.2851405739784241

250th run
4000
original u-statistic:-0.14072704230758504
p value proxy: 0.4916943311691284
result: 0.0
power_upto_now: 0.2840000092983246

251th run
4000
original u-statistic:-1.18715185838375
p value proxy: 0.7574750781059265
result: 0.0
power_upto_now: 0.28286853432655334

252th run
4000
original u-statistic:-1.1712360756248188
p value proxy: 0.7674418687820435
result: 0.0
power_upto_now: 0.2817460298538208

253th run
4000
original u-statistic:2.903313192877305
p value proxy: 0.07308969646692276
result: 0.0
power_upto_now: 0.2806324064731598

254th run
4000
original u-statistic:-1.416900762983616
p value proxy: 0.7408637404441833
result: 0.0
power_upto_now: 0.27952754497528076

255th run
4000
original u-statistic:2.0508532373602355
p value proxy: 0.13621261715888977
result: 0.0
power_upto_now: 0.27843138575553894

256th run
4000
original u-statistic:1.861331094133277
p value proxy: 0.15946844220161438
result: 0.0
power_upto_now: 0.27734375

257th run
4000
original u-statistic:-0.19222149353926454
p value proxy: 0.5282391905784607
result: 0.0
power_upto_now: 0.27626457810401917

258th run
4000
original u-statistic:6.085213885335095
p value proxy: 0.003322259057313204
result: 1.0
power_upto_now: 0.27906978130340576

259th run
4000
original u-statistic:0.9831493094755555
p value proxy: 0.22923587262630463
result: 0.0
power_upto_now: 0.27799227833747864

260th run
4000
original u-statistic:-0.7740581274072946
p value proxy: 0.644518256187439
result: 0.0
power_upto_now: 0.2769230902194977

261th run
4000
original u-statistic:3.794004403078203
p value proxy: 0.023255813866853714
result: 1.0
power_upto_now: 0.27969348430633545

262th run
4000
original u-statistic:-0.2891361497175158
p value proxy: 0.5913621187210083
result: 0.0
power_upto_now: 0.2786259651184082

263th run
4000
original u-statistic:0.9542998886072658
p value proxy: 0.27242523431777954
result: 0.0
power_upto_now: 0.2775665521621704

264th run
4000
original u-statistic:1.7044372683889084
p value proxy: 0.12956809997558594
result: 0.0
power_upto_now: 0.2765151560306549

265th run
4000
original u-statistic:2.6062098408617667
p value proxy: 0.07308969646692276
result: 0.0
power_upto_now: 0.27547168731689453

266th run
4000
original u-statistic:2.9344023721158585
p value proxy: 0.05647840350866318
result: 0.0
power_upto_now: 0.2744360864162445

267th run
4000
original u-statistic:-0.2449982960461199
p value proxy: 0.5116279125213623
result: 0.0
power_upto_now: 0.2734082341194153

268th run
4000
original u-statistic:-0.7272974930518679
p value proxy: 0.6411960124969482
result: 0.0
power_upto_now: 0.2723880708217621

269th run
4000
original u-statistic:0.27313412528785985
p value proxy: 0.3853820562362671
result: 0.0
power_upto_now: 0.27137547731399536

270th run
4000
original u-statistic:0.9031729856777355
p value proxy: 0.29235878586769104
result: 0.0
power_upto_now: 0.27037036418914795

271th run
4000
original u-statistic:3.404830001730023
p value proxy: 0.03654484823346138
result: 1.0
power_upto_now: 0.27306273579597473

272th run
4000
original u-statistic:0.038895198784900664
p value proxy: 0.45514950156211853
result: 0.0
power_upto_now: 0.2720588147640228

273th run
4000
original u-statistic:2.6213741095265233
p value proxy: 0.07641195505857468
result: 0.0
power_upto_now: 0.27106228470802307

274th run
4000
original u-statistic:1.4446951338314156
p value proxy: 0.14617939293384552
result: 0.0
power_upto_now: 0.2700729966163635

275th run
4000
original u-statistic:2.1936227803047403
p value proxy: 0.11960132420063019
result: 0.0
power_upto_now: 0.2690909206867218

276th run
4000
original u-statistic:0.76374983837266
p value proxy: 0.3056478202342987
result: 0.0
power_upto_now: 0.26811593770980835

277th run
4000
original u-statistic:0.873579475043667
p value proxy: 0.3255814015865326
result: 0.0
power_upto_now: 0.2671480178833008

278th run
4000
original u-statistic:2.882192353435613
p value proxy: 0.04318936914205551
result: 1.0
power_upto_now: 0.26978418231010437

279th run
4000
original u-statistic:1.9043709482813558
p value proxy: 0.09966777265071869
result: 0.0
power_upto_now: 0.2688172161579132

280th run
4000
original u-statistic:1.5350838978255048
p value proxy: 0.19601328670978546
result: 0.0
power_upto_now: 0.2678571343421936

281th run
4000
original u-statistic:3.1429499417956386
p value proxy: 0.049833886325359344
result: 1.0
power_upto_now: 0.27046263217926025

282th run
4000
original u-statistic:0.7072926296172222
p value proxy: 0.3255814015865326
result: 0.0
power_upto_now: 0.26950353384017944

283th run
4000
original u-statistic:-0.2744616954510537
p value proxy: 0.5083056092262268
result: 0.0
power_upto_now: 0.268551230430603

284th run
4000
original u-statistic:0.7883403992165818
p value proxy: 0.27574750781059265
result: 0.0
power_upto_now: 0.26760563254356384

285th run
4000
original u-statistic:2.726018386521152
p value proxy: 0.04651162773370743
result: 1.0
power_upto_now: 0.27017542719841003

286th run
4000
original u-statistic:9.146227347799844
p value proxy: 0.003322259057313204
result: 1.0
power_upto_now: 0.27272728085517883

287th run
4000
original u-statistic:1.7528671260861248
p value proxy: 0.13289035856723785
result: 0.0
power_upto_now: 0.2717770040035248

288th run
4000
original u-statistic:0.8618472343199901
p value proxy: 0.2458471655845642
result: 0.0
power_upto_now: 0.2708333432674408

289th run
4000
original u-statistic:3.545267887542969
p value proxy: 0.019933555275201797
result: 1.0
power_upto_now: 0.2733564078807831

290th run
4000
original u-statistic:0.9664090168728547
p value proxy: 0.262458473443985
result: 0.0
power_upto_now: 0.27241379022598267

291th run
4000
original u-statistic:6.238342088686831
p value proxy: 0.009966777637600899
result: 1.0
power_upto_now: 0.27491408586502075

292th run
4000
original u-statistic:-0.7013416922034619
p value proxy: 0.6179401874542236
result: 0.0
power_upto_now: 0.27397260069847107

293th run
4000
original u-statistic:1.2547162624234485
p value proxy: 0.23588038980960846
result: 0.0
power_upto_now: 0.27303755283355713

294th run
4000
original u-statistic:0.22158567715688626
p value proxy: 0.44186046719551086
result: 0.0
power_upto_now: 0.27210885286331177

295th run
4000
original u-statistic:4.993419746097664
p value proxy: 0.003322259057313204
result: 1.0
power_upto_now: 0.2745762765407562

296th run
4000
original u-statistic:1.722836399037302
p value proxy: 0.14950165152549744
result: 0.0
power_upto_now: 0.2736486494541168

297th run
4000
original u-statistic:1.6839431443486435
p value proxy: 0.1229235827922821
result: 0.0
power_upto_now: 0.27272728085517883

298th run
4000
original u-statistic:0.4680643748664468
p value proxy: 0.3521594703197479
result: 0.0
power_upto_now: 0.2718120813369751

299th run
4000
original u-statistic:0.5759819914909468
p value proxy: 0.3222591280937195
result: 0.0
power_upto_now: 0.2709030210971832

300th run
4000
original u-statistic:-0.2089514395404084
p value proxy: 0.5182723999023438
result: 0.0
power_upto_now: 0.27000001072883606

301th run
4000
original u-statistic:-1.854015252937283
p value proxy: 0.9102990031242371
result: 0.0
power_upto_now: 0.2691029906272888

302th run
4000
original u-statistic:1.4224084476129963
p value proxy: 0.21262457966804504
result: 0.0
power_upto_now: 0.2682119309902191

303th run
4000
original u-statistic:0.5552886193993167
p value proxy: 0.33887043595314026
result: 0.0
power_upto_now: 0.2673267424106598

304th run
4000
original u-statistic:3.238114604057847
p value proxy: 0.05315614491701126
result: 0.0
power_upto_now: 0.26644736528396606

305th run
4000
original u-statistic:5.227900321607105
p value proxy: 0.006644518114626408
result: 1.0
power_upto_now: 0.26885247230529785

306th run
4000
original u-statistic:1.9566039477631483
p value proxy: 0.12956809997558594
result: 0.0
power_upto_now: 0.2679738700389862

307th run
4000
original u-statistic:0.8808393662988969
p value proxy: 0.31561461091041565
result: 0.0
power_upto_now: 0.267100989818573

308th run
4000
original u-statistic:0.44301231868863855
p value proxy: 0.3720930218696594
result: 0.0
power_upto_now: 0.26623377203941345

309th run
4000
original u-statistic:-0.8095325717327433
p value proxy: 0.674418568611145
result: 0.0
power_upto_now: 0.2653721570968628

310th run
4000
original u-statistic:4.4138783041545535
p value proxy: 0.009966777637600899
result: 1.0
power_upto_now: 0.26774194836616516

311th run
4000
original u-statistic:5.205326744450587
p value proxy: 0.006644518114626408
result: 1.0
power_upto_now: 0.27009645104408264

312th run
4000
original u-statistic:-0.591340762703684
p value proxy: 0.5980066061019897
result: 0.0
power_upto_now: 0.26923078298568726

313th run
4000
original u-statistic:-0.24670885497231154
p value proxy: 0.5083056092262268
result: 0.0
power_upto_now: 0.2683705985546112

314th run
4000
original u-statistic:6.902823927768915
p value proxy: 0.003322259057313204
result: 1.0
power_upto_now: 0.2707006335258484

315th run
4000
original u-statistic:3.2970343266649516
p value proxy: 0.033222589641809464
result: 1.0
power_upto_now: 0.2730158865451813

316th run
4000
original u-statistic:3.1171148610390724
p value proxy: 0.039867110550403595
result: 1.0
power_upto_now: 0.275316447019577

317th run
4000
original u-statistic:-0.8248744455247561
p value proxy: 0.6943521499633789
result: 0.0
power_upto_now: 0.2744479477405548

318th run
4000
original u-statistic:1.959524306739477
p value proxy: 0.11295680701732635
result: 0.0
power_upto_now: 0.27358490228652954

319th run
4000
original u-statistic:4.417940287377654
p value proxy: 0.009966777637600899
result: 1.0
power_upto_now: 0.27586206793785095

320th run
4000
original u-statistic:0.6454294368531523
p value proxy: 0.31561461091041565
result: 0.0
power_upto_now: 0.2750000059604645

321th run
4000
original u-statistic:-0.42404487141078206
p value proxy: 0.6378737688064575
result: 0.0
power_upto_now: 0.2741433084011078

322th run
4000
original u-statistic:1.1838514706256866
p value proxy: 0.19601328670978546
result: 0.0
power_upto_now: 0.2732919156551361

323th run
4000
original u-statistic:-1.822473222389581
p value proxy: 0.8571428656578064
result: 0.0
power_upto_now: 0.27244582772254944

324th run
4000
original u-statistic:-1.3649756372028756
p value proxy: 0.8172757029533386
result: 0.0
power_upto_now: 0.2716049253940582

325th run
4000
original u-statistic:1.1310863028148157
p value proxy: 0.2790697515010834
result: 0.0
power_upto_now: 0.27076923847198486

326th run
4000
original u-statistic:4.3714510665463004
p value proxy: 0.006644518114626408
result: 1.0
power_upto_now: 0.2730061411857605

327th run
4000
original u-statistic:0.049549881880952995
p value proxy: 0.4086378514766693
result: 0.0
power_upto_now: 0.2721712589263916

328th run
4000
original u-statistic:-0.3099367743304864
p value proxy: 0.5282391905784607
result: 0.0
power_upto_now: 0.271341472864151

329th run
4000
original u-statistic:4.636495738468056
p value proxy: 0.006644518114626408
result: 1.0
power_upto_now: 0.2735562324523926

330th run
4000
original u-statistic:-0.4734628305849853
p value proxy: 0.554817259311676
result: 0.0
power_upto_now: 0.27272728085517883

331th run
4000
original u-statistic:1.805781143809325
p value proxy: 0.10631228983402252
result: 0.0
power_upto_now: 0.2719033360481262

332th run
4000
original u-statistic:1.547693488543926
p value proxy: 0.17275747656822205
result: 0.0
power_upto_now: 0.27108433842658997

333th run
4000
original u-statistic:4.984679453434106
p value proxy: 0.013289036229252815
result: 1.0
power_upto_now: 0.2732732594013214

334th run
4000
original u-statistic:2.1592451185575676
p value proxy: 0.09302325546741486
result: 0.0
power_upto_now: 0.272455096244812

335th run
4000
original u-statistic:0.17417212742959798
p value proxy: 0.4053156077861786
result: 0.0
power_upto_now: 0.2716417908668518

336th run
4000
original u-statistic:-0.06363291337712873
p value proxy: 0.5049833655357361
result: 0.0
power_upto_now: 0.2708333432674408

337th run
4000
original u-statistic:5.72133900934137
p value proxy: 0.006644518114626408
result: 1.0
power_upto_now: 0.27299702167510986

338th run
4000
original u-statistic:4.39010107467632
p value proxy: 0.009966777637600899
result: 1.0
power_upto_now: 0.2751479148864746

339th run
4000
original u-statistic:2.556023619844778
p value proxy: 0.08637873828411102
result: 0.0
power_upto_now: 0.2743362784385681

340th run
4000
original u-statistic:-0.4218260946022765
p value proxy: 0.5980066061019897
result: 0.0
power_upto_now: 0.27352941036224365

341th run
4000
original u-statistic:-0.6163615993095561
p value proxy: 0.6212624311447144
result: 0.0
power_upto_now: 0.27272728085517883

342th run
4000
original u-statistic:4.251505823917194
p value proxy: 0.016611294820904732
result: 1.0
power_upto_now: 0.27485379576683044

343th run
4000
original u-statistic:5.741233263026871
p value proxy: 0.003322259057313204
result: 1.0
power_upto_now: 0.27696794271469116

344th run
4000
original u-statistic:3.046079382303295
p value proxy: 0.059800662100315094
result: 0.0
power_upto_now: 0.2761628031730652

345th run
4000
original u-statistic:5.016518663767889
p value proxy: 0.003322259057313204
result: 1.0
power_upto_now: 0.27826085686683655

346th run
4000
original u-statistic:1.5699699623264811
p value proxy: 0.15282391011714935
result: 0.0
power_upto_now: 0.2774566411972046

347th run
4000
original u-statistic:4.043501535747729
p value proxy: 0.02657807245850563
result: 1.0
power_upto_now: 0.2795388996601105

348th run
4000
original u-statistic:4.421231887995082
p value proxy: 0.016611294820904732
result: 1.0
power_upto_now: 0.2816092073917389

349th run
4000
original u-statistic:0.2129263267890984
p value proxy: 0.3853820562362671
result: 0.0
power_upto_now: 0.28080227971076965

350th run
4000
original u-statistic:-0.4912591777594013
p value proxy: 0.594684362411499
result: 0.0
power_upto_now: 0.2800000011920929

351th run
4000
original u-statistic:2.0870996803411197
p value proxy: 0.10631228983402252
result: 0.0
power_upto_now: 0.27920228242874146

352th run
4000
original u-statistic:2.6425078909236515
p value proxy: 0.07308969646692276
result: 0.0
power_upto_now: 0.27840909361839294

353th run
4000
original u-statistic:1.9587155236878067
p value proxy: 0.09634551405906677
result: 0.0
power_upto_now: 0.277620404958725

354th run
4000
original u-statistic:2.805619977169794
p value proxy: 0.04651162773370743
result: 1.0
power_upto_now: 0.27966102957725525

355th run
4000
original u-statistic:-1.56146011621421
p value proxy: 0.8604651093482971
result: 0.0
power_upto_now: 0.2788732349872589

356th run
4000
original u-statistic:2.7040447741885414
p value proxy: 0.07973422110080719
result: 0.0
power_upto_now: 0.27808988094329834

357th run
4000
original u-statistic:1.5700891232119076
p value proxy: 0.21594683825969696
result: 0.0
power_upto_now: 0.27731093764305115

358th run
4000
original u-statistic:1.85776533645822
p value proxy: 0.1428571343421936
result: 0.0
power_upto_now: 0.27653631567955017

359th run
4000
original u-statistic:2.614411057006306
p value proxy: 0.059800662100315094
result: 0.0
power_upto_now: 0.2757660150527954

360th run
4000
original u-statistic:-1.2595221231261036
p value proxy: 0.7607973217964172
result: 0.0
power_upto_now: 0.2750000059604645

361th run
4000
original u-statistic:4.560802700055286
p value proxy: 0.006644518114626408
result: 1.0
power_upto_now: 0.2770083248615265

362th run
4000
original u-statistic:-1.8226341121779823
p value proxy: 0.8803986310958862
result: 0.0
power_upto_now: 0.27624309062957764

363th run
4000
original u-statistic:-2.719215163432942
p value proxy: 0.9634551405906677
result: 0.0
power_upto_now: 0.27548208832740784

364th run
4000
original u-statistic:1.5361209743103652
p value proxy: 0.1661129593849182
result: 0.0
power_upto_now: 0.2747252881526947

365th run
4000
original u-statistic:3.320328994085699
p value proxy: 0.04318936914205551
result: 1.0
power_upto_now: 0.2767123281955719

366th run
4000
original u-statistic:5.7751506051669
p value proxy: 0.003322259057313204
result: 1.0
power_upto_now: 0.2786885201931

367th run
4000
original u-statistic:-0.44215368219854057
p value proxy: 0.5747508406639099
result: 0.0
power_upto_now: 0.2779291570186615

368th run
4000
original u-statistic:6.581476748673445
p value proxy: 0.006644518114626408
result: 1.0
power_upto_now: 0.27989131212234497

369th run
4000
original u-statistic:7.1150169886366115
p value proxy: 0.003322259057313204
result: 1.0
power_upto_now: 0.28184282779693604

370th run
4000
original u-statistic:4.09783024105686
p value proxy: 0.013289036229252815
result: 1.0
power_upto_now: 0.28378379344940186

371th run
4000
original u-statistic:4.337215201942887
p value proxy: 0.013289036229252815
result: 1.0
power_upto_now: 0.2857142984867096

372th run
4000
original u-statistic:0.711622621436808
p value proxy: 0.24916942417621613
result: 0.0
power_upto_now: 0.2849462330341339

373th run
4000
original u-statistic:3.7880568718939163
p value proxy: 0.03654484823346138
result: 1.0
power_upto_now: 0.2868632674217224

374th run
4000
original u-statistic:0.07981795561507354
p value proxy: 0.4451827108860016
result: 0.0
power_upto_now: 0.2860962450504303

375th run
4000
original u-statistic:1.8186296210294417
p value proxy: 0.12956809997558594
result: 0.0
power_upto_now: 0.2853333353996277

376th run
4000
original u-statistic:0.1686022655147248
p value proxy: 0.48172757029533386
result: 0.0
power_upto_now: 0.2845744788646698

377th run
4000
original u-statistic:-0.12652576911807545
p value proxy: 0.46179401874542236
result: 0.0
power_upto_now: 0.28381961584091187

378th run
4000
original u-statistic:-0.38941670238697945
p value proxy: 0.6079733967781067
result: 0.0
power_upto_now: 0.28306877613067627

379th run
4000
original u-statistic:2.284215183401577
p value proxy: 0.1029900312423706
result: 0.0
power_upto_now: 0.28232190012931824

380th run
4000
original u-statistic:1.0943797216016522
p value proxy: 0.24916942417621613
result: 0.0
power_upto_now: 0.2815789580345154

381th run
4000
original u-statistic:0.9577338094634316
p value proxy: 0.2691029906272888
result: 0.0
power_upto_now: 0.2808398902416229

382th run
4000
original u-statistic:2.0496898729338966
p value proxy: 0.08970099687576294
result: 0.0
power_upto_now: 0.28010472655296326

383th run
4000
original u-statistic:1.1464514767625218
p value proxy: 0.2425249069929123
result: 0.0
power_upto_now: 0.2793733775615692

384th run
4000
original u-statistic:1.1733391251272574
p value proxy: 0.21594683825969696
result: 0.0
power_upto_now: 0.2786458432674408

385th run
4000
original u-statistic:2.818841139188831
p value proxy: 0.04651162773370743
result: 1.0
power_upto_now: 0.2805194854736328

386th run
4000
original u-statistic:1.6909755010907705
p value proxy: 0.15282391011714935
result: 0.0
power_upto_now: 0.27979275584220886

387th run
4000
original u-statistic:-0.13046415239206333
p value proxy: 0.45847174525260925
result: 0.0
power_upto_now: 0.27906978130340576

388th run
4000
original u-statistic:3.1562703710719378
p value proxy: 0.033222589641809464
result: 1.0
power_upto_now: 0.280927836894989

389th run
4000
original u-statistic:2.51421431959851
p value proxy: 0.059800662100315094
result: 0.0
power_upto_now: 0.2802056670188904

390th run
4000
original u-statistic:4.218360353392933
p value proxy: 0.023255813866853714
result: 1.0
power_upto_now: 0.28205129504203796

391th run
4000
original u-statistic:1.5415883173006728
p value proxy: 0.15946844220161438
result: 0.0
power_upto_now: 0.2813299298286438

392th run
4000
original u-statistic:-2.0681179316326066
p value proxy: 0.9202657341957092
result: 0.0
power_upto_now: 0.2806122303009033

393th run
4000
original u-statistic:3.0058000168954884
p value proxy: 0.05647840350866318
result: 0.0
power_upto_now: 0.2798982262611389

394th run
4000
original u-statistic:-0.340367681063368
p value proxy: 0.5514950156211853
result: 0.0
power_upto_now: 0.2791878283023834

395th run
4000
original u-statistic:1.1731878438261063
p value proxy: 0.25581395626068115
result: 0.0
power_upto_now: 0.27848100662231445

396th run
4000
original u-statistic:0.18575094311026064
p value proxy: 0.45847174525260925
result: 0.0
power_upto_now: 0.2777777910232544

397th run
4000
original u-statistic:-0.6548364108101881
p value proxy: 0.6279069781303406
result: 0.0
power_upto_now: 0.2770780920982361

398th run
4000
original u-statistic:0.3125518757000929
p value proxy: 0.3455149531364441
result: 0.0
power_upto_now: 0.2763819098472595

399th run
4000
original u-statistic:2.751587984366861
p value proxy: 0.04651162773370743
result: 1.0
power_upto_now: 0.27819550037384033

400th run
4000
original u-statistic:-0.20632280448954
p value proxy: 0.5780730843544006
result: 0.0
power_upto_now: 0.2775000035762787

401th run
4000
original u-statistic:1.7719959896463662
p value proxy: 0.1661129593849182
result: 0.0
power_upto_now: 0.2768079936504364

402th run
4000
original u-statistic:-0.3339165282934401
p value proxy: 0.5481727719306946
result: 0.0
power_upto_now: 0.2761194109916687

403th run
4000
original u-statistic:0.5679086475151349
p value proxy: 0.3521594703197479
result: 0.0
power_upto_now: 0.2754342555999756

404th run
4000
original u-statistic:2.393912659640085
p value proxy: 0.07641195505857468
result: 0.0
power_upto_now: 0.2747524678707123

405th run
4000
original u-statistic:1.5416035901871736
p value proxy: 0.12624584138393402
result: 0.0
power_upto_now: 0.27407407760620117

406th run
4000
original u-statistic:3.65103546113966
p value proxy: 0.016611294820904732
result: 1.0
power_upto_now: 0.27586206793785095

407th run
4000
original u-statistic:-0.6297780085952267
p value proxy: 0.6245846748352051
result: 0.0
power_upto_now: 0.2751842737197876

408th run
4000
original u-statistic:3.0573196068032775
p value proxy: 0.07308969646692276
result: 0.0
power_upto_now: 0.27450981736183167

409th run
4000
original u-statistic:4.65038709584957
p value proxy: 0.006644518114626408
result: 1.0
power_upto_now: 0.2762836217880249

410th run
4000
original u-statistic:4.290222230248916
p value proxy: 0.006644518114626408
result: 1.0
power_upto_now: 0.2780487835407257

411th run
4000
original u-statistic:4.901436240529262
p value proxy: 0.006644518114626408
result: 1.0
power_upto_now: 0.27980536222457886

412th run
4000
original u-statistic:4.673619184494851
p value proxy: 0.003322259057313204
result: 1.0
power_upto_now: 0.28155338764190674

413th run
4000
original u-statistic:1.216183329308052
p value proxy: 0.22923587262630463
result: 0.0
power_upto_now: 0.2808716595172882

414th run
4000
original u-statistic:-0.7636630056810483
p value proxy: 0.6677740812301636
result: 0.0
power_upto_now: 0.2801932394504547

415th run
4000
original u-statistic:0.5214437927629296
p value proxy: 0.3089700937271118
result: 0.0
power_upto_now: 0.2795180678367615

416th run
4000
original u-statistic:1.9279027550736556
p value proxy: 0.09966777265071869
result: 0.0
power_upto_now: 0.2788461446762085

417th run
4000
original u-statistic:2.189087045064128
p value proxy: 0.12956809997558594
result: 0.0
power_upto_now: 0.2781774699687958

418th run
4000
original u-statistic:-0.3557287296066711
p value proxy: 0.5780730843544006
result: 0.0
power_upto_now: 0.27751195430755615

419th run
4000
original u-statistic:5.13032374315469
p value proxy: 0.006644518114626408
result: 1.0
power_upto_now: 0.2792362868785858

420th run
4000
original u-statistic:2.337394163241934
p value proxy: 0.08970099687576294
result: 0.0
power_upto_now: 0.2785714268684387

421th run
4000
original u-statistic:1.3544998989169095
p value proxy: 0.14617939293384552
result: 0.0
power_upto_now: 0.2779097259044647

422th run
4000
original u-statistic:2.825550953521862
p value proxy: 0.039867110550403595
result: 1.0
power_upto_now: 0.27962085604667664

423th run
4000
original u-statistic:2.1489263903910745
p value proxy: 0.11295680701732635
result: 0.0
power_upto_now: 0.27895981073379517

424th run
4000
original u-statistic:1.8407822763794899
p value proxy: 0.15614616870880127
result: 0.0
power_upto_now: 0.2783018946647644

425th run
4000
original u-statistic:1.1145721098659198
p value proxy: 0.23588038980960846
result: 0.0
power_upto_now: 0.2776470482349396

426th run
4000
original u-statistic:-0.01780497288315086
p value proxy: 0.4717607796192169
result: 0.0
power_upto_now: 0.27699530124664307

427th run
4000
original u-statistic:1.7885642659988
p value proxy: 0.13289035856723785
result: 0.0
power_upto_now: 0.2763465940952301

428th run
4000
original u-statistic:4.818845256339184
p value proxy: 0.009966777637600899
result: 1.0
power_upto_now: 0.2780373692512512

429th run
4000
original u-statistic:5.499656520604243
p value proxy: 0.006644518114626408
result: 1.0
power_upto_now: 0.279720276594162

430th run
4000
original u-statistic:4.831107931877364
p value proxy: 0.009966777637600899
result: 1.0
power_upto_now: 0.2813953459262848

431th run
4000
original u-statistic:-0.7409505339922635
p value proxy: 0.6179401874542236
result: 0.0
power_upto_now: 0.28074246644973755

432th run
4000
original u-statistic:3.1553481508296217
p value proxy: 0.03654484823346138
result: 1.0
power_upto_now: 0.28240740299224854

433th run
4000
original u-statistic:3.1944186885783186
p value proxy: 0.04318936914205551
result: 1.0
power_upto_now: 0.2840646505355835

434th run
4000
original u-statistic:0.4681970588707802
p value proxy: 0.3654485046863556
result: 0.0
power_upto_now: 0.28341013193130493

435th run
4000
original u-statistic:9.403974431680089
p value proxy: 0.003322259057313204
result: 1.0
power_upto_now: 0.2850574851036072

436th run
4000
original u-statistic:2.8073100023528883
p value proxy: 0.05647840350866318
result: 0.0
power_upto_now: 0.2844036817550659

437th run
4000
original u-statistic:-1.2482913180747737
p value proxy: 0.7840531468391418
result: 0.0
power_upto_now: 0.2837528586387634

438th run
4000
original u-statistic:0.48971527350801125
p value proxy: 0.37873753905296326
result: 0.0
power_upto_now: 0.2831050157546997

439th run
4000
original u-statistic:4.296540775247513
p value proxy: 0.016611294820904732
result: 1.0
power_upto_now: 0.28473803400993347

440th run
4000
original u-statistic:3.394087032377891
p value proxy: 0.033222589641809464
result: 1.0
power_upto_now: 0.2863636314868927

441th run
4000
original u-statistic:0.0006462665800484046
p value proxy: 0.4850498139858246
result: 0.0
power_upto_now: 0.2857142984867096

442th run
4000
original u-statistic:0.7717372888370266
p value proxy: 0.31229233741760254
result: 0.0
power_upto_now: 0.2850678861141205

443th run
4000
original u-statistic:7.516914331716769
p value proxy: 0.006644518114626408
result: 1.0
power_upto_now: 0.2866817116737366

444th run
4000
original u-statistic:0.3307638996978204
p value proxy: 0.4019933342933655
result: 0.0
power_upto_now: 0.28603604435920715

445th run
4000
original u-statistic:1.767008667517456
p value proxy: 0.17275747656822205
result: 0.0
power_upto_now: 0.28539326786994934

446th run
4000
original u-statistic:0.13737103017187113
p value proxy: 0.4651162624359131
result: 0.0
power_upto_now: 0.28475335240364075

447th run
4000
original u-statistic:-1.3463986136641228
p value proxy: 0.8106312155723572
result: 0.0
power_upto_now: 0.28411632776260376

448th run
4000
original u-statistic:-0.5758760009851871
p value proxy: 0.634551465511322
result: 0.0
power_upto_now: 0.2834821343421936

449th run
4000
original u-statistic:0.9591058725673056
p value proxy: 0.2225913554430008
result: 0.0
power_upto_now: 0.2828507721424103

450th run
4000
original u-statistic:6.906503497020262
p value proxy: 0.003322259057313204
result: 1.0
power_upto_now: 0.2844444513320923

451th run
4000
original u-statistic:3.2650775532840415
p value proxy: 0.033222589641809464
result: 1.0
power_upto_now: 0.286031037569046

452th run
4000
original u-statistic:0.8974304282768957
p value proxy: 0.2591361999511719
result: 0.0
power_upto_now: 0.2853982448577881

453th run
4000
original u-statistic:-0.7230777805258413
p value proxy: 0.6910299062728882
result: 0.0
power_upto_now: 0.2847682237625122

454th run
4000
original u-statistic:2.610865583457362
p value proxy: 0.06312292069196701
result: 0.0
power_upto_now: 0.2841409742832184

455th run
4000
original u-statistic:1.1056555559224277
p value proxy: 0.2259136140346527
result: 0.0
power_upto_now: 0.2835164964199066

456th run
4000
original u-statistic:2.083823219953109
p value proxy: 0.13621261715888977
result: 0.0
power_upto_now: 0.28289473056793213

457th run
4000
original u-statistic:1.0639095062879251
p value proxy: 0.2691029906272888
result: 0.0
power_upto_now: 0.2822757065296173

458th run
4000
original u-statistic:2.0319819048867145
p value proxy: 0.0830564796924591
result: 0.0
power_upto_now: 0.28165939450263977

459th run
4000
original u-statistic:0.7563672130796988
p value proxy: 0.302325576543808
result: 0.0
power_upto_now: 0.2810457646846771

460th run
4000
original u-statistic:2.442891175122252
p value proxy: 0.1029900312423706
result: 0.0
power_upto_now: 0.280434787273407

461th run
4000
original u-statistic:8.123496238125309
p value proxy: 0.003322259057313204
result: 1.0
power_upto_now: 0.28199565410614014

462th run
4000
original u-statistic:2.7878896048662254
p value proxy: 0.04318936914205551
result: 1.0
power_upto_now: 0.28354978561401367

463th run
4000
original u-statistic:2.1555207487898915
p value proxy: 0.11627906560897827
result: 0.0
power_upto_now: 0.2829373776912689

464th run
4000
original u-statistic:1.695544868902081
p value proxy: 0.1229235827922821
result: 0.0
power_upto_now: 0.2823275923728943

465th run
4000
original u-statistic:4.0328576307568405
p value proxy: 0.023255813866853714
result: 1.0
power_upto_now: 0.28387096524238586

466th run
4000
original u-statistic:2.96356660938758
p value proxy: 0.04318936914205551
result: 1.0
power_upto_now: 0.2854077219963074

467th run
4000
original u-statistic:-0.09842804868182498
p value proxy: 0.4651162624359131
result: 0.0
power_upto_now: 0.2847965657711029

468th run
4000
original u-statistic:0.5588214272708467
p value proxy: 0.3322259187698364
result: 0.0
power_upto_now: 0.28418803215026855

469th run
4000
original u-statistic:-1.039241940384839
p value proxy: 0.7076411843299866
result: 0.0
power_upto_now: 0.28358209133148193

470th run
4000
original u-statistic:0.2823559406244458
p value proxy: 0.3853820562362671
result: 0.0
power_upto_now: 0.28297871351242065

471th run
4000
original u-statistic:2.954919201893557
p value proxy: 0.04318936914205551
result: 1.0
power_upto_now: 0.2845010757446289

472th run
4000
original u-statistic:7.213085017006416
p value proxy: 0.006644518114626408
result: 1.0
power_upto_now: 0.28601694107055664

473th run
4000
original u-statistic:1.5372516409036967
p value proxy: 0.17607973515987396
result: 0.0
power_upto_now: 0.2854122519493103

474th run
4000
original u-statistic:4.402788280610264
p value proxy: 0.009966777637600899
result: 1.0
power_upto_now: 0.28691983222961426

475th run
4000
original u-statistic:0.0008176897595388866
p value proxy: 0.4916943311691284
result: 0.0
power_upto_now: 0.28631579875946045

476th run
4000
original u-statistic:2.5753571888026006
p value proxy: 0.07641195505857468
result: 0.0
power_upto_now: 0.2857142984867096

477th run
4000
original u-statistic:1.5141136205405124
p value proxy: 0.1627907007932663
result: 0.0
power_upto_now: 0.2851153016090393

478th run
4000
original u-statistic:2.537291165537593
p value proxy: 0.06312292069196701
result: 0.0
power_upto_now: 0.284518837928772

479th run
4000
original u-statistic:1.2207579069342112
p value proxy: 0.23920264840126038
result: 0.0
power_upto_now: 0.2839248478412628

480th run
4000
original u-statistic:0.33684576956831425
p value proxy: 0.3920265734195709
result: 0.0
power_upto_now: 0.28333333134651184

481th run
4000
original u-statistic:1.156788751858492
p value proxy: 0.23920264840126038
result: 0.0
power_upto_now: 0.28274428844451904

482th run
4000
original u-statistic:0.058518981471936016
p value proxy: 0.4883720874786377
result: 0.0
power_upto_now: 0.28215768933296204

483th run
4000
original u-statistic:2.434833474087508
p value proxy: 0.08637873828411102
result: 0.0
power_upto_now: 0.28157350420951843

484th run
4000
original u-statistic:0.11457634494368385
p value proxy: 0.4086378514766693
result: 0.0
power_upto_now: 0.28099173307418823

485th run
4000
original u-statistic:0.9982432801318692
p value proxy: 0.23255813121795654
result: 0.0
power_upto_now: 0.28041237592697144

486th run
4000
original u-statistic:3.150260231483843
p value proxy: 0.05647840350866318
result: 0.0
power_upto_now: 0.27983540296554565

487th run
4000
original u-statistic:-1.7646935656327791
p value proxy: 0.8936876654624939
result: 0.0
power_upto_now: 0.2792607843875885

488th run
4000
original u-statistic:2.036285181037525
p value proxy: 0.14617939293384552
result: 0.0
power_upto_now: 0.2786885201931

489th run
4000
original u-statistic:0.42686632801866997
p value proxy: 0.3455149531364441
result: 0.0
power_upto_now: 0.2781186103820801

490th run
4000
original u-statistic:3.605423839102099
p value proxy: 0.04318936914205551
result: 1.0
power_upto_now: 0.279591828584671

491th run
4000
original u-statistic:1.7444576361733315
p value proxy: 0.12624584138393402
result: 0.0
power_upto_now: 0.2790223956108093

492th run
4000
original u-statistic:-1.3251686431783058
p value proxy: 0.7740863561630249
result: 0.0
power_upto_now: 0.27845528721809387

493th run
4000
original u-statistic:0.1387278944954673
p value proxy: 0.41860464215278625
result: 0.0
power_upto_now: 0.27789047360420227

494th run
4000
original u-statistic:0.8198178982587692
p value proxy: 0.25581395626068115
result: 0.0
power_upto_now: 0.27732792496681213

495th run
4000
original u-statistic:5.724583365150734
p value proxy: 0.003322259057313204
result: 1.0
power_upto_now: 0.27878788113594055

496th run
4000
original u-statistic:2.9554869242995787
p value proxy: 0.06976743787527084
result: 0.0
power_upto_now: 0.2782258093357086

497th run
4000
original u-statistic:1.185043917635154
p value proxy: 0.21926909685134888
result: 0.0
power_upto_now: 0.27766600251197815

498th run
4000
original u-statistic:-0.05188995043355682
p value proxy: 0.47508305311203003
result: 0.0
power_upto_now: 0.27710843086242676

499th run
4000
original u-statistic:-0.9471421544770604
p value proxy: 0.7009966373443604
result: 0.0
power_upto_now: 0.27655309438705444

500th run
4000
original u-statistic:-1.0409624947169318
p value proxy: 0.7043189406394958
result: 0.0
power_upto_now: 0.2759999930858612
power estimate : 0.2759999930858612
elapsed time: 172.60010623931885
simulation ended at 2022-09-13 00:15:04.627975
copula_mean
tensor([-0.5000, -0.5000], device='cuda:0')
sigma
tensor([[1.0000, 0.5000],
        [0.5000, 1.0000]], device='cuda:0')

        simulation started at = 2022-09-13 00:15:04.641681 

        n = 12000, 

        kappa = 3, alpha = 0.7274999999999999,

        gamma = 0.05, nTests = 500,

        B = 300, d = 2
        

1th run
4000
original u-statistic:1.2649446714728327
p value proxy: 0.16943521797657013
result: 0.0
power_upto_now: 0.0

2th run
4000
original u-statistic:2.8118224012911393
p value proxy: 0.049833886325359344
result: 1.0
power_upto_now: 0.5

3th run
4000
original u-statistic:-0.21106425454629552
p value proxy: 0.5714285373687744
result: 0.0
power_upto_now: 0.3333333432674408

4th run
4000
original u-statistic:3.056131943552503
p value proxy: 0.04651162773370743
result: 1.0
power_upto_now: 0.5

5th run
4000
original u-statistic:1.9020731421588526
p value proxy: 0.11295680701732635
result: 0.0
power_upto_now: 0.4000000059604645

6th run
4000
original u-statistic:3.9833209252296884
p value proxy: 0.016611294820904732
result: 1.0
power_upto_now: 0.5

7th run
4000
original u-statistic:1.00634633214064
p value proxy: 0.19933554530143738
result: 0.0
power_upto_now: 0.4285714328289032

8th run
4000
original u-statistic:2.757216129658938
p value proxy: 0.059800662100315094
result: 0.0
power_upto_now: 0.375

9th run
4000
original u-statistic:-1.688219498833921
p value proxy: 0.8538205623626709
result: 0.0
power_upto_now: 0.3333333432674408

10th run
4000
original u-statistic:1.883865008318355
p value proxy: 0.12624584138393402
result: 0.0
power_upto_now: 0.30000001192092896

11th run
4000
original u-statistic:1.2865166952496265
p value proxy: 0.17940199375152588
result: 0.0
power_upto_now: 0.27272728085517883

12th run
4000
original u-statistic:2.244509415266286
p value proxy: 0.08970099687576294
result: 0.0
power_upto_now: 0.25

13th run
4000
original u-statistic:0.9888041807081263
p value proxy: 0.2225913554430008
result: 0.0
power_upto_now: 0.23076923191547394

14th run
4000
original u-statistic:2.652915480186465
p value proxy: 0.05315614491701126
result: 0.0
power_upto_now: 0.2142857164144516

15th run
4000
original u-statistic:2.8331324869542858
p value proxy: 0.06312292069196701
result: 0.0
power_upto_now: 0.20000000298023224

16th run
4000
original u-statistic:1.5412215853850695
p value proxy: 0.15946844220161438
result: 0.0
power_upto_now: 0.1875

17th run
4000
original u-statistic:5.085340038558624
p value proxy: 0.003322259057313204
result: 1.0
power_upto_now: 0.23529411852359772

18th run
4000
original u-statistic:-0.5917797732847938
p value proxy: 0.6611295342445374
result: 0.0
power_upto_now: 0.2222222238779068

19th run
4000
original u-statistic:0.9251566426815834
p value proxy: 0.262458473443985
result: 0.0
power_upto_now: 0.21052631735801697

20th run
4000
original u-statistic:5.489544531693845
p value proxy: 0.006644518114626408
result: 1.0
power_upto_now: 0.25

21th run
4000
original u-statistic:4.49170687364063
p value proxy: 0.006644518114626408
result: 1.0
power_upto_now: 0.2857142984867096

22th run
4000
original u-statistic:0.5349607477589995
p value proxy: 0.33887043595314026
result: 0.0
power_upto_now: 0.27272728085517883

23th run
4000
original u-statistic:5.530909080205191
p value proxy: 0.003322259057313204
result: 1.0
power_upto_now: 0.30434781312942505

24th run
4000
original u-statistic:0.02338388388476087
p value proxy: 0.4318936765193939
result: 0.0
power_upto_now: 0.2916666567325592

25th run
4000
original u-statistic:2.196775273236282
p value proxy: 0.08637873828411102
result: 0.0
power_upto_now: 0.2800000011920929

26th run
4000
original u-statistic:4.307948161754817
p value proxy: 0.009966777637600899
result: 1.0
power_upto_now: 0.3076923191547394

27th run
4000
original u-statistic:-1.0942033721434443
p value proxy: 0.7541528344154358
result: 0.0
power_upto_now: 0.29629629850387573

28th run
4000
original u-statistic:4.077765119374451
p value proxy: 0.009966777637600899
result: 1.0
power_upto_now: 0.3214285671710968

29th run
4000
original u-statistic:1.5556519898388537
p value proxy: 0.1661129593849182
result: 0.0
power_upto_now: 0.3103448152542114

30th run
4000
original u-statistic:0.5408987604803883
p value proxy: 0.3654485046863556
result: 0.0
power_upto_now: 0.30000001192092896

31th run
4000
original u-statistic:2.834349295606976
p value proxy: 0.05647840350866318
result: 0.0
power_upto_now: 0.29032257199287415

32th run
4000
original u-statistic:1.8816095466189413
p value proxy: 0.08970099687576294
result: 0.0
power_upto_now: 0.28125

33th run
4000
original u-statistic:-0.3554646380645443
p value proxy: 0.6079733967781067
result: 0.0
power_upto_now: 0.27272728085517883

34th run
4000
original u-statistic:0.6752764830858871
p value proxy: 0.29235878586769104
result: 0.0
power_upto_now: 0.2647058963775635

35th run
4000
original u-statistic:1.5279937784065045
p value proxy: 0.17275747656822205
result: 0.0
power_upto_now: 0.2571428716182709

36th run
4000
original u-statistic:-1.3266821568234697
p value proxy: 0.8073089718818665
result: 0.0
power_upto_now: 0.25

37th run
4000
original u-statistic:1.7865966468771552
p value proxy: 0.1029900312423706
result: 0.0
power_upto_now: 0.2432432472705841

38th run
4000
original u-statistic:1.9480815752694607
p value proxy: 0.11295680701732635
result: 0.0
power_upto_now: 0.2368421107530594

39th run
4000
original u-statistic:0.030156690489367755
p value proxy: 0.4850498139858246
result: 0.0
power_upto_now: 0.23076923191547394

40th run
4000
original u-statistic:4.378234449190268
p value proxy: 0.009966777637600899
result: 1.0
power_upto_now: 0.25

41th run
4000
original u-statistic:0.7836882895100947
p value proxy: 0.262458473443985
result: 0.0
power_upto_now: 0.24390244483947754

42th run
4000
original u-statistic:5.431524454056342
p value proxy: 0.003322259057313204
result: 1.0
power_upto_now: 0.261904776096344

43th run
4000
original u-statistic:2.2651679181077595
p value proxy: 0.09634551405906677
result: 0.0
power_upto_now: 0.25581395626068115

44th run
4000
original u-statistic:4.361508622727361
p value proxy: 0.013289036229252815
result: 1.0
power_upto_now: 0.27272728085517883

45th run
4000
original u-statistic:-1.302018320698128
p value proxy: 0.7840531468391418
result: 0.0
power_upto_now: 0.2666666805744171

46th run
4000
original u-statistic:0.8290040132040302
p value proxy: 0.2691029906272888
result: 0.0
power_upto_now: 0.260869562625885

47th run
4000
original u-statistic:3.6761270865567477
p value proxy: 0.02657807245850563
result: 1.0
power_upto_now: 0.27659574151039124

48th run
4000
original u-statistic:1.794628288904744
p value proxy: 0.09634551405906677
result: 0.0
power_upto_now: 0.2708333432674408

49th run
4000
original u-statistic:3.3783052752135347
p value proxy: 0.016611294820904732
result: 1.0
power_upto_now: 0.2857142984867096

50th run
4000
original u-statistic:2.647331222557373
p value proxy: 0.05315614491701126
result: 0.0
power_upto_now: 0.2800000011920929

51th run
4000
original u-statistic:-0.12797161334344653
p value proxy: 0.514950156211853
result: 0.0
power_upto_now: 0.27450981736183167

52th run
4000
original u-statistic:4.296411110322151
p value proxy: 0.016611294820904732
result: 1.0
power_upto_now: 0.2884615361690521

53th run
4000
original u-statistic:4.066468595937106
p value proxy: 0.009966777637600899
result: 1.0
power_upto_now: 0.30188679695129395

54th run
4000
original u-statistic:0.9171859601344723
p value proxy: 0.2823920249938965
result: 0.0
power_upto_now: 0.29629629850387573

55th run
4000
original u-statistic:-2.39204942995858
p value proxy: 0.9667773842811584
result: 0.0
power_upto_now: 0.290909081697464

56th run
4000
original u-statistic:0.5517354102340448
p value proxy: 0.342192679643631
result: 0.0
power_upto_now: 0.2857142984867096

57th run
4000
original u-statistic:3.177021067389258
p value proxy: 0.029900331050157547
result: 1.0
power_upto_now: 0.2982456088066101

58th run
4000
original u-statistic:1.7701262206512216
p value proxy: 0.13289035856723785
result: 0.0
power_upto_now: 0.2931034564971924

59th run
4000
original u-statistic:7.230994905146488
p value proxy: 0.003322259057313204
result: 1.0
power_upto_now: 0.3050847351551056

60th run
4000
original u-statistic:1.1595772518778453
p value proxy: 0.1827242523431778
result: 0.0
power_upto_now: 0.30000001192092896

61th run
4000
original u-statistic:4.297240401132872
p value proxy: 0.009966777637600899
result: 1.0
power_upto_now: 0.31147539615631104

62th run
4000
original u-statistic:-0.44617677891586816
p value proxy: 0.5415282249450684
result: 0.0
power_upto_now: 0.30645161867141724

63th run
4000
original u-statistic:1.8103934575715677
p value proxy: 0.11627906560897827
result: 0.0
power_upto_now: 0.30158731341362

64th run
4000
original u-statistic:-2.1160921172215
p value proxy: 0.9269102811813354
result: 0.0
power_upto_now: 0.296875

65th run
4000
original u-statistic:0.8959409189222658
p value proxy: 0.27574750781059265
result: 0.0
power_upto_now: 0.29230770468711853

66th run
4000
original u-statistic:-0.34817690505928756
p value proxy: 0.5382059812545776
result: 0.0
power_upto_now: 0.28787878155708313

67th run
4000
original u-statistic:3.8171811708535275
p value proxy: 0.006644518114626408
result: 1.0
power_upto_now: 0.2985074520111084

68th run
4000
original u-statistic:3.916480154620638
p value proxy: 0.019933555275201797
result: 1.0
power_upto_now: 0.30882352590560913

69th run
4000
original u-statistic:2.4544348182943154
p value proxy: 0.07308969646692276
result: 0.0
power_upto_now: 0.30434781312942505

70th run
4000
original u-statistic:3.242726475825073
p value proxy: 0.013289036229252815
result: 1.0
power_upto_now: 0.3142857253551483

71th run
4000
original u-statistic:3.0039873635904444
p value proxy: 0.016611294820904732
result: 1.0
power_upto_now: 0.3239436745643616

72th run
4000
original u-statistic:-0.018017198757791064
p value proxy: 0.4717607796192169
result: 0.0
power_upto_now: 0.3194444477558136

73th run
4000
original u-statistic:2.340244006532277
p value proxy: 0.06312292069196701
result: 0.0
power_upto_now: 0.31506848335266113

74th run
4000
original u-statistic:0.6749168914193344
p value proxy: 0.302325576543808
result: 0.0
power_upto_now: 0.31081080436706543

75th run
4000
original u-statistic:0.19096545559475553
p value proxy: 0.4285714328289032
result: 0.0
power_upto_now: 0.30666667222976685

76th run
4000
original u-statistic:2.786426670864688
p value proxy: 0.04651162773370743
result: 1.0
power_upto_now: 0.31578946113586426

77th run
4000
original u-statistic:1.5229568180738298
p value proxy: 0.15614616870880127
result: 0.0
power_upto_now: 0.31168830394744873

78th run
4000
original u-statistic:3.851771241227155
p value proxy: 0.013289036229252815
result: 1.0
power_upto_now: 0.3205128312110901

79th run
4000
original u-statistic:-0.3211894639728463
p value proxy: 0.6013289093971252
result: 0.0
power_upto_now: 0.3164556920528412

80th run
4000
original u-statistic:1.386778418367272
p value proxy: 0.13621261715888977
result: 0.0
power_upto_now: 0.3125

81th run
4000
original u-statistic:2.5470501784852004
p value proxy: 0.039867110550403595
result: 1.0
power_upto_now: 0.32098764181137085

82th run
4000
original u-statistic:0.8085820776035852
p value proxy: 0.27242523431777954
result: 0.0
power_upto_now: 0.31707316637039185

83th run
4000
original u-statistic:-0.3221892063359242
p value proxy: 0.5016611218452454
result: 0.0
power_upto_now: 0.3132530152797699

84th run
4000
original u-statistic:0.6436491065295913
p value proxy: 0.3222591280937195
result: 0.0
power_upto_now: 0.3095238208770752

85th run
4000
original u-statistic:0.025930684009470184
p value proxy: 0.47508305311203003
result: 0.0
power_upto_now: 0.30588236451148987

86th run
4000
original u-statistic:-0.9216466301627371
p value proxy: 0.6943521499633789
result: 0.0
power_upto_now: 0.302325576543808

87th run
4000
original u-statistic:0.9996012573643371
p value proxy: 0.2425249069929123
result: 0.0
power_upto_now: 0.29885056614875793

88th run
4000
original u-statistic:-0.7664590674145568
p value proxy: 0.6777408719062805
result: 0.0
power_upto_now: 0.2954545319080353

89th run
4000
original u-statistic:0.47211997388616034
p value proxy: 0.3289036452770233
result: 0.0
power_upto_now: 0.2921348214149475

90th run
4000
original u-statistic:-1.7427989073779973
p value proxy: 0.8571428656578064
result: 0.0
power_upto_now: 0.2888889014720917

91th run
4000
original u-statistic:2.3973106750696758
p value proxy: 0.07308969646692276
result: 0.0
power_upto_now: 0.2857142984867096

92th run
4000
original u-statistic:-0.6465652592224167
p value proxy: 0.6378737688064575
result: 0.0
power_upto_now: 0.28260868787765503

93th run
4000
original u-statistic:0.1863028631151904
p value proxy: 0.41528236865997314
result: 0.0
power_upto_now: 0.2795698940753937

94th run
4000
original u-statistic:3.3443172816893267
p value proxy: 0.033222589641809464
result: 1.0
power_upto_now: 0.28723403811454773

95th run
4000
original u-statistic:1.5145657296905104
p value proxy: 0.20930232107639313
result: 0.0
power_upto_now: 0.28421053290367126

96th run
4000
original u-statistic:0.25006139859386867
p value proxy: 0.3920265734195709
result: 0.0
power_upto_now: 0.28125

97th run
4000
original u-statistic:-1.9203443653254597
p value proxy: 0.9069766998291016
result: 0.0
power_upto_now: 0.27835050225257874

98th run
4000
original u-statistic:3.00440342297573
p value proxy: 0.04318936914205551
result: 1.0
power_upto_now: 0.2857142984867096

99th run
4000
original u-statistic:1.8362854212344386
p value proxy: 0.11627906560897827
result: 0.0
power_upto_now: 0.28282827138900757

100th run
4000
original u-statistic:2.9332150609510097
p value proxy: 0.04651162773370743
result: 1.0
power_upto_now: 0.28999999165534973

101th run
4000
original u-statistic:3.341383050134018
p value proxy: 0.02657807245850563
result: 1.0
power_upto_now: 0.2970297038555145

102th run
4000
original u-statistic:4.050921869837425
p value proxy: 0.016611294820904732
result: 1.0
power_upto_now: 0.30392158031463623

103th run
4000
original u-statistic:1.578685817293108
p value proxy: 0.14617939293384552
result: 0.0
power_upto_now: 0.3009708821773529

104th run
4000
original u-statistic:2.8970809093054077
p value proxy: 0.059800662100315094
result: 0.0
power_upto_now: 0.29807692766189575

105th run
4000
original u-statistic:1.2602497228766936
p value proxy: 0.21594683825969696
result: 0.0
power_upto_now: 0.29523810744285583

106th run
4000
original u-statistic:3.976682378268765
p value proxy: 0.013289036229252815
result: 1.0
power_upto_now: 0.30188679695129395

107th run
4000
original u-statistic:-1.269212181039074
p value proxy: 0.7408637404441833
result: 0.0
power_upto_now: 0.29906541109085083

108th run
4000
original u-statistic:5.20551908881903
p value proxy: 0.009966777637600899
result: 1.0
power_upto_now: 0.3055555522441864

109th run
4000
original u-statistic:1.9739747642318637
p value proxy: 0.09302325546741486
result: 0.0
power_upto_now: 0.302752286195755

110th run
4000
original u-statistic:0.1799589701999107
p value proxy: 0.4119601249694824
result: 0.0
power_upto_now: 0.30000001192092896

111th run
4000
original u-statistic:3.4566127334321246
p value proxy: 0.033222589641809464
result: 1.0
power_upto_now: 0.30630630254745483

112th run
4000
original u-statistic:1.5732004878598653
p value proxy: 0.12956809997558594
result: 0.0
power_upto_now: 0.3035714328289032

113th run
4000
original u-statistic:-0.6733497368290937
p value proxy: 0.6378737688064575
result: 0.0
power_upto_now: 0.3008849620819092

114th run
4000
original u-statistic:0.9971617406251054
p value proxy: 0.21594683825969696
result: 0.0
power_upto_now: 0.2982456088066101

115th run
4000
original u-statistic:0.402247898135192
p value proxy: 0.3488371968269348
result: 0.0
power_upto_now: 0.2956521809101105

116th run
4000
original u-statistic:3.727336744749792
p value proxy: 0.016611294820904732
result: 1.0
power_upto_now: 0.3017241358757019

117th run
4000
original u-statistic:-0.7007037794518904
p value proxy: 0.6511628031730652
result: 0.0
power_upto_now: 0.29914531111717224

118th run
4000
original u-statistic:3.4877639957734363
p value proxy: 0.016611294820904732
result: 1.0
power_upto_now: 0.3050847351551056

119th run
4000
original u-statistic:6.181927281120901
p value proxy: 0.003322259057313204
result: 1.0
power_upto_now: 0.31092438101768494

120th run
4000
original u-statistic:-0.04633806658965778
p value proxy: 0.514950156211853
result: 0.0
power_upto_now: 0.3083333373069763

121th run
4000
original u-statistic:0.43052558747417713
p value proxy: 0.3521594703197479
result: 0.0
power_upto_now: 0.3057851195335388

122th run
4000
original u-statistic:0.5167705159866767
p value proxy: 0.3488371968269348
result: 0.0
power_upto_now: 0.30327868461608887

123th run
4000
original u-statistic:2.25287115273111
p value proxy: 0.059800662100315094
result: 0.0
power_upto_now: 0.3008130192756653

124th run
4000
original u-statistic:2.122821197690711
p value proxy: 0.08637873828411102
result: 0.0
power_upto_now: 0.2983871102333069

125th run
4000
original u-statistic:3.538829941150552
p value proxy: 0.016611294820904732
result: 1.0
power_upto_now: 0.30399999022483826

126th run
4000
original u-statistic:-1.2466966176483911
p value proxy: 0.7574750781059265
result: 0.0
power_upto_now: 0.30158731341362

127th run
4000
original u-statistic:3.0136847443534904
p value proxy: 0.03654484823346138
result: 1.0
power_upto_now: 0.30708661675453186

128th run
4000
original u-statistic:4.71449265029893
p value proxy: 0.006644518114626408
result: 1.0
power_upto_now: 0.3125

129th run
4000
original u-statistic:1.7157962378748604
p value proxy: 0.09634551405906677
result: 0.0
power_upto_now: 0.3100775182247162

130th run
4000
original u-statistic:3.8027744245145776
p value proxy: 0.016611294820904732
result: 1.0
power_upto_now: 0.3153846263885498

131th run
4000
original u-statistic:0.6252688157975843
p value proxy: 0.342192679643631
result: 0.0
power_upto_now: 0.3129771053791046

132th run
4000
original u-statistic:2.7527543321650176
p value proxy: 0.039867110550403595
result: 1.0
power_upto_now: 0.3181818127632141

133th run
4000
original u-statistic:-0.19297996167800946
p value proxy: 0.514950156211853
result: 0.0
power_upto_now: 0.31578946113586426

134th run
4000
original u-statistic:0.6937417988839698
p value proxy: 0.24916942417621613
result: 0.0
power_upto_now: 0.31343284249305725

135th run
4000
original u-statistic:4.867851273480093
p value proxy: 0.003322259057313204
result: 1.0
power_upto_now: 0.3185185194015503

136th run
4000
original u-statistic:3.9447173117836303
p value proxy: 0.013289036229252815
result: 1.0
power_upto_now: 0.3235294222831726

137th run
4000
original u-statistic:3.2904186381568996
p value proxy: 0.029900331050157547
result: 1.0
power_upto_now: 0.32846716046333313

138th run
4000
original u-statistic:5.17390084036378
p value proxy: 0.003322259057313204
result: 1.0
power_upto_now: 0.3333333432674408

139th run
4000
original u-statistic:1.1911012866794959
p value proxy: 0.2026578038930893
result: 0.0
power_upto_now: 0.3309352397918701

140th run
4000
original u-statistic:1.2408490093347853
p value proxy: 0.17275747656822205
result: 0.0
power_upto_now: 0.3285714387893677

141th run
4000
original u-statistic:2.950597866380896
p value proxy: 0.029900331050157547
result: 1.0
power_upto_now: 0.3333333432674408

142th run
4000
original u-statistic:3.020632886468014
p value proxy: 0.033222589641809464
result: 1.0
power_upto_now: 0.3380281627178192

143th run
4000
original u-statistic:-0.8610719820422004
p value proxy: 0.6976743936538696
result: 0.0
power_upto_now: 0.3356643319129944

144th run
4000
original u-statistic:-0.5034943000115621
p value proxy: 0.5747508406639099
result: 0.0
power_upto_now: 0.3333333432674408

145th run
4000
original u-statistic:1.5744724031171247
p value proxy: 0.13289035856723785
result: 0.0
power_upto_now: 0.33103448152542114

146th run
4000
original u-statistic:1.3815006906161553
p value proxy: 0.15614616870880127
result: 0.0
power_upto_now: 0.3287671208381653

147th run
4000
original u-statistic:-1.0278732263896488
p value proxy: 0.7807309031486511
result: 0.0
power_upto_now: 0.3265306055545807

148th run
4000
original u-statistic:0.7454152975403034
p value proxy: 0.2691029906272888
result: 0.0
power_upto_now: 0.3243243098258972

149th run
4000
original u-statistic:0.32113845419284814
p value proxy: 0.3920265734195709
result: 0.0
power_upto_now: 0.3221476376056671

150th run
4000
original u-statistic:1.2078945340999292
p value proxy: 0.21262457966804504
result: 0.0
power_upto_now: 0.3199999928474426

151th run
4000
original u-statistic:3.8118842345269006
p value proxy: 0.019933555275201797
result: 1.0
power_upto_now: 0.3245033025741577

152th run
4000
original u-statistic:0.7537315425642213
p value proxy: 0.3488371968269348
result: 0.0
power_upto_now: 0.32236841320991516

153th run
4000
original u-statistic:0.2789510244875393
p value proxy: 0.43521595001220703
result: 0.0
power_upto_now: 0.3202614486217499

154th run
4000
original u-statistic:-0.16859395497570873
p value proxy: 0.4916943311691284
result: 0.0
power_upto_now: 0.3181818127632141

155th run
4000
original u-statistic:2.2124803149522965
p value proxy: 0.09966777265071869
result: 0.0
power_upto_now: 0.31612902879714966

156th run
4000
original u-statistic:1.2182982822664101
p value proxy: 0.19933554530143738
result: 0.0
power_upto_now: 0.31410256028175354

157th run
4000
original u-statistic:-0.6502785011396188
p value proxy: 0.634551465511322
result: 0.0
power_upto_now: 0.31210190057754517

158th run
4000
original u-statistic:4.3517500641002025
p value proxy: 0.006644518114626408
result: 1.0
power_upto_now: 0.3164556920528412

159th run
4000
original u-statistic:1.6170601000229747
p value proxy: 0.12956809997558594
result: 0.0
power_upto_now: 0.31446540355682373

160th run
4000
original u-statistic:-0.3763125951216635
p value proxy: 0.5681062936782837
result: 0.0
power_upto_now: 0.3125

161th run
4000
original u-statistic:-0.8633007073974115
p value proxy: 0.6611295342445374
result: 0.0
power_upto_now: 0.3105590045452118

162th run
4000
original u-statistic:4.094281326040981
p value proxy: 0.009966777637600899
result: 1.0
power_upto_now: 0.31481480598449707

163th run
4000
original u-statistic:-1.2939512127402573
p value proxy: 0.7774085998535156
result: 0.0
power_upto_now: 0.3128834366798401

164th run
4000
original u-statistic:-1.79696026768827
p value proxy: 0.8538205623626709
result: 0.0
power_upto_now: 0.3109756112098694

165th run
4000
original u-statistic:0.8634096124005519
p value proxy: 0.2458471655845642
result: 0.0
power_upto_now: 0.30909091234207153

166th run
4000
original u-statistic:0.5894408477938624
p value proxy: 0.3654485046863556
result: 0.0
power_upto_now: 0.3072289228439331

167th run
4000
original u-statistic:0.3641503122036793
p value proxy: 0.3720930218696594
result: 0.0
power_upto_now: 0.3053892254829407

168th run
4000
original u-statistic:-0.05347772036019727
p value proxy: 0.5083056092262268
result: 0.0
power_upto_now: 0.3035714328289032

169th run
4000
original u-statistic:2.323526083832135
p value proxy: 0.05315614491701126
result: 0.0
power_upto_now: 0.30177515745162964

170th run
4000
original u-statistic:0.42602226743263216
p value proxy: 0.37541526556015015
result: 0.0
power_upto_now: 0.30000001192092896

171th run
4000
original u-statistic:2.9096268876153433
p value proxy: 0.03654484823346138
result: 1.0
power_upto_now: 0.3040935695171356

172th run
4000
original u-statistic:-0.7758922911723429
p value proxy: 0.644518256187439
result: 0.0
power_upto_now: 0.302325576543808

173th run
4000
original u-statistic:2.220203569572467
p value proxy: 0.07973422110080719
result: 0.0
power_upto_now: 0.3005780279636383

174th run
4000
original u-statistic:0.6987940307787559
p value proxy: 0.27574750781059265
result: 0.0
power_upto_now: 0.29885056614875793

175th run
4000
original u-statistic:2.3682603895643846
