job started
cuda available: True
code run on device:: cuda:0

simulation started at = 2022-07-06 21:08:46.350284 

n1 = 20000, n2 = 20000,

kappa = 3, alpha = 0.8,

gamma = 0.05, nTests = 500,

B = 300, d = 7

sigma_1
tensor([[1.0000, 0.5000, 0.5000, 0.5000, 0.5000, 0.5000, 0.5000],
        [0.5000, 1.0000, 0.5000, 0.5000, 0.5000, 0.5000, 0.5000],
        [0.5000, 0.5000, 1.0000, 0.5000, 0.5000, 0.5000, 0.5000],
        [0.5000, 0.5000, 0.5000, 1.0000, 0.5000, 0.5000, 0.5000],
        [0.5000, 0.5000, 0.5000, 0.5000, 1.0000, 0.5000, 0.5000],
        [0.5000, 0.5000, 0.5000, 0.5000, 0.5000, 1.0000, 0.5000],
        [0.5000, 0.5000, 0.5000, 0.5000, 0.5000, 0.5000, 1.0000]],
       device='cuda:0')
sigma_2
tensor([[5.0000, 2.5000, 2.5000, 2.5000, 2.5000, 2.5000, 2.5000],
        [2.5000, 5.0000, 2.5000, 2.5000, 2.5000, 2.5000, 2.5000],
        [2.5000, 2.5000, 5.0000, 2.5000, 2.5000, 2.5000, 2.5000],
        [2.5000, 2.5000, 2.5000, 5.0000, 2.5000, 2.5000, 2.5000],
        [2.5000, 2.5000, 2.5000, 2.5000, 5.0000, 2.5000, 2.5000],
        [2.5000, 2.5000, 2.5000, 2.5000, 2.5000, 5.0000, 2.5000],
        [2.5000, 2.5000, 2.5000, 2.5000, 2.5000, 2.5000, 5.0000]],
       device='cuda:0')

1th run
noise dimension : 2187
noise type: conti
torch.Size([40000, 2187])
original u-statistic:-32.837196350097656
p value proxy: 0.5913621187210083
result: 0.0
power_upto_now: 0.0
noise variance: 27332.60546875
average noise variance upto now: 27332.60546875

2th run
noise dimension : 2187
noise type: conti
torch.Size([40000, 2187])
original u-statistic:-143.26980590820312
p value proxy: 0.7707641124725342
result: 0.0
power_upto_now: 0.0
noise variance: 27328.599609375
average noise variance upto now: 27330.6015625

3th run
noise dimension : 2187
noise type: conti
torch.Size([40000, 2187])
original u-statistic:-80.35330200195312
p value proxy: 0.6578072905540466
result: 0.0
power_upto_now: 0.0
noise variance: 27340.5703125
average noise variance upto now: 27333.923828125

4th run
noise dimension : 2187
noise type: conti
torch.Size([40000, 2187])
original u-statistic:-196.02352905273438
p value proxy: 0.8737541437149048
result: 0.0
power_upto_now: 0.0
noise variance: 27340.978515625
average noise variance upto now: 27335.6875

5th run
noise dimension : 2187
noise type: conti
torch.Size([40000, 2187])
original u-statistic:-227.591796875
p value proxy: 0.8571428656578064
result: 0.0
power_upto_now: 0.0
noise variance: 27347.57421875
average noise variance upto now: 27338.06640625

6th run
noise dimension : 2187
noise type: conti
torch.Size([40000, 2187])
original u-statistic:-75.46559143066406
p value proxy: 0.6511628031730652
result: 0.0
power_upto_now: 0.0
noise variance: 27333.888671875
average noise variance upto now: 27337.373046875

7th run
noise dimension : 2187
noise type: conti
torch.Size([40000, 2187])
original u-statistic:34.66064453125
p value proxy: 0.4651162624359131
result: 0.0
power_upto_now: 0.0
noise variance: 27332.8125
average noise variance upto now: 27336.720703125

8th run
noise dimension : 2187
noise type: conti
torch.Size([40000, 2187])
original u-statistic:-18.942312240600586
p value proxy: 0.5714285373687744
result: 0.0
power_upto_now: 0.0
noise variance: 27331.4609375
average noise variance upto now: 27336.0625

9th run
noise dimension : 2187
noise type: conti
torch.Size([40000, 2187])
original u-statistic:89.26193237304688
p value proxy: 0.31561461091041565
result: 0.0
power_upto_now: 0.0
noise variance: 27346.26953125
average noise variance upto now: 27337.197265625

10th run
noise dimension : 2187
noise type: conti
torch.Size([40000, 2187])
original u-statistic:0.925384521484375
p value proxy: 0.5382059812545776
result: 0.0
power_upto_now: 0.0
noise variance: 27321.82421875
average noise variance upto now: 27335.66015625

11th run
noise dimension : 2187
noise type: conti
torch.Size([40000, 2187])
original u-statistic:-34.53150177001953
p value proxy: 0.5847175717353821
result: 0.0
power_upto_now: 0.0
noise variance: 27351.2109375
average noise variance upto now: 27337.0703125

12th run
noise dimension : 2187
noise type: conti
torch.Size([40000, 2187])
original u-statistic:-126.6784439086914
p value proxy: 0.7209302186965942
result: 0.0
power_upto_now: 0.0
noise variance: 27334.21484375
average noise variance upto now: 27336.833984375

13th run
noise dimension : 2187
noise type: conti
torch.Size([40000, 2187])
original u-statistic:-5.107481002807617
p value proxy: 0.5116279125213623
result: 0.0
power_upto_now: 0.0
noise variance: 27340.6484375
average noise variance upto now: 27337.126953125

14th run
noise dimension : 2187
noise type: conti
torch.Size([40000, 2187])
original u-statistic:193.15719604492188
p value proxy: 0.14617939293384552
result: 0.0
power_upto_now: 0.0
noise variance: 27329.763671875
average noise variance upto now: 27336.59765625

15th run
noise dimension : 2187
noise type: conti
torch.Size([40000, 2187])
original u-statistic:17.29208755493164
p value proxy: 0.4119601249694824
result: 0.0
power_upto_now: 0.0
noise variance: 27340.015625
average noise variance upto now: 27336.826171875

16th run
noise dimension : 2187
noise type: conti
torch.Size([40000, 2187])
original u-statistic:-61.95609664916992
p value proxy: 0.684385359287262
result: 0.0
power_upto_now: 0.0
noise variance: 27337.244140625
average noise variance upto now: 27336.85546875

17th run
noise dimension : 2187
noise type: conti
torch.Size([40000, 2187])
original u-statistic:-66.13075256347656
p value proxy: 0.6212624311447144
result: 0.0
power_upto_now: 0.0
noise variance: 27338.84375
average noise variance upto now: 27336.970703125

18th run
noise dimension : 2187
noise type: conti
torch.Size([40000, 2187])
original u-statistic:-73.76292419433594
p value proxy: 0.6478404998779297
result: 0.0
power_upto_now: 0.0
noise variance: 27342.7734375
average noise variance upto now: 27337.291015625

19th run
noise dimension : 2187
noise type: conti
torch.Size([40000, 2187])
original u-statistic:-158.45257568359375
p value proxy: 0.7807309031486511
result: 0.0
power_upto_now: 0.0
noise variance: 27339.306640625
average noise variance upto now: 27337.3984375

20th run
noise dimension : 2187
noise type: conti
torch.Size([40000, 2187])
original u-statistic:151.7685546875
p value proxy: 0.2026578038930893
result: 0.0
power_upto_now: 0.0
noise variance: 27335.767578125
average noise variance upto now: 27337.31640625

21th run
noise dimension : 2187
noise type: conti
torch.Size([40000, 2187])
original u-statistic:-8.874969482421875
p value proxy: 0.5182723999023438
result: 0.0
power_upto_now: 0.0
noise variance: 27336.884765625
average noise variance upto now: 27337.296875

22th run
noise dimension : 2187
noise type: conti
torch.Size([40000, 2187])
original u-statistic:119.8123550415039
p value proxy: 0.21926909685134888
result: 0.0
power_upto_now: 0.0
noise variance: 27329.10546875
average noise variance upto now: 27336.92578125

23th run
noise dimension : 2187
noise type: conti
torch.Size([40000, 2187])
original u-statistic:33.670074462890625
p value proxy: 0.45514950156211853
result: 0.0
power_upto_now: 0.0
noise variance: 27334.4453125
average noise variance upto now: 27336.818359375

24th run
noise dimension : 2187
noise type: conti
torch.Size([40000, 2187])
original u-statistic:-18.50702667236328
p value proxy: 0.5348837375640869
result: 0.0
power_upto_now: 0.0
noise variance: 27337.484375
average noise variance upto now: 27336.84375

25th run
noise dimension : 2187
noise type: conti
torch.Size([40000, 2187])
original u-statistic:2.101898193359375
p value proxy: 0.4451827108860016
result: 0.0
power_upto_now: 0.0
noise variance: 27350.603515625
average noise variance upto now: 27337.39453125

26th run
noise dimension : 2187
noise type: conti
torch.Size([40000, 2187])
original u-statistic:79.21282196044922
p value proxy: 0.35548171401023865
result: 0.0
power_upto_now: 0.0
noise variance: 27343.3984375
average noise variance upto now: 27337.625

27th run
noise dimension : 2187
noise type: conti
torch.Size([40000, 2187])
original u-statistic:86.50132751464844
p value proxy: 0.3089700937271118
result: 0.0
power_upto_now: 0.0
noise variance: 27347.708984375
average noise variance upto now: 27338.0

28th run
noise dimension : 2187
noise type: conti
torch.Size([40000, 2187])
original u-statistic:-83.57273864746094
p value proxy: 0.684385359287262
result: 0.0
power_upto_now: 0.0
noise variance: 27329.251953125
average noise variance upto now: 27337.6875

29th run
noise dimension : 2187
noise type: conti
torch.Size([40000, 2187])
original u-statistic:-274.50701904296875
p value proxy: 0.9269102811813354
result: 0.0
power_upto_now: 0.0
noise variance: 27332.32421875
average noise variance upto now: 27337.501953125

30th run
noise dimension : 2187
noise type: conti
torch.Size([40000, 2187])
original u-statistic:-145.92347717285156
p value proxy: 0.7508305311203003
result: 0.0
power_upto_now: 0.0
noise variance: 27335.55078125
average noise variance upto now: 27337.4375

31th run
noise dimension : 2187
noise type: conti
torch.Size([40000, 2187])
original u-statistic:-22.730316162109375
p value proxy: 0.554817259311676
result: 0.0
power_upto_now: 0.0
noise variance: 27341.744140625
average noise variance upto now: 27337.576171875

32th run
noise dimension : 2187
noise type: conti
torch.Size([40000, 2187])
original u-statistic:-351.8934326171875
p value proxy: 0.9833886623382568
result: 0.0
power_upto_now: 0.0
noise variance: 27338.849609375
average noise variance upto now: 27337.6171875

33th run
noise dimension : 2187
noise type: conti
torch.Size([40000, 2187])
original u-statistic:-68.25052642822266
p value proxy: 0.604651153087616
result: 0.0
power_upto_now: 0.0
noise variance: 27341.5234375
average noise variance upto now: 27337.734375

34th run
noise dimension : 2187
noise type: conti
torch.Size([40000, 2187])
original u-statistic:65.14997863769531
p value proxy: 0.3322259187698364
result: 0.0
power_upto_now: 0.0
noise variance: 27337.015625
average noise variance upto now: 27337.712890625

35th run
noise dimension : 2187
noise type: conti
torch.Size([40000, 2187])
original u-statistic:249.5476837158203
p value proxy: 0.09966777265071869
result: 0.0
power_upto_now: 0.0
noise variance: 27336.240234375
average noise variance upto now: 27337.671875

36th run
noise dimension : 2187
noise type: conti
torch.Size([40000, 2187])
original u-statistic:-225.03582763671875
p value proxy: 0.9235880374908447
result: 0.0
power_upto_now: 0.0
noise variance: 27337.923828125
average noise variance upto now: 27337.6796875

37th run
noise dimension : 2187
noise type: conti
torch.Size([40000, 2187])
original u-statistic:-75.10824584960938
p value proxy: 0.6478404998779297
result: 0.0
power_upto_now: 0.0
noise variance: 27340.9296875
average noise variance upto now: 27337.765625

38th run
noise dimension : 2187
noise type: conti
torch.Size([40000, 2187])
original u-statistic:163.274169921875
p value proxy: 0.15614616870880127
result: 0.0
power_upto_now: 0.0
noise variance: 27332.125
average noise variance upto now: 27337.6171875

39th run
noise dimension : 2187
noise type: conti
torch.Size([40000, 2187])
original u-statistic:336.7640686035156
p value proxy: 0.05647840350866318
result: 0.0
power_upto_now: 0.0
noise variance: 27348.505859375
average noise variance upto now: 27337.89453125

40th run
noise dimension : 2187
noise type: conti
torch.Size([40000, 2187])
original u-statistic:349.77789306640625
p value proxy: 0.039867110550403595
result: 1.0
power_upto_now: 0.02500000037252903
noise variance: 27335.662109375
average noise variance upto now: 27337.84375

41th run
noise dimension : 2187
noise type: conti
torch.Size([40000, 2187])
original u-statistic:92.36048889160156
p value proxy: 0.29235878586769104
result: 0.0
power_upto_now: 0.024390242993831635
noise variance: 27343.044921875
average noise variance upto now: 27337.96875

42th run
noise dimension : 2187
noise type: conti
torch.Size([40000, 2187])
original u-statistic:346.75018310546875
p value proxy: 0.033222589641809464
result: 1.0
power_upto_now: 0.0476190485060215
noise variance: 27334.259765625
average noise variance upto now: 27337.880859375

43th run
noise dimension : 2187
noise type: conti
torch.Size([40000, 2187])
original u-statistic:-118.52091979980469
p value proxy: 0.724252462387085
result: 0.0
power_upto_now: 0.04651162773370743
noise variance: 27337.5703125
average noise variance upto now: 27337.875

44th run
noise dimension : 2187
noise type: conti
torch.Size([40000, 2187])
original u-statistic:75.6234359741211
p value proxy: 0.3289036452770233
result: 0.0
power_upto_now: 0.04545454680919647
noise variance: 27342.78515625
average noise variance upto now: 27337.986328125

45th run
noise dimension : 2187
noise type: conti
torch.Size([40000, 2187])
original u-statistic:-71.89762878417969
p value proxy: 0.634551465511322
result: 0.0
power_upto_now: 0.04444444552063942
noise variance: 27332.1328125
average noise variance upto now: 27337.85546875

46th run
noise dimension : 2187
noise type: conti
torch.Size([40000, 2187])
original u-statistic:-201.77127075195312
p value proxy: 0.8704319000244141
result: 0.0
power_upto_now: 0.043478261679410934
noise variance: 27337.4296875
average noise variance upto now: 27337.84765625

47th run
noise dimension : 2187
noise type: conti
torch.Size([40000, 2187])
original u-statistic:15.810867309570312
p value proxy: 0.4883720874786377
result: 0.0
power_upto_now: 0.042553190141916275
noise variance: 27331.01171875
average noise variance upto now: 27337.701171875

48th run
noise dimension : 2187
noise type: conti
torch.Size([40000, 2187])
original u-statistic:9.371788024902344
p value proxy: 0.48172757029533386
result: 0.0
power_upto_now: 0.0416666679084301
noise variance: 27340.576171875
average noise variance upto now: 27337.759765625

49th run
noise dimension : 2187
noise type: conti
torch.Size([40000, 2187])
original u-statistic:487.41070556640625
p value proxy: 0.006644518114626408
result: 1.0
power_upto_now: 0.06122449040412903
noise variance: 27342.908203125
average noise variance upto now: 27337.865234375

50th run
noise dimension : 2187
noise type: conti
torch.Size([40000, 2187])
original u-statistic:211.61001586914062
p value proxy: 0.1229235827922821
result: 0.0
power_upto_now: 0.05999999865889549
noise variance: 27331.31640625
average noise variance upto now: 27337.734375

51th run
noise dimension : 2187
noise type: conti
torch.Size([40000, 2187])
original u-statistic:259.95745849609375
p value proxy: 0.09634551405906677
result: 0.0
power_upto_now: 0.05882352963089943
noise variance: 27339.626953125
average noise variance upto now: 27337.76953125

52th run
noise dimension : 2187
noise type: conti
torch.Size([40000, 2187])
original u-statistic:29.154964447021484
p value proxy: 0.4318936765193939
result: 0.0
power_upto_now: 0.057692307978868484
noise variance: 27346.083984375
average noise variance upto now: 27337.9296875

53th run
noise dimension : 2187
noise type: conti
torch.Size([40000, 2187])
original u-statistic:168.62989807128906
p value proxy: 0.1661129593849182
result: 0.0
power_upto_now: 0.056603774428367615
noise variance: 27347.32421875
average noise variance upto now: 27338.10546875

54th run
noise dimension : 2187
noise type: conti
torch.Size([40000, 2187])
original u-statistic:-64.7413330078125
p value proxy: 0.6179401874542236
result: 0.0
power_upto_now: 0.0555555559694767
noise variance: 27345.298828125
average noise variance upto now: 27338.240234375

55th run
noise dimension : 2187
noise type: conti
torch.Size([40000, 2187])
original u-statistic:-11.537809371948242
p value proxy: 0.5382059812545776
result: 0.0
power_upto_now: 0.05454545468091965
noise variance: 27339.275390625
average noise variance upto now: 27338.259765625

56th run
noise dimension : 2187
noise type: conti
torch.Size([40000, 2187])
original u-statistic:-17.910125732421875
p value proxy: 0.5215946435928345
result: 0.0
power_upto_now: 0.0535714291036129
noise variance: 27345.1875
average noise variance upto now: 27338.384765625

57th run
noise dimension : 2187
noise type: conti
torch.Size([40000, 2187])
original u-statistic:97.88308715820312
p value proxy: 0.27242523431777954
result: 0.0
power_upto_now: 0.05263157933950424
noise variance: 27332.005859375
average noise variance upto now: 27338.271484375

58th run
noise dimension : 2187
noise type: conti
torch.Size([40000, 2187])
original u-statistic:61.75105285644531
p value proxy: 0.41860464215278625
result: 0.0
power_upto_now: 0.0517241396009922
noise variance: 27348.859375
average noise variance upto now: 27338.453125

59th run
noise dimension : 2187
noise type: conti
torch.Size([40000, 2187])
original u-statistic:-54.69580078125
p value proxy: 0.6511628031730652
result: 0.0
power_upto_now: 0.050847455859184265
noise variance: 27334.79296875
average noise variance upto now: 27338.39453125

60th run
noise dimension : 2187
noise type: conti
torch.Size([40000, 2187])
original u-statistic:-28.808490753173828
p value proxy: 0.554817259311676
result: 0.0
power_upto_now: 0.05000000074505806
noise variance: 27344.177734375
average noise variance upto now: 27338.48828125

61th run
noise dimension : 2187
noise type: conti
torch.Size([40000, 2187])
original u-statistic:188.5938720703125
p value proxy: 0.13621261715888977
result: 0.0
power_upto_now: 0.04918032884597778
noise variance: 27328.91015625
average noise variance upto now: 27338.33203125

62th run
noise dimension : 2187
noise type: conti
torch.Size([40000, 2187])
original u-statistic:-125.36125183105469
p value proxy: 0.7209302186965942
result: 0.0
power_upto_now: 0.04838709533214569
noise variance: 27335.6796875
average noise variance upto now: 27338.291015625

63th run
noise dimension : 2187
noise type: conti
torch.Size([40000, 2187])
original u-statistic:-82.38188934326172
p value proxy: 0.7076411843299866
result: 0.0
power_upto_now: 0.0476190485060215
noise variance: 27331.55859375
average noise variance upto now: 27338.181640625

64th run
noise dimension : 2187
noise type: conti
torch.Size([40000, 2187])
original u-statistic:-289.5995788574219
p value proxy: 0.9634551405906677
result: 0.0
power_upto_now: 0.046875
noise variance: 27335.7421875
average noise variance upto now: 27338.14453125

65th run
noise dimension : 2187
noise type: conti
torch.Size([40000, 2187])
original u-statistic:-230.72756958007812
p value proxy: 0.8870431780815125
result: 0.0
power_upto_now: 0.04615384712815285
noise variance: 27341.31640625
average noise variance upto now: 27338.193359375

66th run
noise dimension : 2187
noise type: conti
torch.Size([40000, 2187])
original u-statistic:37.33881759643555
p value proxy: 0.35548171401023865
result: 0.0
power_upto_now: 0.04545454680919647
noise variance: 27339.359375
average noise variance upto now: 27338.212890625

67th run
noise dimension : 2187
noise type: conti
torch.Size([40000, 2187])
original u-statistic:73.79508972167969
p value proxy: 0.3455149531364441
result: 0.0
power_upto_now: 0.04477611929178238
noise variance: 27347.87109375
average noise variance upto now: 27338.35546875

68th run
noise dimension : 2187
noise type: conti
torch.Size([40000, 2187])
original u-statistic:-53.303428649902344
p value proxy: 0.6279069781303406
result: 0.0
power_upto_now: 0.04411764815449715
noise variance: 27328.48828125
average noise variance upto now: 27338.208984375

69th run
noise dimension : 2187
noise type: conti
torch.Size([40000, 2187])
original u-statistic:-54.95557403564453
p value proxy: 0.594684362411499
result: 0.0
power_upto_now: 0.043478261679410934
noise variance: 27341.169921875
average noise variance upto now: 27338.25390625

70th run
noise dimension : 2187
noise type: conti
torch.Size([40000, 2187])
original u-statistic:-419.45660400390625
p value proxy: 0.9800664186477661
result: 0.0
power_upto_now: 0.04285714402794838
noise variance: 27331.63671875
average noise variance upto now: 27338.158203125

71th run
noise dimension : 2187
noise type: conti
torch.Size([40000, 2187])
original u-statistic:134.0331573486328
p value proxy: 0.23588038980960846
result: 0.0
power_upto_now: 0.0422535203397274
noise variance: 27334.37109375
average noise variance upto now: 27338.10546875

72th run
noise dimension : 2187
noise type: conti
torch.Size([40000, 2187])
original u-statistic:30.7109375
p value proxy: 0.421926885843277
result: 0.0
power_upto_now: 0.0416666679084301
noise variance: 27332.1015625
average noise variance upto now: 27338.021484375

73th run
noise dimension : 2187
noise type: conti
torch.Size([40000, 2187])
original u-statistic:-411.54327392578125
p value proxy: 0.9933554530143738
result: 0.0
power_upto_now: 0.04109589010477066
noise variance: 27330.765625
average noise variance upto now: 27337.921875

74th run
noise dimension : 2187
noise type: conti
torch.Size([40000, 2187])
original u-statistic:-130.26931762695312
p value proxy: 0.7740863561630249
result: 0.0
power_upto_now: 0.04054053872823715
noise variance: 27340.341796875
average noise variance upto now: 27337.95703125

75th run
noise dimension : 2187
noise type: conti
torch.Size([40000, 2187])
original u-statistic:159.12924194335938
p value proxy: 0.18936876952648163
result: 0.0
power_upto_now: 0.03999999910593033
noise variance: 27345.634765625
average noise variance upto now: 27338.056640625

76th run
noise dimension : 2187
noise type: conti
torch.Size([40000, 2187])
original u-statistic:-161.3107147216797
p value proxy: 0.843853771686554
result: 0.0
power_upto_now: 0.03947368264198303
noise variance: 27342.3203125
average noise variance upto now: 27338.115234375

77th run
noise dimension : 2187
noise type: conti
torch.Size([40000, 2187])
original u-statistic:15.394638061523438
p value proxy: 0.43521595001220703
result: 0.0
power_upto_now: 0.03896103799343109
noise variance: 27335.38671875
average noise variance upto now: 27338.078125

78th run
noise dimension : 2187
noise type: conti
torch.Size([40000, 2187])
original u-statistic:270.0375061035156
p value proxy: 0.05315614491701126
result: 0.0
power_upto_now: 0.03846153989434242
noise variance: 27339.69921875
average noise variance upto now: 27338.099609375

79th run
noise dimension : 2187
noise type: conti
torch.Size([40000, 2187])
original u-statistic:-143.460205078125
p value proxy: 0.8172757029533386
result: 0.0
power_upto_now: 0.037974681705236435
noise variance: 27323.615234375
average noise variance upto now: 27337.9140625

80th run
noise dimension : 2187
noise type: conti
torch.Size([40000, 2187])
original u-statistic:-350.13458251953125
p value proxy: 0.9933554530143738
result: 0.0
power_upto_now: 0.03750000149011612
noise variance: 27329.4765625
average noise variance upto now: 27337.8125

81th run
noise dimension : 2187
noise type: conti
torch.Size([40000, 2187])
original u-statistic:-202.3639373779297
p value proxy: 0.8870431780815125
result: 0.0
power_upto_now: 0.03703703731298447
noise variance: 27342.853515625
average noise variance upto now: 27337.873046875

82th run
noise dimension : 2187
noise type: conti
torch.Size([40000, 2187])
original u-statistic:138.80816650390625
p value proxy: 0.2591361999511719
result: 0.0
power_upto_now: 0.03658536449074745
noise variance: 27331.16015625
average noise variance upto now: 27337.79296875

83th run
noise dimension : 2187
noise type: conti
torch.Size([40000, 2187])
original u-statistic:168.465087890625
p value proxy: 0.1860465109348297
result: 0.0
power_upto_now: 0.03614457696676254
noise variance: 27330.95703125
average noise variance upto now: 27337.7109375

84th run
noise dimension : 2187
noise type: conti
torch.Size([40000, 2187])
original u-statistic:-6.418357849121094
p value proxy: 0.5348837375640869
result: 0.0
power_upto_now: 0.0357142873108387
noise variance: 27339.634765625
average noise variance upto now: 27337.732421875

85th run
noise dimension : 2187
noise type: conti
torch.Size([40000, 2187])
original u-statistic:-240.19422912597656
p value proxy: 0.8936876654624939
result: 0.0
power_upto_now: 0.03529411926865578
noise variance: 27336.64453125
average noise variance upto now: 27337.720703125

86th run
noise dimension : 2187
noise type: conti
torch.Size([40000, 2187])
original u-statistic:-231.97610473632812
p value proxy: 0.9335547685623169
result: 0.0
power_upto_now: 0.03488372266292572
noise variance: 27332.29296875
average noise variance upto now: 27337.65625

87th run
noise dimension : 2187
noise type: conti
torch.Size([40000, 2187])
original u-statistic:417.52264404296875
p value proxy: 0.009966777637600899
result: 1.0
power_upto_now: 0.04597701132297516
noise variance: 27341.15234375
average noise variance upto now: 27337.6953125

88th run
noise dimension : 2187
noise type: conti
torch.Size([40000, 2187])
original u-statistic:63.734642028808594
p value proxy: 0.3322259187698364
result: 0.0
power_upto_now: 0.04545454680919647
noise variance: 27350.939453125
average noise variance upto now: 27337.845703125

89th run
noise dimension : 2187
noise type: conti
torch.Size([40000, 2187])
original u-statistic:-129.38018798828125
p value proxy: 0.7607973217964172
result: 0.0
power_upto_now: 0.04494382068514824
noise variance: 27328.458984375
average noise variance upto now: 27337.7421875

90th run
noise dimension : 2187
noise type: conti
torch.Size([40000, 2187])
original u-statistic:-109.6969223022461
p value proxy: 0.7508305311203003
result: 0.0
power_upto_now: 0.04444444552063942
noise variance: 27335.392578125
average noise variance upto now: 27337.71484375

91th run
noise dimension : 2187
noise type: conti
torch.Size([40000, 2187])
original u-statistic:-259.66412353515625
p value proxy: 0.9069766998291016
result: 0.0
power_upto_now: 0.04395604506134987
noise variance: 27355.841796875
average noise variance upto now: 27337.9140625

92th run
noise dimension : 2187
noise type: conti
torch.Size([40000, 2187])
original u-statistic:174.43630981445312
p value proxy: 0.15946844220161438
result: 0.0
power_upto_now: 0.043478261679410934
noise variance: 27342.07421875
average noise variance upto now: 27337.958984375

93th run
noise dimension : 2187
noise type: conti
torch.Size([40000, 2187])
original u-statistic:-247.4667510986328
p value proxy: 0.9302325248718262
result: 0.0
power_upto_now: 0.04301075264811516
noise variance: 27339.740234375
average noise variance upto now: 27337.978515625

94th run
noise dimension : 2187
noise type: conti
torch.Size([40000, 2187])
original u-statistic:389.3144226074219
p value proxy: 0.033222589641809464
result: 1.0
power_upto_now: 0.05319149047136307
noise variance: 27331.40625
average noise variance upto now: 27337.90625

95th run
noise dimension : 2187
noise type: conti
torch.Size([40000, 2187])
original u-statistic:129.30482482910156
p value proxy: 0.2026578038930893
result: 0.0
power_upto_now: 0.05263157933950424
noise variance: 27348.19921875
average noise variance upto now: 27338.015625

96th run
noise dimension : 2187
noise type: conti
torch.Size([40000, 2187])
original u-statistic:-18.745513916015625
p value proxy: 0.554817259311676
result: 0.0
power_upto_now: 0.0520833320915699
noise variance: 27341.623046875
average noise variance upto now: 27338.052734375

97th run
noise dimension : 2187
noise type: conti
torch.Size([40000, 2187])
original u-statistic:-184.35763549804688
p value proxy: 0.8803986310958862
result: 0.0
power_upto_now: 0.05154639109969139
noise variance: 27335.83203125
average noise variance upto now: 27338.03125

98th run
noise dimension : 2187
noise type: conti
torch.Size([40000, 2187])
original u-statistic:-254.79925537109375
p value proxy: 0.9302325248718262
result: 0.0
power_upto_now: 0.051020409911870956
noise variance: 27337.54296875
average noise variance upto now: 27338.025390625

99th run
noise dimension : 2187
noise type: conti
torch.Size([40000, 2187])
original u-statistic:-257.28070068359375
p value proxy: 0.9302325248718262
result: 0.0
power_upto_now: 0.05050504952669144
noise variance: 27342.404296875
average noise variance upto now: 27338.0703125

100th run
noise dimension : 2187
noise type: conti
torch.Size([40000, 2187])
original u-statistic:-356.7343444824219
p value proxy: 0.9767441749572754
result: 0.0
power_upto_now: 0.05000000074505806
noise variance: 27339.291015625
average noise variance upto now: 27338.080078125

101th run
noise dimension : 2187
noise type: conti
torch.Size([40000, 2187])
original u-statistic:-80.3708724975586
p value proxy: 0.6810631155967712
result: 0.0
power_upto_now: 0.049504950642585754
noise variance: 27348.361328125
average noise variance upto now: 27338.18359375

102th run
noise dimension : 2187
noise type: conti
torch.Size([40000, 2187])
original u-statistic:-22.02545166015625
p value proxy: 0.5215946435928345
result: 0.0
power_upto_now: 0.04901960864663124
noise variance: 27325.341796875
average noise variance upto now: 27338.05859375

103th run
noise dimension : 2187
noise type: conti
torch.Size([40000, 2187])
original u-statistic:2.896106243133545
p value proxy: 0.5083056092262268
result: 0.0
power_upto_now: 0.04854368790984154
noise variance: 27334.25390625
average noise variance upto now: 27338.01953125

104th run
noise dimension : 2187
noise type: conti
torch.Size([40000, 2187])
original u-statistic:41.61314392089844
p value proxy: 0.41860464215278625
result: 0.0
power_upto_now: 0.048076923936605453
noise variance: 27328.796875
average noise variance upto now: 27337.935546875

105th run
noise dimension : 2187
noise type: conti
torch.Size([40000, 2187])
original u-statistic:119.92074584960938
p value proxy: 0.21262457966804504
result: 0.0
power_upto_now: 0.0476190485060215
noise variance: 27355.03515625
average noise variance upto now: 27338.09765625

106th run
noise dimension : 2187
noise type: conti
torch.Size([40000, 2187])
original u-statistic:52.15047073364258
p value proxy: 0.39867109060287476
result: 0.0
power_upto_now: 0.04716981202363968
noise variance: 27343.154296875
average noise variance upto now: 27338.14453125

107th run
noise dimension : 2187
noise type: conti
torch.Size([40000, 2187])
original u-statistic:161.55125427246094
p value proxy: 0.17607973515987396
result: 0.0
power_upto_now: 0.04672897234559059
noise variance: 27352.111328125
average noise variance upto now: 27338.2734375

108th run
noise dimension : 2187
noise type: conti
torch.Size([40000, 2187])
original u-statistic:211.84521484375
p value proxy: 0.11960132420063019
result: 0.0
power_upto_now: 0.046296294778585434
noise variance: 27337.73046875
average noise variance upto now: 27338.271484375

109th run
noise dimension : 2187
noise type: conti
torch.Size([40000, 2187])
original u-statistic:77.93618774414062
p value proxy: 0.3056478202342987
result: 0.0
power_upto_now: 0.0458715595304966
noise variance: 27344.517578125
average noise variance upto now: 27338.328125

110th run
noise dimension : 2187
noise type: conti
torch.Size([40000, 2187])
original u-statistic:284.0589904785156
p value proxy: 0.06976743787527084
result: 0.0
power_upto_now: 0.04545454680919647
noise variance: 27338.544921875
average noise variance upto now: 27338.330078125

111th run
noise dimension : 2187
noise type: conti
torch.Size([40000, 2187])
original u-statistic:42.950340270996094
p value proxy: 0.3853820562362671
result: 0.0
power_upto_now: 0.045045044273138046
noise variance: 27329.5546875
average noise variance upto now: 27338.25

112th run
noise dimension : 2187
noise type: conti
torch.Size([40000, 2187])
original u-statistic:332.5333251953125
p value proxy: 0.033222589641809464
result: 1.0
power_upto_now: 0.0535714291036129
noise variance: 27336.078125
average noise variance upto now: 27338.228515625

113th run
noise dimension : 2187
noise type: conti
torch.Size([40000, 2187])
original u-statistic:15.679855346679688
p value proxy: 0.4451827108860016
result: 0.0
power_upto_now: 0.05309734493494034
noise variance: 27340.76171875
average noise variance upto now: 27338.25

114th run
noise dimension : 2187
noise type: conti
torch.Size([40000, 2187])
original u-statistic:32.803260803222656
p value proxy: 0.3687707483768463
result: 0.0
power_upto_now: 0.05263157933950424
noise variance: 27341.912109375
average noise variance upto now: 27338.283203125

115th run
noise dimension : 2187
noise type: conti
torch.Size([40000, 2187])
original u-statistic:-46.48490524291992
p value proxy: 0.5847175717353821
result: 0.0
power_upto_now: 0.052173912525177
noise variance: 27346.76171875
average noise variance upto now: 27338.357421875

116th run
noise dimension : 2187
noise type: conti
torch.Size([40000, 2187])
original u-statistic:-27.426910400390625
p value proxy: 0.5448504686355591
result: 0.0
power_upto_now: 0.0517241396009922
noise variance: 27336.880859375
average noise variance upto now: 27338.345703125

117th run
noise dimension : 2187
noise type: conti
torch.Size([40000, 2187])
original u-statistic:96.24822235107422
p value proxy: 0.3089700937271118
result: 0.0
power_upto_now: 0.05128205195069313
noise variance: 27350.20703125
average noise variance upto now: 27338.447265625

118th run
noise dimension : 2187
noise type: conti
torch.Size([40000, 2187])
original u-statistic:-125.74057006835938
p value proxy: 0.803986668586731
result: 0.0
power_upto_now: 0.050847455859184265
noise variance: 27337.798828125
average noise variance upto now: 27338.44140625

119th run
noise dimension : 2187
noise type: conti
torch.Size([40000, 2187])
original u-statistic:-234.30209350585938
p value proxy: 0.9269102811813354
result: 0.0
power_upto_now: 0.05042016878724098
noise variance: 27343.224609375
average noise variance upto now: 27338.48046875

120th run
noise dimension : 2187
noise type: conti
torch.Size([40000, 2187])
original u-statistic:35.703765869140625
p value proxy: 0.43521595001220703
result: 0.0
power_upto_now: 0.05000000074505806
noise variance: 27342.470703125
average noise variance upto now: 27338.513671875

121th run
noise dimension : 2187
noise type: conti
torch.Size([40000, 2187])
original u-statistic:46.30122375488281
p value proxy: 0.4451827108860016
result: 0.0
power_upto_now: 0.04958677664399147
noise variance: 27336.10546875
average noise variance upto now: 27338.494140625

122th run
noise dimension : 2187
noise type: conti
torch.Size([40000, 2187])
original u-statistic:-138.37033081054688
p value proxy: 0.764119565486908
result: 0.0
power_upto_now: 0.04918032884597778
noise variance: 27327.05859375
average noise variance upto now: 27338.400390625

123th run
noise dimension : 2187
noise type: conti
torch.Size([40000, 2187])
original u-statistic:-143.31875610351562
p value proxy: 0.7774085998535156
result: 0.0
power_upto_now: 0.04878048598766327
noise variance: 27340.46875
average noise variance upto now: 27338.416015625

124th run
noise dimension : 2187
noise type: conti
torch.Size([40000, 2187])
original u-statistic:30.38343048095703
p value proxy: 0.4485049843788147
result: 0.0
power_upto_now: 0.04838709533214569
noise variance: 27341.271484375
average noise variance upto now: 27338.439453125

125th run
noise dimension : 2187
noise type: conti
torch.Size([40000, 2187])
original u-statistic:4.253627777099609
p value proxy: 0.4485049843788147
result: 0.0
power_upto_now: 0.04800000041723251
noise variance: 27333.390625
average noise variance upto now: 27338.400390625

126th run
noise dimension : 2187
noise type: conti
torch.Size([40000, 2187])
original u-statistic:-306.90594482421875
p value proxy: 0.960132896900177
result: 0.0
power_upto_now: 0.0476190485060215
noise variance: 27344.859375
average noise variance upto now: 27338.451171875

127th run
noise dimension : 2187
noise type: conti
torch.Size([40000, 2187])
original u-statistic:-512.3009643554688
p value proxy: 1.0
result: 0.0
power_upto_now: 0.04724409431219101
noise variance: 27346.2578125
average noise variance upto now: 27338.51171875

128th run
noise dimension : 2187
noise type: conti
torch.Size([40000, 2187])
original u-statistic:-201.08824157714844
p value proxy: 0.843853771686554
result: 0.0
power_upto_now: 0.046875
noise variance: 27330.98046875
average noise variance upto now: 27338.455078125

129th run
noise dimension : 2187
noise type: conti
torch.Size([40000, 2187])
original u-statistic:-10.100357055664062
p value proxy: 0.4717607796192169
result: 0.0
power_upto_now: 0.04651162773370743
noise variance: 27334.384765625
average noise variance upto now: 27338.423828125

130th run
noise dimension : 2187
noise type: conti
torch.Size([40000, 2187])
original u-statistic:276.93798828125
p value proxy: 0.059800662100315094
result: 0.0
power_upto_now: 0.04615384712815285
noise variance: 27338.23828125
average noise variance upto now: 27338.423828125

131th run
noise dimension : 2187
noise type: conti
torch.Size([40000, 2187])
original u-statistic:-182.72894287109375
p value proxy: 0.8504983186721802
result: 0.0
power_upto_now: 0.04580152779817581
noise variance: 27329.830078125
average noise variance upto now: 27338.357421875

132th run
noise dimension : 2187
noise type: conti
torch.Size([40000, 2187])
original u-statistic:-201.00347900390625
p value proxy: 0.8571428656578064
result: 0.0
power_upto_now: 0.04545454680919647
noise variance: 27335.548828125
average noise variance upto now: 27338.3359375

133th run
noise dimension : 2187
noise type: conti
torch.Size([40000, 2187])
original u-statistic:19.588783264160156
p value proxy: 0.45847174525260925
result: 0.0
power_upto_now: 0.04511278122663498
noise variance: 27334.404296875
average noise variance upto now: 27338.306640625

134th run
noise dimension : 2187
noise type: conti
torch.Size([40000, 2187])
original u-statistic:173.00747680664062
p value proxy: 0.18936876952648163
result: 0.0
power_upto_now: 0.04477611929178238
noise variance: 27342.697265625
average noise variance upto now: 27338.33984375

135th run
noise dimension : 2187
noise type: conti
torch.Size([40000, 2187])
original u-statistic:35.83424377441406
p value proxy: 0.3720930218696594
result: 0.0
power_upto_now: 0.04444444552063942
noise variance: 27345.611328125
average noise variance upto now: 27338.392578125

136th run
noise dimension : 2187
noise type: conti
torch.Size([40000, 2187])
original u-statistic:207.00732421875
p value proxy: 0.14617939293384552
result: 0.0
power_upto_now: 0.04411764815449715
noise variance: 27330.638671875
average noise variance upto now: 27338.33203125

137th run
noise dimension : 2187
noise type: conti
torch.Size([40000, 2187])
original u-statistic:-198.58502197265625
p value proxy: 0.8770763874053955
result: 0.0
power_upto_now: 0.043795619159936905
noise variance: 27338.904296875
average noise variance upto now: 27338.337890625

138th run
noise dimension : 2187
noise type: conti
torch.Size([40000, 2187])
original u-statistic:-74.57234954833984
p value proxy: 0.6245846748352051
result: 0.0
power_upto_now: 0.043478261679410934
noise variance: 27339.390625
average noise variance upto now: 27338.345703125

139th run
noise dimension : 2187
noise type: conti
torch.Size([40000, 2187])
original u-statistic:271.26104736328125
p value proxy: 0.08637873828411102
result: 0.0
power_upto_now: 0.04316546767950058
noise variance: 27339.587890625
average noise variance upto now: 27338.353515625

140th run
noise dimension : 2187
noise type: conti
torch.Size([40000, 2187])
original u-statistic:-230.30105590820312
p value proxy: 0.9136212468147278
result: 0.0
power_upto_now: 0.04285714402794838
noise variance: 27338.73046875
average noise variance upto now: 27338.35546875

141th run
noise dimension : 2187
noise type: conti
torch.Size([40000, 2187])
original u-statistic:158.52923583984375
p value proxy: 0.21262457966804504
result: 0.0
power_upto_now: 0.042553190141916275
noise variance: 27345.869140625
average noise variance upto now: 27338.41015625

142th run
noise dimension : 2187
noise type: conti
torch.Size([40000, 2187])
original u-statistic:49.3780517578125
p value proxy: 0.3621262311935425
result: 0.0
power_upto_now: 0.0422535203397274
noise variance: 27339.953125
average noise variance upto now: 27338.419921875

143th run
noise dimension : 2187
noise type: conti
torch.Size([40000, 2187])
original u-statistic:-66.52430725097656
p value proxy: 0.7009966373443604
result: 0.0
power_upto_now: 0.0419580414891243
noise variance: 27341.34375
average noise variance upto now: 27338.439453125

144th run
noise dimension : 2187
noise type: conti
torch.Size([40000, 2187])
original u-statistic:-434.05133056640625
p value proxy: 0.9933554530143738
result: 0.0
power_upto_now: 0.0416666679084301
noise variance: 27340.900390625
average noise variance upto now: 27338.458984375

145th run
noise dimension : 2187
noise type: conti
torch.Size([40000, 2187])
original u-statistic:160.43914794921875
p value proxy: 0.19933554530143738
result: 0.0
power_upto_now: 0.04137931019067764
noise variance: 27333.611328125
average noise variance upto now: 27338.42578125

146th run
noise dimension : 2187
noise type: conti
torch.Size([40000, 2187])
original u-statistic:260.507568359375
p value proxy: 0.06312292069196701
result: 0.0
power_upto_now: 0.04109589010477066
noise variance: 27335.82421875
average noise variance upto now: 27338.408203125

147th run
noise dimension : 2187
noise type: conti
torch.Size([40000, 2187])
original u-statistic:-133.02691650390625
p value proxy: 0.7607973217964172
result: 0.0
power_upto_now: 0.040816325694322586
noise variance: 27330.08203125
average noise variance upto now: 27338.349609375

148th run
noise dimension : 2187
noise type: conti
torch.Size([40000, 2187])
original u-statistic:87.75498962402344
p value proxy: 0.31893688440322876
result: 0.0
power_upto_now: 0.04054053872823715
noise variance: 27335.265625
average noise variance upto now: 27338.330078125

149th run
noise dimension : 2187
noise type: conti
torch.Size([40000, 2187])
original u-statistic:38.5820426940918
p value proxy: 0.37873753905296326
result: 0.0
power_upto_now: 0.04026845470070839
noise variance: 27334.068359375
average noise variance upto now: 27338.302734375

150th run
noise dimension : 2187
noise type: conti
torch.Size([40000, 2187])
original u-statistic:-257.3421936035156
p value proxy: 0.9069766998291016
result: 0.0
power_upto_now: 0.03999999910593033
noise variance: 27335.427734375
average noise variance upto now: 27338.283203125

151th run
noise dimension : 2187
noise type: conti
torch.Size([40000, 2187])
original u-statistic:60.781707763671875
p value proxy: 0.3887042999267578
result: 0.0
power_upto_now: 0.0397351011633873
noise variance: 27341.11328125
average noise variance upto now: 27338.302734375

152th run
noise dimension : 2187
noise type: conti
torch.Size([40000, 2187])
original u-statistic:-74.81631469726562
p value proxy: 0.6378737688064575
result: 0.0
power_upto_now: 0.03947368264198303
noise variance: 27342.9375
average noise variance upto now: 27338.33203125

153th run
noise dimension : 2187
noise type: conti
torch.Size([40000, 2187])
original u-statistic:42.70841979980469
p value proxy: 0.4019933342933655
result: 0.0
power_upto_now: 0.03921568766236305
noise variance: 27349.439453125
average noise variance upto now: 27338.404296875

154th run
noise dimension : 2187
noise type: conti
torch.Size([40000, 2187])
original u-statistic:253.85789489746094
p value proxy: 0.06644517928361893
result: 0.0
power_upto_now: 0.03896103799343109
noise variance: 27344.681640625
average noise variance upto now: 27338.4453125

155th run
noise dimension : 2187
noise type: conti
torch.Size([40000, 2187])
original u-statistic:9.07025146484375
p value proxy: 0.4883720874786377
result: 0.0
power_upto_now: 0.03870967775583267
noise variance: 27335.080078125
average noise variance upto now: 27338.421875

156th run
noise dimension : 2187
noise type: conti
torch.Size([40000, 2187])
original u-statistic:-139.09954833984375
p value proxy: 0.7940199375152588
result: 0.0
power_upto_now: 0.03846153989434242
noise variance: 27330.23828125
average noise variance upto now: 27338.37109375

157th run
noise dimension : 2187
noise type: conti
torch.Size([40000, 2187])
original u-statistic:98.08234405517578
p value proxy: 0.33887043595314026
result: 0.0
power_upto_now: 0.03821656107902527
noise variance: 27344.466796875
average noise variance upto now: 27338.41015625

158th run
noise dimension : 2187
noise type: conti
torch.Size([40000, 2187])
original u-statistic:118.55426025390625
p value proxy: 0.3056478202342987
result: 0.0
power_upto_now: 0.037974681705236435
noise variance: 27338.93359375
average noise variance upto now: 27338.4140625

159th run
noise dimension : 2187
noise type: conti
torch.Size([40000, 2187])
original u-statistic:-178.187744140625
p value proxy: 0.8604651093482971
result: 0.0
power_upto_now: 0.03773584961891174
noise variance: 27334.30078125
average noise variance upto now: 27338.38671875

160th run
noise dimension : 2187
noise type: conti
torch.Size([40000, 2187])
original u-statistic:488.464111328125
p value proxy: 0.006644518114626408
result: 1.0
power_upto_now: 0.04374999925494194
noise variance: 27321.9609375
average noise variance upto now: 27338.28515625

161th run
noise dimension : 2187
noise type: conti
torch.Size([40000, 2187])
original u-statistic:-393.81365966796875
p value proxy: 0.9867109656333923
result: 0.0
power_upto_now: 0.043478261679410934
noise variance: 27349.3359375
average noise variance upto now: 27338.353515625

162th run
noise dimension : 2187
noise type: conti
torch.Size([40000, 2187])
original u-statistic:175.38900756835938
p value proxy: 0.1827242523431778
result: 0.0
power_upto_now: 0.043209876865148544
noise variance: 27339.9921875
average noise variance upto now: 27338.36328125

163th run
noise dimension : 2187
noise type: conti
torch.Size([40000, 2187])
original u-statistic:-27.203113555908203
p value proxy: 0.5813953280448914
result: 0.0
power_upto_now: 0.042944785207509995
noise variance: 27330.95703125
average noise variance upto now: 27338.31640625

164th run
noise dimension : 2187
noise type: conti
torch.Size([40000, 2187])
original u-statistic:100.48214721679688
p value proxy: 0.29235878586769104
result: 0.0
power_upto_now: 0.04268292710185051
noise variance: 27326.115234375
average noise variance upto now: 27338.244140625

165th run
noise dimension : 2187
noise type: conti
torch.Size([40000, 2187])
original u-statistic:325.234619140625
p value proxy: 0.039867110550403595
result: 1.0
power_upto_now: 0.04848484694957733
noise variance: 27344.67578125
average noise variance upto now: 27338.28125

166th run
noise dimension : 2187
noise type: conti
torch.Size([40000, 2187])
original u-statistic:149.6563262939453
p value proxy: 0.1860465109348297
result: 0.0
power_upto_now: 0.048192769289016724
noise variance: 27332.9765625
average noise variance upto now: 27338.25

167th run
noise dimension : 2187
noise type: conti
torch.Size([40000, 2187])
original u-statistic:493.562255859375
p value proxy: 0.009966777637600899
result: 1.0
power_upto_now: 0.053892213851213455
noise variance: 27337.244140625
average noise variance upto now: 27338.24609375

168th run
noise dimension : 2187
noise type: conti
torch.Size([40000, 2187])
original u-statistic:-81.90556335449219
p value proxy: 0.684385359287262
result: 0.0
power_upto_now: 0.0535714291036129
noise variance: 27333.46875
average noise variance upto now: 27338.21484375

169th run
noise dimension : 2187
noise type: conti
torch.Size([40000, 2187])
original u-statistic:377.3177490234375
p value proxy: 0.019933555275201797
result: 1.0
power_upto_now: 0.05917159840464592
noise variance: 27330.95703125
average noise variance upto now: 27338.171875

170th run
noise dimension : 2187
noise type: conti
torch.Size([40000, 2187])
original u-statistic:-206.645751953125
p value proxy: 0.8704319000244141
result: 0.0
power_upto_now: 0.05882352963089943
noise variance: 27342.4765625
average noise variance upto now: 27338.197265625

171th run
noise dimension : 2187
noise type: conti
torch.Size([40000, 2187])
original u-statistic:-29.19503402709961
p value proxy: 0.5714285373687744
result: 0.0
power_upto_now: 0.05847953259944916
noise variance: 27332.845703125
average noise variance upto now: 27338.166015625

172th run
noise dimension : 2187
noise type: conti
torch.Size([40000, 2187])
original u-statistic:70.06794738769531
p value proxy: 0.35880398750305176
result: 0.0
power_upto_now: 0.058139536529779434
noise variance: 27350.4296875
average noise variance upto now: 27338.236328125

173th run
noise dimension : 2187
noise type: conti
torch.Size([40000, 2187])
original u-statistic:263.9870300292969
p value proxy: 0.07308969646692276
result: 0.0
power_upto_now: 0.05780346691608429
noise variance: 27335.767578125
average noise variance upto now: 27338.22265625

174th run
noise dimension : 2187
noise type: conti
torch.Size([40000, 2187])
original u-statistic:93.322509765625
p value proxy: 0.302325576543808
result: 0.0
power_upto_now: 0.05747126415371895
noise variance: 27340.49609375
average noise variance upto now: 27338.236328125

175th run
noise dimension : 2187
noise type: conti
torch.Size([40000, 2187])
original u-statistic:-554.18310546875
p value proxy: 1.0
result: 0.0
power_upto_now: 0.05714285746216774
noise variance: 27340.330078125
average noise variance upto now: 27338.248046875

176th run
noise dimension : 2187
noise type: conti
torch.Size([40000, 2187])
original u-statistic:-213.04403686523438
p value proxy: 0.8870431780815125
result: 0.0
power_upto_now: 0.05681818351149559
noise variance: 27343.458984375
average noise variance upto now: 27338.279296875

177th run
noise dimension : 2187
noise type: conti
torch.Size([40000, 2187])
original u-statistic:85.74664306640625
p value proxy: 0.35548171401023865
result: 0.0
power_upto_now: 0.05649717524647713
noise variance: 27331.736328125
average noise variance upto now: 27338.2421875

178th run
noise dimension : 2187
noise type: conti
torch.Size([40000, 2187])
original u-statistic:78.89376831054688
p value proxy: 0.29568105936050415
result: 0.0
power_upto_now: 0.056179776787757874
noise variance: 27330.447265625
average noise variance upto now: 27338.19921875

179th run
noise dimension : 2187
noise type: conti
torch.Size([40000, 2187])
original u-statistic:122.71784973144531
p value proxy: 0.262458473443985
result: 0.0
power_upto_now: 0.05586592108011246
noise variance: 27343.51953125
average noise variance upto now: 27338.228515625

180th run
noise dimension : 2187
noise type: conti
torch.Size([40000, 2187])
original u-statistic:317.98419189453125
p value proxy: 0.04651162773370743
result: 1.0
power_upto_now: 0.06111111119389534
noise variance: 27342.25390625
average noise variance upto now: 27338.25

181th run
noise dimension : 2187
noise type: conti
torch.Size([40000, 2187])
original u-statistic:-174.2165985107422
p value proxy: 0.7973421812057495
result: 0.0
power_upto_now: 0.06077348068356514
noise variance: 27331.875
average noise variance upto now: 27338.21484375

182th run
noise dimension : 2187
noise type: conti
torch.Size([40000, 2187])
original u-statistic:-328.2039794921875
p value proxy: 0.9634551405906677
result: 0.0
power_upto_now: 0.06043956056237221
noise variance: 27339.26953125
average noise variance upto now: 27338.22265625

183th run
noise dimension : 2187
noise type: conti
torch.Size([40000, 2187])
original u-statistic:-35.967586517333984
p value proxy: 0.564784049987793
result: 0.0
power_upto_now: 0.06010929122567177
noise variance: 27332.10546875
average noise variance upto now: 27338.189453125

184th run
noise dimension : 2187
noise type: conti
torch.Size([40000, 2187])
original u-statistic:152.78074645996094
p value proxy: 0.17607973515987396
result: 0.0
power_upto_now: 0.05978260934352875
noise variance: 27345.83203125
average noise variance upto now: 27338.228515625

185th run
noise dimension : 2187
noise type: conti
torch.Size([40000, 2187])
original u-statistic:242.37020874023438
p value proxy: 0.06976743787527084
result: 0.0
power_upto_now: 0.05945945903658867
noise variance: 27335.806640625
average noise variance upto now: 27338.216796875

186th run
noise dimension : 2187
noise type: conti
torch.Size([40000, 2187])
original u-statistic:228.18218994140625
p value proxy: 0.1428571343421936
result: 0.0
power_upto_now: 0.059139784425497055
noise variance: 27337.783203125
average noise variance upto now: 27338.21484375

187th run
noise dimension : 2187
noise type: conti
torch.Size([40000, 2187])
original u-statistic:42.44856262207031
p value proxy: 0.41860464215278625
result: 0.0
power_upto_now: 0.05882352963089943
noise variance: 27345.919921875
average noise variance upto now: 27338.255859375

188th run
noise dimension : 2187
noise type: conti
torch.Size([40000, 2187])
original u-statistic:-103.81307220458984
p value proxy: 0.7043189406394958
result: 0.0
power_upto_now: 0.058510638773441315
noise variance: 27338.095703125
average noise variance upto now: 27338.255859375

189th run
noise dimension : 2187
noise type: conti
torch.Size([40000, 2187])
original u-statistic:-3.335113525390625
p value proxy: 0.5382059812545776
result: 0.0
power_upto_now: 0.05820105969905853
noise variance: 27342.837890625
average noise variance upto now: 27338.28125

190th run
noise dimension : 2187
noise type: conti
torch.Size([40000, 2187])
original u-statistic:70.87759399414062
p value proxy: 0.3654485046863556
result: 0.0
power_upto_now: 0.057894736528396606
noise variance: 27328.375
average noise variance upto now: 27338.2265625

191th run
noise dimension : 2187
noise type: conti
torch.Size([40000, 2187])
original u-statistic:321.1337585449219
p value proxy: 0.059800662100315094
result: 0.0
power_upto_now: 0.057591624557971954
noise variance: 27341.306640625
average noise variance upto now: 27338.240234375

192th run
noise dimension : 2187
noise type: conti
torch.Size([40000, 2187])
original u-statistic:-299.6741027832031
p value proxy: 0.9634551405906677
result: 0.0
power_upto_now: 0.0572916679084301
noise variance: 27333.412109375
average noise variance upto now: 27338.21875

193th run
noise dimension : 2187
noise type: conti
torch.Size([40000, 2187])
original u-statistic:-374.75872802734375
p value proxy: 0.9833886623382568
result: 0.0
power_upto_now: 0.05699481815099716
noise variance: 27341.068359375
average noise variance upto now: 27338.232421875

194th run
noise dimension : 2187
noise type: conti
torch.Size([40000, 2187])
original u-statistic:-82.57899475097656
p value proxy: 0.724252462387085
result: 0.0
power_upto_now: 0.05670103058218956
noise variance: 27347.05859375
average noise variance upto now: 27338.279296875

195th run
noise dimension : 2187
noise type: conti
torch.Size([40000, 2187])
original u-statistic:75.11997985839844
p value proxy: 0.33887043595314026
result: 0.0
power_upto_now: 0.056410256773233414
noise variance: 27338.365234375
average noise variance upto now: 27338.27734375

196th run
noise dimension : 2187
noise type: conti
torch.Size([40000, 2187])
original u-statistic:283.81939697265625
p value proxy: 0.07973422110080719
result: 0.0
power_upto_now: 0.05612244829535484
noise variance: 27327.91796875
average noise variance upto now: 27338.224609375

197th run
noise dimension : 2187
noise type: conti
torch.Size([40000, 2187])
original u-statistic:60.326751708984375
p value proxy: 0.4086378514766693
result: 0.0
power_upto_now: 0.055837564170360565
noise variance: 27345.400390625
average noise variance upto now: 27338.259765625

198th run
noise dimension : 2187
noise type: conti
torch.Size([40000, 2187])
original u-statistic:-193.56466674804688
p value proxy: 0.8637873530387878
result: 0.0
power_upto_now: 0.0555555559694767
noise variance: 27334.97265625
average noise variance upto now: 27338.2421875

199th run
noise dimension : 2187
noise type: conti
torch.Size([40000, 2187])
original u-statistic:116.14534759521484
p value proxy: 0.2790697515010834
result: 0.0
power_upto_now: 0.055276382714509964
noise variance: 27346.84765625
average noise variance upto now: 27338.287109375

200th run
noise dimension : 2187
noise type: conti
torch.Size([40000, 2187])
original u-statistic:-84.0780029296875
p value proxy: 0.634551465511322
result: 0.0
power_upto_now: 0.054999999701976776
noise variance: 27330.21484375
average noise variance upto now: 27338.248046875

201th run
noise dimension : 2187
noise type: conti
torch.Size([40000, 2187])
original u-statistic:445.9758605957031
p value proxy: 0.016611294820904732
result: 1.0
power_upto_now: 0.05970149114727974
noise variance: 27330.767578125
average noise variance upto now: 27338.208984375

202th run
noise dimension : 2187
noise type: conti
torch.Size([40000, 2187])
original u-statistic:-46.91395568847656
p value proxy: 0.6112956404685974
result: 0.0
power_upto_now: 0.059405941516160965
noise variance: 27343.603515625
average noise variance upto now: 27338.23828125

203th run
noise dimension : 2187
noise type: conti
torch.Size([40000, 2187])
original u-statistic:-139.03756713867188
p value proxy: 0.7674418687820435
result: 0.0
power_upto_now: 0.05911330133676529
noise variance: 27345.42578125
average noise variance upto now: 27338.271484375

204th run
noise dimension : 2187
noise type: conti
torch.Size([40000, 2187])
original u-statistic:-218.04469299316406
p value proxy: 0.9202657341957092
result: 0.0
power_upto_now: 0.05882352963089943
noise variance: 27335.34375
average noise variance upto now: 27338.2578125

205th run
noise dimension : 2187
noise type: conti
torch.Size([40000, 2187])
original u-statistic:-155.78665161132812
p value proxy: 0.8471760749816895
result: 0.0
power_upto_now: 0.0585365854203701
noise variance: 27345.779296875
average noise variance upto now: 27338.294921875

206th run
noise dimension : 2187
noise type: conti
torch.Size([40000, 2187])
original u-statistic:170.97535705566406
p value proxy: 0.2059800624847412
result: 0.0
power_upto_now: 0.058252427726984024
noise variance: 27346.296875
average noise variance upto now: 27338.33203125

207th run
noise dimension : 2187
noise type: conti
torch.Size([40000, 2187])
original u-statistic:-299.28814697265625
p value proxy: 0.9634551405906677
result: 0.0
power_upto_now: 0.05797101557254791
noise variance: 27345.287109375
average noise variance upto now: 27338.3671875

208th run
noise dimension : 2187
noise type: conti
torch.Size([40000, 2187])
original u-statistic:-451.79876708984375
p value proxy: 0.9933554530143738
result: 0.0
power_upto_now: 0.057692307978868484
noise variance: 27351.248046875
average noise variance upto now: 27338.427734375

209th run
noise dimension : 2187
noise type: conti
torch.Size([40000, 2187])
original u-statistic:204.29139709472656
p value proxy: 0.1229235827922821
result: 0.0
power_upto_now: 0.057416267693042755
noise variance: 27335.484375
average noise variance upto now: 27338.4140625

210th run
noise dimension : 2187
noise type: conti
torch.Size([40000, 2187])
original u-statistic:19.81140899658203
p value proxy: 0.4053156077861786
result: 0.0
power_upto_now: 0.05714285746216774
noise variance: 27336.12109375
average noise variance upto now: 27338.40234375

211th run
noise dimension : 2187
noise type: conti
torch.Size([40000, 2187])
original u-statistic:-25.18408203125
p value proxy: 0.5847175717353821
result: 0.0
power_upto_now: 0.056872036308050156
noise variance: 27331.26953125
average noise variance upto now: 27338.369140625

212th run
noise dimension : 2187
noise type: conti
torch.Size([40000, 2187])
original u-statistic:208.98336791992188
p value proxy: 0.11295680701732635
result: 0.0
power_upto_now: 0.056603774428367615
noise variance: 27334.529296875
average noise variance upto now: 27338.3515625

213th run
noise dimension : 2187
noise type: conti
torch.Size([40000, 2187])
original u-statistic:-567.1373291015625
p value proxy: 1.0
result: 0.0
power_upto_now: 0.056338027119636536
noise variance: 27339.365234375
average noise variance upto now: 27338.357421875

214th run
noise dimension : 2187
noise type: conti
torch.Size([40000, 2187])
original u-statistic:-34.55352783203125
p value proxy: 0.5083056092262268
result: 0.0
power_upto_now: 0.05607476457953453
noise variance: 27330.13671875
average noise variance upto now: 27338.318359375

215th run
noise dimension : 2187
noise type: conti
torch.Size([40000, 2187])
original u-statistic:-168.08724975585938
p value proxy: 0.8272424936294556
result: 0.0
power_upto_now: 0.055813953280448914
noise variance: 27333.306640625
average noise variance upto now: 27338.29296875

216th run
noise dimension : 2187
noise type: conti
torch.Size([40000, 2187])
original u-statistic:190.9463653564453
p value proxy: 0.15282391011714935
result: 0.0
power_upto_now: 0.0555555559694767
noise variance: 27337.166015625
average noise variance upto now: 27338.291015625

217th run
noise dimension : 2187
noise type: conti
torch.Size([40000, 2187])
original u-statistic:-17.49060821533203
p value proxy: 0.5980066061019897
result: 0.0
power_upto_now: 0.0552995391190052
noise variance: 27330.564453125
average noise variance upto now: 27338.2578125

218th run
noise dimension : 2187
noise type: conti
torch.Size([40000, 2187])
original u-statistic:98.68277740478516
p value proxy: 0.31893688440322876
result: 0.0
power_upto_now: 0.055045872926712036
noise variance: 27336.51953125
average noise variance upto now: 27338.248046875

219th run
noise dimension : 2187
noise type: conti
torch.Size([40000, 2187])
original u-statistic:-9.93072509765625
p value proxy: 0.4850498139858246
result: 0.0
power_upto_now: 0.054794520139694214
noise variance: 27343.521484375
average noise variance upto now: 27338.2734375

220th run
noise dimension : 2187
noise type: conti
torch.Size([40000, 2187])
original u-statistic:-26.714378356933594
p value proxy: 0.6146179437637329
result: 0.0
power_upto_now: 0.05454545468091965
noise variance: 27328.640625
average noise variance upto now: 27338.2265625

221th run
noise dimension : 2187
noise type: conti
torch.Size([40000, 2187])
original u-statistic:-32.17059326171875
p value proxy: 0.5614618062973022
result: 0.0
power_upto_now: 0.05429864302277565
noise variance: 27335.716796875
average noise variance upto now: 27338.216796875

222th run
noise dimension : 2187
noise type: conti
torch.Size([40000, 2187])
original u-statistic:-150.07833862304688
p value proxy: 0.7906976342201233
result: 0.0
power_upto_now: 0.054054055362939835
noise variance: 27340.0390625
average noise variance upto now: 27338.224609375

223th run
noise dimension : 2187
noise type: conti
torch.Size([40000, 2187])
original u-statistic:-228.4771728515625
p value proxy: 0.8936876654624939
result: 0.0
power_upto_now: 0.053811658173799515
noise variance: 27346.744140625
average noise variance upto now: 27338.263671875

224th run
noise dimension : 2187
noise type: conti
torch.Size([40000, 2187])
original u-statistic:254.035400390625
p value proxy: 0.0830564796924591
result: 0.0
power_upto_now: 0.0535714291036129
noise variance: 27334.1328125
average noise variance upto now: 27338.244140625

225th run
noise dimension : 2187
noise type: conti
torch.Size([40000, 2187])
original u-statistic:31.490570068359375
p value proxy: 0.4086378514766693
result: 0.0
power_upto_now: 0.0533333346247673
noise variance: 27347.33984375
average noise variance upto now: 27338.28515625

226th run
noise dimension : 2187
noise type: conti
torch.Size([40000, 2187])
original u-statistic:85.91107177734375
p value proxy: 0.31229233741760254
result: 0.0
power_upto_now: 0.05309734493494034
noise variance: 27334.6484375
average noise variance upto now: 27338.267578125

227th run
noise dimension : 2187
noise type: conti
torch.Size([40000, 2187])
original u-statistic:93.59355163574219
p value proxy: 0.2990033030509949
result: 0.0
power_upto_now: 0.05286343768239021
noise variance: 27324.94921875
average noise variance upto now: 27338.208984375

228th run
noise dimension : 2187
noise type: conti
torch.Size([40000, 2187])
original u-statistic:97.35710144042969
p value proxy: 0.31561461091041565
result: 0.0
power_upto_now: 0.05263157933950424
noise variance: 27331.6875
average noise variance upto now: 27338.1796875

229th run
noise dimension : 2187
noise type: conti
torch.Size([40000, 2187])
original u-statistic:291.3894348144531
p value proxy: 0.059800662100315094
result: 0.0
power_upto_now: 0.052401747554540634
noise variance: 27341.45703125
average noise variance upto now: 27338.193359375

230th run
noise dimension : 2187
noise type: conti
torch.Size([40000, 2187])
original u-statistic:50.85201644897461
p value proxy: 0.3887042999267578
result: 0.0
power_upto_now: 0.052173912525177
noise variance: 27343.126953125
average noise variance upto now: 27338.21484375

231th run
noise dimension : 2187
noise type: conti
torch.Size([40000, 2187])
original u-statistic:15.801311492919922
p value proxy: 0.4916943311691284
result: 0.0
power_upto_now: 0.051948051899671555
noise variance: 27344.67578125
average noise variance upto now: 27338.244140625

232th run
noise dimension : 2187
noise type: conti
torch.Size([40000, 2187])
original u-statistic:-371.1676940917969
p value proxy: 0.9933554530143738
result: 0.0
power_upto_now: 0.0517241396009922
noise variance: 27336.6875
average noise variance upto now: 27338.234375

233th run
noise dimension : 2187
noise type: conti
torch.Size([40000, 2187])
original u-statistic:-344.67364501953125
p value proxy: 0.9734219312667847
result: 0.0
power_upto_now: 0.05150214582681656
noise variance: 27346.29296875
average noise variance upto now: 27338.26953125

234th run
noise dimension : 2187
noise type: conti
torch.Size([40000, 2187])
original u-statistic:23.64803695678711
p value proxy: 0.41860464215278625
result: 0.0
power_upto_now: 0.05128205195069313
noise variance: 27331.69140625
average noise variance upto now: 27338.2421875

235th run
noise dimension : 2187
noise type: conti
torch.Size([40000, 2187])
original u-statistic:151.07815551757812
p value proxy: 0.15946844220161438
result: 0.0
power_upto_now: 0.05106382817029953
noise variance: 27329.609375
average noise variance upto now: 27338.205078125

236th run
noise dimension : 2187
noise type: conti
torch.Size([40000, 2187])
original u-statistic:181.97006225585938
p value proxy: 0.1627907007932663
result: 0.0
power_upto_now: 0.050847455859184265
noise variance: 27345.220703125
average noise variance upto now: 27338.234375

237th run
noise dimension : 2187
noise type: conti
torch.Size([40000, 2187])
original u-statistic:312.760498046875
p value proxy: 0.04318936914205551
result: 1.0
power_upto_now: 0.05485232174396515
noise variance: 27330.18359375
average noise variance upto now: 27338.201171875

238th run
noise dimension : 2187
noise type: conti
torch.Size([40000, 2187])
original u-statistic:114.22010803222656
p value proxy: 0.27574750781059265
result: 0.0
power_upto_now: 0.054621849209070206
noise variance: 27333.294921875
average noise variance upto now: 27338.181640625

239th run
noise dimension : 2187
noise type: conti
torch.Size([40000, 2187])
original u-statistic:-403.624755859375
p value proxy: 1.0
result: 0.0
power_upto_now: 0.054393306374549866
noise variance: 27342.34375
average noise variance upto now: 27338.197265625

240th run
noise dimension : 2187
noise type: conti
torch.Size([40000, 2187])
original u-statistic:-13.028976440429688
p value proxy: 0.5348837375640869
result: 0.0
power_upto_now: 0.05416666716337204
noise variance: 27339.486328125
average noise variance upto now: 27338.205078125

241th run
noise dimension : 2187
noise type: conti
torch.Size([40000, 2187])
original u-statistic:-74.26486206054688
p value proxy: 0.7209302186965942
result: 0.0
power_upto_now: 0.05394190922379494
noise variance: 27340.294921875
average noise variance upto now: 27338.212890625

242th run
noise dimension : 2187
noise type: conti
torch.Size([40000, 2187])
original u-statistic:-34.883270263671875
p value proxy: 0.5747508406639099
result: 0.0
power_upto_now: 0.05371900647878647
noise variance: 27322.33203125
average noise variance upto now: 27338.146484375

243th run
noise dimension : 2187
noise type: conti
torch.Size([40000, 2187])
original u-statistic:-32.71551513671875
p value proxy: 0.5215946435928345
result: 0.0
power_upto_now: 0.05349794402718544
noise variance: 27348.8359375
average noise variance upto now: 27338.19140625

244th run
noise dimension : 2187
noise type: conti
torch.Size([40000, 2187])
original u-statistic:-42.151031494140625
p value proxy: 0.564784049987793
result: 0.0
power_upto_now: 0.053278688341379166
noise variance: 27331.982421875
average noise variance upto now: 27338.166015625

245th run
noise dimension : 2187
noise type: conti
torch.Size([40000, 2187])
original u-statistic:81.14274597167969
p value proxy: 0.31229233741760254
result: 0.0
power_upto_now: 0.05306122452020645
noise variance: 27336.470703125
average noise variance upto now: 27338.16015625

246th run
noise dimension : 2187
noise type: conti
torch.Size([40000, 2187])
original u-statistic:378.1686706542969
p value proxy: 0.039867110550403595
result: 1.0
power_upto_now: 0.056910570710897446
noise variance: 27344.517578125
average noise variance upto now: 27338.185546875

247th run
noise dimension : 2187
noise type: conti
torch.Size([40000, 2187])
original u-statistic:-34.22299575805664
p value proxy: 0.6312292218208313
result: 0.0
power_upto_now: 0.056680161505937576
noise variance: 27339.201171875
average noise variance upto now: 27338.1875

248th run
noise dimension : 2187
noise type: conti
torch.Size([40000, 2187])
original u-statistic:211.87667846679688
p value proxy: 0.12956809997558594
result: 0.0
power_upto_now: 0.05645161122083664
noise variance: 27336.623046875
average noise variance upto now: 27338.185546875

249th run
noise dimension : 2187
noise type: conti
torch.Size([40000, 2187])
original u-statistic:425.29022216796875
p value proxy: 0.009966777637600899
result: 1.0
power_upto_now: 0.0602409653365612
noise variance: 27350.435546875
average noise variance upto now: 27338.232421875

250th run
noise dimension : 2187
noise type: conti
torch.Size([40000, 2187])
original u-statistic:-52.345558166503906
p value proxy: 0.6245846748352051
result: 0.0
power_upto_now: 0.05999999865889549
noise variance: 27336.560546875
average noise variance upto now: 27338.228515625

251th run
noise dimension : 2187
noise type: conti
torch.Size([40000, 2187])
original u-statistic:-21.569320678710938
p value proxy: 0.5747508406639099
result: 0.0
power_upto_now: 0.05976095795631409
noise variance: 27346.3515625
average noise variance upto now: 27338.259765625

252th run
noise dimension : 2187
noise type: conti
torch.Size([40000, 2187])
original u-statistic:-384.27862548828125
p value proxy: 0.9667773842811584
result: 0.0
power_upto_now: 0.0595238097012043
noise variance: 27338.23046875
average noise variance upto now: 27338.2578125

253th run
noise dimension : 2187
noise type: conti
torch.Size([40000, 2187])
original u-statistic:-330.6277770996094
p value proxy: 0.9800664186477661
result: 0.0
power_upto_now: 0.05928853899240494
noise variance: 27336.44140625
average noise variance upto now: 27338.25390625

254th run
noise dimension : 2187
noise type: conti
torch.Size([40000, 2187])
original u-statistic:-27.31098175048828
p value proxy: 0.5847175717353821
result: 0.0
power_upto_now: 0.05905511975288391
noise variance: 27330.83203125
average noise variance upto now: 27338.220703125

255th run
noise dimension : 2187
noise type: conti
torch.Size([40000, 2187])
original u-statistic:-140.09765625
p value proxy: 0.7541528344154358
result: 0.0
power_upto_now: 0.05882352963089943
noise variance: 27328.740234375
average noise variance upto now: 27338.18359375

256th run
noise dimension : 2187
noise type: conti
torch.Size([40000, 2187])
original u-statistic:-70.98539733886719
p value proxy: 0.674418568611145
result: 0.0
power_upto_now: 0.05859375
noise variance: 27337.330078125
average noise variance upto now: 27338.181640625

257th run
noise dimension : 2187
noise type: conti
torch.Size([40000, 2187])
original u-statistic:364.9637451171875
p value proxy: 0.033222589641809464
result: 1.0
power_upto_now: 0.06225680932402611
noise variance: 27335.76953125
average noise variance upto now: 27338.173828125

258th run
noise dimension : 2187
noise type: conti
torch.Size([40000, 2187])
original u-statistic:-318.3061218261719
p value proxy: 0.9634551405906677
result: 0.0
power_upto_now: 0.06201550364494324
noise variance: 27332.587890625
average noise variance upto now: 27338.150390625

259th run
noise dimension : 2187
noise type: conti
torch.Size([40000, 2187])
original u-statistic:-77.85746765136719
p value proxy: 0.6943521499633789
result: 0.0
power_upto_now: 0.0617760606110096
noise variance: 27334.615234375
average noise variance upto now: 27338.13671875

260th run
noise dimension : 2187
noise type: conti
torch.Size([40000, 2187])
original u-statistic:-274.2391662597656
p value proxy: 0.9468438029289246
result: 0.0
power_upto_now: 0.0615384615957737
noise variance: 27330.142578125
average noise variance upto now: 27338.10546875

261th run
noise dimension : 2187
noise type: conti
torch.Size([40000, 2187])
original u-statistic:-49.2408447265625
p value proxy: 0.5980066061019897
result: 0.0
power_upto_now: 0.061302680522203445
noise variance: 27333.681640625
average noise variance upto now: 27338.08984375

262th run
noise dimension : 2187
noise type: conti
torch.Size([40000, 2187])
original u-statistic:325.9989013671875
p value proxy: 0.039867110550403595
result: 1.0
power_upto_now: 0.06488549709320068
noise variance: 27333.701171875
average noise variance upto now: 27338.072265625

263th run
noise dimension : 2187
noise type: conti
torch.Size([40000, 2187])
original u-statistic:-275.7203369140625
p value proxy: 0.9069766998291016
result: 0.0
power_upto_now: 0.06463878601789474
noise variance: 27335.841796875
average noise variance upto now: 27338.064453125

264th run
noise dimension : 2187
noise type: conti
torch.Size([40000, 2187])
original u-statistic:-208.86648559570312
p value proxy: 0.8571428656578064
result: 0.0
power_upto_now: 0.06439393758773804
noise variance: 27341.01953125
average noise variance upto now: 27338.07421875

265th run
noise dimension : 2187
noise type: conti
torch.Size([40000, 2187])
original u-statistic:-260.50634765625
p value proxy: 0.9468438029289246
result: 0.0
power_upto_now: 0.06415094435214996
noise variance: 27330.705078125
average noise variance upto now: 27338.046875

266th run
noise dimension : 2187
noise type: conti
torch.Size([40000, 2187])
original u-statistic:-193.42776489257812
p value proxy: 0.843853771686554
result: 0.0
power_upto_now: 0.06390977650880814
noise variance: 27335.955078125
average noise variance upto now: 27338.0390625

267th run
noise dimension : 2187
noise type: conti
torch.Size([40000, 2187])
original u-statistic:-195.82772827148438
p value proxy: 0.8604651093482971
result: 0.0
power_upto_now: 0.06367041170597076
noise variance: 27341.1015625
average noise variance upto now: 27338.05078125

268th run
noise dimension : 2187
noise type: conti
torch.Size([40000, 2187])
original u-statistic:86.20822143554688
p value proxy: 0.3255814015865326
result: 0.0
power_upto_now: 0.06343283504247665
noise variance: 27329.953125
average noise variance upto now: 27338.021484375

269th run
noise dimension : 2187
noise type: conti
torch.Size([40000, 2187])
original u-statistic:27.503311157226562
p value proxy: 0.45847174525260925
result: 0.0
power_upto_now: 0.06319702416658401
noise variance: 27333.232421875
average noise variance upto now: 27338.001953125

270th run
noise dimension : 2187
noise type: conti
torch.Size([40000, 2187])
original u-statistic:55.55088806152344
p value proxy: 0.3654485046863556
result: 0.0
power_upto_now: 0.06296296417713165
noise variance: 27338.998046875
average noise variance upto now: 27338.005859375

271th run
noise dimension : 2187
noise type: conti
torch.Size([40000, 2187])
original u-statistic:314.8019104003906
p value proxy: 0.029900331050157547
result: 1.0
power_upto_now: 0.06642066687345505
noise variance: 27337.349609375
average noise variance upto now: 27338.00390625

272th run
noise dimension : 2187
noise type: conti
torch.Size([40000, 2187])
original u-statistic:-128.98818969726562
p value proxy: 0.7873753905296326
result: 0.0
power_upto_now: 0.06617647409439087
noise variance: 27339.962890625
average noise variance upto now: 27338.01171875

273th run
noise dimension : 2187
noise type: conti
torch.Size([40000, 2187])
original u-statistic:203.57008361816406
p value proxy: 0.12624584138393402
result: 0.0
power_upto_now: 0.06593406945466995
noise variance: 27343.6328125
average noise variance upto now: 27338.033203125

274th run
noise dimension : 2187
noise type: conti
torch.Size([40000, 2187])
original u-statistic:-167.59356689453125
p value proxy: 0.8405315279960632
result: 0.0
power_upto_now: 0.0656934306025505
noise variance: 27333.509765625
average noise variance upto now: 27338.013671875

275th run
noise dimension : 2187
noise type: conti
torch.Size([40000, 2187])
original u-statistic:342.2471008300781
p value proxy: 0.03654484823346138
result: 1.0
power_upto_now: 0.06909091025590897
noise variance: 27338.876953125
average noise variance upto now: 27338.017578125

276th run
noise dimension : 2187
noise type: conti
torch.Size([40000, 2187])
original u-statistic:-3.600738525390625
p value proxy: 0.45514950156211853
result: 0.0
power_upto_now: 0.06884057819843292
noise variance: 27333.3125
average noise variance upto now: 27338.0

277th run
noise dimension : 2187
noise type: conti
torch.Size([40000, 2187])
original u-statistic:-348.7119140625
p value proxy: 0.9767441749572754
result: 0.0
power_upto_now: 0.06859205663204193
noise variance: 27332.228515625
average noise variance upto now: 27337.982421875

278th run
noise dimension : 2187
noise type: conti
torch.Size([40000, 2187])
original u-statistic:212.51327514648438
p value proxy: 0.07973422110080719
result: 0.0
power_upto_now: 0.0683453232049942
noise variance: 27350.154296875
average noise variance upto now: 27338.025390625

279th run
noise dimension : 2187
noise type: conti
torch.Size([40000, 2187])
original u-statistic:88.60910034179688
p value proxy: 0.3289036452770233
result: 0.0
power_upto_now: 0.06810035556554794
noise variance: 27333.833984375
average noise variance upto now: 27338.01171875

280th run
noise dimension : 2187
noise type: conti
torch.Size([40000, 2187])
original u-statistic:46.95535659790039
p value proxy: 0.39534881711006165
result: 0.0
power_upto_now: 0.06785714626312256
noise variance: 27347.7421875
average noise variance upto now: 27338.04296875

281th run
noise dimension : 2187
noise type: conti
torch.Size([40000, 2187])
original u-statistic:-270.1636657714844
p value proxy: 0.9235880374908447
result: 0.0
power_upto_now: 0.06761565804481506
noise variance: 27322.453125
average noise variance upto now: 27337.98828125

282th run
noise dimension : 2187
noise type: conti
torch.Size([40000, 2187])
original u-statistic:56.050498962402344
p value proxy: 0.3887042999267578
result: 0.0
power_upto_now: 0.06737588346004486
noise variance: 27327.9296875
average noise variance upto now: 27337.951171875

283th run
noise dimension : 2187
noise type: conti
torch.Size([40000, 2187])
original u-statistic:-43.23125076293945
p value proxy: 0.6146179437637329
result: 0.0
power_upto_now: 0.06713780760765076
noise variance: 27343.16015625
average noise variance upto now: 27337.97265625

284th run
noise dimension : 2187
noise type: conti
torch.Size([40000, 2187])
original u-statistic:105.17326354980469
p value proxy: 0.23920264840126038
result: 0.0
power_upto_now: 0.06690140813589096
noise variance: 27341.068359375
average noise variance upto now: 27337.982421875

285th run
noise dimension : 2187
noise type: conti
torch.Size([40000, 2187])
original u-statistic:-0.4068450927734375
p value proxy: 0.4883720874786377
result: 0.0
power_upto_now: 0.06666667014360428
noise variance: 27342.36328125
average noise variance upto now: 27337.99609375

286th run
noise dimension : 2187
noise type: conti
torch.Size([40000, 2187])
original u-statistic:158.67933654785156
p value proxy: 0.19269102811813354
result: 0.0
power_upto_now: 0.06643356382846832
noise variance: 27354.7734375
average noise variance upto now: 27338.056640625

287th run
noise dimension : 2187
noise type: conti
torch.Size([40000, 2187])
original u-statistic:87.75287628173828
p value proxy: 0.33887043595314026
result: 0.0
power_upto_now: 0.0662020891904831
noise variance: 27335.787109375
average noise variance upto now: 27338.048828125

288th run
noise dimension : 2187
noise type: conti
torch.Size([40000, 2187])
original u-statistic:487.3132629394531
p value proxy: 0.003322259057313204
result: 1.0
power_upto_now: 0.0694444477558136
noise variance: 27333.79296875
average noise variance upto now: 27338.033203125

289th run
noise dimension : 2187
noise type: conti
torch.Size([40000, 2187])
original u-statistic:-26.911958694458008
p value proxy: 0.5681062936782837
result: 0.0
power_upto_now: 0.06920415163040161
noise variance: 27332.095703125
average noise variance upto now: 27338.01171875

290th run
noise dimension : 2187
noise type: conti
torch.Size([40000, 2187])
original u-statistic:14.028018951416016
p value proxy: 0.4485049843788147
result: 0.0
power_upto_now: 0.06896551698446274
noise variance: 27342.123046875
average noise variance upto now: 27338.02734375

291th run
noise dimension : 2187
noise type: conti
torch.Size([40000, 2187])
original u-statistic:2.6844329833984375
p value proxy: 0.52491694688797
result: 0.0
power_upto_now: 0.06872852146625519
noise variance: 27324.443359375
average noise variance upto now: 27337.978515625

292th run
noise dimension : 2187
noise type: conti
torch.Size([40000, 2187])
original u-statistic:-336.48590087890625
p value proxy: 0.9800664186477661
result: 0.0
power_upto_now: 0.06849315017461777
noise variance: 27337.158203125
average noise variance upto now: 27337.978515625

293th run
noise dimension : 2187
noise type: conti
torch.Size([40000, 2187])
original u-statistic:300.8939208984375
p value proxy: 0.07308969646692276
result: 0.0
power_upto_now: 0.06825938820838928
noise variance: 27326.515625
average noise variance upto now: 27337.939453125

294th run
noise dimension : 2187
noise type: conti
torch.Size([40000, 2187])
original u-statistic:-405.71563720703125
p value proxy: 0.9900332093238831
result: 0.0
power_upto_now: 0.06802721321582794
noise variance: 27331.0234375
average noise variance upto now: 27337.9140625

295th run
noise dimension : 2187
noise type: conti
torch.Size([40000, 2187])
original u-statistic:-174.4590301513672
p value proxy: 0.8006644248962402
result: 0.0
power_upto_now: 0.06779661029577255
noise variance: 27328.830078125
average noise variance upto now: 27337.884765625

296th run
noise dimension : 2187
noise type: conti
torch.Size([40000, 2187])
original u-statistic:66.61165618896484
p value proxy: 0.31561461091041565
result: 0.0
power_upto_now: 0.06756756454706192
noise variance: 27329.728515625
average noise variance upto now: 27337.85546875

297th run
noise dimension : 2187
noise type: conti
torch.Size([40000, 2187])
original u-statistic:264.774658203125
p value proxy: 0.05315614491701126
result: 0.0
power_upto_now: 0.06734006851911545
noise variance: 27338.412109375
average noise variance upto now: 27337.859375

298th run
noise dimension : 2187
noise type: conti
torch.Size([40000, 2187])
original u-statistic:-135.91644287109375
p value proxy: 0.7973421812057495
result: 0.0
power_upto_now: 0.06711409240961075
noise variance: 27340.212890625
average noise variance upto now: 27337.865234375

299th run
noise dimension : 2187
noise type: conti
torch.Size([40000, 2187])
original u-statistic:-20.568645477294922
p value proxy: 0.5780730843544006
result: 0.0
power_upto_now: 0.06688962876796722
noise variance: 27327.115234375
average noise variance upto now: 27337.830078125

300th run
noise dimension : 2187
noise type: conti
torch.Size([40000, 2187])
original u-statistic:335.2422180175781
p value proxy: 0.033222589641809464
result: 1.0
power_upto_now: 0.07000000029802322
noise variance: 27339.5390625
average noise variance upto now: 27337.8359375

301th run
noise dimension : 2187
noise type: conti
torch.Size([40000, 2187])
original u-statistic:107.55763244628906
p value proxy: 0.2790697515010834
result: 0.0
power_upto_now: 0.06976744532585144
noise variance: 27331.591796875
average noise variance upto now: 27337.814453125

302th run
noise dimension : 2187
noise type: conti
torch.Size([40000, 2187])
original u-statistic:60.05711364746094
p value proxy: 0.3920265734195709
result: 0.0
power_upto_now: 0.06953642517328262
noise variance: 27340.4453125
average noise variance upto now: 27337.82421875

303th run
noise dimension : 2187
noise type: conti
torch.Size([40000, 2187])
original u-statistic:-186.24713134765625
p value proxy: 0.8338870406150818
result: 0.0
power_upto_now: 0.06930693238973618
noise variance: 27330.658203125
average noise variance upto now: 27337.802734375

304th run
noise dimension : 2187
noise type: conti
torch.Size([40000, 2187])
original u-statistic:-3.76361083984375
p value proxy: 0.49501660466194153
result: 0.0
power_upto_now: 0.0690789446234703
noise variance: 27331.65625
average noise variance upto now: 27337.78125

305th run
noise dimension : 2187
noise type: conti
torch.Size([40000, 2187])
original u-statistic:-46.81758117675781
p value proxy: 0.6179401874542236
result: 0.0
power_upto_now: 0.06885246187448502
noise variance: 27344.826171875
average noise variance upto now: 27337.8046875

306th run
noise dimension : 2187
noise type: conti
torch.Size([40000, 2187])
original u-statistic:226.13482666015625
p value proxy: 0.11960132420063019
result: 0.0
power_upto_now: 0.06862745434045792
noise variance: 27338.802734375
average noise variance upto now: 27337.80859375

307th run
noise dimension : 2187
noise type: conti
torch.Size([40000, 2187])
original u-statistic:115.4427719116211
p value proxy: 0.25581395626068115
result: 0.0
power_upto_now: 0.06840390712022781
noise variance: 27327.1640625
average noise variance upto now: 27337.775390625

308th run
noise dimension : 2187
noise type: conti
torch.Size([40000, 2187])
original u-statistic:-94.04590606689453
p value proxy: 0.6943521499633789
result: 0.0
power_upto_now: 0.06818182021379471
noise variance: 27340.162109375
average noise variance upto now: 27337.783203125

309th run
noise dimension : 2187
noise type: conti
torch.Size([40000, 2187])
original u-statistic:245.23635864257812
p value proxy: 0.1029900312423706
result: 0.0
power_upto_now: 0.06796116381883621
noise variance: 27340.078125
average noise variance upto now: 27337.7890625

310th run
noise dimension : 2187
noise type: conti
torch.Size([40000, 2187])
original u-statistic:289.4116516113281
p value proxy: 0.07641195505857468
result: 0.0
power_upto_now: 0.06774193793535233
noise variance: 27325.150390625
average noise variance upto now: 27337.748046875

311th run
noise dimension : 2187
noise type: conti
torch.Size([40000, 2187])
original u-statistic:50.515838623046875
p value proxy: 0.4053156077861786
result: 0.0
power_upto_now: 0.06752411276102066
noise variance: 27341.181640625
average noise variance upto now: 27337.759765625

312th run
noise dimension : 2187
noise type: conti
torch.Size([40000, 2187])
original u-statistic:-226.93487548828125
p value proxy: 0.9169434905052185
result: 0.0
power_upto_now: 0.06730769574642181
noise variance: 27331.439453125
average noise variance upto now: 27337.736328125

313th run
noise dimension : 2187
noise type: conti
torch.Size([40000, 2187])
original u-statistic:-110.400634765625
p value proxy: 0.7375414967536926
result: 0.0
power_upto_now: 0.0670926496386528
noise variance: 27347.658203125
average noise variance upto now: 27337.76953125

314th run
noise dimension : 2187
noise type: conti
torch.Size([40000, 2187])
original u-statistic:-618.9525756835938
p value proxy: 1.0
result: 0.0
power_upto_now: 0.06687898188829422
noise variance: 27335.740234375
average noise variance upto now: 27337.76171875

315th run
noise dimension : 2187
noise type: conti
torch.Size([40000, 2187])
original u-statistic:101.22833251953125
p value proxy: 0.31893688440322876
result: 0.0
power_upto_now: 0.06666667014360428
noise variance: 27335.908203125
average noise variance upto now: 27337.755859375

316th run
noise dimension : 2187
noise type: conti
torch.Size([40000, 2187])
original u-statistic:413.39361572265625
p value proxy: 0.023255813866853714
result: 1.0
power_upto_now: 0.06962025165557861
noise variance: 27340.4453125
average noise variance upto now: 27337.765625

317th run
noise dimension : 2187
noise type: conti
torch.Size([40000, 2187])
original u-statistic:378.21868896484375
p value proxy: 0.013289036229252815
result: 1.0
power_upto_now: 0.07255520671606064
noise variance: 27316.732421875
average noise variance upto now: 27337.697265625

318th run
noise dimension : 2187
noise type: conti
torch.Size([40000, 2187])
original u-statistic:-87.17137145996094
p value proxy: 0.6910299062728882
result: 0.0
power_upto_now: 0.07232704758644104
noise variance: 27328.908203125
average noise variance upto now: 27337.669921875

319th run
noise dimension : 2187
noise type: conti
torch.Size([40000, 2187])
original u-statistic:90.83588409423828
p value proxy: 0.3322259187698364
result: 0.0
power_upto_now: 0.07210031151771545
noise variance: 27334.8828125
average noise variance upto now: 27337.662109375

320th run
noise dimension : 2187
noise type: conti
torch.Size([40000, 2187])
original u-statistic:141.81869506835938
p value proxy: 0.23255813121795654
result: 0.0
power_upto_now: 0.07187499850988388
noise variance: 27336.830078125
average noise variance upto now: 27337.66015625

321th run
noise dimension : 2187
noise type: conti
torch.Size([40000, 2187])
original u-statistic:-138.25277709960938
p value proxy: 0.8073089718818665
result: 0.0
power_upto_now: 0.07165109366178513
noise variance: 27347.390625
average noise variance upto now: 27337.69140625

322th run
noise dimension : 2187
noise type: conti
torch.Size([40000, 2187])
original u-statistic:3.552947998046875
p value proxy: 0.5049833655357361
result: 0.0
power_upto_now: 0.0714285746216774
noise variance: 27334.541015625
average noise variance upto now: 27337.6796875

323th run
noise dimension : 2187
noise type: conti
torch.Size([40000, 2187])
original u-statistic:-154.99600219726562
p value proxy: 0.8006644248962402
result: 0.0
power_upto_now: 0.0712074339389801
noise variance: 27333.798828125
average noise variance upto now: 27337.66796875

324th run
noise dimension : 2187
noise type: conti
torch.Size([40000, 2187])
original u-statistic:-63.41139602661133
p value proxy: 0.6710963249206543
result: 0.0
power_upto_now: 0.07098765671253204
noise variance: 27331.556640625
average noise variance upto now: 27337.650390625

325th run
noise dimension : 2187
noise type: conti
torch.Size([40000, 2187])
original u-statistic:334.43084716796875
p value proxy: 0.03654484823346138
result: 1.0
power_upto_now: 0.07384615391492844
noise variance: 27334.615234375
average noise variance upto now: 27337.640625

326th run
noise dimension : 2187
noise type: conti
torch.Size([40000, 2187])
original u-statistic:-117.87736511230469
p value proxy: 0.7375414967536926
result: 0.0
power_upto_now: 0.07361963391304016
noise variance: 27329.7109375
average noise variance upto now: 27337.6171875

327th run
noise dimension : 2187
noise type: conti
torch.Size([40000, 2187])
original u-statistic:-54.04972839355469
p value proxy: 0.6013289093971252
result: 0.0
power_upto_now: 0.07339449226856232
noise variance: 27335.310546875
average noise variance upto now: 27337.609375

328th run
noise dimension : 2187
noise type: conti
torch.Size([40000, 2187])
original u-statistic:115.63212585449219
p value proxy: 0.24916942417621613
result: 0.0
power_upto_now: 0.0731707289814949
noise variance: 27335.712890625
average noise variance upto now: 27337.603515625

329th run
noise dimension : 2187
noise type: conti
torch.Size([40000, 2187])
original u-statistic:47.49029541015625
p value proxy: 0.4019933342933655
result: 0.0
power_upto_now: 0.07294832915067673
noise variance: 27349.236328125
average noise variance upto now: 27337.638671875

330th run
noise dimension : 2187
noise type: conti
torch.Size([40000, 2187])
original u-statistic:65.29766845703125
p value proxy: 0.3687707483768463
result: 0.0
power_upto_now: 0.072727270424366
noise variance: 27328.4453125
average noise variance upto now: 27337.609375

331th run
noise dimension : 2187
noise type: conti
torch.Size([40000, 2187])
original u-statistic:88.37345886230469
p value proxy: 0.31561461091041565
result: 0.0
power_upto_now: 0.07250755280256271
noise variance: 27341.19921875
average noise variance upto now: 27337.623046875

332th run
noise dimension : 2187
noise type: conti
torch.Size([40000, 2187])
original u-statistic:13.963912963867188
p value proxy: 0.5083056092262268
result: 0.0
power_upto_now: 0.07228915393352509
noise variance: 27330.04296875
average noise variance upto now: 27337.599609375

333th run
noise dimension : 2187
noise type: conti
torch.Size([40000, 2187])
original u-statistic:-81.0731430053711
p value proxy: 0.6544850468635559
result: 0.0
power_upto_now: 0.07207207381725311
noise variance: 27336.873046875
average noise variance upto now: 27337.59765625

334th run
noise dimension : 2187
noise type: conti
torch.Size([40000, 2187])
original u-statistic:-161.5623016357422
p value proxy: 0.8073089718818665
result: 0.0
power_upto_now: 0.071856290102005
noise variance: 27342.68359375
average noise variance upto now: 27337.611328125

335th run
noise dimension : 2187
noise type: conti
torch.Size([40000, 2187])
original u-statistic:-114.75093078613281
p value proxy: 0.7275747060775757
result: 0.0
power_upto_now: 0.07164178788661957
noise variance: 27340.46484375
average noise variance upto now: 27337.62109375

336th run
noise dimension : 2187
noise type: conti
torch.Size([40000, 2187])
original u-statistic:66.06680297851562
p value proxy: 0.33887043595314026
result: 0.0
power_upto_now: 0.0714285746216774
noise variance: 27336.513671875
average noise variance upto now: 27337.619140625

337th run
noise dimension : 2187
noise type: conti
torch.Size([40000, 2187])
original u-statistic:151.43679809570312
p value proxy: 0.25581395626068115
result: 0.0
power_upto_now: 0.07121662050485611
noise variance: 27338.748046875
average noise variance upto now: 27337.62109375

338th run
noise dimension : 2187
noise type: conti
torch.Size([40000, 2187])
original u-statistic:49.945587158203125
p value proxy: 0.3853820562362671
result: 0.0
power_upto_now: 0.0710059180855751
noise variance: 27328.521484375
average noise variance upto now: 27337.59375

339th run
noise dimension : 2187
noise type: conti
torch.Size([40000, 2187])
original u-statistic:-127.5517807006836
p value proxy: 0.7707641124725342
result: 0.0
power_upto_now: 0.07079645991325378
noise variance: 27340.890625
average noise variance upto now: 27337.60546875

340th run
noise dimension : 2187
noise type: conti
torch.Size([40000, 2187])
original u-statistic:-185.2303466796875
p value proxy: 0.8471760749816895
result: 0.0
power_upto_now: 0.07058823853731155
noise variance: 27336.638671875
average noise variance upto now: 27337.599609375

341th run
noise dimension : 2187
noise type: conti
torch.Size([40000, 2187])
original u-statistic:313.09881591796875
p value proxy: 0.04318936914205551
result: 1.0
power_upto_now: 0.07331378012895584
noise variance: 27330.837890625
average noise variance upto now: 27337.580078125

342th run
noise dimension : 2187
noise type: conti
torch.Size([40000, 2187])
original u-statistic:-5.347663879394531
p value proxy: 0.4451827108860016
result: 0.0
power_upto_now: 0.07309941202402115
noise variance: 27332.9765625
average noise variance upto now: 27337.56640625

343th run
noise dimension : 2187
noise type: conti
torch.Size([40000, 2187])
original u-statistic:-138.96426391601562
p value proxy: 0.7508305311203003
result: 0.0
power_upto_now: 0.07288629561662674
noise variance: 27343.396484375
average noise variance upto now: 27337.5859375

344th run
noise dimension : 2187
noise type: conti
torch.Size([40000, 2187])
original u-statistic:367.1612548828125
p value proxy: 0.02657807245850563
result: 1.0
power_upto_now: 0.075581394135952
noise variance: 27336.333984375
average noise variance upto now: 27337.578125

345th run
noise dimension : 2187
noise type: conti
torch.Size([40000, 2187])
original u-statistic:82.33731079101562
p value proxy: 0.33887043595314026
result: 0.0
power_upto_now: 0.07536231726408005
noise variance: 27327.337890625
average noise variance upto now: 27337.55078125

346th run
noise dimension : 2187
noise type: conti
torch.Size([40000, 2187])
original u-statistic:59.998016357421875
p value proxy: 0.31893688440322876
result: 0.0
power_upto_now: 0.07514450699090958
noise variance: 27336.80078125
average noise variance upto now: 27337.548828125

347th run
noise dimension : 2187
noise type: conti
torch.Size([40000, 2187])
original u-statistic:-167.02398681640625
p value proxy: 0.8205980062484741
result: 0.0
power_upto_now: 0.07492795586585999
noise variance: 27330.16015625
average noise variance upto now: 27337.52734375

348th run
noise dimension : 2187
noise type: conti
torch.Size([40000, 2187])
original u-statistic:-203.75039672851562
p value proxy: 0.8571428656578064
result: 0.0
power_upto_now: 0.07471264153718948
noise variance: 27339.544921875
average noise variance upto now: 27337.53125

349th run
noise dimension : 2187
noise type: conti
torch.Size([40000, 2187])
original u-statistic:-10.433029174804688
p value proxy: 0.5514950156211853
result: 0.0
power_upto_now: 0.07449856400489807
noise variance: 27338.73046875
average noise variance upto now: 27337.53515625

350th run
noise dimension : 2187
noise type: conti
torch.Size([40000, 2187])
original u-statistic:83.62236022949219
