job started
cuda available: True
1
code run on device:: cuda:0
0
0

simulation started at = 2022-08-24 01:45:41.486647 

n = 900000,

kappa = 3, alpha = 0.8,

gamma = 0.05, nTests = 500,

B = 300, d = 2

copula_mean
tensor([0.5000, 0.5000], device='cuda:0')
sigma
tensor([[1.0000, 0.5000],
        [0.5000, 1.0000]], device='cuda:0')

1th run
noise dimension : 9, 9
noise type: conti
noise type: conti
result: 1.0
power_upto_now: 1.0
noise variance for Y: 4053.2236328125
average noise variance for Y upto now: 4053.2236328125
noise variance for Z: 4046.860595703125
average noise variance for Z upto now: 4046.860595703125

2th run
noise dimension : 9, 9
noise type: conti
noise type: conti
result: 1.0
power_upto_now: 1.0
noise variance for Y: 4053.23681640625
average noise variance for Y upto now: 4053.230224609375
noise variance for Z: 4053.580322265625
average noise variance for Z upto now: 4050.220458984375

3th run
noise dimension : 9, 9
noise type: conti
noise type: conti
result: 1.0
power_upto_now: 1.0
noise variance for Y: 4047.828369140625
average noise variance for Y upto now: 4051.4296875
noise variance for Z: 4044.370361328125
average noise variance for Z upto now: 4048.2705078125

4th run
noise dimension : 9, 9
noise type: conti
noise type: conti
result: 1.0
power_upto_now: 1.0
noise variance for Y: 4048.561767578125
average noise variance for Y upto now: 4050.712646484375
noise variance for Z: 4044.038330078125
average noise variance for Z upto now: 4047.21240234375

5th run
noise dimension : 9, 9
noise type: conti
noise type: conti
result: 1.0
power_upto_now: 1.0
noise variance for Y: 4050.448974609375
average noise variance for Y upto now: 4050.66015625
noise variance for Z: 4051.431396484375
average noise variance for Z upto now: 4048.05615234375

6th run
noise dimension : 9, 9
noise type: conti
noise type: conti
result: 1.0
power_upto_now: 1.0
noise variance for Y: 4048.324951171875
average noise variance for Y upto now: 4050.270751953125
noise variance for Z: 4045.822509765625
average noise variance for Z upto now: 4047.683837890625

7th run
noise dimension : 9, 9
noise type: conti
noise type: conti
result: 0.0
power_upto_now: 0.8571428656578064
noise variance for Y: 4046.85546875
average noise variance for Y upto now: 4049.782958984375
noise variance for Z: 4042.176513671875
average noise variance for Z upto now: 4046.897216796875

8th run
noise dimension : 9, 9
noise type: conti
noise type: conti
result: 0.0
power_upto_now: 0.75
noise variance for Y: 4050.954833984375
average noise variance for Y upto now: 4049.92919921875
noise variance for Z: 4046.588623046875
average noise variance for Z upto now: 4046.8583984375

9th run
noise dimension : 9, 9
noise type: conti
noise type: conti
result: 1.0
power_upto_now: 0.7777777910232544
noise variance for Y: 4053.48046875
average noise variance for Y upto now: 4050.32373046875
noise variance for Z: 4048.4453125
average noise variance for Z upto now: 4047.03466796875

10th run
noise dimension : 9, 9
noise type: conti
noise type: conti
result: 0.0
power_upto_now: 0.699999988079071
noise variance for Y: 4047.2939453125
average noise variance for Y upto now: 4050.020751953125
noise variance for Z: 4046.09375
average noise variance for Z upto now: 4046.94091796875

11th run
noise dimension : 9, 9
noise type: conti
noise type: conti
result: 1.0
power_upto_now: 0.7272727489471436
noise variance for Y: 4045.39453125
average noise variance for Y upto now: 4049.60009765625
noise variance for Z: 4046.910888671875
average noise variance for Z upto now: 4046.938232421875

12th run
noise dimension : 9, 9
noise type: conti
noise type: conti
result: 0.0
power_upto_now: 0.6666666865348816
noise variance for Y: 4053.290283203125
average noise variance for Y upto now: 4049.907470703125
noise variance for Z: 4053.533935546875
average noise variance for Z upto now: 4047.488037109375

13th run
noise dimension : 9, 9
noise type: conti
noise type: conti
result: 1.0
power_upto_now: 0.692307710647583
noise variance for Y: 4050.00341796875
average noise variance for Y upto now: 4049.9150390625
noise variance for Z: 4052.355224609375
average noise variance for Z upto now: 4047.8623046875

14th run
noise dimension : 9, 9
noise type: conti
noise type: conti
result: 1.0
power_upto_now: 0.7142857313156128
noise variance for Y: 4056.069091796875
average noise variance for Y upto now: 4050.354736328125
noise variance for Z: 4052.247802734375
average noise variance for Z upto now: 4048.175537109375

15th run
noise dimension : 9, 9
noise type: conti
noise type: conti
result: 1.0
power_upto_now: 0.7333333492279053
noise variance for Y: 4054.643798828125
average noise variance for Y upto now: 4050.640625
noise variance for Z: 4055.1806640625
average noise variance for Z upto now: 4048.642822265625

16th run
noise dimension : 9, 9
noise type: conti
noise type: conti
result: 1.0
power_upto_now: 0.75
noise variance for Y: 4045.85595703125
average noise variance for Y upto now: 4050.341796875
noise variance for Z: 4048.096435546875
average noise variance for Z upto now: 4048.608154296875

17th run
noise dimension : 9, 9
noise type: conti
noise type: conti
result: 1.0
power_upto_now: 0.7647058963775635
noise variance for Y: 4052.732666015625
average noise variance for Y upto now: 4050.482421875
noise variance for Z: 4048.322021484375
average noise variance for Z upto now: 4048.591552734375

18th run
noise dimension : 9, 9
noise type: conti
noise type: conti
result: 1.0
power_upto_now: 0.7777777910232544
noise variance for Y: 4048.490966796875
average noise variance for Y upto now: 4050.3720703125
noise variance for Z: 4056.6435546875
average noise variance for Z upto now: 4049.03857421875

19th run
noise dimension : 9, 9
noise type: conti
noise type: conti
result: 1.0
power_upto_now: 0.7894737124443054
noise variance for Y: 4049.283935546875
average noise variance for Y upto now: 4050.314453125
noise variance for Z: 4052.832275390625
average noise variance for Z upto now: 4049.238525390625

20th run
noise dimension : 9, 9
noise type: conti
noise type: conti
result: 0.0
power_upto_now: 0.75
noise variance for Y: 4045.28857421875
average noise variance for Y upto now: 4050.063232421875
noise variance for Z: 4054.398193359375
average noise variance for Z upto now: 4049.49658203125

21th run
noise dimension : 9, 9
noise type: conti
noise type: conti
result: 1.0
power_upto_now: 0.761904776096344
noise variance for Y: 4053.0078125
average noise variance for Y upto now: 4050.20361328125
noise variance for Z: 4048.845458984375
average noise variance for Z upto now: 4049.4658203125

22th run
noise dimension : 9, 9
noise type: conti
noise type: conti
result: 1.0
power_upto_now: 0.7727272510528564
noise variance for Y: 4053.90283203125
average noise variance for Y upto now: 4050.371337890625
noise variance for Z: 4052.14697265625
average noise variance for Z upto now: 4049.58740234375

23th run
noise dimension : 9, 9
noise type: conti
noise type: conti
result: 1.0
power_upto_now: 0.782608687877655
noise variance for Y: 4049.95849609375
average noise variance for Y upto now: 4050.353515625
noise variance for Z: 4054.22265625
average noise variance for Z upto now: 4049.7890625

24th run
noise dimension : 9, 9
noise type: conti
noise type: conti
result: 1.0
power_upto_now: 0.7916666865348816
noise variance for Y: 4050.083251953125
average noise variance for Y upto now: 4050.341796875
noise variance for Z: 4045.427490234375
average noise variance for Z upto now: 4049.607177734375

25th run
noise dimension : 9, 9
noise type: conti
noise type: conti
result: 1.0
power_upto_now: 0.800000011920929
noise variance for Y: 4046.01318359375
average noise variance for Y upto now: 4050.168701171875
noise variance for Z: 4053.662109375
average noise variance for Z upto now: 4049.76904296875

26th run
noise dimension : 9, 9
noise type: conti
noise type: conti
result: 0.0
power_upto_now: 0.7692307829856873
noise variance for Y: 4056.685302734375
average noise variance for Y upto now: 4050.41943359375
noise variance for Z: 4049.48583984375
average noise variance for Z upto now: 4049.75830078125

27th run
noise dimension : 9, 9
noise type: conti
noise type: conti
result: 1.0
power_upto_now: 0.7777777910232544
noise variance for Y: 4046.84814453125
average noise variance for Y upto now: 4050.28759765625
noise variance for Z: 4049.329833984375
average noise variance for Z upto now: 4049.742431640625

28th run
noise dimension : 9, 9
noise type: conti
noise type: conti
result: 0.0
power_upto_now: 0.75
noise variance for Y: 4050.49853515625
average noise variance for Y upto now: 4050.294677734375
noise variance for Z: 4048.83740234375
average noise variance for Z upto now: 4049.710205078125

29th run
noise dimension : 9, 9
noise type: conti
noise type: conti
result: 1.0
power_upto_now: 0.7586206793785095
noise variance for Y: 4049.550048828125
average noise variance for Y upto now: 4050.269287109375
noise variance for Z: 4046.808837890625
average noise variance for Z upto now: 4049.60986328125

30th run
noise dimension : 9, 9
noise type: conti
noise type: conti
result: 1.0
power_upto_now: 0.7666666507720947
noise variance for Y: 4047.68798828125
average noise variance for Y upto now: 4050.183349609375
noise variance for Z: 4055.716796875
average noise variance for Z upto now: 4049.8134765625

31th run
noise dimension : 9, 9
noise type: conti
noise type: conti
result: 1.0
power_upto_now: 0.774193525314331
noise variance for Y: 4048.383056640625
average noise variance for Y upto now: 4050.125
noise variance for Z: 4047.432861328125
average noise variance for Z upto now: 4049.73681640625

32th run
noise dimension : 9, 9
noise type: conti
noise type: conti
result: 1.0
power_upto_now: 0.78125
noise variance for Y: 4047.740478515625
average noise variance for Y upto now: 4050.050537109375
noise variance for Z: 4047.039306640625
average noise variance for Z upto now: 4049.652587890625

33th run
noise dimension : 9, 9
noise type: conti
noise type: conti
result: 1.0
power_upto_now: 0.7878788113594055
noise variance for Y: 4050.71484375
average noise variance for Y upto now: 4050.071044921875
noise variance for Z: 4048.489013671875
average noise variance for Z upto now: 4049.617431640625

34th run
noise dimension : 9, 9
noise type: conti
noise type: conti
result: 1.0
power_upto_now: 0.7941176295280457
noise variance for Y: 4051.189208984375
average noise variance for Y upto now: 4050.103759765625
noise variance for Z: 4056.593505859375
average noise variance for Z upto now: 4049.822509765625

35th run
noise dimension : 9, 9
noise type: conti
noise type: conti
result: 1.0
power_upto_now: 0.800000011920929
noise variance for Y: 4048.439208984375
average noise variance for Y upto now: 4050.05615234375
noise variance for Z: 4041.778076171875
average noise variance for Z upto now: 4049.5927734375

36th run
noise dimension : 9, 9
noise type: conti
noise type: conti
result: 1.0
power_upto_now: 0.8055555820465088
noise variance for Y: 4053.999267578125
average noise variance for Y upto now: 4050.165771484375
noise variance for Z: 4052.958740234375
average noise variance for Z upto now: 4049.6865234375

37th run
noise dimension : 9, 9
noise type: conti
noise type: conti
result: 1.0
power_upto_now: 0.8108108043670654
noise variance for Y: 4054.0166015625
average noise variance for Y upto now: 4050.269775390625
noise variance for Z: 4044.192138671875
average noise variance for Z upto now: 4049.5380859375

38th run
noise dimension : 9, 9
noise type: conti
noise type: conti
result: 1.0
power_upto_now: 0.8157894611358643
noise variance for Y: 4051.192138671875
average noise variance for Y upto now: 4050.2939453125
noise variance for Z: 4047.738037109375
average noise variance for Z upto now: 4049.490478515625

39th run
noise dimension : 9, 9
noise type: conti
noise type: conti
result: 0.0
power_upto_now: 0.7948718070983887
noise variance for Y: 4046.143310546875
average noise variance for Y upto now: 4050.1875
noise variance for Z: 4052.392578125
average noise variance for Z upto now: 4049.56494140625

40th run
noise dimension : 9, 9
noise type: conti
noise type: conti
result: 1.0
power_upto_now: 0.800000011920929
noise variance for Y: 4052.908447265625
average noise variance for Y upto now: 4050.255859375
noise variance for Z: 4053.77734375
average noise variance for Z upto now: 4049.67041015625

41th run
noise dimension : 9, 9
noise type: conti
noise type: conti
result: 1.0
power_upto_now: 0.8048780560493469
noise variance for Y: 4048.13525390625
average noise variance for Y upto now: 4050.203857421875
noise variance for Z: 4053.76025390625
average noise variance for Z upto now: 4049.769775390625

42th run
noise dimension : 9, 9
noise type: conti
noise type: conti
result: 1.0
power_upto_now: 0.8095238208770752
noise variance for Y: 4050.384033203125
average noise variance for Y upto now: 4050.208251953125
noise variance for Z: 4053.185302734375
average noise variance for Z upto now: 4049.85107421875

43th run
noise dimension : 9, 9
noise type: conti
noise type: conti
result: 1.0
power_upto_now: 0.8139534592628479
noise variance for Y: 4048.580810546875
average noise variance for Y upto now: 4050.17041015625
noise variance for Z: 4051.68701171875
average noise variance for Z upto now: 4049.893798828125

44th run
noise dimension : 9, 9
noise type: conti
noise type: conti
result: 1.0
power_upto_now: 0.8181818127632141
noise variance for Y: 4048.816162109375
average noise variance for Y upto now: 4050.1396484375
noise variance for Z: 4048.27099609375
average noise variance for Z upto now: 4049.857177734375

45th run
noise dimension : 9, 9
noise type: conti
noise type: conti
result: 1.0
power_upto_now: 0.8222222328186035
noise variance for Y: 4049.920654296875
average noise variance for Y upto now: 4050.134765625
noise variance for Z: 4046.6728515625
average noise variance for Z upto now: 4049.7861328125

46th run
noise dimension : 9, 9
noise type: conti
noise type: conti
result: 0.0
power_upto_now: 0.804347813129425
noise variance for Y: 4049.747802734375
average noise variance for Y upto now: 4050.12646484375
noise variance for Z: 4046.068603515625
average noise variance for Z upto now: 4049.705078125

47th run
noise dimension : 9, 9
noise type: conti
noise type: conti
result: 1.0
power_upto_now: 0.8085106611251831
noise variance for Y: 4051.453857421875
average noise variance for Y upto now: 4050.154541015625
noise variance for Z: 4048.44775390625
average noise variance for Z upto now: 4049.678955078125

48th run
noise dimension : 9, 9
noise type: conti
noise type: conti
result: 1.0
power_upto_now: 0.8125
noise variance for Y: 4046.32861328125
average noise variance for Y upto now: 4050.074951171875
noise variance for Z: 4042.94873046875
average noise variance for Z upto now: 4049.538330078125

49th run
noise dimension : 9, 9
noise type: conti
noise type: conti
result: 1.0
power_upto_now: 0.8163265585899353
noise variance for Y: 4051.62939453125
average noise variance for Y upto now: 4050.1064453125
noise variance for Z: 4053.465087890625
average noise variance for Z upto now: 4049.61865234375

50th run
noise dimension : 9, 9
noise type: conti
noise type: conti
result: 1.0
power_upto_now: 0.8199999928474426
noise variance for Y: 4054.586669921875
average noise variance for Y upto now: 4050.1962890625
noise variance for Z: 4054.328369140625
average noise variance for Z upto now: 4049.712890625

51th run
noise dimension : 9, 9
noise type: conti
noise type: conti
result: 1.0
power_upto_now: 0.8235294222831726
noise variance for Y: 4052.05322265625
average noise variance for Y upto now: 4050.232421875
noise variance for Z: 4056.06494140625
average noise variance for Z upto now: 4049.83740234375

52th run
noise dimension : 9, 9
noise type: conti
noise type: conti
result: 1.0
power_upto_now: 0.8269230723381042
noise variance for Y: 4050.04443359375
average noise variance for Y upto now: 4050.22900390625
noise variance for Z: 4049.946044921875
average noise variance for Z upto now: 4049.839599609375

53th run
noise dimension : 9, 9
noise type: conti
noise type: conti
result: 1.0
power_upto_now: 0.8301886916160583
noise variance for Y: 4050.769287109375
average noise variance for Y upto now: 4050.239013671875
noise variance for Z: 4053.44970703125
average noise variance for Z upto now: 4049.907470703125

54th run
noise dimension : 9, 9
noise type: conti
noise type: conti
result: 1.0
power_upto_now: 0.8333333134651184
noise variance for Y: 4045.06298828125
average noise variance for Y upto now: 4050.143310546875
noise variance for Z: 4048.23486328125
average noise variance for Z upto now: 4049.87646484375

55th run
noise dimension : 9, 9
noise type: conti
noise type: conti
result: 0.0
power_upto_now: 0.8181818127632141
noise variance for Y: 4049.6328125
average noise variance for Y upto now: 4050.134033203125
noise variance for Z: 4049.05078125
average noise variance for Z upto now: 4049.861572265625

56th run
noise dimension : 9, 9
noise type: conti
noise type: conti
result: 1.0
power_upto_now: 0.8214285969734192
noise variance for Y: 4045.052490234375
average noise variance for Y upto now: 4050.043212890625
noise variance for Z: 4053.07568359375
average noise variance for Z upto now: 4049.918701171875

57th run
noise dimension : 9, 9
noise type: conti
noise type: conti
result: 1.0
power_upto_now: 0.8245614171028137
noise variance for Y: 4048.932373046875
average noise variance for Y upto now: 4050.02392578125
noise variance for Z: 4045.660400390625
average noise variance for Z upto now: 4049.843994140625

58th run
noise dimension : 9, 9
noise type: conti
noise type: conti
result: 1.0
power_upto_now: 0.8275862336158752
noise variance for Y: 4054.287353515625
average noise variance for Y upto now: 4050.09716796875
noise variance for Z: 4047.897705078125
average noise variance for Z upto now: 4049.810546875

59th run
noise dimension : 9, 9
noise type: conti
noise type: conti
result: 1.0
power_upto_now: 0.8305084705352783
noise variance for Y: 4050.105224609375
average noise variance for Y upto now: 4050.09765625
noise variance for Z: 4047.886962890625
average noise variance for Z upto now: 4049.77783203125

60th run
noise dimension : 9, 9
noise type: conti
noise type: conti
result: 1.0
power_upto_now: 0.8333333134651184
noise variance for Y: 4049.041748046875
average noise variance for Y upto now: 4050.079833984375
noise variance for Z: 4052.7080078125
average noise variance for Z upto now: 4049.826904296875

61th run
noise dimension : 9, 9
noise type: conti
noise type: conti
result: 1.0
power_upto_now: 0.8360655903816223
noise variance for Y: 4046.18212890625
average noise variance for Y upto now: 4050.01611328125
noise variance for Z: 4051.834716796875
average noise variance for Z upto now: 4049.859619140625

62th run
noise dimension : 9, 9
noise type: conti
noise type: conti
result: 1.0
power_upto_now: 0.8387096524238586
noise variance for Y: 4056.105224609375
average noise variance for Y upto now: 4050.1142578125
noise variance for Z: 4050.923095703125
average noise variance for Z upto now: 4049.876708984375

63th run
noise dimension : 9, 9
noise type: conti
noise type: conti
result: 1.0
power_upto_now: 0.841269850730896
noise variance for Y: 4054.106689453125
average noise variance for Y upto now: 4050.177734375
noise variance for Z: 4047.634033203125
average noise variance for Z upto now: 4049.84130859375

64th run
noise dimension : 9, 9
noise type: conti
noise type: conti
result: 0.0
power_upto_now: 0.828125
noise variance for Y: 4047.69384765625
average noise variance for Y upto now: 4050.138671875
noise variance for Z: 4046.49609375
average noise variance for Z upto now: 4049.789306640625

65th run
noise dimension : 9, 9
noise type: conti
noise type: conti
result: 1.0
power_upto_now: 0.8307692408561707
noise variance for Y: 4050.081787109375
average noise variance for Y upto now: 4050.137939453125
noise variance for Z: 4051.690185546875
average noise variance for Z upto now: 4049.818359375

66th run
noise dimension : 9, 9
noise type: conti
noise type: conti
result: 1.0
power_upto_now: 0.8333333134651184
noise variance for Y: 4050.202392578125
average noise variance for Y upto now: 4050.138671875
noise variance for Z: 4051.0400390625
average noise variance for Z upto now: 4049.836669921875

67th run
noise dimension : 9, 9
noise type: conti
noise type: conti
result: 1.0
power_upto_now: 0.8358209133148193
noise variance for Y: 4050.041748046875
average noise variance for Y upto now: 4050.13720703125
noise variance for Z: 4048.243896484375
average noise variance for Z upto now: 4049.81298828125

68th run
noise dimension : 9, 9
noise type: conti
noise type: conti
result: 1.0
power_upto_now: 0.8382353186607361
noise variance for Y: 4045.247314453125
average noise variance for Y upto now: 4050.065185546875
noise variance for Z: 4046.885986328125
average noise variance for Z upto now: 4049.769775390625

69th run
noise dimension : 9, 9
noise type: conti
noise type: conti
result: 1.0
power_upto_now: 0.8405796885490417
noise variance for Y: 4045.83837890625
average noise variance for Y upto now: 4050.004150390625
noise variance for Z: 4048.28076171875
average noise variance for Z upto now: 4049.748291015625

70th run
noise dimension : 9, 9
noise type: conti
noise type: conti
result: 1.0
power_upto_now: 0.8428571224212646
noise variance for Y: 4052.375
average noise variance for Y upto now: 4050.037841796875
noise variance for Z: 4052.30615234375
average noise variance for Z upto now: 4049.784912109375

71th run
noise dimension : 9, 9
noise type: conti
noise type: conti
result: 1.0
power_upto_now: 0.8450704216957092
noise variance for Y: 4050.630126953125
average noise variance for Y upto now: 4050.046142578125
noise variance for Z: 4048.9033203125
average noise variance for Z upto now: 4049.7724609375

72th run
noise dimension : 9, 9
noise type: conti
noise type: conti
result: 1.0
power_upto_now: 0.8472222089767456
noise variance for Y: 4054.39453125
average noise variance for Y upto now: 4050.106689453125
noise variance for Z: 4051.85791015625
average noise variance for Z upto now: 4049.80126953125

73th run
noise dimension : 9, 9
noise type: conti
noise type: conti
result: 1.0
power_upto_now: 0.8493150472640991
noise variance for Y: 4052.290283203125
average noise variance for Y upto now: 4050.136474609375
noise variance for Z: 4050.08740234375
average noise variance for Z upto now: 4049.80517578125

74th run
noise dimension : 9, 9
noise type: conti
noise type: conti
result: 1.0
power_upto_now: 0.8513513803482056
noise variance for Y: 4050.8271484375
average noise variance for Y upto now: 4050.145751953125
noise variance for Z: 4050.2626953125
average noise variance for Z upto now: 4049.811767578125

75th run
noise dimension : 9, 9
noise type: conti
noise type: conti
result: 1.0
power_upto_now: 0.8533333539962769
noise variance for Y: 4053.301513671875
average noise variance for Y upto now: 4050.18798828125
noise variance for Z: 4051.940185546875
average noise variance for Z upto now: 4049.840087890625

76th run
noise dimension : 9, 9
noise type: conti
noise type: conti
result: 1.0
power_upto_now: 0.8552631735801697
noise variance for Y: 4046.155517578125
average noise variance for Y upto now: 4050.134765625
noise variance for Z: 4050.8330078125
average noise variance for Z upto now: 4049.853271484375

77th run
noise dimension : 9, 9
noise type: conti
noise type: conti
result: 1.0
power_upto_now: 0.8571428656578064
noise variance for Y: 4048.339599609375
average noise variance for Y upto now: 4050.111572265625
noise variance for Z: 4048.489013671875
average noise variance for Z upto now: 4049.835693359375

78th run
noise dimension : 9, 9
noise type: conti
noise type: conti
result: 1.0
power_upto_now: 0.8589743375778198
noise variance for Y: 4050.84619140625
average noise variance for Y upto now: 4050.12109375
noise variance for Z: 4050.3720703125
average noise variance for Z upto now: 4049.842041015625

79th run
noise dimension : 9, 9
noise type: conti
noise type: conti
result: 1.0
power_upto_now: 0.8607594966888428
noise variance for Y: 4049.803466796875
average noise variance for Y upto now: 4050.11669921875
noise variance for Z: 4054.76416015625
average noise variance for Z upto now: 4049.90478515625

80th run
noise dimension : 9, 9
noise type: conti
noise type: conti
result: 1.0
power_upto_now: 0.862500011920929
noise variance for Y: 4047.779296875
average noise variance for Y upto now: 4050.087890625
noise variance for Z: 4049.929931640625
average noise variance for Z upto now: 4049.905029296875

81th run
noise dimension : 9, 9
noise type: conti
noise type: conti
result: 1.0
power_upto_now: 0.8641975522041321
noise variance for Y: 4052.63818359375
average noise variance for Y upto now: 4050.119140625
noise variance for Z: 4045.816162109375
average noise variance for Z upto now: 4049.8544921875

82th run
noise dimension : 9, 9
noise type: conti
noise type: conti
result: 1.0
power_upto_now: 0.8658536672592163
noise variance for Y: 4050.710693359375
average noise variance for Y upto now: 4050.12646484375
noise variance for Z: 4052.060302734375
average noise variance for Z upto now: 4049.881591796875

83th run
noise dimension : 9, 9
noise type: conti
noise type: conti
result: 1.0
power_upto_now: 0.8674699068069458
noise variance for Y: 4050.910400390625
average noise variance for Y upto now: 4050.135986328125
noise variance for Z: 4047.16552734375
average noise variance for Z upto now: 4049.8486328125

84th run
noise dimension : 9, 9
noise type: conti
noise type: conti
result: 1.0
power_upto_now: 0.8690476417541504
noise variance for Y: 4048.028564453125
average noise variance for Y upto now: 4050.11083984375
noise variance for Z: 4059.169189453125
average noise variance for Z upto now: 4049.959716796875

85th run
noise dimension : 9, 9
noise type: conti
noise type: conti
result: 1.0
power_upto_now: 0.8705882430076599
noise variance for Y: 4055.96142578125
average noise variance for Y upto now: 4050.1796875
noise variance for Z: 4055.720458984375
average noise variance for Z upto now: 4050.027587890625

86th run
noise dimension : 9, 9
noise type: conti
noise type: conti
result: 1.0
power_upto_now: 0.8720930218696594
noise variance for Y: 4042.049560546875
average noise variance for Y upto now: 4050.08544921875
noise variance for Z: 4048.397216796875
average noise variance for Z upto now: 4050.00830078125

87th run
noise dimension : 9, 9
noise type: conti
noise type: conti
result: 0.0
power_upto_now: 0.8620689511299133
noise variance for Y: 4053.073486328125
average noise variance for Y upto now: 4050.11962890625
noise variance for Z: 4044.729248046875
average noise variance for Z upto now: 4049.947998046875

88th run
noise dimension : 9, 9
noise type: conti
noise type: conti
result: 0.0
power_upto_now: 0.8522727489471436
noise variance for Y: 4047.8798828125
average noise variance for Y upto now: 4050.094482421875
noise variance for Z: 4052.71533203125
average noise variance for Z upto now: 4049.9794921875

89th run
noise dimension : 9, 9
noise type: conti
noise type: conti
result: 1.0
power_upto_now: 0.8539325594902039
noise variance for Y: 4051.744140625
average noise variance for Y upto now: 4050.113037109375
noise variance for Z: 4049.366455078125
average noise variance for Z upto now: 4049.971923828125

90th run
noise dimension : 9, 9
noise type: conti
noise type: conti
result: 1.0
power_upto_now: 0.855555534362793
noise variance for Y: 4044.633056640625
average noise variance for Y upto now: 4050.052001953125
noise variance for Z: 4049.9892578125
average noise variance for Z upto now: 4049.97216796875

91th run
noise dimension : 9, 9
noise type: conti
noise type: conti
result: 1.0
power_upto_now: 0.8571428656578064
noise variance for Y: 4050.832275390625
average noise variance for Y upto now: 4050.060546875
noise variance for Z: 4055.202392578125
average noise variance for Z upto now: 4050.029541015625

92th run
noise dimension : 9, 9
noise type: conti
noise type: conti
result: 1.0
power_upto_now: 0.8586956262588501
noise variance for Y: 4051.76513671875
average noise variance for Y upto now: 4050.078857421875
noise variance for Z: 4050.298095703125
average noise variance for Z upto now: 4050.03271484375

93th run
noise dimension : 9, 9
noise type: conti
noise type: conti
result: 1.0
power_upto_now: 0.8602150678634644
noise variance for Y: 4044.072509765625
average noise variance for Y upto now: 4050.01416015625
noise variance for Z: 4048.8251953125
average noise variance for Z upto now: 4050.01953125

94th run
noise dimension : 9, 9
noise type: conti
noise type: conti
result: 0.0
power_upto_now: 0.8510638475418091
noise variance for Y: 4050.506591796875
average noise variance for Y upto now: 4050.019287109375
noise variance for Z: 4046.276611328125
average noise variance for Z upto now: 4049.97998046875

95th run
noise dimension : 9, 9
noise type: conti
noise type: conti
result: 1.0
power_upto_now: 0.8526315689086914
noise variance for Y: 4053.58154296875
average noise variance for Y upto now: 4050.05712890625
noise variance for Z: 4051.3310546875
average noise variance for Z upto now: 4049.994140625

96th run
noise dimension : 9, 9
noise type: conti
noise type: conti
result: 1.0
power_upto_now: 0.8541666865348816
noise variance for Y: 4049.612548828125
average noise variance for Y upto now: 4050.052490234375
noise variance for Z: 4050.80712890625
average noise variance for Z upto now: 4050.002685546875

97th run
noise dimension : 9, 9
noise type: conti
noise type: conti
result: 1.0
power_upto_now: 0.8556700944900513
noise variance for Y: 4050.5126953125
average noise variance for Y upto now: 4050.05712890625
noise variance for Z: 4050.57470703125
average noise variance for Z upto now: 4050.00830078125

98th run
noise dimension : 9, 9
noise type: conti
noise type: conti
result: 1.0
power_upto_now: 0.8571428656578064
noise variance for Y: 4046.543212890625
average noise variance for Y upto now: 4050.021484375
noise variance for Z: 4046.56689453125
average noise variance for Z upto now: 4049.97314453125

99th run
noise dimension : 9, 9
noise type: conti
noise type: conti
result: 1.0
power_upto_now: 0.8585858345031738
noise variance for Y: 4052.692626953125
average noise variance for Y upto now: 4050.04833984375
noise variance for Z: 4048.17041015625
average noise variance for Z upto now: 4049.955078125

100th run
noise dimension : 9, 9
noise type: conti
noise type: conti
result: 1.0
power_upto_now: 0.8600000143051147
noise variance for Y: 4054.56982421875
average noise variance for Y upto now: 4050.093505859375
noise variance for Z: 4048.27880859375
average noise variance for Z upto now: 4049.938232421875

101th run
noise dimension : 9, 9
noise type: conti
noise type: conti
result: 1.0
power_upto_now: 0.8613861203193665
noise variance for Y: 4044.97900390625
average noise variance for Y upto now: 4050.04296875
noise variance for Z: 4053.941162109375
average noise variance for Z upto now: 4049.977783203125

102th run
noise dimension : 9, 9
noise type: conti
noise type: conti
result: 1.0
power_upto_now: 0.8627451062202454
noise variance for Y: 4049.86865234375
average noise variance for Y upto now: 4050.041259765625
noise variance for Z: 4049.033935546875
average noise variance for Z upto now: 4049.96875

103th run
noise dimension : 9, 9
noise type: conti
noise type: conti
result: 1.0
power_upto_now: 0.8640776872634888
noise variance for Y: 4050.65380859375
average noise variance for Y upto now: 4050.047119140625
noise variance for Z: 4048.618408203125
average noise variance for Z upto now: 4049.955810546875

104th run
noise dimension : 9, 9
noise type: conti
noise type: conti
result: 1.0
power_upto_now: 0.8653846383094788
noise variance for Y: 4051.615234375
average noise variance for Y upto now: 4050.062255859375
noise variance for Z: 4050.12109375
average noise variance for Z upto now: 4049.95703125

105th run
noise dimension : 9, 9
noise type: conti
noise type: conti
result: 1.0
power_upto_now: 0.8666666746139526
noise variance for Y: 4044.8076171875
average noise variance for Y upto now: 4050.01220703125
noise variance for Z: 4045.464599609375
average noise variance for Z upto now: 4049.914306640625

106th run
noise dimension : 9, 9
noise type: conti
noise type: conti
result: 1.0
power_upto_now: 0.8679245114326477
noise variance for Y: 4048.41748046875
average noise variance for Y upto now: 4049.9970703125
noise variance for Z: 4048.595703125
average noise variance for Z upto now: 4049.90185546875

107th run
noise dimension : 9, 9
noise type: conti
noise type: conti
result: 0.0
power_upto_now: 0.8598130941390991
noise variance for Y: 4055.328857421875
average noise variance for Y upto now: 4050.047119140625
noise variance for Z: 4046.31884765625
average noise variance for Z upto now: 4049.86865234375

108th run
noise dimension : 9, 9
noise type: conti
noise type: conti
result: 1.0
power_upto_now: 0.8611111044883728
noise variance for Y: 4044.843017578125
average noise variance for Y upto now: 4049.998779296875
noise variance for Z: 4045.0859375
average noise variance for Z upto now: 4049.823974609375

109th run
noise dimension : 9, 9
noise type: conti
noise type: conti
result: 1.0
power_upto_now: 0.8623853325843811
noise variance for Y: 4051.3037109375
average noise variance for Y upto now: 4050.010986328125
noise variance for Z: 4053.33349609375
average noise variance for Z upto now: 4049.8564453125

110th run
noise dimension : 9, 9
noise type: conti
noise type: conti
result: 1.0
power_upto_now: 0.8636363744735718
noise variance for Y: 4047.9111328125
average noise variance for Y upto now: 4049.99169921875
noise variance for Z: 4052.944580078125
average noise variance for Z upto now: 4049.88427734375

111th run
noise dimension : 9, 9
noise type: conti
noise type: conti
result: 1.0
power_upto_now: 0.8648648858070374
noise variance for Y: 4051.587646484375
average noise variance for Y upto now: 4050.005859375
noise variance for Z: 4050.10498046875
average noise variance for Z upto now: 4049.886474609375

112th run
noise dimension : 9, 9
noise type: conti
noise type: conti
result: 1.0
power_upto_now: 0.8660714030265808
noise variance for Y: 4048.908203125
average noise variance for Y upto now: 4049.996337890625
noise variance for Z: 4049.0654296875
average noise variance for Z upto now: 4049.879150390625

113th run
noise dimension : 9, 9
noise type: conti
noise type: conti
result: 1.0
power_upto_now: 0.8672566413879395
noise variance for Y: 4049.87744140625
average noise variance for Y upto now: 4049.995361328125
noise variance for Z: 4048.973388671875
average noise variance for Z upto now: 4049.87109375

114th run
noise dimension : 9, 9
noise type: conti
noise type: conti
result: 1.0
power_upto_now: 0.8684210777282715
noise variance for Y: 4049.88134765625
average noise variance for Y upto now: 4049.994140625
noise variance for Z: 4048.649169921875
average noise variance for Z upto now: 4049.8603515625

115th run
noise dimension : 9, 9
noise type: conti
noise type: conti
result: 1.0
power_upto_now: 0.8695651888847351
noise variance for Y: 4050.74853515625
average noise variance for Y upto now: 4050.000732421875
noise variance for Z: 4050.24560546875
average noise variance for Z upto now: 4049.86376953125

116th run
noise dimension : 9, 9
noise type: conti
noise type: conti
result: 1.0
power_upto_now: 0.8706896305084229
noise variance for Y: 4051.17919921875
average noise variance for Y upto now: 4050.010986328125
noise variance for Z: 4049.578369140625
average noise variance for Z upto now: 4049.861328125

117th run
noise dimension : 9, 9
noise type: conti
noise type: conti
result: 1.0
power_upto_now: 0.8717948794364929
noise variance for Y: 4047.87646484375
average noise variance for Y upto now: 4049.99267578125
noise variance for Z: 4053.364990234375
average noise variance for Z upto now: 4049.891357421875

118th run
noise dimension : 9, 9
noise type: conti
noise type: conti
result: 1.0
power_upto_now: 0.8728813529014587
noise variance for Y: 4051.512939453125
average noise variance for Y upto now: 4050.005615234375
noise variance for Z: 4045.91943359375
average noise variance for Z upto now: 4049.857666015625

119th run
noise dimension : 9, 9
noise type: conti
noise type: conti
result: 1.0
power_upto_now: 0.8739495873451233
noise variance for Y: 4057.098388671875
average noise variance for Y upto now: 4050.06494140625
noise variance for Z: 4056.3154296875
average noise variance for Z upto now: 4049.912109375

120th run
noise dimension : 9, 9
noise type: conti
noise type: conti
result: 1.0
power_upto_now: 0.875
noise variance for Y: 4050.93994140625
average noise variance for Y upto now: 4050.072021484375
noise variance for Z: 4055.580322265625
average noise variance for Z upto now: 4049.95947265625

121th run
noise dimension : 9, 9
noise type: conti
noise type: conti
result: 1.0
power_upto_now: 0.8760330677032471
noise variance for Y: 4049.519287109375
average noise variance for Y upto now: 4050.067626953125
noise variance for Z: 4047.63818359375
average noise variance for Z upto now: 4049.940185546875

122th run
noise dimension : 9, 9
noise type: conti
noise type: conti
result: 1.0
power_upto_now: 0.8770492076873779
noise variance for Y: 4051.81787109375
average noise variance for Y upto now: 4050.08203125
noise variance for Z: 4052.852294921875
average noise variance for Z upto now: 4049.964111328125

123th run
noise dimension : 9, 9
noise type: conti
noise type: conti
result: 0.0
power_upto_now: 0.869918704032898
noise variance for Y: 4051.65380859375
average noise variance for Y upto now: 4050.0947265625
noise variance for Z: 4048.33740234375
average noise variance for Z upto now: 4049.95068359375

124th run
noise dimension : 9, 9
noise type: conti
noise type: conti
result: 1.0
power_upto_now: 0.8709677457809448
noise variance for Y: 4052.03271484375
average noise variance for Y upto now: 4050.1103515625
noise variance for Z: 4044.8388671875
average noise variance for Z upto now: 4049.9091796875

125th run
noise dimension : 9, 9
noise type: conti
noise type: conti
result: 0.0
power_upto_now: 0.8640000224113464
noise variance for Y: 4051.873046875
average noise variance for Y upto now: 4050.124755859375
noise variance for Z: 4055.36669921875
average noise variance for Z upto now: 4049.952880859375

126th run
noise dimension : 9, 9
noise type: conti
noise type: conti
result: 0.0
power_upto_now: 0.8571428656578064
noise variance for Y: 4049.545166015625
average noise variance for Y upto now: 4050.1201171875
noise variance for Z: 4049.93408203125
average noise variance for Z upto now: 4049.952880859375

127th run
noise dimension : 9, 9
noise type: conti
noise type: conti
result: 1.0
power_upto_now: 0.8582677245140076
noise variance for Y: 4057.13720703125
average noise variance for Y upto now: 4050.17529296875
noise variance for Z: 4057.02734375
average noise variance for Z upto now: 4050.0087890625

128th run
noise dimension : 9, 9
noise type: conti
noise type: conti
result: 1.0
power_upto_now: 0.859375
noise variance for Y: 4048.822265625
average noise variance for Y upto now: 4050.164794921875
noise variance for Z: 4047.958251953125
average noise variance for Z upto now: 4049.992919921875

129th run
noise dimension : 9, 9
noise type: conti
noise type: conti
result: 1.0
power_upto_now: 0.8604651093482971
noise variance for Y: 4055.056640625
average noise variance for Y upto now: 4050.203125
noise variance for Z: 4049.65966796875
average noise variance for Z upto now: 4049.990234375

130th run
noise dimension : 9, 9
noise type: conti
noise type: conti
result: 0.0
power_upto_now: 0.8538461327552795
noise variance for Y: 4056.159912109375
average noise variance for Y upto now: 4050.2490234375
noise variance for Z: 4046.30029296875
average noise variance for Z upto now: 4049.9619140625

131th run
noise dimension : 9, 9
noise type: conti
noise type: conti
result: 1.0
power_upto_now: 0.8549618124961853
noise variance for Y: 4047.350341796875
average noise variance for Y upto now: 4050.2265625
noise variance for Z: 4050.21630859375
average noise variance for Z upto now: 4049.963623046875

132th run
noise dimension : 9, 9
noise type: conti
noise type: conti
result: 1.0
power_upto_now: 0.8560606241226196
noise variance for Y: 4042.302978515625
average noise variance for Y upto now: 4050.166748046875
noise variance for Z: 4051.795166015625
average noise variance for Z upto now: 4049.977783203125

133th run
noise dimension : 9, 9
noise type: conti
noise type: conti
result: 1.0
power_upto_now: 0.8571428656578064
noise variance for Y: 4049.774658203125
average noise variance for Y upto now: 4050.16357421875
noise variance for Z: 4048.8251953125
average noise variance for Z upto now: 4049.968994140625

134th run
noise dimension : 9, 9
noise type: conti
noise type: conti
result: 1.0
power_upto_now: 0.858208954334259
noise variance for Y: 4049.95458984375
average noise variance for Y upto now: 4050.162353515625
noise variance for Z: 4043.87255859375
average noise variance for Z upto now: 4049.923583984375

135th run
noise dimension : 9, 9
noise type: conti
noise type: conti
result: 1.0
power_upto_now: 0.8592592477798462
noise variance for Y: 4052.782958984375
average noise variance for Y upto now: 4050.181396484375
noise variance for Z: 4050.2099609375
average noise variance for Z upto now: 4049.925537109375

136th run
noise dimension : 9, 9
noise type: conti
noise type: conti
result: 1.0
power_upto_now: 0.8602941036224365
noise variance for Y: 4050.783935546875
average noise variance for Y upto now: 4050.185546875
noise variance for Z: 4048.572998046875
average noise variance for Z upto now: 4049.916015625

137th run
noise dimension : 9, 9
noise type: conti
noise type: conti
result: 0.0
power_upto_now: 0.8540145754814148
noise variance for Y: 4054.80322265625
average noise variance for Y upto now: 4050.219482421875
noise variance for Z: 4049.315673828125
average noise variance for Z upto now: 4049.911376953125

138th run
noise dimension : 9, 9
noise type: conti
noise type: conti
result: 1.0
power_upto_now: 0.8550724387168884
noise variance for Y: 4044.072998046875
average noise variance for Y upto now: 4050.1748046875
noise variance for Z: 4044.376953125
average noise variance for Z upto now: 4049.871337890625

139th run
noise dimension : 9, 9
noise type: conti
noise type: conti
result: 0.0
power_upto_now: 0.8489208817481995
noise variance for Y: 4047.781982421875
average noise variance for Y upto now: 4050.15771484375
noise variance for Z: 4050.5791015625
average noise variance for Z upto now: 4049.87646484375

140th run
noise dimension : 9, 9
noise type: conti
noise type: conti
result: 1.0
power_upto_now: 0.8500000238418579
noise variance for Y: 4050.92431640625
average noise variance for Y upto now: 4050.163330078125
noise variance for Z: 4051.109130859375
average noise variance for Z upto now: 4049.88525390625

141th run
noise dimension : 9, 9
noise type: conti
noise type: conti
result: 1.0
power_upto_now: 0.8510638475418091
noise variance for Y: 4047.22509765625
average noise variance for Y upto now: 4050.142333984375
noise variance for Z: 4052.299560546875
average noise variance for Z upto now: 4049.902587890625

142th run
noise dimension : 9, 9
noise type: conti
noise type: conti
result: 0.0
power_upto_now: 0.8450704216957092
noise variance for Y: 4049.5751953125
average noise variance for Y upto now: 4050.138671875
noise variance for Z: 4050.078125
average noise variance for Z upto now: 4049.903564453125

143th run
noise dimension : 9, 9
noise type: conti
noise type: conti
result: 1.0
power_upto_now: 0.8461538553237915
noise variance for Y: 4045.5830078125
average noise variance for Y upto now: 4050.106689453125
noise variance for Z: 4050.754638671875
average noise variance for Z upto now: 4049.909423828125

144th run
noise dimension : 9, 9
noise type: conti
noise type: conti
result: 1.0
power_upto_now: 0.8472222089767456
noise variance for Y: 4045.494140625
average noise variance for Y upto now: 4050.07470703125
noise variance for Z: 4050.286865234375
average noise variance for Z upto now: 4049.912353515625

145th run
noise dimension : 9, 9
noise type: conti
noise type: conti
result: 1.0
power_upto_now: 0.8482758402824402
noise variance for Y: 4053.49755859375
average noise variance for Y upto now: 4050.098388671875
noise variance for Z: 4049.57958984375
average noise variance for Z upto now: 4049.909423828125

146th run
noise dimension : 9, 9
noise type: conti
noise type: conti
result: 1.0
power_upto_now: 0.8493150472640991
noise variance for Y: 4052.157958984375
average noise variance for Y upto now: 4050.112060546875
noise variance for Z: 4047.822265625
average noise variance for Z upto now: 4049.8955078125

147th run
noise dimension : 9, 9
noise type: conti
noise type: conti
result: 1.0
power_upto_now: 0.8503401279449463
noise variance for Y: 4049.166015625
average noise variance for Y upto now: 4050.10546875
noise variance for Z: 4052.935302734375
average noise variance for Z upto now: 4049.915771484375

148th run
noise dimension : 9, 9
noise type: conti
noise type: conti
result: 1.0
power_upto_now: 0.8513513803482056
noise variance for Y: 4047.58642578125
average noise variance for Y upto now: 4050.088623046875
noise variance for Z: 4050.5283203125
average noise variance for Z upto now: 4049.919677734375

149th run
noise dimension : 9, 9
noise type: conti
noise type: conti
result: 1.0
power_upto_now: 0.8523489832878113
noise variance for Y: 4050.34130859375
average noise variance for Y upto now: 4050.090576171875
noise variance for Z: 4051.22119140625
average noise variance for Z upto now: 4049.9287109375

150th run
noise dimension : 9, 9
noise type: conti
noise type: conti
result: 1.0
power_upto_now: 0.8533333539962769
noise variance for Y: 4050.714111328125
average noise variance for Y upto now: 4050.09423828125
noise variance for Z: 4052.70947265625
average noise variance for Z upto now: 4049.947509765625

151th run
noise dimension : 9, 9
noise type: conti
noise type: conti
result: 1.0
power_upto_now: 0.8543046116828918
noise variance for Y: 4052.868408203125
average noise variance for Y upto now: 4050.112548828125
noise variance for Z: 4050.265625
average noise variance for Z upto now: 4049.949462890625

152th run
noise dimension : 9, 9
noise type: conti
noise type: conti
result: 1.0
power_upto_now: 0.8552631735801697
noise variance for Y: 4050.632080078125
average noise variance for Y upto now: 4050.11669921875
noise variance for Z: 4049.8603515625
average noise variance for Z upto now: 4049.948486328125

153th run
noise dimension : 9, 9
noise type: conti
noise type: conti
result: 1.0
power_upto_now: 0.8562091588973999
noise variance for Y: 4042.8056640625
average noise variance for Y upto now: 4050.068603515625
noise variance for Z: 4048.02734375
average noise variance for Z upto now: 4049.936279296875

154th run
noise dimension : 9, 9
noise type: conti
noise type: conti
result: 0.0
power_upto_now: 0.850649356842041
noise variance for Y: 4052.3662109375
average noise variance for Y upto now: 4050.08349609375
noise variance for Z: 4053.557373046875
average noise variance for Z upto now: 4049.959716796875

155th run
noise dimension : 9, 9
noise type: conti
noise type: conti
result: 0.0
power_upto_now: 0.8451613187789917
noise variance for Y: 4053.185791015625
average noise variance for Y upto now: 4050.103515625
noise variance for Z: 4049.043212890625
average noise variance for Z upto now: 4049.95361328125

156th run
noise dimension : 9, 9
noise type: conti
noise type: conti
result: 1.0
power_upto_now: 0.8461538553237915
noise variance for Y: 4055.359619140625
average noise variance for Y upto now: 4050.137451171875
noise variance for Z: 4051.372802734375
average noise variance for Z upto now: 4049.962646484375

157th run
noise dimension : 9, 9
noise type: conti
noise type: conti
result: 1.0
power_upto_now: 0.8471337556838989
noise variance for Y: 4048.920166015625
average noise variance for Y upto now: 4050.1298828125
noise variance for Z: 4051.971923828125
average noise variance for Z upto now: 4049.975830078125

158th run
noise dimension : 9, 9
noise type: conti
noise type: conti
result: 1.0
power_upto_now: 0.8481012582778931
noise variance for Y: 4044.8798828125
average noise variance for Y upto now: 4050.096435546875
noise variance for Z: 4049.137939453125
average noise variance for Z upto now: 4049.97021484375

159th run
noise dimension : 9, 9
noise type: conti
noise type: conti
result: 1.0
power_upto_now: 0.849056601524353
noise variance for Y: 4049.3193359375
average noise variance for Y upto now: 4050.091552734375
noise variance for Z: 4050.106689453125
average noise variance for Z upto now: 4049.97119140625

160th run
noise dimension : 9, 9
noise type: conti
noise type: conti
result: 0.0
power_upto_now: 0.84375
noise variance for Y: 4047.53564453125
average noise variance for Y upto now: 4050.075439453125
noise variance for Z: 4050.843505859375
average noise variance for Z upto now: 4049.97705078125

161th run
noise dimension : 9, 9
noise type: conti
noise type: conti
result: 1.0
power_upto_now: 0.8447204828262329
noise variance for Y: 4052.2421875
average noise variance for Y upto now: 4050.0888671875
noise variance for Z: 4046.593017578125
average noise variance for Z upto now: 4049.9560546875

162th run
noise dimension : 9, 9
noise type: conti
noise type: conti
result: 1.0
power_upto_now: 0.845678985118866
noise variance for Y: 4051.352783203125
average noise variance for Y upto now: 4050.096435546875
noise variance for Z: 4050.755859375
average noise variance for Z upto now: 4049.9609375

163th run
noise dimension : 9, 9
noise type: conti
noise type: conti
result: 0.0
power_upto_now: 0.8404908180236816
noise variance for Y: 4047.638671875
average noise variance for Y upto now: 4050.081787109375
noise variance for Z: 4051.114013671875
average noise variance for Z upto now: 4049.96826171875

164th run
noise dimension : 9, 9
noise type: conti
noise type: conti
result: 0.0
power_upto_now: 0.8353658318519592
noise variance for Y: 4047.14794921875
average noise variance for Y upto now: 4050.063720703125
noise variance for Z: 4047.978759765625
average noise variance for Z upto now: 4049.955810546875

165th run
noise dimension : 9, 9
noise type: conti
noise type: conti
result: 1.0
power_upto_now: 0.8363636136054993
noise variance for Y: 4046.557373046875
average noise variance for Y upto now: 4050.04248046875
noise variance for Z: 4046.324462890625
average noise variance for Z upto now: 4049.93359375

166th run
noise dimension : 9, 9
noise type: conti
noise type: conti
result: 1.0
power_upto_now: 0.8373494148254395
noise variance for Y: 4055.05810546875
average noise variance for Y upto now: 4050.07275390625
noise variance for Z: 4049.107421875
average noise variance for Z upto now: 4049.928955078125

167th run
noise dimension : 9, 9
noise type: conti
noise type: conti
result: 0.0
power_upto_now: 0.832335352897644
noise variance for Y: 4052.8671875
average noise variance for Y upto now: 4050.089111328125
noise variance for Z: 4049.097900390625
average noise variance for Z upto now: 4049.924072265625

168th run
noise dimension : 9, 9
noise type: conti
noise type: conti
result: 1.0
power_upto_now: 0.8333333134651184
noise variance for Y: 4048.7939453125
average noise variance for Y upto now: 4050.081787109375
noise variance for Z: 4054.010498046875
average noise variance for Z upto now: 4049.947998046875

169th run
noise dimension : 9, 9
noise type: conti
noise type: conti
result: 1.0
power_upto_now: 0.834319531917572
noise variance for Y: 4047.426025390625
average noise variance for Y upto now: 4050.066162109375
noise variance for Z: 4048.929931640625
average noise variance for Z upto now: 4049.94189453125

170th run
noise dimension : 9, 9
noise type: conti
noise type: conti
result: 0.0
power_upto_now: 0.8294117450714111
noise variance for Y: 4053.033203125
average noise variance for Y upto now: 4050.08349609375
noise variance for Z: 4044.996337890625
average noise variance for Z upto now: 4049.912841796875

171th run
noise dimension : 9, 9
noise type: conti
noise type: conti
result: 1.0
power_upto_now: 0.8304093480110168
noise variance for Y: 4052.06640625
average noise variance for Y upto now: 4050.094970703125
noise variance for Z: 4054.140869140625
average noise variance for Z upto now: 4049.9375

172th run
noise dimension : 9, 9
noise type: conti
noise type: conti
result: 1.0
power_upto_now: 0.8313953280448914
noise variance for Y: 4050.66796875
average noise variance for Y upto now: 4050.098388671875
noise variance for Z: 4050.904052734375
average noise variance for Z upto now: 4049.943359375

173th run
noise dimension : 9, 9
noise type: conti
noise type: conti
result: 1.0
power_upto_now: 0.8323699235916138
noise variance for Y: 4047.3330078125
average noise variance for Y upto now: 4050.082275390625
noise variance for Z: 4050.146484375
average noise variance for Z upto now: 4049.9443359375

174th run
noise dimension : 9, 9
noise type: conti
noise type: conti
result: 1.0
power_upto_now: 0.8333333134651184
noise variance for Y: 4047.8310546875
average noise variance for Y upto now: 4050.069580078125
noise variance for Z: 4051.86376953125
average noise variance for Z upto now: 4049.95556640625

175th run
noise dimension : 9, 9
noise type: conti
noise type: conti
result: 1.0
power_upto_now: 0.8342857360839844
noise variance for Y: 4046.777099609375
average noise variance for Y upto now: 4050.05078125
noise variance for Z: 4055.072998046875
average noise variance for Z upto now: 4049.984619140625

176th run
noise dimension : 9, 9
noise type: conti
noise type: conti
result: 1.0
power_upto_now: 0.8352272510528564
noise variance for Y: 4051.344482421875
average noise variance for Y upto now: 4050.058349609375
noise variance for Z: 4056.70263671875
average noise variance for Z upto now: 4050.0224609375

177th run
noise dimension : 9, 9
noise type: conti
noise type: conti
result: 1.0
power_upto_now: 0.8361582159996033
noise variance for Y: 4047.668701171875
average noise variance for Y upto now: 4050.04443359375
noise variance for Z: 4045.880615234375
average noise variance for Z upto now: 4049.9990234375

178th run
noise dimension : 9, 9
noise type: conti
noise type: conti
result: 1.0
power_upto_now: 0.8370786309242249
noise variance for Y: 4045.35107421875
average noise variance for Y upto now: 4050.018310546875
noise variance for Z: 4048.549560546875
average noise variance for Z upto now: 4049.9912109375

179th run
noise dimension : 9, 9
noise type: conti
noise type: conti
result: 1.0
power_upto_now: 0.8379888534545898
noise variance for Y: 4055.083984375
average noise variance for Y upto now: 4050.046142578125
noise variance for Z: 4051.365478515625
average noise variance for Z upto now: 4049.9990234375

180th run
noise dimension : 9, 9
noise type: conti
noise type: conti
result: 1.0
power_upto_now: 0.8388888835906982
noise variance for Y: 4048.209228515625
average noise variance for Y upto now: 4050.0361328125
noise variance for Z: 4054.273681640625
average noise variance for Z upto now: 4050.0224609375

181th run
noise dimension : 9, 9
noise type: conti
noise type: conti
result: 1.0
power_upto_now: 0.8397790193557739
noise variance for Y: 4047.949462890625
average noise variance for Y upto now: 4050.02490234375
noise variance for Z: 4050.028076171875
average noise variance for Z upto now: 4050.0224609375

182th run
noise dimension : 9, 9
noise type: conti
noise type: conti
result: 1.0
power_upto_now: 0.8406593203544617
noise variance for Y: 4048.1962890625
average noise variance for Y upto now: 4050.014404296875
noise variance for Z: 4044.871337890625
average noise variance for Z upto now: 4049.994140625

183th run
noise dimension : 9, 9
noise type: conti
noise type: conti
result: 0.0
power_upto_now: 0.8360655903816223
noise variance for Y: 4043.031982421875
average noise variance for Y upto now: 4049.976806640625
noise variance for Z: 4047.410888671875
average noise variance for Z upto now: 4049.979736328125

184th run
noise dimension : 9, 9
noise type: conti
noise type: conti
result: 1.0
power_upto_now: 0.8369565010070801
noise variance for Y: 4046.8525390625
average noise variance for Y upto now: 4049.959228515625
noise variance for Z: 4051.52099609375
average noise variance for Z upto now: 4049.988525390625

185th run
noise dimension : 9, 9
noise type: conti
noise type: conti
result: 1.0
power_upto_now: 0.837837815284729
noise variance for Y: 4047.89794921875
average noise variance for Y upto now: 4049.947998046875
noise variance for Z: 4054.180908203125
average noise variance for Z upto now: 4050.011474609375

186th run
noise dimension : 9, 9
noise type: conti
noise type: conti
result: 0.0
power_upto_now: 0.8333333134651184
noise variance for Y: 4045.073486328125
average noise variance for Y upto now: 4049.922119140625
noise variance for Z: 4049.327392578125
average noise variance for Z upto now: 4050.00732421875

187th run
noise dimension : 9, 9
noise type: conti
noise type: conti
result: 1.0
power_upto_now: 0.8342245817184448
noise variance for Y: 4051.563232421875
average noise variance for Y upto now: 4049.93115234375
noise variance for Z: 4052.627685546875
average noise variance for Z upto now: 4050.021484375

188th run
noise dimension : 9, 9
noise type: conti
noise type: conti
result: 1.0
power_upto_now: 0.835106372833252
noise variance for Y: 4053.847900390625
average noise variance for Y upto now: 4049.951416015625
noise variance for Z: 4054.836181640625
average noise variance for Z upto now: 4050.047119140625

189th run
noise dimension : 9, 9
noise type: conti
noise type: conti
result: 1.0
power_upto_now: 0.8359788656234741
noise variance for Y: 4052.164306640625
average noise variance for Y upto now: 4049.963623046875
noise variance for Z: 4052.246337890625
average noise variance for Z upto now: 4050.058837890625

190th run
noise dimension : 9, 9
noise type: conti
noise type: conti
result: 1.0
power_upto_now: 0.8368421196937561
noise variance for Y: 4046.297607421875
average noise variance for Y upto now: 4049.944091796875
noise variance for Z: 4049.349609375
average noise variance for Z upto now: 4050.05517578125

191th run
noise dimension : 9, 9
noise type: conti
noise type: conti
result: 1.0
power_upto_now: 0.8376963138580322
noise variance for Y: 4054.885009765625
average noise variance for Y upto now: 4049.969970703125
noise variance for Z: 4048.98583984375
average noise variance for Z upto now: 4050.0498046875

192th run
noise dimension : 9, 9
noise type: conti
noise type: conti
result: 1.0
power_upto_now: 0.8385416865348816
noise variance for Y: 4049.71533203125
average noise variance for Y upto now: 4049.96875
noise variance for Z: 4048.52783203125
average noise variance for Z upto now: 4050.0419921875

193th run
noise dimension : 9, 9
noise type: conti
noise type: conti
slurmstepd-gpu-compute: error: *** JOB 1587 ON gpu-compute CANCELLED AT 2022-08-24T02:53:02 ***
