job started
cuda available: True
code run on device:: cuda:0

n1 = 20000, n2 = 20000,

kappa = 2, alpha = 0.8,

gamma = 0.05, nTests = 500,

B = 300

1th run
noise dimension : 8
noise variance: 99.80977630615234
original u-statistic:0.022695541381835938
p value proxy: 0.2857142686843872
result: False
power_upto_now: 0.0
2th run
noise dimension : 8
noise variance: 100.15335083007812
original u-statistic:0.038841962814331055
p value proxy: 0.1428571343421936
result: False
power_upto_now: 0.0
3th run
noise dimension : 8
noise variance: 100.05329132080078
original u-statistic:-0.054651737213134766
p value proxy: 0.9634551405906677
result: False
power_upto_now: 0.0
4th run
noise dimension : 8
noise variance: 99.71382141113281
original u-statistic:-0.014132022857666016
p value proxy: 0.5747508406639099
result: False
power_upto_now: 0.0
5th run
noise dimension : 8
noise variance: 99.45417022705078
original u-statistic:0.03729581832885742
p value proxy: 0.15282391011714935
result: False
power_upto_now: 0.0
6th run
noise dimension : 8
noise variance: 99.84658813476562
original u-statistic:-0.029728412628173828
p value proxy: 0.7607973217964172
result: False
power_upto_now: 0.0
7th run
noise dimension : 8
noise variance: 100.39400482177734
original u-statistic:0.01110076904296875
p value proxy: 0.37541526556015015
result: False
power_upto_now: 0.0
8th run
noise dimension : 8
noise variance: 99.75418090820312
original u-statistic:-0.06157040596008301
p value proxy: 0.9767441749572754
result: False
power_upto_now: 0.0
9th run
noise dimension : 8
noise variance: 100.32783508300781
original u-statistic:-0.011376619338989258
p value proxy: 0.5348837375640869
result: False
power_upto_now: 0.0
10th run
noise dimension : 8
noise variance: 99.63504791259766
original u-statistic:0.11866998672485352
p value proxy: 0.006644518114626408
result: True
power_upto_now: 0.10000000149011612
11th run
noise dimension : 8
noise variance: 99.81769561767578
original u-statistic:0.013183832168579102
p value proxy: 0.2890365421772003
result: False
power_upto_now: 0.09090909361839294
12th run
noise dimension : 8
noise variance: 99.46018981933594
original u-statistic:0.0010156631469726562
p value proxy: 0.44186046719551086
result: False
power_upto_now: 0.0833333358168602
13th run
noise dimension : 8
noise variance: 100.04676055908203
original u-statistic:-0.019001245498657227
p value proxy: 0.6312292218208313
result: False
power_upto_now: 0.07692307978868484
14th run
noise dimension : 8
noise variance: 99.47260284423828
original u-statistic:0.035797834396362305
p value proxy: 0.17275747656822205
result: False
power_upto_now: 0.0714285746216774
15th run
noise dimension : 8
noise variance: 100.30156707763672
original u-statistic:-0.03699755668640137
p value proxy: 0.8504983186721802
result: False
power_upto_now: 0.06666667014360428
16th run
noise dimension : 8
noise variance: 99.3836441040039
original u-statistic:-0.025492429733276367
p value proxy: 0.6910299062728882
result: False
power_upto_now: 0.0625
17th run
noise dimension : 8
noise variance: 99.70259857177734
original u-statistic:-0.028352737426757812
p value proxy: 0.7541528344154358
result: False
power_upto_now: 0.05882352963089943
18th run
noise dimension : 8
noise variance: 100.22032928466797
original u-statistic:-0.04260134696960449
p value proxy: 0.8970099687576294
result: False
power_upto_now: 0.0555555559694767
19th run
noise dimension : 8
noise variance: 100.8801498413086
original u-statistic:-0.048258304595947266
p value proxy: 0.9335547685623169
result: False
power_upto_now: 0.05263157933950424
20th run
noise dimension : 8
noise variance: 99.5709457397461
original u-statistic:0.0012426376342773438
p value proxy: 0.4451827108860016
result: False
power_upto_now: 0.05000000074505806
21th run
noise dimension : 8
noise variance: 99.93609619140625
original u-statistic:0.006537675857543945
p value proxy: 0.382059782743454
result: False
power_upto_now: 0.0476190485060215
22th run
noise dimension : 8
noise variance: 100.2784423828125
original u-statistic:-0.011157035827636719
p value proxy: 0.5813953280448914
result: False
power_upto_now: 0.04545454680919647
23th run
noise dimension : 8
noise variance: 100.048583984375
original u-statistic:0.02110743522644043
p value proxy: 0.23920264840126038
result: False
power_upto_now: 0.043478261679410934
24th run
noise dimension : 8
noise variance: 99.88378143310547
original u-statistic:0.01711869239807129
p value proxy: 0.22923587262630463
result: False
power_upto_now: 0.0416666679084301
25th run
noise dimension : 8
noise variance: 99.8664779663086
original u-statistic:-0.06016230583190918
p value proxy: 0.9833886623382568
result: False
power_upto_now: 0.03999999910593033
26th run
noise dimension : 8
noise variance: 99.33811950683594
original u-statistic:0.026395082473754883
p value proxy: 0.2591361999511719
result: False
power_upto_now: 0.03846153989434242
27th run
noise dimension : 8
noise variance: 99.83407592773438
original u-statistic:-0.013676643371582031
p value proxy: 0.5481727719306946
result: False
power_upto_now: 0.03703703731298447
28th run
noise dimension : 8
noise variance: 100.0138931274414
original u-statistic:0.026100635528564453
p value proxy: 0.19933554530143738
result: False
power_upto_now: 0.0357142873108387
29th run
noise dimension : 8
noise variance: 99.81044006347656
original u-statistic:0.056288719177246094
p value proxy: 0.09634551405906677
result: False
power_upto_now: 0.03448275849223137
30th run
noise dimension : 8
noise variance: 99.64559936523438
original u-statistic:0.056128740310668945
p value proxy: 0.11960132420063019
result: False
power_upto_now: 0.03333333507180214
31th run
noise dimension : 8
noise variance: 100.0954360961914
original u-statistic:0.005285024642944336
p value proxy: 0.4053156077861786
result: False
power_upto_now: 0.032258063554763794
32th run
noise dimension : 8
noise variance: 99.6511459350586
original u-statistic:-0.0130767822265625
p value proxy: 0.6013289093971252
result: False
power_upto_now: 0.03125
33th run
noise dimension : 8
noise variance: 99.43037414550781
original u-statistic:0.009790182113647461
p value proxy: 0.37541526556015015
result: False
power_upto_now: 0.03030303120613098
34th run
noise dimension : 8
noise variance: 100.14002990722656
original u-statistic:-0.0029172897338867188
p value proxy: 0.4717607796192169
result: False
power_upto_now: 0.029411764815449715
35th run
noise dimension : 8
noise variance: 99.96712493896484
original u-statistic:-0.05005192756652832
p value proxy: 0.9269102811813354
result: False
power_upto_now: 0.02857142873108387
36th run
noise dimension : 8
noise variance: 99.29132843017578
original u-statistic:0.028586149215698242
p value proxy: 0.1860465109348297
result: False
power_upto_now: 0.02777777798473835
37th run
noise dimension : 8
noise variance: 99.65067291259766
original u-statistic:-0.0025670528411865234
p value proxy: 0.4883720874786377
result: False
power_upto_now: 0.027027027681469917
38th run
noise dimension : 8
noise variance: 100.17729949951172
original u-statistic:0.019744157791137695
p value proxy: 0.2026578038930893
result: False
power_upto_now: 0.02631578966975212
39th run
noise dimension : 8
noise variance: 99.68455505371094
original u-statistic:0.0156252384185791
p value proxy: 0.31561461091041565
result: False
power_upto_now: 0.025641025975346565
40th run
noise dimension : 8
noise variance: 100.27528381347656
original u-statistic:-0.025786399841308594
p value proxy: 0.7176079750061035
result: False
power_upto_now: 0.02500000037252903
41th run
noise dimension : 8
noise variance: 99.27226257324219
original u-statistic:0.07717537879943848
p value proxy: 0.049833886325359344
result: True
power_upto_now: 0.04878048598766327
42th run
noise dimension : 8
noise variance: 100.49247741699219
original u-statistic:0.0903470516204834
p value proxy: 0.049833886325359344
result: True
power_upto_now: 0.0714285746216774
43th run
noise dimension : 8
noise variance: 100.61466979980469
original u-statistic:0.08630108833312988
p value proxy: 0.039867110550403595
result: True
power_upto_now: 0.09302325546741486
44th run
noise dimension : 8
noise variance: 100.72569274902344
original u-statistic:-0.0457758903503418
p value proxy: 0.8970099687576294
result: False
power_upto_now: 0.09090909361839294
45th run
noise dimension : 8
noise variance: 99.39160919189453
original u-statistic:-0.04812908172607422
p value proxy: 0.9468438029289246
result: False
power_upto_now: 0.08888889104127884
46th run
noise dimension : 8
noise variance: 99.95556640625
original u-statistic:-0.04404401779174805
p value proxy: 0.8770763874053955
result: False
power_upto_now: 0.08695652335882187
47th run
noise dimension : 8
noise variance: 99.9805908203125
original u-statistic:-0.025254011154174805
p value proxy: 0.6910299062728882
result: False
power_upto_now: 0.08510638028383255
48th run
noise dimension : 8
noise variance: 100.55088806152344
original u-statistic:0.015031814575195312
p value proxy: 0.2458471655845642
result: False
power_upto_now: 0.0833333358168602
49th run
noise dimension : 8
noise variance: 100.2647705078125
original u-statistic:0.07208585739135742
p value proxy: 0.05315614491701126
result: False
power_upto_now: 0.08163265138864517
50th run
noise dimension : 8
noise variance: 99.99830627441406
original u-statistic:0.011498689651489258
p value proxy: 0.35548171401023865
result: False
power_upto_now: 0.07999999821186066
51th run
noise dimension : 8
noise variance: 100.2663803100586
original u-statistic:0.05365347862243652
p value proxy: 0.11960132420063019
result: False
power_upto_now: 0.0784313753247261
52th run
noise dimension : 8
noise variance: 99.93427276611328
original u-statistic:-0.02247333526611328
p value proxy: 0.6976743936538696
result: False
power_upto_now: 0.07692307978868484
53th run
noise dimension : 8
noise variance: 99.43016815185547
original u-statistic:0.0009474754333496094
p value proxy: 0.4285714328289032
result: False
power_upto_now: 0.07547169923782349
54th run
noise dimension : 8
noise variance: 99.31192779541016
original u-statistic:0.010676145553588867
p value proxy: 0.31229233741760254
result: False
power_upto_now: 0.07407407462596893
55th run
noise dimension : 8
noise variance: 100.42378997802734
original u-statistic:0.03307652473449707
p value proxy: 0.1627907007932663
result: False
power_upto_now: 0.072727270424366
56th run
noise dimension : 8
noise variance: 100.55309295654297
original u-statistic:-0.022823572158813477
p value proxy: 0.6544850468635559
result: False
power_upto_now: 0.0714285746216774
57th run
noise dimension : 8
noise variance: 100.21794128417969
original u-statistic:-0.047200918197631836
p value proxy: 0.9036544561386108
result: False
power_upto_now: 0.07017543911933899
58th run
noise dimension : 8
noise variance: 100.2688980102539
original u-statistic:-0.05120038986206055
p value proxy: 0.960132896900177
result: False
power_upto_now: 0.06896551698446274
59th run
noise dimension : 8
noise variance: 100.16477966308594
original u-statistic:-0.015794992446899414
p value proxy: 0.6013289093971252
result: False
power_upto_now: 0.06779661029577255
60th run
noise dimension : 8
noise variance: 100.09432220458984
original u-statistic:-0.0004029273986816406
p value proxy: 0.41860464215278625
result: False
power_upto_now: 0.06666667014360428
61th run
noise dimension : 8
noise variance: 100.05467224121094
original u-statistic:0.058649539947509766
p value proxy: 0.08970099687576294
result: False
power_upto_now: 0.06557376682758331
62th run
noise dimension : 8
noise variance: 99.5087890625
original u-statistic:0.10393214225769043
p value proxy: 0.013289036229252815
result: True
power_upto_now: 0.08064515888690948
63th run
noise dimension : 8
noise variance: 100.17427825927734
original u-statistic:-0.009633064270019531
p value proxy: 0.4717607796192169
result: False
power_upto_now: 0.0793650820851326
64th run
noise dimension : 8
noise variance: 100.68634033203125
original u-statistic:-0.027272701263427734
p value proxy: 0.7375414967536926
result: False
power_upto_now: 0.078125
65th run
noise dimension : 8
noise variance: 100.22322082519531
original u-statistic:0.05119585990905762
p value proxy: 0.07308969646692276
result: False
power_upto_now: 0.07692307978868484
66th run
noise dimension : 8
noise variance: 100.39340209960938
original u-statistic:0.0210113525390625
p value proxy: 0.2790697515010834
result: False
power_upto_now: 0.07575757801532745
67th run
noise dimension : 8
noise variance: 99.88013458251953
original u-statistic:-0.07184219360351562
p value proxy: 1.0
result: False
power_upto_now: 0.0746268630027771
68th run
noise dimension : 8
noise variance: 99.65320587158203
original u-statistic:-0.03482246398925781
p value proxy: 0.8139534592628479
result: False
power_upto_now: 0.07352941483259201
69th run
noise dimension : 8
noise variance: 99.7209243774414
original u-statistic:0.013128280639648438
p value proxy: 0.2857142686843872
result: False
power_upto_now: 0.07246376574039459
70th run
noise dimension : 8
noise variance: 99.5156478881836
original u-statistic:0.0043566226959228516
p value proxy: 0.4285714328289032
result: False
power_upto_now: 0.0714285746216774
71th run
noise dimension : 8
noise variance: 99.75098419189453
original u-statistic:3.9577484130859375e-05
p value proxy: 0.4019933342933655
result: False
power_upto_now: 0.07042253762483597
72th run
noise dimension : 8
noise variance: 99.92532348632812
original u-statistic:0.023337125778198242
p value proxy: 0.2026578038930893
result: False
power_upto_now: 0.0694444477558136
73th run
noise dimension : 8
noise variance: 100.72607421875
original u-statistic:-0.011399984359741211
p value proxy: 0.6013289093971252
result: False
power_upto_now: 0.06849315017461777
74th run
noise dimension : 8
noise variance: 99.90123748779297
original u-statistic:0.06361269950866699
p value proxy: 0.05315614491701126
result: False
power_upto_now: 0.06756756454706192
75th run
noise dimension : 8
noise variance: 99.24358367919922
original u-statistic:-0.04186892509460449
p value proxy: 0.8870431780815125
result: False
power_upto_now: 0.06666667014360428
76th run
noise dimension : 8
noise variance: 100.7404556274414
original u-statistic:0.06996631622314453
p value proxy: 0.05315614491701126
result: False
power_upto_now: 0.06578947603702545
77th run
noise dimension : 8
noise variance: 99.5560302734375
original u-statistic:-0.010577917098999023
p value proxy: 0.5681062936782837
result: False
power_upto_now: 0.06493506580591202
78th run
noise dimension : 8
noise variance: 99.6270751953125
original u-statistic:-0.048589468002319336
p value proxy: 0.9169434905052185
result: False
power_upto_now: 0.06410256773233414
79th run
noise dimension : 8
noise variance: 100.25720977783203
original u-statistic:-0.02666163444519043
p value proxy: 0.7076411843299866
result: False
power_upto_now: 0.06329113990068436
80th run
noise dimension : 8
noise variance: 99.7126235961914
original u-statistic:0.0805673599243164
p value proxy: 0.05647840350866318
result: False
power_upto_now: 0.0625
81th run
noise dimension : 8
noise variance: 99.68896484375
original u-statistic:-0.054947614669799805
p value proxy: 0.9667773842811584
result: False
power_upto_now: 0.06172839552164078
82th run
noise dimension : 8
noise variance: 100.16197967529297
original u-statistic:-0.008304834365844727
p value proxy: 0.5116279125213623
result: False
power_upto_now: 0.060975611209869385
83th run
noise dimension : 8
noise variance: 99.65283203125
original u-statistic:0.08129024505615234
p value proxy: 0.029900331050157547
result: True
power_upto_now: 0.07228915393352509
84th run
noise dimension : 8
noise variance: 99.07012176513672
original u-statistic:-0.04080486297607422
p value proxy: 0.9003322124481201
result: False
power_upto_now: 0.0714285746216774
85th run
noise dimension : 8
noise variance: 100.08125305175781
original u-statistic:-0.0597536563873291
p value proxy: 0.9767441749572754
result: False
power_upto_now: 0.07058823853731155
86th run
noise dimension : 8
noise variance: 99.74935150146484
original u-statistic:-0.022653818130493164
p value proxy: 0.6611295342445374
result: False
power_upto_now: 0.06976744532585144
87th run
noise dimension : 8
noise variance: 99.54716491699219
original u-statistic:-0.06716370582580566
p value proxy: 0.9966776967048645
result: False
power_upto_now: 0.06896551698446274
88th run
noise dimension : 8
noise variance: 99.29244232177734
original u-statistic:-0.056732177734375
p value proxy: 0.9501661062240601
result: False
power_upto_now: 0.06818182021379471
89th run
noise dimension : 8
noise variance: 100.18730163574219
original u-statistic:-0.01587653160095215
p value proxy: 0.634551465511322
result: False
power_upto_now: 0.06741572916507721
90th run
noise dimension : 8
noise variance: 99.6521224975586
original u-statistic:-0.0030031204223632812
p value proxy: 0.44186046719551086
result: False
power_upto_now: 0.06666667014360428
91th run
noise dimension : 8
noise variance: 100.05329895019531
original u-statistic:0.05153989791870117
p value proxy: 0.11960132420063019
result: False
power_upto_now: 0.06593406945466995
92th run
noise dimension : 8
noise variance: 100.2954330444336
original u-statistic:-0.04488992691040039
p value proxy: 0.8936876654624939
result: False
power_upto_now: 0.06521739065647125
93th run
noise dimension : 8
noise variance: 99.93516540527344
original u-statistic:-0.018107891082763672
p value proxy: 0.6611295342445374
result: False
power_upto_now: 0.06451612710952759
94th run
noise dimension : 8
noise variance: 99.98905944824219
original u-statistic:0.026029109954833984
p value proxy: 0.21594683825969696
result: False
power_upto_now: 0.06382978707551956
95th run
noise dimension : 8
noise variance: 100.48175811767578
original u-statistic:0.0024662017822265625
p value proxy: 0.37541526556015015
result: False
power_upto_now: 0.06315789371728897
96th run
noise dimension : 8
noise variance: 100.12460327148438
original u-statistic:0.013321161270141602
p value proxy: 0.31561461091041565
result: False
power_upto_now: 0.0625
97th run
noise dimension : 8
noise variance: 100.2971420288086
original u-statistic:-0.04325222969055176
p value proxy: 0.8970099687576294
result: False
power_upto_now: 0.06185567006468773
98th run
noise dimension : 8
noise variance: 99.43651580810547
original u-statistic:0.02649378776550293
p value proxy: 0.23255813121795654
result: False
power_upto_now: 0.06122449040412903
99th run
noise dimension : 8
noise variance: 99.425537109375
original u-statistic:-0.01788163185119629
p value proxy: 0.6677740812301636
result: False
power_upto_now: 0.06060606241226196
100th run
noise dimension : 8
noise variance: 99.99176788330078
original u-statistic:-0.012913703918457031
p value proxy: 0.5382059812545776
result: False
power_upto_now: 0.05999999865889549
101th run
noise dimension : 8
noise variance: 100.13957977294922
original u-statistic:0.0644991397857666
p value proxy: 0.05315614491701126
result: False
power_upto_now: 0.059405941516160965
102th run
noise dimension : 8
noise variance: 100.384521484375
original u-statistic:0.10706782341003418
p value proxy: 0.019933555275201797
result: True
power_upto_now: 0.06862745434045792
103th run
noise dimension : 8
noise variance: 100.9281997680664
original u-statistic:0.013183355331420898
p value proxy: 0.2790697515010834
result: False
power_upto_now: 0.06796116381883621
104th run
noise dimension : 8
noise variance: 99.92295837402344
original u-statistic:-0.01696038246154785
p value proxy: 0.634551465511322
result: False
power_upto_now: 0.06730769574642181
105th run
noise dimension : 8
noise variance: 99.96050262451172
original u-statistic:-0.015174627304077148
p value proxy: 0.6212624311447144
result: False
power_upto_now: 0.06666667014360428
106th run
noise dimension : 8
noise variance: 99.36070251464844
original u-statistic:-0.03483152389526367
p value proxy: 0.8272424936294556
result: False
power_upto_now: 0.06603773683309555
107th run
noise dimension : 8
noise variance: 100.59595489501953
original u-statistic:-0.025681734085083008
p value proxy: 0.7308970093727112
result: False
power_upto_now: 0.06542056053876877
108th run
noise dimension : 8
noise variance: 99.68161010742188
original u-statistic:-0.038216590881347656
p value proxy: 0.8571428656578064
result: False
power_upto_now: 0.06481481343507767
109th run
noise dimension : 8
noise variance: 99.48543548583984
original u-statistic:-0.03041243553161621
p value proxy: 0.7508305311203003
result: False
power_upto_now: 0.06422018259763718
110th run
noise dimension : 8
noise variance: 99.981201171875
original u-statistic:-0.006918907165527344
p value proxy: 0.4684385359287262
result: False
power_upto_now: 0.06363636255264282
111th run
noise dimension : 8
noise variance: 99.90837860107422
original u-statistic:-0.02707052230834961
p value proxy: 0.7308970093727112
result: False
power_upto_now: 0.06306306272745132
112th run
noise dimension : 8
noise variance: 99.86433410644531
original u-statistic:0.017415285110473633
p value proxy: 0.262458473443985
result: False
power_upto_now: 0.0625
113th run
noise dimension : 8
noise variance: 99.88126373291016
original u-statistic:0.07199907302856445
p value proxy: 0.05315614491701126
result: False
power_upto_now: 0.06194690242409706
114th run
noise dimension : 8
noise variance: 100.18954467773438
original u-statistic:0.006706953048706055
p value proxy: 0.3056478202342987
result: False
power_upto_now: 0.061403509229421616
115th run
noise dimension : 8
noise variance: 100.41026306152344
original u-statistic:-0.025890111923217773
p value proxy: 0.724252462387085
result: False
power_upto_now: 0.06086956337094307
116th run
noise dimension : 8
noise variance: 100.13862609863281
original u-statistic:0.0413968563079834
p value proxy: 0.13621261715888977
result: False
power_upto_now: 0.06034482643008232
117th run
noise dimension : 8
noise variance: 100.81413269042969
original u-statistic:0.051241397857666016
p value proxy: 0.11295680701732635
result: False
power_upto_now: 0.05982905998826027
118th run
noise dimension : 8
noise variance: 99.71818542480469
original u-statistic:0.046858787536621094
p value proxy: 0.12624584138393402
result: False
power_upto_now: 0.05932203307747841
119th run
noise dimension : 8
noise variance: 100.04046630859375
original u-statistic:0.07701873779296875
p value proxy: 0.05315614491701126
result: False
power_upto_now: 0.05882352963089943
120th run
noise dimension : 8
noise variance: 100.0839614868164
original u-statistic:-0.03164482116699219
p value proxy: 0.764119565486908
result: False
power_upto_now: 0.05833333358168602
121th run
noise dimension : 8
noise variance: 99.65802001953125
original u-statistic:0.032990455627441406
p value proxy: 0.16943521797657013
result: False
power_upto_now: 0.057851240038871765
122th run
noise dimension : 8
noise variance: 100.92642211914062
original u-statistic:-0.024906158447265625
p value proxy: 0.7009966373443604
result: False
power_upto_now: 0.05737704783678055
123th run
noise dimension : 8
noise variance: 99.46564483642578
original u-statistic:-0.02248096466064453
p value proxy: 0.6810631155967712
result: False
power_upto_now: 0.056910570710897446
124th run
noise dimension : 8
noise variance: 100.45899200439453
original u-statistic:-0.06665468215942383
p value proxy: 1.0
result: False
power_upto_now: 0.05645161122083664
125th run
noise dimension : 8
noise variance: 100.2782974243164
original u-statistic:-0.03455471992492676
p value proxy: 0.8106312155723572
result: False
power_upto_now: 0.0560000017285347
126th run
noise dimension : 8
noise variance: 99.87690734863281
original u-statistic:-0.026221275329589844
p value proxy: 0.7308970093727112
result: False
power_upto_now: 0.0555555559694767
127th run
noise dimension : 8
noise variance: 99.515869140625
original u-statistic:-0.004294872283935547
p value proxy: 0.47508305311203003
result: False
power_upto_now: 0.05511811003088951
128th run
noise dimension : 8
noise variance: 100.77730560302734
original u-statistic:-0.05841183662414551
p value proxy: 0.9833886623382568
result: False
power_upto_now: 0.0546875
129th run
noise dimension : 8
noise variance: 99.56173706054688
original u-statistic:0.011876344680786133
p value proxy: 0.31229233741760254
result: False
power_upto_now: 0.05426356568932533
130th run
noise dimension : 8
noise variance: 100.11599731445312
original u-statistic:0.09404778480529785
p value proxy: 0.03654484823346138
result: True
power_upto_now: 0.0615384615957737
131th run
noise dimension : 8
noise variance: 99.27723693847656
original u-statistic:0.06596994400024414
p value proxy: 0.049833886325359344
result: True
power_upto_now: 0.06870228797197342
132th run
noise dimension : 8
noise variance: 99.83358764648438
original u-statistic:-0.009523868560791016
p value proxy: 0.5415282249450684
result: False
power_upto_now: 0.06818182021379471
133th run
noise dimension : 8
noise variance: 100.6448745727539
original u-statistic:-0.009304523468017578
p value proxy: 0.49501660466194153
result: False
power_upto_now: 0.06766917556524277
134th run
noise dimension : 8
noise variance: 99.99427032470703
original u-statistic:-0.012740612030029297
p value proxy: 0.5780730843544006
result: False
power_upto_now: 0.06716418266296387
135th run
noise dimension : 8
noise variance: 99.57808685302734
original u-statistic:0.029855728149414062
p value proxy: 0.19601328670978546
result: False
power_upto_now: 0.06666667014360428
136th run
noise dimension : 8
noise variance: 100.2367172241211
original u-statistic:-0.044909000396728516
p value proxy: 0.9003322124481201
result: False
power_upto_now: 0.06617647409439087
137th run
noise dimension : 8
noise variance: 100.58232879638672
original u-statistic:0.0904083251953125
p value proxy: 0.05315614491701126
result: False
power_upto_now: 0.0656934306025505
138th run
noise dimension : 8
noise variance: 100.48798370361328
original u-statistic:0.12885046005249023
p value proxy: 0.016611294820904732
result: True
power_upto_now: 0.07246376574039459
139th run
noise dimension : 8
noise variance: 100.67839050292969
original u-statistic:0.10735821723937988
p value proxy: 0.013289036229252815
result: True
power_upto_now: 0.0791366919875145
140th run
noise dimension : 8
noise variance: 100.24691009521484
original u-statistic:0.05535125732421875
p value proxy: 0.12624584138393402
result: False
power_upto_now: 0.07857143133878708
141th run
noise dimension : 8
noise variance: 99.56558990478516
original u-statistic:0.021126747131347656
p value proxy: 0.27242523431777954
result: False
power_upto_now: 0.07801418751478195
142th run
noise dimension : 8
noise variance: 99.11598205566406
original u-statistic:0.05117392539978027
p value proxy: 0.10963454842567444
result: False
power_upto_now: 0.07746478915214539
143th run
noise dimension : 8
noise variance: 100.12989044189453
original u-statistic:-0.015112161636352539
p value proxy: 0.6212624311447144
result: False
power_upto_now: 0.07692307978868484
144th run
noise dimension : 8
noise variance: 100.49380493164062
original u-statistic:-0.008249282836914062
p value proxy: 0.5415282249450684
result: False
power_upto_now: 0.0763888880610466
145th run
noise dimension : 8
noise variance: 100.46639251708984
original u-statistic:-0.03847932815551758
p value proxy: 0.8803986310958862
result: False
power_upto_now: 0.07586207240819931
146th run
noise dimension : 8
noise variance: 100.11658477783203
original u-statistic:-0.06156301498413086
p value proxy: 0.9867109656333923
result: False
power_upto_now: 0.07534246891736984
147th run
noise dimension : 8
noise variance: 100.04619598388672
original u-statistic:-0.0011909008026123047
p value proxy: 0.4451827108860016
result: False
power_upto_now: 0.07482992857694626
148th run
noise dimension : 8
noise variance: 99.53291320800781
original u-statistic:0.07419157028198242
p value proxy: 0.04318936914205551
result: True
power_upto_now: 0.0810810774564743
149th run
noise dimension : 8
noise variance: 99.83382415771484
original u-statistic:-0.0013966560363769531
p value proxy: 0.4684385359287262
result: False
power_upto_now: 0.08053690940141678
150th run
noise dimension : 8
noise variance: 100.24678802490234
original u-statistic:0.030670166015625
p value proxy: 0.2458471655845642
result: False
power_upto_now: 0.07999999821186066
151th run
noise dimension : 8
noise variance: 99.9974594116211
original u-statistic:-0.03533053398132324
p value proxy: 0.803986668586731
result: False
power_upto_now: 0.0794702023267746
152th run
noise dimension : 8
noise variance: 99.84571075439453
original u-statistic:-0.03653717041015625
p value proxy: 0.8405315279960632
result: False
power_upto_now: 0.07894736528396606
153th run
noise dimension : 8
noise variance: 99.10826110839844
original u-statistic:-0.03583931922912598
p value proxy: 0.7774085998535156
result: False
power_upto_now: 0.0784313753247261
154th run
noise dimension : 8
noise variance: 99.09931945800781
original u-statistic:-0.00096893310546875
p value proxy: 0.4684385359287262
result: False
power_upto_now: 0.07792207598686218
155th run
noise dimension : 8
noise variance: 99.57526397705078
original u-statistic:-0.012972354888916016
p value proxy: 0.5747508406639099
result: False
power_upto_now: 0.07741935551166534
156th run
noise dimension : 8
noise variance: 100.43629455566406
original u-statistic:0.02317333221435547
p value proxy: 0.24916942417621613
result: False
power_upto_now: 0.07692307978868484
157th run
noise dimension : 8
noise variance: 100.237060546875
original u-statistic:-0.006554841995239258
p value proxy: 0.5315614342689514
result: False
power_upto_now: 0.07643312215805054
158th run
noise dimension : 8
noise variance: 100.09776306152344
original u-statistic:-0.012883186340332031
p value proxy: 0.5880398750305176
result: False
power_upto_now: 0.07594936341047287
159th run
noise dimension : 8
noise variance: 100.4983139038086
original u-statistic:-0.05498313903808594
p value proxy: 0.9534883499145508
result: False
power_upto_now: 0.07547169923782349
160th run
noise dimension : 8
noise variance: 99.94802856445312
original u-statistic:0.0047817230224609375
p value proxy: 0.4119601249694824
result: False
power_upto_now: 0.07500000298023224
161th run
noise dimension : 8
noise variance: 100.32861328125
original u-statistic:0.09746313095092773
p value proxy: 0.016611294820904732
result: True
power_upto_now: 0.08074533939361572
162th run
noise dimension : 8
noise variance: 99.56420135498047
original u-statistic:-0.010180473327636719
p value proxy: 0.514950156211853
result: False
power_upto_now: 0.08024691045284271
163th run
noise dimension : 8
noise variance: 100.33084869384766
original u-statistic:0.0656278133392334
p value proxy: 0.08637873828411102
result: False
power_upto_now: 0.07975459843873978
164th run
noise dimension : 8
noise variance: 99.59082794189453
original u-statistic:-0.04325222969055176
p value proxy: 0.8671095967292786
result: False
power_upto_now: 0.07926829159259796
165th run
noise dimension : 8
noise variance: 99.96559143066406
original u-statistic:0.08815121650695801
p value proxy: 0.039867110550403595
result: True
power_upto_now: 0.08484848588705063
166th run
noise dimension : 8
noise variance: 99.9585952758789
original u-statistic:0.13903093338012695
p value proxy: 0.013289036229252815
result: True
power_upto_now: 0.09036144614219666
167th run
noise dimension : 8
noise variance: 99.666259765625
original u-statistic:0.00916743278503418
p value proxy: 0.2790697515010834
result: False
power_upto_now: 0.08982036262750626
168th run
noise dimension : 8
noise variance: 99.77786254882812
original u-statistic:-0.0004553794860839844
p value proxy: 0.4285714328289032
result: False
power_upto_now: 0.0892857164144516
169th run
noise dimension : 8
noise variance: 100.46455383300781
original u-statistic:-0.01949763298034668
p value proxy: 0.6810631155967712
result: False
power_upto_now: 0.08875739574432373
170th run
noise dimension : 8
noise variance: 100.29513549804688
original u-statistic:-0.05364394187927246
p value proxy: 0.9468438029289246
result: False
power_upto_now: 0.0882352963089943
171th run
noise dimension : 8
noise variance: 100.45478820800781
original u-statistic:-0.03770017623901367
p value proxy: 0.8172757029533386
result: False
power_upto_now: 0.08771929889917374
172th run
noise dimension : 8
noise variance: 100.33184814453125
original u-statistic:-0.0054912567138671875
p value proxy: 0.4883720874786377
result: False
power_upto_now: 0.0872092992067337
173th run
noise dimension : 8
noise variance: 99.81632232666016
original u-statistic:0.03606152534484863
p value proxy: 0.1661129593849182
result: False
power_upto_now: 0.08670520037412643
174th run
noise dimension : 8
noise variance: 99.4797134399414
original u-statistic:0.04148507118225098
p value proxy: 0.13289035856723785
result: False
power_upto_now: 0.08620689809322357
175th run
noise dimension : 8
noise variance: 99.54542541503906
original u-statistic:0.002961397171020508
p value proxy: 0.4053156077861786
result: False
power_upto_now: 0.08571428805589676
176th run
noise dimension : 8
noise variance: 100.24854278564453
original u-statistic:-0.03163719177246094
p value proxy: 0.7541528344154358
result: False
power_upto_now: 0.08522727340459824
177th run
noise dimension : 8
noise variance: 100.33472442626953
original u-statistic:0.01626753807067871
p value proxy: 0.302325576543808
result: False
power_upto_now: 0.08474576473236084
178th run
noise dimension : 8
noise variance: 99.65088653564453
original u-statistic:-0.05807232856750488
p value proxy: 0.9568105936050415
result: False
power_upto_now: 0.08426966518163681
179th run
noise dimension : 8
noise variance: 99.71343231201172
original u-statistic:-0.0489962100982666
p value proxy: 0.9335547685623169
result: False
power_upto_now: 0.08379888534545898
180th run
noise dimension : 8
noise variance: 100.58683013916016
original u-statistic:0.0009007453918457031
p value proxy: 0.4053156077861786
result: False
power_upto_now: 0.0833333358168602
181th run
noise dimension : 8
noise variance: 99.8894271850586
original u-statistic:-0.01060175895690918
p value proxy: 0.5016611218452454
result: False
power_upto_now: 0.08287292718887329
182th run
noise dimension : 8
noise variance: 99.502685546875
original u-statistic:-0.05249953269958496
p value proxy: 0.9435215592384338
result: False
power_upto_now: 0.08241758495569229
183th run
noise dimension : 8
noise variance: 100.10395812988281
original u-statistic:-0.04537034034729004
p value proxy: 0.9136212468147278
result: False
power_upto_now: 0.08196721225976944
184th run
noise dimension : 8
noise variance: 99.31958770751953
original u-statistic:0.00618433952331543
p value proxy: 0.39867109060287476
result: False
power_upto_now: 0.08152174204587936
185th run
noise dimension : 8
noise variance: 100.0199966430664
original u-statistic:-0.04821038246154785
p value proxy: 0.8870431780815125
result: False
power_upto_now: 0.0810810774564743
186th run
noise dimension : 8
noise variance: 100.33609771728516
original u-statistic:-0.0384523868560791
p value proxy: 0.8604651093482971
result: False
power_upto_now: 0.08064515888690948
187th run
noise dimension : 8
noise variance: 99.64205169677734
original u-statistic:0.00533294677734375
p value proxy: 0.382059782743454
result: False
power_upto_now: 0.08021390438079834
188th run
noise dimension : 8
noise variance: 100.1810531616211
original u-statistic:0.03650999069213867
p value proxy: 0.14950165152549744
result: False
power_upto_now: 0.0797872319817543
189th run
noise dimension : 8
noise variance: 99.87630462646484
original u-statistic:0.0067348480224609375
p value proxy: 0.35548171401023865
result: False
power_upto_now: 0.0793650820851326
190th run
noise dimension : 8
noise variance: 99.68539428710938
original u-statistic:0.011265277862548828
p value proxy: 0.31229233741760254
result: False
power_upto_now: 0.07894736528396606
191th run
noise dimension : 8
noise variance: 100.12604522705078
original u-statistic:-0.037297725677490234
p value proxy: 0.7873753905296326
result: False
power_upto_now: 0.07853402942419052
192th run
noise dimension : 8
noise variance: 99.9594955444336
original u-statistic:-0.04514622688293457
p value proxy: 0.9003322124481201
result: False
power_upto_now: 0.078125
193th run
noise dimension : 8
noise variance: 99.747802734375
original u-statistic:-0.04373288154602051
p value proxy: 0.8903654217720032
result: False
power_upto_now: 0.07772020995616913
194th run
noise dimension : 8
noise variance: 99.63856506347656
original u-statistic:-0.038730621337890625
p value proxy: 0.8803986310958862
result: False
power_upto_now: 0.07731958478689194
195th run
noise dimension : 8
noise variance: 99.91691589355469
original u-statistic:0.009099721908569336
p value proxy: 0.33887043595314026
result: False
power_upto_now: 0.07692307978868484
196th run
noise dimension : 8
noise variance: 99.38595581054688
original u-statistic:-0.02590322494506836
p value proxy: 0.7009966373443604
result: False
power_upto_now: 0.07653061300516129
197th run
noise dimension : 8
noise variance: 100.15765380859375
original u-statistic:-0.020936250686645508
p value proxy: 0.6378737688064575
result: False
power_upto_now: 0.07614213228225708
198th run
noise dimension : 8
noise variance: 99.73059844970703
original u-statistic:-0.006463050842285156
p value proxy: 0.49501660466194153
result: False
power_upto_now: 0.07575757801532745
199th run
noise dimension : 8
noise variance: 99.9958724975586
original u-statistic:0.00799250602722168
p value proxy: 0.3255814015865326
result: False
power_upto_now: 0.07537688314914703
200th run
noise dimension : 8
noise variance: 99.05482482910156
original u-statistic:-0.0029630661010742188
p value proxy: 0.4916943311691284
result: False
power_upto_now: 0.07500000298023224
201th run
noise dimension : 8
noise variance: 100.05143737792969
original u-statistic:-0.03522467613220215
p value proxy: 0.8305647373199463
result: False
power_upto_now: 0.0746268630027771
202th run
noise dimension : 8
noise variance: 99.15469360351562
original u-statistic:0.03595733642578125
p value proxy: 0.17940199375152588
result: False
power_upto_now: 0.07425742596387863
203th run
noise dimension : 8
noise variance: 99.38762664794922
original u-statistic:-0.047380924224853516
p value proxy: 0.9302325248718262
result: False
power_upto_now: 0.07389162480831146
204th run
noise dimension : 8
noise variance: 100.056884765625
original u-statistic:0.05257701873779297
p value proxy: 0.08637873828411102
result: False
power_upto_now: 0.07352941483259201
205th run
noise dimension : 8
noise variance: 99.76617431640625
original u-statistic:-0.013872623443603516
p value proxy: 0.5913621187210083
result: False
power_upto_now: 0.0731707289814949
206th run
noise dimension : 8
noise variance: 99.64429473876953
original u-statistic:0.0347895622253418
p value proxy: 0.21926909685134888
result: False
power_upto_now: 0.07281553745269775
207th run
noise dimension : 8
noise variance: 100.71249389648438
original u-statistic:0.017547607421875
p value proxy: 0.262458473443985
result: False
power_upto_now: 0.07246376574039459
208th run
noise dimension : 8
noise variance: 100.21802520751953
original u-statistic:0.03831076622009277
p value proxy: 0.1661129593849182
result: False
power_upto_now: 0.07211538404226303
209th run
noise dimension : 8
noise variance: 100.37136840820312
original u-statistic:-0.0357668399810791
p value proxy: 0.7840531468391418
result: False
power_upto_now: 0.0717703327536583
210th run
noise dimension : 8
noise variance: 99.43267059326172
original u-statistic:0.05298733711242676
p value proxy: 0.08970099687576294
result: False
power_upto_now: 0.0714285746216774
211th run
noise dimension : 8
noise variance: 99.6917724609375
original u-statistic:-0.00712895393371582
p value proxy: 0.5415282249450684
result: False
power_upto_now: 0.07109005004167557
212th run
noise dimension : 8
noise variance: 100.955078125
original u-statistic:0.15790915489196777
p value proxy: 0.006644518114626408
result: True
power_upto_now: 0.07547169923782349
213th run
noise dimension : 8
noise variance: 100.2354507446289
original u-statistic:-0.05321335792541504
p value proxy: 0.960132896900177
result: False
power_upto_now: 0.07511737197637558
214th run
noise dimension : 8
noise variance: 100.73919677734375
original u-statistic:-0.027161598205566406
p value proxy: 0.7009966373443604
result: False
power_upto_now: 0.07476635277271271
215th run
noise dimension : 8
noise variance: 99.44988250732422
original u-statistic:-0.06029796600341797
p value proxy: 0.9700996279716492
result: False
power_upto_now: 0.07441860437393188
216th run
noise dimension : 8
noise variance: 100.65581512451172
original u-statistic:0.07551217079162598
p value proxy: 0.04651162773370743
result: True
power_upto_now: 0.07870370149612427
217th run
noise dimension : 8
noise variance: 100.8075942993164
original u-statistic:-0.03376173973083496
p value proxy: 0.8073089718818665
result: False
power_upto_now: 0.07834101468324661
218th run
noise dimension : 8
noise variance: 100.3057632446289
original u-statistic:0.04348611831665039
p value proxy: 0.12624584138393402
result: False
power_upto_now: 0.07798165082931519
219th run
noise dimension : 8
noise variance: 99.50965118408203
original u-statistic:-0.018586158752441406
p value proxy: 0.6312292218208313
result: False
power_upto_now: 0.077625572681427
220th run
noise dimension : 8
noise variance: 99.8992691040039
original u-statistic:-0.008915424346923828
p value proxy: 0.5215946435928345
result: False
power_upto_now: 0.07727272808551788
221th run
noise dimension : 8
noise variance: 100.18314361572266
original u-statistic:0.004526853561401367
p value proxy: 0.4485049843788147
result: False
power_upto_now: 0.07692307978868484
222th run
noise dimension : 8
noise variance: 99.40931701660156
original u-statistic:0.06559562683105469
p value proxy: 0.07973422110080719
result: False
power_upto_now: 0.07657657563686371
223th run
noise dimension : 8
noise variance: 99.86903381347656
original u-statistic:0.011091470718383789
p value proxy: 0.33887043595314026
result: False
power_upto_now: 0.07623318582773209
224th run
noise dimension : 8
noise variance: 99.60906219482422
original u-statistic:0.004397392272949219
p value proxy: 0.41860464215278625
result: False
power_upto_now: 0.0758928582072258
225th run
noise dimension : 8
noise variance: 99.73538208007812
original u-statistic:0.08684802055358887
p value proxy: 0.03654484823346138
result: True
power_upto_now: 0.07999999821186066
226th run
noise dimension : 8
noise variance: 99.73895263671875
original u-statistic:0.018482208251953125
p value proxy: 0.29235878586769104
result: False
power_upto_now: 0.0796460211277008
227th run
noise dimension : 8
noise variance: 99.72820281982422
original u-statistic:0.05754494667053223
p value proxy: 0.059800662100315094
result: False
power_upto_now: 0.07929515093564987
228th run
noise dimension : 8
noise variance: 100.63594818115234
original u-statistic:0.06227874755859375
p value proxy: 0.06312292069196701
result: False
power_upto_now: 0.07894736528396606
229th run
noise dimension : 8
noise variance: 100.00897979736328
original u-statistic:0.03379535675048828
p value proxy: 0.15614616870880127
result: False
power_upto_now: 0.0786026194691658
230th run
noise dimension : 8
noise variance: 99.99425506591797
original u-statistic:-0.06539487838745117
p value proxy: 0.9867109656333923
result: False
power_upto_now: 0.0782608687877655
231th run
noise dimension : 8
noise variance: 100.452392578125
original u-statistic:-0.007827520370483398
p value proxy: 0.5813953280448914
result: False
power_upto_now: 0.07792207598686218
232th run
noise dimension : 8
noise variance: 99.98989868164062
original u-statistic:-0.009979009628295898
p value proxy: 0.514950156211853
result: False
power_upto_now: 0.07758620381355286
233th run
noise dimension : 8
noise variance: 99.30608367919922
original u-statistic:0.10651612281799316
p value proxy: 0.019933555275201797
result: True
power_upto_now: 0.08154506236314774
234th run
noise dimension : 8
noise variance: 99.92314910888672
original u-statistic:0.05626392364501953
p value proxy: 0.09634551405906677
result: False
power_upto_now: 0.08119658380746841
235th run
noise dimension : 8
noise variance: 99.74481964111328
original u-statistic:0.03138923645019531
p value proxy: 0.17607973515987396
result: False
power_upto_now: 0.08085106313228607
236th run
noise dimension : 8
noise variance: 99.83830261230469
original u-statistic:-0.007754325866699219
p value proxy: 0.5049833655357361
result: False
power_upto_now: 0.08050847798585892
237th run
noise dimension : 8
noise variance: 100.08181762695312
original u-statistic:-0.024961471557617188
p value proxy: 0.7375414967536926
result: False
power_upto_now: 0.08016877621412277
238th run
noise dimension : 8
noise variance: 100.03384399414062
original u-statistic:0.07110404968261719
p value proxy: 0.0830564796924591
result: False
power_upto_now: 0.07983193546533585
239th run
noise dimension : 8
noise variance: 100.2969970703125
original u-statistic:-0.04322481155395508
p value proxy: 0.9036544561386108
result: False
power_upto_now: 0.07949791103601456
240th run
noise dimension : 8
noise variance: 100.28986358642578
original u-statistic:-0.06293678283691406
p value proxy: 0.9867109656333923
result: False
power_upto_now: 0.07916666567325592
241th run
noise dimension : 8
noise variance: 100.015869140625
original u-statistic:-0.014310121536254883
p value proxy: 0.6179401874542236
result: False
power_upto_now: 0.07883817702531815
242th run
noise dimension : 8
noise variance: 99.49191284179688
original u-statistic:-0.02089071273803711
p value proxy: 0.6611295342445374
result: False
power_upto_now: 0.07851240038871765
243th run
noise dimension : 8
noise variance: 99.82595825195312
original u-statistic:-0.0031523704528808594
p value proxy: 0.4717607796192169
result: False
power_upto_now: 0.07818929851055145
244th run
noise dimension : 8
noise variance: 99.72251892089844
original u-statistic:0.07178092002868652
p value proxy: 0.06312292069196701
result: False
power_upto_now: 0.07786884903907776
245th run
noise dimension : 8
noise variance: 99.71686553955078
original u-statistic:-0.03129243850708008
p value proxy: 0.7475082874298096
result: False
power_upto_now: 0.07755102217197418
246th run
noise dimension : 8
noise variance: 99.79263305664062
original u-statistic:-0.04025006294250488
p value proxy: 0.8637873530387878
result: False
power_upto_now: 0.07723577320575714
247th run
noise dimension : 8
noise variance: 99.66134643554688
original u-statistic:-0.012720823287963867
p value proxy: 0.5382059812545776
result: False
power_upto_now: 0.07692307978868484
248th run
noise dimension : 8
noise variance: 100.25167846679688
original u-statistic:-0.029255390167236328
p value proxy: 0.7342192530632019
result: False
power_upto_now: 0.07661290466785431
249th run
noise dimension : 8
noise variance: 99.88690185546875
original u-statistic:-0.07353377342224121
p value proxy: 1.0
result: False
power_upto_now: 0.07630521804094315
250th run
noise dimension : 8
noise variance: 99.41393280029297
original u-statistic:-0.02125406265258789
p value proxy: 0.7009966373443604
result: False
power_upto_now: 0.07599999755620956
251th run
noise dimension : 8
noise variance: 99.27640533447266
original u-statistic:-0.022294282913208008
p value proxy: 0.6943521499633789
result: False
power_upto_now: 0.07569721341133118
252th run
noise dimension : 8
noise variance: 100.34146118164062
original u-statistic:-0.025831937789916992
p value proxy: 0.7043189406394958
result: False
power_upto_now: 0.075396828353405
253th run
noise dimension : 8
noise variance: 100.06566619873047
original u-statistic:-0.05538034439086914
p value proxy: 0.960132896900177
result: False
power_upto_now: 0.07509881258010864
254th run
noise dimension : 8
noise variance: 100.07201385498047
original u-statistic:-0.026983976364135742
p value proxy: 0.6943521499633789
result: False
power_upto_now: 0.07480315119028091
255th run
noise dimension : 8
noise variance: 100.52204895019531
original u-statistic:0.03475618362426758
p value proxy: 0.18936876952648163
result: False
power_upto_now: 0.07450980693101883
256th run
noise dimension : 8
noise variance: 99.64573669433594
original u-statistic:0.020763397216796875
p value proxy: 0.27574750781059265
result: False
power_upto_now: 0.07421875
257th run
noise dimension : 8
noise variance: 100.05345153808594
original u-statistic:0.01565241813659668
p value proxy: 0.302325576543808
result: False
power_upto_now: 0.07392995804548264
258th run
noise dimension : 8
noise variance: 99.98482513427734
original u-statistic:0.006309032440185547
p value proxy: 0.3920265734195709
result: False
power_upto_now: 0.07364340871572495
259th run
noise dimension : 8
noise variance: 100.00492858886719
original u-statistic:-0.016015291213989258
p value proxy: 0.5980066061019897
result: False
power_upto_now: 0.07335907220840454
260th run
noise dimension : 8
noise variance: 99.74748229980469
original u-statistic:0.03558540344238281
p value proxy: 0.17607973515987396
result: False
power_upto_now: 0.07307692617177963
261th run
noise dimension : 8
noise variance: 99.43953704833984
original u-statistic:-0.0024139881134033203
p value proxy: 0.4252491593360901
result: False
power_upto_now: 0.07279693335294724
262th run
noise dimension : 8
noise variance: 100.25444793701172
original u-statistic:0.02277088165283203
p value proxy: 0.2990033030509949
result: False
power_upto_now: 0.07251908630132675
263th run
noise dimension : 8
noise variance: 99.50585174560547
original u-statistic:0.015623092651367188
p value proxy: 0.31229233741760254
result: False
power_upto_now: 0.0722433477640152
264th run
noise dimension : 8
noise variance: 100.03047180175781
original u-statistic:0.03155255317687988
p value proxy: 0.1860465109348297
result: False
power_upto_now: 0.07196969538927078
265th run
noise dimension : 8
noise variance: 99.49149322509766
original u-statistic:-0.027247190475463867
p value proxy: 0.7475082874298096
result: False
power_upto_now: 0.07169811427593231
266th run
noise dimension : 8
noise variance: 99.99830627441406
original u-statistic:-0.010182619094848633
p value proxy: 0.5083056092262268
result: False
power_upto_now: 0.0714285746216774
267th run
noise dimension : 8
noise variance: 100.56387329101562
original u-statistic:0.02118968963623047
p value proxy: 0.25581395626068115
result: False
power_upto_now: 0.07116104662418365
268th run
noise dimension : 8
noise variance: 100.74385070800781
original u-statistic:-0.03154587745666504
p value proxy: 0.7508305311203003
result: False
power_upto_now: 0.07089552283287048
269th run
noise dimension : 8
noise variance: 100.0696029663086
original u-statistic:0.015540361404418945
p value proxy: 0.2790697515010834
result: False
power_upto_now: 0.0706319734454155
270th run
noise dimension : 8
noise variance: 100.16159057617188
original u-statistic:-0.007517576217651367
p value proxy: 0.5415282249450684
result: False
power_upto_now: 0.07037036865949631
271th run
noise dimension : 8
noise variance: 99.99563598632812
original u-statistic:0.06205105781555176
p value proxy: 0.07308969646692276
result: False
power_upto_now: 0.07011070102453232
272th run
noise dimension : 8
noise variance: 100.11760711669922
original u-statistic:0.05207061767578125
p value proxy: 0.09634551405906677
result: False
power_upto_now: 0.06985294073820114
273th run
noise dimension : 8
noise variance: 100.52007293701172
original u-statistic:-0.039618492126464844
p value proxy: 0.8305647373199463
result: False
power_upto_now: 0.06959707289934158
274th run
noise dimension : 8
noise variance: 100.68843841552734
original u-statistic:-0.004285573959350586
p value proxy: 0.4883720874786377
result: False
power_upto_now: 0.06934306770563126
275th run
noise dimension : 8
noise variance: 100.26183319091797
original u-statistic:0.05473589897155762
p value proxy: 0.09634551405906677
result: False
power_upto_now: 0.06909091025590897
276th run
noise dimension : 8
noise variance: 99.79681396484375
original u-statistic:0.08985590934753418
p value proxy: 0.029900331050157547
result: True
power_upto_now: 0.07246376574039459
277th run
noise dimension : 8
noise variance: 100.50702667236328
original u-statistic:0.028028488159179688
p value proxy: 0.2425249069929123
result: False
power_upto_now: 0.072202168405056
278th run
noise dimension : 8
noise variance: 99.87908935546875
original u-statistic:0.11464977264404297
p value proxy: 0.009966777637600899
result: True
power_upto_now: 0.07553956657648087
279th run
noise dimension : 8
noise variance: 100.18022918701172
original u-statistic:-0.014232635498046875
p value proxy: 0.5481727719306946
result: False
power_upto_now: 0.07526881992816925
280th run
noise dimension : 8
noise variance: 99.98625183105469
original u-statistic:-0.034200429916381836
p value proxy: 0.8172757029533386
result: False
power_upto_now: 0.07500000298023224
281th run
noise dimension : 8
noise variance: 100.09060668945312
original u-statistic:0.13676166534423828
p value proxy: 0.006644518114626408
result: True
power_upto_now: 0.07829181849956512
282th run
noise dimension : 8
noise variance: 100.55015563964844
original u-statistic:-0.06915450096130371
p value proxy: 1.0
result: False
power_upto_now: 0.07801418751478195
283th run
noise dimension : 8
noise variance: 100.29571533203125
original u-statistic:-0.051429033279418945
p value proxy: 0.9534883499145508
result: False
power_upto_now: 0.07773851603269577
284th run
noise dimension : 8
noise variance: 100.65782165527344
original u-statistic:0.026480436325073242
p value proxy: 0.19601328670978546
result: False
power_upto_now: 0.07746478915214539
285th run
noise dimension : 8
noise variance: 100.78558349609375
original u-statistic:-0.02065587043762207
p value proxy: 0.6677740812301636
result: False
power_upto_now: 0.07719298452138901
286th run
noise dimension : 8
noise variance: 100.14080047607422
original u-statistic:-0.055170297622680664
p value proxy: 0.9867109656333923
result: False
power_upto_now: 0.07692307978868484
287th run
noise dimension : 8
noise variance: 99.95441436767578
original u-statistic:0.12011837959289551
p value proxy: 0.013289036229252815
result: True
power_upto_now: 0.08013937622308731
288th run
noise dimension : 8
noise variance: 100.13206481933594
original u-statistic:0.007884979248046875
p value proxy: 0.3654485046863556
result: False
power_upto_now: 0.0798611119389534
289th run
noise dimension : 8
noise variance: 100.34346008300781
original u-statistic:-0.012634992599487305
p value proxy: 0.6146179437637329
result: False
power_upto_now: 0.07958477735519409
290th run
noise dimension : 8
noise variance: 99.97630310058594
original u-statistic:-0.04283428192138672
p value proxy: 0.8604651093482971
result: False
power_upto_now: 0.079310342669487
291th run
noise dimension : 8
noise variance: 99.72525787353516
original u-statistic:0.19787073135375977
p value proxy: 0.003322259057313204
result: True
power_upto_now: 0.0824742242693901
292th run
noise dimension : 8
noise variance: 99.5109634399414
original u-statistic:-0.06353521347045898
p value proxy: 0.9800664186477661
result: False
power_upto_now: 0.08219178020954132
293th run
noise dimension : 8
noise variance: 99.9589614868164
original u-statistic:0.05736684799194336
p value proxy: 0.08970099687576294
result: False
power_upto_now: 0.08191126585006714
294th run
noise dimension : 8
noise variance: 99.65986633300781
original u-statistic:-0.024886608123779297
p value proxy: 0.7375414967536926
result: False
power_upto_now: 0.08163265138864517
295th run
noise dimension : 8
noise variance: 99.74394226074219
original u-statistic:-0.0023899078369140625
p value proxy: 0.5016611218452454
result: False
power_upto_now: 0.08135592937469482
296th run
noise dimension : 8
noise variance: 100.17279052734375
original u-statistic:0.00702357292175293
p value proxy: 0.35880398750305176
result: False
power_upto_now: 0.0810810774564743
297th run
noise dimension : 8
noise variance: 100.19117736816406
original u-statistic:0.02100515365600586
p value proxy: 0.2225913554430008
result: False
power_upto_now: 0.08080808073282242
298th run
noise dimension : 8
noise variance: 101.29390716552734
original u-statistic:-0.04056215286254883
p value proxy: 0.8272424936294556
result: False
power_upto_now: 0.08053690940141678
299th run
noise dimension : 8
noise variance: 99.85832977294922
original u-statistic:0.021431922912597656
p value proxy: 0.2657807171344757
result: False
power_upto_now: 0.08026755601167679
300th run
noise dimension : 8
noise variance: 99.84774780273438
original u-statistic:0.06341028213500977
p value proxy: 0.07641195505857468
result: False
power_upto_now: 0.07999999821186066
301th run
noise dimension : 8
noise variance: 100.43879699707031
original u-statistic:0.06044650077819824
p value proxy: 0.10631228983402252
result: False
power_upto_now: 0.07973422110080719
302th run
noise dimension : 8
noise variance: 99.97924041748047
original u-statistic:-0.014517784118652344
p value proxy: 0.6146179437637329
result: False
power_upto_now: 0.0794702023267746
303th run
noise dimension : 8
noise variance: 99.34371948242188
original u-statistic:0.05418753623962402
p value proxy: 0.09302325546741486
result: False
power_upto_now: 0.07920791953802109
304th run
noise dimension : 8
noise variance: 100.09111022949219
original u-statistic:0.0001266002655029297
p value proxy: 0.5415282249450684
result: False
power_upto_now: 0.07894736528396606
305th run
noise dimension : 8
noise variance: 99.43558502197266
original u-statistic:-0.01276540756225586
p value proxy: 0.5481727719306946
result: False
power_upto_now: 0.07868852466344833
306th run
noise dimension : 8
noise variance: 99.51757049560547
original u-statistic:-0.04031944274902344
p value proxy: 0.8704319000244141
result: False
power_upto_now: 0.0784313753247261
307th run
noise dimension : 8
noise variance: 99.6668930053711
original u-statistic:-0.023102521896362305
p value proxy: 0.6544850468635559
result: False
power_upto_now: 0.07817589491605759
308th run
noise dimension : 8
noise variance: 100.5422592163086
original u-statistic:-0.00727391242980957
p value proxy: 0.5382059812545776
result: False
power_upto_now: 0.07792207598686218
309th run
noise dimension : 8
noise variance: 100.3377914428711
original u-statistic:0.02223491668701172
p value proxy: 0.31229233741760254
result: False
power_upto_now: 0.0776699036359787
310th run
noise dimension : 8
noise variance: 99.07740783691406
original u-statistic:0.03531599044799805
p value proxy: 0.12956809997558594
result: False
power_upto_now: 0.07741935551166534
311th run
noise dimension : 8
noise variance: 100.26529693603516
original u-statistic:-0.0010616779327392578
p value proxy: 0.4285714328289032
result: False
power_upto_now: 0.07717041671276093
312th run
noise dimension : 8
noise variance: 99.96273040771484
original u-statistic:0.013665914535522461
p value proxy: 0.3289036452770233
result: False
power_upto_now: 0.07692307978868484
313th run
noise dimension : 8
noise variance: 100.12052917480469
original u-statistic:-0.04514741897583008
p value proxy: 0.8970099687576294
result: False
power_upto_now: 0.07667731493711472
314th run
noise dimension : 8
noise variance: 99.47199249267578
original u-statistic:-0.03744769096374512
p value proxy: 0.8471760749816895
result: False
power_upto_now: 0.07643312215805054
315th run
noise dimension : 8
noise variance: 100.19462585449219
original u-statistic:0.029633283615112305
p value proxy: 0.19269102811813354
result: False
power_upto_now: 0.07619047909975052
316th run
noise dimension : 8
noise variance: 100.19535064697266
original u-statistic:0.007564067840576172
p value proxy: 0.39534881711006165
result: False
power_upto_now: 0.07594936341047287
317th run
noise dimension : 8
noise variance: 100.1715316772461
original u-statistic:-0.017019987106323242
p value proxy: 0.6777408719062805
result: False
power_upto_now: 0.07570978254079819
318th run
noise dimension : 8
noise variance: 99.37450408935547
original u-statistic:-0.02162456512451172
p value proxy: 0.6877076029777527
result: False
power_upto_now: 0.07547169923782349
319th run
noise dimension : 8
noise variance: 99.25770568847656
original u-statistic:-0.01725149154663086
p value proxy: 0.6544850468635559
result: False
power_upto_now: 0.07523510605096817
320th run
noise dimension : 8
noise variance: 100.15727233886719
original u-statistic:0.0012977123260498047
p value proxy: 0.41528236865997314
result: False
power_upto_now: 0.07500000298023224
321th run
noise dimension : 8
noise variance: 99.65653991699219
original u-statistic:-0.022629261016845703
p value proxy: 0.6544850468635559
result: False
power_upto_now: 0.07476635277271271
322th run
noise dimension : 8
noise variance: 100.71341705322266
original u-statistic:-0.00435328483581543
p value proxy: 0.4318936765193939
result: False
power_upto_now: 0.07453416287899017
323th run
noise dimension : 8
noise variance: 100.5298080444336
original u-statistic:-0.024531126022338867
p value proxy: 0.7342192530632019
result: False
power_upto_now: 0.07430340349674225
324th run
noise dimension : 8
noise variance: 99.73778533935547
original u-statistic:-0.012755870819091797
p value proxy: 0.5747508406639099
result: False
power_upto_now: 0.07407407462596893
325th run
noise dimension : 8
noise variance: 100.07530975341797
original u-statistic:-0.04603767395019531
p value proxy: 0.8970099687576294
result: False
power_upto_now: 0.07384615391492844
326th run
noise dimension : 8
noise variance: 99.56098937988281
original u-statistic:0.007516384124755859
p value proxy: 0.3720930218696594
result: False
power_upto_now: 0.07361963391304016
327th run
noise dimension : 8
noise variance: 100.20408630371094
original u-statistic:-0.04297494888305664
p value proxy: 0.8870431780815125
result: False
power_upto_now: 0.07339449226856232
328th run
noise dimension : 8
noise variance: 100.76534271240234
original u-statistic:0.05756783485412598
p value proxy: 0.10963454842567444
result: False
power_upto_now: 0.0731707289814949
329th run
noise dimension : 8
noise variance: 100.21366119384766
original u-statistic:0.011855125427246094
p value proxy: 0.35548171401023865
result: False
power_upto_now: 0.07294832915067673
330th run
noise dimension : 8
noise variance: 99.94975280761719
original u-statistic:-0.0690453052520752
p value proxy: 0.9966776967048645
result: False
power_upto_now: 0.072727270424366
331th run
noise dimension : 8
noise variance: 99.76078796386719
original u-statistic:-0.05959796905517578
p value proxy: 0.9767441749572754
result: False
power_upto_now: 0.07250755280256271
332th run
noise dimension : 8
noise variance: 99.07891845703125
original u-statistic:-0.03062129020690918
p value proxy: 0.7873753905296326
result: False
power_upto_now: 0.07228915393352509
333th run
noise dimension : 8
noise variance: 100.06900787353516
original u-statistic:0.030704975128173828
p value proxy: 0.23588038980960846
result: False
power_upto_now: 0.07207207381725311
334th run
noise dimension : 8
noise variance: 100.00194549560547
original u-statistic:-0.043222904205322266
p value proxy: 0.8538205623626709
result: False
power_upto_now: 0.071856290102005
335th run
noise dimension : 8
noise variance: 99.94384002685547
original u-statistic:-0.0036275386810302734
p value proxy: 0.49501660466194153
result: False
power_upto_now: 0.07164178788661957
336th run
noise dimension : 8
noise variance: 100.1443099975586
original u-statistic:0.04217958450317383
p value proxy: 0.14617939293384552
result: False
power_upto_now: 0.0714285746216774
337th run
noise dimension : 8
noise variance: 100.57500457763672
original u-statistic:-0.03751778602600098
p value proxy: 0.8571428656578064
result: False
power_upto_now: 0.07121662050485611
338th run
noise dimension : 8
noise variance: 100.32585144042969
original u-statistic:-0.005744218826293945
p value proxy: 0.49501660466194153
result: False
power_upto_now: 0.0710059180855751
339th run
noise dimension : 8
noise variance: 100.09060668945312
original u-statistic:-0.02910017967224121
p value proxy: 0.7707641124725342
result: False
power_upto_now: 0.07079645991325378
340th run
noise dimension : 8
noise variance: 100.26983642578125
original u-statistic:-0.02962017059326172
p value proxy: 0.7475082874298096
result: False
power_upto_now: 0.07058823853731155
341th run
noise dimension : 8
noise variance: 100.395263671875
original u-statistic:-0.008603096008300781
p value proxy: 0.5481727719306946
result: False
power_upto_now: 0.07038123160600662
342th run
noise dimension : 8
noise variance: 99.96890258789062
original u-statistic:0.04160428047180176
p value proxy: 0.1029900312423706
result: False
power_upto_now: 0.07017543911933899
343th run
noise dimension : 8
noise variance: 99.8430404663086
original u-statistic:0.01091456413269043
p value proxy: 0.37541526556015015
result: False
power_upto_now: 0.06997084617614746
344th run
noise dimension : 8
noise variance: 99.71768951416016
original u-statistic:-0.014537572860717773
p value proxy: 0.5747508406639099
result: False
power_upto_now: 0.06976744532585144
345th run
noise dimension : 8
noise variance: 99.75983428955078
original u-statistic:0.0230405330657959
p value proxy: 0.27242523431777954
result: False
power_upto_now: 0.06956521421670914
346th run
noise dimension : 8
noise variance: 100.12626647949219
original u-statistic:-0.00658106803894043
p value proxy: 0.4916943311691284
result: False
power_upto_now: 0.06936416029930115
347th run
noise dimension : 8
noise variance: 100.89891815185547
original u-statistic:0.029967308044433594
p value proxy: 0.24916942417621613
result: False
power_upto_now: 0.06916426867246628
348th run
noise dimension : 8
noise variance: 99.80803680419922
original u-statistic:0.02984333038330078
p value proxy: 0.1860465109348297
result: False
power_upto_now: 0.06896551698446274
349th run
noise dimension : 8
noise variance: 99.74607849121094
original u-statistic:-0.0028727054595947266
p value proxy: 0.52491694688797
result: False
power_upto_now: 0.06876790523529053
350th run
noise dimension : 8
noise variance: 99.90030670166016
original u-statistic:0.0023584365844726562
p value proxy: 0.3853820562362671
result: False
power_upto_now: 0.06857142597436905
351th run
noise dimension : 8
noise variance: 99.318359375
original u-statistic:0.016462326049804688
p value proxy: 0.35880398750305176
result: False
power_upto_now: 0.0683760717511177
352th run
noise dimension : 8
noise variance: 99.73146057128906
original u-statistic:0.019983768463134766
p value proxy: 0.2657807171344757
result: False
power_upto_now: 0.06818182021379471
353th run
noise dimension : 8
noise variance: 100.45821380615234
original u-statistic:-0.004827022552490234
p value proxy: 0.4684385359287262
result: False
power_upto_now: 0.06798867136240005
354th run
noise dimension : 8
noise variance: 100.14112854003906
original u-statistic:-0.00538945198059082
p value proxy: 0.514950156211853
result: False
power_upto_now: 0.06779661029577255
355th run
noise dimension : 8
noise variance: 99.46837615966797
original u-statistic:-0.009963512420654297
p value proxy: 0.564784049987793
result: False
power_upto_now: 0.0676056370139122
356th run
noise dimension : 8
noise variance: 100.05216217041016
original u-statistic:0.02125835418701172
p value proxy: 0.2591361999511719
result: False
power_upto_now: 0.06741572916507721
357th run
noise dimension : 8
noise variance: 100.60394287109375
original u-statistic:-0.06319904327392578
p value proxy: 0.9933554530143738
result: False
power_upto_now: 0.06722689419984818
358th run
noise dimension : 8
noise variance: 100.27799987792969
original u-statistic:-0.01035618782043457
p value proxy: 0.6013289093971252
result: False
power_upto_now: 0.0670391097664833
359th run
noise dimension : 8
noise variance: 100.23416900634766
original u-statistic:0.05807089805603027
p value proxy: 0.08970099687576294
result: False
power_upto_now: 0.06685236841440201
360th run
noise dimension : 8
noise variance: 100.01019287109375
original u-statistic:0.0222012996673584
p value proxy: 0.2890365421772003
result: False
power_upto_now: 0.06666667014360428
361th run
noise dimension : 8
noise variance: 99.2763442993164
original u-statistic:-0.03235149383544922
p value proxy: 0.8305647373199463
result: False
power_upto_now: 0.06648199260234833
362th run
noise dimension : 8
noise variance: 100.01542663574219
original u-statistic:0.0065996646881103516
p value proxy: 0.35880398750305176
result: False
power_upto_now: 0.06629834324121475
363th run
noise dimension : 8
noise variance: 100.36216735839844
original u-statistic:-0.028535127639770508
p value proxy: 0.7441860437393188
result: False
power_upto_now: 0.06611569970846176
364th run
noise dimension : 8
noise variance: 99.79470825195312
original u-statistic:-0.02609109878540039
p value proxy: 0.7574750781059265
result: False
power_upto_now: 0.06593406945466995
365th run
noise dimension : 8
noise variance: 100.16043090820312
original u-statistic:-0.001667022705078125
p value proxy: 0.5083056092262268
result: False
power_upto_now: 0.06575342267751694
366th run
noise dimension : 8
noise variance: 99.94917297363281
original u-statistic:-0.013479232788085938
p value proxy: 0.5614618062973022
result: False
power_upto_now: 0.06557376682758331
367th run
noise dimension : 8
noise variance: 99.7227783203125
original u-statistic:0.08117485046386719
p value proxy: 0.05315614491701126
result: False
power_upto_now: 0.06539509445428848
368th run
noise dimension : 8
noise variance: 100.14291381835938
original u-statistic:-0.007540702819824219
p value proxy: 0.45514950156211853
result: False
power_upto_now: 0.06521739065647125
369th run
noise dimension : 8
noise variance: 100.56449127197266
original u-statistic:-0.031880855560302734
p value proxy: 0.7707641124725342
result: False
power_upto_now: 0.06504064798355103
370th run
noise dimension : 8
noise variance: 100.03119659423828
original u-statistic:-0.018090248107910156
p value proxy: 0.6179401874542236
result: False
power_upto_now: 0.0648648664355278
371th run
noise dimension : 8
noise variance: 100.36724853515625
original u-statistic:-0.05843830108642578
p value proxy: 0.9634551405906677
result: False
power_upto_now: 0.06469002366065979
372th run
noise dimension : 8
noise variance: 100.50216674804688
original u-statistic:0.02884387969970703
p value proxy: 0.2225913554430008
result: False
power_upto_now: 0.06451612710952759
373th run
noise dimension : 8
noise variance: 100.53203582763672
original u-statistic:-0.025165081024169922
p value proxy: 0.7076411843299866
result: False
power_upto_now: 0.06434316188097
374th run
noise dimension : 8
noise variance: 99.81024932861328
original u-statistic:0.03490090370178223
p value proxy: 0.2225913554430008
result: False
power_upto_now: 0.06417112052440643
375th run
noise dimension : 8
noise variance: 99.9253158569336
original u-statistic:-0.0025908946990966797
p value proxy: 0.45847174525260925
result: False
power_upto_now: 0.06400000303983688
376th run
noise dimension : 8
noise variance: 100.48845672607422
original u-statistic:-0.059509992599487305
p value proxy: 0.9734219312667847
result: False
power_upto_now: 0.06382978707551956
377th run
noise dimension : 8
noise variance: 99.73273468017578
original u-statistic:-0.0014307498931884766
p value proxy: 0.4916943311691284
result: False
power_upto_now: 0.06366048008203506
378th run
noise dimension : 8
noise variance: 100.30540466308594
original u-statistic:-0.0019197463989257812
p value proxy: 0.4485049843788147
result: False
power_upto_now: 0.0634920671582222
379th run
noise dimension : 8
noise variance: 100.18865966796875
original u-statistic:-0.033153533935546875
p value proxy: 0.8006644248962402
result: False
power_upto_now: 0.06332454085350037
380th run
noise dimension : 8
noise variance: 99.84384155273438
original u-statistic:-0.013803720474243164
p value proxy: 0.5780730843544006
result: False
power_upto_now: 0.06315789371728897
381th run
noise dimension : 8
noise variance: 99.64440155029297
original u-statistic:0.08418643474578857
p value proxy: 0.023255813866853714
result: True
power_upto_now: 0.06561680138111115
382th run
noise dimension : 8
noise variance: 100.25482177734375
original u-statistic:0.0069866180419921875
p value proxy: 0.39534881711006165
result: False
power_upto_now: 0.06544502824544907
383th run
noise dimension : 8
noise variance: 99.67402648925781
original u-statistic:-0.02146315574645996
p value proxy: 0.5714285373687744
result: False
power_upto_now: 0.06527414917945862
384th run
noise dimension : 8
noise variance: 100.12690734863281
original u-statistic:0.08337664604187012
p value proxy: 0.05647840350866318
result: False
power_upto_now: 0.0651041641831398
385th run
noise dimension : 8
noise variance: 100.23793029785156
original u-statistic:-0.012842655181884766
p value proxy: 0.6146179437637329
result: False
power_upto_now: 0.06493506580591202
386th run
noise dimension : 8
noise variance: 100.71607971191406
original u-statistic:0.0002567768096923828
p value proxy: 0.3887042999267578
result: False
power_upto_now: 0.06476683914661407
387th run
noise dimension : 8
noise variance: 100.17061614990234
original u-statistic:0.05638551712036133
p value proxy: 0.1029900312423706
result: False
power_upto_now: 0.06459948420524597
388th run
noise dimension : 8
noise variance: 100.19676208496094
original u-statistic:0.04661154747009277
p value proxy: 0.1428571343421936
result: False
power_upto_now: 0.06443298608064651
389th run
noise dimension : 8
noise variance: 100.10981750488281
original u-statistic:0.06649136543273926
p value proxy: 0.06644517928361893
result: False
power_upto_now: 0.0642673522233963
390th run
noise dimension : 8
noise variance: 99.6207046508789
original u-statistic:0.059693336486816406
p value proxy: 0.10631228983402252
result: False
power_upto_now: 0.06410256773233414
391th run
noise dimension : 8
noise variance: 100.52131652832031
original u-statistic:-0.02283501625061035
p value proxy: 0.6411960124969482
result: False
power_upto_now: 0.06393861770629883
392th run
noise dimension : 8
noise variance: 100.00562286376953
original u-statistic:0.013576269149780273
p value proxy: 0.31893688440322876
result: False
power_upto_now: 0.06377550959587097
393th run
noise dimension : 8
noise variance: 99.92864227294922
original u-statistic:0.030928373336791992
p value proxy: 0.19933554530143738
result: False
power_upto_now: 0.06361322849988937
394th run
noise dimension : 8
noise variance: 100.83731079101562
original u-statistic:-0.02617049217224121
p value proxy: 0.7009966373443604
result: False
power_upto_now: 0.06345177441835403
395th run
noise dimension : 8
noise variance: 99.99420928955078
original u-statistic:0.037177324295043945
p value proxy: 0.1661129593849182
result: False
power_upto_now: 0.06329113990068436
396th run
noise dimension : 8
noise variance: 99.90725708007812
original u-statistic:0.07721638679504395
p value proxy: 0.05647840350866318
result: False
power_upto_now: 0.06313131004571915
397th run
noise dimension : 8
noise variance: 99.93246459960938
original u-statistic:-0.009070873260498047
p value proxy: 0.5348837375640869
result: False
power_upto_now: 0.062972292304039
398th run
noise dimension : 8
noise variance: 99.27212524414062
original u-statistic:-0.03193402290344238
p value proxy: 0.7873753905296326
result: False
power_upto_now: 0.06281407177448273
399th run
noise dimension : 8
noise variance: 99.91980743408203
original u-statistic:0.0006744861602783203
p value proxy: 0.4119601249694824
result: False
power_upto_now: 0.06265664100646973
400th run
noise dimension : 8
noise variance: 99.67391204833984
original u-statistic:-0.05521559715270996
p value proxy: 0.9700996279716492
result: False
power_upto_now: 0.0625
401th run
noise dimension : 8
noise variance: 100.51375579833984
original u-statistic:-0.01911616325378418
p value proxy: 0.5880398750305176
result: False
power_upto_now: 0.06234414130449295
402th run
noise dimension : 8
noise variance: 100.26361083984375
original u-statistic:-0.06294417381286621
p value proxy: 0.9933554530143738
result: False
power_upto_now: 0.06218905374407768
403th run
noise dimension : 8
noise variance: 100.19707489013672
original u-statistic:0.03094029426574707
p value proxy: 0.2059800624847412
result: False
power_upto_now: 0.062034741044044495
404th run
noise dimension : 8
noise variance: 100.62761688232422
original u-statistic:0.09414124488830566
p value proxy: 0.029900331050157547
result: True
power_upto_now: 0.06435643881559372
405th run
noise dimension : 8
noise variance: 100.17108154296875
original u-statistic:0.03829693794250488
p value proxy: 0.19269102811813354
result: False
power_upto_now: 0.06419753283262253
406th run
noise dimension : 8
noise variance: 100.4549331665039
original u-statistic:-0.02066493034362793
p value proxy: 0.6179401874542236
result: False
power_upto_now: 0.06403940916061401
407th run
noise dimension : 8
noise variance: 99.41068267822266
original u-statistic:-0.04694223403930664
p value proxy: 0.9036544561386108
result: False
power_upto_now: 0.06388206034898758
408th run
noise dimension : 8
noise variance: 99.73416900634766
original u-statistic:-0.02451157569885254
p value proxy: 0.6677740812301636
result: False
power_upto_now: 0.06372549384832382
409th run
noise dimension : 8
noise variance: 100.274658203125
original u-statistic:0.006808280944824219
p value proxy: 0.3521594703197479
result: False
power_upto_now: 0.06356967985630035
410th run
noise dimension : 8
noise variance: 100.10863494873047
original u-statistic:0.09062075614929199
p value proxy: 0.023255813866853714
result: True
power_upto_now: 0.06585365533828735
411th run
noise dimension : 8
noise variance: 100.48765563964844
original u-statistic:-0.04118943214416504
p value proxy: 0.8637873530387878
result: False
power_upto_now: 0.0656934306025505
412th run
noise dimension : 8
noise variance: 100.04737091064453
original u-statistic:0.04260396957397461
p value proxy: 0.1395348757505417
result: False
power_upto_now: 0.06553398072719574
413th run
noise dimension : 8
noise variance: 99.89016723632812
original u-statistic:-0.04152417182922363
p value proxy: 0.8504983186721802
result: False
power_upto_now: 0.06537530571222305
414th run
noise dimension : 8
noise variance: 100.87452697753906
original u-statistic:0.005104780197143555
p value proxy: 0.4119601249694824
result: False
power_upto_now: 0.06521739065647125
415th run
noise dimension : 8
noise variance: 100.9109115600586
original u-statistic:-0.03419232368469238
p value proxy: 0.8139534592628479
result: False
power_upto_now: 0.06506024301052094
416th run
noise dimension : 8
noise variance: 100.51266479492188
original u-statistic:-0.02958226203918457
p value proxy: 0.724252462387085
result: False
power_upto_now: 0.06490384787321091
417th run
noise dimension : 8
noise variance: 100.08379364013672
original u-statistic:-0.014268875122070312
p value proxy: 0.6013289093971252
result: False
power_upto_now: 0.06474819779396057
418th run
noise dimension : 8
noise variance: 100.30268096923828
original u-statistic:0.09535527229309082
p value proxy: 0.039867110550403595
result: True
power_upto_now: 0.06698564440011978
419th run
noise dimension : 8
noise variance: 100.72517395019531
original u-statistic:0.06816601753234863
p value proxy: 0.07641195505857468
result: False
power_upto_now: 0.06682577729225159
420th run
noise dimension : 8
noise variance: 100.5499496459961
original u-statistic:0.0009868144989013672
p value proxy: 0.3687707483768463
result: False
power_upto_now: 0.06666667014360428
421th run
noise dimension : 8
noise variance: 100.74202728271484
original u-statistic:-0.008977413177490234
p value proxy: 0.52491694688797
result: False
power_upto_now: 0.06650831550359726
422th run
noise dimension : 8
noise variance: 99.99439239501953
original u-statistic:0.003663778305053711
p value proxy: 0.3289036452770233
result: False
power_upto_now: 0.06635071337223053
423th run
noise dimension : 8
noise variance: 100.03697967529297
original u-statistic:-0.03532981872558594
p value proxy: 0.8372092843055725
result: False
power_upto_now: 0.06619385629892349
424th run
noise dimension : 8
noise variance: 100.14458465576172
original u-statistic:-0.008230447769165039
p value proxy: 0.5348837375640869
result: False
power_upto_now: 0.06603773683309555
425th run
noise dimension : 8
noise variance: 99.69766235351562
original u-statistic:-0.004424333572387695
p value proxy: 0.49501660466194153
result: False
power_upto_now: 0.0658823549747467
426th run
noise dimension : 8
noise variance: 100.45990753173828
original u-statistic:0.06810665130615234
p value proxy: 0.09966777265071869
result: False
power_upto_now: 0.06572769582271576
427th run
noise dimension : 8
noise variance: 99.59711456298828
original u-statistic:0.011812686920166016
p value proxy: 0.37873753905296326
result: False
power_upto_now: 0.06557376682758331
428th run
noise dimension : 8
noise variance: 100.12882232666016
original u-statistic:-0.010971546173095703
p value proxy: 0.5415282249450684
result: False
power_upto_now: 0.06542056053876877
429th run
noise dimension : 8
noise variance: 99.45637512207031
original u-statistic:-0.05522871017456055
p value proxy: 0.9700996279716492
result: False
power_upto_now: 0.06526806205511093
430th run
noise dimension : 8
noise variance: 99.72552490234375
original u-statistic:0.05532360076904297
p value proxy: 0.1029900312423706
result: False
power_upto_now: 0.0651162788271904
431th run
noise dimension : 8
noise variance: 100.3375473022461
original u-statistic:-0.005942583084106445
p value proxy: 0.46179401874542236
result: False
power_upto_now: 0.06496519595384598
432th run
noise dimension : 8
noise variance: 100.3804702758789
original u-statistic:-0.005571603775024414
p value proxy: 0.5182723999023438
result: False
power_upto_now: 0.06481481343507767
433th run
noise dimension : 8
noise variance: 99.8051528930664
original u-statistic:0.010132551193237305
p value proxy: 0.3289036452770233
result: False
power_upto_now: 0.06466512382030487
434th run
noise dimension : 8
noise variance: 100.42620086669922
original u-statistic:-0.010898828506469727
p value proxy: 0.5315614342689514
result: False
power_upto_now: 0.06451612710952759
435th run
noise dimension : 8
noise variance: 99.34165954589844
original u-statistic:-0.05049252510070801
p value proxy: 0.9335547685623169
result: False
power_upto_now: 0.06436781585216522
436th run
noise dimension : 8
noise variance: 99.76852416992188
original u-statistic:-0.006616115570068359
p value proxy: 0.47840529680252075
result: False
power_upto_now: 0.06422018259763718
437th run
noise dimension : 8
noise variance: 100.5730209350586
original u-statistic:-0.01389169692993164
p value proxy: 0.5813953280448914
result: False
power_upto_now: 0.06407322734594345
438th run
noise dimension : 8
noise variance: 99.8884506225586
original u-statistic:0.0441584587097168
p value proxy: 0.13289035856723785
result: False
power_upto_now: 0.06392694264650345
439th run
noise dimension : 8
noise variance: 100.08348846435547
original u-statistic:-0.013963699340820312
p value proxy: 0.5714285373687744
result: False
power_upto_now: 0.06378132104873657
440th run
noise dimension : 8
noise variance: 99.59312438964844
original u-statistic:0.004444599151611328
p value proxy: 0.3720930218696594
result: False
power_upto_now: 0.06363636255264282
441th run
noise dimension : 8
noise variance: 100.42396545410156
original u-statistic:0.009269475936889648
p value proxy: 0.37873753905296326
result: False
power_upto_now: 0.0634920671582222
442th run
noise dimension : 8
noise variance: 99.82098388671875
original u-statistic:0.06501460075378418
p value proxy: 0.06976743787527084
result: False
power_upto_now: 0.06334841996431351
443th run
noise dimension : 8
noise variance: 99.66012573242188
original u-statistic:0.10778641700744629
p value proxy: 0.033222589641809464
result: True
power_upto_now: 0.06546275317668915
444th run
noise dimension : 8
noise variance: 100.67131805419922
original u-statistic:-0.018702268600463867
p value proxy: 0.6544850468635559
result: False
power_upto_now: 0.06531531363725662
445th run
noise dimension : 8
noise variance: 99.75190734863281
original u-statistic:-0.03841376304626465
p value proxy: 0.8604651093482971
result: False
power_upto_now: 0.06516853719949722
446th run
noise dimension : 8
noise variance: 100.04122161865234
original u-statistic:0.03795790672302246
p value proxy: 0.1661129593849182
result: False
power_upto_now: 0.06502242386341095
447th run
noise dimension : 8
noise variance: 100.06946563720703
original u-statistic:0.021719932556152344
p value proxy: 0.2026578038930893
result: False
power_upto_now: 0.06487695872783661
448th run
noise dimension : 8
noise variance: 100.08011627197266
original u-statistic:0.008777379989624023
p value proxy: 0.3654485046863556
result: False
power_upto_now: 0.0647321417927742
449th run
noise dimension : 8
noise variance: 99.88333892822266
original u-statistic:0.0849769115447998
p value proxy: 0.04318936914205551
result: True
power_upto_now: 0.06681514531373978
450th run
noise dimension : 8
noise variance: 100.26502990722656
original u-statistic:-0.00033736228942871094
p value proxy: 0.4252491593360901
result: False
power_upto_now: 0.06666667014360428
451th run
noise dimension : 8
noise variance: 99.37396240234375
original u-statistic:-0.03177475929260254
p value proxy: 0.7607973217964172
result: False
power_upto_now: 0.06651885062456131
452th run
noise dimension : 8
noise variance: 100.22419738769531
original u-statistic:0.009711980819702148
p value proxy: 0.3222591280937195
result: False
power_upto_now: 0.06637167930603027
453th run
noise dimension : 8
noise variance: 100.72230529785156
original u-statistic:-0.04397726058959961
p value proxy: 0.8704319000244141
result: False
power_upto_now: 0.06622516363859177
454th run
noise dimension : 8
noise variance: 99.47933197021484
original u-statistic:0.21422982215881348
p value proxy: 0.003322259057313204
result: True
power_upto_now: 0.06828194111585617
455th run
noise dimension : 8
noise variance: 100.34830474853516
original u-statistic:-0.005556821823120117
p value proxy: 0.5348837375640869
result: False
power_upto_now: 0.06813187152147293
456th run
noise dimension : 8
noise variance: 99.94898986816406
original u-statistic:-0.014898061752319336
p value proxy: 0.5980066061019897
result: False
power_upto_now: 0.06798245757818222
457th run
noise dimension : 8
noise variance: 99.81462097167969
original u-statistic:0.016760826110839844
p value proxy: 0.29568105936050415
result: False
power_upto_now: 0.06783369928598404
458th run
noise dimension : 8
noise variance: 100.24827575683594
original u-statistic:-0.020585298538208008
p value proxy: 0.6710963249206543
result: False
power_upto_now: 0.06768558919429779
459th run
noise dimension : 8
noise variance: 99.96472930908203
original u-statistic:-0.01752614974975586
p value proxy: 0.6245846748352051
result: False
power_upto_now: 0.06753812730312347
460th run
noise dimension : 8
noise variance: 99.84068298339844
original u-statistic:-0.038581132888793945
p value proxy: 0.8471760749816895
result: False
power_upto_now: 0.0673913061618805
461th run
noise dimension : 8
noise variance: 99.8592300415039
original u-statistic:0.005722761154174805
p value proxy: 0.37873753905296326
result: False
power_upto_now: 0.06724511831998825
462th run
noise dimension : 8
noise variance: 100.08229064941406
original u-statistic:-0.03339362144470215
p value proxy: 0.8172757029533386
result: False
power_upto_now: 0.06709956377744675
463th run
noise dimension : 8
noise variance: 100.99921417236328
original u-statistic:0.016575336456298828
p value proxy: 0.2823920249938965
result: False
power_upto_now: 0.06695464253425598
464th run
noise dimension : 8
noise variance: 99.66996765136719
original u-statistic:0.054279327392578125
p value proxy: 0.09634551405906677
result: False
power_upto_now: 0.06681034713983536
465th run
noise dimension : 8
noise variance: 100.35240936279297
original u-statistic:-0.008054256439208984
p value proxy: 0.5448504686355591
result: False
power_upto_now: 0.06666667014360428
466th run
noise dimension : 8
noise variance: 99.64582824707031
original u-statistic:-0.00781702995300293
p value proxy: 0.5282391905784607
result: False
power_upto_now: 0.06652360409498215
467th run
noise dimension : 8
noise variance: 99.21983337402344
original u-statistic:-0.013824939727783203
p value proxy: 0.5681062936782837
result: False
power_upto_now: 0.06638115644454956
468th run
noise dimension : 8
noise variance: 99.84099578857422
original u-statistic:0.01963067054748535
p value proxy: 0.23920264840126038
result: False
power_upto_now: 0.06623931974172592
469th run
noise dimension : 8
noise variance: 99.54024505615234
original u-statistic:-0.029209375381469727
p value proxy: 0.7308970093727112
result: False
power_upto_now: 0.06609807908535004
470th run
noise dimension : 8
noise variance: 100.52078247070312
original u-statistic:0.048508405685424805
p value proxy: 0.11295680701732635
result: False
power_upto_now: 0.0659574493765831
471th run
noise dimension : 8
noise variance: 100.11976623535156
original u-statistic:0.027735471725463867
p value proxy: 0.22923587262630463
result: False
power_upto_now: 0.06581740826368332
472th run
noise dimension : 8
noise variance: 99.7140121459961
original u-statistic:0.04586434364318848
p value proxy: 0.13621261715888977
result: False
power_upto_now: 0.06567796319723129
473th run
noise dimension : 8
noise variance: 100.65772247314453
original u-statistic:0.027108430862426758
p value proxy: 0.23920264840126038
result: False
power_upto_now: 0.06553911417722702
474th run
noise dimension : 8
noise variance: 99.80143737792969
original u-statistic:-0.047882080078125
p value proxy: 0.9269102811813354
result: False
power_upto_now: 0.06540084630250931
475th run
noise dimension : 8
noise variance: 100.18103790283203
original u-statistic:0.04419875144958496
p value proxy: 0.1395348757505417
result: False
power_upto_now: 0.06526315957307816
476th run
noise dimension : 8
noise variance: 100.38017272949219
original u-statistic:0.022375106811523438
p value proxy: 0.2458471655845642
result: False
power_upto_now: 0.06512605398893356
477th run
noise dimension : 8
noise variance: 100.85623931884766
original u-statistic:-0.04326033592224121
p value proxy: 0.8571428656578064
result: False
power_upto_now: 0.06498951464891434
478th run
noise dimension : 8
noise variance: 99.76778411865234
original u-statistic:0.030263185501098633
p value proxy: 0.1860465109348297
result: False
power_upto_now: 0.06485355645418167
479th run
noise dimension : 8
noise variance: 100.32012939453125
original u-statistic:-0.0008258819580078125
p value proxy: 0.4285714328289032
result: False
power_upto_now: 0.06471816450357437
480th run
noise dimension : 8
noise variance: 99.37321472167969
original u-statistic:0.0004324913024902344
p value proxy: 0.41860464215278625
result: False
power_upto_now: 0.06458333134651184
481th run
noise dimension : 8
noise variance: 99.59275817871094
original u-statistic:-0.04101133346557617
p value proxy: 0.8704319000244141
result: False
power_upto_now: 0.06444906443357468
482th run
noise dimension : 8
noise variance: 99.73285675048828
original u-statistic:0.006073713302612305
p value proxy: 0.39534881711006165
result: False
power_upto_now: 0.06431535631418228
483th run
noise dimension : 8
noise variance: 99.88179779052734
original u-statistic:0.06917881965637207
p value proxy: 0.06644517928361893
result: False
power_upto_now: 0.06418219208717346
484th run
noise dimension : 8
noise variance: 99.26971435546875
original u-statistic:-0.03260469436645508
p value proxy: 0.8139534592628479
result: False
power_upto_now: 0.06404958665370941
485th run
noise dimension : 8
noise variance: 100.4364242553711
original u-statistic:-0.019336938858032227
p value proxy: 0.6710963249206543
result: False
power_upto_now: 0.06391752511262894
486th run
noise dimension : 8
noise variance: 99.47412872314453
original u-statistic:0.03936171531677246
p value proxy: 0.17940199375152588
result: False
power_upto_now: 0.06378600746393204
487th run
noise dimension : 8
noise variance: 99.55072784423828
original u-statistic:-0.01459360122680664
p value proxy: 0.6378737688064575
result: False
power_upto_now: 0.06365503370761871
488th run
noise dimension : 8
noise variance: 99.1121826171875
original u-statistic:-0.03656315803527832
p value proxy: 0.8372092843055725
result: False
power_upto_now: 0.06352458894252777
489th run
noise dimension : 8
noise variance: 100.74456787109375
original u-statistic:-0.016940832138061523
p value proxy: 0.604651153087616
result: False
power_upto_now: 0.06339468061923981
490th run
noise dimension : 8
noise variance: 99.88866424560547
original u-statistic:-0.028586387634277344
p value proxy: 0.714285671710968
result: False
power_upto_now: 0.06326530873775482
491th run
noise dimension : 8
noise variance: 100.11257934570312
original u-statistic:0.06832170486450195
p value proxy: 0.05647840350866318
result: False
power_upto_now: 0.06313645839691162
492th run
noise dimension : 8
noise variance: 99.7406997680664
original u-statistic:0.017055988311767578
p value proxy: 0.3322259187698364
result: False
power_upto_now: 0.0630081295967102
493th run
noise dimension : 8
noise variance: 100.47567749023438
original u-statistic:0.014582395553588867
p value proxy: 0.31229233741760254
result: False
power_upto_now: 0.06288032233715057
494th run
noise dimension : 8
noise variance: 100.46958923339844
original u-statistic:0.040566444396972656
p value proxy: 0.15282391011714935
result: False
power_upto_now: 0.06275303661823273
495th run
noise dimension : 8
noise variance: 100.16844177246094
original u-statistic:0.04793953895568848
p value proxy: 0.1627907007932663
result: False
power_upto_now: 0.06262626498937607
496th run
noise dimension : 8
noise variance: 100.23816680908203
original u-statistic:0.02662038803100586
p value proxy: 0.22923587262630463
result: False
power_upto_now: 0.0625
497th run
noise dimension : 8
noise variance: 100.38589477539062
original u-statistic:-0.05838751792907715
p value proxy: 0.9800664186477661
result: False
power_upto_now: 0.06237424537539482
498th run
noise dimension : 8
noise variance: 100.7197494506836
original u-statistic:0.0018112659454345703
p value proxy: 0.4019933342933655
result: False
power_upto_now: 0.06224899739027023
499th run
noise dimension : 8
noise variance: 100.22796630859375
original u-statistic:0.018843650817871094
p value proxy: 0.31893688440322876
result: False
power_upto_now: 0.06212424859404564
500th run
noise dimension : 8
noise variance: 99.90325164794922
original u-statistic:0.023070096969604492
p value proxy: 0.23920264840126038
result: False
power_upto_now: 0.06199999898672104
power estimate : 0.06199999898672104
elapsed time: 5258.183404445648
