job started
cuda available: True
code run on device:: cuda:0

n1 = 50000, n2 = 50000,

kappa = 2, alpha = 0.8,

gamma = 0.05, nTests = 500,

B = 300

1th run
noise dimension : 8
noise variance: 99.64341735839844
original u-statistic:0.00944375991821289
p value proxy: 0.20930232107639313
result: False
power_upto_now: 0.0
2th run
noise dimension : 8
noise variance: 100.15464782714844
original u-statistic:-0.018306493759155273
p value proxy: 0.9302325248718262
result: False
power_upto_now: 0.0
3th run
noise dimension : 8
noise variance: 99.93749237060547
original u-statistic:0.03331351280212402
p value proxy: 0.033222589641809464
result: True
power_upto_now: 0.3333333432674408
4th run
noise dimension : 8
noise variance: 100.01921844482422
original u-statistic:-0.007360219955444336
p value proxy: 0.5813953280448914
result: False
power_upto_now: 0.25
5th run
noise dimension : 8
noise variance: 99.97320556640625
original u-statistic:0.011811494827270508
p value proxy: 0.19269102811813354
result: False
power_upto_now: 0.20000000298023224
6th run
noise dimension : 8
noise variance: 99.64380645751953
original u-statistic:0.011942386627197266
p value proxy: 0.17275747656822205
result: False
power_upto_now: 0.1666666716337204
7th run
noise dimension : 8
noise variance: 100.03852844238281
original u-statistic:0.011556386947631836
p value proxy: 0.16943521797657013
result: False
power_upto_now: 0.1428571492433548
8th run
noise dimension : 8
noise variance: 99.77609252929688
original u-statistic:0.03555130958557129
p value proxy: 0.029900331050157547
result: True
power_upto_now: 0.25
9th run
noise dimension : 8
noise variance: 100.37437438964844
original u-statistic:-0.02413010597229004
p value proxy: 0.9734219312667847
result: False
power_upto_now: 0.2222222238779068
10th run
noise dimension : 8
noise variance: 99.81570434570312
original u-statistic:0.019852876663208008
p value proxy: 0.13289035856723785
result: False
power_upto_now: 0.20000000298023224
11th run
noise dimension : 8
noise variance: 100.20730590820312
original u-statistic:-0.0020797252655029297
p value proxy: 0.4651162624359131
result: False
power_upto_now: 0.1818181872367859
12th run
noise dimension : 8
noise variance: 100.05663299560547
original u-statistic:0.04820728302001953
p value proxy: 0.019933555275201797
result: True
power_upto_now: 0.25
13th run
noise dimension : 8
noise variance: 100.403564453125
original u-statistic:0.00048613548278808594
p value proxy: 0.3720930218696594
result: False
power_upto_now: 0.23076923191547394
14th run
noise dimension : 8
noise variance: 100.3768539428711
original u-statistic:-0.01777505874633789
p value proxy: 0.8903654217720032
result: False
power_upto_now: 0.2142857164144516
15th run
noise dimension : 8
noise variance: 99.8697280883789
original u-statistic:0.03324151039123535
p value proxy: 0.04318936914205551
result: True
power_upto_now: 0.2666666805744171
16th run
noise dimension : 8
noise variance: 99.63793182373047
original u-statistic:0.014061689376831055
p value proxy: 0.17940199375152588
result: False
power_upto_now: 0.25
17th run
noise dimension : 8
noise variance: 99.87455749511719
original u-statistic:-0.010990619659423828
p value proxy: 0.7342192530632019
result: False
power_upto_now: 0.23529411852359772
18th run
noise dimension : 8
noise variance: 99.918701171875
original u-statistic:-0.003874540328979492
p value proxy: 0.5415282249450684
result: False
power_upto_now: 0.2222222238779068
19th run
noise dimension : 8
noise variance: 99.46171569824219
original u-statistic:-0.017997026443481445
p value proxy: 0.8903654217720032
result: False
power_upto_now: 0.21052631735801697
20th run
noise dimension : 8
noise variance: 99.83740234375
original u-statistic:0.0032820701599121094
p value proxy: 0.41528236865997314
result: False
power_upto_now: 0.20000000298023224
21th run
noise dimension : 8
noise variance: 99.68647766113281
original u-statistic:-0.002173900604248047
p value proxy: 0.46179401874542236
result: False
power_upto_now: 0.190476194024086
22th run
noise dimension : 8
noise variance: 100.08100891113281
original u-statistic:0.016209125518798828
p value proxy: 0.14950165152549744
result: False
power_upto_now: 0.1818181872367859
23th run
noise dimension : 8
noise variance: 100.05768585205078
original u-statistic:0.0035278797149658203
p value proxy: 0.35548171401023865
result: False
power_upto_now: 0.17391304671764374
24th run
noise dimension : 8
noise variance: 100.33387756347656
original u-statistic:0.020781278610229492
p value proxy: 0.12624584138393402
result: False
power_upto_now: 0.1666666716337204
25th run
noise dimension : 8
noise variance: 100.25052642822266
original u-statistic:0.006072044372558594
p value proxy: 0.302325576543808
result: False
power_upto_now: 0.1599999964237213
26th run
noise dimension : 8
noise variance: 100.00874328613281
original u-statistic:-0.0049932003021240234
p value proxy: 0.5581395030021667
result: False
power_upto_now: 0.1538461595773697
27th run
noise dimension : 8
noise variance: 100.25704193115234
original u-statistic:-0.02075481414794922
p value proxy: 0.9368770718574524
result: False
power_upto_now: 0.14814814925193787
28th run
noise dimension : 8
noise variance: 99.71795654296875
original u-statistic:-0.013896703720092773
p value proxy: 0.8106312155723572
result: False
power_upto_now: 0.1428571492433548
29th run
noise dimension : 8
noise variance: 100.33831787109375
original u-statistic:0.0023949146270751953
p value proxy: 0.3720930218696594
result: False
power_upto_now: 0.13793103396892548
30th run
noise dimension : 8
noise variance: 100.00088500976562
original u-statistic:0.00038170814514160156
p value proxy: 0.39534881711006165
result: False
power_upto_now: 0.13333334028720856
31th run
noise dimension : 8
noise variance: 99.8864974975586
original u-statistic:-0.007398843765258789
p value proxy: 0.6146179437637329
result: False
power_upto_now: 0.12903225421905518
32th run
noise dimension : 8
noise variance: 99.7566909790039
original u-statistic:-0.01386404037475586
p value proxy: 0.7807309031486511
result: False
power_upto_now: 0.125
33th run
noise dimension : 8
noise variance: 99.98966217041016
original u-statistic:0.03738665580749512
p value proxy: 0.023255813866853714
result: True
power_upto_now: 0.1515151560306549
34th run
noise dimension : 8
noise variance: 99.70690155029297
original u-statistic:0.00836801528930664
p value proxy: 0.21926909685134888
result: False
power_upto_now: 0.14705882966518402
35th run
noise dimension : 8
noise variance: 100.01612854003906
original u-statistic:0.015549182891845703
p value proxy: 0.15282391011714935
result: False
power_upto_now: 0.1428571492433548
36th run
noise dimension : 8
noise variance: 99.84123229980469
original u-statistic:0.004166841506958008
p value proxy: 0.3654485046863556
result: False
power_upto_now: 0.1388888955116272
37th run
noise dimension : 8
noise variance: 100.00540161132812
original u-statistic:0.03956127166748047
p value proxy: 0.033222589641809464
result: True
power_upto_now: 0.1621621549129486
38th run
noise dimension : 8
noise variance: 100.09013366699219
original u-statistic:-0.004975318908691406
p value proxy: 0.6710963249206543
result: False
power_upto_now: 0.15789473056793213
39th run
noise dimension : 8
noise variance: 100.16754150390625
original u-statistic:-0.0012028217315673828
p value proxy: 0.44186046719551086
result: False
power_upto_now: 0.1538461595773697
40th run
noise dimension : 8
noise variance: 99.7609634399414
original u-statistic:0.007912397384643555
p value proxy: 0.302325576543808
result: False
power_upto_now: 0.15000000596046448
41th run
noise dimension : 8
noise variance: 99.8951644897461
original u-statistic:0.004681825637817383
p value proxy: 0.3056478202342987
result: False
power_upto_now: 0.1463414579629898
42th run
noise dimension : 8
noise variance: 100.07159423828125
original u-statistic:-0.016101837158203125
p value proxy: 0.9003322124481201
result: False
power_upto_now: 0.1428571492433548
43th run
noise dimension : 8
noise variance: 100.25979614257812
original u-statistic:-0.009097099304199219
p value proxy: 0.6578072905540466
result: False
power_upto_now: 0.13953489065170288
44th run
noise dimension : 8
noise variance: 100.33585357666016
original u-statistic:0.0017061233520507812
p value proxy: 0.39534881711006165
result: False
power_upto_now: 0.13636364042758942
45th run
noise dimension : 8
noise variance: 99.56426239013672
original u-statistic:0.008695363998413086
p value proxy: 0.23588038980960846
result: False
power_upto_now: 0.13333334028720856
46th run
noise dimension : 8
noise variance: 99.73810577392578
original u-statistic:-0.022076845169067383
p value proxy: 0.960132896900177
result: False
power_upto_now: 0.1304347813129425
47th run
noise dimension : 8
noise variance: 100.30778503417969
original u-statistic:0.0071125030517578125
p value proxy: 0.23255813121795654
result: False
power_upto_now: 0.12765957415103912
48th run
noise dimension : 8
noise variance: 100.18910217285156
original u-statistic:-0.013920068740844727
p value proxy: 0.7973421812057495
result: False
power_upto_now: 0.125
49th run
noise dimension : 8
noise variance: 99.98111724853516
original u-statistic:0.0022592544555664062
p value proxy: 0.3455149531364441
result: False
power_upto_now: 0.12244898080825806
50th run
noise dimension : 8
noise variance: 100.14854431152344
original u-statistic:-0.008411884307861328
p value proxy: 0.6544850468635559
result: False
power_upto_now: 0.11999999731779099
51th run
noise dimension : 8
noise variance: 99.80728149414062
original u-statistic:-0.0031251907348632812
p value proxy: 0.5348837375640869
result: False
power_upto_now: 0.11764705926179886
52th run
noise dimension : 8
noise variance: 99.62715148925781
original u-statistic:0.007691144943237305
p value proxy: 0.3521594703197479
result: False
power_upto_now: 0.11538461595773697
53th run
noise dimension : 8
noise variance: 99.8212661743164
original u-statistic:-0.02299022674560547
p value proxy: 0.9833886623382568
result: False
power_upto_now: 0.11320754885673523
54th run
noise dimension : 8
noise variance: 100.32925415039062
original u-statistic:-0.010403871536254883
p value proxy: 0.6910299062728882
result: False
power_upto_now: 0.1111111119389534
55th run
noise dimension : 8
noise variance: 100.06363677978516
original u-statistic:0.007592678070068359
p value proxy: 0.2425249069929123
result: False
power_upto_now: 0.1090909093618393
56th run
noise dimension : 8
noise variance: 99.8925552368164
original u-statistic:-0.017487525939941406
p value proxy: 0.8970099687576294
result: False
power_upto_now: 0.1071428582072258
57th run
noise dimension : 8
noise variance: 99.27446746826172
original u-statistic:0.017784595489501953
p value proxy: 0.14617939293384552
result: False
power_upto_now: 0.10526315867900848
58th run
noise dimension : 8
noise variance: 100.11993408203125
original u-statistic:-0.017031192779541016
p value proxy: 0.9169434905052185
result: False
power_upto_now: 0.1034482792019844
59th run
noise dimension : 8
noise variance: 100.11668395996094
original u-statistic:0.0030241012573242188
p value proxy: 0.3853820562362671
result: False
power_upto_now: 0.10169491171836853
60th run
noise dimension : 8
noise variance: 99.78031158447266
original u-statistic:-0.01964116096496582
p value proxy: 0.9667773842811584
result: False
power_upto_now: 0.10000000149011612
61th run
noise dimension : 8
noise variance: 100.27375793457031
original u-statistic:-0.02449965476989746
p value proxy: 0.9833886623382568
result: False
power_upto_now: 0.09836065769195557
62th run
noise dimension : 8
noise variance: 99.90210723876953
original u-statistic:-0.014308691024780273
p value proxy: 0.7774085998535156
result: False
power_upto_now: 0.09677419066429138
63th run
noise dimension : 8
noise variance: 100.17778778076172
original u-statistic:-0.015925884246826172
p value proxy: 0.8571428656578064
result: False
power_upto_now: 0.095238097012043
64th run
noise dimension : 8
noise variance: 99.67878723144531
original u-statistic:0.007268190383911133
p value proxy: 0.31229233741760254
result: False
power_upto_now: 0.09375
65th run
noise dimension : 8
noise variance: 99.92689514160156
original u-statistic:0.018491268157958984
p value proxy: 0.1229235827922821
result: False
power_upto_now: 0.0923076942563057
66th run
noise dimension : 8
noise variance: 99.73591613769531
original u-statistic:0.009064435958862305
p value proxy: 0.2591361999511719
result: False
power_upto_now: 0.09090909361839294
67th run
noise dimension : 8
noise variance: 100.31363677978516
original u-statistic:0.0016870498657226562
p value proxy: 0.4086378514766693
result: False
power_upto_now: 0.08955223858356476
68th run
noise dimension : 8
noise variance: 100.00089263916016
original u-statistic:0.010726213455200195
p value proxy: 0.23255813121795654
result: False
power_upto_now: 0.0882352963089943
69th run
noise dimension : 8
noise variance: 99.80020141601562
original u-statistic:0.0076143741607666016
p value proxy: 0.3056478202342987
result: False
power_upto_now: 0.08695652335882187
70th run
noise dimension : 8
noise variance: 99.55790710449219
original u-statistic:-0.01826953887939453
p value proxy: 0.9069766998291016
result: False
power_upto_now: 0.08571428805589676
71th run
noise dimension : 8
noise variance: 100.17821502685547
original u-statistic:-0.008562564849853516
p value proxy: 0.6378737688064575
result: False
power_upto_now: 0.0845070406794548
72th run
noise dimension : 8
noise variance: 99.86553192138672
original u-statistic:0.003298521041870117
p value proxy: 0.3322259187698364
result: False
power_upto_now: 0.0833333358168602
73th run
noise dimension : 8
noise variance: 99.93525695800781
original u-statistic:0.0025284290313720703
p value proxy: 0.3621262311935425
result: False
power_upto_now: 0.08219178020954132
74th run
noise dimension : 8
noise variance: 100.1624526977539
original u-statistic:-0.00848698616027832
p value proxy: 0.6877076029777527
result: False
power_upto_now: 0.0810810774564743
75th run
noise dimension : 8
noise variance: 100.1034164428711
original u-statistic:-0.011172056198120117
p value proxy: 0.7308970093727112
result: False
power_upto_now: 0.07999999821186066
76th run
noise dimension : 8
noise variance: 100.40005493164062
original u-statistic:-0.0005362033843994141
p value proxy: 0.3853820562362671
result: False
power_upto_now: 0.07894736528396606
77th run
noise dimension : 8
noise variance: 99.4566879272461
original u-statistic:-0.0011916160583496094
p value proxy: 0.5215946435928345
result: False
power_upto_now: 0.07792207598686218
78th run
noise dimension : 8
noise variance: 100.26072692871094
original u-statistic:-0.001781463623046875
p value proxy: 0.43853819370269775
result: False
power_upto_now: 0.07692307978868484
79th run
noise dimension : 8
noise variance: 100.0978775024414
original u-statistic:0.05038762092590332
p value proxy: 0.009966777637600899
result: True
power_upto_now: 0.08860759437084198
80th run
noise dimension : 8
noise variance: 99.69020080566406
original u-statistic:-0.010994911193847656
p value proxy: 0.714285671710968
result: False
power_upto_now: 0.08749999850988388
81th run
noise dimension : 8
noise variance: 99.89228820800781
original u-statistic:0.002721071243286133
p value proxy: 0.37873753905296326
result: False
power_upto_now: 0.08641975373029709
82th run
noise dimension : 8
noise variance: 100.07594299316406
original u-statistic:-0.01860833168029785
p value proxy: 0.9102990031242371
result: False
power_upto_now: 0.08536585420370102
83th run
noise dimension : 8
noise variance: 99.78329467773438
original u-statistic:0.03772592544555664
p value proxy: 0.039867110550403595
result: True
power_upto_now: 0.09638553857803345
84th run
noise dimension : 8
noise variance: 100.0338363647461
original u-statistic:-0.019688844680786133
p value proxy: 0.9269102811813354
result: False
power_upto_now: 0.095238097012043
85th run
noise dimension : 8
noise variance: 100.00038146972656
original u-statistic:0.0019974708557128906
p value proxy: 0.382059782743454
result: False
power_upto_now: 0.0941176488995552
86th run
noise dimension : 8
noise variance: 99.81787109375
original u-statistic:-0.0034322738647460938
p value proxy: 0.4916943311691284
result: False
power_upto_now: 0.09302325546741486
87th run
noise dimension : 8
noise variance: 99.9955825805664
original u-statistic:-0.00432896614074707
p value proxy: 0.5481727719306946
result: False
power_upto_now: 0.09195402264595032
88th run
noise dimension : 8
noise variance: 100.01326751708984
original u-statistic:-0.019071102142333984
p value proxy: 0.9102990031242371
result: False
power_upto_now: 0.09090909361839294
89th run
noise dimension : 8
noise variance: 99.97303771972656
original u-statistic:-0.005442380905151367
p value proxy: 0.5481727719306946
result: False
power_upto_now: 0.08988764137029648
90th run
noise dimension : 8
noise variance: 100.14289855957031
original u-statistic:-0.020143747329711914
p value proxy: 0.9501661062240601
result: False
power_upto_now: 0.08888889104127884
91th run
noise dimension : 8
noise variance: 99.90298461914062
original u-statistic:-0.007342815399169922
p value proxy: 0.674418568611145
result: False
power_upto_now: 0.08791209012269974
92th run
noise dimension : 8
noise variance: 99.75898742675781
original u-statistic:-0.02656245231628418
p value proxy: 1.0
result: False
power_upto_now: 0.08695652335882187
93th run
noise dimension : 8
noise variance: 99.71725463867188
original u-statistic:-0.016333580017089844
p value proxy: 0.8936876654624939
result: False
power_upto_now: 0.08602150529623032
94th run
noise dimension : 8
noise variance: 100.01806640625
original u-statistic:-0.003574371337890625
p value proxy: 0.5714285373687744
result: False
power_upto_now: 0.08510638028383255
95th run
noise dimension : 8
noise variance: 99.72039794921875
original u-statistic:0.015156984329223633
p value proxy: 0.11960132420063019
result: False
power_upto_now: 0.08421052992343903
96th run
noise dimension : 8
noise variance: 100.28252410888672
original u-statistic:-0.013606548309326172
p value proxy: 0.8006644248962402
result: False
power_upto_now: 0.0833333358168602
97th run
noise dimension : 8
noise variance: 100.01079559326172
original u-statistic:0.009045600891113281
p value proxy: 0.22923587262630463
result: False
power_upto_now: 0.0824742242693901
98th run
noise dimension : 8
noise variance: 99.78541564941406
original u-statistic:0.02078986167907715
p value proxy: 0.09634551405906677
result: False
power_upto_now: 0.08163265138864517
99th run
noise dimension : 8
noise variance: 100.36233520507812
original u-statistic:-0.028540611267089844
p value proxy: 1.0
result: False
power_upto_now: 0.08080808073282242
100th run
noise dimension : 8
noise variance: 99.72307586669922
original u-statistic:0.01302957534790039
p value proxy: 0.16943521797657013
result: False
power_upto_now: 0.07999999821186066
101th run
noise dimension : 8
noise variance: 100.0182113647461
original u-statistic:0.036337852478027344
p value proxy: 0.04651162773370743
result: True
power_upto_now: 0.0891089141368866
102th run
noise dimension : 8
noise variance: 100.17643737792969
original u-statistic:-0.01703500747680664
p value proxy: 0.8671095967292786
result: False
power_upto_now: 0.0882352963089943
103th run
noise dimension : 8
noise variance: 100.2381362915039
original u-statistic:0.008003711700439453
p value proxy: 0.23920264840126038
result: False
power_upto_now: 0.08737864345312119
104th run
noise dimension : 8
noise variance: 99.91338348388672
original u-statistic:0.002913236618041992
p value proxy: 0.3720930218696594
result: False
power_upto_now: 0.08653846383094788
105th run
noise dimension : 8
noise variance: 99.90326690673828
original u-statistic:-0.008370399475097656
p value proxy: 0.7043189406394958
result: False
power_upto_now: 0.08571428805589676
106th run
noise dimension : 8
noise variance: 99.76302337646484
original u-statistic:0.008470296859741211
p value proxy: 0.21594683825969696
result: False
power_upto_now: 0.08490566164255142
107th run
noise dimension : 8
noise variance: 100.23782348632812
original u-statistic:-0.0014073848724365234
p value proxy: 0.49833884835243225
result: False
power_upto_now: 0.08411215245723724
108th run
noise dimension : 8
noise variance: 100.10151672363281
original u-statistic:0.03366589546203613
p value proxy: 0.029900331050157547
result: True
power_upto_now: 0.09259258955717087
109th run
noise dimension : 8
noise variance: 99.95701599121094
original u-statistic:0.004198551177978516
p value proxy: 0.35548171401023865
result: False
power_upto_now: 0.0917431190609932
110th run
noise dimension : 8
noise variance: 100.30852508544922
original u-statistic:-0.0006203651428222656
p value proxy: 0.37541526556015015
result: False
power_upto_now: 0.09090909361839294
111th run
noise dimension : 8
noise variance: 99.94052124023438
original u-statistic:0.011289358139038086
p value proxy: 0.21926909685134888
result: False
power_upto_now: 0.09009008854627609
112th run
noise dimension : 8
noise variance: 100.14227294921875
original u-statistic:0.009968042373657227
p value proxy: 0.23920264840126038
result: False
power_upto_now: 0.0892857164144516
113th run
noise dimension : 8
noise variance: 100.00413513183594
original u-statistic:-0.0010547637939453125
p value proxy: 0.49501660466194153
result: False
power_upto_now: 0.08849557489156723
114th run
noise dimension : 8
noise variance: 100.19833374023438
original u-statistic:0.003958463668823242
p value proxy: 0.3255814015865326
result: False
power_upto_now: 0.08771929889917374
115th run
noise dimension : 8
noise variance: 99.84103393554688
original u-statistic:-0.01697540283203125
p value proxy: 0.8903654217720032
result: False
power_upto_now: 0.08695652335882187
116th run
noise dimension : 8
noise variance: 100.41487884521484
original u-statistic:0.0083770751953125
p value proxy: 0.262458473443985
result: False
power_upto_now: 0.08620689809322357
117th run
noise dimension : 8
noise variance: 99.8597183227539
original u-statistic:0.0011394023895263672
p value proxy: 0.4285714328289032
result: False
power_upto_now: 0.08547008782625198
118th run
noise dimension : 8
noise variance: 99.91948699951172
original u-statistic:0.015539884567260742
p value proxy: 0.17607973515987396
result: False
power_upto_now: 0.08474576473236084
119th run
noise dimension : 8
noise variance: 100.19843292236328
original u-statistic:0.004292488098144531
p value proxy: 0.4019933342933655
result: False
power_upto_now: 0.08403361588716507
120th run
noise dimension : 8
noise variance: 99.93196868896484
original u-statistic:0.023319482803344727
p value proxy: 0.09966777265071869
result: False
power_upto_now: 0.0833333358168602
121th run
noise dimension : 8
noise variance: 99.7325668334961
original u-statistic:0.015542268753051758
p value proxy: 0.11295680701732635
result: False
power_upto_now: 0.08264462649822235
122th run
noise dimension : 8
noise variance: 100.10938262939453
original u-statistic:0.006135225296020508
p value proxy: 0.2857142686843872
result: False
power_upto_now: 0.08196721225976944
123th run
noise dimension : 8
noise variance: 99.43377685546875
original u-statistic:0.006024837493896484
p value proxy: 0.3056478202342987
result: False
power_upto_now: 0.08130080997943878
124th run
noise dimension : 8
noise variance: 100.24810791015625
original u-statistic:0.0016450881958007812
p value proxy: 0.3887042999267578
result: False
power_upto_now: 0.08064515888690948
125th run
noise dimension : 8
noise variance: 100.10305786132812
original u-statistic:-0.012716293334960938
p value proxy: 0.7707641124725342
result: False
power_upto_now: 0.07999999821186066
126th run
noise dimension : 8
noise variance: 99.62714385986328
original u-statistic:-0.009806394577026367
p value proxy: 0.7176079750061035
result: False
power_upto_now: 0.0793650820851326
127th run
noise dimension : 8
noise variance: 100.21785736083984
original u-statistic:-0.01818704605102539
p value proxy: 0.9003322124481201
result: False
power_upto_now: 0.07874015718698502
128th run
noise dimension : 8
noise variance: 99.87885284423828
original u-statistic:-0.002823352813720703
p value proxy: 0.5182723999023438
result: False
power_upto_now: 0.078125
129th run
noise dimension : 8
noise variance: 100.13715362548828
original u-statistic:0.03064751625061035
p value proxy: 0.049833886325359344
result: True
power_upto_now: 0.08527132123708725
130th run
noise dimension : 8
noise variance: 99.7482681274414
original u-statistic:0.007895231246948242
p value proxy: 0.2458471655845642
result: False
power_upto_now: 0.08461538702249527
131th run
noise dimension : 8
noise variance: 100.17306518554688
original u-statistic:0.02998185157775879
p value proxy: 0.049833886325359344
result: True
power_upto_now: 0.09160305559635162
132th run
noise dimension : 8
noise variance: 100.15485382080078
original u-statistic:0.019509077072143555
p value proxy: 0.11627906560897827
result: False
power_upto_now: 0.09090909361839294
133th run
noise dimension : 8
noise variance: 99.92206573486328
original u-statistic:-0.0008165836334228516
p value proxy: 0.43853819370269775
result: False
power_upto_now: 0.09022556245326996
134th run
noise dimension : 8
noise variance: 100.02665710449219
original u-statistic:0.004120588302612305
p value proxy: 0.33554816246032715
result: False
power_upto_now: 0.08955223858356476
135th run
noise dimension : 8
noise variance: 100.03695678710938
original u-statistic:-0.005599260330200195
p value proxy: 0.5614618062973022
result: False
power_upto_now: 0.08888889104127884
136th run
noise dimension : 8
noise variance: 100.08426666259766
original u-statistic:-0.012266874313354492
p value proxy: 0.7607973217964172
result: False
power_upto_now: 0.0882352963089943
137th run
noise dimension : 8
noise variance: 99.70191192626953
original u-statistic:0.020932674407958984
p value proxy: 0.11295680701732635
result: False
power_upto_now: 0.08759123831987381
138th run
noise dimension : 8
noise variance: 99.9671859741211
original u-statistic:-0.006558895111083984
p value proxy: 0.6312292218208313
result: False
power_upto_now: 0.08695652335882187
139th run
noise dimension : 8
noise variance: 99.8076171875
original u-statistic:-0.015875577926635742
p value proxy: 0.8471760749816895
result: False
power_upto_now: 0.08633093535900116
140th run
noise dimension : 8
noise variance: 99.89655303955078
original u-statistic:0.007719993591308594
p value proxy: 0.2458471655845642
result: False
power_upto_now: 0.08571428805589676
141th run
noise dimension : 8
noise variance: 99.35578155517578
original u-statistic:-0.011483430862426758
p value proxy: 0.724252462387085
result: False
power_upto_now: 0.08510638028383255
142th run
noise dimension : 8
noise variance: 100.1151123046875
original u-statistic:0.0001087188720703125
p value proxy: 0.4252491593360901
result: False
power_upto_now: 0.0845070406794548
143th run
noise dimension : 8
noise variance: 100.31792449951172
original u-statistic:-0.014206647872924805
p value proxy: 0.8405315279960632
result: False
power_upto_now: 0.0839160829782486
144th run
noise dimension : 8
noise variance: 100.1461181640625
original u-statistic:0.01071476936340332
p value proxy: 0.2225913554430008
result: False
power_upto_now: 0.0833333358168602
145th run
noise dimension : 8
noise variance: 100.00961303710938
original u-statistic:-0.019087553024291992
p value proxy: 0.9003322124481201
result: False
power_upto_now: 0.08275862038135529
146th run
noise dimension : 8
noise variance: 100.08057403564453
original u-statistic:-0.010525226593017578
p value proxy: 0.7475082874298096
result: False
power_upto_now: 0.08219178020954132
147th run
noise dimension : 8
noise variance: 100.3593521118164
original u-statistic:-0.015409708023071289
p value proxy: 0.8604651093482971
result: False
power_upto_now: 0.08163265138864517
148th run
noise dimension : 8
noise variance: 99.78235626220703
original u-statistic:0.0009088516235351562
p value proxy: 0.3887042999267578
result: False
power_upto_now: 0.0810810774564743
149th run
noise dimension : 8
noise variance: 99.9880142211914
original u-statistic:0.01858043670654297
p value proxy: 0.17940199375152588
result: False
power_upto_now: 0.08053690940141678
150th run
noise dimension : 8
noise variance: 99.83675384521484
original u-statistic:-0.021424293518066406
p value proxy: 0.9634551405906677
result: False
power_upto_now: 0.07999999821186066
151th run
noise dimension : 8
noise variance: 100.31551361083984
original u-statistic:0.02668452262878418
p value proxy: 0.07973422110080719
result: False
power_upto_now: 0.0794702023267746
152th run
noise dimension : 8
noise variance: 100.37390899658203
original u-statistic:-0.01773834228515625
p value proxy: 0.8770763874053955
result: False
power_upto_now: 0.07894736528396606
153th run
noise dimension : 8
noise variance: 99.61811828613281
original u-statistic:-0.009429216384887695
p value proxy: 0.6710963249206543
result: False
power_upto_now: 0.0784313753247261
154th run
noise dimension : 8
noise variance: 99.8357162475586
original u-statistic:0.01614069938659668
p value proxy: 0.1827242523431778
result: False
power_upto_now: 0.07792207598686218
155th run
noise dimension : 8
noise variance: 100.16422271728516
original u-statistic:-0.0167233943939209
p value proxy: 0.8671095967292786
result: False
power_upto_now: 0.07741935551166534
156th run
noise dimension : 8
noise variance: 99.94795227050781
original u-statistic:0.010035276412963867
p value proxy: 0.22923587262630463
result: False
power_upto_now: 0.07692307978868484
157th run
noise dimension : 8
noise variance: 99.86566162109375
original u-statistic:-0.002533435821533203
p value proxy: 0.4684385359287262
result: False
power_upto_now: 0.07643312215805054
158th run
noise dimension : 8
noise variance: 100.19839477539062
original u-statistic:-0.02238178253173828
p value proxy: 0.9468438029289246
result: False
power_upto_now: 0.07594936341047287
159th run
noise dimension : 8
noise variance: 100.51316833496094
original u-statistic:-0.0001266002655029297
p value proxy: 0.4318936765193939
result: False
power_upto_now: 0.07547169923782349
160th run
noise dimension : 8
noise variance: 100.13793182373047
original u-statistic:-0.008414983749389648
p value proxy: 0.6511628031730652
result: False
power_upto_now: 0.07500000298023224
161th run
noise dimension : 8
noise variance: 100.19316864013672
original u-statistic:-0.003706216812133789
p value proxy: 0.5747508406639099
result: False
power_upto_now: 0.07453416287899017
162th run
noise dimension : 8
noise variance: 99.703857421875
original u-statistic:-0.005816221237182617
p value proxy: 0.5714285373687744
result: False
power_upto_now: 0.07407407462596893
163th run
noise dimension : 8
noise variance: 100.37905883789062
original u-statistic:0.017062664031982422
p value proxy: 0.15614616870880127
result: False
power_upto_now: 0.07361963391304016
164th run
noise dimension : 8
noise variance: 99.92802429199219
original u-statistic:-0.0010745525360107422
p value proxy: 0.4518272280693054
result: False
power_upto_now: 0.0731707289814949
165th run
noise dimension : 8
noise variance: 100.33329772949219
original u-statistic:0.0066030025482177734
p value proxy: 0.3056478202342987
result: False
power_upto_now: 0.072727270424366
166th run
noise dimension : 8
noise variance: 99.89100646972656
original u-statistic:-0.010646581649780273
p value proxy: 0.7209302186965942
result: False
power_upto_now: 0.07228915393352509
167th run
noise dimension : 8
noise variance: 99.7591781616211
original u-statistic:0.010083198547363281
p value proxy: 0.2691029906272888
result: False
power_upto_now: 0.071856290102005
168th run
noise dimension : 8
noise variance: 99.85107421875
original u-statistic:0.014581441879272461
p value proxy: 0.14950165152549744
result: False
power_upto_now: 0.0714285746216774
169th run
noise dimension : 8
noise variance: 100.41182708740234
original u-statistic:0.02008652687072754
p value proxy: 0.12624584138393402
result: False
power_upto_now: 0.0710059180855751
170th run
noise dimension : 8
noise variance: 99.99067687988281
original u-statistic:-0.003178119659423828
p value proxy: 0.49501660466194153
result: False
power_upto_now: 0.07058823853731155
171th run
noise dimension : 8
noise variance: 99.55887603759766
original u-statistic:-0.009558439254760742
p value proxy: 0.674418568611145
result: False
power_upto_now: 0.07017543911933899
172th run
noise dimension : 8
noise variance: 100.3271255493164
original u-statistic:-2.384185791015625e-07
p value proxy: 0.41528236865997314
result: False
power_upto_now: 0.06976744532585144
173th run
noise dimension : 8
noise variance: 100.02239227294922
original u-statistic:-0.014851093292236328
p value proxy: 0.8338870406150818
result: False
power_upto_now: 0.06936416029930115
174th run
noise dimension : 8
noise variance: 99.59393310546875
original u-statistic:-0.0018694400787353516
p value proxy: 0.41528236865997314
result: False
power_upto_now: 0.06896551698446274
175th run
noise dimension : 8
noise variance: 100.01016235351562
original u-statistic:-0.00659632682800293
p value proxy: 0.6112956404685974
result: False
power_upto_now: 0.06857142597436905
176th run
noise dimension : 8
noise variance: 100.30610656738281
original u-statistic:0.01657414436340332
p value proxy: 0.15282391011714935
result: False
power_upto_now: 0.06818182021379471
177th run
noise dimension : 8
noise variance: 100.13130187988281
original u-statistic:-0.0035293102264404297
p value proxy: 0.5083056092262268
result: False
power_upto_now: 0.06779661029577255
178th run
noise dimension : 8
noise variance: 99.91389465332031
original u-statistic:0.008998870849609375
p value proxy: 0.25249168276786804
result: False
power_upto_now: 0.06741572916507721
179th run
noise dimension : 8
noise variance: 99.78103637695312
original u-statistic:-0.005028247833251953
p value proxy: 0.514950156211853
result: False
power_upto_now: 0.0670391097664833
180th run
noise dimension : 8
noise variance: 99.9228286743164
original u-statistic:0.016134262084960938
p value proxy: 0.19933554530143738
result: False
power_upto_now: 0.06666667014360428
181th run
noise dimension : 8
noise variance: 99.46914672851562
original u-statistic:-0.015411138534545898
p value proxy: 0.8205980062484741
result: False
power_upto_now: 0.06629834324121475
182th run
noise dimension : 8
noise variance: 100.16116333007812
original u-statistic:-0.010403633117675781
p value proxy: 0.6877076029777527
result: False
power_upto_now: 0.06593406945466995
183th run
noise dimension : 8
noise variance: 99.9853286743164
original u-statistic:0.013756275177001953
p value proxy: 0.18936876952648163
result: False
power_upto_now: 0.06557376682758331
184th run
noise dimension : 8
noise variance: 100.06256866455078
original u-statistic:0.026967763900756836
p value proxy: 0.07973422110080719
result: False
power_upto_now: 0.06521739065647125
185th run
noise dimension : 8
noise variance: 99.82072448730469
original u-statistic:-0.018459320068359375
p value proxy: 0.8604651093482971
result: False
power_upto_now: 0.0648648664355278
186th run
noise dimension : 8
noise variance: 99.76902770996094
original u-statistic:-0.017530441284179688
p value proxy: 0.9169434905052185
result: False
power_upto_now: 0.06451612710952759
187th run
noise dimension : 8
noise variance: 100.09135437011719
original u-statistic:-0.012908697128295898
p value proxy: 0.7906976342201233
result: False
power_upto_now: 0.06417112052440643
188th run
noise dimension : 8
noise variance: 99.784912109375
original u-statistic:0.004858732223510742
p value proxy: 0.3455149531364441
result: False
power_upto_now: 0.06382978707551956
189th run
noise dimension : 8
noise variance: 99.74099731445312
original u-statistic:-0.0014867782592773438
p value proxy: 0.514950156211853
result: False
power_upto_now: 0.0634920671582222
190th run
noise dimension : 8
noise variance: 99.93036651611328
original u-statistic:-0.0188143253326416
p value proxy: 0.9302325248718262
result: False
power_upto_now: 0.06315789371728897
191th run
noise dimension : 8
noise variance: 100.38377380371094
original u-statistic:0.004144906997680664
p value proxy: 0.3056478202342987
result: False
power_upto_now: 0.0628272220492363
192th run
noise dimension : 8
noise variance: 100.35124206542969
original u-statistic:-0.016849517822265625
p value proxy: 0.8870431780815125
result: False
power_upto_now: 0.0625
193th run
noise dimension : 8
noise variance: 99.98351287841797
original u-statistic:-0.01917552947998047
p value proxy: 0.9235880374908447
result: False
power_upto_now: 0.062176164239645004
194th run
noise dimension : 8
noise variance: 99.81353759765625
original u-statistic:-0.00468897819519043
p value proxy: 0.5315614342689514
result: False
power_upto_now: 0.06185567006468773
195th run
noise dimension : 8
noise variance: 99.70258331298828
original u-statistic:-0.013863563537597656
p value proxy: 0.8338870406150818
result: False
power_upto_now: 0.0615384615957737
196th run
noise dimension : 8
noise variance: 99.76671600341797
original u-statistic:0.006939411163330078
p value proxy: 0.25249168276786804
result: False
power_upto_now: 0.06122449040412903
197th run
noise dimension : 8
noise variance: 100.22674560546875
original u-statistic:-0.0019106864929199219
p value proxy: 0.5315614342689514
result: False
power_upto_now: 0.060913704335689545
198th run
noise dimension : 8
noise variance: 100.39225769042969
original u-statistic:-0.009939193725585938
p value proxy: 0.6976743936538696
result: False
power_upto_now: 0.06060606241226196
199th run
noise dimension : 8
noise variance: 100.08204650878906
original u-statistic:-0.01087808609008789
p value proxy: 0.7508305311203003
result: False
power_upto_now: 0.060301508754491806
200th run
noise dimension : 8
noise variance: 99.91802215576172
original u-statistic:-0.012348413467407227
p value proxy: 0.7906976342201233
result: False
power_upto_now: 0.05999999865889549
201th run
noise dimension : 8
noise variance: 99.7773666381836
original u-statistic:0.028593063354492188
p value proxy: 0.059800662100315094
result: False
power_upto_now: 0.05970149114727974
202th run
noise dimension : 8
noise variance: 100.15557861328125
original u-statistic:0.0344698429107666
p value proxy: 0.02657807245850563
result: True
power_upto_now: 0.06435643881559372
203th run
noise dimension : 8
noise variance: 100.06482696533203
original u-statistic:0.02435898780822754
p value proxy: 0.09634551405906677
result: False
power_upto_now: 0.06403940916061401
204th run
noise dimension : 8
noise variance: 99.98162841796875
original u-statistic:0.0036728382110595703
p value proxy: 0.382059782743454
result: False
power_upto_now: 0.06372549384832382
205th run
noise dimension : 8
noise variance: 100.08226776123047
original u-statistic:-0.003667116165161133
p value proxy: 0.5415282249450684
result: False
power_upto_now: 0.06341463327407837
206th run
noise dimension : 8
noise variance: 99.96023559570312
original u-statistic:-0.018054485321044922
p value proxy: 0.8837209343910217
result: False
power_upto_now: 0.06310679763555527
207th run
noise dimension : 8
noise variance: 99.94681549072266
original u-statistic:-0.0009784698486328125
p value proxy: 0.49501660466194153
result: False
power_upto_now: 0.06280193477869034
208th run
noise dimension : 8
noise variance: 100.20869445800781
original u-statistic:-0.01613903045654297
p value proxy: 0.8504983186721802
result: False
power_upto_now: 0.0625
209th run
noise dimension : 8
noise variance: 99.68543243408203
original u-statistic:-0.0032851696014404297
p value proxy: 0.5382059812545776
result: False
power_upto_now: 0.06220095604658127
210th run
noise dimension : 8
noise variance: 100.00928497314453
original u-statistic:-0.005173683166503906
p value proxy: 0.6146179437637329
result: False
power_upto_now: 0.06190476194024086
211th run
noise dimension : 8
noise variance: 99.8559341430664
original u-statistic:-0.02135181427001953
p value proxy: 0.960132896900177
result: False
power_upto_now: 0.061611372977495193
212th run
noise dimension : 8
noise variance: 99.35053253173828
original u-statistic:-0.0021359920501708984
p value proxy: 0.4883720874786377
result: False
power_upto_now: 0.06132075563073158
213th run
noise dimension : 8
noise variance: 99.89877319335938
original u-statistic:-0.016036272048950195
p value proxy: 0.8737541437149048
result: False
power_upto_now: 0.061032865196466446
214th run
noise dimension : 8
noise variance: 100.10669708251953
original u-statistic:0.00048661231994628906
p value proxy: 0.43853819370269775
result: False
power_upto_now: 0.0607476644217968
215th run
noise dimension : 8
noise variance: 100.39311218261719
original u-statistic:0.0007374286651611328
p value proxy: 0.3920265734195709
result: False
power_upto_now: 0.060465116053819656
216th run
noise dimension : 8
noise variance: 100.06706237792969
original u-statistic:0.016132593154907227
p value proxy: 0.1661129593849182
result: False
power_upto_now: 0.06018518656492233
217th run
noise dimension : 8
noise variance: 100.37013244628906
original u-statistic:-0.0017006397247314453
p value proxy: 0.5016611218452454
result: False
power_upto_now: 0.059907834976911545
218th run
noise dimension : 8
noise variance: 99.7772216796875
original u-statistic:0.0257875919342041
p value proxy: 0.06644517928361893
result: False
power_upto_now: 0.059633027762174606
219th run
noise dimension : 8
noise variance: 99.60484313964844
original u-statistic:0.0030355453491210938
p value proxy: 0.3853820562362671
result: False
power_upto_now: 0.05936073139309883
220th run
noise dimension : 8
noise variance: 99.921142578125
original u-statistic:0.029274702072143555
p value proxy: 0.07973422110080719
result: False
power_upto_now: 0.059090908616781235
221th run
noise dimension : 8
noise variance: 99.83196258544922
original u-statistic:-0.0066852569580078125
p value proxy: 0.6146179437637329
result: False
power_upto_now: 0.05882352963089943
222th run
noise dimension : 8
noise variance: 99.77235412597656
original u-statistic:-0.008723735809326172
p value proxy: 0.6378737688064575
result: False
power_upto_now: 0.05855855718255043
223th run
noise dimension : 8
noise variance: 100.26144409179688
original u-statistic:-0.005509853363037109
p value proxy: 0.594684362411499
result: False
power_upto_now: 0.05829596519470215
224th run
noise dimension : 8
noise variance: 100.2820053100586
original u-statistic:-0.020000696182250977
p value proxy: 0.9069766998291016
result: False
power_upto_now: 0.0580357126891613
225th run
noise dimension : 8
noise variance: 100.15467834472656
original u-statistic:-0.025834321975708008
p value proxy: 0.9933554530143738
result: False
power_upto_now: 0.057777777314186096
226th run
noise dimension : 8
noise variance: 100.09905242919922
original u-statistic:0.007648468017578125
p value proxy: 0.24916942417621613
result: False
power_upto_now: 0.05752212554216385
227th run
noise dimension : 8
noise variance: 100.08203887939453
original u-statistic:-0.018898725509643555
p value proxy: 0.9136212468147278
result: False
power_upto_now: 0.05726872384548187
228th run
noise dimension : 8
noise variance: 99.90936279296875
original u-statistic:-0.0018095970153808594
p value proxy: 0.5215946435928345
result: False
power_upto_now: 0.05701754242181778
229th run
noise dimension : 8
noise variance: 99.61915588378906
original u-statistic:0.008163928985595703
p value proxy: 0.2657807171344757
result: False
power_upto_now: 0.05676855891942978
230th run
noise dimension : 8
noise variance: 99.92247772216797
original u-statistic:0.030475378036499023
p value proxy: 0.049833886325359344
result: True
power_upto_now: 0.06086956337094307
231th run
noise dimension : 8
noise variance: 100.1729736328125
original u-statistic:-0.014338493347167969
p value proxy: 0.7940199375152588
result: False
power_upto_now: 0.06060606241226196
232th run
noise dimension : 8
noise variance: 100.27437591552734
original u-statistic:0.013538837432861328
p value proxy: 0.18936876952648163
result: False
power_upto_now: 0.06034482643008232
233th run
noise dimension : 8
noise variance: 100.08740234375
original u-statistic:0.028844833374023438
p value proxy: 0.04651162773370743
result: True
power_upto_now: 0.06437768042087555
234th run
noise dimension : 8
noise variance: 100.21803283691406
original u-statistic:0.02077484130859375
p value proxy: 0.11960132420063019
result: False
power_upto_now: 0.06410256773233414
235th run
noise dimension : 8
noise variance: 100.28519439697266
original u-statistic:0.013765096664428711
p value proxy: 0.1661129593849182
result: False
power_upto_now: 0.06382978707551956
236th run
noise dimension : 8
noise variance: 100.30654907226562
original u-statistic:0.01488494873046875
p value proxy: 0.14950165152549744
result: False
power_upto_now: 0.06355932354927063
237th run
noise dimension : 8
noise variance: 100.12278747558594
original u-statistic:0.005322933197021484
p value proxy: 0.2990033030509949
result: False
power_upto_now: 0.06329113990068436
238th run
noise dimension : 8
noise variance: 100.23649597167969
original u-statistic:0.02182173728942871
p value proxy: 0.10963454842567444
result: False
power_upto_now: 0.06302521377801895
239th run
noise dimension : 8
noise variance: 99.93113708496094
original u-statistic:-0.00714564323425293
p value proxy: 0.5714285373687744
result: False
power_upto_now: 0.06276150792837143
240th run
noise dimension : 8
noise variance: 99.8729248046875
original u-statistic:0.047963619232177734
p value proxy: 0.013289036229252815
result: True
power_upto_now: 0.06666667014360428
241th run
noise dimension : 8
noise variance: 99.90514373779297
original u-statistic:-0.0017821788787841797
p value proxy: 0.45847174525260925
result: False
power_upto_now: 0.06639004498720169
242th run
noise dimension : 8
noise variance: 99.69465637207031
original u-statistic:-0.02740192413330078
p value proxy: 1.0
result: False
power_upto_now: 0.06611569970846176
243th run
noise dimension : 8
noise variance: 99.89302825927734
original u-statistic:0.03124260902404785
p value proxy: 0.039867110550403595
result: True
power_upto_now: 0.06995885074138641
244th run
noise dimension : 8
noise variance: 99.78805541992188
original u-statistic:-0.013721227645874023
p value proxy: 0.8006644248962402
result: False
power_upto_now: 0.069672130048275
245th run
noise dimension : 8
noise variance: 99.90831756591797
original u-statistic:0.011359691619873047
p value proxy: 0.2425249069929123
result: False
power_upto_now: 0.0693877562880516
246th run
noise dimension : 8
noise variance: 99.91192626953125
original u-statistic:0.007503986358642578
p value proxy: 0.2657807171344757
result: False
power_upto_now: 0.06910569220781326
247th run
noise dimension : 8
noise variance: 99.95978546142578
original u-statistic:0.020561933517456055
p value proxy: 0.1029900312423706
result: False
power_upto_now: 0.06882590800523758
248th run
noise dimension : 8
noise variance: 99.83129119873047
original u-statistic:0.0003380775451660156
p value proxy: 0.4518272280693054
result: False
power_upto_now: 0.06854838877916336
249th run
noise dimension : 8
noise variance: 99.83631134033203
original u-statistic:0.0023300647735595703
p value proxy: 0.3887042999267578
result: False
power_upto_now: 0.06827308982610703
250th run
noise dimension : 8
noise variance: 99.79822540283203
original u-statistic:0.0031898021697998047
p value proxy: 0.31561461091041565
result: False
power_upto_now: 0.06800000369548798
251th run
noise dimension : 8
noise variance: 99.83185577392578
original u-statistic:-0.017960786819458008
p value proxy: 0.9235880374908447
result: False
power_upto_now: 0.06772908568382263
252th run
noise dimension : 8
noise variance: 99.93787384033203
original u-statistic:0.0016527175903320312
p value proxy: 0.3455149531364441
result: False
power_upto_now: 0.0674603208899498
253th run
noise dimension : 8
noise variance: 100.2047119140625
original u-statistic:-0.002301454544067383
p value proxy: 0.45514950156211853
result: False
power_upto_now: 0.06719367951154709
254th run
noise dimension : 8
noise variance: 100.00920867919922
original u-statistic:0.0054438114166259766
p value proxy: 0.2990033030509949
result: False
power_upto_now: 0.06692913174629211
255th run
noise dimension : 8
noise variance: 100.4162368774414
original u-statistic:-0.017962217330932617
p value proxy: 0.8671095967292786
result: False
power_upto_now: 0.06666667014360428
256th run
noise dimension : 8
noise variance: 99.82571411132812
original u-statistic:0.002483844757080078
p value proxy: 0.3654485046863556
result: False
power_upto_now: 0.06640625
257th run
noise dimension : 8
noise variance: 99.94539642333984
original u-statistic:-0.016813039779663086
p value proxy: 0.8770763874053955
result: False
power_upto_now: 0.06614785641431808
258th run
noise dimension : 8
noise variance: 99.97400665283203
original u-statistic:-0.006757974624633789
p value proxy: 0.6245846748352051
result: False
power_upto_now: 0.06589147448539734
259th run
noise dimension : 8
noise variance: 100.1315689086914
original u-statistic:-0.0031960010528564453
p value proxy: 0.47508305311203003
result: False
power_upto_now: 0.06563706696033478
260th run
noise dimension : 8
noise variance: 100.3056869506836
original u-statistic:-0.013103485107421875
p value proxy: 0.8172757029533386
result: False
power_upto_now: 0.06538461893796921
261th run
noise dimension : 8
noise variance: 100.02723693847656
original u-statistic:-0.015843868255615234
p value proxy: 0.8704319000244141
result: False
power_upto_now: 0.06513410061597824
262th run
noise dimension : 8
noise variance: 100.32217407226562
original u-statistic:-0.011663675308227539
p value proxy: 0.7408637404441833
result: False
power_upto_now: 0.06488549709320068
263th run
noise dimension : 8
noise variance: 99.93162536621094
original u-statistic:0.0222470760345459
p value proxy: 0.09634551405906677
result: False
power_upto_now: 0.06463878601789474
264th run
noise dimension : 8
noise variance: 100.2314224243164
original u-statistic:-0.014481067657470703
p value proxy: 0.8106312155723572
result: False
power_upto_now: 0.06439393758773804
265th run
noise dimension : 8
noise variance: 99.83190155029297
original u-statistic:-0.025217294692993164
p value proxy: 0.9833886623382568
result: False
power_upto_now: 0.06415094435214996
266th run
noise dimension : 8
noise variance: 100.03285217285156
original u-statistic:0.018157482147216797
p value proxy: 0.14617939293384552
result: False
power_upto_now: 0.06390977650880814
267th run
noise dimension : 8
noise variance: 100.30842590332031
original u-statistic:-0.013668298721313477
p value proxy: 0.8305647373199463
result: False
power_upto_now: 0.06367041170597076
268th run
noise dimension : 8
noise variance: 99.92086791992188
original u-statistic:-0.01953268051147461
p value proxy: 0.9069766998291016
result: False
power_upto_now: 0.06343283504247665
269th run
noise dimension : 8
noise variance: 99.88312530517578
original u-statistic:-0.013102293014526367
p value proxy: 0.8172757029533386
result: False
power_upto_now: 0.06319702416658401
270th run
noise dimension : 8
noise variance: 99.6025619506836
original u-statistic:-0.0009181499481201172
p value proxy: 0.4916943311691284
result: False
power_upto_now: 0.06296296417713165
271th run
noise dimension : 8
noise variance: 100.47343444824219
original u-statistic:-0.012454032897949219
p value proxy: 0.8006644248962402
result: False
power_upto_now: 0.06273062527179718
272th run
noise dimension : 8
noise variance: 99.88994598388672
original u-statistic:-0.0301971435546875
p value proxy: 1.0
result: False
power_upto_now: 0.0625
273th run
noise dimension : 8
noise variance: 100.11750793457031
original u-statistic:0.03719139099121094
p value proxy: 0.029900331050157547
result: True
power_upto_now: 0.06593406945466995
274th run
noise dimension : 8
noise variance: 99.81794738769531
original u-statistic:-0.012973546981811523
p value proxy: 0.7707641124725342
result: False
power_upto_now: 0.0656934306025505
275th run
noise dimension : 8
noise variance: 100.0763168334961
original u-statistic:0.033550262451171875
p value proxy: 0.049833886325359344
result: True
power_upto_now: 0.06909091025590897
276th run
noise dimension : 8
noise variance: 100.13777160644531
original u-statistic:0.02702045440673828
p value proxy: 0.0830564796924591
result: False
power_upto_now: 0.06884057819843292
277th run
noise dimension : 8
noise variance: 99.92041778564453
original u-statistic:0.021884679794311523
p value proxy: 0.10963454842567444
result: False
power_upto_now: 0.06859205663204193
278th run
noise dimension : 8
noise variance: 99.70713806152344
original u-statistic:-0.00442957878112793
p value proxy: 0.5348837375640869
result: False
power_upto_now: 0.0683453232049942
279th run
noise dimension : 8
noise variance: 99.47911071777344
original u-statistic:-0.006927013397216797
p value proxy: 0.6677740812301636
result: False
power_upto_now: 0.06810035556554794
280th run
noise dimension : 8
noise variance: 99.85515594482422
original u-statistic:-0.013492107391357422
p value proxy: 0.7774085998535156
result: False
power_upto_now: 0.06785714626312256
281th run
noise dimension : 8
noise variance: 99.97394561767578
original u-statistic:-0.011911392211914062
p value proxy: 0.7308970093727112
result: False
power_upto_now: 0.06761565804481506
282th run
noise dimension : 8
noise variance: 99.87873840332031
original u-statistic:0.00913691520690918
p value proxy: 0.2591361999511719
result: False
power_upto_now: 0.06737588346004486
283th run
noise dimension : 8
noise variance: 100.4361572265625
original u-statistic:-0.0010914802551269531
p value proxy: 0.43853819370269775
result: False
power_upto_now: 0.06713780760765076
284th run
noise dimension : 8
noise variance: 99.82496643066406
original u-statistic:0.020131826400756836
p value proxy: 0.11627906560897827
result: False
power_upto_now: 0.06690140813589096
285th run
noise dimension : 8
noise variance: 99.81161499023438
original u-statistic:0.009735345840454102
p value proxy: 0.23255813121795654
result: False
power_upto_now: 0.06666667014360428
286th run
noise dimension : 8
noise variance: 99.80982208251953
original u-statistic:0.03489065170288086
p value proxy: 0.049833886325359344
result: True
power_upto_now: 0.0699300691485405
287th run
noise dimension : 8
noise variance: 100.1271743774414
original u-statistic:0.022537946701049805
p value proxy: 0.12624584138393402
result: False
power_upto_now: 0.0696864128112793
288th run
noise dimension : 8
noise variance: 100.44172668457031
original u-statistic:0.021840572357177734
p value proxy: 0.09302325546741486
result: False
power_upto_now: 0.0694444477558136
289th run
noise dimension : 8
noise variance: 100.22252655029297
original u-statistic:0.00792074203491211
p value proxy: 0.25249168276786804
result: False
power_upto_now: 0.06920415163040161
290th run
noise dimension : 8
noise variance: 99.7266616821289
original u-statistic:0.0340726375579834
p value proxy: 0.04651162773370743
result: True
power_upto_now: 0.07241379469633102
291th run
noise dimension : 8
noise variance: 99.79309844970703
original u-statistic:0.010404586791992188
p value proxy: 0.23588038980960846
result: False
power_upto_now: 0.07216494530439377
292th run
noise dimension : 8
noise variance: 99.8465347290039
original u-statistic:0.017108440399169922
p value proxy: 0.13289035856723785
result: False
power_upto_now: 0.0719178095459938
293th run
noise dimension : 8
noise variance: 100.05650329589844
original u-statistic:0.0034372806549072266
p value proxy: 0.33554816246032715
result: False
power_upto_now: 0.07167235761880875
294th run
noise dimension : 8
noise variance: 99.84706115722656
original u-statistic:-0.012785911560058594
p value proxy: 0.7408637404441833
result: False
power_upto_now: 0.0714285746216774
295th run
noise dimension : 8
noise variance: 99.90806579589844
original u-statistic:0.003255128860473633
p value proxy: 0.3289036452770233
result: False
power_upto_now: 0.07118643820285797
296th run
noise dimension : 8
noise variance: 99.9718017578125
original u-statistic:0.009386062622070312
p value proxy: 0.262458473443985
result: False
power_upto_now: 0.07094594836235046
297th run
noise dimension : 8
noise variance: 99.70608520507812
original u-statistic:-0.0021779537200927734
p value proxy: 0.5315614342689514
result: False
power_upto_now: 0.07070706784725189
298th run
noise dimension : 8
noise variance: 99.54327392578125
original u-statistic:0.00552058219909668
p value proxy: 0.2890365421772003
result: False
power_upto_now: 0.07046979665756226
299th run
noise dimension : 8
noise variance: 99.8920669555664
original u-statistic:-0.01752758026123047
p value proxy: 0.9136212468147278
result: False
power_upto_now: 0.07023411244153976
300th run
noise dimension : 8
noise variance: 99.83165740966797
original u-statistic:-0.0048825740814208984
p value proxy: 0.564784049987793
result: False
power_upto_now: 0.07000000029802322
301th run
noise dimension : 8
noise variance: 100.03882598876953
original u-statistic:-0.010157108306884766
p value proxy: 0.6810631155967712
result: False
power_upto_now: 0.06976744532585144
302th run
noise dimension : 8
noise variance: 99.89916229248047
original u-statistic:-0.006882190704345703
p value proxy: 0.6511628031730652
result: False
power_upto_now: 0.06953642517328262
303th run
noise dimension : 8
noise variance: 99.84613800048828
original u-statistic:0.03812670707702637
p value proxy: 0.029900331050157547
result: True
power_upto_now: 0.07260726392269135
304th run
noise dimension : 8
noise variance: 100.20576477050781
original u-statistic:0.007893562316894531
p value proxy: 0.2823920249938965
result: False
power_upto_now: 0.07236842066049576
305th run
noise dimension : 8
noise variance: 99.71985626220703
original u-statistic:0.012930870056152344
p value proxy: 0.16943521797657013
result: False
power_upto_now: 0.07213114947080612
306th run
noise dimension : 8
noise variance: 100.19690704345703
original u-statistic:-0.007166147232055664
p value proxy: 0.6478404998779297
result: False
power_upto_now: 0.07189542800188065
307th run
noise dimension : 8
noise variance: 99.94898223876953
original u-statistic:-0.009110212326049805
p value proxy: 0.6511628031730652
result: False
power_upto_now: 0.07166124135255814
308th run
noise dimension : 8
noise variance: 99.91948699951172
original u-statistic:-0.007662296295166016
p value proxy: 0.6279069781303406
result: False
power_upto_now: 0.0714285746216774
309th run
noise dimension : 8
noise variance: 100.34983825683594
original u-statistic:-0.016982316970825195
p value proxy: 0.8770763874053955
result: False
power_upto_now: 0.07119741290807724
310th run
noise dimension : 8
noise variance: 100.235107421875
original u-statistic:-0.0049915313720703125
p value proxy: 0.5514950156211853
result: False
power_upto_now: 0.07096774131059647
311th run
noise dimension : 8
noise variance: 100.02074432373047
original u-statistic:0.008257150650024414
p value proxy: 0.29568105936050415
result: False
power_upto_now: 0.07073955237865448
312th run
noise dimension : 8
noise variance: 99.79964447021484
original u-statistic:-0.013787508010864258
p value proxy: 0.8073089718818665
result: False
power_upto_now: 0.07051282376050949
313th run
noise dimension : 8
noise variance: 100.0810775756836
original u-statistic:-0.015807628631591797
p value proxy: 0.8870431780815125
result: False
power_upto_now: 0.0702875405550003
314th run
noise dimension : 8
noise variance: 99.76991271972656
original u-statistic:-0.00830841064453125
p value proxy: 0.6312292218208313
result: False
power_upto_now: 0.07006369531154633
315th run
noise dimension : 8
noise variance: 99.27284240722656
original u-statistic:-0.02180027961730957
p value proxy: 0.9534883499145508
result: False
power_upto_now: 0.06984127312898636
316th run
noise dimension : 8
noise variance: 100.03013610839844
original u-statistic:0.02264690399169922
p value proxy: 0.10963454842567444
result: False
power_upto_now: 0.06962025165557861
317th run
noise dimension : 8
noise variance: 100.38037872314453
original u-statistic:-0.021903276443481445
p value proxy: 0.9667773842811584
result: False
power_upto_now: 0.06940063089132309
318th run
noise dimension : 8
noise variance: 99.78577423095703
original u-statistic:-0.012518167495727539
p value proxy: 0.7541528344154358
result: False
power_upto_now: 0.069182388484478
319th run
noise dimension : 8
noise variance: 99.86666107177734
original u-statistic:0.006494760513305664
p value proxy: 0.27574750781059265
result: False
power_upto_now: 0.06896551698446274
320th run
noise dimension : 8
noise variance: 100.01746368408203
original u-statistic:-0.003772258758544922
p value proxy: 0.514950156211853
result: False
power_upto_now: 0.06875000149011612
321th run
noise dimension : 8
noise variance: 99.7645263671875
original u-statistic:0.027704477310180664
p value proxy: 0.07308969646692276
result: False
power_upto_now: 0.06853582710027695
322th run
noise dimension : 8
noise variance: 99.9704360961914
original u-statistic:0.023109912872314453
p value proxy: 0.09302325546741486
result: False
power_upto_now: 0.06832297891378403
323th run
noise dimension : 8
noise variance: 100.04963684082031
original u-statistic:0.004170656204223633
p value proxy: 0.3289036452770233
result: False
power_upto_now: 0.06811145693063736
324th run
noise dimension : 8
noise variance: 99.93060302734375
original u-statistic:-0.011069536209106445
p value proxy: 0.7342192530632019
result: False
power_upto_now: 0.06790123134851456
325th run
noise dimension : 8
noise variance: 99.6820068359375
original u-statistic:0.009214162826538086
p value proxy: 0.262458473443985
result: False
power_upto_now: 0.06769230961799622
326th run
noise dimension : 8
noise variance: 100.03155517578125
original u-statistic:0.025265932083129883
p value proxy: 0.09302325546741486
result: False
power_upto_now: 0.06748466193675995
327th run
noise dimension : 8
noise variance: 100.38045501708984
original u-statistic:-0.017622947692871094
p value proxy: 0.8671095967292786
result: False
power_upto_now: 0.06727828830480576
328th run
noise dimension : 8
noise variance: 99.96308135986328
original u-statistic:-0.002138376235961914
p value proxy: 0.5415282249450684
result: False
power_upto_now: 0.06707317382097244
329th run
noise dimension : 8
noise variance: 99.87045288085938
original u-statistic:-0.0099334716796875
p value proxy: 0.6777408719062805
result: False
power_upto_now: 0.06686930358409882
330th run
noise dimension : 8
noise variance: 100.14863586425781
original u-statistic:0.0022461414337158203
p value proxy: 0.3488371968269348
result: False
power_upto_now: 0.06666667014360428
331th run
noise dimension : 8
noise variance: 99.61084747314453
original u-statistic:0.011461257934570312
p value proxy: 0.19269102811813354
result: False
power_upto_now: 0.06646525859832764
332th run
noise dimension : 8
noise variance: 99.67610168457031
original u-statistic:-0.006075143814086914
p value proxy: 0.5714285373687744
result: False
power_upto_now: 0.0662650614976883
333th run
noise dimension : 8
noise variance: 100.07412719726562
original u-statistic:0.010102033615112305
p value proxy: 0.2225913554430008
result: False
power_upto_now: 0.06606606394052505
334th run
noise dimension : 8
noise variance: 99.84544372558594
original u-statistic:0.024828195571899414
p value proxy: 0.06312292069196701
result: False
power_upto_now: 0.06586826592683792
335th run
noise dimension : 8
noise variance: 99.9468765258789
original u-statistic:0.019252777099609375
p value proxy: 0.11295680701732635
result: False
power_upto_now: 0.0656716451048851
336th run
noise dimension : 8
noise variance: 99.85211181640625
original u-statistic:-0.022495746612548828
p value proxy: 0.960132896900177
result: False
power_upto_now: 0.065476194024086
337th run
noise dimension : 8
noise variance: 100.09192657470703
original u-statistic:-0.024564743041992188
p value proxy: 0.9900332093238831
result: False
power_upto_now: 0.06528189778327942
338th run
noise dimension : 8
noise variance: 99.52908325195312
original u-statistic:-0.003006458282470703
p value proxy: 0.5215946435928345
result: False
power_upto_now: 0.06508875638246536
339th run
noise dimension : 8
noise variance: 100.49217224121094
original u-statistic:0.01877903938293457
p value proxy: 0.15282391011714935
result: False
power_upto_now: 0.06489675492048264
340th run
noise dimension : 8
noise variance: 99.82792663574219
original u-statistic:-0.02123880386352539
p value proxy: 0.9667773842811584
result: False
power_upto_now: 0.06470588594675064
341th run
noise dimension : 8
noise variance: 100.1092529296875
original u-statistic:0.007616996765136719
p value proxy: 0.29568105936050415
result: False
power_upto_now: 0.06451612710952759
342th run
noise dimension : 8
noise variance: 99.51112365722656
original u-statistic:-0.019759416580200195
p value proxy: 0.9468438029289246
result: False
power_upto_now: 0.06432748585939407
343th run
noise dimension : 8
noise variance: 100.1054916381836
original u-statistic:-0.002099752426147461
p value proxy: 0.5481727719306946
result: False
power_upto_now: 0.0641399398446083
344th run
noise dimension : 8
noise variance: 99.75770568847656
original u-statistic:0.026798009872436523
p value proxy: 0.05315614491701126
result: False
power_upto_now: 0.06395348906517029
345th run
noise dimension : 8
noise variance: 99.63997650146484
original u-statistic:-0.009952783584594727
p value proxy: 0.6877076029777527
result: False
power_upto_now: 0.06376811861991882
346th run
noise dimension : 8
noise variance: 99.77718353271484
original u-statistic:0.043216705322265625
p value proxy: 0.016611294820904732
result: True
power_upto_now: 0.06647399067878723
347th run
noise dimension : 8
noise variance: 100.46589660644531
original u-statistic:-0.015808820724487305
p value proxy: 0.8405315279960632
result: False
power_upto_now: 0.06628242135047913
348th run
noise dimension : 8
noise variance: 99.7679443359375
original u-statistic:0.017667531967163086
p value proxy: 0.11295680701732635
result: False
power_upto_now: 0.06609195470809937
349th run
noise dimension : 8
noise variance: 99.53902435302734
original u-statistic:0.003726482391357422
p value proxy: 0.3654485046863556
result: False
power_upto_now: 0.06590257585048676
350th run
noise dimension : 8
noise variance: 100.3294448852539
original u-statistic:0.0022077560424804688
p value proxy: 0.3920265734195709
result: False
power_upto_now: 0.0657142847776413
351th run
noise dimension : 8
noise variance: 100.25857543945312
original u-statistic:0.0036995410919189453
p value proxy: 0.3289036452770233
result: False
power_upto_now: 0.0655270665884018
352th run
noise dimension : 8
noise variance: 100.32660675048828
original u-statistic:-0.007898807525634766
p value proxy: 0.6478404998779297
result: False
power_upto_now: 0.06534090638160706
353th run
noise dimension : 8
noise variance: 100.04966735839844
original u-statistic:-0.0027055740356445312
p value proxy: 0.47840529680252075
result: False
power_upto_now: 0.06515580415725708
354th run
noise dimension : 8
noise variance: 100.22021484375
original u-statistic:-0.020293474197387695
p value proxy: 0.9501661062240601
result: False
power_upto_now: 0.06497175246477127
355th run
noise dimension : 8
noise variance: 100.14580535888672
original u-statistic:-0.016358375549316406
p value proxy: 0.8504983186721802
result: False
power_upto_now: 0.06478872895240784
356th run
noise dimension : 8
noise variance: 100.3207778930664
original u-statistic:-0.013819456100463867
p value proxy: 0.7840531468391418
result: False
power_upto_now: 0.06460674107074738
357th run
noise dimension : 8
noise variance: 100.05094146728516
original u-statistic:0.01086282730102539
p value proxy: 0.22923587262630463
result: False
power_upto_now: 0.06442577391862869
358th run
noise dimension : 8
noise variance: 100.17748260498047
original u-statistic:-0.0047571659088134766
p value proxy: 0.5681062936782837
result: False
power_upto_now: 0.0642458125948906
359th run
noise dimension : 8
noise variance: 100.11298370361328
original u-statistic:0.01618790626525879
p value proxy: 0.14950165152549744
result: False
power_upto_now: 0.06406684964895248
360th run
noise dimension : 8
noise variance: 100.03129577636719
original u-statistic:0.0037283897399902344
p value proxy: 0.3255814015865326
result: False
power_upto_now: 0.06388889253139496
361th run
noise dimension : 8
noise variance: 99.82172393798828
original u-statistic:0.00975656509399414
p value proxy: 0.25249168276786804
result: False
power_upto_now: 0.06371191143989563
362th run
noise dimension : 8
noise variance: 100.32262420654297
original u-statistic:0.012117624282836914
p value proxy: 0.1428571343421936
result: False
power_upto_now: 0.0635359138250351
363th run
noise dimension : 8
noise variance: 100.30559539794922
original u-statistic:-0.0042629241943359375
p value proxy: 0.5315614342689514
result: False
power_upto_now: 0.06336088478565216
364th run
noise dimension : 8
noise variance: 100.22322845458984
original u-statistic:0.035542964935302734
p value proxy: 0.029900331050157547
result: True
power_upto_now: 0.06593406945466995
365th run
noise dimension : 8
noise variance: 100.12166595458984
original u-statistic:-0.013500452041625977
p value proxy: 0.8305647373199463
result: False
power_upto_now: 0.06575342267751694
366th run
noise dimension : 8
noise variance: 99.90076446533203
original u-statistic:-0.022650718688964844
p value proxy: 0.9667773842811584
result: False
power_upto_now: 0.06557376682758331
367th run
noise dimension : 8
noise variance: 99.8129653930664
original u-statistic:0.036388397216796875
p value proxy: 0.019933555275201797
result: True
power_upto_now: 0.06811989098787308
368th run
noise dimension : 8
noise variance: 100.21536254882812
original u-statistic:-0.014955520629882812
p value proxy: 0.8139534592628479
result: False
power_upto_now: 0.0679347813129425
369th run
noise dimension : 8
noise variance: 100.10454559326172
original u-statistic:-0.006609439849853516
p value proxy: 0.6511628031730652
result: False
power_upto_now: 0.06775067746639252
370th run
noise dimension : 8
noise variance: 100.01704406738281
original u-statistic:-0.00788569450378418
p value proxy: 0.684385359287262
result: False
power_upto_now: 0.06756756454706192
371th run
noise dimension : 8
noise variance: 100.098876953125
original u-statistic:-0.0135498046875
p value proxy: 0.8205980062484741
result: False
power_upto_now: 0.06738544255495071
372th run
noise dimension : 8
noise variance: 100.372314453125
original u-statistic:-0.02264547348022461
p value proxy: 0.9667773842811584
result: False
power_upto_now: 0.0672043040394783
373th run
noise dimension : 8
noise variance: 99.75848388671875
original u-statistic:0.0641789436340332
p value proxy: 0.003322259057313204
result: True
power_upto_now: 0.06970509141683578
374th run
noise dimension : 8
noise variance: 99.8807373046875
original u-statistic:-0.025677204132080078
p value proxy: 0.9933554530143738
result: False
power_upto_now: 0.06951871514320374
375th run
noise dimension : 8
noise variance: 99.83092498779297
original u-statistic:-0.00933527946472168
p value proxy: 0.684385359287262
result: False
power_upto_now: 0.06933332979679108
376th run
noise dimension : 8
noise variance: 100.3199691772461
original u-statistic:0.009370088577270508
p value proxy: 0.2591361999511719
result: False
power_upto_now: 0.06914893537759781
377th run
noise dimension : 8
noise variance: 100.31108856201172
original u-statistic:-0.0016245841979980469
p value proxy: 0.44186046719551086
result: False
power_upto_now: 0.06896551698446274
378th run
noise dimension : 8
noise variance: 100.0411376953125
original u-statistic:-0.009088754653930664
p value proxy: 0.7043189406394958
result: False
power_upto_now: 0.06878306716680527
379th run
noise dimension : 8
noise variance: 100.09525299072266
original u-statistic:-0.0206296443939209
p value proxy: 0.9368770718574524
result: False
power_upto_now: 0.0686015859246254
380th run
noise dimension : 8
noise variance: 100.1947021484375
original u-statistic:0.014546632766723633
p value proxy: 0.21262457966804504
result: False
power_upto_now: 0.06842105090618134
381th run
noise dimension : 8
noise variance: 99.69916534423828
original u-statistic:-0.012447118759155273
p value proxy: 0.7607973217964172
result: False
power_upto_now: 0.06824146956205368
382th run
noise dimension : 8
noise variance: 100.0438232421875
original u-statistic:0.02507305145263672
p value proxy: 0.07308969646692276
result: False
power_upto_now: 0.06806282699108124
383th run
noise dimension : 8
noise variance: 100.02691650390625
original u-statistic:-0.00724482536315918
p value proxy: 0.5880398750305176
result: False
power_upto_now: 0.06788511574268341
384th run
noise dimension : 8
noise variance: 99.85595703125
original u-statistic:-0.005261898040771484
p value proxy: 0.5215946435928345
result: False
power_upto_now: 0.0677083358168602
385th run
noise dimension : 8
noise variance: 99.96297454833984
original u-statistic:-0.012551069259643555
p value proxy: 0.7906976342201233
result: False
power_upto_now: 0.06753246486186981
386th run
noise dimension : 8
noise variance: 99.96917724609375
original u-statistic:-0.006203413009643555
p value proxy: 0.6146179437637329
result: False
power_upto_now: 0.06735751032829285
387th run
noise dimension : 8
noise variance: 99.94666290283203
original u-statistic:0.0032486915588378906
p value proxy: 0.3687707483768463
result: False
power_upto_now: 0.0671834647655487
388th run
noise dimension : 8
noise variance: 100.10357666015625
original u-statistic:-0.015424251556396484
p value proxy: 0.7906976342201233
result: False
power_upto_now: 0.0670103058218956
389th run
noise dimension : 8
noise variance: 100.09087371826172
original u-statistic:-0.011598825454711914
p value proxy: 0.7607973217964172
result: False
power_upto_now: 0.06683804839849472
390th run
noise dimension : 8
noise variance: 99.77761840820312
original u-statistic:-0.02075791358947754
p value proxy: 0.9335547685623169
result: False
power_upto_now: 0.06666667014360428
391th run
noise dimension : 8
noise variance: 100.22920227050781
original u-statistic:-0.009510040283203125
p value proxy: 0.6710963249206543
result: False
power_upto_now: 0.06649616360664368
392th run
noise dimension : 8
noise variance: 99.93376159667969
original u-statistic:-0.008062601089477539
p value proxy: 0.6279069781303406
result: False
power_upto_now: 0.06632652878761292
393th run
noise dimension : 8
noise variance: 100.01407623291016
original u-statistic:-0.008401632308959961
p value proxy: 0.6644518375396729
result: False
power_upto_now: 0.0661577582359314
394th run
noise dimension : 8
noise variance: 99.6854019165039
original u-statistic:-0.004721641540527344
p value proxy: 0.5415282249450684
result: False
power_upto_now: 0.06598984450101852
395th run
noise dimension : 8
noise variance: 100.03399658203125
original u-statistic:-0.013054132461547852
p value proxy: 0.8172757029533386
result: False
power_upto_now: 0.0658227875828743
396th run
noise dimension : 8
noise variance: 99.54974365234375
original u-statistic:-0.014348030090332031
p value proxy: 0.7774085998535156
result: False
power_upto_now: 0.06565656512975693
397th run
noise dimension : 8
noise variance: 99.85709381103516
original u-statistic:-0.0024433135986328125
p value proxy: 0.49833884835243225
result: False
power_upto_now: 0.06549118459224701
398th run
noise dimension : 8
noise variance: 99.77570343017578
original u-statistic:-0.009047269821166992
p value proxy: 0.6976743936538696
result: False
power_upto_now: 0.06532663106918335
399th run
noise dimension : 8
noise variance: 99.67879486083984
original u-statistic:0.026230812072753906
p value proxy: 0.0830564796924591
result: False
power_upto_now: 0.06516290456056595
400th run
noise dimension : 8
noise variance: 100.39727783203125
original u-statistic:0.017633438110351562
p value proxy: 0.12624584138393402
result: False
power_upto_now: 0.06499999761581421
401th run
noise dimension : 8
noise variance: 100.1650161743164
original u-statistic:-0.018813371658325195
p value proxy: 0.8903654217720032
result: False
power_upto_now: 0.06483790278434753
402th run
noise dimension : 8
noise variance: 100.04725646972656
original u-statistic:-0.025150060653686523
p value proxy: 0.9900332093238831
result: False
power_upto_now: 0.06467662006616592
403th run
noise dimension : 8
noise variance: 100.07307434082031
original u-statistic:-0.0006816387176513672
p value proxy: 0.4252491593360901
result: False
power_upto_now: 0.06451612710952759
404th run
noise dimension : 8
noise variance: 99.7486343383789
original u-statistic:-0.027549028396606445
p value proxy: 0.9933554530143738
result: False
power_upto_now: 0.06435643881559372
405th run
noise dimension : 8
noise variance: 100.2099380493164
original u-statistic:-0.00870513916015625
p value proxy: 0.644518256187439
result: False
power_upto_now: 0.06419753283262253
406th run
noise dimension : 8
noise variance: 100.17073822021484
original u-statistic:0.003188610076904297
p value proxy: 0.31561461091041565
result: False
power_upto_now: 0.06403940916061401
407th run
noise dimension : 8
noise variance: 99.59339141845703
original u-statistic:0.00011515617370605469
p value proxy: 0.4318936765193939
result: False
power_upto_now: 0.06388206034898758
408th run
noise dimension : 8
noise variance: 100.20445251464844
original u-statistic:-0.025209903717041016
p value proxy: 0.9966776967048645
result: False
power_upto_now: 0.06372549384832382
409th run
noise dimension : 8
noise variance: 100.06216430664062
original u-statistic:-0.013313531875610352
p value proxy: 0.7973421812057495
result: False
power_upto_now: 0.06356967985630035
410th run
noise dimension : 8
noise variance: 100.38709259033203
original u-statistic:0.02752232551574707
p value proxy: 0.07641195505857468
result: False
power_upto_now: 0.06341463327407837
411th run
noise dimension : 8
noise variance: 99.86781311035156
original u-statistic:-0.012880325317382812
p value proxy: 0.7873753905296326
result: False
power_upto_now: 0.06326033920049667
412th run
noise dimension : 8
noise variance: 100.5810546875
original u-statistic:-0.010593652725219727
p value proxy: 0.724252462387085
result: False
power_upto_now: 0.06310679763555527
413th run
noise dimension : 8
noise variance: 99.93831634521484
original u-statistic:-0.0025289058685302734
p value proxy: 0.48172757029533386
result: False
power_upto_now: 0.06295399367809296
414th run
noise dimension : 8
noise variance: 100.0777816772461
original u-statistic:-0.011214017868041992
p value proxy: 0.7607973217964172
result: False
power_upto_now: 0.06280193477869034
415th run
noise dimension : 8
noise variance: 99.71019744873047
original u-statistic:0.01247715950012207
p value proxy: 0.19269102811813354
result: False
power_upto_now: 0.06265060603618622
416th run
noise dimension : 8
noise variance: 100.32300567626953
original u-statistic:-0.007101297378540039
p value proxy: 0.634551465511322
result: False
power_upto_now: 0.0625
417th run
noise dimension : 8
noise variance: 100.00979614257812
original u-statistic:0.0033071041107177734
p value proxy: 0.3720930218696594
result: False
power_upto_now: 0.06235012039542198
418th run
noise dimension : 8
noise variance: 99.66081237792969
original u-statistic:-0.0023996829986572266
p value proxy: 0.49501660466194153
result: False
power_upto_now: 0.06220095604658127
419th run
noise dimension : 8
noise variance: 99.58810424804688
original u-statistic:-0.0014226436614990234
p value proxy: 0.3853820562362671
result: False
power_upto_now: 0.06205250695347786
420th run
noise dimension : 8
noise variance: 99.88875579833984
original u-statistic:-0.009613513946533203
p value proxy: 0.644518256187439
result: False
power_upto_now: 0.06190476194024086
421th run
noise dimension : 8
noise variance: 99.9397964477539
original u-statistic:0.0010809898376464844
p value proxy: 0.37873753905296326
result: False
power_upto_now: 0.06175772100687027
422th run
noise dimension : 8
noise variance: 100.56046295166016
original u-statistic:-0.016016721725463867
p value proxy: 0.8637873530387878
result: False
power_upto_now: 0.061611372977495193
423th run
noise dimension : 8
noise variance: 100.0728759765625
original u-statistic:-0.021175384521484375
p value proxy: 0.9335547685623169
result: False
power_upto_now: 0.06146572157740593
424th run
noise dimension : 8
noise variance: 99.80035400390625
original u-statistic:-0.013962268829345703
p value proxy: 0.7873753905296326
result: False
power_upto_now: 0.06132075563073158
425th run
noise dimension : 8
noise variance: 100.09351348876953
original u-statistic:-0.02623772621154785
p value proxy: 0.9833886623382568
result: False
power_upto_now: 0.061176471412181854
426th run
noise dimension : 8
noise variance: 100.03154754638672
original u-statistic:-0.008217334747314453
p value proxy: 0.6777408719062805
result: False
power_upto_now: 0.061032865196466446
427th run
noise dimension : 8
noise variance: 100.27035522460938
original u-statistic:-0.007981538772583008
p value proxy: 0.6112956404685974
result: False
power_upto_now: 0.06088992953300476
428th run
noise dimension : 8
noise variance: 100.51935577392578
original u-statistic:0.007255077362060547
p value proxy: 0.33554816246032715
result: False
power_upto_now: 0.0607476644217968
429th run
noise dimension : 8
noise variance: 99.99779510498047
original u-statistic:-0.002362489700317383
p value proxy: 0.514950156211853
result: False
power_upto_now: 0.06060606241226196
430th run
noise dimension : 8
noise variance: 100.29322814941406
original u-statistic:0.006656646728515625
p value proxy: 0.2823920249938965
result: False
power_upto_now: 0.060465116053819656
431th run
noise dimension : 8
noise variance: 99.65916442871094
original u-statistic:-0.015098094940185547
p value proxy: 0.8571428656578064
result: False
power_upto_now: 0.06032482534646988
432th run
noise dimension : 8
noise variance: 100.22215270996094
original u-statistic:-0.013423442840576172
p value proxy: 0.8405315279960632
result: False
power_upto_now: 0.06018518656492233
433th run
noise dimension : 8
noise variance: 100.37060546875
original u-statistic:-0.02369379997253418
p value proxy: 0.9800664186477661
result: False
power_upto_now: 0.06004618853330612
434th run
noise dimension : 8
noise variance: 100.37286376953125
original u-statistic:-0.018007516860961914
p value proxy: 0.8936876654624939
result: False
power_upto_now: 0.059907834976911545
435th run
noise dimension : 8
noise variance: 100.0072021484375
original u-statistic:-0.020053863525390625
p value proxy: 0.9169434905052185
result: False
power_upto_now: 0.059770114719867706
436th run
noise dimension : 8
noise variance: 100.14224243164062
original u-statistic:-0.009872674942016602
p value proxy: 0.6777408719062805
result: False
power_upto_now: 0.059633027762174606
437th run
noise dimension : 8
noise variance: 99.4400863647461
original u-statistic:0.012664556503295898
p value proxy: 0.1661129593849182
result: False
power_upto_now: 0.05949656665325165
438th run
noise dimension : 8
noise variance: 100.04338836669922
original u-statistic:-0.012748479843139648
p value proxy: 0.7774085998535156
result: False
power_upto_now: 0.05936073139309883
439th run
noise dimension : 8
noise variance: 99.47166442871094
original u-statistic:-0.02145862579345703
p value proxy: 0.960132896900177
result: False
power_upto_now: 0.05922551080584526
440th run
noise dimension : 8
noise variance: 99.93258666992188
original u-statistic:0.025873661041259766
p value proxy: 0.0830564796924591
result: False
power_upto_now: 0.059090908616781235
441th run
noise dimension : 8
noise variance: 100.13548278808594
original u-statistic:0.012389421463012695
p value proxy: 0.23920264840126038
result: False
power_upto_now: 0.05895691737532616
442th run
noise dimension : 8
noise variance: 99.94750213623047
original u-statistic:-0.01805877685546875
p value proxy: 0.8970099687576294
result: False
power_upto_now: 0.05882352963089943
443th run
noise dimension : 8
noise variance: 99.67481231689453
original u-statistic:0.009967803955078125
p value proxy: 0.2059800624847412
result: False
power_upto_now: 0.05869074538350105
444th run
noise dimension : 8
noise variance: 100.04342651367188
original u-statistic:-0.004238128662109375
p value proxy: 0.5348837375640869
result: False
power_upto_now: 0.05855855718255043
445th run
noise dimension : 8
noise variance: 100.20645904541016
original u-statistic:0.019214630126953125
p value proxy: 0.10631228983402252
result: False
power_upto_now: 0.05842696502804756
446th run
noise dimension : 8
noise variance: 100.14399719238281
original u-statistic:-0.013228416442871094
p value proxy: 0.8073089718818665
result: False
power_upto_now: 0.05829596519470215
447th run
noise dimension : 8
noise variance: 99.85711669921875
original u-statistic:0.016884565353393555
p value proxy: 0.1395348757505417
result: False
power_upto_now: 0.058165546506643295
448th run
noise dimension : 8
noise variance: 100.22066497802734
original u-statistic:-0.013622760772705078
p value proxy: 0.7475082874298096
result: False
power_upto_now: 0.0580357126891613
449th run
noise dimension : 8
noise variance: 99.89996337890625
original u-statistic:-0.007807016372680664
p value proxy: 0.6112956404685974
result: False
power_upto_now: 0.057906460016965866
450th run
noise dimension : 8
noise variance: 99.87261199951172
original u-statistic:-0.01759052276611328
p value proxy: 0.8903654217720032
result: False
power_upto_now: 0.057777777314186096
451th run
noise dimension : 8
noise variance: 99.84718322753906
original u-statistic:-0.003897428512573242
p value proxy: 0.52491694688797
result: False
power_upto_now: 0.05764966830611229
452th run
noise dimension : 8
noise variance: 99.87538146972656
original u-statistic:0.0025343894958496094
p value proxy: 0.41528236865997314
result: False
power_upto_now: 0.05752212554216385
453th run
noise dimension : 8
noise variance: 99.91171264648438
original u-statistic:-0.005037069320678711
p value proxy: 0.5747508406639099
result: False
power_upto_now: 0.057395145297050476
454th run
noise dimension : 8
noise variance: 100.33480834960938
original u-statistic:0.0053899288177490234
p value proxy: 0.3255814015865326
result: False
power_upto_now: 0.05726872384548187
455th run
noise dimension : 8
noise variance: 99.88101196289062
original u-statistic:0.02489924430847168
p value proxy: 0.09302325546741486
result: False
power_upto_now: 0.05714285746216774
456th run
noise dimension : 8
noise variance: 100.04800415039062
original u-statistic:0.014362335205078125
p value proxy: 0.1661129593849182
result: False
power_upto_now: 0.05701754242181778
457th run
noise dimension : 8
noise variance: 99.92252349853516
original u-statistic:-0.007726192474365234
p value proxy: 0.6146179437637329
result: False
power_upto_now: 0.05689277872443199
458th run
noise dimension : 8
noise variance: 99.80311584472656
original u-statistic:0.002161264419555664
p value proxy: 0.37541526556015015
result: False
power_upto_now: 0.05676855891942978
459th run
noise dimension : 8
noise variance: 99.82057189941406
original u-statistic:0.010425090789794922
p value proxy: 0.2059800624847412
result: False
power_upto_now: 0.056644879281520844
460th run
noise dimension : 8
noise variance: 99.96343231201172
original u-statistic:-0.0007135868072509766
p value proxy: 0.4850498139858246
result: False
power_upto_now: 0.056521739810705185
461th run
noise dimension : 8
noise variance: 99.81940460205078
original u-statistic:0.0021865367889404297
p value proxy: 0.3521594703197479
result: False
power_upto_now: 0.056399133056402206
462th run
noise dimension : 8
noise variance: 100.07998657226562
original u-statistic:-0.014751195907592773
p value proxy: 0.8205980062484741
result: False
power_upto_now: 0.05627705529332161
463th run
noise dimension : 8
noise variance: 100.0711669921875
original u-statistic:-0.021140336990356445
p value proxy: 0.9401993155479431
result: False
power_upto_now: 0.056155506521463394
464th run
noise dimension : 8
noise variance: 100.05462646484375
original u-statistic:-0.00768280029296875
p value proxy: 0.6146179437637329
result: False
power_upto_now: 0.05603448301553726
465th run
noise dimension : 8
noise variance: 99.89430236816406
original u-statistic:-0.013821601867675781
p value proxy: 0.7973421812057495
result: False
power_upto_now: 0.055913977324962616
466th run
noise dimension : 8
noise variance: 100.01738739013672
original u-statistic:0.002166748046875
p value proxy: 0.3920265734195709
result: False
power_upto_now: 0.055793993175029755
467th run
noise dimension : 8
noise variance: 100.3104476928711
original u-statistic:-0.013463497161865234
p value proxy: 0.764119565486908
result: False
power_upto_now: 0.05567451938986778
468th run
noise dimension : 8
noise variance: 100.02295684814453
original u-statistic:-0.015674114227294922
p value proxy: 0.8504983186721802
result: False
power_upto_now: 0.0555555559694767
469th run
noise dimension : 8
noise variance: 100.25044250488281
original u-statistic:0.001392364501953125
p value proxy: 0.4019933342933655
result: False
power_upto_now: 0.05543709918856621
470th run
noise dimension : 8
noise variance: 99.57411193847656
original u-statistic:-0.003622293472290039
p value proxy: 0.5282391905784607
result: False
power_upto_now: 0.05531914904713631
471th run
noise dimension : 8
noise variance: 99.3517837524414
original u-statistic:-0.015117168426513672
p value proxy: 0.8305647373199463
result: False
power_upto_now: 0.0552016980946064
472th run
noise dimension : 8
noise variance: 100.02299499511719
original u-statistic:-0.02236008644104004
p value proxy: 0.9700996279716492
result: False
power_upto_now: 0.055084746330976486
473th run
noise dimension : 8
noise variance: 100.18800354003906
original u-statistic:-0.0018634796142578125
p value proxy: 0.4518272280693054
result: False
power_upto_now: 0.05496828630566597
474th run
noise dimension : 8
noise variance: 100.26448822021484
original u-statistic:0.0036699771881103516
p value proxy: 0.35548171401023865
result: False
power_upto_now: 0.05485232174396515
475th run
noise dimension : 8
noise variance: 100.27532196044922
original u-statistic:-0.015995502471923828
p value proxy: 0.8704319000244141
result: False
power_upto_now: 0.05473684147000313
476th run
noise dimension : 8
noise variance: 99.83212280273438
original u-statistic:0.0033791065216064453
p value proxy: 0.3621262311935425
result: False
power_upto_now: 0.054621849209070206
477th run
noise dimension : 8
noise variance: 99.90507507324219
original u-statistic:-0.0019044876098632812
p value proxy: 0.4451827108860016
result: False
power_upto_now: 0.054507337510585785
478th run
noise dimension : 8
noise variance: 99.4664077758789
original u-statistic:-0.0251920223236084
p value proxy: 0.9867109656333923
result: False
power_upto_now: 0.054393306374549866
479th run
noise dimension : 8
noise variance: 99.92376708984375
original u-statistic:-0.007126569747924805
p value proxy: 0.5681062936782837
result: False
power_upto_now: 0.05427974835038185
480th run
noise dimension : 8
noise variance: 100.10784149169922
original u-statistic:-0.005669832229614258
p value proxy: 0.594684362411499
result: False
power_upto_now: 0.05416666716337204
481th run
noise dimension : 8
noise variance: 100.02533721923828
original u-statistic:0.0005283355712890625
p value proxy: 0.4053156077861786
result: False
power_upto_now: 0.054054055362939835
482th run
noise dimension : 8
noise variance: 99.60621643066406
original u-statistic:0.0037496089935302734
p value proxy: 0.37873753905296326
result: False
power_upto_now: 0.05394190922379494
483th run
noise dimension : 8
noise variance: 99.93220520019531
original u-statistic:0.026064634323120117
p value proxy: 0.09634551405906677
result: False
power_upto_now: 0.05383022874593735
484th run
noise dimension : 8
noise variance: 100.08893585205078
original u-statistic:-0.017806291580200195
p value proxy: 0.8837209343910217
result: False
power_upto_now: 0.05371900647878647
485th run
noise dimension : 8
noise variance: 99.66220092773438
original u-statistic:0.00483393669128418
p value proxy: 0.302325576543808
result: False
power_upto_now: 0.0536082461476326
486th run
noise dimension : 8
noise variance: 100.04698181152344
original u-statistic:-0.011774301528930664
p value proxy: 0.7408637404441833
result: False
power_upto_now: 0.05349794402718544
487th run
noise dimension : 8
noise variance: 100.16631317138672
original u-statistic:0.0011408329010009766
p value proxy: 0.3621262311935425
result: False
power_upto_now: 0.0533880889415741
488th run
noise dimension : 8
noise variance: 100.2009048461914
original u-statistic:0.010874748229980469
p value proxy: 0.2591361999511719
result: False
power_upto_now: 0.053278688341379166
489th run
noise dimension : 8
noise variance: 100.26609802246094
original u-statistic:-0.014153718948364258
p value proxy: 0.7774085998535156
result: False
power_upto_now: 0.05316973477602005
490th run
noise dimension : 8
noise variance: 100.85269927978516
original u-statistic:0.0029404163360595703
p value proxy: 0.31229233741760254
result: False
power_upto_now: 0.05306122452020645
491th run
noise dimension : 8
noise variance: 100.19298553466797
original u-statistic:-0.006139039993286133
p value proxy: 0.6146179437637329
result: False
power_upto_now: 0.05295315757393837
492th run
noise dimension : 8
noise variance: 100.10476684570312
original u-statistic:-0.009217500686645508
p value proxy: 0.6578072905540466
result: False
power_upto_now: 0.05284553021192551
493th run
noise dimension : 8
noise variance: 99.97652435302734
original u-statistic:0.016964435577392578
p value proxy: 0.11960132420063019
result: False
power_upto_now: 0.052738334983587265
494th run
noise dimension : 8
noise variance: 100.37286376953125
original u-statistic:0.022702455520629883
p value proxy: 0.09302325546741486
result: False
power_upto_now: 0.05263157933950424
495th run
noise dimension : 8
noise variance: 100.19073486328125
original u-statistic:-0.022333621978759766
p value proxy: 0.9368770718574524
result: False
power_upto_now: 0.05252525210380554
496th run
noise dimension : 8
noise variance: 100.26701354980469
original u-statistic:0.0032286643981933594
p value proxy: 0.4086378514766693
result: False
power_upto_now: 0.052419353276491165
497th run
noise dimension : 8
noise variance: 99.5100326538086
original u-statistic:0.014756202697753906
p value proxy: 0.1627907007932663
result: False
power_upto_now: 0.05231388285756111
498th run
noise dimension : 8
noise variance: 100.53292846679688
original u-statistic:-0.013859033584594727
p value proxy: 0.8073089718818665
result: False
power_upto_now: 0.05220883712172508
499th run
noise dimension : 8
noise variance: 99.54196166992188
original u-statistic:0.005852222442626953
p value proxy: 0.3720930218696594
result: False
power_upto_now: 0.05210420861840248
500th run
noise dimension : 8
noise variance: 100.00790405273438
original u-statistic:-0.0229036808013916
p value proxy: 0.9767441749572754
result: False
power_upto_now: 0.052000001072883606
power estimate : 0.052000001072883606
elapsed time: 33367.486407756805
