job started
cuda available: False
code run on device:: cpu

simulation started at = 2022-06-23 02:46:47.949566 

n1 = 20000, n2 = 20000,

kappa = 3, alpha = 0.8,

gamma = 0.05, nTests = 500,

B = 300, d = 3

sigma_1
tensor([[1.0000, 0.5000, 0.5000],
        [0.5000, 1.0000, 0.5000],
        [0.5000, 0.5000, 1.0000]])
sigma_2
tensor([[5.0000, 2.5000, 2.5000],
        [2.5000, 5.0000, 2.5000],
        [2.5000, 2.5000, 5.0000]])

1th run
noise dimension : 27
noise type: discrete
torch.Size([40000, 27])
original u-statistic:0.4225311279296875
p value proxy: 0.0830564796924591
result: 0.0
power_upto_now: 0.0
noise variance: 336.9306335449219
average noise variance upto now: 336.9306335449219

2th run
noise dimension : 27
noise type: discrete
torch.Size([40000, 27])
original u-statistic:0.4596390724182129
p value proxy: 0.033222589641809464
result: 1.0
power_upto_now: 0.5
noise variance: 335.6888122558594
average noise variance upto now: 336.3097229003906

3th run
noise dimension : 27
noise type: discrete
torch.Size([40000, 27])
original u-statistic:0.3740122318267822
p value proxy: 0.07641196250915527
result: 0.0
power_upto_now: 0.3333333432674408
noise variance: 338.2234802246094
average noise variance upto now: 336.9476318359375

4th run
noise dimension : 27
noise type: discrete
torch.Size([40000, 27])
original u-statistic:0.49656009674072266
p value proxy: 0.033222589641809464
result: 1.0
power_upto_now: 0.5
noise variance: 337.49053955078125
average noise variance upto now: 337.0833740234375

5th run
noise dimension : 27
noise type: discrete
torch.Size([40000, 27])
original u-statistic:0.5408425331115723
p value proxy: 0.02657807245850563
result: 1.0
power_upto_now: 0.6000000238418579
noise variance: 337.0240478515625
average noise variance upto now: 337.071533203125

6th run
noise dimension : 27
noise type: discrete
torch.Size([40000, 27])
original u-statistic:0.2576432228088379
p value proxy: 0.15282392501831055
result: 0.0
power_upto_now: 0.5
noise variance: 337.56512451171875
average noise variance upto now: 337.1537780761719

7th run
noise dimension : 27
noise type: discrete
torch.Size([40000, 27])
original u-statistic:1.0878901481628418
p value proxy: 0.003322259057313204
result: 1.0
power_upto_now: 0.5714285969734192
noise variance: 337.265625
average noise variance upto now: 337.16973876953125

8th run
noise dimension : 27
noise type: discrete
torch.Size([40000, 27])
original u-statistic:0.21341753005981445
p value proxy: 0.19933554530143738
result: 0.0
power_upto_now: 0.5
noise variance: 337.2127990722656
average noise variance upto now: 337.1751403808594

9th run
noise dimension : 27
noise type: discrete
torch.Size([40000, 27])
original u-statistic:0.18053817749023438
p value proxy: 0.2059800624847412
result: 0.0
power_upto_now: 0.4444444477558136
noise variance: 337.04302978515625
average noise variance upto now: 337.16046142578125

10th run
noise dimension : 27
noise type: discrete
torch.Size([40000, 27])
original u-statistic:0.46852612495422363
p value proxy: 0.049833886325359344
result: 1.0
power_upto_now: 0.5
noise variance: 337.5793762207031
average noise variance upto now: 337.2023620605469

11th run
noise dimension : 27
noise type: discrete
torch.Size([40000, 27])
original u-statistic:1.2477483749389648
p value proxy: 0.003322259057313204
result: 1.0
power_upto_now: 0.5454545617103577
noise variance: 337.8818664550781
average noise variance upto now: 337.2641296386719

12th run
noise dimension : 27
noise type: discrete
torch.Size([40000, 27])
original u-statistic:0.5149903297424316
p value proxy: 0.029900332912802696
result: 1.0
power_upto_now: 0.5833333134651184
noise variance: 339.0069580078125
average noise variance upto now: 337.40936279296875

13th run
noise dimension : 27
noise type: discrete
torch.Size([40000, 27])
original u-statistic:0.6032373905181885
p value proxy: 0.019933555275201797
result: 1.0
power_upto_now: 0.6153846383094788
noise variance: 336.5592956542969
average noise variance upto now: 337.34393310546875

14th run
noise dimension : 27
noise type: discrete
torch.Size([40000, 27])
original u-statistic:0.49456167221069336
p value proxy: 0.033222589641809464
result: 1.0
power_upto_now: 0.6428571343421936
noise variance: 337.24822998046875
average noise variance upto now: 337.3371276855469

15th run
noise dimension : 27
noise type: discrete
torch.Size([40000, 27])
original u-statistic:-0.03212785720825195
p value proxy: 0.5415282249450684
result: 0.0
power_upto_now: 0.6000000238418579
noise variance: 336.3179931640625
average noise variance upto now: 337.2691650390625

16th run
noise dimension : 27
noise type: discrete
torch.Size([40000, 27])
original u-statistic:0.4611024856567383
p value proxy: 0.03654485195875168
result: 1.0
power_upto_now: 0.625
noise variance: 337.4634704589844
average noise variance upto now: 337.2813415527344

17th run
noise dimension : 27
noise type: discrete
torch.Size([40000, 27])
original u-statistic:1.05389404296875
p value proxy: 0.003322259057313204
result: 1.0
power_upto_now: 0.6470588445663452
noise variance: 336.9130859375
average noise variance upto now: 337.2596740722656

18th run
noise dimension : 27
noise type: discrete
torch.Size([40000, 27])
original u-statistic:0.7518579959869385
p value proxy: 0.009966777637600899
result: 1.0
power_upto_now: 0.6666666865348816
noise variance: 336.6900939941406
average noise variance upto now: 337.22802734375

19th run
noise dimension : 27
noise type: discrete
torch.Size([40000, 27])
original u-statistic:0.2570686340332031
p value proxy: 0.17940199375152588
result: 0.0
power_upto_now: 0.6315789222717285
noise variance: 336.84765625
average noise variance upto now: 337.2080078125

20th run
noise dimension : 27
noise type: discrete
torch.Size([40000, 27])
original u-statistic:0.21853208541870117
p value proxy: 0.17607973515987396
result: 0.0
power_upto_now: 0.6000000238418579
noise variance: 338.1121520996094
average noise variance upto now: 337.25323486328125

21th run
noise dimension : 27
noise type: discrete
torch.Size([40000, 27])
original u-statistic:0.6668121814727783
p value proxy: 0.019933555275201797
result: 1.0
power_upto_now: 0.6190476417541504
noise variance: 337.5433349609375
average noise variance upto now: 337.26702880859375

22th run
noise dimension : 27
noise type: discrete
torch.Size([40000, 27])
original u-statistic:-0.04429292678833008
p value proxy: 0.5780730843544006
result: 0.0
power_upto_now: 0.5909090638160706
noise variance: 337.0960693359375
average noise variance upto now: 337.25927734375

23th run
noise dimension : 27
noise type: discrete
torch.Size([40000, 27])
original u-statistic:0.848045825958252
p value proxy: 0.006644518114626408
result: 1.0
power_upto_now: 0.6086956262588501
noise variance: 339.3917236328125
average noise variance upto now: 337.35198974609375

24th run
noise dimension : 27
noise type: discrete
torch.Size([40000, 27])
original u-statistic:0.5072083473205566
p value proxy: 0.039867110550403595
result: 1.0
power_upto_now: 0.625
noise variance: 335.790283203125
average noise variance upto now: 337.2868957519531

25th run
noise dimension : 27
noise type: discrete
torch.Size([40000, 27])
original u-statistic:0.46827173233032227
p value proxy: 0.049833886325359344
result: 1.0
power_upto_now: 0.6399999856948853
noise variance: 337.4743347167969
average noise variance upto now: 337.2944030761719

26th run
noise dimension : 27
noise type: discrete
torch.Size([40000, 27])
original u-statistic:0.08031702041625977
p value proxy: 0.342192679643631
result: 0.0
power_upto_now: 0.6153846383094788
noise variance: 337.1702575683594
average noise variance upto now: 337.28961181640625

27th run
noise dimension : 27
noise type: discrete
torch.Size([40000, 27])
original u-statistic:0.5462055206298828
p value proxy: 0.019933555275201797
result: 1.0
power_upto_now: 0.6296296119689941
noise variance: 336.7337951660156
average noise variance upto now: 337.2690734863281

28th run
noise dimension : 27
noise type: discrete
torch.Size([40000, 27])
original u-statistic:0.18909335136413574
p value proxy: 0.2259136140346527
result: 0.0
power_upto_now: 0.6071428656578064
noise variance: 338.4471740722656
average noise variance upto now: 337.3111267089844

29th run
noise dimension : 27
noise type: discrete
torch.Size([40000, 27])
original u-statistic:0.4163236618041992
p value proxy: 0.06976744532585144
result: 0.0
power_upto_now: 0.5862069129943848
noise variance: 337.2034606933594
average noise variance upto now: 337.3074035644531

30th run
noise dimension : 27
noise type: discrete
torch.Size([40000, 27])
original u-statistic:0.43038272857666016
p value proxy: 0.06976744532585144
result: 0.0
power_upto_now: 0.5666666626930237
noise variance: 336.944580078125
average noise variance upto now: 337.2953186035156

31th run
noise dimension : 27
noise type: discrete
torch.Size([40000, 27])
original u-statistic:0.6044635772705078
p value proxy: 0.02657807245850563
result: 1.0
power_upto_now: 0.5806451439857483
noise variance: 335.1549072265625
average noise variance upto now: 337.2262878417969

32th run
noise dimension : 27
noise type: discrete
torch.Size([40000, 27])
original u-statistic:1.1104519367218018
p value proxy: 0.003322259057313204
result: 1.0
power_upto_now: 0.59375
noise variance: 337.9671630859375
average noise variance upto now: 337.2494201660156

33th run
noise dimension : 27
noise type: discrete
torch.Size([40000, 27])
original u-statistic:0.4904036521911621
p value proxy: 0.029900332912802696
result: 1.0
power_upto_now: 0.6060606241226196
noise variance: 338.6709289550781
average noise variance upto now: 337.29248046875

34th run
noise dimension : 27
noise type: discrete
torch.Size([40000, 27])
original u-statistic:-0.06249499320983887
p value proxy: 0.5880398750305176
result: 0.0
power_upto_now: 0.5882353186607361
noise variance: 337.4097900390625
average noise variance upto now: 337.2959289550781

35th run
noise dimension : 27
noise type: discrete
torch.Size([40000, 27])
original u-statistic:0.7395188808441162
p value proxy: 0.006644518114626408
result: 1.0
power_upto_now: 0.6000000238418579
noise variance: 337.4071350097656
average noise variance upto now: 337.299072265625

36th run
noise dimension : 27
noise type: discrete
torch.Size([40000, 27])
original u-statistic:1.2350685596466064
p value proxy: 0.003322259057313204
result: 1.0
power_upto_now: 0.6111111044883728
noise variance: 337.75103759765625
average noise variance upto now: 337.3116455078125

37th run
noise dimension : 27
noise type: discrete
torch.Size([40000, 27])
original u-statistic:-0.09862399101257324
p value proxy: 0.6146179437637329
result: 0.0
power_upto_now: 0.5945945978164673
noise variance: 337.226318359375
average noise variance upto now: 337.3093566894531

38th run
noise dimension : 27
noise type: discrete
torch.Size([40000, 27])
original u-statistic:0.43802952766418457
p value proxy: 0.04318936914205551
result: 1.0
power_upto_now: 0.6052631735801697
noise variance: 337.708740234375
average noise variance upto now: 337.31988525390625

39th run
noise dimension : 27
noise type: discrete
torch.Size([40000, 27])
original u-statistic:0.24565625190734863
p value proxy: 0.15946844220161438
result: 0.0
power_upto_now: 0.5897436141967773
noise variance: 338.2558898925781
average noise variance upto now: 337.3438720703125

40th run
noise dimension : 27
noise type: discrete
torch.Size([40000, 27])
original u-statistic:0.6362643241882324
p value proxy: 0.02657807245850563
result: 1.0
power_upto_now: 0.6000000238418579
noise variance: 336.8624267578125
average noise variance upto now: 337.3318176269531

41th run
noise dimension : 27
noise type: discrete
torch.Size([40000, 27])
original u-statistic:0.26051831245422363
p value proxy: 0.15946844220161438
result: 0.0
power_upto_now: 0.5853658318519592
noise variance: 336.8523254394531
average noise variance upto now: 337.32012939453125

42th run
noise dimension : 27
noise type: discrete
torch.Size([40000, 27])
original u-statistic:1.0200457572937012
p value proxy: 0.006644518114626408
result: 1.0
power_upto_now: 0.5952380895614624
noise variance: 338.3967590332031
average noise variance upto now: 337.34576416015625

43th run
noise dimension : 27
noise type: discrete
torch.Size([40000, 27])
original u-statistic:0.4815940856933594
p value proxy: 0.02657807245850563
result: 1.0
power_upto_now: 0.604651153087616
noise variance: 336.983642578125
average noise variance upto now: 337.3373107910156

44th run
noise dimension : 27
noise type: discrete
torch.Size([40000, 27])
original u-statistic:0.8296425342559814
p value proxy: 0.006644518114626408
result: 1.0
power_upto_now: 0.6136363744735718
noise variance: 337.5105895996094
average noise variance upto now: 337.3412780761719

45th run
noise dimension : 27
noise type: discrete
torch.Size([40000, 27])
original u-statistic:0.22884392738342285
p value proxy: 0.19269102811813354
result: 0.0
power_upto_now: 0.6000000238418579
noise variance: 336.7862243652344
average noise variance upto now: 337.32891845703125

46th run
noise dimension : 27
noise type: discrete
torch.Size([40000, 27])
original u-statistic:0.06844282150268555
p value proxy: 0.3488371968269348
result: 0.0
power_upto_now: 0.5869565010070801
noise variance: 336.6132507324219
average noise variance upto now: 337.3133850097656

47th run
noise dimension : 27
noise type: discrete
torch.Size([40000, 27])
original u-statistic:-0.015872478485107422
p value proxy: 0.5182723999023438
result: 0.0
power_upto_now: 0.5744680762290955
noise variance: 337.15972900390625
average noise variance upto now: 337.31011962890625

48th run
noise dimension : 27
noise type: discrete
torch.Size([40000, 27])
original u-statistic:0.20258021354675293
p value proxy: 0.2425249218940735
result: 0.0
power_upto_now: 0.5625
noise variance: 338.3864440917969
average noise variance upto now: 337.3325500488281

49th run
noise dimension : 27
noise type: discrete
torch.Size([40000, 27])
original u-statistic:0.4459872245788574
p value proxy: 0.04651162773370743
result: 1.0
power_upto_now: 0.5714285969734192
noise variance: 337.4619445800781
average noise variance upto now: 337.335205078125

50th run
noise dimension : 27
noise type: discrete
torch.Size([40000, 27])
original u-statistic:0.5606377124786377
p value proxy: 0.019933555275201797
result: 1.0
power_upto_now: 0.5799999833106995
noise variance: 337.41387939453125
average noise variance upto now: 337.3367919921875

51th run
noise dimension : 27
noise type: discrete
torch.Size([40000, 27])
original u-statistic:1.001269817352295
p value proxy: 0.003322259057313204
result: 1.0
power_upto_now: 0.5882353186607361
noise variance: 337.1264953613281
average noise variance upto now: 337.3326416015625

52th run
noise dimension : 27
noise type: discrete
torch.Size([40000, 27])
original u-statistic:0.10133767127990723
p value proxy: 0.2691029906272888
result: 0.0
power_upto_now: 0.5769230723381042
noise variance: 338.2694396972656
average noise variance upto now: 337.35064697265625

53th run
noise dimension : 27
noise type: discrete
torch.Size([40000, 27])
original u-statistic:0.2834610939025879
p value proxy: 0.11627907305955887
result: 0.0
power_upto_now: 0.5660377144813538
noise variance: 337.3902587890625
average noise variance upto now: 337.3514099121094

54th run
noise dimension : 27
noise type: discrete
torch.Size([40000, 27])
original u-statistic:0.2806284427642822
p value proxy: 0.17607973515987396
result: 0.0
power_upto_now: 0.5555555820465088
noise variance: 338.3221435546875
average noise variance upto now: 337.369384765625

55th run
noise dimension : 27
noise type: discrete
torch.Size([40000, 27])
original u-statistic:0.5402176380157471
p value proxy: 0.02657807245850563
result: 1.0
power_upto_now: 0.5636363625526428
noise variance: 336.9046630859375
average noise variance upto now: 337.3609313964844

56th run
noise dimension : 27
noise type: discrete
torch.Size([40000, 27])
original u-statistic:0.8876595497131348
p value proxy: 0.003322259057313204
result: 1.0
power_upto_now: 0.5714285969734192
noise variance: 338.6373291015625
average noise variance upto now: 337.3837585449219

57th run
noise dimension : 27
noise type: discrete
torch.Size([40000, 27])
original u-statistic:0.5671920776367188
p value proxy: 0.029900332912802696
result: 1.0
power_upto_now: 0.5789473652839661
noise variance: 337.1429138183594
average noise variance upto now: 337.3795166015625

58th run
noise dimension : 27
noise type: discrete
torch.Size([40000, 27])
original u-statistic:1.1074638366699219
p value proxy: 0.003322259057313204
result: 1.0
power_upto_now: 0.5862069129943848
noise variance: 336.50634765625
average noise variance upto now: 337.3644714355469

59th run
noise dimension : 27
noise type: discrete
torch.Size([40000, 27])
original u-statistic:1.1025464534759521
p value proxy: 0.003322259057313204
result: 1.0
power_upto_now: 0.5932203531265259
noise variance: 335.95111083984375
average noise variance upto now: 337.34051513671875

60th run
noise dimension : 27
noise type: discrete
torch.Size([40000, 27])
original u-statistic:0.4054689407348633
p value proxy: 0.08970099687576294
result: 0.0
power_upto_now: 0.5833333134651184
noise variance: 336.77154541015625
average noise variance upto now: 337.3310241699219

61th run
noise dimension : 27
noise type: discrete
torch.Size([40000, 27])
original u-statistic:0.4213874340057373
p value proxy: 0.05315614491701126
result: 0.0
power_upto_now: 0.5737704634666443
noise variance: 337.27166748046875
average noise variance upto now: 337.3300476074219

62th run
noise dimension : 27
noise type: discrete
torch.Size([40000, 27])
original u-statistic:0.1714329719543457
p value proxy: 0.20930232107639313
result: 0.0
power_upto_now: 0.5645161271095276
noise variance: 336.8907775878906
average noise variance upto now: 337.3229675292969

63th run
noise dimension : 27
noise type: discrete
torch.Size([40000, 27])
original u-statistic:0.12549352645874023
p value proxy: 0.31893688440322876
result: 0.0
power_upto_now: 0.5555555820465088
noise variance: 337.1770935058594
average noise variance upto now: 337.3206481933594

64th run
noise dimension : 27
noise type: discrete
torch.Size([40000, 27])
original u-statistic:0.4167485237121582
p value proxy: 0.06644517928361893
result: 0.0
power_upto_now: 0.546875
noise variance: 337.6451416015625
average noise variance upto now: 337.3257141113281

65th run
noise dimension : 27
noise type: discrete
torch.Size([40000, 27])
original u-statistic:0.6009716987609863
p value proxy: 0.013289036229252815
result: 1.0
power_upto_now: 0.5538461804389954
noise variance: 336.9906311035156
average noise variance upto now: 337.3205261230469

66th run
noise dimension : 27
noise type: discrete
torch.Size([40000, 27])
original u-statistic:0.7924928665161133
p value proxy: 0.003322259057313204
result: 1.0
power_upto_now: 0.560606062412262
noise variance: 338.0110168457031
average noise variance upto now: 337.33099365234375

67th run
noise dimension : 27
noise type: discrete
torch.Size([40000, 27])
original u-statistic:0.7505583763122559
p value proxy: 0.013289036229252815
result: 1.0
power_upto_now: 0.5671641826629639
noise variance: 337.509521484375
average noise variance upto now: 337.33367919921875

68th run
noise dimension : 27
noise type: discrete
torch.Size([40000, 27])
original u-statistic:0.6409525871276855
p value proxy: 0.006644518114626408
result: 1.0
power_upto_now: 0.5735294222831726
noise variance: 337.8749084472656
average noise variance upto now: 337.3416442871094

69th run
noise dimension : 27
noise type: discrete
torch.Size([40000, 27])
original u-statistic:0.34271907806396484
p value proxy: 0.08970099687576294
result: 0.0
power_upto_now: 0.5652173757553101
noise variance: 337.2642822265625
average noise variance upto now: 337.3404846191406

70th run
noise dimension : 27
noise type: discrete
torch.Size([40000, 27])
original u-statistic:0.3448672294616699
p value proxy: 0.09634551405906677
result: 0.0
power_upto_now: 0.5571428537368774
noise variance: 337.847412109375
average noise variance upto now: 337.3477478027344

71th run
noise dimension : 27
noise type: discrete
torch.Size([40000, 27])
original u-statistic:0.21126985549926758
p value proxy: 0.17275747656822205
result: 0.0
power_upto_now: 0.5492957830429077
noise variance: 338.6521301269531
average noise variance upto now: 337.3661193847656

72th run
noise dimension : 27
noise type: discrete
torch.Size([40000, 27])
original u-statistic:0.21557903289794922
p value proxy: 0.19269102811813354
result: 0.0
power_upto_now: 0.5416666865348816
noise variance: 337.19866943359375
average noise variance upto now: 337.3638000488281

73th run
noise dimension : 27
noise type: discrete
torch.Size([40000, 27])
original u-statistic:0.16701889038085938
p value proxy: 0.2591361999511719
result: 0.0
power_upto_now: 0.534246563911438
noise variance: 337.7420654296875
average noise variance upto now: 337.3689880371094

74th run
noise dimension : 27
noise type: discrete
torch.Size([40000, 27])
original u-statistic:0.09732627868652344
p value proxy: 0.3322259187698364
result: 0.0
power_upto_now: 0.5270270109176636
noise variance: 337.93341064453125
average noise variance upto now: 337.3766174316406

75th run
noise dimension : 27
noise type: discrete
torch.Size([40000, 27])
original u-statistic:0.9322652816772461
p value proxy: 0.006644518114626408
result: 1.0
power_upto_now: 0.5333333611488342
noise variance: 340.1299133300781
average noise variance upto now: 337.4132995605469

76th run
noise dimension : 27
noise type: discrete
torch.Size([40000, 27])
original u-statistic:-0.11964106559753418
p value proxy: 0.6511628031730652
result: 0.0
power_upto_now: 0.5263158082962036
noise variance: 337.1768493652344
average noise variance upto now: 337.41021728515625

77th run
noise dimension : 27
noise type: discrete
torch.Size([40000, 27])
original u-statistic:1.26420259475708
p value proxy: 0.003322259057313204
result: 1.0
power_upto_now: 0.5324675440788269
noise variance: 336.68060302734375
average noise variance upto now: 337.4007568359375

78th run
noise dimension : 27
noise type: discrete
torch.Size([40000, 27])
original u-statistic:1.1327128410339355
p value proxy: 0.003322259057313204
result: 1.0
power_upto_now: 0.5384615659713745
noise variance: 336.90802001953125
average noise variance upto now: 337.3944396972656

79th run
noise dimension : 27
noise type: discrete
torch.Size([40000, 27])
original u-statistic:0.30377888679504395
p value proxy: 0.11960133165121078
result: 0.0
power_upto_now: 0.5316455960273743
noise variance: 337.37579345703125
average noise variance upto now: 337.3941955566406

80th run
noise dimension : 27
noise type: discrete
torch.Size([40000, 27])
original u-statistic:0.1856536865234375
p value proxy: 0.19601328670978546
result: 0.0
power_upto_now: 0.5249999761581421
noise variance: 338.3094787597656
average noise variance upto now: 337.4056396484375

81th run
noise dimension : 27
noise type: discrete
torch.Size([40000, 27])
original u-statistic:0.2616868019104004
p value proxy: 0.15946844220161438
result: 0.0
power_upto_now: 0.5185185074806213
noise variance: 337.6595153808594
average noise variance upto now: 337.40875244140625

82th run
noise dimension : 27
noise type: discrete
torch.Size([40000, 27])
original u-statistic:0.4542355537414551
p value proxy: 0.049833886325359344
result: 1.0
power_upto_now: 0.5243902206420898
noise variance: 336.3454895019531
average noise variance upto now: 337.3957824707031

83th run
noise dimension : 27
noise type: discrete
torch.Size([40000, 27])
original u-statistic:0.11248993873596191
p value proxy: 0.2823920249938965
result: 0.0
power_upto_now: 0.5180723071098328
noise variance: 336.97344970703125
average noise variance upto now: 337.3907165527344

84th run
noise dimension : 27
noise type: discrete
torch.Size([40000, 27])
original u-statistic:1.3235151767730713
p value proxy: 0.003322259057313204
result: 1.0
power_upto_now: 0.523809552192688
noise variance: 337.80780029296875
average noise variance upto now: 337.3956604003906

85th run
noise dimension : 27
noise type: discrete
torch.Size([40000, 27])
original u-statistic:0.042058467864990234
p value proxy: 0.4252491593360901
result: 0.0
power_upto_now: 0.5176470875740051
noise variance: 337.5980224609375
average noise variance upto now: 337.3980712890625

86th run
noise dimension : 27
noise type: discrete
torch.Size([40000, 27])
original u-statistic:0.3098747730255127
p value proxy: 0.10631228983402252
result: 0.0
power_upto_now: 0.5116279125213623
noise variance: 337.7718200683594
average noise variance upto now: 337.40240478515625

87th run
noise dimension : 27
noise type: discrete
torch.Size([40000, 27])
original u-statistic:0.8524794578552246
p value proxy: 0.003322259057313204
result: 1.0
power_upto_now: 0.517241358757019
noise variance: 337.5864562988281
average noise variance upto now: 337.4045104980469

88th run
noise dimension : 27
noise type: discrete
torch.Size([40000, 27])
original u-statistic:0.7330360412597656
p value proxy: 0.009966777637600899
result: 1.0
power_upto_now: 0.5227272510528564
noise variance: 336.5605773925781
average noise variance upto now: 337.3948974609375

89th run
noise dimension : 27
noise type: discrete
torch.Size([40000, 27])
original u-statistic:0.4666328430175781
p value proxy: 0.049833886325359344
result: 1.0
power_upto_now: 0.5280898809432983
noise variance: 337.1043701171875
average noise variance upto now: 337.3916320800781

90th run
noise dimension : 27
noise type: discrete
torch.Size([40000, 27])
original u-statistic:1.2154560089111328
p value proxy: 0.003322259057313204
result: 1.0
power_upto_now: 0.5333333611488342
noise variance: 335.8127746582031
average noise variance upto now: 337.37408447265625

91th run
noise dimension : 27
noise type: discrete
torch.Size([40000, 27])
original u-statistic:0.5815894603729248
p value proxy: 0.02657807245850563
result: 1.0
power_upto_now: 0.5384615659713745
noise variance: 338.1078796386719
average noise variance upto now: 337.38214111328125

92th run
noise dimension : 27
noise type: discrete
torch.Size([40000, 27])
original u-statistic:0.14246535301208496
p value proxy: 0.2458471804857254
result: 0.0
power_upto_now: 0.532608687877655
noise variance: 337.5137634277344
average noise variance upto now: 337.3835754394531

93th run
noise dimension : 27
noise type: discrete
torch.Size([40000, 27])
original u-statistic:0.18482232093811035
p value proxy: 0.19269102811813354
result: 0.0
power_upto_now: 0.5268816947937012
noise variance: 337.1505126953125
average noise variance upto now: 337.381103515625

94th run
noise dimension : 27
noise type: discrete
torch.Size([40000, 27])
original u-statistic:0.21370244026184082
p value proxy: 0.25581395626068115
result: 0.0
power_upto_now: 0.521276593208313
noise variance: 337.70391845703125
average noise variance upto now: 337.384521484375

95th run
noise dimension : 27
noise type: discrete
torch.Size([40000, 27])
original u-statistic:0.2572150230407715
p value proxy: 0.16943521797657013
result: 0.0
power_upto_now: 0.5157894492149353
noise variance: 337.8508605957031
average noise variance upto now: 337.3894348144531

96th run
noise dimension : 27
noise type: discrete
torch.Size([40000, 27])
original u-statistic:0.30229902267456055
p value proxy: 0.12956809997558594
result: 0.0
power_upto_now: 0.5104166865348816
noise variance: 338.1893615722656
average noise variance upto now: 337.3977966308594

97th run
noise dimension : 27
noise type: discrete
torch.Size([40000, 27])
original u-statistic:0.2516770362854004
p value proxy: 0.16943521797657013
result: 0.0
power_upto_now: 0.5051546096801758
noise variance: 338.1109313964844
average noise variance upto now: 337.4051208496094

98th run
noise dimension : 27
noise type: discrete
torch.Size([40000, 27])
original u-statistic:0.07618474960327148
p value proxy: 0.3621262311935425
result: 0.0
power_upto_now: 0.5
noise variance: 335.5696716308594
average noise variance upto now: 337.38641357421875

99th run
noise dimension : 27
noise type: discrete
torch.Size([40000, 27])
original u-statistic:0.5702133178710938
p value proxy: 0.023255813866853714
result: 1.0
power_upto_now: 0.5050504803657532
noise variance: 337.01776123046875
average noise variance upto now: 337.3826904296875

100th run
noise dimension : 27
noise type: discrete
torch.Size([40000, 27])
original u-statistic:-0.08953857421875
p value proxy: 0.6279069781303406
result: 0.0
power_upto_now: 0.5
noise variance: 338.3758239746094
average noise variance upto now: 337.3926086425781

101th run
noise dimension : 27
noise type: discrete
torch.Size([40000, 27])
original u-statistic:0.5411696434020996
p value proxy: 0.029900332912802696
result: 1.0
power_upto_now: 0.5049505233764648
noise variance: 336.7481689453125
average noise variance upto now: 337.38623046875

102th run
noise dimension : 27
noise type: discrete
torch.Size([40000, 27])
original u-statistic:0.34412145614624023
p value proxy: 0.08970099687576294
result: 0.0
power_upto_now: 0.5
noise variance: 340.0670166015625
average noise variance upto now: 337.4125061035156

103th run
noise dimension : 27
noise type: discrete
torch.Size([40000, 27])
original u-statistic:0.15889382362365723
p value proxy: 0.25249168276786804
result: 0.0
power_upto_now: 0.49514561891555786
noise variance: 337.0954895019531
average noise variance upto now: 337.409423828125

104th run
noise dimension : 27
noise type: discrete
torch.Size([40000, 27])
original u-statistic:0.6039540767669678
p value proxy: 0.013289036229252815
result: 1.0
power_upto_now: 0.5
noise variance: 337.433349609375
average noise variance upto now: 337.40966796875

105th run
noise dimension : 27
noise type: discrete
torch.Size([40000, 27])
original u-statistic:0.18240928649902344
p value proxy: 0.20930232107639313
result: 0.0
power_upto_now: 0.4952380955219269
noise variance: 336.9482727050781
average noise variance upto now: 337.4052429199219

106th run
noise dimension : 27
noise type: discrete
torch.Size([40000, 27])
original u-statistic:0.45606517791748047
p value proxy: 0.05315614491701126
result: 0.0
power_upto_now: 0.49056604504585266
noise variance: 336.4111328125
average noise variance upto now: 337.3959045410156

107th run
noise dimension : 27
noise type: discrete
torch.Size([40000, 27])
original u-statistic:0.9166431427001953
p value proxy: 0.003322259057313204
result: 1.0
power_upto_now: 0.4953271150588989
noise variance: 337.2916564941406
average noise variance upto now: 337.3948974609375

108th run
noise dimension : 27
noise type: discrete
torch.Size([40000, 27])
original u-statistic:0.47199249267578125
p value proxy: 0.05647840350866318
result: 0.0
power_upto_now: 0.49074074625968933
noise variance: 337.064208984375
average noise variance upto now: 337.391845703125

109th run
noise dimension : 27
noise type: discrete
torch.Size([40000, 27])
original u-statistic:0.7119302749633789
p value proxy: 0.009966777637600899
result: 1.0
power_upto_now: 0.4954128563404083
noise variance: 338.63775634765625
average noise variance upto now: 337.4032897949219

110th run
noise dimension : 27
noise type: discrete
torch.Size([40000, 27])
original u-statistic:1.2375047206878662
p value proxy: 0.003322259057313204
result: 1.0
power_upto_now: 0.5
noise variance: 336.9271545410156
average noise variance upto now: 337.39892578125

111th run
noise dimension : 27
noise type: discrete
torch.Size([40000, 27])
original u-statistic:1.5006740093231201
p value proxy: 0.003322259057313204
result: 1.0
power_upto_now: 0.5045045018196106
noise variance: 337.0269775390625
average noise variance upto now: 337.3955993652344

112th run
noise dimension : 27
noise type: discrete
torch.Size([40000, 27])
original u-statistic:0.43886804580688477
p value proxy: 0.04318936914205551
result: 1.0
power_upto_now: 0.5089285969734192
noise variance: 337.3005676269531
average noise variance upto now: 337.394775390625

113th run
noise dimension : 27
noise type: discrete
torch.Size([40000, 27])
original u-statistic:0.2943534851074219
p value proxy: 0.1661129593849182
result: 0.0
power_upto_now: 0.5044247508049011
noise variance: 337.067626953125
average noise variance upto now: 337.391845703125

114th run
noise dimension : 27
noise type: discrete
torch.Size([40000, 27])
original u-statistic:0.92024827003479
p value proxy: 0.006644518114626408
result: 1.0
power_upto_now: 0.5087719559669495
noise variance: 339.130615234375
average noise variance upto now: 337.4071044921875

115th run
noise dimension : 27
noise type: discrete
torch.Size([40000, 27])
original u-statistic:0.4602701663970947
p value proxy: 0.05647840350866318
result: 0.0
power_upto_now: 0.5043478012084961
noise variance: 338.3270263671875
average noise variance upto now: 337.4151306152344

116th run
noise dimension : 27
noise type: discrete
torch.Size([40000, 27])
original u-statistic:0.43479156494140625
p value proxy: 0.07308970391750336
result: 0.0
power_upto_now: 0.5
noise variance: 338.3382263183594
average noise variance upto now: 337.4230651855469

117th run
noise dimension : 27
noise type: discrete
torch.Size([40000, 27])
original u-statistic:0.9527137279510498
p value proxy: 0.003322259057313204
result: 1.0
power_upto_now: 0.504273533821106
noise variance: 336.41046142578125
average noise variance upto now: 337.4144287109375

118th run
noise dimension : 27
noise type: discrete
torch.Size([40000, 27])
original u-statistic:0.6984968185424805
p value proxy: 0.006644518114626408
result: 1.0
power_upto_now: 0.508474588394165
noise variance: 337.68896484375
average noise variance upto now: 337.416748046875

119th run
noise dimension : 27
noise type: discrete
torch.Size([40000, 27])
original u-statistic:0.34622812271118164
p value proxy: 0.10963454842567444
result: 0.0
power_upto_now: 0.5042017102241516
noise variance: 337.2234191894531
average noise variance upto now: 337.4150695800781

120th run
noise dimension : 27
noise type: discrete
torch.Size([40000, 27])
original u-statistic:0.486008882522583
p value proxy: 0.023255813866853714
result: 1.0
power_upto_now: 0.5083333253860474
noise variance: 337.37982177734375
average noise variance upto now: 337.4148254394531

121th run
noise dimension : 27
noise type: discrete
torch.Size([40000, 27])
original u-statistic:0.09228992462158203
p value proxy: 0.3322259187698364
result: 0.0
power_upto_now: 0.5041322112083435
noise variance: 337.4527587890625
average noise variance upto now: 337.4151306152344

122th run
noise dimension : 27
noise type: discrete
torch.Size([40000, 27])
original u-statistic:0.25197720527648926
p value proxy: 0.1661129593849182
result: 0.0
power_upto_now: 0.5
noise variance: 337.3581848144531
average noise variance upto now: 337.4146728515625

123th run
noise dimension : 27
noise type: discrete
torch.Size([40000, 27])
original u-statistic:0.7235128879547119
p value proxy: 0.009966777637600899
result: 1.0
power_upto_now: 0.5040650367736816
noise variance: 337.7604675292969
average noise variance upto now: 337.4174499511719

124th run
noise dimension : 27
noise type: discrete
torch.Size([40000, 27])
original u-statistic:0.47818756103515625
p value proxy: 0.04651162773370743
result: 1.0
power_upto_now: 0.5080645084381104
noise variance: 336.2127990722656
average noise variance upto now: 337.40777587890625

125th run
noise dimension : 27
noise type: discrete
torch.Size([40000, 27])
original u-statistic:0.2426912784576416
p value proxy: 0.15946844220161438
result: 0.0
power_upto_now: 0.5040000081062317
noise variance: 337.80419921875
average noise variance upto now: 337.41094970703125

126th run
noise dimension : 27
noise type: discrete
torch.Size([40000, 27])
original u-statistic:1.6624526977539062
p value proxy: 0.003322259057313204
result: 1.0
power_upto_now: 0.5079365372657776
noise variance: 337.4868469238281
average noise variance upto now: 337.4115295410156

127th run
noise dimension : 27
noise type: discrete
torch.Size([40000, 27])
original u-statistic:0.18948650360107422
p value proxy: 0.23255814611911774
result: 0.0
power_upto_now: 0.5039370059967041
noise variance: 337.4076843261719
average noise variance upto now: 337.4114990234375

128th run
noise dimension : 27
noise type: discrete
torch.Size([40000, 27])
original u-statistic:0.3984689712524414
p value proxy: 0.08970099687576294
result: 0.0
power_upto_now: 0.5
noise variance: 337.51220703125
average noise variance upto now: 337.41229248046875

129th run
noise dimension : 27
noise type: discrete
torch.Size([40000, 27])
original u-statistic:0.7921128273010254
p value proxy: 0.009966777637600899
result: 1.0
power_upto_now: 0.5038759708404541
noise variance: 337.0260314941406
average noise variance upto now: 337.4093017578125

130th run
noise dimension : 27
noise type: discrete
torch.Size([40000, 27])
original u-statistic:0.14368629455566406
p value proxy: 0.2857142984867096
result: 0.0
power_upto_now: 0.5
noise variance: 336.9483337402344
average noise variance upto now: 337.40576171875

131th run
noise dimension : 27
noise type: discrete
torch.Size([40000, 27])
original u-statistic:0.43981218338012695
p value proxy: 0.049833886325359344
result: 1.0
power_upto_now: 0.5038167834281921
noise variance: 337.1424865722656
average noise variance upto now: 337.40374755859375

132th run
noise dimension : 27
noise type: discrete
torch.Size([40000, 27])
original u-statistic:0.8823084831237793
p value proxy: 0.006644518114626408
result: 1.0
power_upto_now: 0.5075757503509521
noise variance: 337.35919189453125
average noise variance upto now: 337.4034118652344

133th run
noise dimension : 27
noise type: discrete
torch.Size([40000, 27])
original u-statistic:0.34595227241516113
p value proxy: 0.09966777265071869
result: 0.0
power_upto_now: 0.5037593841552734
noise variance: 336.5083923339844
average noise variance upto now: 337.39666748046875

134th run
noise dimension : 27
noise type: discrete
torch.Size([40000, 27])
original u-statistic:0.35660862922668457
p value proxy: 0.08970099687576294
result: 0.0
power_upto_now: 0.5
noise variance: 336.1919250488281
average noise variance upto now: 337.3876953125

135th run
noise dimension : 27
noise type: discrete
torch.Size([40000, 27])
original u-statistic:0.5317883491516113
p value proxy: 0.05315614491701126
result: 0.0
power_upto_now: 0.4962962865829468
noise variance: 336.2072448730469
average noise variance upto now: 337.37896728515625

136th run
noise dimension : 27
noise type: discrete
torch.Size([40000, 27])
original u-statistic:0.8119382858276367
p value proxy: 0.013289036229252815
result: 1.0
power_upto_now: 0.5
noise variance: 336.63525390625
average noise variance upto now: 337.37347412109375

137th run
noise dimension : 27
noise type: discrete
torch.Size([40000, 27])
original u-statistic:0.4816269874572754
p value proxy: 0.039867110550403595
result: 1.0
power_upto_now: 0.5036496520042419
noise variance: 336.5345153808594
average noise variance upto now: 337.36737060546875

138th run
noise dimension : 27
noise type: discrete
torch.Size([40000, 27])
original u-statistic:1.0783154964447021
