job started
cuda available: True
code run on device:: cuda:0

n1 = 45000, n2 = 45000,

kappa = 2, alpha = 0.8,

gamma = 0.05, nTests = 500,

B = 300

1th run
noise dimension : 8
noise variance: 100.05357360839844
original u-statistic:-0.0032579898834228516
p value proxy: 0.5880398750305176
result: False
power_upto_now: 0.0
2th run
noise dimension : 8
noise variance: 99.74665832519531
original u-statistic:-0.0022742748260498047
p value proxy: 0.48172757029533386
result: False
power_upto_now: 0.0
3th run
noise dimension : 8
noise variance: 100.11933135986328
original u-statistic:-0.011672735214233398
p value proxy: 0.714285671710968
result: False
power_upto_now: 0.0
4th run
noise dimension : 8
noise variance: 100.26019287109375
original u-statistic:-0.006237030029296875
p value proxy: 0.6146179437637329
result: False
power_upto_now: 0.0
5th run
noise dimension : 8
noise variance: 100.00792694091797
original u-statistic:-0.00854802131652832
p value proxy: 0.6312292218208313
result: False
power_upto_now: 0.0
6th run
noise dimension : 8
noise variance: 99.77245330810547
original u-statistic:0.010030269622802734
p value proxy: 0.2458471655845642
result: False
power_upto_now: 0.0
7th run
noise dimension : 8
noise variance: 100.21989440917969
original u-statistic:-0.008149862289428711
p value proxy: 0.6112956404685974
result: False
power_upto_now: 0.0
8th run
noise dimension : 8
noise variance: 99.84220886230469
original u-statistic:0.019393205642700195
p value proxy: 0.13289035856723785
result: False
power_upto_now: 0.0
9th run
noise dimension : 8
noise variance: 99.85641479492188
original u-statistic:-0.017416715621948242
p value proxy: 0.8372092843055725
result: False
power_upto_now: 0.0
10th run
noise dimension : 8
noise variance: 99.96610260009766
original u-statistic:0.018361806869506836
p value proxy: 0.14617939293384552
result: False
power_upto_now: 0.0
11th run
noise dimension : 8
noise variance: 100.07320404052734
original u-statistic:0.025948286056518555
p value proxy: 0.07973422110080719
result: False
power_upto_now: 0.0
12th run
noise dimension : 8
noise variance: 99.39904022216797
original u-statistic:-0.003798246383666992
p value proxy: 0.49833884835243225
result: False
power_upto_now: 0.0
13th run
noise dimension : 8
noise variance: 100.2294692993164
original u-statistic:-0.005023956298828125
p value proxy: 0.5315614342689514
result: False
power_upto_now: 0.0
14th run
noise dimension : 8
noise variance: 100.11744689941406
original u-statistic:-0.009050130844116211
p value proxy: 0.6877076029777527
result: False
power_upto_now: 0.0
15th run
noise dimension : 8
noise variance: 100.13954162597656
original u-statistic:0.01946568489074707
p value proxy: 0.10631228983402252
result: False
power_upto_now: 0.0
16th run
noise dimension : 8
noise variance: 99.96790313720703
original u-statistic:-0.028369426727294922
p value proxy: 0.9867109656333923
result: False
power_upto_now: 0.0
17th run
noise dimension : 8
noise variance: 100.19422912597656
original u-statistic:-0.0007295608520507812
p value proxy: 0.46179401874542236
result: False
power_upto_now: 0.0
18th run
noise dimension : 8
noise variance: 99.9515380859375
original u-statistic:-0.019665002822875977
p value proxy: 0.8870431780815125
result: False
power_upto_now: 0.0
19th run
noise dimension : 8
noise variance: 100.22808074951172
original u-statistic:-0.007955074310302734
p value proxy: 0.6544850468635559
result: False
power_upto_now: 0.0
20th run
noise dimension : 8
noise variance: 99.84437561035156
original u-statistic:-0.0080718994140625
p value proxy: 0.6644518375396729
result: False
power_upto_now: 0.0
21th run
noise dimension : 8
noise variance: 99.773681640625
original u-statistic:0.0019659996032714844
p value proxy: 0.3222591280937195
result: False
power_upto_now: 0.0
22th run
noise dimension : 8
noise variance: 99.92109680175781
original u-statistic:-0.022716999053955078
p value proxy: 0.9468438029289246
result: False
power_upto_now: 0.0
23th run
noise dimension : 8
noise variance: 99.94094848632812
original u-statistic:-0.0166318416595459
p value proxy: 0.8372092843055725
result: False
power_upto_now: 0.0
24th run
noise dimension : 8
noise variance: 99.55000305175781
original u-statistic:-0.014620542526245117
p value proxy: 0.7873753905296326
result: False
power_upto_now: 0.0
25th run
noise dimension : 8
noise variance: 100.14461517333984
original u-statistic:-0.02619171142578125
p value proxy: 0.9568105936050415
result: False
power_upto_now: 0.0
26th run
noise dimension : 8
noise variance: 99.63748168945312
original u-statistic:0.011510610580444336
p value proxy: 0.23588038980960846
result: False
power_upto_now: 0.0
27th run
noise dimension : 8
noise variance: 99.98002624511719
original u-statistic:-0.017737150192260742
p value proxy: 0.8704319000244141
result: False
power_upto_now: 0.0
28th run
noise dimension : 8
noise variance: 100.03152465820312
original u-statistic:-0.0036182403564453125
p value proxy: 0.5182723999023438
result: False
power_upto_now: 0.0
29th run
noise dimension : 8
noise variance: 100.17017364501953
original u-statistic:0.0314633846282959
p value proxy: 0.049833886325359344
result: True
power_upto_now: 0.03448275849223137
30th run
noise dimension : 8
noise variance: 99.98402404785156
original u-statistic:0.018393516540527344
p value proxy: 0.15946844220161438
result: False
power_upto_now: 0.03333333507180214
31th run
noise dimension : 8
noise variance: 100.00519561767578
original u-statistic:0.020917654037475586
p value proxy: 0.1229235827922821
result: False
power_upto_now: 0.032258063554763794
32th run
noise dimension : 8
noise variance: 100.29113006591797
original u-statistic:0.015584230422973633
p value proxy: 0.1860465109348297
result: False
power_upto_now: 0.03125
33th run
noise dimension : 8
noise variance: 99.76736450195312
original u-statistic:-0.014978647232055664
p value proxy: 0.8172757029533386
result: False
power_upto_now: 0.03030303120613098
34th run
noise dimension : 8
noise variance: 100.07003021240234
original u-statistic:-0.0021944046020507812
p value proxy: 0.49833884835243225
result: False
power_upto_now: 0.029411764815449715
35th run
noise dimension : 8
noise variance: 100.25863647460938
original u-statistic:-0.009366273880004883
p value proxy: 0.6677740812301636
result: False
power_upto_now: 0.02857142873108387
36th run
noise dimension : 8
noise variance: 99.86906433105469
original u-statistic:-0.014634847640991211
p value proxy: 0.7840531468391418
result: False
power_upto_now: 0.02777777798473835
37th run
noise dimension : 8
noise variance: 99.89379119873047
original u-statistic:-0.013578414916992188
p value proxy: 0.7541528344154358
result: False
power_upto_now: 0.027027027681469917
38th run
noise dimension : 8
noise variance: 99.97566223144531
original u-statistic:-0.011430978775024414
p value proxy: 0.724252462387085
result: False
power_upto_now: 0.02631578966975212
39th run
noise dimension : 8
noise variance: 99.49606323242188
original u-statistic:0.02181839942932129
p value proxy: 0.13621261715888977
result: False
power_upto_now: 0.025641025975346565
40th run
noise dimension : 8
noise variance: 99.8385238647461
original u-statistic:0.05110597610473633
p value proxy: 0.013289036229252815
result: True
power_upto_now: 0.05000000074505806
41th run
noise dimension : 8
noise variance: 100.19180297851562
original u-statistic:-0.02035212516784668
p value proxy: 0.9302325248718262
result: False
power_upto_now: 0.04878048598766327
42th run
noise dimension : 8
noise variance: 100.26507568359375
original u-statistic:0.003135204315185547
p value proxy: 0.3621262311935425
result: False
power_upto_now: 0.0476190485060215
43th run
noise dimension : 8
noise variance: 99.93830871582031
original u-statistic:-0.009363889694213867
p value proxy: 0.7076411843299866
result: False
power_upto_now: 0.04651162773370743
44th run
noise dimension : 8
noise variance: 99.70842742919922
original u-statistic:0.009613275527954102
p value proxy: 0.262458473443985
result: False
power_upto_now: 0.04545454680919647
45th run
noise dimension : 8
noise variance: 99.97517395019531
original u-statistic:-0.004727602005004883
p value proxy: 0.5382059812545776
result: False
power_upto_now: 0.04444444552063942
46th run
noise dimension : 8
noise variance: 100.01596069335938
original u-statistic:-0.028003931045532227
p value proxy: 0.9900332093238831
result: False
power_upto_now: 0.043478261679410934
47th run
noise dimension : 8
noise variance: 99.58499145507812
original u-statistic:-0.03020453453063965
p value proxy: 0.9966776967048645
result: False
power_upto_now: 0.042553190141916275
48th run
noise dimension : 8
noise variance: 99.89186096191406
original u-statistic:-0.0012691020965576172
p value proxy: 0.4850498139858246
result: False
power_upto_now: 0.0416666679084301
49th run
noise dimension : 8
noise variance: 99.75831604003906
original u-statistic:-4.6253204345703125e-05
p value proxy: 0.4518272280693054
result: False
power_upto_now: 0.040816325694322586
50th run
noise dimension : 8
noise variance: 99.8621597290039
original u-statistic:0.023092031478881836
p value proxy: 0.10963454842567444
result: False
power_upto_now: 0.03999999910593033
51th run
noise dimension : 8
noise variance: 99.92509460449219
original u-statistic:0.02412867546081543
p value proxy: 0.09302325546741486
result: False
power_upto_now: 0.03921568766236305
52th run
noise dimension : 8
noise variance: 100.16029357910156
original u-statistic:0.01610565185546875
p value proxy: 0.16943521797657013
result: False
power_upto_now: 0.03846153989434242
53th run
noise dimension : 8
noise variance: 99.65742492675781
original u-statistic:-0.014305830001831055
p value proxy: 0.7508305311203003
result: False
power_upto_now: 0.03773584961891174
54th run
noise dimension : 8
noise variance: 99.90557098388672
original u-statistic:-0.012638092041015625
p value proxy: 0.7475082874298096
result: False
power_upto_now: 0.03703703731298447
55th run
noise dimension : 8
noise variance: 100.04200744628906
original u-statistic:-0.02054595947265625
p value proxy: 0.9136212468147278
result: False
power_upto_now: 0.036363635212183
56th run
noise dimension : 8
noise variance: 99.72805786132812
original u-statistic:0.0018241405487060547
p value proxy: 0.41860464215278625
result: False
power_upto_now: 0.0357142873108387
57th run
noise dimension : 8
noise variance: 99.78093719482422
original u-statistic:0.0007090568542480469
p value proxy: 0.4053156077861786
result: False
power_upto_now: 0.035087719559669495
58th run
noise dimension : 8
noise variance: 99.9598388671875
original u-statistic:0.018254756927490234
p value proxy: 0.1428571343421936
result: False
power_upto_now: 0.03448275849223137
59th run
noise dimension : 8
noise variance: 99.68403625488281
original u-statistic:-0.0015056133270263672
p value proxy: 0.45514950156211853
result: False
power_upto_now: 0.033898305147886276
60th run
noise dimension : 8
noise variance: 100.15619659423828
original u-statistic:-0.01979970932006836
p value proxy: 0.8837209343910217
result: False
power_upto_now: 0.03333333507180214
61th run
noise dimension : 8
noise variance: 100.13601684570312
original u-statistic:-0.012522220611572266
p value proxy: 0.6943521499633789
result: False
power_upto_now: 0.032786883413791656
62th run
noise dimension : 8
noise variance: 100.2701187133789
original u-statistic:0.0039789676666259766
p value proxy: 0.3521594703197479
result: False
power_upto_now: 0.032258063554763794
63th run
noise dimension : 8
noise variance: 100.09891510009766
original u-statistic:-0.008779525756835938
p value proxy: 0.6378737688064575
result: False
power_upto_now: 0.0317460335791111
64th run
noise dimension : 8
noise variance: 99.85897064208984
original u-statistic:0.02934575080871582
p value proxy: 0.05647840350866318
result: False
power_upto_now: 0.03125
65th run
noise dimension : 8
noise variance: 99.97869110107422
original u-statistic:-0.011612176895141602
p value proxy: 0.7009966373443604
result: False
power_upto_now: 0.03076923079788685
66th run
noise dimension : 8
noise variance: 99.38339233398438
original u-statistic:-0.027637004852294922
p value proxy: 0.9867109656333923
result: False
power_upto_now: 0.03030303120613098
67th run
noise dimension : 8
noise variance: 99.64580535888672
original u-statistic:0.0557708740234375
p value proxy: 0.009966777637600899
result: True
power_upto_now: 0.04477611929178238
68th run
noise dimension : 8
noise variance: 100.42012023925781
original u-statistic:-0.02785468101501465
p value proxy: 0.9867109656333923
result: False
power_upto_now: 0.04411764815449715
69th run
noise dimension : 8
noise variance: 100.23094940185547
original u-statistic:0.0019812583923339844
p value proxy: 0.3488371968269348
result: False
power_upto_now: 0.043478261679410934
70th run
noise dimension : 8
noise variance: 99.76001739501953
original u-statistic:0.006731986999511719
p value proxy: 0.3255814015865326
result: False
power_upto_now: 0.04285714402794838
71th run
noise dimension : 8
noise variance: 100.14346313476562
original u-statistic:-0.003761768341064453
p value proxy: 0.5315614342689514
result: False
power_upto_now: 0.0422535203397274
72th run
noise dimension : 8
noise variance: 100.37638092041016
original u-statistic:0.008207082748413086
p value proxy: 0.25581395626068115
result: False
power_upto_now: 0.0416666679084301
73th run
noise dimension : 8
noise variance: 100.10650634765625
original u-statistic:-0.008719444274902344
p value proxy: 0.6212624311447144
result: False
power_upto_now: 0.04109589010477066
74th run
noise dimension : 8
noise variance: 99.83490753173828
original u-statistic:-0.00523686408996582
p value proxy: 0.5880398750305176
result: False
power_upto_now: 0.04054053872823715
75th run
noise dimension : 8
noise variance: 100.01995849609375
original u-statistic:-0.02442765235900879
p value proxy: 0.9833886623382568
result: False
power_upto_now: 0.03999999910593033
76th run
noise dimension : 8
noise variance: 99.9777603149414
original u-statistic:-0.014726877212524414
p value proxy: 0.7740863561630249
result: False
power_upto_now: 0.03947368264198303
77th run
noise dimension : 8
noise variance: 99.92591857910156
original u-statistic:-0.019063472747802734
p value proxy: 0.8903654217720032
result: False
power_upto_now: 0.03896103799343109
78th run
noise dimension : 8
noise variance: 100.27127075195312
original u-statistic:0.004878044128417969
p value proxy: 0.3322259187698364
result: False
power_upto_now: 0.03846153989434242
79th run
noise dimension : 8
noise variance: 99.8113021850586
original u-statistic:-0.0003533363342285156
p value proxy: 0.4850498139858246
result: False
power_upto_now: 0.037974681705236435
80th run
noise dimension : 8
noise variance: 99.79203033447266
original u-statistic:0.014995336532592773
p value proxy: 0.21926909685134888
result: False
power_upto_now: 0.03750000149011612
81th run
noise dimension : 8
noise variance: 99.96276092529297
original u-statistic:0.056737661361694336
p value proxy: 0.013289036229252815
result: True
power_upto_now: 0.04938271641731262
82th run
noise dimension : 8
noise variance: 99.62859344482422
original u-statistic:-0.015284538269042969
p value proxy: 0.8205980062484741
result: False
power_upto_now: 0.04878048598766327
83th run
noise dimension : 8
noise variance: 100.42828369140625
original u-statistic:-0.009187936782836914
p value proxy: 0.6877076029777527
result: False
power_upto_now: 0.048192769289016724
84th run
noise dimension : 8
noise variance: 99.90211486816406
original u-statistic:-0.018368005752563477
p value proxy: 0.8936876654624939
result: False
power_upto_now: 0.0476190485060215
85th run
noise dimension : 8
noise variance: 99.9188461303711
original u-statistic:-0.024415969848632812
p value proxy: 0.9634551405906677
result: False
power_upto_now: 0.0470588244497776
86th run
noise dimension : 8
noise variance: 99.41857147216797
original u-statistic:0.013736963272094727
p value proxy: 0.17607973515987396
result: False
power_upto_now: 0.04651162773370743
87th run
noise dimension : 8
noise variance: 100.16437530517578
original u-statistic:-0.013062477111816406
p value proxy: 0.7740863561630249
result: False
power_upto_now: 0.04597701132297516
88th run
noise dimension : 8
noise variance: 99.78460693359375
original u-statistic:0.006829500198364258
p value proxy: 0.31893688440322876
result: False
power_upto_now: 0.04545454680919647
89th run
noise dimension : 8
noise variance: 99.91065979003906
original u-statistic:-0.014024496078491211
p value proxy: 0.7906976342201233
result: False
power_upto_now: 0.04494382068514824
90th run
noise dimension : 8
noise variance: 99.58358001708984
original u-statistic:-0.007891416549682617
p value proxy: 0.5980066061019897
result: False
power_upto_now: 0.04444444552063942
91th run
noise dimension : 8
noise variance: 99.98148345947266
original u-statistic:-0.01838970184326172
p value proxy: 0.8538205623626709
result: False
power_upto_now: 0.04395604506134987
92th run
noise dimension : 8
noise variance: 99.94401550292969
original u-statistic:0.00456690788269043
p value proxy: 0.3488371968269348
result: False
power_upto_now: 0.043478261679410934
93th run
noise dimension : 8
noise variance: 99.74220275878906
original u-statistic:-0.014081001281738281
p value proxy: 0.7508305311203003
result: False
power_upto_now: 0.04301075264811516
94th run
noise dimension : 8
noise variance: 100.08856964111328
original u-statistic:0.014031410217285156
p value proxy: 0.17940199375152588
result: False
power_upto_now: 0.042553190141916275
95th run
noise dimension : 8
noise variance: 99.70100402832031
original u-statistic:-0.023044109344482422
p value proxy: 0.9634551405906677
result: False
power_upto_now: 0.04210526496171951
96th run
noise dimension : 8
noise variance: 100.14600372314453
original u-statistic:0.0007882118225097656
p value proxy: 0.35880398750305176
result: False
power_upto_now: 0.0416666679084301
97th run
noise dimension : 8
noise variance: 99.66443634033203
original u-statistic:0.015470504760742188
p value proxy: 0.1827242523431778
result: False
power_upto_now: 0.04123711213469505
98th run
noise dimension : 8
noise variance: 100.0328598022461
original u-statistic:-0.020323514938354492
p value proxy: 0.8737541437149048
result: False
power_upto_now: 0.040816325694322586
99th run
noise dimension : 8
noise variance: 100.36720275878906
original u-statistic:0.01199650764465332
p value proxy: 0.25249168276786804
result: False
power_upto_now: 0.04040404036641121
100th run
noise dimension : 8
noise variance: 99.9365463256836
original u-statistic:-0.0031998157501220703
p value proxy: 0.5083056092262268
result: False
power_upto_now: 0.03999999910593033
101th run
noise dimension : 8
noise variance: 99.8149185180664
original u-statistic:-0.005888223648071289
p value proxy: 0.5315614342689514
result: False
power_upto_now: 0.039603959769010544
102th run
noise dimension : 8
noise variance: 100.05131530761719
original u-statistic:-0.0023946762084960938
p value proxy: 0.5116279125213623
result: False
power_upto_now: 0.03921568766236305
103th run
noise dimension : 8
noise variance: 100.16030883789062
original u-statistic:-0.00026702880859375
p value proxy: 0.3887042999267578
result: False
power_upto_now: 0.03883495181798935
104th run
noise dimension : 8
noise variance: 100.17017364501953
original u-statistic:-0.018480300903320312
p value proxy: 0.843853771686554
result: False
power_upto_now: 0.03846153989434242
105th run
noise dimension : 8
noise variance: 99.92893981933594
original u-statistic:0.03945565223693848
p value proxy: 0.049833886325359344
result: True
power_upto_now: 0.0476190485060215
106th run
noise dimension : 8
noise variance: 100.03984069824219
original u-statistic:-0.0009682178497314453
p value proxy: 0.44186046719551086
result: False
power_upto_now: 0.04716981202363968
107th run
noise dimension : 8
noise variance: 99.89630889892578
original u-statistic:-0.017445087432861328
p value proxy: 0.8803986310958862
result: False
power_upto_now: 0.04672897234559059
108th run
noise dimension : 8
noise variance: 99.94258117675781
original u-statistic:-0.007425785064697266
p value proxy: 0.5980066061019897
result: False
power_upto_now: 0.046296294778585434
109th run
noise dimension : 8
noise variance: 99.8282470703125
original u-statistic:-0.0025153160095214844
p value proxy: 0.514950156211853
result: False
power_upto_now: 0.0458715595304966
110th run
noise dimension : 8
noise variance: 100.0423583984375
original u-statistic:0.03287672996520996
p value proxy: 0.059800662100315094
result: False
power_upto_now: 0.04545454680919647
111th run
noise dimension : 8
noise variance: 100.21249389648438
original u-statistic:-0.004425764083862305
p value proxy: 0.514950156211853
result: False
power_upto_now: 0.045045044273138046
112th run
noise dimension : 8
noise variance: 99.9798583984375
original u-statistic:0.000293731689453125
p value proxy: 0.421926885843277
result: False
power_upto_now: 0.0446428582072258
113th run
noise dimension : 8
noise variance: 99.92369079589844
original u-statistic:0.011997461318969727
p value proxy: 0.2657807171344757
result: False
power_upto_now: 0.044247787445783615
114th run
noise dimension : 8
noise variance: 99.85297393798828
original u-statistic:0.01114964485168457
p value proxy: 0.2259136140346527
result: False
power_upto_now: 0.04385964944958687
115th run
noise dimension : 8
noise variance: 99.73284149169922
original u-statistic:-0.0029163360595703125
p value proxy: 0.4850498139858246
result: False
power_upto_now: 0.043478261679410934
116th run
noise dimension : 8
noise variance: 100.07331848144531
original u-statistic:0.009420394897460938
p value proxy: 0.21926909685134888
result: False
power_upto_now: 0.043103449046611786
117th run
noise dimension : 8
noise variance: 99.9258041381836
original u-statistic:-0.005429267883300781
p value proxy: 0.5714285373687744
result: False
power_upto_now: 0.04273504391312599
118th run
noise dimension : 8
noise variance: 99.96009063720703
original u-statistic:0.003541707992553711
p value proxy: 0.3654485046863556
result: False
power_upto_now: 0.04237288236618042
119th run
noise dimension : 8
noise variance: 99.5817642211914
original u-statistic:-0.025952577590942383
p value proxy: 0.9734219312667847
result: False
power_upto_now: 0.042016807943582535
120th run
noise dimension : 8
noise variance: 100.02511596679688
original u-statistic:-0.020326852798461914
p value proxy: 0.9169434905052185
result: False
power_upto_now: 0.0416666679084301
121th run
noise dimension : 8
noise variance: 100.07378387451172
original u-statistic:-0.012967109680175781
p value proxy: 0.6943521499633789
result: False
power_upto_now: 0.041322313249111176
122th run
noise dimension : 8
noise variance: 100.3253173828125
original u-statistic:0.007261991500854492
p value proxy: 0.302325576543808
result: False
power_upto_now: 0.04098360612988472
123th run
noise dimension : 8
noise variance: 100.4141845703125
original u-statistic:-0.00548553466796875
p value proxy: 0.5382059812545776
result: False
power_upto_now: 0.04065040498971939
124th run
noise dimension : 8
noise variance: 100.18714141845703
original u-statistic:0.002794027328491211
p value proxy: 0.4086378514766693
result: False
power_upto_now: 0.04032257944345474
125th run
noise dimension : 8
noise variance: 99.81214141845703
original u-statistic:0.0253753662109375
p value proxy: 0.1029900312423706
result: False
power_upto_now: 0.03999999910593033
126th run
noise dimension : 8
noise variance: 100.03748321533203
original u-statistic:0.030913591384887695
p value proxy: 0.05315614491701126
result: False
power_upto_now: 0.0396825410425663
127th run
noise dimension : 8
noise variance: 99.8436050415039
original u-statistic:-0.02547931671142578
p value proxy: 0.9734219312667847
result: False
power_upto_now: 0.03937007859349251
128th run
noise dimension : 8
noise variance: 99.814208984375
original u-statistic:0.011430978775024414
p value proxy: 0.25581395626068115
result: False
power_upto_now: 0.0390625
129th run
noise dimension : 8
noise variance: 99.46994018554688
original u-statistic:-0.007263660430908203
p value proxy: 0.5747508406639099
result: False
power_upto_now: 0.03875968977808952
130th run
noise dimension : 8
noise variance: 100.69120788574219
original u-statistic:-0.01000666618347168
p value proxy: 0.6644518375396729
result: False
power_upto_now: 0.03846153989434242
131th run
noise dimension : 8
noise variance: 100.08020782470703
original u-statistic:-0.0006034374237060547
p value proxy: 0.44186046719551086
result: False
power_upto_now: 0.038167938590049744
132th run
noise dimension : 8
noise variance: 100.08456420898438
original u-statistic:-0.009337902069091797
p value proxy: 0.674418568611145
result: False
power_upto_now: 0.03787878900766373
133th run
noise dimension : 8
noise variance: 99.81571960449219
original u-statistic:-0.014761924743652344
p value proxy: 0.7906976342201233
result: False
power_upto_now: 0.03759398311376572
134th run
noise dimension : 8
noise variance: 100.2383804321289
original u-statistic:0.008397817611694336
p value proxy: 0.2691029906272888
result: False
power_upto_now: 0.03731343150138855
135th run
noise dimension : 8
noise variance: 100.09020233154297
original u-statistic:-0.009633302688598633
p value proxy: 0.6212624311447144
result: False
power_upto_now: 0.03703703731298447
136th run
noise dimension : 8
noise variance: 100.0505599975586
original u-statistic:-0.014969587326049805
p value proxy: 0.7906976342201233
result: False
power_upto_now: 0.036764707416296005
137th run
noise dimension : 8
noise variance: 100.1469497680664
original u-statistic:-0.0038340091705322266
p value proxy: 0.4451827108860016
result: False
power_upto_now: 0.036496348679065704
138th run
noise dimension : 8
noise variance: 100.06764221191406
original u-statistic:0.02640819549560547
p value proxy: 0.07973422110080719
result: False
power_upto_now: 0.036231882870197296
139th run
noise dimension : 8
noise variance: 99.69750213623047
original u-statistic:0.015420198440551758
p value proxy: 0.17275747656822205
result: False
power_upto_now: 0.035971224308013916
140th run
noise dimension : 8
noise variance: 99.55419158935547
original u-statistic:0.0020902156829833984
p value proxy: 0.3853820562362671
result: False
power_upto_now: 0.0357142873108387
141th run
noise dimension : 8
noise variance: 99.66553497314453
original u-statistic:-0.017621994018554688
p value proxy: 0.843853771686554
result: False
power_upto_now: 0.03546099364757538
142th run
noise dimension : 8
noise variance: 99.7726058959961
original u-statistic:0.012148380279541016
p value proxy: 0.22923587262630463
result: False
power_upto_now: 0.035211268812417984
143th run
noise dimension : 8
noise variance: 100.07528686523438
original u-statistic:0.009081602096557617
p value proxy: 0.25249168276786804
result: False
power_upto_now: 0.03496503457427025
144th run
noise dimension : 8
noise variance: 100.06224060058594
original u-statistic:-0.019597291946411133
p value proxy: 0.8903654217720032
result: False
power_upto_now: 0.0347222238779068
145th run
noise dimension : 8
noise variance: 100.04593658447266
original u-statistic:-0.01869487762451172
p value proxy: 0.8272424936294556
result: False
power_upto_now: 0.03448275849223137
146th run
noise dimension : 8
noise variance: 99.56385803222656
original u-statistic:-0.017860889434814453
p value proxy: 0.8538205623626709
result: False
power_upto_now: 0.034246575087308884
147th run
noise dimension : 8
noise variance: 100.38375854492188
original u-statistic:0.018062591552734375
p value proxy: 0.15614616870880127
result: False
power_upto_now: 0.03401360660791397
148th run
noise dimension : 8
noise variance: 99.87628173828125
original u-statistic:0.029100894927978516
p value proxy: 0.08970099687576294
result: False
power_upto_now: 0.03378378227353096
149th run
noise dimension : 8
noise variance: 99.98079681396484
original u-statistic:0.006193637847900391
p value proxy: 0.3222591280937195
result: False
power_upto_now: 0.033557046204805374
150th run
noise dimension : 8
noise variance: 100.2905044555664
original u-statistic:0.008193731307983398
p value proxy: 0.2890365421772003
result: False
power_upto_now: 0.03333333507180214
151th run
noise dimension : 8
noise variance: 99.73457336425781
original u-statistic:-0.002350330352783203
p value proxy: 0.4518272280693054
result: False
power_upto_now: 0.03311258181929588
152th run
noise dimension : 8
noise variance: 100.43900299072266
original u-statistic:-0.007973670959472656
p value proxy: 0.6179401874542236
result: False
power_upto_now: 0.032894738018512726
153th run
noise dimension : 8
noise variance: 100.3431167602539
original u-statistic:0.05262613296508789
p value proxy: 0.009966777637600899
result: True
power_upto_now: 0.03921568766236305
154th run
noise dimension : 8
noise variance: 100.105224609375
original u-statistic:0.04000210762023926
p value proxy: 0.033222589641809464
result: True
power_upto_now: 0.04545454680919647
155th run
noise dimension : 8
noise variance: 99.9036636352539
original u-statistic:-0.02199387550354004
p value proxy: 0.9501661062240601
result: False
power_upto_now: 0.04516129195690155
156th run
noise dimension : 8
noise variance: 100.07548522949219
original u-statistic:-0.0022101402282714844
p value proxy: 0.5448504686355591
result: False
power_upto_now: 0.044871795922517776
157th run
noise dimension : 8
noise variance: 100.4779052734375
original u-statistic:0.032445669174194336
p value proxy: 0.059800662100315094
result: False
power_upto_now: 0.04458598792552948
158th run
noise dimension : 8
noise variance: 100.04749298095703
original u-statistic:-0.009755134582519531
p value proxy: 0.644518256187439
result: False
power_upto_now: 0.04430379718542099
159th run
noise dimension : 8
noise variance: 99.76771545410156
original u-statistic:-0.003468036651611328
p value proxy: 0.5614618062973022
result: False
power_upto_now: 0.044025156646966934
160th run
noise dimension : 8
noise variance: 99.74149322509766
original u-statistic:0.014948606491088867
p value proxy: 0.19601328670978546
result: False
power_upto_now: 0.04374999925494194
161th run
noise dimension : 8
noise variance: 99.7462387084961
original u-statistic:-0.022695541381835938
p value proxy: 0.9468438029289246
result: False
power_upto_now: 0.043478261679410934
162th run
noise dimension : 8
noise variance: 100.25984191894531
original u-statistic:-0.009359121322631836
p value proxy: 0.6146179437637329
result: False
power_upto_now: 0.043209876865148544
163th run
noise dimension : 8
noise variance: 99.46931457519531
original u-statistic:0.010169506072998047
p value proxy: 0.23588038980960846
result: False
power_upto_now: 0.042944785207509995
164th run
noise dimension : 8
noise variance: 100.47078704833984
original u-statistic:-0.003148317337036133
p value proxy: 0.5016611218452454
result: False
power_upto_now: 0.04268292710185051
165th run
noise dimension : 8
noise variance: 99.5946273803711
original u-statistic:0.007871150970458984
p value proxy: 0.24916942417621613
result: False
power_upto_now: 0.042424242943525314
166th run
noise dimension : 8
noise variance: 99.43634796142578
original u-statistic:0.03746461868286133
p value proxy: 0.04651162773370743
result: True
power_upto_now: 0.048192769289016724
167th run
noise dimension : 8
noise variance: 99.68583679199219
original u-statistic:-0.017479658126831055
p value proxy: 0.8272424936294556
result: False
power_upto_now: 0.04790419340133667
168th run
noise dimension : 8
noise variance: 100.41586303710938
original u-statistic:0.03437995910644531
p value proxy: 0.05647840350866318
result: False
power_upto_now: 0.0476190485060215
169th run
noise dimension : 8
noise variance: 99.84461975097656
original u-statistic:-0.01614832878112793
p value proxy: 0.8073089718818665
result: False
power_upto_now: 0.047337278723716736
170th run
noise dimension : 8
noise variance: 99.57904052734375
original u-statistic:0.011892557144165039
p value proxy: 0.23920264840126038
result: False
power_upto_now: 0.0470588244497776
171th run
noise dimension : 8
noise variance: 99.55228424072266
original u-statistic:-0.01565718650817871
p value proxy: 0.8139534592628479
result: False
power_upto_now: 0.046783626079559326
172th run
noise dimension : 8
noise variance: 100.33560943603516
original u-statistic:0.003800630569458008
p value proxy: 0.3455149531364441
result: False
power_upto_now: 0.04651162773370743
173th run
noise dimension : 8
noise variance: 99.95623779296875
original u-statistic:-0.008635282516479492
p value proxy: 0.6677740812301636
result: False
power_upto_now: 0.04624277353286743
174th run
noise dimension : 8
noise variance: 99.87574768066406
original u-statistic:-0.0074999332427978516
p value proxy: 0.564784049987793
result: False
power_upto_now: 0.04597701132297516
175th run
noise dimension : 8
noise variance: 99.68669128417969
original u-statistic:0.017969131469726562
p value proxy: 0.17275747656822205
result: False
power_upto_now: 0.04571428522467613
176th run
noise dimension : 8
noise variance: 100.17560577392578
original u-statistic:-0.004975080490112305
p value proxy: 0.5481727719306946
result: False
power_upto_now: 0.04545454680919647
177th run
noise dimension : 8
noise variance: 100.13353729248047
original u-statistic:-0.01417851448059082
p value proxy: 0.8405315279960632
result: False
power_upto_now: 0.0451977401971817
178th run
noise dimension : 8
noise variance: 99.70222473144531
original u-statistic:-0.02190709114074707
p value proxy: 0.9235880374908447
result: False
power_upto_now: 0.04494382068514824
179th run
noise dimension : 8
noise variance: 99.81782531738281
original u-statistic:-0.0012998580932617188
p value proxy: 0.49501660466194153
result: False
power_upto_now: 0.044692736119031906
180th run
noise dimension : 8
noise variance: 99.5941390991211
original u-statistic:0.018336057662963867
p value proxy: 0.12624584138393402
result: False
power_upto_now: 0.04444444552063942
181th run
noise dimension : 8
noise variance: 99.61456298828125
original u-statistic:-0.009051084518432617
p value proxy: 0.6013289093971252
result: False
power_upto_now: 0.0441988967359066
182th run
noise dimension : 8
noise variance: 99.57475280761719
original u-statistic:0.002254962921142578
p value proxy: 0.3289036452770233
result: False
power_upto_now: 0.04395604506134987
183th run
noise dimension : 8
noise variance: 99.80757141113281
original u-statistic:-0.003766775131225586
p value proxy: 0.5182723999023438
result: False
power_upto_now: 0.04371584579348564
184th run
noise dimension : 8
noise variance: 100.35000610351562
original u-statistic:-0.004025936126708984
p value proxy: 0.5049833655357361
result: False
power_upto_now: 0.043478261679410934
185th run
noise dimension : 8
noise variance: 100.36749267578125
original u-statistic:-0.031073808670043945
p value proxy: 0.9966776967048645
result: False
power_upto_now: 0.04324324429035187
186th run
noise dimension : 8
noise variance: 100.18928527832031
original u-statistic:-0.01151275634765625
p value proxy: 0.7109634280204773
result: False
power_upto_now: 0.04301075264811516
187th run
noise dimension : 8
noise variance: 100.32060241699219
original u-statistic:-0.018627643585205078
p value proxy: 0.8837209343910217
result: False
power_upto_now: 0.04278074949979782
188th run
noise dimension : 8
noise variance: 100.24816131591797
original u-statistic:-0.02247452735900879
p value proxy: 0.9501661062240601
result: False
power_upto_now: 0.042553190141916275
189th run
noise dimension : 8
noise variance: 99.85969543457031
original u-statistic:-0.010580062866210938
p value proxy: 0.6511628031730652
result: False
power_upto_now: 0.042328041046857834
190th run
noise dimension : 8
noise variance: 99.926025390625
original u-statistic:-0.002747774124145508
p value proxy: 0.5083056092262268
result: False
power_upto_now: 0.04210526496171951
191th run
noise dimension : 8
noise variance: 99.8985366821289
original u-statistic:-0.006810665130615234
p value proxy: 0.5913621187210083
result: False
power_upto_now: 0.04188481718301773
192th run
noise dimension : 8
noise variance: 99.40023803710938
original u-statistic:-0.0096588134765625
p value proxy: 0.6544850468635559
result: False
power_upto_now: 0.0416666679084301
193th run
noise dimension : 8
noise variance: 99.5517578125
original u-statistic:-0.008410930633544922
p value proxy: 0.644518256187439
result: False
power_upto_now: 0.041450776159763336
194th run
noise dimension : 8
noise variance: 100.51493835449219
original u-statistic:-0.008786916732788086
p value proxy: 0.6511628031730652
result: False
power_upto_now: 0.04123711213469505
195th run
noise dimension : 8
noise variance: 100.16561889648438
original u-statistic:0.0030486583709716797
p value proxy: 0.3654485046863556
result: False
power_upto_now: 0.041025642305612564
196th run
noise dimension : 8
noise variance: 99.85152435302734
original u-statistic:-0.023191452026367188
p value proxy: 0.9269102811813354
result: False
power_upto_now: 0.040816325694322586
197th run
noise dimension : 8
noise variance: 99.76827239990234
original u-statistic:0.007707357406616211
p value proxy: 0.2990033030509949
result: False
power_upto_now: 0.04060913622379303
198th run
noise dimension : 8
noise variance: 99.97770690917969
original u-statistic:0.013852834701538086
p value proxy: 0.18936876952648163
result: False
power_upto_now: 0.04040404036641121
199th run
noise dimension : 8
noise variance: 100.19793701171875
original u-statistic:0.0077953338623046875
p value proxy: 0.3521594703197479
result: False
power_upto_now: 0.04020100459456444
200th run
noise dimension : 8
noise variance: 100.05096435546875
original u-statistic:0.022638320922851562
p value proxy: 0.12624584138393402
result: False
power_upto_now: 0.03999999910593033
201th run
noise dimension : 8
noise variance: 100.00688171386719
original u-statistic:-0.003145456314086914
p value proxy: 0.5714285373687744
result: False
power_upto_now: 0.03980099409818649
202th run
noise dimension : 8
noise variance: 99.80261993408203
original u-statistic:0.02192521095275879
p value proxy: 0.13289035856723785
result: False
power_upto_now: 0.039603959769010544
203th run
noise dimension : 8
noise variance: 100.19537353515625
original u-statistic:-0.007117271423339844
p value proxy: 0.604651153087616
result: False
power_upto_now: 0.03940886631608009
204th run
noise dimension : 8
noise variance: 100.1755142211914
original u-statistic:0.005375385284423828
p value proxy: 0.342192679643631
result: False
power_upto_now: 0.03921568766236305
205th run
noise dimension : 8
noise variance: 100.191650390625
original u-statistic:0.020773887634277344
p value proxy: 0.10963454842567444
result: False
power_upto_now: 0.039024390280246735
206th run
noise dimension : 8
noise variance: 100.3587875366211
original u-statistic:0.008358478546142578
p value proxy: 0.3255814015865326
result: False
power_upto_now: 0.03883495181798935
207th run
noise dimension : 8
noise variance: 99.98248291015625
original u-statistic:0.013327598571777344
p value proxy: 0.16943521797657013
result: False
power_upto_now: 0.03864734247326851
208th run
noise dimension : 8
noise variance: 99.79647064208984
original u-statistic:-0.008515119552612305
p value proxy: 0.6578072905540466
result: False
power_upto_now: 0.03846153989434242
209th run
noise dimension : 8
noise variance: 99.78746032714844
original u-statistic:0.016848087310791016
p value proxy: 0.1627907007932663
result: False
power_upto_now: 0.038277510553598404
210th run
noise dimension : 8
noise variance: 100.0834732055664
original u-statistic:0.0067195892333984375
p value proxy: 0.2990033030509949
result: False
power_upto_now: 0.03809523954987526
211th run
noise dimension : 8
noise variance: 100.35453796386719
original u-statistic:-0.022281408309936523
p value proxy: 0.9269102811813354
result: False
power_upto_now: 0.0379146933555603
212th run
noise dimension : 8
noise variance: 100.23197174072266
original u-statistic:0.04811596870422363
p value proxy: 0.02657807245850563
result: True
power_upto_now: 0.04245283082127571
213th run
noise dimension : 8
noise variance: 99.87311553955078
original u-statistic:0.0070171356201171875
p value proxy: 0.3255814015865326
result: False
power_upto_now: 0.0422535203397274
214th run
noise dimension : 8
noise variance: 100.03507232666016
original u-statistic:-0.006580352783203125
p value proxy: 0.5282391905784607
result: False
power_upto_now: 0.04205607622861862
215th run
noise dimension : 8
noise variance: 100.51730346679688
original u-statistic:0.03198957443237305
p value proxy: 0.049833886325359344
result: True
power_upto_now: 0.04651162773370743
216th run
noise dimension : 8
noise variance: 100.02837371826172
original u-statistic:-0.007289886474609375
p value proxy: 0.5581395030021667
result: False
power_upto_now: 0.046296294778585434
217th run
noise dimension : 8
noise variance: 100.2825927734375
original u-statistic:-0.0076580047607421875
p value proxy: 0.6644518375396729
result: False
power_upto_now: 0.04608295112848282
218th run
noise dimension : 8
noise variance: 99.23983001708984
original u-statistic:-0.009111881256103516
p value proxy: 0.6544850468635559
result: False
power_upto_now: 0.0458715595304966
219th run
noise dimension : 8
noise variance: 99.84666442871094
original u-statistic:0.01827383041381836
p value proxy: 0.15282391011714935
result: False
power_upto_now: 0.04566210135817528
220th run
noise dimension : 8
noise variance: 100.00071716308594
original u-statistic:-0.008968591690063477
p value proxy: 0.684385359287262
result: False
power_upto_now: 0.04545454680919647
221th run
noise dimension : 8
noise variance: 99.74281311035156
original u-statistic:-0.008573055267333984
p value proxy: 0.6411960124969482
result: False
power_upto_now: 0.04524886980652809
222th run
noise dimension : 8
noise variance: 99.61154174804688
original u-statistic:-0.015310287475585938
p value proxy: 0.8405315279960632
result: False
power_upto_now: 0.045045044273138046
223th run
noise dimension : 8
noise variance: 100.08111572265625
original u-statistic:0.036741018295288086
p value proxy: 0.023255813866853714
result: True
power_upto_now: 0.04932735487818718
224th run
noise dimension : 8
noise variance: 100.07791900634766
original u-statistic:-0.01282191276550293
p value proxy: 0.7342192530632019
result: False
power_upto_now: 0.0491071417927742
225th run
noise dimension : 8
noise variance: 99.4896469116211
original u-statistic:-0.010196447372436523
p value proxy: 0.7076411843299866
result: False
power_upto_now: 0.04888888821005821
226th run
noise dimension : 8
noise variance: 100.22142791748047
original u-statistic:-0.026122331619262695
p value proxy: 0.9734219312667847
result: False
power_upto_now: 0.048672568053007126
227th run
noise dimension : 8
noise variance: 100.07173919677734
original u-statistic:0.05663776397705078
p value proxy: 0.009966777637600899
result: True
power_upto_now: 0.05286343768239021
228th run
noise dimension : 8
noise variance: 99.6571044921875
original u-statistic:-0.003656625747680664
p value proxy: 0.5348837375640869
result: False
power_upto_now: 0.05263157933950424
229th run
noise dimension : 8
noise variance: 99.9050064086914
original u-statistic:-0.015911579132080078
p value proxy: 0.8272424936294556
result: False
power_upto_now: 0.052401747554540634
230th run
noise dimension : 8
noise variance: 100.35649871826172
original u-statistic:-0.0046844482421875
p value proxy: 0.5581395030021667
result: False
power_upto_now: 0.052173912525177
231th run
noise dimension : 8
noise variance: 100.24633026123047
original u-statistic:-0.029999732971191406
p value proxy: 0.9966776967048645
result: False
power_upto_now: 0.051948051899671555
232th run
noise dimension : 8
noise variance: 99.83152770996094
original u-statistic:-0.00804901123046875
p value proxy: 0.6179401874542236
result: False
power_upto_now: 0.0517241396009922
233th run
noise dimension : 8
noise variance: 100.5858154296875
original u-statistic:-0.01421356201171875
p value proxy: 0.7707641124725342
result: False
power_upto_now: 0.05150214582681656
234th run
noise dimension : 8
noise variance: 99.40674591064453
original u-statistic:-0.019320249557495117
p value proxy: 0.8837209343910217
result: False
power_upto_now: 0.05128205195069313
235th run
noise dimension : 8
noise variance: 100.31792449951172
original u-statistic:-0.004018068313598633
p value proxy: 0.5415282249450684
result: False
power_upto_now: 0.05106382817029953
236th run
noise dimension : 8
noise variance: 100.2168197631836
original u-statistic:0.0051000118255615234
p value proxy: 0.3222591280937195
result: False
power_upto_now: 0.050847455859184265
237th run
noise dimension : 8
noise variance: 99.96073913574219
original u-statistic:-0.015347719192504883
p value proxy: 0.8006644248962402
result: False
power_upto_now: 0.050632912665605545
238th run
noise dimension : 8
noise variance: 100.06999206542969
original u-statistic:0.010514974594116211
p value proxy: 0.2591361999511719
result: False
power_upto_now: 0.05042016878724098
239th run
noise dimension : 8
noise variance: 99.90805053710938
original u-statistic:-0.015868425369262695
p value proxy: 0.8106312155723572
result: False
power_upto_now: 0.050209205597639084
240th run
noise dimension : 8
noise variance: 100.3337631225586
original u-statistic:0.022933244705200195
p value proxy: 0.11295680701732635
result: False
power_upto_now: 0.05000000074505806
241th run
noise dimension : 8
noise variance: 99.7817611694336
original u-statistic:0.04441523551940918
p value proxy: 0.019933555275201797
result: True
power_upto_now: 0.05394190922379494
242th run
noise dimension : 8
noise variance: 100.1841049194336
original u-statistic:-0.02290940284729004
p value proxy: 0.9634551405906677
result: False
power_upto_now: 0.05371900647878647
243th run
noise dimension : 8
noise variance: 100.40074920654297
original u-statistic:0.028578758239746094
p value proxy: 0.07973422110080719
result: False
power_upto_now: 0.05349794402718544
244th run
noise dimension : 8
noise variance: 99.81959533691406
original u-statistic:-0.017527103424072266
p value proxy: 0.8637873530387878
result: False
power_upto_now: 0.053278688341379166
245th run
noise dimension : 8
noise variance: 99.92762756347656
original u-statistic:0.012884378433227539
p value proxy: 0.1860465109348297
result: False
power_upto_now: 0.05306122452020645
246th run
noise dimension : 8
noise variance: 100.28197479248047
original u-statistic:0.009838581085205078
p value proxy: 0.23920264840126038
result: False
power_upto_now: 0.05284553021192551
247th run
noise dimension : 8
noise variance: 99.69036102294922
original u-statistic:0.02363276481628418
p value proxy: 0.0830564796924591
result: False
power_upto_now: 0.05263157933950424
248th run
noise dimension : 8
noise variance: 99.2495346069336
original u-statistic:-0.003858327865600586
p value proxy: 0.5514950156211853
result: False
power_upto_now: 0.052419353276491165
249th run
noise dimension : 8
noise variance: 99.8772201538086
original u-statistic:0.018540382385253906
p value proxy: 0.1860465109348297
result: False
power_upto_now: 0.05220883712172508
250th run
noise dimension : 8
noise variance: 100.04910278320312
original u-statistic:-0.014314413070678711
p value proxy: 0.8106312155723572
result: False
power_upto_now: 0.052000001072883606
251th run
noise dimension : 8
noise variance: 100.23329162597656
original u-statistic:-0.021443843841552734
p value proxy: 0.8936876654624939
result: False
power_upto_now: 0.05179283022880554
252th run
noise dimension : 8
noise variance: 99.55990600585938
original u-statistic:-0.010609149932861328
p value proxy: 0.714285671710968
result: False
power_upto_now: 0.0515873022377491
253th run
noise dimension : 8
noise variance: 100.1766357421875
original u-statistic:0.0029082298278808594
p value proxy: 0.3687707483768463
result: False
power_upto_now: 0.05138339847326279
254th run
noise dimension : 8
noise variance: 100.20014190673828
original u-statistic:0.02109551429748535
p value proxy: 0.10963454842567444
result: False
power_upto_now: 0.05118110403418541
255th run
noise dimension : 8
noise variance: 100.12947082519531
original u-statistic:-0.024263620376586914
p value proxy: 0.9202657341957092
result: False
power_upto_now: 0.05098039284348488
256th run
noise dimension : 8
noise variance: 99.97953033447266
original u-statistic:0.006860971450805664
p value proxy: 0.3089700937271118
result: False
power_upto_now: 0.05078125
257th run
noise dimension : 8
noise variance: 99.76103973388672
original u-statistic:-0.01615142822265625
p value proxy: 0.7774085998535156
result: False
power_upto_now: 0.05058365687727928
258th run
noise dimension : 8
noise variance: 100.07845306396484
original u-statistic:-0.01242375373840332
p value proxy: 0.7308970093727112
result: False
power_upto_now: 0.05038759857416153
259th run
noise dimension : 8
noise variance: 99.90116119384766
original u-statistic:0.0009114742279052734
p value proxy: 0.4651162624359131
result: False
power_upto_now: 0.050193049013614655
260th run
noise dimension : 8
noise variance: 100.00921630859375
original u-statistic:-0.007363796234130859
p value proxy: 0.6013289093971252
result: False
power_upto_now: 0.05000000074505806
261th run
noise dimension : 8
noise variance: 99.43811798095703
original u-statistic:-0.006957292556762695
p value proxy: 0.5780730843544006
result: False
power_upto_now: 0.049808427691459656
262th run
noise dimension : 8
noise variance: 100.40656280517578
original u-statistic:0.007998943328857422
p value proxy: 0.2657807171344757
result: False
power_upto_now: 0.049618322402238846
263th run
noise dimension : 8
noise variance: 100.00492858886719
original u-statistic:0.006073951721191406
p value proxy: 0.3089700937271118
result: False
power_upto_now: 0.04942965880036354
264th run
noise dimension : 8
noise variance: 99.91927337646484
original u-statistic:0.011890172958374023
p value proxy: 0.23255813121795654
result: False
power_upto_now: 0.049242425709962845
265th run
noise dimension : 8
noise variance: 100.15787506103516
original u-statistic:0.013227462768554688
p value proxy: 0.19269102811813354
result: False
power_upto_now: 0.049056604504585266
266th run
noise dimension : 8
noise variance: 100.35221862792969
original u-statistic:-0.020033836364746094
p value proxy: 0.9302325248718262
result: False
power_upto_now: 0.04887218028306961
267th run
noise dimension : 8
noise variance: 100.16402435302734
original u-statistic:-0.0065097808837890625
p value proxy: 0.5747508406639099
result: False
power_upto_now: 0.048689138144254684
268th run
noise dimension : 8
noise variance: 99.87931823730469
original u-statistic:-0.026256322860717773
p value proxy: 0.9933554530143738
result: False
power_upto_now: 0.048507463186979294
269th run
noise dimension : 8
noise variance: 100.281494140625
original u-statistic:0.027402162551879883
p value proxy: 0.08637873828411102
result: False
power_upto_now: 0.048327136784791946
270th run
noise dimension : 8
noise variance: 100.0388412475586
original u-statistic:-0.01058340072631836
p value proxy: 0.6943521499633789
result: False
power_upto_now: 0.04814814776182175
271th run
noise dimension : 8
noise variance: 100.30008697509766
original u-statistic:0.0240938663482666
p value proxy: 0.08970099687576294
result: False
power_upto_now: 0.0479704812169075
272th run
noise dimension : 8
noise variance: 100.08222961425781
original u-statistic:-0.020854949951171875
p value proxy: 0.8903654217720032
result: False
power_upto_now: 0.04779411852359772
273th run
noise dimension : 8
noise variance: 99.9071044921875
original u-statistic:0.0062825679779052734
p value proxy: 0.2990033030509949
result: False
power_upto_now: 0.0476190485060215
274th run
noise dimension : 8
noise variance: 100.08929443359375
original u-statistic:-0.009188175201416016
p value proxy: 0.6411960124969482
result: False
power_upto_now: 0.047445256263017654
275th run
noise dimension : 8
noise variance: 100.06127166748047
original u-statistic:-0.023605823516845703
p value proxy: 0.9700996279716492
result: False
power_upto_now: 0.04727272689342499
276th run
noise dimension : 8
noise variance: 100.1933822631836
original u-statistic:0.0004363059997558594
p value proxy: 0.4485049843788147
result: False
power_upto_now: 0.047101449221372604
277th run
noise dimension : 8
noise variance: 100.14176177978516
original u-statistic:-0.0023310184478759766
p value proxy: 0.44186046719551086
result: False
power_upto_now: 0.04693140834569931
278th run
noise dimension : 8
noise variance: 99.73837280273438
original u-statistic:-0.008348226547241211
p value proxy: 0.6378737688064575
result: False
power_upto_now: 0.04676258936524391
279th run
noise dimension : 8
noise variance: 99.8622817993164
original u-statistic:0.046503543853759766
p value proxy: 0.02657807245850563
result: True
power_upto_now: 0.05017921328544617
280th run
noise dimension : 8
noise variance: 100.27851867675781
original u-statistic:0.01499629020690918
p value proxy: 0.16943521797657013
result: False
power_upto_now: 0.05000000074505806
281th run
noise dimension : 8
noise variance: 99.6010971069336
original u-statistic:0.013258218765258789
p value proxy: 0.2059800624847412
result: False
power_upto_now: 0.049822062253952026
282th run
noise dimension : 8
noise variance: 99.83720397949219
original u-statistic:0.013583660125732422
p value proxy: 0.22923587262630463
result: False
power_upto_now: 0.04964539036154747
283th run
noise dimension : 8
noise variance: 100.0329818725586
original u-statistic:-0.02145695686340332
p value proxy: 0.8903654217720032
result: False
power_upto_now: 0.0494699664413929
284th run
noise dimension : 8
noise variance: 100.03512573242188
original u-statistic:-0.0043637752532958984
p value proxy: 0.5448504686355591
result: False
power_upto_now: 0.04929577559232712
285th run
noise dimension : 8
noise variance: 99.96952819824219
original u-statistic:-0.014920711517333984
p value proxy: 0.8006644248962402
result: False
power_upto_now: 0.04912280663847923
286th run
noise dimension : 8
noise variance: 99.80358123779297
original u-statistic:0.009937047958374023
p value proxy: 0.27242523431777954
result: False
power_upto_now: 0.04895104840397835
287th run
noise dimension : 8
noise variance: 100.50930786132812
original u-statistic:0.0004982948303222656
p value proxy: 0.46179401874542236
result: False
power_upto_now: 0.04878048598766327
288th run
noise dimension : 8
noise variance: 100.18164825439453
original u-statistic:-0.0037925243377685547
p value proxy: 0.5215946435928345
result: False
power_upto_now: 0.0486111119389534
289th run
noise dimension : 8
noise variance: 100.19017028808594
original u-statistic:0.014962196350097656
p value proxy: 0.18936876952648163
result: False
power_upto_now: 0.04844290763139725
290th run
noise dimension : 8
noise variance: 100.24146270751953
original u-statistic:-0.016074419021606445
p value proxy: 0.8073089718818665
result: False
power_upto_now: 0.04827586188912392
291th run
noise dimension : 8
noise variance: 100.13349151611328
original u-statistic:0.03460240364074707
p value proxy: 0.05315614491701126
result: False
power_upto_now: 0.04810996726155281
292th run
noise dimension : 8
noise variance: 99.6944808959961
original u-statistic:0.0005366802215576172
p value proxy: 0.4252491593360901
result: False
power_upto_now: 0.04794520512223244
293th run
noise dimension : 8
noise variance: 100.11768341064453
original u-statistic:0.008743762969970703
p value proxy: 0.25581395626068115
result: False
power_upto_now: 0.0477815717458725
294th run
noise dimension : 8
noise variance: 99.99421691894531
original u-statistic:0.0007317066192626953
p value proxy: 0.4451827108860016
result: False
power_upto_now: 0.0476190485060215
295th run
noise dimension : 8
noise variance: 100.25843048095703
original u-statistic:-0.00955820083618164
p value proxy: 0.6578072905540466
result: False
power_upto_now: 0.047457627952098846
296th run
noise dimension : 8
noise variance: 100.04315185546875
original u-statistic:-0.008750200271606445
p value proxy: 0.6312292218208313
result: False
power_upto_now: 0.04729729890823364
297th run
noise dimension : 8
noise variance: 100.12271881103516
original u-statistic:0.0033524036407470703
p value proxy: 0.41528236865997314
result: False
power_upto_now: 0.047138046473264694
298th run
noise dimension : 8
noise variance: 100.37364959716797
original u-statistic:0.05179595947265625
p value proxy: 0.016611294820904732
result: True
power_upto_now: 0.05033557116985321
299th run
noise dimension : 8
noise variance: 99.9074478149414
original u-statistic:-0.002675771713256836
p value proxy: 0.5182723999023438
result: False
power_upto_now: 0.05016722530126572
300th run
noise dimension : 8
noise variance: 100.05982971191406
original u-statistic:-0.015520095825195312
p value proxy: 0.8073089718818665
result: False
power_upto_now: 0.05000000074505806
301th run
noise dimension : 8
noise variance: 99.7176513671875
original u-statistic:-0.008154869079589844
p value proxy: 0.6378737688064575
result: False
power_upto_now: 0.049833886325359344
302th run
noise dimension : 8
noise variance: 100.34310913085938
original u-statistic:0.007980108261108398
p value proxy: 0.2458471655845642
result: False
power_upto_now: 0.049668874591588974
303th run
noise dimension : 8
noise variance: 100.06265258789062
original u-statistic:0.02014756202697754
p value proxy: 0.12956809997558594
result: False
power_upto_now: 0.049504950642585754
304th run
noise dimension : 8
noise variance: 99.8604965209961
original u-statistic:-0.009656667709350586
p value proxy: 0.7176079750061035
result: False
power_upto_now: 0.04934210702776909
305th run
noise dimension : 8
noise variance: 99.5083236694336
original u-statistic:-0.021469593048095703
p value proxy: 0.9003322124481201
result: False
power_upto_now: 0.04918032884597778
306th run
noise dimension : 8
noise variance: 99.88389587402344
original u-statistic:0.0064852237701416016
p value proxy: 0.262458473443985
result: False
power_upto_now: 0.04901960864663124
307th run
noise dimension : 8
noise variance: 100.26517486572266
original u-statistic:0.014703512191772461
p value proxy: 0.2458471655845642
result: False
power_upto_now: 0.048859935253858566
308th run
noise dimension : 8
noise variance: 99.50955200195312
original u-statistic:0.014931917190551758
p value proxy: 0.1661129593849182
result: False
power_upto_now: 0.048701297491788864
309th run
noise dimension : 8
noise variance: 100.03690338134766
original u-statistic:-0.01001429557800293
p value proxy: 0.7408637404441833
result: False
power_upto_now: 0.04854368790984154
310th run
noise dimension : 8
noise variance: 99.67884826660156
original u-statistic:0.014213085174560547
p value proxy: 0.1661129593849182
result: False
power_upto_now: 0.04838709533214569
311th run
noise dimension : 8
noise variance: 99.49708557128906
original u-statistic:0.009760141372680664
p value proxy: 0.27242523431777954
result: False
power_upto_now: 0.04823151230812073
312th run
noise dimension : 8
noise variance: 99.93268585205078
original u-statistic:0.04820561408996582
p value proxy: 0.009966777637600899
result: True
power_upto_now: 0.05128205195069313
313th run
noise dimension : 8
noise variance: 99.85247039794922
original u-statistic:0.020384550094604492
p value proxy: 0.13621261715888977
result: False
power_upto_now: 0.05111820995807648
314th run
noise dimension : 8
noise variance: 100.2008056640625
original u-statistic:-0.015753746032714844
p value proxy: 0.7940199375152588
result: False
power_upto_now: 0.05095541477203369
315th run
noise dimension : 8
noise variance: 100.1703872680664
original u-statistic:-0.002457857131958008
p value proxy: 0.4717607796192169
result: False
power_upto_now: 0.05079365149140358
316th run
noise dimension : 8
noise variance: 100.11767578125
original u-statistic:0.024053096771240234
p value proxy: 0.09634551405906677
result: False
power_upto_now: 0.050632912665605545
317th run
noise dimension : 8
noise variance: 99.8106918334961
original u-statistic:-0.017941713333129883
p value proxy: 0.8372092843055725
result: False
power_upto_now: 0.05047318711876869
318th run
noise dimension : 8
noise variance: 99.80228424072266
original u-statistic:-0.02045893669128418
p value proxy: 0.9169434905052185
result: False
power_upto_now: 0.050314463675022125
319th run
noise dimension : 8
noise variance: 99.86004638671875
original u-statistic:-0.00402522087097168
p value proxy: 0.564784049987793
result: False
power_upto_now: 0.050156738609075546
320th run
noise dimension : 8
noise variance: 100.16969299316406
original u-statistic:-0.0002639293670654297
p value proxy: 0.48172757029533386
result: False
power_upto_now: 0.05000000074505806
321th run
noise dimension : 8
noise variance: 100.35911560058594
original u-statistic:0.016895771026611328
p value proxy: 0.1627907007932663
result: False
power_upto_now: 0.04984423518180847
322th run
noise dimension : 8
noise variance: 100.08065795898438
original u-statistic:-0.008175134658813477
p value proxy: 0.6245846748352051
result: False
power_upto_now: 0.04968944191932678
323th run
noise dimension : 8
noise variance: 100.32041931152344
original u-statistic:-0.015271902084350586
p value proxy: 0.7840531468391418
result: False
power_upto_now: 0.0495356023311615
324th run
noise dimension : 8
noise variance: 100.05109405517578
original u-statistic:-0.017508506774902344
p value proxy: 0.8704319000244141
result: False
power_upto_now: 0.04938271641731262
325th run
noise dimension : 8
noise variance: 99.79200744628906
original u-statistic:0.018205881118774414
p value proxy: 0.1395348757505417
result: False
power_upto_now: 0.04923076927661896
326th run
noise dimension : 8
noise variance: 99.5069580078125
original u-statistic:-0.011761665344238281
p value proxy: 0.6578072905540466
result: False
power_upto_now: 0.04907975345849991
327th run
noise dimension : 8
noise variance: 100.23827362060547
original u-statistic:-0.02084493637084961
p value proxy: 0.9169434905052185
result: False
power_upto_now: 0.048929665237665176
328th run
noise dimension : 8
noise variance: 99.81523132324219
original u-statistic:-0.00034999847412109375
p value proxy: 0.4451827108860016
result: False
power_upto_now: 0.04878048598766327
329th run
noise dimension : 8
noise variance: 100.04296875
original u-statistic:0.019492387771606445
p value proxy: 0.1395348757505417
result: False
power_upto_now: 0.048632219433784485
330th run
noise dimension : 8
noise variance: 99.91265106201172
original u-statistic:0.0013473033905029297
p value proxy: 0.3887042999267578
result: False
power_upto_now: 0.04848484694957733
331th run
noise dimension : 8
noise variance: 99.92981719970703
original u-statistic:0.021268606185913086
p value proxy: 0.14617939293384552
result: False
power_upto_now: 0.04833836853504181
332th run
noise dimension : 8
noise variance: 100.45292663574219
original u-statistic:0.0005800724029541016
p value proxy: 0.4086378514766693
result: False
power_upto_now: 0.048192769289016724
333th run
noise dimension : 8
noise variance: 100.3089828491211
original u-statistic:0.0037872791290283203
p value proxy: 0.3621262311935425
result: False
power_upto_now: 0.048048049211502075
334th run
noise dimension : 8
noise variance: 99.87734985351562
original u-statistic:-0.0004425048828125
p value proxy: 0.44186046719551086
result: False
power_upto_now: 0.04790419340133667
335th run
noise dimension : 8
noise variance: 100.3554916381836
original u-statistic:0.006395101547241211
p value proxy: 0.3289036452770233
result: False
power_upto_now: 0.04776119440793991
336th run
noise dimension : 8
noise variance: 99.84793853759766
original u-statistic:0.0020842552185058594
p value proxy: 0.43853819370269775
result: False
power_upto_now: 0.0476190485060215
337th run
noise dimension : 8
noise variance: 100.416015625
original u-statistic:-0.00884103775024414
p value proxy: 0.5681062936782837
result: False
power_upto_now: 0.04747774451971054
338th run
noise dimension : 8
noise variance: 99.84750366210938
original u-statistic:-0.019749164581298828
p value proxy: 0.9036544561386108
result: False
power_upto_now: 0.047337278723716736
339th run
noise dimension : 8
noise variance: 100.0311050415039
original u-statistic:-0.010139226913452148
p value proxy: 0.6677740812301636
result: False
power_upto_now: 0.04719763994216919
340th run
noise dimension : 8
noise variance: 99.80439758300781
original u-statistic:-0.010308504104614258
p value proxy: 0.6810631155967712
result: False
power_upto_now: 0.0470588244497776
341th run
noise dimension : 8
noise variance: 100.00025177001953
original u-statistic:-0.022855758666992188
p value proxy: 0.9534883499145508
result: False
power_upto_now: 0.04692082107067108
342th run
noise dimension : 8
noise variance: 100.24869537353516
original u-statistic:-0.0032196044921875
p value proxy: 0.5049833655357361
result: False
power_upto_now: 0.046783626079559326
343th run
noise dimension : 8
noise variance: 100.26471710205078
original u-statistic:0.011521339416503906
p value proxy: 0.2591361999511719
result: False
power_upto_now: 0.04664723202586174
344th run
noise dimension : 8
noise variance: 100.06878662109375
original u-statistic:0.029956579208374023
p value proxy: 0.07973422110080719
result: False
power_upto_now: 0.04651162773370743
345th run
noise dimension : 8
noise variance: 100.28652954101562
original u-statistic:0.022368669509887695
p value proxy: 0.11627906560897827
result: False
power_upto_now: 0.04637681320309639
346th run
noise dimension : 8
noise variance: 100.0315170288086
original u-statistic:0.010398149490356445
p value proxy: 0.2823920249938965
result: False
power_upto_now: 0.04624277353286743
347th run
noise dimension : 8
noise variance: 99.94670867919922
original u-statistic:-0.015501737594604492
p value proxy: 0.7807309031486511
result: False
power_upto_now: 0.046109508723020554
348th run
noise dimension : 8
noise variance: 100.08255767822266
original u-statistic:0.0286862850189209
p value proxy: 0.09302325546741486
result: False
power_upto_now: 0.04597701132297516
349th run
noise dimension : 8
noise variance: 100.48526000976562
original u-statistic:0.013863086700439453
p value proxy: 0.19601328670978546
result: False
power_upto_now: 0.04584527388215065
350th run
noise dimension : 8
noise variance: 100.27051544189453
original u-statistic:-0.021578311920166016
p value proxy: 0.9235880374908447
result: False
power_upto_now: 0.04571428522467613
351th run
noise dimension : 8
noise variance: 100.1292953491211
original u-statistic:0.0060956478118896484
p value proxy: 0.3322259187698364
result: False
power_upto_now: 0.045584045350551605
352th run
noise dimension : 8
noise variance: 100.24253845214844
original u-statistic:-0.01647353172302246
p value proxy: 0.8405315279960632
result: False
power_upto_now: 0.04545454680919647
353th run
noise dimension : 8
noise variance: 99.95049285888672
original u-statistic:-0.0034775733947753906
p value proxy: 0.5116279125213623
result: False
power_upto_now: 0.04532577842473984
354th run
noise dimension : 8
noise variance: 100.29317474365234
original u-statistic:0.004777193069458008
p value proxy: 0.31561461091041565
result: False
power_upto_now: 0.0451977401971817
355th run
noise dimension : 8
noise variance: 99.84954071044922
original u-statistic:-0.012993812561035156
p value proxy: 0.724252462387085
result: False
power_upto_now: 0.04507042095065117
356th run
noise dimension : 8
noise variance: 100.1172866821289
original u-statistic:-0.008283376693725586
p value proxy: 0.6411960124969482
result: False
power_upto_now: 0.04494382068514824
357th run
noise dimension : 8
noise variance: 99.66519165039062
original u-statistic:-0.01864337921142578
p value proxy: 0.9003322124481201
result: False
power_upto_now: 0.04481792822480202
358th run
noise dimension : 8
noise variance: 99.8424072265625
original u-statistic:0.015809297561645508
p value proxy: 0.16943521797657013
result: False
power_upto_now: 0.044692736119031906
359th run
noise dimension : 8
noise variance: 100.25020599365234
original u-statistic:-0.011406660079956055
p value proxy: 0.6478404998779297
result: False
power_upto_now: 0.044568244367837906
360th run
noise dimension : 8
noise variance: 100.23087310791016
original u-statistic:0.02878737449645996
p value proxy: 0.049833886325359344
result: True
power_upto_now: 0.04722222313284874
361th run
noise dimension : 8
noise variance: 99.966552734375
original u-statistic:0.019711971282958984
p value proxy: 0.1029900312423706
result: False
power_upto_now: 0.04709141328930855
362th run
noise dimension : 8
noise variance: 99.95333099365234
original u-statistic:0.028115034103393555
p value proxy: 0.10963454842567444
result: False
power_upto_now: 0.04696132615208626
363th run
noise dimension : 8
noise variance: 100.15889739990234
original u-statistic:-0.010598897933959961
p value proxy: 0.6710963249206543
result: False
power_upto_now: 0.04683195427060127
364th run
noise dimension : 8
noise variance: 100.1849136352539
original u-statistic:0.008668899536132812
p value proxy: 0.2458471655845642
result: False
power_upto_now: 0.04670329764485359
365th run
noise dimension : 8
noise variance: 99.85989379882812
original u-statistic:-0.024103641510009766
p value proxy: 0.9568105936050415
result: False
power_upto_now: 0.04657534137368202
366th run
noise dimension : 8
noise variance: 100.15347290039062
original u-statistic:0.019641637802124023
p value proxy: 0.15614616870880127
result: False
power_upto_now: 0.04644808918237686
367th run
noise dimension : 8
noise variance: 99.9684066772461
original u-statistic:-0.010285377502441406
p value proxy: 0.674418568611145
result: False
power_upto_now: 0.046321526169776917
368th run
noise dimension : 8
noise variance: 100.56282806396484
original u-statistic:0.04505157470703125
p value proxy: 0.049833886325359344
result: True
power_upto_now: 0.04891304299235344
369th run
noise dimension : 8
noise variance: 99.85697174072266
original u-statistic:0.002984762191772461
p value proxy: 0.3521594703197479
result: False
power_upto_now: 0.04878048598766327
370th run
noise dimension : 8
noise variance: 99.90751647949219
original u-statistic:-0.019388914108276367
p value proxy: 0.8372092843055725
result: False
power_upto_now: 0.0486486479640007
371th run
noise dimension : 8
noise variance: 99.85118103027344
original u-statistic:-1.621246337890625e-05
p value proxy: 0.421926885843277
result: False
power_upto_now: 0.04851752147078514
372th run
noise dimension : 8
noise variance: 100.03107452392578
original u-statistic:-0.01231837272644043
p value proxy: 0.7408637404441833
result: False
power_upto_now: 0.04838709533214569
373th run
noise dimension : 8
noise variance: 99.37296295166016
original u-statistic:0.02410578727722168
p value proxy: 0.0830564796924591
result: False
power_upto_now: 0.04825737327337265
374th run
noise dimension : 8
noise variance: 99.5860366821289
original u-statistic:-0.01266336441040039
p value proxy: 0.7375414967536926
result: False
power_upto_now: 0.048128340393304825
375th run
noise dimension : 8
noise variance: 100.06141662597656
original u-statistic:-0.01484227180480957
p value proxy: 0.7840531468391418
result: False
power_upto_now: 0.04800000041723251
376th run
noise dimension : 8
noise variance: 100.38058471679688
original u-statistic:0.05302929878234863
p value proxy: 0.016611294820904732
result: True
power_upto_now: 0.050531916320323944
377th run
noise dimension : 8
noise variance: 99.89315032958984
original u-statistic:-0.0235440731048584
p value proxy: 0.9568105936050415
result: False
power_upto_now: 0.050397876650094986
378th run
noise dimension : 8
noise variance: 100.12114715576172
original u-statistic:0.02482771873474121
p value proxy: 0.0830564796924591
result: False
power_upto_now: 0.050264548510313034
379th run
noise dimension : 8
noise variance: 100.24456024169922
original u-statistic:0.02019524574279785
p value proxy: 0.14617939293384552
result: False
power_upto_now: 0.05013192445039749
380th run
noise dimension : 8
noise variance: 100.36006164550781
original u-statistic:0.003476858139038086
p value proxy: 0.3853820562362671
result: False
power_upto_now: 0.05000000074505806
381th run
noise dimension : 8
noise variance: 100.21073150634766
original u-statistic:0.009077072143554688
p value proxy: 0.25581395626068115
result: False
power_upto_now: 0.04986876621842384
382th run
noise dimension : 8
noise variance: 100.1727294921875
original u-statistic:-0.014349222183227539
p value proxy: 0.7840531468391418
result: False
power_upto_now: 0.04973822087049484
383th run
noise dimension : 8
noise variance: 100.37749481201172
original u-statistic:0.02998495101928711
p value proxy: 0.05315614491701126
result: False
power_upto_now: 0.04960835352540016
384th run
noise dimension : 8
noise variance: 99.79641723632812
original u-statistic:0.001943349838256836
p value proxy: 0.41528236865997314
result: False
power_upto_now: 0.0494791679084301
385th run
noise dimension : 8
noise variance: 99.39795684814453
original u-statistic:-0.0006952285766601562
p value proxy: 0.46179401874542236
result: False
power_upto_now: 0.04935064911842346
386th run
noise dimension : 8
noise variance: 100.2713394165039
original u-statistic:-7.3909759521484375e-06
p value proxy: 0.4119601249694824
result: False
power_upto_now: 0.04922279715538025
387th run
noise dimension : 8
noise variance: 99.59803009033203
original u-statistic:0.019375324249267578
p value proxy: 0.1827242523431778
result: False
power_upto_now: 0.04909560829401016
388th run
noise dimension : 8
noise variance: 99.51445770263672
original u-statistic:-0.006831169128417969
p value proxy: 0.6312292218208313
result: False
power_upto_now: 0.048969071358442307
389th run
noise dimension : 8
noise variance: 99.97193145751953
original u-statistic:-0.011787176132202148
p value proxy: 0.724252462387085
result: False
power_upto_now: 0.04884318634867668
390th run
noise dimension : 8
noise variance: 99.86529541015625
original u-statistic:0.028200626373291016
p value proxy: 0.09966777265071869
result: False
power_upto_now: 0.04871794953942299
391th run
noise dimension : 8
noise variance: 100.34136962890625
original u-statistic:-0.014060497283935547
p value proxy: 0.7674418687820435
result: False
power_upto_now: 0.04859334975481033
392th run
noise dimension : 8
noise variance: 99.88199615478516
original u-statistic:0.0352177619934082
p value proxy: 0.059800662100315094
result: False
power_upto_now: 0.048469386994838715
393th run
noise dimension : 8
noise variance: 100.60533905029297
original u-statistic:-0.00716853141784668
p value proxy: 0.594684362411499
result: False
power_upto_now: 0.048346057534217834
394th run
noise dimension : 8
noise variance: 99.92173767089844
original u-statistic:-0.019923925399780273
p value proxy: 0.9202657341957092
result: False
power_upto_now: 0.0482233501970768
395th run
noise dimension : 8
noise variance: 100.13594055175781
original u-statistic:-0.023771286010742188
p value proxy: 0.9468438029289246
result: False
power_upto_now: 0.048101264983415604
396th run
noise dimension : 8
noise variance: 99.65680694580078
original u-statistic:-0.022699832916259766
p value proxy: 0.9435215592384338
result: False
power_upto_now: 0.047979798167943954
397th run
noise dimension : 8
noise variance: 99.72801971435547
original u-statistic:0.004138469696044922
p value proxy: 0.35548171401023865
result: False
power_upto_now: 0.04785894230008125
398th run
noise dimension : 8
noise variance: 99.91716003417969
original u-statistic:0.02176666259765625
p value proxy: 0.10631228983402252
result: False
power_upto_now: 0.0477386936545372
399th run
noise dimension : 8
noise variance: 99.88359069824219
original u-statistic:0.028027772903442383
p value proxy: 0.05315614491701126
result: False
power_upto_now: 0.0476190485060215
400th run
noise dimension : 8
noise variance: 100.10075378417969
original u-statistic:0.017122983932495117
p value proxy: 0.14617939293384552
result: False
power_upto_now: 0.04749999940395355
401th run
noise dimension : 8
noise variance: 100.41551971435547
original u-statistic:-0.015273809432983398
p value proxy: 0.7940199375152588
result: False
power_upto_now: 0.04738154634833336
402th run
noise dimension : 8
noise variance: 100.23104858398438
original u-statistic:-0.00011420249938964844
p value proxy: 0.4717607796192169
result: False
power_upto_now: 0.04726368188858032
403th run
noise dimension : 8
noise variance: 100.18174743652344
original u-statistic:0.02666163444519043
p value proxy: 0.07641195505857468
result: False
power_upto_now: 0.047146402299404144
404th run
noise dimension : 8
noise variance: 99.84222412109375
original u-statistic:-4.887580871582031e-05
p value proxy: 0.43853819370269775
result: False
power_upto_now: 0.047029703855514526
405th run
noise dimension : 8
noise variance: 99.30207061767578
original u-statistic:0.008568763732910156
p value proxy: 0.2890365421772003
result: False
power_upto_now: 0.04691357910633087
406th run
noise dimension : 8
noise variance: 100.28507995605469
original u-statistic:-0.02282857894897461
p value proxy: 0.9568105936050415
result: False
power_upto_now: 0.04679802805185318
407th run
noise dimension : 8
noise variance: 100.06568145751953
original u-statistic:-0.009046316146850586
p value proxy: 0.6578072905540466
result: False
power_upto_now: 0.04668304696679115
408th run
noise dimension : 8
noise variance: 100.3166732788086
original u-statistic:-0.02011251449584961
p value proxy: 0.8803986310958862
result: False
power_upto_now: 0.046568628400564194
409th run
noise dimension : 8
noise variance: 99.88822937011719
original u-statistic:-0.0028803348541259766
p value proxy: 0.4518272280693054
result: False
power_upto_now: 0.046454768627882004
410th run
noise dimension : 8
noise variance: 99.9005355834961
original u-statistic:0.004634857177734375
p value proxy: 0.35548171401023865
result: False
power_upto_now: 0.046341463923454285
411th run
noise dimension : 8
noise variance: 99.80182647705078
original u-statistic:-0.020381689071655273
p value proxy: 0.8970099687576294
result: False
power_upto_now: 0.04622871056199074
412th run
noise dimension : 8
noise variance: 100.06513977050781
original u-statistic:0.007361173629760742
p value proxy: 0.2691029906272888
result: False
power_upto_now: 0.046116504818201065
413th run
noise dimension : 8
noise variance: 99.84907531738281
original u-statistic:-0.012953758239746094
p value proxy: 0.7441860437393188
result: False
power_upto_now: 0.04600484296679497
414th run
noise dimension : 8
noise variance: 100.01315307617188
original u-statistic:-0.01669144630432129
p value proxy: 0.8538205623626709
result: False
power_upto_now: 0.04589372128248215
415th run
noise dimension : 8
noise variance: 99.92692565917969
original u-statistic:-0.0024633407592773438
p value proxy: 0.5049833655357361
result: False
power_upto_now: 0.04578313231468201
416th run
noise dimension : 8
noise variance: 99.98991394042969
original u-statistic:-0.003161907196044922
p value proxy: 0.4916943311691284
result: False
power_upto_now: 0.045673076063394547
417th run
noise dimension : 8
noise variance: 99.62226104736328
original u-statistic:-0.0008351802825927734
p value proxy: 0.48172757029533386
result: False
power_upto_now: 0.04556354880332947
418th run
noise dimension : 8
noise variance: 100.01849365234375
original u-statistic:0.00874185562133789
p value proxy: 0.24916942417621613
result: False
power_upto_now: 0.04545454680919647
419th run
noise dimension : 8
noise variance: 100.2744140625
original u-statistic:-0.009004592895507812
p value proxy: 0.7043189406394958
result: False
power_upto_now: 0.04534606263041496
420th run
noise dimension : 8
noise variance: 99.86880493164062
original u-statistic:0.029226064682006836
p value proxy: 0.07308969646692276
result: False
power_upto_now: 0.04523809626698494
421th run
noise dimension : 8
noise variance: 99.63629150390625
original u-statistic:7.2479248046875e-05
p value proxy: 0.43853819370269775
result: False
power_upto_now: 0.045130640268325806
422th run
noise dimension : 8
noise variance: 99.86327362060547
original u-statistic:-0.003588438034057617
p value proxy: 0.514950156211853
result: False
power_upto_now: 0.04502369835972786
423th run
noise dimension : 8
noise variance: 99.88449096679688
original u-statistic:0.06881308555603027
p value proxy: 0.006644518114626408
result: True
power_upto_now: 0.04728132486343384
424th run
noise dimension : 8
noise variance: 99.783935546875
original u-statistic:-0.006331205368041992
p value proxy: 0.6245846748352051
result: False
power_upto_now: 0.04716981202363968
425th run
noise dimension : 8
noise variance: 100.15968322753906
original u-statistic:0.010698080062866211
p value proxy: 0.25249168276786804
result: False
power_upto_now: 0.0470588244497776
426th run
noise dimension : 8
noise variance: 99.9947280883789
original u-statistic:0.011593341827392578
p value proxy: 0.23920264840126038
result: False
power_upto_now: 0.04694835841655731
427th run
noise dimension : 8
noise variance: 99.89005279541016
original u-statistic:-0.017852783203125
p value proxy: 0.8538205623626709
result: False
power_upto_now: 0.04683840647339821
428th run
noise dimension : 8
noise variance: 99.82312774658203
original u-statistic:-0.021127700805664062
p value proxy: 0.9202657341957092
result: False
power_upto_now: 0.04672897234559059
429th run
noise dimension : 8
noise variance: 100.05900573730469
original u-statistic:-0.02005171775817871
p value proxy: 0.8837209343910217
result: False
power_upto_now: 0.046620044857263565
430th run
noise dimension : 8
noise variance: 99.8434829711914
original u-statistic:-0.00038170814514160156
p value proxy: 0.45847174525260925
result: False
power_upto_now: 0.04651162773370743
431th run
noise dimension : 8
noise variance: 99.88365936279297
original u-statistic:-0.024732589721679688
p value proxy: 0.9501661062240601
result: False
power_upto_now: 0.04640371352434158
432th run
noise dimension : 8
noise variance: 100.08272552490234
original u-statistic:-0.0039522647857666016
p value proxy: 0.5083056092262268
result: False
power_upto_now: 0.046296294778585434
433th run
noise dimension : 8
noise variance: 100.03852844238281
original u-statistic:-0.006642818450927734
p value proxy: 0.6146179437637329
result: False
power_upto_now: 0.04618937522172928
434th run
noise dimension : 8
noise variance: 100.19641876220703
original u-statistic:-0.02698826789855957
p value proxy: 0.9800664186477661
result: False
power_upto_now: 0.04608295112848282
435th run
noise dimension : 8
noise variance: 100.05445861816406
original u-statistic:-0.02389216423034668
p value proxy: 0.9435215592384338
result: False
power_upto_now: 0.04597701132297516
436th run
noise dimension : 8
noise variance: 100.32038116455078
original u-statistic:0.006427288055419922
p value proxy: 0.2990033030509949
result: False
power_upto_now: 0.0458715595304966
437th run
noise dimension : 8
noise variance: 99.84715270996094
original u-statistic:-0.01709914207458496
p value proxy: 0.8737541437149048
result: False
power_upto_now: 0.045766592025756836
438th run
noise dimension : 8
noise variance: 100.01814270019531
original u-statistic:-0.0006132125854492188
p value proxy: 0.45514950156211853
result: False
power_upto_now: 0.04566210135817528
439th run
noise dimension : 8
noise variance: 99.28134155273438
original u-statistic:-0.005335092544555664
p value proxy: 0.514950156211853
result: False
power_upto_now: 0.04555808752775192
440th run
noise dimension : 8
noise variance: 100.06289672851562
original u-statistic:0.0006837844848632812
p value proxy: 0.421926885843277
result: False
power_upto_now: 0.04545454680919647
441th run
noise dimension : 8
noise variance: 99.88311767578125
original u-statistic:0.00478363037109375
p value proxy: 0.27574750781059265
result: False
power_upto_now: 0.04535147547721863
442th run
noise dimension : 8
noise variance: 99.98411560058594
original u-statistic:-0.028667211532592773
p value proxy: 0.9966776967048645
result: False
power_upto_now: 0.04524886980652809
443th run
noise dimension : 8
noise variance: 99.9176025390625
original u-statistic:-0.0067675113677978516
p value proxy: 0.5348837375640869
result: False
power_upto_now: 0.045146726071834564
444th run
noise dimension : 8
noise variance: 99.93928527832031
original u-statistic:-0.009634971618652344
p value proxy: 0.674418568611145
result: False
power_upto_now: 0.045045044273138046
445th run
noise dimension : 8
noise variance: 99.96671295166016
original u-statistic:0.02923893928527832
p value proxy: 0.08970099687576294
result: False
power_upto_now: 0.04494382068514824
446th run
noise dimension : 8
noise variance: 100.11160278320312
original u-statistic:-0.023098468780517578
p value proxy: 0.9269102811813354
result: False
power_upto_now: 0.044843047857284546
447th run
noise dimension : 8
noise variance: 100.12905883789062
original u-statistic:-0.018218994140625
p value proxy: 0.8903654217720032
result: False
power_upto_now: 0.044742729514837265
448th run
noise dimension : 8
noise variance: 100.25130462646484
original u-statistic:0.020880460739135742
p value proxy: 0.13621261715888977
result: False
power_upto_now: 0.0446428582072258
449th run
noise dimension : 8
noise variance: 99.71623992919922
original u-statistic:0.014854192733764648
p value proxy: 0.15282391011714935
result: False
power_upto_now: 0.04454343020915985
450th run
noise dimension : 8
noise variance: 99.87399291992188
original u-statistic:-0.008791923522949219
p value proxy: 0.6677740812301636
result: False
power_upto_now: 0.04444444552063942
451th run
noise dimension : 8
noise variance: 99.8255844116211
original u-statistic:-0.01878976821899414
p value proxy: 0.8803986310958862
result: False
power_upto_now: 0.04434589669108391
452th run
noise dimension : 8
noise variance: 100.17647552490234
original u-statistic:-0.014764547348022461
p value proxy: 0.8172757029533386
result: False
power_upto_now: 0.044247787445783615
453th run
noise dimension : 8
noise variance: 100.23793029785156
original u-statistic:-0.014586448669433594
p value proxy: 0.7475082874298096
result: False
power_upto_now: 0.044150110334157944
454th run
noise dimension : 8
noise variance: 99.87569427490234
original u-statistic:-0.009891986846923828
p value proxy: 0.6212624311447144
result: False
power_upto_now: 0.044052861630916595
455th run
noise dimension : 8
noise variance: 100.3420639038086
original u-statistic:-0.02010488510131836
p value proxy: 0.9368770718574524
result: False
power_upto_now: 0.04395604506134987
456th run
noise dimension : 8
noise variance: 100.13319396972656
original u-statistic:0.028069496154785156
p value proxy: 0.06644517928361893
result: False
power_upto_now: 0.04385964944958687
457th run
noise dimension : 8
noise variance: 99.88790893554688
original u-statistic:-0.022266626358032227
p value proxy: 0.9501661062240601
result: False
power_upto_now: 0.043763674795627594
458th run
noise dimension : 8
noise variance: 99.6465072631836
original u-statistic:-0.0051729679107666016
p value proxy: 0.5581395030021667
result: False
power_upto_now: 0.043668121099472046
459th run
noise dimension : 8
noise variance: 100.41490936279297
original u-statistic:-0.02213430404663086
p value proxy: 0.9468438029289246
result: False
power_upto_now: 0.043572984635829926
460th run
noise dimension : 8
noise variance: 100.07928466796875
original u-statistic:0.013644218444824219
p value proxy: 0.21926909685134888
result: False
power_upto_now: 0.043478261679410934
461th run
noise dimension : 8
noise variance: 100.24657440185547
original u-statistic:0.0045108795166015625
p value proxy: 0.3488371968269348
result: False
power_upto_now: 0.043383948504924774
462th run
noise dimension : 8
noise variance: 100.38416290283203
original u-statistic:0.014313220977783203
p value proxy: 0.22923587262630463
result: False
power_upto_now: 0.043290045112371445
463th run
noise dimension : 8
noise variance: 100.01004791259766
original u-statistic:-0.01990985870361328
p value proxy: 0.9069766998291016
result: False
power_upto_now: 0.04319654405117035
464th run
noise dimension : 8
noise variance: 100.0880355834961
original u-statistic:0.015912294387817383
p value proxy: 0.15614616870880127
result: False
power_upto_now: 0.043103449046611786
465th run
noise dimension : 8
noise variance: 100.03888702392578
original u-statistic:-0.009299278259277344
p value proxy: 0.6777408719062805
result: False
power_upto_now: 0.04301075264811516
466th run
noise dimension : 8
noise variance: 100.32600402832031
original u-statistic:0.01694798469543457
p value proxy: 0.15614616870880127
result: False
power_upto_now: 0.042918454855680466
467th run
noise dimension : 8
noise variance: 100.3509521484375
original u-statistic:-0.0013959407806396484
p value proxy: 0.5016611218452454
result: False
power_upto_now: 0.04282655194401741
468th run
noise dimension : 8
noise variance: 99.68672943115234
original u-statistic:0.009542226791381836
p value proxy: 0.2425249069929123
result: False
power_upto_now: 0.04273504391312599
469th run
noise dimension : 8
noise variance: 100.40036010742188
original u-statistic:0.006114006042480469
p value proxy: 0.2990033030509949
result: False
power_upto_now: 0.04264392331242561
470th run
noise dimension : 8
noise variance: 99.98530578613281
original u-statistic:-0.02058863639831543
p value proxy: 0.9036544561386108
result: False
power_upto_now: 0.042553190141916275
471th run
noise dimension : 8
noise variance: 100.17816162109375
original u-statistic:-0.009972095489501953
p value proxy: 0.634551465511322
result: False
power_upto_now: 0.04246284440159798
472th run
noise dimension : 8
noise variance: 100.38390350341797
original u-statistic:-0.019920825958251953
p value proxy: 0.9102990031242371
result: False
power_upto_now: 0.04237288236618042
473th run
noise dimension : 8
noise variance: 100.3868179321289
original u-statistic:0.008690595626831055
p value proxy: 0.3222591280937195
result: False
power_upto_now: 0.04228329658508301
474th run
noise dimension : 8
noise variance: 100.28597259521484
original u-statistic:0.08944916725158691
p value proxy: 0.003322259057313204
result: True
power_upto_now: 0.04430379718542099
475th run
noise dimension : 8
noise variance: 99.78742980957031
original u-statistic:0.041518449783325195
p value proxy: 0.019933555275201797
result: True
power_upto_now: 0.046315789222717285
476th run
noise dimension : 8
noise variance: 100.0118179321289
original u-statistic:-0.011385202407836914
p value proxy: 0.724252462387085
result: False
power_upto_now: 0.04621848836541176
477th run
noise dimension : 8
noise variance: 100.19087219238281
original u-statistic:0.025449037551879883
p value proxy: 0.0830564796924591
result: False
power_upto_now: 0.046121593564748764
478th run
noise dimension : 8
noise variance: 100.21741485595703
original u-statistic:-0.002333402633666992
p value proxy: 0.4717607796192169
result: False
power_upto_now: 0.0460251048207283
479th run
noise dimension : 8
noise variance: 99.9754867553711
original u-statistic:0.002212047576904297
p value proxy: 0.4651162624359131
result: False
power_upto_now: 0.045929018408060074
480th run
noise dimension : 8
noise variance: 100.34269714355469
original u-statistic:-0.017876863479614258
p value proxy: 0.8637873530387878
result: False
power_upto_now: 0.04583333432674408
481th run
noise dimension : 8
noise variance: 99.90311431884766
original u-statistic:-0.022198200225830078
p value proxy: 0.9302325248718262
result: False
power_upto_now: 0.04573804512619972
482th run
noise dimension : 8
noise variance: 100.27275848388672
original u-statistic:-0.0019681453704833984
p value proxy: 0.4717607796192169
result: False
power_upto_now: 0.0456431545317173
483th run
noise dimension : 8
noise variance: 100.1407470703125
original u-statistic:-0.020709991455078125
p value proxy: 0.9302325248718262
result: False
power_upto_now: 0.04554865509271622
484th run
noise dimension : 8
noise variance: 100.24095916748047
original u-statistic:-0.006921052932739258
p value proxy: 0.5714285373687744
result: False
power_upto_now: 0.04545454680919647
485th run
noise dimension : 8
noise variance: 99.79423522949219
original u-statistic:-0.02710580825805664
p value proxy: 0.9966776967048645
result: False
power_upto_now: 0.04536082595586777
486th run
noise dimension : 8
noise variance: 99.41683959960938
original u-statistic:0.019092321395874023
p value proxy: 0.13289035856723785
result: False
power_upto_now: 0.045267488807439804
487th run
noise dimension : 8
noise variance: 100.02603912353516
original u-statistic:-0.006588459014892578
p value proxy: 0.5714285373687744
result: False
power_upto_now: 0.04517453908920288
488th run
noise dimension : 8
noise variance: 100.04988098144531
original u-statistic:-0.007138967514038086
p value proxy: 0.5747508406639099
result: False
power_upto_now: 0.0450819656252861
489th run
noise dimension : 8
noise variance: 99.69384765625
original u-statistic:-0.008090019226074219
p value proxy: 0.6312292218208313
result: False
power_upto_now: 0.044989775866270065
490th run
noise dimension : 8
noise variance: 99.78726959228516
original u-statistic:0.037253379821777344
p value proxy: 0.06644517928361893
result: False
power_upto_now: 0.044897958636283875
491th run
noise dimension : 8
noise variance: 99.58659362792969
original u-statistic:0.009386301040649414
p value proxy: 0.2857142686843872
result: False
power_upto_now: 0.04480651766061783
492th run
noise dimension : 8
noise variance: 99.54598236083984
original u-statistic:0.022281408309936523
p value proxy: 0.1229235827922821
result: False
power_upto_now: 0.04471544548869133
493th run
noise dimension : 8
noise variance: 100.18511962890625
original u-statistic:-0.009373188018798828
p value proxy: 0.6943521499633789
result: False
power_upto_now: 0.04462474584579468
494th run
noise dimension : 8
noise variance: 100.09146118164062
original u-statistic:-0.00579833984375
p value proxy: 0.6112956404685974
result: False
power_upto_now: 0.044534411281347275
495th run
noise dimension : 8
noise variance: 100.02469635009766
original u-statistic:0.0001475811004638672
p value proxy: 0.39534881711006165
result: False
power_upto_now: 0.04444444552063942
496th run
noise dimension : 8
noise variance: 99.89244079589844
original u-statistic:-0.030821800231933594
p value proxy: 1.0
result: False
power_upto_now: 0.04435483738780022
497th run
noise dimension : 8
noise variance: 100.19905853271484
original u-statistic:-0.019117116928100586
p value proxy: 0.8604651093482971
result: False
power_upto_now: 0.04426559433341026
498th run
noise dimension : 8
noise variance: 99.98255157470703
original u-statistic:-0.01876544952392578
p value proxy: 0.8737541437149048
result: False
power_upto_now: 0.04417670518159866
499th run
noise dimension : 8
noise variance: 99.32156372070312
original u-statistic:-0.008208990097045898
p value proxy: 0.5714285373687744
result: False
power_upto_now: 0.044088177382946014
500th run
noise dimension : 8
noise variance: 99.74021911621094
original u-statistic:-0.00654292106628418
p value proxy: 0.5448504686355591
result: False
power_upto_now: 0.04399999976158142
power estimate : 0.04399999976158142
elapsed time: 27172.615526914597
