job started
cuda available: True
code run on device:: cuda:0
1th run
noise dimension : 27
noise variance: 861.7694091796875
original u-statistic:-0.03710126876831055
p value proxy: 0.45771142840385437
result: False
power_upto_now: 0.0
2th run
noise dimension : 27
noise variance: 861.4053955078125
original u-statistic:-0.10518026351928711
p value proxy: 0.5771144032478333
result: False
power_upto_now: 0.0
3th run
noise dimension : 27
noise variance: 866.1248168945312
original u-statistic:-0.2986299991607666
p value proxy: 0.641791045665741
result: False
power_upto_now: 0.0
4th run
noise dimension : 27
noise variance: 869.1280517578125
original u-statistic:-0.293398380279541
p value proxy: 0.6517412662506104
result: False
power_upto_now: 0.0
5th run
noise dimension : 27
noise variance: 863.1304321289062
original u-statistic:0.19113564491271973
p value proxy: 0.3731343150138855
result: False
power_upto_now: 0.0
6th run
noise dimension : 27
noise variance: 862.6497192382812
original u-statistic:1.9181541204452515
p value proxy: 0.009950248524546623
result: True
power_upto_now: 0.1666666716337204
7th run
noise dimension : 27
noise variance: 864.7957153320312
original u-statistic:0.8849377632141113
p value proxy: 0.09452736377716064
result: False
power_upto_now: 0.1428571492433548
8th run
noise dimension : 27
noise variance: 864.2413940429688
original u-statistic:1.9062800407409668
p value proxy: 0.014925372786819935
result: True
power_upto_now: 0.25
9th run
noise dimension : 27
noise variance: 863.2630004882812
original u-statistic:0.834019660949707
p value proxy: 0.09452736377716064
result: False
power_upto_now: 0.2222222238779068
10th run
noise dimension : 27
noise variance: 864.9694213867188
original u-statistic:0.6871223449707031
p value proxy: 0.12935322523117065
result: False
power_upto_now: 0.20000000298023224
11th run
noise dimension : 27
noise variance: 863.593505859375
original u-statistic:0.49407124519348145
p value proxy: 0.2587064504623413
result: False
power_upto_now: 0.1818181872367859
12th run
noise dimension : 27
noise variance: 867.7803344726562
original u-statistic:1.4266507625579834
p value proxy: 0.024875622242689133
result: True
power_upto_now: 0.25
13th run
noise dimension : 27
noise variance: 861.5580444335938
original u-statistic:0.8739609718322754
p value proxy: 0.13432835042476654
result: False
power_upto_now: 0.23076923191547394
14th run
noise dimension : 27
noise variance: 867.9129638671875
original u-statistic:0.17462587356567383
p value proxy: 0.3333333134651184
result: False
power_upto_now: 0.2142857164144516
15th run
noise dimension : 27
noise variance: 863.4255981445312
original u-statistic:0.644290566444397
p value proxy: 0.19402985274791718
result: False
power_upto_now: 0.20000000298023224
16th run
noise dimension : 27
noise variance: 865.1544799804688
original u-statistic:0.30109500885009766
p value proxy: 0.28358209133148193
result: False
power_upto_now: 0.1875
17th run
noise dimension : 27
noise variance: 863.4791870117188
original u-statistic:-0.1015467643737793
p value proxy: 0.5522388219833374
result: False
power_upto_now: 0.1764705926179886
18th run
noise dimension : 27
noise variance: 864.653564453125
original u-statistic:1.2727651596069336
p value proxy: 0.02985074557363987
result: True
power_upto_now: 0.2222222238779068
19th run
noise dimension : 27
noise variance: 863.668701171875
original u-statistic:0.12200069427490234
p value proxy: 0.42288556694984436
result: False
power_upto_now: 0.21052631735801697
20th run
noise dimension : 27
noise variance: 861.9981689453125
original u-statistic:0.9044637680053711
p value proxy: 0.11940298229455948
result: False
power_upto_now: 0.20000000298023224
21th run
noise dimension : 27
noise variance: 860.9533081054688
original u-statistic:0.9292528629302979
p value proxy: 0.0746268630027771
result: False
power_upto_now: 0.190476194024086
22th run
noise dimension : 27
noise variance: 863.3111572265625
original u-statistic:1.6326165199279785
p value proxy: 0.024875622242689133
result: True
power_upto_now: 0.22727273404598236
23th run
noise dimension : 27
noise variance: 866.47607421875
original u-statistic:1.518236756324768
p value proxy: 0.014925372786819935
result: True
power_upto_now: 0.260869562625885
24th run
noise dimension : 27
noise variance: 863.6475219726562
original u-statistic:0.1534421443939209
p value proxy: 0.38308456540107727
result: False
power_upto_now: 0.25
25th run
noise dimension : 27
noise variance: 861.8685302734375
original u-statistic:0.12963473796844482
p value proxy: 0.32338306307792664
result: False
power_upto_now: 0.23999999463558197
26th run
noise dimension : 27
noise variance: 863.1065673828125
original u-statistic:-0.5596766471862793
p value proxy: 0.7910447716712952
result: False
power_upto_now: 0.23076923191547394
27th run
noise dimension : 27
noise variance: 862.169677734375
original u-statistic:1.7257823944091797
p value proxy: 0.014925372786819935
result: True
power_upto_now: 0.25925925374031067
28th run
noise dimension : 27
noise variance: 861.6503295898438
original u-statistic:-0.2272346019744873
p value proxy: 0.5522388219833374
result: False
power_upto_now: 0.25
29th run
noise dimension : 27
noise variance: 866.1444091796875
original u-statistic:1.6910133361816406
p value proxy: 0.004975124262273312
result: True
power_upto_now: 0.27586206793785095
30th run
noise dimension : 27
noise variance: 863.3423461914062
original u-statistic:0.7355520725250244
p value proxy: 0.12935322523117065
result: False
power_upto_now: 0.2666666805744171
31th run
noise dimension : 27
noise variance: 864.4972534179688
original u-statistic:1.3368518352508545
p value proxy: 0.024875622242689133
result: True
power_upto_now: 0.29032257199287415
32th run
noise dimension : 27
noise variance: 863.265625
original u-statistic:0.17463350296020508
p value proxy: 0.31840795278549194
result: False
power_upto_now: 0.28125
33th run
noise dimension : 27
noise variance: 864.0955810546875
original u-statistic:0.03179430961608887
p value proxy: 0.4477611780166626
result: False
power_upto_now: 0.27272728085517883
34th run
noise dimension : 27
noise variance: 863.4440307617188
original u-statistic:-0.016216516494750977
p value proxy: 0.5024875402450562
result: False
power_upto_now: 0.2647058963775635
35th run
noise dimension : 27
noise variance: 863.1849975585938
original u-statistic:0.0401456356048584
p value proxy: 0.46766167879104614
result: False
power_upto_now: 0.2571428716182709
36th run
noise dimension : 27
noise variance: 862.9132080078125
original u-statistic:0.8654038906097412
p value proxy: 0.1094527319073677
result: False
power_upto_now: 0.25
37th run
noise dimension : 27
noise variance: 863.4213256835938
original u-statistic:-0.010390758514404297
p value proxy: 0.46268656849861145
result: False
power_upto_now: 0.2432432472705841
38th run
noise dimension : 27
noise variance: 862.560302734375
original u-statistic:-0.3672466278076172
p value proxy: 0.711442768573761
result: False
power_upto_now: 0.2368421107530594
39th run
noise dimension : 27
noise variance: 862.8411254882812
original u-statistic:-0.2381901741027832
p value proxy: 0.6666666269302368
result: False
power_upto_now: 0.23076923191547394
40th run
noise dimension : 27
noise variance: 862.94775390625
original u-statistic:0.7330594062805176
p value proxy: 0.12437810748815536
result: False
power_upto_now: 0.22499999403953552
41th run
noise dimension : 27
noise variance: 865.07080078125
original u-statistic:0.8738799095153809
p value proxy: 0.11442785710096359
result: False
power_upto_now: 0.2195121943950653
42th run
noise dimension : 27
noise variance: 862.9767456054688
original u-statistic:0.586463451385498
p value proxy: 0.15422885119915009
result: False
power_upto_now: 0.2142857164144516
43th run
noise dimension : 27
noise variance: 862.134765625
original u-statistic:-0.2671353816986084
p value proxy: 0.6716417670249939
result: False
power_upto_now: 0.20930232107639313
44th run
noise dimension : 27
noise variance: 861.6434936523438
original u-statistic:0.4845118522644043
p value proxy: 0.28358209133148193
result: False
power_upto_now: 0.20454545319080353
45th run
noise dimension : 27
noise variance: 864.1380615234375
original u-statistic:0.5590910911560059
p value proxy: 0.21393033862113953
result: False
power_upto_now: 0.20000000298023224
46th run
noise dimension : 27
noise variance: 864.6843872070312
original u-statistic:0.3892018795013428
p value proxy: 0.21393033862113953
result: False
power_upto_now: 0.19565217196941376
47th run
noise dimension : 27
noise variance: 863.0311889648438
original u-statistic:2.019033670425415
p value proxy: 0.004975124262273312
result: True
power_upto_now: 0.21276596188545227
48th run
noise dimension : 27
noise variance: 866.837890625
original u-statistic:0.4403495788574219
p value proxy: 0.19402985274791718
result: False
power_upto_now: 0.2083333283662796
49th run
noise dimension : 27
noise variance: 862.1781005859375
original u-statistic:-0.21560001373291016
p value proxy: 0.6019900441169739
result: False
power_upto_now: 0.20408163964748383
50th run
noise dimension : 27
noise variance: 867.3316650390625
original u-statistic:0.5343294143676758
p value proxy: 0.19900497794151306
result: False
power_upto_now: 0.20000000298023224
51th run
noise dimension : 27
noise variance: 864.0115356445312
original u-statistic:0.10281610488891602
p value proxy: 0.3980099558830261
result: False
power_upto_now: 0.19607843458652496
52th run
noise dimension : 27
noise variance: 865.220703125
original u-statistic:0.7222025394439697
p value proxy: 0.16915422677993774
result: False
power_upto_now: 0.19230769574642181
53th run
noise dimension : 27
noise variance: 862.0587768554688
original u-statistic:1.153135061264038
p value proxy: 0.03980099409818649
result: True
power_upto_now: 0.2075471729040146
54th run
noise dimension : 27
noise variance: 866.0796508789062
original u-statistic:-0.4445509910583496
p value proxy: 0.7611939907073975
result: False
power_upto_now: 0.20370370149612427
55th run
noise dimension : 27
noise variance: 865.207275390625
original u-statistic:0.11876797676086426
p value proxy: 0.43283581733703613
result: False
power_upto_now: 0.20000000298023224
56th run
noise dimension : 27
noise variance: 864.6528930664062
original u-statistic:0.5530261993408203
p value proxy: 0.21393033862113953
result: False
power_upto_now: 0.1964285671710968
57th run
noise dimension : 27
noise variance: 864.9843139648438
original u-statistic:0.059458017349243164
p value proxy: 0.42288556694984436
result: False
power_upto_now: 0.19298245012760162
58th run
noise dimension : 27
noise variance: 864.4497680664062
original u-statistic:1.462084412574768
p value proxy: 0.05472636595368385
result: False
power_upto_now: 0.18965516984462738
59th run
noise dimension : 27
noise variance: 862.9053344726562
original u-statistic:1.5239055156707764
p value proxy: 0.014925372786819935
result: True
power_upto_now: 0.20338982343673706
60th run
noise dimension : 27
noise variance: 863.0427856445312
original u-statistic:0.06323504447937012
p value proxy: 0.39303481578826904
result: False
power_upto_now: 0.20000000298023224
61th run
noise dimension : 27
noise variance: 862.0859375
original u-statistic:1.3419172763824463
p value proxy: 0.02985074557363987
result: True
power_upto_now: 0.21311475336551666
62th run
noise dimension : 27
noise variance: 862.1115112304688
original u-statistic:-0.03986048698425293
p value proxy: 0.5572139024734497
result: False
power_upto_now: 0.20967741310596466
63th run
noise dimension : 27
noise variance: 862.91748046875
original u-statistic:0.711616039276123
p value proxy: 0.11940298229455948
result: False
power_upto_now: 0.2063492089509964
64th run
noise dimension : 27
noise variance: 867.22998046875
original u-statistic:0.23977375030517578
p value proxy: 0.3333333134651184
result: False
power_upto_now: 0.203125
65th run
noise dimension : 27
noise variance: 863.64404296875
original u-statistic:0.306704044342041
p value proxy: 0.2885572016239166
result: False
power_upto_now: 0.20000000298023224
66th run
noise dimension : 27
noise variance: 862.163818359375
original u-statistic:0.39967966079711914
p value proxy: 0.2189054638147354
result: False
power_upto_now: 0.19696970283985138
67th run
noise dimension : 27
noise variance: 864.8185424804688
original u-statistic:1.7434489727020264
p value proxy: 0.009950248524546623
result: True
power_upto_now: 0.20895522832870483
68th run
noise dimension : 27
noise variance: 861.73681640625
original u-statistic:0.45538926124572754
p value proxy: 0.21393033862113953
result: False
power_upto_now: 0.20588235557079315
69th run
noise dimension : 27
noise variance: 863.4581909179688
original u-statistic:0.10745477676391602
p value proxy: 0.3781094551086426
result: False
power_upto_now: 0.2028985470533371
70th run
noise dimension : 27
noise variance: 865.1821899414062
original u-statistic:1.3062453269958496
p value proxy: 0.03980099409818649
result: True
power_upto_now: 0.2142857164144516
71th run
noise dimension : 27
noise variance: 863.6212158203125
original u-statistic:1.5782678127288818
p value proxy: 0.009950248524546623
result: True
power_upto_now: 0.22535210847854614
72th run
noise dimension : 27
noise variance: 865.2291870117188
original u-statistic:1.1277871131896973
p value proxy: 0.05970149114727974
result: False
power_upto_now: 0.2222222238779068
73th run
noise dimension : 27
noise variance: 863.2166137695312
original u-statistic:1.9288139343261719
p value proxy: 0.004975124262273312
result: True
power_upto_now: 0.232876718044281
74th run
noise dimension : 27
noise variance: 866.557373046875
original u-statistic:1.3549466133117676
p value proxy: 0.03482586890459061
result: True
power_upto_now: 0.2432432472705841
75th run
noise dimension : 27
noise variance: 862.9996337890625
original u-statistic:0.9393055438995361
p value proxy: 0.07960198819637299
result: False
power_upto_now: 0.23999999463558197
76th run
noise dimension : 27
noise variance: 862.9531860351562
original u-statistic:1.2979836463928223
p value proxy: 0.04477611929178238
result: True
power_upto_now: 0.25
77th run
noise dimension : 27
noise variance: 864.7260131835938
original u-statistic:0.22521567344665527
p value proxy: 0.2636815905570984
result: False
power_upto_now: 0.2467532455921173
78th run
noise dimension : 27
noise variance: 867.081787109375
original u-statistic:2.6972343921661377
p value proxy: 0.004975124262273312
result: True
power_upto_now: 0.25641027092933655
79th run
noise dimension : 27
noise variance: 867.0189819335938
original u-statistic:0.13654518127441406
p value proxy: 0.42786067724227905
result: False
power_upto_now: 0.2531645596027374
80th run
noise dimension : 27
noise variance: 864.9118041992188
original u-statistic:0.5124421119689941
p value proxy: 0.23880596458911896
result: False
power_upto_now: 0.25
81th run
noise dimension : 27
noise variance: 864.3468627929688
original u-statistic:-0.04945802688598633
p value proxy: 0.5074626803398132
result: False
power_upto_now: 0.2469135820865631
82th run
noise dimension : 27
noise variance: 865.1094360351562
original u-statistic:0.07682323455810547
p value proxy: 0.45771142840385437
result: False
power_upto_now: 0.24390244483947754
83th run
noise dimension : 27
noise variance: 865.535888671875
original u-statistic:-0.6018471717834473
p value proxy: 0.9154228568077087
result: False
power_upto_now: 0.2409638613462448
84th run
noise dimension : 27
noise variance: 862.43994140625
original u-statistic:-0.45487165451049805
p value proxy: 0.7412934899330139
result: False
power_upto_now: 0.2380952388048172
85th run
noise dimension : 27
noise variance: 865.41796875
original u-statistic:0.7903311252593994
p value proxy: 0.13432835042476654
result: False
power_upto_now: 0.23529411852359772
86th run
noise dimension : 27
noise variance: 865.4649047851562
original u-statistic:1.102851152420044
p value proxy: 0.05970149114727974
result: False
power_upto_now: 0.23255814611911774
87th run
noise dimension : 27
noise variance: 861.8165283203125
original u-statistic:1.987842321395874
p value proxy: 0.014925372786819935
result: True
power_upto_now: 0.24137930572032928
88th run
noise dimension : 27
noise variance: 864.4971923828125
original u-statistic:2.9583349227905273
p value proxy: 0.004975124262273312
result: True
power_upto_now: 0.25
89th run
noise dimension : 27
noise variance: 865.8534545898438
original u-statistic:0.7232387065887451
p value proxy: 0.1442786008119583
result: False
power_upto_now: 0.24719101190567017
90th run
noise dimension : 27
noise variance: 863.1099243164062
original u-statistic:0.5167407989501953
p value proxy: 0.19900497794151306
result: False
power_upto_now: 0.24444444477558136
91th run
noise dimension : 27
noise variance: 862.9048461914062
original u-statistic:-0.9451866149902344
p value proxy: 0.9402984976768494
result: False
power_upto_now: 0.24175824224948883
92th run
noise dimension : 27
noise variance: 864.6980590820312
original u-statistic:1.4283809661865234
p value proxy: 0.03980099409818649
result: True
power_upto_now: 0.25
93th run
noise dimension : 27
noise variance: 865.9802856445312
original u-statistic:1.5136971473693848
p value proxy: 0.02985074557363987
result: True
power_upto_now: 0.25806450843811035
94th run
noise dimension : 27
noise variance: 863.4998779296875
original u-statistic:0.390289306640625
p value proxy: 0.30845770239830017
result: False
power_upto_now: 0.25531914830207825
95th run
noise dimension : 27
noise variance: 867.2168579101562
original u-statistic:0.6873002052307129
p value proxy: 0.1442786008119583
result: False
power_upto_now: 0.2526315748691559
96th run
noise dimension : 27
noise variance: 864.7145385742188
original u-statistic:0.09552001953125
p value proxy: 0.43283581733703613
result: False
power_upto_now: 0.25
97th run
noise dimension : 27
noise variance: 864.8093872070312
original u-statistic:0.9362764358520508
p value proxy: 0.0746268630027771
result: False
power_upto_now: 0.24742268025875092
98th run
noise dimension : 27
noise variance: 868.0455932617188
original u-statistic:0.8143395185470581
p value proxy: 0.1094527319073677
result: False
power_upto_now: 0.2448979616165161
99th run
noise dimension : 27
noise variance: 863.789306640625
original u-statistic:-0.47758913040161133
p value proxy: 0.7313432693481445
result: False
power_upto_now: 0.24242424964904785
100th run
noise dimension : 27
noise variance: 865.7567138671875
original u-statistic:0.44038963317871094
p value proxy: 0.23880596458911896
result: False
power_upto_now: 0.23999999463558197
101th run
noise dimension : 27
noise variance: 864.2474365234375
original u-statistic:0.7686443328857422
p value proxy: 0.12437810748815536
result: False
power_upto_now: 0.23762376606464386
102th run
noise dimension : 27
noise variance: 865.271484375
original u-statistic:-0.1549997329711914
p value proxy: 0.5472636818885803
result: False
power_upto_now: 0.23529411852359772
103th run
noise dimension : 27
noise variance: 861.93359375
original u-statistic:1.0129127502441406
p value proxy: 0.06467661261558533
result: False
power_upto_now: 0.2330097109079361
104th run
noise dimension : 27
noise variance: 864.7178344726562
original u-statistic:0.3074800968170166
p value proxy: 0.3333333134651184
result: False
power_upto_now: 0.23076923191547394
105th run
noise dimension : 27
noise variance: 865.425048828125
original u-statistic:-0.2647056579589844
p value proxy: 0.641791045665741
result: False
power_upto_now: 0.22857142984867096
106th run
noise dimension : 27
noise variance: 864.0715942382812
original u-statistic:0.08184957504272461
p value proxy: 0.4477611780166626
result: False
power_upto_now: 0.22641509771347046
107th run
noise dimension : 27
noise variance: 865.3554077148438
original u-statistic:1.0773255825042725
p value proxy: 0.10447760671377182
result: False
power_upto_now: 0.22429905831813812
108th run
noise dimension : 27
noise variance: 865.0819091796875
original u-statistic:1.8011242151260376
p value proxy: 0.014925372786819935
result: True
power_upto_now: 0.23148147761821747
109th run
noise dimension : 27
noise variance: 862.3543090820312
original u-statistic:0.09394145011901855
p value proxy: 0.38805970549583435
result: False
power_upto_now: 0.2293577939271927
110th run
noise dimension : 27
noise variance: 859.4667358398438
original u-statistic:-0.2518630027770996
p value proxy: 0.6517412662506104
result: False
power_upto_now: 0.22727273404598236
111th run
noise dimension : 27
noise variance: 863.2899780273438
original u-statistic:0.3286263942718506
p value proxy: 0.3034825921058655
result: False
power_upto_now: 0.22522522509098053
112th run
noise dimension : 27
noise variance: 863.3850708007812
original u-statistic:0.5665793418884277
p value proxy: 0.1840796023607254
result: False
power_upto_now: 0.2232142835855484
113th run
noise dimension : 27
noise variance: 862.977783203125
original u-statistic:-0.10669136047363281
p value proxy: 0.5174129009246826
result: False
power_upto_now: 0.22123894095420837
114th run
noise dimension : 27
noise variance: 864.306396484375
original u-statistic:0.4312310218811035
p value proxy: 0.2636815905570984
result: False
power_upto_now: 0.21929824352264404
115th run
noise dimension : 27
noise variance: 862.3901977539062
original u-statistic:2.5209856033325195
p value proxy: 0.004975124262273312
result: True
power_upto_now: 0.22608695924282074
116th run
noise dimension : 27
noise variance: 864.92724609375
original u-statistic:0.939765453338623
p value proxy: 0.09452736377716064
result: False
power_upto_now: 0.22413793206214905
117th run
noise dimension : 27
noise variance: 870.0321044921875
original u-statistic:-0.3854353427886963
p value proxy: 0.7512437701225281
result: False
power_upto_now: 0.2222222238779068
118th run
noise dimension : 27
noise variance: 861.7061157226562
original u-statistic:0.07048273086547852
p value proxy: 0.42786067724227905
result: False
power_upto_now: 0.22033898532390594
119th run
noise dimension : 27
noise variance: 863.6651611328125
original u-statistic:0.1777935028076172
p value proxy: 0.3781094551086426
result: False
power_upto_now: 0.21848739683628082
120th run
noise dimension : 27
noise variance: 865.17041015625
original u-statistic:0.448883056640625
p value proxy: 0.1840796023607254
result: False
power_upto_now: 0.21666666865348816
121th run
noise dimension : 27
noise variance: 865.3130493164062
original u-statistic:1.8242666721343994
p value proxy: 0.009950248524546623
result: True
power_upto_now: 0.22314049303531647
122th run
noise dimension : 27
noise variance: 864.9940185546875
original u-statistic:1.167898416519165
p value proxy: 0.06965173780918121
result: False
power_upto_now: 0.22131147980690002
123th run
noise dimension : 27
noise variance: 858.1913452148438
original u-statistic:0.5468435287475586
p value proxy: 0.17412935197353363
result: False
power_upto_now: 0.2195121943950653
124th run
noise dimension : 27
noise variance: 861.3558349609375
original u-statistic:-0.029506206512451172
p value proxy: 0.5024875402450562
result: False
power_upto_now: 0.2177419364452362
125th run
noise dimension : 27
noise variance: 864.0706787109375
original u-statistic:-0.008685111999511719
p value proxy: 0.4129353165626526
result: False
power_upto_now: 0.2160000056028366
126th run
noise dimension : 27
noise variance: 861.2920532226562
original u-statistic:0.3899517059326172
p value proxy: 0.21393033862113953
result: False
power_upto_now: 0.2142857164144516
127th run
noise dimension : 27
noise variance: 863.6544799804688
original u-statistic:1.9818778038024902
p value proxy: 0.004975124262273312
result: True
power_upto_now: 0.22047244012355804
128th run
noise dimension : 27
noise variance: 863.7518920898438
original u-statistic:-0.22061967849731445
p value proxy: 0.5373134016990662
result: False
power_upto_now: 0.21875
129th run
noise dimension : 27
noise variance: 865.2634887695312
original u-statistic:0.8126914501190186
p value proxy: 0.11940298229455948
result: False
power_upto_now: 0.21705426275730133
130th run
noise dimension : 27
noise variance: 864.5697021484375
original u-statistic:1.637695074081421
p value proxy: 0.019900497049093246
result: True
power_upto_now: 0.2230769246816635
131th run
noise dimension : 27
noise variance: 858.1682739257812
original u-statistic:0.6714611053466797
p value proxy: 0.17412935197353363
result: False
power_upto_now: 0.221374049782753
132th run
noise dimension : 27
noise variance: 863.4501342773438
original u-statistic:-0.7226452827453613
p value proxy: 0.8606964945793152
result: False
power_upto_now: 0.21969696879386902
133th run
noise dimension : 27
noise variance: 861.1809692382812
original u-statistic:0.21735525131225586
p value proxy: 0.32338306307792664
result: False
power_upto_now: 0.21804511547088623
134th run
noise dimension : 27
noise variance: 864.2796630859375
original u-statistic:0.5939536094665527
p value proxy: 0.1890547275543213
result: False
power_upto_now: 0.21641790866851807
135th run
noise dimension : 27
noise variance: 865.0186157226562
original u-statistic:1.1069190502166748
p value proxy: 0.06467661261558533
result: False
power_upto_now: 0.21481481194496155
136th run
noise dimension : 27
noise variance: 864.0452270507812
original u-statistic:0.772188663482666
p value proxy: 0.11442785710096359
result: False
power_upto_now: 0.2132352888584137
137th run
noise dimension : 27
noise variance: 864.6318359375
original u-statistic:-0.1702876091003418
p value proxy: 0.5870646834373474
result: False
power_upto_now: 0.21167883276939392
138th run
noise dimension : 27
noise variance: 860.9720458984375
original u-statistic:0.5595626831054688
p value proxy: 0.16417910158634186
result: False
power_upto_now: 0.21014492213726044
139th run
noise dimension : 27
noise variance: 863.5443115234375
original u-statistic:-0.5885446071624756
p value proxy: 0.8358208537101746
result: False
power_upto_now: 0.20863309502601624
140th run
noise dimension : 27
noise variance: 861.0396118164062
original u-statistic:0.3269615173339844
p value proxy: 0.27363184094429016
result: False
power_upto_now: 0.20714285969734192
141th run
noise dimension : 27
noise variance: 863.9227905273438
original u-statistic:-0.3573145866394043
p value proxy: 0.7263681292533875
result: False
power_upto_now: 0.20567375421524048
142th run
noise dimension : 27
noise variance: 864.56591796875
original u-statistic:2.631528854370117
p value proxy: 0.004975124262273312
result: True
power_upto_now: 0.2112676054239273
143th run
noise dimension : 27
noise variance: 867.7146606445312
original u-statistic:0.3904275894165039
p value proxy: 0.27363184094429016
result: False
power_upto_now: 0.2097902148962021
144th run
noise dimension : 27
noise variance: 862.7945556640625
original u-statistic:2.1341257095336914
p value proxy: 0.014925372786819935
result: True
power_upto_now: 0.2152777761220932
145th run
noise dimension : 27
noise variance: 862.6334838867188
original u-statistic:-0.8769822120666504
p value proxy: 0.9004974961280823
result: False
power_upto_now: 0.2137930989265442
146th run
noise dimension : 27
noise variance: 863.27734375
original u-statistic:0.9976084232330322
p value proxy: 0.09950248897075653
result: False
power_upto_now: 0.21232876181602478
147th run
noise dimension : 27
noise variance: 866.3635864257812
original u-statistic:0.33763694763183594
p value proxy: 0.2537313401699066
result: False
power_upto_now: 0.21088434755802155
148th run
noise dimension : 27
noise variance: 861.2195434570312
original u-statistic:0.3962287902832031
p value proxy: 0.24875621497631073
result: False
power_upto_now: 0.20945945382118225
149th run
noise dimension : 27
noise variance: 864.9091186523438
original u-statistic:2.233414888381958
p value proxy: 0.004975124262273312
result: True
power_upto_now: 0.21476510167121887
150th run
noise dimension : 27
noise variance: 862.5031127929688
original u-statistic:0.4742875099182129
p value proxy: 0.20398008823394775
result: False
power_upto_now: 0.2133333384990692
151th run
noise dimension : 27
noise variance: 865.02685546875
original u-statistic:1.2507119178771973
p value proxy: 0.04477611929178238
result: True
power_upto_now: 0.21854305267333984
152th run
noise dimension : 27
noise variance: 862.3369750976562
original u-statistic:0.5790145397186279
p value proxy: 0.17910447716712952
result: False
power_upto_now: 0.21710526943206787
153th run
noise dimension : 27
noise variance: 864.5348510742188
original u-statistic:0.43697404861450195
p value proxy: 0.2238805890083313
result: False
power_upto_now: 0.21568627655506134
154th run
noise dimension : 27
noise variance: 862.9764404296875
original u-statistic:0.27007102966308594
p value proxy: 0.2636815905570984
result: False
power_upto_now: 0.2142857164144516
155th run
noise dimension : 27
noise variance: 861.0199584960938
original u-statistic:0.7595235109329224
p value proxy: 0.11940298229455948
result: False
power_upto_now: 0.21290323138237
156th run
noise dimension : 27
noise variance: 865.8843994140625
original u-statistic:0.4820120334625244
p value proxy: 0.24378108978271484
result: False
power_upto_now: 0.21153846383094788
157th run
noise dimension : 27
noise variance: 864.7604370117188
original u-statistic:-0.18120956420898438
p value proxy: 0.606965184211731
result: False
power_upto_now: 0.21019108593463898
158th run
noise dimension : 27
noise variance: 865.2727661132812
original u-statistic:0.24257612228393555
p value proxy: 0.27860695123672485
result: False
power_upto_now: 0.20886075496673584
159th run
noise dimension : 27
noise variance: 865.6275634765625
original u-statistic:0.005509853363037109
p value proxy: 0.5223880410194397
result: False
power_upto_now: 0.2075471729040146
160th run
noise dimension : 27
noise variance: 863.3489990234375
original u-statistic:1.6186723709106445
p value proxy: 0.02985074557363987
result: True
power_upto_now: 0.21250000596046448
161th run
noise dimension : 27
noise variance: 863.0487060546875
original u-statistic:-0.022897958755493164
p value proxy: 0.46268656849861145
result: False
power_upto_now: 0.21118012070655823
162th run
noise dimension : 27
noise variance: 863.6112670898438
original u-statistic:0.7326369285583496
p value proxy: 0.17412935197353363
result: False
power_upto_now: 0.20987653732299805
163th run
noise dimension : 27
noise variance: 863.36376953125
original u-statistic:0.8752202987670898
p value proxy: 0.08457711338996887
result: False
power_upto_now: 0.20858895778656006
164th run
noise dimension : 27
noise variance: 863.6015014648438
original u-statistic:0.9035813808441162
p value proxy: 0.09452736377716064
result: False
power_upto_now: 0.2073170691728592
165th run
noise dimension : 27
noise variance: 861.6961059570312
original u-statistic:-0.8807291984558105
p value proxy: 0.9402984976768494
result: False
power_upto_now: 0.20606060326099396
166th run
noise dimension : 27
noise variance: 860.648193359375
original u-statistic:0.2584061622619629
p value proxy: 0.2885572016239166
result: False
power_upto_now: 0.20481927692890167
167th run
noise dimension : 27
noise variance: 865.974609375
original u-statistic:1.098210334777832
p value proxy: 0.06467661261558533
result: False
power_upto_now: 0.20359280705451965
168th run
noise dimension : 27
noise variance: 863.89404296875
original u-statistic:-0.17361903190612793
p value proxy: 0.5621890425682068
result: False
power_upto_now: 0.2023809552192688
169th run
noise dimension : 27
noise variance: 867.5404663085938
original u-statistic:1.0255494117736816
p value proxy: 0.05472636595368385
result: False
power_upto_now: 0.20118343830108643
170th run
noise dimension : 27
noise variance: 859.558837890625
original u-statistic:1.3395895957946777
p value proxy: 0.049751244485378265
result: True
power_upto_now: 0.20588235557079315
171th run
noise dimension : 27
noise variance: 866.4776000976562
original u-statistic:0.3644704818725586
p value proxy: 0.27860695123672485
result: False
power_upto_now: 0.20467835664749146
172th run
noise dimension : 27
noise variance: 862.6995849609375
original u-statistic:0.8310902118682861
p value proxy: 0.10447760671377182
result: False
power_upto_now: 0.20348836481571198
173th run
noise dimension : 27
noise variance: 864.7466430664062
original u-statistic:0.7684412002563477
p value proxy: 0.12935322523117065
result: False
power_upto_now: 0.2023121416568756
174th run
noise dimension : 27
noise variance: 863.7568969726562
original u-statistic:0.6195309162139893
p value proxy: 0.13432835042476654
result: False
power_upto_now: 0.20114941895008087
175th run
noise dimension : 27
noise variance: 864.6288452148438
original u-statistic:0.0963888168334961
p value proxy: 0.38308456540107727
result: False
power_upto_now: 0.20000000298023224
176th run
noise dimension : 27
noise variance: 863.3775024414062
original u-statistic:0.4851570129394531
p value proxy: 0.1840796023607254
result: False
power_upto_now: 0.19886364042758942
177th run
noise dimension : 27
noise variance: 865.2261352539062
original u-statistic:0.27210164070129395
p value proxy: 0.32338306307792664
result: False
power_upto_now: 0.1977401077747345
178th run
noise dimension : 27
noise variance: 866.62109375
original u-statistic:1.181749701499939
p value proxy: 0.06965173780918121
result: False
power_upto_now: 0.19662921130657196
179th run
noise dimension : 27
noise variance: 861.3041381835938
original u-statistic:1.4903647899627686
p value proxy: 0.024875622242689133
result: True
power_upto_now: 0.20111732184886932
180th run
noise dimension : 27
noise variance: 864.849609375
original u-statistic:1.8442304134368896
p value proxy: 0.019900497049093246
result: True
power_upto_now: 0.20555555820465088
181th run
noise dimension : 27
noise variance: 862.181640625
original u-statistic:-0.8871925473213196
p value proxy: 0.9402984976768494
result: False
power_upto_now: 0.20441989600658417
182th run
noise dimension : 27
noise variance: 865.6334228515625
original u-statistic:-0.3050541877746582
p value proxy: 0.6567164063453674
result: False
power_upto_now: 0.2032967060804367
183th run
noise dimension : 27
noise variance: 862.2783203125
original u-statistic:1.2399582862854004
p value proxy: 0.049751244485378265
result: True
power_upto_now: 0.20765027403831482
184th run
noise dimension : 27
noise variance: 866.564208984375
original u-statistic:0.4867420196533203
p value proxy: 0.2636815905570984
result: False
power_upto_now: 0.20652173459529877
185th run
noise dimension : 27
noise variance: 866.2830200195312
original u-statistic:-0.1311488151550293
p value proxy: 0.5671641826629639
result: False
power_upto_now: 0.20540539920330048
186th run
noise dimension : 27
noise variance: 863.0303955078125
original u-statistic:0.860541582107544
p value proxy: 0.09452736377716064
result: False
power_upto_now: 0.20430107414722443
187th run
noise dimension : 27
noise variance: 867.4768676757812
original u-statistic:-0.19556474685668945
p value proxy: 0.5920397639274597
result: False
power_upto_now: 0.2032085508108139
188th run
noise dimension : 27
noise variance: 863.645263671875
original u-statistic:-0.8185992240905762
p value proxy: 0.9353233575820923
result: False
power_upto_now: 0.20212766528129578
189th run
noise dimension : 27
noise variance: 863.35595703125
original u-statistic:1.0048599243164062
p value proxy: 0.05970149114727974
result: False
power_upto_now: 0.20105819404125214
190th run
noise dimension : 27
noise variance: 861.9255981445312
original u-statistic:1.1670989990234375
p value proxy: 0.06965173780918121
result: False
power_upto_now: 0.20000000298023224
191th run
noise dimension : 27
noise variance: 864.340087890625
original u-statistic:0.4118615388870239
p value proxy: 0.2985074520111084
result: False
power_upto_now: 0.19895288348197937
192th run
noise dimension : 27
noise variance: 863.779296875
original u-statistic:1.0449936389923096
p value proxy: 0.06965173780918121
result: False
power_upto_now: 0.1979166716337204
193th run
noise dimension : 27
noise variance: 865.8040771484375
original u-statistic:-0.4451558589935303
p value proxy: 0.7412934899330139
result: False
power_upto_now: 0.196891188621521
194th run
noise dimension : 27
noise variance: 864.039306640625
original u-statistic:-0.007428169250488281
p value proxy: 0.42786067724227905
result: False
power_upto_now: 0.19587628543376923
195th run
noise dimension : 27
noise variance: 865.7227783203125
original u-statistic:3.167736530303955
p value proxy: 0.004975124262273312
result: True
power_upto_now: 0.20000000298023224
196th run
noise dimension : 27
noise variance: 862.3480834960938
original u-statistic:1.7065678834915161
p value proxy: 0.014925372786819935
result: True
power_upto_now: 0.20408163964748383
197th run
noise dimension : 27
noise variance: 861.3004150390625
original u-statistic:0.93843674659729
p value proxy: 0.08457711338996887
result: False
power_upto_now: 0.20304568111896515
198th run
noise dimension : 27
noise variance: 864.7078857421875
original u-statistic:0.5578098297119141
p value proxy: 0.13432835042476654
result: False
power_upto_now: 0.20202019810676575
199th run
noise dimension : 27
noise variance: 864.1719360351562
original u-statistic:0.16503095626831055
p value proxy: 0.4079601764678955
result: False
power_upto_now: 0.2010050266981125
200th run
noise dimension : 27
noise variance: 864.5510864257812
original u-statistic:1.0089972019195557
p value proxy: 0.05970149114727974
result: False
power_upto_now: 0.20000000298023224
201th run
noise dimension : 27
noise variance: 862.2504272460938
original u-statistic:0.2433314323425293
p value proxy: 0.35323381423950195
result: False
power_upto_now: 0.19900497794151306
202th run
noise dimension : 27
noise variance: 862.6420288085938
original u-statistic:1.170839548110962
p value proxy: 0.049751244485378265
result: True
power_upto_now: 0.20297029614448547
203th run
noise dimension : 27
noise variance: 866.3436279296875
original u-statistic:1.2531960010528564
p value proxy: 0.03482586890459061
result: True
power_upto_now: 0.2068965584039688
204th run
noise dimension : 27
noise variance: 865.0176391601562
original u-statistic:-0.4760286808013916
p value proxy: 0.746268630027771
result: False
power_upto_now: 0.20588235557079315
205th run
noise dimension : 27
noise variance: 864.5791015625
original u-statistic:1.985339879989624
p value proxy: 0.009950248524546623
result: True
power_upto_now: 0.20975609123706818
206th run
noise dimension : 27
noise variance: 863.197265625
original u-statistic:0.8223090171813965
p value proxy: 0.12437810748815536
result: False
power_upto_now: 0.20873786509037018
207th run
noise dimension : 27
noise variance: 865.2738037109375
original u-statistic:0.18937158584594727
p value proxy: 0.35323381423950195
result: False
power_upto_now: 0.20772947371006012
208th run
noise dimension : 27
noise variance: 861.983642578125
original u-statistic:0.6982278823852539
p value proxy: 0.1492537260055542
result: False
power_upto_now: 0.20673076808452606
209th run
noise dimension : 27
noise variance: 862.2514038085938
original u-statistic:0.6867790222167969
p value proxy: 0.1840796023607254
result: False
power_upto_now: 0.20574162900447845
210th run
noise dimension : 27
noise variance: 864.3604736328125
original u-statistic:2.462592601776123
p value proxy: 0.004975124262273312
result: True
power_upto_now: 0.20952381193637848
211th run
noise dimension : 27
noise variance: 860.5956420898438
original u-statistic:0.03753256797790527
p value proxy: 0.4179104268550873
result: False
power_upto_now: 0.20853079855442047
212th run
noise dimension : 27
noise variance: 865.9707641601562
original u-statistic:1.1771936416625977
p value proxy: 0.02985074557363987
result: True
power_upto_now: 0.21226415038108826
213th run
noise dimension : 27
noise variance: 863.6719360351562
original u-statistic:0.5186185836791992
p value proxy: 0.1890547275543213
result: False
power_upto_now: 0.2112676054239273
214th run
noise dimension : 27
noise variance: 862.1015014648438
original u-statistic:0.7749714851379395
p value proxy: 0.13930347561836243
result: False
power_upto_now: 0.2102803736925125
215th run
noise dimension : 27
noise variance: 864.412841796875
original u-statistic:1.1544952392578125
p value proxy: 0.049751244485378265
result: True
power_upto_now: 0.21395349502563477
216th run
noise dimension : 27
noise variance: 864.4027099609375
original u-statistic:1.2494168281555176
p value proxy: 0.04477611929178238
result: True
power_upto_now: 0.21759259700775146
217th run
noise dimension : 27
noise variance: 864.0386962890625
original u-statistic:0.5082321166992188
p value proxy: 0.2238805890083313
result: False
power_upto_now: 0.21658986806869507
218th run
noise dimension : 27
noise variance: 859.6937255859375
original u-statistic:1.7184258699417114
p value proxy: 0.019900497049093246
result: True
power_upto_now: 0.22018349170684814
219th run
noise dimension : 27
noise variance: 861.0073852539062
original u-statistic:0.45011353492736816
p value proxy: 0.1840796023607254
result: False
power_upto_now: 0.21917808055877686
220th run
noise dimension : 27
noise variance: 865.0763549804688
original u-statistic:0.18492794036865234
p value proxy: 0.3333333134651184
result: False
power_upto_now: 0.2181818187236786
221th run
noise dimension : 27
noise variance: 862.55908203125
original u-statistic:0.7114017009735107
p value proxy: 0.09950248897075653
result: False
power_upto_now: 0.2171945720911026
222th run
noise dimension : 27
noise variance: 865.888916015625
original u-statistic:-0.31096649169921875
p value proxy: 0.7164179086685181
result: False
power_upto_now: 0.21621622145175934
223th run
noise dimension : 27
noise variance: 862.8803100585938
original u-statistic:0.6340253353118896
p value proxy: 0.1492537260055542
result: False
power_upto_now: 0.21524663269519806
224th run
noise dimension : 27
noise variance: 863.7535400390625
original u-statistic:0.33516740798950195
p value proxy: 0.2935323417186737
result: False
power_upto_now: 0.2142857164144516
225th run
noise dimension : 27
noise variance: 863.5614013671875
original u-statistic:0.7660911083221436
p value proxy: 0.17412935197353363
result: False
power_upto_now: 0.2133333384990692
226th run
noise dimension : 27
noise variance: 866.1107788085938
original u-statistic:1.5735507011413574
p value proxy: 0.009950248524546623
result: True
power_upto_now: 0.21681416034698486
227th run
noise dimension : 27
noise variance: 861.424560546875
original u-statistic:0.4093596935272217
p value proxy: 0.27860695123672485
result: False
power_upto_now: 0.21585902571678162
228th run
noise dimension : 27
noise variance: 865.1575317382812
original u-statistic:-0.37239551544189453
p value proxy: 0.7313432693481445
result: False
power_upto_now: 0.2149122804403305
229th run
noise dimension : 27
noise variance: 864.0975952148438
original u-statistic:-0.26396608352661133
p value proxy: 0.6318407654762268
result: False
power_upto_now: 0.21397380530834198
230th run
noise dimension : 27
noise variance: 864.0882568359375
original u-statistic:0.28388547897338867
p value proxy: 0.31343284249305725
result: False
power_upto_now: 0.2130434811115265
231th run
noise dimension : 27
noise variance: 865.4413452148438
original u-statistic:0.5825772285461426
p value proxy: 0.15422885119915009
result: False
power_upto_now: 0.21212121844291687
232th run
noise dimension : 27
noise variance: 864.512451171875
original u-statistic:-0.00031280517578125
p value proxy: 0.4427860677242279
result: False
power_upto_now: 0.21120689809322357
233th run
noise dimension : 27
noise variance: 865.4884033203125
original u-statistic:0.9520635604858398
p value proxy: 0.10447760671377182
result: False
power_upto_now: 0.21030043065547943
234th run
noise dimension : 27
noise variance: 863.3185424804688
original u-statistic:0.425565242767334
p value proxy: 0.2189054638147354
result: False
power_upto_now: 0.2094017118215561
235th run
noise dimension : 27
noise variance: 864.5289306640625
original u-statistic:1.190019130706787
p value proxy: 0.04477611929178238
result: True
power_upto_now: 0.21276596188545227
236th run
noise dimension : 27
noise variance: 864.7385864257812
original u-statistic:0.1906282901763916
p value proxy: 0.4427860677242279
result: False
power_upto_now: 0.2118644118309021
237th run
noise dimension : 27
noise variance: 862.5390625
original u-statistic:0.33574819564819336
p value proxy: 0.32338306307792664
result: False
power_upto_now: 0.2109704613685608
238th run
noise dimension : 27
noise variance: 862.2262573242188
original u-statistic:0.6762378215789795
p value proxy: 0.1840796023607254
result: False
power_upto_now: 0.21008403599262238
239th run
noise dimension : 27
noise variance: 862.562744140625
original u-statistic:0.14881086349487305
p value proxy: 0.3980099558830261
result: False
power_upto_now: 0.2092050164937973
240th run
noise dimension : 27
noise variance: 863.7056274414062
original u-statistic:-0.2532789707183838
p value proxy: 0.5970149040222168
result: False
power_upto_now: 0.2083333283662796
241th run
noise dimension : 27
noise variance: 860.944091796875
original u-statistic:0.375957727432251
p value proxy: 0.31343284249305725
result: False
power_upto_now: 0.2074688822031021
242th run
noise dimension : 27
noise variance: 865.2727661132812
original u-statistic:0.7035009860992432
p value proxy: 0.15920397639274597
result: False
power_upto_now: 0.20661157369613647
243th run
noise dimension : 27
noise variance: 860.1106567382812
original u-statistic:0.22622013092041016
p value proxy: 0.3631840646266937
result: False
power_upto_now: 0.20576131343841553
244th run
noise dimension : 27
noise variance: 862.6101684570312
original u-statistic:0.5557210445404053
p value proxy: 0.19900497794151306
result: False
power_upto_now: 0.2049180269241333
245th run
noise dimension : 27
noise variance: 863.0407104492188
original u-statistic:0.21015715599060059
p value proxy: 0.3681592047214508
result: False
power_upto_now: 0.20408163964748383
246th run
noise dimension : 27
noise variance: 863.524169921875
original u-statistic:1.5869040489196777
p value proxy: 0.03482586890459061
result: True
power_upto_now: 0.2073170691728592
247th run
noise dimension : 27
noise variance: 861.6497192382812
original u-statistic:0.9156506061553955
p value proxy: 0.09950248897075653
result: False
power_upto_now: 0.20647773146629333
248th run
noise dimension : 27
noise variance: 860.9598388671875
original u-statistic:-0.1303091049194336
p value proxy: 0.5870646834373474
result: False
power_upto_now: 0.20564515888690948
249th run
noise dimension : 27
noise variance: 864.3434448242188
original u-statistic:0.5211689472198486
p value proxy: 0.1890547275543213
result: False
power_upto_now: 0.20481927692890167
250th run
noise dimension : 27
noise variance: 859.6055297851562
original u-statistic:1.0929715633392334
p value proxy: 0.05970149114727974
result: False
power_upto_now: 0.20399999618530273
251th run
noise dimension : 27
noise variance: 862.7537841796875
original u-statistic:-0.0688166618347168
p value proxy: 0.5174129009246826
result: False
power_upto_now: 0.2031872570514679
252th run
noise dimension : 27
noise variance: 863.23486328125
original u-statistic:0.7032771110534668
p value proxy: 0.11940298229455948
result: False
power_upto_now: 0.2023809552192688
253th run
noise dimension : 27
noise variance: 865.0748291015625
original u-statistic:0.9028220176696777
p value proxy: 0.1094527319073677
result: False
power_upto_now: 0.20158103108406067
254th run
noise dimension : 27
noise variance: 865.1406860351562
original u-statistic:-0.46595335006713867
p value proxy: 0.7263681292533875
result: False
power_upto_now: 0.20078739523887634
255th run
noise dimension : 27
noise variance: 863.9157104492188
original u-statistic:0.37755322456359863
p value proxy: 0.3034825921058655
result: False
power_upto_now: 0.20000000298023224
256th run
noise dimension : 27
noise variance: 861.7310791015625
original u-statistic:-0.30597782135009766
p value proxy: 0.6567164063453674
result: False
power_upto_now: 0.19921875
257th run
noise dimension : 27
noise variance: 865.3731079101562
original u-statistic:2.0080106258392334
p value proxy: 0.004975124262273312
result: True
power_upto_now: 0.20233462750911713
258th run
noise dimension : 27
noise variance: 862.4876708984375
original u-statistic:-1.0227839946746826
p value proxy: 0.9850745797157288
result: False
power_upto_now: 0.20155039429664612
259th run
noise dimension : 27
noise variance: 862.7816772460938
original u-statistic:0.0512089729309082
p value proxy: 0.4029850661754608
result: False
power_upto_now: 0.20077219605445862
260th run
noise dimension : 27
noise variance: 861.8097534179688
original u-statistic:-0.006475687026977539
p value proxy: 0.5174129009246826
result: False
power_upto_now: 0.20000000298023224
261th run
noise dimension : 27
noise variance: 859.65576171875
original u-statistic:1.0878419876098633
p value proxy: 0.04477611929178238
result: True
power_upto_now: 0.20306512713432312
262th run
noise dimension : 27
noise variance: 863.3592529296875
original u-statistic:0.21116375923156738
p value proxy: 0.3731343150138855
result: False
power_upto_now: 0.20229007303714752
263th run
noise dimension : 27
noise variance: 861.6900634765625
original u-statistic:1.3081793785095215
p value proxy: 0.05472636595368385
result: False
power_upto_now: 0.2015209197998047
264th run
noise dimension : 27
noise variance: 862.49072265625
original u-statistic:0.12396526336669922
p value proxy: 0.4427860677242279
result: False
power_upto_now: 0.20075757801532745
265th run
noise dimension : 27
noise variance: 867.500732421875
original u-statistic:0.4262044429779053
p value proxy: 0.3333333134651184
result: False
power_upto_now: 0.20000000298023224
266th run
noise dimension : 27
noise variance: 861.373291015625
original u-statistic:0.8411049842834473
p value proxy: 0.09452736377716064
result: False
power_upto_now: 0.19924812018871307
267th run
noise dimension : 27
noise variance: 865.3641967773438
original u-statistic:0.21034765243530273
p value proxy: 0.2885572016239166
result: False
power_upto_now: 0.19850187003612518
268th run
noise dimension : 27
noise variance: 863.0606689453125
original u-statistic:1.0154399871826172
p value proxy: 0.04477611929178238
result: True
power_upto_now: 0.2014925330877304
269th run
noise dimension : 27
noise variance: 865.9937133789062
original u-statistic:-0.0069370269775390625
p value proxy: 0.5024875402450562
result: False
power_upto_now: 0.20074349641799927
270th run
noise dimension : 27
noise variance: 862.3240966796875
original u-statistic:0.32929039001464844
p value proxy: 0.24378108978271484
result: False
power_upto_now: 0.20000000298023224
271th run
noise dimension : 27
noise variance: 866.8187866210938
original u-statistic:0.269561767578125
p value proxy: 0.27860695123672485
result: False
power_upto_now: 0.19926199316978455
272th run
noise dimension : 27
noise variance: 865.295654296875
original u-statistic:0.14816904067993164
p value proxy: 0.35820895433425903
result: False
power_upto_now: 0.1985294073820114
273th run
noise dimension : 27
noise variance: 862.8692016601562
original u-statistic:-0.13980698585510254
p value proxy: 0.5373134016990662
result: False
power_upto_now: 0.19780220091342926
274th run
noise dimension : 27
noise variance: 863.7136840820312
original u-statistic:0.5243868827819824
p value proxy: 0.22885571420192719
result: False
power_upto_now: 0.19708029925823212
275th run
noise dimension : 27
noise variance: 863.2599487304688
original u-statistic:-0.9315335750579834
p value proxy: 0.9502487182617188
result: False
power_upto_now: 0.1963636428117752
276th run
noise dimension : 27
noise variance: 862.9461669921875
original u-statistic:-0.3583979606628418
p value proxy: 0.6616915464401245
result: False
power_upto_now: 0.19565217196941376
277th run
noise dimension : 27
noise variance: 859.85888671875
original u-statistic:0.12551212310791016
p value proxy: 0.4378109276294708
result: False
power_upto_now: 0.19494584202766418
278th run
noise dimension : 27
noise variance: 864.5838012695312
original u-statistic:-0.42578649520874023
p value proxy: 0.746268630027771
result: False
power_upto_now: 0.1942446082830429
279th run
noise dimension : 27
noise variance: 860.0374755859375
original u-statistic:0.8710975646972656
p value proxy: 0.08955223858356476
result: False
power_upto_now: 0.19354838132858276
280th run
noise dimension : 27
noise variance: 862.4191284179688
original u-statistic:1.291724443435669
p value proxy: 0.05472636595368385
result: False
power_upto_now: 0.19285714626312256
281th run
noise dimension : 27
noise variance: 864.5365600585938
original u-statistic:1.2978688478469849
p value proxy: 0.03482586890459061
result: True
power_upto_now: 0.19572953879833221
282th run
noise dimension : 27
noise variance: 861.2906494140625
original u-statistic:1.8785605430603027
p value proxy: 0.004975124262273312
result: True
power_upto_now: 0.19858156144618988
283th run
noise dimension : 27
noise variance: 865.6671142578125
original u-statistic:-0.8986272811889648
p value proxy: 0.9104477167129517
result: False
power_upto_now: 0.1978798657655716
284th run
noise dimension : 27
noise variance: 863.6812133789062
original u-statistic:0.6970019340515137
p value proxy: 0.13432835042476654
result: False
power_upto_now: 0.19718310236930847
285th run
noise dimension : 27
noise variance: 862.5079345703125
original u-statistic:1.8905894756317139
p value proxy: 0.004975124262273312
result: True
power_upto_now: 0.20000000298023224
286th run
noise dimension : 27
noise variance: 862.0823364257812
original u-statistic:1.1134259700775146
p value proxy: 0.05970149114727974
result: False
power_upto_now: 0.19930070638656616
287th run
noise dimension : 27
noise variance: 864.8087158203125
original u-statistic:0.31235551834106445
p value proxy: 0.31343284249305725
result: False
power_upto_now: 0.19860626757144928
288th run
noise dimension : 27
noise variance: 864.8775024414062
original u-statistic:1.3882567882537842
p value proxy: 0.02985074557363987
result: True
power_upto_now: 0.2013888955116272
289th run
noise dimension : 27
noise variance: 867.0462036132812
original u-statistic:0.9688482284545898
p value proxy: 0.049751244485378265
result: True
power_upto_now: 0.20415225625038147
290th run
noise dimension : 27
noise variance: 861.2927856445312
original u-statistic:1.9336230754852295
p value proxy: 0.009950248524546623
result: True
power_upto_now: 0.2068965584039688
291th run
noise dimension : 27
noise variance: 863.7606811523438
original u-statistic:-0.26529860496520996
p value proxy: 0.6567164063453674
result: False
power_upto_now: 0.20618556439876556
292th run
noise dimension : 27
noise variance: 865.4769287109375
original u-statistic:0.13921713829040527
p value proxy: 0.4179104268550873
result: False
power_upto_now: 0.2054794579744339
293th run
noise dimension : 27
noise variance: 861.3400268554688
original u-statistic:-0.2668190002441406
p value proxy: 0.6019900441169739
result: False
power_upto_now: 0.20477814972400665
294th run
noise dimension : 27
noise variance: 860.7111206054688
original u-statistic:0.9796218872070312
p value proxy: 0.09950248897075653
result: False
power_upto_now: 0.20408163964748383
295th run
noise dimension : 27
noise variance: 865.1835327148438
original u-statistic:0.5940496921539307
p value proxy: 0.17412935197353363
result: False
power_upto_now: 0.20338982343673706
296th run
noise dimension : 27
noise variance: 865.0455322265625
original u-statistic:-0.42580509185791016
p value proxy: 0.7014925479888916
result: False
power_upto_now: 0.20270270109176636
297th run
noise dimension : 27
noise variance: 864.324951171875
original u-statistic:-0.7187004089355469
p value proxy: 0.8606964945793152
result: False
power_upto_now: 0.20202019810676575
298th run
noise dimension : 27
noise variance: 863.9920654296875
original u-statistic:1.9483575820922852
p value proxy: 0.004975124262273312
result: True
power_upto_now: 0.20469798147678375
299th run
noise dimension : 27
noise variance: 864.2312622070312
original u-statistic:1.4539530277252197
p value proxy: 0.024875622242689133
result: True
power_upto_now: 0.20735785365104675
300th run
noise dimension : 27
noise variance: 864.4508056640625
original u-statistic:-0.38628268241882324
p value proxy: 0.7263681292533875
result: False
power_upto_now: 0.20666666328907013
power estimate : 0.20666666328907013
elapsed time: 2631.440076828003
