job started
cuda available: True
code run on device:: cuda:0

n1 = 20000, n2 = 20000,

kappa = 3, alpha = 0.25,

gamma = 0.05, nTests = 500,

B = 300

1th run
noise dimension : 27
noise variance: 3456.995361328125
original u-statistic:2.0025200843811035
p value proxy: 0.15614616870880127
result: False
power_upto_now: 0.0
2th run
noise dimension : 27
noise variance: 3450.651123046875
original u-statistic:0.5511741638183594
p value proxy: 0.3853820562362671
result: False
power_upto_now: 0.0
3th run
noise dimension : 27
noise variance: 3462.75927734375
original u-statistic:0.12021684646606445
p value proxy: 0.4318936765193939
result: False
power_upto_now: 0.0
4th run
noise dimension : 27
noise variance: 3462.38134765625
original u-statistic:1.3603434562683105
p value proxy: 0.25581395626068115
result: False
power_upto_now: 0.0
5th run
noise dimension : 27
noise variance: 3458.190185546875
original u-statistic:0.9308724403381348
p value proxy: 0.3222591280937195
result: False
power_upto_now: 0.0
6th run
noise dimension : 27
noise variance: 3460.0595703125
original u-statistic:-2.4543371200561523
p value proxy: 0.8239202499389648
result: False
power_upto_now: 0.0
7th run
noise dimension : 27
noise variance: 3456.68994140625
original u-statistic:2.091191291809082
p value proxy: 0.2225913554430008
result: False
power_upto_now: 0.0
8th run
noise dimension : 27
noise variance: 3459.243896484375
original u-statistic:-1.2517805099487305
p value proxy: 0.6279069781303406
result: False
power_upto_now: 0.0
9th run
noise dimension : 27
noise variance: 3437.98193359375
original u-statistic:-1.3747639656066895
p value proxy: 0.7076411843299866
result: False
power_upto_now: 0.0
10th run
noise dimension : 27
noise variance: 3442.54296875
original u-statistic:2.393051862716675
p value proxy: 0.2225913554430008
result: False
power_upto_now: 0.0
11th run
noise dimension : 27
noise variance: 3460.784912109375
original u-statistic:2.8507468700408936
p value proxy: 0.13289035856723785
result: False
power_upto_now: 0.0
12th run
noise dimension : 27
noise variance: 3472.764404296875
original u-statistic:1.53562593460083
p value proxy: 0.2059800624847412
result: False
power_upto_now: 0.0
13th run
noise dimension : 27
noise variance: 3461.367919921875
original u-statistic:2.3459033966064453
p value proxy: 0.21926909685134888
result: False
power_upto_now: 0.0
14th run
noise dimension : 27
noise variance: 3447.54638671875
original u-statistic:-0.8282657861709595
p value proxy: 0.5980066061019897
result: False
power_upto_now: 0.0
15th run
noise dimension : 27
noise variance: 3449.5693359375
original u-statistic:2.8357839584350586
p value proxy: 0.12624584138393402
result: False
power_upto_now: 0.0
16th run
noise dimension : 27
noise variance: 3460.263671875
original u-statistic:-2.343167781829834
p value proxy: 0.8272424936294556
result: False
power_upto_now: 0.0
17th run
noise dimension : 27
noise variance: 3465.376220703125
original u-statistic:0.7601780891418457
p value proxy: 0.3621262311935425
result: False
power_upto_now: 0.0
18th run
noise dimension : 27
noise variance: 3452.133056640625
original u-statistic:3.2455711364746094
p value proxy: 0.11295680701732635
result: False
power_upto_now: 0.0
19th run
noise dimension : 27
noise variance: 3462.661376953125
original u-statistic:0.7327256202697754
p value proxy: 0.37873753905296326
result: False
power_upto_now: 0.0
20th run
noise dimension : 27
noise variance: 3450.47802734375
original u-statistic:-1.6478428840637207
p value proxy: 0.7043189406394958
result: False
power_upto_now: 0.0
21th run
noise dimension : 27
noise variance: 3460.825439453125
original u-statistic:2.232619047164917
p value proxy: 0.1860465109348297
result: False
power_upto_now: 0.0
22th run
noise dimension : 27
noise variance: 3450.46044921875
original u-statistic:0.6524288654327393
p value proxy: 0.3687707483768463
result: False
power_upto_now: 0.0
23th run
noise dimension : 27
noise variance: 3460.22412109375
original u-statistic:-2.8591866493225098
p value proxy: 0.9202657341957092
result: False
power_upto_now: 0.0
24th run
noise dimension : 27
noise variance: 3460.1982421875
original u-statistic:1.8226795196533203
p value proxy: 0.22923587262630463
result: False
power_upto_now: 0.0
25th run
noise dimension : 27
noise variance: 3461.472900390625
original u-statistic:1.8807573318481445
p value proxy: 0.20930232107639313
result: False
power_upto_now: 0.0
26th run
noise dimension : 27
noise variance: 3450.457275390625
original u-statistic:1.2845211029052734
p value proxy: 0.29568105936050415
result: False
power_upto_now: 0.0
27th run
noise dimension : 27
noise variance: 3447.09228515625
original u-statistic:4.793056488037109
p value proxy: 0.05315614491701126
result: False
power_upto_now: 0.0
28th run
noise dimension : 27
noise variance: 3465.68212890625
original u-statistic:-0.790764331817627
p value proxy: 0.5481727719306946
result: False
power_upto_now: 0.0
29th run
noise dimension : 27
noise variance: 3462.449462890625
original u-statistic:4.254124164581299
p value proxy: 0.06976743787527084
result: False
power_upto_now: 0.0
30th run
noise dimension : 27
noise variance: 3457.916748046875
original u-statistic:0.5812411308288574
p value proxy: 0.3853820562362671
result: False
power_upto_now: 0.0
31th run
noise dimension : 27
noise variance: 3454.207763671875
original u-statistic:-3.999587059020996
p value proxy: 0.9534883499145508
result: False
power_upto_now: 0.0
32th run
noise dimension : 27
noise variance: 3464.89306640625
original u-statistic:-2.1635091304779053
p value proxy: 0.8172757029533386
result: False
power_upto_now: 0.0
33th run
noise dimension : 27
noise variance: 3444.562744140625
original u-statistic:5.092845916748047
p value proxy: 0.059800662100315094
result: False
power_upto_now: 0.0
34th run
noise dimension : 27
noise variance: 3449.681396484375
original u-statistic:0.42714905738830566
p value proxy: 0.421926885843277
result: False
power_upto_now: 0.0
35th run
noise dimension : 27
noise variance: 3452.246337890625
original u-statistic:1.031615138053894
p value proxy: 0.342192679643631
result: False
power_upto_now: 0.0
36th run
noise dimension : 27
noise variance: 3464.260986328125
original u-statistic:-1.8112878799438477
p value proxy: 0.7674418687820435
result: False
power_upto_now: 0.0
37th run
noise dimension : 27
noise variance: 3462.177001953125
original u-statistic:-1.300297737121582
p value proxy: 0.6611295342445374
result: False
power_upto_now: 0.0
38th run
noise dimension : 27
noise variance: 3451.845458984375
original u-statistic:0.9087166786193848
p value proxy: 0.3621262311935425
result: False
power_upto_now: 0.0
39th run
noise dimension : 27
noise variance: 3455.522216796875
original u-statistic:-1.201380729675293
p value proxy: 0.6511628031730652
result: False
power_upto_now: 0.0
40th run
noise dimension : 27
noise variance: 3458.695068359375
original u-statistic:0.727139949798584
p value proxy: 0.35548171401023865
result: False
power_upto_now: 0.0
41th run
noise dimension : 27
noise variance: 3446.462158203125
original u-statistic:-1.912442684173584
p value proxy: 0.7840531468391418
result: False
power_upto_now: 0.0
42th run
noise dimension : 27
noise variance: 3456.045654296875
original u-statistic:5.317498207092285
p value proxy: 0.023255813866853714
result: True
power_upto_now: 0.02380952425301075
43th run
noise dimension : 27
noise variance: 3460.998046875
original u-statistic:0.25179195404052734
p value proxy: 0.43853819370269775
result: False
power_upto_now: 0.023255813866853714
44th run
noise dimension : 27
noise variance: 3449.946044921875
original u-statistic:0.07646393775939941
p value proxy: 0.45514950156211853
result: False
power_upto_now: 0.022727273404598236
45th run
noise dimension : 27
noise variance: 3456.242431640625
original u-statistic:-1.1933488845825195
p value proxy: 0.7043189406394958
result: False
power_upto_now: 0.02222222276031971
46th run
noise dimension : 27
noise variance: 3451.02490234375
original u-statistic:1.1315789222717285
p value proxy: 0.2458471655845642
result: False
power_upto_now: 0.021739130839705467
47th run
noise dimension : 27
noise variance: 3454.832763671875
original u-statistic:0.3691152334213257
p value proxy: 0.4119601249694824
result: False
power_upto_now: 0.021276595070958138
48th run
noise dimension : 27
noise variance: 3466.265380859375
original u-statistic:2.0089645385742188
p value proxy: 0.1827242523431778
result: False
power_upto_now: 0.02083333395421505
49th run
noise dimension : 27
noise variance: 3459.940185546875
original u-statistic:5.79155158996582
p value proxy: 0.04651162773370743
result: True
power_upto_now: 0.040816325694322586
50th run
noise dimension : 27
noise variance: 3454.694091796875
original u-statistic:-0.46937867999076843
p value proxy: 0.5348837375640869
result: False
power_upto_now: 0.03999999910593033
51th run
noise dimension : 27
noise variance: 3451.24462890625
original u-statistic:0.3920936584472656
p value proxy: 0.382059782743454
result: False
power_upto_now: 0.03921568766236305
52th run
noise dimension : 27
noise variance: 3459.344970703125
original u-statistic:-1.2189114093780518
p value proxy: 0.6544850468635559
result: False
power_upto_now: 0.03846153989434242
53th run
noise dimension : 27
noise variance: 3435.685302734375
original u-statistic:0.730405330657959
p value proxy: 0.3056478202342987
result: False
power_upto_now: 0.03773584961891174
54th run
noise dimension : 27
noise variance: 3457.243408203125
original u-statistic:-1.0840280055999756
p value proxy: 0.564784049987793
result: False
power_upto_now: 0.03703703731298447
55th run
noise dimension : 27
noise variance: 3451.8916015625
original u-statistic:2.040943145751953
p value proxy: 0.21594683825969696
result: False
power_upto_now: 0.036363635212183
56th run
noise dimension : 27
noise variance: 3444.62255859375
original u-statistic:1.2940378189086914
p value proxy: 0.2591361999511719
result: False
power_upto_now: 0.0357142873108387
57th run
noise dimension : 27
noise variance: 3446.339599609375
original u-statistic:-2.7537953853607178
p value proxy: 0.8903654217720032
result: False
power_upto_now: 0.035087719559669495
58th run
noise dimension : 27
noise variance: 3444.631103515625
original u-statistic:-1.7418415546417236
p value proxy: 0.7707641124725342
result: False
power_upto_now: 0.03448275849223137
59th run
noise dimension : 27
noise variance: 3461.434814453125
original u-statistic:-1.9436644315719604
p value proxy: 0.7674418687820435
result: False
power_upto_now: 0.033898305147886276
60th run
noise dimension : 27
noise variance: 3450.876220703125
original u-statistic:4.539305210113525
p value proxy: 0.033222589641809464
result: True
power_upto_now: 0.05000000074505806
61th run
noise dimension : 27
noise variance: 3454.7353515625
original u-statistic:1.752955436706543
p value proxy: 0.2259136140346527
result: False
power_upto_now: 0.04918032884597778
62th run
noise dimension : 27
noise variance: 3451.952880859375
original u-statistic:1.3573102951049805
p value proxy: 0.22923587262630463
result: False
power_upto_now: 0.04838709533214569
63th run
noise dimension : 27
noise variance: 3457.768310546875
original u-statistic:1.4934306144714355
p value proxy: 0.2890365421772003
result: False
power_upto_now: 0.0476190485060215
64th run
noise dimension : 27
noise variance: 3449.848388671875
original u-statistic:-2.5075225830078125
p value proxy: 0.8305647373199463
result: False
power_upto_now: 0.046875
65th run
noise dimension : 27
noise variance: 3449.484130859375
original u-statistic:2.0427215099334717
p value proxy: 0.2026578038930893
result: False
power_upto_now: 0.04615384712815285
66th run
noise dimension : 27
noise variance: 3448.013916015625
original u-statistic:-3.640810251235962
p value proxy: 0.9435215592384338
result: False
power_upto_now: 0.04545454680919647
67th run
noise dimension : 27
noise variance: 3454.50048828125
original u-statistic:-1.499450922012329
p value proxy: 0.7574750781059265
result: False
power_upto_now: 0.04477611929178238
68th run
noise dimension : 27
noise variance: 3454.20068359375
original u-statistic:0.16594600677490234
p value proxy: 0.4252491593360901
result: False
power_upto_now: 0.04411764815449715
69th run
noise dimension : 27
noise variance: 3453.94482421875
original u-statistic:-3.641627788543701
p value proxy: 0.960132896900177
result: False
power_upto_now: 0.043478261679410934
70th run
noise dimension : 27
noise variance: 3447.37109375
original u-statistic:1.3302454948425293
p value proxy: 0.21262457966804504
result: False
power_upto_now: 0.04285714402794838
71th run
noise dimension : 27
noise variance: 3457.603515625
original u-statistic:0.8126097917556763
p value proxy: 0.33887043595314026
result: False
power_upto_now: 0.0422535203397274
72th run
noise dimension : 27
noise variance: 3448.573486328125
original u-statistic:-4.59043025970459
p value proxy: 0.9767441749572754
result: False
power_upto_now: 0.0416666679084301
73th run
noise dimension : 27
noise variance: 3451.581787109375
original u-statistic:-3.0133705139160156
p value proxy: 0.8704319000244141
result: False
power_upto_now: 0.04109589010477066
74th run
noise dimension : 27
noise variance: 3464.35546875
original u-statistic:1.1133861541748047
p value proxy: 0.3521594703197479
result: False
power_upto_now: 0.04054053872823715
75th run
noise dimension : 27
noise variance: 3452.12158203125
original u-statistic:0.2988262176513672
p value proxy: 0.4019933342933655
result: False
power_upto_now: 0.03999999910593033
76th run
noise dimension : 27
noise variance: 3449.684814453125
original u-statistic:9.103992462158203
p value proxy: 0.013289036229252815
result: True
power_upto_now: 0.05263157933950424
77th run
noise dimension : 27
noise variance: 3450.02880859375
original u-statistic:6.741495132446289
p value proxy: 0.019933555275201797
result: True
power_upto_now: 0.06493506580591202
78th run
noise dimension : 27
noise variance: 3447.32763671875
original u-statistic:-2.404433488845825
p value proxy: 0.8305647373199463
result: False
power_upto_now: 0.06410256773233414
79th run
noise dimension : 27
noise variance: 3457.811767578125
original u-statistic:-3.698897361755371
p value proxy: 0.9634551405906677
result: False
power_upto_now: 0.06329113990068436
80th run
noise dimension : 27
noise variance: 3458.5234375
original u-statistic:1.5680794715881348
p value proxy: 0.2691029906272888
result: False
power_upto_now: 0.0625
81th run
noise dimension : 27
noise variance: 3456.9228515625
original u-statistic:2.1226139068603516
p value proxy: 0.2026578038930893
result: False
power_upto_now: 0.06172839552164078
82th run
noise dimension : 27
noise variance: 3450.306884765625
original u-statistic:0.11873698234558105
p value proxy: 0.47840529680252075
result: False
power_upto_now: 0.060975611209869385
83th run
noise dimension : 27
noise variance: 3460.205322265625
original u-statistic:-1.2703909873962402
p value proxy: 0.6877076029777527
result: False
power_upto_now: 0.0602409653365612
84th run
noise dimension : 27
noise variance: 3444.9111328125
original u-statistic:-0.535362958908081
p value proxy: 0.5182723999023438
result: False
power_upto_now: 0.0595238097012043
85th run
noise dimension : 27
noise variance: 3459.8251953125
original u-statistic:1.7465629577636719
p value proxy: 0.23255813121795654
result: False
power_upto_now: 0.05882352963089943
86th run
noise dimension : 27
noise variance: 3458.653076171875
original u-statistic:0.24015283584594727
p value proxy: 0.4883720874786377
result: False
power_upto_now: 0.058139536529779434
87th run
noise dimension : 27
noise variance: 3460.421630859375
original u-statistic:3.3889870643615723
p value proxy: 0.10631228983402252
result: False
power_upto_now: 0.05747126415371895
88th run
noise dimension : 27
noise variance: 3457.283935546875
original u-statistic:-3.1628236770629883
p value proxy: 0.9136212468147278
result: False
power_upto_now: 0.05681818351149559
89th run
noise dimension : 27
noise variance: 3468.22412109375
original u-statistic:-0.0979914665222168
p value proxy: 0.4451827108860016
result: False
power_upto_now: 0.056179776787757874
90th run
noise dimension : 27
noise variance: 3461.246826171875
original u-statistic:-0.5435290336608887
p value proxy: 0.5182723999023438
result: False
power_upto_now: 0.0555555559694767
91th run
noise dimension : 27
noise variance: 3450.295166015625
original u-statistic:-0.48161840438842773
p value proxy: 0.5315614342689514
result: False
power_upto_now: 0.05494505539536476
92th run
noise dimension : 27
noise variance: 3451.956787109375
original u-statistic:1.818629503250122
p value proxy: 0.19933554530143738
result: False
power_upto_now: 0.054347824305295944
93th run
noise dimension : 27
noise variance: 3475.20361328125
original u-statistic:-0.4590138792991638
p value proxy: 0.4916943311691284
result: False
power_upto_now: 0.05376344174146652
94th run
noise dimension : 27
noise variance: 3453.390380859375
original u-statistic:0.871769905090332
p value proxy: 0.342192679643631
result: False
power_upto_now: 0.05319149047136307
95th run
noise dimension : 27
noise variance: 3458.126953125
original u-statistic:2.8528285026550293
p value proxy: 0.13289035856723785
result: False
power_upto_now: 0.05263157933950424
96th run
noise dimension : 27
noise variance: 3459.153076171875
original u-statistic:-2.4361841678619385
p value proxy: 0.8305647373199463
result: False
power_upto_now: 0.0520833320915699
97th run
noise dimension : 27
noise variance: 3454.17724609375
original u-statistic:-1.1245770454406738
p value proxy: 0.6478404998779297
result: False
power_upto_now: 0.05154639109969139
98th run
noise dimension : 27
noise variance: 3457.02734375
original u-statistic:1.027841329574585
p value proxy: 0.3222591280937195
result: False
power_upto_now: 0.051020409911870956
99th run
noise dimension : 27
noise variance: 3457.73583984375
original u-statistic:-1.093645453453064
p value proxy: 0.5980066061019897
result: False
power_upto_now: 0.05050504952669144
100th run
noise dimension : 27
noise variance: 3459.614501953125
original u-statistic:-0.9521160125732422
p value proxy: 0.604651153087616
result: False
power_upto_now: 0.05000000074505806
101th run
noise dimension : 27
noise variance: 3457.328857421875
original u-statistic:0.9812297821044922
p value proxy: 0.3222591280937195
result: False
power_upto_now: 0.049504950642585754
102th run
noise dimension : 27
noise variance: 3453.702392578125
original u-statistic:1.3625035285949707
p value proxy: 0.2657807171344757
result: False
power_upto_now: 0.04901960864663124
103th run
noise dimension : 27
noise variance: 3451.329833984375
original u-statistic:-0.8668417930603027
p value proxy: 0.5614618062973022
result: False
power_upto_now: 0.04854368790984154
104th run
noise dimension : 27
noise variance: 3452.54248046875
original u-statistic:5.640009880065918
p value proxy: 0.039867110550403595
result: True
power_upto_now: 0.057692307978868484
105th run
noise dimension : 27
noise variance: 3445.831298828125
original u-statistic:6.694822311401367
p value proxy: 0.006644518114626408
result: True
power_upto_now: 0.06666667014360428
106th run
noise dimension : 27
noise variance: 3453.005859375
original u-statistic:2.443382740020752
p value proxy: 0.16943521797657013
result: False
power_upto_now: 0.06603773683309555
107th run
noise dimension : 27
noise variance: 3456.35986328125
original u-statistic:0.08735466003417969
p value proxy: 0.5049833655357361
result: False
power_upto_now: 0.06542056053876877
108th run
noise dimension : 27
noise variance: 3449.4091796875
original u-statistic:2.0806193351745605
p value proxy: 0.17940199375152588
result: False
power_upto_now: 0.06481481343507767
109th run
noise dimension : 27
noise variance: 3451.86474609375
original u-statistic:2.2231521606445312
p value proxy: 0.2059800624847412
result: False
power_upto_now: 0.06422018259763718
110th run
noise dimension : 27
noise variance: 3448.598876953125
original u-statistic:-1.414222240447998
p value proxy: 0.7176079750061035
result: False
power_upto_now: 0.06363636255264282
111th run
noise dimension : 27
noise variance: 3458.442626953125
original u-statistic:-0.14336848258972168
p value proxy: 0.49501660466194153
result: False
power_upto_now: 0.06306306272745132
112th run
noise dimension : 27
noise variance: 3453.67041015625
original u-statistic:-1.1844651699066162
p value proxy: 0.674418568611145
result: False
power_upto_now: 0.0625
113th run
noise dimension : 27
noise variance: 3466.037353515625
original u-statistic:-3.028090476989746
p value proxy: 0.8903654217720032
result: False
power_upto_now: 0.06194690242409706
114th run
noise dimension : 27
noise variance: 3459.720458984375
original u-statistic:-1.4391345977783203
p value proxy: 0.714285671710968
result: False
power_upto_now: 0.061403509229421616
115th run
noise dimension : 27
noise variance: 3449.771484375
original u-statistic:1.6423606872558594
p value proxy: 0.24916942417621613
result: False
power_upto_now: 0.06086956337094307
116th run
noise dimension : 27
noise variance: 3462.614990234375
original u-statistic:0.434425950050354
p value proxy: 0.421926885843277
result: False
power_upto_now: 0.06034482643008232
117th run
noise dimension : 27
noise variance: 3469.372802734375
original u-statistic:-5.004848957061768
p value proxy: 1.0
result: False
power_upto_now: 0.05982905998826027
118th run
noise dimension : 27
noise variance: 3452.393310546875
original u-statistic:-0.21840810775756836
p value proxy: 0.49833884835243225
result: False
power_upto_now: 0.05932203307747841
119th run
noise dimension : 27
noise variance: 3459.036376953125
original u-statistic:-1.4191340208053589
p value proxy: 0.7109634280204773
result: False
power_upto_now: 0.05882352963089943
120th run
noise dimension : 27
noise variance: 3447.97216796875
original u-statistic:-2.9505720138549805
p value proxy: 0.9202657341957092
result: False
power_upto_now: 0.05833333358168602
121th run
noise dimension : 27
noise variance: 3450.91845703125
original u-statistic:-1.2560374736785889
p value proxy: 0.6611295342445374
result: False
power_upto_now: 0.057851240038871765
122th run
noise dimension : 27
noise variance: 3453.888671875
original u-statistic:-3.1514718532562256
p value proxy: 0.9069766998291016
result: False
power_upto_now: 0.05737704783678055
123th run
noise dimension : 27
noise variance: 3456.48095703125
original u-statistic:3.107863664627075
p value proxy: 0.11960132420063019
result: False
power_upto_now: 0.056910570710897446
124th run
noise dimension : 27
noise variance: 3462.076904296875
original u-statistic:3.6954569816589355
p value proxy: 0.07641195505857468
result: False
power_upto_now: 0.05645161122083664
125th run
noise dimension : 27
noise variance: 3454.308837890625
original u-statistic:0.3388820290565491
p value proxy: 0.4086378514766693
result: False
power_upto_now: 0.0560000017285347
126th run
noise dimension : 27
noise variance: 3465.080810546875
original u-statistic:-1.1583261489868164
p value proxy: 0.6544850468635559
result: False
power_upto_now: 0.0555555559694767
127th run
noise dimension : 27
noise variance: 3460.33984375
original u-statistic:-4.353874206542969
p value proxy: 0.9700996279716492
result: False
power_upto_now: 0.05511811003088951
128th run
noise dimension : 27
noise variance: 3457.93017578125
original u-statistic:1.5835480690002441
p value proxy: 0.27574750781059265
result: False
power_upto_now: 0.0546875
129th run
noise dimension : 27
noise variance: 3458.406982421875
original u-statistic:-0.685558557510376
p value proxy: 0.5581395030021667
result: False
power_upto_now: 0.05426356568932533
130th run
noise dimension : 27
noise variance: 3449.494873046875
original u-statistic:-2.517751693725586
p value proxy: 0.843853771686554
result: False
power_upto_now: 0.05384615436196327
131th run
noise dimension : 27
noise variance: 3451.67236328125
original u-statistic:3.8971176147460938
p value proxy: 0.07973422110080719
result: False
power_upto_now: 0.05343511328101158
132th run
noise dimension : 27
noise variance: 3455.409912109375
original u-statistic:2.3418328762054443
p value proxy: 0.20930232107639313
result: False
power_upto_now: 0.05303030461072922
133th run
noise dimension : 27
noise variance: 3456.37646484375
original u-statistic:5.649510383605957
p value proxy: 0.033222589641809464
result: True
power_upto_now: 0.060150377452373505
134th run
noise dimension : 27
noise variance: 3448.27392578125
original u-statistic:-0.6427614688873291
p value proxy: 0.594684362411499
result: False
power_upto_now: 0.05970149114727974
135th run
noise dimension : 27
noise variance: 3461.955322265625
original u-statistic:-1.812802791595459
p value proxy: 0.724252462387085
result: False
power_upto_now: 0.05925925821065903
136th run
noise dimension : 27
noise variance: 3455.93994140625
original u-statistic:-0.8719038963317871
p value proxy: 0.594684362411499
result: False
power_upto_now: 0.05882352963089943
137th run
noise dimension : 27
noise variance: 3447.707275390625
original u-statistic:1.9137763977050781
p value proxy: 0.20930232107639313
result: False
power_upto_now: 0.058394160121679306
138th run
noise dimension : 27
noise variance: 3453.748046875
original u-statistic:-1.1691663265228271
p value proxy: 0.6478404998779297
result: False
power_upto_now: 0.05797101557254791
139th run
noise dimension : 27
noise variance: 3450.204833984375
original u-statistic:1.081251621246338
p value proxy: 0.2691029906272888
result: False
power_upto_now: 0.057553958147764206
140th run
noise dimension : 27
noise variance: 3459.28125
original u-statistic:3.606323480606079
p value proxy: 0.09302325546741486
result: False
power_upto_now: 0.05714285746216774
141th run
noise dimension : 27
noise variance: 3461.427490234375
original u-statistic:2.5545177459716797
p value proxy: 0.1661129593849182
result: False
power_upto_now: 0.05673758685588837
142th run
noise dimension : 27
noise variance: 3450.39501953125
original u-statistic:1.9360859394073486
p value proxy: 0.2026578038930893
result: False
power_upto_now: 0.056338027119636536
143th run
noise dimension : 27
noise variance: 3469.146240234375
original u-statistic:-1.8099193572998047
p value proxy: 0.7375414967536926
result: False
power_upto_now: 0.0559440553188324
144th run
noise dimension : 27
noise variance: 3458.103271484375
original u-statistic:-1.234379768371582
p value proxy: 0.634551465511322
result: False
power_upto_now: 0.0555555559694767
145th run
noise dimension : 27
noise variance: 3453.02197265625
original u-statistic:-2.768317937850952
p value proxy: 0.9003322124481201
result: False
power_upto_now: 0.05517241358757019
146th run
noise dimension : 27
noise variance: 3463.042724609375
original u-statistic:1.0394864082336426
p value proxy: 0.29568105936050415
result: False
power_upto_now: 0.054794520139694214
147th run
noise dimension : 27
noise variance: 3454.568603515625
original u-statistic:-1.8918538093566895
p value proxy: 0.7176079750061035
result: False
power_upto_now: 0.054421767592430115
148th run
noise dimension : 27
noise variance: 3455.50537109375
original u-statistic:-3.368157386779785
p value proxy: 0.9102990031242371
result: False
power_upto_now: 0.054054055362939835
149th run
noise dimension : 27
noise variance: 3475.904052734375
original u-statistic:-0.09916543960571289
p value proxy: 0.5049833655357361
result: False
power_upto_now: 0.05369127541780472
150th run
noise dimension : 27
noise variance: 3469.56494140625
original u-statistic:0.9549136161804199
p value proxy: 0.3488371968269348
result: False
power_upto_now: 0.0533333346247673
151th run
noise dimension : 27
noise variance: 3458.731201171875
original u-statistic:2.545321464538574
p value proxy: 0.13621261715888977
result: False
power_upto_now: 0.05298013240098953
152th run
noise dimension : 27
noise variance: 3472.991455078125
original u-statistic:3.7042903900146484
p value proxy: 0.10963454842567444
result: False
power_upto_now: 0.05263157933950424
153th run
noise dimension : 27
noise variance: 3447.395751953125
original u-statistic:3.1547298431396484
p value proxy: 0.1229235827922821
result: False
power_upto_now: 0.05228758230805397
154th run
noise dimension : 27
noise variance: 3452.10986328125
original u-statistic:-2.081747531890869
p value proxy: 0.8073089718818665
result: False
power_upto_now: 0.051948051899671555
155th run
noise dimension : 27
noise variance: 3459.93701171875
original u-statistic:-2.6631295680999756
p value proxy: 0.8837209343910217
result: False
power_upto_now: 0.05161290243268013
156th run
noise dimension : 27
noise variance: 3461.09912109375
original u-statistic:0.8953191041946411
p value proxy: 0.3255814015865326
result: False
power_upto_now: 0.05128205195069313
157th run
noise dimension : 27
noise variance: 3456.885009765625
original u-statistic:0.33109450340270996
p value proxy: 0.43521595001220703
result: False
power_upto_now: 0.05095541477203369
158th run
noise dimension : 27
noise variance: 3443.4619140625
original u-statistic:1.9111132621765137
p value proxy: 0.2225913554430008
result: False
power_upto_now: 0.050632912665605545
159th run
noise dimension : 27
noise variance: 3467.61328125
original u-statistic:-1.2101962566375732
p value proxy: 0.6146179437637329
result: False
power_upto_now: 0.050314463675022125
160th run
noise dimension : 27
noise variance: 3455.6376953125
original u-statistic:0.44780105352401733
p value proxy: 0.33554816246032715
result: False
power_upto_now: 0.05000000074505806
161th run
noise dimension : 27
noise variance: 3461.910400390625
original u-statistic:1.9089009761810303
p value proxy: 0.2591361999511719
result: False
power_upto_now: 0.04968944191932678
162th run
noise dimension : 27
noise variance: 3463.50927734375
original u-statistic:1.9764666557312012
p value proxy: 0.18936876952648163
result: False
power_upto_now: 0.04938271641731262
163th run
noise dimension : 27
noise variance: 3460.158203125
original u-statistic:6.202930927276611
p value proxy: 0.023255813866853714
result: True
power_upto_now: 0.05521472543478012
164th run
noise dimension : 27
noise variance: 3473.980712890625
original u-statistic:1.8504077196121216
p value proxy: 0.2458471655845642
result: False
power_upto_now: 0.05487804859876633
165th run
noise dimension : 27
noise variance: 3455.884521484375
original u-statistic:-3.1732449531555176
p value proxy: 0.9102990031242371
result: False
power_upto_now: 0.05454545468091965
166th run
noise dimension : 27
noise variance: 3454.20458984375
original u-statistic:0.18279717862606049
p value proxy: 0.41860464215278625
result: False
power_upto_now: 0.05421686917543411
167th run
noise dimension : 27
noise variance: 3457.03564453125
original u-statistic:0.8195056915283203
p value proxy: 0.35548171401023865
result: False
power_upto_now: 0.053892213851213455
168th run
noise dimension : 27
noise variance: 3447.184814453125
original u-statistic:2.253105640411377
p value proxy: 0.15946844220161438
result: False
power_upto_now: 0.0535714291036129
169th run
noise dimension : 27
noise variance: 3455.51220703125
original u-statistic:1.9108309745788574
p value proxy: 0.2225913554430008
result: False
power_upto_now: 0.05325443670153618
170th run
noise dimension : 27
noise variance: 3454.181396484375
original u-statistic:-0.16649866104125977
p value proxy: 0.48172757029533386
result: False
power_upto_now: 0.052941177040338516
171th run
noise dimension : 27
noise variance: 3463.125
original u-statistic:-2.0095577239990234
p value proxy: 0.7441860437393188
result: False
power_upto_now: 0.05263157933950424
172th run
noise dimension : 27
noise variance: 3464.366943359375
original u-statistic:-0.4908614158630371
p value proxy: 0.5714285373687744
result: False
power_upto_now: 0.05232558026909828
173th run
noise dimension : 27
noise variance: 3443.991455078125
original u-statistic:-1.4191571474075317
p value proxy: 0.6943521499633789
result: False
power_upto_now: 0.05202312022447586
174th run
noise dimension : 27
noise variance: 3452.345703125
original u-statistic:6.854984283447266
p value proxy: 0.016611294820904732
result: True
power_upto_now: 0.05747126415371895
175th run
noise dimension : 27
noise variance: 3460.12939453125
original u-statistic:2.720064163208008
p value proxy: 0.12956809997558594
result: False
power_upto_now: 0.05714285746216774
176th run
noise dimension : 27
noise variance: 3461.574951171875
original u-statistic:-3.6633853912353516
p value proxy: 0.9534883499145508
result: False
power_upto_now: 0.05681818351149559
177th run
noise dimension : 27
noise variance: 3446.3681640625
original u-statistic:4.090916633605957
p value proxy: 0.06644517928361893
result: False
power_upto_now: 0.05649717524647713
178th run
noise dimension : 27
noise variance: 3446.842041015625
original u-statistic:0.7547793388366699
p value proxy: 0.31229233741760254
result: False
power_upto_now: 0.056179776787757874
179th run
noise dimension : 27
noise variance: 3460.025634765625
original u-statistic:-0.44368624687194824
p value proxy: 0.49501660466194153
result: False
power_upto_now: 0.05586592108011246
180th run
noise dimension : 27
noise variance: 3452.363037109375
original u-statistic:3.6119236946105957
p value proxy: 0.06312292069196701
result: False
power_upto_now: 0.0555555559694767
181th run
noise dimension : 27
noise variance: 3456.470703125
original u-statistic:-0.6282696723937988
p value proxy: 0.5415282249450684
result: False
power_upto_now: 0.05524861812591553
182th run
noise dimension : 27
noise variance: 3457.115966796875
original u-statistic:8.777098655700684
p value proxy: 0.003322259057313204
result: True
power_upto_now: 0.06043956056237221
183th run
noise dimension : 27
noise variance: 3447.72216796875
original u-statistic:2.803100109100342
p value proxy: 0.10631228983402252
result: False
power_upto_now: 0.06010929122567177
184th run
noise dimension : 27
noise variance: 3456.5537109375
original u-statistic:1.3659769296646118
p value proxy: 0.25581395626068115
result: False
power_upto_now: 0.05978260934352875
185th run
noise dimension : 27
noise variance: 3445.40087890625
original u-statistic:0.6111855506896973
p value proxy: 0.3521594703197479
result: False
power_upto_now: 0.05945945903658867
186th run
noise dimension : 27
noise variance: 3447.834228515625
original u-statistic:1.1974992752075195
p value proxy: 0.24916942417621613
result: False
power_upto_now: 0.059139784425497055
187th run
noise dimension : 27
noise variance: 3450.757080078125
original u-statistic:1.9363007545471191
p value proxy: 0.2259136140346527
result: False
power_upto_now: 0.05882352963089943
188th run
noise dimension : 27
noise variance: 3442.1640625
original u-statistic:1.752123236656189
p value proxy: 0.262458473443985
result: False
power_upto_now: 0.058510638773441315
189th run
noise dimension : 27
noise variance: 3450.927734375
original u-statistic:-3.681079864501953
p value proxy: 0.9368770718574524
result: False
power_upto_now: 0.05820105969905853
190th run
noise dimension : 27
noise variance: 3458.338134765625
original u-statistic:-1.6488189697265625
p value proxy: 0.7209302186965942
result: False
power_upto_now: 0.057894736528396606
191th run
noise dimension : 27
noise variance: 3457.23779296875
original u-statistic:3.1843981742858887
p value proxy: 0.1229235827922821
result: False
power_upto_now: 0.057591624557971954
192th run
noise dimension : 27
noise variance: 3457.95263671875
original u-statistic:-0.41562533378601074
p value proxy: 0.5215946435928345
result: False
power_upto_now: 0.0572916679084301
193th run
noise dimension : 27
noise variance: 3459.640625
original u-statistic:-1.1353778839111328
p value proxy: 0.6644518375396729
result: False
power_upto_now: 0.05699481815099716
194th run
noise dimension : 27
noise variance: 3464.794921875
original u-statistic:1.6270337104797363
p value proxy: 0.19601328670978546
result: False
power_upto_now: 0.05670103058218956
195th run
noise dimension : 27
noise variance: 3465.6845703125
original u-statistic:5.797314167022705
p value proxy: 0.023255813866853714
result: True
power_upto_now: 0.0615384615957737
196th run
noise dimension : 27
noise variance: 3461.19775390625
original u-statistic:-2.491346836090088
p value proxy: 0.843853771686554
result: False
power_upto_now: 0.06122449040412903
197th run
noise dimension : 27
noise variance: 3459.013916015625
original u-statistic:-0.2357712984085083
p value proxy: 0.46179401874542236
result: False
power_upto_now: 0.060913704335689545
198th run
noise dimension : 27
noise variance: 3459.499755859375
original u-statistic:3.8141298294067383
p value proxy: 0.07308969646692276
result: False
power_upto_now: 0.06060606241226196
199th run
noise dimension : 27
noise variance: 3440.66064453125
original u-statistic:1.959667444229126
p value proxy: 0.21594683825969696
result: False
power_upto_now: 0.060301508754491806
200th run
noise dimension : 27
noise variance: 3452.626708984375
original u-statistic:0.7506177425384521
p value proxy: 0.37873753905296326
result: False
power_upto_now: 0.05999999865889549
201th run
noise dimension : 27
noise variance: 3449.196533203125
original u-statistic:5.923367023468018
p value proxy: 0.02657807245850563
result: True
power_upto_now: 0.06467662006616592
202th run
noise dimension : 27
noise variance: 3452.470947265625
original u-statistic:0.8272373676300049
p value proxy: 0.342192679643631
result: False
power_upto_now: 0.06435643881559372
203th run
noise dimension : 27
noise variance: 3462.827880859375
original u-statistic:1.984426736831665
p value proxy: 0.20930232107639313
result: False
power_upto_now: 0.06403940916061401
204th run
noise dimension : 27
noise variance: 3454.8916015625
original u-statistic:-1.1179437637329102
p value proxy: 0.6710963249206543
result: False
power_upto_now: 0.06372549384832382
205th run
noise dimension : 27
noise variance: 3439.19384765625
original u-statistic:1.1645169258117676
p value proxy: 0.29568105936050415
result: False
power_upto_now: 0.06341463327407837
206th run
noise dimension : 27
noise variance: 3449.185302734375
original u-statistic:-0.7302892208099365
p value proxy: 0.5747508406639099
result: False
power_upto_now: 0.06310679763555527
207th run
noise dimension : 27
noise variance: 3443.4892578125
original u-statistic:-2.1056089401245117
p value proxy: 0.7740863561630249
result: False
power_upto_now: 0.06280193477869034
208th run
noise dimension : 27
noise variance: 3463.532958984375
original u-statistic:0.9565340280532837
p value proxy: 0.33554816246032715
result: False
power_upto_now: 0.0625
209th run
noise dimension : 27
noise variance: 3452.0185546875
original u-statistic:4.8079729080200195
p value proxy: 0.023255813866853714
result: True
power_upto_now: 0.06698564440011978
210th run
noise dimension : 27
noise variance: 3449.582275390625
original u-statistic:0.671961784362793
p value proxy: 0.33554816246032715
result: False
power_upto_now: 0.06666667014360428
211th run
noise dimension : 27
noise variance: 3453.901123046875
original u-statistic:0.8544430732727051
p value proxy: 0.3521594703197479
result: False
power_upto_now: 0.06635071337223053
212th run
noise dimension : 27
noise variance: 3451.32763671875
original u-statistic:-2.8163836002349854
p value proxy: 0.8770763874053955
result: False
power_upto_now: 0.06603773683309555
213th run
noise dimension : 27
noise variance: 3455.246826171875
original u-statistic:-0.4040062427520752
p value proxy: 0.5448504686355591
result: False
power_upto_now: 0.06572769582271576
214th run
noise dimension : 27
noise variance: 3447.845458984375
original u-statistic:-2.3892993927001953
p value proxy: 0.803986668586731
result: False
power_upto_now: 0.06542056053876877
215th run
noise dimension : 27
noise variance: 3453.587646484375
original u-statistic:-3.3609395027160645
p value proxy: 0.9102990031242371
result: False
power_upto_now: 0.0651162788271904
216th run
noise dimension : 27
noise variance: 3459.652099609375
original u-statistic:2.121258497238159
p value proxy: 0.19601328670978546
result: False
power_upto_now: 0.06481481343507767
217th run
noise dimension : 27
noise variance: 3454.197021484375
original u-statistic:2.7596654891967773
p value proxy: 0.11960132420063019
result: False
power_upto_now: 0.06451612710952759
218th run
noise dimension : 27
noise variance: 3449.615478515625
original u-statistic:-0.9335112571716309
p value proxy: 0.5913621187210083
result: False
power_upto_now: 0.06422018259763718
219th run
noise dimension : 27
noise variance: 3457.451171875
original u-statistic:-0.01995563507080078
p value proxy: 0.41528236865997314
result: False
power_upto_now: 0.06392694264650345
220th run
noise dimension : 27
noise variance: 3457.13134765625
original u-statistic:1.5837876796722412
p value proxy: 0.2259136140346527
result: False
power_upto_now: 0.06363636255264282
221th run
noise dimension : 27
noise variance: 3456.598876953125
original u-statistic:0.5938378572463989
p value proxy: 0.4053156077861786
result: False
power_upto_now: 0.06334841996431351
222th run
noise dimension : 27
noise variance: 3463.587646484375
original u-statistic:2.2303080558776855
p value proxy: 0.15282391011714935
result: False
power_upto_now: 0.06306306272745132
223th run
noise dimension : 27
noise variance: 3459.46484375
original u-statistic:-1.215918779373169
p value proxy: 0.6877076029777527
result: False
power_upto_now: 0.06278026849031448
224th run
noise dimension : 27
noise variance: 3461.78076171875
original u-statistic:-1.6561188697814941
p value proxy: 0.7009966373443604
result: False
power_upto_now: 0.0625
225th run
noise dimension : 27
noise variance: 3445.865234375
original u-statistic:0.0534665584564209
p value proxy: 0.4916943311691284
result: False
power_upto_now: 0.06222222372889519
226th run
noise dimension : 27
noise variance: 3454.416015625
original u-statistic:-2.901339530944824
p value proxy: 0.8504983186721802
result: False
power_upto_now: 0.06194690242409706
227th run
noise dimension : 27
noise variance: 3462.100341796875
original u-statistic:1.5592923164367676
p value proxy: 0.2857142686843872
result: False
power_upto_now: 0.06167401000857353
228th run
noise dimension : 27
noise variance: 3455.64892578125
original u-statistic:2.4912524223327637
p value proxy: 0.16943521797657013
result: False
power_upto_now: 0.061403509229421616
229th run
noise dimension : 27
noise variance: 3445.284423828125
original u-statistic:-0.10065364837646484
p value proxy: 0.47840529680252075
result: False
power_upto_now: 0.061135370284318924
230th run
noise dimension : 27
noise variance: 3450.76220703125
original u-statistic:-2.7152493000030518
p value proxy: 0.8970099687576294
result: False
power_upto_now: 0.06086956337094307
231th run
noise dimension : 27
noise variance: 3453.98779296875
original u-statistic:4.886917591094971
p value proxy: 0.05315614491701126
result: False
power_upto_now: 0.06060606241226196
232th run
noise dimension : 27
noise variance: 3446.766357421875
original u-statistic:0.8696727752685547
p value proxy: 0.3521594703197479
result: False
power_upto_now: 0.06034482643008232
233th run
noise dimension : 27
noise variance: 3452.668701171875
original u-statistic:4.825346946716309
p value proxy: 0.03654484823346138
result: True
power_upto_now: 0.06437768042087555
234th run
noise dimension : 27
noise variance: 3441.83837890625
original u-statistic:4.271939754486084
p value proxy: 0.03654484823346138
result: True
power_upto_now: 0.0683760717511177
235th run
noise dimension : 27
noise variance: 3455.014892578125
original u-statistic:0.047655701637268066
p value proxy: 0.4684385359287262
result: False
power_upto_now: 0.06808510422706604
236th run
noise dimension : 27
noise variance: 3462.674560546875
original u-statistic:-2.5039424896240234
p value proxy: 0.8305647373199463
result: False
power_upto_now: 0.06779661029577255
237th run
noise dimension : 27
noise variance: 3452.148681640625
original u-statistic:-1.0278115272521973
p value proxy: 0.6611295342445374
result: False
power_upto_now: 0.06751054525375366
238th run
noise dimension : 27
noise variance: 3438.52294921875
original u-statistic:3.84861421585083
p value proxy: 0.07308969646692276
result: False
power_upto_now: 0.06722689419984818
239th run
noise dimension : 27
noise variance: 3449.544189453125
original u-statistic:2.047417163848877
p value proxy: 0.20930232107639313
result: False
power_upto_now: 0.06694560497999191
240th run
noise dimension : 27
noise variance: 3468.603271484375
original u-statistic:4.480668067932129
p value proxy: 0.033222589641809464
result: True
power_upto_now: 0.07083333283662796
241th run
noise dimension : 27
noise variance: 3466.405029296875
original u-statistic:-1.282259464263916
p value proxy: 0.6777408719062805
result: False
power_upto_now: 0.07053942233324051
242th run
noise dimension : 27
noise variance: 3460.5087890625
original u-statistic:2.7907094955444336
p value proxy: 0.10963454842567444
result: False
power_upto_now: 0.07024793326854706
243th run
noise dimension : 27
noise variance: 3459.499755859375
original u-statistic:-3.8174729347229004
p value proxy: 0.9401993155479431
result: False
power_upto_now: 0.06995885074138641
244th run
noise dimension : 27
noise variance: 3461.8369140625
original u-statistic:-1.7293410301208496
p value proxy: 0.7475082874298096
result: False
power_upto_now: 0.069672130048275
245th run
noise dimension : 27
noise variance: 3455.307861328125
original u-statistic:-2.2891921997070312
p value proxy: 0.8571428656578064
result: False
power_upto_now: 0.0693877562880516
246th run
noise dimension : 27
noise variance: 3455.480712890625
original u-statistic:-1.8050599098205566
p value proxy: 0.7873753905296326
result: False
power_upto_now: 0.06910569220781326
247th run
noise dimension : 27
noise variance: 3450.974609375
original u-statistic:-3.1917481422424316
p value proxy: 0.9468438029289246
result: False
power_upto_now: 0.06882590800523758
248th run
noise dimension : 27
noise variance: 3456.049072265625
original u-statistic:-1.4464707374572754
p value proxy: 0.7076411843299866
result: False
power_upto_now: 0.06854838877916336
249th run
noise dimension : 27
noise variance: 3449.778564453125
original u-statistic:-2.85093355178833
p value proxy: 0.8903654217720032
result: False
power_upto_now: 0.06827308982610703
250th run
noise dimension : 27
noise variance: 3466.349853515625
original u-statistic:-1.4522900581359863
p value proxy: 0.684385359287262
result: False
power_upto_now: 0.06800000369548798
251th run
noise dimension : 27
noise variance: 3457.25927734375
original u-statistic:4.269719123840332
p value proxy: 0.06644517928361893
result: False
power_upto_now: 0.06772908568382263
252th run
noise dimension : 27
noise variance: 3456.1962890625
original u-statistic:-0.057224273681640625
p value proxy: 0.4850498139858246
result: False
power_upto_now: 0.0674603208899498
253th run
noise dimension : 27
noise variance: 3452.64501953125
original u-statistic:1.4484586715698242
p value proxy: 0.2691029906272888
result: False
power_upto_now: 0.06719367951154709
254th run
noise dimension : 27
noise variance: 3458.625244140625
original u-statistic:-3.5713109970092773
p value proxy: 0.9235880374908447
result: False
power_upto_now: 0.06692913174629211
255th run
noise dimension : 27
noise variance: 3457.939453125
original u-statistic:-1.1975321769714355
p value proxy: 0.7043189406394958
result: False
power_upto_now: 0.06666667014360428
256th run
noise dimension : 27
noise variance: 3469.556640625
original u-statistic:0.12029290199279785
p value proxy: 0.4285714328289032
result: False
power_upto_now: 0.06640625
257th run
noise dimension : 27
noise variance: 3467.72998046875
original u-statistic:-0.3550534248352051
p value proxy: 0.5215946435928345
result: False
power_upto_now: 0.06614785641431808
258th run
noise dimension : 27
noise variance: 3450.72314453125
original u-statistic:-3.2388691902160645
p value proxy: 0.9102990031242371
result: False
power_upto_now: 0.06589147448539734
259th run
noise dimension : 27
noise variance: 3457.739501953125
original u-statistic:0.7980759143829346
p value proxy: 0.3853820562362671
result: False
power_upto_now: 0.06563706696033478
260th run
noise dimension : 27
noise variance: 3454.496826171875
original u-statistic:-0.8907365798950195
p value proxy: 0.5813953280448914
result: False
power_upto_now: 0.06538461893796921
261th run
noise dimension : 27
noise variance: 3456.94775390625
original u-statistic:-2.4253549575805664
p value proxy: 0.8405315279960632
result: False
power_upto_now: 0.06513410061597824
262th run
noise dimension : 27
noise variance: 3455.15380859375
original u-statistic:2.2120442390441895
p value proxy: 0.18936876952648163
result: False
power_upto_now: 0.06488549709320068
263th run
noise dimension : 27
noise variance: 3464.615478515625
original u-statistic:-3.9151787757873535
p value proxy: 0.9468438029289246
result: False
power_upto_now: 0.06463878601789474
264th run
noise dimension : 27
noise variance: 3457.625244140625
original u-statistic:-1.4627165794372559
p value proxy: 0.6943521499633789
result: False
power_upto_now: 0.06439393758773804
265th run
noise dimension : 27
noise variance: 3459.541015625
original u-statistic:-2.673546075820923
p value proxy: 0.8637873530387878
result: False
power_upto_now: 0.06415094435214996
266th run
noise dimension : 27
noise variance: 3455.302978515625
original u-statistic:2.8941831588745117
p value proxy: 0.11295680701732635
result: False
power_upto_now: 0.06390977650880814
267th run
noise dimension : 27
noise variance: 3448.36865234375
original u-statistic:-1.4420051574707031
p value proxy: 0.6910299062728882
result: False
power_upto_now: 0.06367041170597076
268th run
noise dimension : 27
noise variance: 3456.67138671875
original u-statistic:-1.2876253128051758
p value proxy: 0.6478404998779297
result: False
power_upto_now: 0.06343283504247665
269th run
noise dimension : 27
noise variance: 3446.1767578125
original u-statistic:-0.3186764717102051
p value proxy: 0.514950156211853
result: False
power_upto_now: 0.06319702416658401
270th run
noise dimension : 27
noise variance: 3456.9560546875
original u-statistic:-3.151744842529297
p value proxy: 0.9003322124481201
result: False
power_upto_now: 0.06296296417713165
271th run
noise dimension : 27
noise variance: 3455.199951171875
original u-statistic:-1.7749195098876953
p value proxy: 0.7873753905296326
result: False
power_upto_now: 0.06273062527179718
272th run
noise dimension : 27
noise variance: 3459.97509765625
original u-statistic:0.6552410125732422
p value proxy: 0.33887043595314026
result: False
power_upto_now: 0.0625
273th run
noise dimension : 27
noise variance: 3462.502685546875
original u-statistic:-0.40815114974975586
p value proxy: 0.5182723999023438
result: False
power_upto_now: 0.06227106228470802
274th run
noise dimension : 27
noise variance: 3457.4462890625
original u-statistic:0.7694101333618164
p value proxy: 0.3222591280937195
result: False
power_upto_now: 0.062043797224760056
275th run
noise dimension : 27
noise variance: 3449.203125
original u-statistic:0.13056325912475586
p value proxy: 0.4019933342933655
result: False
power_upto_now: 0.06181818246841431
276th run
noise dimension : 27
noise variance: 3456.628662109375
original u-statistic:-1.6136401891708374
p value proxy: 0.7209302186965942
result: False
power_upto_now: 0.06159420311450958
277th run
noise dimension : 27
noise variance: 3452.276611328125
original u-statistic:3.0119431018829346
p value proxy: 0.1029900312423706
result: False
power_upto_now: 0.06137184053659439
278th run
noise dimension : 27
noise variance: 3453.72265625
original u-statistic:-0.2896372079849243
p value proxy: 0.5215946435928345
result: False
power_upto_now: 0.06115107983350754
279th run
noise dimension : 27
noise variance: 3455.110107421875
original u-statistic:-1.6824512481689453
p value proxy: 0.6910299062728882
result: False
power_upto_now: 0.06093189865350723
280th run
noise dimension : 27
noise variance: 3453.8759765625
original u-statistic:-0.13083970546722412
p value proxy: 0.41528236865997314
result: False
power_upto_now: 0.06071428582072258
281th run
noise dimension : 27
noise variance: 3457.472900390625
original u-statistic:0.0827796459197998
p value proxy: 0.44186046719551086
result: False
power_upto_now: 0.06049821898341179
282th run
noise dimension : 27
noise variance: 3443.88134765625
original u-statistic:0.3934832811355591
p value proxy: 0.4019933342933655
result: False
power_upto_now: 0.060283686965703964
283th run
noise dimension : 27
noise variance: 3461.20947265625
original u-statistic:-4.258178234100342
p value proxy: 0.9767441749572754
result: False
power_upto_now: 0.060070671141147614
284th run
noise dimension : 27
noise variance: 3457.68310546875
original u-statistic:6.304410457611084
p value proxy: 0.02657807245850563
result: True
power_upto_now: 0.06338027864694595
285th run
noise dimension : 27
noise variance: 3449.70654296875
original u-statistic:2.218522071838379
p value proxy: 0.19269102811813354
result: False
power_upto_now: 0.06315789371728897
286th run
noise dimension : 27
noise variance: 3455.318115234375
original u-statistic:1.735292911529541
p value proxy: 0.21594683825969696
result: False
power_upto_now: 0.06293706595897675
287th run
noise dimension : 27
noise variance: 3464.09423828125
original u-statistic:-3.743340492248535
p value proxy: 0.9368770718574524
result: False
power_upto_now: 0.06271777302026749
288th run
noise dimension : 27
noise variance: 3454.5986328125
original u-statistic:0.3407917022705078
p value proxy: 0.4053156077861786
result: False
power_upto_now: 0.0625
289th run
noise dimension : 27
noise variance: 3446.481201171875
original u-statistic:1.9221220016479492
p value proxy: 0.2059800624847412
result: False
power_upto_now: 0.06228373572230339
290th run
noise dimension : 27
noise variance: 3453.55615234375
original u-statistic:0.28368568420410156
p value proxy: 0.43853819370269775
result: False
power_upto_now: 0.062068965286016464
291th run
noise dimension : 27
noise variance: 3458.876953125
original u-statistic:0.6314907073974609
p value proxy: 0.3089700937271118
result: False
power_upto_now: 0.06185567006468773
292th run
noise dimension : 27
noise variance: 3443.167236328125
original u-statistic:-0.8820862770080566
p value proxy: 0.5581395030021667
result: False
power_upto_now: 0.06164383515715599
293th run
noise dimension : 27
noise variance: 3463.77490234375
original u-statistic:-3.9144997596740723
p value proxy: 0.9368770718574524
result: False
power_upto_now: 0.061433445662260056
294th run
noise dimension : 27
noise variance: 3450.95654296875
original u-statistic:-1.7241747379302979
p value proxy: 0.7508305311203003
result: False
power_upto_now: 0.06122449040412903
295th run
noise dimension : 27
noise variance: 3468.12158203125
original u-statistic:-0.3717465400695801
p value proxy: 0.594684362411499
result: False
power_upto_now: 0.06101695075631142
296th run
noise dimension : 27
noise variance: 3447.62890625
original u-statistic:0.04270029067993164
p value proxy: 0.4485049843788147
result: False
power_upto_now: 0.06081081181764603
297th run
noise dimension : 27
noise variance: 3456.98095703125
original u-statistic:0.7025938034057617
p value proxy: 0.3920265734195709
result: False
power_upto_now: 0.06060606241226196
298th run
noise dimension : 27
noise variance: 3449.0693359375
original u-statistic:1.4964666366577148
p value proxy: 0.2591361999511719
result: False
power_upto_now: 0.06040268391370773
299th run
noise dimension : 27
noise variance: 3455.345703125
original u-statistic:-0.6621291041374207
p value proxy: 0.5980066061019897
result: False
power_upto_now: 0.06020066887140274
300th run
noise dimension : 27
noise variance: 3446.470947265625
original u-statistic:3.6801321506500244
p value proxy: 0.04318936914205551
result: True
power_upto_now: 0.06333333253860474
301th run
noise dimension : 27
noise variance: 3447.941162109375
original u-statistic:1.4203518629074097
p value proxy: 0.25581395626068115
result: False
power_upto_now: 0.06312292069196701
302th run
noise dimension : 27
noise variance: 3451.542724609375
original u-statistic:4.782342433929443
p value proxy: 0.04651162773370743
result: True
power_upto_now: 0.06622516363859177
303th run
noise dimension : 27
noise variance: 3441.98681640625
original u-statistic:3.8347764015197754
p value proxy: 0.07973422110080719
result: False
power_upto_now: 0.066006600856781
304th run
noise dimension : 27
noise variance: 3465.814453125
original u-statistic:-1.271261215209961
p value proxy: 0.6710963249206543
result: False
power_upto_now: 0.06578947603702545
305th run
noise dimension : 27
noise variance: 3468.931396484375
original u-statistic:0.3005518913269043
p value proxy: 0.45514950156211853
result: False
power_upto_now: 0.06557376682758331
306th run
noise dimension : 27
noise variance: 3462.646728515625
original u-statistic:-2.0875158309936523
p value proxy: 0.7707641124725342
result: False
power_upto_now: 0.06535948067903519
307th run
noise dimension : 27
noise variance: 3462.63037109375
original u-statistic:-1.3075065612792969
p value proxy: 0.7275747060775757
result: False
power_upto_now: 0.06514658033847809
308th run
noise dimension : 27
noise variance: 3447.476318359375
original u-statistic:-3.4489223957061768
p value proxy: 0.9368770718574524
result: False
power_upto_now: 0.06493506580591202
309th run
noise dimension : 27
noise variance: 3456.48828125
original u-statistic:2.0089213848114014
p value proxy: 0.2026578038930893
result: False
power_upto_now: 0.06472492218017578
310th run
noise dimension : 27
noise variance: 3460.9697265625
original u-statistic:0.18250077962875366
p value proxy: 0.4451827108860016
result: False
power_upto_now: 0.06451612710952759
311th run
noise dimension : 27
noise variance: 3458.212890625
original u-statistic:3.1803836822509766
p value proxy: 0.10631228983402252
result: False
power_upto_now: 0.06430868059396744
312th run
noise dimension : 27
noise variance: 3467.166015625
original u-statistic:2.735473871231079
p value proxy: 0.13289035856723785
result: False
power_upto_now: 0.06410256773233414
313th run
noise dimension : 27
noise variance: 3459.718017578125
original u-statistic:4.921727180480957
p value proxy: 0.023255813866853714
result: True
power_upto_now: 0.0670926496386528
314th run
noise dimension : 27
noise variance: 3459.843994140625
original u-statistic:0.17603731155395508
p value proxy: 0.4252491593360901
result: False
power_upto_now: 0.06687898188829422
315th run
noise dimension : 27
noise variance: 3466.788330078125
original u-statistic:2.320446491241455
p value proxy: 0.1827242523431778
result: False
power_upto_now: 0.06666667014360428
316th run
noise dimension : 27
noise variance: 3452.236083984375
original u-statistic:0.31339383125305176
p value proxy: 0.4086378514766693
result: False
power_upto_now: 0.06645569950342178
317th run
noise dimension : 27
noise variance: 3457.889404296875
original u-statistic:1.477306604385376
p value proxy: 0.2691029906272888
result: False
power_upto_now: 0.06624605506658554
318th run
noise dimension : 27
noise variance: 3441.4794921875
original u-statistic:3.0987038612365723
p value proxy: 0.12624584138393402
result: False
power_upto_now: 0.06603773683309555
319th run
noise dimension : 27
noise variance: 3448.201171875
original u-statistic:0.8458137512207031
p value proxy: 0.3255814015865326
result: False
power_upto_now: 0.06583072245121002
320th run
noise dimension : 27
noise variance: 3453.150146484375
original u-statistic:-1.832962989807129
p value proxy: 0.7342192530632019
result: False
power_upto_now: 0.06562499701976776
321th run
noise dimension : 27
noise variance: 3448.527099609375
original u-statistic:1.399242877960205
p value proxy: 0.2591361999511719
result: False
power_upto_now: 0.06542056053876877
322th run
noise dimension : 27
noise variance: 3454.043701171875
original u-statistic:0.988736629486084
p value proxy: 0.3521594703197479
result: False
power_upto_now: 0.06521739065647125
323th run
noise dimension : 27
noise variance: 3461.048583984375
original u-statistic:-2.804856777191162
p value proxy: 0.8637873530387878
result: False
power_upto_now: 0.06501547992229462
324th run
noise dimension : 27
noise variance: 3455.35498046875
original u-statistic:1.007430076599121
p value proxy: 0.342192679643631
result: False
power_upto_now: 0.06481481343507767
325th run
noise dimension : 27
noise variance: 3466.540771484375
original u-statistic:1.216547966003418
p value proxy: 0.2857142686843872
result: False
power_upto_now: 0.06461538374423981
326th run
noise dimension : 27
noise variance: 3453.201171875
original u-statistic:4.828512191772461
p value proxy: 0.02657807245850563
result: True
power_upto_now: 0.06748466193675995
327th run
noise dimension : 27
noise variance: 3460.707275390625
original u-statistic:-1.1003652811050415
p value proxy: 0.6312292218208313
result: False
power_upto_now: 0.06727828830480576
328th run
noise dimension : 27
noise variance: 3461.489013671875
original u-statistic:-1.441774606704712
p value proxy: 0.6877076029777527
result: False
power_upto_now: 0.06707317382097244
329th run
noise dimension : 27
noise variance: 3466.463134765625
original u-statistic:-0.3064136505126953
p value proxy: 0.4916943311691284
result: False
power_upto_now: 0.06686930358409882
330th run
noise dimension : 27
noise variance: 3456.1923828125
original u-statistic:7.309095859527588
p value proxy: 0.013289036229252815
result: True
power_upto_now: 0.06969697028398514
331th run
noise dimension : 27
noise variance: 3454.86572265625
original u-statistic:0.9244401454925537
p value proxy: 0.3222591280937195
result: False
power_upto_now: 0.06948640197515488
332th run
noise dimension : 27
noise variance: 3439.347900390625
original u-statistic:3.9300899505615234
p value proxy: 0.039867110550403595
result: True
power_upto_now: 0.07228915393352509
333th run
noise dimension : 27
noise variance: 3455.60595703125
original u-statistic:-0.9949092864990234
p value proxy: 0.6279069781303406
result: False
power_upto_now: 0.07207207381725311
334th run
noise dimension : 27
noise variance: 3456.107177734375
original u-statistic:3.9783077239990234
p value proxy: 0.06976743787527084
result: False
power_upto_now: 0.071856290102005
335th run
noise dimension : 27
noise variance: 3450.23974609375
original u-statistic:0.6809096336364746
p value proxy: 0.3455149531364441
result: False
power_upto_now: 0.07164178788661957
336th run
noise dimension : 27
noise variance: 3469.991455078125
original u-statistic:-0.9834647178649902
p value proxy: 0.6013289093971252
result: False
power_upto_now: 0.0714285746216774
337th run
noise dimension : 27
noise variance: 3456.302978515625
original u-statistic:-2.1208348274230957
p value proxy: 0.7840531468391418
result: False
power_upto_now: 0.07121662050485611
338th run
noise dimension : 27
noise variance: 3453.3310546875
original u-statistic:1.3004112243652344
p value proxy: 0.2790697515010834
result: False
power_upto_now: 0.0710059180855751
339th run
noise dimension : 27
noise variance: 3455.8603515625
original u-statistic:-0.33928418159484863
p value proxy: 0.5282391905784607
result: False
power_upto_now: 0.07079645991325378
340th run
noise dimension : 27
noise variance: 3450.919189453125
original u-statistic:5.987940788269043
p value proxy: 0.019933555275201797
result: True
power_upto_now: 0.07352941483259201
341th run
noise dimension : 27
noise variance: 3464.3310546875
original u-statistic:-3.033761978149414
p value proxy: 0.8970099687576294
result: False
power_upto_now: 0.07331378012895584
342th run
noise dimension : 27
noise variance: 3465.10791015625
original u-statistic:2.7022602558135986
p value proxy: 0.11295680701732635
result: False
power_upto_now: 0.07309941202402115
343th run
noise dimension : 27
noise variance: 3461.72119140625
original u-statistic:2.824878454208374
p value proxy: 0.1428571343421936
result: False
power_upto_now: 0.07288629561662674
344th run
noise dimension : 27
noise variance: 3453.369140625
original u-statistic:-0.7338438034057617
p value proxy: 0.5913621187210083
result: False
power_upto_now: 0.07267441600561142
345th run
noise dimension : 27
noise variance: 3453.7255859375
original u-statistic:1.9093222618103027
p value proxy: 0.2225913554430008
result: False
power_upto_now: 0.07246376574039459
346th run
noise dimension : 27
noise variance: 3462.113037109375
original u-statistic:2.2216296195983887
p value proxy: 0.2026578038930893
result: False
power_upto_now: 0.07225433737039566
347th run
noise dimension : 27
noise variance: 3454.56591796875
original u-statistic:-1.4838263988494873
p value proxy: 0.6976743936538696
result: False
power_upto_now: 0.07204610854387283
348th run
noise dimension : 27
noise variance: 3467.885986328125
original u-statistic:1.2287635803222656
p value proxy: 0.27574750781059265
result: False
power_upto_now: 0.07183907926082611
349th run
noise dimension : 27
noise variance: 3451.1357421875
original u-statistic:3.39732027053833
p value proxy: 0.10963454842567444
result: False
power_upto_now: 0.0716332346200943
350th run
noise dimension : 27
noise variance: 3453.31591796875
original u-statistic:2.3279242515563965
p value proxy: 0.17275747656822205
result: False
power_upto_now: 0.0714285746216774
351th run
noise dimension : 27
noise variance: 3448.23876953125
original u-statistic:-0.9115753173828125
p value proxy: 0.6578072905540466
result: False
power_upto_now: 0.07122506946325302
352th run
noise dimension : 27
noise variance: 3459.475341796875
original u-statistic:0.1805553436279297
p value proxy: 0.46179401874542236
result: False
power_upto_now: 0.07102272659540176
353th run
noise dimension : 27
noise variance: 3458.311279296875
original u-statistic:3.221304178237915
p value proxy: 0.11960132420063019
result: False
power_upto_now: 0.07082153111696243
354th run
noise dimension : 27
noise variance: 3457.074951171875
original u-statistic:0.46581196784973145
p value proxy: 0.39534881711006165
result: False
power_upto_now: 0.07062146812677383
355th run
noise dimension : 27
noise variance: 3464.013916015625
original u-statistic:-3.1278538703918457
p value proxy: 0.8936876654624939
result: False
power_upto_now: 0.07042253762483597
356th run
noise dimension : 27
noise variance: 3446.67041015625
original u-statistic:0.2470712661743164
p value proxy: 0.43521595001220703
result: False
power_upto_now: 0.07022471725940704
357th run
noise dimension : 27
noise variance: 3473.762451171875
original u-statistic:1.2485485076904297
p value proxy: 0.2591361999511719
result: False
power_upto_now: 0.07002801448106766
358th run
noise dimension : 27
noise variance: 3446.184326171875
original u-statistic:3.6164348125457764
p value proxy: 0.08637873828411102
result: False
power_upto_now: 0.06983239948749542
359th run
noise dimension : 27
noise variance: 3457.18896484375
original u-statistic:0.8538846969604492
p value proxy: 0.3056478202342987
result: False
power_upto_now: 0.06963787972927094
360th run
noise dimension : 27
noise variance: 3460.643798828125
original u-statistic:1.7388755083084106
p value proxy: 0.3089700937271118
result: False
power_upto_now: 0.0694444477558136
361th run
noise dimension : 27
noise variance: 3453.105224609375
original u-statistic:1.3566869497299194
p value proxy: 0.2657807171344757
result: False
power_upto_now: 0.06925208121538162
362th run
noise dimension : 27
noise variance: 3442.55615234375
original u-statistic:-2.577693462371826
p value proxy: 0.8538205623626709
result: False
power_upto_now: 0.06906077265739441
363th run
noise dimension : 27
noise variance: 3444.909912109375
original u-statistic:-3.485426902770996
p value proxy: 0.9102990031242371
result: False
power_upto_now: 0.06887052208185196
364th run
noise dimension : 27
noise variance: 3451.4599609375
original u-statistic:3.443481922149658
p value proxy: 0.08970099687576294
result: False
power_upto_now: 0.06868132203817368
365th run
noise dimension : 27
noise variance: 3457.9716796875
original u-statistic:-1.1522328853607178
p value proxy: 0.6677740812301636
result: False
power_upto_now: 0.06849315017461777
366th run
noise dimension : 27
noise variance: 3455.9970703125
original u-statistic:4.0901288986206055
p value proxy: 0.09634551405906677
result: False
power_upto_now: 0.06830601394176483
367th run
noise dimension : 27
noise variance: 3458.480712890625
original u-statistic:5.175802230834961
p value proxy: 0.02657807245850563
result: True
power_upto_now: 0.07084468752145767
368th run
noise dimension : 27
noise variance: 3458.073486328125
original u-statistic:3.36344051361084
p value proxy: 0.08970099687576294
result: False
power_upto_now: 0.07065217196941376
369th run
noise dimension : 27
noise variance: 3439.855712890625
original u-statistic:-4.401325702667236
p value proxy: 0.9667773842811584
result: False
power_upto_now: 0.07046070694923401
370th run
noise dimension : 27
noise variance: 3454.19287109375
original u-statistic:-0.0841679573059082
p value proxy: 0.45514950156211853
result: False
power_upto_now: 0.07027027010917664
371th run
noise dimension : 27
noise variance: 3455.303466796875
original u-statistic:3.9908831119537354
p value proxy: 0.07973422110080719
result: False
power_upto_now: 0.07008086144924164
372th run
noise dimension : 27
noise variance: 3454.5400390625
original u-statistic:4.577086925506592
p value proxy: 0.05647840350866318
result: False
power_upto_now: 0.06989247351884842
373th run
noise dimension : 27
noise variance: 3442.73193359375
original u-statistic:1.3695740699768066
p value proxy: 0.27574750781059265
result: False
power_upto_now: 0.06970509141683578
374th run
noise dimension : 27
noise variance: 3454.470703125
original u-statistic:1.3583651781082153
p value proxy: 0.2790697515010834
result: False
power_upto_now: 0.06951871514320374
375th run
noise dimension : 27
noise variance: 3451.744140625
original u-statistic:-3.162886619567871
p value proxy: 0.8970099687576294
result: False
power_upto_now: 0.06933332979679108
376th run
noise dimension : 27
noise variance: 3466.619384765625
original u-statistic:0.008776307106018066
p value proxy: 0.4318936765193939
result: False
power_upto_now: 0.06914893537759781
377th run
noise dimension : 27
noise variance: 3452.54248046875
original u-statistic:1.6058460474014282
p value proxy: 0.2259136140346527
result: False
power_upto_now: 0.06896551698446274
378th run
noise dimension : 27
noise variance: 3449.78466796875
original u-statistic:-2.3372435569763184
p value proxy: 0.8272424936294556
result: False
power_upto_now: 0.06878306716680527
379th run
noise dimension : 27
noise variance: 3459.416015625
original u-statistic:3.0512502193450928
p value proxy: 0.11627906560897827
result: False
power_upto_now: 0.0686015859246254
380th run
noise dimension : 27
noise variance: 3452.570556640625
original u-statistic:-1.4008677005767822
p value proxy: 0.7408637404441833
result: False
power_upto_now: 0.06842105090618134
381th run
noise dimension : 27
noise variance: 3451.00537109375
original u-statistic:-0.0028314590454101562
p value proxy: 0.5049833655357361
result: False
power_upto_now: 0.06824146956205368
382th run
noise dimension : 27
noise variance: 3449.253173828125
original u-statistic:-1.539458990097046
p value proxy: 0.7043189406394958
result: False
power_upto_now: 0.06806282699108124
383th run
noise dimension : 27
noise variance: 3462.47998046875
original u-statistic:0.1532878875732422
p value proxy: 0.45847174525260925
result: False
power_upto_now: 0.06788511574268341
384th run
noise dimension : 27
noise variance: 3447.776611328125
original u-statistic:2.8393054008483887
p value proxy: 0.12624584138393402
result: False
power_upto_now: 0.0677083358168602
385th run
noise dimension : 27
noise variance: 3461.417236328125
original u-statistic:1.2673616409301758
p value proxy: 0.3056478202342987
result: False
power_upto_now: 0.06753246486186981
386th run
noise dimension : 27
noise variance: 3445.40625
original u-statistic:-0.5665285587310791
p value proxy: 0.49501660466194153
result: False
power_upto_now: 0.06735751032829285
387th run
noise dimension : 27
noise variance: 3466.37255859375
original u-statistic:1.8702129125595093
p value proxy: 0.2225913554430008
result: False
power_upto_now: 0.0671834647655487
388th run
noise dimension : 27
noise variance: 3453.613525390625
original u-statistic:-2.8087246417999268
p value proxy: 0.8637873530387878
result: False
power_upto_now: 0.0670103058218956
389th run
noise dimension : 27
noise variance: 3461.541748046875
original u-statistic:4.36505651473999
p value proxy: 0.04318936914205551
result: True
power_upto_now: 0.06940873712301254
390th run
noise dimension : 27
noise variance: 3452.142822265625
original u-statistic:1.8151164054870605
p value proxy: 0.2026578038930893
result: False
power_upto_now: 0.06923077255487442
391th run
noise dimension : 27
noise variance: 3460.800048828125
original u-statistic:4.779646396636963
p value proxy: 0.039867110550403595
result: True
power_upto_now: 0.07161125540733337
392th run
noise dimension : 27
noise variance: 3455.130615234375
original u-statistic:-4.165680885314941
p value proxy: 0.9767441749572754
result: False
power_upto_now: 0.0714285746216774
393th run
noise dimension : 27
noise variance: 3456.8740234375
original u-statistic:-0.7734414339065552
p value proxy: 0.5581395030021667
result: False
power_upto_now: 0.07124681770801544
394th run
noise dimension : 27
noise variance: 3463.561767578125
original u-statistic:2.4141926765441895
p value proxy: 0.1627907007932663
result: False
power_upto_now: 0.0710659921169281
395th run
noise dimension : 27
noise variance: 3450.746826171875
original u-statistic:2.6258301734924316
p value proxy: 0.1428571343421936
result: False
power_upto_now: 0.07088607549667358
396th run
noise dimension : 27
noise variance: 3465.314453125
original u-statistic:-1.394174575805664
p value proxy: 0.674418568611145
result: False
power_upto_now: 0.07070706784725189
397th run
noise dimension : 27
noise variance: 3453.22802734375
original u-statistic:-2.461404800415039
p value proxy: 0.8837209343910217
result: False
power_upto_now: 0.07052896916866302
398th run
noise dimension : 27
noise variance: 3454.197998046875
original u-statistic:-4.336294174194336
p value proxy: 0.9767441749572754
result: False
power_upto_now: 0.07035175710916519
399th run
noise dimension : 27
noise variance: 3462.761474609375
original u-statistic:2.107358455657959
p value proxy: 0.2259136140346527
result: False
power_upto_now: 0.07017543911933899
400th run
noise dimension : 27
noise variance: 3448.98193359375
original u-statistic:-0.7804310321807861
p value proxy: 0.5880398750305176
result: False
power_upto_now: 0.07000000029802322
401th run
noise dimension : 27
noise variance: 3453.58349609375
original u-statistic:-0.6348665952682495
p value proxy: 0.564784049987793
result: False
power_upto_now: 0.0698254331946373
402th run
noise dimension : 27
noise variance: 3462.3330078125
original u-statistic:-0.1610269546508789
p value proxy: 0.48172757029533386
result: False
power_upto_now: 0.06965173780918121
403th run
noise dimension : 27
noise variance: 3464.39111328125
original u-statistic:-1.465219497680664
p value proxy: 0.7308970093727112
result: False
power_upto_now: 0.06947890669107437
404th run
noise dimension : 27
noise variance: 3437.44677734375
original u-statistic:1.481715440750122
p value proxy: 0.27574750781059265
result: False
power_upto_now: 0.06930693238973618
405th run
noise dimension : 27
noise variance: 3451.09912109375
original u-statistic:0.6007521152496338
p value proxy: 0.37541526556015015
result: False
power_upto_now: 0.06913580000400543
406th run
noise dimension : 27
noise variance: 3451.9814453125
original u-statistic:-2.193861484527588
p value proxy: 0.8073089718818665
result: False
power_upto_now: 0.06896551698446274
407th run
noise dimension : 27
noise variance: 3451.070068359375
original u-statistic:3.241602897644043
p value proxy: 0.09302325546741486
result: False
power_upto_now: 0.0687960684299469
408th run
noise dimension : 27
noise variance: 3453.806884765625
original u-statistic:-0.6206262111663818
p value proxy: 0.6279069781303406
result: False
power_upto_now: 0.06862745434045792
409th run
noise dimension : 27
noise variance: 3448.822265625
original u-statistic:2.3801093101501465
p value proxy: 0.14950165152549744
result: False
power_upto_now: 0.0684596598148346
410th run
noise dimension : 27
noise variance: 3454.4306640625
original u-statistic:2.6988935470581055
p value proxy: 0.13621261715888977
result: False
power_upto_now: 0.06829268485307693
411th run
noise dimension : 27
noise variance: 3455.260986328125
original u-statistic:-1.057734489440918
p value proxy: 0.6212624311447144
result: False
power_upto_now: 0.06812652200460434
412th run
noise dimension : 27
noise variance: 3462.19873046875
original u-statistic:-2.559638023376465
p value proxy: 0.8770763874053955
result: False
power_upto_now: 0.06796116381883621
413th run
noise dimension : 27
noise variance: 3456.0029296875
original u-statistic:1.4154064655303955
p value proxy: 0.25581395626068115
result: False
power_upto_now: 0.06779661029577255
414th run
noise dimension : 27
noise variance: 3457.835205078125
original u-statistic:6.032200336456299
p value proxy: 0.019933555275201797
result: True
power_upto_now: 0.07004830986261368
415th run
noise dimension : 27
noise variance: 3458.81298828125
original u-statistic:1.602669596672058
p value proxy: 0.2691029906272888
result: False
power_upto_now: 0.06987951695919037
416th run
noise dimension : 27
noise variance: 3451.299072265625
original u-statistic:-2.36584210395813
p value proxy: 0.8372092843055725
result: False
power_upto_now: 0.06971153616905212
417th run
noise dimension : 27
noise variance: 3469.102783203125
original u-statistic:-1.886125087738037
p value proxy: 0.7441860437393188
result: False
power_upto_now: 0.06954436749219894
418th run
noise dimension : 27
noise variance: 3455.713134765625
original u-statistic:0.5648088455200195
p value proxy: 0.3720930218696594
result: False
power_upto_now: 0.06937798857688904
419th run
noise dimension : 27
noise variance: 3451.4287109375
original u-statistic:-0.5376973152160645
p value proxy: 0.554817259311676
result: False
power_upto_now: 0.069212406873703
420th run
noise dimension : 27
noise variance: 3449.18798828125
original u-statistic:0.8280220031738281
p value proxy: 0.3687707483768463
result: False
power_upto_now: 0.06904762238264084
421th run
noise dimension : 27
noise variance: 3442.023681640625
original u-statistic:-2.185746192932129
p value proxy: 0.8471760749816895
result: False
power_upto_now: 0.06888361275196075
422th run
noise dimension : 27
noise variance: 3460.03955078125
original u-statistic:1.7296433448791504
p value proxy: 0.23920264840126038
result: False
power_upto_now: 0.06872037798166275
423th run
noise dimension : 27
noise variance: 3455.55810546875
original u-statistic:-1.7296631336212158
p value proxy: 0.7740863561630249
result: False
power_upto_now: 0.06855791807174683
424th run
noise dimension : 27
noise variance: 3455.26513671875
original u-statistic:-0.772771954536438
p value proxy: 0.5913621187210083
result: False
power_upto_now: 0.06839622557163239
425th run
noise dimension : 27
noise variance: 3463.705322265625
original u-statistic:-3.9964513778686523
p value proxy: 0.9634551405906677
result: False
power_upto_now: 0.06823529303073883
426th run
noise dimension : 27
noise variance: 3463.34423828125
original u-statistic:-0.6384358406066895
p value proxy: 0.5913621187210083
result: False
power_upto_now: 0.06807512044906616
427th run
noise dimension : 27
noise variance: 3451.079833984375
original u-statistic:-0.9327540397644043
p value proxy: 0.6212624311447144
result: False
power_upto_now: 0.06791569292545319
428th run
noise dimension : 27
noise variance: 3451.815673828125
original u-statistic:-3.8993115425109863
p value proxy: 0.9568105936050415
result: False
power_upto_now: 0.0677570104598999
429th run
noise dimension : 27
noise variance: 3453.01904296875
original u-statistic:0.1671391725540161
p value proxy: 0.4684385359287262
result: False
power_upto_now: 0.06759906560182571
430th run
noise dimension : 27
noise variance: 3449.6005859375
original u-statistic:-1.7145147323608398
p value proxy: 0.6943521499633789
result: False
power_upto_now: 0.06744185835123062
431th run
noise dimension : 27
noise variance: 3458.914794921875
original u-statistic:0.01696610450744629
p value proxy: 0.47840529680252075
result: False
power_upto_now: 0.06728538125753403
432th run
noise dimension : 27
noise variance: 3464.594482421875
original u-statistic:2.145874261856079
p value proxy: 0.2259136140346527
result: False
power_upto_now: 0.06712962687015533
433th run
noise dimension : 27
noise variance: 3456.562744140625
original u-statistic:1.8517084121704102
p value proxy: 0.19601328670978546
result: False
power_upto_now: 0.06697459518909454
434th run
noise dimension : 27
noise variance: 3467.427490234375
original u-statistic:2.588331699371338
p value proxy: 0.13289035856723785
result: False
power_upto_now: 0.06682027876377106
435th run
noise dimension : 27
noise variance: 3463.978515625
original u-statistic:5.282291412353516
p value proxy: 0.03654484823346138
result: True
power_upto_now: 0.06896551698446274
436th run
noise dimension : 27
noise variance: 3456.319580078125
original u-statistic:2.6109251976013184
p value proxy: 0.1229235827922821
result: False
power_upto_now: 0.06880734115839005
437th run
noise dimension : 27
noise variance: 3464.36279296875
original u-statistic:3.6482131481170654
p value proxy: 0.07308969646692276
result: False
power_upto_now: 0.06864988803863525
438th run
noise dimension : 27
noise variance: 3450.4130859375
original u-statistic:6.908405780792236
p value proxy: 0.013289036229252815
result: True
power_upto_now: 0.07077625393867493
439th run
noise dimension : 27
noise variance: 3455.39208984375
original u-statistic:-2.525190591812134
p value proxy: 0.8205980062484741
result: False
power_upto_now: 0.07061503082513809
440th run
noise dimension : 27
noise variance: 3445.946533203125
original u-statistic:5.521450996398926
p value proxy: 0.02657807245850563
result: True
power_upto_now: 0.072727270424366
441th run
noise dimension : 27
noise variance: 3460.127197265625
original u-statistic:-1.6991724967956543
p value proxy: 0.7308970093727112
result: False
power_upto_now: 0.07256235927343369
442th run
noise dimension : 27
noise variance: 3455.951171875
original u-statistic:0.7334389686584473
p value proxy: 0.37873753905296326
result: False
power_upto_now: 0.07239819318056107
443th run
noise dimension : 27
noise variance: 3450.341552734375
original u-statistic:-1.3019909858703613
p value proxy: 0.7209302186965942
result: False
power_upto_now: 0.07223476469516754
444th run
noise dimension : 27
noise variance: 3463.9619140625
original u-statistic:-0.5483722686767578
p value proxy: 0.5581395030021667
result: False
power_upto_now: 0.07207207381725311
445th run
noise dimension : 27
noise variance: 3460.09326171875
original u-statistic:0.26483869552612305
p value proxy: 0.39867109060287476
result: False
power_upto_now: 0.07191011309623718
446th run
noise dimension : 27
noise variance: 3462.28759765625
original u-statistic:-0.2596341371536255
p value proxy: 0.48172757029533386
result: False
power_upto_now: 0.07174888253211975
447th run
noise dimension : 27
noise variance: 3452.43701171875
original u-statistic:3.111485481262207
p value proxy: 0.13621261715888977
result: False
power_upto_now: 0.07158836722373962
448th run
noise dimension : 27
noise variance: 3457.4130859375
original u-statistic:-1.6332437992095947
p value proxy: 0.7043189406394958
result: False
power_upto_now: 0.0714285746216774
449th run
noise dimension : 27
noise variance: 3457.9501953125
original u-statistic:0.4111785888671875
p value proxy: 0.4086378514766693
result: False
power_upto_now: 0.07126948982477188
450th run
noise dimension : 27
noise variance: 3460.15283203125
original u-statistic:1.9916198253631592
p value proxy: 0.1661129593849182
result: False
power_upto_now: 0.07111111283302307
451th run
noise dimension : 27
noise variance: 3456.703369140625
original u-statistic:0.15651774406433105
p value proxy: 0.43853819370269775
result: False
power_upto_now: 0.07095343619585037
452th run
noise dimension : 27
noise variance: 3450.540283203125
original u-statistic:-1.3360142707824707
p value proxy: 0.634551465511322
result: False
power_upto_now: 0.07079645991325378
453th run
noise dimension : 27
noise variance: 3454.2197265625
original u-statistic:2.8858132362365723
p value proxy: 0.13621261715888977
result: False
power_upto_now: 0.07064017653465271
454th run
noise dimension : 27
noise variance: 3466.273681640625
original u-statistic:-3.636577606201172
p value proxy: 0.9435215592384338
result: False
power_upto_now: 0.07048457860946655
455th run
noise dimension : 27
noise variance: 3459.189697265625
original u-statistic:6.461864471435547
p value proxy: 0.013289036229252815
result: True
power_upto_now: 0.07252747565507889
456th run
noise dimension : 27
noise variance: 3458.317138671875
original u-statistic:-1.080277919769287
p value proxy: 0.674418568611145
result: False
power_upto_now: 0.07236842066049576
457th run
noise dimension : 27
noise variance: 3462.787841796875
original u-statistic:-0.02343463897705078
p value proxy: 0.47508305311203003
result: False
power_upto_now: 0.07221006602048874
458th run
noise dimension : 27
noise variance: 3463.290283203125
original u-statistic:-4.3377203941345215
p value proxy: 0.9767441749572754
result: False
power_upto_now: 0.07205240428447723
459th run
noise dimension : 27
noise variance: 3469.38134765625
original u-statistic:-0.36584925651550293
p value proxy: 0.5215946435928345
result: False
power_upto_now: 0.07189542800188065
460th run
noise dimension : 27
noise variance: 3429.79443359375
original u-statistic:-1.728917121887207
p value proxy: 0.764119565486908
result: False
power_upto_now: 0.07173912972211838
461th run
noise dimension : 27
noise variance: 3458.91552734375
original u-statistic:2.5227036476135254
p value proxy: 0.17940199375152588
result: False
power_upto_now: 0.07158351689577103
462th run
noise dimension : 27
noise variance: 3454.140625
original u-statistic:3.4273431301116943
p value proxy: 0.06312292069196701
result: False
power_upto_now: 0.0714285746216774
463th run
noise dimension : 27
noise variance: 3443.428466796875
original u-statistic:-1.0668840408325195
p value proxy: 0.634551465511322
result: False
power_upto_now: 0.0712742954492569
464th run
noise dimension : 27
noise variance: 3450.61328125
original u-statistic:-0.5181703567504883
p value proxy: 0.5448504686355591
result: False
power_upto_now: 0.07112068682909012
465th run
noise dimension : 27
noise variance: 3450.361083984375
original u-statistic:-1.1715893745422363
p value proxy: 0.684385359287262
result: False
power_upto_now: 0.07096774131059647
466th run
noise dimension : 27
noise variance: 3441.893798828125
original u-statistic:0.8765772581100464
p value proxy: 0.29235878586769104
result: False
power_upto_now: 0.07081545144319534
467th run
noise dimension : 27
noise variance: 3447.01025390625
original u-statistic:1.266639232635498
p value proxy: 0.29568105936050415
result: False
power_upto_now: 0.07066380977630615
468th run
noise dimension : 27
noise variance: 3447.0087890625
original u-statistic:-2.0930042266845703
p value proxy: 0.7873753905296326
result: False
power_upto_now: 0.07051282376050949
469th run
noise dimension : 27
noise variance: 3453.739013671875
original u-statistic:-3.084261894226074
p value proxy: 0.8671095967292786
result: False
power_upto_now: 0.07036247104406357
470th run
noise dimension : 27
noise variance: 3447.848388671875
original u-statistic:-2.0890145301818848
p value proxy: 0.8205980062484741
result: False
power_upto_now: 0.07021276652812958
471th run
noise dimension : 27
noise variance: 3453.021728515625
original u-statistic:0.7102841138839722
p value proxy: 0.3521594703197479
result: False
power_upto_now: 0.07006369531154633
472th run
noise dimension : 27
noise variance: 3452.7626953125
original u-statistic:-2.7221901416778564
p value proxy: 0.8538205623626709
result: False
power_upto_now: 0.06991525739431381
473th run
noise dimension : 27
noise variance: 3444.40673828125
original u-statistic:0.8238034248352051
p value proxy: 0.3089700937271118
result: False
power_upto_now: 0.06976744532585144
474th run
noise dimension : 27
noise variance: 3460.47607421875
original u-statistic:-1.074549674987793
p value proxy: 0.6312292218208313
result: False
power_upto_now: 0.06962025165557861
475th run
noise dimension : 27
noise variance: 3450.2578125
original u-statistic:-2.2553844451904297
p value proxy: 0.8305647373199463
result: False
power_upto_now: 0.06947368383407593
476th run
noise dimension : 27
noise variance: 3461.1162109375
original u-statistic:-1.2108569145202637
p value proxy: 0.6943521499633789
result: False
power_upto_now: 0.06932773441076279
477th run
noise dimension : 27
noise variance: 3460.75439453125
original u-statistic:3.757319688796997
p value proxy: 0.10963454842567444
result: False
power_upto_now: 0.069182388484478
478th run
noise dimension : 27
noise variance: 3450.7431640625
original u-statistic:-1.2597384452819824
p value proxy: 0.714285671710968
result: False
power_upto_now: 0.06903765350580215
479th run
noise dimension : 27
noise variance: 3458.89306640625
original u-statistic:-0.9298701286315918
p value proxy: 0.634551465511322
result: False
power_upto_now: 0.06889352947473526
480th run
noise dimension : 27
noise variance: 3463.292724609375
original u-statistic:0.7717113494873047
p value proxy: 0.35548171401023865
result: False
power_upto_now: 0.06875000149011612
481th run
noise dimension : 27
noise variance: 3451.273681640625
original u-statistic:-1.872903823852539
p value proxy: 0.803986668586731
result: False
power_upto_now: 0.06860706955194473
482th run
noise dimension : 27
noise variance: 3453.584716796875
original u-statistic:-0.7503690719604492
p value proxy: 0.5813953280448914
result: False
power_upto_now: 0.0684647336602211
483th run
noise dimension : 27
noise variance: 3445.8046875
original u-statistic:0.7616207599639893
p value proxy: 0.3455149531364441
result: False
power_upto_now: 0.06832297891378403
484th run
noise dimension : 27
noise variance: 3446.345947265625
original u-statistic:3.6472229957580566
p value proxy: 0.06976743787527084
result: False
power_upto_now: 0.06818182021379471
485th run
noise dimension : 27
noise variance: 3467.08642578125
original u-statistic:7.36475944519043
p value proxy: 0.009966777637600899
result: True
power_upto_now: 0.07010309398174286
486th run
noise dimension : 27
noise variance: 3458.091796875
original u-statistic:-2.0844993591308594
p value proxy: 0.8006644248962402
result: False
power_upto_now: 0.06995885074138641
487th run
noise dimension : 27
noise variance: 3450.712158203125
original u-statistic:2.304541826248169
p value proxy: 0.1627907007932663
result: False
power_upto_now: 0.06981519609689713
488th run
noise dimension : 27
noise variance: 3459.940185546875
original u-statistic:0.031588077545166016
p value proxy: 0.4651162624359131
result: False
power_upto_now: 0.069672130048275
489th run
noise dimension : 27
noise variance: 3459.2373046875
original u-statistic:1.364849328994751
p value proxy: 0.2657807171344757
result: False
power_upto_now: 0.06952965259552002
490th run
noise dimension : 27
noise variance: 3466.392578125
original u-statistic:0.05521833896636963
p value proxy: 0.4451827108860016
result: False
power_upto_now: 0.0693877562880516
491th run
noise dimension : 27
noise variance: 3457.674072265625
original u-statistic:0.5087289810180664
p value proxy: 0.41860464215278625
result: False
power_upto_now: 0.06924643367528915
492th run
noise dimension : 27
noise variance: 3459.790283203125
original u-statistic:2.2181265354156494
p value proxy: 0.17607973515987396
result: False
power_upto_now: 0.06910569220781326
493th run
noise dimension : 27
noise variance: 3464.1142578125
original u-statistic:3.016052484512329
p value proxy: 0.12956809997558594
result: False
power_upto_now: 0.06896551698446274
494th run
noise dimension : 27
noise variance: 3456.6962890625
original u-statistic:2.2051377296447754
p value proxy: 0.19933554530143738
result: False
power_upto_now: 0.06882590800523758
495th run
noise dimension : 27
noise variance: 3461.52001953125
original u-statistic:-2.163398504257202
p value proxy: 0.7375414967536926
result: False
power_upto_now: 0.06868686527013779
496th run
noise dimension : 27
noise variance: 3445.0341796875
original u-statistic:-1.9489526748657227
p value proxy: 0.7774085998535156
result: False
power_upto_now: 0.06854838877916336
497th run
noise dimension : 27
noise variance: 3449.648193359375
original u-statistic:-0.6734762191772461
p value proxy: 0.604651153087616
result: False
power_upto_now: 0.0684104636311531
498th run
noise dimension : 27
noise variance: 3459.27392578125
original u-statistic:2.523540496826172
p value proxy: 0.17607973515987396
result: False
power_upto_now: 0.06827308982610703
499th run
noise dimension : 27
noise variance: 3450.0751953125
original u-statistic:2.380983352661133
p value proxy: 0.17940199375152588
result: False
power_upto_now: 0.06813627481460571
500th run
noise dimension : 27
noise variance: 3450.89990234375
original u-statistic:1.753467082977295
p value proxy: 0.23588038980960846
result: False
power_upto_now: 0.06800000369548798
power estimate : 0.06800000369548798
elapsed time: 6737.031266927719
