job started
cuda available: True
code run on device:: cuda:0

n1 = 20000, n2 = 20000,

kappa = 3, alpha = 0.7,

gamma = 0.05, nTests = 500,

B = 300

1th run
noise dimension : 27
noise variance: 441.2554016113281
original u-statistic:0.9069693088531494
p value proxy: 0.013289036229252815
result: True
power_upto_now: 1.0
2th run
noise dimension : 27
noise variance: 439.49188232421875
original u-statistic:0.9229450225830078
p value proxy: 0.009966777637600899
result: True
power_upto_now: 1.0
3th run
noise dimension : 27
noise variance: 441.60272216796875
original u-statistic:1.0780048370361328
p value proxy: 0.006644518114626408
result: True
power_upto_now: 1.0
4th run
noise dimension : 27
noise variance: 440.32073974609375
original u-statistic:1.281179428100586
p value proxy: 0.003322259057313204
result: True
power_upto_now: 1.0
5th run
noise dimension : 27
noise variance: 440.5482482910156
original u-statistic:0.3555417060852051
p value proxy: 0.13621261715888977
result: False
power_upto_now: 0.800000011920929
6th run
noise dimension : 27
noise variance: 441.82647705078125
original u-statistic:0.4593803882598877
p value proxy: 0.10631228983402252
result: False
power_upto_now: 0.6666666865348816
7th run
noise dimension : 27
noise variance: 440.7956848144531
original u-statistic:0.6656806468963623
p value proxy: 0.03654484823346138
result: True
power_upto_now: 0.7142857313156128
8th run
noise dimension : 27
noise variance: 441.1563415527344
original u-statistic:0.2465221881866455
p value proxy: 0.2458471655845642
result: False
power_upto_now: 0.625
9th run
noise dimension : 27
noise variance: 439.8845520019531
original u-statistic:0.45639467239379883
p value proxy: 0.10631228983402252
result: False
power_upto_now: 0.5555555820465088
10th run
noise dimension : 27
noise variance: 440.22332763671875
original u-statistic:0.7485413551330566
p value proxy: 0.029900331050157547
result: True
power_upto_now: 0.6000000238418579
11th run
noise dimension : 27
noise variance: 441.4270324707031
original u-statistic:-0.03144645690917969
p value proxy: 0.5448504686355591
result: False
power_upto_now: 0.5454545617103577
12th run
noise dimension : 27
noise variance: 440.66192626953125
original u-statistic:0.47496461868286133
p value proxy: 0.08970099687576294
result: False
power_upto_now: 0.5
13th run
noise dimension : 27
noise variance: 439.8227233886719
original u-statistic:-0.13290953636169434
p value proxy: 0.6212624311447144
result: False
power_upto_now: 0.4615384638309479
14th run
noise dimension : 27
noise variance: 439.84405517578125
original u-statistic:0.17740678787231445
p value proxy: 0.262458473443985
result: False
power_upto_now: 0.4285714328289032
15th run
noise dimension : 27
noise variance: 441.3256530761719
original u-statistic:0.8114330768585205
p value proxy: 0.016611294820904732
result: True
power_upto_now: 0.46666666865348816
16th run
noise dimension : 27
noise variance: 441.3153991699219
original u-statistic:1.1772637367248535
p value proxy: 0.003322259057313204
result: True
power_upto_now: 0.5
17th run
noise dimension : 27
noise variance: 441.3974609375
original u-statistic:1.1794605255126953
p value proxy: 0.003322259057313204
result: True
power_upto_now: 0.529411792755127
18th run
noise dimension : 27
noise variance: 441.1114501953125
original u-statistic:0.5521249771118164
p value proxy: 0.059800662100315094
result: False
power_upto_now: 0.5
19th run
noise dimension : 27
noise variance: 441.9007263183594
original u-statistic:0.4647045135498047
p value proxy: 0.059800662100315094
result: False
power_upto_now: 0.4736842215061188
20th run
noise dimension : 27
noise variance: 442.0777587890625
original u-statistic:0.8273544311523438
p value proxy: 0.019933555275201797
result: True
power_upto_now: 0.5
21th run
noise dimension : 27
noise variance: 440.55609130859375
original u-statistic:0.6486060619354248
p value proxy: 0.039867110550403595
result: True
power_upto_now: 0.523809552192688
22th run
noise dimension : 27
noise variance: 441.4117126464844
original u-statistic:0.12844181060791016
p value proxy: 0.27574750781059265
result: False
power_upto_now: 0.5
23th run
noise dimension : 27
noise variance: 441.13916015625
original u-statistic:0.890779972076416
p value proxy: 0.009966777637600899
result: True
power_upto_now: 0.52173912525177
24th run
noise dimension : 27
noise variance: 440.4801025390625
original u-statistic:0.3282785415649414
p value proxy: 0.1428571343421936
result: False
power_upto_now: 0.5
25th run
noise dimension : 27
noise variance: 440.01220703125
original u-statistic:0.44098806381225586
p value proxy: 0.09634551405906677
result: False
power_upto_now: 0.47999998927116394
26th run
noise dimension : 27
noise variance: 441.3199462890625
original u-statistic:0.6688423156738281
p value proxy: 0.04318936914205551
result: True
power_upto_now: 0.5
27th run
noise dimension : 27
noise variance: 440.3438720703125
original u-statistic:0.8199508190155029
p value proxy: 0.019933555275201797
result: True
power_upto_now: 0.5185185074806213
28th run
noise dimension : 27
noise variance: 440.77484130859375
original u-statistic:-0.16065025329589844
p value proxy: 0.6810631155967712
result: False
power_upto_now: 0.5
29th run
noise dimension : 27
noise variance: 441.8220520019531
original u-statistic:0.7246260643005371
p value proxy: 0.019933555275201797
result: True
power_upto_now: 0.517241358757019
30th run
noise dimension : 27
noise variance: 441.8470153808594
original u-statistic:0.7095108032226562
p value proxy: 0.033222589641809464
result: True
power_upto_now: 0.5333333611488342
31th run
noise dimension : 27
noise variance: 441.6550598144531
original u-statistic:0.9523324966430664
p value proxy: 0.006644518114626408
result: True
power_upto_now: 0.5483871102333069
32th run
noise dimension : 27
noise variance: 441.8632507324219
original u-statistic:0.8500497341156006
p value proxy: 0.019933555275201797
result: True
power_upto_now: 0.5625
33th run
noise dimension : 27
noise variance: 441.0024108886719
original u-statistic:1.0725021362304688
p value proxy: 0.006644518114626408
result: True
power_upto_now: 0.5757575631141663
34th run
noise dimension : 27
noise variance: 441.65032958984375
original u-statistic:0.37189817428588867
p value proxy: 0.17275747656822205
result: False
power_upto_now: 0.5588235259056091
35th run
noise dimension : 27
noise variance: 441.1085205078125
original u-statistic:1.236795425415039
p value proxy: 0.006644518114626408
result: True
power_upto_now: 0.5714285969734192
36th run
noise dimension : 27
noise variance: 441.0021057128906
original u-statistic:1.4501712322235107
p value proxy: 0.003322259057313204
result: True
power_upto_now: 0.5833333134651184
37th run
noise dimension : 27
noise variance: 441.6086120605469
original u-statistic:-0.3208026885986328
p value proxy: 0.8671095967292786
result: False
power_upto_now: 0.5675675868988037
38th run
noise dimension : 27
noise variance: 441.4704895019531
original u-statistic:0.40627598762512207
p value proxy: 0.10631228983402252
result: False
power_upto_now: 0.5526315569877625
39th run
noise dimension : 27
noise variance: 440.7762451171875
original u-statistic:0.29418373107910156
p value proxy: 0.17940199375152588
result: False
power_upto_now: 0.5384615659713745
40th run
noise dimension : 27
noise variance: 441.07354736328125
original u-statistic:0.17100954055786133
p value proxy: 0.29235878586769104
result: False
power_upto_now: 0.5249999761581421
41th run
noise dimension : 27
noise variance: 441.7373962402344
original u-statistic:1.0146374702453613
p value proxy: 0.009966777637600899
result: True
power_upto_now: 0.5365853905677795
42th run
noise dimension : 27
noise variance: 440.53076171875
original u-statistic:0.9009354114532471
p value proxy: 0.016611294820904732
result: True
power_upto_now: 0.5476190447807312
43th run
noise dimension : 27
noise variance: 441.9411926269531
original u-statistic:1.2992339134216309
p value proxy: 0.003322259057313204
result: True
power_upto_now: 0.5581395626068115
44th run
noise dimension : 27
noise variance: 441.8348083496094
original u-statistic:0.5983631610870361
p value proxy: 0.039867110550403595
result: True
power_upto_now: 0.5681818127632141
45th run
noise dimension : 27
noise variance: 441.8704528808594
original u-statistic:0.9929461479187012
p value proxy: 0.006644518114626408
result: True
power_upto_now: 0.5777778029441833
46th run
noise dimension : 27
noise variance: 438.96820068359375
original u-statistic:0.32663750648498535
p value proxy: 0.14617939293384552
result: False
power_upto_now: 0.5652173757553101
47th run
noise dimension : 27
noise variance: 442.28717041015625
original u-statistic:0.5961625576019287
p value proxy: 0.04318936914205551
result: True
power_upto_now: 0.5744680762290955
48th run
noise dimension : 27
noise variance: 441.79010009765625
original u-statistic:0.04069399833679199
p value proxy: 0.4518272280693054
result: False
power_upto_now: 0.5625
49th run
noise dimension : 27
noise variance: 439.884521484375
original u-statistic:0.4244828224182129
p value proxy: 0.09634551405906677
result: False
power_upto_now: 0.5510203838348389
50th run
noise dimension : 27
noise variance: 439.5626220703125
original u-statistic:1.3393476009368896
p value proxy: 0.003322259057313204
result: True
power_upto_now: 0.5600000023841858
51th run
noise dimension : 27
noise variance: 440.8038024902344
original u-statistic:0.03322005271911621
p value proxy: 0.39867109060287476
result: False
power_upto_now: 0.5490196347236633
52th run
noise dimension : 27
noise variance: 441.7012634277344
original u-statistic:0.34096598625183105
p value proxy: 0.13289035856723785
result: False
power_upto_now: 0.5384615659713745
53th run
noise dimension : 27
noise variance: 440.32073974609375
original u-statistic:0.14930224418640137
p value proxy: 0.2990033030509949
result: False
power_upto_now: 0.5283018946647644
54th run
noise dimension : 27
noise variance: 440.7669982910156
original u-statistic:0.13883280754089355
p value proxy: 0.3521594703197479
result: False
power_upto_now: 0.5185185074806213
55th run
noise dimension : 27
noise variance: 439.4404296875
original u-statistic:0.23351335525512695
p value proxy: 0.21926909685134888
result: False
power_upto_now: 0.5090909004211426
56th run
noise dimension : 27
noise variance: 440.87005615234375
original u-statistic:-0.18863821029663086
p value proxy: 0.7109634280204773
result: False
power_upto_now: 0.5
57th run
noise dimension : 27
noise variance: 440.54046630859375
original u-statistic:-0.16268491744995117
p value proxy: 0.6943521499633789
result: False
power_upto_now: 0.4912280738353729
58th run
noise dimension : 27
noise variance: 439.7195129394531
original u-statistic:1.0978264808654785
p value proxy: 0.006644518114626408
result: True
power_upto_now: 0.5
59th run
noise dimension : 27
noise variance: 442.1067199707031
original u-statistic:0.4081406593322754
p value proxy: 0.14617939293384552
result: False
power_upto_now: 0.49152541160583496
60th run
noise dimension : 27
noise variance: 440.1085510253906
original u-statistic:0.6764059066772461
p value proxy: 0.04318936914205551
result: True
power_upto_now: 0.5
61th run
noise dimension : 27
noise variance: 440.7486877441406
original u-statistic:1.6718170642852783
p value proxy: 0.003322259057313204
result: True
power_upto_now: 0.5081967115402222
62th run
noise dimension : 27
noise variance: 439.9404296875
original u-statistic:1.207528829574585
p value proxy: 0.006644518114626408
result: True
power_upto_now: 0.5161290168762207
63th run
noise dimension : 27
noise variance: 441.4295654296875
original u-statistic:0.3291015625
p value proxy: 0.15614616870880127
result: False
power_upto_now: 0.5079365372657776
64th run
noise dimension : 27
noise variance: 440.9432678222656
original u-statistic:1.070948839187622
p value proxy: 0.006644518114626408
result: True
power_upto_now: 0.515625
65th run
noise dimension : 27
noise variance: 441.08575439453125
original u-statistic:0.5443220138549805
p value proxy: 0.07973422110080719
result: False
power_upto_now: 0.5076923370361328
66th run
noise dimension : 27
noise variance: 441.75640869140625
original u-statistic:0.46215152740478516
p value proxy: 0.05647840350866318
result: False
power_upto_now: 0.5
67th run
noise dimension : 27
noise variance: 440.3359069824219
original u-statistic:0.35419654846191406
p value proxy: 0.1627907007932663
result: False
power_upto_now: 0.49253731966018677
68th run
noise dimension : 27
noise variance: 440.9608459472656
original u-statistic:0.4046347141265869
p value proxy: 0.10963454842567444
result: False
power_upto_now: 0.4852941036224365
69th run
noise dimension : 27
noise variance: 441.73870849609375
original u-statistic:1.1777684688568115
p value proxy: 0.006644518114626408
result: True
power_upto_now: 0.49275362491607666
70th run
noise dimension : 27
noise variance: 439.1906433105469
original u-statistic:-0.01863384246826172
p value proxy: 0.47840529680252075
result: False
power_upto_now: 0.48571428656578064
71th run
noise dimension : 27
noise variance: 440.7042236328125
original u-statistic:0.15538644790649414
p value proxy: 0.29235878586769104
result: False
power_upto_now: 0.47887325286865234
72th run
noise dimension : 27
noise variance: 440.7641906738281
original u-statistic:1.0551021099090576
p value proxy: 0.006644518114626408
result: True
power_upto_now: 0.4861111044883728
73th run
noise dimension : 27
noise variance: 439.8780517578125
original u-statistic:0.8620262145996094
p value proxy: 0.013289036229252815
result: True
power_upto_now: 0.4931506812572479
74th run
noise dimension : 27
noise variance: 440.28875732421875
original u-statistic:0.6964046955108643
p value proxy: 0.013289036229252815
result: True
power_upto_now: 0.5
75th run
noise dimension : 27
noise variance: 440.9024658203125
original u-statistic:-0.06994199752807617
p value proxy: 0.5215946435928345
result: False
power_upto_now: 0.4933333396911621
76th run
noise dimension : 27
noise variance: 440.1369323730469
original u-statistic:0.19650745391845703
p value proxy: 0.262458473443985
result: False
power_upto_now: 0.4868420958518982
77th run
noise dimension : 27
noise variance: 439.3888854980469
original u-statistic:-0.02316761016845703
p value proxy: 0.49833884835243225
result: False
power_upto_now: 0.48051947355270386
78th run
noise dimension : 27
noise variance: 441.5521240234375
original u-statistic:0.8340508937835693
p value proxy: 0.013289036229252815
result: True
power_upto_now: 0.4871794879436493
79th run
noise dimension : 27
noise variance: 441.44451904296875
original u-statistic:-0.420046329498291
p value proxy: 0.9534883499145508
result: False
power_upto_now: 0.4810126721858978
80th run
noise dimension : 27
noise variance: 441.6931457519531
original u-statistic:0.3153226375579834
p value proxy: 0.17940199375152588
result: False
power_upto_now: 0.4749999940395355
81th run
noise dimension : 27
noise variance: 441.0657043457031
original u-statistic:0.17133808135986328
p value proxy: 0.2790697515010834
result: False
power_upto_now: 0.4691357910633087
82th run
noise dimension : 27
noise variance: 441.7729797363281
original u-statistic:-0.0921013355255127
p value proxy: 0.5980066061019897
result: False
power_upto_now: 0.46341463923454285
83th run
noise dimension : 27
noise variance: 441.4777526855469
original u-statistic:1.259253978729248
p value proxy: 0.003322259057313204
result: True
power_upto_now: 0.46987950801849365
84th run
noise dimension : 27
noise variance: 441.3434753417969
original u-statistic:0.7165510654449463
p value proxy: 0.029900331050157547
result: True
power_upto_now: 0.4761904776096344
85th run
noise dimension : 27
noise variance: 440.38909912109375
original u-statistic:0.016349315643310547
p value proxy: 0.49833884835243225
result: False
power_upto_now: 0.47058823704719543
86th run
noise dimension : 27
noise variance: 441.7110900878906
original u-statistic:0.6787842512130737
p value proxy: 0.019933555275201797
result: True
power_upto_now: 0.4767441749572754
87th run
noise dimension : 27
noise variance: 440.9159240722656
original u-statistic:0.24459409713745117
p value proxy: 0.23588038980960846
result: False
power_upto_now: 0.4712643623352051
88th run
noise dimension : 27
noise variance: 440.3252258300781
original u-statistic:1.0590300559997559
p value proxy: 0.009966777637600899
result: True
power_upto_now: 0.47727271914482117
89th run
noise dimension : 27
noise variance: 440.71917724609375
original u-statistic:1.3122389316558838
p value proxy: 0.006644518114626408
result: True
power_upto_now: 0.483146071434021
90th run
noise dimension : 27
noise variance: 441.9492492675781
original u-statistic:-0.26695895195007324
p value proxy: 0.7840531468391418
result: False
power_upto_now: 0.47777777910232544
91th run
noise dimension : 27
noise variance: 441.7120666503906
original u-statistic:1.1284816265106201
p value proxy: 0.003322259057313204
result: True
power_upto_now: 0.48351648449897766
92th run
noise dimension : 27
noise variance: 438.9691162109375
original u-statistic:0.7123768329620361
p value proxy: 0.029900331050157547
result: True
power_upto_now: 0.489130437374115
93th run
noise dimension : 27
noise variance: 442.4576416015625
original u-statistic:0.2877991199493408
p value proxy: 0.2026578038930893
result: False
power_upto_now: 0.4838709533214569
94th run
noise dimension : 27
noise variance: 439.891845703125
original u-statistic:0.22594356536865234
p value proxy: 0.2657807171344757
result: False
power_upto_now: 0.478723406791687
95th run
noise dimension : 27
noise variance: 441.5501403808594
original u-statistic:0.25270867347717285
p value proxy: 0.18936876952648163
result: False
power_upto_now: 0.4736842215061188
96th run
noise dimension : 27
noise variance: 441.4656982421875
original u-statistic:0.10444402694702148
p value proxy: 0.31893688440322876
result: False
power_upto_now: 0.46875
97th run
noise dimension : 27
noise variance: 441.3739013671875
original u-statistic:0.5302715301513672
p value proxy: 0.07973422110080719
result: False
power_upto_now: 0.4639175236225128
98th run
noise dimension : 27
noise variance: 442.79132080078125
original u-statistic:0.34535980224609375
p value proxy: 0.14617939293384552
result: False
power_upto_now: 0.4591836631298065
99th run
noise dimension : 27
noise variance: 441.01788330078125
original u-statistic:0.4795830249786377
p value proxy: 0.09634551405906677
result: False
power_upto_now: 0.4545454680919647
100th run
noise dimension : 27
noise variance: 441.3210754394531
original u-statistic:0.4180920124053955
p value proxy: 0.1229235827922821
result: False
power_upto_now: 0.44999998807907104
101th run
noise dimension : 27
noise variance: 440.23638916015625
original u-statistic:1.4860610961914062
p value proxy: 0.003322259057313204
result: True
power_upto_now: 0.4554455578327179
102th run
noise dimension : 27
noise variance: 439.9531555175781
original u-statistic:0.2625253200531006
p value proxy: 0.15946844220161438
result: False
power_upto_now: 0.45098039507865906
103th run
noise dimension : 27
noise variance: 441.713134765625
original u-statistic:-0.19508743286132812
p value proxy: 0.7109634280204773
result: False
power_upto_now: 0.446601927280426
104th run
noise dimension : 27
noise variance: 439.6785888671875
original u-statistic:0.22065138816833496
p value proxy: 0.19269102811813354
result: False
power_upto_now: 0.4423076808452606
105th run
noise dimension : 27
noise variance: 441.31964111328125
original u-statistic:-0.043958187103271484
p value proxy: 0.5348837375640869
result: False
power_upto_now: 0.43809524178504944
106th run
noise dimension : 27
noise variance: 442.0390319824219
original u-statistic:0.17181968688964844
p value proxy: 0.27242523431777954
result: False
power_upto_now: 0.43396225571632385
107th run
noise dimension : 27
noise variance: 441.1915283203125
original u-statistic:0.09371709823608398
p value proxy: 0.3488371968269348
result: False
power_upto_now: 0.42990654706954956
108th run
noise dimension : 27
noise variance: 441.9962158203125
original u-statistic:1.3370435237884521
p value proxy: 0.003322259057313204
result: True
power_upto_now: 0.43518519401550293
109th run
noise dimension : 27
noise variance: 439.3641357421875
original u-statistic:0.4714386463165283
p value proxy: 0.07641195505857468
result: False
power_upto_now: 0.43119266629219055
110th run
noise dimension : 27
noise variance: 440.83087158203125
original u-statistic:0.5557594299316406
p value proxy: 0.059800662100315094
result: False
power_upto_now: 0.4272727370262146
111th run
noise dimension : 27
noise variance: 439.9188232421875
original u-statistic:-0.16455721855163574
p value proxy: 0.6677740812301636
result: False
power_upto_now: 0.4234234094619751
112th run
noise dimension : 27
noise variance: 440.0576171875
original u-statistic:0.37119102478027344
p value proxy: 0.12624584138393402
result: False
power_upto_now: 0.4196428656578064
113th run
noise dimension : 27
noise variance: 443.1246337890625
original u-statistic:0.45803284645080566
p value proxy: 0.07973422110080719
result: False
power_upto_now: 0.4159291982650757
114th run
noise dimension : 27
noise variance: 441.92462158203125
original u-statistic:0.31401586532592773
p value proxy: 0.1395348757505417
result: False
power_upto_now: 0.41228070855140686
115th run
noise dimension : 27
noise variance: 440.5726318359375
original u-statistic:0.8589751720428467
p value proxy: 0.019933555275201797
result: True
power_upto_now: 0.417391300201416
116th run
noise dimension : 27
noise variance: 439.907958984375
original u-statistic:0.7615492343902588
p value proxy: 0.023255813866853714
result: True
power_upto_now: 0.42241379618644714
117th run
noise dimension : 27
noise variance: 441.23443603515625
original u-statistic:1.4653143882751465
p value proxy: 0.003322259057313204
result: True
power_upto_now: 0.4273504316806793
118th run
noise dimension : 27
noise variance: 441.13916015625
original u-statistic:0.7663357257843018
p value proxy: 0.013289036229252815
result: True
power_upto_now: 0.43220338225364685
119th run
noise dimension : 27
noise variance: 442.95660400390625
original u-statistic:0.7935471534729004
p value proxy: 0.009966777637600899
result: True
power_upto_now: 0.43697479367256165
120th run
noise dimension : 27
noise variance: 442.1814880371094
original u-statistic:0.36892056465148926
p value proxy: 0.1229235827922821
result: False
power_upto_now: 0.4333333373069763
121th run
noise dimension : 27
noise variance: 440.0450744628906
original u-statistic:0.25699305534362793
p value proxy: 0.19269102811813354
result: False
power_upto_now: 0.42975205183029175
122th run
noise dimension : 27
noise variance: 441.2848205566406
original u-statistic:-0.5801444053649902
p value proxy: 0.9767441749572754
result: False
power_upto_now: 0.4262295067310333
123th run
noise dimension : 27
noise variance: 440.1005554199219
original u-statistic:0.5521900653839111
p value proxy: 0.06312292069196701
result: False
power_upto_now: 0.42276424169540405
124th run
noise dimension : 27
noise variance: 441.1214599609375
original u-statistic:0.2659568786621094
p value proxy: 0.22923587262630463
result: False
power_upto_now: 0.4193548262119293
125th run
noise dimension : 27
noise variance: 442.4964904785156
original u-statistic:-0.13157224655151367
p value proxy: 0.6677740812301636
result: False
power_upto_now: 0.41600000858306885
126th run
noise dimension : 27
noise variance: 440.8140869140625
original u-statistic:0.429384708404541
p value proxy: 0.1029900312423706
result: False
power_upto_now: 0.4126984179019928
127th run
noise dimension : 27
noise variance: 441.03851318359375
original u-statistic:0.2562432289123535
p value proxy: 0.17940199375152588
result: False
power_upto_now: 0.4094488322734833
128th run
noise dimension : 27
noise variance: 438.98370361328125
original u-statistic:0.37891149520874023
p value proxy: 0.14617939293384552
result: False
power_upto_now: 0.40625
129th run
noise dimension : 27
noise variance: 442.6533203125
original u-statistic:0.8866941928863525
p value proxy: 0.013289036229252815
result: True
power_upto_now: 0.41085270047187805
130th run
noise dimension : 27
noise variance: 440.89111328125
original u-statistic:0.16619539260864258
p value proxy: 0.27242523431777954
result: False
power_upto_now: 0.4076923131942749
131th run
noise dimension : 27
noise variance: 442.4215087890625
original u-statistic:-0.42912769317626953
p value proxy: 0.9102990031242371
result: False
power_upto_now: 0.40458014607429504
132th run
noise dimension : 27
noise variance: 439.9400939941406
original u-statistic:0.3590078353881836
p value proxy: 0.12624584138393402
result: False
power_upto_now: 0.4015151560306549
133th run
noise dimension : 27
noise variance: 440.2286376953125
original u-statistic:0.8547935485839844
p value proxy: 0.016611294820904732
result: True
power_upto_now: 0.4060150384902954
134th run
noise dimension : 27
noise variance: 440.7812805175781
original u-statistic:0.030988693237304688
p value proxy: 0.421926885843277
result: False
power_upto_now: 0.4029850661754608
135th run
noise dimension : 27
noise variance: 441.403564453125
original u-statistic:0.020128250122070312
p value proxy: 0.4485049843788147
result: False
power_upto_now: 0.4000000059604645
136th run
noise dimension : 27
noise variance: 441.3025817871094
original u-statistic:0.6026318073272705
p value proxy: 0.05315614491701126
result: False
power_upto_now: 0.3970588147640228
137th run
noise dimension : 27
noise variance: 438.9439697265625
original u-statistic:1.038203239440918
p value proxy: 0.009966777637600899
result: True
power_upto_now: 0.40145984292030334
138th run
noise dimension : 27
noise variance: 440.5439147949219
original u-statistic:0.30410099029541016
p value proxy: 0.09302325546741486
result: False
power_upto_now: 0.39855071902275085
139th run
noise dimension : 27
noise variance: 439.1416320800781
original u-statistic:0.9047517776489258
p value proxy: 0.006644518114626408
result: True
power_upto_now: 0.40287768840789795
140th run
noise dimension : 27
noise variance: 441.6614990234375
original u-statistic:0.27301692962646484
p value proxy: 0.21262457966804504
result: False
power_upto_now: 0.4000000059604645
141th run
noise dimension : 27
noise variance: 439.8094787597656
original u-statistic:1.0887045860290527
p value proxy: 0.009966777637600899
result: True
power_upto_now: 0.40425533056259155
142th run
noise dimension : 27
noise variance: 438.75628662109375
original u-statistic:0.6243975162506104
p value proxy: 0.02657807245850563
result: True
power_upto_now: 0.4084506928920746
143th run
noise dimension : 27
noise variance: 442.08282470703125
original u-statistic:-0.17623567581176758
p value proxy: 0.7009966373443604
result: False
power_upto_now: 0.4055944085121155
144th run
noise dimension : 27
noise variance: 441.4709167480469
original u-statistic:0.019092321395874023
p value proxy: 0.4451827108860016
result: False
power_upto_now: 0.4027777910232544
145th run
noise dimension : 27
noise variance: 440.5762939453125
original u-statistic:2.7871310710906982
p value proxy: 0.003322259057313204
result: True
power_upto_now: 0.40689656138420105
146th run
noise dimension : 27
noise variance: 441.2552185058594
original u-statistic:0.42156028747558594
p value proxy: 0.0830564796924591
result: False
power_upto_now: 0.4041095972061157
147th run
noise dimension : 27
noise variance: 440.7434387207031
original u-statistic:0.6001741886138916
p value proxy: 0.03654484823346138
result: True
power_upto_now: 0.40816327929496765
148th run
noise dimension : 27
noise variance: 440.7839050292969
original u-statistic:0.6498599052429199
p value proxy: 0.033222589641809464
result: True
power_upto_now: 0.4121621549129486
149th run
noise dimension : 27
noise variance: 440.8701171875
original u-statistic:0.44597363471984863
p value proxy: 0.09302325546741486
result: False
power_upto_now: 0.4093959629535675
150th run
noise dimension : 27
noise variance: 441.47027587890625
original u-statistic:0.28979921340942383
p value proxy: 0.21926909685134888
result: False
power_upto_now: 0.40666666626930237
151th run
noise dimension : 27
noise variance: 442.646728515625
original u-statistic:0.8885757923126221
p value proxy: 0.003322259057313204
result: True
power_upto_now: 0.41059601306915283
152th run
noise dimension : 27
noise variance: 441.2746276855469
original u-statistic:0.23836493492126465
p value proxy: 0.2225913554430008
result: False
power_upto_now: 0.40789473056793213
153th run
noise dimension : 27
noise variance: 441.2384338378906
original u-statistic:0.4402010440826416
p value proxy: 0.1029900312423706
result: False
power_upto_now: 0.40522876381874084
154th run
noise dimension : 27
noise variance: 439.3533935546875
original u-statistic:0.44223785400390625
p value proxy: 0.1029900312423706
result: False
power_upto_now: 0.4025973975658417
155th run
noise dimension : 27
noise variance: 440.7911376953125
original u-statistic:0.657602071762085
p value proxy: 0.05315614491701126
result: False
power_upto_now: 0.4000000059604645
156th run
noise dimension : 27
noise variance: 440.3652038574219
original u-statistic:0.15859055519104004
p value proxy: 0.3056478202342987
result: False
power_upto_now: 0.39743590354919434
157th run
noise dimension : 27
noise variance: 443.2147521972656
original u-statistic:0.2291698455810547
p value proxy: 0.20930232107639313
result: False
power_upto_now: 0.3949044644832611
158th run
noise dimension : 27
noise variance: 441.50946044921875
original u-statistic:1.14566969871521
p value proxy: 0.003322259057313204
result: True
power_upto_now: 0.3987341821193695
159th run
noise dimension : 27
noise variance: 441.1632385253906
original u-statistic:0.5570104122161865
p value proxy: 0.07973422110080719
result: False
power_upto_now: 0.3962264060974121
160th run
noise dimension : 27
noise variance: 438.3583679199219
original u-statistic:0.14303827285766602
p value proxy: 0.31893688440322876
result: False
power_upto_now: 0.39375001192092896
161th run
noise dimension : 27
noise variance: 439.4234619140625
original u-statistic:1.246849775314331
p value proxy: 0.003322259057313204
result: True
power_upto_now: 0.39751553535461426
162th run
noise dimension : 27
noise variance: 439.9688720703125
original u-statistic:0.5371685028076172
p value proxy: 0.05647840350866318
result: False
power_upto_now: 0.395061731338501
163th run
noise dimension : 27
noise variance: 440.3741455078125
original u-statistic:0.15607810020446777
p value proxy: 0.3222591280937195
result: False
power_upto_now: 0.39263802766799927
164th run
noise dimension : 27
noise variance: 439.7598571777344
original u-statistic:-0.05902838706970215
p value proxy: 0.514950156211853
result: False
power_upto_now: 0.39024388790130615
165th run
noise dimension : 27
noise variance: 440.7820129394531
original u-statistic:0.2544708251953125
p value proxy: 0.1860465109348297
result: False
power_upto_now: 0.38787877559661865
166th run
noise dimension : 27
noise variance: 440.9707336425781
original u-statistic:0.6648068428039551
p value proxy: 0.05647840350866318
result: False
power_upto_now: 0.3855421543121338
167th run
noise dimension : 27
noise variance: 441.482666015625
original u-statistic:0.5010459423065186
p value proxy: 0.06976743787527084
result: False
power_upto_now: 0.38323354721069336
168th run
noise dimension : 27
noise variance: 441.5907897949219
original u-statistic:0.6819727420806885
p value proxy: 0.033222589641809464
result: True
power_upto_now: 0.386904776096344
169th run
noise dimension : 27
noise variance: 442.6296691894531
original u-statistic:1.101820468902588
p value proxy: 0.006644518114626408
result: True
power_upto_now: 0.39053255319595337
170th run
noise dimension : 27
noise variance: 442.2799987792969
original u-statistic:0.13889479637145996
p value proxy: 0.3521594703197479
result: False
power_upto_now: 0.38823530077934265
171th run
noise dimension : 27
noise variance: 439.6629943847656
original u-statistic:0.7328331470489502
p value proxy: 0.033222589641809464
result: True
power_upto_now: 0.39181286096572876
172th run
noise dimension : 27
noise variance: 440.0207214355469
original u-statistic:-0.08730816841125488
p value proxy: 0.5813953280448914
result: False
power_upto_now: 0.3895348906517029
173th run
noise dimension : 27
noise variance: 441.8772277832031
original u-statistic:0.46050453186035156
p value proxy: 0.10963454842567444
result: False
power_upto_now: 0.38728323578834534
174th run
noise dimension : 27
noise variance: 440.8145446777344
original u-statistic:0.46590161323547363
p value proxy: 0.11627906560897827
result: False
power_upto_now: 0.3850574791431427
175th run
noise dimension : 27
noise variance: 440.4166564941406
original u-statistic:0.4808673858642578
p value proxy: 0.07973422110080719
result: False
power_upto_now: 0.38285714387893677
176th run
noise dimension : 27
noise variance: 441.6923828125
original u-statistic:0.2806670665740967
p value proxy: 0.1661129593849182
result: False
power_upto_now: 0.3806818127632141
177th run
noise dimension : 27
noise variance: 440.90399169921875
original u-statistic:1.5022399425506592
p value proxy: 0.003322259057313204
result: True
power_upto_now: 0.38418078422546387
178th run
noise dimension : 27
noise variance: 440.6351013183594
original u-statistic:1.1127443313598633
p value proxy: 0.006644518114626408
result: True
power_upto_now: 0.38764044642448425
179th run
noise dimension : 27
noise variance: 442.16021728515625
original u-statistic:0.446990966796875
p value proxy: 0.13621261715888977
result: False
power_upto_now: 0.3854748606681824
180th run
noise dimension : 27
noise variance: 441.43927001953125
original u-statistic:-0.1345226764678955
p value proxy: 0.6478404998779297
result: False
power_upto_now: 0.38333332538604736
181th run
noise dimension : 27
noise variance: 442.119873046875
original u-statistic:0.5528829097747803
p value proxy: 0.07973422110080719
result: False
power_upto_now: 0.38121548295021057
182th run
noise dimension : 27
noise variance: 440.5009765625
original u-statistic:1.7331569194793701
p value proxy: 0.003322259057313204
result: True
power_upto_now: 0.38461539149284363
183th run
noise dimension : 27
noise variance: 439.8029479980469
original u-statistic:0.4899098873138428
p value proxy: 0.06312292069196701
result: False
power_upto_now: 0.3825136721134186
184th run
noise dimension : 27
noise variance: 440.05987548828125
original u-statistic:0.11855316162109375
p value proxy: 0.3887042999267578
result: False
power_upto_now: 0.3804347813129425
185th run
noise dimension : 27
noise variance: 440.71258544921875
original u-statistic:1.040024757385254
p value proxy: 0.013289036229252815
result: True
power_upto_now: 0.3837837874889374
186th run
noise dimension : 27
noise variance: 439.8773498535156
original u-statistic:1.1046009063720703
p value proxy: 0.003322259057313204
result: True
power_upto_now: 0.3870967626571655
187th run
noise dimension : 27
noise variance: 440.85467529296875
original u-statistic:0.2538936138153076
p value proxy: 0.22923587262630463
result: False
power_upto_now: 0.3850267231464386
188th run
noise dimension : 27
noise variance: 439.89288330078125
original u-statistic:0.3083181381225586
p value proxy: 0.13621261715888977
result: False
power_upto_now: 0.38297873735427856
189th run
noise dimension : 27
noise variance: 441.06134033203125
original u-statistic:1.6474609375
p value proxy: 0.003322259057313204
result: True
power_upto_now: 0.38624337315559387
190th run
noise dimension : 27
noise variance: 440.1153564453125
original u-statistic:0.2360517978668213
p value proxy: 0.2425249069929123
result: False
power_upto_now: 0.3842105269432068
191th run
noise dimension : 27
noise variance: 440.4382629394531
original u-statistic:-0.27333760261535645
p value proxy: 0.7973421812057495
result: False
power_upto_now: 0.3821989595890045
192th run
noise dimension : 27
noise variance: 440.2531433105469
original u-statistic:1.182192087173462
p value proxy: 0.003322259057313204
result: True
power_upto_now: 0.3854166567325592
193th run
noise dimension : 27
noise variance: 440.8733215332031
original u-statistic:0.14999961853027344
p value proxy: 0.29568105936050415
result: False
power_upto_now: 0.3834196925163269
194th run
noise dimension : 27
noise variance: 441.2589111328125
original u-statistic:0.20189929008483887
p value proxy: 0.2225913554430008
result: False
power_upto_now: 0.3814432919025421
195th run
noise dimension : 27
noise variance: 441.7903747558594
original u-statistic:0.5224566459655762
p value proxy: 0.033222589641809464
result: True
power_upto_now: 0.38461539149284363
196th run
noise dimension : 27
noise variance: 440.9912109375
original u-statistic:0.4729278087615967
p value proxy: 0.08637873828411102
result: False
power_upto_now: 0.38265305757522583
197th run
noise dimension : 27
noise variance: 438.5332946777344
original u-statistic:0.661834716796875
p value proxy: 0.039867110550403595
result: True
power_upto_now: 0.3857868015766144
198th run
noise dimension : 27
noise variance: 440.87469482421875
original u-statistic:0.7120983600616455
p value proxy: 0.02657807245850563
result: True
power_upto_now: 0.3888888955116272
199th run
noise dimension : 27
noise variance: 442.24853515625
original u-statistic:0.17767572402954102
p value proxy: 0.2790697515010834
result: False
power_upto_now: 0.38693466782569885
200th run
noise dimension : 27
noise variance: 441.7602233886719
original u-statistic:-0.2859303951263428
p value proxy: 0.8205980062484741
result: False
power_upto_now: 0.38499999046325684
201th run
noise dimension : 27
noise variance: 441.5612487792969
original u-statistic:0.2769794464111328
p value proxy: 0.16943521797657013
result: False
power_upto_now: 0.38308456540107727
202th run
noise dimension : 27
noise variance: 440.9952087402344
original u-statistic:0.23105239868164062
p value proxy: 0.21594683825969696
result: False
power_upto_now: 0.38118812441825867
203th run
noise dimension : 27
noise variance: 440.62451171875
original u-statistic:0.8086674213409424
p value proxy: 0.009966777637600899
result: True
power_upto_now: 0.3842364549636841
204th run
noise dimension : 27
noise variance: 440.72784423828125
original u-statistic:1.5815205574035645
p value proxy: 0.003322259057313204
result: True
power_upto_now: 0.38725489377975464
205th run
noise dimension : 27
noise variance: 440.2149963378906
original u-statistic:1.2731213569641113
p value proxy: 0.003322259057313204
result: True
power_upto_now: 0.39024388790130615
206th run
noise dimension : 27
noise variance: 439.8580627441406
original u-statistic:0.0796051025390625
p value proxy: 0.382059782743454
result: False
power_upto_now: 0.3883495032787323
207th run
noise dimension : 27
noise variance: 439.649169921875
original u-statistic:0.6961398124694824
p value proxy: 0.023255813866853714
result: True
power_upto_now: 0.3913043439388275
208th run
noise dimension : 27
noise variance: 442.1851501464844
original u-statistic:0.25416040420532227
p value proxy: 0.2026578038930893
result: False
power_upto_now: 0.38942307233810425
209th run
noise dimension : 27
noise variance: 440.8055419921875
original u-statistic:0.5492103099822998
p value proxy: 0.049833886325359344
result: True
power_upto_now: 0.39234450459480286
210th run
noise dimension : 27
noise variance: 440.5189208984375
original u-statistic:0.6452386379241943
p value proxy: 0.039867110550403595
result: True
power_upto_now: 0.39523810148239136
211th run
noise dimension : 27
noise variance: 439.85809326171875
original u-statistic:0.40015363693237305
p value proxy: 0.06976743787527084
result: False
power_upto_now: 0.39336493611335754
212th run
noise dimension : 27
noise variance: 440.2446594238281
original u-statistic:0.62961745262146
p value proxy: 0.049833886325359344
result: True
power_upto_now: 0.3962264060974121
213th run
noise dimension : 27
noise variance: 440.67425537109375
original u-statistic:0.3555941581726074
p value proxy: 0.13289035856723785
result: False
power_upto_now: 0.39436620473861694
214th run
noise dimension : 27
noise variance: 441.07403564453125
original u-statistic:0.8313584327697754
p value proxy: 0.019933555275201797
result: True
power_upto_now: 0.3971962630748749
215th run
noise dimension : 27
noise variance: 441.1606140136719
original u-statistic:0.18552350997924805
p value proxy: 0.262458473443985
result: False
power_upto_now: 0.39534884691238403
216th run
noise dimension : 27
noise variance: 441.4700927734375
original u-statistic:0.48404765129089355
p value proxy: 0.08637873828411102
result: False
power_upto_now: 0.39351850748062134
217th run
noise dimension : 27
noise variance: 440.67938232421875
original u-statistic:0.7729396820068359
p value proxy: 0.023255813866853714
result: True
power_upto_now: 0.3963133692741394
218th run
noise dimension : 27
noise variance: 441.1379699707031
original u-statistic:0.9578952789306641
p value proxy: 0.006644518114626408
result: True
power_upto_now: 0.39908257126808167
219th run
noise dimension : 27
noise variance: 440.7381591796875
original u-statistic:0.7209692001342773
p value proxy: 0.016611294820904732
result: True
power_upto_now: 0.4018264710903168
220th run
noise dimension : 27
noise variance: 441.02508544921875
original u-statistic:0.43949031829833984
p value proxy: 0.09302325546741486
result: False
power_upto_now: 0.4000000059604645
221th run
noise dimension : 27
noise variance: 440.95367431640625
original u-statistic:1.1677663326263428
p value proxy: 0.003322259057313204
result: True
power_upto_now: 0.40271493792533875
222th run
noise dimension : 27
noise variance: 438.2856750488281
original u-statistic:0.02435445785522461
p value proxy: 0.4285714328289032
result: False
power_upto_now: 0.4009009003639221
223th run
noise dimension : 27
noise variance: 439.1632080078125
original u-statistic:0.35827016830444336
p value proxy: 0.11627906560897827
result: False
power_upto_now: 0.3991031348705292
224th run
noise dimension : 27
noise variance: 439.76385498046875
original u-statistic:1.1320979595184326
p value proxy: 0.003322259057313204
result: True
power_upto_now: 0.4017857015132904
225th run
noise dimension : 27
noise variance: 441.1555480957031
original u-statistic:0.9521784782409668
p value proxy: 0.016611294820904732
result: True
power_upto_now: 0.40444445610046387
226th run
noise dimension : 27
noise variance: 439.3858947753906
original u-statistic:0.8954577445983887
p value proxy: 0.013289036229252815
result: True
power_upto_now: 0.40707963705062866
227th run
noise dimension : 27
noise variance: 440.4277038574219
original u-statistic:0.9096248149871826
p value proxy: 0.009966777637600899
result: True
power_upto_now: 0.40969163179397583
228th run
noise dimension : 27
noise variance: 441.56170654296875
original u-statistic:0.9835989475250244
p value proxy: 0.003322259057313204
result: True
power_upto_now: 0.41228070855140686
229th run
noise dimension : 27
noise variance: 439.5455017089844
original u-statistic:0.10924100875854492
p value proxy: 0.31229233741760254
result: False
power_upto_now: 0.4104803502559662
230th run
noise dimension : 27
noise variance: 441.46160888671875
original u-statistic:0.5221836566925049
p value proxy: 0.05315614491701126
result: False
power_upto_now: 0.40869563817977905
231th run
noise dimension : 27
noise variance: 440.06671142578125
original u-statistic:0.9216334819793701
p value proxy: 0.009966777637600899
result: True
power_upto_now: 0.411255419254303
232th run
noise dimension : 27
noise variance: 440.6526794433594
original u-statistic:0.07620120048522949
p value proxy: 0.39534881711006165
result: False
power_upto_now: 0.4094827473163605
233th run
noise dimension : 27
noise variance: 439.0134582519531
original u-statistic:-0.16221952438354492
p value proxy: 0.6611295342445374
result: False
power_upto_now: 0.40772533416748047
234th run
noise dimension : 27
noise variance: 441.21044921875
original u-statistic:0.05610847473144531
p value proxy: 0.43521595001220703
result: False
power_upto_now: 0.4059829115867615
235th run
noise dimension : 27
noise variance: 439.6446533203125
original u-statistic:-0.20334434509277344
p value proxy: 0.7043189406394958
result: False
power_upto_now: 0.40425533056259155
236th run
noise dimension : 27
noise variance: 440.8623962402344
original u-statistic:0.5120141506195068
p value proxy: 0.05647840350866318
result: False
power_upto_now: 0.402542382478714
237th run
noise dimension : 27
noise variance: 440.8808288574219
original u-statistic:0.7661452293395996
p value proxy: 0.019933555275201797
result: True
power_upto_now: 0.40506330132484436
238th run
noise dimension : 27
noise variance: 439.01605224609375
original u-statistic:0.21157169342041016
p value proxy: 0.2225913554430008
result: False
power_upto_now: 0.40336135029792786
239th run
noise dimension : 27
noise variance: 440.1863098144531
original u-statistic:0.3239908218383789
p value proxy: 0.14950165152549744
result: False
power_upto_now: 0.40167364478111267
240th run
noise dimension : 27
noise variance: 439.5448303222656
original u-statistic:0.38131237030029297
p value proxy: 0.11960132420063019
result: False
power_upto_now: 0.4000000059604645
241th run
noise dimension : 27
noise variance: 440.094970703125
original u-statistic:0.6810464859008789
p value proxy: 0.03654484823346138
result: True
power_upto_now: 0.40248963236808777
242th run
noise dimension : 27
noise variance: 440.6597900390625
original u-statistic:0.9152069091796875
p value proxy: 0.019933555275201797
result: True
power_upto_now: 0.40495866537094116
243th run
noise dimension : 27
noise variance: 440.32733154296875
original u-statistic:-0.0864109992980957
p value proxy: 0.5514950156211853
result: False
power_upto_now: 0.403292179107666
244th run
noise dimension : 27
noise variance: 440.495849609375
original u-statistic:0.0785830020904541
p value proxy: 0.3455149531364441
result: False
power_upto_now: 0.40163934230804443
245th run
noise dimension : 27
noise variance: 441.6880187988281
original u-statistic:1.2120282649993896
p value proxy: 0.003322259057313204
result: True
power_upto_now: 0.40408164262771606
246th run
noise dimension : 27
noise variance: 442.2288513183594
original u-statistic:0.4086771011352539
p value proxy: 0.1395348757505417
result: False
power_upto_now: 0.40243902802467346
247th run
noise dimension : 27
noise variance: 439.2152404785156
original u-statistic:-0.04579615592956543
p value proxy: 0.5182723999023438
result: False
power_upto_now: 0.40080970525741577
248th run
noise dimension : 27
noise variance: 441.69854736328125
original u-statistic:-0.05250215530395508
p value proxy: 0.5116279125213623
result: False
power_upto_now: 0.39919355511665344
249th run
noise dimension : 27
noise variance: 440.68212890625
original u-statistic:0.31880807876586914
p value proxy: 0.16943521797657013
result: False
power_upto_now: 0.39759036898612976
250th run
noise dimension : 27
noise variance: 440.19305419921875
original u-statistic:0.07223200798034668
p value proxy: 0.4053156077861786
result: False
power_upto_now: 0.3959999978542328
251th run
noise dimension : 27
noise variance: 440.82476806640625
original u-statistic:0.6391000747680664
p value proxy: 0.04318936914205551
result: True
power_upto_now: 0.39840638637542725
252th run
noise dimension : 27
noise variance: 439.89947509765625
original u-statistic:-0.12919282913208008
p value proxy: 0.6544850468635559
result: False
power_upto_now: 0.3968254029750824
253th run
noise dimension : 27
noise variance: 440.9024658203125
original u-statistic:1.0112569332122803
p value proxy: 0.006644518114626408
result: True
power_upto_now: 0.39920949935913086
254th run
noise dimension : 27
noise variance: 441.8437805175781
original u-statistic:0.2302248477935791
p value proxy: 0.2225913554430008
result: False
power_upto_now: 0.3976377844810486
255th run
noise dimension : 27
noise variance: 442.02923583984375
original u-statistic:-0.07473421096801758
p value proxy: 0.5448504686355591
result: False
power_upto_now: 0.3960784375667572
256th run
noise dimension : 27
noise variance: 441.698486328125
original u-statistic:0.5088245868682861
p value proxy: 0.10963454842567444
result: False
power_upto_now: 0.39453125
257th run
noise dimension : 27
noise variance: 439.98297119140625
original u-statistic:0.6941320896148682
p value proxy: 0.03654484823346138
result: True
power_upto_now: 0.3968871533870697
258th run
noise dimension : 27
noise variance: 440.64288330078125
original u-statistic:-0.302929162979126
p value proxy: 0.8338870406150818
result: False
power_upto_now: 0.39534884691238403
259th run
noise dimension : 27
noise variance: 439.82513427734375
original u-statistic:-0.41313838958740234
p value proxy: 0.9102990031242371
result: False
power_upto_now: 0.39382240176200867
260th run
noise dimension : 27
noise variance: 441.815185546875
original u-statistic:1.9278340339660645
p value proxy: 0.003322259057313204
result: True
power_upto_now: 0.39615383744239807
261th run
noise dimension : 27
noise variance: 440.6518859863281
original u-statistic:0.11547970771789551
p value proxy: 0.33887043595314026
result: False
power_upto_now: 0.39463600516319275
262th run
noise dimension : 27
noise variance: 441.7148132324219
original u-statistic:0.17117834091186523
p value proxy: 0.2823920249938965
result: False
power_upto_now: 0.39312976598739624
263th run
noise dimension : 27
noise variance: 438.47625732421875
original u-statistic:0.6866748332977295
p value proxy: 0.039867110550403595
result: True
power_upto_now: 0.3954372704029083
264th run
noise dimension : 27
noise variance: 442.5096435546875
original u-statistic:0.47574400901794434
p value proxy: 0.07973422110080719
result: False
power_upto_now: 0.39393940567970276
265th run
noise dimension : 27
noise variance: 440.6254577636719
original u-statistic:0.46892690658569336
p value proxy: 0.1029900312423706
result: False
power_upto_now: 0.39245283603668213
266th run
noise dimension : 27
noise variance: 441.74322509765625
original u-statistic:0.13131284713745117
p value proxy: 0.3621262311935425
result: False
power_upto_now: 0.3909774422645569
267th run
noise dimension : 27
noise variance: 441.33447265625
original u-statistic:0.9167766571044922
p value proxy: 0.016611294820904732
result: True
power_upto_now: 0.3932584226131439
268th run
noise dimension : 27
noise variance: 441.467041015625
original u-statistic:0.08700084686279297
p value proxy: 0.3455149531364441
result: False
power_upto_now: 0.39179104566574097
269th run
noise dimension : 27
noise variance: 442.210693359375
original u-statistic:0.9582469463348389
p value proxy: 0.006644518114626408
result: True
power_upto_now: 0.39405205845832825
270th run
noise dimension : 27
noise variance: 440.6147766113281
original u-statistic:0.4708883762359619
p value proxy: 0.08637873828411102
result: False
power_upto_now: 0.39259257912635803
271th run
noise dimension : 27
noise variance: 441.22479248046875
original u-statistic:1.100557804107666
p value proxy: 0.006644518114626408
result: True
power_upto_now: 0.3948339521884918
272th run
noise dimension : 27
noise variance: 440.9203186035156
original u-statistic:0.3237013816833496
p value proxy: 0.1827242523431778
result: False
power_upto_now: 0.39338234066963196
273th run
noise dimension : 27
noise variance: 440.5688781738281
original u-statistic:0.33084797859191895
p value proxy: 0.1661129593849182
result: False
power_upto_now: 0.3919413983821869
274th run
noise dimension : 27
noise variance: 441.1050109863281
original u-statistic:0.640160083770752
p value proxy: 0.03654484823346138
result: True
power_upto_now: 0.39416059851646423
275th run
noise dimension : 27
noise variance: 441.688720703125
original u-statistic:0.18467974662780762
p value proxy: 0.2790697515010834
result: False
power_upto_now: 0.3927272856235504
276th run
noise dimension : 27
noise variance: 441.03204345703125
original u-statistic:0.21203851699829102
p value proxy: 0.21926909685134888
result: False
power_upto_now: 0.3913043439388275
277th run
noise dimension : 27
noise variance: 440.4197082519531
original u-statistic:0.7948389053344727
p value proxy: 0.023255813866853714
result: True
power_upto_now: 0.39350181818008423
278th run
noise dimension : 27
noise variance: 441.8826904296875
original u-statistic:0.041558265686035156
p value proxy: 0.3920265734195709
result: False
power_upto_now: 0.39208632707595825
279th run
noise dimension : 27
noise variance: 441.0439453125
original u-statistic:0.36474013328552246
p value proxy: 0.1395348757505417
result: False
power_upto_now: 0.3906809985637665
280th run
noise dimension : 27
noise variance: 442.22821044921875
original u-statistic:0.9710006713867188
p value proxy: 0.009966777637600899
result: True
power_upto_now: 0.3928571343421936
281th run
noise dimension : 27
noise variance: 441.0826721191406
original u-statistic:0.8706810474395752
p value proxy: 0.006644518114626408
result: True
power_upto_now: 0.3950178027153015
282th run
noise dimension : 27
noise variance: 438.7636413574219
original u-statistic:0.5645418167114258
p value proxy: 0.06312292069196701
result: False
power_upto_now: 0.39361703395843506
283th run
noise dimension : 27
noise variance: 440.5810241699219
original u-statistic:1.7608773708343506
p value proxy: 0.003322259057313204
result: True
power_upto_now: 0.3957597315311432
284th run
noise dimension : 27
noise variance: 441.665771484375
original u-statistic:1.3247218132019043
p value proxy: 0.003322259057313204
result: True
power_upto_now: 0.39788731932640076
285th run
noise dimension : 27
noise variance: 441.5419921875
original u-statistic:0.8864645957946777
p value proxy: 0.013289036229252815
result: True
power_upto_now: 0.4000000059604645
286th run
noise dimension : 27
noise variance: 440.892822265625
original u-statistic:0.7761340141296387
p value proxy: 0.023255813866853714
result: True
power_upto_now: 0.4020979106426239
287th run
noise dimension : 27
noise variance: 439.7693786621094
original u-statistic:0.14048266410827637
p value proxy: 0.29568105936050415
result: False
power_upto_now: 0.40069687366485596
288th run
noise dimension : 27
noise variance: 439.6513977050781
original u-statistic:0.033219337463378906
p value proxy: 0.421926885843277
result: False
power_upto_now: 0.3993055522441864
289th run
noise dimension : 27
noise variance: 439.4400329589844
original u-statistic:0.7680668830871582
p value proxy: 0.013289036229252815
result: True
power_upto_now: 0.4013840854167938
290th run
noise dimension : 27
noise variance: 439.8989562988281
original u-statistic:1.0024757385253906
p value proxy: 0.003322259057313204
result: True
power_upto_now: 0.40344828367233276
291th run
noise dimension : 27
noise variance: 440.943603515625
original u-statistic:0.3508017063140869
p value proxy: 0.14950165152549744
result: False
power_upto_now: 0.4020618498325348
292th run
noise dimension : 27
noise variance: 439.207763671875
original u-statistic:0.8245704174041748
p value proxy: 0.02657807245850563
result: True
power_upto_now: 0.4041095972061157
293th run
noise dimension : 27
noise variance: 441.63848876953125
original u-statistic:0.5421578884124756
p value proxy: 0.06644517928361893
result: False
power_upto_now: 0.40273037552833557
294th run
noise dimension : 27
noise variance: 439.9191589355469
original u-statistic:0.24760007858276367
p value proxy: 0.14950165152549744
result: False
power_upto_now: 0.40136054158210754
295th run
noise dimension : 27
noise variance: 441.7434997558594
original u-statistic:0.17272186279296875
p value proxy: 0.3222591280937195
result: False
power_upto_now: 0.4000000059604645
296th run
noise dimension : 27
noise variance: 441.01171875
original u-statistic:0.7127139568328857
p value proxy: 0.03654484823346138
result: True
power_upto_now: 0.40202704071998596
297th run
noise dimension : 27
noise variance: 440.7041015625
original u-statistic:0.43125033378601074
p value proxy: 0.09966777265071869
result: False
power_upto_now: 0.40067338943481445
298th run
noise dimension : 27
noise variance: 439.4607849121094
original u-statistic:0.38092947006225586
p value proxy: 0.09302325546741486
result: False
power_upto_now: 0.3993288576602936
299th run
noise dimension : 27
noise variance: 439.69793701171875
original u-statistic:0.5172977447509766
p value proxy: 0.07641195505857468
result: False
power_upto_now: 0.3979932963848114
300th run
noise dimension : 27
noise variance: 441.8902282714844
original u-statistic:0.43214845657348633
p value proxy: 0.09634551405906677
result: False
power_upto_now: 0.39666667580604553
301th run
noise dimension : 27
noise variance: 439.4823913574219
original u-statistic:0.4246997833251953
p value proxy: 0.11627906560897827
result: False
power_upto_now: 0.39534884691238403
302th run
noise dimension : 27
noise variance: 440.22344970703125
original u-statistic:0.1863250732421875
p value proxy: 0.27574750781059265
result: False
power_upto_now: 0.39403972029685974
303th run
noise dimension : 27
noise variance: 440.1658020019531
original u-statistic:0.4307994842529297
p value proxy: 0.09302325546741486
result: False
power_upto_now: 0.39273926615715027
304th run
noise dimension : 27
noise variance: 440.98614501953125
original u-statistic:0.26638245582580566
p value proxy: 0.17607973515987396
result: False
power_upto_now: 0.39144736528396606
305th run
noise dimension : 27
noise variance: 441.18829345703125
original u-statistic:-0.015240669250488281
p value proxy: 0.49833884835243225
result: False
power_upto_now: 0.39016392827033997
306th run
noise dimension : 27
noise variance: 442.00982666015625
original u-statistic:0.27884435653686523
p value proxy: 0.19269102811813354
result: False
power_upto_now: 0.3888888955116272
307th run
noise dimension : 27
noise variance: 441.6296081542969
original u-statistic:0.8608231544494629
p value proxy: 0.016611294820904732
result: True
power_upto_now: 0.39087948203086853
308th run
noise dimension : 27
noise variance: 440.0597839355469
original u-statistic:0.4345850944519043
p value proxy: 0.09302325546741486
result: False
power_upto_now: 0.3896103799343109
309th run
noise dimension : 27
noise variance: 441.8470458984375
original u-statistic:0.5253396034240723
p value proxy: 0.05315614491701126
result: False
power_upto_now: 0.3883495032787323
310th run
noise dimension : 27
noise variance: 441.90875244140625
original u-statistic:0.020262718200683594
p value proxy: 0.45514950156211853
result: False
power_upto_now: 0.3870967626571655
311th run
noise dimension : 27
noise variance: 440.65106201171875
original u-statistic:-0.1807723045349121
p value proxy: 0.6877076029777527
result: False
power_upto_now: 0.3858520984649658
312th run
noise dimension : 27
noise variance: 439.8521728515625
original u-statistic:0.21775007247924805
p value proxy: 0.2458471655845642
result: False
power_upto_now: 0.38461539149284363
313th run
noise dimension : 27
noise variance: 440.6982727050781
original u-statistic:0.32232213020324707
p value proxy: 0.16943521797657013
result: False
power_upto_now: 0.3833865821361542
314th run
noise dimension : 27
noise variance: 440.9228210449219
original u-statistic:0.5467920303344727
p value proxy: 0.07973422110080719
result: False
power_upto_now: 0.3821656107902527
315th run
noise dimension : 27
noise variance: 439.5596008300781
original u-statistic:0.9054546356201172
p value proxy: 0.02657807245850563
result: True
power_upto_now: 0.3841269910335541
316th run
noise dimension : 27
noise variance: 440.4485778808594
original u-statistic:0.8823182582855225
p value proxy: 0.019933555275201797
result: True
power_upto_now: 0.3860759437084198
317th run
noise dimension : 27
noise variance: 440.9349670410156
original u-statistic:0.2366499900817871
p value proxy: 0.2059800624847412
result: False
power_upto_now: 0.38485804200172424
318th run
noise dimension : 27
noise variance: 440.1640319824219
original u-statistic:1.1867578029632568
p value proxy: 0.003322259057313204
result: True
power_upto_now: 0.38679245114326477
319th run
noise dimension : 27
noise variance: 442.17462158203125
original u-statistic:0.2400672435760498
p value proxy: 0.19269102811813354
result: False
power_upto_now: 0.3855799436569214
320th run
noise dimension : 27
noise variance: 440.81793212890625
original u-statistic:0.7794318199157715
p value proxy: 0.029900331050157547
result: True
power_upto_now: 0.38749998807907104
321th run
noise dimension : 27
noise variance: 440.5357666015625
original u-statistic:0.012001991271972656
p value proxy: 0.4883720874786377
result: False
power_upto_now: 0.38629284501075745
322th run
noise dimension : 27
noise variance: 438.7257385253906
original u-statistic:0.3773620128631592
p value proxy: 0.12624584138393402
result: False
power_upto_now: 0.38509318232536316
323th run
noise dimension : 27
noise variance: 440.7202453613281
original u-statistic:0.4098320007324219
p value proxy: 0.13621261715888977
result: False
power_upto_now: 0.3839009404182434
324th run
noise dimension : 27
noise variance: 438.51080322265625
original u-statistic:0.6586499214172363
p value proxy: 0.049833886325359344
result: True
power_upto_now: 0.3858024775981903
325th run
noise dimension : 27
noise variance: 440.81982421875
original u-statistic:0.2717728614807129
p value proxy: 0.19601328670978546
result: False
power_upto_now: 0.38461539149284363
326th run
noise dimension : 27
noise variance: 439.6916809082031
original u-statistic:0.4713406562805176
p value proxy: 0.09634551405906677
result: False
power_upto_now: 0.38343557715415955
327th run
noise dimension : 27
noise variance: 441.02972412109375
original u-statistic:0.5195350646972656
p value proxy: 0.07973422110080719
result: False
power_upto_now: 0.3822630047798157
328th run
noise dimension : 27
noise variance: 440.0900573730469
original u-statistic:1.1323256492614746
p value proxy: 0.006644518114626408
result: True
power_upto_now: 0.3841463327407837
329th run
noise dimension : 27
noise variance: 439.9441833496094
original u-statistic:0.4421665668487549
p value proxy: 0.09302325546741486
result: False
power_upto_now: 0.38297873735427856
330th run
noise dimension : 27
noise variance: 441.8095397949219
original u-statistic:0.2985513210296631
p value proxy: 0.1428571343421936
result: False
power_upto_now: 0.38181817531585693
331th run
noise dimension : 27
noise variance: 439.32843017578125
original u-statistic:-0.1051478385925293
p value proxy: 0.5980066061019897
result: False
power_upto_now: 0.3806646466255188
332th run
noise dimension : 27
noise variance: 443.0773620605469
original u-statistic:0.882277250289917
p value proxy: 0.019933555275201797
result: True
power_upto_now: 0.3825301229953766
333th run
noise dimension : 27
noise variance: 440.37744140625
original u-statistic:1.0541796684265137
p value proxy: 0.006644518114626408
result: True
power_upto_now: 0.3843843936920166
334th run
noise dimension : 27
noise variance: 441.05157470703125
original u-statistic:0.4583265781402588
p value proxy: 0.10963454842567444
result: False
power_upto_now: 0.38323354721069336
335th run
noise dimension : 27
noise variance: 440.7112121582031
original u-statistic:1.5845990180969238
p value proxy: 0.003322259057313204
result: True
power_upto_now: 0.3850746154785156
336th run
noise dimension : 27
noise variance: 441.11395263671875
original u-statistic:1.7342162132263184
p value proxy: 0.003322259057313204
result: True
power_upto_now: 0.386904776096344
337th run
noise dimension : 27
noise variance: 440.83349609375
original u-statistic:0.34807777404785156
p value proxy: 0.1395348757505417
result: False
power_upto_now: 0.3857566714286804
338th run
noise dimension : 27
noise variance: 440.9537353515625
original u-statistic:0.05929207801818848
p value proxy: 0.421926885843277
result: False
power_upto_now: 0.38461539149284363
339th run
noise dimension : 27
noise variance: 441.76788330078125
original u-statistic:0.4640073776245117
p value proxy: 0.05315614491701126
result: False
power_upto_now: 0.38348081707954407
340th run
noise dimension : 27
noise variance: 440.2644348144531
original u-statistic:0.10202312469482422
p value proxy: 0.3488371968269348
result: False
power_upto_now: 0.38235294818878174
341th run
noise dimension : 27
noise variance: 440.77978515625
original u-statistic:0.4449319839477539
p value proxy: 0.07973422110080719
result: False
power_upto_now: 0.3812316656112671
342th run
noise dimension : 27
noise variance: 439.3986511230469
original u-statistic:0.987633228302002
p value proxy: 0.006644518114626408
result: True
power_upto_now: 0.3830409348011017
343th run
noise dimension : 27
noise variance: 442.1783752441406
original u-statistic:1.0275156497955322
p value proxy: 0.006644518114626408
result: True
power_upto_now: 0.38483965396881104
344th run
noise dimension : 27
noise variance: 440.9518737792969
original u-statistic:1.2220885753631592
p value proxy: 0.006644518114626408
result: True
power_upto_now: 0.3866279125213623
345th run
noise dimension : 27
noise variance: 440.6187438964844
original u-statistic:0.7168841361999512
p value proxy: 0.016611294820904732
result: True
power_upto_now: 0.38840579986572266
346th run
noise dimension : 27
noise variance: 441.5165710449219
original u-statistic:0.19636750221252441
p value proxy: 0.2059800624847412
result: False
power_upto_now: 0.38728323578834534
347th run
noise dimension : 27
noise variance: 441.13201904296875
original u-statistic:1.0535168647766113
p value proxy: 0.003322259057313204
result: True
power_upto_now: 0.3890489935874939
348th run
noise dimension : 27
noise variance: 441.1105041503906
original u-statistic:1.59135901927948
p value proxy: 0.003322259057313204
result: True
power_upto_now: 0.39080458879470825
349th run
noise dimension : 27
noise variance: 440.2229919433594
original u-statistic:0.40387892723083496
p value proxy: 0.09966777265071869
result: False
power_upto_now: 0.3896848261356354
350th run
noise dimension : 27
noise variance: 441.01165771484375
original u-statistic:0.8298220634460449
p value proxy: 0.009966777637600899
result: True
power_upto_now: 0.39142856001853943
351th run
noise dimension : 27
noise variance: 439.1921691894531
original u-statistic:1.2596464157104492
p value proxy: 0.003322259057313204
result: True
power_upto_now: 0.39316239953041077
352th run
noise dimension : 27
noise variance: 442.300537109375
original u-statistic:0.9504311084747314
p value proxy: 0.006644518114626408
result: True
power_upto_now: 0.3948863744735718
353th run
noise dimension : 27
noise variance: 440.4874267578125
original u-statistic:1.023582935333252
p value proxy: 0.009966777637600899
result: True
power_upto_now: 0.3966005742549896
354th run
noise dimension : 27
noise variance: 439.918701171875
original u-statistic:0.37058520317077637
p value proxy: 0.08970099687576294
result: False
power_upto_now: 0.395480215549469
355th run
noise dimension : 27
noise variance: 440.1661682128906
original u-statistic:0.08364200592041016
p value proxy: 0.35880398750305176
result: False
power_upto_now: 0.39436620473861694
356th run
noise dimension : 27
noise variance: 441.7305908203125
original u-statistic:1.5087251663208008
p value proxy: 0.003322259057313204
result: True
power_upto_now: 0.39606741070747375
357th run
noise dimension : 27
noise variance: 441.4739990234375
original u-statistic:0.44620609283447266
p value proxy: 0.14617939293384552
result: False
power_upto_now: 0.3949579894542694
358th run
noise dimension : 27
noise variance: 441.20989990234375
original u-statistic:0.7245173454284668
p value proxy: 0.029900331050157547
result: True
power_upto_now: 0.3966480493545532
359th run
noise dimension : 27
noise variance: 440.4886474609375
original u-statistic:0.21512961387634277
p value proxy: 0.2657807171344757
result: False
power_upto_now: 0.3955431878566742
360th run
noise dimension : 27
noise variance: 440.7265625
original u-statistic:0.07604217529296875
p value proxy: 0.3687707483768463
result: False
power_upto_now: 0.39444443583488464
361th run
noise dimension : 27
noise variance: 442.0918884277344
original u-statistic:0.6234800815582275
p value proxy: 0.04651162773370743
result: True
power_upto_now: 0.39612188935279846
362th run
noise dimension : 27
noise variance: 439.46051025390625
original u-statistic:0.2581298351287842
p value proxy: 0.2026578038930893
result: False
power_upto_now: 0.39502763748168945
363th run
noise dimension : 27
noise variance: 440.5563659667969
original u-statistic:1.548832654953003
p value proxy: 0.003322259057313204
result: True
power_upto_now: 0.39669421315193176
364th run
noise dimension : 27
noise variance: 442.6172180175781
original u-statistic:0.6419777870178223
p value proxy: 0.02657807245850563
result: True
power_upto_now: 0.39835163950920105
365th run
noise dimension : 27
noise variance: 441.9334411621094
original u-statistic:0.621232271194458
p value proxy: 0.023255813866853714
result: True
power_upto_now: 0.4000000059604645
366th run
noise dimension : 27
noise variance: 438.9316711425781
original u-statistic:0.34308671951293945
p value proxy: 0.13289035856723785
result: False
power_upto_now: 0.3989070951938629
367th run
noise dimension : 27
noise variance: 440.2120666503906
original u-statistic:1.4484331607818604
p value proxy: 0.003322259057313204
result: True
power_upto_now: 0.4005449712276459
368th run
noise dimension : 27
noise variance: 442.6438903808594
original u-statistic:0.2243633270263672
p value proxy: 0.25581395626068115
result: False
power_upto_now: 0.39945653080940247
369th run
noise dimension : 27
noise variance: 439.87127685546875
original u-statistic:1.115886926651001
p value proxy: 0.009966777637600899
result: True
power_upto_now: 0.4010840058326721
370th run
noise dimension : 27
noise variance: 442.0191955566406
original u-statistic:0.9888134002685547
p value proxy: 0.009966777637600899
result: True
power_upto_now: 0.4027026891708374
371th run
noise dimension : 27
noise variance: 440.9611511230469
original u-statistic:0.7600162029266357
p value proxy: 0.033222589641809464
result: True
power_upto_now: 0.4043126702308655
372th run
noise dimension : 27
noise variance: 439.6088562011719
original u-statistic:0.0513460636138916
p value proxy: 0.41860464215278625
result: False
power_upto_now: 0.4032258093357086
373th run
noise dimension : 27
noise variance: 440.6619873046875
original u-statistic:0.336073637008667
p value proxy: 0.18936876952648163
result: False
power_upto_now: 0.40214475989341736
374th run
noise dimension : 27
noise variance: 440.1245422363281
original u-statistic:0.9305617809295654
p value proxy: 0.006644518114626408
result: True
power_upto_now: 0.40374332666397095
375th run
noise dimension : 27
noise variance: 440.3466796875
original u-statistic:2.285726308822632
p value proxy: 0.003322259057313204
result: True
power_upto_now: 0.40533334016799927
376th run
noise dimension : 27
noise variance: 441.1424865722656
original u-statistic:0.2848477363586426
p value proxy: 0.2026578038930893
result: False
power_upto_now: 0.40425533056259155
377th run
noise dimension : 27
noise variance: 441.0573425292969
original u-statistic:0.5194888114929199
p value proxy: 0.06976743787527084
result: False
power_upto_now: 0.4031830132007599
378th run
noise dimension : 27
noise variance: 441.5352783203125
original u-statistic:1.8173978328704834
p value proxy: 0.003322259057313204
result: True
power_upto_now: 0.4047619104385376
379th run
noise dimension : 27
noise variance: 439.3562316894531
original u-statistic:0.12242817878723145
p value proxy: 0.342192679643631
result: False
power_upto_now: 0.40369394421577454
380th run
noise dimension : 27
noise variance: 441.256103515625
original u-statistic:0.2924649715423584
p value proxy: 0.1395348757505417
result: False
power_upto_now: 0.40263158082962036
381th run
noise dimension : 27
noise variance: 441.197021484375
original u-statistic:0.06642627716064453
p value proxy: 0.3654485046863556
result: False
power_upto_now: 0.4015747904777527
382th run
noise dimension : 27
noise variance: 440.5337829589844
original u-statistic:0.5287508964538574
p value proxy: 0.05315614491701126
result: False
power_upto_now: 0.4005235731601715
383th run
noise dimension : 27
noise variance: 439.8946228027344
original u-statistic:0.4741678237915039
p value proxy: 0.0830564796924591
result: False
power_upto_now: 0.3994778096675873
384th run
noise dimension : 27
noise variance: 440.4306945800781
original u-statistic:0.22585344314575195
p value proxy: 0.2458471655845642
result: False
power_upto_now: 0.3984375
385th run
noise dimension : 27
noise variance: 438.80023193359375
original u-statistic:0.2993433475494385
p value proxy: 0.16943521797657013
result: False
power_upto_now: 0.3974025845527649
386th run
noise dimension : 27
noise variance: 441.6022644042969
original u-statistic:0.6509017944335938
p value proxy: 0.03654484823346138
result: True
power_upto_now: 0.39896371960639954
387th run
noise dimension : 27
noise variance: 440.99212646484375
original u-statistic:0.9883143901824951
p value proxy: 0.009966777637600899
result: True
power_upto_now: 0.4005168080329895
388th run
noise dimension : 27
noise variance: 439.0738830566406
original u-statistic:0.06756353378295898
p value proxy: 0.37873753905296326
result: False
power_upto_now: 0.3994845449924469
389th run
noise dimension : 27
noise variance: 440.7464599609375
original u-statistic:0.031270742416381836
p value proxy: 0.45847174525260925
result: False
power_upto_now: 0.3984575867652893
390th run
noise dimension : 27
noise variance: 441.248779296875
original u-statistic:1.0712497234344482
p value proxy: 0.003322259057313204
result: True
power_upto_now: 0.4000000059604645
391th run
noise dimension : 27
noise variance: 440.95404052734375
original u-statistic:0.09361410140991211
p value proxy: 0.3521594703197479
result: False
power_upto_now: 0.39897698163986206
392th run
noise dimension : 27
noise variance: 441.8616943359375
original u-statistic:0.7273561954498291
p value proxy: 0.023255813866853714
result: True
power_upto_now: 0.40051019191741943
393th run
noise dimension : 27
noise variance: 440.4056091308594
original u-statistic:0.8898677825927734
p value proxy: 0.006644518114626408
result: True
power_upto_now: 0.4020356237888336
394th run
noise dimension : 27
noise variance: 439.3515930175781
original u-statistic:1.125994086265564
p value proxy: 0.006644518114626408
result: True
power_upto_now: 0.403553307056427
395th run
noise dimension : 27
noise variance: 440.84136962890625
original u-statistic:0.03176403045654297
p value proxy: 0.4086378514766693
result: False
power_upto_now: 0.4025316536426544
396th run
noise dimension : 27
noise variance: 441.556640625
original u-statistic:1.2175052165985107
p value proxy: 0.003322259057313204
result: True
power_upto_now: 0.4040403962135315
397th run
noise dimension : 27
noise variance: 440.1763916015625
original u-statistic:0.571608304977417
p value proxy: 0.06976743787527084
result: False
power_upto_now: 0.4030226767063141
398th run
noise dimension : 27
noise variance: 441.1807556152344
original u-statistic:0.6531980037689209
p value proxy: 0.02657807245850563
result: True
power_upto_now: 0.4045226275920868
399th run
noise dimension : 27
noise variance: 438.96307373046875
original u-statistic:0.6967465877532959
p value proxy: 0.02657807245850563
result: True
power_upto_now: 0.4060150384902954
400th run
noise dimension : 27
noise variance: 441.7193298339844
original u-statistic:0.08341741561889648
p value proxy: 0.39867109060287476
result: False
power_upto_now: 0.4050000011920929
401th run
noise dimension : 27
noise variance: 440.78082275390625
original u-statistic:0.48180460929870605
p value proxy: 0.07641195505857468
result: False
power_upto_now: 0.4039900302886963
402th run
noise dimension : 27
noise variance: 438.9425354003906
original u-statistic:1.179494857788086
p value proxy: 0.003322259057313204
result: True
power_upto_now: 0.40547263622283936
403th run
noise dimension : 27
noise variance: 440.3143615722656
original u-statistic:0.6583406925201416
p value proxy: 0.033222589641809464
result: True
power_upto_now: 0.40694788098335266
404th run
noise dimension : 27
noise variance: 441.0661926269531
original u-statistic:0.016711950302124023
p value proxy: 0.4485049843788147
result: False
power_upto_now: 0.40594059228897095
405th run
noise dimension : 27
noise variance: 440.07232666015625
original u-statistic:0.354323148727417
p value proxy: 0.1395348757505417
result: False
power_upto_now: 0.404938280582428
406th run
noise dimension : 27
noise variance: 442.60479736328125
original u-statistic:1.0588431358337402
p value proxy: 0.003322259057313204
result: True
power_upto_now: 0.40640392899513245
407th run
noise dimension : 27
noise variance: 440.1662292480469
original u-statistic:0.12878084182739258
p value proxy: 0.31229233741760254
result: False
power_upto_now: 0.4054054021835327
408th run
noise dimension : 27
noise variance: 440.42864990234375
original u-statistic:1.1498405933380127
p value proxy: 0.006644518114626408
result: True
power_upto_now: 0.406862735748291
409th run
noise dimension : 27
noise variance: 440.4688415527344
original u-statistic:0.20132708549499512
p value proxy: 0.21594683825969696
result: False
power_upto_now: 0.40586796402931213
410th run
noise dimension : 27
noise variance: 440.3891296386719
original u-statistic:1.3001043796539307
p value proxy: 0.003322259057313204
result: True
power_upto_now: 0.40731707215309143
411th run
noise dimension : 27
noise variance: 440.76934814453125
original u-statistic:0.40088820457458496
p value proxy: 0.09302325546741486
result: False
power_upto_now: 0.406326025724411
412th run
noise dimension : 27
noise variance: 442.2507019042969
original u-statistic:1.0251092910766602
p value proxy: 0.003322259057313204
result: True
power_upto_now: 0.40776699781417847
413th run
noise dimension : 27
noise variance: 442.8610534667969
original u-statistic:0.8296518325805664
p value proxy: 0.023255813866853714
result: True
power_upto_now: 0.4092009663581848
414th run
noise dimension : 27
noise variance: 441.2761535644531
original u-statistic:-0.1328420639038086
p value proxy: 0.6478404998779297
result: False
power_upto_now: 0.4082125723361969
415th run
noise dimension : 27
noise variance: 440.1275329589844
original u-statistic:0.5077400207519531
p value proxy: 0.06312292069196701
result: False
power_upto_now: 0.40722891688346863
416th run
noise dimension : 27
noise variance: 441.8367919921875
original u-statistic:0.4044034481048584
p value proxy: 0.13289035856723785
result: False
power_upto_now: 0.40625
417th run
noise dimension : 27
noise variance: 441.0715637207031
original u-statistic:-0.028303146362304688
p value proxy: 0.4518272280693054
result: False
power_upto_now: 0.40527579188346863
418th run
noise dimension : 27
noise variance: 440.86492919921875
original u-statistic:0.4803898334503174
p value proxy: 0.059800662100315094
result: False
power_upto_now: 0.40430623292922974
419th run
noise dimension : 27
noise variance: 441.7676696777344
original u-statistic:0.3811912536621094
p value proxy: 0.13621261715888977
result: False
power_upto_now: 0.40334129333496094
420th run
noise dimension : 27
noise variance: 439.83746337890625
original u-statistic:1.0527684688568115
p value proxy: 0.003322259057313204
result: True
power_upto_now: 0.4047619104385376
421th run
noise dimension : 27
noise variance: 440.5046081542969
original u-statistic:1.4794118404388428
p value proxy: 0.003322259057313204
result: True
power_upto_now: 0.40617576241493225
422th run
noise dimension : 27
noise variance: 441.13165283203125
original u-statistic:0.46459221839904785
p value proxy: 0.0830564796924591
result: False
power_upto_now: 0.40521326661109924
423th run
noise dimension : 27
noise variance: 441.8775634765625
original u-statistic:0.9034347534179688
p value proxy: 0.013289036229252815
result: True
power_upto_now: 0.4066193997859955
424th run
noise dimension : 27
noise variance: 440.82623291015625
original u-statistic:0.029343128204345703
p value proxy: 0.43521595001220703
result: False
power_upto_now: 0.40566039085388184
425th run
noise dimension : 27
noise variance: 440.4420166015625
original u-statistic:0.17356562614440918
p value proxy: 0.2823920249938965
result: False
power_upto_now: 0.40470588207244873
426th run
noise dimension : 27
noise variance: 440.1951904296875
original u-statistic:0.7440440654754639
p value proxy: 0.05315614491701126
result: False
power_upto_now: 0.40375587344169617
427th run
noise dimension : 27
noise variance: 440.002197265625
original u-statistic:1.0226447582244873
p value proxy: 0.003322259057313204
result: True
power_upto_now: 0.40515223145484924
428th run
noise dimension : 27
noise variance: 439.636962890625
original u-statistic:0.19096708297729492
p value proxy: 0.2657807171344757
result: False
power_upto_now: 0.4042056202888489
429th run
noise dimension : 27
noise variance: 440.481201171875
original u-statistic:0.06558561325073242
p value proxy: 0.3488371968269348
result: False
power_upto_now: 0.4032633900642395
430th run
noise dimension : 27
noise variance: 441.7594299316406
original u-statistic:1.0951647758483887
p value proxy: 0.006644518114626408
result: True
power_upto_now: 0.4046511650085449
431th run
noise dimension : 27
noise variance: 441.7548828125
original u-statistic:0.48259878158569336
p value proxy: 0.06976743787527084
result: False
power_upto_now: 0.40371230244636536
432th run
noise dimension : 27
noise variance: 440.6679382324219
original u-statistic:0.21422576904296875
p value proxy: 0.23588038980960846
result: False
power_upto_now: 0.4027777910232544
433th run
noise dimension : 27
noise variance: 439.2384033203125
original u-statistic:0.6013197898864746
p value proxy: 0.06312292069196701
result: False
power_upto_now: 0.40184757113456726
434th run
noise dimension : 27
noise variance: 439.8271179199219
original u-statistic:0.19032549858093262
p value proxy: 0.25249168276786804
result: False
power_upto_now: 0.40092167258262634
435th run
noise dimension : 27
noise variance: 440.1647644042969
original u-statistic:1.554086446762085
p value proxy: 0.003322259057313204
result: True
power_upto_now: 0.40229883790016174
436th run
noise dimension : 27
noise variance: 440.37139892578125
original u-statistic:-0.01736617088317871
p value proxy: 0.4451827108860016
result: False
power_upto_now: 0.4013761579990387
437th run
noise dimension : 27
noise variance: 440.9248962402344
original u-statistic:0.8782145977020264
p value proxy: 0.016611294820904732
result: True
power_upto_now: 0.4027459919452667
438th run
noise dimension : 27
noise variance: 439.1784362792969
original u-statistic:0.5942528247833252
p value proxy: 0.03654484823346138
result: True
power_upto_now: 0.4041095972061157
439th run
noise dimension : 27
noise variance: 443.1155700683594
original u-statistic:0.833545446395874
p value proxy: 0.009966777637600899
result: True
power_upto_now: 0.4054669737815857
440th run
noise dimension : 27
noise variance: 440.2029113769531
original u-statistic:0.38694047927856445
p value proxy: 0.11295680701732635
result: False
power_upto_now: 0.40454545617103577
441th run
noise dimension : 27
noise variance: 440.6366271972656
original u-statistic:0.5238146781921387
p value proxy: 0.05315614491701126
result: False
power_upto_now: 0.4036281108856201
442th run
noise dimension : 27
noise variance: 441.47650146484375
original u-statistic:0.6569118499755859
p value proxy: 0.04651162773370743
result: True
power_upto_now: 0.40497738122940063
443th run
noise dimension : 27
noise variance: 439.70477294921875
original u-statistic:1.0255789756774902
p value proxy: 0.006644518114626408
result: True
power_upto_now: 0.4063205420970917
444th run
noise dimension : 27
noise variance: 440.3022766113281
original u-statistic:0.526655912399292
p value proxy: 0.08637873828411102
result: False
power_upto_now: 0.4054054021835327
445th run
noise dimension : 27
noise variance: 442.3757629394531
original u-statistic:0.8267016410827637
p value proxy: 0.016611294820904732
result: True
power_upto_now: 0.40674155950546265
446th run
noise dimension : 27
noise variance: 441.3426513671875
original u-statistic:0.7712733745574951
p value proxy: 0.033222589641809464
result: True
power_upto_now: 0.40807175636291504
447th run
noise dimension : 27
noise variance: 440.7579040527344
original u-statistic:0.21264863014221191
p value proxy: 0.262458473443985
result: False
power_upto_now: 0.40715882182121277
448th run
noise dimension : 27
noise variance: 439.9750061035156
original u-statistic:0.46419811248779297
p value proxy: 0.10631228983402252
result: False
power_upto_now: 0.40625
449th run
noise dimension : 27
noise variance: 439.9169921875
original u-statistic:0.7940850257873535
p value proxy: 0.013289036229252815
result: True
power_upto_now: 0.4075723886489868
450th run
noise dimension : 27
noise variance: 439.3761291503906
original u-statistic:0.2234058380126953
p value proxy: 0.21594683825969696
result: False
power_upto_now: 0.40666666626930237
451th run
noise dimension : 27
noise variance: 441.9855041503906
original u-statistic:0.22113037109375
p value proxy: 0.18936876952648163
result: False
power_upto_now: 0.40576496720314026
452th run
noise dimension : 27
noise variance: 442.2953796386719
original u-statistic:0.08948111534118652
p value proxy: 0.4053156077861786
result: False
power_upto_now: 0.4048672616481781
453th run
noise dimension : 27
noise variance: 440.4205322265625
original u-statistic:0.6763768196105957
p value proxy: 0.033222589641809464
result: True
power_upto_now: 0.4061810076236725
454th run
noise dimension : 27
noise variance: 441.0202331542969
original u-statistic:1.3526604175567627
p value proxy: 0.003322259057313204
result: True
power_upto_now: 0.40748897194862366
455th run
noise dimension : 27
noise variance: 441.5240173339844
original u-statistic:-0.24713468551635742
p value proxy: 0.7342192530632019
result: False
power_upto_now: 0.4065934121608734
456th run
noise dimension : 27
noise variance: 440.1675109863281
original u-statistic:0.426159143447876
p value proxy: 0.09634551405906677
result: False
power_upto_now: 0.40570175647735596
457th run
noise dimension : 27
noise variance: 440.3702392578125
original u-statistic:1.3984313011169434
p value proxy: 0.006644518114626408
result: True
power_upto_now: 0.40700218081474304
458th run
noise dimension : 27
noise variance: 442.1776123046875
original u-statistic:0.3982203006744385
p value proxy: 0.08637873828411102
result: False
power_upto_now: 0.40611353516578674
459th run
noise dimension : 27
noise variance: 441.7227783203125
original u-statistic:0.5055849552154541
p value proxy: 0.06976743787527084
result: False
power_upto_now: 0.40522876381874084
460th run
noise dimension : 27
noise variance: 441.4783935546875
original u-statistic:1.4532036781311035
p value proxy: 0.003322259057313204
result: True
power_upto_now: 0.406521737575531
461th run
noise dimension : 27
noise variance: 441.3558044433594
original u-statistic:0.7287023067474365
p value proxy: 0.016611294820904732
result: True
power_upto_now: 0.4078091084957123
462th run
noise dimension : 27
noise variance: 443.8927307128906
original u-statistic:0.5983738899230957
p value proxy: 0.04318936914205551
result: True
power_upto_now: 0.40909090638160706
463th run
noise dimension : 27
noise variance: 440.7301940917969
original u-statistic:0.71258544921875
p value proxy: 0.033222589641809464
result: True
power_upto_now: 0.4103671610355377
464th run
noise dimension : 27
noise variance: 440.7262878417969
original u-statistic:0.3087935447692871
p value proxy: 0.13289035856723785
result: False
power_upto_now: 0.4094827473163605
465th run
noise dimension : 27
noise variance: 442.7000732421875
original u-statistic:1.0339078903198242
p value proxy: 0.003322259057313204
result: True
power_upto_now: 0.41075268387794495
466th run
noise dimension : 27
noise variance: 440.35113525390625
original u-statistic:0.9337363243103027
p value proxy: 0.013289036229252815
result: True
power_upto_now: 0.41201716661453247
467th run
noise dimension : 27
noise variance: 440.8498229980469
original u-statistic:0.6334314346313477
p value proxy: 0.04651162773370743
result: True
power_upto_now: 0.41327622532844543
468th run
noise dimension : 27
noise variance: 440.2884521484375
original u-statistic:0.5625648498535156
p value proxy: 0.06312292069196701
result: False
power_upto_now: 0.41239315271377563
469th run
noise dimension : 27
noise variance: 440.2447204589844
original u-statistic:-0.08106780052185059
p value proxy: 0.5813953280448914
result: False
power_upto_now: 0.4115138649940491
470th run
noise dimension : 27
noise variance: 438.881591796875
original u-statistic:0.5249922275543213
p value proxy: 0.06644517928361893
result: False
power_upto_now: 0.41063830256462097
471th run
noise dimension : 27
noise variance: 440.1944580078125
original u-statistic:1.5539765357971191
p value proxy: 0.003322259057313204
result: True
power_upto_now: 0.41188958287239075
472th run
noise dimension : 27
noise variance: 440.69427490234375
original u-statistic:1.4284758567810059
p value proxy: 0.003322259057313204
result: True
power_upto_now: 0.4131355881690979
473th run
noise dimension : 27
noise variance: 438.9398193359375
original u-statistic:0.7082948684692383
p value proxy: 0.019933555275201797
result: True
power_upto_now: 0.41437631845474243
474th run
noise dimension : 27
noise variance: 441.9522399902344
original u-statistic:0.304640531539917
p value proxy: 0.17940199375152588
result: False
power_upto_now: 0.4135020971298218
475th run
noise dimension : 27
noise variance: 441.4623718261719
original u-statistic:0.4598817825317383
p value proxy: 0.08970099687576294
result: False
power_upto_now: 0.4126315712928772
476th run
noise dimension : 27
noise variance: 440.1495666503906
original u-statistic:1.1316337585449219
p value proxy: 0.003322259057313204
result: True
power_upto_now: 0.4138655364513397
477th run
noise dimension : 27
noise variance: 440.784423828125
original u-statistic:0.1755070686340332
p value proxy: 0.25249168276786804
result: False
power_upto_now: 0.41299790143966675
478th run
noise dimension : 27
noise variance: 441.8087463378906
original u-statistic:-0.00810551643371582
p value proxy: 0.5215946435928345
result: False
power_upto_now: 0.4121339023113251
479th run
noise dimension : 27
noise variance: 439.9471740722656
original u-statistic:-0.0731356143951416
p value proxy: 0.564784049987793
result: False
power_upto_now: 0.4112734794616699
480th run
noise dimension : 27
noise variance: 441.5250549316406
original u-statistic:0.06357860565185547
p value proxy: 0.37873753905296326
result: False
power_upto_now: 0.4104166626930237
481th run
noise dimension : 27
noise variance: 440.7701721191406
original u-statistic:0.8299973011016846
p value proxy: 0.009966777637600899
result: True
power_upto_now: 0.4116424024105072
482th run
noise dimension : 27
noise variance: 439.2737121582031
original u-statistic:0.5228517055511475
p value proxy: 0.07973422110080719
result: False
power_upto_now: 0.4107883870601654
483th run
noise dimension : 27
noise variance: 441.45513916015625
original u-statistic:0.20341897010803223
p value proxy: 0.2591361999511719
result: False
power_upto_now: 0.40993788838386536
484th run
noise dimension : 27
noise variance: 439.91778564453125
original u-statistic:0.910130500793457
p value proxy: 0.009966777637600899
result: True
power_upto_now: 0.4111570119857788
485th run
noise dimension : 27
noise variance: 440.85552978515625
original u-statistic:1.3823938369750977
p value proxy: 0.003322259057313204
result: True
power_upto_now: 0.41237112879753113
486th run
noise dimension : 27
noise variance: 441.0618591308594
original u-statistic:0.39582061767578125
p value proxy: 0.11295680701732635
result: False
power_upto_now: 0.41152262687683105
487th run
noise dimension : 27
noise variance: 440.2616271972656
original u-statistic:0.5233399868011475
p value proxy: 0.07641195505857468
result: False
power_upto_now: 0.41067761182785034
488th run
noise dimension : 27
noise variance: 440.81634521484375
original u-statistic:1.0537471771240234
p value proxy: 0.013289036229252815
result: True
power_upto_now: 0.41188523173332214
489th run
noise dimension : 27
noise variance: 440.45574951171875
original u-statistic:0.9121651649475098
p value proxy: 0.009966777637600899
result: True
power_upto_now: 0.4130879342556
490th run
noise dimension : 27
noise variance: 442.0005798339844
original u-statistic:0.9667923450469971
p value proxy: 0.016611294820904732
result: True
power_upto_now: 0.41428571939468384
491th run
noise dimension : 27
noise variance: 441.5189514160156
original u-statistic:0.4541332721710205
p value proxy: 0.06312292069196701
result: False
power_upto_now: 0.4134419560432434
492th run
noise dimension : 27
noise variance: 442.1134948730469
original u-statistic:0.8557872772216797
p value proxy: 0.013289036229252815
result: True
power_upto_now: 0.4146341383457184
493th run
noise dimension : 27
noise variance: 439.6480712890625
original u-statistic:1.357168436050415
p value proxy: 0.003322259057313204
result: True
power_upto_now: 0.41582149267196655
494th run
noise dimension : 27
noise variance: 442.1527404785156
original u-statistic:0.2521955966949463
p value proxy: 0.16943521797657013
result: False
power_upto_now: 0.4149797558784485
495th run
noise dimension : 27
noise variance: 439.8042297363281
original u-statistic:0.735149621963501
p value proxy: 0.013289036229252815
result: True
power_upto_now: 0.4161616265773773
496th run
noise dimension : 27
noise variance: 442.11187744140625
original u-statistic:0.9387905597686768
p value proxy: 0.016611294820904732
result: True
power_upto_now: 0.41733869910240173
497th run
noise dimension : 27
noise variance: 440.9817810058594
original u-statistic:0.1695728302001953
p value proxy: 0.2990033030509949
result: False
power_upto_now: 0.41649898886680603
498th run
noise dimension : 27
noise variance: 440.02203369140625
original u-statistic:0.3262753486633301
p value proxy: 0.1395348757505417
result: False
power_upto_now: 0.41566264629364014
499th run
noise dimension : 27
noise variance: 439.83447265625
original u-statistic:0.9232833385467529
p value proxy: 0.009966777637600899
result: True
power_upto_now: 0.41683366894721985
500th run
noise dimension : 27
noise variance: 440.0244140625
original u-statistic:0.34366393089294434
p value proxy: 0.11960132420063019
result: False
power_upto_now: 0.41600000858306885
power estimate : 0.41600000858306885
elapsed time: 6546.566759109497
