job started
cuda available: True
code run on device:: cuda:0

n1 = 1000, n2 = 1000,

kappa = 3, alpha = 2.5,

gamma = 0.05, nTests = 500,

B = 300

1th run
noise dimension : 27
noise variance: 33.93499755859375
original u-statistic:-0.26165008544921875
p value proxy: 0.6677740812301636
result: False
power_upto_now: 0.0
2th run
noise dimension : 27
noise variance: 34.798580169677734
original u-statistic:-0.01597762107849121
p value proxy: 0.47840529680252075
result: False
power_upto_now: 0.0
3th run
noise dimension : 27
noise variance: 34.69646453857422
original u-statistic:0.19779586791992188
p value proxy: 0.33554816246032715
result: False
power_upto_now: 0.0
4th run
noise dimension : 27
noise variance: 34.94636535644531
original u-statistic:-0.6583092212677002
p value proxy: 0.8903654217720032
result: False
power_upto_now: 0.0
5th run
noise dimension : 27
noise variance: 34.356258392333984
original u-statistic:0.5176287889480591
p value proxy: 0.1627907007932663
result: False
power_upto_now: 0.0
6th run
noise dimension : 27
noise variance: 34.33635330200195
original u-statistic:-0.10644936561584473
p value proxy: 0.5714285373687744
result: False
power_upto_now: 0.0
7th run
noise dimension : 27
noise variance: 34.85169982910156
original u-statistic:-0.005005836486816406
p value proxy: 0.47840529680252075
result: False
power_upto_now: 0.0
8th run
noise dimension : 27
noise variance: 34.454017639160156
original u-statistic:0.023300886154174805
p value proxy: 0.4451827108860016
result: False
power_upto_now: 0.0
9th run
noise dimension : 27
noise variance: 34.25467300415039
original u-statistic:-0.27486753463745117
p value proxy: 0.6578072905540466
result: False
power_upto_now: 0.0
10th run
noise dimension : 27
noise variance: 34.74730682373047
original u-statistic:0.6560519933700562
p value proxy: 0.12624584138393402
result: False
power_upto_now: 0.0
11th run
noise dimension : 27
noise variance: 34.64817810058594
original u-statistic:0.2938809394836426
p value proxy: 0.2225913554430008
result: False
power_upto_now: 0.0
12th run
noise dimension : 27
noise variance: 34.658103942871094
original u-statistic:0.1112823486328125
p value proxy: 0.4053156077861786
result: False
power_upto_now: 0.0
13th run
noise dimension : 27
noise variance: 35.80083084106445
original u-statistic:0.0029926300048828125
p value proxy: 0.4451827108860016
result: False
power_upto_now: 0.0
14th run
noise dimension : 27
noise variance: 34.53781509399414
original u-statistic:0.02393317222595215
p value proxy: 0.43521595001220703
result: False
power_upto_now: 0.0
15th run
noise dimension : 27
noise variance: 34.439308166503906
original u-statistic:0.9799727201461792
p value proxy: 0.05315614491701126
result: False
power_upto_now: 0.0
16th run
noise dimension : 27
noise variance: 33.96986389160156
original u-statistic:-0.2292768955230713
p value proxy: 0.6544850468635559
result: False
power_upto_now: 0.0
17th run
noise dimension : 27
noise variance: 34.92497634887695
original u-statistic:0.05836129188537598
p value proxy: 0.41860464215278625
result: False
power_upto_now: 0.0
18th run
noise dimension : 27
noise variance: 34.662757873535156
original u-statistic:1.056487798690796
p value proxy: 0.06312292069196701
result: False
power_upto_now: 0.0
19th run
noise dimension : 27
noise variance: 35.01432800292969
original u-statistic:0.3610517978668213
p value proxy: 0.23588038980960846
result: False
power_upto_now: 0.0
20th run
noise dimension : 27
noise variance: 34.021785736083984
original u-statistic:-0.49532032012939453
p value proxy: 0.8405315279960632
result: False
power_upto_now: 0.0
21th run
noise dimension : 27
noise variance: 34.764869689941406
original u-statistic:-0.4833749532699585
p value proxy: 0.8305647373199463
result: False
power_upto_now: 0.0
22th run
noise dimension : 27
noise variance: 34.18745040893555
original u-statistic:-0.33641159534454346
p value proxy: 0.7740863561630249
result: False
power_upto_now: 0.0
23th run
noise dimension : 27
noise variance: 35.07415771484375
original u-statistic:0.13445556163787842
p value proxy: 0.3654485046863556
result: False
power_upto_now: 0.0
24th run
noise dimension : 27
noise variance: 34.41307067871094
original u-statistic:-0.199662446975708
p value proxy: 0.5913621187210083
result: False
power_upto_now: 0.0
25th run
noise dimension : 27
noise variance: 34.80949783325195
original u-statistic:-0.16352081298828125
p value proxy: 0.6279069781303406
result: False
power_upto_now: 0.0
26th run
noise dimension : 27
noise variance: 34.7017822265625
original u-statistic:-1.2679998874664307
p value proxy: 1.0
result: False
power_upto_now: 0.0
27th run
noise dimension : 27
noise variance: 34.96559524536133
original u-statistic:0.48285067081451416
p value proxy: 0.17607973515987396
result: False
power_upto_now: 0.0
28th run
noise dimension : 27
noise variance: 33.98568344116211
original u-statistic:0.19585847854614258
p value proxy: 0.302325576543808
result: False
power_upto_now: 0.0
29th run
noise dimension : 27
noise variance: 34.60404968261719
original u-statistic:0.28408265113830566
p value proxy: 0.29235878586769104
result: False
power_upto_now: 0.0
30th run
noise dimension : 27
noise variance: 34.941871643066406
original u-statistic:2.3079652786254883
p value proxy: 0.003322259057313204
result: True
power_upto_now: 0.03333333507180214
31th run
noise dimension : 27
noise variance: 34.95359802246094
original u-statistic:-0.30593591928482056
p value proxy: 0.6644518375396729
result: False
power_upto_now: 0.032258063554763794
32th run
noise dimension : 27
noise variance: 34.481239318847656
original u-statistic:1.3264012336730957
p value proxy: 0.02657807245850563
result: True
power_upto_now: 0.0625
33th run
noise dimension : 27
noise variance: 34.55016326904297
original u-statistic:0.18334650993347168
p value proxy: 0.31893688440322876
result: False
power_upto_now: 0.06060606241226196
34th run
noise dimension : 27
noise variance: 34.53761672973633
original u-statistic:0.6781430244445801
p value proxy: 0.1029900312423706
result: False
power_upto_now: 0.05882352963089943
35th run
noise dimension : 27
noise variance: 34.79219436645508
original u-statistic:0.3058098554611206
p value proxy: 0.2657807171344757
result: False
power_upto_now: 0.05714285746216774
36th run
noise dimension : 27
noise variance: 34.4834098815918
original u-statistic:0.09454584121704102
p value proxy: 0.4119601249694824
result: False
power_upto_now: 0.0555555559694767
37th run
noise dimension : 27
noise variance: 34.39640426635742
original u-statistic:-0.621391773223877
p value proxy: 0.8671095967292786
result: False
power_upto_now: 0.054054055362939835
38th run
noise dimension : 27
noise variance: 34.14537048339844
original u-statistic:-0.19022583961486816
p value proxy: 0.6146179437637329
result: False
power_upto_now: 0.05263157933950424
39th run
noise dimension : 27
noise variance: 34.46924591064453
original u-statistic:-1.1702768802642822
p value proxy: 1.0
result: False
power_upto_now: 0.05128205195069313
40th run
noise dimension : 27
noise variance: 33.754295349121094
original u-statistic:0.4327809810638428
p value proxy: 0.16943521797657013
result: False
power_upto_now: 0.05000000074505806
41th run
noise dimension : 27
noise variance: 34.287437438964844
original u-statistic:-1.0057158470153809
p value proxy: 1.0
result: False
power_upto_now: 0.04878048598766327
42th run
noise dimension : 27
noise variance: 34.33542251586914
original u-statistic:-0.08821511268615723
p value proxy: 0.47840529680252075
result: False
power_upto_now: 0.0476190485060215
43th run
noise dimension : 27
noise variance: 34.66455078125
original u-statistic:-0.33016514778137207
p value proxy: 0.7176079750061035
result: False
power_upto_now: 0.04651162773370743
44th run
noise dimension : 27
noise variance: 34.78789138793945
original u-statistic:-0.28284788131713867
p value proxy: 0.6877076029777527
result: False
power_upto_now: 0.04545454680919647
45th run
noise dimension : 27
noise variance: 33.7890739440918
original u-statistic:-0.21080660820007324
p value proxy: 0.5980066061019897
result: False
power_upto_now: 0.04444444552063942
46th run
noise dimension : 27
noise variance: 34.41792678833008
original u-statistic:-0.195770263671875
p value proxy: 0.6179401874542236
result: False
power_upto_now: 0.043478261679410934
47th run
noise dimension : 27
noise variance: 34.145938873291016
original u-statistic:-0.6290216445922852
p value proxy: 0.9269102811813354
result: False
power_upto_now: 0.042553190141916275
48th run
noise dimension : 27
noise variance: 34.05177688598633
original u-statistic:0.46287620067596436
p value proxy: 0.1627907007932663
result: False
power_upto_now: 0.0416666679084301
49th run
noise dimension : 27
noise variance: 34.917724609375
original u-statistic:-0.4229397773742676
p value proxy: 0.8272424936294556
result: False
power_upto_now: 0.040816325694322586
50th run
noise dimension : 27
noise variance: 34.874290466308594
original u-statistic:0.22545623779296875
p value proxy: 0.31229233741760254
result: False
power_upto_now: 0.03999999910593033
51th run
noise dimension : 27
noise variance: 34.32268142700195
original u-statistic:-0.2856200933456421
p value proxy: 0.7009966373443604
result: False
power_upto_now: 0.03921568766236305
52th run
noise dimension : 27
noise variance: 33.676368713378906
original u-statistic:-0.4223167896270752
p value proxy: 0.7940199375152588
result: False
power_upto_now: 0.03846153989434242
53th run
noise dimension : 27
noise variance: 34.544944763183594
original u-statistic:0.5051395893096924
p value proxy: 0.21262457966804504
result: False
power_upto_now: 0.03773584961891174
54th run
noise dimension : 27
noise variance: 34.54777526855469
original u-statistic:-0.4603230953216553
p value proxy: 0.8073089718818665
result: False
power_upto_now: 0.03703703731298447
55th run
noise dimension : 27
noise variance: 34.33171844482422
original u-statistic:-0.008592367172241211
p value proxy: 0.5282391905784607
result: False
power_upto_now: 0.036363635212183
56th run
noise dimension : 27
noise variance: 34.5125617980957
original u-statistic:0.6649117469787598
p value proxy: 0.0830564796924591
result: False
power_upto_now: 0.0357142873108387
57th run
noise dimension : 27
noise variance: 34.395538330078125
original u-statistic:-0.09227466583251953
p value proxy: 0.5913621187210083
result: False
power_upto_now: 0.035087719559669495
58th run
noise dimension : 27
noise variance: 34.642059326171875
original u-statistic:-0.4333897829055786
p value proxy: 0.7973421812057495
result: False
power_upto_now: 0.03448275849223137
59th run
noise dimension : 27
noise variance: 34.79415512084961
original u-statistic:0.5530434846878052
p value proxy: 0.15614616870880127
result: False
power_upto_now: 0.033898305147886276
60th run
noise dimension : 27
noise variance: 34.85023880004883
original u-statistic:0.21358776092529297
p value proxy: 0.3322259187698364
result: False
power_upto_now: 0.03333333507180214
61th run
noise dimension : 27
noise variance: 34.89315414428711
original u-statistic:-0.183380126953125
p value proxy: 0.6013289093971252
result: False
power_upto_now: 0.032786883413791656
62th run
noise dimension : 27
noise variance: 34.25102615356445
original u-statistic:-0.6127223968505859
p value proxy: 0.8704319000244141
result: False
power_upto_now: 0.032258063554763794
63th run
noise dimension : 27
noise variance: 34.86497497558594
original u-statistic:-0.4535014033317566
p value proxy: 0.8405315279960632
result: False
power_upto_now: 0.0317460335791111
64th run
noise dimension : 27
noise variance: 34.27873229980469
original u-statistic:-0.41860461235046387
p value proxy: 0.8073089718818665
result: False
power_upto_now: 0.03125
65th run
noise dimension : 27
noise variance: 34.65159225463867
original u-statistic:-0.5326297283172607
p value proxy: 0.8272424936294556
result: False
power_upto_now: 0.03076923079788685
66th run
noise dimension : 27
noise variance: 34.11976623535156
original u-statistic:-0.6299169063568115
p value proxy: 0.8936876654624939
result: False
power_upto_now: 0.03030303120613098
67th run
noise dimension : 27
noise variance: 34.792415618896484
original u-statistic:-0.4201310873031616
p value proxy: 0.7740863561630249
result: False
power_upto_now: 0.02985074557363987
68th run
noise dimension : 27
noise variance: 34.31499481201172
original u-statistic:-0.11196136474609375
p value proxy: 0.5448504686355591
result: False
power_upto_now: 0.029411764815449715
69th run
noise dimension : 27
noise variance: 34.703758239746094
original u-statistic:-0.23693346977233887
p value proxy: 0.6644518375396729
result: False
power_upto_now: 0.028985507786273956
70th run
noise dimension : 27
noise variance: 34.53839111328125
original u-statistic:0.02257978916168213
p value proxy: 0.4485049843788147
result: False
power_upto_now: 0.02857142873108387
71th run
noise dimension : 27
noise variance: 34.513248443603516
original u-statistic:-0.09304153919219971
p value proxy: 0.6079733967781067
result: False
power_upto_now: 0.028169013559818268
72th run
noise dimension : 27
noise variance: 34.19758605957031
original u-statistic:-0.006950497627258301
p value proxy: 0.45847174525260925
result: False
power_upto_now: 0.02777777798473835
73th run
noise dimension : 27
noise variance: 34.44444274902344
original u-statistic:0.030946731567382812
p value proxy: 0.4451827108860016
result: False
power_upto_now: 0.027397260069847107
74th run
noise dimension : 27
noise variance: 34.26311492919922
original u-statistic:0.06373476982116699
p value proxy: 0.43853819370269775
result: False
power_upto_now: 0.027027027681469917
75th run
noise dimension : 27
noise variance: 34.70344161987305
original u-statistic:-0.17457795143127441
p value proxy: 0.6378737688064575
result: False
power_upto_now: 0.02666666731238365
76th run
noise dimension : 27
noise variance: 34.44536209106445
original u-statistic:-0.5699896812438965
p value proxy: 0.8604651093482971
result: False
power_upto_now: 0.02631578966975212
77th run
noise dimension : 27
noise variance: 34.32209396362305
original u-statistic:0.07131075859069824
p value proxy: 0.421926885843277
result: False
power_upto_now: 0.025974025949835777
78th run
noise dimension : 27
noise variance: 34.427913665771484
original u-statistic:0.5166628360748291
p value proxy: 0.11960132420063019
result: False
power_upto_now: 0.025641025975346565
79th run
noise dimension : 27
noise variance: 35.29991912841797
original u-statistic:-0.13836455345153809
p value proxy: 0.5315614342689514
result: False
power_upto_now: 0.025316456332802773
80th run
noise dimension : 27
noise variance: 34.63155746459961
original u-statistic:-0.008810758590698242
p value proxy: 0.4850498139858246
result: False
power_upto_now: 0.02500000037252903
81th run
noise dimension : 27
noise variance: 34.54041290283203
original u-statistic:-0.7249908447265625
p value proxy: 0.9069766998291016
result: False
power_upto_now: 0.02469135820865631
82th run
noise dimension : 27
noise variance: 34.981468200683594
original u-statistic:-1.1352403163909912
p value proxy: 0.9900332093238831
result: False
power_upto_now: 0.024390242993831635
83th run
noise dimension : 27
noise variance: 34.01921844482422
original u-statistic:0.7186410427093506
p value proxy: 0.10631228983402252
result: False
power_upto_now: 0.024096384644508362
84th run
noise dimension : 27
noise variance: 34.422752380371094
original u-statistic:0.5082042217254639
p value proxy: 0.19269102811813354
result: False
power_upto_now: 0.02380952425301075
85th run
noise dimension : 27
noise variance: 34.39741516113281
original u-statistic:-0.5596647262573242
p value proxy: 0.8837209343910217
result: False
power_upto_now: 0.0235294122248888
86th run
noise dimension : 27
noise variance: 34.463050842285156
original u-statistic:0.8023219108581543
p value proxy: 0.06312292069196701
result: False
power_upto_now: 0.023255813866853714
87th run
noise dimension : 27
noise variance: 34.37923049926758
original u-statistic:-0.5252749919891357
p value proxy: 0.8205980062484741
result: False
power_upto_now: 0.02298850566148758
88th run
noise dimension : 27
noise variance: 34.866058349609375
original u-statistic:-0.8317759037017822
p value proxy: 0.9634551405906677
result: False
power_upto_now: 0.022727273404598236
89th run
noise dimension : 27
noise variance: 34.433841705322266
original u-statistic:-0.2837858200073242
p value proxy: 0.6378737688064575
result: False
power_upto_now: 0.02247191034257412
90th run
noise dimension : 27
noise variance: 34.73721694946289
original u-statistic:0.024509429931640625
p value proxy: 0.514950156211853
result: False
power_upto_now: 0.02222222276031971
91th run
noise dimension : 27
noise variance: 34.901817321777344
original u-statistic:0.8596564531326294
p value proxy: 0.05647840350866318
result: False
power_upto_now: 0.021978022530674934
92th run
noise dimension : 27
noise variance: 34.84818649291992
original u-statistic:-0.35318732261657715
p value proxy: 0.7541528344154358
result: False
power_upto_now: 0.021739130839705467
93th run
noise dimension : 27
noise variance: 34.3237419128418
original u-statistic:0.5114279985427856
p value proxy: 0.15614616870880127
result: False
power_upto_now: 0.02150537632405758
94th run
noise dimension : 27
noise variance: 34.284793853759766
original u-statistic:0.2104053497314453
p value proxy: 0.3720930218696594
result: False
power_upto_now: 0.021276595070958138
95th run
noise dimension : 27
noise variance: 34.41091537475586
original u-statistic:-0.10301637649536133
p value proxy: 0.5581395030021667
result: False
power_upto_now: 0.021052632480859756
96th run
noise dimension : 27
noise variance: 34.136558532714844
original u-statistic:0.8310801982879639
p value proxy: 0.05647840350866318
result: False
power_upto_now: 0.02083333395421505
97th run
noise dimension : 27
noise variance: 34.89044189453125
original u-statistic:0.8272016048431396
p value proxy: 0.07308969646692276
result: False
power_upto_now: 0.020618556067347527
98th run
noise dimension : 27
noise variance: 34.703922271728516
original u-statistic:-0.4250626564025879
p value proxy: 0.7740863561630249
result: False
power_upto_now: 0.020408162847161293
99th run
noise dimension : 27
noise variance: 34.717140197753906
original u-statistic:-0.8406457901000977
p value proxy: 0.9734219312667847
result: False
power_upto_now: 0.020202020183205605
100th run
noise dimension : 27
noise variance: 34.285560607910156
original u-statistic:-0.40909886360168457
p value proxy: 0.7275747060775757
result: False
power_upto_now: 0.019999999552965164
101th run
noise dimension : 27
noise variance: 34.44054412841797
original u-statistic:0.23173046112060547
p value proxy: 0.2857142686843872
result: False
power_upto_now: 0.019801979884505272
102th run
noise dimension : 27
noise variance: 34.85953140258789
original u-statistic:-0.14936184883117676
p value proxy: 0.5481727719306946
result: False
power_upto_now: 0.019607843831181526
103th run
noise dimension : 27
noise variance: 34.49131393432617
original u-statistic:-0.9443364143371582
p value proxy: 0.9867109656333923
result: False
power_upto_now: 0.019417475908994675
104th run
noise dimension : 27
noise variance: 34.05493927001953
original u-statistic:0.3647880554199219
p value proxy: 0.23255813121795654
result: False
power_upto_now: 0.01923076994717121
105th run
noise dimension : 27
noise variance: 34.85991287231445
original u-statistic:0.4247896671295166
p value proxy: 0.2059800624847412
result: False
power_upto_now: 0.01904761977493763
106th run
noise dimension : 27
noise variance: 34.47124099731445
original u-statistic:0.4761996269226074
p value proxy: 0.18936876952648163
result: False
power_upto_now: 0.01886792480945587
107th run
noise dimension : 27
noise variance: 34.483821868896484
original u-statistic:-0.147757887840271
p value proxy: 0.5747508406639099
result: False
power_upto_now: 0.018691588193178177
108th run
noise dimension : 27
noise variance: 34.76589584350586
original u-statistic:-0.8521366119384766
p value proxy: 0.9734219312667847
result: False
power_upto_now: 0.018518518656492233
109th run
noise dimension : 27
noise variance: 33.808414459228516
original u-statistic:-0.720901370048523
p value proxy: 0.9435215592384338
result: False
power_upto_now: 0.01834862306714058
110th run
noise dimension : 27
noise variance: 34.1659049987793
original u-statistic:0.3128671646118164
p value proxy: 0.21926909685134888
result: False
power_upto_now: 0.0181818176060915
111th run
noise dimension : 27
noise variance: 34.99492263793945
original u-statistic:-0.7752145528793335
p value proxy: 0.9468438029289246
result: False
power_upto_now: 0.018018018454313278
112th run
noise dimension : 27
noise variance: 34.30905532836914
original u-statistic:0.10015749931335449
p value proxy: 0.3621262311935425
result: False
power_upto_now: 0.01785714365541935
113th run
noise dimension : 27
noise variance: 34.536556243896484
original u-statistic:0.024901926517486572
p value proxy: 0.47508305311203003
result: False
power_upto_now: 0.017699114978313446
114th run
noise dimension : 27
noise variance: 34.680870056152344
original u-statistic:-0.3744213581085205
p value proxy: 0.7508305311203003
result: False
power_upto_now: 0.017543859779834747
115th run
noise dimension : 27
noise variance: 34.76127624511719
original u-statistic:0.5803284645080566
p value proxy: 0.11960132420063019
result: False
power_upto_now: 0.017391303554177284
116th run
noise dimension : 27
noise variance: 34.39371109008789
original u-statistic:-0.07719552516937256
p value proxy: 0.514950156211853
result: False
power_upto_now: 0.017241379246115685
117th run
noise dimension : 27
noise variance: 34.00774383544922
original u-statistic:-0.6470365524291992
p value proxy: 0.9202657341957092
result: False
power_upto_now: 0.017094017937779427
118th run
noise dimension : 27
noise variance: 34.44527816772461
original u-statistic:1.1012308597564697
p value proxy: 0.039867110550403595
result: True
power_upto_now: 0.025423727929592133
119th run
noise dimension : 27
noise variance: 34.86172103881836
original u-statistic:-0.30396294593811035
p value proxy: 0.7176079750061035
result: False
power_upto_now: 0.02521008439362049
120th run
noise dimension : 27
noise variance: 35.05891036987305
original u-statistic:0.5889489650726318
p value proxy: 0.11960132420063019
result: False
power_upto_now: 0.02500000037252903
121th run
noise dimension : 27
noise variance: 34.48841094970703
original u-statistic:-0.17935609817504883
p value proxy: 0.6245846748352051
result: False
power_upto_now: 0.024793388321995735
122th run
noise dimension : 27
noise variance: 34.372501373291016
original u-statistic:-0.24866247177124023
p value proxy: 0.714285671710968
result: False
power_upto_now: 0.02459016442298889
123th run
noise dimension : 27
noise variance: 34.82926559448242
original u-statistic:-0.2086702585220337
p value proxy: 0.6245846748352051
result: False
power_upto_now: 0.024390242993831635
124th run
noise dimension : 27
noise variance: 34.796653747558594
original u-statistic:-0.3251793384552002
p value proxy: 0.6877076029777527
result: False
power_upto_now: 0.024193547666072845
125th run
noise dimension : 27
noise variance: 34.26810836791992
original u-statistic:-0.09509706497192383
p value proxy: 0.5315614342689514
result: False
power_upto_now: 0.024000000208616257
126th run
noise dimension : 27
noise variance: 34.29977035522461
original u-statistic:1.4206092357635498
p value proxy: 0.009966777637600899
result: True
power_upto_now: 0.0317460335791111
127th run
noise dimension : 27
noise variance: 34.37446594238281
original u-statistic:-0.10702991485595703
p value proxy: 0.5813953280448914
result: False
power_upto_now: 0.031496062874794006
128th run
noise dimension : 27
noise variance: 34.56273651123047
original u-statistic:0.6164035797119141
p value proxy: 0.11627906560897827
result: False
power_upto_now: 0.03125
129th run
noise dimension : 27
noise variance: 34.574493408203125
original u-statistic:-0.8131139278411865
p value proxy: 0.9634551405906677
result: False
power_upto_now: 0.03100775182247162
130th run
noise dimension : 27
noise variance: 34.82350540161133
original u-statistic:-0.30965232849121094
p value proxy: 0.6910299062728882
result: False
power_upto_now: 0.03076923079788685
131th run
noise dimension : 27
noise variance: 34.409515380859375
original u-statistic:-0.31601524353027344
p value proxy: 0.724252462387085
result: False
power_upto_now: 0.030534351244568825
132th run
noise dimension : 27
noise variance: 34.10546875
original u-statistic:0.5124136209487915
p value proxy: 0.17275747656822205
result: False
power_upto_now: 0.03030303120613098
133th run
noise dimension : 27
noise variance: 34.88339614868164
original u-statistic:-0.3547704219818115
p value proxy: 0.6644518375396729
result: False
power_upto_now: 0.030075188726186752
134th run
noise dimension : 27
noise variance: 34.52526092529297
original u-statistic:-0.23394393920898438
p value proxy: 0.6378737688064575
result: False
power_upto_now: 0.02985074557363987
135th run
noise dimension : 27
noise variance: 34.801902770996094
original u-statistic:-0.6737022399902344
p value proxy: 0.9136212468147278
result: False
power_upto_now: 0.029629629105329514
136th run
noise dimension : 27
noise variance: 34.69015121459961
original u-statistic:-0.1642169952392578
p value proxy: 0.5980066061019897
result: False
power_upto_now: 0.029411764815449715
137th run
noise dimension : 27
noise variance: 34.05644989013672
original u-statistic:0.5288588404655457
p value proxy: 0.15614616870880127
result: False
power_upto_now: 0.029197080060839653
138th run
noise dimension : 27
noise variance: 34.840911865234375
original u-statistic:-0.20657038688659668
p value proxy: 0.6013289093971252
result: False
power_upto_now: 0.028985507786273956
139th run
noise dimension : 27
noise variance: 35.25545120239258
original u-statistic:-0.13634204864501953
p value proxy: 0.5282391905784607
result: False
power_upto_now: 0.028776979073882103
140th run
noise dimension : 27
noise variance: 34.38811111450195
original u-statistic:0.16529607772827148
p value proxy: 0.3255814015865326
result: False
power_upto_now: 0.02857142873108387
141th run
noise dimension : 27
noise variance: 34.582157135009766
original u-statistic:-0.27829551696777344
p value proxy: 0.6611295342445374
result: False
power_upto_now: 0.028368793427944183
142th run
noise dimension : 27
noise variance: 34.8729248046875
original u-statistic:-0.4445042610168457
p value proxy: 0.8006644248962402
result: False
power_upto_now: 0.028169013559818268
143th run
noise dimension : 27
noise variance: 33.99393844604492
original u-statistic:-0.6574008464813232
p value proxy: 0.9335547685623169
result: False
power_upto_now: 0.0279720276594162
144th run
noise dimension : 27
noise variance: 34.8487548828125
original u-statistic:1.0711615085601807
p value proxy: 0.039867110550403595
result: True
power_upto_now: 0.0347222238779068
145th run
noise dimension : 27
noise variance: 34.7149772644043
original u-statistic:0.02124333381652832
p value proxy: 0.421926885843277
result: False
power_upto_now: 0.03448275849223137
146th run
noise dimension : 27
noise variance: 34.92227554321289
original u-statistic:-0.19245171546936035
p value proxy: 0.6578072905540466
result: False
power_upto_now: 0.034246575087308884
147th run
noise dimension : 27
noise variance: 34.77811813354492
original u-statistic:-0.38440608978271484
p value proxy: 0.7375414967536926
result: False
power_upto_now: 0.03401360660791397
148th run
noise dimension : 27
noise variance: 34.566776275634766
original u-statistic:-0.6887820959091187
p value proxy: 0.9269102811813354
result: False
power_upto_now: 0.03378378227353096
149th run
noise dimension : 27
noise variance: 34.74711990356445
original u-statistic:0.9073848724365234
p value proxy: 0.049833886325359344
result: True
power_upto_now: 0.04026845470070839
150th run
noise dimension : 27
noise variance: 34.9058837890625
original u-statistic:0.041419029235839844
p value proxy: 0.4252491593360901
result: False
power_upto_now: 0.03999999910593033
151th run
noise dimension : 27
noise variance: 34.898826599121094
original u-statistic:-0.20386195182800293
p value proxy: 0.6212624311447144
result: False
power_upto_now: 0.0397351011633873
152th run
noise dimension : 27
noise variance: 34.5843505859375
original u-statistic:-0.48236918449401855
p value proxy: 0.843853771686554
result: False
power_upto_now: 0.03947368264198303
153th run
noise dimension : 27
noise variance: 34.33930206298828
original u-statistic:0.18731927871704102
p value proxy: 0.3853820562362671
result: False
power_upto_now: 0.03921568766236305
154th run
noise dimension : 27
noise variance: 34.8736457824707
original u-statistic:0.27358686923980713
p value proxy: 0.2857142686843872
result: False
power_upto_now: 0.03896103799343109
155th run
noise dimension : 27
noise variance: 34.77334213256836
original u-statistic:-0.8056895732879639
p value proxy: 0.9534883499145508
result: False
power_upto_now: 0.03870967775583267
156th run
noise dimension : 27
noise variance: 34.57843780517578
original u-statistic:-0.37184596061706543
p value proxy: 0.7308970093727112
result: False
power_upto_now: 0.03846153989434242
157th run
noise dimension : 27
noise variance: 35.229061126708984
original u-statistic:0.553629994392395
p value proxy: 0.16943521797657013
result: False
power_upto_now: 0.03821656107902527
158th run
noise dimension : 27
noise variance: 34.79159164428711
original u-statistic:-0.010370016098022461
p value proxy: 0.5215946435928345
result: False
power_upto_now: 0.037974681705236435
159th run
noise dimension : 27
noise variance: 34.79678726196289
original u-statistic:0.27730488777160645
p value proxy: 0.3521594703197479
result: False
power_upto_now: 0.03773584961891174
160th run
noise dimension : 27
noise variance: 34.57243728637695
original u-statistic:0.4775429964065552
p value proxy: 0.19601328670978546
result: False
power_upto_now: 0.03750000149011612
161th run
noise dimension : 27
noise variance: 34.32756805419922
original u-statistic:0.0971231460571289
p value proxy: 0.342192679643631
result: False
power_upto_now: 0.03726708143949509
162th run
noise dimension : 27
noise variance: 34.43323516845703
original u-statistic:0.644038200378418
p value proxy: 0.11295680701732635
result: False
power_upto_now: 0.03703703731298447
163th run
noise dimension : 27
noise variance: 35.33232879638672
original u-statistic:0.25362563133239746
p value proxy: 0.2823920249938965
result: False
power_upto_now: 0.03680981695652008
164th run
noise dimension : 27
noise variance: 34.28356170654297
original u-statistic:0.6666369438171387
p value proxy: 0.09966777265071869
result: False
power_upto_now: 0.03658536449074745
165th run
noise dimension : 27
noise variance: 34.421348571777344
original u-statistic:-0.1830735206604004
p value proxy: 0.5847175717353821
result: False
power_upto_now: 0.036363635212183
166th run
noise dimension : 27
noise variance: 34.3231086730957
original u-statistic:0.023270130157470703
p value proxy: 0.43521595001220703
result: False
power_upto_now: 0.03614457696676254
167th run
noise dimension : 27
noise variance: 34.27792739868164
original u-statistic:0.2740821838378906
p value proxy: 0.3255814015865326
result: False
power_upto_now: 0.0359281450510025
168th run
noise dimension : 27
noise variance: 33.99271774291992
original u-statistic:0.20006799697875977
p value proxy: 0.3222591280937195
result: False
power_upto_now: 0.0357142873108387
169th run
noise dimension : 27
noise variance: 34.528709411621094
original u-statistic:-0.0377354621887207
p value proxy: 0.47840529680252075
result: False
power_upto_now: 0.03550295904278755
170th run
noise dimension : 27
noise variance: 35.21743392944336
original u-statistic:-0.5928709506988525
p value proxy: 0.8837209343910217
result: False
power_upto_now: 0.03529411926865578
171th run
noise dimension : 27
noise variance: 34.98914337158203
original u-statistic:0.20362353324890137
p value proxy: 0.3621262311935425
result: False
power_upto_now: 0.035087719559669495
172th run
noise dimension : 27
noise variance: 34.91835403442383
original u-statistic:-0.38912177085876465
p value proxy: 0.7674418687820435
result: False
power_upto_now: 0.03488372266292572
173th run
noise dimension : 27
noise variance: 34.59490966796875
original u-statistic:-0.6146130561828613
p value proxy: 0.9003322124481201
result: False
power_upto_now: 0.034682080149650574
174th run
noise dimension : 27
noise variance: 35.087398529052734
original u-statistic:-0.2960571050643921
p value proxy: 0.6810631155967712
result: False
power_upto_now: 0.03448275849223137
175th run
noise dimension : 27
noise variance: 34.49150848388672
original u-statistic:-0.03601980209350586
p value proxy: 0.5083056092262268
result: False
power_upto_now: 0.034285712987184525
176th run
noise dimension : 27
noise variance: 34.023433685302734
original u-statistic:-0.01323843002319336
p value proxy: 0.49833884835243225
result: False
power_upto_now: 0.034090910106897354
177th run
noise dimension : 27
noise variance: 34.75443649291992
original u-statistic:-0.026953697204589844
p value proxy: 0.4850498139858246
result: False
power_upto_now: 0.033898305147886276
178th run
noise dimension : 27
noise variance: 35.220069885253906
original u-statistic:0.7763091325759888
p value proxy: 0.08637873828411102
result: False
power_upto_now: 0.033707864582538605
179th run
noise dimension : 27
noise variance: 34.62276077270508
original u-statistic:-0.5127373933792114
p value proxy: 0.8604651093482971
result: False
power_upto_now: 0.03351955488324165
180th run
noise dimension : 27
noise variance: 34.6666259765625
original u-statistic:-0.011258482933044434
p value proxy: 0.4451827108860016
result: False
power_upto_now: 0.03333333507180214
181th run
noise dimension : 27
noise variance: 34.32268524169922
original u-statistic:-0.22285866737365723
p value proxy: 0.6179401874542236
result: False
power_upto_now: 0.033149171620607376
182th run
noise dimension : 27
noise variance: 34.658206939697266
original u-statistic:0.7796764373779297
p value proxy: 0.06976743787527084
result: False
power_upto_now: 0.032967034727334976
183th run
noise dimension : 27
noise variance: 34.66670227050781
original u-statistic:0.27655839920043945
p value proxy: 0.2890365421772003
result: False
power_upto_now: 0.032786883413791656
184th run
noise dimension : 27
noise variance: 34.33421325683594
original u-statistic:-0.023110628128051758
p value proxy: 0.4850498139858246
result: False
power_upto_now: 0.032608695328235626
185th run
noise dimension : 27
noise variance: 34.96470642089844
original u-statistic:0.06621146202087402
p value proxy: 0.4285714328289032
result: False
power_upto_now: 0.0324324332177639
186th run
noise dimension : 27
noise variance: 33.94607162475586
original u-statistic:0.04566240310668945
p value proxy: 0.4086378514766693
result: False
power_upto_now: 0.032258063554763794
187th run
noise dimension : 27
noise variance: 33.96968078613281
original u-statistic:0.08834636211395264
p value proxy: 0.37873753905296326
result: False
power_upto_now: 0.03208556026220322
188th run
noise dimension : 27
noise variance: 34.212398529052734
original u-statistic:0.6170258522033691
p value proxy: 0.12624584138393402
result: False
power_upto_now: 0.03191489353775978
189th run
noise dimension : 27
noise variance: 35.22800064086914
original u-statistic:0.1332995891571045
p value proxy: 0.35880398750305176
result: False
power_upto_now: 0.0317460335791111
190th run
noise dimension : 27
noise variance: 34.90510559082031
original u-statistic:0.5146963596343994
p value proxy: 0.17940199375152588
result: False
power_upto_now: 0.031578946858644485
191th run
noise dimension : 27
noise variance: 34.162227630615234
original u-statistic:0.07382440567016602
p value proxy: 0.3920265734195709
result: False
power_upto_now: 0.03141361102461815
192th run
noise dimension : 27
noise variance: 34.57231903076172
original u-statistic:0.3689386248588562
p value proxy: 0.21262457966804504
result: False
power_upto_now: 0.03125
193th run
noise dimension : 27
noise variance: 34.37895965576172
original u-statistic:0.7312610149383545
p value proxy: 0.06312292069196701
result: False
power_upto_now: 0.031088082119822502
194th run
noise dimension : 27
noise variance: 34.48029708862305
original u-statistic:0.2624373435974121
p value proxy: 0.262458473443985
result: False
power_upto_now: 0.030927835032343864
195th run
noise dimension : 27
noise variance: 34.766475677490234
original u-statistic:0.1530628204345703
p value proxy: 0.3289036452770233
result: False
power_upto_now: 0.03076923079788685
196th run
noise dimension : 27
noise variance: 34.688846588134766
original u-statistic:-0.01923513412475586
p value proxy: 0.4684385359287262
result: False
power_upto_now: 0.030612245202064514
197th run
noise dimension : 27
noise variance: 34.61968231201172
original u-statistic:0.9552608728408813
p value proxy: 0.04318936914205551
result: True
power_upto_now: 0.03553299605846405
198th run
noise dimension : 27
noise variance: 34.54035949707031
original u-statistic:1.1388537883758545
p value proxy: 0.03654484823346138
result: True
power_upto_now: 0.04040404036641121
199th run
noise dimension : 27
noise variance: 34.856117248535156
original u-statistic:-0.4298745393753052
p value proxy: 0.8106312155723572
result: False
power_upto_now: 0.04020100459456444
200th run
noise dimension : 27
noise variance: 34.90886306762695
original u-statistic:-0.15225601196289062
p value proxy: 0.5581395030021667
result: False
power_upto_now: 0.03999999910593033
201th run
noise dimension : 27
noise variance: 35.28643035888672
original u-statistic:-0.2939412593841553
p value proxy: 0.6877076029777527
result: False
power_upto_now: 0.03980099409818649
202th run
noise dimension : 27
noise variance: 34.482234954833984
original u-statistic:0.3278985023498535
p value proxy: 0.2823920249938965
result: False
power_upto_now: 0.039603959769010544
203th run
noise dimension : 27
noise variance: 34.546409606933594
original u-statistic:-0.036136507987976074
p value proxy: 0.46179401874542236
result: False
power_upto_now: 0.03940886631608009
204th run
noise dimension : 27
noise variance: 35.109676361083984
original u-statistic:0.9611866474151611
p value proxy: 0.033222589641809464
result: True
power_upto_now: 0.04411764815449715
205th run
noise dimension : 27
noise variance: 34.40550231933594
original u-statistic:0.8522202968597412
p value proxy: 0.06644517928361893
result: False
power_upto_now: 0.043902438133955
206th run
noise dimension : 27
noise variance: 34.52339172363281
original u-statistic:-0.9351791143417358
p value proxy: 0.9800664186477661
result: False
power_upto_now: 0.04368932172656059
207th run
noise dimension : 27
noise variance: 34.77980041503906
original u-statistic:0.8336236476898193
p value proxy: 0.039867110550403595
result: True
power_upto_now: 0.04830917716026306
208th run
noise dimension : 27
noise variance: 34.26639938354492
original u-statistic:0.8680272102355957
p value proxy: 0.06312292069196701
result: False
power_upto_now: 0.048076923936605453
209th run
noise dimension : 27
noise variance: 34.060550689697266
original u-statistic:-0.17023158073425293
p value proxy: 0.5581395030021667
result: False
power_upto_now: 0.04784689098596573
210th run
noise dimension : 27
noise variance: 34.58393478393555
original u-statistic:0.6804811954498291
p value proxy: 0.08970099687576294
result: False
power_upto_now: 0.0476190485060215
211th run
noise dimension : 27
noise variance: 34.863685607910156
original u-statistic:0.08283805847167969
p value proxy: 0.35880398750305176
result: False
power_upto_now: 0.04739336669445038
212th run
noise dimension : 27
noise variance: 34.23666000366211
original u-statistic:0.11162233352661133
p value proxy: 0.31229233741760254
result: False
power_upto_now: 0.04716981202363968
213th run
noise dimension : 27
noise variance: 34.5101432800293
original u-statistic:0.37359464168548584
p value proxy: 0.2691029906272888
result: False
power_upto_now: 0.04694835841655731
214th run
noise dimension : 27
noise variance: 34.206600189208984
original u-statistic:0.044821739196777344
p value proxy: 0.4252491593360901
result: False
power_upto_now: 0.04672897234559059
215th run
noise dimension : 27
noise variance: 35.0274772644043
original u-statistic:-0.32755231857299805
p value proxy: 0.6710963249206543
result: False
power_upto_now: 0.04651162773370743
216th run
noise dimension : 27
noise variance: 34.44892120361328
original u-statistic:0.1097865104675293
p value proxy: 0.3654485046863556
result: False
power_upto_now: 0.046296294778585434
217th run
noise dimension : 27
noise variance: 33.878597259521484
original u-statistic:-0.0017631053924560547
p value proxy: 0.4651162624359131
result: False
power_upto_now: 0.04608295112848282
218th run
noise dimension : 27
noise variance: 34.510372161865234
original u-statistic:1.2698326110839844
p value proxy: 0.023255813866853714
result: True
power_upto_now: 0.05045871436595917
219th run
noise dimension : 27
noise variance: 33.837303161621094
original u-statistic:0.5728499889373779
p value proxy: 0.10963454842567444
result: False
power_upto_now: 0.0502283088862896
220th run
noise dimension : 27
noise variance: 34.78181457519531
original u-statistic:0.2961151599884033
p value proxy: 0.31893688440322876
result: False
power_upto_now: 0.05000000074505806
221th run
noise dimension : 27
noise variance: 34.43902587890625
original u-statistic:0.09682416915893555
p value proxy: 0.3488371968269348
result: False
power_upto_now: 0.04977375641465187
222th run
noise dimension : 27
noise variance: 34.65544891357422
original u-statistic:-0.6725220680236816
p value proxy: 0.9202657341957092
result: False
power_upto_now: 0.04954954981803894
223th run
noise dimension : 27
noise variance: 34.5300178527832
original u-statistic:0.35219717025756836
p value proxy: 0.21594683825969696
result: False
power_upto_now: 0.04932735487818718
224th run
noise dimension : 27
noise variance: 34.69807052612305
original u-statistic:-0.622090220451355
p value proxy: 0.8538205623626709
result: False
power_upto_now: 0.0491071417927742
225th run
noise dimension : 27
noise variance: 35.089515686035156
original u-statistic:0.42010629177093506
p value proxy: 0.2657807171344757
result: False
power_upto_now: 0.04888888821005821
226th run
noise dimension : 27
noise variance: 34.84592819213867
original u-statistic:0.8208032846450806
p value proxy: 0.06312292069196701
result: False
power_upto_now: 0.048672568053007126
227th run
noise dimension : 27
noise variance: 34.56352233886719
original u-statistic:-0.7734154462814331
p value proxy: 0.9501661062240601
result: False
power_upto_now: 0.04845815151929855
228th run
noise dimension : 27
noise variance: 34.895206451416016
original u-statistic:0.20084023475646973
p value proxy: 0.29568105936050415
result: False
power_upto_now: 0.048245612531900406
229th run
noise dimension : 27
noise variance: 34.5931282043457
original u-statistic:0.6158128976821899
p value proxy: 0.10963454842567444
result: False
power_upto_now: 0.04803493618965149
230th run
noise dimension : 27
noise variance: 34.129459381103516
original u-statistic:-0.2938687801361084
p value proxy: 0.6910299062728882
result: False
power_upto_now: 0.04782608523964882
231th run
noise dimension : 27
noise variance: 34.79806900024414
original u-statistic:1.3357592821121216
p value proxy: 0.006644518114626408
result: True
power_upto_now: 0.051948051899671555
232th run
noise dimension : 27
noise variance: 34.7352294921875
original u-statistic:0.6876254081726074
p value proxy: 0.1229235827922821
result: False
power_upto_now: 0.0517241396009922
233th run
noise dimension : 27
noise variance: 34.800514221191406
original u-statistic:-0.7875185012817383
p value proxy: 0.9734219312667847
result: False
power_upto_now: 0.05150214582681656
234th run
noise dimension : 27
noise variance: 34.72926330566406
original u-statistic:0.24292635917663574
p value proxy: 0.3255814015865326
result: False
power_upto_now: 0.05128205195069313
235th run
noise dimension : 27
noise variance: 34.68354415893555
original u-statistic:0.27441322803497314
p value proxy: 0.27574750781059265
result: False
power_upto_now: 0.05106382817029953
236th run
noise dimension : 27
noise variance: 34.69236755371094
original u-statistic:-0.7356133460998535
p value proxy: 0.9534883499145508
result: False
power_upto_now: 0.050847455859184265
237th run
noise dimension : 27
noise variance: 34.09877395629883
original u-statistic:0.45173633098602295
p value proxy: 0.17940199375152588
result: False
power_upto_now: 0.050632912665605545
238th run
noise dimension : 27
noise variance: 35.16445541381836
original u-statistic:0.5610302686691284
p value proxy: 0.1627907007932663
result: False
power_upto_now: 0.05042016878724098
239th run
noise dimension : 27
noise variance: 33.933815002441406
original u-statistic:0.016910195350646973
p value proxy: 0.4651162624359131
result: False
power_upto_now: 0.050209205597639084
240th run
noise dimension : 27
noise variance: 34.31424331665039
original u-statistic:-0.5036280155181885
p value proxy: 0.8305647373199463
result: False
power_upto_now: 0.05000000074505806
241th run
noise dimension : 27
noise variance: 34.24367141723633
original u-statistic:-0.6561902761459351
p value proxy: 0.8837209343910217
result: False
power_upto_now: 0.04979253187775612
242th run
noise dimension : 27
noise variance: 34.66123580932617
original u-statistic:-0.26399755477905273
p value proxy: 0.6810631155967712
result: False
power_upto_now: 0.04958677664399147
243th run
noise dimension : 27
noise variance: 34.89278793334961
original u-statistic:-0.40453124046325684
p value proxy: 0.764119565486908
result: False
power_upto_now: 0.04938271641731262
244th run
noise dimension : 27
noise variance: 34.44395446777344
original u-statistic:-0.4929770231246948
p value proxy: 0.8372092843055725
result: False
power_upto_now: 0.04918032884597778
245th run
noise dimension : 27
noise variance: 34.74639129638672
original u-statistic:-0.12508416175842285
p value proxy: 0.6013289093971252
result: False
power_upto_now: 0.04897959157824516
246th run
noise dimension : 27
noise variance: 34.713417053222656
original u-statistic:-1.121889352798462
p value proxy: 0.9933554530143738
result: False
power_upto_now: 0.04878048598766327
247th run
noise dimension : 27
noise variance: 35.036502838134766
original u-statistic:0.13910317420959473
p value proxy: 0.37873753905296326
result: False
power_upto_now: 0.04858299717307091
248th run
noise dimension : 27
noise variance: 34.59685516357422
original u-statistic:-0.2608451843261719
p value proxy: 0.6212624311447144
result: False
power_upto_now: 0.04838709533214569
249th run
noise dimension : 27
noise variance: 34.00972366333008
original u-statistic:-0.11108529567718506
p value proxy: 0.5215946435928345
result: False
power_upto_now: 0.048192769289016724
250th run
noise dimension : 27
noise variance: 34.67488098144531
original u-statistic:0.4274548292160034
p value proxy: 0.17275747656822205
result: False
power_upto_now: 0.04800000041723251
251th run
noise dimension : 27
noise variance: 34.7629280090332
original u-statistic:0.5322873592376709
p value proxy: 0.12956809997558594
result: False
power_upto_now: 0.04780876636505127
252th run
noise dimension : 27
noise variance: 34.35383987426758
original u-statistic:-0.6915594339370728
p value proxy: 0.9269102811813354
result: False
power_upto_now: 0.0476190485060215
253th run
noise dimension : 27
noise variance: 34.64544677734375
original u-statistic:0.27238309383392334
p value proxy: 0.2790697515010834
result: False
power_upto_now: 0.04743082821369171
254th run
noise dimension : 27
noise variance: 34.35158157348633
original u-statistic:-1.1063756942749023
p value proxy: 1.0
result: False
power_upto_now: 0.04724409431219101
255th run
noise dimension : 27
noise variance: 34.47016525268555
original u-statistic:0.24788105487823486
p value proxy: 0.3056478202342987
result: False
power_upto_now: 0.0470588244497776
256th run
noise dimension : 27
noise variance: 34.17646026611328
original u-statistic:-0.5731689929962158
p value proxy: 0.8671095967292786
result: False
power_upto_now: 0.046875
257th run
noise dimension : 27
noise variance: 33.963401794433594
original u-statistic:-0.6208889484405518
p value proxy: 0.9069766998291016
result: False
power_upto_now: 0.046692606061697006
258th run
noise dimension : 27
noise variance: 34.669090270996094
original u-statistic:0.03783607482910156
p value proxy: 0.43521595001220703
result: False
power_upto_now: 0.04651162773370743
259th run
noise dimension : 27
noise variance: 34.66835021972656
original u-statistic:0.6982550621032715
p value proxy: 0.06644517928361893
result: False
power_upto_now: 0.04633204638957977
260th run
noise dimension : 27
noise variance: 34.574012756347656
original u-statistic:-0.375929594039917
p value proxy: 0.7508305311203003
result: False
power_upto_now: 0.04615384712815285
261th run
noise dimension : 27
noise variance: 34.60818862915039
original u-statistic:-0.09664773941040039
p value proxy: 0.5382059812545776
result: False
power_upto_now: 0.04597701132297516
262th run
noise dimension : 27
noise variance: 34.17390441894531
original u-statistic:0.2683224678039551
p value proxy: 0.27574750781059265
result: False
power_upto_now: 0.04580152779817581
263th run
noise dimension : 27
noise variance: 35.134552001953125
original u-statistic:0.12475502490997314
p value proxy: 0.39534881711006165
result: False
power_upto_now: 0.045627377927303314
264th run
noise dimension : 27
noise variance: 34.57285690307617
original u-statistic:-0.16273200511932373
p value proxy: 0.5581395030021667
result: False
power_upto_now: 0.04545454680919647
265th run
noise dimension : 27
noise variance: 34.531341552734375
original u-statistic:0.3721451759338379
p value proxy: 0.23920264840126038
result: False
power_upto_now: 0.04528301954269409
266th run
noise dimension : 27
noise variance: 34.38007736206055
original u-statistic:0.7282721996307373
p value proxy: 0.08637873828411102
result: False
power_upto_now: 0.04511278122663498
267th run
noise dimension : 27
noise variance: 34.5515022277832
original u-statistic:-0.4799971580505371
p value proxy: 0.8305647373199463
result: False
power_upto_now: 0.04494382068514824
268th run
noise dimension : 27
noise variance: 34.25775909423828
original u-statistic:-0.32795095443725586
p value proxy: 0.6777408719062805
result: False
power_upto_now: 0.04477611929178238
269th run
noise dimension : 27
noise variance: 35.015472412109375
original u-statistic:-0.16382241249084473
p value proxy: 0.5747508406639099
result: False
power_upto_now: 0.044609665870666504
270th run
noise dimension : 27
noise variance: 34.25208282470703
original u-statistic:-0.6672194004058838
p value proxy: 0.9269102811813354
result: False
power_upto_now: 0.04444444552063942
271th run
noise dimension : 27
noise variance: 34.36676025390625
original u-statistic:1.0112521648406982
p value proxy: 0.03654484823346138
result: True
power_upto_now: 0.0479704812169075
272th run
noise dimension : 27
noise variance: 34.58839797973633
original u-statistic:0.6808698177337646
p value proxy: 0.07641195505857468
result: False
power_upto_now: 0.04779411852359772
273th run
noise dimension : 27
noise variance: 34.35857009887695
original u-statistic:-0.4383277893066406
p value proxy: 0.7973421812057495
result: False
power_upto_now: 0.0476190485060215
274th run
noise dimension : 27
noise variance: 34.53131103515625
original u-statistic:-0.31694889068603516
p value proxy: 0.6943521499633789
result: False
power_upto_now: 0.047445256263017654
275th run
noise dimension : 27
noise variance: 34.961463928222656
original u-statistic:0.483795166015625
p value proxy: 0.1661129593849182
result: False
power_upto_now: 0.04727272689342499
276th run
noise dimension : 27
noise variance: 34.521671295166016
original u-statistic:-1.0202813148498535
p value proxy: 0.9966776967048645
result: False
power_upto_now: 0.047101449221372604
277th run
noise dimension : 27
noise variance: 33.865272521972656
original u-statistic:0.2112112045288086
p value proxy: 0.29235878586769104
result: False
power_upto_now: 0.04693140834569931
278th run
noise dimension : 27
noise variance: 34.59608459472656
original u-statistic:0.20847558975219727
p value proxy: 0.29568105936050415
result: False
power_upto_now: 0.04676258936524391
279th run
noise dimension : 27
noise variance: 35.19404220581055
original u-statistic:0.6632189750671387
p value proxy: 0.11627906560897827
result: False
power_upto_now: 0.04659498110413551
280th run
noise dimension : 27
noise variance: 34.647613525390625
original u-statistic:-0.3683391809463501
p value proxy: 0.7375414967536926
result: False
power_upto_now: 0.04642857238650322
281th run
noise dimension : 27
noise variance: 34.71009063720703
original u-statistic:-0.7257663011550903
p value proxy: 0.9235880374908447
result: False
power_upto_now: 0.04626334458589554
282th run
noise dimension : 27
noise variance: 34.553951263427734
original u-statistic:0.5750036239624023
p value proxy: 0.15282391011714935
result: False
power_upto_now: 0.04609929025173187
283th run
noise dimension : 27
noise variance: 34.46561813354492
original u-statistic:-0.24785900115966797
p value proxy: 0.6411960124969482
result: False
power_upto_now: 0.04593639448285103
284th run
noise dimension : 27
noise variance: 34.88187789916992
original u-statistic:0.2978745698928833
p value proxy: 0.27574750781059265
result: False
power_upto_now: 0.04577464610338211
285th run
noise dimension : 27
noise variance: 34.163848876953125
original u-statistic:-0.47939109802246094
p value proxy: 0.8172757029533386
result: False
power_upto_now: 0.045614033937454224
286th run
noise dimension : 27
noise variance: 34.36931228637695
original u-statistic:-0.7020199298858643
p value proxy: 0.9435215592384338
result: False
power_upto_now: 0.04545454680919647
287th run
noise dimension : 27
noise variance: 33.91396713256836
original u-statistic:-0.08286714553833008
p value proxy: 0.5581395030021667
result: False
power_upto_now: 0.045296166092157364
288th run
noise dimension : 27
noise variance: 34.65779113769531
original u-statistic:0.1674288511276245
p value proxy: 0.342192679643631
result: False
power_upto_now: 0.0451388880610466
289th run
noise dimension : 27
noise variance: 35.022300720214844
original u-statistic:0.5756120681762695
p value proxy: 0.17275747656822205
result: False
power_upto_now: 0.04498269781470299
290th run
noise dimension : 27
noise variance: 34.810428619384766
original u-statistic:-0.9077597260475159
p value proxy: 0.9833886623382568
result: False
power_upto_now: 0.04482758790254593
291th run
noise dimension : 27
noise variance: 34.18260955810547
original u-statistic:0.49624884128570557
p value proxy: 0.1827242523431778
result: False
power_upto_now: 0.04467353969812393
292th run
noise dimension : 27
noise variance: 35.05064392089844
original u-statistic:0.637139618396759
p value proxy: 0.15282391011714935
result: False
power_upto_now: 0.0445205494761467
293th run
noise dimension : 27
noise variance: 34.197452545166016
original u-statistic:0.09609508514404297
p value proxy: 0.4086378514766693
result: False
power_upto_now: 0.04436860233545303
294th run
noise dimension : 27
noise variance: 34.50867462158203
original u-statistic:0.14901375770568848
p value proxy: 0.3654485046863556
result: False
power_upto_now: 0.04421768710017204
295th run
noise dimension : 27
noise variance: 34.91246795654297
original u-statistic:-0.6649267673492432
p value proxy: 0.8970099687576294
result: False
power_upto_now: 0.04406779631972313
296th run
noise dimension : 27
noise variance: 34.56652069091797
original u-statistic:-0.4697761535644531
p value proxy: 0.8006644248962402
result: False
power_upto_now: 0.0439189188182354
297th run
noise dimension : 27
noise variance: 34.28677749633789
original u-statistic:0.2507895231246948
p value proxy: 0.3322259187698364
result: False
power_upto_now: 0.04377104341983795
298th run
noise dimension : 27
noise variance: 34.484806060791016
original u-statistic:-0.2981172204017639
p value proxy: 0.7009966373443604
result: False
power_upto_now: 0.043624162673950195
299th run
noise dimension : 27
noise variance: 34.111289978027344
original u-statistic:-0.5740419626235962
p value proxy: 0.8637873530387878
result: False
power_upto_now: 0.043478261679410934
300th run
noise dimension : 27
noise variance: 35.17445755004883
original u-statistic:1.774411678314209
p value proxy: 0.003322259057313204
result: True
power_upto_now: 0.046666666865348816
301th run
noise dimension : 27
noise variance: 34.08812713623047
original u-statistic:0.3839123249053955
p value proxy: 0.2458471655845642
result: False
power_upto_now: 0.04651162773370743
302th run
noise dimension : 27
noise variance: 34.36350631713867
original u-statistic:0.5663304328918457
p value proxy: 0.19933554530143738
result: False
power_upto_now: 0.046357616782188416
303th run
noise dimension : 27
noise variance: 34.24315643310547
original u-statistic:-0.24030590057373047
p value proxy: 0.6910299062728882
result: False
power_upto_now: 0.046204619109630585
304th run
noise dimension : 27
noise variance: 34.40953826904297
original u-statistic:-0.1336057186126709
p value proxy: 0.5448504686355591
result: False
power_upto_now: 0.04605263099074364
305th run
noise dimension : 27
noise variance: 34.036354064941406
original u-statistic:0.040053367614746094
p value proxy: 0.421926885843277
result: False
power_upto_now: 0.04590163752436638
306th run
noise dimension : 27
noise variance: 34.97347640991211
original u-statistic:0.5652273893356323
p value proxy: 0.12624584138393402
result: False
power_upto_now: 0.04575163498520851
307th run
noise dimension : 27
noise variance: 34.93656921386719
original u-statistic:-0.49218547344207764
p value proxy: 0.8405315279960632
result: False
power_upto_now: 0.04560260474681854
308th run
noise dimension : 27
noise variance: 34.40062713623047
original u-statistic:0.8898758888244629
p value proxy: 0.059800662100315094
result: False
power_upto_now: 0.04545454680919647
309th run
noise dimension : 27
noise variance: 34.380435943603516
original u-statistic:-0.31625890731811523
p value proxy: 0.7009966373443604
result: False
power_upto_now: 0.04530744254589081
310th run
noise dimension : 27
noise variance: 34.309879302978516
original u-statistic:-0.9848482608795166
p value proxy: 0.9867109656333923
result: False
power_upto_now: 0.04516129195690155
311th run
noise dimension : 27
noise variance: 34.62080764770508
original u-statistic:-0.7388615608215332
p value proxy: 0.9302325248718262
result: False
power_upto_now: 0.045016076415777206
312th run
noise dimension : 27
noise variance: 34.36867904663086
original u-statistic:-1.1241629123687744
p value proxy: 1.0
result: False
power_upto_now: 0.044871795922517776
313th run
noise dimension : 27
noise variance: 34.71720886230469
original u-statistic:-0.6702663898468018
p value proxy: 0.9102990031242371
result: False
power_upto_now: 0.04472843557596207
314th run
noise dimension : 27
noise variance: 34.65342712402344
original u-statistic:-0.9691225290298462
p value proxy: 0.9667773842811584
result: False
power_upto_now: 0.04458598792552948
315th run
noise dimension : 27
noise variance: 34.564048767089844
original u-statistic:-0.831505298614502
p value proxy: 0.9435215592384338
result: False
power_upto_now: 0.04444444552063942
316th run
noise dimension : 27
noise variance: 34.36090087890625
original u-statistic:0.09430956840515137
p value proxy: 0.3488371968269348
result: False
power_upto_now: 0.04430379718542099
317th run
noise dimension : 27
noise variance: 33.934444427490234
original u-statistic:-0.11642289161682129
p value proxy: 0.5714285373687744
result: False
power_upto_now: 0.04416403919458389
318th run
noise dimension : 27
noise variance: 34.877197265625
original u-statistic:0.38842785358428955
p value proxy: 0.21926909685134888
result: False
power_upto_now: 0.044025156646966934
319th run
noise dimension : 27
noise variance: 35.17356872558594
original u-statistic:-0.7276982069015503
p value proxy: 0.9435215592384338
result: False
power_upto_now: 0.043887145817279816
320th run
noise dimension : 27
noise variance: 34.96967315673828
original u-statistic:0.33090806007385254
p value proxy: 0.21926909685134888
result: False
power_upto_now: 0.04374999925494194
321th run
noise dimension : 27
noise variance: 33.75865173339844
original u-statistic:-0.09463202953338623
p value proxy: 0.5448504686355591
result: False
power_upto_now: 0.04361370578408241
322th run
noise dimension : 27
noise variance: 34.93645095825195
original u-statistic:0.4281117916107178
p value proxy: 0.1827242523431778
result: False
power_upto_now: 0.043478261679410934
323th run
noise dimension : 27
noise variance: 34.253883361816406
original u-statistic:-0.13875246047973633
p value proxy: 0.49833884835243225
result: False
power_upto_now: 0.04334365203976631
324th run
noise dimension : 27
noise variance: 34.94404983520508
original u-statistic:-0.17850637435913086
p value proxy: 0.5880398750305176
result: False
power_upto_now: 0.043209876865148544
325th run
noise dimension : 27
noise variance: 34.730018615722656
original u-statistic:-0.554823637008667
p value proxy: 0.8538205623626709
result: False
power_upto_now: 0.04307692125439644
326th run
noise dimension : 27
noise variance: 34.622135162353516
original u-statistic:-0.35718321800231934
p value proxy: 0.7275747060775757
result: False
power_upto_now: 0.042944785207509995
327th run
noise dimension : 27
noise variance: 34.37886047363281
original u-statistic:0.4515650272369385
p value proxy: 0.21594683825969696
result: False
power_upto_now: 0.04281345382332802
328th run
noise dimension : 27
noise variance: 34.82761001586914
original u-statistic:-0.3210737705230713
p value proxy: 0.7408637404441833
result: False
power_upto_now: 0.04268292710185051
329th run
noise dimension : 27
noise variance: 34.69795608520508
original u-statistic:0.13031554222106934
p value proxy: 0.3887042999267578
result: False
power_upto_now: 0.042553190141916275
330th run
noise dimension : 27
noise variance: 34.62213134765625
original u-statistic:0.34078729152679443
p value proxy: 0.21926909685134888
result: False
power_upto_now: 0.042424242943525314
331th run
noise dimension : 27
noise variance: 34.741207122802734
original u-statistic:-0.20910096168518066
p value proxy: 0.5714285373687744
result: False
power_upto_now: 0.04229607433080673
332th run
noise dimension : 27
noise variance: 34.062618255615234
original u-statistic:-0.11645984649658203
p value proxy: 0.5116279125213623
result: False
power_upto_now: 0.04216867312788963
333th run
noise dimension : 27
noise variance: 34.84931564331055
original u-statistic:0.5814317464828491
p value proxy: 0.14950165152549744
result: False
power_upto_now: 0.042042043060064316
334th run
noise dimension : 27
noise variance: 35.237945556640625
original u-statistic:-0.7271357774734497
p value proxy: 0.9136212468147278
result: False
power_upto_now: 0.041916169226169586
335th run
noise dimension : 27
noise variance: 35.144981384277344
original u-statistic:-1.056713342666626
p value proxy: 0.9900332093238831
result: False
power_upto_now: 0.04179104417562485
336th run
noise dimension : 27
noise variance: 34.4041633605957
original u-statistic:-0.2264411449432373
p value proxy: 0.564784049987793
result: False
power_upto_now: 0.0416666679084301
337th run
noise dimension : 27
noise variance: 34.67914581298828
original u-statistic:0.325289249420166
p value proxy: 0.2790697515010834
result: False
power_upto_now: 0.04154302552342415
338th run
noise dimension : 27
noise variance: 34.24907684326172
original u-statistic:0.1359318494796753
p value proxy: 0.41860464215278625
result: False
power_upto_now: 0.041420117020606995
339th run
noise dimension : 27
noise variance: 34.39360809326172
original u-statistic:0.6084932088851929
p value proxy: 0.10631228983402252
result: False
power_upto_now: 0.04129793494939804
340th run
noise dimension : 27
noise variance: 34.47515106201172
original u-statistic:-0.003125429153442383
p value proxy: 0.47508305311203003
result: False
power_upto_now: 0.04117647185921669
341th run
noise dimension : 27
noise variance: 34.36335754394531
original u-statistic:-0.23892474174499512
p value proxy: 0.6943521499633789
result: False
power_upto_now: 0.041055720299482346
342th run
noise dimension : 27
noise variance: 33.94526672363281
original u-statistic:0.18691742420196533
p value proxy: 0.3488371968269348
result: False
power_upto_now: 0.04093567281961441
343th run
noise dimension : 27
noise variance: 34.077125549316406
original u-statistic:0.11737537384033203
p value proxy: 0.39867109060287476
result: False
power_upto_now: 0.040816325694322586
344th run
noise dimension : 27
noise variance: 34.1572265625
original u-statistic:-0.2944467067718506
p value proxy: 0.674418568611145
result: False
power_upto_now: 0.040697675198316574
345th run
noise dimension : 27
noise variance: 34.432151794433594
original u-statistic:-0.5080428123474121
p value proxy: 0.8671095967292786
result: False
power_upto_now: 0.04057971015572548
346th run
noise dimension : 27
noise variance: 34.420955657958984
original u-statistic:0.09374701976776123
p value proxy: 0.4252491593360901
result: False
power_upto_now: 0.040462426841259
347th run
noise dimension : 27
noise variance: 34.25849151611328
original u-statistic:0.009099483489990234
p value proxy: 0.4518272280693054
result: False
power_upto_now: 0.040345821529626846
348th run
noise dimension : 27
noise variance: 34.778900146484375
original u-statistic:-0.40127110481262207
p value proxy: 0.7740863561630249
result: False
power_upto_now: 0.04022988677024841
349th run
noise dimension : 27
noise variance: 34.25368881225586
original u-statistic:-0.23932087421417236
p value proxy: 0.6777408719062805
result: False
power_upto_now: 0.04011461138725281
350th run
noise dimension : 27
noise variance: 34.44953918457031
original u-statistic:-0.3923715353012085
p value proxy: 0.7906976342201233
result: False
power_upto_now: 0.03999999910593033
351th run
noise dimension : 27
noise variance: 34.17144012451172
original u-statistic:0.4357858896255493
p value proxy: 0.2026578038930893
result: False
power_upto_now: 0.03988603875041008
352th run
noise dimension : 27
noise variance: 34.68366241455078
original u-statistic:0.3729485273361206
p value proxy: 0.2225913554430008
result: False
power_upto_now: 0.039772726595401764
353th run
noise dimension : 27
noise variance: 34.47563934326172
original u-statistic:-0.35878515243530273
p value proxy: 0.7275747060775757
result: False
power_upto_now: 0.03966005519032478
354th run
noise dimension : 27
noise variance: 34.44551086425781
original u-statistic:1.2285096645355225
p value proxy: 0.019933555275201797
result: True
power_upto_now: 0.04237288236618042
355th run
noise dimension : 27
noise variance: 34.799922943115234
original u-statistic:-0.44088220596313477
p value proxy: 0.7541528344154358
result: False
power_upto_now: 0.0422535203397274
356th run
noise dimension : 27
noise variance: 34.4332160949707
original u-statistic:-0.4683654308319092
p value proxy: 0.8205980062484741
result: False
power_upto_now: 0.042134832590818405
357th run
noise dimension : 27
noise variance: 34.54352951049805
original u-statistic:-0.13299858570098877
p value proxy: 0.5847175717353821
result: False
power_upto_now: 0.042016807943582535
358th run
noise dimension : 27
noise variance: 33.84589385986328
original u-statistic:0.22627902030944824
p value proxy: 0.3654485046863556
result: False
power_upto_now: 0.04189944267272949
359th run
noise dimension : 27
noise variance: 34.69770812988281
original u-statistic:-0.26267457008361816
p value proxy: 0.7109634280204773
result: False
power_upto_now: 0.04178272932767868
360th run
noise dimension : 27
noise variance: 34.05617141723633
original u-statistic:1.481834053993225
p value proxy: 0.003322259057313204
result: True
power_upto_now: 0.04444444552063942
361th run
noise dimension : 27
noise variance: 34.83143997192383
original u-statistic:-0.17757344245910645
p value proxy: 0.6146179437637329
result: False
power_upto_now: 0.04432132840156555
362th run
noise dimension : 27
noise variance: 34.563175201416016
original u-statistic:0.6699709892272949
p value proxy: 0.1229235827922821
result: False
power_upto_now: 0.0441988967359066
363th run
noise dimension : 27
noise variance: 34.56889343261719
original u-statistic:0.6508139967918396
p value proxy: 0.10631228983402252
result: False
power_upto_now: 0.04407713562250137
364th run
noise dimension : 27
noise variance: 34.52423095703125
original u-statistic:0.5354353189468384
p value proxy: 0.14617939293384552
result: False
power_upto_now: 0.04395604506134987
365th run
noise dimension : 27
noise variance: 34.23077392578125
original u-statistic:-0.7376406192779541
p value proxy: 0.9435215592384338
result: False
power_upto_now: 0.04383561760187149
366th run
noise dimension : 27
noise variance: 34.711978912353516
original u-statistic:1.0225179195404053
p value proxy: 0.04651162773370743
result: True
power_upto_now: 0.04644808918237686
367th run
noise dimension : 27
noise variance: 34.23996353149414
original u-statistic:0.0886375904083252
p value proxy: 0.4485049843788147
result: False
power_upto_now: 0.046321526169776917
368th run
noise dimension : 27
noise variance: 34.592124938964844
original u-statistic:-0.25474345684051514
p value proxy: 0.6644518375396729
result: False
power_upto_now: 0.04619565233588219
369th run
noise dimension : 27
noise variance: 35.065696716308594
original u-statistic:-0.3499622344970703
p value proxy: 0.7475082874298096
result: False
power_upto_now: 0.046070460230112076
370th run
noise dimension : 27
noise variance: 34.49489212036133
original u-statistic:-0.4841165542602539
p value proxy: 0.8305647373199463
result: False
power_upto_now: 0.045945946127176285
371th run
noise dimension : 27
noise variance: 34.202980041503906
original u-statistic:-0.3360278606414795
p value proxy: 0.7441860437393188
result: False
power_upto_now: 0.04582210257649422
372th run
noise dimension : 27
noise variance: 34.45029067993164
original u-statistic:-0.0956423282623291
p value proxy: 0.5415282249450684
result: False
power_upto_now: 0.045698925852775574
373th run
noise dimension : 27
noise variance: 34.733238220214844
original u-statistic:0.4728381633758545
p value proxy: 0.1860465109348297
result: False
power_upto_now: 0.04557640850543976
374th run
noise dimension : 27
noise variance: 34.287837982177734
original u-statistic:0.728740930557251
p value proxy: 0.07308969646692276
result: False
power_upto_now: 0.04545454680919647
375th run
noise dimension : 27
noise variance: 34.54719161987305
original u-statistic:0.5453712940216064
p value proxy: 0.10963454842567444
result: False
power_upto_now: 0.04533333331346512
376th run
noise dimension : 27
noise variance: 34.78712844848633
original u-statistic:0.38443219661712646
p value proxy: 0.25581395626068115
result: False
power_upto_now: 0.0452127642929554
377th run
noise dimension : 27
noise variance: 34.79323959350586
original u-statistic:-0.3650169372558594
p value proxy: 0.7375414967536926
result: False
power_upto_now: 0.04509283974766731
378th run
noise dimension : 27
noise variance: 34.50943374633789
original u-statistic:-0.24547529220581055
p value proxy: 0.6411960124969482
result: False
power_upto_now: 0.04497354477643967
379th run
noise dimension : 27
noise variance: 34.74641036987305
original u-statistic:-0.2749112844467163
p value proxy: 0.6943521499633789
result: False
power_upto_now: 0.04485488310456276
380th run
noise dimension : 27
noise variance: 35.05971908569336
original u-statistic:-0.33077919483184814
p value proxy: 0.7275747060775757
result: False
power_upto_now: 0.044736843556165695
381th run
noise dimension : 27
noise variance: 34.878787994384766
original u-statistic:-0.9953982830047607
p value proxy: 0.9900332093238831
result: False
power_upto_now: 0.044619422405958176
382th run
noise dimension : 27
noise variance: 35.09844970703125
original u-statistic:0.18176937103271484
p value proxy: 0.33887043595314026
result: False
power_upto_now: 0.0445026196539402
383th run
noise dimension : 27
noise variance: 34.322349548339844
original u-statistic:-0.017281055450439453
p value proxy: 0.4883720874786377
result: False
power_upto_now: 0.044386424124240875
384th run
noise dimension : 27
noise variance: 34.510658264160156
original u-statistic:-0.14638400077819824
p value proxy: 0.604651153087616
result: False
power_upto_now: 0.0442708320915699
385th run
noise dimension : 27
noise variance: 34.717201232910156
original u-statistic:0.3585017919540405
p value proxy: 0.24916942417621613
result: False
power_upto_now: 0.04415584355592728
386th run
noise dimension : 27
noise variance: 34.309322357177734
original u-statistic:-0.39748048782348633
p value proxy: 0.7607973217964172
result: False
power_upto_now: 0.04404145106673241
387th run
noise dimension : 27
noise variance: 34.730804443359375
original u-statistic:-0.2078181505203247
p value proxy: 0.6112956404685974
result: False
power_upto_now: 0.043927647173404694
388th run
noise dimension : 27
noise variance: 34.20777893066406
original u-statistic:-0.2056875228881836
p value proxy: 0.6245846748352051
result: False
power_upto_now: 0.04381443187594414
389th run
noise dimension : 27
noise variance: 34.689002990722656
original u-statistic:-0.5838494300842285
p value proxy: 0.8870431780815125
result: False
power_upto_now: 0.04370179772377014
390th run
noise dimension : 27
noise variance: 34.948211669921875
original u-statistic:0.7787747383117676
p value proxy: 0.05315614491701126
result: False
power_upto_now: 0.043589744716882706
391th run
noise dimension : 27
noise variance: 34.288421630859375
original u-statistic:0.2588012218475342
p value proxy: 0.3289036452770233
result: False
power_upto_now: 0.043478261679410934
392th run
noise dimension : 27
noise variance: 34.220706939697266
original u-statistic:0.2241501808166504
p value proxy: 0.2790697515010834
result: False
power_upto_now: 0.04336734861135483
393th run
noise dimension : 27
noise variance: 34.60567092895508
original u-statistic:-0.5006213188171387
p value proxy: 0.8372092843055725
result: False
power_upto_now: 0.04325699806213379
394th run
noise dimension : 27
noise variance: 34.71674728393555
original u-statistic:-0.42545104026794434
p value proxy: 0.7873753905296326
result: False
power_upto_now: 0.04314720630645752
395th run
noise dimension : 27
noise variance: 34.56040954589844
original u-statistic:1.000199556350708
p value proxy: 0.049833886325359344
result: True
power_upto_now: 0.04556962102651596
396th run
noise dimension : 27
noise variance: 35.18050003051758
original u-statistic:-0.3929145336151123
p value proxy: 0.7342192530632019
result: False
power_upto_now: 0.04545454680919647
397th run
noise dimension : 27
noise variance: 34.58464431762695
original u-statistic:0.18229126930236816
p value proxy: 0.3621262311935425
result: False
power_upto_now: 0.045340050011873245
398th run
noise dimension : 27
noise variance: 34.69264221191406
original u-statistic:0.05472922325134277
p value proxy: 0.43521595001220703
result: False
power_upto_now: 0.04522613063454628
399th run
noise dimension : 27
noise variance: 34.61732482910156
original u-statistic:0.5299625396728516
p value proxy: 0.1860465109348297
result: False
power_upto_now: 0.04511278122663498
400th run
noise dimension : 27
noise variance: 34.57537078857422
original u-statistic:-0.20034945011138916
p value proxy: 0.6279069781303406
result: False
power_upto_now: 0.04500000178813934
401th run
noise dimension : 27
noise variance: 34.11233139038086
original u-statistic:-0.08785724639892578
p value proxy: 0.4883720874786377
result: False
power_upto_now: 0.04488778114318848
402th run
noise dimension : 27
noise variance: 34.72880172729492
original u-statistic:0.5780603885650635
p value proxy: 0.15282391011714935
result: False
power_upto_now: 0.04477611929178238
403th run
noise dimension : 27
noise variance: 34.26011657714844
original u-statistic:-0.23352813720703125
p value proxy: 0.6544850468635559
result: False
power_upto_now: 0.04466501250863075
404th run
noise dimension : 27
noise variance: 34.132144927978516
original u-statistic:-0.3024933338165283
p value proxy: 0.714285671710968
result: False
power_upto_now: 0.0445544570684433
405th run
noise dimension : 27
noise variance: 34.221839904785156
original u-statistic:0.46067774295806885
p value proxy: 0.18936876952648163
result: False
power_upto_now: 0.04444444552063942
406th run
noise dimension : 27
noise variance: 34.329925537109375
original u-statistic:-0.0022886991500854492
p value proxy: 0.4451827108860016
result: False
power_upto_now: 0.04433497413992882
407th run
noise dimension : 27
noise variance: 34.14216232299805
original u-statistic:-0.2999231815338135
p value proxy: 0.6777408719062805
result: False
power_upto_now: 0.04422604292631149
408th run
noise dimension : 27
noise variance: 34.55868911743164
original u-statistic:-0.3048311471939087
p value proxy: 0.6677740812301636
result: False
power_upto_now: 0.04411764815449715
409th run
noise dimension : 27
noise variance: 34.53754425048828
original u-statistic:0.45883750915527344
p value proxy: 0.17940199375152588
result: False
power_upto_now: 0.04400977864861488
410th run
noise dimension : 27
noise variance: 34.53360366821289
original u-statistic:0.5307707786560059
p value proxy: 0.12624584138393402
result: False
power_upto_now: 0.043902438133955
411th run
noise dimension : 27
noise variance: 34.71305847167969
original u-statistic:-0.36231088638305664
p value proxy: 0.7441860437393188
result: False
power_upto_now: 0.043795619159936905
412th run
noise dimension : 27
noise variance: 34.86467361450195
original u-statistic:0.30411291122436523
p value proxy: 0.2425249069929123
result: False
power_upto_now: 0.04368932172656059
413th run
noise dimension : 27
noise variance: 34.902008056640625
original u-statistic:-0.04307293891906738
p value proxy: 0.4717607796192169
result: False
power_upto_now: 0.04358353465795517
414th run
noise dimension : 27
noise variance: 34.0999870300293
original u-statistic:-1.085625410079956
p value proxy: 0.9900332093238831
result: False
power_upto_now: 0.043478261679410934
415th run
noise dimension : 27
noise variance: 34.46885681152344
original u-statistic:0.45845580101013184
p value proxy: 0.15282391011714935
result: False
power_upto_now: 0.04337349534034729
416th run
noise dimension : 27
noise variance: 34.805171966552734
original u-statistic:0.6152396202087402
p value proxy: 0.1029900312423706
result: False
power_upto_now: 0.04326923191547394
417th run
noise dimension : 27
noise variance: 33.868560791015625
original u-statistic:0.038992881774902344
p value proxy: 0.43521595001220703
result: False
power_upto_now: 0.04316546767950058
418th run
noise dimension : 27
noise variance: 34.73610305786133
original u-statistic:-0.14424419403076172
p value proxy: 0.5415282249450684
result: False
power_upto_now: 0.043062202632427216
419th run
noise dimension : 27
noise variance: 34.838966369628906
original u-statistic:-0.33593761920928955
p value proxy: 0.7109634280204773
result: False
power_upto_now: 0.04295942559838295
420th run
noise dimension : 27
noise variance: 34.661338806152344
original u-statistic:-0.12897038459777832
p value proxy: 0.514950156211853
result: False
power_upto_now: 0.04285714402794838
421th run
noise dimension : 27
noise variance: 34.402889251708984
original u-statistic:0.21744322776794434
p value proxy: 0.2990033030509949
result: False
power_upto_now: 0.04275534301996231
422th run
noise dimension : 27
noise variance: 33.911495208740234
original u-statistic:0.5598628520965576
p value proxy: 0.1229235827922821
result: False
power_upto_now: 0.04265403002500534
423th run
noise dimension : 27
noise variance: 34.96985626220703
original u-statistic:-0.16250276565551758
p value proxy: 0.5481727719306946
result: False
power_upto_now: 0.042553190141916275
424th run
noise dimension : 27
noise variance: 33.483917236328125
original u-statistic:-0.9864809513092041
p value proxy: 0.9867109656333923
result: False
power_upto_now: 0.04245283082127571
425th run
noise dimension : 27
noise variance: 34.747161865234375
original u-statistic:0.5660244226455688
p value proxy: 0.13621261715888977
result: False
power_upto_now: 0.04235294088721275
426th run
noise dimension : 27
noise variance: 34.930198669433594
original u-statistic:0.9575080871582031
p value proxy: 0.033222589641809464
result: True
power_upto_now: 0.04460093751549721
427th run
noise dimension : 27
noise variance: 34.77806091308594
original u-statistic:-0.5968112945556641
p value proxy: 0.9069766998291016
result: False
power_upto_now: 0.04449648782610893
428th run
noise dimension : 27
noise variance: 34.658573150634766
original u-statistic:-0.6390955448150635
p value proxy: 0.9102990031242371
result: False
power_upto_now: 0.04439252242445946
429th run
noise dimension : 27
noise variance: 35.3244743347168
original u-statistic:0.548715353012085
p value proxy: 0.17275747656822205
result: False
power_upto_now: 0.04428904503583908
430th run
noise dimension : 27
noise variance: 34.65754318237305
original u-statistic:0.21590310335159302
p value proxy: 0.2857142686843872
result: False
power_upto_now: 0.044186048209667206
431th run
noise dimension : 27
noise variance: 34.36756896972656
original u-statistic:-0.33711886405944824
p value proxy: 0.7541528344154358
result: False
power_upto_now: 0.044083528220653534
432th run
noise dimension : 27
noise variance: 34.03037643432617
original u-statistic:-0.365067720413208
p value proxy: 0.7508305311203003
result: False
power_upto_now: 0.04398148134350777
433th run
noise dimension : 27
noise variance: 33.91900634765625
original u-statistic:0.33645081520080566
p value proxy: 0.2857142686843872
result: False
power_upto_now: 0.043879907578229904
434th run
noise dimension : 27
noise variance: 34.57719802856445
original u-statistic:-0.6331081390380859
p value proxy: 0.9003322124481201
result: False
power_upto_now: 0.04377880319952965
435th run
noise dimension : 27
noise variance: 34.43867111206055
original u-statistic:0.01477670669555664
p value proxy: 0.4451827108860016
result: False
power_upto_now: 0.0436781607568264
436th run
noise dimension : 27
noise variance: 34.69037628173828
original u-statistic:1.309638261795044
p value proxy: 0.019933555275201797
result: True
power_upto_now: 0.0458715595304966
437th run
noise dimension : 27
noise variance: 34.35039138793945
original u-statistic:0.14051902294158936
p value proxy: 0.35548171401023865
result: False
power_upto_now: 0.045766592025756836
438th run
noise dimension : 27
noise variance: 34.78855514526367
original u-statistic:0.1415386199951172
p value proxy: 0.382059782743454
result: False
power_upto_now: 0.04566210135817528
439th run
noise dimension : 27
noise variance: 34.283390045166016
original u-statistic:0.3601968288421631
p value proxy: 0.2225913554430008
result: False
power_upto_now: 0.04555808752775192
440th run
noise dimension : 27
noise variance: 34.40822219848633
original u-statistic:0.5586204528808594
p value proxy: 0.17275747656822205
result: False
power_upto_now: 0.04545454680919647
441th run
noise dimension : 27
noise variance: 34.3144645690918
original u-statistic:0.6201375722885132
p value proxy: 0.1229235827922821
result: False
power_upto_now: 0.04535147547721863
442th run
noise dimension : 27
noise variance: 34.84870910644531
original u-statistic:0.10831928253173828
p value proxy: 0.382059782743454
result: False
power_upto_now: 0.04524886980652809
443th run
noise dimension : 27
noise variance: 34.73072052001953
original u-statistic:0.448131799697876
p value proxy: 0.2026578038930893
result: False
power_upto_now: 0.045146726071834564
444th run
noise dimension : 27
noise variance: 34.10207748413086
original u-statistic:-0.07271957397460938
p value proxy: 0.45514950156211853
result: False
power_upto_now: 0.045045044273138046
445th run
noise dimension : 27
noise variance: 35.55021286010742
original u-statistic:0.7410682439804077
p value proxy: 0.07641195505857468
result: False
power_upto_now: 0.04494382068514824
446th run
noise dimension : 27
noise variance: 34.53215026855469
original u-statistic:-0.2868090867996216
p value proxy: 0.7375414967536926
result: False
power_upto_now: 0.044843047857284546
447th run
noise dimension : 27
noise variance: 34.33028030395508
original u-statistic:0.8404686450958252
p value proxy: 0.049833886325359344
result: True
power_upto_now: 0.0469798669219017
448th run
noise dimension : 27
noise variance: 34.49041748046875
original u-statistic:0.5500128269195557
p value proxy: 0.11627906560897827
result: False
power_upto_now: 0.046875
449th run
noise dimension : 27
noise variance: 34.91994857788086
original u-statistic:-0.1103980541229248
p value proxy: 0.554817259311676
result: False
power_upto_now: 0.0467706024646759
450th run
noise dimension : 27
noise variance: 34.75363540649414
original u-statistic:-0.3077516555786133
p value proxy: 0.7308970093727112
result: False
power_upto_now: 0.046666666865348816
451th run
noise dimension : 27
noise variance: 34.201663970947266
original u-statistic:0.05305027961730957
p value proxy: 0.37541526556015015
result: False
power_upto_now: 0.04656319320201874
452th run
noise dimension : 27
noise variance: 34.48002243041992
original u-statistic:0.4025735855102539
p value proxy: 0.2026578038930893
result: False
power_upto_now: 0.04646017774939537
453th run
noise dimension : 27
noise variance: 34.88404083251953
original u-statistic:-0.4322007894515991
p value proxy: 0.7906976342201233
result: False
power_upto_now: 0.046357616782188416
454th run
noise dimension : 27
noise variance: 34.555416107177734
original u-statistic:1.2364646196365356
p value proxy: 0.019933555275201797
result: True
power_upto_now: 0.04845815151929855
455th run
noise dimension : 27
noise variance: 34.47512435913086
original u-statistic:0.46402060985565186
p value proxy: 0.17275747656822205
result: False
power_upto_now: 0.048351649194955826
456th run
noise dimension : 27
noise variance: 33.9559440612793
original u-statistic:0.9393978118896484
p value proxy: 0.04651162773370743
result: True
power_upto_now: 0.05043859779834747
457th run
noise dimension : 27
noise variance: 34.12104034423828
original u-statistic:0.3250391483306885
p value proxy: 0.25581395626068115
result: False
power_upto_now: 0.05032822862267494
458th run
noise dimension : 27
noise variance: 33.911293029785156
original u-statistic:0.7338974475860596
p value proxy: 0.10631228983402252
result: False
power_upto_now: 0.05021834000945091
459th run
noise dimension : 27
noise variance: 34.828704833984375
original u-statistic:0.38586974143981934
p value proxy: 0.23255813121795654
result: False
power_upto_now: 0.050108931958675385
460th run
noise dimension : 27
noise variance: 34.713050842285156
original u-statistic:-1.0751826763153076
p value proxy: 0.9900332093238831
result: False
power_upto_now: 0.05000000074505806
461th run
noise dimension : 27
noise variance: 34.880889892578125
original u-statistic:-0.7639403343200684
p value proxy: 0.9534883499145508
result: False
power_upto_now: 0.04989153891801834
462th run
noise dimension : 27
noise variance: 34.513938903808594
original u-statistic:-0.3822280168533325
p value proxy: 0.764119565486908
result: False
power_upto_now: 0.04978355020284653
463th run
noise dimension : 27
noise variance: 34.625892639160156
original u-statistic:-0.037584543228149414
p value proxy: 0.5215946435928345
result: False
power_upto_now: 0.04967602714896202
464th run
noise dimension : 27
noise variance: 34.54475402832031
original u-statistic:-0.06451565027236938
p value proxy: 0.5215946435928345
result: False
power_upto_now: 0.049568966031074524
465th run
noise dimension : 27
noise variance: 34.732444763183594
original u-statistic:0.17679333686828613
p value proxy: 0.31561461091041565
result: False
power_upto_now: 0.049462366849184036
466th run
noise dimension : 27
noise variance: 34.297340393066406
original u-statistic:-0.34722304344177246
p value proxy: 0.7043189406394958
result: False
power_upto_now: 0.04935622215270996
467th run
noise dimension : 27
noise variance: 34.293785095214844
original u-statistic:0.004055142402648926
p value proxy: 0.4518272280693054
result: False
power_upto_now: 0.049250535666942596
468th run
noise dimension : 27
noise variance: 35.04094696044922
original u-statistic:-0.030874133110046387
p value proxy: 0.41528236865997314
result: False
power_upto_now: 0.049145299941301346
469th run
noise dimension : 27
noise variance: 34.527095794677734
original u-statistic:0.9443583488464355
p value proxy: 0.04318936914205551
result: True
power_upto_now: 0.051172707229852676
470th run
noise dimension : 27
noise variance: 34.438941955566406
original u-statistic:0.042922019958496094
p value proxy: 0.421926885843277
result: False
power_upto_now: 0.05106382817029953
471th run
noise dimension : 27
noise variance: 34.323829650878906
original u-statistic:-0.22395896911621094
p value proxy: 0.644518256187439
result: False
power_upto_now: 0.05095541477203369
472th run
noise dimension : 27
noise variance: 34.17137908935547
original u-statistic:-0.24297142028808594
p value proxy: 0.674418568611145
result: False
power_upto_now: 0.050847455859184265
473th run
noise dimension : 27
noise variance: 35.03268051147461
original u-statistic:0.16600680351257324
p value proxy: 0.37541526556015015
result: False
power_upto_now: 0.05073995888233185
474th run
noise dimension : 27
noise variance: 34.60920715332031
original u-statistic:0.006832242012023926
p value proxy: 0.45514950156211853
result: False
power_upto_now: 0.050632912665605545
475th run
noise dimension : 27
noise variance: 34.62740707397461
original u-statistic:0.4409463405609131
p value proxy: 0.1661129593849182
result: False
power_upto_now: 0.050526317209005356
476th run
noise dimension : 27
noise variance: 35.33401107788086
original u-statistic:-0.05245685577392578
p value proxy: 0.4916943311691284
result: False
power_upto_now: 0.05042016878724098
477th run
noise dimension : 27
noise variance: 34.37683868408203
original u-statistic:0.4151139259338379
p value proxy: 0.21594683825969696
result: False
power_upto_now: 0.050314463675022125
478th run
noise dimension : 27
noise variance: 34.62208557128906
original u-statistic:0.5458323955535889
p value proxy: 0.1395348757505417
result: False
power_upto_now: 0.050209205597639084
479th run
noise dimension : 27
noise variance: 34.14784240722656
original u-statistic:0.8113865852355957
p value proxy: 0.09302325546741486
result: False
power_upto_now: 0.05010438337922096
480th run
noise dimension : 27
noise variance: 34.799652099609375
original u-statistic:0.6545238494873047
p value proxy: 0.12624584138393402
result: False
power_upto_now: 0.05000000074505806
481th run
noise dimension : 27
noise variance: 34.91884994506836
original u-statistic:-0.16910529136657715
p value proxy: 0.5913621187210083
result: False
power_upto_now: 0.04989605024456978
482th run
noise dimension : 27
noise variance: 34.46268081665039
original u-statistic:0.03879690170288086
p value proxy: 0.4019933342933655
result: False
power_upto_now: 0.04979253187775612
483th run
noise dimension : 27
noise variance: 34.96443176269531
original u-statistic:-0.3399231433868408
p value proxy: 0.7408637404441833
result: False
power_upto_now: 0.04968944191932678
484th run
noise dimension : 27
noise variance: 34.51565933227539
original u-statistic:-0.8244967460632324
p value proxy: 0.9734219312667847
result: False
power_upto_now: 0.04958677664399147
485th run
noise dimension : 27
noise variance: 34.39763259887695
original u-statistic:-0.055150628089904785
p value proxy: 0.4883720874786377
result: False
power_upto_now: 0.04948453605175018
486th run
noise dimension : 27
noise variance: 34.65482711791992
original u-statistic:-0.4605613946914673
p value proxy: 0.8073089718818665
result: False
power_upto_now: 0.04938271641731262
487th run
noise dimension : 27
noise variance: 35.01884460449219
original u-statistic:0.9159121513366699
p value proxy: 0.039867110550403595
result: True
power_upto_now: 0.05133470147848129
488th run
noise dimension : 27
noise variance: 35.142555236816406
original u-statistic:0.48061931133270264
p value proxy: 0.17275747656822205
result: False
power_upto_now: 0.051229506731033325
489th run
noise dimension : 27
noise variance: 34.82147979736328
original u-statistic:-0.7621414661407471
p value proxy: 0.9335547685623169
result: False
power_upto_now: 0.05112474411725998
490th run
noise dimension : 27
noise variance: 34.59572982788086
original u-statistic:0.15979790687561035
p value proxy: 0.3920265734195709
result: False
power_upto_now: 0.051020409911870956
491th run
noise dimension : 27
noise variance: 34.19631576538086
original u-statistic:-0.3219313621520996
p value proxy: 0.7076411843299866
result: False
power_upto_now: 0.05091649666428566
492th run
noise dimension : 27
noise variance: 34.64749526977539
original u-statistic:-0.09296298027038574
p value proxy: 0.5282391905784607
result: False
power_upto_now: 0.05081300809979439
493th run
noise dimension : 27
noise variance: 34.59653091430664
original u-statistic:-0.31270599365234375
p value proxy: 0.6877076029777527
result: False
power_upto_now: 0.05070994049310684
494th run
noise dimension : 27
noise variance: 34.717105865478516
original u-statistic:-0.5742413997650146
p value proxy: 0.8737541437149048
result: False
power_upto_now: 0.050607286393642426
495th run
noise dimension : 27
noise variance: 34.529659271240234
original u-statistic:-0.04268932342529297
p value proxy: 0.5116279125213623
result: False
power_upto_now: 0.05050504952669144
496th run
noise dimension : 27
noise variance: 34.435401916503906
original u-statistic:-0.6748546361923218
p value proxy: 0.9269102811813354
result: False
power_upto_now: 0.05040322616696358
497th run
noise dimension : 27
noise variance: 34.834171295166016
original u-statistic:-0.47811079025268555
p value proxy: 0.8205980062484741
result: False
power_upto_now: 0.05030181258916855
498th run
noise dimension : 27
noise variance: 35.22725296020508
original u-statistic:-0.331362247467041
p value proxy: 0.6877076029777527
result: False
power_upto_now: 0.05020080506801605
499th run
noise dimension : 27
noise variance: 34.02524948120117
original u-statistic:-0.0379490852355957
p value proxy: 0.5116279125213623
result: False
power_upto_now: 0.05010019987821579
500th run
noise dimension : 27
noise variance: 34.4975700378418
original u-statistic:0.16145014762878418
p value proxy: 0.33554816246032715
result: False
power_upto_now: 0.05000000074505806
power estimate : 0.05000000074505806
elapsed time: 92.69656896591187
