job started
cuda available: True
code run on device:: cuda:0

n1 = 20000, n2 = 20000,

kappa = 3, alpha = 1.15,

gamma = 0.05, nTests = 500,

B = 300

1th run
noise dimension : 27
noise variance: 162.93975830078125
original u-statistic:0.6682319641113281
p value proxy: 0.003322259057313204
result: True
power_upto_now: 1.0
2th run
noise dimension : 27
noise variance: 163.4232940673828
original u-statistic:0.4598212242126465
p value proxy: 0.003322259057313204
result: True
power_upto_now: 1.0
3th run
noise dimension : 27
noise variance: 162.84359741210938
original u-statistic:0.6582071781158447
p value proxy: 0.003322259057313204
result: True
power_upto_now: 1.0
4th run
noise dimension : 27
noise variance: 162.9353790283203
original u-statistic:0.6818199157714844
p value proxy: 0.003322259057313204
result: True
power_upto_now: 1.0
5th run
noise dimension : 27
noise variance: 163.57606506347656
original u-statistic:0.42617201805114746
p value proxy: 0.009966777637600899
result: True
power_upto_now: 1.0
6th run
noise dimension : 27
noise variance: 163.24874877929688
original u-statistic:0.31790876388549805
p value proxy: 0.006644518114626408
result: True
power_upto_now: 1.0
7th run
noise dimension : 27
noise variance: 163.58421325683594
original u-statistic:0.7560803890228271
p value proxy: 0.003322259057313204
result: True
power_upto_now: 1.0
8th run
noise dimension : 27
noise variance: 163.8466796875
original u-statistic:0.548058032989502
p value proxy: 0.003322259057313204
result: True
power_upto_now: 1.0
9th run
noise dimension : 27
noise variance: 163.02662658691406
original u-statistic:0.4037282466888428
p value proxy: 0.009966777637600899
result: True
power_upto_now: 1.0
10th run
noise dimension : 27
noise variance: 162.787109375
original u-statistic:0.45770263671875
p value proxy: 0.003322259057313204
result: True
power_upto_now: 1.0
11th run
noise dimension : 27
noise variance: 163.29371643066406
original u-statistic:0.7719681262969971
p value proxy: 0.003322259057313204
result: True
power_upto_now: 1.0
12th run
noise dimension : 27
noise variance: 162.860595703125
original u-statistic:0.31862425804138184
p value proxy: 0.013289036229252815
result: True
power_upto_now: 1.0
13th run
noise dimension : 27
noise variance: 162.9016571044922
original u-statistic:0.6040916442871094
p value proxy: 0.003322259057313204
result: True
power_upto_now: 1.0
14th run
noise dimension : 27
noise variance: 163.04844665527344
original u-statistic:0.937957763671875
p value proxy: 0.003322259057313204
result: True
power_upto_now: 1.0
15th run
noise dimension : 27
noise variance: 163.84112548828125
original u-statistic:0.8697018623352051
p value proxy: 0.003322259057313204
result: True
power_upto_now: 1.0
16th run
noise dimension : 27
noise variance: 163.7943115234375
original u-statistic:0.2154102325439453
p value proxy: 0.05647840350866318
result: False
power_upto_now: 0.9375
17th run
noise dimension : 27
noise variance: 163.4569854736328
original u-statistic:0.5624210834503174
p value proxy: 0.003322259057313204
result: True
power_upto_now: 0.9411764740943909
18th run
noise dimension : 27
noise variance: 163.0609130859375
original u-statistic:0.4705238342285156
p value proxy: 0.006644518114626408
result: True
power_upto_now: 0.9444444179534912
19th run
noise dimension : 27
noise variance: 163.21189880371094
original u-statistic:0.6722822189331055
p value proxy: 0.003322259057313204
result: True
power_upto_now: 0.9473684430122375
20th run
noise dimension : 27
noise variance: 163.07467651367188
original u-statistic:0.30876994132995605
p value proxy: 0.013289036229252815
result: True
power_upto_now: 0.949999988079071
21th run
noise dimension : 27
noise variance: 163.18426513671875
original u-statistic:0.5624299049377441
p value proxy: 0.003322259057313204
result: True
power_upto_now: 0.9523809552192688
22th run
noise dimension : 27
noise variance: 163.46435546875
original u-statistic:0.2365269660949707
p value proxy: 0.039867110550403595
result: True
power_upto_now: 0.9545454382896423
23th run
noise dimension : 27
noise variance: 163.73446655273438
original u-statistic:0.2755732536315918
p value proxy: 0.013289036229252815
result: True
power_upto_now: 0.95652174949646
24th run
noise dimension : 27
noise variance: 163.23269653320312
original u-statistic:0.3856942653656006
p value proxy: 0.006644518114626408
result: True
power_upto_now: 0.9583333134651184
25th run
noise dimension : 27
noise variance: 164.00796508789062
original u-statistic:0.6097743511199951
p value proxy: 0.003322259057313204
result: True
power_upto_now: 0.9599999785423279
26th run
noise dimension : 27
noise variance: 163.3125762939453
original u-statistic:0.7390608787536621
p value proxy: 0.003322259057313204
result: True
power_upto_now: 0.9615384340286255
27th run
noise dimension : 27
noise variance: 164.13168334960938
original u-statistic:0.6146469116210938
p value proxy: 0.003322259057313204
result: True
power_upto_now: 0.9629629850387573
28th run
noise dimension : 27
noise variance: 163.08157348632812
original u-statistic:0.8521275520324707
p value proxy: 0.003322259057313204
result: True
power_upto_now: 0.9642857313156128
29th run
noise dimension : 27
noise variance: 163.1649627685547
original u-statistic:0.5851931571960449
p value proxy: 0.003322259057313204
result: True
power_upto_now: 0.9655172228813171
30th run
noise dimension : 27
noise variance: 162.5102081298828
original u-statistic:0.3371608257293701
p value proxy: 0.016611294820904732
result: True
power_upto_now: 0.9666666388511658
31th run
noise dimension : 27
noise variance: 163.4481658935547
original u-statistic:0.8341104984283447
p value proxy: 0.003322259057313204
result: True
power_upto_now: 0.9677419066429138
32th run
noise dimension : 27
noise variance: 163.14361572265625
original u-statistic:0.39873433113098145
p value proxy: 0.006644518114626408
result: True
power_upto_now: 0.96875
33th run
noise dimension : 27
noise variance: 163.44015502929688
original u-statistic:0.47687768936157227
p value proxy: 0.006644518114626408
result: True
power_upto_now: 0.9696969985961914
34th run
noise dimension : 27
noise variance: 163.47523498535156
original u-statistic:1.1504242420196533
p value proxy: 0.003322259057313204
result: True
power_upto_now: 0.970588207244873
35th run
noise dimension : 27
noise variance: 164.50405883789062
original u-statistic:0.33877015113830566
p value proxy: 0.009966777637600899
result: True
power_upto_now: 0.9714285731315613
36th run
noise dimension : 27
noise variance: 163.5889129638672
original u-statistic:0.14952754974365234
p value proxy: 0.11960132420063019
result: False
power_upto_now: 0.9444444179534912
37th run
noise dimension : 27
noise variance: 163.4895782470703
original u-statistic:0.2479841709136963
p value proxy: 0.033222589641809464
result: True
power_upto_now: 0.9459459185600281
38th run
noise dimension : 27
noise variance: 163.2503204345703
original u-statistic:0.6469757556915283
p value proxy: 0.003322259057313204
result: True
power_upto_now: 0.9473684430122375
39th run
noise dimension : 27
noise variance: 163.31765747070312
original u-statistic:0.30901551246643066
p value proxy: 0.023255813866853714
result: True
power_upto_now: 0.9487179517745972
40th run
noise dimension : 27
noise variance: 163.4932403564453
original u-statistic:0.5853030681610107
p value proxy: 0.003322259057313204
result: True
power_upto_now: 0.949999988079071
41th run
noise dimension : 27
noise variance: 163.5069580078125
original u-statistic:0.5938699245452881
p value proxy: 0.003322259057313204
result: True
power_upto_now: 0.9512194991111755
42th run
noise dimension : 27
noise variance: 162.97598266601562
original u-statistic:0.6821246147155762
p value proxy: 0.003322259057313204
result: True
power_upto_now: 0.9523809552192688
43th run
noise dimension : 27
noise variance: 163.149658203125
original u-statistic:0.6455161571502686
p value proxy: 0.006644518114626408
result: True
power_upto_now: 0.9534883499145508
44th run
noise dimension : 27
noise variance: 163.3592987060547
original u-statistic:0.7214703559875488
p value proxy: 0.003322259057313204
result: True
power_upto_now: 0.9545454382896423
45th run
noise dimension : 27
noise variance: 163.34156799316406
original u-statistic:0.43075108528137207
p value proxy: 0.009966777637600899
result: True
power_upto_now: 0.9555555582046509
46th run
noise dimension : 27
noise variance: 163.43502807617188
original u-statistic:0.42008233070373535
p value proxy: 0.003322259057313204
result: True
power_upto_now: 0.95652174949646
47th run
noise dimension : 27
noise variance: 163.39068603515625
original u-statistic:0.31390833854675293
p value proxy: 0.023255813866853714
result: True
power_upto_now: 0.957446813583374
48th run
noise dimension : 27
noise variance: 163.29478454589844
original u-statistic:0.34253692626953125
p value proxy: 0.009966777637600899
result: True
power_upto_now: 0.9583333134651184
49th run
noise dimension : 27
noise variance: 163.330810546875
original u-statistic:0.795525312423706
p value proxy: 0.003322259057313204
result: True
power_upto_now: 0.9591836929321289
50th run
noise dimension : 27
noise variance: 163.997314453125
original u-statistic:0.5238687992095947
p value proxy: 0.003322259057313204
result: True
power_upto_now: 0.9599999785423279
51th run
noise dimension : 27
noise variance: 163.05874633789062
original u-statistic:0.35807371139526367
p value proxy: 0.006644518114626408
result: True
power_upto_now: 0.9607843160629272
52th run
noise dimension : 27
noise variance: 163.71595764160156
original u-statistic:0.44568300247192383
p value proxy: 0.006644518114626408
result: True
power_upto_now: 0.9615384340286255
53th run
noise dimension : 27
noise variance: 163.94647216796875
original u-statistic:1.015209674835205
p value proxy: 0.003322259057313204
result: True
power_upto_now: 0.9622641801834106
54th run
noise dimension : 27
noise variance: 163.55712890625
original u-statistic:0.4507114887237549
p value proxy: 0.006644518114626408
result: True
power_upto_now: 0.9629629850387573
55th run
noise dimension : 27
noise variance: 163.47854614257812
original u-statistic:0.7166507244110107
p value proxy: 0.003322259057313204
result: True
power_upto_now: 0.9636363387107849
56th run
noise dimension : 27
noise variance: 163.40365600585938
original u-statistic:1.0742077827453613
p value proxy: 0.003322259057313204
result: True
power_upto_now: 0.9642857313156128
57th run
noise dimension : 27
noise variance: 164.0375213623047
original u-statistic:0.40713047981262207
p value proxy: 0.003322259057313204
result: True
power_upto_now: 0.9649122953414917
58th run
noise dimension : 27
noise variance: 163.5410614013672
original u-statistic:0.48505258560180664
p value proxy: 0.006644518114626408
result: True
power_upto_now: 0.9655172228813171
59th run
noise dimension : 27
noise variance: 163.40586853027344
original u-statistic:0.8604736328125
p value proxy: 0.003322259057313204
result: True
power_upto_now: 0.9661017060279846
60th run
noise dimension : 27
noise variance: 163.23910522460938
original u-statistic:0.30762577056884766
p value proxy: 0.013289036229252815
result: True
power_upto_now: 0.9666666388511658
61th run
noise dimension : 27
noise variance: 163.33831787109375
original u-statistic:0.8632869720458984
p value proxy: 0.003322259057313204
result: True
power_upto_now: 0.9672130942344666
62th run
noise dimension : 27
noise variance: 162.83358764648438
original u-statistic:0.6677942276000977
p value proxy: 0.003322259057313204
result: True
power_upto_now: 0.9677419066429138
63th run
noise dimension : 27
noise variance: 163.47024536132812
original u-statistic:0.5179345607757568
p value proxy: 0.003322259057313204
result: True
power_upto_now: 0.9682539701461792
64th run
noise dimension : 27
noise variance: 163.055419921875
original u-statistic:0.3779783248901367
p value proxy: 0.016611294820904732
result: True
power_upto_now: 0.96875
65th run
noise dimension : 27
noise variance: 163.7403564453125
original u-statistic:0.32903194427490234
p value proxy: 0.013289036229252815
result: True
power_upto_now: 0.9692307710647583
66th run
noise dimension : 27
noise variance: 162.99632263183594
original u-statistic:0.7732086181640625
p value proxy: 0.003322259057313204
result: True
power_upto_now: 0.9696969985961914
67th run
noise dimension : 27
noise variance: 163.2149200439453
original u-statistic:0.2700376510620117
p value proxy: 0.019933555275201797
result: True
power_upto_now: 0.9701492786407471
68th run
noise dimension : 27
noise variance: 163.20440673828125
original u-statistic:1.0207457542419434
p value proxy: 0.003322259057313204
result: True
power_upto_now: 0.970588207244873
69th run
noise dimension : 27
noise variance: 162.868896484375
original u-statistic:0.48442792892456055
p value proxy: 0.003322259057313204
result: True
power_upto_now: 0.9710144996643066
70th run
noise dimension : 27
noise variance: 163.57537841796875
original u-statistic:0.49178123474121094
p value proxy: 0.003322259057313204
result: True
power_upto_now: 0.9714285731315613
71th run
noise dimension : 27
noise variance: 162.7761993408203
original u-statistic:0.7271060943603516
p value proxy: 0.003322259057313204
result: True
power_upto_now: 0.9718309640884399
72th run
noise dimension : 27
noise variance: 162.97525024414062
original u-statistic:0.4040398597717285
p value proxy: 0.003322259057313204
result: True
power_upto_now: 0.9722222089767456
73th run
noise dimension : 27
noise variance: 163.7456817626953
original u-statistic:0.3756427764892578
p value proxy: 0.009966777637600899
result: True
power_upto_now: 0.9726027250289917
74th run
noise dimension : 27
noise variance: 163.20040893554688
original u-statistic:0.23404359817504883
p value proxy: 0.03654484823346138
result: True
power_upto_now: 0.9729729890823364
75th run
noise dimension : 27
noise variance: 163.91314697265625
original u-statistic:0.4204239845275879
p value proxy: 0.003322259057313204
result: True
power_upto_now: 0.9733333587646484
76th run
noise dimension : 27
noise variance: 163.49729919433594
original u-statistic:0.7000961303710938
p value proxy: 0.003322259057313204
result: True
power_upto_now: 0.9736841917037964
77th run
noise dimension : 27
noise variance: 163.46205139160156
original u-statistic:0.1845417022705078
p value proxy: 0.09634551405906677
result: False
power_upto_now: 0.9610389471054077
78th run
noise dimension : 27
noise variance: 163.4328155517578
original u-statistic:0.02933788299560547
p value proxy: 0.421926885843277
result: False
power_upto_now: 0.9487179517745972
79th run
noise dimension : 27
noise variance: 163.3697509765625
original u-statistic:0.15840649604797363
p value proxy: 0.08970099687576294
result: False
power_upto_now: 0.9367088675498962
80th run
noise dimension : 27
noise variance: 163.0543975830078
original u-statistic:0.4688606262207031
p value proxy: 0.003322259057313204
result: True
power_upto_now: 0.9375
81th run
noise dimension : 27
noise variance: 162.82981872558594
original u-statistic:0.5858650207519531
p value proxy: 0.003322259057313204
result: True
power_upto_now: 0.9382715821266174
82th run
noise dimension : 27
noise variance: 162.59954833984375
original u-statistic:0.6603047847747803
p value proxy: 0.003322259057313204
result: True
power_upto_now: 0.9390243887901306
83th run
noise dimension : 27
noise variance: 163.62355041503906
original u-statistic:0.9992043972015381
p value proxy: 0.003322259057313204
result: True
power_upto_now: 0.9397590160369873
84th run
noise dimension : 27
noise variance: 163.89385986328125
original u-statistic:0.5243217945098877
p value proxy: 0.003322259057313204
result: True
power_upto_now: 0.9404761791229248
85th run
noise dimension : 27
noise variance: 162.89459228515625
original u-statistic:0.2462146282196045
p value proxy: 0.02657807245850563
result: True
power_upto_now: 0.9411764740943909
86th run
noise dimension : 27
noise variance: 163.31094360351562
original u-statistic:0.4264957904815674
p value proxy: 0.003322259057313204
result: True
power_upto_now: 0.9418604373931885
87th run
noise dimension : 27
noise variance: 163.71774291992188
original u-statistic:0.849327802658081
p value proxy: 0.003322259057313204
result: True
power_upto_now: 0.9425287246704102
88th run
noise dimension : 27
noise variance: 163.31475830078125
original u-statistic:0.5901267528533936
p value proxy: 0.003322259057313204
result: True
power_upto_now: 0.9431818127632141
89th run
noise dimension : 27
noise variance: 163.33192443847656
original u-statistic:0.21270132064819336
p value proxy: 0.04318936914205551
result: True
power_upto_now: 0.9438202381134033
90th run
noise dimension : 27
noise variance: 163.19993591308594
original u-statistic:1.1196467876434326
p value proxy: 0.003322259057313204
result: True
power_upto_now: 0.9444444179534912
91th run
noise dimension : 27
noise variance: 162.90756225585938
original u-statistic:0.7629458904266357
p value proxy: 0.003322259057313204
result: True
power_upto_now: 0.9450549483299255
92th run
noise dimension : 27
noise variance: 163.80030822753906
original u-statistic:0.3548462390899658
p value proxy: 0.006644518114626408
result: True
power_upto_now: 0.945652186870575
93th run
noise dimension : 27
noise variance: 163.03016662597656
original u-statistic:0.434124231338501
p value proxy: 0.003322259057313204
result: True
power_upto_now: 0.9462365508079529
94th run
noise dimension : 27
noise variance: 163.078125
original u-statistic:0.7320401668548584
p value proxy: 0.003322259057313204
result: True
power_upto_now: 0.9468085169792175
95th run
noise dimension : 27
noise variance: 164.00949096679688
original u-statistic:0.41367173194885254
p value proxy: 0.006644518114626408
result: True
power_upto_now: 0.9473684430122375
96th run
noise dimension : 27
noise variance: 163.0678253173828
original u-statistic:0.7466590404510498
p value proxy: 0.003322259057313204
result: True
power_upto_now: 0.9479166865348816
97th run
noise dimension : 27
noise variance: 163.4376678466797
original u-statistic:0.41472625732421875
p value proxy: 0.009966777637600899
result: True
power_upto_now: 0.9484536051750183
98th run
noise dimension : 27
noise variance: 162.92591857910156
original u-statistic:0.5590500831604004
p value proxy: 0.003322259057313204
result: True
power_upto_now: 0.9489796161651611
99th run
noise dimension : 27
noise variance: 163.0887908935547
original u-statistic:0.593869686126709
p value proxy: 0.003322259057313204
result: True
power_upto_now: 0.9494949579238892
100th run
noise dimension : 27
noise variance: 163.271240234375
original u-statistic:0.558624267578125
p value proxy: 0.003322259057313204
result: True
power_upto_now: 0.949999988079071
101th run
noise dimension : 27
noise variance: 163.06739807128906
original u-statistic:0.6360905170440674
p value proxy: 0.003322259057313204
result: True
power_upto_now: 0.9504950642585754
102th run
noise dimension : 27
noise variance: 162.76834106445312
original u-statistic:0.6139140129089355
p value proxy: 0.003322259057313204
result: True
power_upto_now: 0.9509803652763367
103th run
noise dimension : 27
noise variance: 163.71963500976562
original u-statistic:0.45364952087402344
p value proxy: 0.003322259057313204
result: True
power_upto_now: 0.9514563083648682
104th run
noise dimension : 27
noise variance: 163.65650939941406
original u-statistic:0.7189009189605713
p value proxy: 0.003322259057313204
result: True
power_upto_now: 0.9519230723381042
105th run
noise dimension : 27
noise variance: 163.53598022460938
original u-statistic:0.547710657119751
p value proxy: 0.003322259057313204
result: True
power_upto_now: 0.9523809552192688
106th run
noise dimension : 27
noise variance: 163.57052612304688
original u-statistic:0.5005161762237549
p value proxy: 0.003322259057313204
result: True
power_upto_now: 0.9528301954269409
107th run
noise dimension : 27
noise variance: 163.71514892578125
original u-statistic:0.8934540748596191
p value proxy: 0.003322259057313204
result: True
power_upto_now: 0.9532710313796997
108th run
noise dimension : 27
noise variance: 162.71180725097656
original u-statistic:0.6235392093658447
p value proxy: 0.003322259057313204
result: True
power_upto_now: 0.9537037014961243
109th run
noise dimension : 27
noise variance: 162.7758026123047
original u-statistic:0.8774411678314209
p value proxy: 0.003322259057313204
result: True
power_upto_now: 0.9541284441947937
110th run
noise dimension : 27
noise variance: 163.3814239501953
original u-statistic:0.8696327209472656
p value proxy: 0.003322259057313204
result: True
power_upto_now: 0.9545454382896423
111th run
noise dimension : 27
noise variance: 163.230224609375
original u-statistic:0.5036542415618896
p value proxy: 0.003322259057313204
result: True
power_upto_now: 0.954954981803894
112th run
noise dimension : 27
noise variance: 163.55538940429688
original u-statistic:0.8388221263885498
p value proxy: 0.003322259057313204
result: True
power_upto_now: 0.9553571343421936
113th run
noise dimension : 27
noise variance: 163.2119598388672
original u-statistic:0.5507822036743164
p value proxy: 0.003322259057313204
result: True
power_upto_now: 0.9557521939277649
114th run
noise dimension : 27
noise variance: 163.024658203125
original u-statistic:0.9561135768890381
p value proxy: 0.003322259057313204
result: True
power_upto_now: 0.9561403393745422
115th run
noise dimension : 27
noise variance: 163.38450622558594
original u-statistic:0.6595678329467773
p value proxy: 0.003322259057313204
result: True
power_upto_now: 0.95652174949646
116th run
noise dimension : 27
noise variance: 163.55445861816406
original u-statistic:0.8247907161712646
p value proxy: 0.003322259057313204
result: True
power_upto_now: 0.9568965435028076
117th run
noise dimension : 27
noise variance: 163.8438720703125
original u-statistic:0.9090495109558105
p value proxy: 0.003322259057313204
result: True
power_upto_now: 0.9572649598121643
118th run
noise dimension : 27
noise variance: 163.49183654785156
original u-statistic:0.5062713623046875
p value proxy: 0.003322259057313204
result: True
power_upto_now: 0.9576271176338196
119th run
noise dimension : 27
noise variance: 163.583251953125
original u-statistic:0.1378769874572754
p value proxy: 0.09634551405906677
result: False
power_upto_now: 0.9495798349380493
120th run
noise dimension : 27
noise variance: 162.907958984375
original u-statistic:0.6476991176605225
p value proxy: 0.003322259057313204
result: True
power_upto_now: 0.949999988079071
121th run
noise dimension : 27
noise variance: 163.01339721679688
original u-statistic:0.7629494667053223
p value proxy: 0.003322259057313204
result: True
power_upto_now: 0.9504132270812988
122th run
noise dimension : 27
noise variance: 163.82334899902344
original u-statistic:0.4779646396636963
p value proxy: 0.003322259057313204
result: True
power_upto_now: 0.9508196711540222
123th run
noise dimension : 27
noise variance: 163.5380401611328
original u-statistic:0.6308307647705078
p value proxy: 0.003322259057313204
result: True
power_upto_now: 0.9512194991111755
124th run
noise dimension : 27
noise variance: 163.2033233642578
original u-statistic:0.6299290657043457
p value proxy: 0.003322259057313204
result: True
power_upto_now: 0.9516128897666931
125th run
noise dimension : 27
noise variance: 162.87493896484375
original u-statistic:0.3892083168029785
p value proxy: 0.013289036229252815
result: True
power_upto_now: 0.9520000219345093
126th run
noise dimension : 27
noise variance: 163.2478790283203
original u-statistic:0.40146303176879883
p value proxy: 0.003322259057313204
result: True
power_upto_now: 0.9523809552192688
127th run
noise dimension : 27
noise variance: 162.82821655273438
original u-statistic:0.25520873069763184
p value proxy: 0.039867110550403595
result: True
power_upto_now: 0.9527559280395508
128th run
noise dimension : 27
noise variance: 163.4187774658203
original u-statistic:0.6356430053710938
p value proxy: 0.003322259057313204
result: True
power_upto_now: 0.953125
129th run
noise dimension : 27
noise variance: 163.86082458496094
original u-statistic:0.571448802947998
p value proxy: 0.003322259057313204
result: True
power_upto_now: 0.9534883499145508
130th run
noise dimension : 27
noise variance: 162.55238342285156
original u-statistic:0.7717232704162598
p value proxy: 0.003322259057313204
result: True
power_upto_now: 0.9538461565971375
131th run
noise dimension : 27
noise variance: 163.29331970214844
original u-statistic:0.6342236995697021
p value proxy: 0.003322259057313204
result: True
power_upto_now: 0.9541984796524048
132th run
noise dimension : 27
noise variance: 163.4857177734375
original u-statistic:0.2262427806854248
p value proxy: 0.039867110550403595
result: True
power_upto_now: 0.9545454382896423
133th run
noise dimension : 27
noise variance: 163.43800354003906
original u-statistic:0.4205811023712158
p value proxy: 0.003322259057313204
result: True
power_upto_now: 0.9548872113227844
134th run
noise dimension : 27
noise variance: 163.31919860839844
original u-statistic:0.8475842475891113
p value proxy: 0.003322259057313204
result: True
power_upto_now: 0.9552238583564758
135th run
noise dimension : 27
noise variance: 163.43597412109375
original u-statistic:0.2443389892578125
p value proxy: 0.029900331050157547
result: True
power_upto_now: 0.9555555582046509
136th run
noise dimension : 27
noise variance: 162.83120727539062
original u-statistic:0.4651918411254883
p value proxy: 0.003322259057313204
result: True
power_upto_now: 0.9558823704719543
137th run
noise dimension : 27
noise variance: 163.04129028320312
original u-statistic:0.5871989727020264
p value proxy: 0.003322259057313204
result: True
power_upto_now: 0.956204354763031
138th run
noise dimension : 27
noise variance: 163.27581787109375
original u-statistic:0.4053497314453125
p value proxy: 0.006644518114626408
result: True
power_upto_now: 0.95652174949646
139th run
noise dimension : 27
noise variance: 163.0550537109375
original u-statistic:0.053884267807006836
p value proxy: 0.27574750781059265
result: False
power_upto_now: 0.9496402740478516
140th run
noise dimension : 27
noise variance: 164.08299255371094
original u-statistic:0.6124553680419922
p value proxy: 0.003322259057313204
result: True
power_upto_now: 0.949999988079071
141th run
noise dimension : 27
noise variance: 162.8802947998047
original u-statistic:0.6550414562225342
p value proxy: 0.003322259057313204
result: True
power_upto_now: 0.9503546357154846
142th run
noise dimension : 27
noise variance: 163.31382751464844
original u-statistic:0.5116190910339355
p value proxy: 0.003322259057313204
result: True
power_upto_now: 0.9507042169570923
143th run
noise dimension : 27
noise variance: 162.46144104003906
original u-statistic:0.3565254211425781
p value proxy: 0.003322259057313204
result: True
power_upto_now: 0.9510489702224731
144th run
noise dimension : 27
noise variance: 163.52647399902344
original u-statistic:0.2810184955596924
p value proxy: 0.02657807245850563
result: True
power_upto_now: 0.9513888955116272
145th run
noise dimension : 27
noise variance: 163.55474853515625
original u-statistic:0.3101918697357178
p value proxy: 0.006644518114626408
result: True
power_upto_now: 0.951724112033844
146th run
noise dimension : 27
noise variance: 162.8973388671875
original u-statistic:0.2910304069519043
p value proxy: 0.02657807245850563
result: True
power_upto_now: 0.9520547986030579
147th run
noise dimension : 27
noise variance: 163.5928955078125
original u-statistic:0.4317474365234375
p value proxy: 0.013289036229252815
result: True
power_upto_now: 0.9523809552192688
148th run
noise dimension : 27
noise variance: 163.1328582763672
original u-statistic:0.35022497177124023
p value proxy: 0.003322259057313204
result: True
power_upto_now: 0.9527027010917664
149th run
noise dimension : 27
noise variance: 163.0356903076172
original u-statistic:0.8268697261810303
p value proxy: 0.003322259057313204
result: True
power_upto_now: 0.9530201554298401
150th run
noise dimension : 27
noise variance: 163.225830078125
original u-statistic:0.6808078289031982
p value proxy: 0.003322259057313204
result: True
power_upto_now: 0.95333331823349
151th run
noise dimension : 27
noise variance: 163.21011352539062
original u-statistic:1.2900340557098389
p value proxy: 0.003322259057313204
result: True
power_upto_now: 0.9536423683166504
152th run
noise dimension : 27
noise variance: 162.75738525390625
original u-statistic:0.2256147861480713
p value proxy: 0.05315614491701126
result: False
power_upto_now: 0.9473684430122375
153th run
noise dimension : 27
noise variance: 162.3898162841797
original u-statistic:0.49628376960754395
p value proxy: 0.003322259057313204
result: True
power_upto_now: 0.9477124214172363
154th run
noise dimension : 27
noise variance: 163.4822235107422
original u-statistic:0.6851963996887207
p value proxy: 0.003322259057313204
result: True
power_upto_now: 0.948051929473877
155th run
noise dimension : 27
noise variance: 163.38592529296875
original u-statistic:0.5784173011779785
p value proxy: 0.003322259057313204
result: True
power_upto_now: 0.948387086391449
156th run
noise dimension : 27
noise variance: 163.51974487304688
original u-statistic:0.3409147262573242
p value proxy: 0.003322259057313204
result: True
power_upto_now: 0.9487179517745972
157th run
noise dimension : 27
noise variance: 163.30686950683594
original u-statistic:0.978055477142334
p value proxy: 0.003322259057313204
result: True
power_upto_now: 0.9490445852279663
158th run
noise dimension : 27
noise variance: 163.0194091796875
original u-statistic:0.5356078147888184
p value proxy: 0.003322259057313204
result: True
power_upto_now: 0.949367105960846
159th run
noise dimension : 27
noise variance: 163.09576416015625
original u-statistic:0.23942852020263672
p value proxy: 0.04318936914205551
result: True
power_upto_now: 0.9496855139732361
160th run
noise dimension : 27
noise variance: 163.56146240234375
original u-statistic:0.66843581199646
p value proxy: 0.003322259057313204
result: True
power_upto_now: 0.949999988079071
161th run
noise dimension : 27
noise variance: 163.7724609375
original u-statistic:0.6327927112579346
p value proxy: 0.003322259057313204
result: True
power_upto_now: 0.9503105878829956
162th run
noise dimension : 27
noise variance: 163.2706756591797
original u-statistic:0.7486965656280518
p value proxy: 0.003322259057313204
result: True
power_upto_now: 0.9506173133850098
163th run
noise dimension : 27
noise variance: 163.52589416503906
original u-statistic:0.6290311813354492
p value proxy: 0.003322259057313204
result: True
power_upto_now: 0.9509202241897583
164th run
noise dimension : 27
noise variance: 163.4940185546875
original u-statistic:0.4286036491394043
p value proxy: 0.003322259057313204
result: True
power_upto_now: 0.9512194991111755
165th run
noise dimension : 27
noise variance: 163.60757446289062
original u-statistic:0.5839042663574219
p value proxy: 0.003322259057313204
result: True
power_upto_now: 0.9515151381492615
166th run
noise dimension : 27
noise variance: 163.0241241455078
original u-statistic:0.7538235187530518
p value proxy: 0.003322259057313204
result: True
power_upto_now: 0.9518072009086609
167th run
noise dimension : 27
noise variance: 163.2412109375
original u-statistic:0.5079383850097656
p value proxy: 0.003322259057313204
result: True
power_upto_now: 0.9520958065986633
168th run
noise dimension : 27
noise variance: 163.44349670410156
original u-statistic:0.2676534652709961
p value proxy: 0.02657807245850563
result: True
power_upto_now: 0.9523809552192688
169th run
noise dimension : 27
noise variance: 163.35321044921875
original u-statistic:0.628115177154541
p value proxy: 0.003322259057313204
result: True
power_upto_now: 0.9526627063751221
170th run
noise dimension : 27
noise variance: 163.62213134765625
original u-statistic:1.076237440109253
p value proxy: 0.003322259057313204
result: True
power_upto_now: 0.9529411792755127
171th run
noise dimension : 27
noise variance: 162.78173828125
original u-statistic:0.3370063304901123
p value proxy: 0.013289036229252815
result: True
power_upto_now: 0.9532163739204407
172th run
noise dimension : 27
noise variance: 163.48101806640625
original u-statistic:0.1849656105041504
p value proxy: 0.07641195505857468
result: False
power_upto_now: 0.9476743936538696
173th run
noise dimension : 27
noise variance: 163.2611083984375
original u-statistic:0.8995723724365234
p value proxy: 0.003322259057313204
result: True
power_upto_now: 0.9479768872261047
174th run
noise dimension : 27
noise variance: 163.39187622070312
original u-statistic:0.2698969841003418
p value proxy: 0.029900331050157547
result: True
power_upto_now: 0.9482758641242981
175th run
noise dimension : 27
noise variance: 163.4666748046875
original u-statistic:0.8256547451019287
p value proxy: 0.003322259057313204
result: True
power_upto_now: 0.9485714435577393
176th run
noise dimension : 27
noise variance: 163.05812072753906
original u-statistic:0.3856656551361084
p value proxy: 0.009966777637600899
result: True
power_upto_now: 0.9488636255264282
177th run
noise dimension : 27
noise variance: 163.0484161376953
original u-statistic:0.4104945659637451
p value proxy: 0.003322259057313204
result: True
power_upto_now: 0.9491525292396545
178th run
noise dimension : 27
noise variance: 163.41864013671875
original u-statistic:0.8844351768493652
p value proxy: 0.003322259057313204
result: True
power_upto_now: 0.949438214302063
179th run
noise dimension : 27
noise variance: 163.3068084716797
original u-statistic:0.4283945560455322
p value proxy: 0.003322259057313204
result: True
power_upto_now: 0.9497206807136536
180th run
noise dimension : 27
noise variance: 163.3309326171875
original u-statistic:0.37079358100891113
p value proxy: 0.006644518114626408
result: True
power_upto_now: 0.949999988079071
181th run
noise dimension : 27
noise variance: 163.5996551513672
original u-statistic:0.3259541988372803
p value proxy: 0.006644518114626408
result: True
power_upto_now: 0.950276255607605
182th run
noise dimension : 27
noise variance: 163.2940216064453
original u-statistic:0.630469799041748
p value proxy: 0.003322259057313204
result: True
power_upto_now: 0.9505494236946106
183th run
noise dimension : 27
noise variance: 163.2694549560547
original u-statistic:0.3222174644470215
p value proxy: 0.006644518114626408
result: True
power_upto_now: 0.9508196711540222
184th run
noise dimension : 27
noise variance: 163.97869873046875
original u-statistic:0.7170054912567139
p value proxy: 0.003322259057313204
result: True
power_upto_now: 0.9510869383811951
185th run
noise dimension : 27
noise variance: 163.3750762939453
original u-statistic:0.6215682029724121
p value proxy: 0.003322259057313204
result: True
power_upto_now: 0.9513513445854187
186th run
noise dimension : 27
noise variance: 163.28553771972656
original u-statistic:0.4088435173034668
p value proxy: 0.006644518114626408
result: True
power_upto_now: 0.9516128897666931
187th run
noise dimension : 27
noise variance: 163.41139221191406
original u-statistic:0.798670768737793
p value proxy: 0.003322259057313204
result: True
power_upto_now: 0.9518716335296631
188th run
noise dimension : 27
noise variance: 163.21339416503906
original u-statistic:0.4119381904602051
p value proxy: 0.003322259057313204
result: True
power_upto_now: 0.9521276354789734
189th run
noise dimension : 27
noise variance: 163.03396606445312
original u-statistic:0.5521931648254395
p value proxy: 0.003322259057313204
result: True
power_upto_now: 0.9523809552192688
190th run
noise dimension : 27
noise variance: 163.4000701904297
original u-statistic:0.4256768226623535
p value proxy: 0.003322259057313204
result: True
power_upto_now: 0.9526315927505493
191th run
noise dimension : 27
noise variance: 163.43600463867188
original u-statistic:0.33340907096862793
p value proxy: 0.016611294820904732
result: True
power_upto_now: 0.9528796076774597
192th run
noise dimension : 27
noise variance: 163.0482940673828
original u-statistic:0.46973228454589844
p value proxy: 0.003322259057313204
result: True
power_upto_now: 0.953125
193th run
noise dimension : 27
noise variance: 163.7017364501953
original u-statistic:0.5783700942993164
p value proxy: 0.003322259057313204
result: True
power_upto_now: 0.9533678889274597
194th run
noise dimension : 27
noise variance: 163.62252807617188
original u-statistic:0.43509483337402344
p value proxy: 0.003322259057313204
result: True
power_upto_now: 0.9536082744598389
195th run
noise dimension : 27
noise variance: 163.45359802246094
original u-statistic:0.05645155906677246
p value proxy: 0.3222591280937195
result: False
power_upto_now: 0.9487179517745972
196th run
noise dimension : 27
noise variance: 163.8477020263672
original u-statistic:0.6217327117919922
p value proxy: 0.003322259057313204
result: True
power_upto_now: 0.9489796161651611
197th run
noise dimension : 27
noise variance: 163.43182373046875
original u-statistic:0.6419134140014648
p value proxy: 0.003322259057313204
result: True
power_upto_now: 0.9492385983467102
198th run
noise dimension : 27
noise variance: 163.4510955810547
original u-statistic:0.3580753803253174
p value proxy: 0.006644518114626408
result: True
power_upto_now: 0.9494949579238892
199th run
noise dimension : 27
noise variance: 163.49948120117188
original u-statistic:0.1837928295135498
p value proxy: 0.0830564796924591
result: False
power_upto_now: 0.9447236061096191
200th run
noise dimension : 27
noise variance: 163.30245971679688
original u-statistic:0.24494123458862305
p value proxy: 0.033222589641809464
result: True
power_upto_now: 0.9449999928474426
201th run
noise dimension : 27
noise variance: 163.56614685058594
original u-statistic:0.5816695690155029
p value proxy: 0.003322259057313204
result: True
power_upto_now: 0.9452736377716064
202th run
noise dimension : 27
noise variance: 163.28883361816406
original u-statistic:0.7931082248687744
p value proxy: 0.003322259057313204
result: True
power_upto_now: 0.9455445408821106
203th run
noise dimension : 27
noise variance: 163.43777465820312
original u-statistic:0.407351016998291
p value proxy: 0.009966777637600899
result: True
power_upto_now: 0.9458128213882446
204th run
noise dimension : 27
noise variance: 162.6448211669922
original u-statistic:0.5031099319458008
p value proxy: 0.006644518114626408
result: True
power_upto_now: 0.9460784196853638
205th run
noise dimension : 27
noise variance: 163.2257537841797
original u-statistic:0.2612040042877197
p value proxy: 0.013289036229252815
result: True
power_upto_now: 0.9463414549827576
206th run
noise dimension : 27
noise variance: 162.8290557861328
original u-statistic:0.13153672218322754
p value proxy: 0.13289035856723785
result: False
power_upto_now: 0.9417475461959839
207th run
noise dimension : 27
noise variance: 163.14471435546875
original u-statistic:0.60652756690979
p value proxy: 0.003322259057313204
result: True
power_upto_now: 0.9420289993286133
208th run
noise dimension : 27
noise variance: 163.29025268554688
original u-statistic:0.377577543258667
p value proxy: 0.003322259057313204
result: True
power_upto_now: 0.942307710647583
209th run
noise dimension : 27
noise variance: 163.62530517578125
original u-statistic:0.1441659927368164
p value proxy: 0.13289035856723785
result: False
power_upto_now: 0.9377990365028381
210th run
noise dimension : 27
noise variance: 162.84335327148438
original u-statistic:0.3538482189178467
p value proxy: 0.013289036229252815
result: True
power_upto_now: 0.938095211982727
211th run
noise dimension : 27
noise variance: 164.0365447998047
original u-statistic:0.35029172897338867
p value proxy: 0.003322259057313204
result: True
power_upto_now: 0.9383886456489563
212th run
noise dimension : 27
noise variance: 162.8230743408203
original u-statistic:0.3186016082763672
p value proxy: 0.013289036229252815
result: True
power_upto_now: 0.9386792182922363
213th run
noise dimension : 27
noise variance: 163.41342163085938
original u-statistic:0.7779381275177002
p value proxy: 0.003322259057313204
result: True
power_upto_now: 0.9389671087265015
214th run
noise dimension : 27
noise variance: 163.39869689941406
original u-statistic:0.8359508514404297
p value proxy: 0.003322259057313204
result: True
power_upto_now: 0.9392523169517517
215th run
noise dimension : 27
noise variance: 164.11741638183594
original u-statistic:0.42144227027893066
p value proxy: 0.009966777637600899
result: True
power_upto_now: 0.9395349025726318
216th run
noise dimension : 27
noise variance: 163.40707397460938
original u-statistic:0.10877704620361328
p value proxy: 0.11627906560897827
result: False
power_upto_now: 0.9351851940155029
217th run
noise dimension : 27
noise variance: 163.3477020263672
original u-statistic:0.4330883026123047
p value proxy: 0.003322259057313204
result: True
power_upto_now: 0.9354838728904724
218th run
noise dimension : 27
noise variance: 163.06773376464844
original u-statistic:0.2913951873779297
p value proxy: 0.016611294820904732
result: True
power_upto_now: 0.9357798099517822
219th run
noise dimension : 27
noise variance: 163.45738220214844
original u-statistic:0.2991931438446045
p value proxy: 0.02657807245850563
result: True
power_upto_now: 0.9360730648040771
220th run
noise dimension : 27
noise variance: 163.19833374023438
original u-statistic:1.197904109954834
p value proxy: 0.003322259057313204
result: True
power_upto_now: 0.9363636374473572
221th run
noise dimension : 27
noise variance: 163.15386962890625
original u-statistic:0.5883054733276367
p value proxy: 0.003322259057313204
result: True
power_upto_now: 0.9366515874862671
222th run
noise dimension : 27
noise variance: 162.998046875
original u-statistic:0.7812304496765137
p value proxy: 0.003322259057313204
result: True
power_upto_now: 0.9369369149208069
223th run
noise dimension : 27
noise variance: 163.36354064941406
original u-statistic:0.1687602996826172
p value proxy: 0.07641195505857468
result: False
power_upto_now: 0.9327354431152344
224th run
noise dimension : 27
noise variance: 162.93048095703125
original u-statistic:0.5101218223571777
p value proxy: 0.003322259057313204
result: True
power_upto_now: 0.9330357313156128
225th run
noise dimension : 27
noise variance: 163.46096801757812
original u-statistic:0.6716864109039307
p value proxy: 0.003322259057313204
result: True
power_upto_now: 0.9333333373069763
226th run
noise dimension : 27
noise variance: 163.2279510498047
original u-statistic:0.43766283988952637
p value proxy: 0.003322259057313204
result: True
power_upto_now: 0.9336283206939697
227th run
noise dimension : 27
noise variance: 163.90225219726562
original u-statistic:0.7884237766265869
p value proxy: 0.003322259057313204
result: True
power_upto_now: 0.933920681476593
228th run
noise dimension : 27
noise variance: 163.9207763671875
original u-statistic:0.2315826416015625
p value proxy: 0.04318936914205551
result: True
power_upto_now: 0.9342105388641357
229th run
noise dimension : 27
noise variance: 162.41180419921875
original u-statistic:0.4373738765716553
p value proxy: 0.003322259057313204
result: True
power_upto_now: 0.9344978332519531
230th run
noise dimension : 27
noise variance: 162.9465789794922
original u-statistic:0.45087218284606934
p value proxy: 0.003322259057313204
result: True
power_upto_now: 0.9347826242446899
231th run
noise dimension : 27
noise variance: 163.2232666015625
original u-statistic:0.5901584625244141
p value proxy: 0.003322259057313204
result: True
power_upto_now: 0.9350649118423462
232th run
noise dimension : 27
noise variance: 163.3311309814453
original u-statistic:0.9379673004150391
p value proxy: 0.003322259057313204
result: True
power_upto_now: 0.9353448152542114
233th run
noise dimension : 27
noise variance: 163.67437744140625
original u-statistic:0.6015410423278809
p value proxy: 0.003322259057313204
result: True
power_upto_now: 0.9356223344802856
234th run
noise dimension : 27
noise variance: 163.14927673339844
original u-statistic:0.41724395751953125
p value proxy: 0.003322259057313204
result: True
power_upto_now: 0.9358974099159241
235th run
noise dimension : 27
noise variance: 163.15261840820312
original u-statistic:0.41916584968566895
p value proxy: 0.006644518114626408
result: True
power_upto_now: 0.936170220375061
236th run
noise dimension : 27
noise variance: 163.09222412109375
original u-statistic:0.23259973526000977
p value proxy: 0.049833886325359344
result: True
power_upto_now: 0.9364407062530518
237th run
noise dimension : 27
noise variance: 163.4561309814453
original u-statistic:0.7768988609313965
p value proxy: 0.003322259057313204
result: True
power_upto_now: 0.9367088675498962
238th run
noise dimension : 27
noise variance: 162.9307098388672
original u-statistic:0.5395522117614746
p value proxy: 0.003322259057313204
result: True
power_upto_now: 0.9369747638702393
239th run
noise dimension : 27
noise variance: 163.52085876464844
original u-statistic:0.9942708015441895
p value proxy: 0.003322259057313204
result: True
power_upto_now: 0.9372385144233704
240th run
noise dimension : 27
noise variance: 163.01589965820312
original u-statistic:0.41187143325805664
p value proxy: 0.006644518114626408
result: True
power_upto_now: 0.9375
241th run
noise dimension : 27
noise variance: 163.55372619628906
original u-statistic:0.5590062141418457
p value proxy: 0.003322259057313204
result: True
power_upto_now: 0.9377593398094177
242th run
noise dimension : 27
noise variance: 163.43130493164062
original u-statistic:0.500300407409668
p value proxy: 0.003322259057313204
result: True
power_upto_now: 0.9380165338516235
243th run
noise dimension : 27
noise variance: 163.08448791503906
original u-statistic:0.8839099407196045
p value proxy: 0.003322259057313204
result: True
power_upto_now: 0.9382715821266174
244th run
noise dimension : 27
noise variance: 163.1109161376953
original u-statistic:0.8095147609710693
p value proxy: 0.003322259057313204
result: True
power_upto_now: 0.938524603843689
245th run
noise dimension : 27
noise variance: 163.3606414794922
original u-statistic:0.2899000644683838
p value proxy: 0.023255813866853714
result: True
power_upto_now: 0.9387755393981934
246th run
noise dimension : 27
noise variance: 163.62939453125
original u-statistic:0.5339038372039795
p value proxy: 0.003322259057313204
result: True
power_upto_now: 0.9390243887901306
247th run
noise dimension : 27
noise variance: 163.48704528808594
original u-statistic:0.6012101173400879
p value proxy: 0.003322259057313204
result: True
power_upto_now: 0.9392712712287903
248th run
noise dimension : 27
noise variance: 163.30857849121094
original u-statistic:0.40111756324768066
p value proxy: 0.006644518114626408
result: True
power_upto_now: 0.9395161271095276
249th run
noise dimension : 27
noise variance: 163.09481811523438
original u-statistic:0.4459686279296875
p value proxy: 0.009966777637600899
result: True
power_upto_now: 0.9397590160369873
250th run
noise dimension : 27
noise variance: 162.96466064453125
original u-statistic:1.2214677333831787
p value proxy: 0.003322259057313204
result: True
power_upto_now: 0.9399999976158142
251th run
noise dimension : 27
noise variance: 163.52635192871094
original u-statistic:0.7214541435241699
p value proxy: 0.003322259057313204
result: True
power_upto_now: 0.9402390718460083
252th run
noise dimension : 27
noise variance: 163.6665802001953
original u-statistic:0.0009722709655761719
p value proxy: 0.46179401874542236
result: False
power_upto_now: 0.9365079402923584
253th run
noise dimension : 27
noise variance: 163.4706573486328
original u-statistic:0.3833034038543701
p value proxy: 0.009966777637600899
result: True
power_upto_now: 0.9367588758468628
254th run
noise dimension : 27
noise variance: 164.05711364746094
original u-statistic:0.28464651107788086
p value proxy: 0.04651162773370743
result: True
power_upto_now: 0.9370078444480896
255th run
noise dimension : 27
noise variance: 163.3894500732422
original u-statistic:0.348247766494751
p value proxy: 0.006644518114626408
result: True
power_upto_now: 0.9372549057006836
256th run
noise dimension : 27
noise variance: 163.43524169921875
original u-statistic:1.012012243270874
p value proxy: 0.003322259057313204
result: True
power_upto_now: 0.9375
257th run
noise dimension : 27
noise variance: 163.70941162109375
original u-statistic:0.38784313201904297
p value proxy: 0.003322259057313204
result: True
power_upto_now: 0.9377431869506836
258th run
noise dimension : 27
noise variance: 163.4027099609375
original u-statistic:1.036146879196167
p value proxy: 0.003322259057313204
result: True
power_upto_now: 0.9379844665527344
259th run
noise dimension : 27
noise variance: 163.29273986816406
original u-statistic:0.35488295555114746
p value proxy: 0.009966777637600899
result: True
power_upto_now: 0.9382239580154419
260th run
noise dimension : 27
noise variance: 163.09506225585938
original u-statistic:0.6685044765472412
p value proxy: 0.003322259057313204
result: True
power_upto_now: 0.9384615421295166
261th run
noise dimension : 27
noise variance: 163.05772399902344
original u-statistic:0.35719919204711914
p value proxy: 0.006644518114626408
result: True
power_upto_now: 0.938697338104248
262th run
noise dimension : 27
noise variance: 163.68907165527344
original u-statistic:0.6037085056304932
p value proxy: 0.003322259057313204
result: True
power_upto_now: 0.9389312863349915
263th run
noise dimension : 27
noise variance: 163.5865478515625
original u-statistic:0.5147926807403564
p value proxy: 0.006644518114626408
result: True
power_upto_now: 0.9391635060310364
264th run
noise dimension : 27
noise variance: 163.89010620117188
original u-statistic:0.3652975559234619
p value proxy: 0.013289036229252815
result: True
power_upto_now: 0.939393937587738
265th run
noise dimension : 27
noise variance: 163.70782470703125
original u-statistic:0.6175265312194824
p value proxy: 0.003322259057313204
result: True
power_upto_now: 0.9396226406097412
266th run
noise dimension : 27
noise variance: 163.818603515625
original u-statistic:0.6820440292358398
p value proxy: 0.003322259057313204
result: True
power_upto_now: 0.9398496150970459
267th run
noise dimension : 27
noise variance: 163.3494110107422
original u-statistic:0.6916966438293457
p value proxy: 0.003322259057313204
result: True
power_upto_now: 0.9400749206542969
268th run
noise dimension : 27
noise variance: 162.9329071044922
original u-statistic:0.5881578922271729
p value proxy: 0.003322259057313204
result: True
power_upto_now: 0.9402984976768494
269th run
noise dimension : 27
noise variance: 163.64422607421875
original u-statistic:0.3822462558746338
p value proxy: 0.013289036229252815
result: True
power_upto_now: 0.9405204653739929
270th run
noise dimension : 27
noise variance: 163.14309692382812
original u-statistic:0.46118783950805664
p value proxy: 0.003322259057313204
result: True
power_upto_now: 0.9407407641410828
271th run
noise dimension : 27
noise variance: 163.6411590576172
original u-statistic:0.32637882232666016
p value proxy: 0.009966777637600899
result: True
power_upto_now: 0.9409593939781189
272th run
noise dimension : 27
noise variance: 162.87356567382812
original u-statistic:0.2751140594482422
p value proxy: 0.023255813866853714
result: True
power_upto_now: 0.9411764740943909
273th run
noise dimension : 27
noise variance: 163.58380126953125
original u-statistic:0.3758127689361572
p value proxy: 0.013289036229252815
result: True
power_upto_now: 0.9413919448852539
274th run
noise dimension : 27
noise variance: 163.2479705810547
original u-statistic:0.6490991115570068
p value proxy: 0.003322259057313204
result: True
power_upto_now: 0.9416058659553528
275th run
noise dimension : 27
noise variance: 163.354736328125
original u-statistic:0.6081333160400391
p value proxy: 0.003322259057313204
result: True
power_upto_now: 0.9418181777000427
276th run
noise dimension : 27
noise variance: 163.40467834472656
original u-statistic:0.8271000385284424
p value proxy: 0.003322259057313204
result: True
power_upto_now: 0.9420289993286133
277th run
noise dimension : 27
noise variance: 163.22547912597656
original u-statistic:0.6189727783203125
p value proxy: 0.003322259057313204
result: True
power_upto_now: 0.9422382712364197
278th run
noise dimension : 27
noise variance: 162.9837646484375
original u-statistic:0.5487134456634521
p value proxy: 0.003322259057313204
result: True
power_upto_now: 0.9424460530281067
279th run
noise dimension : 27
noise variance: 163.5338592529297
original u-statistic:0.17080307006835938
p value proxy: 0.09302325546741486
result: False
power_upto_now: 0.939068078994751
280th run
noise dimension : 27
noise variance: 163.45912170410156
original u-statistic:1.0857923030853271
p value proxy: 0.003322259057313204
result: True
power_upto_now: 0.9392856955528259
281th run
noise dimension : 27
noise variance: 163.5847625732422
original u-statistic:0.7677140235900879
p value proxy: 0.003322259057313204
result: True
power_upto_now: 0.9395017623901367
282th run
noise dimension : 27
noise variance: 163.3394012451172
original u-statistic:0.5389816761016846
p value proxy: 0.003322259057313204
result: True
power_upto_now: 0.9397163391113281
283th run
noise dimension : 27
noise variance: 163.3323211669922
original u-statistic:0.45176076889038086
p value proxy: 0.006644518114626408
result: True
power_upto_now: 0.9399293065071106
284th run
noise dimension : 27
noise variance: 163.33888244628906
original u-statistic:0.5022871494293213
p value proxy: 0.003322259057313204
result: True
power_upto_now: 0.9401408433914185
285th run
noise dimension : 27
noise variance: 163.62698364257812
original u-statistic:0.531259298324585
p value proxy: 0.003322259057313204
result: True
power_upto_now: 0.9403508901596069
286th run
noise dimension : 27
noise variance: 163.1316375732422
original u-statistic:0.40341711044311523
p value proxy: 0.003322259057313204
result: True
power_upto_now: 0.940559446811676
287th run
noise dimension : 27
noise variance: 163.12838745117188
original u-statistic:0.2190990447998047
p value proxy: 0.02657807245850563
result: True
power_upto_now: 0.9407665729522705
288th run
noise dimension : 27
noise variance: 163.4682159423828
original u-statistic:0.4004518985748291
p value proxy: 0.009966777637600899
result: True
power_upto_now: 0.9409722089767456
289th run
noise dimension : 27
noise variance: 163.03155517578125
original u-statistic:0.4557077884674072
p value proxy: 0.003322259057313204
result: True
power_upto_now: 0.9411764740943909
290th run
noise dimension : 27
noise variance: 163.6310577392578
original u-statistic:0.8536453247070312
p value proxy: 0.003322259057313204
result: True
power_upto_now: 0.9413793087005615
291th run
noise dimension : 27
noise variance: 162.9476318359375
original u-statistic:0.5072207450866699
p value proxy: 0.003322259057313204
result: True
power_upto_now: 0.9415807723999023
292th run
noise dimension : 27
noise variance: 163.77796936035156
original u-statistic:0.4402775764465332
p value proxy: 0.003322259057313204
result: True
power_upto_now: 0.9417808055877686
293th run
noise dimension : 27
noise variance: 162.84097290039062
original u-statistic:0.4009976387023926
p value proxy: 0.003322259057313204
result: True
power_upto_now: 0.9419795274734497
294th run
noise dimension : 27
noise variance: 163.6246337890625
original u-statistic:0.42128944396972656
p value proxy: 0.006644518114626408
result: True
power_upto_now: 0.942176878452301
295th run
noise dimension : 27
noise variance: 163.30540466308594
original u-statistic:0.2845029830932617
p value proxy: 0.019933555275201797
result: True
power_upto_now: 0.9423728585243225
296th run
noise dimension : 27
noise variance: 163.9208526611328
original u-statistic:0.5662086009979248
p value proxy: 0.003322259057313204
result: True
power_upto_now: 0.9425675868988037
297th run
noise dimension : 27
noise variance: 163.283447265625
original u-statistic:0.6879265308380127
p value proxy: 0.003322259057313204
result: True
power_upto_now: 0.9427609443664551
298th run
noise dimension : 27
noise variance: 162.85647583007812
original u-statistic:0.6822032928466797
p value proxy: 0.003322259057313204
result: True
power_upto_now: 0.9429529905319214
299th run
noise dimension : 27
noise variance: 163.46206665039062
original u-statistic:0.4463820457458496
p value proxy: 0.003322259057313204
result: True
power_upto_now: 0.9431437849998474
300th run
noise dimension : 27
noise variance: 162.54803466796875
original u-statistic:0.2891383171081543
p value proxy: 0.016611294820904732
result: True
power_upto_now: 0.9433333277702332
301th run
noise dimension : 27
noise variance: 163.38763427734375
original u-statistic:0.8597087860107422
p value proxy: 0.003322259057313204
result: True
power_upto_now: 0.9435216188430786
302th run
noise dimension : 27
noise variance: 163.01766967773438
original u-statistic:0.8905174732208252
p value proxy: 0.003322259057313204
result: True
power_upto_now: 0.943708598613739
303th run
noise dimension : 27
noise variance: 163.75875854492188
original u-statistic:0.5918688774108887
p value proxy: 0.003322259057313204
result: True
power_upto_now: 0.9438943862915039
304th run
noise dimension : 27
noise variance: 163.1334228515625
original u-statistic:0.3649129867553711
p value proxy: 0.009966777637600899
result: True
power_upto_now: 0.9440789222717285
305th run
noise dimension : 27
noise variance: 163.20028686523438
original u-statistic:0.7092490196228027
p value proxy: 0.003322259057313204
result: True
power_upto_now: 0.9442622661590576
306th run
noise dimension : 27
noise variance: 163.00633239746094
original u-statistic:0.5335521697998047
p value proxy: 0.003322259057313204
result: True
power_upto_now: 0.9444444179534912
307th run
noise dimension : 27
noise variance: 163.4279327392578
original u-statistic:0.2796947956085205
p value proxy: 0.013289036229252815
result: True
power_upto_now: 0.9446253776550293
308th run
noise dimension : 27
noise variance: 163.3172607421875
original u-statistic:0.31131601333618164
p value proxy: 0.009966777637600899
result: True
power_upto_now: 0.9448052048683167
309th run
noise dimension : 27
noise variance: 163.50343322753906
original u-statistic:0.7760155200958252
p value proxy: 0.003322259057313204
result: True
power_upto_now: 0.9449838399887085
310th run
noise dimension : 27
noise variance: 163.27191162109375
original u-statistic:0.24634718894958496
p value proxy: 0.029900331050157547
result: True
power_upto_now: 0.9451612830162048
311th run
noise dimension : 27
noise variance: 163.14102172851562
original u-statistic:0.5980627536773682
p value proxy: 0.003322259057313204
result: True
power_upto_now: 0.9453375935554504
312th run
noise dimension : 27
noise variance: 162.91712951660156
original u-statistic:0.5073800086975098
p value proxy: 0.003322259057313204
result: True
power_upto_now: 0.9455128312110901
313th run
noise dimension : 27
noise variance: 163.63739013671875
original u-statistic:0.600395917892456
p value proxy: 0.003322259057313204
result: True
power_upto_now: 0.9456868767738342
314th run
noise dimension : 27
noise variance: 163.3682861328125
original u-statistic:0.2834281921386719
p value proxy: 0.016611294820904732
result: True
power_upto_now: 0.9458598494529724
315th run
noise dimension : 27
noise variance: 163.44082641601562
original u-statistic:0.6067459583282471
p value proxy: 0.003322259057313204
result: True
power_upto_now: 0.9460317492485046
316th run
noise dimension : 27
noise variance: 163.7850799560547
original u-statistic:0.777411937713623
p value proxy: 0.003322259057313204
result: True
power_upto_now: 0.9462025165557861
317th run
noise dimension : 27
noise variance: 163.1498565673828
original u-statistic:0.8291671276092529
p value proxy: 0.003322259057313204
result: True
power_upto_now: 0.9463722109794617
318th run
noise dimension : 27
noise variance: 163.75189208984375
original u-statistic:0.8337850570678711
p value proxy: 0.003322259057313204
result: True
power_upto_now: 0.946540892124176
319th run
noise dimension : 27
noise variance: 163.8401641845703
original u-statistic:0.2801530361175537
p value proxy: 0.029900331050157547
result: True
power_upto_now: 0.9467084407806396
320th run
noise dimension : 27
noise variance: 163.644775390625
original u-statistic:0.11138582229614258
p value proxy: 0.1827242523431778
result: False
power_upto_now: 0.9437500238418579
321th run
noise dimension : 27
noise variance: 163.13304138183594
original u-statistic:0.18017816543579102
p value proxy: 0.08637873828411102
result: False
power_upto_now: 0.940809965133667
322th run
noise dimension : 27
noise variance: 163.54080200195312
original u-statistic:0.6081829071044922
p value proxy: 0.003322259057313204
result: True
power_upto_now: 0.9409937858581543
323th run
noise dimension : 27
noise variance: 163.48597717285156
original u-statistic:0.4837479591369629
p value proxy: 0.003322259057313204
result: True
power_upto_now: 0.9411764740943909
324th run
noise dimension : 27
noise variance: 163.70484924316406
original u-statistic:0.6484262943267822
p value proxy: 0.003322259057313204
result: True
power_upto_now: 0.9413580298423767
325th run
noise dimension : 27
noise variance: 163.51304626464844
original u-statistic:0.2329556941986084
p value proxy: 0.02657807245850563
result: True
power_upto_now: 0.9415384531021118
326th run
noise dimension : 27
noise variance: 163.0742645263672
original u-statistic:0.27240538597106934
p value proxy: 0.02657807245850563
result: True
power_upto_now: 0.941717803478241
327th run
noise dimension : 27
noise variance: 163.62550354003906
original u-statistic:0.3257312774658203
p value proxy: 0.016611294820904732
result: True
power_upto_now: 0.9418960213661194
328th run
noise dimension : 27
noise variance: 163.5784454345703
original u-statistic:0.4894833564758301
p value proxy: 0.003322259057313204
result: True
power_upto_now: 0.9420731663703918
329th run
noise dimension : 27
noise variance: 163.8782958984375
original u-statistic:0.48722171783447266
p value proxy: 0.003322259057313204
result: True
power_upto_now: 0.9422492384910583
330th run
noise dimension : 27
noise variance: 163.40415954589844
original u-statistic:1.1174242496490479
p value proxy: 0.003322259057313204
result: True
power_upto_now: 0.9424242377281189
331th run
noise dimension : 27
noise variance: 163.00938415527344
original u-statistic:0.3859891891479492
p value proxy: 0.006644518114626408
result: True
power_upto_now: 0.9425981640815735
332th run
noise dimension : 27
noise variance: 163.51187133789062
original u-statistic:0.07075953483581543
p value proxy: 0.25249168276786804
result: False
power_upto_now: 0.9397590160369873
333th run
noise dimension : 27
noise variance: 163.09011840820312
original u-statistic:0.44716310501098633
p value proxy: 0.013289036229252815
result: True
power_upto_now: 0.9399399161338806
334th run
noise dimension : 27
noise variance: 163.09384155273438
original u-statistic:1.0399799346923828
p value proxy: 0.003322259057313204
result: True
power_upto_now: 0.940119743347168
335th run
noise dimension : 27
noise variance: 163.31224060058594
original u-statistic:0.719468355178833
p value proxy: 0.003322259057313204
result: True
power_upto_now: 0.9402984976768494
336th run
noise dimension : 27
noise variance: 163.28936767578125
original u-statistic:0.39469385147094727
p value proxy: 0.019933555275201797
result: True
power_upto_now: 0.9404761791229248
337th run
noise dimension : 27
noise variance: 162.912353515625
original u-statistic:0.5589032173156738
p value proxy: 0.003322259057313204
result: True
power_upto_now: 0.9406528472900391
338th run
noise dimension : 27
noise variance: 163.6693878173828
original u-statistic:0.42543959617614746
p value proxy: 0.003322259057313204
result: True
power_upto_now: 0.9408283829689026
339th run
noise dimension : 27
noise variance: 163.829345703125
original u-statistic:0.6502106189727783
p value proxy: 0.003322259057313204
result: True
power_upto_now: 0.9410029649734497
340th run
noise dimension : 27
noise variance: 163.64212036132812
original u-statistic:0.3774287700653076
p value proxy: 0.013289036229252815
result: True
power_upto_now: 0.9411764740943909
341th run
noise dimension : 27
noise variance: 163.36276245117188
original u-statistic:0.7069492340087891
p value proxy: 0.003322259057313204
result: True
power_upto_now: 0.9413489699363708
342th run
noise dimension : 27
noise variance: 163.40420532226562
original u-statistic:0.44939613342285156
p value proxy: 0.003322259057313204
result: True
power_upto_now: 0.9415204524993896
343th run
noise dimension : 27
noise variance: 163.00189208984375
original u-statistic:0.6367177963256836
p value proxy: 0.003322259057313204
result: True
power_upto_now: 0.941690981388092
344th run
noise dimension : 27
noise variance: 163.78158569335938
original u-statistic:0.49986982345581055
p value proxy: 0.003322259057313204
result: True
power_upto_now: 0.9418604373931885
345th run
noise dimension : 27
noise variance: 163.445068359375
original u-statistic:0.5949831008911133
p value proxy: 0.003322259057313204
result: True
power_upto_now: 0.9420289993286133
346th run
noise dimension : 27
noise variance: 162.98817443847656
original u-statistic:0.5105931758880615
p value proxy: 0.003322259057313204
result: True
power_upto_now: 0.9421965479850769
347th run
noise dimension : 27
noise variance: 162.82615661621094
original u-statistic:0.8987691402435303
p value proxy: 0.003322259057313204
result: True
power_upto_now: 0.9423630833625793
348th run
noise dimension : 27
noise variance: 163.86135864257812
original u-statistic:0.43286657333374023
p value proxy: 0.006644518114626408
result: True
power_upto_now: 0.9425287246704102
349th run
noise dimension : 27
noise variance: 163.20619201660156
original u-statistic:1.204052209854126
p value proxy: 0.003322259057313204
result: True
power_upto_now: 0.9426934123039246
350th run
noise dimension : 27
noise variance: 162.79891967773438
original u-statistic:0.8960158824920654
p value proxy: 0.003322259057313204
result: True
power_upto_now: 0.9428571462631226
351th run
noise dimension : 27
noise variance: 163.484619140625
original u-statistic:0.4783341884613037
p value proxy: 0.009966777637600899
result: True
power_upto_now: 0.9430199265480042
352th run
noise dimension : 27
noise variance: 163.12478637695312
original u-statistic:0.5804557800292969
p value proxy: 0.003322259057313204
result: True
power_upto_now: 0.9431818127632141
353th run
noise dimension : 27
noise variance: 163.42391967773438
original u-statistic:0.4727592468261719
p value proxy: 0.003322259057313204
result: True
power_upto_now: 0.9433428049087524
354th run
noise dimension : 27
noise variance: 163.11685180664062
original u-statistic:0.3397693634033203
p value proxy: 0.016611294820904732
result: True
power_upto_now: 0.9435028433799744
355th run
noise dimension : 27
noise variance: 163.84268188476562
original u-statistic:0.3044748306274414
p value proxy: 0.016611294820904732
result: True
power_upto_now: 0.9436619877815247
356th run
noise dimension : 27
noise variance: 163.25494384765625
original u-statistic:0.6638212203979492
p value proxy: 0.003322259057313204
result: True
power_upto_now: 0.9438202381134033
357th run
noise dimension : 27
noise variance: 163.25527954101562
original u-statistic:0.7047116756439209
p value proxy: 0.003322259057313204
result: True
power_upto_now: 0.9439775943756104
358th run
noise dimension : 27
noise variance: 164.14767456054688
original u-statistic:0.2989952564239502
p value proxy: 0.029900331050157547
result: True
power_upto_now: 0.9441340565681458
359th run
noise dimension : 27
noise variance: 162.6708221435547
original u-statistic:0.21893692016601562
p value proxy: 0.04651162773370743
result: True
power_upto_now: 0.9442896842956543
360th run
noise dimension : 27
noise variance: 163.54408264160156
original u-statistic:0.6465280055999756
p value proxy: 0.003322259057313204
result: True
power_upto_now: 0.9444444179534912
361th run
noise dimension : 27
noise variance: 163.138427734375
original u-statistic:0.5587685108184814
p value proxy: 0.003322259057313204
result: True
power_upto_now: 0.9445983171463013
362th run
noise dimension : 27
noise variance: 163.27651977539062
original u-statistic:0.49922680854797363
p value proxy: 0.003322259057313204
result: True
power_upto_now: 0.9447513818740845
363th run
noise dimension : 27
noise variance: 163.09298706054688
original u-statistic:0.714275598526001
p value proxy: 0.003322259057313204
result: True
power_upto_now: 0.944903552532196
364th run
noise dimension : 27
noise variance: 163.4831085205078
original u-statistic:0.6160843372344971
p value proxy: 0.003322259057313204
result: True
power_upto_now: 0.9450549483299255
365th run
noise dimension : 27
noise variance: 163.3314666748047
original u-statistic:0.6394124031066895
p value proxy: 0.003322259057313204
result: True
power_upto_now: 0.9452054500579834
366th run
noise dimension : 27
noise variance: 162.65867614746094
original u-statistic:0.5392887592315674
p value proxy: 0.003322259057313204
result: True
power_upto_now: 0.9453551769256592
367th run
noise dimension : 27
noise variance: 163.25149536132812
original u-statistic:0.8511669635772705
p value proxy: 0.003322259057313204
result: True
power_upto_now: 0.9455040693283081
368th run
noise dimension : 27
noise variance: 163.38917541503906
original u-statistic:0.5676431655883789
p value proxy: 0.003322259057313204
result: True
power_upto_now: 0.945652186870575
369th run
noise dimension : 27
noise variance: 163.9645233154297
original u-statistic:0.5463440418243408
p value proxy: 0.003322259057313204
result: True
power_upto_now: 0.9457994699478149
370th run
noise dimension : 27
noise variance: 163.6371612548828
original u-statistic:0.4719834327697754
p value proxy: 0.003322259057313204
result: True
power_upto_now: 0.9459459185600281
371th run
noise dimension : 27
noise variance: 164.2366485595703
original u-statistic:0.427509069442749
p value proxy: 0.003322259057313204
result: True
power_upto_now: 0.9460916519165039
372th run
noise dimension : 27
noise variance: 163.5110626220703
original u-statistic:0.9509279727935791
p value proxy: 0.003322259057313204
result: True
power_upto_now: 0.9462365508079529
373th run
noise dimension : 27
noise variance: 164.55133056640625
original u-statistic:0.9396898746490479
p value proxy: 0.003322259057313204
result: True
power_upto_now: 0.9463806748390198
374th run
noise dimension : 27
noise variance: 163.23707580566406
original u-statistic:0.6587085723876953
p value proxy: 0.003322259057313204
result: True
power_upto_now: 0.9465240836143494
375th run
noise dimension : 27
noise variance: 162.88934326171875
original u-statistic:0.7899689674377441
p value proxy: 0.003322259057313204
result: True
power_upto_now: 0.9466666579246521
376th run
noise dimension : 27
noise variance: 163.25323486328125
original u-statistic:0.7448415756225586
p value proxy: 0.003322259057313204
result: True
power_upto_now: 0.9468085169792175
377th run
noise dimension : 27
noise variance: 163.4331512451172
original u-statistic:0.3619961738586426
p value proxy: 0.003322259057313204
result: True
power_upto_now: 0.9469496011734009
378th run
noise dimension : 27
noise variance: 163.72071838378906
original u-statistic:0.4707930088043213
p value proxy: 0.003322259057313204
result: True
power_upto_now: 0.9470899701118469
379th run
noise dimension : 27
noise variance: 163.00997924804688
original u-statistic:0.3884758949279785
p value proxy: 0.006644518114626408
result: True
power_upto_now: 0.9472295641899109
380th run
noise dimension : 27
noise variance: 163.2664031982422
original u-statistic:0.7331249713897705
p value proxy: 0.003322259057313204
result: True
power_upto_now: 0.9473684430122375
381th run
noise dimension : 27
noise variance: 163.62200927734375
original u-statistic:0.6708605289459229
p value proxy: 0.003322259057313204
result: True
power_upto_now: 0.9475065469741821
382th run
noise dimension : 27
noise variance: 163.39707946777344
original u-statistic:0.3684225082397461
p value proxy: 0.003322259057313204
result: True
power_upto_now: 0.9476439952850342
383th run
noise dimension : 27
noise variance: 163.25428771972656
original u-statistic:0.8030827045440674
p value proxy: 0.003322259057313204
result: True
power_upto_now: 0.9477806687355042
384th run
noise dimension : 27
noise variance: 163.3715057373047
original u-statistic:0.40900182723999023
p value proxy: 0.006644518114626408
result: True
power_upto_now: 0.9479166865348816
385th run
noise dimension : 27
noise variance: 163.3018035888672
original u-statistic:0.47384095191955566
p value proxy: 0.003322259057313204
result: True
power_upto_now: 0.948051929473877
386th run
noise dimension : 27
noise variance: 163.98036193847656
original u-statistic:1.0112042427062988
p value proxy: 0.003322259057313204
result: True
power_upto_now: 0.9481865167617798
387th run
noise dimension : 27
noise variance: 163.26930236816406
original u-statistic:0.23347806930541992
p value proxy: 0.039867110550403595
result: True
power_upto_now: 0.9483203887939453
388th run
noise dimension : 27
noise variance: 162.56996154785156
original u-statistic:0.9276552200317383
p value proxy: 0.003322259057313204
result: True
power_upto_now: 0.9484536051750183
389th run
noise dimension : 27
noise variance: 163.0319061279297
original u-statistic:0.5461864471435547
p value proxy: 0.003322259057313204
result: True
power_upto_now: 0.948586106300354
390th run
noise dimension : 27
noise variance: 162.93173217773438
original u-statistic:0.8407309055328369
p value proxy: 0.003322259057313204
result: True
power_upto_now: 0.9487179517745972
391th run
noise dimension : 27
noise variance: 163.57872009277344
original u-statistic:0.5590016841888428
p value proxy: 0.003322259057313204
result: True
power_upto_now: 0.948849081993103
392th run
noise dimension : 27
noise variance: 162.7041778564453
original u-statistic:0.7722220420837402
p value proxy: 0.003322259057313204
result: True
power_upto_now: 0.9489796161651611
393th run
noise dimension : 27
noise variance: 163.29896545410156
original u-statistic:0.5559957027435303
p value proxy: 0.003322259057313204
result: True
power_upto_now: 0.9491094350814819
394th run
noise dimension : 27
noise variance: 162.78834533691406
original u-statistic:0.7609982490539551
p value proxy: 0.003322259057313204
result: True
power_upto_now: 0.9492385983467102
395th run
noise dimension : 27
noise variance: 163.66522216796875
original u-statistic:0.24556422233581543
p value proxy: 0.016611294820904732
result: True
power_upto_now: 0.949367105960846
396th run
noise dimension : 27
noise variance: 163.00747680664062
original u-statistic:0.7729520797729492
p value proxy: 0.003322259057313204
result: True
power_upto_now: 0.9494949579238892
397th run
noise dimension : 27
noise variance: 163.45135498046875
original u-statistic:0.8749499320983887
p value proxy: 0.003322259057313204
result: True
power_upto_now: 0.9496221542358398
398th run
noise dimension : 27
noise variance: 163.24871826171875
original u-statistic:0.7091383934020996
p value proxy: 0.003322259057313204
result: True
power_upto_now: 0.9497487545013428
399th run
noise dimension : 27
noise variance: 162.72364807128906
original u-statistic:0.7809605598449707
p value proxy: 0.003322259057313204
result: True
power_upto_now: 0.9498746991157532
400th run
noise dimension : 27
noise variance: 163.34532165527344
original u-statistic:0.606198787689209
p value proxy: 0.003322259057313204
result: True
power_upto_now: 0.949999988079071
401th run
noise dimension : 27
noise variance: 162.66299438476562
original u-statistic:0.48450422286987305
p value proxy: 0.006644518114626408
result: True
power_upto_now: 0.9501246809959412
402th run
noise dimension : 27
noise variance: 163.71006774902344
original u-statistic:0.6855678558349609
p value proxy: 0.003322259057313204
result: True
power_upto_now: 0.9502487778663635
403th run
noise dimension : 27
noise variance: 163.46176147460938
original u-statistic:0.6394412517547607
p value proxy: 0.003322259057313204
result: True
power_upto_now: 0.9503722190856934
404th run
noise dimension : 27
noise variance: 163.22140502929688
original u-statistic:0.7982041835784912
p value proxy: 0.003322259057313204
result: True
power_upto_now: 0.9504950642585754
405th run
noise dimension : 27
noise variance: 163.11578369140625
original u-statistic:0.3383207321166992
p value proxy: 0.023255813866853714
result: True
power_upto_now: 0.9506173133850098
406th run
noise dimension : 27
noise variance: 163.9727020263672
original u-statistic:0.5176565647125244
p value proxy: 0.003322259057313204
result: True
power_upto_now: 0.9507389068603516
407th run
noise dimension : 27
noise variance: 163.4647979736328
original u-statistic:0.3477475643157959
p value proxy: 0.006644518114626408
result: True
power_upto_now: 0.9508599638938904
408th run
noise dimension : 27
noise variance: 163.495361328125
original u-statistic:0.5190598964691162
p value proxy: 0.006644518114626408
result: True
power_upto_now: 0.9509803652763367
409th run
noise dimension : 27
noise variance: 163.23846435546875
original u-statistic:0.5965313911437988
p value proxy: 0.003322259057313204
result: True
power_upto_now: 0.95110023021698
410th run
noise dimension : 27
noise variance: 162.93760681152344
original u-statistic:0.7873516082763672
p value proxy: 0.003322259057313204
result: True
power_upto_now: 0.9512194991111755
411th run
noise dimension : 27
noise variance: 162.913330078125
original u-statistic:0.464923620223999
p value proxy: 0.006644518114626408
result: True
power_upto_now: 0.9513381719589233
412th run
noise dimension : 27
noise variance: 162.7526092529297
original u-statistic:0.5922515392303467
p value proxy: 0.003322259057313204
result: True
power_upto_now: 0.9514563083648682
413th run
noise dimension : 27
noise variance: 163.5152587890625
original u-statistic:0.37769436836242676
p value proxy: 0.006644518114626408
result: True
power_upto_now: 0.9515738487243652
414th run
noise dimension : 27
noise variance: 163.83258056640625
original u-statistic:0.38451528549194336
p value proxy: 0.013289036229252815
result: True
power_upto_now: 0.9516907930374146
415th run
noise dimension : 27
noise variance: 163.71383666992188
original u-statistic:0.6471812725067139
p value proxy: 0.003322259057313204
result: True
power_upto_now: 0.9518072009086609
416th run
noise dimension : 27
noise variance: 163.3368682861328
original u-statistic:0.304340124130249
p value proxy: 0.019933555275201797
result: True
power_upto_now: 0.9519230723381042
417th run
noise dimension : 27
noise variance: 162.6336212158203
original u-statistic:0.1642448902130127
p value proxy: 0.08637873828411102
result: False
power_upto_now: 0.9496402740478516
418th run
noise dimension : 27
noise variance: 163.49923706054688
original u-statistic:0.2421894073486328
p value proxy: 0.033222589641809464
result: True
power_upto_now: 0.9497607946395874
419th run
noise dimension : 27
noise variance: 163.49021911621094
original u-statistic:0.6117062568664551
p value proxy: 0.003322259057313204
result: True
power_upto_now: 0.9498806595802307
420th run
noise dimension : 27
noise variance: 163.90419006347656
original u-statistic:0.6119165420532227
p value proxy: 0.003322259057313204
result: True
power_upto_now: 0.949999988079071
421th run
noise dimension : 27
noise variance: 162.74000549316406
original u-statistic:0.47518062591552734
p value proxy: 0.003322259057313204
result: True
power_upto_now: 0.9501187801361084
422th run
noise dimension : 27
noise variance: 163.75616455078125
original u-statistic:0.6217281818389893
p value proxy: 0.003322259057313204
result: True
power_upto_now: 0.950236976146698
423th run
noise dimension : 27
noise variance: 162.99136352539062
original u-statistic:0.6281397342681885
p value proxy: 0.003322259057313204
result: True
power_upto_now: 0.9503546357154846
424th run
noise dimension : 27
noise variance: 163.76719665527344
original u-statistic:0.34581446647644043
p value proxy: 0.003322259057313204
result: True
power_upto_now: 0.9504716992378235
425th run
noise dimension : 27
noise variance: 163.51307678222656
original u-statistic:0.4842529296875
p value proxy: 0.003322259057313204
result: True
power_upto_now: 0.9505882263183594
426th run
noise dimension : 27
noise variance: 163.59976196289062
original u-statistic:0.5373449325561523
p value proxy: 0.003322259057313204
result: True
power_upto_now: 0.9507042169570923
427th run
noise dimension : 27
noise variance: 163.23289489746094
original u-statistic:0.8281135559082031
p value proxy: 0.003322259057313204
result: True
power_upto_now: 0.9508196711540222
428th run
noise dimension : 27
noise variance: 163.09132385253906
original u-statistic:0.944373369216919
p value proxy: 0.003322259057313204
result: True
power_upto_now: 0.9509345889091492
429th run
noise dimension : 27
noise variance: 163.2161102294922
original u-statistic:0.920015811920166
p value proxy: 0.003322259057313204
result: True
power_upto_now: 0.9510489702224731
430th run
noise dimension : 27
noise variance: 163.8516845703125
original u-statistic:0.7838218212127686
p value proxy: 0.003322259057313204
result: True
power_upto_now: 0.9511628150939941
431th run
noise dimension : 27
noise variance: 163.6073760986328
original u-statistic:0.589677095413208
p value proxy: 0.003322259057313204
result: True
power_upto_now: 0.9512761235237122
432th run
noise dimension : 27
noise variance: 163.6184539794922
original u-statistic:0.5796360969543457
p value proxy: 0.003322259057313204
result: True
power_upto_now: 0.9513888955116272
433th run
noise dimension : 27
noise variance: 163.30384826660156
original u-statistic:0.5279843807220459
p value proxy: 0.006644518114626408
result: True
power_upto_now: 0.9515011310577393
434th run
noise dimension : 27
noise variance: 163.40777587890625
original u-statistic:0.6297576427459717
p value proxy: 0.003322259057313204
result: True
power_upto_now: 0.9516128897666931
435th run
noise dimension : 27
noise variance: 162.8621368408203
original u-statistic:0.1160128116607666
p value proxy: 0.15946844220161438
result: False
power_upto_now: 0.9494252800941467
436th run
noise dimension : 27
noise variance: 163.41412353515625
original u-statistic:0.07708215713500977
p value proxy: 0.262458473443985
result: False
power_upto_now: 0.9472476840019226
437th run
noise dimension : 27
noise variance: 163.8799285888672
original u-statistic:0.23437118530273438
p value proxy: 0.06312292069196701
result: False
power_upto_now: 0.9450801014900208
438th run
noise dimension : 27
noise variance: 163.15756225585938
original u-statistic:0.3280620574951172
p value proxy: 0.006644518114626408
result: True
power_upto_now: 0.9452054500579834
439th run
noise dimension : 27
noise variance: 163.57452392578125
original u-statistic:0.462538480758667
p value proxy: 0.009966777637600899
result: True
power_upto_now: 0.9453303217887878
440th run
noise dimension : 27
noise variance: 162.62681579589844
original u-statistic:0.7824053764343262
p value proxy: 0.003322259057313204
result: True
power_upto_now: 0.9454545378684998
441th run
noise dimension : 27
noise variance: 163.4305419921875
original u-statistic:0.7829060554504395
p value proxy: 0.003322259057313204
result: True
power_upto_now: 0.9455782175064087
442th run
noise dimension : 27
noise variance: 163.68882751464844
original u-statistic:0.5357348918914795
p value proxy: 0.003322259057313204
result: True
power_upto_now: 0.9457013607025146
443th run
noise dimension : 27
noise variance: 163.3788299560547
original u-statistic:0.846289873123169
p value proxy: 0.003322259057313204
result: True
power_upto_now: 0.9458239078521729
444th run
noise dimension : 27
noise variance: 162.8247833251953
original u-statistic:0.1326923370361328
p value proxy: 0.1428571343421936
result: False
power_upto_now: 0.9436936974525452
445th run
noise dimension : 27
noise variance: 163.33587646484375
original u-statistic:1.234374761581421
p value proxy: 0.003322259057313204
result: True
power_upto_now: 0.9438202381134033
446th run
noise dimension : 27
noise variance: 163.16648864746094
original u-statistic:0.6637904644012451
p value proxy: 0.003322259057313204
result: True
power_upto_now: 0.9439461827278137
447th run
noise dimension : 27
noise variance: 163.33236694335938
original u-statistic:0.6096975803375244
p value proxy: 0.003322259057313204
result: True
power_upto_now: 0.9440715909004211
448th run
noise dimension : 27
noise variance: 162.92843627929688
original u-statistic:1.0342426300048828
p value proxy: 0.003322259057313204
result: True
power_upto_now: 0.9441964030265808
449th run
noise dimension : 27
noise variance: 164.13946533203125
original u-statistic:1.2354893684387207
p value proxy: 0.003322259057313204
result: True
power_upto_now: 0.9443207383155823
450th run
noise dimension : 27
noise variance: 162.8332061767578
original u-statistic:0.5989580154418945
p value proxy: 0.003322259057313204
result: True
power_upto_now: 0.9444444179534912
451th run
noise dimension : 27
noise variance: 164.0502471923828
original u-statistic:0.3665735721588135
p value proxy: 0.009966777637600899
result: True
power_upto_now: 0.9445676207542419
452th run
noise dimension : 27
noise variance: 163.32029724121094
original u-statistic:0.5490617752075195
p value proxy: 0.003322259057313204
result: True
power_upto_now: 0.9446902871131897
453th run
noise dimension : 27
noise variance: 163.79962158203125
original u-statistic:0.8147716522216797
p value proxy: 0.003322259057313204
result: True
power_upto_now: 0.9448123574256897
454th run
noise dimension : 27
noise variance: 163.0093994140625
original u-statistic:0.6536083221435547
p value proxy: 0.003322259057313204
result: True
power_upto_now: 0.9449338912963867
455th run
noise dimension : 27
noise variance: 162.9564666748047
original u-statistic:1.114349365234375
p value proxy: 0.003322259057313204
result: True
power_upto_now: 0.9450549483299255
456th run
noise dimension : 27
noise variance: 163.2315673828125
original u-statistic:0.48067569732666016
p value proxy: 0.006644518114626408
result: True
power_upto_now: 0.9451754093170166
457th run
noise dimension : 27
noise variance: 162.9533233642578
original u-statistic:0.1925203800201416
p value proxy: 0.06644517928361893
result: False
power_upto_now: 0.9431072473526001
458th run
noise dimension : 27
noise variance: 163.70860290527344
original u-statistic:0.6511259078979492
p value proxy: 0.003322259057313204
result: True
power_upto_now: 0.943231463432312
459th run
noise dimension : 27
noise variance: 163.4586181640625
original u-statistic:1.071378231048584
p value proxy: 0.003322259057313204
result: True
power_upto_now: 0.943355143070221
460th run
noise dimension : 27
noise variance: 163.31686401367188
original u-statistic:0.4501326084136963
p value proxy: 0.003322259057313204
result: True
power_upto_now: 0.9434782862663269
461th run
noise dimension : 27
noise variance: 163.3993682861328
original u-statistic:0.4824531078338623
p value proxy: 0.003322259057313204
result: True
power_upto_now: 0.9436008930206299
462th run
noise dimension : 27
noise variance: 162.9141082763672
original u-statistic:0.9279959201812744
p value proxy: 0.003322259057313204
result: True
power_upto_now: 0.9437229633331299
463th run
noise dimension : 27
noise variance: 162.6925048828125
original u-statistic:0.3625621795654297
p value proxy: 0.006644518114626408
result: True
power_upto_now: 0.9438444972038269
464th run
noise dimension : 27
noise variance: 163.13784790039062
original u-statistic:0.408632755279541
p value proxy: 0.009966777637600899
result: True
power_upto_now: 0.943965494632721
465th run
noise dimension : 27
noise variance: 163.37661743164062
original u-statistic:0.5537805557250977
p value proxy: 0.003322259057313204
result: True
power_upto_now: 0.9440860152244568
466th run
noise dimension : 27
noise variance: 163.72677612304688
original u-statistic:0.7281405925750732
p value proxy: 0.003322259057313204
result: True
power_upto_now: 0.9442059993743896
467th run
noise dimension : 27
noise variance: 163.24949645996094
original u-statistic:0.4495866298675537
p value proxy: 0.006644518114626408
result: True
power_upto_now: 0.9443255066871643
468th run
noise dimension : 27
noise variance: 163.02549743652344
original u-statistic:0.13277006149291992
p value proxy: 0.1395348757505417
result: False
power_upto_now: 0.942307710647583
469th run
noise dimension : 27
noise variance: 163.31980895996094
original u-statistic:0.3908233642578125
p value proxy: 0.006644518114626408
result: True
power_upto_now: 0.9424306750297546
470th run
noise dimension : 27
noise variance: 162.72239685058594
original u-statistic:0.8999714851379395
p value proxy: 0.003322259057313204
result: True
power_upto_now: 0.9425531625747681
471th run
noise dimension : 27
noise variance: 162.8287353515625
original u-statistic:0.6656861305236816
p value proxy: 0.003322259057313204
result: True
power_upto_now: 0.9426751732826233
472th run
noise dimension : 27
noise variance: 163.48471069335938
original u-statistic:0.22773361206054688
p value proxy: 0.039867110550403595
result: True
power_upto_now: 0.9427965879440308
473th run
noise dimension : 27
noise variance: 163.49465942382812
original u-statistic:0.7696080207824707
p value proxy: 0.003322259057313204
result: True
power_upto_now: 0.94291752576828
474th run
noise dimension : 27
noise variance: 163.1556854248047
original u-statistic:0.7921531200408936
p value proxy: 0.003322259057313204
result: True
power_upto_now: 0.9430379867553711
475th run
noise dimension : 27
noise variance: 163.34103393554688
original u-statistic:0.5137820243835449
p value proxy: 0.003322259057313204
result: True
power_upto_now: 0.9431579113006592
476th run
noise dimension : 27
noise variance: 163.4679412841797
original u-statistic:0.1789543628692627
p value proxy: 0.07308969646692276
result: False
power_upto_now: 0.9411764740943909
477th run
noise dimension : 27
noise variance: 163.15728759765625
original u-statistic:0.5642807483673096
p value proxy: 0.003322259057313204
result: True
power_upto_now: 0.9412997961044312
478th run
noise dimension : 27
noise variance: 163.4405975341797
original u-statistic:0.7231917381286621
p value proxy: 0.003322259057313204
result: True
power_upto_now: 0.9414225816726685
479th run
noise dimension : 27
noise variance: 163.79873657226562
original u-statistic:0.5171849727630615
p value proxy: 0.003322259057313204
result: True
power_upto_now: 0.9415448904037476
480th run
noise dimension : 27
noise variance: 163.9956512451172
original u-statistic:0.7101740837097168
p value proxy: 0.003322259057313204
result: True
power_upto_now: 0.9416666626930237
481th run
noise dimension : 27
noise variance: 163.39208984375
original u-statistic:0.6368777751922607
p value proxy: 0.003322259057313204
result: True
power_upto_now: 0.9417879581451416
482th run
noise dimension : 27
noise variance: 163.16986083984375
original u-statistic:0.5802168846130371
p value proxy: 0.003322259057313204
result: True
power_upto_now: 0.9419087171554565
483th run
noise dimension : 27
noise variance: 163.21092224121094
original u-statistic:0.796245813369751
p value proxy: 0.003322259057313204
result: True
power_upto_now: 0.9420289993286133
484th run
noise dimension : 27
noise variance: 162.60116577148438
original u-statistic:0.7473888397216797
p value proxy: 0.003322259057313204
result: True
power_upto_now: 0.942148745059967
485th run
noise dimension : 27
noise variance: 163.64523315429688
original u-statistic:0.3799576759338379
p value proxy: 0.009966777637600899
result: True
power_upto_now: 0.9422680139541626
486th run
noise dimension : 27
noise variance: 163.0929412841797
original u-statistic:0.5945219993591309
p value proxy: 0.003322259057313204
result: True
power_upto_now: 0.9423868060112
487th run
noise dimension : 27
noise variance: 163.07388305664062
original u-statistic:0.8523213863372803
p value proxy: 0.003322259057313204
result: True
power_upto_now: 0.9425051212310791
488th run
noise dimension : 27
noise variance: 163.2495880126953
original u-statistic:0.4318888187408447
p value proxy: 0.006644518114626408
result: True
power_upto_now: 0.9426229596138
489th run
noise dimension : 27
noise variance: 162.9995880126953
original u-statistic:0.29021334648132324
p value proxy: 0.029900331050157547
result: True
power_upto_now: 0.942740261554718
490th run
noise dimension : 27
noise variance: 163.49269104003906
original u-statistic:0.1299140453338623
p value proxy: 0.1395348757505417
result: False
power_upto_now: 0.940816342830658
491th run
noise dimension : 27
noise variance: 163.06016540527344
original u-statistic:0.4860701560974121
p value proxy: 0.003322259057313204
result: True
power_upto_now: 0.9409368634223938
492th run
noise dimension : 27
noise variance: 163.47274780273438
original u-statistic:0.5653789043426514
p value proxy: 0.003322259057313204
result: True
power_upto_now: 0.9410569071769714
493th run
noise dimension : 27
noise variance: 163.8408660888672
original u-statistic:0.37807607650756836
p value proxy: 0.006644518114626408
result: True
power_upto_now: 0.9411764740943909
494th run
noise dimension : 27
noise variance: 163.6618194580078
original u-statistic:0.7635476589202881
p value proxy: 0.003322259057313204
result: True
power_upto_now: 0.9412955641746521
495th run
noise dimension : 27
noise variance: 163.6042938232422
original u-statistic:1.051278829574585
p value proxy: 0.003322259057313204
result: True
power_upto_now: 0.9414141178131104
496th run
noise dimension : 27
noise variance: 163.08982849121094
original u-statistic:0.3843367099761963
p value proxy: 0.003322259057313204
result: True
power_upto_now: 0.9415322542190552
497th run
noise dimension : 27
noise variance: 162.9513702392578
original u-statistic:0.365020751953125
p value proxy: 0.003322259057313204
result: True
power_upto_now: 0.9416499137878418
498th run
noise dimension : 27
noise variance: 163.33416748046875
original u-statistic:0.9927043914794922
p value proxy: 0.003322259057313204
result: True
power_upto_now: 0.9417670965194702
499th run
noise dimension : 27
noise variance: 163.75169372558594
original u-statistic:1.3751134872436523
p value proxy: 0.003322259057313204
result: True
power_upto_now: 0.9418837428092957
500th run
noise dimension : 27
noise variance: 163.03851318359375
original u-statistic:0.806882381439209
p value proxy: 0.003322259057313204
result: True
power_upto_now: 0.9419999718666077
power estimate : 0.9419999718666077
elapsed time: 6572.1088144779205
