job started
cuda available: True
code run on device:: cuda:0

n1 = 20000, n2 = 20000,

kappa = 3, alpha = 0.75,

gamma = 0.05, nTests = 500,

B = 300

1th run
noise dimension : 27
noise variance: 383.5514221191406
original u-statistic:1.4527244567871094
p value proxy: 0.003322259057313204
result: True
power_upto_now: 1.0
2th run
noise dimension : 27
noise variance: 383.7250061035156
original u-statistic:0.8088994026184082
p value proxy: 0.009966777637600899
result: True
power_upto_now: 1.0
3th run
noise dimension : 27
noise variance: 384.683349609375
original u-statistic:0.7652115821838379
p value proxy: 0.013289036229252815
result: True
power_upto_now: 1.0
4th run
noise dimension : 27
noise variance: 384.513671875
original u-statistic:1.0409126281738281
p value proxy: 0.006644518114626408
result: True
power_upto_now: 1.0
5th run
noise dimension : 27
noise variance: 384.2714538574219
original u-statistic:0.8355603218078613
p value proxy: 0.009966777637600899
result: True
power_upto_now: 1.0
6th run
noise dimension : 27
noise variance: 384.33135986328125
original u-statistic:0.6226096153259277
p value proxy: 0.029900331050157547
result: True
power_upto_now: 1.0
7th run
noise dimension : 27
noise variance: 385.1247863769531
original u-statistic:1.0353634357452393
p value proxy: 0.003322259057313204
result: True
power_upto_now: 1.0
8th run
noise dimension : 27
noise variance: 384.7283630371094
original u-statistic:0.20156645774841309
p value proxy: 0.27574750781059265
result: False
power_upto_now: 0.875
9th run
noise dimension : 27
noise variance: 382.39361572265625
original u-statistic:0.2666761875152588
p value proxy: 0.14617939293384552
result: False
power_upto_now: 0.7777777910232544
10th run
noise dimension : 27
noise variance: 383.6143493652344
original u-statistic:1.0905816555023193
p value proxy: 0.003322259057313204
result: True
power_upto_now: 0.800000011920929
11th run
noise dimension : 27
noise variance: 383.32464599609375
original u-statistic:-0.0003275871276855469
p value proxy: 0.4651162624359131
result: False
power_upto_now: 0.7272727489471436
12th run
noise dimension : 27
noise variance: 383.3821716308594
original u-statistic:0.22905588150024414
p value proxy: 0.1860465109348297
result: False
power_upto_now: 0.6666666865348816
13th run
noise dimension : 27
noise variance: 384.4912414550781
original u-statistic:0.6824326515197754
p value proxy: 0.02657807245850563
result: True
power_upto_now: 0.692307710647583
14th run
noise dimension : 27
noise variance: 384.2743225097656
original u-statistic:0.0892629623413086
p value proxy: 0.3853820562362671
result: False
power_upto_now: 0.6428571343421936
15th run
noise dimension : 27
noise variance: 384.25640869140625
original u-statistic:0.05412483215332031
p value proxy: 0.35548171401023865
result: False
power_upto_now: 0.6000000238418579
16th run
noise dimension : 27
noise variance: 383.8583068847656
original u-statistic:0.7184290885925293
p value proxy: 0.02657807245850563
result: True
power_upto_now: 0.625
17th run
noise dimension : 27
noise variance: 384.2312927246094
original u-statistic:0.745497465133667
p value proxy: 0.009966777637600899
result: True
power_upto_now: 0.6470588445663452
18th run
noise dimension : 27
noise variance: 382.70587158203125
original u-statistic:0.6147940158843994
p value proxy: 0.05315614491701126
result: False
power_upto_now: 0.6111111044883728
19th run
noise dimension : 27
noise variance: 383.9554443359375
original u-statistic:1.5859079360961914
p value proxy: 0.003322259057313204
result: True
power_upto_now: 0.6315789222717285
20th run
noise dimension : 27
noise variance: 383.6552734375
original u-statistic:0.45751476287841797
p value proxy: 0.07641195505857468
result: False
power_upto_now: 0.6000000238418579
21th run
noise dimension : 27
noise variance: 385.6527099609375
original u-statistic:0.6041774749755859
p value proxy: 0.03654484823346138
result: True
power_upto_now: 0.6190476417541504
22th run
noise dimension : 27
noise variance: 382.9796142578125
original u-statistic:0.6052775382995605
p value proxy: 0.029900331050157547
result: True
power_upto_now: 0.6363636255264282
23th run
noise dimension : 27
noise variance: 384.90240478515625
original u-statistic:0.8053338527679443
p value proxy: 0.009966777637600899
result: True
power_upto_now: 0.6521739363670349
24th run
noise dimension : 27
noise variance: 383.7359619140625
original u-statistic:0.5312497615814209
p value proxy: 0.039867110550403595
result: True
power_upto_now: 0.6666666865348816
25th run
noise dimension : 27
noise variance: 384.4941101074219
original u-statistic:0.7221276760101318
p value proxy: 0.023255813866853714
result: True
power_upto_now: 0.6800000071525574
26th run
noise dimension : 27
noise variance: 384.4811706542969
original u-statistic:0.974733829498291
p value proxy: 0.006644518114626408
result: True
power_upto_now: 0.692307710647583
27th run
noise dimension : 27
noise variance: 382.9350280761719
original u-statistic:0.7587525844573975
p value proxy: 0.013289036229252815
result: True
power_upto_now: 0.7037037014961243
28th run
noise dimension : 27
noise variance: 383.21466064453125
original u-statistic:0.4753246307373047
p value proxy: 0.06312292069196701
result: False
power_upto_now: 0.6785714030265808
29th run
noise dimension : 27
noise variance: 384.2926330566406
original u-statistic:0.7040970325469971
p value proxy: 0.013289036229252815
result: True
power_upto_now: 0.6896551847457886
30th run
noise dimension : 27
noise variance: 383.660888671875
original u-statistic:0.6240386962890625
p value proxy: 0.029900331050157547
result: True
power_upto_now: 0.699999988079071
31th run
noise dimension : 27
noise variance: 383.69012451171875
original u-statistic:1.011922836303711
p value proxy: 0.006644518114626408
result: True
power_upto_now: 0.7096773982048035
32th run
noise dimension : 27
noise variance: 384.791259765625
original u-statistic:0.8237459659576416
p value proxy: 0.006644518114626408
result: True
power_upto_now: 0.71875
33th run
noise dimension : 27
noise variance: 384.3199157714844
original u-statistic:0.4120938777923584
p value proxy: 0.06644517928361893
result: False
power_upto_now: 0.6969696879386902
34th run
noise dimension : 27
noise variance: 383.8600158691406
original u-statistic:1.1244492530822754
p value proxy: 0.003322259057313204
result: True
power_upto_now: 0.7058823704719543
35th run
noise dimension : 27
noise variance: 383.2120361328125
original u-statistic:0.3313586711883545
p value proxy: 0.13289035856723785
result: False
power_upto_now: 0.6857143044471741
36th run
noise dimension : 27
noise variance: 383.3655700683594
original u-statistic:1.1977910995483398
p value proxy: 0.006644518114626408
result: True
power_upto_now: 0.6944444179534912
37th run
noise dimension : 27
noise variance: 383.38885498046875
original u-statistic:0.8831048011779785
p value proxy: 0.006644518114626408
result: True
power_upto_now: 0.7027027010917664
38th run
noise dimension : 27
noise variance: 384.0352478027344
original u-statistic:1.3297522068023682
p value proxy: 0.003322259057313204
result: True
power_upto_now: 0.7105262875556946
39th run
noise dimension : 27
noise variance: 382.86810302734375
original u-statistic:1.2603976726531982
p value proxy: 0.003322259057313204
result: True
power_upto_now: 0.7179487347602844
40th run
noise dimension : 27
noise variance: 384.62738037109375
original u-statistic:0.8692216873168945
p value proxy: 0.003322259057313204
result: True
power_upto_now: 0.7250000238418579
41th run
noise dimension : 27
noise variance: 383.64886474609375
original u-statistic:0.3440380096435547
p value proxy: 0.09302325546741486
result: False
power_upto_now: 0.707317054271698
42th run
noise dimension : 27
noise variance: 385.02398681640625
original u-statistic:0.3048691749572754
p value proxy: 0.16943521797657013
result: False
power_upto_now: 0.6904761791229248
43th run
noise dimension : 27
noise variance: 382.55828857421875
original u-statistic:0.9238812923431396
p value proxy: 0.006644518114626408
result: True
power_upto_now: 0.6976743936538696
44th run
noise dimension : 27
noise variance: 385.3118591308594
original u-statistic:0.2983431816101074
p value proxy: 0.1428571343421936
result: False
power_upto_now: 0.6818181872367859
45th run
noise dimension : 27
noise variance: 382.236083984375
original u-statistic:0.652148962020874
p value proxy: 0.033222589641809464
result: True
power_upto_now: 0.6888889074325562
46th run
noise dimension : 27
noise variance: 383.6703186035156
original u-statistic:0.1450493335723877
p value proxy: 0.2890365421772003
result: False
power_upto_now: 0.6739130616188049
47th run
noise dimension : 27
noise variance: 383.781982421875
original u-statistic:0.6314527988433838
p value proxy: 0.03654484823346138
result: True
power_upto_now: 0.6808510422706604
48th run
noise dimension : 27
noise variance: 383.793701171875
original u-statistic:0.3053469657897949
p value proxy: 0.13289035856723785
result: False
power_upto_now: 0.6666666865348816
49th run
noise dimension : 27
noise variance: 385.6216735839844
original u-statistic:0.44667625427246094
p value proxy: 0.039867110550403595
result: True
power_upto_now: 0.6734693646430969
50th run
noise dimension : 27
noise variance: 386.2956848144531
original u-statistic:0.8292791843414307
p value proxy: 0.003322259057313204
result: True
power_upto_now: 0.6800000071525574
51th run
noise dimension : 27
noise variance: 384.3278503417969
original u-statistic:0.35554051399230957
p value proxy: 0.10631228983402252
result: False
power_upto_now: 0.6666666865348816
52th run
noise dimension : 27
noise variance: 382.6365661621094
original u-statistic:0.5340819358825684
p value proxy: 0.039867110550403595
result: True
power_upto_now: 0.6730769276618958
53th run
noise dimension : 27
noise variance: 384.4381103515625
original u-statistic:0.6516745090484619
p value proxy: 0.006644518114626408
result: True
power_upto_now: 0.6792452931404114
54th run
noise dimension : 27
noise variance: 384.4873962402344
original u-statistic:0.34215450286865234
p value proxy: 0.09302325546741486
result: False
power_upto_now: 0.6666666865348816
55th run
noise dimension : 27
noise variance: 383.5455017089844
original u-statistic:0.9746215343475342
p value proxy: 0.003322259057313204
result: True
power_upto_now: 0.6727272868156433
56th run
noise dimension : 27
noise variance: 384.572021484375
original u-statistic:0.8472368717193604
p value proxy: 0.006644518114626408
result: True
power_upto_now: 0.6785714030265808
57th run
noise dimension : 27
noise variance: 385.7599182128906
original u-statistic:0.4118638038635254
p value proxy: 0.0830564796924591
result: False
power_upto_now: 0.6666666865348816
58th run
noise dimension : 27
noise variance: 385.12701416015625
original u-statistic:0.9679093360900879
p value proxy: 0.003322259057313204
result: True
power_upto_now: 0.6724137663841248
59th run
noise dimension : 27
noise variance: 384.7065124511719
original u-statistic:1.027165412902832
p value proxy: 0.003322259057313204
result: True
power_upto_now: 0.6779661178588867
60th run
noise dimension : 27
noise variance: 383.3836669921875
original u-statistic:0.5706140995025635
p value proxy: 0.02657807245850563
result: True
power_upto_now: 0.6833333373069763
61th run
noise dimension : 27
noise variance: 383.4054870605469
original u-statistic:0.7914443016052246
p value proxy: 0.019933555275201797
result: True
power_upto_now: 0.688524603843689
62th run
noise dimension : 27
noise variance: 383.49029541015625
original u-statistic:0.5333030223846436
p value proxy: 0.04318936914205551
result: True
power_upto_now: 0.6935483813285828
63th run
noise dimension : 27
noise variance: 382.70172119140625
original u-statistic:0.4316258430480957
p value proxy: 0.06644517928361893
result: False
power_upto_now: 0.682539701461792
64th run
noise dimension : 27
noise variance: 384.3127746582031
original u-statistic:0.6648006439208984
p value proxy: 0.013289036229252815
result: True
power_upto_now: 0.6875
65th run
noise dimension : 27
noise variance: 383.2747802734375
original u-statistic:0.49085235595703125
p value proxy: 0.07308969646692276
result: False
power_upto_now: 0.6769230961799622
66th run
noise dimension : 27
noise variance: 384.8025207519531
original u-statistic:1.7818548679351807
p value proxy: 0.003322259057313204
result: True
power_upto_now: 0.6818181872367859
67th run
noise dimension : 27
noise variance: 384.151123046875
original u-statistic:0.03567695617675781
p value proxy: 0.41528236865997314
result: False
power_upto_now: 0.6716417670249939
68th run
noise dimension : 27
noise variance: 384.36248779296875
original u-statistic:0.919109582901001
p value proxy: 0.009966777637600899
result: True
power_upto_now: 0.6764705777168274
69th run
noise dimension : 27
noise variance: 383.097412109375
original u-statistic:0.6228065490722656
p value proxy: 0.029900331050157547
result: True
power_upto_now: 0.6811594367027283
70th run
noise dimension : 27
noise variance: 384.09210205078125
original u-statistic:0.013431310653686523
p value proxy: 0.4916943311691284
result: False
power_upto_now: 0.6714285612106323
71th run
noise dimension : 27
noise variance: 384.6695556640625
original u-statistic:0.990328311920166
p value proxy: 0.003322259057313204
result: True
power_upto_now: 0.6760563254356384
72th run
noise dimension : 27
noise variance: 383.7555847167969
original u-statistic:0.5111429691314697
p value proxy: 0.049833886325359344
result: True
power_upto_now: 0.6805555820465088
73th run
noise dimension : 27
noise variance: 383.02203369140625
original u-statistic:0.3372945785522461
p value proxy: 0.1029900312423706
result: False
power_upto_now: 0.6712328791618347
74th run
noise dimension : 27
noise variance: 383.95556640625
original u-statistic:0.09617257118225098
p value proxy: 0.3687707483768463
result: False
power_upto_now: 0.662162184715271
75th run
noise dimension : 27
noise variance: 383.1754150390625
original u-statistic:0.8853557109832764
p value proxy: 0.003322259057313204
result: True
power_upto_now: 0.6666666865348816
76th run
noise dimension : 27
noise variance: 384.1004943847656
original u-statistic:0.7733075618743896
p value proxy: 0.02657807245850563
result: True
power_upto_now: 0.6710526347160339
77th run
noise dimension : 27
noise variance: 382.1207275390625
original u-statistic:0.34464573860168457
p value proxy: 0.10631228983402252
result: False
power_upto_now: 0.6623376607894897
78th run
noise dimension : 27
noise variance: 384.9547119140625
original u-statistic:0.5125887393951416
p value proxy: 0.039867110550403595
result: True
power_upto_now: 0.6666666865348816
79th run
noise dimension : 27
noise variance: 383.6428527832031
original u-statistic:0.6289665699005127
p value proxy: 0.03654484823346138
result: True
power_upto_now: 0.6708860993385315
80th run
noise dimension : 27
noise variance: 384.01171875
original u-statistic:0.6773028373718262
p value proxy: 0.009966777637600899
result: True
power_upto_now: 0.675000011920929
81th run
noise dimension : 27
noise variance: 384.6462097167969
original u-statistic:0.43577003479003906
p value proxy: 0.08637873828411102
result: False
power_upto_now: 0.6666666865348816
82th run
noise dimension : 27
noise variance: 384.4783630371094
original u-statistic:0.6427783966064453
p value proxy: 0.033222589641809464
result: True
power_upto_now: 0.6707317233085632
83th run
noise dimension : 27
noise variance: 383.6222839355469
original u-statistic:0.6967456340789795
p value proxy: 0.02657807245850563
result: True
power_upto_now: 0.6746987700462341
84th run
noise dimension : 27
noise variance: 385.0503845214844
original u-statistic:0.8762607574462891
p value proxy: 0.019933555275201797
result: True
power_upto_now: 0.6785714030265808
85th run
noise dimension : 27
noise variance: 384.2496643066406
original u-statistic:0.021776914596557617
p value proxy: 0.45847174525260925
result: False
power_upto_now: 0.6705882549285889
86th run
noise dimension : 27
noise variance: 383.7359313964844
original u-statistic:0.40044116973876953
p value proxy: 0.11295680701732635
result: False
power_upto_now: 0.6627907156944275
87th run
noise dimension : 27
noise variance: 383.4098205566406
original u-statistic:0.41098570823669434
p value proxy: 0.08970099687576294
result: False
power_upto_now: 0.6551724076271057
88th run
noise dimension : 27
noise variance: 383.57757568359375
original u-statistic:0.8636751174926758
p value proxy: 0.013289036229252815
result: True
power_upto_now: 0.6590909361839294
89th run
noise dimension : 27
noise variance: 383.4251403808594
original u-statistic:0.5971362590789795
p value proxy: 0.029900331050157547
result: True
power_upto_now: 0.6629213690757751
90th run
noise dimension : 27
noise variance: 382.83050537109375
original u-statistic:0.6615042686462402
p value proxy: 0.02657807245850563
result: True
power_upto_now: 0.6666666865348816
91th run
noise dimension : 27
noise variance: 386.1732177734375
original u-statistic:0.3205373287200928
p value proxy: 0.1395348757505417
result: False
power_upto_now: 0.6593406796455383
92th run
noise dimension : 27
noise variance: 381.56787109375
original u-statistic:1.000999927520752
p value proxy: 0.006644518114626408
result: True
power_upto_now: 0.6630434989929199
93th run
noise dimension : 27
noise variance: 383.7347106933594
original u-statistic:-0.051851749420166016
p value proxy: 0.5448504686355591
result: False
power_upto_now: 0.6559139490127563
94th run
noise dimension : 27
noise variance: 381.85015869140625
original u-statistic:0.3121671676635742
p value proxy: 0.10963454842567444
result: False
power_upto_now: 0.6489361524581909
95th run
noise dimension : 27
noise variance: 383.3282470703125
original u-statistic:-0.1735985279083252
p value proxy: 0.684385359287262
result: False
power_upto_now: 0.6421052813529968
96th run
noise dimension : 27
noise variance: 383.23162841796875
original u-statistic:0.8337888717651367
p value proxy: 0.006644518114626408
result: True
power_upto_now: 0.6458333134651184
97th run
noise dimension : 27
noise variance: 382.9719543457031
original u-statistic:1.0280561447143555
p value proxy: 0.003322259057313204
result: True
power_upto_now: 0.6494845151901245
98th run
noise dimension : 27
noise variance: 384.5531311035156
original u-statistic:1.478039026260376
p value proxy: 0.003322259057313204
result: True
power_upto_now: 0.6530612111091614
99th run
noise dimension : 27
noise variance: 384.42962646484375
original u-statistic:0.297623872756958
p value proxy: 0.17940199375152588
result: False
power_upto_now: 0.6464646458625793
100th run
noise dimension : 27
noise variance: 383.17529296875
original u-statistic:0.19788885116577148
p value proxy: 0.25249168276786804
result: False
power_upto_now: 0.6399999856948853
101th run
noise dimension : 27
noise variance: 384.1596984863281
original u-statistic:0.37555503845214844
p value proxy: 0.10963454842567444
result: False
power_upto_now: 0.6336633563041687
102th run
noise dimension : 27
noise variance: 384.3450012207031
original u-statistic:0.998302698135376
p value proxy: 0.003322259057313204
result: True
power_upto_now: 0.6372548937797546
103th run
noise dimension : 27
noise variance: 384.21014404296875
original u-statistic:0.47689199447631836
p value proxy: 0.07641195505857468
result: False
power_upto_now: 0.6310679316520691
104th run
noise dimension : 27
noise variance: 383.3736572265625
original u-statistic:0.10762190818786621
p value proxy: 0.24916942417621613
result: False
power_upto_now: 0.625
105th run
noise dimension : 27
noise variance: 383.4794006347656
original u-statistic:1.3760757446289062
p value proxy: 0.003322259057313204
result: True
power_upto_now: 0.6285714507102966
106th run
noise dimension : 27
noise variance: 384.2295837402344
original u-statistic:0.030900001525878906
p value proxy: 0.4119601249694824
result: False
power_upto_now: 0.6226415038108826
107th run
noise dimension : 27
noise variance: 384.2979431152344
original u-statistic:0.0793912410736084
p value proxy: 0.35548171401023865
result: False
power_upto_now: 0.6168224215507507
108th run
noise dimension : 27
noise variance: 383.6715393066406
original u-statistic:0.18982172012329102
p value proxy: 0.23588038980960846
result: False
power_upto_now: 0.6111111044883728
109th run
noise dimension : 27
noise variance: 384.37445068359375
original u-statistic:0.5477890968322754
p value proxy: 0.016611294820904732
result: True
power_upto_now: 0.6146789193153381
110th run
noise dimension : 27
noise variance: 383.091552734375
original u-statistic:0.5278058052062988
p value proxy: 0.039867110550403595
result: True
power_upto_now: 0.6181818246841431
111th run
noise dimension : 27
noise variance: 383.87933349609375
original u-statistic:0.9857697486877441
p value proxy: 0.003322259057313204
result: True
power_upto_now: 0.6216216087341309
112th run
noise dimension : 27
noise variance: 383.0880432128906
original u-statistic:0.31529760360717773
p value proxy: 0.13289035856723785
result: False
power_upto_now: 0.6160714030265808
113th run
noise dimension : 27
noise variance: 384.9002990722656
original u-statistic:-0.13533520698547363
p value proxy: 0.6378737688064575
result: False
power_upto_now: 0.6106194853782654
114th run
noise dimension : 27
noise variance: 385.4374084472656
original u-statistic:0.6037998199462891
p value proxy: 0.04318936914205551
result: True
power_upto_now: 0.6140350699424744
115th run
noise dimension : 27
noise variance: 384.5770568847656
original u-statistic:0.6184277534484863
p value proxy: 0.039867110550403595
result: True
power_upto_now: 0.6173912882804871
116th run
noise dimension : 27
noise variance: 383.1990661621094
original u-statistic:0.49669599533081055
p value proxy: 0.07973422110080719
result: False
power_upto_now: 0.6120689511299133
117th run
noise dimension : 27
noise variance: 384.25982666015625
original u-statistic:0.6562685966491699
p value proxy: 0.02657807245850563
result: True
power_upto_now: 0.6153846383094788
118th run
noise dimension : 27
noise variance: 382.232666015625
original u-statistic:0.7810618877410889
p value proxy: 0.02657807245850563
result: True
power_upto_now: 0.6186440587043762
119th run
noise dimension : 27
noise variance: 384.3482666015625
original u-statistic:0.8467457294464111
p value proxy: 0.013289036229252815
result: True
power_upto_now: 0.6218487620353699
120th run
noise dimension : 27
noise variance: 383.9441833496094
original u-statistic:0.7252812385559082
p value proxy: 0.013289036229252815
result: True
power_upto_now: 0.625
121th run
noise dimension : 27
noise variance: 384.3126525878906
original u-statistic:0.5655903816223145
p value proxy: 0.05647840350866318
result: False
power_upto_now: 0.6198347210884094
122th run
noise dimension : 27
noise variance: 383.6541442871094
original u-statistic:1.1050662994384766
p value proxy: 0.003322259057313204
result: True
power_upto_now: 0.6229507923126221
123th run
noise dimension : 27
noise variance: 383.3114929199219
original u-statistic:0.5924253463745117
p value proxy: 0.029900331050157547
result: True
power_upto_now: 0.6260162591934204
124th run
noise dimension : 27
noise variance: 382.4349670410156
original u-statistic:0.23522734642028809
p value proxy: 0.19933554530143738
result: False
power_upto_now: 0.6209677457809448
125th run
noise dimension : 27
noise variance: 382.75982666015625
original u-statistic:0.14319562911987305
p value proxy: 0.2591361999511719
result: False
power_upto_now: 0.6159999966621399
126th run
noise dimension : 27
noise variance: 384.2911682128906
original u-statistic:0.10379981994628906
p value proxy: 0.35880398750305176
result: False
power_upto_now: 0.6111111044883728
127th run
noise dimension : 27
noise variance: 383.82666015625
original u-statistic:0.7339792251586914
p value proxy: 0.016611294820904732
result: True
power_upto_now: 0.6141732335090637
128th run
noise dimension : 27
noise variance: 385.0390319824219
original u-statistic:0.8332090377807617
p value proxy: 0.009966777637600899
result: True
power_upto_now: 0.6171875
129th run
noise dimension : 27
noise variance: 382.7975158691406
original u-statistic:0.852548360824585
p value proxy: 0.013289036229252815
result: True
power_upto_now: 0.6201550364494324
130th run
noise dimension : 27
noise variance: 384.0083923339844
original u-statistic:0.046966552734375
p value proxy: 0.3621262311935425
result: False
power_upto_now: 0.6153846383094788
131th run
noise dimension : 27
noise variance: 384.93231201171875
original u-statistic:0.2049713134765625
p value proxy: 0.2591361999511719
result: False
power_upto_now: 0.6106870174407959
132th run
noise dimension : 27
noise variance: 383.6735534667969
original u-statistic:-0.17347049713134766
p value proxy: 0.7508305311203003
result: False
power_upto_now: 0.6060606241226196
133th run
noise dimension : 27
noise variance: 384.8023376464844
original u-statistic:-0.3935551643371582
p value proxy: 0.9401993155479431
result: False
power_upto_now: 0.6015037298202515
134th run
noise dimension : 27
noise variance: 384.01666259765625
original u-statistic:0.940335750579834
p value proxy: 0.019933555275201797
result: True
power_upto_now: 0.60447758436203
135th run
noise dimension : 27
noise variance: 384.7736511230469
original u-statistic:-0.05072736740112305
p value proxy: 0.5182723999023438
result: False
power_upto_now: 0.6000000238418579
136th run
noise dimension : 27
noise variance: 383.0286865234375
original u-statistic:0.08408260345458984
p value proxy: 0.3687707483768463
result: False
power_upto_now: 0.595588207244873
137th run
noise dimension : 27
noise variance: 383.86407470703125
original u-statistic:0.5880138874053955
p value proxy: 0.04651162773370743
result: True
power_upto_now: 0.5985401272773743
138th run
noise dimension : 27
noise variance: 384.7297058105469
original u-statistic:0.0531158447265625
p value proxy: 0.48172757029533386
result: False
power_upto_now: 0.5942028760910034
139th run
noise dimension : 27
noise variance: 384.5690002441406
original u-statistic:0.46526002883911133
p value proxy: 0.04651162773370743
result: True
power_upto_now: 0.597122311592102
140th run
noise dimension : 27
noise variance: 383.19903564453125
original u-statistic:0.635554313659668
p value proxy: 0.013289036229252815
result: True
power_upto_now: 0.6000000238418579
141th run
noise dimension : 27
noise variance: 384.1418762207031
original u-statistic:0.5026686191558838
p value proxy: 0.06312292069196701
result: False
power_upto_now: 0.5957446694374084
142th run
noise dimension : 27
noise variance: 384.599609375
original u-statistic:0.9554238319396973
p value proxy: 0.003322259057313204
result: True
power_upto_now: 0.5985915660858154
143th run
noise dimension : 27
noise variance: 385.75848388671875
original u-statistic:0.3247091770172119
p value proxy: 0.1395348757505417
result: False
power_upto_now: 0.5944055914878845
144th run
noise dimension : 27
noise variance: 382.73638916015625
original u-statistic:0.3152940273284912
p value proxy: 0.13621261715888977
result: False
power_upto_now: 0.5902777910232544
145th run
noise dimension : 27
noise variance: 383.5606689453125
original u-statistic:0.14413046836853027
p value proxy: 0.31893688440322876
result: False
power_upto_now: 0.5862069129943848
146th run
noise dimension : 27
noise variance: 384.9273376464844
original u-statistic:0.9304609298706055
p value proxy: 0.003322259057313204
result: True
power_upto_now: 0.5890411138534546
147th run
noise dimension : 27
noise variance: 384.5758972167969
original u-statistic:1.0044455528259277
p value proxy: 0.006644518114626408
result: True
power_upto_now: 0.5918367505073547
148th run
noise dimension : 27
noise variance: 384.77325439453125
original u-statistic:-0.11092615127563477
p value proxy: 0.6611295342445374
result: False
power_upto_now: 0.587837815284729
149th run
noise dimension : 27
noise variance: 383.6805725097656
original u-statistic:0.45379114151000977
p value proxy: 0.07308969646692276
result: False
power_upto_now: 0.5838926434516907
150th run
noise dimension : 27
noise variance: 382.74554443359375
original u-statistic:0.6138298511505127
p value proxy: 0.019933555275201797
result: True
power_upto_now: 0.5866666436195374
151th run
noise dimension : 27
noise variance: 384.3520812988281
original u-statistic:0.6026079654693604
p value proxy: 0.029900331050157547
result: True
power_upto_now: 0.5894039869308472
152th run
noise dimension : 27
noise variance: 384.8122253417969
original u-statistic:0.25731801986694336
p value proxy: 0.1627907007932663
result: False
power_upto_now: 0.5855262875556946
153th run
noise dimension : 27
noise variance: 384.8036193847656
original u-statistic:0.8506662845611572
p value proxy: 0.006644518114626408
result: True
power_upto_now: 0.5882353186607361
154th run
noise dimension : 27
noise variance: 384.74505615234375
original u-statistic:0.3665318489074707
p value proxy: 0.11295680701732635
result: False
power_upto_now: 0.5844155550003052
155th run
noise dimension : 27
noise variance: 384.44879150390625
original u-statistic:0.15116024017333984
p value proxy: 0.29568105936050415
result: False
power_upto_now: 0.5806451439857483
156th run
noise dimension : 27
noise variance: 383.76611328125
original u-statistic:0.24334216117858887
p value proxy: 0.18936876952648163
result: False
power_upto_now: 0.5769230723381042
157th run
noise dimension : 27
noise variance: 383.9169616699219
original u-statistic:1.4642815589904785
p value proxy: 0.003322259057313204
result: True
power_upto_now: 0.5796178579330444
158th run
noise dimension : 27
noise variance: 382.4995422363281
original u-statistic:0.2219865322113037
p value proxy: 0.18936876952648163
result: False
power_upto_now: 0.5759493708610535
159th run
noise dimension : 27
noise variance: 384.79339599609375
original u-statistic:0.3245697021484375
p value proxy: 0.10963454842567444
result: False
power_upto_now: 0.5723270177841187
160th run
noise dimension : 27
noise variance: 384.4413757324219
original u-statistic:0.11032414436340332
p value proxy: 0.2591361999511719
result: False
power_upto_now: 0.5687500238418579
161th run
noise dimension : 27
noise variance: 384.008056640625
original u-statistic:0.6290318965911865
p value proxy: 0.019933555275201797
result: True
power_upto_now: 0.5714285969734192
162th run
noise dimension : 27
noise variance: 384.9591979980469
original u-statistic:0.8269212245941162
p value proxy: 0.006644518114626408
result: True
power_upto_now: 0.5740740895271301
163th run
noise dimension : 27
noise variance: 383.2191162109375
original u-statistic:0.7114872932434082
p value proxy: 0.009966777637600899
result: True
power_upto_now: 0.5766870975494385
164th run
noise dimension : 27
noise variance: 382.2948913574219
original u-statistic:0.4919271469116211
p value proxy: 0.0830564796924591
result: False
power_upto_now: 0.5731707215309143
165th run
noise dimension : 27
noise variance: 383.4736022949219
original u-statistic:0.43477344512939453
p value proxy: 0.06312292069196701
result: False
power_upto_now: 0.5696969628334045
166th run
noise dimension : 27
noise variance: 384.95574951171875
original u-statistic:0.33478307723999023
p value proxy: 0.13289035856723785
result: False
power_upto_now: 0.5662650465965271
167th run
noise dimension : 27
noise variance: 384.33209228515625
original u-statistic:0.1163930892944336
p value proxy: 0.33887043595314026
result: False
power_upto_now: 0.5628742575645447
168th run
noise dimension : 27
noise variance: 382.8613586425781
original u-statistic:0.8897411823272705
p value proxy: 0.006644518114626408
result: True
power_upto_now: 0.5654761791229248
169th run
noise dimension : 27
noise variance: 383.162841796875
original u-statistic:0.1666889190673828
p value proxy: 0.2657807171344757
result: False
power_upto_now: 0.5621301531791687
170th run
noise dimension : 27
noise variance: 384.2021484375
original u-statistic:0.9888427257537842
p value proxy: 0.003322259057313204
result: True
power_upto_now: 0.5647059082984924
171th run
noise dimension : 27
noise variance: 384.0912170410156
original u-statistic:0.5849785804748535
p value proxy: 0.03654484823346138
result: True
power_upto_now: 0.567251443862915
172th run
noise dimension : 27
noise variance: 384.5127258300781
original u-statistic:0.30577993392944336
p value proxy: 0.1627907007932663
result: False
power_upto_now: 0.5639534592628479
173th run
noise dimension : 27
noise variance: 383.40771484375
original u-statistic:0.42373108863830566
p value proxy: 0.0830564796924591
result: False
power_upto_now: 0.560693621635437
174th run
noise dimension : 27
noise variance: 382.8736877441406
original u-statistic:0.8979213237762451
p value proxy: 0.013289036229252815
result: True
power_upto_now: 0.5632184147834778
175th run
noise dimension : 27
noise variance: 384.376708984375
original u-statistic:-0.31374335289001465
p value proxy: 0.9102990031242371
result: False
power_upto_now: 0.5600000023841858
176th run
noise dimension : 27
noise variance: 385.724609375
original u-statistic:0.5104212760925293
p value proxy: 0.06644517928361893
result: False
power_upto_now: 0.5568181872367859
177th run
noise dimension : 27
noise variance: 384.56292724609375
original u-statistic:0.6006455421447754
p value proxy: 0.033222589641809464
result: True
power_upto_now: 0.5593220591545105
178th run
noise dimension : 27
noise variance: 384.330322265625
original u-statistic:0.15966272354125977
p value proxy: 0.23255813121795654
result: False
power_upto_now: 0.5561797618865967
179th run
noise dimension : 27
noise variance: 384.5219421386719
original u-statistic:0.597740888595581
p value proxy: 0.02657807245850563
result: True
power_upto_now: 0.5586591958999634
180th run
noise dimension : 27
noise variance: 384.2369384765625
original u-statistic:0.3923368453979492
p value proxy: 0.09302325546741486
result: False
power_upto_now: 0.5555555820465088
181th run
noise dimension : 27
noise variance: 383.46661376953125
original u-statistic:0.5813486576080322
p value proxy: 0.029900331050157547
result: True
power_upto_now: 0.5580110549926758
182th run
noise dimension : 27
noise variance: 384.9669494628906
original u-statistic:0.8446290493011475
p value proxy: 0.006644518114626408
result: True
power_upto_now: 0.5604395866394043
183th run
noise dimension : 27
noise variance: 384.88690185546875
original u-statistic:0.6030573844909668
p value proxy: 0.033222589641809464
result: True
power_upto_now: 0.562841534614563
184th run
noise dimension : 27
noise variance: 383.6020202636719
original u-statistic:1.3421525955200195
p value proxy: 0.003322259057313204
result: True
power_upto_now: 0.5652173757553101
185th run
noise dimension : 27
noise variance: 384.1068420410156
original u-statistic:0.9784045219421387
p value proxy: 0.009966777637600899
result: True
power_upto_now: 0.5675675868988037
186th run
noise dimension : 27
noise variance: 384.9305114746094
original u-statistic:0.7544915676116943
p value proxy: 0.019933555275201797
result: True
power_upto_now: 0.5698924660682678
187th run
noise dimension : 27
noise variance: 384.2358093261719
original u-statistic:0.34429383277893066
p value proxy: 0.10963454842567444
result: False
power_upto_now: 0.5668449401855469
188th run
noise dimension : 27
noise variance: 385.462890625
original u-statistic:1.165464162826538
p value proxy: 0.003322259057313204
result: True
power_upto_now: 0.5691489577293396
189th run
noise dimension : 27
noise variance: 385.31219482421875
original u-statistic:0.746575117111206
p value proxy: 0.016611294820904732
result: True
power_upto_now: 0.5714285969734192
190th run
noise dimension : 27
noise variance: 383.44580078125
original u-statistic:0.502037525177002
p value proxy: 0.06312292069196701
result: False
power_upto_now: 0.5684210658073425
191th run
noise dimension : 27
noise variance: 384.7171936035156
original u-statistic:0.029712677001953125
p value proxy: 0.39867109060287476
result: False
power_upto_now: 0.5654450058937073
192th run
noise dimension : 27
noise variance: 384.50299072265625
original u-statistic:-0.02530360221862793
p value proxy: 0.5382059812545776
result: False
power_upto_now: 0.5625
193th run
noise dimension : 27
noise variance: 383.9433288574219
original u-statistic:0.32697486877441406
p value proxy: 0.1395348757505417
result: False
power_upto_now: 0.5595855116844177
194th run
noise dimension : 27
noise variance: 384.7287902832031
original u-statistic:1.170569658279419
p value proxy: 0.003322259057313204
result: True
power_upto_now: 0.561855673789978
195th run
noise dimension : 27
noise variance: 383.8833312988281
original u-statistic:0.024918079376220703
p value proxy: 0.39534881711006165
result: False
power_upto_now: 0.5589743852615356
196th run
noise dimension : 27
noise variance: 383.3849182128906
original u-statistic:0.8613660335540771
p value proxy: 0.006644518114626408
result: True
power_upto_now: 0.5612244606018066
197th run
noise dimension : 27
noise variance: 383.2035217285156
original u-statistic:1.1688201427459717
p value proxy: 0.003322259057313204
result: True
power_upto_now: 0.5634517669677734
198th run
noise dimension : 27
noise variance: 385.0317077636719
original u-statistic:-0.11647653579711914
p value proxy: 0.674418568611145
result: False
power_upto_now: 0.560606062412262
199th run
noise dimension : 27
noise variance: 385.2759704589844
original u-statistic:0.8866846561431885
p value proxy: 0.006644518114626408
result: True
power_upto_now: 0.5628140568733215
200th run
noise dimension : 27
noise variance: 382.872314453125
original u-statistic:0.10063314437866211
p value proxy: 0.33554816246032715
result: False
power_upto_now: 0.5600000023841858
201th run
noise dimension : 27
noise variance: 384.04534912109375
original u-statistic:0.7833025455474854
p value proxy: 0.013289036229252815
result: True
power_upto_now: 0.5621890425682068
202th run
noise dimension : 27
noise variance: 384.2811584472656
original u-statistic:0.5566394329071045
p value proxy: 0.049833886325359344
result: True
power_upto_now: 0.5643564462661743
203th run
noise dimension : 27
noise variance: 384.8656921386719
original u-statistic:0.19443273544311523
p value proxy: 0.2425249069929123
result: False
power_upto_now: 0.5615763664245605
204th run
noise dimension : 27
noise variance: 383.2054443359375
original u-statistic:0.8398759365081787
p value proxy: 0.009966777637600899
result: True
power_upto_now: 0.563725471496582
205th run
noise dimension : 27
noise variance: 384.8975830078125
original u-statistic:0.1619091033935547
p value proxy: 0.27574750781059265
result: False
power_upto_now: 0.5609756112098694
206th run
noise dimension : 27
noise variance: 383.9805908203125
original u-statistic:1.110504150390625
p value proxy: 0.003322259057313204
result: True
power_upto_now: 0.5631067752838135
207th run
noise dimension : 27
noise variance: 384.8709411621094
original u-statistic:0.6521155834197998
p value proxy: 0.033222589641809464
result: True
power_upto_now: 0.5652173757553101
208th run
noise dimension : 27
noise variance: 383.9219055175781
original u-statistic:0.5977163314819336
p value proxy: 0.023255813866853714
result: True
power_upto_now: 0.567307710647583
209th run
noise dimension : 27
noise variance: 384.0931091308594
original u-statistic:0.6262848377227783
p value proxy: 0.023255813866853714
result: True
power_upto_now: 0.5693780183792114
210th run
noise dimension : 27
noise variance: 383.8536682128906
original u-statistic:0.9330129623413086
p value proxy: 0.006644518114626408
result: True
power_upto_now: 0.5714285969734192
211th run
noise dimension : 27
noise variance: 382.2913513183594
original u-statistic:0.7308990955352783
p value proxy: 0.013289036229252815
result: True
power_upto_now: 0.5734597444534302
212th run
noise dimension : 27
noise variance: 383.37481689453125
original u-statistic:0.05171966552734375
p value proxy: 0.4019933342933655
result: False
power_upto_now: 0.5707547068595886
213th run
noise dimension : 27
noise variance: 383.6104736328125
original u-statistic:0.4907245635986328
p value proxy: 0.05647840350866318
result: False
power_upto_now: 0.5680751204490662
214th run
noise dimension : 27
noise variance: 385.1876220703125
original u-statistic:0.5044772624969482
p value proxy: 0.06312292069196701
result: False
power_upto_now: 0.5654205679893494
215th run
noise dimension : 27
noise variance: 385.0797424316406
original u-statistic:0.5034761428833008
p value proxy: 0.049833886325359344
result: True
power_upto_now: 0.5674418807029724
216th run
noise dimension : 27
noise variance: 384.6841125488281
original u-statistic:1.0966322422027588
p value proxy: 0.003322259057313204
result: True
power_upto_now: 0.5694444179534912
217th run
noise dimension : 27
noise variance: 384.07232666015625
original u-statistic:0.7861921787261963
p value proxy: 0.006644518114626408
result: True
power_upto_now: 0.5714285969734192
218th run
noise dimension : 27
noise variance: 384.2047424316406
original u-statistic:0.16588616371154785
p value proxy: 0.25581395626068115
result: False
power_upto_now: 0.5688073635101318
219th run
noise dimension : 27
noise variance: 383.7213439941406
original u-statistic:0.19703292846679688
p value proxy: 0.2026578038930893
result: False
power_upto_now: 0.5662100315093994
220th run
noise dimension : 27
noise variance: 384.8780212402344
original u-statistic:1.4956822395324707
p value proxy: 0.003322259057313204
result: True
power_upto_now: 0.5681818127632141
221th run
noise dimension : 27
noise variance: 384.3097839355469
original u-statistic:0.09859561920166016
p value proxy: 0.3621262311935425
result: False
power_upto_now: 0.5656108856201172
222th run
noise dimension : 27
noise variance: 383.2923889160156
original u-statistic:-0.05531644821166992
p value proxy: 0.5747508406639099
result: False
power_upto_now: 0.5630630850791931
223th run
noise dimension : 27
noise variance: 385.1542663574219
original u-statistic:1.179983139038086
p value proxy: 0.003322259057313204
result: True
power_upto_now: 0.5650224089622498
224th run
noise dimension : 27
noise variance: 384.1716613769531
original u-statistic:0.017780065536499023
p value proxy: 0.44186046719551086
result: False
power_upto_now: 0.5625
225th run
noise dimension : 27
noise variance: 384.073974609375
original u-statistic:0.2670254707336426
p value proxy: 0.17275747656822205
result: False
power_upto_now: 0.5600000023841858
226th run
noise dimension : 27
noise variance: 383.832275390625
original u-statistic:0.5008516311645508
p value proxy: 0.05647840350866318
result: False
power_upto_now: 0.5575221180915833
227th run
noise dimension : 27
noise variance: 384.0132751464844
original u-statistic:1.0594370365142822
p value proxy: 0.003322259057313204
result: True
power_upto_now: 0.5594713687896729
228th run
noise dimension : 27
noise variance: 383.578125
original u-statistic:0.3934803009033203
p value proxy: 0.0830564796924591
result: False
power_upto_now: 0.5570175647735596
229th run
noise dimension : 27
noise variance: 383.78851318359375
original u-statistic:0.12444043159484863
p value proxy: 0.3222591280937195
result: False
power_upto_now: 0.5545851588249207
230th run
noise dimension : 27
noise variance: 383.9993896484375
original u-statistic:0.8953649997711182
p value proxy: 0.006644518114626408
result: True
power_upto_now: 0.5565217137336731
231th run
noise dimension : 27
noise variance: 384.7984619140625
original u-statistic:-0.012365341186523438
p value proxy: 0.4651162624359131
result: False
power_upto_now: 0.5541125535964966
232th run
noise dimension : 27
noise variance: 383.50732421875
original u-statistic:0.5274441242218018
p value proxy: 0.033222589641809464
result: True
power_upto_now: 0.556034505367279
233th run
noise dimension : 27
noise variance: 384.912841796875
original u-statistic:0.8389592170715332
p value proxy: 0.003322259057313204
result: True
power_upto_now: 0.557939887046814
234th run
noise dimension : 27
noise variance: 385.19134521484375
original u-statistic:0.48740124702453613
p value proxy: 0.04651162773370743
result: True
power_upto_now: 0.55982905626297
235th run
noise dimension : 27
noise variance: 383.46710205078125
original u-statistic:0.6151542663574219
p value proxy: 0.023255813866853714
result: True
power_upto_now: 0.5617021322250366
236th run
noise dimension : 27
noise variance: 384.0452880859375
original u-statistic:0.6347126960754395
p value proxy: 0.039867110550403595
result: True
power_upto_now: 0.5635592937469482
237th run
noise dimension : 27
noise variance: 383.57476806640625
original u-statistic:0.3092646598815918
p value proxy: 0.15946844220161438
result: False
power_upto_now: 0.5611814260482788
238th run
noise dimension : 27
noise variance: 382.169189453125
original u-statistic:0.6583051681518555
p value proxy: 0.04318936914205551
result: True
power_upto_now: 0.5630252361297607
239th run
noise dimension : 27
noise variance: 383.91839599609375
original u-statistic:0.2346954345703125
p value proxy: 0.17275747656822205
result: False
power_upto_now: 0.560669481754303
240th run
noise dimension : 27
noise variance: 383.31585693359375
original u-statistic:1.033113956451416
p value proxy: 0.003322259057313204
result: True
power_upto_now: 0.5625
241th run
noise dimension : 27
noise variance: 383.03466796875
original u-statistic:0.34929633140563965
p value proxy: 0.10963454842567444
result: False
power_upto_now: 0.5601660013198853
242th run
noise dimension : 27
noise variance: 383.6849365234375
original u-statistic:0.7667403221130371
p value proxy: 0.019933555275201797
result: True
power_upto_now: 0.5619834661483765
243th run
noise dimension : 27
noise variance: 384.93304443359375
original u-statistic:0.668086051940918
p value proxy: 0.023255813866853714
result: True
power_upto_now: 0.5637860298156738
244th run
noise dimension : 27
noise variance: 384.4955139160156
original u-statistic:0.5626997947692871
p value proxy: 0.02657807245850563
result: True
power_upto_now: 0.5655737519264221
245th run
noise dimension : 27
noise variance: 384.1896057128906
original u-statistic:0.546959400177002
p value proxy: 0.03654484823346138
result: True
power_upto_now: 0.5673469305038452
246th run
noise dimension : 27
noise variance: 383.25830078125
original u-statistic:0.7425181865692139
p value proxy: 0.023255813866853714
result: True
power_upto_now: 0.5691056847572327
247th run
noise dimension : 27
noise variance: 384.0095520019531
original u-statistic:0.39797472953796387
p value proxy: 0.05315614491701126
result: False
power_upto_now: 0.5668016076087952
248th run
noise dimension : 27
noise variance: 383.1143798828125
original u-statistic:0.4701061248779297
p value proxy: 0.05647840350866318
result: False
power_upto_now: 0.5645161271095276
249th run
noise dimension : 27
noise variance: 383.2313537597656
original u-statistic:-0.028427600860595703
p value proxy: 0.52491694688797
result: False
power_upto_now: 0.5622490048408508
250th run
noise dimension : 27
noise variance: 384.5567932128906
original u-statistic:0.7964410781860352
p value proxy: 0.003322259057313204
result: True
power_upto_now: 0.5640000104904175
251th run
noise dimension : 27
noise variance: 383.45159912109375
original u-statistic:0.5261228084564209
p value proxy: 0.029900331050157547
result: True
power_upto_now: 0.5657370686531067
252th run
noise dimension : 27
noise variance: 384.7261047363281
original u-statistic:0.6757688522338867
p value proxy: 0.016611294820904732
result: True
power_upto_now: 0.567460298538208
253th run
noise dimension : 27
noise variance: 385.21002197265625
original u-statistic:-0.04530763626098633
p value proxy: 0.5116279125213623
result: False
power_upto_now: 0.5652173757553101
254th run
noise dimension : 27
noise variance: 383.4724426269531
original u-statistic:0.0033178329467773438
p value proxy: 0.43521595001220703
result: False
power_upto_now: 0.5629921555519104
255th run
noise dimension : 27
noise variance: 384.2369384765625
original u-statistic:0.1730046272277832
p value proxy: 0.24916942417621613
result: False
power_upto_now: 0.5607843399047852
256th run
noise dimension : 27
noise variance: 384.7419128417969
original u-statistic:1.2950823307037354
p value proxy: 0.003322259057313204
result: True
power_upto_now: 0.5625
257th run
noise dimension : 27
noise variance: 384.1085205078125
original u-statistic:0.3190121650695801
p value proxy: 0.12624584138393402
result: False
power_upto_now: 0.5603112578392029
258th run
noise dimension : 27
noise variance: 384.3739929199219
original u-statistic:0.8190925121307373
p value proxy: 0.013289036229252815
result: True
power_upto_now: 0.5620155334472656
259th run
noise dimension : 27
noise variance: 383.0401306152344
original u-statistic:-0.3127431869506836
p value proxy: 0.9136212468147278
result: False
power_upto_now: 0.5598455667495728
260th run
noise dimension : 27
noise variance: 384.64361572265625
original u-statistic:0.21984434127807617
p value proxy: 0.2059800624847412
result: False
power_upto_now: 0.557692289352417
261th run
noise dimension : 27
noise variance: 383.1802978515625
original u-statistic:0.8362984657287598
p value proxy: 0.003322259057313204
result: True
power_upto_now: 0.5593869686126709
262th run
noise dimension : 27
noise variance: 383.9521789550781
original u-statistic:0.6902055740356445
p value proxy: 0.009966777637600899
result: True
power_upto_now: 0.5610687136650085
263th run
noise dimension : 27
noise variance: 383.9079895019531
original u-statistic:0.36626720428466797
p value proxy: 0.1029900312423706
result: False
power_upto_now: 0.5589353442192078
264th run
noise dimension : 27
noise variance: 383.8815612792969
original u-statistic:0.1600477695465088
p value proxy: 0.302325576543808
result: False
power_upto_now: 0.5568181872367859
265th run
noise dimension : 27
noise variance: 384.4853515625
original u-statistic:0.45728445053100586
p value proxy: 0.05315614491701126
result: False
power_upto_now: 0.5547170042991638
266th run
noise dimension : 27
noise variance: 383.5481262207031
original u-statistic:0.29835987091064453
p value proxy: 0.13289035856723785
result: False
power_upto_now: 0.5526315569877625
267th run
noise dimension : 27
noise variance: 383.89227294921875
original u-statistic:0.5385341644287109
p value proxy: 0.049833886325359344
result: True
power_upto_now: 0.5543071031570435
268th run
noise dimension : 27
noise variance: 385.20086669921875
original u-statistic:0.8014297485351562
p value proxy: 0.006644518114626408
result: True
power_upto_now: 0.5559701323509216
269th run
noise dimension : 27
noise variance: 384.5678405761719
original u-statistic:0.23084354400634766
p value proxy: 0.2059800624847412
result: False
power_upto_now: 0.553903341293335
270th run
noise dimension : 27
noise variance: 384.4087219238281
original u-statistic:-0.025265932083129883
p value proxy: 0.4916943311691284
result: False
power_upto_now: 0.5518518686294556
271th run
noise dimension : 27
noise variance: 383.7392883300781
original u-statistic:0.7278449535369873
p value proxy: 0.013289036229252815
result: True
power_upto_now: 0.553505539894104
272th run
noise dimension : 27
noise variance: 385.3726806640625
original u-statistic:1.018988847732544
p value proxy: 0.009966777637600899
result: True
power_upto_now: 0.5551470518112183
273th run
noise dimension : 27
noise variance: 385.79290771484375
original u-statistic:0.27216339111328125
p value proxy: 0.14950165152549744
result: False
power_upto_now: 0.553113579750061
274th run
noise dimension : 27
noise variance: 383.7242126464844
original u-statistic:0.005643367767333984
p value proxy: 0.4684385359287262
result: False
power_upto_now: 0.5510948896408081
275th run
noise dimension : 27
noise variance: 385.8856506347656
original u-statistic:0.13141298294067383
p value proxy: 0.2790697515010834
result: False
power_upto_now: 0.5490909218788147
276th run
noise dimension : 27
noise variance: 383.6943054199219
original u-statistic:1.242741346359253
p value proxy: 0.003322259057313204
result: True
power_upto_now: 0.5507246255874634
277th run
noise dimension : 27
noise variance: 383.5375671386719
original u-statistic:1.1795697212219238
p value proxy: 0.003322259057313204
result: True
power_upto_now: 0.5523465871810913
278th run
noise dimension : 27
noise variance: 384.121337890625
original u-statistic:0.27141356468200684
p value proxy: 0.18936876952648163
result: False
power_upto_now: 0.5503597259521484
279th run
noise dimension : 27
noise variance: 384.4670104980469
original u-statistic:0.3384561538696289
p value proxy: 0.11295680701732635
result: False
power_upto_now: 0.5483871102333069
280th run
noise dimension : 27
noise variance: 383.6877746582031
original u-statistic:0.34091997146606445
p value proxy: 0.1229235827922821
result: False
power_upto_now: 0.5464285612106323
281th run
noise dimension : 27
noise variance: 383.5762634277344
original u-statistic:-0.1718146800994873
p value proxy: 0.724252462387085
result: False
power_upto_now: 0.5444839596748352
282th run
noise dimension : 27
noise variance: 383.8764343261719
original u-statistic:0.8665151596069336
p value proxy: 0.003322259057313204
result: True
power_upto_now: 0.5460993051528931
283th run
noise dimension : 27
noise variance: 383.93328857421875
original u-statistic:0.21820354461669922
p value proxy: 0.21926909685134888
result: False
power_upto_now: 0.5441696047782898
284th run
noise dimension : 27
noise variance: 384.88031005859375
original u-statistic:0.5370199680328369
p value proxy: 0.05315614491701126
result: False
power_upto_now: 0.5422534942626953
285th run
noise dimension : 27
noise variance: 383.8031921386719
original u-statistic:0.7954421043395996
p value proxy: 0.006644518114626408
result: True
power_upto_now: 0.5438596606254578
286th run
noise dimension : 27
noise variance: 384.4013671875
original u-statistic:0.785555362701416
p value proxy: 0.019933555275201797
result: True
power_upto_now: 0.5454545617103577
287th run
noise dimension : 27
noise variance: 384.46795654296875
original u-statistic:0.6541285514831543
p value proxy: 0.016611294820904732
result: True
power_upto_now: 0.5470383167266846
288th run
noise dimension : 27
noise variance: 384.0981750488281
original u-statistic:0.8123941421508789
p value proxy: 0.009966777637600899
result: True
power_upto_now: 0.5486111044883728
289th run
noise dimension : 27
noise variance: 384.09405517578125
original u-statistic:-0.026549100875854492
p value proxy: 0.5049833655357361
result: False
power_upto_now: 0.5467128157615662
290th run
noise dimension : 27
noise variance: 384.0166931152344
original u-statistic:0.4116017818450928
p value proxy: 0.11627906560897827
result: False
power_upto_now: 0.5448275804519653
291th run
noise dimension : 27
noise variance: 384.9909973144531
original u-statistic:0.9241056442260742
p value proxy: 0.003322259057313204
result: True
power_upto_now: 0.5463917255401611
292th run
noise dimension : 27
noise variance: 384.6664123535156
original u-statistic:0.6837975978851318
p value proxy: 0.029900331050157547
result: True
power_upto_now: 0.5479452013969421
293th run
noise dimension : 27
noise variance: 384.8576354980469
original u-statistic:0.8648507595062256
p value proxy: 0.006644518114626408
result: True
power_upto_now: 0.5494880676269531
294th run
noise dimension : 27
noise variance: 383.5528869628906
original u-statistic:0.528562068939209
p value proxy: 0.04318936914205551
result: True
power_upto_now: 0.5510203838348389
295th run
noise dimension : 27
noise variance: 384.4683837890625
original u-statistic:0.6767652034759521
p value proxy: 0.016611294820904732
result: True
power_upto_now: 0.5525423884391785
296th run
noise dimension : 27
noise variance: 383.97650146484375
original u-statistic:0.16669273376464844
p value proxy: 0.25249168276786804
result: False
power_upto_now: 0.5506756901741028
297th run
noise dimension : 27
noise variance: 383.01019287109375
original u-statistic:0.29508137702941895
p value proxy: 0.17940199375152588
result: False
power_upto_now: 0.5488215684890747
298th run
noise dimension : 27
noise variance: 384.0263671875
original u-statistic:0.7003607749938965
p value proxy: 0.02657807245850563
result: True
power_upto_now: 0.5503355860710144
299th run
noise dimension : 27
noise variance: 383.8296813964844
original u-statistic:1.0058586597442627
p value proxy: 0.003322259057313204
result: True
power_upto_now: 0.5518394708633423
300th run
noise dimension : 27
noise variance: 384.5860290527344
original u-statistic:0.36475706100463867
p value proxy: 0.1229235827922821
result: False
power_upto_now: 0.550000011920929
301th run
noise dimension : 27
noise variance: 384.0082702636719
original u-statistic:0.6976265907287598
p value proxy: 0.013289036229252815
result: True
power_upto_now: 0.5514950156211853
302th run
noise dimension : 27
noise variance: 384.00396728515625
original u-statistic:0.8067588806152344
p value proxy: 0.009966777637600899
result: True
power_upto_now: 0.5529801249504089
303th run
noise dimension : 27
noise variance: 384.2915344238281
original u-statistic:0.9261977672576904
p value proxy: 0.003322259057313204
result: True
power_upto_now: 0.5544554591178894
304th run
noise dimension : 27
noise variance: 383.5050048828125
original u-statistic:0.9336352348327637
p value proxy: 0.003322259057313204
result: True
power_upto_now: 0.5559210777282715
305th run
noise dimension : 27
noise variance: 383.0299987792969
original u-statistic:0.4270291328430176
p value proxy: 0.07973422110080719
result: False
power_upto_now: 0.55409836769104
306th run
noise dimension : 27
noise variance: 383.4915466308594
original u-statistic:0.5208640098571777
p value proxy: 0.05315614491701126
result: False
power_upto_now: 0.5522875785827637
307th run
noise dimension : 27
noise variance: 383.9376220703125
original u-statistic:1.060713768005371
p value proxy: 0.006644518114626408
result: True
power_upto_now: 0.5537459254264832
308th run
noise dimension : 27
noise variance: 384.15765380859375
original u-statistic:1.0299794673919678
p value proxy: 0.006644518114626408
result: True
power_upto_now: 0.5551947951316833
309th run
noise dimension : 27
noise variance: 383.59722900390625
original u-statistic:0.5500643253326416
p value proxy: 0.029900331050157547
result: True
power_upto_now: 0.5566343069076538
310th run
noise dimension : 27
noise variance: 382.70501708984375
original u-statistic:-0.0814361572265625
p value proxy: 0.6279069781303406
result: False
power_upto_now: 0.5548387169837952
311th run
noise dimension : 27
noise variance: 384.2746276855469
original u-statistic:0.5791623592376709
p value proxy: 0.039867110550403595
result: True
power_upto_now: 0.5562701225280762
312th run
noise dimension : 27
noise variance: 382.8328857421875
original u-statistic:0.41581130027770996
p value proxy: 0.09302325546741486
result: False
power_upto_now: 0.5544871687889099
313th run
noise dimension : 27
noise variance: 384.5762634277344
original u-statistic:0.6781766414642334
p value proxy: 0.013289036229252815
result: True
power_upto_now: 0.5559105277061462
314th run
noise dimension : 27
noise variance: 385.6363525390625
original u-statistic:0.6726880073547363
p value proxy: 0.019933555275201797
result: True
power_upto_now: 0.5573248267173767
315th run
noise dimension : 27
noise variance: 383.7592468261719
original u-statistic:1.023970603942871
p value proxy: 0.006644518114626408
result: True
power_upto_now: 0.5587301850318909
316th run
noise dimension : 27
noise variance: 383.36871337890625
original u-statistic:1.297300100326538
p value proxy: 0.003322259057313204
result: True
power_upto_now: 0.5601266026496887
317th run
noise dimension : 27
noise variance: 384.3141174316406
original u-statistic:0.8769071102142334
p value proxy: 0.009966777637600899
result: True
power_upto_now: 0.5615141987800598
318th run
noise dimension : 27
noise variance: 382.4869689941406
original u-statistic:0.08728885650634766
p value proxy: 0.31893688440322876
result: False
power_upto_now: 0.5597484111785889
319th run
noise dimension : 27
noise variance: 384.1142272949219
original u-statistic:0.7523012161254883
p value proxy: 0.019933555275201797
result: True
power_upto_now: 0.5611284971237183
320th run
noise dimension : 27
noise variance: 384.7539367675781
original u-statistic:-0.23305511474609375
p value proxy: 0.8272424936294556
result: False
power_upto_now: 0.559374988079071
321th run
noise dimension : 27
noise variance: 385.59552001953125
original u-statistic:0.978863000869751
p value proxy: 0.003322259057313204
result: True
power_upto_now: 0.5607476830482483
322th run
noise dimension : 27
noise variance: 383.5238342285156
original u-statistic:0.2594478130340576
p value proxy: 0.1827242523431778
result: False
power_upto_now: 0.5590062141418457
323th run
noise dimension : 27
noise variance: 384.9068298339844
original u-statistic:0.33157801628112793
p value proxy: 0.10963454842567444
result: False
power_upto_now: 0.5572755336761475
324th run
noise dimension : 27
noise variance: 383.59027099609375
original u-statistic:0.18832087516784668
p value proxy: 0.24916942417621613
result: False
power_upto_now: 0.5555555820465088
325th run
noise dimension : 27
noise variance: 382.769775390625
original u-statistic:0.593564510345459
p value proxy: 0.029900331050157547
result: True
power_upto_now: 0.5569230914115906
326th run
noise dimension : 27
noise variance: 384.1841735839844
original u-statistic:0.7058756351470947
p value proxy: 0.009966777637600899
result: True
power_upto_now: 0.558282196521759
327th run
noise dimension : 27
noise variance: 382.8446044921875
original u-statistic:-0.17702150344848633
p value proxy: 0.7009966373443604
result: False
power_upto_now: 0.5565749406814575
328th run
noise dimension : 27
noise variance: 385.06817626953125
original u-statistic:0.44585728645324707
p value proxy: 0.06976743787527084
result: False
power_upto_now: 0.5548780560493469
329th run
noise dimension : 27
noise variance: 382.12774658203125
original u-statistic:0.2537686824798584
p value proxy: 0.19269102811813354
result: False
power_upto_now: 0.5531914830207825
330th run
noise dimension : 27
noise variance: 383.994384765625
original u-statistic:0.33087992668151855
p value proxy: 0.15282391011714935
result: False
power_upto_now: 0.5515151619911194
331th run
noise dimension : 27
noise variance: 384.4599914550781
original u-statistic:0.0901026725769043
p value proxy: 0.3621262311935425
result: False
power_upto_now: 0.5498489141464233
332th run
noise dimension : 27
noise variance: 385.0609436035156
original u-statistic:0.5115563869476318
p value proxy: 0.04651162773370743
result: True
power_upto_now: 0.5512048006057739
333th run
noise dimension : 27
noise variance: 383.48907470703125
original u-statistic:0.3449711799621582
p value proxy: 0.14617939293384552
result: False
power_upto_now: 0.5495495200157166
334th run
noise dimension : 27
noise variance: 383.6650695800781
original u-statistic:-0.18860912322998047
p value proxy: 0.7441860437393188
result: False
power_upto_now: 0.5479041934013367
335th run
noise dimension : 27
noise variance: 383.30322265625
original u-statistic:-0.040354251861572266
p value proxy: 0.5481727719306946
result: False
power_upto_now: 0.5462686419487
336th run
noise dimension : 27
noise variance: 384.6337585449219
original u-statistic:0.46126723289489746
p value proxy: 0.05315614491701126
result: False
power_upto_now: 0.5446428656578064
337th run
noise dimension : 27
noise variance: 383.0378112792969
original u-statistic:-0.5094170570373535
p value proxy: 0.9700996279716492
result: False
power_upto_now: 0.5430266857147217
338th run
noise dimension : 27
noise variance: 384.9512939453125
original u-statistic:0.03638863563537598
p value proxy: 0.43853819370269775
result: False
power_upto_now: 0.5414201021194458
339th run
noise dimension : 27
noise variance: 383.6047668457031
original u-statistic:0.272838830947876
p value proxy: 0.14617939293384552
result: False
power_upto_now: 0.5398229956626892
340th run
noise dimension : 27
noise variance: 382.967529296875
original u-statistic:0.3619811534881592
p value proxy: 0.09966777265071869
result: False
power_upto_now: 0.5382353067398071
341th run
noise dimension : 27
noise variance: 384.085693359375
original u-statistic:0.7795112133026123
p value proxy: 0.006644518114626408
result: True
power_upto_now: 0.5395894646644592
342th run
noise dimension : 27
noise variance: 383.7542724609375
original u-statistic:-0.11376476287841797
p value proxy: 0.5581395030021667
result: False
power_upto_now: 0.5380116701126099
343th run
noise dimension : 27
noise variance: 384.7538146972656
original u-statistic:0.275759220123291
p value proxy: 0.1661129593849182
result: False
power_upto_now: 0.5364431738853455
344th run
noise dimension : 27
noise variance: 384.16693115234375
original u-statistic:0.3787069320678711
p value proxy: 0.09634551405906677
result: False
power_upto_now: 0.5348837375640869
345th run
noise dimension : 27
noise variance: 383.37060546875
original u-statistic:1.1314187049865723
p value proxy: 0.003322259057313204
result: True
power_upto_now: 0.5362318754196167
346th run
noise dimension : 27
noise variance: 384.7742004394531
original u-statistic:0.38619160652160645
p value proxy: 0.08970099687576294
result: False
power_upto_now: 0.5346820950508118
347th run
noise dimension : 27
noise variance: 382.6259460449219
original u-statistic:0.6964209079742432
p value proxy: 0.013289036229252815
result: True
power_upto_now: 0.5360230803489685
348th run
noise dimension : 27
noise variance: 385.7289733886719
original u-statistic:0.040381669998168945
p value proxy: 0.4119601249694824
result: False
power_upto_now: 0.5344827771186829
349th run
noise dimension : 27
noise variance: 384.5057678222656
original u-statistic:0.9383432865142822
p value proxy: 0.006644518114626408
result: True
power_upto_now: 0.5358166098594666
350th run
noise dimension : 27
noise variance: 383.1474304199219
original u-statistic:0.7890880107879639
p value proxy: 0.016611294820904732
result: True
power_upto_now: 0.5371428728103638
351th run
noise dimension : 27
noise variance: 383.2772521972656
original u-statistic:0.304567813873291
p value proxy: 0.12956809997558594
result: False
power_upto_now: 0.5356125235557556
352th run
noise dimension : 27
noise variance: 382.4448547363281
original u-statistic:0.7453761100769043
p value proxy: 0.033222589641809464
result: True
power_upto_now: 0.5369318127632141
353th run
noise dimension : 27
noise variance: 384.4542236328125
original u-statistic:0.7894937992095947
p value proxy: 0.016611294820904732
result: True
power_upto_now: 0.5382436513900757
354th run
noise dimension : 27
noise variance: 383.3338928222656
original u-statistic:0.18818879127502441
p value proxy: 0.21926909685134888
result: False
power_upto_now: 0.5367231369018555
355th run
noise dimension : 27
noise variance: 385.34820556640625
original u-statistic:0.7688300609588623
p value proxy: 0.006644518114626408
result: True
power_upto_now: 0.5380281805992126
356th run
noise dimension : 27
noise variance: 384.5738220214844
original u-statistic:0.1281275749206543
p value proxy: 0.2823920249938965
result: False
power_upto_now: 0.5365168452262878
357th run
noise dimension : 27
noise variance: 384.96124267578125
original u-statistic:0.4949619770050049
p value proxy: 0.039867110550403595
result: True
power_upto_now: 0.5378151535987854
358th run
noise dimension : 27
noise variance: 383.2034606933594
original u-statistic:0.9980096817016602
p value proxy: 0.003322259057313204
result: True
power_upto_now: 0.5391061305999756
359th run
noise dimension : 27
noise variance: 383.3828430175781
original u-statistic:0.010028362274169922
p value proxy: 0.47508305311203003
result: False
power_upto_now: 0.5376044511795044
360th run
noise dimension : 27
noise variance: 382.91436767578125
original u-statistic:0.0622258186340332
p value proxy: 0.3887042999267578
result: False
power_upto_now: 0.5361111164093018
361th run
noise dimension : 27
noise variance: 383.4129638671875
original u-statistic:0.4122276306152344
p value proxy: 0.06644517928361893
result: False
power_upto_now: 0.5346260666847229
362th run
noise dimension : 27
noise variance: 383.407470703125
original u-statistic:0.830935001373291
p value proxy: 0.003322259057313204
result: True
power_upto_now: 0.5359116196632385
363th run
noise dimension : 27
noise variance: 384.5278015136719
original u-statistic:-0.1177821159362793
p value proxy: 0.6279069781303406
result: False
power_upto_now: 0.5344352722167969
364th run
noise dimension : 27
noise variance: 383.7206726074219
original u-statistic:0.9094104766845703
p value proxy: 0.009966777637600899
result: True
power_upto_now: 0.5357142686843872
365th run
noise dimension : 27
noise variance: 382.531494140625
original u-statistic:-0.0660543441772461
p value proxy: 0.6179401874542236
result: False
power_upto_now: 0.534246563911438
366th run
noise dimension : 27
noise variance: 384.482666015625
original u-statistic:1.0412940979003906
p value proxy: 0.003322259057313204
result: True
power_upto_now: 0.5355191230773926
367th run
noise dimension : 27
noise variance: 384.985595703125
original u-statistic:0.526613712310791
p value proxy: 0.039867110550403595
result: True
power_upto_now: 0.5367847681045532
368th run
noise dimension : 27
noise variance: 383.5928039550781
original u-statistic:1.1601760387420654
p value proxy: 0.003322259057313204
result: True
power_upto_now: 0.5380434989929199
369th run
noise dimension : 27
noise variance: 385.4906311035156
original u-statistic:0.9553477764129639
p value proxy: 0.009966777637600899
result: True
power_upto_now: 0.5392953753471375
370th run
noise dimension : 27
noise variance: 384.75537109375
original u-statistic:0.789513111114502
p value proxy: 0.013289036229252815
result: True
power_upto_now: 0.5405405163764954
371th run
noise dimension : 27
noise variance: 385.4361572265625
original u-statistic:0.5260312557220459
p value proxy: 0.04651162773370743
result: True
power_upto_now: 0.5417789816856384
372th run
noise dimension : 27
noise variance: 383.68865966796875
original u-statistic:0.03167104721069336
p value proxy: 0.4119601249694824
result: False
power_upto_now: 0.5403226017951965
373th run
noise dimension : 27
noise variance: 385.05145263671875
original u-statistic:0.6471481323242188
p value proxy: 0.016611294820904732
result: True
power_upto_now: 0.5415549874305725
374th run
noise dimension : 27
noise variance: 383.64642333984375
original u-statistic:0.805870771408081
p value proxy: 0.016611294820904732
result: True
power_upto_now: 0.5427807569503784
375th run
noise dimension : 27
noise variance: 383.10687255859375
original u-statistic:0.28250765800476074
p value proxy: 0.16943521797657013
result: False
power_upto_now: 0.5413333177566528
376th run
noise dimension : 27
noise variance: 384.0906982421875
original u-statistic:0.049619197845458984
p value proxy: 0.43853819370269775
result: False
power_upto_now: 0.539893627166748
377th run
noise dimension : 27
noise variance: 384.3363037109375
original u-statistic:0.41518425941467285
p value proxy: 0.07973422110080719
result: False
power_upto_now: 0.5384615659713745
378th run
noise dimension : 27
noise variance: 384.2606201171875
original u-statistic:0.7791259288787842
p value proxy: 0.019933555275201797
result: True
power_upto_now: 0.5396825671195984
379th run
noise dimension : 27
noise variance: 384.1567687988281
original u-statistic:0.4504508972167969
p value proxy: 0.05315614491701126
result: False
power_upto_now: 0.5382585525512695
380th run
noise dimension : 27
noise variance: 384.05987548828125
original u-statistic:0.4823143482208252
p value proxy: 0.05315614491701126
result: False
power_upto_now: 0.5368421077728271
381th run
noise dimension : 27
noise variance: 384.1488342285156
original u-statistic:0.7417521476745605
p value proxy: 0.009966777637600899
result: True
power_upto_now: 0.5380577445030212
382th run
noise dimension : 27
noise variance: 382.195068359375
original u-statistic:0.5479476451873779
p value proxy: 0.033222589641809464
result: True
power_upto_now: 0.5392670035362244
383th run
noise dimension : 27
noise variance: 383.77154541015625
original u-statistic:1.0991482734680176
p value proxy: 0.003322259057313204
result: True
power_upto_now: 0.5404699444770813
384th run
noise dimension : 27
noise variance: 385.26519775390625
original u-statistic:1.0458507537841797
p value proxy: 0.003322259057313204
result: True
power_upto_now: 0.5416666865348816
385th run
noise dimension : 27
noise variance: 383.87322998046875
original u-statistic:0.27291345596313477
p value proxy: 0.1627907007932663
result: False
power_upto_now: 0.5402597188949585
386th run
noise dimension : 27
noise variance: 384.8895263671875
original u-statistic:1.4764502048492432
p value proxy: 0.003322259057313204
result: True
power_upto_now: 0.5414507985115051
387th run
noise dimension : 27
noise variance: 383.28076171875
original u-statistic:0.7037780284881592
p value proxy: 0.033222589641809464
result: True
power_upto_now: 0.5426356792449951
388th run
noise dimension : 27
noise variance: 384.1029052734375
original u-statistic:0.6098389625549316
p value proxy: 0.029900331050157547
result: True
power_upto_now: 0.5438144207000732
389th run
noise dimension : 27
noise variance: 384.279052734375
original u-statistic:0.0774085521697998
p value proxy: 0.3089700937271118
result: False
power_upto_now: 0.5424164533615112
390th run
noise dimension : 27
noise variance: 384.37042236328125
original u-statistic:1.2224223613739014
p value proxy: 0.003322259057313204
result: True
power_upto_now: 0.5435897707939148
391th run
noise dimension : 27
noise variance: 385.6400146484375
original u-statistic:0.650092363357544
p value proxy: 0.019933555275201797
result: True
power_upto_now: 0.5447570085525513
392th run
noise dimension : 27
noise variance: 383.5683898925781
original u-statistic:-0.5289373397827148
p value proxy: 0.9867109656333923
result: False
power_upto_now: 0.543367326259613
393th run
noise dimension : 27
noise variance: 384.22357177734375
original u-statistic:0.27019667625427246
p value proxy: 0.1627907007932663
result: False
power_upto_now: 0.5419847369194031
394th run
noise dimension : 27
noise variance: 383.3686828613281
original u-statistic:0.3916034698486328
p value proxy: 0.09966777265071869
result: False
power_upto_now: 0.5406091213226318
395th run
noise dimension : 27
noise variance: 383.4090881347656
original u-statistic:1.3527133464813232
p value proxy: 0.003322259057313204
result: True
power_upto_now: 0.5417721271514893
396th run
noise dimension : 27
noise variance: 383.31182861328125
original u-statistic:0.0834355354309082
p value proxy: 0.3687707483768463
result: False
power_upto_now: 0.5404040217399597
397th run
noise dimension : 27
noise variance: 385.4452209472656
original u-statistic:0.15704083442687988
p value proxy: 0.33554816246032715
result: False
power_upto_now: 0.5390428304672241
398th run
noise dimension : 27
noise variance: 383.458984375
original u-statistic:0.032787322998046875
p value proxy: 0.3853820562362671
result: False
power_upto_now: 0.5376884341239929
399th run
noise dimension : 27
noise variance: 385.8951416015625
original u-statistic:0.8627145290374756
p value proxy: 0.016611294820904732
result: True
power_upto_now: 0.5388470888137817
400th run
noise dimension : 27
noise variance: 384.86639404296875
original u-statistic:0.1943984031677246
p value proxy: 0.2691029906272888
result: False
power_upto_now: 0.5375000238418579
401th run
noise dimension : 27
noise variance: 385.51190185546875
original u-statistic:0.47164106369018555
p value proxy: 0.06976743787527084
result: False
power_upto_now: 0.5361595749855042
402th run
noise dimension : 27
noise variance: 384.48297119140625
original u-statistic:0.07002711296081543
p value proxy: 0.3887042999267578
result: False
power_upto_now: 0.53482586145401
403th run
noise dimension : 27
noise variance: 383.1912841796875
original u-statistic:0.6803884506225586
p value proxy: 0.009966777637600899
result: True
power_upto_now: 0.5359801650047302
404th run
noise dimension : 27
noise variance: 383.3328552246094
original u-statistic:0.5449395179748535
p value proxy: 0.04651162773370743
result: True
power_upto_now: 0.5371286869049072
405th run
noise dimension : 27
noise variance: 383.318603515625
original u-statistic:0.8104434013366699
p value proxy: 0.009966777637600899
result: True
power_upto_now: 0.5382716059684753
406th run
noise dimension : 27
noise variance: 383.6375427246094
original u-statistic:0.31128668785095215
p value proxy: 0.17607973515987396
result: False
power_upto_now: 0.5369458198547363
407th run
noise dimension : 27
noise variance: 384.6331481933594
original u-statistic:0.7801084518432617
p value proxy: 0.003322259057313204
result: True
power_upto_now: 0.538083553314209
408th run
noise dimension : 27
noise variance: 384.7861633300781
original u-statistic:1.1145129203796387
p value proxy: 0.006644518114626408
result: True
power_upto_now: 0.5392156839370728
409th run
noise dimension : 27
noise variance: 385.6794738769531
original u-statistic:0.5949015617370605
p value proxy: 0.039867110550403595
result: True
power_upto_now: 0.5403422713279724
410th run
noise dimension : 27
noise variance: 384.6318359375
original u-statistic:0.5721893310546875
p value proxy: 0.04318936914205551
result: True
power_upto_now: 0.5414634346961975
411th run
noise dimension : 27
noise variance: 384.2323303222656
original u-statistic:1.1888153553009033
p value proxy: 0.003322259057313204
result: True
power_upto_now: 0.5425790548324585
412th run
noise dimension : 27
noise variance: 384.7887268066406
original u-statistic:0.39992213249206543
p value proxy: 0.10631228983402252
result: False
power_upto_now: 0.541262149810791
413th run
noise dimension : 27
noise variance: 384.9879150390625
original u-statistic:0.22777247428894043
p value proxy: 0.22923587262630463
result: False
power_upto_now: 0.5399515628814697
414th run
noise dimension : 27
noise variance: 384.55865478515625
original u-statistic:0.003716707229614258
p value proxy: 0.4285714328289032
result: False
power_upto_now: 0.5386473536491394
415th run
noise dimension : 27
noise variance: 383.5426025390625
original u-statistic:-0.02873373031616211
p value proxy: 0.5282391905784607
result: False
power_upto_now: 0.5373494029045105
416th run
noise dimension : 27
noise variance: 384.309814453125
original u-statistic:0.5619616508483887
p value proxy: 0.033222589641809464
result: True
power_upto_now: 0.5384615659713745
417th run
noise dimension : 27
noise variance: 384.4512634277344
original u-statistic:0.1951761245727539
p value proxy: 0.2425249069929123
result: False
power_upto_now: 0.5371702909469604
418th run
noise dimension : 27
noise variance: 383.4111633300781
original u-statistic:-0.12482738494873047
p value proxy: 0.6644518375396729
result: False
power_upto_now: 0.5358851552009583
419th run
noise dimension : 27
noise variance: 384.8289794921875
original u-statistic:1.05454683303833
p value proxy: 0.003322259057313204
result: True
power_upto_now: 0.5369928479194641
420th run
noise dimension : 27
noise variance: 384.40972900390625
original u-statistic:1.0800142288208008
p value proxy: 0.006644518114626408
result: True
power_upto_now: 0.538095235824585
421th run
noise dimension : 27
noise variance: 384.0780334472656
original u-statistic:0.047770023345947266
p value proxy: 0.4318936765193939
result: False
power_upto_now: 0.5368170738220215
422th run
noise dimension : 27
noise variance: 384.3976135253906
original u-statistic:0.9101862907409668
p value proxy: 0.006644518114626408
result: True
power_upto_now: 0.5379146933555603
423th run
noise dimension : 27
noise variance: 384.37164306640625
original u-statistic:0.46819567680358887
p value proxy: 0.06644517928361893
result: False
power_upto_now: 0.5366430282592773
424th run
noise dimension : 27
noise variance: 383.88433837890625
original u-statistic:0.7335045337677002
p value proxy: 0.013289036229252815
result: True
power_upto_now: 0.5377358198165894
425th run
noise dimension : 27
noise variance: 383.7031555175781
original u-statistic:0.7764089107513428
p value proxy: 0.009966777637600899
result: True
power_upto_now: 0.5388235449790955
426th run
noise dimension : 27
noise variance: 385.17950439453125
original u-statistic:0.84855055809021
p value proxy: 0.009966777637600899
result: True
power_upto_now: 0.5399060845375061
427th run
noise dimension : 27
noise variance: 385.5703125
original u-statistic:1.214797019958496
p value proxy: 0.003322259057313204
result: True
power_upto_now: 0.5409836173057556
428th run
noise dimension : 27
noise variance: 384.19384765625
original u-statistic:1.1701571941375732
p value proxy: 0.003322259057313204
result: True
power_upto_now: 0.5420560836791992
429th run
noise dimension : 27
noise variance: 384.0575866699219
original u-statistic:0.4230360984802246
p value proxy: 0.05647840350866318
result: False
power_upto_now: 0.5407925248146057
430th run
noise dimension : 27
noise variance: 382.6827392578125
original u-statistic:0.1471552848815918
p value proxy: 0.27574750781059265
result: False
power_upto_now: 0.539534866809845
431th run
noise dimension : 27
noise variance: 384.0294494628906
original u-statistic:0.04969501495361328
p value proxy: 0.33887043595314026
result: False
power_upto_now: 0.5382830500602722
432th run
noise dimension : 27
noise variance: 383.00408935546875
original u-statistic:0.6994035243988037
p value proxy: 0.016611294820904732
result: True
power_upto_now: 0.5393518805503845
433th run
noise dimension : 27
noise variance: 385.7716979980469
original u-statistic:0.6224467754364014
p value proxy: 0.019933555275201797
result: True
power_upto_now: 0.5404157042503357
434th run
noise dimension : 27
noise variance: 383.43084716796875
original u-statistic:-0.15697097778320312
p value proxy: 0.7475082874298096
result: False
power_upto_now: 0.539170503616333
435th run
noise dimension : 27
noise variance: 385.3004455566406
original u-statistic:0.32629871368408203
p value proxy: 0.1229235827922821
result: False
power_upto_now: 0.5379310250282288
436th run
noise dimension : 27
noise variance: 384.3983459472656
original u-statistic:0.8079700469970703
p value proxy: 0.019933555275201797
result: True
power_upto_now: 0.53899085521698
437th run
noise dimension : 27
noise variance: 383.7394104003906
original u-statistic:0.264066219329834
p value proxy: 0.17275747656822205
result: False
power_upto_now: 0.5377574563026428
438th run
noise dimension : 27
noise variance: 383.1273498535156
original u-statistic:-0.3189554214477539
p value proxy: 0.8604651093482971
result: False
power_upto_now: 0.5365296602249146
439th run
noise dimension : 27
noise variance: 383.24078369140625
original u-statistic:0.38727331161499023
p value proxy: 0.10631228983402252
result: False
power_upto_now: 0.5353075265884399
440th run
noise dimension : 27
noise variance: 385.0910339355469
original u-statistic:0.27565646171569824
p value proxy: 0.15946844220161438
result: False
power_upto_now: 0.5340909361839294
441th run
noise dimension : 27
noise variance: 384.393798828125
original u-statistic:0.8696599006652832
p value proxy: 0.009966777637600899
result: True
power_upto_now: 0.5351473689079285
442th run
noise dimension : 27
noise variance: 385.0594787597656
original u-statistic:0.11904096603393555
p value proxy: 0.302325576543808
result: False
power_upto_now: 0.5339366793632507
443th run
noise dimension : 27
noise variance: 384.7153015136719
original u-statistic:0.3552205562591553
p value proxy: 0.11295680701732635
result: False
power_upto_now: 0.5327313542366028
444th run
noise dimension : 27
noise variance: 383.6856384277344
original u-statistic:0.8801734447479248
p value proxy: 0.003322259057313204
result: True
power_upto_now: 0.5337837934494019
445th run
noise dimension : 27
noise variance: 383.93463134765625
original u-statistic:0.5526213645935059
p value proxy: 0.04318936914205551
result: True
power_upto_now: 0.5348314642906189
446th run
noise dimension : 27
noise variance: 384.2550048828125
original u-statistic:0.3090493679046631
p value proxy: 0.13621261715888977
result: False
power_upto_now: 0.5336322784423828
447th run
noise dimension : 27
noise variance: 383.0400085449219
original u-statistic:0.38318967819213867
p value proxy: 0.11627906560897827
result: False
power_upto_now: 0.5324384570121765
448th run
noise dimension : 27
noise variance: 384.5052185058594
original u-statistic:0.8706327676773071
p value proxy: 0.013289036229252815
result: True
power_upto_now: 0.5334821343421936
449th run
noise dimension : 27
noise variance: 383.6236267089844
original u-statistic:-0.052800893783569336
p value proxy: 0.554817259311676
result: False
power_upto_now: 0.532293975353241
450th run
noise dimension : 27
noise variance: 382.99993896484375
original u-statistic:0.6077268123626709
p value proxy: 0.029900331050157547
result: True
power_upto_now: 0.5333333611488342
451th run
noise dimension : 27
noise variance: 383.5728454589844
original u-statistic:0.926903486251831
p value proxy: 0.003322259057313204
result: True
power_upto_now: 0.534368097782135
452th run
noise dimension : 27
noise variance: 383.13543701171875
original u-statistic:1.0308175086975098
p value proxy: 0.003322259057313204
result: True
power_upto_now: 0.5353982448577881
453th run
noise dimension : 27
noise variance: 384.64874267578125
original u-statistic:0.7904458045959473
p value proxy: 0.013289036229252815
result: True
power_upto_now: 0.5364238619804382
454th run
noise dimension : 27
noise variance: 385.1944580078125
original u-statistic:0.759279727935791
p value proxy: 0.013289036229252815
result: True
power_upto_now: 0.5374449491500854
455th run
noise dimension : 27
noise variance: 383.2571105957031
original u-statistic:-0.2067861557006836
p value proxy: 0.7441860437393188
result: False
power_upto_now: 0.5362637639045715
456th run
noise dimension : 27
noise variance: 383.0143737792969
original u-statistic:0.9759483337402344
p value proxy: 0.003322259057313204
result: True
power_upto_now: 0.5372806787490845
457th run
noise dimension : 27
noise variance: 383.51019287109375
original u-statistic:1.2736029624938965
p value proxy: 0.003322259057313204
result: True
power_upto_now: 0.5382932424545288
458th run
noise dimension : 27
noise variance: 385.751220703125
original u-statistic:0.8383972644805908
p value proxy: 0.006644518114626408
result: True
power_upto_now: 0.539301335811615
459th run
noise dimension : 27
noise variance: 383.856201171875
original u-statistic:1.3451120853424072
p value proxy: 0.003322259057313204
result: True
power_upto_now: 0.5403050184249878
460th run
noise dimension : 27
noise variance: 384.82061767578125
original u-statistic:1.6281538009643555
p value proxy: 0.003322259057313204
result: True
power_upto_now: 0.541304349899292
461th run
noise dimension : 27
noise variance: 383.8674011230469
original u-statistic:0.3196730613708496
p value proxy: 0.11960132420063019
result: False
power_upto_now: 0.5401301383972168
462th run
noise dimension : 27
noise variance: 384.28131103515625
original u-statistic:0.5874581336975098
p value proxy: 0.033222589641809464
result: True
power_upto_now: 0.5411255359649658
463th run
noise dimension : 27
noise variance: 383.4007568359375
original u-statistic:0.07931947708129883
p value proxy: 0.3687707483768463
result: False
power_upto_now: 0.53995680809021
464th run
noise dimension : 27
noise variance: 382.95751953125
original u-statistic:0.21101140975952148
p value proxy: 0.20930232107639313
result: False
power_upto_now: 0.5387930870056152
465th run
noise dimension : 27
noise variance: 382.65814208984375
original u-statistic:0.7167410850524902
p value proxy: 0.02657807245850563
result: True
power_upto_now: 0.5397849678993225
466th run
noise dimension : 27
noise variance: 383.2995300292969
original u-statistic:1.2327470779418945
p value proxy: 0.003322259057313204
result: True
power_upto_now: 0.540772557258606
467th run
noise dimension : 27
noise variance: 383.3956604003906
original u-statistic:0.42346715927124023
p value proxy: 0.08970099687576294
result: False
power_upto_now: 0.5396145582199097
468th run
noise dimension : 27
noise variance: 385.4852600097656
original u-statistic:0.5890121459960938
p value proxy: 0.05315614491701126
result: False
power_upto_now: 0.5384615659713745
469th run
noise dimension : 27
noise variance: 383.49169921875
original u-statistic:0.6832840442657471
p value proxy: 0.019933555275201797
result: True
power_upto_now: 0.5394456386566162
470th run
noise dimension : 27
noise variance: 382.8372497558594
original u-statistic:0.6257779598236084
p value proxy: 0.029900331050157547
result: True
power_upto_now: 0.5404255390167236
471th run
noise dimension : 27
noise variance: 383.8831481933594
original u-statistic:0.9584965705871582
p value proxy: 0.009966777637600899
result: True
power_upto_now: 0.5414012670516968
472th run
noise dimension : 27
noise variance: 384.3683166503906
original u-statistic:0.9783058166503906
p value proxy: 0.006644518114626408
result: True
power_upto_now: 0.5423728823661804
473th run
noise dimension : 27
noise variance: 385.3892822265625
original u-statistic:0.3119206428527832
p value proxy: 0.14950165152549744
result: False
power_upto_now: 0.5412262082099915
474th run
noise dimension : 27
noise variance: 385.1544189453125
original u-statistic:0.4634382724761963
p value proxy: 0.06312292069196701
result: False
power_upto_now: 0.5400843620300293
475th run
noise dimension : 27
noise variance: 383.60418701171875
original u-statistic:0.23244404792785645
p value proxy: 0.19269102811813354
result: False
power_upto_now: 0.538947343826294
476th run
noise dimension : 27
noise variance: 383.8175354003906
original u-statistic:0.30974841117858887
p value proxy: 0.15282391011714935
result: False
power_upto_now: 0.5378151535987854
477th run
noise dimension : 27
noise variance: 382.49578857421875
original u-statistic:-0.18211030960083008
p value proxy: 0.7076411843299866
result: False
power_upto_now: 0.5366876125335693
478th run
noise dimension : 27
noise variance: 385.2877502441406
original u-statistic:0.3320159912109375
p value proxy: 0.15614616870880127
result: False
power_upto_now: 0.5355648398399353
479th run
noise dimension : 27
noise variance: 384.1274108886719
original u-statistic:0.01782536506652832
p value proxy: 0.41860464215278625
result: False
power_upto_now: 0.5344467759132385
480th run
noise dimension : 27
noise variance: 384.1203918457031
original u-statistic:0.43906211853027344
p value proxy: 0.06976743787527084
result: False
power_upto_now: 0.5333333611488342
481th run
noise dimension : 27
noise variance: 383.7850646972656
original u-statistic:0.5025372505187988
p value proxy: 0.04651162773370743
result: True
power_upto_now: 0.5343035459518433
482th run
noise dimension : 27
noise variance: 383.9156799316406
original u-statistic:0.6250922679901123
p value proxy: 0.02657807245850563
result: True
power_upto_now: 0.5352697372436523
483th run
noise dimension : 27
noise variance: 383.6496887207031
original u-statistic:0.2919631004333496
p value proxy: 0.17607973515987396
result: False
power_upto_now: 0.5341615080833435
484th run
noise dimension : 27
noise variance: 384.1097717285156
original u-statistic:-0.1344311237335205
p value proxy: 0.6279069781303406
result: False
power_upto_now: 0.5330578684806824
485th run
noise dimension : 27
noise variance: 384.73004150390625
original u-statistic:0.7736868858337402
p value proxy: 0.016611294820904732
result: True
power_upto_now: 0.5340206027030945
486th run
noise dimension : 27
noise variance: 382.6227111816406
original u-statistic:0.6755948066711426
p value proxy: 0.009966777637600899
result: True
power_upto_now: 0.5349794030189514
487th run
noise dimension : 27
noise variance: 384.2991943359375
original u-statistic:0.4559955596923828
p value proxy: 0.08970099687576294
result: False
power_upto_now: 0.533880889415741
488th run
noise dimension : 27
noise variance: 382.9583435058594
original u-statistic:0.07594084739685059
p value proxy: 0.3687707483768463
result: False
power_upto_now: 0.5327869057655334
489th run
noise dimension : 27
noise variance: 382.5646057128906
original u-statistic:1.417891025543213
p value proxy: 0.003322259057313204
result: True
power_upto_now: 0.5337423086166382
490th run
noise dimension : 27
noise variance: 383.5450439453125
original u-statistic:0.751004695892334
p value proxy: 0.019933555275201797
result: True
power_upto_now: 0.5346938967704773
491th run
noise dimension : 27
noise variance: 383.3216247558594
original u-statistic:0.5957522392272949
p value proxy: 0.02657807245850563
result: True
power_upto_now: 0.5356415510177612
492th run
noise dimension : 27
noise variance: 384.22265625
original u-statistic:0.7096660137176514
p value proxy: 0.019933555275201797
result: True
power_upto_now: 0.5365853905677795
493th run
noise dimension : 27
noise variance: 384.072998046875
original u-statistic:0.5286240577697754
p value proxy: 0.02657807245850563
result: True
power_upto_now: 0.5375253558158875
494th run
noise dimension : 27
noise variance: 382.75555419921875
original u-statistic:0.526674747467041
p value proxy: 0.033222589641809464
result: True
power_upto_now: 0.5384615659713745
495th run
noise dimension : 27
noise variance: 383.8288879394531
original u-statistic:0.4717528820037842
p value proxy: 0.07308969646692276
result: False
power_upto_now: 0.5373737215995789
496th run
noise dimension : 27
noise variance: 383.9058837890625
original u-statistic:0.6157855987548828
p value proxy: 0.016611294820904732
result: True
power_upto_now: 0.538306474685669
497th run
noise dimension : 27
noise variance: 385.0975646972656
original u-statistic:0.6787254810333252
p value proxy: 0.016611294820904732
result: True
power_upto_now: 0.5392354130744934
498th run
noise dimension : 27
noise variance: 383.1448059082031
original u-statistic:0.29736971855163574
p value proxy: 0.13621261715888977
result: False
power_upto_now: 0.5381526350975037
499th run
noise dimension : 27
noise variance: 383.15460205078125
original u-statistic:0.07966947555541992
p value proxy: 0.3521594703197479
result: False
power_upto_now: 0.5370741486549377
500th run
noise dimension : 27
noise variance: 383.8241882324219
original u-statistic:0.4867396354675293
p value proxy: 0.07973422110080719
result: False
power_upto_now: 0.5360000133514404
power estimate : 0.5360000133514404
elapsed time: 6586.130661010742
