job started
cuda available: True
code run on device:: cuda:0

n1 = 20000, n2 = 20000,

kappa = 3, alpha = 0.45,

gamma = 0.05, nTests = 500,

B = 300

1th run
noise dimension : 27
noise variance: 1064.1961669921875
original u-statistic:-0.9018568992614746
p value proxy: 0.8770763874053955
result: False
power_upto_now: 0.0
2th run
noise dimension : 27
noise variance: 1063.277099609375
original u-statistic:-0.20188069343566895
p value proxy: 0.5980066061019897
result: False
power_upto_now: 0.0
3th run
noise dimension : 27
noise variance: 1065.3033447265625
original u-statistic:1.9784126281738281
p value proxy: 0.019933555275201797
result: True
power_upto_now: 0.3333333432674408
4th run
noise dimension : 27
noise variance: 1066.58642578125
original u-statistic:0.7960529327392578
p value proxy: 0.1428571343421936
result: False
power_upto_now: 0.25
5th run
noise dimension : 27
noise variance: 1070.2684326171875
original u-statistic:1.4726481437683105
p value proxy: 0.05315614491701126
result: False
power_upto_now: 0.20000000298023224
6th run
noise dimension : 27
noise variance: 1066.9713134765625
original u-statistic:0.47870635986328125
p value proxy: 0.23588038980960846
result: False
power_upto_now: 0.1666666716337204
7th run
noise dimension : 27
noise variance: 1069.0216064453125
original u-statistic:-1.1542625427246094
p value proxy: 0.9568105936050415
result: False
power_upto_now: 0.1428571492433548
8th run
noise dimension : 27
noise variance: 1070.568115234375
original u-statistic:0.14481830596923828
p value proxy: 0.3720930218696594
result: False
power_upto_now: 0.125
9th run
noise dimension : 27
noise variance: 1065.3150634765625
original u-statistic:0.44123339653015137
p value proxy: 0.1860465109348297
result: False
power_upto_now: 0.1111111119389534
10th run
noise dimension : 27
noise variance: 1064.953857421875
original u-statistic:1.889880657196045
p value proxy: 0.029900331050157547
result: True
power_upto_now: 0.20000000298023224
11th run
noise dimension : 27
noise variance: 1067.4559326171875
original u-statistic:0.4876883029937744
p value proxy: 0.22923587262630463
result: False
power_upto_now: 0.1818181872367859
12th run
noise dimension : 27
noise variance: 1066.4400634765625
original u-statistic:1.0549683570861816
p value proxy: 0.10963454842567444
result: False
power_upto_now: 0.1666666716337204
13th run
noise dimension : 27
noise variance: 1068.0394287109375
original u-statistic:0.3797788619995117
p value proxy: 0.3089700937271118
result: False
power_upto_now: 0.1538461595773697
14th run
noise dimension : 27
noise variance: 1069.8499755859375
original u-statistic:-0.21373295783996582
p value proxy: 0.5780730843544006
result: False
power_upto_now: 0.1428571492433548
15th run
noise dimension : 27
noise variance: 1065.747802734375
original u-statistic:-0.5740194320678711
p value proxy: 0.7209302186965942
result: False
power_upto_now: 0.13333334028720856
16th run
noise dimension : 27
noise variance: 1065.9537353515625
original u-statistic:0.9143328666687012
p value proxy: 0.11960132420063019
result: False
power_upto_now: 0.125
17th run
noise dimension : 27
noise variance: 1064.46044921875
original u-statistic:0.30089402198791504
p value proxy: 0.3289036452770233
result: False
power_upto_now: 0.11764705926179886
18th run
noise dimension : 27
noise variance: 1069.904296875
original u-statistic:1.143195629119873
p value proxy: 0.09302325546741486
result: False
power_upto_now: 0.1111111119389534
19th run
noise dimension : 27
noise variance: 1066.94921875
original u-statistic:0.6164557933807373
p value proxy: 0.21594683825969696
result: False
power_upto_now: 0.10526315867900848
20th run
noise dimension : 27
noise variance: 1063.9110107421875
original u-statistic:2.2714879512786865
p value proxy: 0.009966777637600899
result: True
power_upto_now: 0.15000000596046448
21th run
noise dimension : 27
noise variance: 1068.8779296875
original u-statistic:-0.3828592300415039
p value proxy: 0.6112956404685974
result: False
power_upto_now: 0.1428571492433548
22th run
noise dimension : 27
noise variance: 1070.32763671875
original u-statistic:1.6172122955322266
p value proxy: 0.029900331050157547
result: True
power_upto_now: 0.1818181872367859
23th run
noise dimension : 27
noise variance: 1068.95751953125
original u-statistic:1.172689437866211
p value proxy: 0.08637873828411102
result: False
power_upto_now: 0.17391304671764374
24th run
noise dimension : 27
noise variance: 1070.470703125
original u-statistic:0.3147798776626587
p value proxy: 0.2890365421772003
result: False
power_upto_now: 0.1666666716337204
25th run
noise dimension : 27
noise variance: 1063.3314208984375
original u-statistic:0.6334304809570312
p value proxy: 0.17940199375152588
result: False
power_upto_now: 0.1599999964237213
26th run
noise dimension : 27
noise variance: 1067.7249755859375
original u-statistic:0.31772875785827637
p value proxy: 0.2823920249938965
result: False
power_upto_now: 0.1538461595773697
27th run
noise dimension : 27
noise variance: 1063.810546875
original u-statistic:0.9514098167419434
p value proxy: 0.1395348757505417
result: False
power_upto_now: 0.14814814925193787
28th run
noise dimension : 27
noise variance: 1067.7742919921875
original u-statistic:0.3619041442871094
p value proxy: 0.29235878586769104
result: False
power_upto_now: 0.1428571492433548
29th run
noise dimension : 27
noise variance: 1068.2237548828125
original u-statistic:-0.42125964164733887
p value proxy: 0.7009966373443604
result: False
power_upto_now: 0.13793103396892548
30th run
noise dimension : 27
noise variance: 1068.4151611328125
original u-statistic:-0.01163625717163086
p value proxy: 0.45847174525260925
result: False
power_upto_now: 0.13333334028720856
31th run
noise dimension : 27
noise variance: 1067.3555908203125
original u-statistic:-0.11692643165588379
p value proxy: 0.5116279125213623
result: False
power_upto_now: 0.12903225421905518
32th run
noise dimension : 27
noise variance: 1067.023681640625
original u-statistic:1.48698091506958
p value proxy: 0.033222589641809464
result: True
power_upto_now: 0.15625
33th run
noise dimension : 27
noise variance: 1064.4471435546875
original u-statistic:-0.4426078796386719
p value proxy: 0.6976743936538696
result: False
power_upto_now: 0.1515151560306549
34th run
noise dimension : 27
noise variance: 1063.0638427734375
original u-statistic:-0.6908937692642212
p value proxy: 0.8006644248962402
result: False
power_upto_now: 0.14705882966518402
35th run
noise dimension : 27
noise variance: 1067.0037841796875
original u-statistic:0.2907600402832031
p value proxy: 0.35548171401023865
result: False
power_upto_now: 0.1428571492433548
36th run
noise dimension : 27
noise variance: 1068.8487548828125
original u-statistic:-1.019181251525879
p value proxy: 0.9003322124481201
result: False
power_upto_now: 0.1388888955116272
37th run
noise dimension : 27
noise variance: 1064.95263671875
original u-statistic:-0.009344816207885742
p value proxy: 0.43521595001220703
result: False
power_upto_now: 0.13513512909412384
38th run
noise dimension : 27
noise variance: 1066.4378662109375
original u-statistic:-0.29529261589050293
p value proxy: 0.6544850468635559
result: False
power_upto_now: 0.1315789520740509
39th run
noise dimension : 27
noise variance: 1068.120361328125
original u-statistic:0.9663386344909668
p value proxy: 0.10631228983402252
result: False
power_upto_now: 0.12820513546466827
40th run
noise dimension : 27
noise variance: 1068.82470703125
original u-statistic:0.49556970596313477
p value proxy: 0.2259136140346527
result: False
power_upto_now: 0.125
41th run
noise dimension : 27
noise variance: 1066.8033447265625
original u-statistic:1.7798328399658203
p value proxy: 0.013289036229252815
result: True
power_upto_now: 0.1463414579629898
42th run
noise dimension : 27
noise variance: 1066.8572998046875
original u-statistic:0.14519691467285156
p value proxy: 0.4086378514766693
result: False
power_upto_now: 0.1428571492433548
43th run
noise dimension : 27
noise variance: 1065.1334228515625
original u-statistic:-0.22766590118408203
p value proxy: 0.564784049987793
result: False
power_upto_now: 0.13953489065170288
44th run
noise dimension : 27
noise variance: 1067.0078125
original u-statistic:0.6187055110931396
p value proxy: 0.21926909685134888
result: False
power_upto_now: 0.13636364042758942
45th run
noise dimension : 27
noise variance: 1064.859130859375
original u-statistic:1.9587650299072266
p value proxy: 0.04318936914205551
result: True
power_upto_now: 0.15555556118488312
46th run
noise dimension : 27
noise variance: 1061.667236328125
original u-statistic:1.2927770614624023
p value proxy: 0.0830564796924591
result: False
power_upto_now: 0.15217390656471252
47th run
noise dimension : 27
noise variance: 1066.4698486328125
original u-statistic:-0.9199116230010986
p value proxy: 0.8803986310958862
result: False
power_upto_now: 0.1489361673593521
48th run
noise dimension : 27
noise variance: 1068.180908203125
original u-statistic:-0.2042865753173828
p value proxy: 0.52491694688797
result: False
power_upto_now: 0.1458333283662796
49th run
noise dimension : 27
noise variance: 1067.5736083984375
original u-statistic:1.3456194400787354
p value proxy: 0.04651162773370743
result: True
power_upto_now: 0.16326530277729034
50th run
noise dimension : 27
noise variance: 1065.5599365234375
original u-statistic:1.3680167198181152
p value proxy: 0.03654484823346138
result: True
power_upto_now: 0.18000000715255737
51th run
noise dimension : 27
noise variance: 1068.7261962890625
original u-statistic:1.2393221855163574
p value proxy: 0.03654484823346138
result: True
power_upto_now: 0.19607843458652496
52th run
noise dimension : 27
noise variance: 1066.8646240234375
original u-statistic:-0.46035921573638916
p value proxy: 0.6478404998779297
result: False
power_upto_now: 0.19230769574642181
53th run
noise dimension : 27
noise variance: 1063.941162109375
original u-statistic:-0.4002704620361328
p value proxy: 0.6179401874542236
result: False
power_upto_now: 0.18867924809455872
54th run
noise dimension : 27
noise variance: 1066.89404296875
original u-statistic:-0.24085283279418945
p value proxy: 0.5481727719306946
result: False
power_upto_now: 0.18518517911434174
55th run
noise dimension : 27
noise variance: 1066.9078369140625
original u-statistic:-0.4683511257171631
p value proxy: 0.674418568611145
result: False
power_upto_now: 0.1818181872367859
56th run
noise dimension : 27
noise variance: 1065.0240478515625
original u-statistic:-0.17690801620483398
p value proxy: 0.49833884835243225
result: False
power_upto_now: 0.1785714328289032
57th run
noise dimension : 27
noise variance: 1062.625732421875
original u-statistic:1.381892442703247
p value proxy: 0.03654484823346138
result: True
power_upto_now: 0.19298245012760162
58th run
noise dimension : 27
noise variance: 1064.3096923828125
original u-statistic:0.7924168109893799
p value proxy: 0.17275747656822205
result: False
power_upto_now: 0.18965516984462738
59th run
noise dimension : 27
noise variance: 1068.1444091796875
original u-statistic:-1.3548250198364258
p value proxy: 0.9833886623382568
result: False
power_upto_now: 0.18644067645072937
60th run
noise dimension : 27
noise variance: 1067.255615234375
original u-statistic:1.3498005867004395
p value proxy: 0.06976743787527084
result: False
power_upto_now: 0.18333333730697632
61th run
noise dimension : 27
noise variance: 1070.178466796875
original u-statistic:0.3985610008239746
p value proxy: 0.2890365421772003
result: False
power_upto_now: 0.1803278625011444
62th run
noise dimension : 27
noise variance: 1067.633056640625
original u-statistic:1.2970690727233887
p value proxy: 0.08637873828411102
result: False
power_upto_now: 0.17741934955120087
63th run
noise dimension : 27
noise variance: 1067.4234619140625
original u-statistic:-0.47371387481689453
p value proxy: 0.7076411843299866
result: False
power_upto_now: 0.1746031790971756
64th run
noise dimension : 27
noise variance: 1067.130859375
original u-statistic:1.3870091438293457
p value proxy: 0.06976743787527084
result: False
power_upto_now: 0.171875
65th run
noise dimension : 27
noise variance: 1067.1234130859375
original u-statistic:-0.73954176902771
p value proxy: 0.8239202499389648
result: False
power_upto_now: 0.16923077404499054
66th run
noise dimension : 27
noise variance: 1064.7086181640625
original u-statistic:1.124042272567749
p value proxy: 0.11627906560897827
result: False
power_upto_now: 0.1666666716337204
67th run
noise dimension : 27
noise variance: 1064.0306396484375
original u-statistic:0.008501768112182617
p value proxy: 0.5116279125213623
result: False
power_upto_now: 0.16417910158634186
68th run
noise dimension : 27
noise variance: 1065.3778076171875
original u-statistic:0.39266490936279297
p value proxy: 0.262458473443985
result: False
power_upto_now: 0.1617647111415863
69th run
noise dimension : 27
noise variance: 1071.2803955078125
original u-statistic:0.7829470634460449
p value proxy: 0.1627907007932663
result: False
power_upto_now: 0.15942029654979706
70th run
noise dimension : 27
noise variance: 1065.711181640625
original u-statistic:-0.09919619560241699
p value proxy: 0.47840529680252075
result: False
power_upto_now: 0.15714286267757416
71th run
noise dimension : 27
noise variance: 1065.78564453125
original u-statistic:-0.499133825302124
p value proxy: 0.7408637404441833
result: False
power_upto_now: 0.15492957830429077
72th run
noise dimension : 27
noise variance: 1070.5655517578125
original u-statistic:-0.5330619812011719
p value proxy: 0.6910299062728882
result: False
power_upto_now: 0.1527777761220932
73th run
noise dimension : 27
noise variance: 1066.9859619140625
original u-statistic:2.2817487716674805
p value proxy: 0.02657807245850563
result: True
power_upto_now: 0.16438356041908264
74th run
noise dimension : 27
noise variance: 1068.7882080078125
original u-statistic:0.3489670753479004
p value proxy: 0.24916942417621613
result: False
power_upto_now: 0.1621621549129486
75th run
noise dimension : 27
noise variance: 1067.343505859375
original u-statistic:0.6113266944885254
p value proxy: 0.18936876952648163
result: False
power_upto_now: 0.1599999964237213
76th run
noise dimension : 27
noise variance: 1065.2884521484375
original u-statistic:3.6425321102142334
p value proxy: 0.003322259057313204
result: True
power_upto_now: 0.17105263471603394
77th run
noise dimension : 27
noise variance: 1064.1282958984375
original u-statistic:-0.22107648849487305
p value proxy: 0.5913621187210083
result: False
power_upto_now: 0.16883116960525513
78th run
noise dimension : 27
noise variance: 1066.7423095703125
original u-statistic:1.079641342163086
p value proxy: 0.06312292069196701
result: False
power_upto_now: 0.1666666716337204
79th run
noise dimension : 27
noise variance: 1065.32568359375
original u-statistic:2.0444350242614746
p value proxy: 0.019933555275201797
result: True
power_upto_now: 0.17721518874168396
80th run
noise dimension : 27
noise variance: 1063.73974609375
original u-statistic:-0.18997597694396973
p value proxy: 0.5880398750305176
result: False
power_upto_now: 0.17499999701976776
81th run
noise dimension : 27
noise variance: 1067.7550048828125
original u-statistic:0.24241399765014648
p value proxy: 0.31229233741760254
result: False
power_upto_now: 0.17283950746059418
82th run
noise dimension : 27
noise variance: 1066.7255859375
original u-statistic:1.3541185855865479
p value proxy: 0.039867110550403595
result: True
power_upto_now: 0.18292683362960815
83th run
noise dimension : 27
noise variance: 1062.7100830078125
original u-statistic:1.4673259258270264
p value proxy: 0.03654484823346138
result: True
power_upto_now: 0.1927710771560669
84th run
noise dimension : 27
noise variance: 1062.95458984375
original u-statistic:4.046840667724609
p value proxy: 0.003322259057313204
result: True
power_upto_now: 0.2023809552192688
85th run
noise dimension : 27
noise variance: 1064.336669921875
original u-statistic:0.2870171070098877
p value proxy: 0.33554816246032715
result: False
power_upto_now: 0.20000000298023224
86th run
noise dimension : 27
noise variance: 1063.8828125
original u-statistic:0.18969154357910156
p value proxy: 0.382059782743454
result: False
power_upto_now: 0.19767442345619202
87th run
noise dimension : 27
noise variance: 1065.5291748046875
original u-statistic:0.49857378005981445
p value proxy: 0.2259136140346527
result: False
power_upto_now: 0.19540229439735413
88th run
noise dimension : 27
noise variance: 1068.6199951171875
original u-statistic:0.39813756942749023
p value proxy: 0.262458473443985
result: False
power_upto_now: 0.1931818127632141
89th run
noise dimension : 27
noise variance: 1062.699462890625
original u-statistic:0.3466823101043701
p value proxy: 0.31229233741760254
result: False
power_upto_now: 0.1910112351179123
90th run
noise dimension : 27
noise variance: 1065.9371337890625
original u-statistic:0.19287538528442383
p value proxy: 0.37541526556015015
result: False
power_upto_now: 0.18888889253139496
91th run
noise dimension : 27
noise variance: 1064.42919921875
original u-statistic:0.5884537696838379
p value proxy: 0.2059800624847412
result: False
power_upto_now: 0.18681319057941437
92th run
noise dimension : 27
noise variance: 1061.9249267578125
original u-statistic:-1.7613275051116943
p value proxy: 1.0
result: False
power_upto_now: 0.18478260934352875
93th run
noise dimension : 27
noise variance: 1067.7916259765625
original u-statistic:-0.12267875671386719
p value proxy: 0.5614618062973022
result: False
power_upto_now: 0.1827957034111023
94th run
noise dimension : 27
noise variance: 1066.10791015625
original u-statistic:0.5542712211608887
p value proxy: 0.19269102811813354
result: False
power_upto_now: 0.1808510571718216
95th run
noise dimension : 27
noise variance: 1065.332275390625
original u-statistic:1.3924062252044678
p value proxy: 0.05315614491701126
result: False
power_upto_now: 0.17894737422466278
96th run
noise dimension : 27
noise variance: 1064.9447021484375
original u-statistic:2.265690565109253
p value proxy: 0.013289036229252815
result: True
power_upto_now: 0.1875
97th run
noise dimension : 27
noise variance: 1073.2877197265625
original u-statistic:-0.337024450302124
p value proxy: 0.6112956404685974
result: False
power_upto_now: 0.1855670064687729
98th run
noise dimension : 27
noise variance: 1065.712890625
original u-statistic:-0.037938833236694336
p value proxy: 0.47840529680252075
result: False
power_upto_now: 0.18367347121238708
99th run
noise dimension : 27
noise variance: 1064.420654296875
original u-statistic:0.4318265914916992
p value proxy: 0.2691029906272888
result: False
power_upto_now: 0.1818181872367859
100th run
noise dimension : 27
noise variance: 1069.0811767578125
original u-statistic:-0.2429971694946289
p value proxy: 0.604651153087616
result: False
power_upto_now: 0.18000000715255737
101th run
noise dimension : 27
noise variance: 1068.9835205078125
original u-statistic:1.0068268775939941
p value proxy: 0.09634551405906677
result: False
power_upto_now: 0.1782178282737732
102th run
noise dimension : 27
noise variance: 1067.2362060546875
original u-statistic:-0.7189297676086426
p value proxy: 0.8139534592628479
result: False
power_upto_now: 0.1764705926179886
103th run
noise dimension : 27
noise variance: 1065.9324951171875
original u-statistic:0.44700193405151367
p value proxy: 0.2890365421772003
result: False
power_upto_now: 0.17475728690624237
104th run
noise dimension : 27
noise variance: 1064.37646484375
original u-statistic:1.5258588790893555
p value proxy: 0.049833886325359344
result: True
power_upto_now: 0.18269230425357819
105th run
noise dimension : 27
noise variance: 1068.146728515625
original u-statistic:-0.21168196201324463
p value proxy: 0.5714285373687744
result: False
power_upto_now: 0.18095238506793976
106th run
noise dimension : 27
noise variance: 1063.85986328125
original u-statistic:-0.10269737243652344
p value proxy: 0.514950156211853
result: False
power_upto_now: 0.17924527823925018
107th run
noise dimension : 27
noise variance: 1065.847900390625
original u-statistic:0.820315957069397
p value proxy: 0.14950165152549744
result: False
power_upto_now: 0.17757008969783783
108th run
noise dimension : 27
noise variance: 1065.496826171875
original u-statistic:2.7049102783203125
p value proxy: 0.006644518114626408
result: True
power_upto_now: 0.18518517911434174
109th run
noise dimension : 27
noise variance: 1064.4610595703125
original u-statistic:0.11332082748413086
p value proxy: 0.4086378514766693
result: False
power_upto_now: 0.1834862381219864
110th run
noise dimension : 27
noise variance: 1065.1951904296875
original u-statistic:1.3771157264709473
p value proxy: 0.05647840350866318
result: False
power_upto_now: 0.1818181872367859
111th run
noise dimension : 27
noise variance: 1067.338623046875
original u-statistic:0.7261967658996582
p value proxy: 0.19601328670978546
result: False
power_upto_now: 0.18018017709255219
112th run
noise dimension : 27
noise variance: 1066.9429931640625
original u-statistic:0.9801360368728638
p value proxy: 0.09634551405906677
result: False
power_upto_now: 0.1785714328289032
113th run
noise dimension : 27
noise variance: 1066.6142578125
original u-statistic:0.9862320423126221
p value proxy: 0.13289035856723785
result: False
power_upto_now: 0.17699114978313446
114th run
noise dimension : 27
noise variance: 1066.439453125
original u-statistic:1.0703883171081543
p value proxy: 0.1029900312423706
result: False
power_upto_now: 0.17543859779834747
115th run
noise dimension : 27
noise variance: 1066.50146484375
original u-statistic:0.8974690437316895
p value proxy: 0.11960132420063019
result: False
power_upto_now: 0.17391304671764374
116th run
noise dimension : 27
noise variance: 1066.703857421875
original u-statistic:0.046538352966308594
p value proxy: 0.47508305311203003
result: False
power_upto_now: 0.17241379618644714
117th run
noise dimension : 27
noise variance: 1066.175537109375
original u-statistic:-0.4250953197479248
p value proxy: 0.7176079750061035
result: False
power_upto_now: 0.17094017565250397
118th run
noise dimension : 27
noise variance: 1062.7098388671875
original u-statistic:-0.13621902465820312
p value proxy: 0.5016611218452454
result: False
power_upto_now: 0.16949152946472168
119th run
noise dimension : 27
noise variance: 1065.4276123046875
original u-statistic:-0.21887564659118652
p value proxy: 0.5581395030021667
result: False
power_upto_now: 0.16806723177433014
120th run
noise dimension : 27
noise variance: 1070.056396484375
original u-statistic:-0.2525355815887451
p value proxy: 0.6179401874542236
result: False
power_upto_now: 0.1666666716337204
121th run
noise dimension : 27
noise variance: 1064.6632080078125
original u-statistic:2.080919027328491
p value proxy: 0.006644518114626408
result: True
power_upto_now: 0.1735537201166153
122th run
noise dimension : 27
noise variance: 1066.801025390625
original u-statistic:1.0230798721313477
p value proxy: 0.11295680701732635
result: False
power_upto_now: 0.17213115096092224
123th run
noise dimension : 27
noise variance: 1067.7034912109375
original u-statistic:1.6284546852111816
p value proxy: 0.033222589641809464
result: True
power_upto_now: 0.17886178195476532
124th run
noise dimension : 27
noise variance: 1069.5469970703125
original u-statistic:2.6891283988952637
p value proxy: 0.003322259057313204
result: True
power_upto_now: 0.1854838728904724
125th run
noise dimension : 27
noise variance: 1067.00439453125
original u-statistic:0.2614319324493408
p value proxy: 0.37541526556015015
result: False
power_upto_now: 0.18400000035762787
126th run
noise dimension : 27
noise variance: 1062.614990234375
original u-statistic:1.7523305416107178
p value proxy: 0.033222589641809464
result: True
power_upto_now: 0.190476194024086
127th run
noise dimension : 27
noise variance: 1068.0482177734375
original u-statistic:2.577568769454956
p value proxy: 0.013289036229252815
result: True
power_upto_now: 0.19685038924217224
128th run
noise dimension : 27
noise variance: 1060.1163330078125
original u-statistic:1.4680354595184326
p value proxy: 0.039867110550403595
result: True
power_upto_now: 0.203125
129th run
noise dimension : 27
noise variance: 1064.8951416015625
original u-statistic:0.9194107055664062
p value proxy: 0.1229235827922821
result: False
power_upto_now: 0.20155039429664612
130th run
noise dimension : 27
noise variance: 1071.329345703125
original u-statistic:-0.0670003890991211
p value proxy: 0.52491694688797
result: False
power_upto_now: 0.20000000298023224
131th run
noise dimension : 27
noise variance: 1069.122802734375
original u-statistic:-0.6764261722564697
p value proxy: 0.7740863561630249
result: False
power_upto_now: 0.19847328960895538
132th run
noise dimension : 27
noise variance: 1065.723388671875
original u-statistic:-1.0439586639404297
p value proxy: 0.9269102811813354
result: False
power_upto_now: 0.19696970283985138
133th run
noise dimension : 27
noise variance: 1063.44873046875
original u-statistic:0.633664608001709
p value proxy: 0.21926909685134888
result: False
power_upto_now: 0.19548872113227844
134th run
noise dimension : 27
noise variance: 1068.5528564453125
original u-statistic:-0.46728014945983887
p value proxy: 0.7441860437393188
result: False
power_upto_now: 0.19402985274791718
135th run
noise dimension : 27
noise variance: 1064.3192138671875
original u-statistic:0.2076892852783203
p value proxy: 0.4053156077861786
result: False
power_upto_now: 0.192592591047287
136th run
noise dimension : 27
noise variance: 1069.2587890625
original u-statistic:-0.8518099784851074
p value proxy: 0.8737541437149048
result: False
power_upto_now: 0.19117647409439087
137th run
noise dimension : 27
noise variance: 1064.98779296875
original u-statistic:0.6812188625335693
p value proxy: 0.17275747656822205
result: False
power_upto_now: 0.18978102505207062
138th run
noise dimension : 27
noise variance: 1065.8717041015625
original u-statistic:3.270437717437744
p value proxy: 0.003322259057313204
result: True
power_upto_now: 0.19565217196941376
139th run
noise dimension : 27
noise variance: 1069.0567626953125
original u-statistic:-0.5759658813476562
p value proxy: 0.764119565486908
result: False
power_upto_now: 0.1942446082830429
140th run
noise dimension : 27
noise variance: 1066.0750732421875
original u-statistic:1.4988930225372314
p value proxy: 0.02657807245850563
result: True
power_upto_now: 0.20000000298023224
141th run
noise dimension : 27
noise variance: 1069.411865234375
original u-statistic:-0.0037398338317871094
p value proxy: 0.45514950156211853
result: False
power_upto_now: 0.19858156144618988
142th run
noise dimension : 27
noise variance: 1069.52978515625
original u-statistic:0.6040098667144775
p value proxy: 0.18936876952648163
result: False
power_upto_now: 0.19718310236930847
143th run
noise dimension : 27
noise variance: 1067.0916748046875
original u-statistic:-0.3278794288635254
p value proxy: 0.6511628031730652
result: False
power_upto_now: 0.1958041936159134
144th run
noise dimension : 27
noise variance: 1064.84326171875
original u-statistic:1.4986248016357422
p value proxy: 0.04318936914205551
result: True
power_upto_now: 0.2013888955116272
145th run
noise dimension : 27
noise variance: 1064.460693359375
original u-statistic:0.40935206413269043
p value proxy: 0.2691029906272888
result: False
power_upto_now: 0.20000000298023224
146th run
noise dimension : 27
noise variance: 1065.6138916015625
original u-statistic:0.10274386405944824
p value proxy: 0.39867109060287476
result: False
power_upto_now: 0.19863013923168182
147th run
noise dimension : 27
noise variance: 1065.265625
original u-statistic:-0.3694584369659424
p value proxy: 0.7043189406394958
result: False
power_upto_now: 0.1972789168357849
148th run
noise dimension : 27
noise variance: 1067.250244140625
original u-statistic:1.730149507522583
p value proxy: 0.019933555275201797
result: True
power_upto_now: 0.20270270109176636
149th run
noise dimension : 27
noise variance: 1064.8807373046875
original u-statistic:-0.28792035579681396
p value proxy: 0.6279069781303406
result: False
power_upto_now: 0.20134228467941284
150th run
noise dimension : 27
noise variance: 1064.6754150390625
original u-statistic:1.4471690654754639
p value proxy: 0.05315614491701126
result: False
power_upto_now: 0.20000000298023224
151th run
noise dimension : 27
noise variance: 1069.2457275390625
original u-statistic:-0.44964170455932617
p value proxy: 0.6777408719062805
result: False
power_upto_now: 0.1986754983663559
152th run
noise dimension : 27
noise variance: 1069.6923828125
original u-statistic:-0.08223676681518555
p value proxy: 0.5382059812545776
result: False
power_upto_now: 0.19736842811107635
153th run
noise dimension : 27
noise variance: 1068.11328125
original u-statistic:2.5266520977020264
p value proxy: 0.009966777637600899
result: True
power_upto_now: 0.20261438190937042
154th run
noise dimension : 27
noise variance: 1064.3975830078125
original u-statistic:0.6952953338623047
p value proxy: 0.17275747656822205
result: False
power_upto_now: 0.20129869878292084
155th run
noise dimension : 27
noise variance: 1067.0439453125
original u-statistic:1.688016653060913
p value proxy: 0.033222589641809464
result: True
power_upto_now: 0.20645160973072052
156th run
noise dimension : 27
noise variance: 1065.67626953125
original u-statistic:1.8600234985351562
p value proxy: 0.023255813866853714
result: True
power_upto_now: 0.21153846383094788
157th run
noise dimension : 27
noise variance: 1064.815185546875
original u-statistic:1.3146743774414062
p value proxy: 0.1029900312423706
result: False
power_upto_now: 0.21019108593463898
158th run
noise dimension : 27
noise variance: 1066.1593017578125
original u-statistic:0.08508086204528809
p value proxy: 0.4086378514766693
result: False
power_upto_now: 0.20886075496673584
159th run
noise dimension : 27
noise variance: 1062.6339111328125
original u-statistic:-0.3889808654785156
p value proxy: 0.6777408719062805
result: False
power_upto_now: 0.2075471729040146
160th run
noise dimension : 27
noise variance: 1068.59130859375
original u-statistic:1.011702060699463
p value proxy: 0.14617939293384552
result: False
power_upto_now: 0.20624999701976776
161th run
noise dimension : 27
noise variance: 1064.5576171875
original u-statistic:-0.3202202320098877
p value proxy: 0.6279069781303406
result: False
power_upto_now: 0.20496894419193268
162th run
noise dimension : 27
noise variance: 1070.7532958984375
original u-statistic:-1.2198559045791626
p value proxy: 0.9401993155479431
result: False
power_upto_now: 0.20370370149612427
163th run
noise dimension : 27
noise variance: 1067.976318359375
original u-statistic:-0.16436243057250977
p value proxy: 0.5913621187210083
result: False
power_upto_now: 0.20245398581027985
164th run
noise dimension : 27
noise variance: 1067.713623046875
original u-statistic:0.9250693321228027
p value proxy: 0.14950165152549744
result: False
power_upto_now: 0.20121951401233673
165th run
noise dimension : 27
noise variance: 1066.7884521484375
original u-statistic:0.3280930519104004
p value proxy: 0.3089700937271118
result: False
power_upto_now: 0.20000000298023224
166th run
noise dimension : 27
noise variance: 1067.7510986328125
original u-statistic:0.16054677963256836
p value proxy: 0.4518272280693054
result: False
power_upto_now: 0.19879518449306488
167th run
noise dimension : 27
noise variance: 1061.730712890625
original u-statistic:0.799180269241333
p value proxy: 0.1428571343421936
result: False
power_upto_now: 0.19760479032993317
168th run
noise dimension : 27
noise variance: 1068.0950927734375
original u-statistic:2.491988182067871
p value proxy: 0.006644518114626408
result: True
power_upto_now: 0.2023809552192688
169th run
noise dimension : 27
noise variance: 1071.1519775390625
original u-statistic:0.9857878684997559
p value proxy: 0.09634551405906677
result: False
power_upto_now: 0.20118343830108643
170th run
noise dimension : 27
noise variance: 1064.7620849609375
original u-statistic:0.01598358154296875
p value proxy: 0.47840529680252075
result: False
power_upto_now: 0.20000000298023224
171th run
noise dimension : 27
noise variance: 1067.7974853515625
original u-statistic:-0.1544628143310547
p value proxy: 0.5681062936782837
result: False
power_upto_now: 0.19883041083812714
172th run
noise dimension : 27
noise variance: 1066.708251953125
original u-statistic:0.962533712387085
p value proxy: 0.12624584138393402
result: False
power_upto_now: 0.19767442345619202
173th run
noise dimension : 27
noise variance: 1067.9071044921875
original u-statistic:-0.5954723358154297
p value proxy: 0.7774085998535156
result: False
power_upto_now: 0.19653178751468658
174th run
noise dimension : 27
noise variance: 1067.200927734375
original u-statistic:1.7984117269515991
p value proxy: 0.033222589641809464
result: True
power_upto_now: 0.20114941895008087
175th run
noise dimension : 27
noise variance: 1070.7510986328125
original u-statistic:0.7711343765258789
p value proxy: 0.1627907007932663
result: False
power_upto_now: 0.20000000298023224
176th run
noise dimension : 27
noise variance: 1063.9171142578125
original u-statistic:-0.31301045417785645
p value proxy: 0.6312292218208313
result: False
power_upto_now: 0.19886364042758942
177th run
noise dimension : 27
noise variance: 1070.2694091796875
original u-statistic:-1.0634407997131348
p value proxy: 0.9335547685623169
result: False
power_upto_now: 0.1977401077747345
178th run
noise dimension : 27
noise variance: 1069.22021484375
original u-statistic:-0.3281416893005371
p value proxy: 0.6179401874542236
result: False
power_upto_now: 0.19662921130657196
179th run
noise dimension : 27
noise variance: 1066.3526611328125
original u-statistic:0.3276822566986084
p value proxy: 0.29235878586769104
result: False
power_upto_now: 0.1955307275056839
180th run
noise dimension : 27
noise variance: 1069.72265625
original u-statistic:1.8001525402069092
p value proxy: 0.039867110550403595
result: True
power_upto_now: 0.20000000298023224
181th run
noise dimension : 27
noise variance: 1068.9404296875
original u-statistic:0.13907861709594727
p value proxy: 0.3853820562362671
result: False
power_upto_now: 0.19889502227306366
182th run
noise dimension : 27
noise variance: 1061.8411865234375
original u-statistic:0.7445547580718994
p value proxy: 0.17275747656822205
result: False
power_upto_now: 0.19780220091342926
183th run
noise dimension : 27
noise variance: 1069.1004638671875
original u-statistic:0.4074678421020508
p value proxy: 0.302325576543808
result: False
power_upto_now: 0.19672131538391113
184th run
noise dimension : 27
noise variance: 1068.4930419921875
original u-statistic:0.34046459197998047
p value proxy: 0.3455149531364441
result: False
power_upto_now: 0.19565217196941376
185th run
noise dimension : 27
noise variance: 1068.47021484375
original u-statistic:2.2393736839294434
p value proxy: 0.016611294820904732
result: True
power_upto_now: 0.20000000298023224
186th run
noise dimension : 27
noise variance: 1068.16064453125
original u-statistic:1.1464753150939941
p value proxy: 0.10631228983402252
result: False
power_upto_now: 0.1989247351884842
187th run
noise dimension : 27
noise variance: 1068.0394287109375
original u-statistic:3.160362720489502
p value proxy: 0.006644518114626408
result: True
power_upto_now: 0.2032085508108139
188th run
noise dimension : 27
noise variance: 1072.1015625
original u-statistic:0.004990577697753906
p value proxy: 0.4717607796192169
result: False
power_upto_now: 0.20212766528129578
189th run
noise dimension : 27
noise variance: 1070.2857666015625
original u-statistic:1.2641608715057373
p value proxy: 0.04318936914205551
result: True
power_upto_now: 0.2063492089509964
190th run
noise dimension : 27
noise variance: 1068.3980712890625
original u-statistic:-0.6093258857727051
p value proxy: 0.7408637404441833
result: False
power_upto_now: 0.205263152718544
191th run
noise dimension : 27
noise variance: 1066.6435546875
original u-statistic:0.1802513599395752
p value proxy: 0.3621262311935425
result: False
power_upto_now: 0.2041884809732437
192th run
noise dimension : 27
noise variance: 1066.634765625
original u-statistic:1.5137124061584473
p value proxy: 0.033222589641809464
result: True
power_upto_now: 0.2083333283662796
193th run
noise dimension : 27
noise variance: 1066.6461181640625
original u-statistic:0.07097101211547852
p value proxy: 0.43853819370269775
result: False
power_upto_now: 0.20725388824939728
194th run
noise dimension : 27
noise variance: 1065.229736328125
original u-statistic:0.6090304851531982
p value proxy: 0.2026578038930893
result: False
power_upto_now: 0.20618556439876556
195th run
noise dimension : 27
noise variance: 1068.8115234375
original u-statistic:-0.5394878387451172
p value proxy: 0.7441860437393188
result: False
power_upto_now: 0.20512820780277252
196th run
noise dimension : 27
noise variance: 1064.8905029296875
original u-statistic:0.6419215202331543
p value proxy: 0.21594683825969696
result: False
power_upto_now: 0.20408163964748383
197th run
noise dimension : 27
noise variance: 1066.6046142578125
original u-statistic:-0.12425112724304199
p value proxy: 0.5514950156211853
result: False
power_upto_now: 0.20304568111896515
198th run
noise dimension : 27
noise variance: 1071.79248046875
original u-statistic:0.913243293762207
p value proxy: 0.13621261715888977
result: False
power_upto_now: 0.20202019810676575
199th run
noise dimension : 27
noise variance: 1071.1929931640625
original u-statistic:0.09583187103271484
p value proxy: 0.3853820562362671
result: False
power_upto_now: 0.2010050266981125
200th run
noise dimension : 27
noise variance: 1064.2816162109375
original u-statistic:-1.245314598083496
p value proxy: 0.9634551405906677
result: False
power_upto_now: 0.20000000298023224
201th run
noise dimension : 27
noise variance: 1068.99560546875
original u-statistic:0.8061859607696533
p value proxy: 0.16943521797657013
result: False
power_upto_now: 0.19900497794151306
202th run
noise dimension : 27
noise variance: 1068.76513671875
original u-statistic:2.1357674598693848
p value proxy: 0.006644518114626408
result: True
power_upto_now: 0.20297029614448547
203th run
noise dimension : 27
noise variance: 1067.52587890625
original u-statistic:0.16434621810913086
p value proxy: 0.41860464215278625
result: False
power_upto_now: 0.2019704431295395
204th run
noise dimension : 27
noise variance: 1068.4039306640625
original u-statistic:0.7625155448913574
p value proxy: 0.1827242523431778
result: False
power_upto_now: 0.20098039507865906
205th run
noise dimension : 27
noise variance: 1065.8204345703125
original u-statistic:-0.5938334465026855
p value proxy: 0.7541528344154358
result: False
power_upto_now: 0.20000000298023224
206th run
noise dimension : 27
noise variance: 1065.4471435546875
original u-statistic:1.5690011978149414
p value proxy: 0.04318936914205551
result: True
power_upto_now: 0.20388349890708923
207th run
noise dimension : 27
noise variance: 1064.7576904296875
original u-statistic:-0.5671215057373047
p value proxy: 0.7342192530632019
result: False
power_upto_now: 0.2028985470533371
208th run
noise dimension : 27
noise variance: 1066.2103271484375
original u-statistic:-0.32230281829833984
p value proxy: 0.6212624311447144
result: False
power_upto_now: 0.20192307233810425
209th run
noise dimension : 27
noise variance: 1069.24658203125
original u-statistic:1.1045160293579102
p value proxy: 0.10631228983402252
result: False
power_upto_now: 0.20095694065093994
210th run
noise dimension : 27
noise variance: 1064.627685546875
original u-statistic:-0.33977699279785156
p value proxy: 0.6245846748352051
result: False
power_upto_now: 0.20000000298023224
211th run
noise dimension : 27
noise variance: 1064.0474853515625
original u-statistic:0.10724854469299316
p value proxy: 0.382059782743454
result: False
power_upto_now: 0.1990521401166916
212th run
noise dimension : 27
noise variance: 1063.322265625
original u-statistic:0.9928731918334961
p value proxy: 0.17275747656822205
result: False
power_upto_now: 0.19811320304870605
213th run
noise dimension : 27
noise variance: 1065.938232421875
original u-statistic:1.6651332378387451
p value proxy: 0.02657807245850563
result: True
power_upto_now: 0.20187793672084808
214th run
noise dimension : 27
noise variance: 1062.7586669921875
original u-statistic:1.2775599956512451
p value proxy: 0.06644517928361893
result: False
power_upto_now: 0.20093457400798798
215th run
noise dimension : 27
noise variance: 1066.4840087890625
original u-statistic:0.948765754699707
p value proxy: 0.10963454842567444
result: False
power_upto_now: 0.20000000298023224
216th run
noise dimension : 27
noise variance: 1067.1300048828125
original u-statistic:0.5850214958190918
p value proxy: 0.2225913554430008
result: False
power_upto_now: 0.19907407462596893
217th run
noise dimension : 27
noise variance: 1068.83349609375
original u-statistic:-0.5516853332519531
p value proxy: 0.7674418687820435
result: False
power_upto_now: 0.1981566846370697
218th run
noise dimension : 27
noise variance: 1063.603759765625
original u-statistic:0.5471906661987305
p value proxy: 0.23588038980960846
result: False
power_upto_now: 0.197247713804245
219th run
noise dimension : 27
noise variance: 1062.1571044921875
original u-statistic:-0.03374147415161133
p value proxy: 0.47508305311203003
result: False
power_upto_now: 0.19634702801704407
220th run
noise dimension : 27
noise variance: 1068.9986572265625
original u-statistic:0.9152727127075195
p value proxy: 0.08970099687576294
result: False
power_upto_now: 0.19545455276966095
221th run
noise dimension : 27
noise variance: 1063.3887939453125
original u-statistic:0.9706623554229736
p value proxy: 0.12624584138393402
result: False
power_upto_now: 0.1945701390504837
222th run
noise dimension : 27
noise variance: 1069.437255859375
original u-statistic:1.8099019527435303
p value proxy: 0.023255813866853714
result: True
power_upto_now: 0.19819819927215576
223th run
noise dimension : 27
noise variance: 1065.9989013671875
original u-statistic:1.6797480583190918
p value proxy: 0.02657807245850563
result: True
power_upto_now: 0.20179371535778046
224th run
noise dimension : 27
noise variance: 1070.792236328125
original u-statistic:1.044952154159546
p value proxy: 0.09634551405906677
result: False
power_upto_now: 0.2008928507566452
225th run
noise dimension : 27
noise variance: 1066.9395751953125
original u-statistic:0.7210454940795898
p value proxy: 0.2026578038930893
result: False
power_upto_now: 0.20000000298023224
226th run
noise dimension : 27
noise variance: 1068.8079833984375
original u-statistic:2.460838794708252
p value proxy: 0.006644518114626408
result: True
power_upto_now: 0.20353981852531433
227th run
noise dimension : 27
noise variance: 1064.2392578125
original u-statistic:0.3623619079589844
p value proxy: 0.27574750781059265
result: False
power_upto_now: 0.20264317095279694
228th run
noise dimension : 27
noise variance: 1063.33642578125
original u-statistic:0.6409609317779541
p value proxy: 0.1661129593849182
result: False
power_upto_now: 0.2017543911933899
229th run
noise dimension : 27
noise variance: 1067.592041015625
original u-statistic:-0.24849295616149902
p value proxy: 0.5880398750305176
result: False
power_upto_now: 0.20087336003780365
230th run
noise dimension : 27
noise variance: 1068.354736328125
original u-statistic:1.6155695915222168
p value proxy: 0.023255813866853714
result: True
power_upto_now: 0.20434781908988953
231th run
noise dimension : 27
noise variance: 1070.0606689453125
original u-statistic:-0.3104715347290039
p value proxy: 0.5913621187210083
result: False
power_upto_now: 0.20346319675445557
232th run
noise dimension : 27
noise variance: 1065.875732421875
original u-statistic:0.009360313415527344
p value proxy: 0.4916943311691284
result: False
power_upto_now: 0.20258620381355286
233th run
noise dimension : 27
noise variance: 1069.24267578125
original u-statistic:-0.764197826385498
p value proxy: 0.8637873530387878
result: False
power_upto_now: 0.20171673595905304
234th run
noise dimension : 27
noise variance: 1066.67529296875
original u-statistic:1.5660200119018555
p value proxy: 0.033222589641809464
result: True
power_upto_now: 0.20512820780277252
235th run
noise dimension : 27
noise variance: 1068.1448974609375
original u-statistic:0.06943392753601074
p value proxy: 0.45514950156211853
result: False
power_upto_now: 0.20425531268119812
236th run
noise dimension : 27
noise variance: 1067.98828125
original u-statistic:-0.9571151733398438
p value proxy: 0.9069766998291016
result: False
power_upto_now: 0.20338982343673706
237th run
noise dimension : 27
noise variance: 1064.4549560546875
original u-statistic:-0.41983580589294434
p value proxy: 0.6777408719062805
result: False
power_upto_now: 0.20253165066242218
238th run
noise dimension : 27
noise variance: 1067.1719970703125
original u-statistic:-0.7240033149719238
p value proxy: 0.8205980062484741
result: False
power_upto_now: 0.20168067514896393
239th run
noise dimension : 27
noise variance: 1067.38134765625
original u-statistic:-0.7030439376831055
p value proxy: 0.8205980062484741
result: False
power_upto_now: 0.20083682239055634
240th run
noise dimension : 27
noise variance: 1062.7767333984375
original u-statistic:0.3111724853515625
p value proxy: 0.3222591280937195
result: False
power_upto_now: 0.20000000298023224
241th run
noise dimension : 27
noise variance: 1065.2373046875
original u-statistic:0.8037123680114746
p value proxy: 0.14617939293384552
result: False
power_upto_now: 0.19917012751102448
242th run
noise dimension : 27
noise variance: 1063.2161865234375
original u-statistic:-0.22955703735351562
p value proxy: 0.5747508406639099
result: False
power_upto_now: 0.19834710657596588
243th run
noise dimension : 27
noise variance: 1068.4652099609375
original u-statistic:-0.25302553176879883
p value proxy: 0.6146179437637329
result: False
power_upto_now: 0.1975308656692505
244th run
noise dimension : 27
noise variance: 1066.581787109375
original u-statistic:1.0731582641601562
p value proxy: 0.06976743787527084
result: False
power_upto_now: 0.19672131538391113
245th run
noise dimension : 27
noise variance: 1068.8360595703125
original u-statistic:-0.4382059574127197
p value proxy: 0.6976743936538696
result: False
power_upto_now: 0.19591836631298065
246th run
noise dimension : 27
noise variance: 1069.9979248046875
original u-statistic:0.27030014991760254
p value proxy: 0.31561461091041565
result: False
power_upto_now: 0.19512194395065308
247th run
noise dimension : 27
noise variance: 1065.534912109375
original u-statistic:0.6343986988067627
p value proxy: 0.2026578038930893
result: False
power_upto_now: 0.19433198869228363
248th run
noise dimension : 27
noise variance: 1068.475341796875
original u-statistic:0.3840148448944092
p value proxy: 0.302325576543808
result: False
power_upto_now: 0.19354838132858276
249th run
noise dimension : 27
noise variance: 1063.7437744140625
original u-statistic:0.09967184066772461
p value proxy: 0.39534881711006165
result: False
power_upto_now: 0.1927710771560669
250th run
noise dimension : 27
noise variance: 1068.744384765625
original u-statistic:0.08809256553649902
p value proxy: 0.41860464215278625
result: False
power_upto_now: 0.19200000166893005
251th run
noise dimension : 27
noise variance: 1068.5596923828125
original u-statistic:0.03396749496459961
p value proxy: 0.4485049843788147
result: False
power_upto_now: 0.19123506546020508
252th run
noise dimension : 27
noise variance: 1063.424072265625
original u-statistic:1.4995782375335693
p value proxy: 0.03654484823346138
result: True
power_upto_now: 0.1944444477558136
253th run
noise dimension : 27
noise variance: 1068.5245361328125
original u-statistic:-0.48865199089050293
p value proxy: 0.7176079750061035
result: False
power_upto_now: 0.19367589056491852
254th run
noise dimension : 27
noise variance: 1066.783935546875
original u-statistic:0.7641105651855469
p value proxy: 0.15282391011714935
result: False
power_upto_now: 0.19291338324546814
255th run
noise dimension : 27
noise variance: 1066.7359619140625
original u-statistic:0.8167884349822998
p value proxy: 0.1395348757505417
result: False
power_upto_now: 0.1921568661928177
256th run
noise dimension : 27
noise variance: 1069.1112060546875
original u-statistic:1.493795394897461
p value proxy: 0.059800662100315094
result: False
power_upto_now: 0.19140625
257th run
noise dimension : 27
noise variance: 1060.08740234375
original u-statistic:-0.5213994979858398
p value proxy: 0.7109634280204773
result: False
power_upto_now: 0.1906614750623703
258th run
noise dimension : 27
noise variance: 1067.864990234375
original u-statistic:0.6887788772583008
p value proxy: 0.2059800624847412
result: False
power_upto_now: 0.1899224817752838
259th run
noise dimension : 27
noise variance: 1062.401123046875
original u-statistic:0.7015209197998047
p value proxy: 0.17940199375152588
result: False
power_upto_now: 0.18918919563293457
260th run
noise dimension : 27
noise variance: 1066.6220703125
original u-statistic:0.5950851440429688
p value proxy: 0.21594683825969696
result: False
power_upto_now: 0.1884615421295166
261th run
noise dimension : 27
noise variance: 1068.9365234375
original u-statistic:-1.4165282249450684
p value proxy: 0.9700996279716492
result: False
power_upto_now: 0.18773946166038513
262th run
noise dimension : 27
noise variance: 1066.8035888671875
original u-statistic:-0.707979679107666
p value proxy: 0.8239202499389648
result: False
power_upto_now: 0.18702289462089539
263th run
noise dimension : 27
noise variance: 1065.9217529296875
original u-statistic:-0.5338177680969238
p value proxy: 0.7441860437393188
result: False
power_upto_now: 0.1863117814064026
264th run
noise dimension : 27
noise variance: 1065.5382080078125
original u-statistic:-0.9680109024047852
p value proxy: 0.9069766998291016
result: False
power_upto_now: 0.18560606241226196
265th run
noise dimension : 27
noise variance: 1070.394287109375
original u-statistic:-0.5836083889007568
p value proxy: 0.7774085998535156
result: False
power_upto_now: 0.18490566313266754
266th run
noise dimension : 27
noise variance: 1065.27734375
original u-statistic:-0.47266721725463867
p value proxy: 0.7375414967536926
result: False
power_upto_now: 0.18421052396297455
267th run
noise dimension : 27
noise variance: 1067.0697021484375
original u-statistic:1.7303459644317627
p value proxy: 0.023255813866853714
result: True
power_upto_now: 0.18726591765880585
268th run
noise dimension : 27
noise variance: 1065.2757568359375
original u-statistic:-0.2213420867919922
p value proxy: 0.6378737688064575
result: False
power_upto_now: 0.18656715750694275
269th run
noise dimension : 27
noise variance: 1070.8961181640625
original u-statistic:1.8674492835998535
p value proxy: 0.009966777637600899
result: True
power_upto_now: 0.18959107995033264
270th run
noise dimension : 27
noise variance: 1063.3785400390625
original u-statistic:1.053492546081543
p value proxy: 0.09634551405906677
result: False
power_upto_now: 0.18888889253139496
271th run
noise dimension : 27
noise variance: 1065.677734375
original u-statistic:0.07524991035461426
p value proxy: 0.47840529680252075
result: False
power_upto_now: 0.18819187581539154
272th run
noise dimension : 27
noise variance: 1066.130859375
original u-statistic:0.014979839324951172
p value proxy: 0.421926885843277
result: False
power_upto_now: 0.1875
273th run
noise dimension : 27
noise variance: 1068.972900390625
original u-statistic:1.8004207611083984
p value proxy: 0.016611294820904732
result: True
power_upto_now: 0.190476194024086
274th run
noise dimension : 27
noise variance: 1069.7359619140625
original u-statistic:0.15728187561035156
p value proxy: 0.37873753905296326
result: False
power_upto_now: 0.18978102505207062
275th run
noise dimension : 27
noise variance: 1067.4224853515625
original u-statistic:0.3221859931945801
p value proxy: 0.3455149531364441
result: False
power_upto_now: 0.18909090757369995
276th run
noise dimension : 27
noise variance: 1062.02880859375
original u-statistic:0.7745146751403809
p value proxy: 0.12956809997558594
result: False
power_upto_now: 0.18840579688549042
277th run
noise dimension : 27
noise variance: 1067.7841796875
original u-statistic:-0.9716520309448242
p value proxy: 0.9269102811813354
result: False
power_upto_now: 0.18772563338279724
278th run
noise dimension : 27
noise variance: 1061.6182861328125
original u-statistic:1.0886085033416748
p value proxy: 0.09302325546741486
result: False
power_upto_now: 0.18705035746097565
279th run
noise dimension : 27
noise variance: 1065.7568359375
original u-statistic:0.5084476470947266
p value proxy: 0.2259136140346527
result: False
power_upto_now: 0.18637992441654205
280th run
noise dimension : 27
noise variance: 1065.751708984375
original u-statistic:1.2202398777008057
p value proxy: 0.10963454842567444
result: False
power_upto_now: 0.18571428954601288
281th run
noise dimension : 27
noise variance: 1065.513671875
original u-statistic:0.10919570922851562
p value proxy: 0.41860464215278625
result: False
power_upto_now: 0.18505337834358215
282th run
noise dimension : 27
noise variance: 1069.2716064453125
original u-statistic:-0.4908287525177002
p value proxy: 0.7308970093727112
result: False
power_upto_now: 0.1843971610069275
283th run
noise dimension : 27
noise variance: 1070.1080322265625
original u-statistic:1.459101915359497
p value proxy: 0.033222589641809464
result: True
power_upto_now: 0.18727914988994598
284th run
noise dimension : 27
noise variance: 1067.84423828125
original u-statistic:1.0237822532653809
p value proxy: 0.09634551405906677
result: False
power_upto_now: 0.18661971390247345
285th run
noise dimension : 27
noise variance: 1069.5528564453125
original u-statistic:0.5502574443817139
p value proxy: 0.2657807171344757
result: False
power_upto_now: 0.1859649121761322
286th run
noise dimension : 27
noise variance: 1068.5872802734375
original u-statistic:-0.8522107601165771
p value proxy: 0.8870431780815125
result: False
power_upto_now: 0.18531468510627747
287th run
noise dimension : 27
noise variance: 1062.569091796875
original u-statistic:-0.12652301788330078
p value proxy: 0.5481727719306946
result: False
power_upto_now: 0.18466898798942566
288th run
noise dimension : 27
noise variance: 1065.6402587890625
original u-statistic:1.2597124576568604
p value proxy: 0.07973422110080719
result: False
power_upto_now: 0.1840277761220932
289th run
noise dimension : 27
noise variance: 1066.515869140625
original u-statistic:-1.0778419971466064
p value proxy: 0.9401993155479431
result: False
power_upto_now: 0.1833910048007965
290th run
noise dimension : 27
noise variance: 1067.3343505859375
original u-statistic:1.8144729137420654
p value proxy: 0.009966777637600899
result: True
power_upto_now: 0.1862068921327591
291th run
noise dimension : 27
noise variance: 1067.7811279296875
original u-statistic:1.2993583679199219
p value proxy: 0.04651162773370743
result: True
power_upto_now: 0.18900343775749207
292th run
noise dimension : 27
noise variance: 1066.462158203125
original u-statistic:-0.29726648330688477
p value proxy: 0.6279069781303406
result: False
power_upto_now: 0.1883561611175537
293th run
noise dimension : 27
noise variance: 1063.4251708984375
original u-statistic:0.18023419380187988
p value proxy: 0.3654485046863556
result: False
power_upto_now: 0.18771331012248993
294th run
noise dimension : 27
noise variance: 1068.284912109375
original u-statistic:-0.30788469314575195
p value proxy: 0.6179401874542236
result: False
power_upto_now: 0.18707482516765594
295th run
noise dimension : 27
noise variance: 1063.8106689453125
original u-statistic:0.7500240802764893
p value proxy: 0.2026578038930893
result: False
power_upto_now: 0.18644067645072937
296th run
noise dimension : 27
noise variance: 1065.380859375
original u-statistic:2.1928253173828125
p value proxy: 0.023255813866853714
result: True
power_upto_now: 0.18918919563293457
297th run
noise dimension : 27
noise variance: 1067.596435546875
original u-statistic:1.9415719509124756
p value proxy: 0.019933555275201797
result: True
power_upto_now: 0.19191919267177582
298th run
noise dimension : 27
noise variance: 1070.4488525390625
original u-statistic:1.0163722038269043
p value proxy: 0.07308969646692276
result: False
power_upto_now: 0.19127516448497772
299th run
noise dimension : 27
noise variance: 1065.3795166015625
original u-statistic:1.099351167678833
p value proxy: 0.08637873828411102
result: False
power_upto_now: 0.19063545763492584
300th run
noise dimension : 27
noise variance: 1068.2591552734375
original u-statistic:2.388017177581787
p value proxy: 0.003322259057313204
result: True
power_upto_now: 0.19333332777023315
301th run
noise dimension : 27
noise variance: 1069.6031494140625
original u-statistic:1.4518401622772217
p value proxy: 0.039867110550403595
result: True
power_upto_now: 0.19601328670978546
302th run
noise dimension : 27
noise variance: 1063.5430908203125
original u-statistic:2.0716490745544434
p value proxy: 0.019933555275201797
result: True
power_upto_now: 0.1986754983663559
303th run
noise dimension : 27
noise variance: 1061.419921875
original u-statistic:0.7207145690917969
p value proxy: 0.19933554530143738
result: False
power_upto_now: 0.19801980257034302
304th run
noise dimension : 27
noise variance: 1061.943115234375
original u-statistic:1.3441054821014404
p value proxy: 0.04651162773370743
result: True
power_upto_now: 0.2006578892469406
305th run
noise dimension : 27
noise variance: 1066.9659423828125
original u-statistic:0.789919376373291
p value proxy: 0.1627907007932663
result: False
power_upto_now: 0.20000000298023224
306th run
noise dimension : 27
noise variance: 1069.8262939453125
original u-statistic:2.382847785949707
p value proxy: 0.003322259057313204
result: True
power_upto_now: 0.20261438190937042
307th run
noise dimension : 27
noise variance: 1064.8165283203125
original u-statistic:1.0295486450195312
p value proxy: 0.09634551405906677
result: False
power_upto_now: 0.20195439457893372
308th run
noise dimension : 27
noise variance: 1067.17138671875
original u-statistic:4.573495864868164
p value proxy: 0.003322259057313204
result: True
power_upto_now: 0.20454545319080353
309th run
noise dimension : 27
noise variance: 1063.6756591796875
original u-statistic:0.13980460166931152
p value proxy: 0.45514950156211853
result: False
power_upto_now: 0.20388349890708923
310th run
noise dimension : 27
noise variance: 1070.2354736328125
original u-statistic:1.34267258644104
p value proxy: 0.07308969646692276
result: False
power_upto_now: 0.20322580635547638
311th run
noise dimension : 27
noise variance: 1066.701416015625
original u-statistic:-0.9617242813110352
p value proxy: 0.9169434905052185
result: False
power_upto_now: 0.20257234573364258
312th run
noise dimension : 27
noise variance: 1067.2581787109375
original u-statistic:0.5266150236129761
p value proxy: 0.3056478202342987
result: False
power_upto_now: 0.20192307233810425
313th run
noise dimension : 27
noise variance: 1066.19091796875
original u-statistic:-0.3025355339050293
p value proxy: 0.684385359287262
result: False
power_upto_now: 0.201277956366539
314th run
noise dimension : 27
noise variance: 1067.4276123046875
original u-statistic:2.352219343185425
p value proxy: 0.009966777637600899
result: True
power_upto_now: 0.20382165908813477
315th run
noise dimension : 27
noise variance: 1067.136474609375
original u-statistic:1.1108827590942383
p value proxy: 0.07973422110080719
result: False
power_upto_now: 0.20317460596561432
316th run
noise dimension : 27
noise variance: 1068.6785888671875
original u-statistic:0.8630342483520508
p value proxy: 0.1229235827922821
result: False
power_upto_now: 0.20253165066242218
317th run
noise dimension : 27
noise variance: 1068.4156494140625
original u-statistic:0.49611926078796387
p value proxy: 0.25581395626068115
result: False
power_upto_now: 0.20189274847507477
318th run
noise dimension : 27
noise variance: 1067.562255859375
original u-statistic:-0.7081806659698486
p value proxy: 0.8372092843055725
result: False
power_upto_now: 0.2012578547000885
319th run
noise dimension : 27
noise variance: 1068.5411376953125
original u-statistic:0.7063531875610352
p value proxy: 0.15614616870880127
result: False
power_upto_now: 0.20062695443630219
320th run
noise dimension : 27
noise variance: 1064.1370849609375
original u-statistic:-0.49141883850097656
p value proxy: 0.7275747060775757
result: False
power_upto_now: 0.20000000298023224
321th run
noise dimension : 27
noise variance: 1063.8525390625
original u-statistic:0.6085724830627441
p value proxy: 0.19601328670978546
result: False
power_upto_now: 0.1993769407272339
322th run
noise dimension : 27
noise variance: 1065.667236328125
original u-statistic:0.04724311828613281
p value proxy: 0.4252491593360901
result: False
power_upto_now: 0.19875776767730713
323th run
noise dimension : 27
noise variance: 1064.480224609375
original u-statistic:-0.8504019975662231
p value proxy: 0.8970099687576294
result: False
power_upto_now: 0.198142409324646
324th run
noise dimension : 27
noise variance: 1068.7530517578125
original u-statistic:1.3283934593200684
p value proxy: 0.059800662100315094
result: False
power_upto_now: 0.1975308656692505
325th run
noise dimension : 27
noise variance: 1067.05419921875
original u-statistic:-0.441525936126709
p value proxy: 0.6943521499633789
result: False
power_upto_now: 0.19692307710647583
326th run
noise dimension : 27
noise variance: 1069.4010009765625
original u-statistic:0.49619269371032715
p value proxy: 0.2890365421772003
result: False
power_upto_now: 0.19631901383399963
327th run
noise dimension : 27
noise variance: 1067.404541015625
original u-statistic:3.466552257537842
p value proxy: 0.003322259057313204
result: True
power_upto_now: 0.1987767517566681
328th run
noise dimension : 27
noise variance: 1067.1209716796875
original u-statistic:-1.0892009735107422
p value proxy: 0.9501661062240601
result: False
power_upto_now: 0.1981707364320755
329th run
noise dimension : 27
noise variance: 1069.4527587890625
original u-statistic:-0.16387176513671875
p value proxy: 0.5581395030021667
result: False
power_upto_now: 0.1975683867931366
330th run
noise dimension : 27
noise variance: 1065.16357421875
original u-statistic:0.651831865310669
p value proxy: 0.16943521797657013
result: False
power_upto_now: 0.19696970283985138
331th run
noise dimension : 27
noise variance: 1066.387939453125
original u-statistic:2.212110996246338
p value proxy: 0.009966777637600899
result: True
power_upto_now: 0.1993957757949829
332th run
noise dimension : 27
noise variance: 1064.0517578125
original u-statistic:-0.6522531509399414
p value proxy: 0.7940199375152588
result: False
power_upto_now: 0.19879518449306488
333th run
noise dimension : 27
noise variance: 1071.2427978515625
original u-statistic:-0.2135603427886963
p value proxy: 0.5116279125213623
result: False
power_upto_now: 0.19819819927215576
334th run
noise dimension : 27
noise variance: 1068.6368408203125
original u-statistic:-1.1835346221923828
p value proxy: 0.960132896900177
result: False
power_upto_now: 0.19760479032993317
335th run
noise dimension : 27
noise variance: 1063.3255615234375
original u-statistic:-0.023590087890625
p value proxy: 0.48172757029533386
result: False
power_upto_now: 0.1970149278640747
336th run
noise dimension : 27
noise variance: 1066.7919921875
original u-statistic:0.8047230243682861
p value proxy: 0.13289035856723785
result: False
power_upto_now: 0.1964285671710968
337th run
noise dimension : 27
noise variance: 1067.3907470703125
original u-statistic:-0.4296078681945801
p value proxy: 0.6810631155967712
result: False
power_upto_now: 0.19584569334983826
338th run
noise dimension : 27
noise variance: 1068.7347412109375
original u-statistic:1.9070218801498413
p value proxy: 0.023255813866853714
result: True
power_upto_now: 0.19822485744953156
339th run
noise dimension : 27
noise variance: 1063.878662109375
original u-statistic:1.5067520141601562
p value proxy: 0.05647840350866318
result: False
power_upto_now: 0.19764012098312378
340th run
noise dimension : 27
noise variance: 1066.2266845703125
original u-statistic:0.22269749641418457
p value proxy: 0.31893688440322876
result: False
power_upto_now: 0.19705882668495178
341th run
noise dimension : 27
noise variance: 1069.4276123046875
original u-statistic:-0.713627815246582
p value proxy: 0.8272424936294556
result: False
power_upto_now: 0.19648094475269318
342th run
noise dimension : 27
noise variance: 1068.5426025390625
original u-statistic:0.27728271484375
p value proxy: 0.31561461091041565
result: False
power_upto_now: 0.19590643048286438
343th run
noise dimension : 27
noise variance: 1063.9683837890625
original u-statistic:-1.0776495933532715
p value proxy: 0.9302325248718262
result: False
power_upto_now: 0.1953352838754654
344th run
noise dimension : 27
noise variance: 1066.97265625
original u-statistic:1.313833475112915
p value proxy: 0.039867110550403595
result: True
power_upto_now: 0.19767442345619202
345th run
noise dimension : 27
noise variance: 1065.4376220703125
original u-statistic:0.6564834117889404
p value proxy: 0.17607973515987396
result: False
power_upto_now: 0.1971014440059662
346th run
noise dimension : 27
noise variance: 1064.854248046875
original u-statistic:0.5932459831237793
p value proxy: 0.20930232107639313
result: False
power_upto_now: 0.19653178751468658
347th run
noise dimension : 27
noise variance: 1069.827880859375
original u-statistic:-0.5367002487182617
p value proxy: 0.7109634280204773
result: False
power_upto_now: 0.19596542418003082
348th run
noise dimension : 27
noise variance: 1067.315185546875
original u-statistic:-0.2017347812652588
p value proxy: 0.554817259311676
result: False
power_upto_now: 0.19540229439735413
349th run
noise dimension : 27
noise variance: 1067.05517578125
original u-statistic:1.0446488857269287
p value proxy: 0.08637873828411102
result: False
power_upto_now: 0.1948424130678177
350th run
noise dimension : 27
noise variance: 1065.8514404296875
original u-statistic:0.1354060173034668
p value proxy: 0.39867109060287476
result: False
power_upto_now: 0.19428572058677673
351th run
noise dimension : 27
noise variance: 1065.0107421875
original u-statistic:2.195509195327759
p value proxy: 0.009966777637600899
result: True
power_upto_now: 0.19658119976520538
352th run
noise dimension : 27
noise variance: 1066.1658935546875
original u-statistic:0.44739317893981934
p value proxy: 0.2857142686843872
result: False
power_upto_now: 0.19602273404598236
353th run
noise dimension : 27
noise variance: 1068.7447509765625
original u-statistic:1.1905286312103271
p value proxy: 0.049833886325359344
result: True
power_upto_now: 0.1983002871274948
354th run
noise dimension : 27
noise variance: 1066.8983154296875
original u-statistic:1.857696294784546
p value proxy: 0.019933555275201797
result: True
power_upto_now: 0.20056496560573578
355th run
noise dimension : 27
noise variance: 1066.6712646484375
original u-statistic:0.9268827438354492
p value proxy: 0.15282391011714935
result: False
power_upto_now: 0.20000000298023224
356th run
noise dimension : 27
noise variance: 1067.3470458984375
original u-statistic:-0.6488888263702393
p value proxy: 0.7574750781059265
result: False
power_upto_now: 0.1994381994009018
357th run
noise dimension : 27
noise variance: 1068.255859375
original u-statistic:0.019002437591552734
p value proxy: 0.41528236865997314
result: False
power_upto_now: 0.19887955486774445
358th run
noise dimension : 27
noise variance: 1070.4818115234375
original u-statistic:0.35637450218200684
p value proxy: 0.302325576543808
result: False
power_upto_now: 0.1983240246772766
359th run
noise dimension : 27
noise variance: 1069.1959228515625
original u-statistic:0.4608471393585205
p value proxy: 0.2458471655845642
result: False
power_upto_now: 0.1977715939283371
360th run
noise dimension : 27
noise variance: 1066.41064453125
original u-statistic:0.2567276954650879
p value proxy: 0.3322259187698364
result: False
power_upto_now: 0.19722221791744232
361th run
noise dimension : 27
noise variance: 1065.1038818359375
original u-statistic:0.05935072898864746
p value proxy: 0.44186046719551086
result: False
power_upto_now: 0.19667589664459229
362th run
noise dimension : 27
noise variance: 1071.525146484375
original u-statistic:-0.07207632064819336
p value proxy: 0.5215946435928345
result: False
power_upto_now: 0.1961326003074646
363th run
noise dimension : 27
noise variance: 1070.6011962890625
original u-statistic:-0.2241828441619873
p value proxy: 0.6312292218208313
result: False
power_upto_now: 0.19559228420257568
364th run
noise dimension : 27
noise variance: 1067.93505859375
original u-statistic:1.154789924621582
p value proxy: 0.06644517928361893
result: False
power_upto_now: 0.19505494832992554
365th run
noise dimension : 27
noise variance: 1065.0267333984375
original u-statistic:-0.18765497207641602
p value proxy: 0.5747508406639099
result: False
power_upto_now: 0.19452054798603058
366th run
noise dimension : 27
noise variance: 1064.058349609375
original u-statistic:-0.22690439224243164
p value proxy: 0.5481727719306946
result: False
power_upto_now: 0.19398906826972961
367th run
noise dimension : 27
noise variance: 1064.69287109375
original u-statistic:-0.8053154945373535
p value proxy: 0.8571428656578064
result: False
power_upto_now: 0.19346049427986145
368th run
noise dimension : 27
noise variance: 1063.1104736328125
original u-statistic:2.3604822158813477
p value proxy: 0.016611294820904732
result: True
power_upto_now: 0.19565217196941376
369th run
noise dimension : 27
noise variance: 1069.4991455078125
original u-statistic:2.054755926132202
p value proxy: 0.013289036229252815
result: True
power_upto_now: 0.19783197343349457
370th run
noise dimension : 27
noise variance: 1069.2030029296875
original u-statistic:0.5639028549194336
p value proxy: 0.23255813121795654
result: False
power_upto_now: 0.19729728996753693
371th run
noise dimension : 27
noise variance: 1066.824462890625
original u-statistic:1.228149652481079
p value proxy: 0.06644517928361893
result: False
power_upto_now: 0.1967654973268509
372th run
noise dimension : 27
noise variance: 1063.1363525390625
original u-statistic:0.9051144123077393
p value proxy: 0.10631228983402252
result: False
power_upto_now: 0.19623656570911407
373th run
noise dimension : 27
noise variance: 1063.339111328125
original u-statistic:-0.5976667404174805
p value proxy: 0.7607973217964172
result: False
power_upto_now: 0.1957104504108429
374th run
noise dimension : 27
noise variance: 1065.40673828125
original u-statistic:1.3372504711151123
p value proxy: 0.06644517928361893
result: False
power_upto_now: 0.19518716633319855
375th run
noise dimension : 27
noise variance: 1063.5589599609375
original u-statistic:1.0578436851501465
p value proxy: 0.11295680701732635
result: False
power_upto_now: 0.19466666877269745
376th run
noise dimension : 27
noise variance: 1065.0416259765625
original u-statistic:-0.1815798282623291
p value proxy: 0.5215946435928345
result: False
power_upto_now: 0.1941489428281784
377th run
noise dimension : 27
noise variance: 1067.2325439453125
original u-statistic:-1.5382404327392578
p value proxy: 0.9867109656333923
result: False
power_upto_now: 0.19363395869731903
378th run
noise dimension : 27
noise variance: 1069.7310791015625
original u-statistic:-0.9600976705551147
p value proxy: 0.9435215592384338
result: False
power_upto_now: 0.19312168657779694
379th run
noise dimension : 27
noise variance: 1065.6334228515625
original u-statistic:0.37166619300842285
p value proxy: 0.2890365421772003
result: False
power_upto_now: 0.19261214137077332
380th run
noise dimension : 27
noise variance: 1067.374755859375
original u-statistic:1.004957675933838
p value proxy: 0.10963454842567444
result: False
power_upto_now: 0.1921052634716034
381th run
noise dimension : 27
noise variance: 1068.4266357421875
original u-statistic:0.5864503383636475
p value proxy: 0.23588038980960846
result: False
power_upto_now: 0.19160105288028717
382th run
noise dimension : 27
noise variance: 1065.7286376953125
original u-statistic:-0.3005366325378418
p value proxy: 0.6112956404685974
result: False
power_upto_now: 0.19109947979450226
383th run
noise dimension : 27
noise variance: 1065.878173828125
original u-statistic:1.8728322982788086
p value proxy: 0.03654484823346138
result: True
power_upto_now: 0.19321148097515106
384th run
noise dimension : 27
noise variance: 1067.1968994140625
original u-statistic:0.17708539962768555
p value proxy: 0.35548171401023865
result: False
power_upto_now: 0.1927083283662796
385th run
noise dimension : 27
noise variance: 1066.984375
original u-statistic:0.08656549453735352
p value proxy: 0.35548171401023865
result: False
power_upto_now: 0.19220779836177826
386th run
noise dimension : 27
noise variance: 1069.2833251953125
original u-statistic:1.9457743167877197
p value proxy: 0.02657807245850563
result: True
power_upto_now: 0.19430051743984222
387th run
noise dimension : 27
noise variance: 1064.6409912109375
original u-statistic:-0.893388032913208
p value proxy: 0.8903654217720032
result: False
power_upto_now: 0.19379845261573792
388th run
noise dimension : 27
noise variance: 1068.6424560546875
original u-statistic:0.13926959037780762
p value proxy: 0.4053156077861786
result: False
power_upto_now: 0.19329896569252014
389th run
noise dimension : 27
noise variance: 1067.587890625
original u-statistic:1.0813183784484863
p value proxy: 0.09634551405906677
result: False
power_upto_now: 0.1928020566701889
390th run
noise dimension : 27
noise variance: 1072.5770263671875
original u-statistic:1.0620601177215576
p value proxy: 0.10963454842567444
result: False
power_upto_now: 0.19230769574642181
391th run
noise dimension : 27
noise variance: 1066.3818359375
original u-statistic:0.2778801918029785
p value proxy: 0.3322259187698364
result: False
power_upto_now: 0.19181585311889648
392th run
noise dimension : 27
noise variance: 1067.7337646484375
original u-statistic:0.9530515670776367
p value proxy: 0.1029900312423706
result: False
power_upto_now: 0.19132652878761292
393th run
noise dimension : 27
noise variance: 1064.742431640625
original u-statistic:-0.15998339653015137
p value proxy: 0.5614618062973022
result: False
power_upto_now: 0.19083969295024872
394th run
noise dimension : 27
noise variance: 1068.7186279296875
original u-statistic:-0.43358659744262695
p value proxy: 0.724252462387085
result: False
power_upto_now: 0.1903553307056427
395th run
noise dimension : 27
noise variance: 1070.5067138671875
original u-statistic:0.47696924209594727
p value proxy: 0.2691029906272888
result: False
power_upto_now: 0.18987341225147247
396th run
noise dimension : 27
noise variance: 1068.1041259765625
original u-statistic:-0.7313137054443359
p value proxy: 0.7906976342201233
result: False
power_upto_now: 0.18939393758773804
397th run
noise dimension : 27
noise variance: 1062.5369873046875
original u-statistic:-0.06758570671081543
p value proxy: 0.52491694688797
result: False
power_upto_now: 0.188916876912117
398th run
noise dimension : 27
noise variance: 1066.9349365234375
original u-statistic:1.271306037902832
p value proxy: 0.06976743787527084
result: False
power_upto_now: 0.18844221532344818
399th run
noise dimension : 27
noise variance: 1065.8995361328125
original u-statistic:1.0319626331329346
p value proxy: 0.09634551405906677
result: False
power_upto_now: 0.18796992301940918
400th run
noise dimension : 27
noise variance: 1064.905517578125
original u-statistic:1.185288429260254
p value proxy: 0.08970099687576294
result: False
power_upto_now: 0.1875
401th run
noise dimension : 27
noise variance: 1066.4949951171875
original u-statistic:0.34265708923339844
p value proxy: 0.29568105936050415
result: False
power_upto_now: 0.18703241646289825
402th run
noise dimension : 27
noise variance: 1061.6219482421875
original u-statistic:-0.4199678897857666
p value proxy: 0.6378737688064575
result: False
power_upto_now: 0.18656715750694275
403th run
noise dimension : 27
noise variance: 1066.0833740234375
original u-statistic:0.8729379177093506
p value proxy: 0.15614616870880127
result: False
power_upto_now: 0.18610422313213348
404th run
noise dimension : 27
noise variance: 1063.744873046875
original u-statistic:0.0062024593353271484
p value proxy: 0.4485049843788147
result: False
power_upto_now: 0.18564356863498688
405th run
noise dimension : 27
noise variance: 1068.6865234375
original u-statistic:-0.3182384967803955
p value proxy: 0.6411960124969482
result: False
power_upto_now: 0.18518517911434174
406th run
noise dimension : 27
noise variance: 1067.9461669921875
original u-statistic:2.122441530227661
p value proxy: 0.016611294820904732
result: True
power_upto_now: 0.18719211220741272
407th run
noise dimension : 27
noise variance: 1068.2698974609375
original u-statistic:-0.6828597784042358
p value proxy: 0.8106312155723572
result: False
power_upto_now: 0.1867321878671646
408th run
noise dimension : 27
noise variance: 1066.556396484375
original u-statistic:-0.0040280818939208984
p value proxy: 0.4485049843788147
result: False
power_upto_now: 0.18627451360225677
409th run
noise dimension : 27
noise variance: 1069.144775390625
original u-statistic:-0.09751558303833008
p value proxy: 0.52491694688797
result: False
power_upto_now: 0.18581907451152802
410th run
noise dimension : 27
noise variance: 1067.2530517578125
original u-statistic:-0.3134593963623047
p value proxy: 0.6312292218208313
result: False
power_upto_now: 0.18536585569381714
411th run
noise dimension : 27
noise variance: 1065.409423828125
original u-statistic:3.279493570327759
p value proxy: 0.003322259057313204
result: True
power_upto_now: 0.18734793365001678
412th run
noise dimension : 27
noise variance: 1069.7353515625
original u-statistic:1.1919536590576172
p value proxy: 0.08970099687576294
result: False
power_upto_now: 0.18689320981502533
413th run
noise dimension : 27
noise variance: 1068.4442138671875
original u-statistic:1.0978968143463135
p value proxy: 0.11295680701732635
result: False
power_upto_now: 0.18644067645072937
414th run
noise dimension : 27
noise variance: 1064.853759765625
original u-statistic:-0.856825590133667
p value proxy: 0.8903654217720032
result: False
power_upto_now: 0.1859903335571289
415th run
noise dimension : 27
noise variance: 1069.9482421875
original u-statistic:0.7547965049743652
p value proxy: 0.16943521797657013
result: False
power_upto_now: 0.18554216623306274
416th run
noise dimension : 27
noise variance: 1062.2657470703125
original u-statistic:0.9686501026153564
p value proxy: 0.09302325546741486
result: False
power_upto_now: 0.1850961595773697
417th run
noise dimension : 27
noise variance: 1064.816650390625
original u-statistic:-0.5729951858520508
p value proxy: 0.7807309031486511
result: False
power_upto_now: 0.18465228378772736
418th run
noise dimension : 27
noise variance: 1064.298583984375
original u-statistic:-0.38149380683898926
p value proxy: 0.6877076029777527
result: False
power_upto_now: 0.18421052396297455
419th run
noise dimension : 27
noise variance: 1067.599609375
original u-statistic:0.14158892631530762
p value proxy: 0.4119601249694824
result: False
power_upto_now: 0.18377088010311127
420th run
noise dimension : 27
noise variance: 1070.3436279296875
original u-statistic:1.3865854740142822
p value proxy: 0.06644517928361893
result: False
power_upto_now: 0.18333333730697632
421th run
noise dimension : 27
noise variance: 1067.612548828125
original u-statistic:1.1594383716583252
p value proxy: 0.08970099687576294
result: False
power_upto_now: 0.18289786577224731
422th run
noise dimension : 27
noise variance: 1066.939697265625
original u-statistic:1.0121653079986572
p value proxy: 0.10963454842567444
result: False
power_upto_now: 0.18246445059776306
423th run
noise dimension : 27
noise variance: 1068.8118896484375
original u-statistic:0.8063933849334717
p value proxy: 0.17940199375152588
result: False
power_upto_now: 0.18203309178352356
424th run
noise dimension : 27
noise variance: 1064.8016357421875
original u-statistic:2.6775012016296387
p value proxy: 0.009966777637600899
result: True
power_upto_now: 0.18396227061748505
425th run
noise dimension : 27
noise variance: 1066.6507568359375
original u-statistic:-0.2158675193786621
p value proxy: 0.5847175717353821
result: False
power_upto_now: 0.18352940678596497
426th run
noise dimension : 27
noise variance: 1066.8853759765625
original u-statistic:1.3560800552368164
p value proxy: 0.049833886325359344
result: True
power_upto_now: 0.18544600903987885
427th run
noise dimension : 27
noise variance: 1066.35400390625
original u-statistic:-0.26046109199523926
p value proxy: 0.564784049987793
result: False
power_upto_now: 0.18501171469688416
428th run
noise dimension : 27
noise variance: 1063.1614990234375
original u-statistic:1.2489897012710571
p value proxy: 0.07641195505857468
result: False
power_upto_now: 0.18457943201065063
429th run
noise dimension : 27
noise variance: 1069.4874267578125
original u-statistic:0.23903608322143555
p value proxy: 0.3255814015865326
result: False
power_upto_now: 0.18414919078350067
430th run
noise dimension : 27
noise variance: 1069.4716796875
original u-statistic:0.3576674461364746
p value proxy: 0.3089700937271118
result: False
power_upto_now: 0.1837209314107895
431th run
noise dimension : 27
noise variance: 1069.341796875
original u-statistic:1.6367661952972412
p value proxy: 0.019933555275201797
result: True
power_upto_now: 0.18561485409736633
432th run
noise dimension : 27
noise variance: 1068.677978515625
original u-statistic:-0.2169351577758789
p value proxy: 0.5215946435928345
result: False
power_upto_now: 0.18518517911434174
433th run
noise dimension : 27
noise variance: 1064.253173828125
original u-statistic:1.9577233791351318
p value proxy: 0.009966777637600899
result: True
power_upto_now: 0.1870669722557068
434th run
noise dimension : 27
noise variance: 1063.779296875
original u-statistic:0.9737813472747803
p value proxy: 0.0830564796924591
result: False
power_upto_now: 0.18663594126701355
435th run
noise dimension : 27
noise variance: 1068.6220703125
original u-statistic:0.06522846221923828
p value proxy: 0.37873753905296326
result: False
power_upto_now: 0.1862068921327591
436th run
noise dimension : 27
noise variance: 1061.1185302734375
original u-statistic:0.4157853126525879
p value proxy: 0.29568105936050415
result: False
power_upto_now: 0.18577980995178223
437th run
noise dimension : 27
noise variance: 1065.4110107421875
original u-statistic:0.1571822166442871
p value proxy: 0.4485049843788147
result: False
power_upto_now: 0.18535469472408295
438th run
noise dimension : 27
noise variance: 1065.8243408203125
original u-statistic:-0.2662057876586914
p value proxy: 0.564784049987793
result: False
power_upto_now: 0.18493150174617767
439th run
noise dimension : 27
noise variance: 1066.59619140625
original u-statistic:-0.06389689445495605
p value proxy: 0.47508305311203003
result: False
power_upto_now: 0.1845102459192276
440th run
noise dimension : 27
noise variance: 1066.8619384765625
original u-statistic:2.3290038108825684
p value proxy: 0.006644518114626408
result: True
power_upto_now: 0.18636363744735718
441th run
noise dimension : 27
noise variance: 1066.2733154296875
original u-statistic:0.7184324264526367
p value proxy: 0.15614616870880127
result: False
power_upto_now: 0.18594104051589966
442th run
noise dimension : 27
noise variance: 1069.6884765625
original u-statistic:2.5968289375305176
p value proxy: 0.003322259057313204
result: True
power_upto_now: 0.18778280913829803
443th run
noise dimension : 27
noise variance: 1067.223876953125
original u-statistic:0.4294552803039551
p value proxy: 0.23920264840126038
result: False
power_upto_now: 0.18735891580581665
444th run
noise dimension : 27
noise variance: 1065.1453857421875
original u-statistic:1.6499252319335938
p value proxy: 0.03654484823346138
result: True
power_upto_now: 0.18918919563293457
445th run
noise dimension : 27
noise variance: 1064.951416015625
original u-statistic:-0.5001115798950195
p value proxy: 0.7009966373443604
result: False
power_upto_now: 0.1887640506029129
446th run
noise dimension : 27
noise variance: 1066.8907470703125
original u-statistic:0.1254410743713379
p value proxy: 0.3920265734195709
result: False
power_upto_now: 0.18834081292152405
447th run
noise dimension : 27
noise variance: 1064.082763671875
original u-statistic:0.7772214412689209
p value proxy: 0.15946844220161438
result: False
power_upto_now: 0.1879194676876068
448th run
noise dimension : 27
noise variance: 1066.656982421875
original u-statistic:0.3538668155670166
p value proxy: 0.22923587262630463
result: False
power_upto_now: 0.1875
449th run
noise dimension : 27
noise variance: 1065.39794921875
original u-statistic:0.15061664581298828
p value proxy: 0.3289036452770233
result: False
power_upto_now: 0.1870824098587036
450th run
noise dimension : 27
noise variance: 1067.2354736328125
original u-statistic:-0.27949094772338867
p value proxy: 0.594684362411499
result: False
power_upto_now: 0.18666666746139526
451th run
noise dimension : 27
noise variance: 1065.488037109375
original u-statistic:0.23015880584716797
p value proxy: 0.3853820562362671
result: False
power_upto_now: 0.18625277280807495
452th run
noise dimension : 27
noise variance: 1065.434814453125
original u-statistic:-0.17027759552001953
p value proxy: 0.5581395030021667
result: False
power_upto_now: 0.18584071099758148
453th run
noise dimension : 27
noise variance: 1065.1925048828125
original u-statistic:0.6965005397796631
p value proxy: 0.15614616870880127
result: False
power_upto_now: 0.18543046712875366
454th run
noise dimension : 27
noise variance: 1062.60205078125
original u-statistic:-0.6245484352111816
p value proxy: 0.7574750781059265
result: False
power_upto_now: 0.1850220263004303
455th run
noise dimension : 27
noise variance: 1068.3577880859375
original u-statistic:1.221266508102417
p value proxy: 0.0830564796924591
result: False
power_upto_now: 0.1846153885126114
456th run
noise dimension : 27
noise variance: 1064.9832763671875
original u-statistic:-0.33022022247314453
p value proxy: 0.6079733967781067
result: False
power_upto_now: 0.18421052396297455
457th run
noise dimension : 27
noise variance: 1066.825927734375
original u-statistic:1.4791054725646973
p value proxy: 0.039867110550403595
result: True
power_upto_now: 0.18599562346935272
458th run
noise dimension : 27
noise variance: 1065.75244140625
original u-statistic:-0.31815361976623535
p value proxy: 0.644518256187439
result: False
power_upto_now: 0.1855895221233368
459th run
noise dimension : 27
noise variance: 1066.312255859375
original u-statistic:1.0613765716552734
p value proxy: 0.09302325546741486
result: False
power_upto_now: 0.18518517911434174
460th run
noise dimension : 27
noise variance: 1065.3431396484375
original u-statistic:0.8340024948120117
p value proxy: 0.14617939293384552
result: False
power_upto_now: 0.18478260934352875
461th run
noise dimension : 27
noise variance: 1068.0015869140625
original u-statistic:-0.3181424140930176
p value proxy: 0.6478404998779297
result: False
power_upto_now: 0.18438178300857544
462th run
noise dimension : 27
noise variance: 1068.429443359375
original u-statistic:-0.7101826667785645
p value proxy: 0.8338870406150818
result: False
power_upto_now: 0.18398268520832062
463th run
noise dimension : 27
noise variance: 1062.699462890625
original u-statistic:-1.0163707733154297
p value proxy: 0.9102990031242371
result: False
power_upto_now: 0.18358531594276428
464th run
noise dimension : 27
noise variance: 1068.2308349609375
original u-statistic:1.6362073421478271
p value proxy: 0.023255813866853714
result: True
power_upto_now: 0.18534483015537262
465th run
noise dimension : 27
noise variance: 1068.9190673828125
original u-statistic:-0.2733614444732666
p value proxy: 0.6578072905540466
result: False
power_upto_now: 0.1849462389945984
466th run
noise dimension : 27
noise variance: 1066.7916259765625
original u-statistic:0.5510478019714355
p value proxy: 0.22923587262630463
result: False
power_upto_now: 0.18454936146736145
467th run
noise dimension : 27
noise variance: 1067.0845947265625
original u-statistic:0.6146893501281738
p value proxy: 0.21594683825969696
result: False
power_upto_now: 0.1841541826725006
468th run
noise dimension : 27
noise variance: 1064.564453125
original u-statistic:0.07691073417663574
p value proxy: 0.4086378514766693
result: False
power_upto_now: 0.18376068770885468
469th run
noise dimension : 27
noise variance: 1068.399658203125
original u-statistic:-0.13820242881774902
p value proxy: 0.5514950156211853
result: False
power_upto_now: 0.18336887657642365
470th run
noise dimension : 27
noise variance: 1059.671630859375
original u-statistic:0.47412109375
p value proxy: 0.23255813121795654
result: False
power_upto_now: 0.18297871947288513
471th run
noise dimension : 27
noise variance: 1063.3599853515625
original u-statistic:0.9869298934936523
p value proxy: 0.12956809997558594
result: False
power_upto_now: 0.18259023129940033
472th run
noise dimension : 27
noise variance: 1063.906982421875
original u-statistic:0.3717074394226074
p value proxy: 0.2657807171344757
result: False
power_upto_now: 0.18220339715480804
473th run
noise dimension : 27
noise variance: 1064.9825439453125
original u-statistic:-0.3211672306060791
p value proxy: 0.6877076029777527
result: False
power_upto_now: 0.1818181872367859
474th run
noise dimension : 27
noise variance: 1068.669921875
original u-statistic:-0.8504154682159424
p value proxy: 0.8637873530387878
result: False
power_upto_now: 0.18143460154533386
475th run
noise dimension : 27
noise variance: 1066.2869873046875
original u-statistic:-0.2938528060913086
p value proxy: 0.6511628031730652
result: False
power_upto_now: 0.18105262517929077
476th run
noise dimension : 27
noise variance: 1062.8072509765625
original u-statistic:1.0750975608825684
p value proxy: 0.0830564796924591
result: False
power_upto_now: 0.1806722730398178
477th run
noise dimension : 27
noise variance: 1066.4140625
original u-statistic:0.25541043281555176
p value proxy: 0.31893688440322876
result: False
power_upto_now: 0.1802935004234314
478th run
noise dimension : 27
noise variance: 1066.3095703125
original u-statistic:-0.35463976860046387
p value proxy: 0.6611295342445374
result: False
power_upto_now: 0.17991632223129272
479th run
noise dimension : 27
noise variance: 1067.336181640625
original u-statistic:1.0803942680358887
p value proxy: 0.0830564796924591
result: False
power_upto_now: 0.1795407086610794
480th run
noise dimension : 27
noise variance: 1068.9505615234375
original u-statistic:0.4429960250854492
p value proxy: 0.23920264840126038
result: False
power_upto_now: 0.17916665971279144
481th run
noise dimension : 27
noise variance: 1066.9566650390625
original u-statistic:2.0083823204040527
p value proxy: 0.02657807245850563
result: True
power_upto_now: 0.18087318539619446
482th run
noise dimension : 27
noise variance: 1066.848876953125
original u-statistic:0.8763308525085449
p value proxy: 0.11627906560897827
result: False
power_upto_now: 0.1804979294538498
483th run
noise dimension : 27
noise variance: 1067.60546875
original u-statistic:0.46020030975341797
p value proxy: 0.25581395626068115
result: False
power_upto_now: 0.1801242232322693
484th run
noise dimension : 27
noise variance: 1064.977783203125
original u-statistic:0.4790000915527344
p value proxy: 0.27242523431777954
result: False
power_upto_now: 0.17975206673145294
485th run
noise dimension : 27
noise variance: 1069.8935546875
original u-statistic:1.091503620147705
p value proxy: 0.10963454842567444
result: False
power_upto_now: 0.17938144505023956
486th run
noise dimension : 27
noise variance: 1065.975341796875
original u-statistic:0.618647575378418
p value proxy: 0.19601328670978546
result: False
power_upto_now: 0.17901234328746796
487th run
noise dimension : 27
noise variance: 1069.8148193359375
original u-statistic:0.42969202995300293
p value proxy: 0.2691029906272888
result: False
power_upto_now: 0.17864476144313812
488th run
noise dimension : 27
noise variance: 1069.582763671875
original u-statistic:0.9296708106994629
p value proxy: 0.1229235827922821
result: False
power_upto_now: 0.17827868461608887
489th run
noise dimension : 27
noise variance: 1065.0426025390625
original u-statistic:1.5626111030578613
p value proxy: 0.04318936914205551
result: True
power_upto_now: 0.17995910346508026
490th run
noise dimension : 27
noise variance: 1063.41259765625
original u-statistic:-0.6181888580322266
p value proxy: 0.7840531468391418
result: False
power_upto_now: 0.1795918345451355
491th run
noise dimension : 27
noise variance: 1069.5484619140625
original u-statistic:-0.6239194869995117
p value proxy: 0.7873753905296326
result: False
power_upto_now: 0.1792260706424713
492th run
noise dimension : 27
noise variance: 1063.4635009765625
original u-statistic:1.3005874156951904
p value proxy: 0.059800662100315094
result: False
power_upto_now: 0.17886178195476532
493th run
noise dimension : 27
noise variance: 1063.6171875
original u-statistic:-0.8835768699645996
p value proxy: 0.9136212468147278
result: False
power_upto_now: 0.1784989833831787
494th run
noise dimension : 27
noise variance: 1066.340576171875
original u-statistic:-0.43041515350341797
p value proxy: 0.6877076029777527
result: False
power_upto_now: 0.1781376451253891
495th run
noise dimension : 27
noise variance: 1068.0614013671875
original u-statistic:2.8990933895111084
p value proxy: 0.003322259057313204
result: True
power_upto_now: 0.1797979772090912
496th run
noise dimension : 27
noise variance: 1067.48486328125
original u-statistic:-0.9121708869934082
p value proxy: 0.8970099687576294
result: False
power_upto_now: 0.17943547666072845
497th run
noise dimension : 27
noise variance: 1066.675537109375
original u-statistic:-1.0571808815002441
p value proxy: 0.9435215592384338
result: False
power_upto_now: 0.1790744513273239
498th run
noise dimension : 27
noise variance: 1071.504150390625
original u-statistic:1.2719435691833496
p value proxy: 0.049833886325359344
result: True
power_upto_now: 0.1807228922843933
499th run
noise dimension : 27
noise variance: 1063.4034423828125
original u-statistic:1.5204942226409912
p value proxy: 0.039867110550403595
result: True
power_upto_now: 0.18236473202705383
500th run
noise dimension : 27
noise variance: 1067.5147705078125
original u-statistic:1.2191052436828613
p value proxy: 0.07308969646692276
result: False
power_upto_now: 0.18199999630451202
power estimate : 0.18199999630451202
elapsed time: 6723.397965669632
