job started
cuda available: True
code run on device:: cuda:0

n1 = 20000, n2 = 20000,

kappa = 3, alpha = 1.05,

gamma = 0.05, nTests = 500,

B = 300

1th run
noise dimension : 27
noise variance: 195.5334930419922
original u-statistic:0.3390476703643799
p value proxy: 0.019933555275201797
result: True
power_upto_now: 1.0
2th run
noise dimension : 27
noise variance: 195.8732452392578
original u-statistic:0.13983893394470215
p value proxy: 0.13621261715888977
result: False
power_upto_now: 0.5
3th run
noise dimension : 27
noise variance: 196.3485870361328
original u-statistic:0.7879202365875244
p value proxy: 0.003322259057313204
result: True
power_upto_now: 0.6666666865348816
4th run
noise dimension : 27
noise variance: 196.18251037597656
original u-statistic:0.4049854278564453
p value proxy: 0.019933555275201797
result: True
power_upto_now: 0.75
5th run
noise dimension : 27
noise variance: 195.3242950439453
original u-statistic:0.5288031101226807
p value proxy: 0.003322259057313204
result: True
power_upto_now: 0.800000011920929
6th run
noise dimension : 27
noise variance: 196.0726318359375
original u-statistic:1.15279221534729
p value proxy: 0.003322259057313204
result: True
power_upto_now: 0.8333333134651184
7th run
noise dimension : 27
noise variance: 195.73345947265625
original u-statistic:0.48210620880126953
p value proxy: 0.006644518114626408
result: True
power_upto_now: 0.8571428656578064
8th run
noise dimension : 27
noise variance: 196.1026153564453
original u-statistic:0.5141000747680664
p value proxy: 0.003322259057313204
result: True
power_upto_now: 0.875
9th run
noise dimension : 27
noise variance: 195.69786071777344
original u-statistic:0.566108226776123
p value proxy: 0.003322259057313204
result: True
power_upto_now: 0.8888888955116272
10th run
noise dimension : 27
noise variance: 196.25668334960938
original u-statistic:0.4878056049346924
p value proxy: 0.003322259057313204
result: True
power_upto_now: 0.8999999761581421
11th run
noise dimension : 27
noise variance: 195.5181884765625
original u-statistic:0.3912224769592285
p value proxy: 0.006644518114626408
result: True
power_upto_now: 0.9090909361839294
12th run
noise dimension : 27
noise variance: 195.6041717529297
original u-statistic:0.3650345802307129
p value proxy: 0.016611294820904732
result: True
power_upto_now: 0.9166666865348816
13th run
noise dimension : 27
noise variance: 195.82601928710938
original u-statistic:0.43531298637390137
p value proxy: 0.023255813866853714
result: True
power_upto_now: 0.9230769276618958
14th run
noise dimension : 27
noise variance: 195.559814453125
original u-statistic:0.5608553886413574
p value proxy: 0.003322259057313204
result: True
power_upto_now: 0.9285714030265808
15th run
noise dimension : 27
noise variance: 195.65553283691406
original u-statistic:0.454160213470459
p value proxy: 0.003322259057313204
result: True
power_upto_now: 0.9333333373069763
16th run
noise dimension : 27
noise variance: 195.384033203125
original u-statistic:0.7130587100982666
p value proxy: 0.006644518114626408
result: True
power_upto_now: 0.9375
17th run
noise dimension : 27
noise variance: 195.50555419921875
original u-statistic:0.43604278564453125
p value proxy: 0.013289036229252815
result: True
power_upto_now: 0.9411764740943909
18th run
noise dimension : 27
noise variance: 196.47325134277344
original u-statistic:0.5990350246429443
p value proxy: 0.003322259057313204
result: True
power_upto_now: 0.9444444179534912
19th run
noise dimension : 27
noise variance: 195.99407958984375
original u-statistic:0.5014545917510986
p value proxy: 0.003322259057313204
result: True
power_upto_now: 0.9473684430122375
20th run
noise dimension : 27
noise variance: 195.95277404785156
original u-statistic:0.3493950366973877
p value proxy: 0.016611294820904732
result: True
power_upto_now: 0.949999988079071
21th run
noise dimension : 27
noise variance: 195.93370056152344
original u-statistic:0.577073335647583
p value proxy: 0.003322259057313204
result: True
power_upto_now: 0.9523809552192688
22th run
noise dimension : 27
noise variance: 195.21241760253906
original u-statistic:0.17100262641906738
p value proxy: 0.14617939293384552
result: False
power_upto_now: 0.9090909361839294
23th run
noise dimension : 27
noise variance: 195.88970947265625
original u-statistic:0.7194836139678955
p value proxy: 0.003322259057313204
result: True
power_upto_now: 0.9130434989929199
24th run
noise dimension : 27
noise variance: 196.57444763183594
original u-statistic:0.5565025806427002
p value proxy: 0.006644518114626408
result: True
power_upto_now: 0.9166666865348816
25th run
noise dimension : 27
noise variance: 195.61968994140625
original u-statistic:0.36098432540893555
p value proxy: 0.013289036229252815
result: True
power_upto_now: 0.9200000166893005
26th run
noise dimension : 27
noise variance: 195.8835906982422
original u-statistic:0.5178844928741455
p value proxy: 0.006644518114626408
result: True
power_upto_now: 0.9230769276618958
27th run
noise dimension : 27
noise variance: 195.35215759277344
original u-statistic:0.4023933410644531
p value proxy: 0.013289036229252815
result: True
power_upto_now: 0.9259259104728699
28th run
noise dimension : 27
noise variance: 196.05316162109375
original u-statistic:-0.12968730926513672
p value proxy: 0.7740863561630249
result: False
power_upto_now: 0.8928571343421936
29th run
noise dimension : 27
noise variance: 195.94964599609375
original u-statistic:0.5455050468444824
p value proxy: 0.006644518114626408
result: True
power_upto_now: 0.8965517282485962
30th run
noise dimension : 27
noise variance: 195.968505859375
original u-statistic:0.8758485317230225
p value proxy: 0.003322259057313204
result: True
power_upto_now: 0.8999999761581421
31th run
noise dimension : 27
noise variance: 195.9189453125
original u-statistic:1.0387353897094727
p value proxy: 0.003322259057313204
result: True
power_upto_now: 0.9032257795333862
32th run
noise dimension : 27
noise variance: 195.5344696044922
original u-statistic:0.8049461841583252
p value proxy: 0.003322259057313204
result: True
power_upto_now: 0.90625
33th run
noise dimension : 27
noise variance: 195.90464782714844
original u-statistic:0.6162497997283936
p value proxy: 0.003322259057313204
result: True
power_upto_now: 0.9090909361839294
34th run
noise dimension : 27
noise variance: 196.21798706054688
original u-statistic:0.630145788192749
p value proxy: 0.003322259057313204
result: True
power_upto_now: 0.9117646813392639
35th run
noise dimension : 27
noise variance: 196.38253784179688
original u-statistic:0.37497901916503906
p value proxy: 0.013289036229252815
result: True
power_upto_now: 0.9142857193946838
36th run
noise dimension : 27
noise variance: 195.99729919433594
original u-statistic:0.7306361198425293
p value proxy: 0.003322259057313204
result: True
power_upto_now: 0.9166666865348816
37th run
noise dimension : 27
noise variance: 195.62474060058594
original u-statistic:0.7364819049835205
p value proxy: 0.003322259057313204
result: True
power_upto_now: 0.9189189076423645
38th run
noise dimension : 27
noise variance: 195.39620971679688
original u-statistic:0.5479702949523926
p value proxy: 0.006644518114626408
result: True
power_upto_now: 0.9210526347160339
39th run
noise dimension : 27
noise variance: 195.78831481933594
original u-statistic:0.4152865409851074
p value proxy: 0.006644518114626408
result: True
power_upto_now: 0.9230769276618958
40th run
noise dimension : 27
noise variance: 195.93287658691406
original u-statistic:0.6509814262390137
p value proxy: 0.003322259057313204
result: True
power_upto_now: 0.925000011920929
41th run
noise dimension : 27
noise variance: 195.48951721191406
original u-statistic:0.9480907917022705
p value proxy: 0.003322259057313204
result: True
power_upto_now: 0.9268292784690857
42th run
noise dimension : 27
noise variance: 196.1591796875
original u-statistic:0.5579178333282471
p value proxy: 0.006644518114626408
result: True
power_upto_now: 0.9285714030265808
43th run
noise dimension : 27
noise variance: 196.0266571044922
original u-statistic:0.4336068630218506
p value proxy: 0.009966777637600899
result: True
power_upto_now: 0.930232584476471
44th run
noise dimension : 27
noise variance: 196.0452423095703
original u-statistic:0.42666172981262207
p value proxy: 0.009966777637600899
result: True
power_upto_now: 0.9318181872367859
45th run
noise dimension : 27
noise variance: 196.09530639648438
original u-statistic:0.25992512702941895
p value proxy: 0.04651162773370743
result: True
power_upto_now: 0.9333333373069763
46th run
noise dimension : 27
noise variance: 196.30870056152344
original u-statistic:0.3713536262512207
p value proxy: 0.016611294820904732
result: True
power_upto_now: 0.9347826242446899
47th run
noise dimension : 27
noise variance: 195.905029296875
original u-statistic:0.7024736404418945
p value proxy: 0.003322259057313204
result: True
power_upto_now: 0.936170220375061
48th run
noise dimension : 27
noise variance: 195.3924102783203
original u-statistic:0.7933123111724854
p value proxy: 0.003322259057313204
result: True
power_upto_now: 0.9375
49th run
noise dimension : 27
noise variance: 196.3733673095703
original u-statistic:0.6042520999908447
p value proxy: 0.003322259057313204
result: True
power_upto_now: 0.9387755393981934
50th run
noise dimension : 27
noise variance: 196.57281494140625
original u-statistic:0.6693291664123535
p value proxy: 0.003322259057313204
result: True
power_upto_now: 0.9399999976158142
51th run
noise dimension : 27
noise variance: 195.02500915527344
original u-statistic:1.0099561214447021
p value proxy: 0.003322259057313204
result: True
power_upto_now: 0.9411764740943909
52th run
noise dimension : 27
noise variance: 195.45083618164062
original u-statistic:0.4797964096069336
p value proxy: 0.003322259057313204
result: True
power_upto_now: 0.942307710647583
53th run
noise dimension : 27
noise variance: 195.28298950195312
original u-statistic:0.4101874828338623
p value proxy: 0.006644518114626408
result: True
power_upto_now: 0.9433962106704712
54th run
noise dimension : 27
noise variance: 195.3302459716797
original u-statistic:0.4382627010345459
p value proxy: 0.009966777637600899
result: True
power_upto_now: 0.9444444179534912
55th run
noise dimension : 27
noise variance: 195.29563903808594
original u-statistic:0.49664759635925293
p value proxy: 0.006644518114626408
result: True
power_upto_now: 0.9454545378684998
56th run
noise dimension : 27
noise variance: 195.52430725097656
original u-statistic:-0.09982538223266602
p value proxy: 0.7541528344154358
result: False
power_upto_now: 0.9285714030265808
57th run
noise dimension : 27
noise variance: 195.01885986328125
original u-statistic:0.7688908576965332
p value proxy: 0.003322259057313204
result: True
power_upto_now: 0.9298245906829834
58th run
noise dimension : 27
noise variance: 195.1542205810547
original u-statistic:0.4961578845977783
p value proxy: 0.006644518114626408
result: True
power_upto_now: 0.931034505367279
59th run
noise dimension : 27
noise variance: 196.2401580810547
original u-statistic:0.5114650726318359
p value proxy: 0.009966777637600899
result: True
power_upto_now: 0.9322034120559692
60th run
noise dimension : 27
noise variance: 194.8495330810547
original u-statistic:0.6614837646484375
p value proxy: 0.003322259057313204
result: True
power_upto_now: 0.9333333373069763
61th run
noise dimension : 27
noise variance: 196.11627197265625
original u-statistic:0.5639805793762207
p value proxy: 0.003322259057313204
result: True
power_upto_now: 0.9344262480735779
62th run
noise dimension : 27
noise variance: 195.83168029785156
original u-statistic:1.1349272727966309
p value proxy: 0.003322259057313204
result: True
power_upto_now: 0.9354838728904724
63th run
noise dimension : 27
noise variance: 195.4740753173828
original u-statistic:0.576016902923584
p value proxy: 0.003322259057313204
result: True
power_upto_now: 0.9365079402923584
64th run
noise dimension : 27
noise variance: 195.28553771972656
original u-statistic:0.685791015625
p value proxy: 0.003322259057313204
result: True
power_upto_now: 0.9375
65th run
noise dimension : 27
noise variance: 196.33384704589844
original u-statistic:0.6414947509765625
p value proxy: 0.003322259057313204
result: True
power_upto_now: 0.9384615421295166
66th run
noise dimension : 27
noise variance: 195.84033203125
original u-statistic:0.8530299663543701
p value proxy: 0.003322259057313204
result: True
power_upto_now: 0.939393937587738
67th run
noise dimension : 27
noise variance: 196.240966796875
original u-statistic:0.5798397064208984
p value proxy: 0.003322259057313204
result: True
power_upto_now: 0.9402984976768494
68th run
noise dimension : 27
noise variance: 195.71327209472656
original u-statistic:0.44737935066223145
p value proxy: 0.003322259057313204
result: True
power_upto_now: 0.9411764740943909
69th run
noise dimension : 27
noise variance: 195.54212951660156
original u-statistic:0.6801750659942627
p value proxy: 0.003322259057313204
result: True
power_upto_now: 0.9420289993286133
70th run
noise dimension : 27
noise variance: 195.6300048828125
original u-statistic:0.5701944828033447
p value proxy: 0.003322259057313204
result: True
power_upto_now: 0.9428571462631226
71th run
noise dimension : 27
noise variance: 195.93418884277344
original u-statistic:0.45842504501342773
p value proxy: 0.003322259057313204
result: True
power_upto_now: 0.9436619877815247
72th run
noise dimension : 27
noise variance: 195.68751525878906
original u-statistic:0.42251014709472656
p value proxy: 0.016611294820904732
result: True
power_upto_now: 0.9444444179534912
73th run
noise dimension : 27
noise variance: 194.75860595703125
original u-statistic:0.6935093402862549
p value proxy: 0.003322259057313204
result: True
power_upto_now: 0.9452054500579834
74th run
noise dimension : 27
noise variance: 195.92776489257812
original u-statistic:0.47915124893188477
p value proxy: 0.006644518114626408
result: True
power_upto_now: 0.9459459185600281
75th run
noise dimension : 27
noise variance: 196.31886291503906
original u-statistic:0.22301721572875977
p value proxy: 0.07973422110080719
result: False
power_upto_now: 0.9333333373069763
76th run
noise dimension : 27
noise variance: 195.54623413085938
original u-statistic:0.6310834884643555
p value proxy: 0.003322259057313204
result: True
power_upto_now: 0.9342105388641357
77th run
noise dimension : 27
noise variance: 195.69338989257812
original u-statistic:0.13270926475524902
p value proxy: 0.20930232107639313
result: False
power_upto_now: 0.9220778942108154
78th run
noise dimension : 27
noise variance: 196.34420776367188
original u-statistic:0.7428886890411377
p value proxy: 0.003322259057313204
result: True
power_upto_now: 0.9230769276618958
79th run
noise dimension : 27
noise variance: 195.36798095703125
original u-statistic:0.48155999183654785
p value proxy: 0.003322259057313204
result: True
power_upto_now: 0.9240506291389465
80th run
noise dimension : 27
noise variance: 195.4711456298828
original u-statistic:0.40958452224731445
p value proxy: 0.009966777637600899
result: True
power_upto_now: 0.925000011920929
81th run
noise dimension : 27
noise variance: 196.57298278808594
original u-statistic:0.43886756896972656
p value proxy: 0.006644518114626408
result: True
power_upto_now: 0.9259259104728699
82th run
noise dimension : 27
noise variance: 196.27610778808594
original u-statistic:0.7130296230316162
p value proxy: 0.003322259057313204
result: True
power_upto_now: 0.9268292784690857
83th run
noise dimension : 27
noise variance: 195.6039581298828
original u-statistic:0.23659205436706543
p value proxy: 0.059800662100315094
result: False
power_upto_now: 0.9156626462936401
84th run
noise dimension : 27
noise variance: 195.75628662109375
original u-statistic:0.3578650951385498
p value proxy: 0.009966777637600899
result: True
power_upto_now: 0.9166666865348816
85th run
noise dimension : 27
noise variance: 195.5467987060547
original u-statistic:0.2666642665863037
p value proxy: 0.05315614491701126
result: False
power_upto_now: 0.9058823585510254
86th run
noise dimension : 27
noise variance: 195.660888671875
original u-statistic:0.21837139129638672
p value proxy: 0.08970099687576294
result: False
power_upto_now: 0.895348846912384
87th run
noise dimension : 27
noise variance: 195.51031494140625
original u-statistic:0.034360647201538086
p value proxy: 0.342192679643631
result: False
power_upto_now: 0.8850574493408203
88th run
noise dimension : 27
noise variance: 196.77813720703125
original u-statistic:0.5243995189666748
p value proxy: 0.006644518114626408
result: True
power_upto_now: 0.8863636255264282
89th run
noise dimension : 27
noise variance: 195.45921325683594
original u-statistic:0.3005199432373047
p value proxy: 0.04318936914205551
result: True
power_upto_now: 0.8876404762268066
90th run
noise dimension : 27
noise variance: 195.8511505126953
original u-statistic:0.2796149253845215
p value proxy: 0.033222589641809464
result: True
power_upto_now: 0.8888888955116272
91th run
noise dimension : 27
noise variance: 196.36329650878906
original u-statistic:1.0775713920593262
p value proxy: 0.003322259057313204
result: True
power_upto_now: 0.8901098966598511
92th run
noise dimension : 27
noise variance: 195.58570861816406
original u-statistic:0.7871227264404297
p value proxy: 0.003322259057313204
result: True
power_upto_now: 0.8913043737411499
93th run
noise dimension : 27
noise variance: 195.80653381347656
original u-statistic:0.8456683158874512
p value proxy: 0.003322259057313204
result: True
power_upto_now: 0.8924731016159058
94th run
noise dimension : 27
noise variance: 195.7059326171875
original u-statistic:0.8068230152130127
p value proxy: 0.003322259057313204
result: True
power_upto_now: 0.8936170339584351
95th run
noise dimension : 27
noise variance: 196.61170959472656
original u-statistic:0.38077497482299805
p value proxy: 0.016611294820904732
result: True
power_upto_now: 0.8947368264198303
96th run
noise dimension : 27
noise variance: 195.38433837890625
original u-statistic:0.5020177364349365
p value proxy: 0.013289036229252815
result: True
power_upto_now: 0.8958333134651184
97th run
noise dimension : 27
noise variance: 196.2713623046875
original u-statistic:0.5173242092132568
p value proxy: 0.013289036229252815
result: True
power_upto_now: 0.8969072103500366
98th run
noise dimension : 27
noise variance: 195.5618438720703
original u-statistic:0.5329551696777344
p value proxy: 0.003322259057313204
result: True
power_upto_now: 0.8979591727256775
99th run
noise dimension : 27
noise variance: 195.01205444335938
original u-statistic:0.6229376792907715
p value proxy: 0.003322259057313204
result: True
power_upto_now: 0.8989899158477783
100th run
noise dimension : 27
noise variance: 194.82736206054688
original u-statistic:0.6095883846282959
p value proxy: 0.003322259057313204
result: True
power_upto_now: 0.8999999761581421
101th run
noise dimension : 27
noise variance: 196.23033142089844
original u-statistic:1.1388309001922607
p value proxy: 0.003322259057313204
result: True
power_upto_now: 0.9009901285171509
102th run
noise dimension : 27
noise variance: 195.7720184326172
original u-statistic:0.4563632011413574
p value proxy: 0.003322259057313204
result: True
power_upto_now: 0.9019607901573181
103th run
noise dimension : 27
noise variance: 195.46841430664062
original u-statistic:1.0391123294830322
p value proxy: 0.003322259057313204
result: True
power_upto_now: 0.9029126167297363
104th run
noise dimension : 27
noise variance: 195.37954711914062
original u-statistic:0.8606932163238525
p value proxy: 0.003322259057313204
result: True
power_upto_now: 0.9038461446762085
105th run
noise dimension : 27
noise variance: 195.8827667236328
original u-statistic:0.684166431427002
p value proxy: 0.003322259057313204
result: True
power_upto_now: 0.9047619104385376
106th run
noise dimension : 27
noise variance: 195.84054565429688
original u-statistic:0.438643217086792
p value proxy: 0.009966777637600899
result: True
power_upto_now: 0.9056603908538818
107th run
noise dimension : 27
noise variance: 196.22952270507812
original u-statistic:0.18896722793579102
p value proxy: 0.12956809997558594
result: False
power_upto_now: 0.8971962332725525
108th run
noise dimension : 27
noise variance: 195.80801391601562
original u-statistic:0.6429793834686279
p value proxy: 0.003322259057313204
result: True
power_upto_now: 0.8981481194496155
109th run
noise dimension : 27
noise variance: 195.8615264892578
original u-statistic:0.5012965202331543
p value proxy: 0.003322259057313204
result: True
power_upto_now: 0.8990825414657593
110th run
noise dimension : 27
noise variance: 195.75469970703125
original u-statistic:0.9618062973022461
p value proxy: 0.003322259057313204
result: True
power_upto_now: 0.8999999761581421
111th run
noise dimension : 27
noise variance: 195.8695831298828
original u-statistic:0.9223074913024902
p value proxy: 0.003322259057313204
result: True
power_upto_now: 0.9009009003639221
112th run
noise dimension : 27
noise variance: 195.5180206298828
original u-statistic:0.5098886489868164
p value proxy: 0.003322259057313204
result: True
power_upto_now: 0.9017857313156128
113th run
noise dimension : 27
noise variance: 196.13424682617188
original u-statistic:0.3795039653778076
p value proxy: 0.019933555275201797
result: True
power_upto_now: 0.9026548862457275
114th run
noise dimension : 27
noise variance: 196.00880432128906
original u-statistic:0.6062517166137695
p value proxy: 0.003322259057313204
result: True
power_upto_now: 0.9035087823867798
115th run
noise dimension : 27
noise variance: 195.9405517578125
original u-statistic:0.3726654052734375
p value proxy: 0.006644518114626408
result: True
power_upto_now: 0.904347836971283
116th run
noise dimension : 27
noise variance: 196.28028869628906
original u-statistic:0.25858569145202637
p value proxy: 0.05315614491701126
result: False
power_upto_now: 0.8965517282485962
117th run
noise dimension : 27
noise variance: 195.6839599609375
original u-statistic:0.6749019622802734
p value proxy: 0.006644518114626408
result: True
power_upto_now: 0.8974359035491943
118th run
noise dimension : 27
noise variance: 196.18133544921875
original u-statistic:0.46131110191345215
p value proxy: 0.006644518114626408
result: True
power_upto_now: 0.8983050584793091
119th run
noise dimension : 27
noise variance: 196.5215301513672
original u-statistic:0.3589742183685303
p value proxy: 0.016611294820904732
result: True
power_upto_now: 0.8991596698760986
120th run
noise dimension : 27
noise variance: 195.84402465820312
original u-statistic:0.7474954128265381
p value proxy: 0.003322259057313204
result: True
power_upto_now: 0.8999999761581421
121th run
noise dimension : 27
noise variance: 195.82130432128906
original u-statistic:0.49228334426879883
p value proxy: 0.003322259057313204
result: True
power_upto_now: 0.9008264541625977
122th run
noise dimension : 27
noise variance: 196.0686798095703
original u-statistic:0.43668413162231445
p value proxy: 0.006644518114626408
result: True
power_upto_now: 0.9016393423080444
123th run
noise dimension : 27
noise variance: 196.62054443359375
original u-statistic:0.3232886791229248
p value proxy: 0.019933555275201797
result: True
power_upto_now: 0.9024389982223511
124th run
noise dimension : 27
noise variance: 196.35214233398438
original u-statistic:0.30768513679504395
p value proxy: 0.04318936914205551
result: True
power_upto_now: 0.9032257795333862
125th run
noise dimension : 27
noise variance: 195.2080078125
original u-statistic:0.4310026168823242
p value proxy: 0.006644518114626408
result: True
power_upto_now: 0.9039999842643738
126th run
noise dimension : 27
noise variance: 196.1581268310547
original u-statistic:0.02472829818725586
p value proxy: 0.3920265734195709
result: False
power_upto_now: 0.89682537317276
127th run
noise dimension : 27
noise variance: 195.36964416503906
original u-statistic:0.4046931266784668
p value proxy: 0.009966777637600899
result: True
power_upto_now: 0.8976377844810486
128th run
noise dimension : 27
noise variance: 195.87156677246094
original u-statistic:0.40706610679626465
p value proxy: 0.009966777637600899
result: True
power_upto_now: 0.8984375
129th run
noise dimension : 27
noise variance: 195.36898803710938
original u-statistic:0.41846418380737305
p value proxy: 0.006644518114626408
result: True
power_upto_now: 0.8992248177528381
130th run
noise dimension : 27
noise variance: 195.6362762451172
original u-statistic:0.47273898124694824
p value proxy: 0.009966777637600899
result: True
power_upto_now: 0.8999999761581421
131th run
noise dimension : 27
noise variance: 196.5905303955078
original u-statistic:0.7235012054443359
p value proxy: 0.003322259057313204
result: True
power_upto_now: 0.9007633328437805
132th run
noise dimension : 27
noise variance: 196.3767547607422
original u-statistic:0.495572566986084
p value proxy: 0.009966777637600899
result: True
power_upto_now: 0.9015151262283325
133th run
noise dimension : 27
noise variance: 196.19183349609375
original u-statistic:0.5922818183898926
p value proxy: 0.003322259057313204
result: True
power_upto_now: 0.902255654335022
134th run
noise dimension : 27
noise variance: 195.88919067382812
original u-statistic:0.04399871826171875
p value proxy: 0.382059782743454
result: False
power_upto_now: 0.89552241563797
135th run
noise dimension : 27
noise variance: 195.992919921875
original u-statistic:0.4175264835357666
p value proxy: 0.006644518114626408
result: True
power_upto_now: 0.8962963223457336
136th run
noise dimension : 27
noise variance: 196.11265563964844
original u-statistic:0.15293002128601074
p value proxy: 0.13289035856723785
result: False
power_upto_now: 0.8897058963775635
137th run
noise dimension : 27
noise variance: 195.19581604003906
original u-statistic:0.45841002464294434
p value proxy: 0.009966777637600899
result: True
power_upto_now: 0.8905109763145447
138th run
noise dimension : 27
noise variance: 195.75689697265625
original u-statistic:0.6319043636322021
p value proxy: 0.003322259057313204
result: True
power_upto_now: 0.8913043737411499
139th run
noise dimension : 27
noise variance: 196.2314453125
original u-statistic:0.10235381126403809
p value proxy: 0.2259136140346527
result: False
power_upto_now: 0.8848921060562134
140th run
noise dimension : 27
noise variance: 196.28855895996094
original u-statistic:0.49825406074523926
p value proxy: 0.009966777637600899
result: True
power_upto_now: 0.8857142925262451
141th run
noise dimension : 27
noise variance: 195.36148071289062
original u-statistic:0.7389957904815674
p value proxy: 0.003322259057313204
result: True
power_upto_now: 0.8865247964859009
142th run
noise dimension : 27
noise variance: 195.57814025878906
original u-statistic:0.5627658367156982
p value proxy: 0.003322259057313204
result: True
power_upto_now: 0.8873239159584045
143th run
noise dimension : 27
noise variance: 196.06199645996094
original u-statistic:0.30005598068237305
p value proxy: 0.033222589641809464
result: True
power_upto_now: 0.8881118893623352
144th run
noise dimension : 27
noise variance: 196.74327087402344
original u-statistic:0.31340861320495605
p value proxy: 0.033222589641809464
result: True
power_upto_now: 0.8888888955116272
145th run
noise dimension : 27
noise variance: 196.01638793945312
original u-statistic:0.9494411945343018
p value proxy: 0.003322259057313204
result: True
power_upto_now: 0.8896551728248596
146th run
noise dimension : 27
noise variance: 195.7090301513672
original u-statistic:1.0356874465942383
p value proxy: 0.003322259057313204
result: True
power_upto_now: 0.8904109597206116
147th run
noise dimension : 27
noise variance: 196.0857391357422
original u-statistic:0.4165384769439697
p value proxy: 0.003322259057313204
result: True
power_upto_now: 0.8911564350128174
148th run
noise dimension : 27
noise variance: 196.38214111328125
original u-statistic:0.41370296478271484
p value proxy: 0.009966777637600899
result: True
power_upto_now: 0.8918918967247009
149th run
noise dimension : 27
noise variance: 195.86997985839844
original u-statistic:0.853593111038208
p value proxy: 0.003322259057313204
result: True
power_upto_now: 0.8926174640655518
150th run
noise dimension : 27
noise variance: 196.16342163085938
original u-statistic:0.9405655860900879
p value proxy: 0.003322259057313204
result: True
power_upto_now: 0.8933333158493042
151th run
noise dimension : 27
noise variance: 196.01466369628906
original u-statistic:0.18582940101623535
p value proxy: 0.1029900312423706
result: False
power_upto_now: 0.887417197227478
152th run
noise dimension : 27
noise variance: 196.38522338867188
original u-statistic:0.7045612335205078
p value proxy: 0.003322259057313204
result: True
power_upto_now: 0.8881579041481018
153th run
noise dimension : 27
noise variance: 195.73902893066406
original u-statistic:0.5993466377258301
p value proxy: 0.003322259057313204
result: True
power_upto_now: 0.8888888955116272
154th run
noise dimension : 27
noise variance: 196.38536071777344
original u-statistic:0.34023094177246094
p value proxy: 0.013289036229252815
result: True
power_upto_now: 0.8896104097366333
155th run
noise dimension : 27
noise variance: 195.7830810546875
original u-statistic:0.560917854309082
p value proxy: 0.003322259057313204
result: True
power_upto_now: 0.8903225660324097
156th run
noise dimension : 27
noise variance: 196.34397888183594
original u-statistic:0.4384419918060303
p value proxy: 0.009966777637600899
result: True
power_upto_now: 0.8910256624221802
157th run
noise dimension : 27
noise variance: 196.22128295898438
original u-statistic:0.8821713924407959
p value proxy: 0.003322259057313204
result: True
power_upto_now: 0.8917197585105896
158th run
noise dimension : 27
noise variance: 196.52528381347656
original u-statistic:0.5151858329772949
p value proxy: 0.006644518114626408
result: True
power_upto_now: 0.892405092716217
159th run
noise dimension : 27
noise variance: 196.00389099121094
original u-statistic:0.6825282573699951
p value proxy: 0.003322259057313204
result: True
power_upto_now: 0.893081784248352
160th run
noise dimension : 27
noise variance: 196.05029296875
original u-statistic:0.5634534358978271
p value proxy: 0.003322259057313204
result: True
power_upto_now: 0.893750011920929
161th run
noise dimension : 27
noise variance: 194.82333374023438
original u-statistic:0.4219386577606201
p value proxy: 0.006644518114626408
result: True
power_upto_now: 0.8944099545478821
162th run
noise dimension : 27
noise variance: 195.3715362548828
original u-statistic:0.6875362396240234
p value proxy: 0.003322259057313204
result: True
power_upto_now: 0.895061731338501
163th run
noise dimension : 27
noise variance: 196.0180206298828
original u-statistic:0.26267051696777344
p value proxy: 0.03654484823346138
result: True
power_upto_now: 0.89570552110672
164th run
noise dimension : 27
noise variance: 196.16932678222656
original u-statistic:0.4202146530151367
p value proxy: 0.013289036229252815
result: True
power_upto_now: 0.8963414430618286
165th run
noise dimension : 27
noise variance: 196.1563720703125
original u-statistic:0.38076019287109375
p value proxy: 0.009966777637600899
result: True
power_upto_now: 0.8969696760177612
166th run
noise dimension : 27
noise variance: 195.6678924560547
original u-statistic:0.3964860439300537
p value proxy: 0.013289036229252815
result: True
power_upto_now: 0.8975903391838074
167th run
noise dimension : 27
noise variance: 195.26715087890625
original u-statistic:0.48088622093200684
p value proxy: 0.003322259057313204
result: True
power_upto_now: 0.8982036113739014
168th run
noise dimension : 27
noise variance: 196.1020050048828
original u-statistic:0.22770142555236816
p value proxy: 0.06312292069196701
result: False
power_upto_now: 0.8928571343421936
169th run
noise dimension : 27
noise variance: 196.19041442871094
original u-statistic:1.0551769733428955
p value proxy: 0.003322259057313204
result: True
power_upto_now: 0.8934911489486694
170th run
noise dimension : 27
noise variance: 195.63656616210938
original u-statistic:0.5444185733795166
p value proxy: 0.003322259057313204
result: True
power_upto_now: 0.8941176533699036
171th run
noise dimension : 27
noise variance: 196.2238006591797
original u-statistic:0.6826751232147217
p value proxy: 0.003322259057313204
result: True
power_upto_now: 0.8947368264198303
172th run
noise dimension : 27
noise variance: 195.9803009033203
original u-statistic:0.4161679744720459
p value proxy: 0.013289036229252815
result: True
power_upto_now: 0.895348846912384
173th run
noise dimension : 27
noise variance: 195.5164031982422
original u-statistic:0.3242063522338867
p value proxy: 0.02657807245850563
result: True
power_upto_now: 0.8959537744522095
174th run
noise dimension : 27
noise variance: 196.15724182128906
original u-statistic:0.641394853591919
p value proxy: 0.003322259057313204
result: True
power_upto_now: 0.8965517282485962
175th run
noise dimension : 27
noise variance: 196.1597442626953
original u-statistic:0.8421471118927002
p value proxy: 0.003322259057313204
result: True
power_upto_now: 0.8971428275108337
176th run
noise dimension : 27
noise variance: 195.07928466796875
original u-statistic:0.7124142646789551
p value proxy: 0.003322259057313204
result: True
power_upto_now: 0.8977272510528564
177th run
noise dimension : 27
noise variance: 195.7481231689453
original u-statistic:0.5824136734008789
p value proxy: 0.003322259057313204
result: True
power_upto_now: 0.8983050584793091
178th run
noise dimension : 27
noise variance: 196.55844116210938
original u-statistic:0.3943367004394531
p value proxy: 0.003322259057313204
result: True
power_upto_now: 0.898876428604126
179th run
noise dimension : 27
noise variance: 195.91102600097656
original u-statistic:0.45072126388549805
p value proxy: 0.013289036229252815
result: True
power_upto_now: 0.8994413614273071
180th run
noise dimension : 27
noise variance: 196.21189880371094
original u-statistic:0.9707865715026855
p value proxy: 0.003322259057313204
result: True
power_upto_now: 0.8999999761581421
181th run
noise dimension : 27
noise variance: 196.28306579589844
original u-statistic:0.3574821949005127
p value proxy: 0.013289036229252815
result: True
power_upto_now: 0.90055251121521
182th run
noise dimension : 27
noise variance: 195.9894561767578
original u-statistic:0.6412551403045654
p value proxy: 0.003322259057313204
result: True
power_upto_now: 0.901098906993866
183th run
noise dimension : 27
noise variance: 195.76832580566406
original u-statistic:0.1566309928894043
p value proxy: 0.13289035856723785
result: False
power_upto_now: 0.8961748480796814
184th run
noise dimension : 27
noise variance: 196.35011291503906
original u-statistic:0.10293769836425781
p value proxy: 0.21594683825969696
result: False
power_upto_now: 0.8913043737411499
185th run
noise dimension : 27
noise variance: 196.3391876220703
original u-statistic:0.828606367111206
p value proxy: 0.003322259057313204
result: True
power_upto_now: 0.8918918967247009
186th run
noise dimension : 27
noise variance: 196.0927276611328
original u-statistic:0.5048892498016357
p value proxy: 0.009966777637600899
result: True
power_upto_now: 0.8924731016159058
187th run
noise dimension : 27
noise variance: 195.5624237060547
original u-statistic:0.9454576969146729
p value proxy: 0.003322259057313204
result: True
power_upto_now: 0.893048107624054
188th run
noise dimension : 27
noise variance: 195.66578674316406
original u-statistic:0.41859912872314453
p value proxy: 0.013289036229252815
result: True
power_upto_now: 0.8936170339584351
189th run
noise dimension : 27
noise variance: 196.12081909179688
original u-statistic:0.4619908332824707
p value proxy: 0.006644518114626408
result: True
power_upto_now: 0.8941798806190491
190th run
noise dimension : 27
noise variance: 195.59007263183594
original u-statistic:0.5482089519500732
p value proxy: 0.003322259057313204
result: True
power_upto_now: 0.8947368264198303
191th run
noise dimension : 27
noise variance: 195.4506072998047
original u-statistic:0.5848298072814941
p value proxy: 0.003322259057313204
result: True
power_upto_now: 0.8952879309654236
192th run
noise dimension : 27
noise variance: 195.32408142089844
original u-statistic:0.7865447998046875
p value proxy: 0.003322259057313204
result: True
power_upto_now: 0.8958333134651184
193th run
noise dimension : 27
noise variance: 195.06005859375
original u-statistic:0.5662887096405029
p value proxy: 0.003322259057313204
result: True
power_upto_now: 0.8963730335235596
194th run
noise dimension : 27
noise variance: 196.04803466796875
original u-statistic:0.15693140029907227
p value proxy: 0.1661129593849182
result: False
power_upto_now: 0.8917526006698608
195th run
noise dimension : 27
noise variance: 195.85206604003906
original u-statistic:0.2556309700012207
p value proxy: 0.02657807245850563
result: True
power_upto_now: 0.892307698726654
196th run
noise dimension : 27
noise variance: 196.07244873046875
original u-statistic:-0.011493444442749023
p value proxy: 0.47840529680252075
result: False
power_upto_now: 0.8877550959587097
197th run
noise dimension : 27
noise variance: 196.5345458984375
original u-statistic:-0.17600512504577637
p value proxy: 0.8870431780815125
result: False
power_upto_now: 0.8832487463951111
198th run
noise dimension : 27
noise variance: 195.33462524414062
original u-statistic:0.2493422031402588
p value proxy: 0.059800662100315094
result: False
power_upto_now: 0.8787878751754761
199th run
noise dimension : 27
noise variance: 195.71946716308594
original u-statistic:0.5512547492980957
p value proxy: 0.003322259057313204
result: True
power_upto_now: 0.8793969750404358
200th run
noise dimension : 27
noise variance: 195.56024169921875
original u-statistic:0.13816332817077637
p value proxy: 0.1860465109348297
result: False
power_upto_now: 0.875
201th run
noise dimension : 27
noise variance: 196.4432373046875
original u-statistic:0.8361332416534424
p value proxy: 0.003322259057313204
result: True
power_upto_now: 0.8756219148635864
202th run
noise dimension : 27
noise variance: 196.04368591308594
original u-statistic:0.428941011428833
p value proxy: 0.009966777637600899
result: True
power_upto_now: 0.8762376308441162
203th run
noise dimension : 27
noise variance: 195.95590209960938
original u-statistic:0.27455878257751465
p value proxy: 0.04318936914205551
result: True
power_upto_now: 0.8768472671508789
204th run
noise dimension : 27
noise variance: 195.62538146972656
original u-statistic:0.3774251937866211
p value proxy: 0.009966777637600899
result: True
power_upto_now: 0.8774510025978088
205th run
noise dimension : 27
noise variance: 195.5537109375
original u-statistic:0.5912277698516846
p value proxy: 0.006644518114626408
result: True
power_upto_now: 0.8780487775802612
206th run
noise dimension : 27
noise variance: 195.28285217285156
original u-statistic:0.22229385375976562
p value proxy: 0.07308969646692276
result: False
power_upto_now: 0.8737863898277283
207th run
noise dimension : 27
noise variance: 196.0131072998047
original u-statistic:0.7556400299072266
p value proxy: 0.003322259057313204
result: True
power_upto_now: 0.8743961453437805
208th run
noise dimension : 27
noise variance: 195.2910919189453
original u-statistic:0.2866988182067871
p value proxy: 0.06312292069196701
result: False
power_upto_now: 0.870192289352417
209th run
noise dimension : 27
noise variance: 195.51275634765625
original u-statistic:1.02659010887146
p value proxy: 0.003322259057313204
result: True
power_upto_now: 0.8708133697509766
210th run
noise dimension : 27
noise variance: 195.71340942382812
original u-statistic:0.516768217086792
p value proxy: 0.006644518114626408
result: True
power_upto_now: 0.8714285492897034
211th run
noise dimension : 27
noise variance: 196.44085693359375
original u-statistic:0.7386784553527832
p value proxy: 0.003322259057313204
result: True
power_upto_now: 0.8720378875732422
212th run
noise dimension : 27
noise variance: 196.1563262939453
original u-statistic:0.4959988594055176
p value proxy: 0.006644518114626408
result: True
power_upto_now: 0.8726415038108826
213th run
noise dimension : 27
noise variance: 195.8874053955078
original u-statistic:1.0255913734436035
p value proxy: 0.003322259057313204
result: True
power_upto_now: 0.8732394576072693
214th run
noise dimension : 27
noise variance: 196.3834991455078
original u-statistic:0.5906586647033691
p value proxy: 0.003322259057313204
result: True
power_upto_now: 0.8738317489624023
215th run
noise dimension : 27
noise variance: 196.12075805664062
original u-statistic:0.5353553295135498
p value proxy: 0.006644518114626408
result: True
power_upto_now: 0.8744186162948608
216th run
noise dimension : 27
noise variance: 195.76004028320312
original u-statistic:0.777224063873291
p value proxy: 0.003322259057313204
result: True
power_upto_now: 0.875
217th run
noise dimension : 27
noise variance: 195.94961547851562
original u-statistic:0.8686506748199463
p value proxy: 0.003322259057313204
result: True
power_upto_now: 0.8755760192871094
218th run
noise dimension : 27
noise variance: 195.7069549560547
original u-statistic:0.5998208522796631
p value proxy: 0.003322259057313204
result: True
power_upto_now: 0.8761467933654785
219th run
noise dimension : 27
noise variance: 195.52606201171875
original u-statistic:0.213775634765625
p value proxy: 0.09966777265071869
result: False
power_upto_now: 0.8721461296081543
220th run
noise dimension : 27
noise variance: 196.01177978515625
original u-statistic:0.8250062465667725
p value proxy: 0.003322259057313204
result: True
power_upto_now: 0.8727272748947144
221th run
noise dimension : 27
noise variance: 196.32269287109375
original u-statistic:0.4156839847564697
p value proxy: 0.016611294820904732
result: True
power_upto_now: 0.8733031749725342
222th run
noise dimension : 27
noise variance: 195.68194580078125
original u-statistic:0.24264025688171387
p value proxy: 0.049833886325359344
result: True
power_upto_now: 0.8738738894462585
223th run
noise dimension : 27
noise variance: 196.7870330810547
original u-statistic:0.5148870944976807
p value proxy: 0.003322259057313204
result: True
power_upto_now: 0.8744394779205322
224th run
noise dimension : 27
noise variance: 196.3029022216797
original u-statistic:0.4767415523529053
p value proxy: 0.009966777637600899
result: True
power_upto_now: 0.875
225th run
noise dimension : 27
noise variance: 195.51727294921875
original u-statistic:0.10636568069458008
p value proxy: 0.23588038980960846
result: False
power_upto_now: 0.8711110949516296
226th run
noise dimension : 27
noise variance: 196.11090087890625
original u-statistic:0.8554930686950684
p value proxy: 0.003322259057313204
result: True
power_upto_now: 0.8716813921928406
227th run
noise dimension : 27
noise variance: 196.14231872558594
original u-statistic:0.5134162902832031
p value proxy: 0.003322259057313204
result: True
power_upto_now: 0.8722466826438904
228th run
noise dimension : 27
noise variance: 195.99392700195312
original u-statistic:0.39279723167419434
p value proxy: 0.016611294820904732
result: True
power_upto_now: 0.8728070259094238
229th run
noise dimension : 27
noise variance: 196.28350830078125
original u-statistic:0.7375457286834717
p value proxy: 0.003322259057313204
result: True
power_upto_now: 0.8733624219894409
230th run
noise dimension : 27
noise variance: 196.21597290039062
original u-statistic:0.48204660415649414
p value proxy: 0.009966777637600899
result: True
power_upto_now: 0.873913049697876
231th run
noise dimension : 27
noise variance: 196.2332305908203
original u-statistic:0.5671486854553223
p value proxy: 0.003322259057313204
result: True
power_upto_now: 0.8744588494300842
232th run
noise dimension : 27
noise variance: 195.15228271484375
original u-statistic:0.9410338401794434
p value proxy: 0.003322259057313204
result: True
power_upto_now: 0.875
233th run
noise dimension : 27
noise variance: 196.29042053222656
original u-statistic:0.10105443000793457
p value proxy: 0.22923587262630463
result: False
power_upto_now: 0.8712446093559265
234th run
noise dimension : 27
noise variance: 196.32542419433594
original u-statistic:0.5246620178222656
p value proxy: 0.003322259057313204
result: True
power_upto_now: 0.8717948794364929
235th run
noise dimension : 27
noise variance: 195.27392578125
original u-statistic:0.13367462158203125
p value proxy: 0.15946844220161438
result: False
power_upto_now: 0.8680850863456726
236th run
noise dimension : 27
noise variance: 195.60964965820312
original u-statistic:0.5885791778564453
p value proxy: 0.003322259057313204
result: True
power_upto_now: 0.8686440587043762
237th run
noise dimension : 27
noise variance: 196.6116485595703
original u-statistic:0.25017356872558594
p value proxy: 0.059800662100315094
result: False
power_upto_now: 0.8649789094924927
238th run
noise dimension : 27
noise variance: 195.8746795654297
original u-statistic:0.8416621685028076
p value proxy: 0.003322259057313204
result: True
power_upto_now: 0.8655462265014648
239th run
noise dimension : 27
noise variance: 195.95321655273438
original u-statistic:0.6884610652923584
p value proxy: 0.003322259057313204
result: True
power_upto_now: 0.866108775138855
240th run
noise dimension : 27
noise variance: 196.0158233642578
original u-statistic:1.0385732650756836
p value proxy: 0.003322259057313204
result: True
power_upto_now: 0.8666666746139526
241th run
noise dimension : 27
noise variance: 196.56332397460938
original u-statistic:0.5710780620574951
p value proxy: 0.003322259057313204
result: True
power_upto_now: 0.8672199249267578
242th run
noise dimension : 27
noise variance: 196.53160095214844
original u-statistic:0.5320897102355957
p value proxy: 0.003322259057313204
result: True
power_upto_now: 0.8677685856819153
243th run
noise dimension : 27
noise variance: 196.0166015625
original u-statistic:0.5008289813995361
p value proxy: 0.003322259057313204
result: True
power_upto_now: 0.8683127760887146
244th run
noise dimension : 27
noise variance: 196.35948181152344
original u-statistic:0.7097313404083252
p value proxy: 0.003322259057313204
result: True
power_upto_now: 0.868852436542511
245th run
noise dimension : 27
noise variance: 196.67784118652344
original u-statistic:0.027774333953857422
p value proxy: 0.35880398750305176
result: False
power_upto_now: 0.8653061389923096
246th run
noise dimension : 27
noise variance: 196.5650634765625
original u-statistic:0.8713998794555664
p value proxy: 0.003322259057313204
result: True
power_upto_now: 0.8658536672592163
247th run
noise dimension : 27
noise variance: 195.89089965820312
original u-statistic:0.8910160064697266
p value proxy: 0.003322259057313204
result: True
power_upto_now: 0.8663967847824097
248th run
noise dimension : 27
noise variance: 194.92800903320312
original u-statistic:0.6512753963470459
p value proxy: 0.003322259057313204
result: True
power_upto_now: 0.8669354915618896
249th run
noise dimension : 27
noise variance: 195.22799682617188
original u-statistic:0.693946123123169
p value proxy: 0.003322259057313204
result: True
power_upto_now: 0.8674699068069458
250th run
noise dimension : 27
noise variance: 195.6735076904297
original u-statistic:0.5853502750396729
p value proxy: 0.003322259057313204
result: True
power_upto_now: 0.8679999709129333
251th run
noise dimension : 27
noise variance: 196.4254150390625
original u-statistic:0.1922597885131836
p value proxy: 0.10963454842567444
result: False
power_upto_now: 0.8645418286323547
252th run
noise dimension : 27
noise variance: 195.78221130371094
original u-statistic:0.17173385620117188
p value proxy: 0.10963454842567444
result: False
power_upto_now: 0.8611111044883728
253th run
noise dimension : 27
noise variance: 196.0734405517578
original u-statistic:0.5898609161376953
p value proxy: 0.006644518114626408
result: True
power_upto_now: 0.8616600632667542
254th run
noise dimension : 27
noise variance: 195.52947998046875
original u-statistic:0.5830032825469971
p value proxy: 0.003322259057313204
result: True
power_upto_now: 0.8622047305107117
255th run
noise dimension : 27
noise variance: 195.63311767578125
original u-statistic:0.3383152484893799
p value proxy: 0.023255813866853714
result: True
power_upto_now: 0.8627451062202454
256th run
noise dimension : 27
noise variance: 195.94781494140625
original u-statistic:0.5468990802764893
p value proxy: 0.006644518114626408
result: True
power_upto_now: 0.86328125
257th run
noise dimension : 27
noise variance: 196.50624084472656
original u-statistic:0.37989139556884766
p value proxy: 0.023255813866853714
result: True
power_upto_now: 0.8638132214546204
258th run
noise dimension : 27
noise variance: 195.8571319580078
original u-statistic:0.3728806972503662
p value proxy: 0.019933555275201797
result: True
power_upto_now: 0.8643410801887512
259th run
noise dimension : 27
noise variance: 196.27279663085938
original u-statistic:0.32618021965026855
p value proxy: 0.023255813866853714
result: True
power_upto_now: 0.8648648858070374
260th run
noise dimension : 27
noise variance: 196.08143615722656
original u-statistic:0.9568943977355957
p value proxy: 0.003322259057313204
result: True
power_upto_now: 0.8653846383094788
261th run
noise dimension : 27
noise variance: 195.80181884765625
original u-statistic:0.7378833293914795
p value proxy: 0.003322259057313204
result: True
power_upto_now: 0.8659003973007202
262th run
noise dimension : 27
noise variance: 196.3318328857422
original u-statistic:0.7764403820037842
p value proxy: 0.003322259057313204
result: True
power_upto_now: 0.8664122223854065
263th run
noise dimension : 27
noise variance: 195.4887237548828
original u-statistic:0.6956956386566162
p value proxy: 0.006644518114626408
result: True
power_upto_now: 0.8669201731681824
264th run
noise dimension : 27
noise variance: 196.180908203125
original u-statistic:0.7692217826843262
p value proxy: 0.003322259057313204
result: True
power_upto_now: 0.8674242496490479
265th run
noise dimension : 27
noise variance: 196.19656372070312
original u-statistic:0.4378807544708252
p value proxy: 0.016611294820904732
result: True
power_upto_now: 0.8679245114326477
266th run
noise dimension : 27
noise variance: 195.80482482910156
original u-statistic:0.35898923873901367
p value proxy: 0.023255813866853714
result: True
power_upto_now: 0.8684210777282715
267th run
noise dimension : 27
noise variance: 196.18943786621094
original u-statistic:0.48656749725341797
p value proxy: 0.006644518114626408
result: True
power_upto_now: 0.8689138293266296
268th run
noise dimension : 27
noise variance: 196.39146423339844
original u-statistic:0.2505190372467041
p value proxy: 0.04651162773370743
result: True
power_upto_now: 0.8694030046463013
269th run
noise dimension : 27
noise variance: 195.19065856933594
original u-statistic:0.6636033058166504
p value proxy: 0.006644518114626408
result: True
power_upto_now: 0.8698884844779968
270th run
noise dimension : 27
noise variance: 196.86256408691406
original u-statistic:0.36949920654296875
p value proxy: 0.009966777637600899
result: True
power_upto_now: 0.8703703880310059
271th run
noise dimension : 27
noise variance: 195.88278198242188
original u-statistic:0.9255623817443848
p value proxy: 0.003322259057313204
result: True
power_upto_now: 0.8708487153053284
272th run
noise dimension : 27
noise variance: 196.21592712402344
original u-statistic:0.5591232776641846
p value proxy: 0.003322259057313204
result: True
power_upto_now: 0.8713235259056091
273th run
noise dimension : 27
noise variance: 195.31735229492188
original u-statistic:0.4053070545196533
p value proxy: 0.009966777637600899
result: True
power_upto_now: 0.8717948794364929
274th run
noise dimension : 27
noise variance: 195.57046508789062
original u-statistic:0.2979412078857422
p value proxy: 0.039867110550403595
result: True
power_upto_now: 0.8722627758979797
275th run
noise dimension : 27
noise variance: 195.98782348632812
original u-statistic:0.29558467864990234
p value proxy: 0.039867110550403595
result: True
power_upto_now: 0.8727272748947144
276th run
noise dimension : 27
noise variance: 196.12020874023438
original u-statistic:0.43805623054504395
p value proxy: 0.006644518114626408
result: True
power_upto_now: 0.8731883764266968
277th run
noise dimension : 27
noise variance: 195.4389190673828
original u-statistic:0.5944268703460693
p value proxy: 0.003322259057313204
result: True
power_upto_now: 0.8736461997032166
278th run
noise dimension : 27
noise variance: 197.2249298095703
original u-statistic:0.5138788223266602
p value proxy: 0.003322259057313204
result: True
power_upto_now: 0.8741007447242737
279th run
noise dimension : 27
noise variance: 196.2787322998047
original u-statistic:0.7925295829772949
p value proxy: 0.003322259057313204
result: True
power_upto_now: 0.8745519518852234
280th run
noise dimension : 27
noise variance: 195.54037475585938
original u-statistic:0.33626508712768555
p value proxy: 0.033222589641809464
result: True
power_upto_now: 0.875
281th run
noise dimension : 27
noise variance: 195.3428192138672
original u-statistic:-0.0073108673095703125
p value proxy: 0.48172757029533386
result: False
power_upto_now: 0.871886134147644
282th run
noise dimension : 27
noise variance: 195.59439086914062
original u-statistic:0.5046916007995605
p value proxy: 0.003322259057313204
result: True
power_upto_now: 0.8723404407501221
283th run
noise dimension : 27
noise variance: 195.59877014160156
original u-statistic:0.6904425621032715
p value proxy: 0.006644518114626408
result: True
power_upto_now: 0.8727915287017822
284th run
noise dimension : 27
noise variance: 195.9806365966797
original u-statistic:0.5667593479156494
p value proxy: 0.006644518114626408
result: True
power_upto_now: 0.8732394576072693
285th run
noise dimension : 27
noise variance: 195.06829833984375
original u-statistic:1.111844539642334
p value proxy: 0.003322259057313204
result: True
power_upto_now: 0.8736842274665833
286th run
noise dimension : 27
noise variance: 196.40283203125
original u-statistic:0.5130174160003662
p value proxy: 0.003322259057313204
result: True
power_upto_now: 0.8741258978843689
287th run
noise dimension : 27
noise variance: 195.8639678955078
original u-statistic:0.4718966484069824
p value proxy: 0.006644518114626408
result: True
power_upto_now: 0.8745644688606262
288th run
noise dimension : 27
noise variance: 195.3424072265625
original u-statistic:0.4225430488586426
p value proxy: 0.006644518114626408
result: True
power_upto_now: 0.875
289th run
noise dimension : 27
noise variance: 195.7992401123047
original u-statistic:0.30039095878601074
p value proxy: 0.029900331050157547
result: True
power_upto_now: 0.875432550907135
290th run
noise dimension : 27
noise variance: 195.91278076171875
original u-statistic:0.6508884429931641
p value proxy: 0.003322259057313204
result: True
power_upto_now: 0.8758620619773865
291th run
noise dimension : 27
noise variance: 196.25405883789062
original u-statistic:0.3883960247039795
p value proxy: 0.013289036229252815
result: True
power_upto_now: 0.876288652420044
292th run
noise dimension : 27
noise variance: 195.78759765625
original u-statistic:0.6134591102600098
p value proxy: 0.003322259057313204
result: True
power_upto_now: 0.8767123222351074
293th run
noise dimension : 27
noise variance: 195.78944396972656
original u-statistic:0.0391845703125
p value proxy: 0.35880398750305176
result: False
power_upto_now: 0.873720109462738
294th run
noise dimension : 27
noise variance: 196.15235900878906
original u-statistic:0.5491955280303955
p value proxy: 0.003322259057313204
result: True
power_upto_now: 0.8741496801376343
295th run
noise dimension : 27
noise variance: 195.53518676757812
original u-statistic:0.4482583999633789
p value proxy: 0.003322259057313204
result: True
power_upto_now: 0.8745762705802917
296th run
noise dimension : 27
noise variance: 194.9287872314453
original u-statistic:0.5413305759429932
p value proxy: 0.006644518114626408
result: True
power_upto_now: 0.875
297th run
noise dimension : 27
noise variance: 195.43270874023438
original u-statistic:0.13157391548156738
p value proxy: 0.1661129593849182
result: False
power_upto_now: 0.872053861618042
298th run
noise dimension : 27
noise variance: 196.0098876953125
original u-statistic:0.4118330478668213
p value proxy: 0.019933555275201797
result: True
power_upto_now: 0.8724831938743591
299th run
noise dimension : 27
noise variance: 195.8402099609375
original u-statistic:0.6235344409942627
p value proxy: 0.003322259057313204
result: True
power_upto_now: 0.8729097247123718
300th run
noise dimension : 27
noise variance: 195.5952911376953
original u-statistic:0.7068564891815186
p value proxy: 0.003322259057313204
result: True
power_upto_now: 0.8733333349227905
301th run
noise dimension : 27
noise variance: 195.98008728027344
original u-statistic:0.633875846862793
p value proxy: 0.003322259057313204
result: True
power_upto_now: 0.8737541437149048
302th run
noise dimension : 27
noise variance: 196.34481811523438
original u-statistic:0.5081567764282227
p value proxy: 0.003322259057313204
result: True
power_upto_now: 0.8741722106933594
303th run
noise dimension : 27
noise variance: 195.8690643310547
original u-statistic:0.29236698150634766
p value proxy: 0.033222589641809464
result: True
power_upto_now: 0.8745874762535095
304th run
noise dimension : 27
noise variance: 196.1961669921875
original u-statistic:0.8720254898071289
p value proxy: 0.003322259057313204
result: True
power_upto_now: 0.875
305th run
noise dimension : 27
noise variance: 196.1230010986328
original u-statistic:0.5223066806793213
p value proxy: 0.003322259057313204
result: True
power_upto_now: 0.8754098415374756
306th run
noise dimension : 27
noise variance: 195.5777130126953
original u-statistic:0.48305201530456543
p value proxy: 0.006644518114626408
result: True
power_upto_now: 0.8758170008659363
307th run
noise dimension : 27
noise variance: 195.81967163085938
original u-statistic:0.1936049461364746
p value proxy: 0.11295680701732635
result: False
power_upto_now: 0.8729641437530518
308th run
noise dimension : 27
noise variance: 195.2718963623047
original u-statistic:0.5444424152374268
p value proxy: 0.003322259057313204
result: True
power_upto_now: 0.8733766078948975
309th run
noise dimension : 27
noise variance: 195.7606658935547
original u-statistic:0.6424822807312012
p value proxy: 0.003322259057313204
result: True
power_upto_now: 0.8737863898277283
310th run
noise dimension : 27
noise variance: 195.71188354492188
original u-statistic:0.4613513946533203
p value proxy: 0.009966777637600899
result: True
power_upto_now: 0.874193549156189
311th run
noise dimension : 27
noise variance: 196.64273071289062
original u-statistic:0.4846193790435791
p value proxy: 0.006644518114626408
result: True
power_upto_now: 0.8745980858802795
312th run
noise dimension : 27
noise variance: 196.01290893554688
original u-statistic:0.8124115467071533
p value proxy: 0.003322259057313204
result: True
power_upto_now: 0.875
313th run
noise dimension : 27
noise variance: 195.93603515625
original u-statistic:0.3128230571746826
p value proxy: 0.033222589641809464
result: True
power_upto_now: 0.8753993511199951
314th run
noise dimension : 27
noise variance: 194.8817596435547
original u-statistic:0.40970325469970703
p value proxy: 0.006644518114626408
result: True
power_upto_now: 0.8757961988449097
315th run
noise dimension : 27
noise variance: 196.5062713623047
original u-statistic:0.8996021747589111
p value proxy: 0.003322259057313204
result: True
power_upto_now: 0.8761904835700989
316th run
noise dimension : 27
noise variance: 195.79898071289062
original u-statistic:0.6347219944000244
p value proxy: 0.003322259057313204
result: True
power_upto_now: 0.8765822649002075
317th run
noise dimension : 27
noise variance: 195.72984313964844
original u-statistic:0.2627139091491699
p value proxy: 0.03654484823346138
result: True
power_upto_now: 0.8769716024398804
318th run
noise dimension : 27
noise variance: 195.94003295898438
original u-statistic:0.5774281024932861
p value proxy: 0.003322259057313204
result: True
power_upto_now: 0.8773584961891174
319th run
noise dimension : 27
noise variance: 196.3952178955078
original u-statistic:0.8236093521118164
p value proxy: 0.003322259057313204
result: True
power_upto_now: 0.8777429461479187
320th run
noise dimension : 27
noise variance: 195.94012451171875
original u-statistic:0.4784431457519531
p value proxy: 0.003322259057313204
result: True
power_upto_now: 0.878125011920929
321th run
noise dimension : 27
noise variance: 195.83474731445312
original u-statistic:0.856325626373291
p value proxy: 0.003322259057313204
result: True
power_upto_now: 0.8785046935081482
322th run
noise dimension : 27
noise variance: 196.29624938964844
original u-statistic:0.3565521240234375
p value proxy: 0.016611294820904732
result: True
power_upto_now: 0.8788819909095764
323th run
noise dimension : 27
noise variance: 196.32696533203125
original u-statistic:0.9249989986419678
p value proxy: 0.003322259057313204
result: True
power_upto_now: 0.8792569637298584
324th run
noise dimension : 27
noise variance: 196.71109008789062
original u-statistic:0.4595344066619873
p value proxy: 0.009966777637600899
result: True
power_upto_now: 0.8796296119689941
325th run
noise dimension : 27
noise variance: 196.39418029785156
original u-statistic:0.53639817237854
p value proxy: 0.003322259057313204
result: True
power_upto_now: 0.8799999952316284
326th run
noise dimension : 27
noise variance: 195.7415008544922
original u-statistic:0.5043940544128418
p value proxy: 0.003322259057313204
result: True
power_upto_now: 0.8803681135177612
327th run
noise dimension : 27
noise variance: 195.73684692382812
original u-statistic:0.5696280002593994
p value proxy: 0.003322259057313204
result: True
power_upto_now: 0.8807339668273926
328th run
noise dimension : 27
noise variance: 196.6484375
original u-statistic:1.0773701667785645
p value proxy: 0.003322259057313204
result: True
power_upto_now: 0.8810975551605225
329th run
noise dimension : 27
noise variance: 195.21865844726562
original u-statistic:0.6688525676727295
p value proxy: 0.003322259057313204
result: True
power_upto_now: 0.8814589381217957
330th run
noise dimension : 27
noise variance: 196.14491271972656
original u-statistic:0.48850488662719727
p value proxy: 0.003322259057313204
result: True
power_upto_now: 0.8818181753158569
331th run
noise dimension : 27
noise variance: 195.8563690185547
original u-statistic:1.028804063796997
p value proxy: 0.003322259057313204
result: True
power_upto_now: 0.8821752071380615
332th run
noise dimension : 27
noise variance: 196.4413299560547
original u-statistic:0.2906036376953125
p value proxy: 0.04318936914205551
result: True
power_upto_now: 0.8825300931930542
333th run
noise dimension : 27
noise variance: 196.25430297851562
original u-statistic:0.5153145790100098
p value proxy: 0.006644518114626408
result: True
power_upto_now: 0.8828828930854797
334th run
noise dimension : 27
noise variance: 195.67910766601562
original u-statistic:0.7176556587219238
p value proxy: 0.003322259057313204
result: True
power_upto_now: 0.8832335472106934
335th run
noise dimension : 27
noise variance: 195.9549560546875
original u-statistic:0.2260291576385498
p value proxy: 0.04318936914205551
result: True
power_upto_now: 0.8835821151733398
336th run
noise dimension : 27
noise variance: 195.87245178222656
original u-statistic:0.5147550106048584
p value proxy: 0.003322259057313204
result: True
power_upto_now: 0.8839285969734192
337th run
noise dimension : 27
noise variance: 195.88015747070312
original u-statistic:0.4559915065765381
p value proxy: 0.009966777637600899
result: True
power_upto_now: 0.8842729926109314
338th run
noise dimension : 27
noise variance: 196.31350708007812
original u-statistic:0.7114872932434082
p value proxy: 0.003322259057313204
result: True
power_upto_now: 0.8846153616905212
339th run
noise dimension : 27
noise variance: 195.8967742919922
original u-statistic:0.6095492839813232
p value proxy: 0.006644518114626408
result: True
power_upto_now: 0.8849557638168335
340th run
noise dimension : 27
noise variance: 195.7856903076172
original u-statistic:1.2735254764556885
p value proxy: 0.003322259057313204
result: True
power_upto_now: 0.8852941393852234
341th run
noise dimension : 27
noise variance: 195.31300354003906
original u-statistic:0.5799391269683838
p value proxy: 0.006644518114626408
result: True
power_upto_now: 0.8856304883956909
342th run
noise dimension : 27
noise variance: 196.19137573242188
original u-statistic:0.5010941028594971
p value proxy: 0.009966777637600899
result: True
power_upto_now: 0.8859649300575256
343th run
noise dimension : 27
noise variance: 196.1886444091797
original u-statistic:0.25361061096191406
p value proxy: 0.05315614491701126
result: False
power_upto_now: 0.8833819031715393
344th run
noise dimension : 27
noise variance: 196.3355255126953
original u-statistic:0.4352591037750244
p value proxy: 0.009966777637600899
result: True
power_upto_now: 0.8837209343910217
345th run
noise dimension : 27
noise variance: 195.78842163085938
original u-statistic:0.4920666217803955
p value proxy: 0.006644518114626408
result: True
power_upto_now: 0.8840579986572266
346th run
noise dimension : 27
noise variance: 195.666259765625
original u-statistic:0.6710186004638672
p value proxy: 0.003322259057313204
result: True
power_upto_now: 0.884393036365509
347th run
noise dimension : 27
noise variance: 196.1702423095703
original u-statistic:0.3918437957763672
p value proxy: 0.009966777637600899
result: True
power_upto_now: 0.8847262263298035
348th run
noise dimension : 27
noise variance: 195.97837829589844
original u-statistic:0.6074280738830566
p value proxy: 0.003322259057313204
result: True
power_upto_now: 0.8850574493408203
349th run
noise dimension : 27
noise variance: 195.9111328125
original u-statistic:0.30616140365600586
p value proxy: 0.019933555275201797
result: True
power_upto_now: 0.8853868246078491
350th run
noise dimension : 27
noise variance: 195.73387145996094
original u-statistic:0.4770472049713135
p value proxy: 0.003322259057313204
result: True
power_upto_now: 0.8857142925262451
351th run
noise dimension : 27
noise variance: 196.19842529296875
original u-statistic:0.9681801795959473
p value proxy: 0.003322259057313204
result: True
power_upto_now: 0.8860399127006531
352th run
noise dimension : 27
noise variance: 195.9781951904297
original u-statistic:0.724797248840332
p value proxy: 0.003322259057313204
result: True
power_upto_now: 0.8863636255264282
353th run
noise dimension : 27
noise variance: 196.240478515625
original u-statistic:0.353839635848999
p value proxy: 0.016611294820904732
result: True
power_upto_now: 0.8866855502128601
354th run
noise dimension : 27
noise variance: 196.21902465820312
original u-statistic:0.4782416820526123
p value proxy: 0.006644518114626408
result: True
power_upto_now: 0.887005627155304
355th run
noise dimension : 27
noise variance: 196.31863403320312
original u-statistic:0.40123987197875977
p value proxy: 0.023255813866853714
result: True
power_upto_now: 0.8873239159584045
356th run
noise dimension : 27
noise variance: 196.4046173095703
original u-statistic:0.6088335514068604
p value proxy: 0.003322259057313204
result: True
power_upto_now: 0.8876404762268066
357th run
noise dimension : 27
noise variance: 195.82017517089844
original u-statistic:0.3279600143432617
p value proxy: 0.029900331050157547
result: True
power_upto_now: 0.8879551887512207
358th run
noise dimension : 27
noise variance: 196.64259338378906
original u-statistic:0.22158169746398926
p value proxy: 0.06312292069196701
result: False
power_upto_now: 0.8854748606681824
359th run
noise dimension : 27
noise variance: 196.1162872314453
original u-statistic:0.3735387325286865
p value proxy: 0.009966777637600899
result: True
power_upto_now: 0.8857938647270203
360th run
noise dimension : 27
noise variance: 195.2410888671875
original u-statistic:0.4569087028503418
p value proxy: 0.003322259057313204
result: True
power_upto_now: 0.8861111402511597
361th run
noise dimension : 27
noise variance: 196.37359619140625
original u-statistic:0.4377152919769287
p value proxy: 0.006644518114626408
result: True
power_upto_now: 0.886426568031311
362th run
noise dimension : 27
noise variance: 196.28659057617188
original u-statistic:0.6115868091583252
p value proxy: 0.003322259057313204
result: True
power_upto_now: 0.8867403268814087
363th run
noise dimension : 27
noise variance: 196.61419677734375
original u-statistic:1.108767032623291
p value proxy: 0.003322259057313204
result: True
power_upto_now: 0.8870523571968079
364th run
noise dimension : 27
noise variance: 195.8508758544922
original u-statistic:0.27419400215148926
p value proxy: 0.03654484823346138
result: True
power_upto_now: 0.8873626589775085
365th run
noise dimension : 27
noise variance: 196.03121948242188
original u-statistic:0.2953035831451416
p value proxy: 0.05315614491701126
result: False
power_upto_now: 0.8849315047264099
366th run
noise dimension : 27
noise variance: 195.689453125
original u-statistic:0.8301358222961426
p value proxy: 0.003322259057313204
result: True
power_upto_now: 0.8852459192276001
367th run
noise dimension : 27
noise variance: 196.4022216796875
original u-statistic:0.7413923740386963
p value proxy: 0.003322259057313204
result: True
power_upto_now: 0.8855586051940918
368th run
noise dimension : 27
noise variance: 195.50148010253906
original u-statistic:0.6768021583557129
p value proxy: 0.003322259057313204
result: True
power_upto_now: 0.885869562625885
369th run
noise dimension : 27
noise variance: 195.45761108398438
original u-statistic:0.4757354259490967
p value proxy: 0.003322259057313204
result: True
power_upto_now: 0.8861788511276245
370th run
noise dimension : 27
noise variance: 196.3059844970703
original u-statistic:0.8744711875915527
p value proxy: 0.003322259057313204
result: True
power_upto_now: 0.8864864706993103
371th run
noise dimension : 27
noise variance: 196.51283264160156
original u-statistic:0.4572312831878662
p value proxy: 0.003322259057313204
result: True
power_upto_now: 0.8867924809455872
372th run
noise dimension : 27
noise variance: 195.88168334960938
original u-statistic:0.4596130847930908
p value proxy: 0.013289036229252815
result: True
power_upto_now: 0.8870967626571655
373th run
noise dimension : 27
noise variance: 195.8050994873047
original u-statistic:0.27197885513305664
p value proxy: 0.049833886325359344
result: True
power_upto_now: 0.887399435043335
374th run
noise dimension : 27
noise variance: 196.6400604248047
original u-statistic:0.4413008689880371
p value proxy: 0.009966777637600899
result: True
power_upto_now: 0.8877005577087402
375th run
noise dimension : 27
noise variance: 196.258056640625
original u-statistic:0.8645658493041992
p value proxy: 0.003322259057313204
result: True
power_upto_now: 0.8880000114440918
376th run
noise dimension : 27
noise variance: 195.9219512939453
original u-statistic:0.6606287956237793
p value proxy: 0.003322259057313204
result: True
power_upto_now: 0.8882978558540344
377th run
noise dimension : 27
noise variance: 196.61904907226562
original u-statistic:0.5150797367095947
p value proxy: 0.003322259057313204
result: True
power_upto_now: 0.8885941505432129
378th run
noise dimension : 27
noise variance: 195.96034240722656
original u-statistic:0.30734682083129883
p value proxy: 0.033222589641809464
result: True
power_upto_now: 0.8888888955116272
379th run
noise dimension : 27
noise variance: 196.0499725341797
original u-statistic:1.074460506439209
p value proxy: 0.003322259057313204
result: True
power_upto_now: 0.8891820311546326
380th run
noise dimension : 27
noise variance: 195.2628173828125
original u-statistic:0.2012341022491455
p value proxy: 0.08970099687576294
result: False
power_upto_now: 0.8868421316146851
381th run
noise dimension : 27
noise variance: 196.19456481933594
original u-statistic:0.4781975746154785
p value proxy: 0.006644518114626408
result: True
power_upto_now: 0.887139081954956
382th run
noise dimension : 27
noise variance: 195.5439453125
original u-statistic:0.38672542572021484
p value proxy: 0.016611294820904732
result: True
power_upto_now: 0.8874345421791077
383th run
noise dimension : 27
noise variance: 196.3477325439453
original u-statistic:0.6084499359130859
p value proxy: 0.003322259057313204
result: True
power_upto_now: 0.8877284526824951
384th run
noise dimension : 27
noise variance: 195.6929931640625
original u-statistic:0.6540501117706299
p value proxy: 0.003322259057313204
result: True
power_upto_now: 0.8880208134651184
385th run
noise dimension : 27
noise variance: 196.92991638183594
original u-statistic:0.813370943069458
p value proxy: 0.003322259057313204
result: True
power_upto_now: 0.8883116841316223
386th run
noise dimension : 27
noise variance: 196.0455780029297
original u-statistic:0.4119105339050293
p value proxy: 0.006644518114626408
result: True
power_upto_now: 0.8886010646820068
387th run
noise dimension : 27
noise variance: 196.21067810058594
original u-statistic:0.8055403232574463
p value proxy: 0.003322259057313204
result: True
power_upto_now: 0.8888888955116272
388th run
noise dimension : 27
noise variance: 195.80982971191406
original u-statistic:0.36113548278808594
p value proxy: 0.009966777637600899
result: True
power_upto_now: 0.8891752362251282
389th run
noise dimension : 27
noise variance: 195.4971466064453
original u-statistic:0.6673932075500488
p value proxy: 0.003322259057313204
result: True
power_upto_now: 0.8894601464271545
390th run
noise dimension : 27
noise variance: 196.18063354492188
original u-statistic:0.8470144271850586
p value proxy: 0.003322259057313204
result: True
power_upto_now: 0.8897435665130615
391th run
noise dimension : 27
noise variance: 195.97854614257812
original u-statistic:0.6592278480529785
p value proxy: 0.003322259057313204
result: True
power_upto_now: 0.8900255560874939
392th run
noise dimension : 27
noise variance: 194.80715942382812
original u-statistic:0.9775090217590332
p value proxy: 0.003322259057313204
result: True
power_upto_now: 0.8903061151504517
393th run
noise dimension : 27
noise variance: 195.77809143066406
original u-statistic:0.7193050384521484
p value proxy: 0.003322259057313204
result: True
power_upto_now: 0.8905852437019348
394th run
noise dimension : 27
noise variance: 195.84274291992188
original u-statistic:1.0474934577941895
p value proxy: 0.003322259057313204
result: True
power_upto_now: 0.8908629417419434
395th run
noise dimension : 27
noise variance: 195.67108154296875
original u-statistic:0.7819867134094238
p value proxy: 0.003322259057313204
result: True
power_upto_now: 0.8911392688751221
396th run
noise dimension : 27
noise variance: 196.46322631835938
original u-statistic:0.0809481143951416
p value proxy: 0.25249168276786804
result: False
power_upto_now: 0.8888888955116272
397th run
noise dimension : 27
noise variance: 196.24290466308594
original u-statistic:0.7472739219665527
p value proxy: 0.003322259057313204
result: True
power_upto_now: 0.8891687393188477
398th run
noise dimension : 27
noise variance: 195.36326599121094
original u-statistic:0.7819385528564453
p value proxy: 0.003322259057313204
result: True
power_upto_now: 0.8894472122192383
399th run
noise dimension : 27
noise variance: 196.12767028808594
original u-statistic:0.8538601398468018
p value proxy: 0.003322259057313204
result: True
power_upto_now: 0.8897243142127991
400th run
noise dimension : 27
noise variance: 195.24928283691406
original u-statistic:0.01685333251953125
p value proxy: 0.4019933342933655
result: False
power_upto_now: 0.887499988079071
401th run
noise dimension : 27
noise variance: 196.109130859375
original u-statistic:0.47736144065856934
p value proxy: 0.003322259057313204
result: True
power_upto_now: 0.8877805471420288
402th run
noise dimension : 27
noise variance: 195.9925537109375
original u-statistic:0.5655794143676758
p value proxy: 0.006644518114626408
result: True
power_upto_now: 0.888059675693512
403th run
noise dimension : 27
noise variance: 196.22686767578125
original u-statistic:0.8303930759429932
p value proxy: 0.003322259057313204
result: True
power_upto_now: 0.8883374929428101
404th run
noise dimension : 27
noise variance: 195.43841552734375
original u-statistic:0.533597469329834
p value proxy: 0.003322259057313204
result: True
power_upto_now: 0.8886138796806335
405th run
noise dimension : 27
noise variance: 195.70521545410156
original u-statistic:1.0522162914276123
p value proxy: 0.003322259057313204
result: True
power_upto_now: 0.8888888955116272
406th run
noise dimension : 27
noise variance: 195.36692810058594
original u-statistic:0.6643791198730469
p value proxy: 0.003322259057313204
result: True
power_upto_now: 0.889162540435791
407th run
noise dimension : 27
noise variance: 195.97984313964844
original u-statistic:0.5266530513763428
p value proxy: 0.003322259057313204
result: True
power_upto_now: 0.8894348740577698
408th run
noise dimension : 27
noise variance: 195.55528259277344
original u-statistic:0.15794754028320312
p value proxy: 0.15614616870880127
result: False
power_upto_now: 0.8872548937797546
409th run
noise dimension : 27
noise variance: 196.78192138671875
original u-statistic:0.40788936614990234
p value proxy: 0.003322259057313204
result: True
power_upto_now: 0.8875305652618408
410th run
noise dimension : 27
noise variance: 195.8914337158203
original u-statistic:0.519902229309082
p value proxy: 0.006644518114626408
result: True
power_upto_now: 0.8878048658370972
411th run
noise dimension : 27
noise variance: 195.96246337890625
original u-statistic:0.17820239067077637
p value proxy: 0.13621261715888977
result: False
power_upto_now: 0.885644793510437
412th run
noise dimension : 27
noise variance: 195.73736572265625
original u-statistic:0.4862222671508789
p value proxy: 0.003322259057313204
result: True
power_upto_now: 0.8859223127365112
413th run
noise dimension : 27
noise variance: 195.66175842285156
original u-statistic:0.4055047035217285
p value proxy: 0.013289036229252815
result: True
power_upto_now: 0.8861985206604004
414th run
noise dimension : 27
noise variance: 195.6040496826172
original u-statistic:0.4682328701019287
p value proxy: 0.023255813866853714
result: True
power_upto_now: 0.8864734172821045
415th run
noise dimension : 27
noise variance: 196.44256591796875
original u-statistic:0.23806428909301758
p value proxy: 0.06312292069196701
result: False
power_upto_now: 0.8843373656272888
416th run
noise dimension : 27
noise variance: 195.9117431640625
original u-statistic:0.28806638717651367
p value proxy: 0.039867110550403595
result: True
power_upto_now: 0.8846153616905212
417th run
noise dimension : 27
noise variance: 196.04551696777344
original u-statistic:0.8655643463134766
p value proxy: 0.003322259057313204
result: True
power_upto_now: 0.8848921060562134
418th run
noise dimension : 27
noise variance: 196.2367401123047
original u-statistic:0.3282642364501953
p value proxy: 0.023255813866853714
result: True
power_upto_now: 0.8851674795150757
419th run
noise dimension : 27
noise variance: 196.27235412597656
original u-statistic:0.7181916236877441
p value proxy: 0.003322259057313204
result: True
power_upto_now: 0.8854415416717529
420th run
noise dimension : 27
noise variance: 196.5139923095703
original u-statistic:0.5735359191894531
p value proxy: 0.003322259057313204
result: True
power_upto_now: 0.8857142925262451
421th run
noise dimension : 27
noise variance: 196.66329956054688
original u-statistic:0.49629926681518555
p value proxy: 0.003322259057313204
result: True
power_upto_now: 0.8859857320785522
422th run
noise dimension : 27
noise variance: 195.2952117919922
original u-statistic:0.22418618202209473
p value proxy: 0.09966777265071869
result: False
power_upto_now: 0.8838862776756287
423th run
noise dimension : 27
noise variance: 196.43858337402344
original u-statistic:0.5046935081481934
p value proxy: 0.006644518114626408
result: True
power_upto_now: 0.8841607570648193
424th run
noise dimension : 27
noise variance: 196.1192626953125
original u-statistic:0.9848499298095703
p value proxy: 0.003322259057313204
result: True
power_upto_now: 0.8844339847564697
425th run
noise dimension : 27
noise variance: 195.80613708496094
original u-statistic:0.7182102203369141
p value proxy: 0.003322259057313204
result: True
power_upto_now: 0.8847059011459351
426th run
noise dimension : 27
noise variance: 196.2117156982422
original u-statistic:0.41838812828063965
p value proxy: 0.003322259057313204
result: True
power_upto_now: 0.8849765062332153
427th run
noise dimension : 27
noise variance: 196.82728576660156
original u-statistic:0.12392425537109375
p value proxy: 0.2225913554430008
result: False
power_upto_now: 0.8829039931297302
428th run
noise dimension : 27
noise variance: 196.12416076660156
original u-statistic:0.48544788360595703
p value proxy: 0.006644518114626408
result: True
power_upto_now: 0.8831775784492493
429th run
noise dimension : 27
noise variance: 196.0225372314453
original u-statistic:0.35069704055786133
p value proxy: 0.03654484823346138
result: True
power_upto_now: 0.883449912071228
430th run
noise dimension : 27
noise variance: 195.51412963867188
original u-statistic:0.759000301361084
p value proxy: 0.003322259057313204
result: True
power_upto_now: 0.8837209343910217
431th run
noise dimension : 27
noise variance: 195.94447326660156
original u-statistic:0.4181389808654785
p value proxy: 0.019933555275201797
result: True
power_upto_now: 0.8839907050132751
432th run
noise dimension : 27
noise variance: 196.45989990234375
original u-statistic:0.5863890647888184
p value proxy: 0.003322259057313204
result: True
power_upto_now: 0.8842592835426331
433th run
noise dimension : 27
noise variance: 196.76510620117188
original u-statistic:0.43297576904296875
p value proxy: 0.013289036229252815
result: True
power_upto_now: 0.8845265507698059
434th run
noise dimension : 27
noise variance: 196.48414611816406
original u-statistic:0.7266931533813477
p value proxy: 0.003322259057313204
result: True
power_upto_now: 0.8847926259040833
435th run
noise dimension : 27
noise variance: 195.47084045410156
original u-statistic:0.45591092109680176
p value proxy: 0.009966777637600899
result: True
power_upto_now: 0.8850574493408203
436th run
noise dimension : 27
noise variance: 195.62574768066406
original u-statistic:0.7648012638092041
p value proxy: 0.003322259057313204
result: True
power_upto_now: 0.8853210806846619
437th run
noise dimension : 27
noise variance: 195.62353515625
original u-statistic:0.6580991744995117
p value proxy: 0.003322259057313204
result: True
power_upto_now: 0.8855835199356079
438th run
noise dimension : 27
noise variance: 195.39984130859375
original u-statistic:0.2276904582977295
p value proxy: 0.06644517928361893
result: False
power_upto_now: 0.8835616707801819
439th run
noise dimension : 27
noise variance: 196.03433227539062
original u-statistic:0.9031271934509277
p value proxy: 0.003322259057313204
result: True
power_upto_now: 0.8838268518447876
440th run
noise dimension : 27
noise variance: 195.8271942138672
original u-statistic:0.36265063285827637
p value proxy: 0.009966777637600899
result: True
power_upto_now: 0.8840909004211426
441th run
noise dimension : 27
noise variance: 197.04005432128906
original u-statistic:0.45217323303222656
p value proxy: 0.006644518114626408
result: True
power_upto_now: 0.884353756904602
442th run
noise dimension : 27
noise variance: 196.00039672851562
original u-statistic:0.6197729110717773
p value proxy: 0.003322259057313204
result: True
power_upto_now: 0.8846153616905212
443th run
noise dimension : 27
noise variance: 196.16281127929688
original u-statistic:0.4518868923187256
p value proxy: 0.006644518114626408
result: True
power_upto_now: 0.8848758339881897
444th run
noise dimension : 27
noise variance: 195.55955505371094
original u-statistic:0.2641632556915283
p value proxy: 0.039867110550403595
result: True
power_upto_now: 0.8851351141929626
445th run
noise dimension : 27
noise variance: 196.33221435546875
original u-statistic:0.2603271007537842
p value proxy: 0.049833886325359344
result: True
power_upto_now: 0.8853932619094849
446th run
noise dimension : 27
noise variance: 195.77342224121094
original u-statistic:0.3974275588989258
p value proxy: 0.006644518114626408
result: True
power_upto_now: 0.8856502175331116
447th run
noise dimension : 27
noise variance: 196.37127685546875
original u-statistic:0.7265627384185791
p value proxy: 0.003322259057313204
result: True
power_upto_now: 0.8859060406684875
448th run
noise dimension : 27
noise variance: 195.57223510742188
original u-statistic:0.2772037982940674
p value proxy: 0.039867110550403595
result: True
power_upto_now: 0.8861607313156128
449th run
noise dimension : 27
noise variance: 195.5350799560547
original u-statistic:0.532543420791626
p value proxy: 0.003322259057313204
result: True
power_upto_now: 0.8864142298698425
450th run
noise dimension : 27
noise variance: 195.9660186767578
original u-statistic:0.287935733795166
p value proxy: 0.023255813866853714
result: True
power_upto_now: 0.8866666555404663
451th run
noise dimension : 27
noise variance: 196.66188049316406
original u-statistic:0.43245363235473633
p value proxy: 0.009966777637600899
result: True
power_upto_now: 0.8869179487228394
452th run
noise dimension : 27
noise variance: 195.669677734375
original u-statistic:0.5938470363616943
p value proxy: 0.003322259057313204
result: True
power_upto_now: 0.8871681690216064
453th run
noise dimension : 27
noise variance: 195.3614959716797
original u-statistic:0.815932035446167
p value proxy: 0.003322259057313204
result: True
power_upto_now: 0.887417197227478
454th run
noise dimension : 27
noise variance: 195.8370819091797
original u-statistic:0.8773555755615234
p value proxy: 0.003322259057313204
result: True
power_upto_now: 0.8876652121543884
455th run
noise dimension : 27
noise variance: 196.3700408935547
original u-statistic:0.8191008567810059
p value proxy: 0.003322259057313204
result: True
power_upto_now: 0.8879120945930481
456th run
noise dimension : 27
noise variance: 195.98963928222656
original u-statistic:0.4142746925354004
p value proxy: 0.013289036229252815
result: True
power_upto_now: 0.8881579041481018
457th run
noise dimension : 27
noise variance: 195.17724609375
original u-statistic:0.12723112106323242
p value proxy: 0.19933554530143738
result: False
power_upto_now: 0.8862144351005554
458th run
noise dimension : 27
noise variance: 195.77203369140625
original u-statistic:0.37261295318603516
p value proxy: 0.016611294820904732
result: True
power_upto_now: 0.8864628672599792
459th run
noise dimension : 27
noise variance: 195.32054138183594
original u-statistic:0.47019100189208984
p value proxy: 0.006644518114626408
result: True
power_upto_now: 0.8867102265357971
460th run
noise dimension : 27
noise variance: 196.6966552734375
original u-statistic:0.06185317039489746
p value proxy: 0.2790697515010834
result: False
power_upto_now: 0.884782612323761
461th run
noise dimension : 27
noise variance: 196.02737426757812
original u-statistic:0.8987219333648682
p value proxy: 0.003322259057313204
result: True
power_upto_now: 0.8850325345993042
462th run
noise dimension : 27
noise variance: 196.1294403076172
original u-statistic:0.723686695098877
p value proxy: 0.003322259057313204
result: True
power_upto_now: 0.8852813839912415
463th run
noise dimension : 27
noise variance: 195.45501708984375
original u-statistic:0.8196334838867188
p value proxy: 0.003322259057313204
result: True
power_upto_now: 0.8855291604995728
464th run
noise dimension : 27
noise variance: 195.62203979492188
original u-statistic:0.6977174282073975
p value proxy: 0.003322259057313204
result: True
power_upto_now: 0.8857758641242981
465th run
noise dimension : 27
noise variance: 195.85568237304688
original u-statistic:0.9061222076416016
p value proxy: 0.003322259057313204
result: True
power_upto_now: 0.8860214948654175
466th run
noise dimension : 27
noise variance: 196.26678466796875
original u-statistic:0.41080594062805176
p value proxy: 0.006644518114626408
result: True
power_upto_now: 0.8862661123275757
467th run
noise dimension : 27
noise variance: 195.85855102539062
original u-statistic:0.8010115623474121
p value proxy: 0.003322259057313204
result: True
power_upto_now: 0.8865096569061279
468th run
noise dimension : 27
noise variance: 195.9801025390625
original u-statistic:0.1686239242553711
p value proxy: 0.15614616870880127
result: False
power_upto_now: 0.8846153616905212
469th run
noise dimension : 27
noise variance: 196.5032196044922
original u-statistic:0.5297574996948242
p value proxy: 0.006644518114626408
result: True
power_upto_now: 0.884861409664154
470th run
noise dimension : 27
noise variance: 195.5277862548828
original u-statistic:1.0224626064300537
p value proxy: 0.003322259057313204
result: True
power_upto_now: 0.8851063847541809
471th run
noise dimension : 27
noise variance: 195.53994750976562
original u-statistic:0.6232407093048096
p value proxy: 0.003322259057313204
result: True
power_upto_now: 0.8853503465652466
472th run
noise dimension : 27
noise variance: 196.09637451171875
original u-statistic:0.5619173049926758
p value proxy: 0.003322259057313204
result: True
power_upto_now: 0.8855932354927063
473th run
noise dimension : 27
noise variance: 196.04576110839844
original u-statistic:0.48444485664367676
p value proxy: 0.009966777637600899
result: True
power_upto_now: 0.8858351111412048
474th run
noise dimension : 27
noise variance: 195.86563110351562
original u-statistic:0.7624964714050293
p value proxy: 0.003322259057313204
result: True
power_upto_now: 0.8860759735107422
475th run
noise dimension : 27
noise variance: 195.6582794189453
original u-statistic:0.5235600471496582
p value proxy: 0.003322259057313204
result: True
power_upto_now: 0.8863157629966736
476th run
noise dimension : 27
noise variance: 196.53298950195312
original u-statistic:0.3851618766784668
p value proxy: 0.023255813866853714
result: True
power_upto_now: 0.8865545988082886
477th run
noise dimension : 27
noise variance: 196.01715087890625
original u-statistic:0.6580014228820801
p value proxy: 0.003322259057313204
result: True
power_upto_now: 0.8867924809455872
478th run
noise dimension : 27
noise variance: 196.21783447265625
original u-statistic:0.25788044929504395
p value proxy: 0.06976743787527084
result: False
power_upto_now: 0.8849372267723083
479th run
noise dimension : 27
noise variance: 195.57089233398438
original u-statistic:0.21652960777282715
p value proxy: 0.06976743787527084
result: False
power_upto_now: 0.8830897808074951
480th run
noise dimension : 27
noise variance: 195.70729064941406
original u-statistic:0.5520882606506348
p value proxy: 0.003322259057313204
result: True
power_upto_now: 0.8833333253860474
481th run
noise dimension : 27
noise variance: 195.52552795410156
original u-statistic:0.5703616142272949
p value proxy: 0.006644518114626408
result: True
power_upto_now: 0.8835758566856384
482th run
noise dimension : 27
noise variance: 195.20167541503906
original u-statistic:0.6175100803375244
p value proxy: 0.003322259057313204
result: True
power_upto_now: 0.8838174343109131
483th run
noise dimension : 27
noise variance: 195.81382751464844
original u-statistic:0.8688716888427734
p value proxy: 0.003322259057313204
result: True
power_upto_now: 0.8840579986572266
484th run
noise dimension : 27
noise variance: 196.12156677246094
original u-statistic:0.3708381652832031
p value proxy: 0.023255813866853714
result: True
power_upto_now: 0.8842975497245789
485th run
noise dimension : 27
noise variance: 195.6868438720703
original u-statistic:0.5271155834197998
p value proxy: 0.003322259057313204
result: True
power_upto_now: 0.88453608751297
486th run
noise dimension : 27
noise variance: 195.94236755371094
original u-statistic:0.8735787868499756
p value proxy: 0.003322259057313204
result: True
power_upto_now: 0.8847736716270447
487th run
noise dimension : 27
noise variance: 196.4225616455078
original u-statistic:0.3416099548339844
p value proxy: 0.019933555275201797
result: True
power_upto_now: 0.8850102424621582
488th run
noise dimension : 27
noise variance: 196.1563262939453
original u-statistic:0.6484165191650391
p value proxy: 0.003322259057313204
result: True
power_upto_now: 0.8852459192276001
489th run
noise dimension : 27
noise variance: 195.9651336669922
original u-statistic:0.6684377193450928
p value proxy: 0.003322259057313204
result: True
power_upto_now: 0.8854805827140808
490th run
noise dimension : 27
noise variance: 196.3629913330078
original u-statistic:0.35257458686828613
p value proxy: 0.016611294820904732
result: True
power_upto_now: 0.8857142925262451
491th run
noise dimension : 27
noise variance: 195.51724243164062
original u-statistic:0.5782895088195801
p value proxy: 0.003322259057313204
result: True
power_upto_now: 0.885947048664093
492th run
noise dimension : 27
noise variance: 195.86465454101562
original u-statistic:0.19505786895751953
p value proxy: 0.11627906560897827
result: False
power_upto_now: 0.8841463327407837
493th run
noise dimension : 27
noise variance: 196.3694610595703
original u-statistic:0.512763261795044
p value proxy: 0.006644518114626408
result: True
power_upto_now: 0.8843813538551331
494th run
noise dimension : 27
noise variance: 196.46327209472656
original u-statistic:0.16262316703796387
p value proxy: 0.11960132420063019
result: False
power_upto_now: 0.8825910687446594
495th run
noise dimension : 27
noise variance: 195.73634338378906
original u-statistic:0.6395354270935059
p value proxy: 0.003322259057313204
result: True
power_upto_now: 0.8828282952308655
496th run
noise dimension : 27
noise variance: 195.69581604003906
original u-statistic:0.5640685558319092
p value proxy: 0.003322259057313204
result: True
power_upto_now: 0.8830645084381104
497th run
noise dimension : 27
noise variance: 195.15435791015625
original u-statistic:0.8310046195983887
p value proxy: 0.003322259057313204
result: True
power_upto_now: 0.8832998275756836
498th run
noise dimension : 27
noise variance: 195.4463653564453
original u-statistic:0.5177593231201172
p value proxy: 0.003322259057313204
result: True
power_upto_now: 0.8835341334342957
499th run
noise dimension : 27
noise variance: 196.31741333007812
original u-statistic:0.5799236297607422
p value proxy: 0.003322259057313204
result: True
power_upto_now: 0.8837675452232361
500th run
noise dimension : 27
noise variance: 195.32395935058594
original u-statistic:0.32367420196533203
p value proxy: 0.016611294820904732
result: True
power_upto_now: 0.8840000033378601
power estimate : 0.8840000033378601
elapsed time: 6598.087176322937
