job started
cuda available: True
code run on device:: cuda:0

n1 = 10000, n2 = 10000,

kappa = 5, alpha = 0.3,

gamma = 0.05, nTests = 100,

B = 150

1th run
noise dimension : 25
original u-statistic:10.783832550048828
p value proxy: 0.013245033100247383
result: True
2th run
noise dimension : 25
original u-statistic:19.386272430419922
p value proxy: 0.0066225165501236916
result: True
3th run
noise dimension : 25
original u-statistic:11.355865478515625
p value proxy: 0.0066225165501236916
result: True
4th run
noise dimension : 25
original u-statistic:13.229394912719727
p value proxy: 0.013245033100247383
result: True
5th run
noise dimension : 25
original u-statistic:6.187005996704102
p value proxy: 0.05960264801979065
result: False
6th run
noise dimension : 25
original u-statistic:11.613767623901367
p value proxy: 0.0066225165501236916
result: True
7th run
noise dimension : 25
original u-statistic:17.025930404663086
p value proxy: 0.0066225165501236916
result: True
8th run
noise dimension : 25
original u-statistic:6.5316643714904785
p value proxy: 0.046357616782188416
result: True
9th run
noise dimension : 25
original u-statistic:2.8646457195281982
p value proxy: 0.18543046712875366
result: False
10th run
noise dimension : 25
original u-statistic:21.785953521728516
p value proxy: 0.0066225165501236916
result: True
11th run
noise dimension : 25
original u-statistic:8.828812599182129
p value proxy: 0.013245033100247383
result: True
12th run
noise dimension : 25
original u-statistic:6.644203186035156
p value proxy: 0.01986755058169365
result: True
13th run
noise dimension : 25
original u-statistic:9.904804229736328
p value proxy: 0.0066225165501236916
result: True
14th run
noise dimension : 25
original u-statistic:1.1479957103729248
p value proxy: 0.3642384111881256
result: False
15th run
noise dimension : 25
original u-statistic:7.730915546417236
p value proxy: 0.026490066200494766
result: True
16th run
noise dimension : 25
original u-statistic:10.739426612854004
p value proxy: 0.0066225165501236916
result: True
17th run
noise dimension : 25
original u-statistic:4.957971572875977
p value proxy: 0.07284767925739288
result: False
18th run
noise dimension : 25
original u-statistic:15.607574462890625
p value proxy: 0.0066225165501236916
result: True
19th run
noise dimension : 25
original u-statistic:4.174516677856445
p value proxy: 0.08609271794557571
result: False
20th run
noise dimension : 25
original u-statistic:17.20769500732422
p value proxy: 0.0066225165501236916
result: True
21th run
noise dimension : 25
original u-statistic:11.169479370117188
p value proxy: 0.0066225165501236916
result: True
22th run
noise dimension : 25
original u-statistic:11.333864212036133
p value proxy: 0.0066225165501236916
result: True
23th run
noise dimension : 25
original u-statistic:10.01378059387207
p value proxy: 0.0066225165501236916
result: True
24th run
noise dimension : 25
original u-statistic:10.067070007324219
p value proxy: 0.0066225165501236916
result: True
25th run
noise dimension : 25
original u-statistic:14.087484359741211
p value proxy: 0.0066225165501236916
result: True
26th run
noise dimension : 25
original u-statistic:3.1868896484375
p value proxy: 0.1986754983663559
result: False
27th run
noise dimension : 25
original u-statistic:9.055486679077148
p value proxy: 0.01986755058169365
result: True
28th run
noise dimension : 25
original u-statistic:7.419424057006836
p value proxy: 0.01986755058169365
result: True
29th run
noise dimension : 25
original u-statistic:15.355195999145508
p value proxy: 0.0066225165501236916
result: True
30th run
noise dimension : 25
original u-statistic:8.700394630432129
p value proxy: 0.0066225165501236916
result: True
31th run
noise dimension : 25
original u-statistic:9.223417282104492
p value proxy: 0.0066225165501236916
result: True
32th run
noise dimension : 25
original u-statistic:12.259438514709473
p value proxy: 0.0066225165501236916
result: True
33th run
noise dimension : 25
original u-statistic:11.069425582885742
p value proxy: 0.0066225165501236916
result: True
34th run
noise dimension : 25
original u-statistic:2.474245548248291
p value proxy: 0.22516556084156036
result: False
35th run
noise dimension : 25
original u-statistic:1.310880422592163
p value proxy: 0.3576158881187439
result: False
36th run
noise dimension : 25
original u-statistic:15.806893348693848
p value proxy: 0.0066225165501236916
result: True
37th run
noise dimension : 25
original u-statistic:2.348356246948242
p value proxy: 0.2715231776237488
result: False
38th run
noise dimension : 25
original u-statistic:8.086431503295898
p value proxy: 0.0066225165501236916
result: True
39th run
noise dimension : 25
original u-statistic:16.350738525390625
p value proxy: 0.0066225165501236916
result: True
40th run
noise dimension : 25
original u-statistic:13.238868713378906
p value proxy: 0.0066225165501236916
result: True
41th run
noise dimension : 25
original u-statistic:9.274653434753418
p value proxy: 0.0066225165501236916
result: True
42th run
noise dimension : 25
original u-statistic:14.716680526733398
p value proxy: 0.0066225165501236916
result: True
43th run
noise dimension : 25
original u-statistic:22.051546096801758
p value proxy: 0.0066225165501236916
result: True
44th run
noise dimension : 25
original u-statistic:6.9472270011901855
p value proxy: 0.026490066200494766
result: True
45th run
noise dimension : 25
original u-statistic:6.175567626953125
p value proxy: 0.06622516363859177
result: False
46th run
noise dimension : 25
original u-statistic:15.47912883758545
p value proxy: 0.0066225165501236916
result: True
47th run
noise dimension : 25
original u-statistic:10.723306655883789
p value proxy: 0.0066225165501236916
result: True
48th run
noise dimension : 25
original u-statistic:6.616179466247559
p value proxy: 0.0397351011633873
result: True
49th run
noise dimension : 25
original u-statistic:3.774218797683716
p value proxy: 0.11258278042078018
result: False
50th run
noise dimension : 25
original u-statistic:14.046257972717285
p value proxy: 0.0066225165501236916
result: True
51th run
noise dimension : 25
original u-statistic:9.98715877532959
p value proxy: 0.0066225165501236916
result: True
52th run
noise dimension : 25
original u-statistic:11.35371208190918
p value proxy: 0.0066225165501236916
result: True
53th run
noise dimension : 25
original u-statistic:8.4957275390625
p value proxy: 0.026490066200494766
result: True
54th run
noise dimension : 25
original u-statistic:10.223699569702148
p value proxy: 0.0066225165501236916
result: True
55th run
noise dimension : 25
original u-statistic:6.398212432861328
p value proxy: 0.05960264801979065
result: False
56th run
noise dimension : 25
original u-statistic:13.273954391479492
p value proxy: 0.0066225165501236916
result: True
57th run
noise dimension : 25
original u-statistic:14.881114959716797
p value proxy: 0.0066225165501236916
result: True
58th run
noise dimension : 25
original u-statistic:4.848360061645508
p value proxy: 0.07284767925739288
result: False
59th run
noise dimension : 25
original u-statistic:8.944961547851562
p value proxy: 0.01986755058169365
result: True
60th run
noise dimension : 25
original u-statistic:15.061026573181152
p value proxy: 0.0066225165501236916
result: True
61th run
noise dimension : 25
original u-statistic:4.608955383300781
p value proxy: 0.07284767925739288
result: False
62th run
noise dimension : 25
original u-statistic:3.0845561027526855
p value proxy: 0.18543046712875366
result: False
63th run
noise dimension : 25
original u-statistic:3.970886468887329
p value proxy: 0.13907285034656525
result: False
64th run
noise dimension : 25
original u-statistic:4.243872165679932
p value proxy: 0.14569535851478577
result: False
65th run
noise dimension : 25
original u-statistic:6.482531547546387
p value proxy: 0.046357616782188416
result: True
66th run
noise dimension : 25
original u-statistic:21.096355438232422
p value proxy: 0.0066225165501236916
result: True
67th run
noise dimension : 25
original u-statistic:7.097068786621094
p value proxy: 0.046357616782188416
result: True
68th run
noise dimension : 25
original u-statistic:10.372980117797852
p value proxy: 0.013245033100247383
result: True
69th run
noise dimension : 25
original u-statistic:7.9698333740234375
p value proxy: 0.013245033100247383
result: True
70th run
noise dimension : 25
original u-statistic:6.538112163543701
p value proxy: 0.046357616782188416
result: True
71th run
noise dimension : 25
original u-statistic:8.243255615234375
p value proxy: 0.01986755058169365
result: True
72th run
noise dimension : 25
original u-statistic:11.465494155883789
p value proxy: 0.013245033100247383
result: True
73th run
noise dimension : 25
original u-statistic:2.647935390472412
p value proxy: 0.1589404046535492
result: False
74th run
noise dimension : 25
original u-statistic:15.004561424255371
p value proxy: 0.0066225165501236916
result: True
75th run
noise dimension : 25
original u-statistic:9.30693531036377
p value proxy: 0.013245033100247383
result: True
76th run
noise dimension : 25
original u-statistic:8.095260620117188
p value proxy: 0.013245033100247383
result: True
77th run
noise dimension : 25
original u-statistic:5.780777454376221
p value proxy: 0.05960264801979065
result: False
78th run
noise dimension : 25
original u-statistic:3.3297088146209717
p value proxy: 0.14569535851478577
result: False
79th run
noise dimension : 25
original u-statistic:4.470548629760742
p value proxy: 0.09271523356437683
result: False
80th run
noise dimension : 25
original u-statistic:14.121932983398438
p value proxy: 0.0066225165501236916
result: True
81th run
noise dimension : 25
original u-statistic:6.8471269607543945
p value proxy: 0.03311258181929588
result: True
82th run
noise dimension : 25
original u-statistic:7.704131126403809
p value proxy: 0.026490066200494766
result: True
83th run
noise dimension : 25
original u-statistic:8.473562240600586
p value proxy: 0.0066225165501236916
result: True
84th run
noise dimension : 25
original u-statistic:1.053208351135254
p value proxy: 0.3112582862377167
result: False
85th run
noise dimension : 25
original u-statistic:16.985689163208008
p value proxy: 0.0066225165501236916
result: True
86th run
noise dimension : 25
original u-statistic:11.125565528869629
p value proxy: 0.0066225165501236916
result: True
87th run
noise dimension : 25
original u-statistic:5.699040412902832
p value proxy: 0.026490066200494766
result: True
88th run
noise dimension : 25
original u-statistic:14.442999839782715
p value proxy: 0.0066225165501236916
result: True
89th run
noise dimension : 25
original u-statistic:10.948247909545898
p value proxy: 0.0066225165501236916
result: True
90th run
noise dimension : 25
original u-statistic:15.532360076904297
p value proxy: 0.0066225165501236916
result: True
91th run
noise dimension : 25
original u-statistic:13.984088897705078
p value proxy: 0.0066225165501236916
result: True
92th run
noise dimension : 25
original u-statistic:17.354812622070312
p value proxy: 0.0066225165501236916
result: True
93th run
noise dimension : 25
original u-statistic:15.16710090637207
p value proxy: 0.0066225165501236916
result: True
94th run
noise dimension : 25
original u-statistic:11.433243751525879
p value proxy: 0.013245033100247383
result: True
95th run
noise dimension : 25
original u-statistic:7.641627788543701
p value proxy: 0.013245033100247383
result: True
96th run
noise dimension : 25
original u-statistic:9.128402709960938
p value proxy: 0.013245033100247383
result: True
97th run
noise dimension : 25
original u-statistic:1.878864049911499
p value proxy: 0.21192052960395813
result: False
98th run
noise dimension : 25
original u-statistic:7.887958526611328
p value proxy: 0.01986755058169365
result: True
99th run
noise dimension : 25
original u-statistic:11.11132526397705
p value proxy: 0.0066225165501236916
result: True
100th run
noise dimension : 25
original u-statistic:11.602621078491211
p value proxy: 0.0066225165501236916
result: True
power estimate : 0.7699999809265137
elapsed time: 176.22970581054688
