job started
cuda available: True
code run on device:: cuda:0

n1 = 20000, n2 = 20000,

kappa = 3, alpha = 0.8,

gamma = 0.05, nTests = 500,

B = 300

1th run
noise dimension : 81
noise variance: 1014.1171875
original u-statistic:-0.05191326141357422
p value proxy: 0.49501660466194153
result: False
power_upto_now: 0.0
2th run
noise dimension : 81
noise variance: 1012.4512329101562
original u-statistic:0.3004875183105469
p value proxy: 0.35880398750305176
result: False
power_upto_now: 0.0
3th run
noise dimension : 81
noise variance: 1013.0615844726562
original u-statistic:-0.0151824951171875
p value proxy: 0.5083056092262268
result: False
power_upto_now: 0.0
4th run
noise dimension : 81
noise variance: 1012.7568359375
original u-statistic:0.850853443145752
p value proxy: 0.2591361999511719
result: False
power_upto_now: 0.0
5th run
noise dimension : 81
noise variance: 1014.5241088867188
original u-statistic:0.8166408538818359
p value proxy: 0.23920264840126038
result: False
power_upto_now: 0.0
6th run
noise dimension : 81
noise variance: 1014.1043090820312
original u-statistic:0.4481487274169922
p value proxy: 0.3521594703197479
result: False
power_upto_now: 0.0
7th run
noise dimension : 81
noise variance: 1014.5626831054688
original u-statistic:0.8697500228881836
p value proxy: 0.19601328670978546
result: False
power_upto_now: 0.0
8th run
noise dimension : 81
noise variance: 1011.2665405273438
original u-statistic:0.6406612396240234
p value proxy: 0.2990033030509949
result: False
power_upto_now: 0.0
9th run
noise dimension : 81
noise variance: 1012.2483520507812
original u-statistic:2.6301822662353516
p value proxy: 0.04318936914205551
result: True
power_upto_now: 0.1111111119389534
10th run
noise dimension : 81
noise variance: 1011.063232421875
original u-statistic:0.9059462547302246
p value proxy: 0.2259136140346527
result: False
power_upto_now: 0.10000000149011612
11th run
noise dimension : 81
noise variance: 1011.6466674804688
original u-statistic:-0.02818918228149414
p value proxy: 0.4916943311691284
result: False
power_upto_now: 0.09090909361839294
12th run
noise dimension : 81
noise variance: 1013.6005249023438
original u-statistic:0.7545757293701172
p value proxy: 0.23588038980960846
result: False
power_upto_now: 0.0833333358168602
13th run
noise dimension : 81
noise variance: 1011.7933959960938
original u-statistic:1.350111961364746
p value proxy: 0.13621261715888977
result: False
power_upto_now: 0.07692307978868484
14th run
noise dimension : 81
noise variance: 1013.5057983398438
original u-statistic:1.148787021636963
p value proxy: 0.1627907007932663
result: False
power_upto_now: 0.0714285746216774
15th run
noise dimension : 81
noise variance: 1011.8677368164062
original u-statistic:-0.08723878860473633
p value proxy: 0.45514950156211853
result: False
power_upto_now: 0.06666667014360428
16th run
noise dimension : 81
noise variance: 1011.7526245117188
original u-statistic:1.123457431793213
p value proxy: 0.17607973515987396
result: False
power_upto_now: 0.0625
17th run
noise dimension : 81
noise variance: 1011.6912231445312
original u-statistic:2.0747671127319336
p value proxy: 0.059800662100315094
result: False
power_upto_now: 0.05882352963089943
18th run
noise dimension : 81
noise variance: 1012.209228515625
original u-statistic:1.124708652496338
p value proxy: 0.17607973515987396
result: False
power_upto_now: 0.0555555559694767
19th run
noise dimension : 81
noise variance: 1012.3163452148438
original u-statistic:2.814084768295288
p value proxy: 0.019933555275201797
result: True
power_upto_now: 0.10526315867900848
20th run
noise dimension : 81
noise variance: 1012.9872436523438
original u-statistic:1.8041720390319824
p value proxy: 0.09634551405906677
result: False
power_upto_now: 0.10000000149011612
21th run
noise dimension : 81
noise variance: 1012.0975952148438
original u-statistic:1.6564712524414062
p value proxy: 0.0830564796924591
result: False
power_upto_now: 0.095238097012043
22th run
noise dimension : 81
noise variance: 1014.3011474609375
original u-statistic:3.2621326446533203
p value proxy: 0.009966777637600899
result: True
power_upto_now: 0.13636364042758942
23th run
noise dimension : 81
noise variance: 1012.7020874023438
original u-statistic:2.0192527770996094
p value proxy: 0.0830564796924591
result: False
power_upto_now: 0.1304347813129425
24th run
noise dimension : 81
noise variance: 1012.7482299804688
original u-statistic:-0.3250088691711426
p value proxy: 0.5747508406639099
result: False
power_upto_now: 0.125
25th run
noise dimension : 81
noise variance: 1013.3655395507812
original u-statistic:0.41307926177978516
p value proxy: 0.3720930218696594
result: False
power_upto_now: 0.11999999731779099
26th run
noise dimension : 81
noise variance: 1013.5089721679688
original u-statistic:2.2255873680114746
p value proxy: 0.04318936914205551
result: True
power_upto_now: 0.1538461595773697
27th run
noise dimension : 81
noise variance: 1014.0142822265625
original u-statistic:1.6939935684204102
p value proxy: 0.10963454842567444
result: False
power_upto_now: 0.14814814925193787
28th run
noise dimension : 81
noise variance: 1012.10107421875
original u-statistic:-2.1797852516174316
p value proxy: 0.9800664186477661
result: False
power_upto_now: 0.1428571492433548
29th run
noise dimension : 81
noise variance: 1013.9365844726562
original u-statistic:0.996178150177002
p value proxy: 0.21262457966804504
result: False
power_upto_now: 0.13793103396892548
30th run
noise dimension : 81
noise variance: 1011.0489501953125
original u-statistic:1.7560548782348633
p value proxy: 0.12956809997558594
result: False
power_upto_now: 0.13333334028720856
31th run
noise dimension : 81
noise variance: 1012.2722778320312
original u-statistic:1.514686107635498
p value proxy: 0.11295680701732635
result: False
power_upto_now: 0.12903225421905518
32th run
noise dimension : 81
noise variance: 1011.3710327148438
original u-statistic:3.2441158294677734
p value proxy: 0.016611294820904732
result: True
power_upto_now: 0.15625
33th run
noise dimension : 81
noise variance: 1016.14697265625
original u-statistic:1.7350168228149414
p value proxy: 0.09634551405906677
result: False
power_upto_now: 0.1515151560306549
34th run
noise dimension : 81
noise variance: 1014.7730712890625
original u-statistic:1.8468875885009766
p value proxy: 0.0830564796924591
result: False
power_upto_now: 0.14705882966518402
35th run
noise dimension : 81
noise variance: 1012.092529296875
original u-statistic:1.9360504150390625
p value proxy: 0.11627906560897827
result: False
power_upto_now: 0.1428571492433548
36th run
noise dimension : 81
noise variance: 1011.6234741210938
original u-statistic:-1.142810344696045
p value proxy: 0.8471760749816895
result: False
power_upto_now: 0.1388888955116272
37th run
noise dimension : 81
noise variance: 1010.8287963867188
original u-statistic:0.7745087146759033
p value proxy: 0.2890365421772003
result: False
power_upto_now: 0.13513512909412384
38th run
noise dimension : 81
noise variance: 1010.8278198242188
original u-statistic:0.4511442184448242
p value proxy: 0.3687707483768463
result: False
power_upto_now: 0.1315789520740509
39th run
noise dimension : 81
noise variance: 1011.890869140625
original u-statistic:2.6823551654815674
p value proxy: 0.039867110550403595
result: True
power_upto_now: 0.1538461595773697
40th run
noise dimension : 81
noise variance: 1012.68701171875
original u-statistic:3.2179055213928223
p value proxy: 0.013289036229252815
result: True
power_upto_now: 0.17499999701976776
41th run
noise dimension : 81
noise variance: 1008.822509765625
original u-statistic:1.205306053161621
p value proxy: 0.21262457966804504
result: False
power_upto_now: 0.17073170840740204
42th run
noise dimension : 81
noise variance: 1011.5716552734375
original u-statistic:4.127874374389648
p value proxy: 0.003322259057313204
result: True
power_upto_now: 0.190476194024086
43th run
noise dimension : 81
noise variance: 1012.377197265625
original u-statistic:1.1855370998382568
p value proxy: 0.15614616870880127
result: False
power_upto_now: 0.1860465109348297
44th run
noise dimension : 81
noise variance: 1012.1109008789062
original u-statistic:0.011533737182617188
p value proxy: 0.4651162624359131
result: False
power_upto_now: 0.1818181872367859
45th run
noise dimension : 81
noise variance: 1012.5103149414062
original u-statistic:-0.5294270515441895
p value proxy: 0.604651153087616
result: False
power_upto_now: 0.17777778208255768
46th run
noise dimension : 81
noise variance: 1010.607177734375
original u-statistic:4.18793249130249
p value proxy: 0.003322259057313204
result: True
power_upto_now: 0.19565217196941376
47th run
noise dimension : 81
noise variance: 1013.3900756835938
original u-statistic:0.8289027214050293
p value proxy: 0.2857142686843872
result: False
power_upto_now: 0.19148936867713928
48th run
noise dimension : 81
noise variance: 1013.426513671875
original u-statistic:1.585852861404419
p value proxy: 0.1395348757505417
result: False
power_upto_now: 0.1875
49th run
noise dimension : 81
noise variance: 1012.3391723632812
original u-statistic:0.0022945404052734375
p value proxy: 0.46179401874542236
result: False
power_upto_now: 0.18367347121238708
50th run
noise dimension : 81
noise variance: 1011.9739990234375
original u-statistic:1.0899710655212402
p value proxy: 0.19269102811813354
result: False
power_upto_now: 0.18000000715255737
51th run
noise dimension : 81
noise variance: 1010.8605346679688
original u-statistic:3.9531712532043457
p value proxy: 0.006644518114626408
result: True
power_upto_now: 0.19607843458652496
52th run
noise dimension : 81
noise variance: 1013.5853881835938
original u-statistic:-2.274514675140381
p value proxy: 0.9833886623382568
result: False
power_upto_now: 0.19230769574642181
53th run
noise dimension : 81
noise variance: 1012.5668334960938
original u-statistic:1.3169193267822266
p value proxy: 0.1661129593849182
result: False
power_upto_now: 0.18867924809455872
54th run
noise dimension : 81
noise variance: 1012.565673828125
original u-statistic:-1.0971050262451172
p value proxy: 0.8073089718818665
result: False
power_upto_now: 0.18518517911434174
55th run
noise dimension : 81
noise variance: 1010.5807495117188
original u-statistic:-1.4491429328918457
p value proxy: 0.8737541437149048
result: False
power_upto_now: 0.1818181872367859
56th run
noise dimension : 81
noise variance: 1011.1631469726562
original u-statistic:1.7623558044433594
p value proxy: 0.1029900312423706
result: False
power_upto_now: 0.1785714328289032
57th run
noise dimension : 81
noise variance: 1011.3045043945312
original u-statistic:1.7349433898925781
p value proxy: 0.10963454842567444
result: False
power_upto_now: 0.17543859779834747
58th run
noise dimension : 81
noise variance: 1012.4411010742188
original u-statistic:0.09075117111206055
p value proxy: 0.5315614342689514
result: False
power_upto_now: 0.17241379618644714
59th run
noise dimension : 81
noise variance: 1013.442626953125
original u-statistic:-0.7144155502319336
p value proxy: 0.6544850468635559
result: False
power_upto_now: 0.16949152946472168
60th run
noise dimension : 81
noise variance: 1012.7979125976562
original u-statistic:1.8467631340026855
p value proxy: 0.1029900312423706
result: False
power_upto_now: 0.1666666716337204
61th run
noise dimension : 81
noise variance: 1011.5324096679688
original u-statistic:0.8398661613464355
p value proxy: 0.27574750781059265
result: False
power_upto_now: 0.16393442451953888
62th run
noise dimension : 81
noise variance: 1013.8994750976562
original u-statistic:0.8559310436248779
p value proxy: 0.262458473443985
result: False
power_upto_now: 0.16129031777381897
63th run
noise dimension : 81
noise variance: 1012.7191162109375
original u-statistic:0.4175586700439453
p value proxy: 0.33887043595314026
result: False
power_upto_now: 0.1587301641702652
64th run
noise dimension : 81
noise variance: 1010.7919921875
original u-statistic:-0.3037838935852051
p value proxy: 0.6112956404685974
result: False
power_upto_now: 0.15625
65th run
noise dimension : 81
noise variance: 1013.0703125
original u-statistic:0.8910984992980957
p value proxy: 0.22923587262630463
result: False
power_upto_now: 0.1538461595773697
66th run
noise dimension : 81
noise variance: 1014.0645141601562
original u-statistic:1.1729645729064941
p value proxy: 0.1661129593849182
result: False
power_upto_now: 0.1515151560306549
67th run
noise dimension : 81
noise variance: 1011.5025634765625
original u-statistic:3.2057671546936035
p value proxy: 0.016611294820904732
result: True
power_upto_now: 0.16417910158634186
68th run
noise dimension : 81
noise variance: 1012.8485717773438
original u-statistic:0.11787796020507812
p value proxy: 0.4485049843788147
result: False
power_upto_now: 0.1617647111415863
69th run
noise dimension : 81
noise variance: 1014.001708984375
original u-statistic:3.0337929725646973
p value proxy: 0.023255813866853714
result: True
power_upto_now: 0.17391304671764374
70th run
noise dimension : 81
noise variance: 1011.5369262695312
original u-statistic:1.9484424591064453
p value proxy: 0.06312292069196701
result: False
power_upto_now: 0.17142857611179352
71th run
noise dimension : 81
noise variance: 1012.6898803710938
original u-statistic:1.7266006469726562
p value proxy: 0.09966777265071869
result: False
power_upto_now: 0.1690140813589096
72th run
noise dimension : 81
noise variance: 1011.44384765625
original u-statistic:-0.6322569847106934
p value proxy: 0.6478404998779297
result: False
power_upto_now: 0.1666666716337204
73th run
noise dimension : 81
noise variance: 1014.59765625
original u-statistic:0.07720613479614258
p value proxy: 0.4053156077861786
result: False
power_upto_now: 0.16438356041908264
74th run
noise dimension : 81
noise variance: 1012.5164184570312
original u-statistic:0.8327140808105469
p value proxy: 0.2790697515010834
result: False
power_upto_now: 0.1621621549129486
75th run
noise dimension : 81
noise variance: 1010.230224609375
original u-statistic:-0.7834477424621582
p value proxy: 0.7009966373443604
result: False
power_upto_now: 0.1599999964237213
76th run
noise dimension : 81
noise variance: 1012.2870483398438
original u-statistic:1.1229653358459473
p value proxy: 0.20930232107639313
result: False
power_upto_now: 0.15789473056793213
77th run
noise dimension : 81
noise variance: 1011.9782104492188
original u-statistic:4.037073612213135
p value proxy: 0.006644518114626408
result: True
power_upto_now: 0.16883116960525513
78th run
noise dimension : 81
noise variance: 1010.9420166015625
original u-statistic:3.4565212726593018
p value proxy: 0.006644518114626408
result: True
power_upto_now: 0.1794871836900711
79th run
noise dimension : 81
noise variance: 1011.8460693359375
original u-statistic:1.0795297622680664
p value proxy: 0.19933554530143738
result: False
power_upto_now: 0.17721518874168396
80th run
noise dimension : 81
noise variance: 1011.1427001953125
original u-statistic:1.1148943901062012
p value proxy: 0.16943521797657013
result: False
power_upto_now: 0.17499999701976776
81th run
noise dimension : 81
noise variance: 1014.4957885742188
original u-statistic:0.08696746826171875
p value proxy: 0.44186046719551086
result: False
power_upto_now: 0.17283950746059418
82th run
noise dimension : 81
noise variance: 1013.1153564453125
original u-statistic:-0.7902846336364746
p value proxy: 0.7375414967536926
result: False
power_upto_now: 0.17073170840740204
83th run
noise dimension : 81
noise variance: 1014.3099365234375
original u-statistic:1.4115452766418457
p value proxy: 0.1395348757505417
result: False
power_upto_now: 0.16867469251155853
84th run
noise dimension : 81
noise variance: 1010.908203125
original u-statistic:-1.343580722808838
p value proxy: 0.8571428656578064
result: False
power_upto_now: 0.1666666716337204
85th run
noise dimension : 81
noise variance: 1011.6467895507812
original u-statistic:1.6411676406860352
p value proxy: 0.09634551405906677
result: False
power_upto_now: 0.16470588743686676
86th run
noise dimension : 81
noise variance: 1009.9422607421875
original u-statistic:0.2284688949584961
p value proxy: 0.4053156077861786
result: False
power_upto_now: 0.1627907007932663
87th run
noise dimension : 81
noise variance: 1011.5758666992188
original u-statistic:-1.0780248641967773
p value proxy: 0.7774085998535156
result: False
power_upto_now: 0.16091954708099365
88th run
noise dimension : 81
noise variance: 1011.8985595703125
original u-statistic:1.7022218704223633
p value proxy: 0.11295680701732635
result: False
power_upto_now: 0.15909090638160706
89th run
noise dimension : 81
noise variance: 1012.533935546875
original u-statistic:1.839372158050537
p value proxy: 0.07308969646692276
result: False
power_upto_now: 0.15730337798595428
90th run
noise dimension : 81
noise variance: 1013.9598388671875
original u-statistic:1.8328051567077637
p value proxy: 0.0830564796924591
result: False
power_upto_now: 0.15555556118488312
91th run
noise dimension : 81
noise variance: 1014.6970825195312
original u-statistic:0.803281307220459
p value proxy: 0.2790697515010834
result: False
power_upto_now: 0.1538461595773697
92th run
noise dimension : 81
noise variance: 1012.1795654296875
original u-statistic:1.8499245643615723
p value proxy: 0.10631228983402252
result: False
power_upto_now: 0.15217390656471252
93th run
noise dimension : 81
noise variance: 1010.459228515625
original u-statistic:-1.232813835144043
p value proxy: 0.8405315279960632
result: False
power_upto_now: 0.1505376398563385
94th run
noise dimension : 81
noise variance: 1013.0071411132812
original u-statistic:-0.09935569763183594
p value proxy: 0.5182723999023438
result: False
power_upto_now: 0.1489361673593521
95th run
noise dimension : 81
noise variance: 1011.396728515625
original u-statistic:0.5864419937133789
p value proxy: 0.31893688440322876
result: False
power_upto_now: 0.1473684161901474
96th run
noise dimension : 81
noise variance: 1012.4619750976562
original u-statistic:-0.7444338798522949
p value proxy: 0.7375414967536926
result: False
power_upto_now: 0.1458333283662796
97th run
noise dimension : 81
noise variance: 1011.6856689453125
original u-statistic:1.4480996131896973
p value proxy: 0.13289035856723785
result: False
power_upto_now: 0.14432989060878754
98th run
noise dimension : 81
noise variance: 1012.6217651367188
original u-statistic:1.232752799987793
p value proxy: 0.14617939293384552
result: False
power_upto_now: 0.1428571492433548
99th run
noise dimension : 81
noise variance: 1014.8126220703125
original u-statistic:2.35172700881958
p value proxy: 0.02657807245850563
result: True
power_upto_now: 0.1515151560306549
100th run
noise dimension : 81
noise variance: 1014.340087890625
original u-statistic:2.1206111907958984
p value proxy: 0.05647840350866318
result: False
power_upto_now: 0.15000000596046448
101th run
noise dimension : 81
noise variance: 1015.1088256835938
original u-statistic:0.5557775497436523
p value proxy: 0.2823920249938965
result: False
power_upto_now: 0.14851485192775726
102th run
noise dimension : 81
noise variance: 1012.9112548828125
original u-statistic:0.006488800048828125
p value proxy: 0.45514950156211853
result: False
power_upto_now: 0.14705882966518402
103th run
noise dimension : 81
noise variance: 1014.5281372070312
original u-statistic:1.3166766166687012
p value proxy: 0.17607973515987396
result: False
power_upto_now: 0.1456310749053955
104th run
noise dimension : 81
noise variance: 1013.054443359375
original u-statistic:-0.6547508239746094
p value proxy: 0.7308970093727112
result: False
power_upto_now: 0.14423076808452606
105th run
noise dimension : 81
noise variance: 1013.3375854492188
original u-statistic:3.9751505851745605
p value proxy: 0.003322259057313204
result: True
power_upto_now: 0.15238095819950104
106th run
noise dimension : 81
noise variance: 1013.5764770507812
original u-statistic:0.4682445526123047
p value proxy: 0.3621262311935425
result: False
power_upto_now: 0.15094339847564697
107th run
noise dimension : 81
noise variance: 1010.4786376953125
original u-statistic:0.07452774047851562
p value proxy: 0.4318936765193939
result: False
power_upto_now: 0.14953270554542542
108th run
noise dimension : 81
noise variance: 1012.1964111328125
original u-statistic:-0.8135433197021484
p value proxy: 0.7408637404441833
result: False
power_upto_now: 0.14814814925193787
109th run
noise dimension : 81
noise variance: 1012.1622314453125
original u-statistic:3.4236254692077637
p value proxy: 0.009966777637600899
result: True
power_upto_now: 0.15596330165863037
110th run
noise dimension : 81
noise variance: 1011.1336059570312
original u-statistic:1.3010482788085938
p value proxy: 0.15614616870880127
result: False
power_upto_now: 0.15454545617103577
111th run
noise dimension : 81
noise variance: 1011.416748046875
original u-statistic:-0.8319370746612549
p value proxy: 0.7342192530632019
result: False
power_upto_now: 0.15315315127372742
112th run
noise dimension : 81
noise variance: 1012.0213012695312
original u-statistic:0.4615030288696289
p value proxy: 0.2990033030509949
result: False
power_upto_now: 0.1517857164144516
113th run
noise dimension : 81
noise variance: 1012.0319213867188
original u-statistic:-0.7225844860076904
p value proxy: 0.7109634280204773
result: False
power_upto_now: 0.1504424810409546
114th run
noise dimension : 81
noise variance: 1012.5961303710938
original u-statistic:1.6167223453521729
p value proxy: 0.12624584138393402
result: False
power_upto_now: 0.14912280440330505
115th run
noise dimension : 81
noise variance: 1013.772705078125
original u-statistic:3.716845750808716
p value proxy: 0.006644518114626408
result: True
power_upto_now: 0.156521737575531
116th run
noise dimension : 81
noise variance: 1010.435546875
original u-statistic:0.14256525039672852
p value proxy: 0.43521595001220703
result: False
power_upto_now: 0.1551724076271057
117th run
noise dimension : 81
noise variance: 1013.6124267578125
original u-statistic:0.8810291290283203
p value proxy: 0.22923587262630463
result: False
power_upto_now: 0.1538461595773697
118th run
noise dimension : 81
noise variance: 1013.6082763671875
original u-statistic:-2.7087907791137695
p value proxy: 0.9867109656333923
result: False
power_upto_now: 0.1525423675775528
119th run
noise dimension : 81
noise variance: 1013.1892700195312
original u-statistic:2.5936543941497803
p value proxy: 0.033222589641809464
result: True
power_upto_now: 0.1596638709306717
120th run
noise dimension : 81
noise variance: 1012.1658325195312
original u-statistic:2.8672780990600586
p value proxy: 0.019933555275201797
result: True
power_upto_now: 0.1666666716337204
121th run
noise dimension : 81
noise variance: 1010.582275390625
original u-statistic:-0.5024909973144531
p value proxy: 0.6378737688064575
result: False
power_upto_now: 0.1652892529964447
122th run
noise dimension : 81
noise variance: 1012.6808471679688
original u-statistic:2.993506908416748
p value proxy: 0.023255813866853714
result: True
power_upto_now: 0.17213115096092224
123th run
noise dimension : 81
noise variance: 1012.3458862304688
original u-statistic:3.5479321479797363
p value proxy: 0.003322259057313204
result: True
power_upto_now: 0.17886178195476532
124th run
noise dimension : 81
noise variance: 1013.965087890625
original u-statistic:1.8709464073181152
p value proxy: 0.09966777265071869
result: False
power_upto_now: 0.17741934955120087
125th run
noise dimension : 81
noise variance: 1013.5126342773438
original u-statistic:0.4472627639770508
p value proxy: 0.342192679643631
result: False
power_upto_now: 0.17599999904632568
126th run
noise dimension : 81
noise variance: 1015.218505859375
original u-statistic:1.9532532691955566
p value proxy: 0.05647840350866318
result: False
power_upto_now: 0.1746031790971756
127th run
noise dimension : 81
noise variance: 1010.6209716796875
original u-statistic:-0.01576089859008789
p value proxy: 0.4684385359287262
result: False
power_upto_now: 0.17322835326194763
128th run
noise dimension : 81
noise variance: 1013.3357543945312
original u-statistic:0.3701925277709961
p value proxy: 0.3687707483768463
result: False
power_upto_now: 0.171875
129th run
noise dimension : 81
noise variance: 1011.4360961914062
original u-statistic:2.372541904449463
p value proxy: 0.039867110550403595
result: True
power_upto_now: 0.1782945692539215
130th run
noise dimension : 81
noise variance: 1010.5806274414062
original u-statistic:-0.9525718688964844
p value proxy: 0.7275747060775757
result: False
power_upto_now: 0.17692308127880096
131th run
noise dimension : 81
noise variance: 1013.2301635742188
original u-statistic:0.9275150299072266
p value proxy: 0.25249168276786804
result: False
power_upto_now: 0.17557251453399658
132th run
noise dimension : 81
noise variance: 1012.6835327148438
original u-statistic:1.2275066375732422
p value proxy: 0.1661129593849182
result: False
power_upto_now: 0.17424242198467255
133th run
noise dimension : 81
noise variance: 1012.88720703125
original u-statistic:-0.6399507522583008
p value proxy: 0.6378737688064575
result: False
power_upto_now: 0.17293232679367065
134th run
noise dimension : 81
noise variance: 1011.84765625
original u-statistic:0.3091092109680176
p value proxy: 0.3687707483768463
result: False
power_upto_now: 0.17164179682731628
135th run
noise dimension : 81
noise variance: 1013.4319458007812
original u-statistic:-0.09449911117553711
p value proxy: 0.5282391905784607
result: False
power_upto_now: 0.17037037014961243
136th run
noise dimension : 81
noise variance: 1011.7230834960938
original u-statistic:0.8702197074890137
p value proxy: 0.2591361999511719
result: False
power_upto_now: 0.16911764442920685
137th run
noise dimension : 81
noise variance: 1014.0403442382812
original u-statistic:0.8097329139709473
p value proxy: 0.2691029906272888
result: False
power_upto_now: 0.16788321733474731
138th run
noise dimension : 81
noise variance: 1012.1848754882812
original u-statistic:-0.5417842864990234
p value proxy: 0.674418568611145
result: False
power_upto_now: 0.1666666716337204
139th run
noise dimension : 81
noise variance: 1012.9444580078125
original u-statistic:1.1831893920898438
p value proxy: 0.14617939293384552
result: False
power_upto_now: 0.16546761989593506
140th run
noise dimension : 81
noise variance: 1011.4976196289062
original u-statistic:2.772156000137329
p value proxy: 0.019933555275201797
result: True
power_upto_now: 0.17142857611179352
141th run
noise dimension : 81
noise variance: 1011.6506958007812
original u-statistic:-0.7199811935424805
p value proxy: 0.7176079750061035
result: False
power_upto_now: 0.1702127605676651
142th run
noise dimension : 81
noise variance: 1012.4014282226562
original u-statistic:0.4107551574707031
p value proxy: 0.342192679643631
result: False
power_upto_now: 0.1690140813589096
143th run
noise dimension : 81
noise variance: 1012.6362915039062
original u-statistic:2.200977325439453
p value proxy: 0.07641195505857468
result: False
power_upto_now: 0.1678321659564972
144th run
noise dimension : 81
noise variance: 1014.0538940429688
original u-statistic:1.3807415962219238
p value proxy: 0.17940199375152588
result: False
power_upto_now: 0.1666666716337204
145th run
noise dimension : 81
noise variance: 1012.8882446289062
original u-statistic:0.05430316925048828
p value proxy: 0.4850498139858246
result: False
power_upto_now: 0.16551724076271057
146th run
noise dimension : 81
noise variance: 1010.9409790039062
original u-statistic:3.84956431388855
p value proxy: 0.003322259057313204
result: True
power_upto_now: 0.17123287916183472
147th run
noise dimension : 81
noise variance: 1012.0753784179688
original u-statistic:-0.22239398956298828
p value proxy: 0.5116279125213623
result: False
power_upto_now: 0.17006802558898926
148th run
noise dimension : 81
noise variance: 1014.6849975585938
original u-statistic:-2.17549467086792
p value proxy: 0.9634551405906677
result: False
power_upto_now: 0.1689189225435257
149th run
noise dimension : 81
noise variance: 1011.6609497070312
original u-statistic:2.604109048843384
p value proxy: 0.029900331050157547
result: True
power_upto_now: 0.17449665069580078
150th run
noise dimension : 81
noise variance: 1011.4268188476562
original u-statistic:2.1072206497192383
p value proxy: 0.0830564796924591
result: False
power_upto_now: 0.1733333319425583
151th run
noise dimension : 81
noise variance: 1013.691162109375
original u-statistic:0.15791893005371094
p value proxy: 0.4318936765193939
result: False
power_upto_now: 0.17218543589115143
152th run
noise dimension : 81
noise variance: 1013.0191650390625
original u-statistic:0.6647434234619141
p value proxy: 0.3056478202342987
result: False
power_upto_now: 0.17105263471603394
153th run
noise dimension : 81
noise variance: 1012.4443359375
original u-statistic:-2.3670482635498047
p value proxy: 0.9900332093238831
result: False
power_upto_now: 0.16993464529514313
154th run
noise dimension : 81
noise variance: 1012.2272338867188
original u-statistic:2.9375863075256348
p value proxy: 0.016611294820904732
result: True
power_upto_now: 0.1753246784210205
155th run
noise dimension : 81
noise variance: 1010.5427856445312
original u-statistic:3.4374547004699707
p value proxy: 0.013289036229252815
result: True
power_upto_now: 0.1806451678276062
156th run
noise dimension : 81
noise variance: 1012.802978515625
original u-statistic:-0.10679769515991211
p value proxy: 0.5614618062973022
result: False
power_upto_now: 0.1794871836900711
157th run
noise dimension : 81
noise variance: 1013.0117797851562
original u-statistic:-0.5821952819824219
p value proxy: 0.674418568611145
result: False
power_upto_now: 0.17834395170211792
158th run
noise dimension : 81
noise variance: 1013.2474975585938
original u-statistic:1.2424862384796143
p value proxy: 0.17275747656822205
result: False
power_upto_now: 0.17721518874168396
159th run
noise dimension : 81
noise variance: 1013.8933715820312
original u-statistic:1.0700669288635254
p value proxy: 0.18936876952648163
result: False
power_upto_now: 0.17610062658786774
160th run
noise dimension : 81
noise variance: 1010.4763793945312
original u-statistic:3.496584892272949
p value proxy: 0.009966777637600899
result: True
power_upto_now: 0.18125000596046448
161th run
noise dimension : 81
noise variance: 1013.9280395507812
original u-statistic:2.7178549766540527
p value proxy: 0.016611294820904732
result: True
power_upto_now: 0.18633539974689484
162th run
noise dimension : 81
noise variance: 1010.7273559570312
original u-statistic:0.7676563262939453
p value proxy: 0.24916942417621613
result: False
power_upto_now: 0.18518517911434174
163th run
noise dimension : 81
noise variance: 1013.8368530273438
original u-statistic:-0.2335522174835205
p value proxy: 0.5880398750305176
result: False
power_upto_now: 0.1840490847826004
164th run
noise dimension : 81
noise variance: 1012.8734741210938
original u-statistic:2.4537811279296875
p value proxy: 0.04651162773370743
result: True
power_upto_now: 0.18902438879013062
165th run
noise dimension : 81
noise variance: 1014.279052734375
original u-statistic:0.575645923614502
p value proxy: 0.3322259187698364
result: False
power_upto_now: 0.1878787875175476
166th run
noise dimension : 81
noise variance: 1013.0006103515625
original u-statistic:0.3804960250854492
p value proxy: 0.3488371968269348
result: False
power_upto_now: 0.1867469847202301
167th run
noise dimension : 81
noise variance: 1012.230712890625
original u-statistic:0.02375650405883789
p value proxy: 0.45847174525260925
result: False
power_upto_now: 0.185628741979599
168th run
noise dimension : 81
noise variance: 1008.7021484375
original u-statistic:0.12392997741699219
p value proxy: 0.4518272280693054
result: False
power_upto_now: 0.184523805975914
169th run
noise dimension : 81
noise variance: 1012.2161254882812
original u-statistic:0.39916515350341797
p value proxy: 0.35880398750305176
result: False
power_upto_now: 0.1834319531917572
170th run
noise dimension : 81
noise variance: 1011.4379272460938
original u-statistic:-0.7921056747436523
p value proxy: 0.7342192530632019
result: False
power_upto_now: 0.1823529452085495
171th run
noise dimension : 81
noise variance: 1011.6124267578125
original u-statistic:1.576500415802002
p value proxy: 0.15614616870880127
result: False
power_upto_now: 0.1812865436077118
172th run
noise dimension : 81
noise variance: 1013.3724365234375
original u-statistic:-0.3811817169189453
p value proxy: 0.6245846748352051
result: False
power_upto_now: 0.18023255467414856
173th run
noise dimension : 81
noise variance: 1012.1730346679688
original u-statistic:-1.978269100189209
p value proxy: 0.9401993155479431
result: False
power_upto_now: 0.1791907548904419
174th run
noise dimension : 81
noise variance: 1013.3326416015625
original u-statistic:-0.7798175811767578
p value proxy: 0.6976743936538696
result: False
power_upto_now: 0.1781609207391739
175th run
noise dimension : 81
noise variance: 1010.8079223632812
original u-statistic:1.9665265083312988
p value proxy: 0.0830564796924591
result: False
power_upto_now: 0.17714285850524902
176th run
noise dimension : 81
noise variance: 1010.7848510742188
original u-statistic:2.872114896774292
p value proxy: 0.016611294820904732
result: True
power_upto_now: 0.1818181872367859
177th run
noise dimension : 81
noise variance: 1010.2761840820312
original u-statistic:1.0740671157836914
p value proxy: 0.1627907007932663
result: False
power_upto_now: 0.1807909607887268
178th run
noise dimension : 81
noise variance: 1014.652099609375
original u-statistic:-1.297452449798584
p value proxy: 0.8305647373199463
result: False
power_upto_now: 0.17977528274059296
179th run
noise dimension : 81
noise variance: 1013.4462890625
original u-statistic:1.553605079650879
p value proxy: 0.10631228983402252
result: False
power_upto_now: 0.17877094447612762
180th run
noise dimension : 81
noise variance: 1011.7229614257812
original u-statistic:1.0670628547668457
p value proxy: 0.19601328670978546
result: False
power_upto_now: 0.17777778208255768
181th run
noise dimension : 81
noise variance: 1013.419189453125
original u-statistic:-0.16230344772338867
p value proxy: 0.5415282249450684
result: False
power_upto_now: 0.1767955869436264
182th run
noise dimension : 81
noise variance: 1012.7232666015625
original u-statistic:1.2869300842285156
p value proxy: 0.14617939293384552
result: False
power_upto_now: 0.17582418024539948
183th run
noise dimension : 81
noise variance: 1011.4244995117188
original u-statistic:0.9346437454223633
p value proxy: 0.2059800624847412
result: False
power_upto_now: 0.17486338317394257
184th run
noise dimension : 81
noise variance: 1012.7882080078125
original u-statistic:-0.602719783782959
p value proxy: 0.6777408719062805
result: False
power_upto_now: 0.17391304671764374
185th run
noise dimension : 81
noise variance: 1013.0144653320312
original u-statistic:1.65814208984375
p value proxy: 0.09966777265071869
result: False
power_upto_now: 0.17297297716140747
186th run
noise dimension : 81
noise variance: 1011.9989013671875
original u-statistic:0.7766380310058594
p value proxy: 0.2857142686843872
result: False
power_upto_now: 0.17204301059246063
187th run
noise dimension : 81
noise variance: 1012.0535888671875
original u-statistic:0.9905619621276855
p value proxy: 0.1428571343421936
result: False
power_upto_now: 0.17112299799919128
188th run
noise dimension : 81
noise variance: 1012.8876342773438
original u-statistic:2.1106972694396973
p value proxy: 0.06976743787527084
result: False
power_upto_now: 0.1702127605676651
189th run
noise dimension : 81
noise variance: 1012.9686889648438
original u-statistic:1.9724879264831543
p value proxy: 0.07641195505857468
result: False
power_upto_now: 0.16931216418743134
190th run
noise dimension : 81
noise variance: 1011.7742309570312
original u-statistic:-0.017622947692871094
p value proxy: 0.4916943311691284
result: False
power_upto_now: 0.16842105984687805
191th run
noise dimension : 81
noise variance: 1013.9473876953125
original u-statistic:-0.9135046005249023
p value proxy: 0.7740863561630249
result: False
power_upto_now: 0.16753926873207092
192th run
noise dimension : 81
noise variance: 1011.2230834960938
original u-statistic:0.33466434478759766
p value proxy: 0.4053156077861786
result: False
power_upto_now: 0.1666666716337204
193th run
noise dimension : 81
noise variance: 1015.114013671875
original u-statistic:0.47573184967041016
p value proxy: 0.33554816246032715
result: False
power_upto_now: 0.16580310463905334
194th run
noise dimension : 81
noise variance: 1012.9003295898438
original u-statistic:-0.442690372467041
p value proxy: 0.5913621187210083
result: False
power_upto_now: 0.1649484485387802
195th run
noise dimension : 81
noise variance: 1013.0606689453125
original u-statistic:2.482417106628418
p value proxy: 0.04318936914205551
result: True
power_upto_now: 0.16923077404499054
196th run
noise dimension : 81
noise variance: 1013.385009765625
original u-statistic:3.337158203125
p value proxy: 0.016611294820904732
result: True
power_upto_now: 0.1734693944454193
197th run
noise dimension : 81
noise variance: 1011.5045166015625
original u-statistic:0.34078502655029297
p value proxy: 0.37873753905296326
result: False
power_upto_now: 0.17258882522583008
198th run
noise dimension : 81
noise variance: 1014.2560424804688
original u-statistic:-0.8460421562194824
p value proxy: 0.8172757029533386
result: False
power_upto_now: 0.17171716690063477
199th run
noise dimension : 81
noise variance: 1011.4909057617188
original u-statistic:0.9992733001708984
p value proxy: 0.21262457966804504
result: False
power_upto_now: 0.17085427045822144
200th run
noise dimension : 81
noise variance: 1016.3660888671875
original u-statistic:-0.11647272109985352
p value proxy: 0.5083056092262268
result: False
power_upto_now: 0.17000000178813934
201th run
noise dimension : 81
noise variance: 1012.670166015625
original u-statistic:1.2955799102783203
p value proxy: 0.17940199375152588
result: False
power_upto_now: 0.16915422677993774
202th run
noise dimension : 81
noise variance: 1012.4118041992188
original u-statistic:2.2680559158325195
p value proxy: 0.049833886325359344
result: True
power_upto_now: 0.17326731979846954
203th run
noise dimension : 81
noise variance: 1013.0132446289062
original u-statistic:2.5015854835510254
p value proxy: 0.029900331050157547
result: True
power_upto_now: 0.17733989655971527
204th run
noise dimension : 81
noise variance: 1012.6022338867188
original u-statistic:1.6730444431304932
p value proxy: 0.08970099687576294
result: False
power_upto_now: 0.1764705926179886
205th run
noise dimension : 81
noise variance: 1013.1692504882812
original u-statistic:2.528589963912964
p value proxy: 0.029900331050157547
result: True
power_upto_now: 0.18048781156539917
206th run
noise dimension : 81
noise variance: 1011.7410888671875
original u-statistic:3.2028727531433105
p value proxy: 0.003322259057313204
result: True
power_upto_now: 0.18446601927280426
207th run
noise dimension : 81
noise variance: 1011.5670166015625
original u-statistic:2.3527655601501465
p value proxy: 0.04651162773370743
result: True
power_upto_now: 0.18840579688549042
208th run
noise dimension : 81
noise variance: 1011.7977294921875
original u-statistic:0.10117864608764648
p value proxy: 0.4451827108860016
result: False
power_upto_now: 0.1875
209th run
noise dimension : 81
noise variance: 1011.590087890625
original u-statistic:0.5580763816833496
p value proxy: 0.302325576543808
result: False
power_upto_now: 0.1866028755903244
210th run
noise dimension : 81
noise variance: 1011.2737426757812
original u-statistic:-0.11694908142089844
p value proxy: 0.43853819370269775
result: False
power_upto_now: 0.18571428954601288
211th run
noise dimension : 81
noise variance: 1011.4844360351562
original u-statistic:-0.6496667861938477
p value proxy: 0.6644518375396729
result: False
power_upto_now: 0.18483412265777588
212th run
noise dimension : 81
noise variance: 1012.6397705078125
original u-statistic:-0.09839248657226562
p value proxy: 0.5016611218452454
result: False
power_upto_now: 0.18396227061748505
213th run
noise dimension : 81
noise variance: 1013.5484008789062
original u-statistic:0.7028212547302246
p value proxy: 0.25581395626068115
result: False
power_upto_now: 0.18309858441352844
214th run
noise dimension : 81
noise variance: 1011.0097045898438
original u-statistic:2.2518911361694336
p value proxy: 0.04318936914205551
result: True
power_upto_now: 0.18691588938236237
215th run
noise dimension : 81
noise variance: 1013.1320190429688
original u-statistic:2.8958253860473633
p value proxy: 0.016611294820904732
result: True
power_upto_now: 0.19069766998291016
216th run
noise dimension : 81
noise variance: 1013.4500122070312
original u-statistic:0.6816282272338867
p value proxy: 0.27242523431777954
result: False
power_upto_now: 0.18981482088565826
217th run
noise dimension : 81
noise variance: 1011.1450805664062
original u-statistic:0.7922086715698242
p value proxy: 0.27242523431777954
result: False
power_upto_now: 0.18894009292125702
218th run
noise dimension : 81
noise variance: 1013.5703735351562
original u-statistic:1.6763410568237305
p value proxy: 0.09966777265071869
result: False
power_upto_now: 0.18807339668273926
219th run
noise dimension : 81
noise variance: 1015.6326904296875
original u-statistic:3.1288058757781982
p value proxy: 0.033222589641809464
result: True
power_upto_now: 0.19178082048892975
220th run
noise dimension : 81
noise variance: 1010.5621337890625
original u-statistic:1.8947687149047852
p value proxy: 0.0830564796924591
result: False
power_upto_now: 0.19090908765792847
221th run
noise dimension : 81
noise variance: 1011.3569946289062
original u-statistic:-0.9713611602783203
p value proxy: 0.8073089718818665
result: False
power_upto_now: 0.19004525244235992
222th run
noise dimension : 81
noise variance: 1012.8748168945312
original u-statistic:2.6468892097473145
p value proxy: 0.029900331050157547
result: True
power_upto_now: 0.19369369745254517
223th run
noise dimension : 81
noise variance: 1014.1015014648438
original u-statistic:-2.0851001739501953
p value proxy: 0.9667773842811584
result: False
power_upto_now: 0.1928251087665558
224th run
noise dimension : 81
noise variance: 1013.965087890625
original u-statistic:0.2979583740234375
p value proxy: 0.3488371968269348
result: False
power_upto_now: 0.1919642835855484
225th run
noise dimension : 81
noise variance: 1012.5254516601562
original u-statistic:-0.6416611671447754
p value proxy: 0.6179401874542236
result: False
power_upto_now: 0.19111111760139465
226th run
noise dimension : 81
noise variance: 1012.2371826171875
original u-statistic:1.6848540306091309
p value proxy: 0.11960132420063019
result: False
power_upto_now: 0.190265491604805
227th run
noise dimension : 81
noise variance: 1011.7307739257812
original u-statistic:1.2882051467895508
p value proxy: 0.20930232107639313
result: False
power_upto_now: 0.18942731618881226
228th run
noise dimension : 81
noise variance: 1012.5220336914062
original u-statistic:0.44982194900512695
p value proxy: 0.3056478202342987
result: False
power_upto_now: 0.18859648704528809
229th run
noise dimension : 81
noise variance: 1013.091552734375
original u-statistic:2.7661256790161133
p value proxy: 0.029900331050157547
result: True
power_upto_now: 0.19213974475860596
230th run
noise dimension : 81
noise variance: 1010.9951782226562
original u-statistic:1.5677521228790283
p value proxy: 0.12624584138393402
result: False
power_upto_now: 0.19130434095859528
231th run
noise dimension : 81
noise variance: 1012.6358642578125
original u-statistic:3.14125394821167
p value proxy: 0.013289036229252815
result: True
power_upto_now: 0.19480518996715546
232th run
noise dimension : 81
noise variance: 1012.8515625
original u-statistic:-2.052304267883301
p value proxy: 0.9634551405906677
result: False
power_upto_now: 0.19396552443504333
233th run
noise dimension : 81
noise variance: 1012.5531616210938
original u-statistic:0.8745746612548828
p value proxy: 0.25581395626068115
result: False
power_upto_now: 0.19313304126262665
234th run
noise dimension : 81
noise variance: 1013.64111328125
original u-statistic:1.4492368698120117
p value proxy: 0.11295680701732635
result: False
power_upto_now: 0.19230769574642181
235th run
noise dimension : 81
noise variance: 1011.313232421875
original u-statistic:-2.003361701965332
p value proxy: 0.960132896900177
result: False
power_upto_now: 0.19148936867713928
236th run
noise dimension : 81
noise variance: 1011.151611328125
original u-statistic:-0.2788877487182617
p value proxy: 0.5282391905784607
result: False
power_upto_now: 0.1906779706478119
237th run
noise dimension : 81
noise variance: 1009.355224609375
original u-statistic:0.6105518341064453
p value proxy: 0.3056478202342987
result: False
power_upto_now: 0.18987341225147247
238th run
noise dimension : 81
noise variance: 1010.8555908203125
original u-statistic:-0.3794126510620117
p value proxy: 0.6245846748352051
result: False
power_upto_now: 0.18907563388347626
239th run
noise dimension : 81
noise variance: 1011.0267944335938
original u-statistic:1.131805419921875
p value proxy: 0.19601328670978546
result: False
power_upto_now: 0.1882845163345337
240th run
noise dimension : 81
noise variance: 1010.6866455078125
original u-statistic:0.5903186798095703
p value proxy: 0.3687707483768463
result: False
power_upto_now: 0.1875
241th run
noise dimension : 81
noise variance: 1012.3301391601562
original u-statistic:-1.8863439559936523
p value proxy: 0.9368770718574524
result: False
power_upto_now: 0.18672199547290802
242th run
noise dimension : 81
noise variance: 1011.1112670898438
original u-statistic:-0.08272504806518555
p value proxy: 0.5415282249450684
result: False
power_upto_now: 0.1859504133462906
243th run
noise dimension : 81
noise variance: 1012.2728271484375
original u-statistic:-0.14566755294799805
p value proxy: 0.49501660466194153
result: False
power_upto_now: 0.18518517911434174
244th run
noise dimension : 81
noise variance: 1012.6168212890625
original u-statistic:2.324904441833496
p value proxy: 0.05647840350866318
result: False
power_upto_now: 0.1844262331724167
245th run
noise dimension : 81
noise variance: 1011.4132690429688
original u-statistic:1.5010409355163574
p value proxy: 0.11627906560897827
result: False
power_upto_now: 0.18367347121238708
246th run
noise dimension : 81
noise variance: 1011.5652465820312
original u-statistic:0.9428544044494629
p value proxy: 0.21926909685134888
result: False
power_upto_now: 0.18292683362960815
247th run
noise dimension : 81
noise variance: 1011.7225341796875
original u-statistic:2.9144554138183594
p value proxy: 0.013289036229252815
result: True
power_upto_now: 0.18623481690883636
248th run
noise dimension : 81
noise variance: 1011.9874267578125
original u-statistic:3.263190746307373
p value proxy: 0.006644518114626408
result: True
power_upto_now: 0.1895161271095276
249th run
noise dimension : 81
noise variance: 1013.75634765625
original u-statistic:1.3395509719848633
p value proxy: 0.15282391011714935
result: False
power_upto_now: 0.18875502049922943
250th run
noise dimension : 81
noise variance: 1011.6465454101562
original u-statistic:2.856509208679199
p value proxy: 0.029900331050157547
result: True
power_upto_now: 0.19200000166893005
251th run
noise dimension : 81
noise variance: 1015.4664306640625
original u-statistic:-0.9225287437438965
p value proxy: 0.764119565486908
result: False
power_upto_now: 0.19123506546020508
252th run
noise dimension : 81
noise variance: 1012.8215942382812
original u-statistic:-0.2521848678588867
p value proxy: 0.514950156211853
result: False
power_upto_now: 0.190476194024086
253th run
noise dimension : 81
noise variance: 1014.5245361328125
original u-statistic:2.0102272033691406
p value proxy: 0.059800662100315094
result: False
power_upto_now: 0.18972331285476685
254th run
noise dimension : 81
noise variance: 1013.0405883789062
original u-statistic:-0.2575244903564453
p value proxy: 0.5415282249450684
result: False
power_upto_now: 0.18897637724876404
255th run
noise dimension : 81
noise variance: 1012.1712036132812
original u-statistic:-1.4477992057800293
p value proxy: 0.8604651093482971
result: False
power_upto_now: 0.1882352977991104
256th run
noise dimension : 81
noise variance: 1010.8562622070312
original u-statistic:-1.4342241287231445
p value proxy: 0.8604651093482971
result: False
power_upto_now: 0.1875
257th run
noise dimension : 81
noise variance: 1014.640380859375
original u-statistic:2.9234368801116943
p value proxy: 0.019933555275201797
result: True
power_upto_now: 0.1906614750623703
258th run
noise dimension : 81
noise variance: 1013.0148315429688
original u-statistic:0.7530784606933594
p value proxy: 0.25249168276786804
result: False
power_upto_now: 0.1899224817752838
259th run
noise dimension : 81
noise variance: 1014.1239013671875
original u-statistic:1.424405574798584
p value proxy: 0.15614616870880127
result: False
power_upto_now: 0.18918919563293457
260th run
noise dimension : 81
noise variance: 1011.3631591796875
original u-statistic:-0.4467802047729492
p value proxy: 0.6245846748352051
result: False
power_upto_now: 0.1884615421295166
261th run
noise dimension : 81
noise variance: 1012.2255859375
original u-statistic:2.798090696334839
p value proxy: 0.013289036229252815
result: True
power_upto_now: 0.19157087802886963
262th run
noise dimension : 81
noise variance: 1011.531005859375
original u-statistic:1.1808819770812988
p value proxy: 0.18936876952648163
result: False
power_upto_now: 0.19083969295024872
263th run
noise dimension : 81
noise variance: 1012.779296875
original u-statistic:1.668614387512207
p value proxy: 0.1229235827922821
result: False
power_upto_now: 0.1901140660047531
264th run
noise dimension : 81
noise variance: 1013.6267700195312
original u-statistic:1.0615315437316895
p value proxy: 0.2026578038930893
result: False
power_upto_now: 0.18939393758773804
265th run
noise dimension : 81
noise variance: 1010.6683959960938
original u-statistic:2.350468158721924
p value proxy: 0.0830564796924591
result: False
power_upto_now: 0.18867924809455872
266th run
noise dimension : 81
noise variance: 1013.3208618164062
original u-statistic:1.8575458526611328
p value proxy: 0.059800662100315094
result: False
power_upto_now: 0.18796992301940918
267th run
noise dimension : 81
noise variance: 1013.904052734375
original u-statistic:-0.1099405288696289
p value proxy: 0.5315614342689514
result: False
power_upto_now: 0.18726591765880585
268th run
noise dimension : 81
noise variance: 1013.2086181640625
original u-statistic:-2.4301910400390625
p value proxy: 0.9700996279716492
result: False
power_upto_now: 0.18656715750694275
269th run
noise dimension : 81
noise variance: 1010.7564697265625
original u-statistic:2.5078811645507812
p value proxy: 0.039867110550403595
result: True
power_upto_now: 0.18959107995033264
270th run
noise dimension : 81
noise variance: 1012.4008178710938
original u-statistic:1.3006591796875
p value proxy: 0.15946844220161438
result: False
power_upto_now: 0.18888889253139496
271th run
noise dimension : 81
noise variance: 1011.2915649414062
original u-statistic:0.6592302322387695
p value proxy: 0.2691029906272888
result: False
power_upto_now: 0.18819187581539154
272th run
noise dimension : 81
noise variance: 1013.2455444335938
original u-statistic:0.22033119201660156
p value proxy: 0.4053156077861786
result: False
power_upto_now: 0.1875
273th run
noise dimension : 81
noise variance: 1010.599609375
original u-statistic:0.2351064682006836
p value proxy: 0.41860464215278625
result: False
power_upto_now: 0.18681319057941437
274th run
noise dimension : 81
noise variance: 1011.8673095703125
original u-statistic:2.106625556945801
p value proxy: 0.04318936914205551
result: True
power_upto_now: 0.18978102505207062
275th run
noise dimension : 81
noise variance: 1014.6774291992188
original u-statistic:1.680321216583252
p value proxy: 0.08637873828411102
result: False
power_upto_now: 0.18909090757369995
276th run
noise dimension : 81
noise variance: 1010.7552490234375
original u-statistic:-0.6904559135437012
p value proxy: 0.7441860437393188
result: False
power_upto_now: 0.18840579688549042
277th run
noise dimension : 81
noise variance: 1011.9979248046875
original u-statistic:-0.023293495178222656
p value proxy: 0.49501660466194153
result: False
power_upto_now: 0.18772563338279724
278th run
noise dimension : 81
noise variance: 1013.276611328125
original u-statistic:0.6567287445068359
p value proxy: 0.31561461091041565
result: False
power_upto_now: 0.18705035746097565
279th run
noise dimension : 81
noise variance: 1012.519287109375
original u-statistic:2.6133782863616943
p value proxy: 0.023255813866853714
result: True
power_upto_now: 0.189964160323143
280th run
noise dimension : 81
noise variance: 1012.064697265625
original u-statistic:1.506906509399414
p value proxy: 0.1428571343421936
result: False
power_upto_now: 0.18928571045398712
281th run
noise dimension : 81
noise variance: 1013.7901611328125
original u-statistic:2.2752976417541504
p value proxy: 0.023255813866853714
result: True
power_upto_now: 0.19217081367969513
282th run
noise dimension : 81
noise variance: 1012.0906372070312
original u-statistic:1.5474019050598145
p value proxy: 0.12956809997558594
result: False
power_upto_now: 0.19148936867713928
283th run
noise dimension : 81
noise variance: 1012.8536987304688
original u-statistic:0.31316518783569336
p value proxy: 0.3887042999267578
result: False
power_upto_now: 0.19081272184848785
284th run
noise dimension : 81
noise variance: 1011.8836669921875
original u-statistic:-0.07284212112426758
p value proxy: 0.47508305311203003
result: False
power_upto_now: 0.19014084339141846
285th run
noise dimension : 81
noise variance: 1013.1639404296875
original u-statistic:1.3140733242034912
p value proxy: 0.13289035856723785
result: False
power_upto_now: 0.1894736886024475
286th run
noise dimension : 81
noise variance: 1011.9776611328125
original u-statistic:2.564650535583496
p value proxy: 0.023255813866853714
result: True
power_upto_now: 0.19230769574642181
287th run
noise dimension : 81
noise variance: 1014.220703125
original u-statistic:2.890166997909546
p value proxy: 0.02657807245850563
result: True
power_upto_now: 0.19512194395065308
288th run
noise dimension : 81
noise variance: 1011.3612670898438
original u-statistic:-1.2206001281738281
p value proxy: 0.8338870406150818
result: False
power_upto_now: 0.1944444477558136
289th run
noise dimension : 81
noise variance: 1013.2364501953125
original u-statistic:2.6188225746154785
p value proxy: 0.039867110550403595
result: True
power_upto_now: 0.19723182916641235
290th run
noise dimension : 81
noise variance: 1010.754150390625
original u-statistic:0.3196258544921875
p value proxy: 0.3654485046863556
result: False
power_upto_now: 0.19655172526836395
291th run
noise dimension : 81
noise variance: 1010.8475341796875
original u-statistic:-0.2556910514831543
p value proxy: 0.5448504686355591
result: False
power_upto_now: 0.19587628543376923
292th run
noise dimension : 81
noise variance: 1013.2874145507812
original u-statistic:1.8927288055419922
p value proxy: 0.07641195505857468
result: False
power_upto_now: 0.1952054798603058
293th run
noise dimension : 81
noise variance: 1013.7870483398438
original u-statistic:2.0924134254455566
p value proxy: 0.08637873828411102
result: False
power_upto_now: 0.19453924894332886
294th run
noise dimension : 81
noise variance: 1012.1476440429688
original u-statistic:1.0555992126464844
p value proxy: 0.1860465109348297
result: False
power_upto_now: 0.19387754797935486
295th run
noise dimension : 81
noise variance: 1015.6409912109375
original u-statistic:1.566098690032959
p value proxy: 0.08970099687576294
result: False
power_upto_now: 0.1932203322649002
296th run
noise dimension : 81
noise variance: 1013.857177734375
original u-statistic:2.4018659591674805
p value proxy: 0.04651162773370743
result: True
power_upto_now: 0.19594594836235046
297th run
noise dimension : 81
noise variance: 1013.8893432617188
original u-statistic:2.767526149749756
p value proxy: 0.033222589641809464
result: True
power_upto_now: 0.1986531913280487
298th run
noise dimension : 81
noise variance: 1012.1612548828125
original u-statistic:0.04782295227050781
p value proxy: 0.4684385359287262
result: False
power_upto_now: 0.19798657298088074
299th run
noise dimension : 81
noise variance: 1011.7728271484375
original u-statistic:2.620612859725952
p value proxy: 0.039867110550403595
result: True
power_upto_now: 0.20066890120506287
300th run
noise dimension : 81
noise variance: 1013.5196533203125
original u-statistic:1.0634489059448242
p value proxy: 0.23588038980960846
result: False
power_upto_now: 0.20000000298023224
301th run
noise dimension : 81
noise variance: 1010.7930297851562
original u-statistic:0.43851232528686523
p value proxy: 0.3621262311935425
result: False
power_upto_now: 0.19933554530143738
302th run
noise dimension : 81
noise variance: 1012.7194213867188
original u-statistic:-0.9993927478790283
p value proxy: 0.7674418687820435
result: False
power_upto_now: 0.1986754983663559
303th run
noise dimension : 81
noise variance: 1013.0958862304688
original u-statistic:-1.1116228103637695
p value proxy: 0.7873753905296326
result: False
power_upto_now: 0.19801980257034302
304th run
noise dimension : 81
noise variance: 1014.4510498046875
original u-statistic:-1.2041592597961426
p value proxy: 0.8504983186721802
result: False
power_upto_now: 0.19736842811107635
305th run
noise dimension : 81
noise variance: 1009.530517578125
original u-statistic:1.6991276741027832
p value proxy: 0.1029900312423706
result: False
power_upto_now: 0.19672131538391113
306th run
noise dimension : 81
noise variance: 1011.7105102539062
original u-statistic:-1.029533863067627
p value proxy: 0.7840531468391418
result: False
power_upto_now: 0.19607843458652496
307th run
noise dimension : 81
noise variance: 1012.1605224609375
original u-statistic:0.5805268287658691
p value proxy: 0.31561461091041565
result: False
power_upto_now: 0.19543974101543427
308th run
noise dimension : 81
noise variance: 1013.8740234375
original u-statistic:2.3899779319763184
p value proxy: 0.06312292069196701
result: False
power_upto_now: 0.19480518996715546
309th run
noise dimension : 81
noise variance: 1012.7503051757812
original u-statistic:0.01969766616821289
p value proxy: 0.4684385359287262
result: False
power_upto_now: 0.19417475163936615
310th run
noise dimension : 81
noise variance: 1012.7943725585938
original u-statistic:1.2520742416381836
p value proxy: 0.1428571343421936
result: False
power_upto_now: 0.19354838132858276
311th run
noise dimension : 81
noise variance: 1013.1514282226562
original u-statistic:-1.031954288482666
p value proxy: 0.764119565486908
result: False
power_upto_now: 0.1929260492324829
312th run
noise dimension : 81
noise variance: 1012.5650634765625
original u-statistic:0.7338371276855469
p value proxy: 0.29235878586769104
result: False
power_upto_now: 0.19230769574642181
313th run
noise dimension : 81
noise variance: 1012.9730834960938
original u-statistic:-1.312326192855835
p value proxy: 0.8305647373199463
result: False
power_upto_now: 0.1916932910680771
314th run
noise dimension : 81
noise variance: 1011.8143920898438
original u-statistic:-0.10980081558227539
p value proxy: 0.5481727719306946
result: False
power_upto_now: 0.19108280539512634
315th run
noise dimension : 81
noise variance: 1013.3495483398438
original u-statistic:1.766195297241211
p value proxy: 0.07308969646692276
result: False
power_upto_now: 0.190476194024086
316th run
noise dimension : 81
noise variance: 1009.3912353515625
original u-statistic:-2.230292797088623
p value proxy: 0.960132896900177
result: False
power_upto_now: 0.18987341225147247
317th run
noise dimension : 81
noise variance: 1012.664306640625
original u-statistic:0.7945222854614258
p value proxy: 0.21262457966804504
result: False
power_upto_now: 0.18927444517612457
318th run
noise dimension : 81
noise variance: 1011.1051635742188
original u-statistic:2.38629150390625
p value proxy: 0.039867110550403595
result: True
power_upto_now: 0.19182389974594116
319th run
noise dimension : 81
noise variance: 1012.9207763671875
original u-statistic:2.310908794403076
p value proxy: 0.05315614491701126
result: False
power_upto_now: 0.19122256338596344
320th run
noise dimension : 81
noise variance: 1009.1207275390625
original u-statistic:0.7186412811279297
p value proxy: 0.27574750781059265
result: False
power_upto_now: 0.19062499701976776
321th run
noise dimension : 81
noise variance: 1013.2470703125
original u-statistic:-0.7538294792175293
p value proxy: 0.7275747060775757
result: False
power_upto_now: 0.19003115594387054
322th run
noise dimension : 81
noise variance: 1013.156982421875
original u-statistic:-0.15250325202941895
p value proxy: 0.5182723999023438
result: False
power_upto_now: 0.1894409954547882
323th run
noise dimension : 81
noise variance: 1014.0240478515625
original u-statistic:1.1556954383850098
p value proxy: 0.2026578038930893
result: False
power_upto_now: 0.18885448575019836
324th run
noise dimension : 81
noise variance: 1014.0313110351562
original u-statistic:0.9389691352844238
p value proxy: 0.19933554530143738
result: False
power_upto_now: 0.18827161192893982
325th run
noise dimension : 81
noise variance: 1011.423583984375
original u-statistic:-0.9650282859802246
p value proxy: 0.7375414967536926
result: False
power_upto_now: 0.1876923143863678
326th run
noise dimension : 81
noise variance: 1011.9534301757812
original u-statistic:1.6610188484191895
p value proxy: 0.10631228983402252
result: False
power_upto_now: 0.1871165633201599
327th run
noise dimension : 81
noise variance: 1011.4600830078125
original u-statistic:2.0845348834991455
p value proxy: 0.07308969646692276
result: False
power_upto_now: 0.18654434382915497
328th run
noise dimension : 81
noise variance: 1012.3892822265625
original u-statistic:1.8301575183868408
p value proxy: 0.09966777265071869
result: False
power_upto_now: 0.18597561120986938
329th run
noise dimension : 81
noise variance: 1012.6318359375
original u-statistic:-0.6918883323669434
p value proxy: 0.6810631155967712
result: False
power_upto_now: 0.18541033565998077
330th run
noise dimension : 81
noise variance: 1015.0174560546875
original u-statistic:0.6834092140197754
p value proxy: 0.29235878586769104
result: False
power_upto_now: 0.18484848737716675
331th run
noise dimension : 81
noise variance: 1011.8695678710938
original u-statistic:-1.3557076454162598
p value proxy: 0.8338870406150818
result: False
power_upto_now: 0.18429003655910492
332th run
noise dimension : 81
noise variance: 1010.6925048828125
original u-statistic:0.5408272743225098
p value proxy: 0.31893688440322876
result: False
power_upto_now: 0.1837349385023117
333th run
noise dimension : 81
noise variance: 1013.8413696289062
original u-statistic:-0.07904386520385742
p value proxy: 0.48172757029533386
result: False
power_upto_now: 0.18318317830562592
334th run
noise dimension : 81
noise variance: 1013.1846923828125
original u-statistic:1.5624651908874512
p value proxy: 0.09302325546741486
result: False
power_upto_now: 0.18263472616672516
335th run
noise dimension : 81
noise variance: 1009.0146484375
original u-statistic:0.855170726776123
p value proxy: 0.25581395626068115
result: False
power_upto_now: 0.18208955228328705
336th run
noise dimension : 81
noise variance: 1012.57568359375
original u-statistic:2.653789520263672
p value proxy: 0.033222589641809464
result: True
power_upto_now: 0.184523805975914
337th run
noise dimension : 81
noise variance: 1011.92041015625
original u-statistic:0.0736551284790039
p value proxy: 0.46179401874542236
result: False
power_upto_now: 0.18397626280784607
338th run
noise dimension : 81
noise variance: 1013.6660766601562
original u-statistic:0.6512298583984375
p value proxy: 0.2790697515010834
result: False
power_upto_now: 0.1834319531917572
339th run
noise dimension : 81
noise variance: 1012.1246948242188
original u-statistic:0.40203857421875
p value proxy: 0.37873753905296326
result: False
power_upto_now: 0.1828908622264862
340th run
noise dimension : 81
noise variance: 1011.1948852539062
original u-statistic:-0.5392336845397949
p value proxy: 0.6677740812301636
result: False
power_upto_now: 0.1823529452085495
341th run
noise dimension : 81
noise variance: 1013.0944213867188
original u-statistic:0.6264209747314453
p value proxy: 0.29568105936050415
result: False
power_upto_now: 0.1818181872367859
342th run
noise dimension : 81
noise variance: 1012.4608764648438
original u-statistic:1.5465216636657715
p value proxy: 0.12624584138393402
result: False
power_upto_now: 0.1812865436077118
343th run
noise dimension : 81
noise variance: 1011.860595703125
original u-statistic:0.2592182159423828
p value proxy: 0.4485049843788147
result: False
power_upto_now: 0.1807580143213272
344th run
noise dimension : 81
noise variance: 1012.2012939453125
original u-statistic:-1.0910825729370117
p value proxy: 0.8006644248962402
result: False
power_upto_now: 0.18023255467414856
345th run
noise dimension : 81
noise variance: 1013.7928466796875
original u-statistic:0.9799532890319824
p value proxy: 0.23920264840126038
result: False
power_upto_now: 0.17971014976501465
346th run
noise dimension : 81
noise variance: 1012.2199096679688
original u-statistic:-1.120790958404541
p value proxy: 0.7973421812057495
result: False
power_upto_now: 0.1791907548904419
347th run
noise dimension : 81
noise variance: 1010.9954223632812
original u-statistic:3.821429491043091
p value proxy: 0.003322259057313204
result: True
power_upto_now: 0.18155619502067566
348th run
noise dimension : 81
noise variance: 1013.4600830078125
original u-statistic:2.54805064201355
p value proxy: 0.029900331050157547
result: True
power_upto_now: 0.18390804529190063
349th run
noise dimension : 81
noise variance: 1012.7727661132812
original u-statistic:0.7237114906311035
p value proxy: 0.3289036452770233
result: False
power_upto_now: 0.1833810955286026
350th run
noise dimension : 81
noise variance: 1013.5874633789062
original u-statistic:2.950488567352295
p value proxy: 0.019933555275201797
result: True
power_upto_now: 0.18571428954601288
351th run
noise dimension : 81
noise variance: 1015.4739379882812
original u-statistic:2.0676872730255127
p value proxy: 0.039867110550403595
result: True
power_upto_now: 0.18803419172763824
352th run
noise dimension : 81
noise variance: 1015.1880493164062
original u-statistic:0.23224973678588867
p value proxy: 0.41860464215278625
result: False
power_upto_now: 0.1875
353th run
noise dimension : 81
noise variance: 1013.2969970703125
original u-statistic:1.0465106964111328
p value proxy: 0.2059800624847412
result: False
power_upto_now: 0.1869688332080841
354th run
noise dimension : 81
noise variance: 1011.544189453125
original u-statistic:2.009182929992676
p value proxy: 0.06644517928361893
result: False
power_upto_now: 0.18644067645072937
355th run
noise dimension : 81
noise variance: 1013.2225341796875
original u-statistic:2.6010851860046387
p value proxy: 0.03654484823346138
result: True
power_upto_now: 0.18873240053653717
356th run
noise dimension : 81
noise variance: 1010.6123046875
original u-statistic:-0.7029252052307129
p value proxy: 0.684385359287262
result: False
power_upto_now: 0.18820224702358246
357th run
noise dimension : 81
noise variance: 1012.1959228515625
original u-statistic:0.1368403434753418
p value proxy: 0.43521595001220703
result: False
power_upto_now: 0.18767507374286652
358th run
noise dimension : 81
noise variance: 1010.8126831054688
original u-statistic:-0.6185598373413086
p value proxy: 0.6245846748352051
result: False
power_upto_now: 0.18715083599090576
359th run
noise dimension : 81
noise variance: 1012.6754150390625
original u-statistic:2.6787877082824707
p value proxy: 0.033222589641809464
result: True
power_upto_now: 0.18941503763198853
360th run
noise dimension : 81
noise variance: 1008.703369140625
original u-statistic:0.8128995895385742
p value proxy: 0.27242523431777954
result: False
power_upto_now: 0.18888889253139496
361th run
noise dimension : 81
noise variance: 1012.0680541992188
original u-statistic:0.7829608917236328
p value proxy: 0.24916942417621613
result: False
power_upto_now: 0.1883656531572342
362th run
noise dimension : 81
noise variance: 1012.7139282226562
original u-statistic:2.830155849456787
p value proxy: 0.023255813866853714
result: True
power_upto_now: 0.19060774147510529
363th run
noise dimension : 81
noise variance: 1009.9524536132812
original u-statistic:-0.19569826126098633
p value proxy: 0.5049833655357361
result: False
power_upto_now: 0.1900826394557953
364th run
noise dimension : 81
noise variance: 1014.5425415039062
original u-statistic:2.1049771308898926
p value proxy: 0.05647840350866318
result: False
power_upto_now: 0.1895604431629181
365th run
noise dimension : 81
noise variance: 1012.2980346679688
original u-statistic:5.887020111083984
p value proxy: 0.003322259057313204
result: True
power_upto_now: 0.19178082048892975
366th run
noise dimension : 81
noise variance: 1011.181640625
original u-statistic:-0.9708695411682129
p value proxy: 0.803986668586731
result: False
power_upto_now: 0.1912568360567093
367th run
noise dimension : 81
noise variance: 1013.3842163085938
original u-statistic:-0.06972599029541016
p value proxy: 0.49833884835243225
result: False
power_upto_now: 0.19073569774627686
368th run
noise dimension : 81
noise variance: 1013.0684814453125
original u-statistic:1.4575276374816895
p value proxy: 0.15282391011714935
result: False
power_upto_now: 0.19021739065647125
369th run
noise dimension : 81
noise variance: 1015.3712768554688
original u-statistic:-2.0850162506103516
p value proxy: 0.9568105936050415
result: False
power_upto_now: 0.1897018998861313
370th run
noise dimension : 81
noise variance: 1012.4130859375
original u-statistic:0.6446385383605957
p value proxy: 0.33554816246032715
result: False
power_upto_now: 0.18918919563293457
371th run
noise dimension : 81
noise variance: 1011.8050537109375
original u-statistic:1.517995834350586
p value proxy: 0.14950165152549744
result: False
power_upto_now: 0.18867924809455872
372th run
noise dimension : 81
noise variance: 1012.652587890625
original u-statistic:0.8765578269958496
p value proxy: 0.24916942417621613
result: False
power_upto_now: 0.18817204236984253
373th run
noise dimension : 81
noise variance: 1011.9327392578125
original u-statistic:-0.3151588439941406
p value proxy: 0.5714285373687744
result: False
power_upto_now: 0.18766756355762482
374th run
noise dimension : 81
noise variance: 1011.6845092773438
original u-statistic:-0.5177855491638184
p value proxy: 0.6146179437637329
result: False
power_upto_now: 0.1871657818555832
375th run
noise dimension : 81
noise variance: 1013.1185913085938
original u-statistic:0.865821361541748
p value proxy: 0.2259136140346527
result: False
power_upto_now: 0.18666666746139526
376th run
noise dimension : 81
noise variance: 1010.8325805664062
original u-statistic:-1.0342059135437012
p value proxy: 0.8106312155723572
result: False
power_upto_now: 0.18617020547389984
377th run
noise dimension : 81
noise variance: 1012.4432373046875
original u-statistic:0.19569778442382812
p value proxy: 0.3687707483768463
result: False
power_upto_now: 0.18567639589309692
378th run
noise dimension : 81
noise variance: 1014.3179321289062
original u-statistic:1.3808717727661133
p value proxy: 0.1661129593849182
result: False
power_upto_now: 0.18518517911434174
379th run
noise dimension : 81
noise variance: 1013.6105346679688
original u-statistic:2.5074567794799805
p value proxy: 0.029900331050157547
result: True
power_upto_now: 0.1873350888490677
380th run
noise dimension : 81
noise variance: 1013.082763671875
original u-statistic:0.4989967346191406
p value proxy: 0.3089700937271118
result: False
power_upto_now: 0.18684209883213043
381th run
noise dimension : 81
noise variance: 1013.08984375
original u-statistic:3.8350436687469482
p value proxy: 0.009966777637600899
result: True
power_upto_now: 0.18897637724876404
382th run
noise dimension : 81
noise variance: 1013.43408203125
original u-statistic:1.8227596282958984
p value proxy: 0.08970099687576294
result: False
power_upto_now: 0.1884816735982895
383th run
noise dimension : 81
noise variance: 1012.179443359375
original u-statistic:2.021256446838379
p value proxy: 0.06644517928361893
result: False
power_upto_now: 0.18798956274986267
384th run
noise dimension : 81
noise variance: 1010.3485717773438
original u-statistic:1.826033115386963
p value proxy: 0.06976743787527084
result: False
power_upto_now: 0.1875
385th run
noise dimension : 81
noise variance: 1012.784423828125
original u-statistic:-0.33632946014404297
p value proxy: 0.5614618062973022
result: False
power_upto_now: 0.18701298534870148
386th run
noise dimension : 81
noise variance: 1013.3750610351562
original u-statistic:0.6801681518554688
p value proxy: 0.27242523431777954
result: False
power_upto_now: 0.1865285038948059
387th run
noise dimension : 81
noise variance: 1010.1394653320312
original u-statistic:-1.3646936416625977
p value proxy: 0.8538205623626709
result: False
power_upto_now: 0.1860465109348297
388th run
noise dimension : 81
noise variance: 1014.8040161132812
original u-statistic:4.779499530792236
p value proxy: 0.003322259057313204
result: True
power_upto_now: 0.18814432621002197
389th run
noise dimension : 81
noise variance: 1010.411376953125
original u-statistic:-1.635800838470459
p value proxy: 0.8837209343910217
result: False
power_upto_now: 0.18766066431999207
390th run
noise dimension : 81
noise variance: 1013.799560546875
original u-statistic:0.0467829704284668
p value proxy: 0.47840529680252075
result: False
power_upto_now: 0.18717949092388153
391th run
noise dimension : 81
noise variance: 1011.8849487304688
original u-statistic:1.6211185455322266
p value proxy: 0.1029900312423706
result: False
power_upto_now: 0.1867007613182068
392th run
noise dimension : 81
noise variance: 1010.7694702148438
original u-statistic:-1.3544373512268066
p value proxy: 0.8770763874053955
result: False
power_upto_now: 0.18622449040412903
393th run
noise dimension : 81
noise variance: 1011.37744140625
original u-statistic:1.6601018905639648
p value proxy: 0.09634551405906677
result: False
power_upto_now: 0.18575063347816467
394th run
noise dimension : 81
noise variance: 1015.522705078125
original u-statistic:2.2265756130218506
p value proxy: 0.03654484823346138
result: True
power_upto_now: 0.1878172606229782
395th run
noise dimension : 81
noise variance: 1012.40380859375
original u-statistic:1.1873021125793457
p value proxy: 0.15614616870880127
result: False
power_upto_now: 0.18734177947044373
396th run
noise dimension : 81
noise variance: 1010.8482055664062
original u-statistic:2.3161158561706543
p value proxy: 0.05315614491701126
result: False
power_upto_now: 0.18686868250370026
397th run
noise dimension : 81
noise variance: 1011.98876953125
original u-statistic:-1.1535377502441406
p value proxy: 0.7574750781059265
result: False
power_upto_now: 0.186397984623909
398th run
noise dimension : 81
noise variance: 1012.7159423828125
original u-statistic:3.432194709777832
p value proxy: 0.009966777637600899
result: True
power_upto_now: 0.18844221532344818
399th run
noise dimension : 81
noise variance: 1011.9608154296875
original u-statistic:1.7314729690551758
p value proxy: 0.08637873828411102
result: False
power_upto_now: 0.18796992301940918
400th run
noise dimension : 81
noise variance: 1011.9613037109375
original u-statistic:-1.0144481658935547
p value proxy: 0.7674418687820435
result: False
power_upto_now: 0.1875
401th run
noise dimension : 81
noise variance: 1011.4046630859375
original u-statistic:0.5953950881958008
p value proxy: 0.2857142686843872
result: False
power_upto_now: 0.18703241646289825
402th run
noise dimension : 81
noise variance: 1011.6973876953125
original u-statistic:3.0663723945617676
p value proxy: 0.016611294820904732
result: True
power_upto_now: 0.1890547275543213
403th run
noise dimension : 81
noise variance: 1011.9810180664062
original u-statistic:-0.304140567779541
p value proxy: 0.554817259311676
result: False
power_upto_now: 0.18858560919761658
404th run
noise dimension : 81
noise variance: 1012.4769897460938
original u-statistic:0.6550464630126953
p value proxy: 0.2890365421772003
result: False
power_upto_now: 0.1881188154220581
405th run
noise dimension : 81
noise variance: 1009.8614501953125
original u-statistic:0.4191403388977051
p value proxy: 0.3488371968269348
result: False
power_upto_now: 0.1876543164253235
406th run
noise dimension : 81
noise variance: 1014.5538940429688
original u-statistic:-0.23507928848266602
p value proxy: 0.5481727719306946
result: False
power_upto_now: 0.18719211220741272
407th run
noise dimension : 81
noise variance: 1012.36865234375
original u-statistic:1.376086711883545
p value proxy: 0.17940199375152588
result: False
power_upto_now: 0.1867321878671646
408th run
noise dimension : 81
noise variance: 1011.6917724609375
original u-statistic:0.5798442363739014
p value proxy: 0.3222591280937195
result: False
power_upto_now: 0.18627451360225677
409th run
noise dimension : 81
noise variance: 1011.69775390625
original u-statistic:1.8895196914672852
p value proxy: 0.09966777265071869
result: False
power_upto_now: 0.18581907451152802
410th run
noise dimension : 81
noise variance: 1014.12255859375
original u-statistic:0.6906356811523438
p value proxy: 0.3222591280937195
result: False
power_upto_now: 0.18536585569381714
411th run
noise dimension : 81
noise variance: 1013.325439453125
original u-statistic:-0.6902561187744141
p value proxy: 0.6710963249206543
result: False
power_upto_now: 0.18491484224796295
412th run
noise dimension : 81
noise variance: 1011.9996948242188
original u-statistic:-0.03668403625488281
p value proxy: 0.4883720874786377
result: False
power_upto_now: 0.18446601927280426
413th run
noise dimension : 81
noise variance: 1011.9943237304688
original u-statistic:0.04363441467285156
p value proxy: 0.45847174525260925
result: False
power_upto_now: 0.18401937186717987
414th run
noise dimension : 81
noise variance: 1011.8433227539062
original u-statistic:2.5646324157714844
p value proxy: 0.033222589641809464
result: True
power_upto_now: 0.1859903335571289
415th run
noise dimension : 81
noise variance: 1013.1695556640625
original u-statistic:3.837773323059082
p value proxy: 0.003322259057313204
result: True
power_upto_now: 0.18795180320739746
416th run
noise dimension : 81
noise variance: 1013.4376831054688
original u-statistic:2.330615520477295
p value proxy: 0.04651162773370743
result: True
power_upto_now: 0.1899038404226303
417th run
noise dimension : 81
noise variance: 1011.3344116210938
original u-statistic:-0.8748488426208496
p value proxy: 0.6943521499633789
result: False
power_upto_now: 0.18944844603538513
418th run
noise dimension : 81
noise variance: 1011.7481079101562
original u-statistic:0.7403945922851562
p value proxy: 0.25581395626068115
result: False
power_upto_now: 0.18899521231651306
419th run
noise dimension : 81
noise variance: 1011.0465698242188
original u-statistic:0.832888126373291
p value proxy: 0.24916942417621613
result: False
power_upto_now: 0.1885441541671753
420th run
noise dimension : 81
noise variance: 1013.9595947265625
original u-statistic:1.490818977355957
p value proxy: 0.10631228983402252
result: False
power_upto_now: 0.18809524178504944
421th run
noise dimension : 81
noise variance: 1012.596435546875
original u-statistic:0.5969424247741699
p value proxy: 0.31561461091041565
result: False
power_upto_now: 0.1876484602689743
422th run
noise dimension : 81
noise variance: 1012.4763793945312
original u-statistic:0.5847492218017578
p value proxy: 0.3056478202342987
result: False
power_upto_now: 0.1872037947177887
423th run
noise dimension : 81
noise variance: 1013.0408935546875
original u-statistic:1.513376235961914
p value proxy: 0.11295680701732635
result: False
power_upto_now: 0.18676123023033142
424th run
noise dimension : 81
noise variance: 1010.0511474609375
original u-statistic:-0.8421545028686523
p value proxy: 0.7408637404441833
result: False
power_upto_now: 0.18632075190544128
425th run
noise dimension : 81
noise variance: 1011.4661865234375
original u-statistic:-0.19516324996948242
p value proxy: 0.5415282249450684
result: False
power_upto_now: 0.1858823597431183
426th run
noise dimension : 81
noise variance: 1012.3206787109375
original u-statistic:2.3590145111083984
p value proxy: 0.049833886325359344
result: True
power_upto_now: 0.18779343366622925
427th run
noise dimension : 81
noise variance: 1011.0137939453125
original u-statistic:2.4591169357299805
p value proxy: 0.029900331050157547
result: True
power_upto_now: 0.1896955519914627
428th run
noise dimension : 81
noise variance: 1013.6355590820312
original u-statistic:0.13776731491088867
p value proxy: 0.4053156077861786
result: False
power_upto_now: 0.1892523318529129
429th run
noise dimension : 81
noise variance: 1013.689453125
original u-statistic:-1.204923152923584
p value proxy: 0.8637873530387878
result: False
power_upto_now: 0.18881118297576904
430th run
noise dimension : 81
noise variance: 1011.46044921875
original u-statistic:-2.317044734954834
p value proxy: 0.9700996279716492
result: False
power_upto_now: 0.18837209045886993
431th run
noise dimension : 81
noise variance: 1010.6234130859375
original u-statistic:3.9697189331054688
p value proxy: 0.009966777637600899
result: True
power_upto_now: 0.19025522470474243
432th run
noise dimension : 81
noise variance: 1012.3485107421875
original u-statistic:2.5891432762145996
p value proxy: 0.009966777637600899
result: True
power_upto_now: 0.19212962687015533
433th run
noise dimension : 81
noise variance: 1013.6102905273438
original u-statistic:-0.6584126949310303
p value proxy: 0.6212624311447144
result: False
power_upto_now: 0.19168591499328613
434th run
noise dimension : 81
noise variance: 1015.03125
original u-statistic:-0.1865391731262207
p value proxy: 0.47840529680252075
result: False
power_upto_now: 0.1912442445755005
435th run
noise dimension : 81
noise variance: 1011.3406372070312
original u-statistic:4.341487884521484
p value proxy: 0.003322259057313204
result: True
power_upto_now: 0.19310344755649567
436th run
noise dimension : 81
noise variance: 1012.2587890625
original u-statistic:2.1594691276550293
p value proxy: 0.05315614491701126
result: False
power_upto_now: 0.19266055524349213
437th run
noise dimension : 81
noise variance: 1012.97802734375
original u-statistic:-1.7691869735717773
p value proxy: 0.9335547685623169
result: False
power_upto_now: 0.19221967458724976
438th run
noise dimension : 81
noise variance: 1013.4043579101562
original u-statistic:2.965963840484619
p value proxy: 0.009966777637600899
result: True
power_upto_now: 0.1940639317035675
439th run
noise dimension : 81
noise variance: 1011.666015625
original u-statistic:1.4566779136657715
p value proxy: 0.12624584138393402
result: False
power_upto_now: 0.19362187385559082
440th run
noise dimension : 81
noise variance: 1011.3789672851562
original u-statistic:0.626922607421875
p value proxy: 0.3089700937271118
result: False
power_upto_now: 0.1931818127632141
441th run
noise dimension : 81
noise variance: 1011.4905395507812
original u-statistic:-0.48776721954345703
p value proxy: 0.684385359287262
result: False
power_upto_now: 0.19274376332759857
442th run
noise dimension : 81
noise variance: 1013.5380249023438
original u-statistic:3.1677775382995605
p value proxy: 0.016611294820904732
result: True
power_upto_now: 0.1945701390504837
443th run
noise dimension : 81
noise variance: 1010.3041381835938
original u-statistic:0.7093696594238281
p value proxy: 0.2691029906272888
result: False
power_upto_now: 0.19413092732429504
444th run
noise dimension : 81
noise variance: 1012.12158203125
original u-statistic:1.3438644409179688
p value proxy: 0.18936876952648163
result: False
power_upto_now: 0.19369369745254517
445th run
noise dimension : 81
noise variance: 1012.9451293945312
original u-statistic:-0.3552699089050293
p value proxy: 0.5514950156211853
result: False
power_upto_now: 0.19325841963291168
446th run
noise dimension : 81
noise variance: 1011.1311645507812
original u-statistic:2.120922088623047
p value proxy: 0.06312292069196701
result: False
power_upto_now: 0.1928251087665558
447th run
noise dimension : 81
noise variance: 1011.3533325195312
original u-statistic:-0.866020679473877
p value proxy: 0.7541528344154358
result: False
power_upto_now: 0.1923937350511551
448th run
noise dimension : 81
noise variance: 1011.6160888671875
original u-statistic:1.0223712921142578
p value proxy: 0.17940199375152588
result: False
power_upto_now: 0.1919642835855484
449th run
noise dimension : 81
noise variance: 1012.208984375
original u-statistic:0.8326616287231445
p value proxy: 0.262458473443985
result: False
power_upto_now: 0.19153675436973572
450th run
noise dimension : 81
noise variance: 1013.3998413085938
original u-statistic:-0.3251352310180664
p value proxy: 0.5481727719306946
result: False
power_upto_now: 0.19111111760139465
451th run
noise dimension : 81
noise variance: 1013.136962890625
original u-statistic:3.4693593978881836
p value proxy: 0.009966777637600899
result: True
power_upto_now: 0.19290465116500854
452th run
noise dimension : 81
noise variance: 1015.2547607421875
original u-statistic:4.862613677978516
p value proxy: 0.003322259057313204
result: True
power_upto_now: 0.1946902722120285
453th run
noise dimension : 81
noise variance: 1009.7853393554688
original u-statistic:-0.5296392440795898
p value proxy: 0.6478404998779297
result: False
power_upto_now: 0.19426049292087555
454th run
noise dimension : 81
noise variance: 1012.450439453125
original u-statistic:0.7395482063293457
p value proxy: 0.25249168276786804
result: False
power_upto_now: 0.1938326060771942
455th run
noise dimension : 81
noise variance: 1010.84814453125
original u-statistic:1.5146946907043457
p value proxy: 0.12624584138393402
result: False
power_upto_now: 0.1934065967798233
456th run
noise dimension : 81
noise variance: 1014.01123046875
original u-statistic:-0.5768160820007324
p value proxy: 0.6544850468635559
result: False
power_upto_now: 0.19298245012760162
457th run
noise dimension : 81
noise variance: 1013.8413696289062
original u-statistic:0.3686361312866211
p value proxy: 0.4485049843788147
result: False
power_upto_now: 0.19256018102169037
458th run
noise dimension : 81
noise variance: 1011.23486328125
original u-statistic:-1.5994982719421387
p value proxy: 0.8970099687576294
result: False
power_upto_now: 0.19213974475860596
459th run
noise dimension : 81
noise variance: 1010.78125
original u-statistic:1.770510196685791
p value proxy: 0.10963454842567444
result: False
power_upto_now: 0.1917211264371872
460th run
noise dimension : 81
noise variance: 1012.6529541015625
original u-statistic:3.187551975250244
p value proxy: 0.016611294820904732
result: True
power_upto_now: 0.19347825646400452
461th run
noise dimension : 81
noise variance: 1013.2396850585938
original u-statistic:-1.8305683135986328
p value proxy: 0.8970099687576294
result: False
power_upto_now: 0.1930585652589798
462th run
noise dimension : 81
noise variance: 1013.9461669921875
original u-statistic:0.5111427307128906
p value proxy: 0.37873753905296326
result: False
power_upto_now: 0.19264069199562073
463th run
noise dimension : 81
noise variance: 1010.9287719726562
original u-statistic:2.1951346397399902
p value proxy: 0.05647840350866318
result: False
power_upto_now: 0.1922246217727661
464th run
noise dimension : 81
noise variance: 1012.4791259765625
original u-statistic:0.7310724258422852
p value proxy: 0.2790697515010834
result: False
power_upto_now: 0.19181033968925476
465th run
noise dimension : 81
noise variance: 1013.0628662109375
original u-statistic:1.4733524322509766
p value proxy: 0.14950165152549744
result: False
power_upto_now: 0.19139784574508667
466th run
noise dimension : 81
noise variance: 1015.8282470703125
original u-statistic:1.6528544425964355
p value proxy: 0.08637873828411102
result: False
power_upto_now: 0.19098712503910065
467th run
noise dimension : 81
noise variance: 1013.5327758789062
original u-statistic:-0.10166788101196289
p value proxy: 0.4850498139858246
result: False
power_upto_now: 0.1905781626701355
468th run
noise dimension : 81
noise variance: 1010.5337524414062
original u-statistic:1.834129810333252
p value proxy: 0.06976743787527084
result: False
power_upto_now: 0.19017094373703003
469th run
noise dimension : 81
noise variance: 1013.7447509765625
original u-statistic:1.5771074295043945
p value proxy: 0.10631228983402252
result: False
power_upto_now: 0.18976545333862305
470th run
noise dimension : 81
noise variance: 1014.0647583007812
original u-statistic:0.620053768157959
p value proxy: 0.29568105936050415
result: False
power_upto_now: 0.18936170637607574
471th run
noise dimension : 81
noise variance: 1014.484375
original u-statistic:1.693131923675537
p value proxy: 0.09966777265071869
result: False
power_upto_now: 0.18895965814590454
472th run
noise dimension : 81
noise variance: 1014.153076171875
original u-statistic:1.4258003234863281
p value proxy: 0.11960132420063019
result: False
power_upto_now: 0.18855932354927063
473th run
noise dimension : 81
noise variance: 1013.4572143554688
original u-statistic:0.5466022491455078
p value proxy: 0.3521594703197479
result: False
power_upto_now: 0.18816067278385162
474th run
noise dimension : 81
noise variance: 1012.8912353515625
original u-statistic:1.5159592628479004
p value proxy: 0.11627906560897827
result: False
power_upto_now: 0.18776370584964752
475th run
noise dimension : 81
noise variance: 1012.6437377929688
original u-statistic:-0.036896705627441406
p value proxy: 0.4883720874786377
result: False
power_upto_now: 0.18736842274665833
476th run
noise dimension : 81
noise variance: 1011.9447021484375
original u-statistic:0.20876121520996094
p value proxy: 0.39867109060287476
result: False
power_upto_now: 0.18697479367256165
477th run
noise dimension : 81
noise variance: 1010.4945678710938
original u-statistic:1.5956616401672363
p value proxy: 0.13289035856723785
result: False
power_upto_now: 0.1865828037261963
478th run
noise dimension : 81
noise variance: 1012.7332153320312
original u-statistic:1.449312686920166
p value proxy: 0.11295680701732635
result: False
power_upto_now: 0.18619246780872345
479th run
noise dimension : 81
noise variance: 1013.8976440429688
original u-statistic:-1.287461757659912
p value proxy: 0.8538205623626709
result: False
power_upto_now: 0.18580375611782074
480th run
noise dimension : 81
noise variance: 1011.619140625
original u-statistic:1.0249748229980469
p value proxy: 0.21594683825969696
result: False
power_upto_now: 0.18541666865348816
481th run
noise dimension : 81
noise variance: 1013.9095458984375
original u-statistic:0.9929609298706055
p value proxy: 0.2425249069929123
result: False
power_upto_now: 0.18503119051456451
482th run
noise dimension : 81
noise variance: 1011.392333984375
original u-statistic:3.8550033569335938
p value proxy: 0.006644518114626408
result: True
power_upto_now: 0.18672199547290802
483th run
noise dimension : 81
noise variance: 1009.5946044921875
original u-statistic:1.6948065757751465
p value proxy: 0.10963454842567444
result: False
power_upto_now: 0.18633539974689484
484th run
noise dimension : 81
noise variance: 1012.7637329101562
original u-statistic:-0.3063807487487793
p value proxy: 0.6179401874542236
result: False
power_upto_now: 0.1859504133462906
485th run
noise dimension : 81
noise variance: 1013.9923095703125
original u-statistic:0.553041934967041
p value proxy: 0.3289036452770233
result: False
power_upto_now: 0.1855670064687729
486th run
noise dimension : 81
noise variance: 1014.5452270507812
original u-statistic:1.1898274421691895
p value proxy: 0.16943521797657013
result: False
power_upto_now: 0.18518517911434174
487th run
noise dimension : 81
noise variance: 1011.581298828125
original u-statistic:3.8357279300689697
p value proxy: 0.006644518114626408
result: True
power_upto_now: 0.18685831129550934
488th run
noise dimension : 81
noise variance: 1012.4310913085938
original u-statistic:-1.4567289352416992
p value proxy: 0.8770763874053955
result: False
power_upto_now: 0.18647541105747223
489th run
noise dimension : 81
noise variance: 1013.8211669921875
original u-statistic:-0.1783614158630371
p value proxy: 0.5282391905784607
result: False
power_upto_now: 0.18609407544136047
490th run
noise dimension : 81
noise variance: 1013.6466674804688
original u-statistic:-0.8907020092010498
p value proxy: 0.7707641124725342
result: False
power_upto_now: 0.18571428954601288
491th run
noise dimension : 81
noise variance: 1012.2891845703125
original u-statistic:0.645073413848877
p value proxy: 0.262458473443985
result: False
power_upto_now: 0.18533605337142944
492th run
noise dimension : 81
noise variance: 1012.2830810546875
original u-statistic:-0.7330937385559082
p value proxy: 0.6710963249206543
result: False
power_upto_now: 0.18495935201644897
493th run
noise dimension : 81
noise variance: 1012.2672119140625
original u-statistic:1.7428722381591797
p value proxy: 0.09302325546741486
result: False
power_upto_now: 0.18458418548107147
494th run
noise dimension : 81
noise variance: 1012.2320556640625
original u-statistic:-0.2401571273803711
p value proxy: 0.5415282249450684
result: False
power_upto_now: 0.18421052396297455
495th run
noise dimension : 81
noise variance: 1012.4655151367188
original u-statistic:2.870452642440796
p value proxy: 0.019933555275201797
result: True
power_upto_now: 0.1858585923910141
496th run
noise dimension : 81
noise variance: 1013.890380859375
original u-statistic:0.7216100692749023
p value proxy: 0.2691029906272888
result: False
power_upto_now: 0.1854838728904724
497th run
noise dimension : 81
noise variance: 1012.5839233398438
original u-statistic:3.1952338218688965
p value proxy: 0.016611294820904732
result: True
power_upto_now: 0.18712273240089417
498th run
noise dimension : 81
noise variance: 1014.5940551757812
original u-statistic:0.6885213851928711
p value proxy: 0.29235878586769104
result: False
power_upto_now: 0.1867469847202301
499th run
noise dimension : 81
noise variance: 1012.8302001953125
original u-statistic:1.5624828338623047
p value proxy: 0.08970099687576294
result: False
power_upto_now: 0.18637274205684662
500th run
noise dimension : 81
noise variance: 1010.7218017578125
original u-statistic:-0.975311279296875
p value proxy: 0.7308970093727112
result: False
power_upto_now: 0.1860000044107437
power estimate : 0.1860000044107437
elapsed time: 12619.80008649826
