job started
cuda available: True
code run on device:: cuda:0

n1 = 10000, n2 = 10000,

kappa = 5, alpha = 0.3,

gamma = 0.05, nTests = 100,

B = 150

1th run
noise dimension : 25
original u-statistic:4.37162446975708
p value proxy: 0.13245032727718353
result: False
2th run
noise dimension : 25
original u-statistic:4.859481334686279
p value proxy: 0.06622516363859177
result: False
3th run
noise dimension : 25
original u-statistic:9.652555465698242
p value proxy: 0.013245033100247383
result: True
4th run
noise dimension : 25
original u-statistic:10.443183898925781
p value proxy: 0.013245033100247383
result: True
5th run
noise dimension : 25
original u-statistic:6.385613441467285
p value proxy: 0.046357616782188416
result: True
6th run
noise dimension : 25
original u-statistic:6.184845924377441
p value proxy: 0.026490066200494766
result: True
7th run
noise dimension : 25
original u-statistic:14.558887481689453
p value proxy: 0.013245033100247383
result: True
8th run
noise dimension : 25
original u-statistic:7.633669853210449
p value proxy: 0.013245033100247383
result: True
9th run
noise dimension : 25
original u-statistic:7.865475177764893
p value proxy: 0.013245033100247383
result: True
10th run
noise dimension : 25
original u-statistic:9.385283470153809
p value proxy: 0.013245033100247383
result: True
11th run
noise dimension : 25
original u-statistic:1.9568181037902832
p value proxy: 0.2715231776237488
result: False
12th run
noise dimension : 25
original u-statistic:13.311007499694824
p value proxy: 0.0066225165501236916
result: True
13th run
noise dimension : 25
original u-statistic:4.504653453826904
p value proxy: 0.06622516363859177
result: False
14th run
noise dimension : 25
original u-statistic:7.031089782714844
p value proxy: 0.03311258181929588
result: True
15th run
noise dimension : 25
original u-statistic:8.208362579345703
p value proxy: 0.026490066200494766
result: True
16th run
noise dimension : 25
original u-statistic:4.256800651550293
p value proxy: 0.08609271794557571
result: False
17th run
noise dimension : 25
original u-statistic:6.5290045738220215
p value proxy: 0.05960264801979065
result: False
18th run
noise dimension : 25
original u-statistic:13.525070190429688
p value proxy: 0.0066225165501236916
result: True
19th run
noise dimension : 25
original u-statistic:13.036432266235352
p value proxy: 0.0066225165501236916
result: True
20th run
noise dimension : 25
original u-statistic:18.274250030517578
p value proxy: 0.0066225165501236916
result: True
21th run
noise dimension : 25
original u-statistic:4.691098213195801
p value proxy: 0.10596026480197906
result: False
22th run
noise dimension : 25
original u-statistic:9.985372543334961
p value proxy: 0.0066225165501236916
result: True
23th run
noise dimension : 25
original u-statistic:5.876002311706543
p value proxy: 0.03311258181929588
result: True
24th run
noise dimension : 25
original u-statistic:9.295696258544922
p value proxy: 0.013245033100247383
result: True
25th run
noise dimension : 25
original u-statistic:11.188230514526367
p value proxy: 0.026490066200494766
result: True
26th run
noise dimension : 25
original u-statistic:10.371194839477539
p value proxy: 0.0066225165501236916
result: True
27th run
noise dimension : 25
original u-statistic:9.111686706542969
p value proxy: 0.0066225165501236916
result: True
28th run
noise dimension : 25
original u-statistic:11.009193420410156
p value proxy: 0.0066225165501236916
result: True
29th run
noise dimension : 25
original u-statistic:11.393288612365723
p value proxy: 0.0066225165501236916
result: True
30th run
noise dimension : 25
original u-statistic:1.4551820755004883
p value proxy: 0.30463576316833496
result: False
31th run
noise dimension : 25
original u-statistic:0.737323522567749
p value proxy: 0.41721853613853455
result: False
32th run
noise dimension : 25
original u-statistic:3.866811752319336
p value proxy: 0.1192052960395813
result: False
33th run
noise dimension : 25
original u-statistic:7.197181701660156
p value proxy: 0.03311258181929588
result: True
34th run
noise dimension : 25
original u-statistic:18.150238037109375
p value proxy: 0.0066225165501236916
result: True
35th run
noise dimension : 25
original u-statistic:19.555198669433594
p value proxy: 0.0066225165501236916
result: True
36th run
noise dimension : 25
original u-statistic:12.17486572265625
p value proxy: 0.0066225165501236916
result: True
37th run
noise dimension : 25
original u-statistic:10.745689392089844
p value proxy: 0.026490066200494766
result: True
38th run
noise dimension : 25
original u-statistic:16.585281372070312
p value proxy: 0.0066225165501236916
result: True
39th run
noise dimension : 25
original u-statistic:11.934194564819336
p value proxy: 0.0066225165501236916
result: True
40th run
noise dimension : 25
original u-statistic:1.9494242668151855
p value proxy: 0.26490065455436707
result: False
41th run
noise dimension : 25
original u-statistic:19.163848876953125
p value proxy: 0.0066225165501236916
result: True
42th run
noise dimension : 25
original u-statistic:2.87856388092041
p value proxy: 0.15231788158416748
result: False
43th run
noise dimension : 25
original u-statistic:8.135345458984375
p value proxy: 0.013245033100247383
result: True
44th run
noise dimension : 25
original u-statistic:10.464882850646973
p value proxy: 0.0066225165501236916
result: True
45th run
noise dimension : 25
original u-statistic:2.9188365936279297
p value proxy: 0.16556291282176971
result: False
46th run
noise dimension : 25
original u-statistic:13.49532699584961
p value proxy: 0.0066225165501236916
result: True
47th run
noise dimension : 25
original u-statistic:7.387041091918945
p value proxy: 0.01986755058169365
result: True
48th run
noise dimension : 25
original u-statistic:23.923065185546875
p value proxy: 0.0066225165501236916
result: True
49th run
noise dimension : 25
original u-statistic:4.958423137664795
p value proxy: 0.0794702023267746
result: False
50th run
noise dimension : 25
original u-statistic:21.000972747802734
p value proxy: 0.0066225165501236916
result: True
51th run
noise dimension : 25
original u-statistic:10.89599895477295
p value proxy: 0.0066225165501236916
result: True
52th run
noise dimension : 25
original u-statistic:8.075905799865723
p value proxy: 0.026490066200494766
result: True
53th run
noise dimension : 25
original u-statistic:0.6139986515045166
p value proxy: 0.37748345732688904
result: False
54th run
noise dimension : 25
original u-statistic:1.9695086479187012
p value proxy: 0.2384105920791626
result: False
55th run
noise dimension : 25
original u-statistic:8.693986892700195
p value proxy: 0.0066225165501236916
result: True
56th run
noise dimension : 25
original u-statistic:9.703939437866211
p value proxy: 0.013245033100247383
result: True
57th run
noise dimension : 25
original u-statistic:8.468635559082031
p value proxy: 0.01986755058169365
result: True
58th run
noise dimension : 25
original u-statistic:10.662260055541992
p value proxy: 0.026490066200494766
result: True
59th run
noise dimension : 25
original u-statistic:12.802806854248047
p value proxy: 0.0066225165501236916
result: True
60th run
noise dimension : 25
original u-statistic:11.887309074401855
p value proxy: 0.0066225165501236916
result: True
61th run
noise dimension : 25
original u-statistic:10.548650741577148
p value proxy: 0.0066225165501236916
result: True
62th run
noise dimension : 25
original u-statistic:1.5886225700378418
p value proxy: 0.3112582862377167
result: False
63th run
noise dimension : 25
original u-statistic:3.158438205718994
p value proxy: 0.19205297529697418
result: False
64th run
noise dimension : 25
original u-statistic:11.510269165039062
p value proxy: 0.01986755058169365
result: True
65th run
noise dimension : 25
original u-statistic:12.249326705932617
p value proxy: 0.0066225165501236916
result: True
66th run
noise dimension : 25
original u-statistic:15.048120498657227
p value proxy: 0.0066225165501236916
result: True
67th run
noise dimension : 25
original u-statistic:1.7272238731384277
p value proxy: 0.22516556084156036
result: False
68th run
noise dimension : 25
original u-statistic:6.59891939163208
p value proxy: 0.05960264801979065
result: False
69th run
noise dimension : 25
original u-statistic:12.327943801879883
p value proxy: 0.0066225165501236916
result: True
70th run
noise dimension : 25
original u-statistic:10.331781387329102
p value proxy: 0.0066225165501236916
result: True
71th run
noise dimension : 25
original u-statistic:14.411787033081055
p value proxy: 0.0066225165501236916
result: True
72th run
noise dimension : 25
original u-statistic:7.667694091796875
p value proxy: 0.013245033100247383
result: True
73th run
noise dimension : 25
original u-statistic:2.007167339324951
p value proxy: 0.26490065455436707
result: False
74th run
noise dimension : 25
original u-statistic:11.140615463256836
p value proxy: 0.013245033100247383
result: True
75th run
noise dimension : 25
original u-statistic:15.068216323852539
p value proxy: 0.0066225165501236916
result: True
76th run
noise dimension : 25
original u-statistic:5.790672302246094
p value proxy: 0.01986755058169365
result: True
77th run
noise dimension : 25
original u-statistic:3.02584171295166
p value proxy: 0.14569535851478577
result: False
78th run
noise dimension : 25
original u-statistic:5.774566650390625
p value proxy: 0.07284767925739288
result: False
79th run
noise dimension : 25
original u-statistic:9.963705062866211
p value proxy: 0.013245033100247383
result: True
80th run
noise dimension : 25
original u-statistic:1.0041687488555908
p value proxy: 0.29801324009895325
result: False
81th run
noise dimension : 25
original u-statistic:8.640299797058105
p value proxy: 0.0397351011633873
result: True
82th run
noise dimension : 25
original u-statistic:1.1594171524047852
p value proxy: 0.3708609342575073
result: False
83th run
noise dimension : 25
original u-statistic:11.292061805725098
p value proxy: 0.0066225165501236916
result: True
84th run
noise dimension : 25
original u-statistic:6.1809539794921875
p value proxy: 0.03311258181929588
result: True
85th run
noise dimension : 25
original u-statistic:13.327474594116211
p value proxy: 0.013245033100247383
result: True
86th run
noise dimension : 25
original u-statistic:8.360918045043945
p value proxy: 0.013245033100247383
result: True
87th run
noise dimension : 25
original u-statistic:16.266098022460938
p value proxy: 0.0066225165501236916
result: True
88th run
noise dimension : 25
original u-statistic:14.381757736206055
p value proxy: 0.0066225165501236916
result: True
89th run
noise dimension : 25
original u-statistic:15.145440101623535
p value proxy: 0.0066225165501236916
result: True
90th run
noise dimension : 25
original u-statistic:10.864686012268066
p value proxy: 0.0066225165501236916
result: True
91th run
noise dimension : 25
original u-statistic:4.147931098937988
p value proxy: 0.125827819108963
result: False
92th run
noise dimension : 25
original u-statistic:19.597774505615234
p value proxy: 0.0066225165501236916
result: True
93th run
noise dimension : 25
original u-statistic:8.45144271850586
p value proxy: 0.026490066200494766
result: True
94th run
noise dimension : 25
original u-statistic:10.515176773071289
p value proxy: 0.013245033100247383
result: True
95th run
noise dimension : 25
original u-statistic:-0.6384339332580566
p value proxy: 0.5364238619804382
result: False
96th run
noise dimension : 25
original u-statistic:13.294599533081055
p value proxy: 0.0066225165501236916
result: True
97th run
noise dimension : 25
original u-statistic:16.271379470825195
p value proxy: 0.0066225165501236916
result: True
98th run
noise dimension : 25
original u-statistic:5.577898979187012
p value proxy: 0.0794702023267746
result: False
99th run
noise dimension : 25
original u-statistic:2.436532497406006
p value proxy: 0.17218543589115143
result: False
100th run
noise dimension : 25
original u-statistic:7.045793533325195
p value proxy: 0.013245033100247383
result: True
power estimate : 0.7099999785423279
elapsed time: 180.30918502807617
