job started
cuda available: True
code run on device:: cuda:0

n1 = 10000, n2 = 10000,

kappa = 5, alpha = 0.3,

gamma = 0.05, nTests = 100,

B = 150

1th run
noise dimension : 125
noise variance: 11112.5283203125
original u-statistic:-44.14776611328125
p value proxy: 0.9139072895050049
result: False
2th run
noise dimension : 125
noise variance: 11110.208984375
original u-statistic:-23.637189865112305
p value proxy: 0.7284768223762512
result: False
3th run
noise dimension : 125
noise variance: 11128.591796875
original u-statistic:48.5321044921875
p value proxy: 0.09271523356437683
result: False
4th run
noise dimension : 125
noise variance: 11113.53125
original u-statistic:23.604782104492188
p value proxy: 0.21854305267333984
result: False
5th run
noise dimension : 125
noise variance: 11101.2470703125
original u-statistic:34.72362518310547
p value proxy: 0.17218543589115143
result: False
6th run
noise dimension : 125
noise variance: 11080.1044921875
original u-statistic:27.623476028442383
p value proxy: 0.23178808391094208
result: False
7th run
noise dimension : 125
noise variance: 11120.4306640625
original u-statistic:55.082191467285156
p value proxy: 0.05960264801979065
result: False
8th run
noise dimension : 125
noise variance: 11100.9443359375
original u-statistic:52.18287658691406
p value proxy: 0.09271523356437683
result: False
9th run
noise dimension : 125
noise variance: 11123.650390625
original u-statistic:-30.254032135009766
p value proxy: 0.8675496578216553
result: False
10th run
noise dimension : 125
noise variance: 11122.9033203125
original u-statistic:-32.941246032714844
p value proxy: 0.8410596251487732
result: False
11th run
noise dimension : 125
noise variance: 11104.796875
original u-statistic:13.060571670532227
p value proxy: 0.33774834871292114
result: False
12th run
noise dimension : 125
noise variance: 11127.4912109375
original u-statistic:40.40621566772461
p value proxy: 0.0794702023267746
result: False
13th run
noise dimension : 125
noise variance: 11119.857421875
original u-statistic:13.037028312683105
p value proxy: 0.3245033025741577
result: False
14th run
noise dimension : 125
noise variance: 11099.2158203125
original u-statistic:33.219635009765625
p value proxy: 0.19205297529697418
result: False
15th run
noise dimension : 125
noise variance: 11094.0419921875
original u-statistic:30.94919776916504
p value proxy: 0.2384105920791626
result: False
16th run
noise dimension : 125
noise variance: 11117.5556640625
original u-statistic:-59.03463363647461
p value proxy: 0.9536423683166504
result: False
17th run
noise dimension : 125
noise variance: 11116.86328125
original u-statistic:-3.6032581329345703
p value proxy: 0.5231788158416748
result: False
18th run
noise dimension : 125
noise variance: 11074.14453125
original u-statistic:53.61006164550781
p value proxy: 0.0794702023267746
result: False
19th run
noise dimension : 125
noise variance: 11085.0341796875
original u-statistic:30.729951858520508
p value proxy: 0.1986754983663559
result: False
20th run
noise dimension : 125
noise variance: 11124.1337890625
original u-statistic:35.46134567260742
p value proxy: 0.13907285034656525
result: False
21th run
noise dimension : 125
noise variance: 11104.3955078125
original u-statistic:-27.82703971862793
p value proxy: 0.7880794405937195
result: False
22th run
noise dimension : 125
noise variance: 11092.9365234375
original u-statistic:99.40927124023438
p value proxy: 0.01986755058169365
result: True
23th run
noise dimension : 125
noise variance: 11099.1220703125
original u-statistic:-25.82866668701172
p value proxy: 0.7748344540596008
result: False
24th run
noise dimension : 125
noise variance: 11112.103515625
original u-statistic:16.11590003967285
p value proxy: 0.2715231776237488
result: False
25th run
noise dimension : 125
noise variance: 11090.0712890625
original u-statistic:-5.262568473815918
p value proxy: 0.5894039869308472
result: False
26th run
noise dimension : 125
noise variance: 11118.21484375
original u-statistic:69.72620391845703
p value proxy: 0.05298013240098953
result: False
27th run
noise dimension : 125
noise variance: 11087.6640625
original u-statistic:25.698335647583008
p value proxy: 0.2384105920791626
result: False
28th run
noise dimension : 125
noise variance: 11130.1884765625
original u-statistic:-39.19877624511719
p value proxy: 0.8476821184158325
result: False
29th run
noise dimension : 125
noise variance: 11105.3544921875
original u-statistic:29.40786361694336
p value proxy: 0.20529800653457642
result: False
30th run
noise dimension : 125
noise variance: 11107.0380859375
original u-statistic:-31.677515029907227
p value proxy: 0.8278145790100098
result: False
31th run
noise dimension : 125
noise variance: 11124.4013671875
original u-statistic:-8.234021186828613
p value proxy: 0.6092715263366699
result: False
32th run
noise dimension : 125
noise variance: 11096.275390625
original u-statistic:62.43484115600586
p value proxy: 0.05960264801979065
result: False
33th run
noise dimension : 125
noise variance: 11118.0166015625
original u-statistic:-27.563274383544922
p value proxy: 0.7880794405937195
result: False
34th run
noise dimension : 125
noise variance: 11112.701171875
original u-statistic:-12.368614196777344
p value proxy: 0.6357616186141968
result: False
35th run
noise dimension : 125
noise variance: 11106.8076171875
original u-statistic:66.5514144897461
p value proxy: 0.07284767925739288
result: False
36th run
noise dimension : 125
noise variance: 11076.595703125
original u-statistic:59.96513366699219
p value proxy: 0.05960264801979065
result: False
37th run
noise dimension : 125
noise variance: 11093.8046875
original u-statistic:30.012752532958984
p value proxy: 0.17880794405937195
result: False
38th run
noise dimension : 125
noise variance: 11108.6318359375
original u-statistic:40.64247131347656
p value proxy: 0.13907285034656525
result: False
39th run
noise dimension : 125
noise variance: 11108.53125
original u-statistic:-28.640390396118164
p value proxy: 0.8211920261383057
result: False
40th run
noise dimension : 125
noise variance: 11115.7607421875
original u-statistic:112.18012237548828
p value proxy: 0.0066225165501236916
result: True
41th run
noise dimension : 125
noise variance: 11083.0263671875
original u-statistic:-15.930156707763672
p value proxy: 0.6821191906929016
result: False
42th run
noise dimension : 125
noise variance: 11086.09765625
original u-statistic:24.453859329223633
p value proxy: 0.2384105920791626
result: False
43th run
noise dimension : 125
noise variance: 11091.7890625
original u-statistic:15.892078399658203
p value proxy: 0.30463576316833496
result: False
44th run
noise dimension : 125
noise variance: 11144.953125
original u-statistic:22.083791732788086
p value proxy: 0.2384105920791626
result: False
45th run
noise dimension : 125
noise variance: 11107.8349609375
original u-statistic:41.77424621582031
p value proxy: 0.10596026480197906
result: False
46th run
noise dimension : 125
noise variance: 11120.453125
original u-statistic:24.831348419189453
p value proxy: 0.251655638217926
result: False
47th run
noise dimension : 125
noise variance: 11116.9970703125
original u-statistic:-17.261524200439453
p value proxy: 0.7218543291091919
result: False
48th run
noise dimension : 125
noise variance: 11072.7724609375
original u-statistic:13.529518127441406
p value proxy: 0.29801324009895325
result: False
49th run
noise dimension : 125
noise variance: 11114.5078125
original u-statistic:7.045992851257324
p value proxy: 0.430463582277298
result: False
50th run
noise dimension : 125
noise variance: 11108.0888671875
original u-statistic:-9.339107513427734
p value proxy: 0.6092715263366699
result: False
51th run
noise dimension : 125
noise variance: 11118.91015625
original u-statistic:1.5731925964355469
p value proxy: 0.49668875336647034
result: False
52th run
noise dimension : 125
noise variance: 11113.880859375
original u-statistic:63.60809326171875
p value proxy: 0.0794702023267746
result: False
53th run
noise dimension : 125
noise variance: 11135.658203125
original u-statistic:111.5841064453125
p value proxy: 0.013245033100247383
result: True
54th run
noise dimension : 125
noise variance: 11113.845703125
original u-statistic:1.7509002685546875
p value proxy: 0.4900662302970886
result: False
55th run
noise dimension : 125
noise variance: 11105.5263671875
original u-statistic:-27.827274322509766
p value proxy: 0.7880794405937195
result: False
56th run
noise dimension : 125
noise variance: 11111.986328125
original u-statistic:44.39372634887695
p value proxy: 0.09933774918317795
result: False
57th run
noise dimension : 125
noise variance: 11100.56640625
original u-statistic:-16.60428237915039
p value proxy: 0.6556291580200195
result: False
58th run
noise dimension : 125
noise variance: 11103.24609375
original u-statistic:65.28106689453125
p value proxy: 0.0397351011633873
result: True
59th run
noise dimension : 125
noise variance: 11098.435546875
original u-statistic:20.976972579956055
p value proxy: 0.22516556084156036
result: False
60th run
noise dimension : 125
noise variance: 11092.8369140625
original u-statistic:9.566986083984375
p value proxy: 0.3576158881187439
result: False
61th run
noise dimension : 125
noise variance: 11080.01953125
original u-statistic:24.13100814819336
p value proxy: 0.22516556084156036
result: False
62th run
noise dimension : 125
noise variance: 11101.6484375
original u-statistic:50.183712005615234
p value proxy: 0.0794702023267746
result: False
63th run
noise dimension : 125
noise variance: 11099.7685546875
original u-statistic:52.77106475830078
p value proxy: 0.05960264801979065
result: False
64th run
noise dimension : 125
noise variance: 11095.8134765625
original u-statistic:102.62873077392578
p value proxy: 0.013245033100247383
result: True
65th run
noise dimension : 125
noise variance: 11103.2109375
original u-statistic:-13.882184028625488
p value proxy: 0.6754966974258423
result: False
66th run
noise dimension : 125
noise variance: 11106.2431640625
original u-statistic:24.956727981567383
p value proxy: 0.19205297529697418
result: False
67th run
noise dimension : 125
noise variance: 11116.9375
original u-statistic:-11.184711456298828
p value proxy: 0.6622516512870789
result: False
68th run
noise dimension : 125
noise variance: 11079.494140625
original u-statistic:-1.0738401412963867
p value proxy: 0.5099337697029114
result: False
69th run
noise dimension : 125
noise variance: 11111.9990234375
original u-statistic:18.02001190185547
p value proxy: 0.30463576316833496
result: False
70th run
noise dimension : 125
noise variance: 11126.6904296875
original u-statistic:32.48942565917969
p value proxy: 0.17880794405937195
result: False
71th run
noise dimension : 125
noise variance: 11115.708984375
original u-statistic:47.758785247802734
p value proxy: 0.0794702023267746
result: False
72th run
noise dimension : 125
noise variance: 11118.587890625
original u-statistic:-6.598150253295898
p value proxy: 0.5761589407920837
result: False
73th run
noise dimension : 125
noise variance: 11120.755859375
original u-statistic:18.84882354736328
p value proxy: 0.23178808391094208
result: False
74th run
noise dimension : 125
noise variance: 11105.0390625
original u-statistic:27.371644973754883
p value proxy: 0.22516556084156036
result: False
75th run
noise dimension : 125
noise variance: 11112.3857421875
original u-statistic:20.351749420166016
p value proxy: 0.26490065455436707
result: False
76th run
noise dimension : 125
noise variance: 11103.576171875
original u-statistic:-14.244007110595703
p value proxy: 0.6556291580200195
result: False
77th run
noise dimension : 125
noise variance: 11120.763671875
original u-statistic:48.96076202392578
p value proxy: 0.1192052960395813
result: False
78th run
noise dimension : 125
noise variance: 11127.591796875
original u-statistic:-47.81315231323242
p value proxy: 0.9271523356437683
result: False
79th run
noise dimension : 125
noise variance: 11081.9013671875
original u-statistic:13.507164001464844
p value proxy: 0.3178808093070984
result: False
80th run
noise dimension : 125
noise variance: 11119.6484375
original u-statistic:-29.39505386352539
p value proxy: 0.7748344540596008
result: False
81th run
noise dimension : 125
noise variance: 11089.7314453125
original u-statistic:57.886966705322266
p value proxy: 0.07284767925739288
result: False
82th run
noise dimension : 125
noise variance: 11129.568359375
original u-statistic:-23.446239471435547
p value proxy: 0.8211920261383057
result: False
83th run
noise dimension : 125
noise variance: 11123.9970703125
original u-statistic:2.73159122467041
p value proxy: 0.49668875336647034
result: False
84th run
noise dimension : 125
noise variance: 11144.4443359375
original u-statistic:-10.78116226196289
p value proxy: 0.6622516512870789
result: False
85th run
noise dimension : 125
noise variance: 11101.4384765625
original u-statistic:53.61377716064453
p value proxy: 0.05298013240098953
result: False
86th run
noise dimension : 125
noise variance: 11105.6337890625
original u-statistic:38.91450881958008
p value proxy: 0.13907285034656525
result: False
87th run
noise dimension : 125
noise variance: 11147.6142578125
original u-statistic:40.017295837402344
p value proxy: 0.13907285034656525
result: False
88th run
noise dimension : 125
noise variance: 11139.4853515625
original u-statistic:67.5508804321289
p value proxy: 0.08609271794557571
result: False
89th run
noise dimension : 125
noise variance: 11126.05078125
original u-statistic:87.25750732421875
p value proxy: 0.026490066200494766
result: True
90th run
noise dimension : 125
noise variance: 11128.2978515625
original u-statistic:49.43870544433594
p value proxy: 0.09933774918317795
result: False
91th run
noise dimension : 125
noise variance: 11112.1015625
original u-statistic:65.75726318359375
p value proxy: 0.03311258181929588
result: True
92th run
noise dimension : 125
noise variance: 11115.9482421875
original u-statistic:-14.908683776855469
p value proxy: 0.5960264801979065
result: False
93th run
noise dimension : 125
noise variance: 11102.8251953125
original u-statistic:43.731651306152344
p value proxy: 0.09271523356437683
result: False
94th run
noise dimension : 125
noise variance: 11106.2529296875
original u-statistic:3.9354782104492188
p value proxy: 0.42384105920791626
result: False
95th run
noise dimension : 125
noise variance: 11105.5556640625
original u-statistic:29.556013107299805
p value proxy: 0.1986754983663559
result: False
96th run
noise dimension : 125
noise variance: 11109.4501953125
original u-statistic:11.171483993530273
p value proxy: 0.4039735198020935
result: False
97th run
noise dimension : 125
noise variance: 11088.900390625
original u-statistic:4.983007431030273
p value proxy: 0.4370861053466797
result: False
98th run
noise dimension : 125
noise variance: 11120.90234375
original u-statistic:-35.22868347167969
p value proxy: 0.7880794405937195
result: False
99th run
noise dimension : 125
noise variance: 11111.1259765625
original u-statistic:-25.173667907714844
p value proxy: 0.7417218685150146
result: False
100th run
noise dimension : 125
noise variance: 11158.626953125
original u-statistic:2.9353370666503906
p value proxy: 0.4834437072277069
result: False
power estimate : 0.07000000029802322
elapsed time: 441.8128674030304
