job started
cuda available: True
code run on device:: cuda:0

n1 = 20000, n2 = 20000,

kappa = 3, alpha = 0.2,

gamma = 0.05, nTests = 500,

B = 300

1th run
noise dimension : 27
noise variance: 5396.37841796875
original u-statistic:-1.4853672981262207
p value proxy: 0.5980066061019897
result: False
power_upto_now: 0.0
2th run
noise dimension : 27
noise variance: 5398.7490234375
original u-statistic:7.683427810668945
p value proxy: 0.039867110550403595
result: True
power_upto_now: 0.5
3th run
noise dimension : 27
noise variance: 5400.11181640625
original u-statistic:3.247551679611206
p value proxy: 0.19933554530143738
result: False
power_upto_now: 0.3333333432674408
4th run
noise dimension : 27
noise variance: 5421.89208984375
original u-statistic:1.0826411247253418
p value proxy: 0.4086378514766693
result: False
power_upto_now: 0.25
5th run
noise dimension : 27
noise variance: 5397.66845703125
original u-statistic:-2.0325121879577637
p value proxy: 0.674418568611145
result: False
power_upto_now: 0.20000000298023224
6th run
noise dimension : 27
noise variance: 5424.44189453125
original u-statistic:-0.006585121154785156
p value proxy: 0.4850498139858246
result: False
power_upto_now: 0.1666666716337204
7th run
noise dimension : 27
noise variance: 5377.3779296875
original u-statistic:0.015756607055664062
p value proxy: 0.47508305311203003
result: False
power_upto_now: 0.1428571492433548
8th run
noise dimension : 27
noise variance: 5402.59521484375
original u-statistic:-1.499764084815979
p value proxy: 0.6511628031730652
result: False
power_upto_now: 0.125
9th run
noise dimension : 27
noise variance: 5428.03125
original u-statistic:-0.4591984748840332
p value proxy: 0.4485049843788147
result: False
power_upto_now: 0.1111111119389534
10th run
noise dimension : 27
noise variance: 5363.07861328125
original u-statistic:3.387131929397583
p value proxy: 0.2026578038930893
result: False
power_upto_now: 0.10000000149011612
11th run
noise dimension : 27
noise variance: 5411.216796875
original u-statistic:-1.0853450298309326
p value proxy: 0.564784049987793
result: False
power_upto_now: 0.09090909361839294
12th run
noise dimension : 27
noise variance: 5393.57177734375
original u-statistic:1.373239517211914
p value proxy: 0.302325576543808
result: False
power_upto_now: 0.0833333358168602
13th run
noise dimension : 27
noise variance: 5392.88916015625
original u-statistic:-2.073298215866089
p value proxy: 0.7009966373443604
result: False
power_upto_now: 0.07692307978868484
14th run
noise dimension : 27
noise variance: 5405.1484375
original u-statistic:-2.140801429748535
p value proxy: 0.6611295342445374
result: False
power_upto_now: 0.0714285746216774
15th run
noise dimension : 27
noise variance: 5419.79931640625
original u-statistic:5.710325717926025
p value proxy: 0.06644517928361893
result: False
power_upto_now: 0.06666667014360428
16th run
noise dimension : 27
noise variance: 5403.0615234375
original u-statistic:-0.6011617183685303
p value proxy: 0.564784049987793
result: False
power_upto_now: 0.0625
17th run
noise dimension : 27
noise variance: 5394.748046875
original u-statistic:-0.7745757102966309
p value proxy: 0.5415282249450684
result: False
power_upto_now: 0.05882352963089943
18th run
noise dimension : 27
noise variance: 5408.87060546875
original u-statistic:-5.529109001159668
p value proxy: 0.9269102811813354
result: False
power_upto_now: 0.0555555559694767
19th run
noise dimension : 27
noise variance: 5400.5146484375
original u-statistic:1.5889923572540283
p value proxy: 0.29568105936050415
result: False
power_upto_now: 0.05263157933950424
20th run
noise dimension : 27
noise variance: 5432.59716796875
original u-statistic:-1.9199597835540771
p value proxy: 0.6677740812301636
result: False
power_upto_now: 0.05000000074505806
21th run
noise dimension : 27
noise variance: 5393.94677734375
original u-statistic:-2.3463382720947266
p value proxy: 0.7375414967536926
result: False
power_upto_now: 0.0476190485060215
22th run
noise dimension : 27
noise variance: 5399.2451171875
original u-statistic:-5.139162063598633
p value proxy: 0.9136212468147278
result: False
power_upto_now: 0.04545454680919647
23th run
noise dimension : 27
noise variance: 5396.173828125
original u-statistic:-1.5672516822814941
p value proxy: 0.6179401874542236
result: False
power_upto_now: 0.043478261679410934
24th run
noise dimension : 27
noise variance: 5414.9111328125
original u-statistic:-2.8382182121276855
p value proxy: 0.7707641124725342
result: False
power_upto_now: 0.0416666679084301
25th run
noise dimension : 27
noise variance: 5404.54150390625
original u-statistic:18.57315444946289
p value proxy: 0.003322259057313204
result: True
power_upto_now: 0.07999999821186066
26th run
noise dimension : 27
noise variance: 5392.759765625
original u-statistic:1.0149726867675781
p value proxy: 0.3687707483768463
result: False
power_upto_now: 0.07692307978868484
27th run
noise dimension : 27
noise variance: 5395.66796875
original u-statistic:-5.022269248962402
p value proxy: 0.9102990031242371
result: False
power_upto_now: 0.07407407462596893
28th run
noise dimension : 27
noise variance: 5408.17919921875
original u-statistic:-6.763608932495117
p value proxy: 0.9767441749572754
result: False
power_upto_now: 0.0714285746216774
29th run
noise dimension : 27
noise variance: 5394.9384765625
original u-statistic:5.473438262939453
p value proxy: 0.1029900312423706
result: False
power_upto_now: 0.06896551698446274
30th run
noise dimension : 27
noise variance: 5411.65087890625
original u-statistic:10.310714721679688
p value proxy: 0.016611294820904732
result: True
power_upto_now: 0.10000000149011612
31th run
noise dimension : 27
noise variance: 5365.29296875
original u-statistic:2.4691967964172363
p value proxy: 0.27574750781059265
result: False
power_upto_now: 0.09677419066429138
32th run
noise dimension : 27
noise variance: 5416.34130859375
original u-statistic:-0.5271549224853516
p value proxy: 0.5514950156211853
result: False
power_upto_now: 0.09375
33th run
noise dimension : 27
noise variance: 5384.9736328125
original u-statistic:-3.6339337825775146
p value proxy: 0.803986668586731
result: False
power_upto_now: 0.09090909361839294
34th run
noise dimension : 27
noise variance: 5399.69287109375
original u-statistic:-5.352252960205078
p value proxy: 0.9269102811813354
result: False
power_upto_now: 0.0882352963089943
35th run
noise dimension : 27
noise variance: 5396.771484375
original u-statistic:-4.688483238220215
p value proxy: 0.9368770718574524
result: False
power_upto_now: 0.08571428805589676
36th run
noise dimension : 27
noise variance: 5413.5869140625
original u-statistic:0.8896441459655762
p value proxy: 0.3521594703197479
result: False
power_upto_now: 0.0833333358168602
37th run
noise dimension : 27
noise variance: 5391.1220703125
original u-statistic:-5.66459846496582
p value proxy: 0.9235880374908447
result: False
power_upto_now: 0.0810810774564743
38th run
noise dimension : 27
noise variance: 5402.9580078125
original u-statistic:5.462491989135742
p value proxy: 0.09302325546741486
result: False
power_upto_now: 0.07894736528396606
39th run
noise dimension : 27
noise variance: 5405.11669921875
original u-statistic:1.4878385066986084
p value proxy: 0.2857142686843872
result: False
power_upto_now: 0.07692307978868484
40th run
noise dimension : 27
noise variance: 5395.40283203125
original u-statistic:5.523842811584473
p value proxy: 0.10631228983402252
result: False
power_upto_now: 0.07500000298023224
41th run
noise dimension : 27
noise variance: 5394.501953125
original u-statistic:-2.1417245864868164
p value proxy: 0.6910299062728882
result: False
power_upto_now: 0.0731707289814949
42th run
noise dimension : 27
noise variance: 5416.23046875
original u-statistic:4.6337480545043945
p value proxy: 0.13621261715888977
result: False
power_upto_now: 0.0714285746216774
43th run
noise dimension : 27
noise variance: 5413.77099609375
original u-statistic:2.843756675720215
p value proxy: 0.21594683825969696
result: False
power_upto_now: 0.06976744532585144
44th run
noise dimension : 27
noise variance: 5390.4541015625
original u-statistic:-0.060613155364990234
p value proxy: 0.4883720874786377
result: False
power_upto_now: 0.06818182021379471
45th run
noise dimension : 27
noise variance: 5408.47021484375
original u-statistic:5.652100563049316
p value proxy: 0.09634551405906677
result: False
power_upto_now: 0.06666667014360428
46th run
noise dimension : 27
noise variance: 5385.24951171875
original u-statistic:5.844808578491211
p value proxy: 0.05647840350866318
result: False
power_upto_now: 0.06521739065647125
47th run
noise dimension : 27
noise variance: 5423.05517578125
original u-statistic:3.103999614715576
p value proxy: 0.19601328670978546
result: False
power_upto_now: 0.06382978707551956
48th run
noise dimension : 27
noise variance: 5412.24609375
original u-statistic:1.3670125007629395
p value proxy: 0.31561461091041565
result: False
power_upto_now: 0.0625
49th run
noise dimension : 27
noise variance: 5427.32470703125
original u-statistic:-2.634078025817871
p value proxy: 0.7209302186965942
result: False
power_upto_now: 0.06122449040412903
50th run
noise dimension : 27
noise variance: 5405.1689453125
original u-statistic:5.66229772567749
p value proxy: 0.07973422110080719
result: False
power_upto_now: 0.05999999865889549
51th run
noise dimension : 27
noise variance: 5399.48388671875
original u-statistic:-2.9880878925323486
p value proxy: 0.7774085998535156
result: False
power_upto_now: 0.05882352963089943
52th run
noise dimension : 27
noise variance: 5393.1962890625
original u-statistic:9.375983238220215
p value proxy: 0.023255813866853714
result: True
power_upto_now: 0.07692307978868484
53th run
noise dimension : 27
noise variance: 5397.4921875
original u-statistic:-3.3574318885803223
p value proxy: 0.8006644248962402
result: False
power_upto_now: 0.07547169923782349
54th run
noise dimension : 27
noise variance: 5381.7900390625
original u-statistic:1.0971879959106445
p value proxy: 0.33887043595314026
result: False
power_upto_now: 0.07407407462596893
55th run
noise dimension : 27
noise variance: 5382.181640625
original u-statistic:3.5755350589752197
p value proxy: 0.20930232107639313
result: False
power_upto_now: 0.072727270424366
56th run
noise dimension : 27
noise variance: 5373.62255859375
original u-statistic:3.7527337074279785
p value proxy: 0.20930232107639313
result: False
power_upto_now: 0.0714285746216774
57th run
noise dimension : 27
noise variance: 5398.9423828125
original u-statistic:-5.431575775146484
p value proxy: 0.9368770718574524
result: False
power_upto_now: 0.07017543911933899
58th run
noise dimension : 27
noise variance: 5425.86083984375
original u-statistic:-1.4987587928771973
p value proxy: 0.604651153087616
result: False
power_upto_now: 0.06896551698446274
59th run
noise dimension : 27
noise variance: 5412.01904296875
original u-statistic:-3.3169548511505127
p value proxy: 0.7508305311203003
result: False
power_upto_now: 0.06779661029577255
60th run
noise dimension : 27
noise variance: 5405.70068359375
original u-statistic:-3.4309020042419434
p value proxy: 0.7840531468391418
result: False
power_upto_now: 0.06666667014360428
61th run
noise dimension : 27
noise variance: 5395.36865234375
original u-statistic:3.055607795715332
p value proxy: 0.17940199375152588
result: False
power_upto_now: 0.06557376682758331
62th run
noise dimension : 27
noise variance: 5384.666015625
original u-statistic:1.1608943939208984
p value proxy: 0.3455149531364441
result: False
power_upto_now: 0.06451612710952759
63th run
noise dimension : 27
noise variance: 5391.166015625
original u-statistic:5.232076168060303
p value proxy: 0.11627906560897827
result: False
power_upto_now: 0.0634920671582222
64th run
noise dimension : 27
noise variance: 5393.49755859375
original u-statistic:4.1149187088012695
p value proxy: 0.15282391011714935
result: False
power_upto_now: 0.0625
65th run
noise dimension : 27
noise variance: 5400.43896484375
original u-statistic:-1.8841495513916016
p value proxy: 0.6644518375396729
result: False
power_upto_now: 0.0615384615957737
66th run
noise dimension : 27
noise variance: 5410.98779296875
original u-statistic:-3.6245598793029785
p value proxy: 0.8172757029533386
result: False
power_upto_now: 0.06060606241226196
67th run
noise dimension : 27
noise variance: 5378.6904296875
original u-statistic:1.4652013778686523
p value proxy: 0.3521594703197479
result: False
power_upto_now: 0.05970149114727974
68th run
noise dimension : 27
noise variance: 5388.89306640625
original u-statistic:-3.2671070098876953
p value proxy: 0.7906976342201233
result: False
power_upto_now: 0.05882352963089943
69th run
noise dimension : 27
noise variance: 5401.7958984375
original u-statistic:9.213704109191895
p value proxy: 0.019933555275201797
result: True
power_upto_now: 0.07246376574039459
70th run
noise dimension : 27
noise variance: 5401.7294921875
original u-statistic:-3.789802074432373
p value proxy: 0.8239202499389648
result: False
power_upto_now: 0.0714285746216774
71th run
noise dimension : 27
noise variance: 5384.056640625
original u-statistic:1.6195831298828125
p value proxy: 0.29235878586769104
result: False
power_upto_now: 0.07042253762483597
72th run
noise dimension : 27
noise variance: 5391.30126953125
original u-statistic:3.1423141956329346
p value proxy: 0.2425249069929123
result: False
power_upto_now: 0.0694444477558136
73th run
noise dimension : 27
noise variance: 5396.46044921875
original u-statistic:-1.891899585723877
p value proxy: 0.6112956404685974
result: False
power_upto_now: 0.06849315017461777
74th run
noise dimension : 27
noise variance: 5404.888671875
original u-statistic:1.0622234344482422
p value proxy: 0.3455149531364441
result: False
power_upto_now: 0.06756756454706192
75th run
noise dimension : 27
noise variance: 5371.271484375
original u-statistic:2.9626362323760986
p value proxy: 0.19269102811813354
result: False
power_upto_now: 0.06666667014360428
76th run
noise dimension : 27
noise variance: 5398.232421875
original u-statistic:2.441112756729126
p value proxy: 0.22923587262630463
result: False
power_upto_now: 0.06578947603702545
77th run
noise dimension : 27
noise variance: 5391.67529296875
original u-statistic:5.217782497406006
p value proxy: 0.10631228983402252
result: False
power_upto_now: 0.06493506580591202
78th run
noise dimension : 27
noise variance: 5418.62646484375
original u-statistic:13.35389518737793
p value proxy: 0.006644518114626408
result: True
power_upto_now: 0.07692307978868484
79th run
noise dimension : 27
noise variance: 5401.78125
original u-statistic:-1.5977487564086914
p value proxy: 0.6112956404685974
result: False
power_upto_now: 0.07594936341047287
80th run
noise dimension : 27
noise variance: 5397.7529296875
original u-statistic:-3.8872857093811035
p value proxy: 0.8272424936294556
result: False
power_upto_now: 0.07500000298023224
81th run
noise dimension : 27
noise variance: 5397.33544921875
original u-statistic:3.999713182449341
p value proxy: 0.1661129593849182
result: False
power_upto_now: 0.07407407462596893
82th run
noise dimension : 27
noise variance: 5391.2353515625
original u-statistic:2.3532474040985107
p value proxy: 0.25249168276786804
result: False
power_upto_now: 0.0731707289814949
83th run
noise dimension : 27
noise variance: 5385.12060546875
original u-statistic:4.983386039733887
p value proxy: 0.11960132420063019
result: False
power_upto_now: 0.07228915393352509
84th run
noise dimension : 27
noise variance: 5395.50390625
original u-statistic:-3.2502713203430176
p value proxy: 0.8272424936294556
result: False
power_upto_now: 0.0714285746216774
85th run
noise dimension : 27
noise variance: 5382.1513671875
original u-statistic:-4.347341537475586
p value proxy: 0.8936876654624939
result: False
power_upto_now: 0.07058823853731155
86th run
noise dimension : 27
noise variance: 5415.24365234375
original u-statistic:1.909187912940979
p value proxy: 0.3056478202342987
result: False
power_upto_now: 0.06976744532585144
87th run
noise dimension : 27
noise variance: 5388.34423828125
original u-statistic:-1.2368388175964355
p value proxy: 0.5747508406639099
result: False
power_upto_now: 0.06896551698446274
88th run
noise dimension : 27
noise variance: 5425.70947265625
original u-statistic:3.141174793243408
p value proxy: 0.1627907007932663
result: False
power_upto_now: 0.06818182021379471
89th run
noise dimension : 27
noise variance: 5405.72119140625
original u-statistic:-1.4391558170318604
p value proxy: 0.6013289093971252
result: False
power_upto_now: 0.06741572916507721
90th run
noise dimension : 27
noise variance: 5401.4091796875
original u-statistic:-0.8142110109329224
p value proxy: 0.5913621187210083
result: False
power_upto_now: 0.06666667014360428
91th run
noise dimension : 27
noise variance: 5399.26953125
original u-statistic:4.077653884887695
p value proxy: 0.17940199375152588
result: False
power_upto_now: 0.06593406945466995
92th run
noise dimension : 27
noise variance: 5426.3427734375
original u-statistic:-5.6650495529174805
p value proxy: 0.9435215592384338
result: False
power_upto_now: 0.06521739065647125
93th run
noise dimension : 27
noise variance: 5412.63037109375
original u-statistic:-5.906675338745117
p value proxy: 0.9435215592384338
result: False
power_upto_now: 0.06451612710952759
94th run
noise dimension : 27
noise variance: 5399.03759765625
original u-statistic:-1.945410966873169
p value proxy: 0.6777408719062805
result: False
power_upto_now: 0.06382978707551956
95th run
noise dimension : 27
noise variance: 5394.0830078125
original u-statistic:1.9565558433532715
p value proxy: 0.2823920249938965
result: False
power_upto_now: 0.06315789371728897
96th run
noise dimension : 27
noise variance: 5415.86328125
original u-statistic:1.179321050643921
p value proxy: 0.35548171401023865
result: False
power_upto_now: 0.0625
97th run
noise dimension : 27
noise variance: 5407.38623046875
original u-statistic:0.12604069709777832
p value proxy: 0.4485049843788147
result: False
power_upto_now: 0.06185567006468773
98th run
noise dimension : 27
noise variance: 5390.82666015625
original u-statistic:-2.749300956726074
p value proxy: 0.7441860437393188
result: False
power_upto_now: 0.06122449040412903
99th run
noise dimension : 27
noise variance: 5391.90576171875
original u-statistic:-1.427140235900879
p value proxy: 0.6112956404685974
result: False
power_upto_now: 0.06060606241226196
100th run
noise dimension : 27
noise variance: 5407.09716796875
original u-statistic:-8.306629180908203
p value proxy: 0.9966776967048645
result: False
power_upto_now: 0.05999999865889549
101th run
noise dimension : 27
noise variance: 5401.619140625
original u-statistic:0.25110530853271484
p value proxy: 0.46179401874542236
result: False
power_upto_now: 0.059405941516160965
102th run
noise dimension : 27
noise variance: 5394.6806640625
original u-statistic:0.07581591606140137
p value proxy: 0.43853819370269775
result: False
power_upto_now: 0.05882352963089943
103th run
noise dimension : 27
noise variance: 5394.974609375
original u-statistic:-7.480220794677734
p value proxy: 0.9900332093238831
result: False
power_upto_now: 0.058252427726984024
104th run
noise dimension : 27
noise variance: 5410.0361328125
original u-statistic:2.908327102661133
p value proxy: 0.23255813121795654
result: False
power_upto_now: 0.057692307978868484
105th run
noise dimension : 27
noise variance: 5393.43896484375
original u-statistic:4.059300422668457
p value proxy: 0.15614616870880127
result: False
power_upto_now: 0.05714285746216774
106th run
noise dimension : 27
noise variance: 5387.90234375
original u-statistic:7.302487850189209
p value proxy: 0.06976743787527084
result: False
power_upto_now: 0.056603774428367615
107th run
noise dimension : 27
noise variance: 5401.60595703125
original u-statistic:1.870550274848938
p value proxy: 0.3521594703197479
result: False
power_upto_now: 0.05607476457953453
108th run
noise dimension : 27
noise variance: 5400.63232421875
original u-statistic:4.127753257751465
p value proxy: 0.15614616870880127
result: False
power_upto_now: 0.0555555559694767
109th run
noise dimension : 27
noise variance: 5409.98291015625
original u-statistic:0.11252269148826599
p value proxy: 0.47840529680252075
result: False
power_upto_now: 0.055045872926712036
110th run
noise dimension : 27
noise variance: 5388.72802734375
original u-statistic:-2.447956085205078
p value proxy: 0.6644518375396729
result: False
power_upto_now: 0.05454545468091965
111th run
noise dimension : 27
noise variance: 5409.7822265625
original u-statistic:-1.6114773750305176
p value proxy: 0.5880398750305176
result: False
power_upto_now: 0.054054055362939835
112th run
noise dimension : 27
noise variance: 5402.7783203125
original u-statistic:-1.8515549898147583
p value proxy: 0.6245846748352051
result: False
power_upto_now: 0.0535714291036129
113th run
noise dimension : 27
noise variance: 5362.51025390625
original u-statistic:-0.24930238723754883
p value proxy: 0.43853819370269775
result: False
power_upto_now: 0.05309734493494034
114th run
noise dimension : 27
noise variance: 5385.25634765625
original u-statistic:-6.132737636566162
p value proxy: 0.9435215592384338
result: False
power_upto_now: 0.05263157933950424
115th run
noise dimension : 27
noise variance: 5387.13623046875
original u-statistic:-0.2813420295715332
p value proxy: 0.47508305311203003
result: False
power_upto_now: 0.052173912525177
116th run
noise dimension : 27
noise variance: 5395.32177734375
original u-statistic:-0.12897539138793945
p value proxy: 0.46179401874542236
result: False
power_upto_now: 0.0517241396009922
117th run
noise dimension : 27
noise variance: 5418.62890625
original u-statistic:-4.276901721954346
p value proxy: 0.8803986310958862
result: False
power_upto_now: 0.05128205195069313
118th run
noise dimension : 27
noise variance: 5376.99853515625
original u-statistic:6.504457950592041
p value proxy: 0.06976743787527084
result: False
power_upto_now: 0.050847455859184265
119th run
noise dimension : 27
noise variance: 5405.01904296875
original u-statistic:-2.426088333129883
p value proxy: 0.714285671710968
result: False
power_upto_now: 0.05042016878724098
120th run
noise dimension : 27
noise variance: 5399.37451171875
original u-statistic:-4.657085418701172
p value proxy: 0.9003322124481201
result: False
power_upto_now: 0.05000000074505806
121th run
noise dimension : 27
noise variance: 5395.30224609375
original u-statistic:-3.7900333404541016
p value proxy: 0.8704319000244141
result: False
power_upto_now: 0.04958677664399147
122th run
noise dimension : 27
noise variance: 5380.18310546875
original u-statistic:-2.607254981994629
p value proxy: 0.7574750781059265
result: False
power_upto_now: 0.04918032884597778
123th run
noise dimension : 27
noise variance: 5410.05126953125
original u-statistic:-1.4718565940856934
p value proxy: 0.6245846748352051
result: False
power_upto_now: 0.04878048598766327
124th run
noise dimension : 27
noise variance: 5403.19482421875
original u-statistic:-0.8683414459228516
p value proxy: 0.5415282249450684
result: False
power_upto_now: 0.04838709533214569
125th run
noise dimension : 27
noise variance: 5412.1064453125
original u-statistic:0.41259145736694336
p value proxy: 0.39867109060287476
result: False
power_upto_now: 0.04800000041723251
126th run
noise dimension : 27
noise variance: 5392.4140625
original u-statistic:0.1811537742614746
p value proxy: 0.5016611218452454
result: False
power_upto_now: 0.0476190485060215
127th run
noise dimension : 27
noise variance: 5399.7216796875
original u-statistic:1.0213173627853394
p value proxy: 0.35880398750305176
result: False
power_upto_now: 0.04724409431219101
128th run
noise dimension : 27
noise variance: 5411.23828125
original u-statistic:-7.28874397277832
p value proxy: 0.9867109656333923
result: False
power_upto_now: 0.046875
129th run
noise dimension : 27
noise variance: 5387.990234375
original u-statistic:3.152348518371582
p value proxy: 0.19601328670978546
result: False
power_upto_now: 0.04651162773370743
130th run
noise dimension : 27
noise variance: 5408.2138671875
original u-statistic:6.4083147048950195
p value proxy: 0.06644517928361893
result: False
power_upto_now: 0.04615384712815285
131th run
noise dimension : 27
noise variance: 5389.796875
original u-statistic:4.907151222229004
p value proxy: 0.08637873828411102
result: False
power_upto_now: 0.04580152779817581
132th run
noise dimension : 27
noise variance: 5404.52490234375
original u-statistic:-2.9905948638916016
p value proxy: 0.7408637404441833
result: False
power_upto_now: 0.04545454680919647
133th run
noise dimension : 27
noise variance: 5409.66796875
original u-statistic:-2.9671764373779297
p value proxy: 0.7740863561630249
result: False
power_upto_now: 0.04511278122663498
134th run
noise dimension : 27
noise variance: 5390.8271484375
original u-statistic:-0.7786664962768555
p value proxy: 0.604651153087616
result: False
power_upto_now: 0.04477611929178238
135th run
noise dimension : 27
noise variance: 5388.05029296875
original u-statistic:5.348182678222656
p value proxy: 0.11960132420063019
result: False
power_upto_now: 0.04444444552063942
136th run
noise dimension : 27
noise variance: 5406.091796875
original u-statistic:3.474341869354248
p value proxy: 0.17275747656822205
result: False
power_upto_now: 0.04411764815449715
137th run
noise dimension : 27
noise variance: 5402.7607421875
original u-statistic:-0.8239243030548096
p value proxy: 0.5880398750305176
result: False
power_upto_now: 0.043795619159936905
138th run
noise dimension : 27
noise variance: 5402.98681640625
original u-statistic:0.2084810733795166
p value proxy: 0.47840529680252075
result: False
power_upto_now: 0.043478261679410934
139th run
noise dimension : 27
noise variance: 5408.7822265625
original u-statistic:3.4763259887695312
p value proxy: 0.23588038980960846
result: False
power_upto_now: 0.04316546767950058
140th run
noise dimension : 27
noise variance: 5394.455078125
original u-statistic:0.18594026565551758
p value proxy: 0.421926885843277
result: False
power_upto_now: 0.04285714402794838
141th run
noise dimension : 27
noise variance: 5383.21044921875
original u-statistic:0.5549101829528809
p value proxy: 0.382059782743454
result: False
power_upto_now: 0.042553190141916275
142th run
noise dimension : 27
noise variance: 5400.5439453125
original u-statistic:1.3204970359802246
p value proxy: 0.33554816246032715
result: False
power_upto_now: 0.0422535203397274
143th run
noise dimension : 27
noise variance: 5401.7939453125
original u-statistic:-0.6880440711975098
p value proxy: 0.49833884835243225
result: False
power_upto_now: 0.0419580414891243
144th run
noise dimension : 27
noise variance: 5382.38427734375
original u-statistic:-1.242600917816162
p value proxy: 0.5714285373687744
result: False
power_upto_now: 0.0416666679084301
145th run
noise dimension : 27
noise variance: 5419.38720703125
original u-statistic:-3.9752161502838135
p value proxy: 0.8571428656578064
result: False
power_upto_now: 0.04137931019067764
146th run
noise dimension : 27
noise variance: 5381.35595703125
original u-statistic:-4.377713203430176
p value proxy: 0.8936876654624939
result: False
power_upto_now: 0.04109589010477066
147th run
noise dimension : 27
noise variance: 5399.8408203125
original u-statistic:5.354437351226807
p value proxy: 0.059800662100315094
result: False
power_upto_now: 0.040816325694322586
148th run
noise dimension : 27
noise variance: 5406.90234375
original u-statistic:-2.007192611694336
p value proxy: 0.6910299062728882
result: False
power_upto_now: 0.04054053872823715
149th run
noise dimension : 27
noise variance: 5395.85009765625
original u-statistic:4.427284240722656
p value proxy: 0.1029900312423706
result: False
power_upto_now: 0.04026845470070839
150th run
noise dimension : 27
noise variance: 5406.38330078125
original u-statistic:-3.2960574626922607
p value proxy: 0.7807309031486511
result: False
power_upto_now: 0.03999999910593033
151th run
noise dimension : 27
noise variance: 5401.0322265625
original u-statistic:2.1994566917419434
p value proxy: 0.2657807171344757
result: False
power_upto_now: 0.0397351011633873
152th run
noise dimension : 27
noise variance: 5396.2919921875
original u-statistic:1.0517654418945312
p value proxy: 0.33887043595314026
result: False
power_upto_now: 0.03947368264198303
153th run
noise dimension : 27
noise variance: 5420.2138671875
original u-statistic:4.0598225593566895
p value proxy: 0.1827242523431778
result: False
power_upto_now: 0.03921568766236305
154th run
noise dimension : 27
noise variance: 5409.4443359375
original u-statistic:-2.1565451622009277
p value proxy: 0.6312292218208313
result: False
power_upto_now: 0.03896103799343109
155th run
noise dimension : 27
noise variance: 5416.6669921875
original u-statistic:-5.674807548522949
p value proxy: 0.9335547685623169
result: False
power_upto_now: 0.03870967775583267
156th run
noise dimension : 27
noise variance: 5396.92138671875
original u-statistic:-6.029505252838135
p value proxy: 0.9634551405906677
result: False
power_upto_now: 0.03846153989434242
157th run
noise dimension : 27
noise variance: 5402.92236328125
original u-statistic:-4.44947624206543
p value proxy: 0.9036544561386108
result: False
power_upto_now: 0.03821656107902527
158th run
noise dimension : 27
noise variance: 5405.81103515625
original u-statistic:6.030937671661377
p value proxy: 0.1029900312423706
result: False
power_upto_now: 0.037974681705236435
159th run
noise dimension : 27
noise variance: 5399.27001953125
original u-statistic:12.903903007507324
p value proxy: 0.006644518114626408
result: True
power_upto_now: 0.044025156646966934
160th run
noise dimension : 27
noise variance: 5408.7724609375
original u-statistic:0.4672430157661438
p value proxy: 0.41528236865997314
result: False
power_upto_now: 0.04374999925494194
161th run
noise dimension : 27
noise variance: 5399.38671875
original u-statistic:-4.940065383911133
p value proxy: 0.9069766998291016
result: False
power_upto_now: 0.043478261679410934
162th run
noise dimension : 27
noise variance: 5418.7431640625
original u-statistic:1.5148887634277344
p value proxy: 0.3488371968269348
result: False
power_upto_now: 0.043209876865148544
163th run
noise dimension : 27
noise variance: 5393.328125
original u-statistic:0.2536048889160156
p value proxy: 0.4318936765193939
result: False
power_upto_now: 0.042944785207509995
164th run
noise dimension : 27
noise variance: 5417.46923828125
original u-statistic:5.2249321937561035
p value proxy: 0.12956809997558594
result: False
power_upto_now: 0.04268292710185051
165th run
noise dimension : 27
noise variance: 5417.24609375
original u-statistic:-4.90220308303833
p value proxy: 0.9069766998291016
result: False
power_upto_now: 0.042424242943525314
166th run
noise dimension : 27
noise variance: 5412.51318359375
original u-statistic:2.3797812461853027
p value proxy: 0.25249168276786804
result: False
power_upto_now: 0.04216867312788963
167th run
noise dimension : 27
noise variance: 5397.3408203125
original u-statistic:0.11219263076782227
p value proxy: 0.4451827108860016
result: False
power_upto_now: 0.041916169226169586
168th run
noise dimension : 27
noise variance: 5382.85888671875
original u-statistic:-4.01066780090332
p value proxy: 0.8870431780815125
result: False
power_upto_now: 0.0416666679084301
169th run
noise dimension : 27
noise variance: 5392.17529296875
original u-statistic:6.359777450561523
p value proxy: 0.08637873828411102
result: False
power_upto_now: 0.041420117020606995
170th run
noise dimension : 27
noise variance: 5402.97705078125
original u-statistic:7.466269016265869
p value proxy: 0.04651162773370743
result: True
power_upto_now: 0.0470588244497776
171th run
noise dimension : 27
noise variance: 5375.86474609375
original u-statistic:5.041346549987793
p value proxy: 0.07973422110080719
result: False
power_upto_now: 0.046783626079559326
172th run
noise dimension : 27
noise variance: 5403.33740234375
original u-statistic:-0.7767355442047119
p value proxy: 0.5448504686355591
result: False
power_upto_now: 0.04651162773370743
173th run
noise dimension : 27
noise variance: 5381.11865234375
original u-statistic:5.461956977844238
p value proxy: 0.09634551405906677
result: False
power_upto_now: 0.04624277353286743
174th run
noise dimension : 27
noise variance: 5391.05322265625
original u-statistic:-4.233973979949951
p value proxy: 0.9003322124481201
result: False
power_upto_now: 0.04597701132297516
175th run
noise dimension : 27
noise variance: 5402.06640625
original u-statistic:-5.420817852020264
p value proxy: 0.9501661062240601
result: False
power_upto_now: 0.04571428522467613
176th run
noise dimension : 27
noise variance: 5410.556640625
original u-statistic:6.304269313812256
p value proxy: 0.06644517928361893
result: False
power_upto_now: 0.04545454680919647
177th run
noise dimension : 27
noise variance: 5405.85400390625
original u-statistic:5.362289905548096
p value proxy: 0.09634551405906677
result: False
power_upto_now: 0.0451977401971817
178th run
noise dimension : 27
noise variance: 5385.0380859375
original u-statistic:9.563812255859375
p value proxy: 0.013289036229252815
result: True
power_upto_now: 0.05056179687380791
179th run
noise dimension : 27
noise variance: 5373.60205078125
original u-statistic:-1.205302357673645
p value proxy: 0.6079733967781067
result: False
power_upto_now: 0.05027933046221733
180th run
noise dimension : 27
noise variance: 5389.046875
original u-statistic:-1.665287971496582
p value proxy: 0.6146179437637329
result: False
power_upto_now: 0.05000000074505806
181th run
noise dimension : 27
noise variance: 5400.1474609375
original u-statistic:-2.2608885765075684
p value proxy: 0.6810631155967712
result: False
power_upto_now: 0.049723755568265915
182th run
noise dimension : 27
noise variance: 5406.6416015625
original u-statistic:-4.099225044250488
p value proxy: 0.8571428656578064
result: False
power_upto_now: 0.049450550228357315
183th run
noise dimension : 27
noise variance: 5394.51220703125
original u-statistic:4.296534061431885
p value proxy: 0.1395348757505417
result: False
power_upto_now: 0.04918032884597778
184th run
noise dimension : 27
noise variance: 5409.1552734375
original u-statistic:2.2985215187072754
p value proxy: 0.2225913554430008
result: False
power_upto_now: 0.04891304299235344
185th run
noise dimension : 27
noise variance: 5394.42822265625
original u-statistic:-1.5388102531433105
p value proxy: 0.6411960124969482
result: False
power_upto_now: 0.0486486479640007
186th run
noise dimension : 27
noise variance: 5397.6181640625
original u-statistic:-4.120299339294434
p value proxy: 0.8405315279960632
result: False
power_upto_now: 0.04838709533214569
187th run
noise dimension : 27
noise variance: 5400.82421875
original u-statistic:6.282748222351074
p value proxy: 0.06976743787527084
result: False
power_upto_now: 0.048128340393304825
188th run
noise dimension : 27
noise variance: 5410.67822265625
original u-statistic:1.692387580871582
p value proxy: 0.3322259187698364
result: False
power_upto_now: 0.04787234216928482
189th run
noise dimension : 27
noise variance: 5410.90234375
original u-statistic:-2.3690671920776367
p value proxy: 0.6976743936538696
result: False
power_upto_now: 0.0476190485060215
190th run
noise dimension : 27
noise variance: 5406.55615234375
original u-statistic:0.5257061719894409
p value proxy: 0.39867109060287476
result: False
power_upto_now: 0.04736842215061188
191th run
noise dimension : 27
noise variance: 5411.67333984375
original u-statistic:-4.08535099029541
p value proxy: 0.8305647373199463
result: False
power_upto_now: 0.04712041839957237
192th run
noise dimension : 27
noise variance: 5395.6396484375
original u-statistic:-2.686800479888916
p value proxy: 0.7441860437393188
result: False
power_upto_now: 0.046875
193th run
noise dimension : 27
noise variance: 5395.26904296875
original u-statistic:-1.8040413856506348
p value proxy: 0.6644518375396729
result: False
power_upto_now: 0.04663212597370148
194th run
noise dimension : 27
noise variance: 5385.34619140625
original u-statistic:5.017204284667969
p value proxy: 0.11960132420063019
result: False
power_upto_now: 0.04639175161719322
195th run
noise dimension : 27
noise variance: 5391.84814453125
original u-statistic:-4.08637809753418
p value proxy: 0.8504983186721802
result: False
power_upto_now: 0.04615384712815285
196th run
noise dimension : 27
noise variance: 5399.88134765625
original u-statistic:7.766487121582031
p value proxy: 0.04651162773370743
result: True
power_upto_now: 0.051020409911870956
197th run
noise dimension : 27
noise variance: 5408.744140625
original u-statistic:3.753943920135498
p value proxy: 0.17940199375152588
result: False
power_upto_now: 0.05076142027974129
198th run
noise dimension : 27
noise variance: 5394.24072265625
original u-statistic:-2.454972505569458
p value proxy: 0.7076411843299866
result: False
power_upto_now: 0.05050504952669144
199th run
noise dimension : 27
noise variance: 5396.0625
original u-statistic:-3.600372314453125
p value proxy: 0.8604651093482971
result: False
power_upto_now: 0.05025125667452812
200th run
noise dimension : 27
noise variance: 5396.06591796875
original u-statistic:9.04389762878418
p value proxy: 0.023255813866853714
result: True
power_upto_now: 0.054999999701976776
201th run
noise dimension : 27
noise variance: 5405.06005859375
original u-statistic:3.137988328933716
p value proxy: 0.2059800624847412
result: False
power_upto_now: 0.05472636967897415
202th run
noise dimension : 27
noise variance: 5412.421875
original u-statistic:0.16534018516540527
p value proxy: 0.4285714328289032
result: False
power_upto_now: 0.05445544421672821
203th run
noise dimension : 27
noise variance: 5407.1240234375
original u-statistic:-1.829061508178711
p value proxy: 0.6611295342445374
result: False
power_upto_now: 0.054187193512916565
204th run
noise dimension : 27
noise variance: 5408.02294921875
original u-statistic:-5.136767864227295
p value proxy: 0.9169434905052185
result: False
power_upto_now: 0.053921569138765335
205th run
noise dimension : 27
noise variance: 5400.01806640625
original u-statistic:4.423640727996826
p value proxy: 0.13621261715888977
result: False
power_upto_now: 0.053658537566661835
206th run
noise dimension : 27
noise variance: 5402.17724609375
original u-statistic:-6.7269978523254395
p value proxy: 0.9700996279716492
result: False
power_upto_now: 0.05339805781841278
207th run
noise dimension : 27
noise variance: 5392.173828125
original u-statistic:-6.976830005645752
p value proxy: 0.960132896900177
result: False
power_upto_now: 0.05314009636640549
208th run
noise dimension : 27
noise variance: 5409.42431640625
original u-statistic:-0.60635906457901
p value proxy: 0.5182723999023438
result: False
power_upto_now: 0.05288461595773697
209th run
noise dimension : 27
noise variance: 5420.70654296875
original u-statistic:1.2870347499847412
p value proxy: 0.3322259187698364
result: False
power_upto_now: 0.05263157933950424
210th run
noise dimension : 27
noise variance: 5392.2001953125
original u-statistic:-3.0959157943725586
p value proxy: 0.7574750781059265
result: False
power_upto_now: 0.05238095298409462
211th run
noise dimension : 27
noise variance: 5408.0703125
original u-statistic:0.7640807628631592
p value proxy: 0.33887043595314026
result: False
power_upto_now: 0.05213269963860512
212th run
noise dimension : 27
noise variance: 5393.9912109375
original u-statistic:0.36924266815185547
p value proxy: 0.4518272280693054
result: False
power_upto_now: 0.05188679322600365
213th run
noise dimension : 27
noise variance: 5418.013671875
original u-statistic:-2.785893678665161
p value proxy: 0.7176079750061035
result: False
power_upto_now: 0.051643192768096924
214th run
noise dimension : 27
noise variance: 5391.39501953125
original u-statistic:0.07590603828430176
p value proxy: 0.4717607796192169
result: False
power_upto_now: 0.05140186846256256
215th run
noise dimension : 27
noise variance: 5424.4306640625
original u-statistic:-5.785962104797363
p value proxy: 0.9435215592384338
result: False
power_upto_now: 0.05116279050707817
216th run
noise dimension : 27
noise variance: 5410.9013671875
original u-statistic:7.082801818847656
p value proxy: 0.033222589641809464
result: True
power_upto_now: 0.0555555559694767
217th run
noise dimension : 27
noise variance: 5400.98876953125
original u-statistic:-3.48300838470459
p value proxy: 0.7940199375152588
result: False
power_upto_now: 0.0552995391190052
218th run
noise dimension : 27
noise variance: 5396.44384765625
original u-statistic:3.758408546447754
p value proxy: 0.17607973515987396
result: False
power_upto_now: 0.055045872926712036
219th run
noise dimension : 27
noise variance: 5395.0634765625
original u-statistic:0.20894241333007812
p value proxy: 0.43521595001220703
result: False
power_upto_now: 0.054794520139694214
220th run
noise dimension : 27
noise variance: 5387.49658203125
original u-statistic:10.492609024047852
p value proxy: 0.009966777637600899
result: True
power_upto_now: 0.059090908616781235
221th run
noise dimension : 27
noise variance: 5378.74267578125
original u-statistic:-2.7043497562408447
p value proxy: 0.7441860437393188
result: False
power_upto_now: 0.05882352963089943
222th run
noise dimension : 27
noise variance: 5412.3330078125
original u-statistic:-2.534919261932373
p value proxy: 0.7176079750061035
result: False
power_upto_now: 0.05855855718255043
223th run
noise dimension : 27
noise variance: 5413.21044921875
original u-statistic:-6.983263969421387
p value proxy: 0.9867109656333923
result: False
power_upto_now: 0.05829596519470215
224th run
noise dimension : 27
noise variance: 5418.40771484375
original u-statistic:-1.4593572616577148
p value proxy: 0.5913621187210083
result: False
power_upto_now: 0.0580357126891613
225th run
noise dimension : 27
noise variance: 5395.14208984375
original u-statistic:-3.3519091606140137
p value proxy: 0.8405315279960632
result: False
power_upto_now: 0.057777777314186096
226th run
noise dimension : 27
noise variance: 5407.04248046875
original u-statistic:12.119861602783203
p value proxy: 0.006644518114626408
result: True
power_upto_now: 0.06194690242409706
227th run
noise dimension : 27
noise variance: 5403.66796875
original u-statistic:0.037811279296875
p value proxy: 0.43853819370269775
result: False
power_upto_now: 0.06167401000857353
228th run
noise dimension : 27
noise variance: 5378.4375
original u-statistic:-1.144956111907959
p value proxy: 0.6179401874542236
result: False
power_upto_now: 0.061403509229421616
229th run
noise dimension : 27
noise variance: 5394.84326171875
original u-statistic:0.6991403102874756
p value proxy: 0.4285714328289032
result: False
power_upto_now: 0.061135370284318924
230th run
noise dimension : 27
noise variance: 5377.73974609375
original u-statistic:12.16011905670166
p value proxy: 0.003322259057313204
result: True
power_upto_now: 0.06521739065647125
231th run
noise dimension : 27
noise variance: 5387.28857421875
original u-statistic:10.113508224487305
p value proxy: 0.006644518114626408
result: True
power_upto_now: 0.06926406919956207
232th run
noise dimension : 27
noise variance: 5386.87548828125
original u-statistic:0.7693386077880859
p value proxy: 0.3621262311935425
result: False
power_upto_now: 0.06896551698446274
233th run
noise dimension : 27
noise variance: 5401.10107421875
original u-statistic:-3.311774969100952
p value proxy: 0.7973421812057495
result: False
power_upto_now: 0.06866952776908875
234th run
noise dimension : 27
noise variance: 5402.01123046875
original u-statistic:6.9358015060424805
p value proxy: 0.05315614491701126
result: False
power_upto_now: 0.0683760717511177
235th run
noise dimension : 27
noise variance: 5396.80224609375
original u-statistic:12.811279296875
p value proxy: 0.013289036229252815
result: True
power_upto_now: 0.07234042882919312
236th run
noise dimension : 27
noise variance: 5413.50244140625
original u-statistic:-1.4157347679138184
p value proxy: 0.6179401874542236
result: False
power_upto_now: 0.07203389704227448
237th run
noise dimension : 27
noise variance: 5383.5078125
original u-statistic:4.856986045837402
p value proxy: 0.10963454842567444
result: False
power_upto_now: 0.07172995805740356
238th run
noise dimension : 27
noise variance: 5404.99365234375
original u-statistic:0.13974878191947937
p value proxy: 0.4883720874786377
result: False
power_upto_now: 0.0714285746216774
239th run
noise dimension : 27
noise variance: 5389.14404296875
original u-statistic:4.075631618499756
p value proxy: 0.17275747656822205
result: False
power_upto_now: 0.071129709482193
240th run
noise dimension : 27
noise variance: 5403.24560546875
original u-statistic:7.3781585693359375
p value proxy: 0.049833886325359344
result: True
power_upto_now: 0.07500000298023224
241th run
noise dimension : 27
noise variance: 5419.73388671875
original u-statistic:-1.1838419437408447
p value proxy: 0.564784049987793
result: False
power_upto_now: 0.07468879967927933
242th run
noise dimension : 27
noise variance: 5387.84423828125
original u-statistic:-4.840671539306641
p value proxy: 0.9269102811813354
result: False
power_upto_now: 0.07438016682863235
243th run
noise dimension : 27
noise variance: 5375.74658203125
original u-statistic:-0.8259657025337219
p value proxy: 0.5681062936782837
result: False
power_upto_now: 0.07407407462596893
244th run
noise dimension : 27
noise variance: 5402.3359375
original u-statistic:0.5203862190246582
p value proxy: 0.3887042999267578
result: False
power_upto_now: 0.07377049326896667
245th run
noise dimension : 27
noise variance: 5401.02734375
original u-statistic:2.134572982788086
p value proxy: 0.2591361999511719
result: False
power_upto_now: 0.0734693855047226
246th run
noise dimension : 27
noise variance: 5407.25537109375
original u-statistic:-0.03158611059188843
p value proxy: 0.4451827108860016
result: False
power_upto_now: 0.0731707289814949
247th run
noise dimension : 27
noise variance: 5406.71142578125
original u-statistic:-5.524441719055176
p value proxy: 0.9534883499145508
result: False
power_upto_now: 0.07287449389696121
248th run
noise dimension : 27
noise variance: 5375.17041015625
original u-statistic:-1.4482812881469727
p value proxy: 0.5847175717353821
result: False
power_upto_now: 0.07258064299821854
249th run
noise dimension : 27
noise variance: 5398.3896484375
original u-statistic:7.9794487953186035
p value proxy: 0.033222589641809464
result: True
power_upto_now: 0.07630521804094315
250th run
noise dimension : 27
noise variance: 5398.1650390625
original u-statistic:2.429517984390259
p value proxy: 0.27242523431777954
result: False
power_upto_now: 0.07599999755620956
251th run
noise dimension : 27
noise variance: 5397.79296875
original u-statistic:-3.8235325813293457
p value proxy: 0.8272424936294556
result: False
power_upto_now: 0.07569721341133118
252th run
noise dimension : 27
noise variance: 5392.52001953125
original u-statistic:-0.8198142051696777
p value proxy: 0.5581395030021667
result: False
power_upto_now: 0.075396828353405
253th run
noise dimension : 27
noise variance: 5399.43408203125
original u-statistic:2.568680763244629
p value proxy: 0.25581395626068115
result: False
power_upto_now: 0.07509881258010864
254th run
noise dimension : 27
noise variance: 5405.408203125
original u-statistic:-5.422129154205322
p value proxy: 0.9235880374908447
result: False
power_upto_now: 0.07480315119028091
255th run
noise dimension : 27
noise variance: 5402.908203125
original u-statistic:9.222918510437012
p value proxy: 0.023255813866853714
result: True
power_upto_now: 0.0784313753247261
256th run
noise dimension : 27
noise variance: 5402.236328125
original u-statistic:-2.0294933319091797
p value proxy: 0.6279069781303406
result: False
power_upto_now: 0.078125
257th run
noise dimension : 27
noise variance: 5395.85400390625
original u-statistic:1.536961555480957
p value proxy: 0.35880398750305176
result: False
power_upto_now: 0.07782100886106491
258th run
noise dimension : 27
noise variance: 5399.35498046875
original u-statistic:4.578070640563965
p value proxy: 0.17275747656822205
result: False
power_upto_now: 0.07751937955617905
259th run
noise dimension : 27
noise variance: 5407.14111328125
original u-statistic:-2.3436191082000732
p value proxy: 0.6910299062728882
result: False
power_upto_now: 0.07722007483243942
260th run
noise dimension : 27
noise variance: 5394.10302734375
original u-statistic:2.634918689727783
p value proxy: 0.21926909685134888
result: False
power_upto_now: 0.07692307978868484
261th run
noise dimension : 27
noise variance: 5378.42822265625
original u-statistic:1.7097352743148804
p value proxy: 0.2857142686843872
result: False
power_upto_now: 0.07662834972143173
262th run
noise dimension : 27
noise variance: 5415.57861328125
original u-statistic:-3.756436347961426
p value proxy: 0.8305647373199463
result: False
power_upto_now: 0.07633587718009949
263th run
noise dimension : 27
noise variance: 5415.62646484375
original u-statistic:-0.20161983370780945
p value proxy: 0.47840529680252075
result: False
power_upto_now: 0.07604562491178513
264th run
noise dimension : 27
noise variance: 5409.95654296875
original u-statistic:-3.5669848918914795
p value proxy: 0.8704319000244141
result: False
power_upto_now: 0.07575757801532745
265th run
noise dimension : 27
noise variance: 5410.13427734375
original u-statistic:-8.235101699829102
p value proxy: 0.9900332093238831
result: False
power_upto_now: 0.07547169923782349
266th run
noise dimension : 27
noise variance: 5408.4208984375
original u-statistic:-1.7277777194976807
p value proxy: 0.6611295342445374
result: False
power_upto_now: 0.07518796622753143
267th run
noise dimension : 27
noise variance: 5391.56103515625
original u-statistic:1.894423007965088
p value proxy: 0.29235878586769104
result: False
power_upto_now: 0.0749063640832901
268th run
noise dimension : 27
noise variance: 5404.7373046875
original u-statistic:8.947057723999023
p value proxy: 0.029900331050157547
result: True
power_upto_now: 0.07835821062326431
269th run
noise dimension : 27
noise variance: 5423.669921875
original u-statistic:7.798191547393799
p value proxy: 0.04651162773370743
result: True
power_upto_now: 0.08178438991308212
270th run
noise dimension : 27
noise variance: 5383.126953125
original u-statistic:-2.867089033126831
p value proxy: 0.7508305311203003
result: False
power_upto_now: 0.08148147910833359
271th run
noise dimension : 27
noise variance: 5423.46728515625
original u-statistic:0.2910592555999756
p value proxy: 0.45847174525260925
result: False
power_upto_now: 0.08118081092834473
272th run
noise dimension : 27
noise variance: 5431.7734375
original u-statistic:-1.5213260650634766
p value proxy: 0.5880398750305176
result: False
power_upto_now: 0.08088235557079315
273th run
noise dimension : 27
noise variance: 5395.2216796875
original u-statistic:1.3736345767974854
p value proxy: 0.31229233741760254
result: False
power_upto_now: 0.08058608323335648
274th run
noise dimension : 27
noise variance: 5385.17333984375
original u-statistic:-4.535310745239258
p value proxy: 0.8803986310958862
result: False
power_upto_now: 0.08029197156429291
275th run
noise dimension : 27
noise variance: 5397.099609375
original u-statistic:4.865471363067627
p value proxy: 0.11960132420063019
result: False
power_upto_now: 0.07999999821186066
276th run
noise dimension : 27
noise variance: 5400.06689453125
original u-statistic:-4.948670864105225
p value proxy: 0.9169434905052185
result: False
power_upto_now: 0.07971014827489853
277th run
noise dimension : 27
noise variance: 5393.7392578125
original u-statistic:-3.587308883666992
p value proxy: 0.8006644248962402
result: False
power_upto_now: 0.07942238450050354
278th run
noise dimension : 27
noise variance: 5399.42041015625
original u-statistic:0.5022449493408203
p value proxy: 0.421926885843277
result: False
power_upto_now: 0.0791366919875145
279th run
noise dimension : 27
noise variance: 5411.19921875
original u-statistic:3.975367546081543
p value proxy: 0.1661129593849182
result: False
power_upto_now: 0.0788530483841896
280th run
noise dimension : 27
noise variance: 5402.1865234375
original u-statistic:0.8455091714859009
p value proxy: 0.4053156077861786
result: False
power_upto_now: 0.07857143133878708
281th run
noise dimension : 27
noise variance: 5384.03515625
original u-statistic:2.9248342514038086
p value proxy: 0.25249168276786804
result: False
power_upto_now: 0.07829181849956512
282th run
noise dimension : 27
noise variance: 5397.32177734375
original u-statistic:-0.6430435180664062
p value proxy: 0.5514950156211853
result: False
power_upto_now: 0.07801418751478195
283th run
noise dimension : 27
noise variance: 5402.4736328125
original u-statistic:2.993178367614746
p value proxy: 0.2225913554430008
result: False
power_upto_now: 0.07773851603269577
284th run
noise dimension : 27
noise variance: 5392.37158203125
original u-statistic:-0.7596876621246338
p value proxy: 0.554817259311676
result: False
power_upto_now: 0.07746478915214539
285th run
noise dimension : 27
noise variance: 5410.025390625
original u-statistic:0.34252309799194336
p value proxy: 0.4451827108860016
result: False
power_upto_now: 0.07719298452138901
286th run
noise dimension : 27
noise variance: 5408.97705078125
original u-statistic:-0.46586060523986816
p value proxy: 0.5581395030021667
result: False
power_upto_now: 0.07692307978868484
287th run
noise dimension : 27
noise variance: 5398.17919921875
original u-statistic:2.9701380729675293
p value proxy: 0.17607973515987396
result: False
power_upto_now: 0.07665505260229111
288th run
noise dimension : 27
noise variance: 5389.51171875
original u-statistic:-5.173121452331543
p value proxy: 0.9102990031242371
result: False
power_upto_now: 0.0763888880610466
289th run
noise dimension : 27
noise variance: 5369.82763671875
original u-statistic:9.138283729553223
p value proxy: 0.03654484823346138
result: True
power_upto_now: 0.07958477735519409
290th run
noise dimension : 27
noise variance: 5413.2578125
original u-statistic:0.8640284538269043
p value proxy: 0.4285714328289032
result: False
power_upto_now: 0.079310342669487
291th run
noise dimension : 27
noise variance: 5407.56689453125
original u-statistic:1.3620634078979492
p value proxy: 0.33554816246032715
result: False
power_upto_now: 0.07903780043125153
292th run
noise dimension : 27
noise variance: 5402.13623046875
original u-statistic:-3.3590087890625
p value proxy: 0.8106312155723572
result: False
power_upto_now: 0.07876712083816528
293th run
noise dimension : 27
noise variance: 5417.10595703125
original u-statistic:-1.139580488204956
p value proxy: 0.52491694688797
result: False
power_upto_now: 0.07849829643964767
294th run
noise dimension : 27
noise variance: 5412.89208984375
original u-statistic:8.270463943481445
p value proxy: 0.02657807245850563
result: True
power_upto_now: 0.08163265138864517
295th run
noise dimension : 27
noise variance: 5366.47802734375
original u-statistic:4.300734519958496
p value proxy: 0.15282391011714935
result: False
power_upto_now: 0.08135592937469482
296th run
noise dimension : 27
noise variance: 5395.19287109375
original u-statistic:7.225723743438721
p value proxy: 0.049833886325359344
result: True
power_upto_now: 0.08445946127176285
297th run
noise dimension : 27
noise variance: 5386.1005859375
original u-statistic:0.3373146057128906
p value proxy: 0.45847174525260925
result: False
power_upto_now: 0.08417508751153946
298th run
noise dimension : 27
noise variance: 5405.3505859375
original u-statistic:6.887657165527344
p value proxy: 0.07308969646692276
result: False
power_upto_now: 0.08389262109994888
299th run
noise dimension : 27
noise variance: 5375.91455078125
original u-statistic:1.6261324882507324
p value proxy: 0.3255814015865326
result: False
power_upto_now: 0.08361203968524933
300th run
noise dimension : 27
noise variance: 5412.42529296875
original u-statistic:1.258053183555603
p value proxy: 0.31229233741760254
result: False
power_upto_now: 0.0833333358168602
301th run
noise dimension : 27
noise variance: 5383.64111328125
original u-statistic:2.4099316596984863
p value proxy: 0.2591361999511719
result: False
power_upto_now: 0.0830564796924591
302th run
noise dimension : 27
noise variance: 5396.44970703125
original u-statistic:-1.5419483184814453
p value proxy: 0.6544850468635559
result: False
power_upto_now: 0.08278145641088486
303th run
noise dimension : 27
noise variance: 5385.94287109375
original u-statistic:3.638826847076416
p value proxy: 0.18936876952648163
result: False
power_upto_now: 0.08250825107097626
304th run
noise dimension : 27
noise variance: 5409.26513671875
original u-statistic:-2.7935028076171875
p value proxy: 0.7574750781059265
result: False
power_upto_now: 0.08223684132099152
305th run
noise dimension : 27
noise variance: 5388.07373046875
original u-statistic:-2.4791641235351562
p value proxy: 0.7275747060775757
result: False
power_upto_now: 0.08196721225976944
306th run
noise dimension : 27
noise variance: 5398.08056640625
original u-statistic:-3.0149784088134766
p value proxy: 0.7740863561630249
result: False
power_upto_now: 0.08169934898614883
307th run
noise dimension : 27
noise variance: 5399.5126953125
original u-statistic:2.7160558700561523
p value proxy: 0.24916942417621613
result: False
power_upto_now: 0.08143322169780731
308th run
noise dimension : 27
noise variance: 5404.20068359375
original u-statistic:-2.7995424270629883
p value proxy: 0.7574750781059265
result: False
power_upto_now: 0.08116883039474487
309th run
noise dimension : 27
noise variance: 5376.45361328125
original u-statistic:-4.634936809539795
p value proxy: 0.8803986310958862
result: False
power_upto_now: 0.08090614527463913
310th run
noise dimension : 27
noise variance: 5394.24462890625
original u-statistic:-1.227271318435669
p value proxy: 0.6112956404685974
result: False
power_upto_now: 0.08064515888690948
311th run
noise dimension : 27
noise variance: 5392.9111328125
original u-statistic:2.856888771057129
p value proxy: 0.23588038980960846
result: False
power_upto_now: 0.08038584887981415
312th run
noise dimension : 27
noise variance: 5394.2353515625
original u-statistic:3.955045700073242
p value proxy: 0.17275747656822205
result: False
power_upto_now: 0.08012820780277252
313th run
noise dimension : 27
noise variance: 5388.50341796875
original u-statistic:1.0029685497283936
p value proxy: 0.3887042999267578
result: False
power_upto_now: 0.07987220585346222
314th run
noise dimension : 27
noise variance: 5415.72021484375
original u-statistic:9.671449661254883
p value proxy: 0.016611294820904732
result: True
power_upto_now: 0.08280254900455475
315th run
noise dimension : 27
noise variance: 5400.99462890625
original u-statistic:-3.657670021057129
p value proxy: 0.8704319000244141
result: False
power_upto_now: 0.08253968507051468
316th run
noise dimension : 27
noise variance: 5410.72998046875
original u-statistic:-1.2308573722839355
p value proxy: 0.5747508406639099
result: False
power_upto_now: 0.08227848261594772
317th run
noise dimension : 27
noise variance: 5413.61474609375
original u-statistic:4.852438926696777
p value proxy: 0.13289035856723785
result: False
power_upto_now: 0.08201892673969269
318th run
noise dimension : 27
noise variance: 5411.85595703125
original u-statistic:-1.9339327812194824
p value proxy: 0.6677740812301636
result: False
power_upto_now: 0.08176100999116898
319th run
noise dimension : 27
noise variance: 5379.6201171875
original u-statistic:4.90848445892334
p value proxy: 0.12624584138393402
result: False
power_upto_now: 0.0815047025680542
320th run
noise dimension : 27
noise variance: 5396.60302734375
original u-statistic:2.081979990005493
p value proxy: 0.2823920249938965
result: False
power_upto_now: 0.08124999701976776
321th run
noise dimension : 27
noise variance: 5389.34619140625
original u-statistic:8.591875076293945
p value proxy: 0.02657807245850563
result: True
power_upto_now: 0.08411215245723724
322th run
noise dimension : 27
noise variance: 5406.69775390625
original u-statistic:-3.8736050128936768
p value proxy: 0.8305647373199463
result: False
power_upto_now: 0.0838509351015091
323th run
noise dimension : 27
noise variance: 5369.9990234375
original u-statistic:-3.6338205337524414
p value proxy: 0.8538205623626709
result: False
power_upto_now: 0.08359133452177048
324th run
noise dimension : 27
noise variance: 5394.3671875
original u-statistic:3.5690054893493652
p value proxy: 0.2259136140346527
result: False
power_upto_now: 0.0833333358168602
325th run
noise dimension : 27
noise variance: 5402.10546875
original u-statistic:2.888430118560791
p value proxy: 0.2657807171344757
result: False
power_upto_now: 0.08307692408561707
326th run
noise dimension : 27
noise variance: 5420.3193359375
original u-statistic:-3.3868932723999023
p value proxy: 0.7973421812057495
result: False
power_upto_now: 0.08282208442687988
327th run
noise dimension : 27
noise variance: 5400.865234375
original u-statistic:-0.7267895340919495
p value proxy: 0.5282391905784607
result: False
power_upto_now: 0.08256880939006805
328th run
noise dimension : 27
noise variance: 5416.28857421875
original u-statistic:3.0317461490631104
p value proxy: 0.19269102811813354
result: False
power_upto_now: 0.08231707662343979
329th run
noise dimension : 27
noise variance: 5395.95849609375
original u-statistic:-4.533445358276367
p value proxy: 0.8770763874053955
result: False
power_upto_now: 0.08206687122583389
330th run
noise dimension : 27
noise variance: 5399.1884765625
original u-statistic:1.5486030578613281
p value proxy: 0.2857142686843872
result: False
power_upto_now: 0.08181817829608917
331th run
noise dimension : 27
noise variance: 5393.28271484375
original u-statistic:-0.201067715883255
p value proxy: 0.4684385359287262
result: False
power_upto_now: 0.08157099783420563
332th run
noise dimension : 27
noise variance: 5407.22607421875
original u-statistic:11.95742416381836
p value proxy: 0.009966777637600899
result: True
power_upto_now: 0.08433734625577927
333th run
noise dimension : 27
noise variance: 5405.9716796875
original u-statistic:-0.36121296882629395
p value proxy: 0.48172757029533386
result: False
power_upto_now: 0.08408408612012863
334th run
noise dimension : 27
noise variance: 5397.052734375
original u-statistic:1.6853151321411133
p value proxy: 0.3255814015865326
result: False
power_upto_now: 0.08383233845233917
335th run
noise dimension : 27
noise variance: 5410.14794921875
original u-statistic:4.1126251220703125
p value proxy: 0.15946844220161438
result: False
power_upto_now: 0.0835820883512497
336th run
noise dimension : 27
noise variance: 5380.09130859375
original u-statistic:2.040665626525879
p value proxy: 0.2657807171344757
result: False
power_upto_now: 0.0833333358168602
337th run
noise dimension : 27
noise variance: 5398.759765625
original u-statistic:3.6549854278564453
p value proxy: 0.2026578038930893
result: False
power_upto_now: 0.0830860510468483
338th run
noise dimension : 27
noise variance: 5382.49853515625
original u-statistic:5.714477062225342
p value proxy: 0.059800662100315094
result: False
power_upto_now: 0.08284023404121399
339th run
noise dimension : 27
noise variance: 5402.77783203125
original u-statistic:3.9179372787475586
p value proxy: 0.1428571343421936
result: False
power_upto_now: 0.08259586989879608
340th run
noise dimension : 27
noise variance: 5409.86474609375
original u-statistic:2.7337327003479004
p value proxy: 0.2458471655845642
result: False
power_upto_now: 0.08235294371843338
341th run
noise dimension : 27
noise variance: 5407.72314453125
original u-statistic:1.474685788154602
p value proxy: 0.29568105936050415
result: False
power_upto_now: 0.08211144059896469
342th run
noise dimension : 27
noise variance: 5413.62255859375
original u-statistic:-1.3547894954681396
p value proxy: 0.5880398750305176
result: False
power_upto_now: 0.08187134563922882
343th run
noise dimension : 27
noise variance: 5400.71435546875
original u-statistic:-0.7517926692962646
p value proxy: 0.5049833655357361
result: False
power_upto_now: 0.08163265138864517
344th run
noise dimension : 27
noise variance: 5386.2177734375
original u-statistic:1.384063959121704
p value proxy: 0.3289036452770233
result: False
power_upto_now: 0.08139535039663315
345th run
noise dimension : 27
noise variance: 5391.04931640625
original u-statistic:2.884239673614502
p value proxy: 0.2225913554430008
result: False
power_upto_now: 0.08115942031145096
346th run
noise dimension : 27
noise variance: 5387.5078125
original u-statistic:3.8807413578033447
p value proxy: 0.17940199375152588
result: False
power_upto_now: 0.080924853682518
347th run
noise dimension : 27
noise variance: 5399.92724609375
original u-statistic:-2.494037628173828
p value proxy: 0.7176079750061035
result: False
power_upto_now: 0.08069164305925369
348th run
noise dimension : 27
noise variance: 5406.4619140625
original u-statistic:-4.775877952575684
p value proxy: 0.9102990031242371
result: False
power_upto_now: 0.08045977354049683
349th run
noise dimension : 27
noise variance: 5391.94482421875
original u-statistic:1.6963906288146973
p value proxy: 0.31561461091041565
result: False
power_upto_now: 0.08022922277450562
350th run
noise dimension : 27
noise variance: 5404.962890625
original u-statistic:-6.658612251281738
p value proxy: 0.9867109656333923
result: False
power_upto_now: 0.07999999821186066
351th run
noise dimension : 27
noise variance: 5405.05712890625
original u-statistic:0.9452869892120361
p value proxy: 0.3687707483768463
result: False
power_upto_now: 0.07977207750082016
352th run
noise dimension : 27
noise variance: 5401.4970703125
original u-statistic:3.0084762573242188
p value proxy: 0.18936876952648163
result: False
power_upto_now: 0.07954545319080353
353th run
noise dimension : 27
noise variance: 5418.00146484375
original u-statistic:6.704984188079834
p value proxy: 0.059800662100315094
result: False
power_upto_now: 0.07932011038064957
354th run
noise dimension : 27
noise variance: 5398.63525390625
original u-statistic:-2.316114902496338
p value proxy: 0.674418568611145
result: False
power_upto_now: 0.07909604161977768
355th run
noise dimension : 27
noise variance: 5411.7900390625
original u-statistic:3.38466739654541
p value proxy: 0.17940199375152588
result: False
power_upto_now: 0.07887323945760727
356th run
noise dimension : 27
noise variance: 5394.03857421875
original u-statistic:3.8172502517700195
p value proxy: 0.15614616870880127
result: False
power_upto_now: 0.07865168899297714
357th run
noise dimension : 27
noise variance: 5397.646484375
original u-statistic:3.6878862380981445
p value proxy: 0.1627907007932663
result: False
power_upto_now: 0.0784313753247261
358th run
noise dimension : 27
noise variance: 5411.26708984375
original u-statistic:3.912398099899292
p value proxy: 0.17275747656822205
result: False
power_upto_now: 0.07821229100227356
359th run
noise dimension : 27
noise variance: 5418.02734375
original u-statistic:-1.5127582550048828
p value proxy: 0.5714285373687744
result: False
power_upto_now: 0.07799442857503891
360th run
noise dimension : 27
noise variance: 5422.54248046875
original u-statistic:-0.24421405792236328
p value proxy: 0.4850498139858246
result: False
power_upto_now: 0.07777778059244156
361th run
noise dimension : 27
noise variance: 5388.53515625
original u-statistic:0.043782830238342285
p value proxy: 0.4451827108860016
result: False
power_upto_now: 0.07756232470273972
362th run
noise dimension : 27
noise variance: 5390.5458984375
original u-statistic:2.2321767807006836
p value proxy: 0.27574750781059265
result: False
power_upto_now: 0.07734806835651398
363th run
noise dimension : 27
noise variance: 5397.60498046875
original u-statistic:12.89574909210205
p value proxy: 0.006644518114626408
result: True
power_upto_now: 0.07988980412483215
364th run
noise dimension : 27
noise variance: 5397.2958984375
original u-statistic:-5.388015270233154
p value proxy: 0.9102990031242371
result: False
power_upto_now: 0.07967033237218857
365th run
noise dimension : 27
noise variance: 5393.1728515625
original u-statistic:0.6606960296630859
p value proxy: 0.421926885843277
result: False
power_upto_now: 0.07945205271244049
366th run
noise dimension : 27
noise variance: 5417.671875
original u-statistic:-3.9804444313049316
p value proxy: 0.8538205623626709
result: False
power_upto_now: 0.07923497259616852
367th run
noise dimension : 27
noise variance: 5386.2568359375
original u-statistic:3.1927411556243896
p value proxy: 0.24916942417621613
result: False
power_upto_now: 0.07901907712221146
368th run
noise dimension : 27
noise variance: 5402.92822265625
original u-statistic:-5.21741247177124
p value proxy: 0.9235880374908447
result: False
power_upto_now: 0.07880435138940811
369th run
noise dimension : 27
noise variance: 5400.07080078125
original u-statistic:0.09346789121627808
p value proxy: 0.41528236865997314
result: False
power_upto_now: 0.07859078794717789
370th run
noise dimension : 27
noise variance: 5401.9775390625
original u-statistic:1.187646508216858
p value proxy: 0.3521594703197479
result: False
power_upto_now: 0.07837837934494019
371th run
noise dimension : 27
noise variance: 5398.212890625
original u-statistic:-0.24648761749267578
p value proxy: 0.5049833655357361
result: False
power_upto_now: 0.07816711813211441
372th run
noise dimension : 27
noise variance: 5401.03369140625
original u-statistic:3.0339183807373047
p value proxy: 0.18936876952648163
result: False
power_upto_now: 0.07795698940753937
373th run
noise dimension : 27
noise variance: 5410.6708984375
original u-statistic:2.7800683975219727
p value proxy: 0.2691029906272888
result: False
power_upto_now: 0.07774798572063446
374th run
noise dimension : 27
noise variance: 5392.181640625
original u-statistic:2.339398145675659
p value proxy: 0.25249168276786804
result: False
power_upto_now: 0.07754010707139969
375th run
noise dimension : 27
noise variance: 5397.86279296875
original u-statistic:0.9596896171569824
p value proxy: 0.39867109060287476
result: False
power_upto_now: 0.07733333110809326
376th run
noise dimension : 27
noise variance: 5381.09521484375
original u-statistic:0.23927927017211914
p value proxy: 0.4053156077861786
result: False
power_upto_now: 0.07712765783071518
377th run
noise dimension : 27
noise variance: 5394.43505859375
original u-statistic:4.318962097167969
p value proxy: 0.13289035856723785
result: False
power_upto_now: 0.07692307978868484
378th run
noise dimension : 27
noise variance: 5418.9111328125
original u-statistic:-3.2273101806640625
p value proxy: 0.7607973217964172
result: False
power_upto_now: 0.07671957463026047
379th run
noise dimension : 27
noise variance: 5399.2890625
original u-statistic:3.9550111293792725
p value proxy: 0.13621261715888977
result: False
power_upto_now: 0.07651714980602264
380th run
noise dimension : 27
noise variance: 5405.4140625
original u-statistic:1.6515228748321533
p value proxy: 0.3089700937271118
result: False
power_upto_now: 0.07631579041481018
381th run
noise dimension : 27
noise variance: 5400.68310546875
original u-statistic:5.087704181671143
p value proxy: 0.12624584138393402
result: False
power_upto_now: 0.07611548900604248
382th run
noise dimension : 27
noise variance: 5416.00048828125
original u-statistic:4.188608169555664
p value proxy: 0.17275747656822205
result: False
power_upto_now: 0.07591623067855835
383th run
noise dimension : 27
noise variance: 5391.66943359375
original u-statistic:7.245494365692139
p value proxy: 0.04318936914205551
result: True
power_upto_now: 0.07832898199558258
384th run
noise dimension : 27
noise variance: 5398.2841796875
original u-statistic:1.3912620544433594
p value proxy: 0.3853820562362671
result: False
power_upto_now: 0.078125
385th run
noise dimension : 27
noise variance: 5401.07666015625
original u-statistic:-2.657879590988159
p value proxy: 0.6976743936538696
result: False
power_upto_now: 0.07792207598686218
386th run
noise dimension : 27
noise variance: 5384.1123046875
original u-statistic:5.6396589279174805
p value proxy: 0.09302325546741486
result: False
power_upto_now: 0.07772020995616913
387th run
noise dimension : 27
noise variance: 5420.69189453125
original u-statistic:-0.39533281326293945
p value proxy: 0.5481727719306946
result: False
power_upto_now: 0.07751937955617905
388th run
noise dimension : 27
noise variance: 5406.68212890625
original u-statistic:3.6507787704467773
p value proxy: 0.1860465109348297
result: False
power_upto_now: 0.07731958478689194
389th run
noise dimension : 27
noise variance: 5391.61279296875
original u-statistic:-2.16156005859375
p value proxy: 0.714285671710968
result: False
power_upto_now: 0.0771208256483078
390th run
noise dimension : 27
noise variance: 5400.65234375
original u-statistic:-0.7821383476257324
p value proxy: 0.5448504686355591
result: False
power_upto_now: 0.07692307978868484
391th run
noise dimension : 27
noise variance: 5407.048828125
original u-statistic:-3.472794532775879
p value proxy: 0.8073089718818665
result: False
power_upto_now: 0.07672633975744247
392th run
noise dimension : 27
noise variance: 5387.1982421875
original u-statistic:4.680601596832275
p value proxy: 0.15282391011714935
result: False
power_upto_now: 0.07653061300516129
393th run
noise dimension : 27
noise variance: 5427.37841796875
original u-statistic:0.1736823320388794
p value proxy: 0.46179401874542236
result: False
power_upto_now: 0.07633587718009949
394th run
noise dimension : 27
noise variance: 5402.01953125
original u-statistic:1.7438089847564697
p value proxy: 0.3488371968269348
result: False
power_upto_now: 0.07614213228225708
395th run
noise dimension : 27
noise variance: 5386.52001953125
original u-statistic:4.093883514404297
p value proxy: 0.13289035856723785
result: False
power_upto_now: 0.07594936341047287
396th run
noise dimension : 27
noise variance: 5401.5185546875
original u-statistic:9.964975357055664
p value proxy: 0.009966777637600899
result: True
power_upto_now: 0.07828282564878464
397th run
noise dimension : 27
noise variance: 5416.6748046875
original u-statistic:0.30749017000198364
p value proxy: 0.4717607796192169
result: False
power_upto_now: 0.07808564603328705
398th run
noise dimension : 27
noise variance: 5376.4462890625
original u-statistic:1.6643741130828857
p value proxy: 0.3222591280937195
result: False
power_upto_now: 0.07788944989442825
399th run
noise dimension : 27
noise variance: 5384.40283203125
original u-statistic:-2.183468818664551
p value proxy: 0.7109634280204773
result: False
power_upto_now: 0.07769423723220825
400th run
noise dimension : 27
noise variance: 5392.6103515625
original u-statistic:6.538909912109375
p value proxy: 0.06976743787527084
result: False
power_upto_now: 0.07750000059604645
401th run
noise dimension : 27
noise variance: 5392.66015625
original u-statistic:5.154131889343262
p value proxy: 0.13621261715888977
result: False
power_upto_now: 0.07730673253536224
402th run
noise dimension : 27
noise variance: 5416.541015625
original u-statistic:-3.06009578704834
p value proxy: 0.7441860437393188
result: False
power_upto_now: 0.07711442559957504
403th run
noise dimension : 27
noise variance: 5411.31103515625
original u-statistic:0.3787510097026825
p value proxy: 0.49501660466194153
result: False
power_upto_now: 0.07692307978868484
404th run
noise dimension : 27
noise variance: 5397.9951171875
original u-statistic:6.6501030921936035
p value proxy: 0.06644517928361893
result: False
power_upto_now: 0.07673267275094986
405th run
noise dimension : 27
noise variance: 5411.0185546875
original u-statistic:-1.9237678050994873
p value proxy: 0.604651153087616
result: False
power_upto_now: 0.07654321193695068
406th run
noise dimension : 27
noise variance: 5391.64599609375
original u-statistic:-4.328638076782227
p value proxy: 0.8936876654624939
result: False
power_upto_now: 0.07635468244552612
407th run
noise dimension : 27
noise variance: 5396.68603515625
original u-statistic:0.84381103515625
p value proxy: 0.41860464215278625
result: False
power_upto_now: 0.07616707682609558
408th run
noise dimension : 27
noise variance: 5387.56396484375
original u-statistic:1.3729498386383057
p value proxy: 0.31561461091041565
result: False
power_upto_now: 0.07598039507865906
409th run
noise dimension : 27
noise variance: 5388.607421875
original u-statistic:-3.715125799179077
p value proxy: 0.8172757029533386
result: False
power_upto_now: 0.07579462230205536
410th run
noise dimension : 27
noise variance: 5385.86279296875
original u-statistic:-3.538642406463623
p value proxy: 0.8106312155723572
result: False
power_upto_now: 0.07560975849628448
411th run
noise dimension : 27
noise variance: 5388.3330078125
original u-statistic:-5.717589855194092
p value proxy: 0.9401993155479431
result: False
power_upto_now: 0.07542578876018524
412th run
noise dimension : 27
noise variance: 5416.25927734375
original u-statistic:-0.0037772655487060547
p value proxy: 0.47508305311203003
result: False
power_upto_now: 0.07524272054433823
413th run
noise dimension : 27
noise variance: 5400.2216796875
original u-statistic:1.4068093299865723
p value proxy: 0.342192679643631
result: False
power_upto_now: 0.07506053149700165
414th run
noise dimension : 27
noise variance: 5397.33837890625
original u-statistic:5.322729110717773
p value proxy: 0.13289035856723785
result: False
power_upto_now: 0.0748792290687561
415th run
noise dimension : 27
noise variance: 5386.82568359375
original u-statistic:-1.4510622024536133
p value proxy: 0.6578072905540466
result: False
power_upto_now: 0.0746987983584404
416th run
noise dimension : 27
noise variance: 5405.634765625
original u-statistic:4.86964750289917
p value proxy: 0.1627907007932663
result: False
power_upto_now: 0.07451923191547394
417th run
noise dimension : 27
noise variance: 5411.451171875
original u-statistic:-5.200563430786133
p value proxy: 0.8936876654624939
result: False
power_upto_now: 0.07434052973985672
418th run
noise dimension : 27
noise variance: 5415.9521484375
original u-statistic:8.141164779663086
p value proxy: 0.039867110550403595
result: True
power_upto_now: 0.07655502110719681
419th run
noise dimension : 27
noise variance: 5389.87890625
original u-statistic:-3.552377700805664
p value proxy: 0.8006644248962402
result: False
power_upto_now: 0.07637231796979904
420th run
noise dimension : 27
noise variance: 5391.78173828125
original u-statistic:1.2029595375061035
p value proxy: 0.3488371968269348
result: False
power_upto_now: 0.07619047909975052
421th run
noise dimension : 27
noise variance: 5380.66162109375
original u-statistic:-5.086832046508789
p value proxy: 0.9235880374908447
result: False
power_upto_now: 0.07600950449705124
422th run
noise dimension : 27
noise variance: 5400.212890625
original u-statistic:2.536903142929077
p value proxy: 0.2259136140346527
result: False
power_upto_now: 0.0758293867111206
423th run
noise dimension : 27
noise variance: 5413.13134765625
original u-statistic:-0.8851079940795898
p value proxy: 0.5415282249450684
result: False
power_upto_now: 0.07565011829137802
424th run
noise dimension : 27
noise variance: 5395.84033203125
original u-statistic:-2.571781635284424
p value proxy: 0.684385359287262
result: False
power_upto_now: 0.07547169923782349
425th run
noise dimension : 27
noise variance: 5393.32958984375
original u-statistic:-5.782624244689941
p value proxy: 0.9302325248718262
result: False
power_upto_now: 0.0752941146492958
426th run
noise dimension : 27
noise variance: 5388.64111328125
original u-statistic:-4.910942077636719
p value proxy: 0.9102990031242371
result: False
power_upto_now: 0.07511737197637558
427th run
noise dimension : 27
noise variance: 5409.13818359375
original u-statistic:-0.616908073425293
p value proxy: 0.5282391905784607
result: False
power_upto_now: 0.07494144886732101
428th run
noise dimension : 27
noise variance: 5405.01318359375
original u-statistic:10.583702087402344
p value proxy: 0.009966777637600899
result: True
power_upto_now: 0.07710280269384384
429th run
noise dimension : 27
noise variance: 5401.1552734375
original u-statistic:1.5437045097351074
p value proxy: 0.2790697515010834
result: False
power_upto_now: 0.07692307978868484
430th run
noise dimension : 27
noise variance: 5394.4189453125
original u-statistic:-2.312424421310425
p value proxy: 0.7043189406394958
result: False
power_upto_now: 0.0767441838979721
431th run
noise dimension : 27
noise variance: 5380.56201171875
original u-statistic:6.259860038757324
p value proxy: 0.06312292069196701
result: False
power_upto_now: 0.07656612247228622
432th run
noise dimension : 27
noise variance: 5411.45556640625
original u-statistic:6.41611385345459
p value proxy: 0.08637873828411102
result: False
power_upto_now: 0.0763888880610466
433th run
noise dimension : 27
noise variance: 5408.8447265625
original u-statistic:-0.41004812717437744
p value proxy: 0.52491694688797
result: False
power_upto_now: 0.07621247321367264
434th run
noise dimension : 27
noise variance: 5391.55322265625
original u-statistic:-2.9498753547668457
p value proxy: 0.7674418687820435
result: False
power_upto_now: 0.07603686302900314
435th run
noise dimension : 27
noise variance: 5395.23974609375
original u-statistic:-0.011902809143066406
p value proxy: 0.47508305311203003
result: False
power_upto_now: 0.07586207240819931
436th run
noise dimension : 27
noise variance: 5400.96630859375
original u-statistic:-5.193121910095215
p value proxy: 0.9102990031242371
result: False
power_upto_now: 0.07568807154893875
437th run
noise dimension : 27
noise variance: 5400.71142578125
original u-statistic:0.6085224151611328
p value proxy: 0.4119601249694824
result: False
power_upto_now: 0.07551487535238266
438th run
noise dimension : 27
noise variance: 5386.35498046875
original u-statistic:-0.29390764236450195
p value proxy: 0.49833884835243225
result: False
power_upto_now: 0.07534246891736984
439th run
noise dimension : 27
noise variance: 5386.7578125
original u-statistic:-3.982365369796753
p value proxy: 0.8405315279960632
result: False
power_upto_now: 0.0751708447933197
440th run
noise dimension : 27
noise variance: 5407.9990234375
original u-statistic:-2.7256476879119873
p value proxy: 0.7375414967536926
result: False
power_upto_now: 0.07500000298023224
441th run
noise dimension : 27
noise variance: 5409.59423828125
original u-statistic:1.2213397026062012
p value proxy: 0.342192679643631
result: False
power_upto_now: 0.07482992857694626
442th run
noise dimension : 27
noise variance: 5408.83642578125
original u-statistic:-0.6639003753662109
p value proxy: 0.5182723999023438
result: False
power_upto_now: 0.07466063648462296
443th run
noise dimension : 27
noise variance: 5408.3408203125
original u-statistic:12.989663124084473
p value proxy: 0.009966777637600899
result: True
power_upto_now: 0.07674943655729294
444th run
noise dimension : 27
noise variance: 5401.81689453125
original u-statistic:-6.230984687805176
p value proxy: 0.9734219312667847
result: False
power_upto_now: 0.07657657563686371
445th run
noise dimension : 27
noise variance: 5387.39111328125
original u-statistic:0.8957967758178711
p value proxy: 0.39534881711006165
result: False
power_upto_now: 0.07640449702739716
446th run
noise dimension : 27
noise variance: 5404.40966796875
original u-statistic:3.358731746673584
p value proxy: 0.17275747656822205
result: False
power_upto_now: 0.07623318582773209
447th run
noise dimension : 27
noise variance: 5404.876953125
original u-statistic:-0.6257871985435486
p value proxy: 0.5614618062973022
result: False
power_upto_now: 0.0760626420378685
448th run
noise dimension : 27
noise variance: 5411.791015625
original u-statistic:-1.0357930660247803
p value proxy: 0.5813953280448914
result: False
power_upto_now: 0.0758928582072258
449th run
noise dimension : 27
noise variance: 5402.2666015625
original u-statistic:-1.4142457246780396
p value proxy: 0.6611295342445374
result: False
power_upto_now: 0.07572383433580399
450th run
noise dimension : 27
noise variance: 5407.98095703125
original u-statistic:-1.8436057567596436
p value proxy: 0.6710963249206543
result: False
power_upto_now: 0.07555555552244186
451th run
noise dimension : 27
noise variance: 5389.6689453125
original u-statistic:2.7416622638702393
p value proxy: 0.24916942417621613
result: False
power_upto_now: 0.07538802921772003
452th run
noise dimension : 27
noise variance: 5402.55419921875
original u-statistic:-0.3513355255126953
p value proxy: 0.4451827108860016
result: False
power_upto_now: 0.0752212405204773
453th run
noise dimension : 27
noise variance: 5378.6337890625
original u-statistic:-2.072523593902588
p value proxy: 0.6378737688064575
result: False
power_upto_now: 0.07505518943071365
454th run
noise dimension : 27
noise variance: 5375.67041015625
original u-statistic:-4.16801643371582
p value proxy: 0.8970099687576294
result: False
power_upto_now: 0.07488986849784851
455th run
noise dimension : 27
noise variance: 5405.662109375
original u-statistic:-2.1123738288879395
p value proxy: 0.7009966373443604
result: False
power_upto_now: 0.07472527772188187
456th run
noise dimension : 27
noise variance: 5412.150390625
original u-statistic:-2.3315231800079346
p value proxy: 0.7043189406394958
result: False
power_upto_now: 0.07456140220165253
457th run
noise dimension : 27
noise variance: 5401.21142578125
original u-statistic:0.9379768371582031
p value proxy: 0.3887042999267578
result: False
power_upto_now: 0.07439824938774109
458th run
noise dimension : 27
noise variance: 5384.3798828125
original u-statistic:-1.3552241325378418
p value proxy: 0.6212624311447144
result: False
power_upto_now: 0.07423580437898636
459th run
noise dimension : 27
noise variance: 5390.96826171875
original u-statistic:4.355586051940918
p value proxy: 0.15946844220161438
result: False
power_upto_now: 0.07407407462596893
460th run
noise dimension : 27
noise variance: 5408.08740234375
original u-statistic:1.8434233665466309
p value proxy: 0.3222591280937195
result: False
power_upto_now: 0.07391304522752762
461th run
noise dimension : 27
noise variance: 5394.5517578125
original u-statistic:4.1213555335998535
p value proxy: 0.13621261715888977
result: False
power_upto_now: 0.07375270873308182
462th run
noise dimension : 27
noise variance: 5395.63818359375
original u-statistic:-2.7335205078125
p value proxy: 0.7475082874298096
result: False
power_upto_now: 0.07359307259321213
463th run
noise dimension : 27
noise variance: 5406.33447265625
original u-statistic:3.7729220390319824
p value proxy: 0.1395348757505417
result: False
power_upto_now: 0.07343412190675735
464th run
noise dimension : 27
noise variance: 5404.19873046875
original u-statistic:20.398208618164062
p value proxy: 0.003322259057313204
result: True
power_upto_now: 0.07543103396892548
465th run
noise dimension : 27
noise variance: 5391.2197265625
original u-statistic:-0.11261272430419922
p value proxy: 0.5049833655357361
result: False
power_upto_now: 0.07526881992816925
466th run
noise dimension : 27
noise variance: 5381.27001953125
original u-statistic:-1.963360071182251
p value proxy: 0.6378737688064575
result: False
power_upto_now: 0.07510729879140854
467th run
noise dimension : 27
noise variance: 5403.57568359375
original u-statistic:2.4184508323669434
p value proxy: 0.2823920249938965
result: False
power_upto_now: 0.07494646310806274
468th run
noise dimension : 27
noise variance: 5415.19482421875
original u-statistic:8.038591384887695
p value proxy: 0.04651162773370743
result: True
power_upto_now: 0.07692307978868484
469th run
noise dimension : 27
noise variance: 5406.82568359375
original u-statistic:2.853773832321167
p value proxy: 0.2059800624847412
result: False
power_upto_now: 0.07675906270742416
470th run
noise dimension : 27
noise variance: 5411.19482421875
original u-statistic:0.41052913665771484
p value proxy: 0.45847174525260925
result: False
power_upto_now: 0.0765957459807396
471th run
noise dimension : 27
noise variance: 5399.8115234375
original u-statistic:5.7630486488342285
p value proxy: 0.10963454842567444
result: False
power_upto_now: 0.07643312215805054
472th run
noise dimension : 27
noise variance: 5392.31787109375
original u-statistic:1.2793631553649902
p value proxy: 0.3488371968269348
result: False
power_upto_now: 0.0762711837887764
473th run
noise dimension : 27
noise variance: 5405.6494140625
original u-statistic:3.002629518508911
p value proxy: 0.23255813121795654
result: False
power_upto_now: 0.07610993832349777
474th run
noise dimension : 27
noise variance: 5414.56396484375
original u-statistic:3.0065152645111084
p value proxy: 0.2259136140346527
result: False
power_upto_now: 0.07594936341047287
475th run
noise dimension : 27
noise variance: 5403.5419921875
original u-statistic:4.5525031089782715
p value proxy: 0.11960132420063019
result: False
power_upto_now: 0.07578947395086288
476th run
noise dimension : 27
noise variance: 5414.2880859375
original u-statistic:1.698350191116333
p value proxy: 0.29235878586769104
result: False
power_upto_now: 0.07563025504350662
477th run
noise dimension : 27
noise variance: 5402.41845703125
original u-statistic:1.88936185836792
p value proxy: 0.3089700937271118
result: False
power_upto_now: 0.07547169923782349
478th run
noise dimension : 27
noise variance: 5382.28515625
original u-statistic:-1.0028302669525146
p value proxy: 0.554817259311676
result: False
power_upto_now: 0.07531380653381348
479th run
noise dimension : 27
noise variance: 5362.8349609375
original u-statistic:-3.2031455039978027
p value proxy: 0.7375414967536926
result: False
power_upto_now: 0.07515657693147659
480th run
noise dimension : 27
noise variance: 5390.33837890625
original u-statistic:2.530426025390625
p value proxy: 0.25581395626068115
result: False
power_upto_now: 0.07500000298023224
481th run
noise dimension : 27
noise variance: 5388.1904296875
original u-statistic:5.094995498657227
p value proxy: 0.10963454842567444
result: False
power_upto_now: 0.07484407722949982
482th run
noise dimension : 27
noise variance: 5429.080078125
original u-statistic:-0.4828810691833496
p value proxy: 0.5282391905784607
result: False
power_upto_now: 0.07468879967927933
483th run
noise dimension : 27
noise variance: 5406.3369140625
original u-statistic:5.390195846557617
p value proxy: 0.1029900312423706
result: False
power_upto_now: 0.07453416287899017
484th run
noise dimension : 27
noise variance: 5418.546875
original u-statistic:-1.3877348899841309
p value proxy: 0.5980066061019897
result: False
power_upto_now: 0.07438016682863235
485th run
noise dimension : 27
noise variance: 5421.75634765625
original u-statistic:-2.9671273231506348
p value proxy: 0.7574750781059265
result: False
power_upto_now: 0.07422680407762527
486th run
noise dimension : 27
noise variance: 5397.66162109375
original u-statistic:-2.1070339679718018
p value proxy: 0.6544850468635559
result: False
power_upto_now: 0.07407407462596893
487th run
noise dimension : 27
noise variance: 5388.24169921875
original u-statistic:0.23935198783874512
p value proxy: 0.5016611218452454
result: False
power_upto_now: 0.07392197102308273
488th run
noise dimension : 27
noise variance: 5410.63671875
original u-statistic:3.0139663219451904
p value proxy: 0.19269102811813354
result: False
power_upto_now: 0.07377049326896667
489th run
noise dimension : 27
noise variance: 5392.0791015625
original u-statistic:-7.348577499389648
p value proxy: 0.9867109656333923
result: False
power_upto_now: 0.07361963391304016
490th run
noise dimension : 27
noise variance: 5405.14208984375
original u-statistic:-2.410195827484131
p value proxy: 0.7176079750061035
result: False
power_upto_now: 0.0734693855047226
491th run
noise dimension : 27
noise variance: 5393.4169921875
original u-statistic:4.510296821594238
p value proxy: 0.1428571343421936
result: False
power_upto_now: 0.07331975549459457
492th run
noise dimension : 27
noise variance: 5408.51416015625
original u-statistic:-2.687113046646118
p value proxy: 0.7375414967536926
result: False
power_upto_now: 0.0731707289814949
493th run
noise dimension : 27
noise variance: 5386.267578125
original u-statistic:-0.26056766510009766
p value proxy: 0.47508305311203003
result: False
power_upto_now: 0.07302231341600418
494th run
noise dimension : 27
noise variance: 5396.0869140625
original u-statistic:4.188106536865234
p value proxy: 0.1661129593849182
result: False
power_upto_now: 0.07287449389696121
495th run
noise dimension : 27
noise variance: 5396.32666015625
original u-statistic:-4.185176849365234
p value proxy: 0.8770763874053955
result: False
power_upto_now: 0.072727270424366
496th run
noise dimension : 27
noise variance: 5401.27783203125
original u-statistic:0.6386804580688477
p value proxy: 0.43853819370269775
result: False
power_upto_now: 0.07258064299821854
497th run
noise dimension : 27
noise variance: 5383.5888671875
original u-statistic:-4.385312080383301
p value proxy: 0.8637873530387878
result: False
power_upto_now: 0.07243460416793823
498th run
noise dimension : 27
noise variance: 5413.30517578125
original u-statistic:-0.319258451461792
p value proxy: 0.4916943311691284
result: False
power_upto_now: 0.07228915393352509
499th run
noise dimension : 27
noise variance: 5405.5634765625
original u-statistic:2.0488076210021973
p value proxy: 0.2990033030509949
result: False
power_upto_now: 0.0721442922949791
500th run
noise dimension : 27
noise variance: 5367.09423828125
original u-statistic:6.046512603759766
p value proxy: 0.08637873828411102
result: False
power_upto_now: 0.07199999690055847
power estimate : 0.07199999690055847
elapsed time: 6536.7953045368195
