job started
cuda available: True
code run on device:: cuda:0

n1 = 10000, n2 = 10000,

kappa = 2, alpha = 0.8,

gamma = 0.05, nTests = 500,

B = 300

1th run
noise dimension : 8
noise variance: 100.08942413330078
original u-statistic:0.02585315704345703
p value proxy: 0.27574750781059265
result: False
power_upto_now: 0.0
2th run
noise dimension : 8
noise variance: 99.76072692871094
original u-statistic:0.18270325660705566
p value proxy: 0.029900331050157547
result: True
power_upto_now: 0.5
3th run
noise dimension : 8
noise variance: 100.67986297607422
original u-statistic:0.09126782417297363
p value proxy: 0.12956809997558594
result: False
power_upto_now: 0.3333333432674408
4th run
noise dimension : 8
noise variance: 100.50594329833984
original u-statistic:-0.08088111877441406
p value proxy: 0.8338870406150818
result: False
power_upto_now: 0.25
5th run
noise dimension : 8
noise variance: 100.0723876953125
original u-statistic:0.0775456428527832
p value proxy: 0.20930232107639313
result: False
power_upto_now: 0.20000000298023224
6th run
noise dimension : 8
noise variance: 100.27140808105469
original u-statistic:-0.06208062171936035
p value proxy: 0.7607973217964172
result: False
power_upto_now: 0.1666666716337204
7th run
noise dimension : 8
noise variance: 100.49966430664062
original u-statistic:0.2054920196533203
p value proxy: 0.013289036229252815
result: True
power_upto_now: 0.2857142984867096
8th run
noise dimension : 8
noise variance: 100.3617172241211
original u-statistic:-0.07203078269958496
p value proxy: 0.7873753905296326
result: False
power_upto_now: 0.25
9th run
noise dimension : 8
noise variance: 100.3763427734375
original u-statistic:0.02851104736328125
p value proxy: 0.3488371968269348
result: False
power_upto_now: 0.2222222238779068
10th run
noise dimension : 8
noise variance: 99.6214828491211
original u-statistic:-0.07498455047607422
p value proxy: 0.8205980062484741
result: False
power_upto_now: 0.20000000298023224
11th run
noise dimension : 8
noise variance: 100.26306915283203
original u-statistic:0.0875539779663086
p value proxy: 0.10631228983402252
result: False
power_upto_now: 0.1818181872367859
12th run
noise dimension : 8
noise variance: 100.75149536132812
original u-statistic:0.09471583366394043
p value proxy: 0.12624584138393402
result: False
power_upto_now: 0.1666666716337204
13th run
noise dimension : 8
noise variance: 100.1932601928711
original u-statistic:-0.1035771369934082
p value proxy: 0.9534883499145508
result: False
power_upto_now: 0.1538461595773697
14th run
noise dimension : 8
noise variance: 100.39729309082031
original u-statistic:-0.09781622886657715
p value proxy: 0.9136212468147278
result: False
power_upto_now: 0.1428571492433548
15th run
noise dimension : 8
noise variance: 99.8540267944336
original u-statistic:0.026160240173339844
p value proxy: 0.29568105936050415
result: False
power_upto_now: 0.13333334028720856
16th run
noise dimension : 8
noise variance: 100.2950439453125
original u-statistic:-0.04728269577026367
p value proxy: 0.7009966373443604
result: False
power_upto_now: 0.125
17th run
noise dimension : 8
noise variance: 99.90613555908203
original u-statistic:-0.05366015434265137
p value proxy: 0.6976743936538696
result: False
power_upto_now: 0.11764705926179886
18th run
noise dimension : 8
noise variance: 100.7394790649414
original u-statistic:-0.008453130722045898
p value proxy: 0.45847174525260925
result: False
power_upto_now: 0.1111111119389534
19th run
noise dimension : 8
noise variance: 99.99388885498047
original u-statistic:-0.05021476745605469
p value proxy: 0.714285671710968
result: False
power_upto_now: 0.10526315867900848
20th run
noise dimension : 8
noise variance: 99.16000366210938
original u-statistic:-0.07502365112304688
p value proxy: 0.8205980062484741
result: False
power_upto_now: 0.10000000149011612
21th run
noise dimension : 8
noise variance: 99.84198760986328
original u-statistic:0.1748354434967041
p value proxy: 0.04318936914205551
result: True
power_upto_now: 0.1428571492433548
22th run
noise dimension : 8
noise variance: 100.55024719238281
original u-statistic:0.0024847984313964844
p value proxy: 0.4318936765193939
result: False
power_upto_now: 0.13636364042758942
23th run
noise dimension : 8
noise variance: 99.92509460449219
original u-statistic:-0.040488481521606445
p value proxy: 0.6611295342445374
result: False
power_upto_now: 0.1304347813129425
24th run
noise dimension : 8
noise variance: 100.48365783691406
original u-statistic:0.014856100082397461
p value proxy: 0.382059782743454
result: False
power_upto_now: 0.125
25th run
noise dimension : 8
noise variance: 101.35802459716797
original u-statistic:0.09338212013244629
p value proxy: 0.13621261715888977
result: False
power_upto_now: 0.11999999731779099
26th run
noise dimension : 8
noise variance: 100.49651336669922
original u-statistic:0.031319618225097656
p value proxy: 0.35548171401023865
result: False
power_upto_now: 0.11538461595773697
27th run
noise dimension : 8
noise variance: 100.31231689453125
original u-statistic:-0.06438922882080078
p value proxy: 0.7940199375152588
result: False
power_upto_now: 0.1111111119389534
28th run
noise dimension : 8
noise variance: 100.74109649658203
original u-statistic:0.10227322578430176
p value proxy: 0.10963454842567444
result: False
power_upto_now: 0.1071428582072258
29th run
noise dimension : 8
noise variance: 99.97282409667969
original u-statistic:-0.0361630916595459
p value proxy: 0.6312292218208313
result: False
power_upto_now: 0.1034482792019844
30th run
noise dimension : 8
noise variance: 100.93661499023438
original u-statistic:-0.1091611385345459
p value proxy: 0.9534883499145508
result: False
power_upto_now: 0.10000000149011612
31th run
noise dimension : 8
noise variance: 100.4718246459961
original u-statistic:-0.03197526931762695
p value proxy: 0.6279069781303406
result: False
power_upto_now: 0.09677419066429138
32th run
noise dimension : 8
noise variance: 99.6340103149414
original u-statistic:-0.031534671783447266
p value proxy: 0.604651153087616
result: False
power_upto_now: 0.09375
33th run
noise dimension : 8
noise variance: 100.17707061767578
original u-statistic:-0.039691925048828125
p value proxy: 0.6544850468635559
result: False
power_upto_now: 0.09090909361839294
34th run
noise dimension : 8
noise variance: 99.54930114746094
original u-statistic:0.07456469535827637
p value proxy: 0.1860465109348297
result: False
power_upto_now: 0.0882352963089943
35th run
noise dimension : 8
noise variance: 100.15924835205078
original u-statistic:0.01860499382019043
p value proxy: 0.35548171401023865
result: False
power_upto_now: 0.08571428805589676
36th run
noise dimension : 8
noise variance: 100.33406829833984
original u-statistic:-0.0332486629486084
p value proxy: 0.594684362411499
result: False
power_upto_now: 0.0833333358168602
37th run
noise dimension : 8
noise variance: 100.13150787353516
original u-statistic:0.024567365646362305
p value proxy: 0.2790697515010834
result: False
power_upto_now: 0.0810810774564743
38th run
noise dimension : 8
noise variance: 100.73277282714844
original u-statistic:-0.060442209243774414
p value proxy: 0.764119565486908
result: False
power_upto_now: 0.07894736528396606
39th run
noise dimension : 8
noise variance: 99.47201538085938
original u-statistic:0.03373575210571289
p value proxy: 0.35548171401023865
result: False
power_upto_now: 0.07692307978868484
40th run
noise dimension : 8
noise variance: 100.65071105957031
original u-statistic:-0.09105753898620605
p value proxy: 0.8970099687576294
result: False
power_upto_now: 0.07500000298023224
41th run
noise dimension : 8
noise variance: 99.80397033691406
original u-statistic:0.23454022407531738
p value proxy: 0.013289036229252815
result: True
power_upto_now: 0.09756097197532654
42th run
noise dimension : 8
noise variance: 99.9083251953125
original u-statistic:-0.0465235710144043
p value proxy: 0.6976743936538696
result: False
power_upto_now: 0.095238097012043
43th run
noise dimension : 8
noise variance: 100.33154296875
original u-statistic:-0.07870364189147949
p value proxy: 0.8405315279960632
result: False
power_upto_now: 0.09302325546741486
44th run
noise dimension : 8
noise variance: 101.63188934326172
original u-statistic:-0.04875612258911133
p value proxy: 0.7275747060775757
result: False
power_upto_now: 0.09090909361839294
45th run
noise dimension : 8
noise variance: 99.71964263916016
original u-statistic:0.007001399993896484
p value proxy: 0.39867109060287476
result: False
power_upto_now: 0.08888889104127884
46th run
noise dimension : 8
noise variance: 98.50553131103516
original u-statistic:0.10149288177490234
p value proxy: 0.07973422110080719
result: False
power_upto_now: 0.08695652335882187
47th run
noise dimension : 8
noise variance: 100.90080261230469
original u-statistic:-0.08912777900695801
p value proxy: 0.9003322124481201
result: False
power_upto_now: 0.08510638028383255
48th run
noise dimension : 8
noise variance: 100.865478515625
original u-statistic:-0.049599647521972656
p value proxy: 0.674418568611145
result: False
power_upto_now: 0.0833333358168602
49th run
noise dimension : 8
noise variance: 99.5137939453125
original u-statistic:-0.023998260498046875
p value proxy: 0.5847175717353821
result: False
power_upto_now: 0.08163265138864517
50th run
noise dimension : 8
noise variance: 98.77857971191406
original u-statistic:0.024531841278076172
p value proxy: 0.35548171401023865
result: False
power_upto_now: 0.07999999821186066
51th run
noise dimension : 8
noise variance: 98.99871063232422
original u-statistic:-0.04798698425292969
p value proxy: 0.6877076029777527
result: False
power_upto_now: 0.0784313753247261
52th run
noise dimension : 8
noise variance: 99.69823455810547
original u-statistic:-0.08167433738708496
p value proxy: 0.8637873530387878
result: False
power_upto_now: 0.07692307978868484
53th run
noise dimension : 8
noise variance: 100.0749740600586
original u-statistic:-0.00022268295288085938
p value proxy: 0.3920265734195709
result: False
power_upto_now: 0.07547169923782349
54th run
noise dimension : 8
noise variance: 99.00333404541016
original u-statistic:-0.03939247131347656
p value proxy: 0.6710963249206543
result: False
power_upto_now: 0.07407407462596893
55th run
noise dimension : 8
noise variance: 100.26081848144531
original u-statistic:0.11917829513549805
p value proxy: 0.10631228983402252
result: False
power_upto_now: 0.072727270424366
56th run
noise dimension : 8
noise variance: 100.29718017578125
original u-statistic:0.047792911529541016
p value proxy: 0.2458471655845642
result: False
power_upto_now: 0.0714285746216774
57th run
noise dimension : 8
noise variance: 99.68363189697266
original u-statistic:0.022500991821289062
p value proxy: 0.35880398750305176
result: False
power_upto_now: 0.07017543911933899
58th run
noise dimension : 8
noise variance: 100.21749114990234
original u-statistic:0.004766225814819336
p value proxy: 0.3621262311935425
result: False
power_upto_now: 0.06896551698446274
59th run
noise dimension : 8
noise variance: 99.90565490722656
original u-statistic:-0.030338048934936523
p value proxy: 0.5780730843544006
result: False
power_upto_now: 0.06779661029577255
60th run
noise dimension : 8
noise variance: 99.20878601074219
original u-statistic:-0.08959341049194336
p value proxy: 0.8737541437149048
result: False
power_upto_now: 0.06666667014360428
61th run
noise dimension : 8
noise variance: 99.23457336425781
original u-statistic:0.020819664001464844
p value proxy: 0.3687707483768463
result: False
power_upto_now: 0.06557376682758331
62th run
noise dimension : 8
noise variance: 100.0105972290039
original u-statistic:0.055013418197631836
p value proxy: 0.22923587262630463
result: False
power_upto_now: 0.06451612710952759
63th run
noise dimension : 8
noise variance: 99.99617767333984
original u-statistic:-0.019301652908325195
p value proxy: 0.47508305311203003
result: False
power_upto_now: 0.0634920671582222
64th run
noise dimension : 8
noise variance: 100.06970977783203
original u-statistic:0.10190224647521973
p value proxy: 0.1029900312423706
result: False
power_upto_now: 0.0625
65th run
noise dimension : 8
noise variance: 99.89344787597656
original u-statistic:-0.047058701515197754
p value proxy: 0.7009966373443604
result: False
power_upto_now: 0.0615384615957737
66th run
noise dimension : 8
noise variance: 100.1817626953125
original u-statistic:-0.06880927085876465
p value proxy: 0.7906976342201233
result: False
power_upto_now: 0.06060606241226196
67th run
noise dimension : 8
noise variance: 100.20331573486328
original u-statistic:-0.08414149284362793
p value proxy: 0.8704319000244141
result: False
power_upto_now: 0.05970149114727974
68th run
noise dimension : 8
noise variance: 100.19612884521484
original u-statistic:-0.0647745132446289
p value proxy: 0.7707641124725342
result: False
power_upto_now: 0.05882352963089943
69th run
noise dimension : 8
noise variance: 99.57708740234375
original u-statistic:-0.1227729320526123
p value proxy: 0.9800664186477661
result: False
power_upto_now: 0.05797101557254791
70th run
noise dimension : 8
noise variance: 99.47364807128906
original u-statistic:0.08292484283447266
p value proxy: 0.15614616870880127
result: False
power_upto_now: 0.05714285746216774
71th run
noise dimension : 8
noise variance: 99.54475402832031
original u-statistic:-0.036101341247558594
p value proxy: 0.6611295342445374
result: False
power_upto_now: 0.056338027119636536
72th run
noise dimension : 8
noise variance: 99.1340103149414
original u-statistic:-0.04430389404296875
p value proxy: 0.6710963249206543
result: False
power_upto_now: 0.0555555559694767
73th run
noise dimension : 8
noise variance: 100.17070770263672
original u-statistic:0.09006595611572266
p value proxy: 0.15614616870880127
result: False
power_upto_now: 0.054794520139694214
74th run
noise dimension : 8
noise variance: 99.50115203857422
original u-statistic:0.0717921257019043
p value proxy: 0.14950165152549744
result: False
power_upto_now: 0.054054055362939835
75th run
noise dimension : 8
noise variance: 99.68608856201172
original u-statistic:-0.048467159271240234
p value proxy: 0.7009966373443604
result: False
power_upto_now: 0.0533333346247673
76th run
noise dimension : 8
noise variance: 100.49351501464844
original u-statistic:-0.08120989799499512
p value proxy: 0.8704319000244141
result: False
power_upto_now: 0.05263157933950424
77th run
noise dimension : 8
noise variance: 99.778076171875
original u-statistic:0.19385933876037598
p value proxy: 0.019933555275201797
result: True
power_upto_now: 0.06493506580591202
78th run
noise dimension : 8
noise variance: 100.80107116699219
original u-statistic:-0.012382268905639648
p value proxy: 0.4916943311691284
result: False
power_upto_now: 0.06410256773233414
79th run
noise dimension : 8
noise variance: 99.59099578857422
original u-statistic:-0.005765438079833984
p value proxy: 0.45847174525260925
result: False
power_upto_now: 0.06329113990068436
80th run
noise dimension : 8
noise variance: 100.0035171508789
original u-statistic:-0.09921669960021973
p value proxy: 0.9435215592384338
result: False
power_upto_now: 0.0625
81th run
noise dimension : 8
noise variance: 100.59375762939453
original u-statistic:-0.07905268669128418
p value proxy: 0.8770763874053955
result: False
power_upto_now: 0.06172839552164078
82th run
noise dimension : 8
noise variance: 99.29168701171875
original u-statistic:0.05406498908996582
p value proxy: 0.21262457966804504
result: False
power_upto_now: 0.060975611209869385
83th run
noise dimension : 8
noise variance: 100.61038208007812
original u-statistic:0.06338262557983398
p value proxy: 0.17275747656822205
result: False
power_upto_now: 0.0602409653365612
84th run
noise dimension : 8
noise variance: 100.54903411865234
original u-statistic:0.02780914306640625
p value proxy: 0.2990033030509949
result: False
power_upto_now: 0.0595238097012043
85th run
noise dimension : 8
noise variance: 99.32005310058594
original u-statistic:0.05545926094055176
p value proxy: 0.23255813121795654
result: False
power_upto_now: 0.05882352963089943
86th run
noise dimension : 8
noise variance: 99.57735443115234
original u-statistic:0.02138686180114746
p value proxy: 0.3488371968269348
result: False
power_upto_now: 0.058139536529779434
87th run
noise dimension : 8
noise variance: 100.11294555664062
original u-statistic:-0.02103590965270996
p value proxy: 0.5083056092262268
result: False
power_upto_now: 0.05747126415371895
88th run
noise dimension : 8
noise variance: 101.31642150878906
original u-statistic:-0.09252810478210449
p value proxy: 0.9302325248718262
result: False
power_upto_now: 0.05681818351149559
89th run
noise dimension : 8
noise variance: 100.10890197753906
original u-statistic:-0.02170252799987793
p value proxy: 0.4916943311691284
result: False
power_upto_now: 0.056179776787757874
90th run
noise dimension : 8
noise variance: 100.33702850341797
original u-statistic:0.015982866287231445
p value proxy: 0.342192679643631
result: False
power_upto_now: 0.0555555559694767
91th run
noise dimension : 8
noise variance: 100.09562683105469
original u-statistic:0.035655975341796875
p value proxy: 0.29568105936050415
result: False
power_upto_now: 0.05494505539536476
92th run
noise dimension : 8
noise variance: 100.45101165771484
original u-statistic:-0.0600893497467041
p value proxy: 0.7176079750061035
result: False
power_upto_now: 0.054347824305295944
93th run
noise dimension : 8
noise variance: 99.39469146728516
original u-statistic:-0.14881157875061035
p value proxy: 1.0
result: False
power_upto_now: 0.05376344174146652
94th run
noise dimension : 8
noise variance: 99.4449462890625
original u-statistic:-0.03362011909484863
p value proxy: 0.6411960124969482
result: False
power_upto_now: 0.05319149047136307
95th run
noise dimension : 8
noise variance: 99.18014526367188
original u-statistic:0.0037469863891601562
p value proxy: 0.3920265734195709
result: False
power_upto_now: 0.05263157933950424
96th run
noise dimension : 8
noise variance: 99.56069946289062
original u-statistic:0.043949127197265625
p value proxy: 0.2425249069929123
result: False
power_upto_now: 0.0520833320915699
97th run
noise dimension : 8
noise variance: 100.24755859375
original u-statistic:0.01253366470336914
p value proxy: 0.39534881711006165
result: False
power_upto_now: 0.05154639109969139
98th run
noise dimension : 8
noise variance: 100.66829681396484
original u-statistic:0.027521371841430664
p value proxy: 0.31229233741760254
result: False
power_upto_now: 0.051020409911870956
99th run
noise dimension : 8
noise variance: 100.27908325195312
original u-statistic:0.040563344955444336
p value proxy: 0.25581395626068115
result: False
power_upto_now: 0.05050504952669144
100th run
noise dimension : 8
noise variance: 100.11958312988281
original u-statistic:-0.03341937065124512
p value proxy: 0.634551465511322
result: False
power_upto_now: 0.05000000074505806
101th run
noise dimension : 8
noise variance: 100.91267395019531
original u-statistic:-0.12522482872009277
p value proxy: 0.9833886623382568
result: False
power_upto_now: 0.049504950642585754
102th run
noise dimension : 8
noise variance: 99.7984390258789
original u-statistic:0.002240419387817383
p value proxy: 0.3920265734195709
result: False
power_upto_now: 0.04901960864663124
103th run
noise dimension : 8
noise variance: 100.2010726928711
original u-statistic:-0.0550227165222168
p value proxy: 0.7308970093727112
result: False
power_upto_now: 0.04854368790984154
104th run
noise dimension : 8
noise variance: 100.13905334472656
original u-statistic:-0.013470172882080078
p value proxy: 0.4651162624359131
result: False
power_upto_now: 0.048076923936605453
105th run
noise dimension : 8
noise variance: 99.29964447021484
original u-statistic:-0.0513918399810791
p value proxy: 0.7275747060775757
result: False
power_upto_now: 0.0476190485060215
106th run
noise dimension : 8
noise variance: 100.04347229003906
original u-statistic:-0.10776233673095703
p value proxy: 0.9767441749572754
result: False
power_upto_now: 0.04716981202363968
107th run
noise dimension : 8
noise variance: 99.49349975585938
original u-statistic:-0.048699140548706055
p value proxy: 0.6777408719062805
result: False
power_upto_now: 0.04672897234559059
108th run
noise dimension : 8
noise variance: 99.12338256835938
original u-statistic:-0.014117956161499023
p value proxy: 0.5016611218452454
result: False
power_upto_now: 0.046296294778585434
109th run
noise dimension : 8
noise variance: 101.03047943115234
original u-statistic:-0.04024314880371094
p value proxy: 0.5980066061019897
result: False
power_upto_now: 0.0458715595304966
110th run
noise dimension : 8
noise variance: 100.4370346069336
original u-statistic:-0.032182931900024414
p value proxy: 0.5880398750305176
result: False
power_upto_now: 0.04545454680919647
111th run
noise dimension : 8
noise variance: 99.9376220703125
original u-statistic:0.03264117240905762
p value proxy: 0.2857142686843872
result: False
power_upto_now: 0.045045044273138046
112th run
noise dimension : 8
noise variance: 100.83712768554688
original u-statistic:0.14765405654907227
p value proxy: 0.04651162773370743
result: True
power_upto_now: 0.0535714291036129
113th run
noise dimension : 8
noise variance: 100.03882598876953
original u-statistic:0.031493425369262695
p value proxy: 0.31561461091041565
result: False
power_upto_now: 0.05309734493494034
114th run
noise dimension : 8
noise variance: 101.20062255859375
original u-statistic:-0.00975346565246582
p value proxy: 0.514950156211853
result: False
power_upto_now: 0.05263157933950424
115th run
noise dimension : 8
noise variance: 100.15035247802734
original u-statistic:-0.056746482849121094
p value proxy: 0.7209302186965942
result: False
power_upto_now: 0.052173912525177
116th run
noise dimension : 8
noise variance: 100.59095001220703
original u-statistic:0.06694293022155762
p value proxy: 0.19601328670978546
result: False
power_upto_now: 0.0517241396009922
117th run
noise dimension : 8
noise variance: 99.85099792480469
original u-statistic:-0.05223393440246582
p value proxy: 0.7607973217964172
result: False
power_upto_now: 0.05128205195069313
118th run
noise dimension : 8
noise variance: 99.67959594726562
original u-statistic:-0.009067773818969727
p value proxy: 0.5049833655357361
result: False
power_upto_now: 0.050847455859184265
119th run
noise dimension : 8
noise variance: 100.4671859741211
original u-statistic:0.034165382385253906
p value proxy: 0.302325576543808
result: False
power_upto_now: 0.05042016878724098
120th run
noise dimension : 8
noise variance: 99.80630493164062
original u-statistic:-0.05486416816711426
p value proxy: 0.7607973217964172
result: False
power_upto_now: 0.05000000074505806
121th run
noise dimension : 8
noise variance: 99.69083404541016
original u-statistic:0.026818275451660156
p value proxy: 0.2790697515010834
result: False
power_upto_now: 0.04958677664399147
122th run
noise dimension : 8
noise variance: 99.72113037109375
original u-statistic:-0.11189794540405273
p value proxy: 0.9700996279716492
result: False
power_upto_now: 0.04918032884597778
123th run
noise dimension : 8
noise variance: 100.57166290283203
original u-statistic:0.08591651916503906
p value proxy: 0.15282391011714935
result: False
power_upto_now: 0.04878048598766327
124th run
noise dimension : 8
noise variance: 100.83985900878906
original u-statistic:-0.1114804744720459
p value proxy: 0.9568105936050415
result: False
power_upto_now: 0.04838709533214569
125th run
noise dimension : 8
noise variance: 99.69377899169922
original u-statistic:-0.07422971725463867
p value proxy: 0.8504983186721802
result: False
power_upto_now: 0.04800000041723251
126th run
noise dimension : 8
noise variance: 100.13629150390625
original u-statistic:-0.021132469177246094
p value proxy: 0.5780730843544006
result: False
power_upto_now: 0.0476190485060215
127th run
noise dimension : 8
noise variance: 99.68445587158203
original u-statistic:-0.07207918167114258
p value proxy: 0.7940199375152588
result: False
power_upto_now: 0.04724409431219101
128th run
noise dimension : 8
noise variance: 100.11254119873047
original u-statistic:0.09787368774414062
p value proxy: 0.11960132420063019
result: False
power_upto_now: 0.046875
129th run
noise dimension : 8
noise variance: 99.22870635986328
original u-statistic:-0.03840136528015137
p value proxy: 0.6611295342445374
result: False
power_upto_now: 0.04651162773370743
130th run
noise dimension : 8
noise variance: 99.91382598876953
original u-statistic:0.03618907928466797
p value proxy: 0.2657807171344757
result: False
power_upto_now: 0.04615384712815285
131th run
noise dimension : 8
noise variance: 99.42698669433594
original u-statistic:-0.025791645050048828
p value proxy: 0.5813953280448914
result: False
power_upto_now: 0.04580152779817581
132th run
noise dimension : 8
noise variance: 100.27696228027344
original u-statistic:0.17288494110107422
p value proxy: 0.029900331050157547
result: True
power_upto_now: 0.05303030461072922
133th run
noise dimension : 8
noise variance: 100.62095642089844
original u-statistic:0.2671942710876465
p value proxy: 0.009966777637600899
result: True
power_upto_now: 0.060150377452373505
134th run
noise dimension : 8
noise variance: 99.69141387939453
original u-statistic:0.03143739700317383
p value proxy: 0.3056478202342987
result: False
power_upto_now: 0.05970149114727974
135th run
noise dimension : 8
noise variance: 99.97090148925781
original u-statistic:0.17388415336608887
p value proxy: 0.05315614491701126
result: False
power_upto_now: 0.05925925821065903
136th run
noise dimension : 8
noise variance: 99.27073669433594
original u-statistic:-0.04735159873962402
p value proxy: 0.6578072905540466
result: False
power_upto_now: 0.05882352963089943
137th run
noise dimension : 8
noise variance: 100.39189910888672
original u-statistic:-0.11878252029418945
p value proxy: 0.9767441749572754
result: False
power_upto_now: 0.058394160121679306
138th run
noise dimension : 8
noise variance: 101.51514434814453
original u-statistic:-0.05070686340332031
p value proxy: 0.6910299062728882
result: False
power_upto_now: 0.05797101557254791
139th run
noise dimension : 8
noise variance: 99.90404510498047
original u-statistic:0.31911301612854004
p value proxy: 0.006644518114626408
result: True
power_upto_now: 0.06474819779396057
140th run
noise dimension : 8
noise variance: 100.9317398071289
original u-statistic:0.11380934715270996
p value proxy: 0.07308969646692276
result: False
power_upto_now: 0.06428571790456772
141th run
noise dimension : 8
noise variance: 101.38467407226562
original u-statistic:0.05488085746765137
p value proxy: 0.23588038980960846
result: False
power_upto_now: 0.06382978707551956
142th run
noise dimension : 8
noise variance: 99.51581573486328
original u-statistic:0.10631322860717773
p value proxy: 0.12956809997558594
result: False
power_upto_now: 0.06338027864694595
143th run
noise dimension : 8
noise variance: 100.14151763916016
original u-statistic:0.09082674980163574
p value proxy: 0.11627906560897827
result: False
power_upto_now: 0.06293706595897675
144th run
noise dimension : 8
noise variance: 100.60198211669922
original u-statistic:0.045079946517944336
p value proxy: 0.24916942417621613
result: False
power_upto_now: 0.0625
145th run
noise dimension : 8
noise variance: 99.55192565917969
original u-statistic:-0.08386063575744629
p value proxy: 0.8504983186721802
result: False
power_upto_now: 0.062068965286016464
146th run
noise dimension : 8
noise variance: 100.24791717529297
original u-statistic:0.03999018669128418
p value proxy: 0.23588038980960846
result: False
power_upto_now: 0.06164383515715599
147th run
noise dimension : 8
noise variance: 100.46351623535156
original u-statistic:-0.02425670623779297
p value proxy: 0.564784049987793
result: False
power_upto_now: 0.06122449040412903
148th run
noise dimension : 8
noise variance: 99.43983459472656
original u-statistic:-0.009816408157348633
p value proxy: 0.4916943311691284
result: False
power_upto_now: 0.06081081181764603
149th run
noise dimension : 8
noise variance: 99.7787094116211
original u-statistic:-0.07985091209411621
p value proxy: 0.8571428656578064
result: False
power_upto_now: 0.06040268391370773
150th run
noise dimension : 8
noise variance: 100.1698226928711
original u-statistic:-0.0985250473022461
p value proxy: 0.9568105936050415
result: False
power_upto_now: 0.05999999865889549
151th run
noise dimension : 8
noise variance: 99.98287200927734
original u-statistic:0.07619023323059082
p value proxy: 0.17940199375152588
result: False
power_upto_now: 0.05960264801979065
152th run
noise dimension : 8
noise variance: 99.54206085205078
original u-statistic:-0.014356374740600586
p value proxy: 0.52491694688797
result: False
power_upto_now: 0.05921052768826485
153th run
noise dimension : 8
noise variance: 98.76171112060547
original u-statistic:-0.0493016242980957
p value proxy: 0.714285671710968
result: False
power_upto_now: 0.05882352963089943
154th run
noise dimension : 8
noise variance: 99.41522216796875
original u-statistic:0.052600860595703125
p value proxy: 0.23920264840126038
result: False
power_upto_now: 0.05844155699014664
155th run
noise dimension : 8
noise variance: 99.2313461303711
original u-statistic:0.14468932151794434
p value proxy: 0.049833886325359344
result: True
power_upto_now: 0.06451612710952759
156th run
noise dimension : 8
noise variance: 100.32334899902344
original u-statistic:-0.0057811737060546875
p value proxy: 0.47840529680252075
result: False
power_upto_now: 0.06410256773233414
157th run
noise dimension : 8
noise variance: 99.15291595458984
original u-statistic:-0.03143191337585449
p value proxy: 0.594684362411499
result: False
power_upto_now: 0.06369426846504211
158th run
noise dimension : 8
noise variance: 99.2851791381836
original u-statistic:-0.09825825691223145
p value proxy: 0.9069766998291016
result: False
power_upto_now: 0.06329113990068436
159th run
noise dimension : 8
noise variance: 99.4669418334961
original u-statistic:-0.08497214317321777
p value proxy: 0.8903654217720032
result: False
power_upto_now: 0.0628930851817131
160th run
noise dimension : 8
noise variance: 99.83512115478516
original u-statistic:0.025653839111328125
p value proxy: 0.3222591280937195
result: False
power_upto_now: 0.0625
161th run
noise dimension : 8
noise variance: 99.85270690917969
original u-statistic:-0.05710458755493164
p value proxy: 0.7740863561630249
result: False
power_upto_now: 0.06211180239915848
162th run
noise dimension : 8
noise variance: 100.78795623779297
original u-statistic:0.061927080154418945
p value proxy: 0.19269102811813354
result: False
power_upto_now: 0.06172839552164078
163th run
noise dimension : 8
noise variance: 99.294677734375
original u-statistic:0.05101418495178223
p value proxy: 0.2458471655845642
result: False
power_upto_now: 0.061349693685770035
164th run
noise dimension : 8
noise variance: 99.68954467773438
original u-statistic:-0.12957286834716797
p value proxy: 0.9966776967048645
result: False
power_upto_now: 0.060975611209869385
165th run
noise dimension : 8
noise variance: 99.90857696533203
original u-statistic:0.04667353630065918
p value proxy: 0.21926909685134888
result: False
power_upto_now: 0.06060606241226196
166th run
noise dimension : 8
noise variance: 99.96440887451172
original u-statistic:0.027507781982421875
p value proxy: 0.3255814015865326
result: False
power_upto_now: 0.0602409653365612
167th run
noise dimension : 8
noise variance: 100.4271240234375
original u-statistic:0.017495155334472656
p value proxy: 0.3853820562362671
result: False
power_upto_now: 0.05988023802638054
168th run
noise dimension : 8
noise variance: 99.31128692626953
original u-statistic:0.08176946640014648
p value proxy: 0.15946844220161438
result: False
power_upto_now: 0.0595238097012043
169th run
noise dimension : 8
noise variance: 99.95256042480469
original u-statistic:0.025012969970703125
p value proxy: 0.29235878586769104
result: False
power_upto_now: 0.05917159840464592
170th run
noise dimension : 8
noise variance: 98.7641372680664
original u-statistic:0.10225701332092285
p value proxy: 0.11295680701732635
result: False
power_upto_now: 0.05882352963089943
171th run
noise dimension : 8
noise variance: 100.11864471435547
original u-statistic:-0.038059234619140625
p value proxy: 0.604651153087616
result: False
power_upto_now: 0.05847953259944916
172th run
noise dimension : 8
noise variance: 100.37382507324219
original u-statistic:0.1879737377166748
p value proxy: 0.033222589641809464
result: True
power_upto_now: 0.06395348906517029
173th run
noise dimension : 8
noise variance: 99.89859771728516
original u-statistic:-0.07330012321472168
p value proxy: 0.8006644248962402
result: False
power_upto_now: 0.06358381360769272
174th run
noise dimension : 8
noise variance: 100.21488189697266
original u-statistic:0.12210941314697266
p value proxy: 0.07641195505857468
result: False
power_upto_now: 0.06321839243173599
175th run
noise dimension : 8
noise variance: 99.69683837890625
original u-statistic:-0.08558988571166992
p value proxy: 0.9036544561386108
result: False
power_upto_now: 0.06285714358091354
176th run
noise dimension : 8
noise variance: 99.26162719726562
original u-statistic:-0.049895524978637695
p value proxy: 0.6943521499633789
result: False
power_upto_now: 0.0625
177th run
noise dimension : 8
noise variance: 100.28965759277344
original u-statistic:-0.02422308921813965
p value proxy: 0.5681062936782837
result: False
power_upto_now: 0.06214689090847969
178th run
noise dimension : 8
noise variance: 100.97978210449219
original u-statistic:-0.02547931671142578
p value proxy: 0.604651153087616
result: False
power_upto_now: 0.06179775297641754
179th run
noise dimension : 8
noise variance: 100.57868194580078
original u-statistic:0.10017895698547363
p value proxy: 0.05315614491701126
result: False
power_upto_now: 0.06145251542329788
180th run
noise dimension : 8
noise variance: 99.21434783935547
original u-statistic:-0.04799652099609375
p value proxy: 0.6976743936538696
result: False
power_upto_now: 0.06111111119389534
181th run
noise dimension : 8
noise variance: 100.7491455078125
original u-statistic:-0.010388851165771484
p value proxy: 0.45514950156211853
result: False
power_upto_now: 0.06077348068356514
182th run
noise dimension : 8
noise variance: 100.02477264404297
original u-statistic:-0.09551429748535156
p value proxy: 0.8737541437149048
result: False
power_upto_now: 0.06043956056237221
183th run
noise dimension : 8
noise variance: 99.67247772216797
original u-statistic:-0.030600786209106445
p value proxy: 0.5747508406639099
result: False
power_upto_now: 0.06010929122567177
184th run
noise dimension : 8
noise variance: 98.80894470214844
original u-statistic:-0.06550908088684082
p value proxy: 0.7574750781059265
result: False
power_upto_now: 0.05978260934352875
185th run
noise dimension : 8
noise variance: 99.48344421386719
original u-statistic:0.005243539810180664
p value proxy: 0.39534881711006165
result: False
power_upto_now: 0.05945945903658867
186th run
noise dimension : 8
noise variance: 100.23526763916016
original u-statistic:0.011455535888671875
p value proxy: 0.4019933342933655
result: False
power_upto_now: 0.059139784425497055
187th run
noise dimension : 8
noise variance: 100.83118438720703
original u-statistic:-0.05131649971008301
p value proxy: 0.7043189406394958
result: False
power_upto_now: 0.05882352963089943
188th run
noise dimension : 8
noise variance: 100.215087890625
original u-statistic:0.09975147247314453
p value proxy: 0.10631228983402252
result: False
power_upto_now: 0.058510638773441315
189th run
noise dimension : 8
noise variance: 100.58610534667969
original u-statistic:0.21240568161010742
p value proxy: 0.03654484823346138
result: True
power_upto_now: 0.0634920671582222
190th run
noise dimension : 8
noise variance: 99.84591674804688
original u-statistic:-0.009976625442504883
p value proxy: 0.4451827108860016
result: False
power_upto_now: 0.06315789371728897
191th run
noise dimension : 8
noise variance: 99.36519622802734
original u-statistic:0.056470632553100586
p value proxy: 0.2225913554430008
result: False
power_upto_now: 0.0628272220492363
192th run
noise dimension : 8
noise variance: 99.43189239501953
original u-statistic:0.025285005569458008
p value proxy: 0.3521594703197479
result: False
power_upto_now: 0.0625
193th run
noise dimension : 8
noise variance: 100.45157623291016
original u-statistic:-0.017844200134277344
p value proxy: 0.4916943311691284
result: False
power_upto_now: 0.062176164239645004
194th run
noise dimension : 8
noise variance: 99.497314453125
original u-statistic:0.1866014003753662
p value proxy: 0.02657807245850563
result: True
power_upto_now: 0.0670103058218956
195th run
noise dimension : 8
noise variance: 99.7763442993164
original u-statistic:-0.00493621826171875
p value proxy: 0.4717607796192169
result: False
power_upto_now: 0.06666667014360428
196th run
noise dimension : 8
noise variance: 100.32610321044922
original u-statistic:-0.07940292358398438
p value proxy: 0.8405315279960632
result: False
power_upto_now: 0.06632652878761292
197th run
noise dimension : 8
noise variance: 100.13876342773438
original u-statistic:-0.014600276947021484
p value proxy: 0.49833884835243225
result: False
power_upto_now: 0.06598984450101852
198th run
noise dimension : 8
noise variance: 100.56491088867188
original u-statistic:0.0054700374603271484
p value proxy: 0.41860464215278625
result: False
power_upto_now: 0.06565656512975693
199th run
noise dimension : 8
noise variance: 100.35101318359375
original u-statistic:-0.03867459297180176
p value proxy: 0.6611295342445374
result: False
power_upto_now: 0.06532663106918335
200th run
noise dimension : 8
noise variance: 100.12544250488281
original u-statistic:0.05106019973754883
p value proxy: 0.1860465109348297
result: False
power_upto_now: 0.06499999761581421
201th run
noise dimension : 8
noise variance: 99.92646026611328
original u-statistic:-0.04243898391723633
p value proxy: 0.6611295342445374
result: False
power_upto_now: 0.06467662006616592
202th run
noise dimension : 8
noise variance: 100.19419860839844
original u-statistic:0.06076788902282715
p value proxy: 0.19269102811813354
result: False
power_upto_now: 0.06435643881559372
203th run
noise dimension : 8
noise variance: 100.79377746582031
original u-statistic:-0.07962703704833984
p value proxy: 0.843853771686554
result: False
power_upto_now: 0.06403940916061401
204th run
noise dimension : 8
noise variance: 99.77983856201172
original u-statistic:-0.06704211235046387
p value proxy: 0.8239202499389648
result: False
power_upto_now: 0.06372549384832382
205th run
noise dimension : 8
noise variance: 100.06712341308594
original u-statistic:-0.09246468544006348
p value proxy: 0.8936876654624939
result: False
power_upto_now: 0.06341463327407837
206th run
noise dimension : 8
noise variance: 99.69358825683594
original u-statistic:-0.01466822624206543
p value proxy: 0.4883720874786377
result: False
power_upto_now: 0.06310679763555527
207th run
noise dimension : 8
noise variance: 100.79093933105469
original u-statistic:-0.06447505950927734
p value proxy: 0.7574750781059265
result: False
power_upto_now: 0.06280193477869034
208th run
noise dimension : 8
noise variance: 99.23098754882812
original u-statistic:0.10429096221923828
p value proxy: 0.13289035856723785
result: False
power_upto_now: 0.0625
209th run
noise dimension : 8
noise variance: 100.8060302734375
original u-statistic:0.004839658737182617
p value proxy: 0.37873753905296326
result: False
power_upto_now: 0.06220095604658127
210th run
noise dimension : 8
noise variance: 101.49788665771484
original u-statistic:0.12271809577941895
p value proxy: 0.08637873828411102
result: False
power_upto_now: 0.06190476194024086
211th run
noise dimension : 8
noise variance: 99.49633026123047
original u-statistic:-0.020756959915161133
p value proxy: 0.52491694688797
result: False
power_upto_now: 0.061611372977495193
212th run
noise dimension : 8
noise variance: 99.66160583496094
original u-statistic:-0.05019497871398926
p value proxy: 0.6710963249206543
result: False
power_upto_now: 0.06132075563073158
213th run
noise dimension : 8
noise variance: 100.84368896484375
original u-statistic:-0.10823535919189453
p value proxy: 0.960132896900177
result: False
power_upto_now: 0.061032865196466446
214th run
noise dimension : 8
noise variance: 100.21398162841797
original u-statistic:-0.09151840209960938
p value proxy: 0.8936876654624939
result: False
power_upto_now: 0.0607476644217968
215th run
noise dimension : 8
noise variance: 100.82655334472656
original u-statistic:-0.05554914474487305
p value proxy: 0.7441860437393188
result: False
power_upto_now: 0.060465116053819656
216th run
noise dimension : 8
noise variance: 100.3936767578125
original u-statistic:-0.07253813743591309
p value proxy: 0.8372092843055725
result: False
power_upto_now: 0.06018518656492233
217th run
noise dimension : 8
noise variance: 100.5730972290039
original u-statistic:0.04733729362487793
p value proxy: 0.23588038980960846
result: False
power_upto_now: 0.059907834976911545
218th run
noise dimension : 8
noise variance: 99.94454956054688
original u-statistic:-0.003057718276977539
p value proxy: 0.5116279125213623
result: False
power_upto_now: 0.059633027762174606
219th run
noise dimension : 8
noise variance: 99.67414855957031
original u-statistic:0.0356292724609375
p value proxy: 0.2657807171344757
result: False
power_upto_now: 0.05936073139309883
220th run
noise dimension : 8
noise variance: 100.2431869506836
original u-statistic:-0.13137364387512207
p value proxy: 1.0
result: False
power_upto_now: 0.059090908616781235
221th run
noise dimension : 8
noise variance: 100.271240234375
original u-statistic:-0.005007505416870117
p value proxy: 0.48172757029533386
result: False
power_upto_now: 0.05882352963089943
222th run
noise dimension : 8
noise variance: 100.66820526123047
original u-statistic:0.14625144004821777
p value proxy: 0.05315614491701126
result: False
power_upto_now: 0.05855855718255043
223th run
noise dimension : 8
noise variance: 100.11141204833984
original u-statistic:-0.09936261177062988
p value proxy: 0.9401993155479431
result: False
power_upto_now: 0.05829596519470215
224th run
noise dimension : 8
noise variance: 100.01980590820312
original u-statistic:0.013642311096191406
p value proxy: 0.3887042999267578
result: False
power_upto_now: 0.0580357126891613
225th run
noise dimension : 8
noise variance: 99.3157730102539
original u-statistic:0.03437399864196777
p value proxy: 0.31561461091041565
result: False
power_upto_now: 0.057777777314186096
226th run
noise dimension : 8
noise variance: 99.5997314453125
original u-statistic:0.021370649337768555
p value proxy: 0.3488371968269348
result: False
power_upto_now: 0.05752212554216385
227th run
noise dimension : 8
noise variance: 100.0633544921875
original u-statistic:-0.0468449592590332
p value proxy: 0.6677740812301636
result: False
power_upto_now: 0.05726872384548187
228th run
noise dimension : 8
noise variance: 99.48451232910156
original u-statistic:-0.10590958595275879
p value proxy: 0.9534883499145508
result: False
power_upto_now: 0.05701754242181778
229th run
noise dimension : 8
noise variance: 99.27996063232422
original u-statistic:-0.0007956027984619141
p value proxy: 0.43521595001220703
result: False
power_upto_now: 0.05676855891942978
230th run
noise dimension : 8
noise variance: 99.38321685791016
original u-statistic:-0.07132720947265625
p value proxy: 0.8106312155723572
result: False
power_upto_now: 0.056521739810705185
231th run
noise dimension : 8
noise variance: 99.60855865478516
original u-statistic:0.11179709434509277
p value proxy: 0.0830564796924591
result: False
power_upto_now: 0.05627705529332161
232th run
noise dimension : 8
noise variance: 100.26775360107422
original u-statistic:-0.02572321891784668
p value proxy: 0.5215946435928345
result: False
power_upto_now: 0.05603448301553726
233th run
noise dimension : 8
noise variance: 99.14813232421875
original u-statistic:-0.03143954277038574
p value proxy: 0.6378737688064575
result: False
power_upto_now: 0.055793993175029755
234th run
noise dimension : 8
noise variance: 99.80044555664062
original u-statistic:-0.001847982406616211
p value proxy: 0.49833884835243225
result: False
power_upto_now: 0.0555555559694767
235th run
noise dimension : 8
noise variance: 99.5656509399414
original u-statistic:-0.1331169605255127
p value proxy: 1.0
result: False
power_upto_now: 0.05531914904713631
236th run
noise dimension : 8
noise variance: 100.14295196533203
original u-statistic:0.00030541419982910156
p value proxy: 0.39867109060287476
result: False
power_upto_now: 0.055084746330976486
237th run
noise dimension : 8
noise variance: 99.61421203613281
original u-statistic:0.1742231845855713
p value proxy: 0.04318936914205551
result: True
power_upto_now: 0.05907173082232475
238th run
noise dimension : 8
noise variance: 99.90076446533203
original u-statistic:-0.01008462905883789
p value proxy: 0.5415282249450684
result: False
power_upto_now: 0.05882352963089943
239th run
noise dimension : 8
noise variance: 100.29276275634766
original u-statistic:-0.03809714317321777
p value proxy: 0.6079733967781067
result: False
power_upto_now: 0.05857740715146065
240th run
noise dimension : 8
noise variance: 101.43275451660156
original u-statistic:-0.059396982192993164
p value proxy: 0.7475082874298096
result: False
power_upto_now: 0.05833333358168602
241th run
noise dimension : 8
noise variance: 99.96955871582031
original u-statistic:0.02265644073486328
p value proxy: 0.3255814015865326
result: False
power_upto_now: 0.058091286569833755
242th run
noise dimension : 8
noise variance: 100.3594741821289
original u-statistic:-0.0740816593170166
p value proxy: 0.8405315279960632
result: False
power_upto_now: 0.057851240038871765
243th run
noise dimension : 8
noise variance: 100.43797302246094
original u-statistic:0.10851097106933594
p value proxy: 0.0830564796924591
result: False
power_upto_now: 0.05761316791176796
244th run
noise dimension : 8
noise variance: 100.02984619140625
original u-statistic:-0.04894256591796875
p value proxy: 0.6877076029777527
result: False
power_upto_now: 0.05737704783678055
245th run
noise dimension : 8
noise variance: 98.8371353149414
original u-statistic:0.07068490982055664
p value proxy: 0.15282391011714935
result: False
power_upto_now: 0.05714285746216774
246th run
noise dimension : 8
noise variance: 99.44815826416016
original u-statistic:-0.0855112075805664
p value proxy: 0.9036544561386108
result: False
power_upto_now: 0.056910570710897446
247th run
noise dimension : 8
noise variance: 100.31468963623047
original u-statistic:0.03800845146179199
p value proxy: 0.2790697515010834
result: False
power_upto_now: 0.056680161505937576
248th run
noise dimension : 8
noise variance: 100.23667907714844
original u-statistic:0.235398530960083
p value proxy: 0.016611294820904732
result: True
power_upto_now: 0.060483869165182114
249th run
noise dimension : 8
noise variance: 99.48064422607422
original u-statistic:0.16876769065856934
p value proxy: 0.04651162773370743
result: True
power_upto_now: 0.06425702571868896
250th run
noise dimension : 8
noise variance: 100.15945434570312
original u-statistic:0.06388235092163086
p value proxy: 0.18936876952648163
result: False
power_upto_now: 0.06400000303983688
251th run
noise dimension : 8
noise variance: 100.73687744140625
original u-statistic:-0.04865431785583496
p value proxy: 0.6544850468635559
result: False
power_upto_now: 0.06374502182006836
252th run
noise dimension : 8
noise variance: 99.37786865234375
original u-statistic:-0.014217138290405273
p value proxy: 0.421926885843277
result: False
power_upto_now: 0.0634920671582222
253th run
noise dimension : 8
noise variance: 101.68275451660156
original u-statistic:-0.0350031852722168
p value proxy: 0.564784049987793
result: False
power_upto_now: 0.06324110925197601
254th run
noise dimension : 8
noise variance: 99.720703125
original u-statistic:-0.025160789489746094
p value proxy: 0.5847175717353821
result: False
power_upto_now: 0.06299212574958801
255th run
noise dimension : 8
noise variance: 99.78752899169922
original u-statistic:0.12578558921813965
p value proxy: 0.06976743787527084
result: False
power_upto_now: 0.062745101749897
256th run
noise dimension : 8
noise variance: 100.38081359863281
original u-statistic:0.12230682373046875
p value proxy: 0.07973422110080719
result: False
power_upto_now: 0.0625
257th run
noise dimension : 8
noise variance: 98.81790924072266
original u-statistic:-0.08529257774353027
p value proxy: 0.9202657341957092
result: False
power_upto_now: 0.06225680932402611
258th run
noise dimension : 8
noise variance: 100.38046264648438
original u-statistic:-0.009437322616577148
p value proxy: 0.514950156211853
result: False
power_upto_now: 0.06201550364494324
259th run
noise dimension : 8
noise variance: 100.66226959228516
original u-statistic:0.03755974769592285
p value proxy: 0.2591361999511719
result: False
power_upto_now: 0.0617760606110096
260th run
noise dimension : 8
noise variance: 99.45762634277344
original u-statistic:-0.022092819213867188
p value proxy: 0.5448504686355591
result: False
power_upto_now: 0.0615384615957737
261th run
noise dimension : 8
noise variance: 99.6507797241211
original u-statistic:0.13051319122314453
p value proxy: 0.07973422110080719
result: False
power_upto_now: 0.061302680522203445
262th run
noise dimension : 8
noise variance: 99.96778106689453
original u-statistic:0.061846256256103516
p value proxy: 0.18936876952648163
result: False
power_upto_now: 0.06106870248913765
263th run
noise dimension : 8
noise variance: 98.75424194335938
original u-statistic:-0.12350153923034668
p value proxy: 0.9867109656333923
result: False
power_upto_now: 0.06083650141954422
264th run
noise dimension : 8
noise variance: 99.38287353515625
original u-statistic:-0.07379341125488281
p value proxy: 0.843853771686554
result: False
power_upto_now: 0.06060606241226196
265th run
noise dimension : 8
noise variance: 100.17627716064453
original u-statistic:0.02830362319946289
p value proxy: 0.35548171401023865
result: False
power_upto_now: 0.06037735939025879
266th run
noise dimension : 8
noise variance: 100.5523681640625
original u-statistic:-0.05065155029296875
p value proxy: 0.684385359287262
result: False
power_upto_now: 0.060150377452373505
267th run
noise dimension : 8
noise variance: 100.43770599365234
original u-statistic:0.16868352890014648
p value proxy: 0.02657807245850563
result: True
power_upto_now: 0.06367041170597076
268th run
noise dimension : 8
noise variance: 100.62753295898438
original u-statistic:-0.12280654907226562
p value proxy: 0.9800664186477661
result: False
power_upto_now: 0.06343283504247665
269th run
noise dimension : 8
noise variance: 101.4557876586914
original u-statistic:-0.06211686134338379
p value proxy: 0.7375414967536926
result: False
power_upto_now: 0.06319702416658401
270th run
noise dimension : 8
noise variance: 101.12788391113281
original u-statistic:0.0439753532409668
p value proxy: 0.25581395626068115
result: False
power_upto_now: 0.06296296417713165
271th run
noise dimension : 8
noise variance: 99.79190826416016
original u-statistic:-0.05257892608642578
p value proxy: 0.7441860437393188
result: False
power_upto_now: 0.06273062527179718
272th run
noise dimension : 8
noise variance: 100.53575134277344
original u-statistic:-0.09067273139953613
p value proxy: 0.9368770718574524
result: False
power_upto_now: 0.0625
273th run
noise dimension : 8
noise variance: 100.22676849365234
original u-statistic:-0.06375479698181152
p value proxy: 0.7707641124725342
result: False
power_upto_now: 0.06227106228470802
274th run
noise dimension : 8
noise variance: 100.48722076416016
original u-statistic:-0.061017513275146484
p value proxy: 0.7707641124725342
result: False
power_upto_now: 0.062043797224760056
275th run
noise dimension : 8
noise variance: 100.52074432373047
original u-statistic:-0.09091520309448242
p value proxy: 0.8737541437149048
result: False
power_upto_now: 0.06181818246841431
276th run
noise dimension : 8
noise variance: 99.9365005493164
original u-statistic:-0.07951045036315918
p value proxy: 0.8372092843055725
result: False
power_upto_now: 0.06159420311450958
277th run
noise dimension : 8
noise variance: 99.60135650634766
original u-statistic:0.0025634765625
p value proxy: 0.382059782743454
result: False
power_upto_now: 0.06137184053659439
278th run
noise dimension : 8
noise variance: 99.944580078125
original u-statistic:-0.05066323280334473
p value proxy: 0.7475082874298096
result: False
power_upto_now: 0.06115107983350754
279th run
noise dimension : 8
noise variance: 100.25076293945312
original u-statistic:0.022804737091064453
p value proxy: 0.3455149531364441
result: False
power_upto_now: 0.06093189865350723
280th run
noise dimension : 8
noise variance: 99.50569152832031
original u-statistic:-0.033950090408325195
p value proxy: 0.5514950156211853
result: False
power_upto_now: 0.06071428582072258
281th run
noise dimension : 8
noise variance: 99.72412872314453
original u-statistic:0.03185749053955078
p value proxy: 0.3322259187698364
result: False
power_upto_now: 0.06049821898341179
282th run
noise dimension : 8
noise variance: 100.14761352539062
original u-statistic:0.10499286651611328
p value proxy: 0.09634551405906677
result: False
power_upto_now: 0.060283686965703964
283th run
noise dimension : 8
noise variance: 99.9865951538086
original u-statistic:0.0997931957244873
p value proxy: 0.13289035856723785
result: False
power_upto_now: 0.060070671141147614
284th run
noise dimension : 8
noise variance: 99.91266632080078
original u-statistic:-0.08250141143798828
p value proxy: 0.8372092843055725
result: False
power_upto_now: 0.05985915660858154
285th run
noise dimension : 8
noise variance: 99.74858856201172
original u-statistic:0.12486839294433594
p value proxy: 0.05315614491701126
result: False
power_upto_now: 0.05964912101626396
286th run
noise dimension : 8
noise variance: 99.9250259399414
original u-statistic:0.13854575157165527
p value proxy: 0.05315614491701126
result: False
power_upto_now: 0.05944056063890457
287th run
noise dimension : 8
noise variance: 100.354248046875
original u-statistic:0.05834031105041504
p value proxy: 0.23255813121795654
result: False
power_upto_now: 0.05923344939947128
288th run
noise dimension : 8
noise variance: 100.26837921142578
original u-statistic:-0.06102705001831055
p value proxy: 0.7840531468391418
result: False
power_upto_now: 0.0590277761220932
289th run
noise dimension : 8
noise variance: 100.96741485595703
original u-statistic:-0.056704044342041016
p value proxy: 0.7375414967536926
result: False
power_upto_now: 0.05882352963089943
290th run
noise dimension : 8
noise variance: 99.5060806274414
original u-statistic:0.04828190803527832
p value proxy: 0.25249168276786804
result: False
power_upto_now: 0.05862069129943848
291th run
noise dimension : 8
noise variance: 100.16228485107422
original u-statistic:-0.05193281173706055
p value proxy: 0.6910299062728882
result: False
power_upto_now: 0.05841924250125885
292th run
noise dimension : 8
noise variance: 99.666748046875
original u-statistic:0.04666280746459961
p value proxy: 0.2657807171344757
result: False
power_upto_now: 0.05821917951107025
293th run
noise dimension : 8
noise variance: 100.37047576904297
original u-statistic:-0.06949615478515625
p value proxy: 0.7973421812057495
result: False
power_upto_now: 0.05802047625184059
294th run
noise dimension : 8
noise variance: 99.85730743408203
original u-statistic:0.12959551811218262
p value proxy: 0.06976743787527084
result: False
power_upto_now: 0.05782312899827957
295th run
noise dimension : 8
noise variance: 100.08511352539062
original u-statistic:0.05848407745361328
p value proxy: 0.23588038980960846
result: False
power_upto_now: 0.0576271191239357
296th run
noise dimension : 8
noise variance: 100.2564697265625
original u-statistic:0.008282661437988281
p value proxy: 0.421926885843277
result: False
power_upto_now: 0.05743243172764778
297th run
noise dimension : 8
noise variance: 99.1439437866211
original u-statistic:-0.09222197532653809
p value proxy: 0.9302325248718262
result: False
power_upto_now: 0.05723905563354492
298th run
noise dimension : 8
noise variance: 99.95478057861328
original u-statistic:0.009198665618896484
p value proxy: 0.41860464215278625
result: False
power_upto_now: 0.057046979665756226
299th run
noise dimension : 8
noise variance: 100.225341796875
original u-statistic:0.0024077892303466797
p value proxy: 0.4252491593360901
result: False
power_upto_now: 0.0568561889231205
300th run
noise dimension : 8
noise variance: 99.65016174316406
original u-statistic:-0.08313393592834473
p value proxy: 0.8803986310958862
result: False
power_upto_now: 0.05666666850447655
301th run
noise dimension : 8
noise variance: 101.28361511230469
original u-statistic:0.03342485427856445
p value proxy: 0.29568105936050415
result: False
power_upto_now: 0.05647840350866318
302th run
noise dimension : 8
noise variance: 100.83670043945312
original u-statistic:0.00750732421875
p value proxy: 0.4053156077861786
result: False
power_upto_now: 0.05629139021039009
303th run
noise dimension : 8
noise variance: 100.01840209960938
original u-statistic:-0.06901001930236816
p value proxy: 0.8205980062484741
result: False
power_upto_now: 0.056105609983205795
304th run
noise dimension : 8
noise variance: 99.73358917236328
original u-statistic:-0.0064961910247802734
p value proxy: 0.4019933342933655
result: False
power_upto_now: 0.055921051651239395
305th run
noise dimension : 8
noise variance: 99.3032455444336
original u-statistic:-0.028849124908447266
p value proxy: 0.5415282249450684
result: False
power_upto_now: 0.055737704038619995
306th run
noise dimension : 8
noise variance: 99.77828979492188
original u-statistic:0.014803647994995117
p value proxy: 0.37873753905296326
result: False
power_upto_now: 0.0555555559694767
307th run
noise dimension : 8
noise variance: 100.31034851074219
original u-statistic:-0.05346322059631348
p value proxy: 0.7275747060775757
result: False
power_upto_now: 0.055374592542648315
308th run
noise dimension : 8
noise variance: 100.0264663696289
original u-statistic:0.03484010696411133
p value proxy: 0.2823920249938965
result: False
power_upto_now: 0.055194806307554245
309th run
noise dimension : 8
noise variance: 99.59196472167969
original u-statistic:-0.024806499481201172
p value proxy: 0.5714285373687744
result: False
power_upto_now: 0.055016182363033295
310th run
noise dimension : 8
noise variance: 100.85724639892578
original u-statistic:-0.03910708427429199
p value proxy: 0.604651153087616
result: False
power_upto_now: 0.05483870953321457
311th run
noise dimension : 8
noise variance: 99.53309631347656
original u-statistic:-0.06383156776428223
p value proxy: 0.7873753905296326
result: False
power_upto_now: 0.05466238036751747
312th run
noise dimension : 8
noise variance: 100.67842102050781
original u-statistic:-0.031555891036987305
p value proxy: 0.5847175717353821
result: False
power_upto_now: 0.05448717996478081
313th run
noise dimension : 8
noise variance: 99.96873474121094
original u-statistic:0.013316631317138672
p value proxy: 0.37541526556015015
result: False
power_upto_now: 0.05431310087442398
314th run
noise dimension : 8
noise variance: 99.84425354003906
original u-statistic:-0.015346288681030273
p value proxy: 0.5182723999023438
result: False
power_upto_now: 0.0541401281952858
315th run
noise dimension : 8
noise variance: 100.11558532714844
original u-statistic:0.0683584213256836
p value proxy: 0.17940199375152588
result: False
power_upto_now: 0.05396825447678566
316th run
noise dimension : 8
noise variance: 100.4951400756836
original u-statistic:-0.019954204559326172
p value proxy: 0.554817259311676
result: False
power_upto_now: 0.05379746854305267
317th run
noise dimension : 8
noise variance: 100.70255279541016
original u-statistic:0.017828941345214844
p value proxy: 0.3488371968269348
result: False
power_upto_now: 0.05362775921821594
318th run
noise dimension : 8
noise variance: 101.14253234863281
original u-statistic:0.1376352310180664
p value proxy: 0.06976743787527084
result: False
power_upto_now: 0.05345911905169487
319th run
noise dimension : 8
noise variance: 100.1604232788086
original u-statistic:0.07304549217224121
p value proxy: 0.13289035856723785
result: False
power_upto_now: 0.05329153686761856
320th run
noise dimension : 8
noise variance: 99.66313171386719
original u-statistic:0.1414804458618164
p value proxy: 0.033222589641809464
result: True
power_upto_now: 0.05624999850988388
321th run
noise dimension : 8
noise variance: 100.48918151855469
original u-statistic:-0.10990500450134277
p value proxy: 0.9501661062240601
result: False
power_upto_now: 0.05607476457953453
322th run
noise dimension : 8
noise variance: 100.46566009521484
original u-statistic:0.0015528202056884766
p value proxy: 0.47508305311203003
result: False
power_upto_now: 0.05590062215924263
323th run
noise dimension : 8
noise variance: 99.7290267944336
original u-statistic:-0.02904343605041504
p value proxy: 0.6112956404685974
result: False
power_upto_now: 0.055727552622556686
324th run
noise dimension : 8
noise variance: 99.4052734375
original u-statistic:-0.047127723693847656
p value proxy: 0.7076411843299866
result: False
power_upto_now: 0.0555555559694767
325th run
noise dimension : 8
noise variance: 99.89551544189453
original u-statistic:-0.03206324577331543
p value proxy: 0.5747508406639099
result: False
power_upto_now: 0.05538461357355118
326th run
noise dimension : 8
noise variance: 99.5378189086914
original u-statistic:0.010894536972045898
p value proxy: 0.3521594703197479
result: False
power_upto_now: 0.05521472543478012
327th run
noise dimension : 8
noise variance: 100.53518676757812
original u-statistic:-0.10066008567810059
p value proxy: 0.9302325248718262
result: False
power_upto_now: 0.055045872926712036
328th run
noise dimension : 8
noise variance: 100.07551574707031
original u-statistic:0.1499805450439453
p value proxy: 0.039867110550403595
result: True
power_upto_now: 0.057926829904317856
329th run
noise dimension : 8
noise variance: 99.64332580566406
original u-statistic:0.026151180267333984
p value proxy: 0.3455149531364441
result: False
power_upto_now: 0.05775076150894165
330th run
noise dimension : 8
noise variance: 100.71720123291016
original u-statistic:0.1895749568939209
p value proxy: 0.029900331050157547
result: True
power_upto_now: 0.06060606241226196
331th run
noise dimension : 8
noise variance: 99.71846771240234
original u-statistic:0.0711212158203125
p value proxy: 0.15282391011714935
result: False
power_upto_now: 0.06042296066880226
332th run
noise dimension : 8
noise variance: 99.798583984375
original u-statistic:0.044710397720336914
p value proxy: 0.2990033030509949
result: False
power_upto_now: 0.0602409653365612
333th run
noise dimension : 8
noise variance: 100.34381103515625
original u-statistic:0.04630422592163086
p value proxy: 0.2259136140346527
result: False
power_upto_now: 0.060060061514377594
334th run
noise dimension : 8
noise variance: 99.38912963867188
original u-statistic:0.04237556457519531
p value proxy: 0.25249168276786804
result: False
power_upto_now: 0.05988023802638054
335th run
noise dimension : 8
noise variance: 99.20558166503906
original u-statistic:-0.0843203067779541
p value proxy: 0.8903654217720032
result: False
power_upto_now: 0.05970149114727974
336th run
noise dimension : 8
noise variance: 99.2502670288086
original u-statistic:0.005576610565185547
p value proxy: 0.4285714328289032
result: False
power_upto_now: 0.0595238097012043
337th run
noise dimension : 8
noise variance: 100.61457061767578
original u-statistic:0.050868988037109375
p value proxy: 0.19933554530143738
result: False
power_upto_now: 0.059347182512283325
338th run
noise dimension : 8
noise variance: 99.94605255126953
original u-statistic:-0.08390045166015625
p value proxy: 0.8870431780815125
result: False
power_upto_now: 0.05917159840464592
339th run
noise dimension : 8
noise variance: 100.75460815429688
original u-statistic:0.09397387504577637
p value proxy: 0.1029900312423706
result: False
power_upto_now: 0.05899704992771149
340th run
noise dimension : 8
noise variance: 99.2492904663086
original u-statistic:0.02872014045715332
p value proxy: 0.31561461091041565
result: False
power_upto_now: 0.05882352963089943
341th run
noise dimension : 8
noise variance: 100.39570617675781
original u-statistic:-0.07234644889831543
p value proxy: 0.8172757029533386
result: False
power_upto_now: 0.05865102633833885
342th run
noise dimension : 8
noise variance: 99.55562591552734
original u-statistic:-0.04977011680603027
p value proxy: 0.6943521499633789
result: False
power_upto_now: 0.05847953259944916
343th run
noise dimension : 8
noise variance: 99.53483581542969
original u-statistic:-0.07687807083129883
p value proxy: 0.8637873530387878
result: False
power_upto_now: 0.05830903723835945
344th run
noise dimension : 8
noise variance: 99.79157257080078
original u-statistic:-0.05862903594970703
p value proxy: 0.7308970093727112
result: False
power_upto_now: 0.058139536529779434
345th run
noise dimension : 8
noise variance: 99.17684173583984
original u-statistic:0.01685810089111328
p value proxy: 0.3720930218696594
result: False
power_upto_now: 0.05797101557254791
346th run
noise dimension : 8
noise variance: 99.41946411132812
original u-statistic:-0.09737730026245117
p value proxy: 0.9202657341957092
result: False
power_upto_now: 0.05780346691608429
347th run
noise dimension : 8
noise variance: 99.9455795288086
original u-statistic:-0.08019685745239258
p value proxy: 0.8571428656578064
result: False
power_upto_now: 0.05763688683509827
348th run
noise dimension : 8
noise variance: 99.71180725097656
original u-statistic:0.0029876232147216797
p value proxy: 0.421926885843277
result: False
power_upto_now: 0.05747126415371895
349th run
noise dimension : 8
noise variance: 100.22278594970703
original u-statistic:0.022792577743530273
p value proxy: 0.3222591280937195
result: False
power_upto_now: 0.05730659142136574
350th run
noise dimension : 8
noise variance: 99.59455871582031
original u-statistic:-0.08603739738464355
p value proxy: 0.8837209343910217
result: False
power_upto_now: 0.05714285746216774
351th run
noise dimension : 8
noise variance: 99.82832336425781
original u-statistic:-0.04095578193664551
p value proxy: 0.6312292218208313
result: False
power_upto_now: 0.056980058550834656
352th run
noise dimension : 8
noise variance: 100.06047821044922
original u-statistic:-0.10338735580444336
p value proxy: 0.9235880374908447
result: False
power_upto_now: 0.05681818351149559
353th run
noise dimension : 8
noise variance: 100.94022369384766
original u-statistic:0.033380746841430664
p value proxy: 0.2691029906272888
result: False
power_upto_now: 0.056657224893569946
354th run
noise dimension : 8
noise variance: 99.29327392578125
original u-statistic:-0.08243393898010254
p value proxy: 0.8671095967292786
result: False
power_upto_now: 0.05649717524647713
355th run
noise dimension : 8
noise variance: 100.0691909790039
original u-statistic:-0.030619144439697266
p value proxy: 0.5913621187210083
result: False
power_upto_now: 0.056338027119636536
356th run
noise dimension : 8
noise variance: 99.6612777709961
original u-statistic:-0.04056048393249512
p value proxy: 0.6677740812301636
result: False
power_upto_now: 0.056179776787757874
357th run
noise dimension : 8
noise variance: 100.3204116821289
original u-statistic:0.086090087890625
p value proxy: 0.12956809997558594
result: False
power_upto_now: 0.05602240934967995
358th run
noise dimension : 8
noise variance: 100.49311828613281
original u-statistic:-0.09164643287658691
p value proxy: 0.9003322124481201
result: False
power_upto_now: 0.05586592108011246
359th run
noise dimension : 8
noise variance: 100.24238586425781
original u-statistic:0.16717743873596191
p value proxy: 0.039867110550403595
result: True
power_upto_now: 0.05849582329392433
360th run
noise dimension : 8
noise variance: 100.0668716430664
original u-statistic:-0.13808870315551758
p value proxy: 1.0
result: False
power_upto_now: 0.05833333358168602
361th run
noise dimension : 8
noise variance: 100.14895629882812
original u-statistic:-0.017014026641845703
p value proxy: 0.46179401874542236
result: False
power_upto_now: 0.058171745389699936
362th run
noise dimension : 8
noise variance: 100.44212341308594
original u-statistic:0.05889105796813965
p value proxy: 0.21262457966804504
result: False
power_upto_now: 0.05801105126738548
363th run
noise dimension : 8
noise variance: 100.32466125488281
original u-statistic:-0.11223554611206055
p value proxy: 0.9800664186477661
result: False
power_upto_now: 0.057851240038871765
364th run
noise dimension : 8
noise variance: 99.68673706054688
original u-statistic:0.07000565528869629
p value proxy: 0.1627907007932663
result: False
power_upto_now: 0.057692307978868484
365th run
noise dimension : 8
noise variance: 100.1529769897461
original u-statistic:0.01051783561706543
p value proxy: 0.35548171401023865
result: False
power_upto_now: 0.057534247636795044
366th run
noise dimension : 8
noise variance: 100.19379425048828
original u-statistic:0.028703927993774414
p value proxy: 0.29568105936050415
result: False
power_upto_now: 0.05737704783678055
367th run
noise dimension : 8
noise variance: 100.11420440673828
original u-statistic:-0.01510763168334961
p value proxy: 0.5016611218452454
result: False
power_upto_now: 0.057220708578825
368th run
noise dimension : 8
noise variance: 99.32737731933594
original u-statistic:0.038064002990722656
p value proxy: 0.2857142686843872
result: False
power_upto_now: 0.057065218687057495
369th run
noise dimension : 8
noise variance: 99.73939514160156
original u-statistic:-0.07708740234375
p value proxy: 0.8172757029533386
result: False
power_upto_now: 0.056910570710897446
370th run
noise dimension : 8
noise variance: 100.31619262695312
original u-statistic:0.016594648361206055
p value proxy: 0.3720930218696594
result: False
power_upto_now: 0.05675675719976425
371th run
noise dimension : 8
noise variance: 99.00540924072266
original u-statistic:-0.050930023193359375
p value proxy: 0.6544850468635559
result: False
power_upto_now: 0.056603774428367615
372th run
noise dimension : 8
noise variance: 100.69589233398438
original u-statistic:0.23743152618408203
p value proxy: 0.016611294820904732
result: True
power_upto_now: 0.059139784425497055
373th run
noise dimension : 8
noise variance: 99.7212142944336
original u-statistic:-0.01931476593017578
p value proxy: 0.5016611218452454
result: False
power_upto_now: 0.05898123234510422
374th run
noise dimension : 8
noise variance: 99.37740325927734
original u-statistic:-0.039201974868774414
p value proxy: 0.644518256187439
result: False
power_upto_now: 0.05882352963089943
375th run
noise dimension : 8
noise variance: 100.57289123535156
original u-statistic:-0.08792829513549805
p value proxy: 0.9136212468147278
result: False
power_upto_now: 0.058666665107011795
376th run
noise dimension : 8
noise variance: 100.89339447021484
original u-statistic:0.07036280632019043
p value proxy: 0.1860465109348297
result: False
power_upto_now: 0.058510638773441315
377th run
noise dimension : 8
noise variance: 100.7326889038086
original u-statistic:-0.0183870792388916
p value proxy: 0.5481727719306946
result: False
power_upto_now: 0.05835543945431709
378th run
noise dimension : 8
noise variance: 99.63510131835938
original u-statistic:0.11082124710083008
p value proxy: 0.1029900312423706
result: False
power_upto_now: 0.05820105969905853
379th run
noise dimension : 8
noise variance: 100.35391998291016
original u-statistic:0.004835605621337891
p value proxy: 0.4451827108860016
result: False
power_upto_now: 0.05804749205708504
380th run
noise dimension : 8
noise variance: 99.5405502319336
original u-statistic:-0.0847625732421875
p value proxy: 0.8538205623626709
result: False
power_upto_now: 0.057894736528396606
381th run
noise dimension : 8
noise variance: 100.38585662841797
original u-statistic:0.07777094841003418
p value proxy: 0.15946844220161438
result: False
power_upto_now: 0.057742781937122345
382th run
noise dimension : 8
noise variance: 100.24368286132812
original u-statistic:-0.03822183609008789
p value proxy: 0.594684362411499
result: False
power_upto_now: 0.057591624557971954
383th run
noise dimension : 8
noise variance: 99.80239868164062
original u-statistic:0.013324499130249023
p value proxy: 0.4119601249694824
result: False
power_upto_now: 0.05744125321507454
384th run
noise dimension : 8
noise variance: 99.55095672607422
original u-statistic:-0.10542654991149902
p value proxy: 0.9235880374908447
result: False
power_upto_now: 0.0572916679084301
385th run
noise dimension : 8
noise variance: 99.38574981689453
original u-statistic:0.010885477066040039
p value proxy: 0.35548171401023865
result: False
power_upto_now: 0.05714285746216774
386th run
noise dimension : 8
noise variance: 99.50932312011719
original u-statistic:0.06372427940368652
p value proxy: 0.21926909685134888
result: False
power_upto_now: 0.05699481815099716
387th run
noise dimension : 8
noise variance: 99.61795806884766
original u-statistic:0.044862985610961914
p value proxy: 0.2890365421772003
result: False
power_upto_now: 0.05684754624962807
388th run
noise dimension : 8
noise variance: 100.1629638671875
original u-statistic:0.04124283790588379
p value proxy: 0.2425249069929123
result: False
power_upto_now: 0.05670103058218956
389th run
noise dimension : 8
noise variance: 99.17398834228516
original u-statistic:-0.07483649253845215
p value proxy: 0.8205980062484741
result: False
power_upto_now: 0.05655527114868164
390th run
noise dimension : 8
noise variance: 100.52296447753906
original u-statistic:-0.07936906814575195
p value proxy: 0.803986668586731
result: False
power_upto_now: 0.056410256773233414
391th run
noise dimension : 8
noise variance: 99.82182312011719
original u-statistic:0.02379631996154785
p value proxy: 0.3255814015865326
result: False
power_upto_now: 0.05626598373055458
392th run
noise dimension : 8
noise variance: 99.4568099975586
original u-statistic:-0.05139279365539551
p value proxy: 0.7076411843299866
result: False
power_upto_now: 0.05612244829535484
393th run
noise dimension : 8
noise variance: 99.79000854492188
original u-statistic:0.012785911560058594
p value proxy: 0.3621262311935425
result: False
power_upto_now: 0.055979643017053604
394th run
noise dimension : 8
noise variance: 100.09134674072266
original u-statistic:-0.08402752876281738
p value proxy: 0.843853771686554
result: False
power_upto_now: 0.055837564170360565
395th run
noise dimension : 8
noise variance: 99.8083267211914
original u-statistic:-0.06524157524108887
p value proxy: 0.7873753905296326
result: False
power_upto_now: 0.05569620430469513
396th run
noise dimension : 8
noise variance: 100.02532196044922
original u-statistic:0.062137603759765625
p value proxy: 0.17607973515987396
result: False
power_upto_now: 0.0555555559694767
397th run
noise dimension : 8
noise variance: 98.9203872680664
original u-statistic:0.10070967674255371
p value proxy: 0.13289035856723785
result: False
power_upto_now: 0.05541561543941498
398th run
noise dimension : 8
noise variance: 99.84375
original u-statistic:-0.0555875301361084
p value proxy: 0.7342192530632019
result: False
power_upto_now: 0.055276382714509964
399th run
noise dimension : 8
noise variance: 100.397705078125
original u-statistic:-0.02755260467529297
p value proxy: 0.5714285373687744
result: False
power_upto_now: 0.055137842893600464
400th run
noise dimension : 8
noise variance: 100.00923156738281
original u-statistic:-0.04043316841125488
p value proxy: 0.7043189406394958
result: False
power_upto_now: 0.054999999701976776
401th run
noise dimension : 8
noise variance: 99.42105102539062
original u-statistic:-0.03738284111022949
p value proxy: 0.6411960124969482
result: False
power_upto_now: 0.054862841963768005
402th run
noise dimension : 8
noise variance: 99.8218994140625
original u-statistic:-0.07965469360351562
p value proxy: 0.8504983186721802
result: False
power_upto_now: 0.05472636967897415
403th run
noise dimension : 8
noise variance: 100.50674438476562
original u-statistic:-0.08748936653137207
p value proxy: 0.8970099687576294
result: False
power_upto_now: 0.05459057167172432
404th run
noise dimension : 8
noise variance: 100.17906951904297
original u-statistic:-0.039788246154785156
p value proxy: 0.7342192530632019
result: False
power_upto_now: 0.05445544421672821
405th run
noise dimension : 8
noise variance: 99.95508575439453
original u-statistic:-0.10640716552734375
p value proxy: 0.9667773842811584
result: False
power_upto_now: 0.054320987313985825
406th run
noise dimension : 8
noise variance: 100.17386627197266
original u-statistic:0.059998273849487305
p value proxy: 0.21262457966804504
result: False
power_upto_now: 0.054187193512916565
407th run
noise dimension : 8
noise variance: 100.46977996826172
original u-statistic:-0.12200617790222168
p value proxy: 0.9900332093238831
result: False
power_upto_now: 0.054054055362939835
408th run
noise dimension : 8
noise variance: 100.44926452636719
original u-statistic:0.025097131729125977
p value proxy: 0.3089700937271118
result: False
power_upto_now: 0.053921569138765335
409th run
noise dimension : 8
noise variance: 100.03478240966797
original u-statistic:-0.09066390991210938
p value proxy: 0.9202657341957092
result: False
power_upto_now: 0.05378973111510277
410th run
noise dimension : 8
noise variance: 100.74298858642578
original u-statistic:-0.013412237167358398
p value proxy: 0.5083056092262268
result: False
power_upto_now: 0.053658537566661835
411th run
noise dimension : 8
noise variance: 100.63805389404297
original u-statistic:-0.0827176570892334
p value proxy: 0.8671095967292786
result: False
power_upto_now: 0.05352798104286194
412th run
noise dimension : 8
noise variance: 99.73576354980469
original u-statistic:0.13553977012634277
p value proxy: 0.059800662100315094
result: False
power_upto_now: 0.05339805781841278
413th run
noise dimension : 8
noise variance: 100.43708801269531
original u-statistic:-0.04595494270324707
p value proxy: 0.634551465511322
result: False
power_upto_now: 0.05326876416802406
414th run
noise dimension : 8
noise variance: 99.96726989746094
original u-statistic:-0.03658795356750488
p value proxy: 0.6146179437637329
result: False
power_upto_now: 0.05314009636640549
415th run
noise dimension : 8
noise variance: 100.46382141113281
original u-statistic:-0.1170496940612793
p value proxy: 0.9833886623382568
result: False
power_upto_now: 0.053012046962976456
416th run
noise dimension : 8
noise variance: 100.4938735961914
original u-statistic:-0.10361003875732422
p value proxy: 0.9335547685623169
result: False
power_upto_now: 0.05288461595773697
417th run
noise dimension : 8
noise variance: 100.02339935302734
original u-statistic:0.01300358772277832
p value proxy: 0.3488371968269348
result: False
power_upto_now: 0.05275779217481613
418th run
noise dimension : 8
noise variance: 100.5063247680664
original u-statistic:-0.017927169799804688
p value proxy: 0.5980066061019897
result: False
power_upto_now: 0.05263157933950424
419th run
noise dimension : 8
noise variance: 98.8809585571289
original u-statistic:-0.0007908344268798828
p value proxy: 0.4252491593360901
result: False
power_upto_now: 0.052505966275930405
420th run
noise dimension : 8
noise variance: 99.19998931884766
original u-statistic:0.0012784004211425781
p value proxy: 0.3853820562362671
result: False
power_upto_now: 0.05238095298409462
421th run
noise dimension : 8
noise variance: 100.24701690673828
original u-statistic:0.10244917869567871
p value proxy: 0.10631228983402252
result: False
power_upto_now: 0.05225653201341629
422th run
noise dimension : 8
noise variance: 99.86251068115234
original u-statistic:-0.07850289344787598
p value proxy: 0.8338870406150818
result: False
power_upto_now: 0.05213269963860512
423th run
noise dimension : 8
noise variance: 100.93960571289062
original u-statistic:-0.0006196498870849609
p value proxy: 0.46179401874542236
result: False
power_upto_now: 0.0520094558596611
424th run
noise dimension : 8
noise variance: 98.97391510009766
original u-statistic:-0.05410146713256836
p value proxy: 0.7475082874298096
result: False
power_upto_now: 0.05188679322600365
425th run
noise dimension : 8
noise variance: 99.40092468261719
original u-statistic:-0.052550315856933594
p value proxy: 0.674418568611145
result: False
power_upto_now: 0.051764704287052155
426th run
noise dimension : 8
noise variance: 100.28341674804688
original u-statistic:-0.009428024291992188
p value proxy: 0.4518272280693054
result: False
power_upto_now: 0.051643192768096924
427th run
noise dimension : 8
noise variance: 99.3930892944336
original u-statistic:0.014580488204956055
p value proxy: 0.3687707483768463
result: False
power_upto_now: 0.05152224749326706
428th run
noise dimension : 8
noise variance: 100.134521484375
original u-statistic:-0.06026506423950195
p value proxy: 0.7574750781059265
result: False
power_upto_now: 0.05140186846256256
429th run
noise dimension : 8
noise variance: 101.13079833984375
original u-statistic:0.07207059860229492
p value proxy: 0.19269102811813354
result: False
power_upto_now: 0.05128205195069313
430th run
noise dimension : 8
noise variance: 99.93302154541016
original u-statistic:-0.055800676345825195
p value proxy: 0.7475082874298096
result: False
power_upto_now: 0.05116279050707817
431th run
noise dimension : 8
noise variance: 99.50092315673828
original u-statistic:0.07525253295898438
p value proxy: 0.2059800624847412
result: False
power_upto_now: 0.05104408413171768
432th run
noise dimension : 8
noise variance: 100.53657531738281
original u-statistic:0.16678309440612793
p value proxy: 0.04318936914205551
result: True
power_upto_now: 0.05324074253439903
433th run
noise dimension : 8
noise variance: 100.11534118652344
original u-statistic:-0.0017652511596679688
p value proxy: 0.4518272280693054
result: False
power_upto_now: 0.0531177818775177
434th run
noise dimension : 8
noise variance: 99.82349395751953
original u-statistic:-0.08337759971618652
p value proxy: 0.8737541437149048
result: False
power_upto_now: 0.05299539119005203
435th run
noise dimension : 8
noise variance: 101.55420684814453
original u-statistic:0.035376548767089844
p value proxy: 0.342192679643631
result: False
power_upto_now: 0.05287356302142143
436th run
noise dimension : 8
noise variance: 100.00078582763672
original u-statistic:-0.06796073913574219
p value proxy: 0.7906976342201233
result: False
power_upto_now: 0.0527522936463356
437th run
noise dimension : 8
noise variance: 100.13751983642578
original u-statistic:0.01159048080444336
p value proxy: 0.4086378514766693
result: False
power_upto_now: 0.05263157933950424
438th run
noise dimension : 8
noise variance: 99.07302856445312
original u-statistic:-0.0745699405670166
p value proxy: 0.8970099687576294
result: False
power_upto_now: 0.052511416375637054
439th run
noise dimension : 8
noise variance: 99.03526306152344
original u-statistic:-0.01466059684753418
p value proxy: 0.5215946435928345
result: False
power_upto_now: 0.05239180102944374
440th run
noise dimension : 8
noise variance: 99.90798950195312
original u-statistic:-0.08000040054321289
p value proxy: 0.8737541437149048
result: False
power_upto_now: 0.052272725850343704
441th run
noise dimension : 8
noise variance: 99.0733871459961
original u-statistic:-0.014141559600830078
p value proxy: 0.5182723999023438
result: False
power_upto_now: 0.05215419456362724
442th run
noise dimension : 8
noise variance: 99.68132781982422
original u-statistic:-0.034877777099609375
p value proxy: 0.6312292218208313
result: False
power_upto_now: 0.05203619971871376
443th run
noise dimension : 8
noise variance: 98.84856414794922
original u-statistic:-0.030552148818969727
p value proxy: 0.6212624311447144
result: False
power_upto_now: 0.05191873759031296
444th run
noise dimension : 8
noise variance: 100.0904312133789
original u-statistic:0.052860260009765625
p value proxy: 0.2657807171344757
result: False
power_upto_now: 0.05180180072784424
445th run
noise dimension : 8
noise variance: 100.31390380859375
original u-statistic:-0.027426958084106445
p value proxy: 0.5382059812545776
result: False
power_upto_now: 0.0516853928565979
446th run
noise dimension : 8
noise variance: 99.47789001464844
original u-statistic:-0.0747690200805664
p value proxy: 0.8106312155723572
result: False
power_upto_now: 0.05156950652599335
447th run
noise dimension : 8
noise variance: 99.22159576416016
original u-statistic:0.05945539474487305
p value proxy: 0.2425249069929123
result: False
power_upto_now: 0.05145413801074028
448th run
noise dimension : 8
noise variance: 101.15142059326172
original u-statistic:-0.04405951499938965
p value proxy: 0.6677740812301636
result: False
power_upto_now: 0.0513392873108387
449th run
noise dimension : 8
noise variance: 99.82808685302734
original u-statistic:0.08678555488586426
p value proxy: 0.1029900312423706
result: False
power_upto_now: 0.05122494325041771
450th run
noise dimension : 8
noise variance: 100.56639099121094
original u-statistic:-0.00976705551147461
p value proxy: 0.4850498139858246
result: False
power_upto_now: 0.05111110955476761
451th run
noise dimension : 8
noise variance: 100.49366760253906
original u-statistic:-0.03687858581542969
p value proxy: 0.674418568611145
result: False
power_upto_now: 0.0509977824985981
452th run
noise dimension : 8
noise variance: 99.55689239501953
original u-statistic:0.16105127334594727
p value proxy: 0.06312292069196701
result: False
power_upto_now: 0.05088495463132858
453th run
noise dimension : 8
noise variance: 99.41651153564453
original u-statistic:-0.076507568359375
p value proxy: 0.8272424936294556
result: False
power_upto_now: 0.05077262595295906
454th run
noise dimension : 8
noise variance: 100.29978942871094
original u-statistic:0.046770334243774414
p value proxy: 0.27574750781059265
result: False
power_upto_now: 0.050660792738199234
455th run
noise dimension : 8
noise variance: 100.23664855957031
original u-statistic:0.015719175338745117
p value proxy: 0.3853820562362671
result: False
power_upto_now: 0.050549451261758804
456th run
noise dimension : 8
noise variance: 99.32542419433594
original u-statistic:0.15700745582580566
p value proxy: 0.05315614491701126
result: False
power_upto_now: 0.05043859779834747
457th run
noise dimension : 8
noise variance: 99.61803436279297
original u-statistic:0.10916781425476074
p value proxy: 0.11295680701732635
result: False
power_upto_now: 0.05032822862267494
458th run
noise dimension : 8
noise variance: 100.09652709960938
original u-statistic:-0.051465749740600586
p value proxy: 0.6910299062728882
result: False
power_upto_now: 0.05021834000945091
459th run
noise dimension : 8
noise variance: 99.67440795898438
original u-statistic:0.019902467727661133
p value proxy: 0.342192679643631
result: False
power_upto_now: 0.050108931958675385
460th run
noise dimension : 8
noise variance: 99.93496704101562
original u-statistic:0.013340950012207031
p value proxy: 0.37873753905296326
result: False
power_upto_now: 0.05000000074505806
461th run
noise dimension : 8
noise variance: 101.0310287475586
original u-statistic:0.07734513282775879
p value proxy: 0.14617939293384552
result: False
power_upto_now: 0.04989153891801834
462th run
noise dimension : 8
noise variance: 100.14148712158203
original u-statistic:-0.0055429935455322266
p value proxy: 0.4252491593360901
result: False
power_upto_now: 0.04978355020284653
463th run
noise dimension : 8
noise variance: 100.40550994873047
original u-statistic:0.004469752311706543
p value proxy: 0.45514950156211853
result: False
power_upto_now: 0.04967602714896202
464th run
noise dimension : 8
noise variance: 99.13589477539062
original u-statistic:0.1902759075164795
p value proxy: 0.029900331050157547
result: True
power_upto_now: 0.0517241396009922
465th run
noise dimension : 8
noise variance: 99.89338684082031
original u-statistic:-0.0505831241607666
p value proxy: 0.6976743936538696
result: False
power_upto_now: 0.05161290243268013
466th run
noise dimension : 8
noise variance: 101.22648620605469
original u-statistic:0.010031342506408691
p value proxy: 0.39534881711006165
result: False
power_upto_now: 0.05150214582681656
467th run
noise dimension : 8
noise variance: 100.3558120727539
original u-statistic:-0.1211245059967041
p value proxy: 0.9800664186477661
result: False
power_upto_now: 0.05139186233282089
468th run
noise dimension : 8
noise variance: 100.08596801757812
original u-statistic:-0.10487484931945801
p value proxy: 0.9667773842811584
result: False
power_upto_now: 0.05128205195069313
469th run
noise dimension : 8
noise variance: 99.32044982910156
original u-statistic:0.07707452774047852
p value proxy: 0.15282391011714935
result: False
power_upto_now: 0.051172707229852676
470th run
noise dimension : 8
noise variance: 98.66925048828125
original u-statistic:0.0042400360107421875
p value proxy: 0.3654485046863556
result: False
power_upto_now: 0.05106382817029953
471th run
noise dimension : 8
noise variance: 100.0258560180664
original u-statistic:0.003232717514038086
p value proxy: 0.4252491593360901
result: False
power_upto_now: 0.05095541477203369
472th run
noise dimension : 8
noise variance: 99.69660186767578
original u-statistic:-0.03265810012817383
p value proxy: 0.5980066061019897
result: False
power_upto_now: 0.050847455859184265
473th run
noise dimension : 8
noise variance: 100.33326721191406
original u-statistic:-6.699562072753906e-05
p value proxy: 0.4119601249694824
result: False
power_upto_now: 0.05073995888233185
474th run
noise dimension : 8
noise variance: 100.73827362060547
original u-statistic:-0.11255002021789551
p value proxy: 0.9767441749572754
result: False
power_upto_now: 0.050632912665605545
475th run
noise dimension : 8
noise variance: 99.38504028320312
original u-statistic:0.0632162094116211
p value proxy: 0.19601328670978546
result: False
power_upto_now: 0.050526317209005356
476th run
noise dimension : 8
noise variance: 99.44956970214844
original u-statistic:-0.10413765907287598
p value proxy: 0.9401993155479431
result: False
power_upto_now: 0.05042016878724098
477th run
noise dimension : 8
noise variance: 99.6820068359375
original u-statistic:-0.03776276111602783
p value proxy: 0.6378737688064575
result: False
power_upto_now: 0.050314463675022125
478th run
noise dimension : 8
noise variance: 100.79756164550781
original u-statistic:-0.06531405448913574
p value proxy: 0.7840531468391418
result: False
power_upto_now: 0.050209205597639084
479th run
noise dimension : 8
noise variance: 99.80223846435547
original u-statistic:-0.05334591865539551
p value proxy: 0.7109634280204773
result: False
power_upto_now: 0.05010438337922096
480th run
noise dimension : 8
noise variance: 99.8758773803711
original u-statistic:0.008118152618408203
p value proxy: 0.37873753905296326
result: False
power_upto_now: 0.05000000074505806
481th run
noise dimension : 8
noise variance: 100.07756042480469
original u-statistic:-0.008717775344848633
p value proxy: 0.45847174525260925
result: False
power_upto_now: 0.04989605024456978
482th run
noise dimension : 8
noise variance: 100.0787582397461
original u-statistic:0.13433313369750977
p value proxy: 0.05647840350866318
result: False
power_upto_now: 0.04979253187775612
483th run
noise dimension : 8
noise variance: 99.61904907226562
original u-statistic:-0.05369377136230469
p value proxy: 0.7441860437393188
result: False
power_upto_now: 0.04968944191932678
484th run
noise dimension : 8
noise variance: 100.48544311523438
original u-statistic:0.001420736312866211
p value proxy: 0.4086378514766693
result: False
power_upto_now: 0.04958677664399147
485th run
noise dimension : 8
noise variance: 98.731201171875
original u-statistic:0.17139291763305664
p value proxy: 0.03654484823346138
result: True
power_upto_now: 0.05154639109969139
486th run
noise dimension : 8
noise variance: 99.32231903076172
original u-statistic:-0.0058100223541259766
p value proxy: 0.4850498139858246
result: False
power_upto_now: 0.05144032835960388
487th run
noise dimension : 8
noise variance: 99.42335510253906
original u-statistic:-0.09015440940856934
p value proxy: 0.8671095967292786
result: False
power_upto_now: 0.05133470147848129
488th run
noise dimension : 8
noise variance: 100.25151062011719
original u-statistic:-0.04171252250671387
p value proxy: 0.6710963249206543
result: False
power_upto_now: 0.051229506731033325
489th run
noise dimension : 8
noise variance: 99.45613098144531
original u-statistic:0.019870758056640625
p value proxy: 0.3887042999267578
result: False
power_upto_now: 0.05112474411725998
490th run
noise dimension : 8
noise variance: 99.23963928222656
original u-statistic:0.031514883041381836
p value proxy: 0.27574750781059265
result: False
power_upto_now: 0.051020409911870956
491th run
noise dimension : 8
noise variance: 100.19196319580078
original u-statistic:0.018714189529418945
p value proxy: 0.3322259187698364
result: False
power_upto_now: 0.05091649666428566
492th run
noise dimension : 8
noise variance: 100.4320297241211
original u-statistic:-0.04093623161315918
p value proxy: 0.644518256187439
result: False
power_upto_now: 0.05081300809979439
493th run
noise dimension : 8
noise variance: 99.81137084960938
original u-statistic:0.118194580078125
p value proxy: 0.08970099687576294
result: False
power_upto_now: 0.05070994049310684
494th run
noise dimension : 8
noise variance: 99.37152862548828
original u-statistic:-0.0751485824584961
p value proxy: 0.8737541437149048
result: False
power_upto_now: 0.050607286393642426
495th run
noise dimension : 8
noise variance: 100.54115295410156
original u-statistic:-0.046517133712768555
p value proxy: 0.6877076029777527
result: False
power_upto_now: 0.05050504952669144
496th run
noise dimension : 8
noise variance: 98.99962615966797
original u-statistic:0.13519978523254395
p value proxy: 0.04318936914205551
result: True
power_upto_now: 0.052419353276491165
497th run
noise dimension : 8
noise variance: 100.53360748291016
original u-statistic:-0.008453845977783203
p value proxy: 0.49501660466194153
result: False
power_upto_now: 0.05231388285756111
498th run
noise dimension : 8
noise variance: 99.68358612060547
original u-statistic:0.18816542625427246
p value proxy: 0.029900331050157547
result: True
power_upto_now: 0.05421686917543411
499th run
noise dimension : 8
noise variance: 100.00077819824219
original u-statistic:0.03252887725830078
p value proxy: 0.302325576543808
result: False
power_upto_now: 0.05410821735858917
500th run
noise dimension : 8
noise variance: 99.87403869628906
original u-statistic:-0.02874922752380371
p value proxy: 0.5813953280448914
result: False
power_upto_now: 0.05400000140070915
power estimate : 0.05400000140070915
elapsed time: 1333.3847393989563
