job started
cuda available: True
code run on device:: cuda:0

n1 = 25000, n2 = 25000,

kappa = 2, alpha = 0.8,

gamma = 0.05, nTests = 500,

B = 300

1th run
noise dimension : 8
noise variance: 99.7245101928711
original u-statistic:-0.02243971824645996
p value proxy: 0.7375414967536926
result: False
power_upto_now: 0.0
2th run
noise dimension : 8
noise variance: 99.6376724243164
original u-statistic:0.033944129943847656
p value proxy: 0.14950165152549744
result: False
power_upto_now: 0.0
3th run
noise dimension : 8
noise variance: 100.2607192993164
original u-statistic:-0.0041065216064453125
p value proxy: 0.4451827108860016
result: False
power_upto_now: 0.0
4th run
noise dimension : 8
noise variance: 100.37738800048828
original u-statistic:0.02170395851135254
p value proxy: 0.21926909685134888
result: False
power_upto_now: 0.0
5th run
noise dimension : 8
noise variance: 100.28520202636719
original u-statistic:0.05002927780151367
p value proxy: 0.1029900312423706
result: False
power_upto_now: 0.0
6th run
noise dimension : 8
noise variance: 99.84182739257812
original u-statistic:0.030220508575439453
p value proxy: 0.11960132420063019
result: False
power_upto_now: 0.0
7th run
noise dimension : 8
noise variance: 99.6325454711914
original u-statistic:-0.020692825317382812
p value proxy: 0.7043189406394958
result: False
power_upto_now: 0.0
8th run
noise dimension : 8
noise variance: 99.99324798583984
original u-statistic:-0.02800130844116211
p value proxy: 0.7940199375152588
result: False
power_upto_now: 0.0
9th run
noise dimension : 8
noise variance: 99.71311950683594
original u-statistic:-0.017555713653564453
p value proxy: 0.6777408719062805
result: False
power_upto_now: 0.0
10th run
noise dimension : 8
noise variance: 100.38616180419922
original u-statistic:-0.009435892105102539
p value proxy: 0.5016611218452454
result: False
power_upto_now: 0.0
11th run
noise dimension : 8
noise variance: 99.9781494140625
original u-statistic:-0.04818606376647949
p value proxy: 0.9933554530143738
result: False
power_upto_now: 0.0
12th run
noise dimension : 8
noise variance: 100.38420104980469
original u-statistic:-0.008342981338500977
p value proxy: 0.5049833655357361
result: False
power_upto_now: 0.0
13th run
noise dimension : 8
noise variance: 99.63041687011719
original u-statistic:0.04159355163574219
p value proxy: 0.08637873828411102
result: False
power_upto_now: 0.0
14th run
noise dimension : 8
noise variance: 101.10157012939453
original u-statistic:-0.023402690887451172
p value proxy: 0.7109634280204773
result: False
power_upto_now: 0.0
15th run
noise dimension : 8
noise variance: 99.9566421508789
original u-statistic:0.06316328048706055
p value proxy: 0.04318936914205551
result: True
power_upto_now: 0.06666667014360428
16th run
noise dimension : 8
noise variance: 99.41699981689453
original u-statistic:0.0004763603210449219
p value proxy: 0.41528236865997314
result: False
power_upto_now: 0.0625
17th run
noise dimension : 8
noise variance: 100.3047103881836
original u-statistic:0.029421329498291016
p value proxy: 0.17940199375152588
result: False
power_upto_now: 0.05882352963089943
18th run
noise dimension : 8
noise variance: 100.22920227050781
original u-statistic:-0.03902769088745117
p value proxy: 0.9102990031242371
result: False
power_upto_now: 0.0555555559694767
19th run
noise dimension : 8
noise variance: 99.92523193359375
original u-statistic:-0.05360889434814453
p value proxy: 0.9933554530143738
result: False
power_upto_now: 0.05263157933950424
20th run
noise dimension : 8
noise variance: 99.1771469116211
original u-statistic:-0.04037284851074219
p value proxy: 0.9302325248718262
result: False
power_upto_now: 0.05000000074505806
21th run
noise dimension : 8
noise variance: 99.82984924316406
original u-statistic:-0.00022912025451660156
p value proxy: 0.4518272280693054
result: False
power_upto_now: 0.0476190485060215
22th run
noise dimension : 8
noise variance: 99.6671371459961
original u-statistic:-0.0026063919067382812
p value proxy: 0.45514950156211853
result: False
power_upto_now: 0.04545454680919647
23th run
noise dimension : 8
noise variance: 99.84214782714844
original u-statistic:-0.010409355163574219
p value proxy: 0.5847175717353821
result: False
power_upto_now: 0.043478261679410934
24th run
noise dimension : 8
noise variance: 99.82511901855469
original u-statistic:0.012643098831176758
p value proxy: 0.2890365421772003
result: False
power_upto_now: 0.0416666679084301
25th run
noise dimension : 8
noise variance: 99.49042510986328
original u-statistic:0.006862163543701172
p value proxy: 0.3887042999267578
result: False
power_upto_now: 0.03999999910593033
26th run
noise dimension : 8
noise variance: 99.8812484741211
original u-statistic:-0.0021698474884033203
p value proxy: 0.4451827108860016
result: False
power_upto_now: 0.03846153989434242
27th run
noise dimension : 8
noise variance: 99.80023956298828
original u-statistic:-0.008534908294677734
p value proxy: 0.5348837375640869
result: False
power_upto_now: 0.03703703731298447
28th run
noise dimension : 8
noise variance: 99.51371765136719
original u-statistic:-0.020251035690307617
p value proxy: 0.7109634280204773
result: False
power_upto_now: 0.0357142873108387
29th run
noise dimension : 8
noise variance: 100.00382995605469
original u-statistic:-7.534027099609375e-05
p value proxy: 0.4485049843788147
result: False
power_upto_now: 0.03448275849223137
30th run
noise dimension : 8
noise variance: 99.95169067382812
original u-statistic:-0.0016167163848876953
p value proxy: 0.4518272280693054
result: False
power_upto_now: 0.03333333507180214
31th run
noise dimension : 8
noise variance: 100.65563201904297
original u-statistic:0.019059419631958008
p value proxy: 0.2857142686843872
result: False
power_upto_now: 0.032258063554763794
32th run
noise dimension : 8
noise variance: 100.24649047851562
original u-statistic:0.08775019645690918
p value proxy: 0.023255813866853714
result: True
power_upto_now: 0.0625
33th run
noise dimension : 8
noise variance: 100.2651138305664
original u-statistic:-0.005515575408935547
p value proxy: 0.49833884835243225
result: False
power_upto_now: 0.06060606241226196
34th run
noise dimension : 8
noise variance: 99.68496704101562
original u-statistic:-0.04943704605102539
p value proxy: 0.9833886623382568
result: False
power_upto_now: 0.05882352963089943
35th run
noise dimension : 8
noise variance: 99.79397583007812
original u-statistic:-0.00041675567626953125
p value proxy: 0.41860464215278625
result: False
power_upto_now: 0.05714285746216774
36th run
noise dimension : 8
noise variance: 99.74408721923828
original u-statistic:-0.00558924674987793
p value proxy: 0.49833884835243225
result: False
power_upto_now: 0.0555555559694767
37th run
noise dimension : 8
noise variance: 99.9058609008789
original u-statistic:-0.002381563186645508
p value proxy: 0.4850498139858246
result: False
power_upto_now: 0.054054055362939835
38th run
noise dimension : 8
noise variance: 100.16078186035156
original u-statistic:0.07112002372741699
p value proxy: 0.023255813866853714
result: True
power_upto_now: 0.07894736528396606
39th run
noise dimension : 8
noise variance: 99.83538818359375
original u-statistic:0.022705554962158203
p value proxy: 0.2591361999511719
result: False
power_upto_now: 0.07692307978868484
40th run
noise dimension : 8
noise variance: 100.43363952636719
original u-statistic:0.004869222640991211
p value proxy: 0.3687707483768463
result: False
power_upto_now: 0.07500000298023224
41th run
noise dimension : 8
noise variance: 99.8363265991211
original u-statistic:0.005792379379272461
p value proxy: 0.39534881711006165
result: False
power_upto_now: 0.0731707289814949
42th run
noise dimension : 8
noise variance: 99.86968231201172
original u-statistic:0.027100563049316406
p value proxy: 0.19269102811813354
result: False
power_upto_now: 0.0714285746216774
43th run
noise dimension : 8
noise variance: 100.20503997802734
original u-statistic:0.013361692428588867
p value proxy: 0.29235878586769104
result: False
power_upto_now: 0.06976744532585144
44th run
noise dimension : 8
noise variance: 100.3670883178711
original u-statistic:-0.023564577102661133
p value proxy: 0.7607973217964172
result: False
power_upto_now: 0.06818182021379471
45th run
noise dimension : 8
noise variance: 99.81996154785156
original u-statistic:-0.029169797897338867
p value proxy: 0.8405315279960632
result: False
power_upto_now: 0.06666667014360428
46th run
noise dimension : 8
noise variance: 99.70643615722656
original u-statistic:0.003876209259033203
p value proxy: 0.39534881711006165
result: False
power_upto_now: 0.06521739065647125
47th run
noise dimension : 8
noise variance: 100.16576385498047
original u-statistic:-0.043976545333862305
p value proxy: 0.9667773842811584
result: False
power_upto_now: 0.06382978707551956
48th run
noise dimension : 8
noise variance: 99.6255874633789
original u-statistic:0.006394624710083008
p value proxy: 0.342192679643631
result: False
power_upto_now: 0.0625
49th run
noise dimension : 8
noise variance: 99.73014831542969
original u-statistic:0.0025708675384521484
p value proxy: 0.4119601249694824
result: False
power_upto_now: 0.06122449040412903
50th run
noise dimension : 8
noise variance: 99.98208618164062
original u-statistic:0.0005652904510498047
p value proxy: 0.3621262311935425
result: False
power_upto_now: 0.05999999865889549
51th run
noise dimension : 8
noise variance: 99.3973617553711
original u-statistic:0.00967264175415039
p value proxy: 0.3289036452770233
result: False
power_upto_now: 0.05882352963089943
52th run
noise dimension : 8
noise variance: 100.34747314453125
original u-statistic:-0.0031015872955322266
p value proxy: 0.4485049843788147
result: False
power_upto_now: 0.057692307978868484
53th run
noise dimension : 8
noise variance: 100.50923919677734
original u-statistic:-0.011287689208984375
p value proxy: 0.5880398750305176
result: False
power_upto_now: 0.056603774428367615
54th run
noise dimension : 8
noise variance: 99.80925750732422
original u-statistic:0.0336611270904541
p value proxy: 0.16943521797657013
result: False
power_upto_now: 0.0555555559694767
55th run
noise dimension : 8
noise variance: 100.0068130493164
original u-statistic:0.012042522430419922
p value proxy: 0.31561461091041565
result: False
power_upto_now: 0.05454545468091965
56th run
noise dimension : 8
noise variance: 99.79692840576172
original u-statistic:-0.04078030586242676
p value proxy: 0.9568105936050415
result: False
power_upto_now: 0.0535714291036129
57th run
noise dimension : 8
noise variance: 99.5898208618164
original u-statistic:0.008513212203979492
p value proxy: 0.3289036452770233
result: False
power_upto_now: 0.05263157933950424
58th run
noise dimension : 8
noise variance: 99.31710815429688
original u-statistic:-4.0531158447265625e-05
p value proxy: 0.4485049843788147
result: False
power_upto_now: 0.0517241396009922
59th run
noise dimension : 8
noise variance: 100.15386199951172
original u-statistic:-0.050449371337890625
p value proxy: 0.9867109656333923
result: False
power_upto_now: 0.050847455859184265
60th run
noise dimension : 8
noise variance: 100.4786148071289
original u-statistic:0.014176368713378906
p value proxy: 0.35880398750305176
result: False
power_upto_now: 0.05000000074505806
61th run
noise dimension : 8
noise variance: 99.98835754394531
original u-statistic:-0.03530168533325195
p value proxy: 0.8604651093482971
result: False
power_upto_now: 0.04918032884597778
62th run
noise dimension : 8
noise variance: 99.38701629638672
original u-statistic:0.02008962631225586
p value proxy: 0.19601328670978546
result: False
power_upto_now: 0.04838709533214569
63th run
noise dimension : 8
noise variance: 100.15129852294922
original u-statistic:-0.0429539680480957
p value proxy: 0.9302325248718262
result: False
power_upto_now: 0.0476190485060215
64th run
noise dimension : 8
noise variance: 99.50357055664062
original u-statistic:0.024718761444091797
p value proxy: 0.20930232107639313
result: False
power_upto_now: 0.046875
65th run
noise dimension : 8
noise variance: 99.93879699707031
original u-statistic:-0.0179140567779541
p value proxy: 0.6611295342445374
result: False
power_upto_now: 0.04615384712815285
66th run
noise dimension : 8
noise variance: 100.08519744873047
original u-statistic:-0.037978410720825195
p value proxy: 0.9235880374908447
result: False
power_upto_now: 0.04545454680919647
67th run
noise dimension : 8
noise variance: 99.83528900146484
original u-statistic:0.06553864479064941
p value proxy: 0.02657807245850563
result: True
power_upto_now: 0.05970149114727974
68th run
noise dimension : 8
noise variance: 99.88304138183594
original u-statistic:-0.009430885314941406
p value proxy: 0.5780730843544006
result: False
power_upto_now: 0.05882352963089943
69th run
noise dimension : 8
noise variance: 100.07898712158203
original u-statistic:0.0015339851379394531
p value proxy: 0.4285714328289032
result: False
power_upto_now: 0.05797101557254791
70th run
noise dimension : 8
noise variance: 99.48300170898438
original u-statistic:-0.005895137786865234
p value proxy: 0.49833884835243225
result: False
power_upto_now: 0.05714285746216774
71th run
noise dimension : 8
noise variance: 100.13575744628906
original u-statistic:0.05246734619140625
p value proxy: 0.06976743787527084
result: False
power_upto_now: 0.056338027119636536
72th run
noise dimension : 8
noise variance: 99.50579071044922
original u-statistic:-0.010859251022338867
p value proxy: 0.5614618062973022
result: False
power_upto_now: 0.0555555559694767
73th run
noise dimension : 8
noise variance: 100.05158233642578
original u-statistic:-0.007205486297607422
p value proxy: 0.5016611218452454
result: False
power_upto_now: 0.054794520139694214
74th run
noise dimension : 8
noise variance: 100.08915710449219
original u-statistic:-0.023263931274414062
p value proxy: 0.7342192530632019
result: False
power_upto_now: 0.054054055362939835
75th run
noise dimension : 8
noise variance: 100.33592987060547
original u-statistic:0.009658336639404297
p value proxy: 0.33554816246032715
result: False
power_upto_now: 0.0533333346247673
76th run
noise dimension : 8
noise variance: 100.43761444091797
original u-statistic:0.06692719459533691
p value proxy: 0.04318936914205551
result: True
power_upto_now: 0.06578947603702545
77th run
noise dimension : 8
noise variance: 99.99494934082031
original u-statistic:0.04090523719787598
p value proxy: 0.1627907007932663
result: False
power_upto_now: 0.06493506580591202
78th run
noise dimension : 8
noise variance: 100.23229217529297
original u-statistic:-0.026876449584960938
p value proxy: 0.8073089718818665
result: False
power_upto_now: 0.06410256773233414
79th run
noise dimension : 8
noise variance: 100.32916259765625
original u-statistic:-0.004091024398803711
p value proxy: 0.4684385359287262
result: False
power_upto_now: 0.06329113990068436
80th run
noise dimension : 8
noise variance: 100.40959930419922
original u-statistic:-0.0030868053436279297
p value proxy: 0.4717607796192169
result: False
power_upto_now: 0.0625
81th run
noise dimension : 8
noise variance: 99.44467163085938
original u-statistic:0.0015757083892822266
p value proxy: 0.39534881711006165
result: False
power_upto_now: 0.06172839552164078
82th run
noise dimension : 8
noise variance: 99.80864715576172
original u-statistic:-0.03258514404296875
p value proxy: 0.8837209343910217
result: False
power_upto_now: 0.060975611209869385
83th run
noise dimension : 8
noise variance: 99.2635269165039
original u-statistic:-0.03947854042053223
p value proxy: 0.9401993155479431
result: False
power_upto_now: 0.0602409653365612
84th run
noise dimension : 8
noise variance: 99.73719024658203
original u-statistic:0.007260560989379883
p value proxy: 0.31229233741760254
result: False
power_upto_now: 0.0595238097012043
85th run
noise dimension : 8
noise variance: 100.45063018798828
original u-statistic:-0.024573802947998047
p value proxy: 0.7541528344154358
result: False
power_upto_now: 0.05882352963089943
86th run
noise dimension : 8
noise variance: 99.75968933105469
original u-statistic:0.019588947296142578
p value proxy: 0.23588038980960846
result: False
power_upto_now: 0.058139536529779434
87th run
noise dimension : 8
noise variance: 99.54930877685547
original u-statistic:-0.027443408966064453
p value proxy: 0.7774085998535156
result: False
power_upto_now: 0.05747126415371895
88th run
noise dimension : 8
noise variance: 99.16593933105469
original u-statistic:-0.006627082824707031
p value proxy: 0.5049833655357361
result: False
power_upto_now: 0.05681818351149559
89th run
noise dimension : 8
noise variance: 100.07598114013672
original u-statistic:-0.039653778076171875
p value proxy: 0.9401993155479431
result: False
power_upto_now: 0.056179776787757874
90th run
noise dimension : 8
noise variance: 100.08483123779297
original u-statistic:-0.02365565299987793
p value proxy: 0.7275747060775757
result: False
power_upto_now: 0.0555555559694767
91th run
noise dimension : 8
noise variance: 100.24181365966797
original u-statistic:-0.015248298645019531
p value proxy: 0.6411960124969482
result: False
power_upto_now: 0.05494505539536476
92th run
noise dimension : 8
noise variance: 100.302734375
original u-statistic:-0.027140140533447266
p value proxy: 0.8106312155723572
result: False
power_upto_now: 0.054347824305295944
93th run
noise dimension : 8
noise variance: 100.16893768310547
original u-statistic:-0.04189181327819824
p value proxy: 0.9501661062240601
result: False
power_upto_now: 0.05376344174146652
94th run
noise dimension : 8
noise variance: 99.39412689208984
original u-statistic:-0.029070377349853516
p value proxy: 0.7740863561630249
result: False
power_upto_now: 0.05319149047136307
95th run
noise dimension : 8
noise variance: 99.68889617919922
original u-statistic:-0.014143943786621094
p value proxy: 0.6179401874542236
result: False
power_upto_now: 0.05263157933950424
96th run
noise dimension : 8
noise variance: 99.98886108398438
original u-statistic:-0.03565478324890137
p value proxy: 0.8737541437149048
result: False
power_upto_now: 0.0520833320915699
97th run
noise dimension : 8
noise variance: 100.68907165527344
original u-statistic:-0.022183656692504883
p value proxy: 0.7109634280204773
result: False
power_upto_now: 0.05154639109969139
98th run
noise dimension : 8
noise variance: 99.54161071777344
original u-statistic:0.06395077705383301
p value proxy: 0.033222589641809464
result: True
power_upto_now: 0.06122449040412903
99th run
noise dimension : 8
noise variance: 99.23052978515625
original u-statistic:-0.05385303497314453
p value proxy: 0.9933554530143738
result: False
power_upto_now: 0.06060606241226196
100th run
noise dimension : 8
noise variance: 99.63764953613281
original u-statistic:-0.0115509033203125
p value proxy: 0.6279069781303406
result: False
power_upto_now: 0.05999999865889549
101th run
noise dimension : 8
noise variance: 100.13815307617188
original u-statistic:0.037946462631225586
p value proxy: 0.1229235827922821
result: False
power_upto_now: 0.059405941516160965
102th run
noise dimension : 8
noise variance: 99.30423736572266
original u-statistic:-0.00787806510925293
p value proxy: 0.5182723999023438
result: False
power_upto_now: 0.05882352963089943
103th run
noise dimension : 8
noise variance: 99.38957977294922
original u-statistic:-0.019367694854736328
p value proxy: 0.6976743936538696
result: False
power_upto_now: 0.058252427726984024
104th run
noise dimension : 8
noise variance: 100.2311782836914
original u-statistic:-0.010676860809326172
p value proxy: 0.5614618062973022
result: False
power_upto_now: 0.057692307978868484
105th run
noise dimension : 8
noise variance: 99.69275665283203
original u-statistic:0.034786224365234375
p value proxy: 0.13621261715888977
result: False
power_upto_now: 0.05714285746216774
106th run
noise dimension : 8
noise variance: 100.14933776855469
original u-statistic:-0.004287004470825195
p value proxy: 0.49833884835243225
result: False
power_upto_now: 0.056603774428367615
107th run
noise dimension : 8
noise variance: 99.95542907714844
original u-statistic:0.05960226058959961
p value proxy: 0.06644517928361893
result: False
power_upto_now: 0.05607476457953453
108th run
noise dimension : 8
noise variance: 100.35979461669922
original u-statistic:-0.025995492935180664
p value proxy: 0.7541528344154358
result: False
power_upto_now: 0.0555555559694767
109th run
noise dimension : 8
noise variance: 100.16642761230469
original u-statistic:-0.047290802001953125
p value proxy: 0.9734219312667847
result: False
power_upto_now: 0.055045872926712036
110th run
noise dimension : 8
noise variance: 99.9848861694336
original u-statistic:-0.02857804298400879
p value proxy: 0.8239202499389648
result: False
power_upto_now: 0.05454545468091965
111th run
noise dimension : 8
noise variance: 100.01181030273438
original u-statistic:-0.017953157424926758
p value proxy: 0.6810631155967712
result: False
power_upto_now: 0.054054055362939835
112th run
noise dimension : 8
noise variance: 99.86531066894531
original u-statistic:-0.00977468490600586
p value proxy: 0.5681062936782837
result: False
power_upto_now: 0.0535714291036129
113th run
noise dimension : 8
noise variance: 99.70582580566406
original u-statistic:-0.034383296966552734
p value proxy: 0.8903654217720032
result: False
power_upto_now: 0.05309734493494034
114th run
noise dimension : 8
noise variance: 99.14527893066406
original u-statistic:0.029993295669555664
p value proxy: 0.17607973515987396
result: False
power_upto_now: 0.05263157933950424
115th run
noise dimension : 8
noise variance: 100.048828125
original u-statistic:-0.011267662048339844
p value proxy: 0.604651153087616
result: False
power_upto_now: 0.052173912525177
116th run
noise dimension : 8
noise variance: 100.23509216308594
original u-statistic:0.08269357681274414
p value proxy: 0.009966777637600899
result: True
power_upto_now: 0.06034482643008232
117th run
noise dimension : 8
noise variance: 100.4557113647461
original u-statistic:0.0173189640045166
p value proxy: 0.2657807171344757
result: False
power_upto_now: 0.05982905998826027
118th run
noise dimension : 8
noise variance: 100.27313995361328
original u-statistic:0.009634971618652344
p value proxy: 0.2657807171344757
result: False
power_upto_now: 0.05932203307747841
119th run
noise dimension : 8
noise variance: 100.17382049560547
original u-statistic:0.0398252010345459
p value proxy: 0.13621261715888977
result: False
power_upto_now: 0.05882352963089943
120th run
noise dimension : 8
noise variance: 100.48664093017578
original u-statistic:-0.018846988677978516
p value proxy: 0.6777408719062805
result: False
power_upto_now: 0.05833333358168602
121th run
noise dimension : 8
noise variance: 99.44815063476562
original u-statistic:-0.026304960250854492
p value proxy: 0.7774085998535156
result: False
power_upto_now: 0.057851240038871765
122th run
noise dimension : 8
noise variance: 99.98065948486328
original u-statistic:0.03778982162475586
p value proxy: 0.1229235827922821
result: False
power_upto_now: 0.05737704783678055
123th run
noise dimension : 8
noise variance: 100.24742889404297
original u-statistic:-0.028586149215698242
p value proxy: 0.8106312155723572
result: False
power_upto_now: 0.056910570710897446
124th run
noise dimension : 8
noise variance: 99.98821258544922
original u-statistic:-0.031604766845703125
p value proxy: 0.8770763874053955
result: False
power_upto_now: 0.05645161122083664
125th run
noise dimension : 8
noise variance: 100.32176971435547
original u-statistic:-0.0042095184326171875
p value proxy: 0.4651162624359131
result: False
power_upto_now: 0.0560000017285347
126th run
noise dimension : 8
noise variance: 99.9205322265625
original u-statistic:0.127349853515625
p value proxy: 0.003322259057313204
result: True
power_upto_now: 0.0634920671582222
127th run
noise dimension : 8
noise variance: 100.34825134277344
original u-statistic:-0.03130054473876953
p value proxy: 0.8172757029533386
result: False
power_upto_now: 0.06299212574958801
128th run
noise dimension : 8
noise variance: 100.18717193603516
original u-statistic:-0.029577970504760742
p value proxy: 0.8338870406150818
result: False
power_upto_now: 0.0625
129th run
noise dimension : 8
noise variance: 99.11605834960938
original u-statistic:0.03373551368713379
p value proxy: 0.18936876952648163
result: False
power_upto_now: 0.06201550364494324
130th run
noise dimension : 8
noise variance: 100.42313385009766
original u-statistic:0.013545751571655273
p value proxy: 0.3488371968269348
result: False
power_upto_now: 0.0615384615957737
131th run
noise dimension : 8
noise variance: 99.28334045410156
original u-statistic:8.654594421386719e-05
p value proxy: 0.43521595001220703
result: False
power_upto_now: 0.06106870248913765
132th run
noise dimension : 8
noise variance: 100.37393951416016
original u-statistic:-0.004492282867431641
p value proxy: 0.4883720874786377
result: False
power_upto_now: 0.06060606241226196
133th run
noise dimension : 8
noise variance: 100.4614028930664
original u-statistic:-0.04377102851867676
p value proxy: 0.9767441749572754
result: False
power_upto_now: 0.060150377452373505
134th run
noise dimension : 8
noise variance: 100.52203369140625
original u-statistic:-0.020238399505615234
p value proxy: 0.724252462387085
result: False
power_upto_now: 0.05970149114727974
135th run
noise dimension : 8
noise variance: 100.23870849609375
original u-statistic:0.015293359756469727
p value proxy: 0.2657807171344757
result: False
power_upto_now: 0.05925925821065903
136th run
noise dimension : 8
noise variance: 100.73957061767578
original u-statistic:0.041230201721191406
p value proxy: 0.10631228983402252
result: False
power_upto_now: 0.05882352963089943
137th run
noise dimension : 8
noise variance: 100.16680908203125
original u-statistic:-0.015341997146606445
p value proxy: 0.6146179437637329
result: False
power_upto_now: 0.058394160121679306
138th run
noise dimension : 8
noise variance: 99.93295288085938
original u-statistic:-0.03294730186462402
p value proxy: 0.8803986310958862
result: False
power_upto_now: 0.05797101557254791
139th run
noise dimension : 8
noise variance: 100.23320770263672
original u-statistic:-0.029924869537353516
p value proxy: 0.8372092843055725
result: False
power_upto_now: 0.057553958147764206
140th run
noise dimension : 8
noise variance: 99.79051208496094
original u-statistic:-0.0315556526184082
p value proxy: 0.843853771686554
result: False
power_upto_now: 0.05714285746216774
141th run
noise dimension : 8
noise variance: 99.73805236816406
original u-statistic:0.0029795169830322266
p value proxy: 0.39867109060287476
result: False
power_upto_now: 0.05673758685588837
142th run
noise dimension : 8
noise variance: 99.79157257080078
original u-statistic:0.0340116024017334
p value proxy: 0.12624584138393402
result: False
power_upto_now: 0.056338027119636536
143th run
noise dimension : 8
noise variance: 100.12936401367188
original u-statistic:0.018555164337158203
p value proxy: 0.31561461091041565
result: False
power_upto_now: 0.0559440553188324
144th run
noise dimension : 8
noise variance: 99.92662048339844
original u-statistic:0.022395849227905273
p value proxy: 0.25249168276786804
result: False
power_upto_now: 0.0555555559694767
145th run
noise dimension : 8
noise variance: 100.36920928955078
original u-statistic:0.010859012603759766
p value proxy: 0.31893688440322876
result: False
power_upto_now: 0.05517241358757019
146th run
noise dimension : 8
noise variance: 99.96468353271484
original u-statistic:-0.0057451725006103516
p value proxy: 0.514950156211853
result: False
power_upto_now: 0.054794520139694214
147th run
noise dimension : 8
noise variance: 99.64759826660156
original u-statistic:-0.031080245971679688
p value proxy: 0.8205980062484741
result: False
power_upto_now: 0.054421767592430115
148th run
noise dimension : 8
noise variance: 99.60051727294922
original u-statistic:0.002086639404296875
p value proxy: 0.3920265734195709
result: False
power_upto_now: 0.054054055362939835
149th run
noise dimension : 8
noise variance: 100.61190032958984
original u-statistic:-0.003905773162841797
p value proxy: 0.5116279125213623
result: False
power_upto_now: 0.05369127541780472
150th run
noise dimension : 8
noise variance: 100.06900024414062
original u-statistic:-0.040287017822265625
p value proxy: 0.9534883499145508
result: False
power_upto_now: 0.0533333346247673
151th run
noise dimension : 8
noise variance: 99.46659851074219
original u-statistic:0.021013259887695312
p value proxy: 0.25581395626068115
result: False
power_upto_now: 0.05298013240098953
152th run
noise dimension : 8
noise variance: 100.74602508544922
original u-statistic:-0.027985811233520508
p value proxy: 0.8006644248962402
result: False
power_upto_now: 0.05263157933950424
153th run
noise dimension : 8
noise variance: 100.45316314697266
original u-statistic:-0.03592944145202637
p value proxy: 0.8870431780815125
result: False
power_upto_now: 0.05228758230805397
154th run
noise dimension : 8
noise variance: 100.62560272216797
original u-statistic:0.021615028381347656
p value proxy: 0.2225913554430008
result: False
power_upto_now: 0.051948051899671555
155th run
noise dimension : 8
noise variance: 100.07893371582031
original u-statistic:0.008419275283813477
p value proxy: 0.3920265734195709
result: False
power_upto_now: 0.05161290243268013
156th run
noise dimension : 8
noise variance: 100.09197998046875
original u-statistic:-0.01795220375061035
p value proxy: 0.6777408719062805
result: False
power_upto_now: 0.05128205195069313
157th run
noise dimension : 8
noise variance: 99.97000885009766
original u-statistic:0.04040980339050293
p value proxy: 0.08637873828411102
result: False
power_upto_now: 0.05095541477203369
158th run
noise dimension : 8
noise variance: 100.33853912353516
original u-statistic:-0.019215106964111328
p value proxy: 0.6710963249206543
result: False
power_upto_now: 0.050632912665605545
159th run
noise dimension : 8
noise variance: 99.65489959716797
original u-statistic:-0.01934671401977539
p value proxy: 0.6378737688064575
result: False
power_upto_now: 0.050314463675022125
160th run
noise dimension : 8
noise variance: 100.35018920898438
original u-statistic:0.015323877334594727
p value proxy: 0.31561461091041565
result: False
power_upto_now: 0.05000000074505806
161th run
noise dimension : 8
noise variance: 99.96663665771484
original u-statistic:0.026753664016723633
p value proxy: 0.17275747656822205
result: False
power_upto_now: 0.04968944191932678
162th run
noise dimension : 8
noise variance: 99.90605163574219
original u-statistic:0.007997512817382812
p value proxy: 0.3322259187698364
result: False
power_upto_now: 0.04938271641731262
163th run
noise dimension : 8
noise variance: 100.3918228149414
original u-statistic:0.009971141815185547
p value proxy: 0.302325576543808
result: False
power_upto_now: 0.04907975345849991
164th run
noise dimension : 8
noise variance: 100.13842010498047
original u-statistic:-0.02569437026977539
p value proxy: 0.7873753905296326
result: False
power_upto_now: 0.04878048598766327
165th run
noise dimension : 8
noise variance: 100.6897201538086
original u-statistic:-0.036263465881347656
p value proxy: 0.8903654217720032
result: False
power_upto_now: 0.04848484694957733
166th run
noise dimension : 8
noise variance: 99.82270050048828
original u-statistic:-0.031047344207763672
p value proxy: 0.8305647373199463
result: False
power_upto_now: 0.048192769289016724
167th run
noise dimension : 8
noise variance: 100.49284362792969
original u-statistic:0.059468984603881836
p value proxy: 0.019933555275201797
result: True
power_upto_now: 0.053892213851213455
168th run
noise dimension : 8
noise variance: 99.36672973632812
original u-statistic:-0.04665517807006836
p value proxy: 0.9867109656333923
result: False
power_upto_now: 0.0535714291036129
169th run
noise dimension : 8
noise variance: 100.6235122680664
original u-statistic:0.03203725814819336
p value proxy: 0.14950165152549744
result: False
power_upto_now: 0.05325443670153618
170th run
noise dimension : 8
noise variance: 100.23182678222656
original u-statistic:-0.025276660919189453
p value proxy: 0.7342192530632019
result: False
power_upto_now: 0.052941177040338516
171th run
noise dimension : 8
noise variance: 100.07066345214844
original u-statistic:-0.04437565803527832
p value proxy: 0.9534883499145508
result: False
power_upto_now: 0.05263157933950424
172th run
noise dimension : 8
noise variance: 99.7176513671875
original u-statistic:-0.0022597312927246094
p value proxy: 0.4684385359287262
result: False
power_upto_now: 0.05232558026909828
173th run
noise dimension : 8
noise variance: 100.05516815185547
original u-statistic:0.0816950798034668
p value proxy: 0.013289036229252815
result: True
power_upto_now: 0.05780346691608429
174th run
noise dimension : 8
noise variance: 99.97135162353516
original u-statistic:0.014581680297851562
p value proxy: 0.29568105936050415
result: False
power_upto_now: 0.05747126415371895
175th run
noise dimension : 8
noise variance: 100.63800048828125
original u-statistic:-0.022948265075683594
p value proxy: 0.7541528344154358
result: False
power_upto_now: 0.05714285746216774
176th run
noise dimension : 8
noise variance: 100.45777893066406
original u-statistic:0.0078089237213134766
p value proxy: 0.41528236865997314
result: False
power_upto_now: 0.05681818351149559
177th run
noise dimension : 8
noise variance: 100.36784362792969
original u-statistic:-0.0028777122497558594
p value proxy: 0.4651162624359131
result: False
power_upto_now: 0.05649717524647713
178th run
noise dimension : 8
noise variance: 100.15071105957031
original u-statistic:-0.036107540130615234
p value proxy: 0.8970099687576294
result: False
power_upto_now: 0.056179776787757874
179th run
noise dimension : 8
noise variance: 99.88675689697266
original u-statistic:-0.02879166603088379
p value proxy: 0.8073089718818665
result: False
power_upto_now: 0.05586592108011246
180th run
noise dimension : 8
noise variance: 100.34351348876953
original u-statistic:0.024393558502197266
p value proxy: 0.2059800624847412
result: False
power_upto_now: 0.0555555559694767
181th run
noise dimension : 8
noise variance: 99.72013854980469
original u-statistic:-0.023612499237060547
p value proxy: 0.7441860437393188
result: False
power_upto_now: 0.05524861812591553
182th run
noise dimension : 8
noise variance: 100.55167388916016
original u-statistic:0.00811457633972168
p value proxy: 0.3488371968269348
result: False
power_upto_now: 0.05494505539536476
183th run
noise dimension : 8
noise variance: 100.18463134765625
original u-statistic:-0.01427459716796875
p value proxy: 0.6146179437637329
result: False
power_upto_now: 0.054644808173179626
184th run
noise dimension : 8
noise variance: 99.84182739257812
original u-statistic:-0.0071849822998046875
p value proxy: 0.5116279125213623
result: False
power_upto_now: 0.054347824305295944
185th run
noise dimension : 8
noise variance: 100.51318359375
original u-statistic:-0.032633066177368164
p value proxy: 0.8903654217720032
result: False
power_upto_now: 0.054054055362939835
186th run
noise dimension : 8
noise variance: 100.92671203613281
original u-statistic:0.008221149444580078
p value proxy: 0.31229233741760254
result: False
power_upto_now: 0.05376344174146652
187th run
noise dimension : 8
noise variance: 99.2213363647461
original u-statistic:0.03231358528137207
p value proxy: 0.1627907007932663
result: False
power_upto_now: 0.05347593501210213
188th run
noise dimension : 8
noise variance: 100.08470153808594
original u-statistic:0.02468252182006836
p value proxy: 0.20930232107639313
result: False
power_upto_now: 0.05319149047136307
189th run
noise dimension : 8
noise variance: 99.84512329101562
original u-statistic:0.030824661254882812
p value proxy: 0.1860465109348297
result: False
power_upto_now: 0.05291005223989487
190th run
noise dimension : 8
noise variance: 100.17578887939453
original u-statistic:0.057970523834228516
p value proxy: 0.06644517928361893
result: False
power_upto_now: 0.05263157933950424
191th run
noise dimension : 8
noise variance: 100.19470977783203
original u-statistic:-0.0015194416046142578
p value proxy: 0.4651162624359131
result: False
power_upto_now: 0.052356019616127014
192th run
noise dimension : 8
noise variance: 99.65721893310547
original u-statistic:-0.030434370040893555
p value proxy: 0.8372092843055725
result: False
power_upto_now: 0.0520833320915699
193th run
noise dimension : 8
noise variance: 99.82151794433594
original u-statistic:0.004708528518676758
p value proxy: 0.3621262311935425
result: False
power_upto_now: 0.05181347206234932
194th run
noise dimension : 8
noise variance: 99.43132019042969
original u-statistic:-0.0364530086517334
p value proxy: 0.9036544561386108
result: False
power_upto_now: 0.05154639109969139
195th run
noise dimension : 8
noise variance: 99.40081787109375
original u-statistic:-0.009420156478881836
p value proxy: 0.4883720874786377
result: False
power_upto_now: 0.05128205195069313
196th run
noise dimension : 8
noise variance: 100.13526916503906
original u-statistic:0.002002239227294922
p value proxy: 0.421926885843277
result: False
power_upto_now: 0.051020409911870956
197th run
noise dimension : 8
noise variance: 99.88390350341797
original u-statistic:-0.032002925872802734
p value proxy: 0.8372092843055725
result: False
power_upto_now: 0.05076142027974129
198th run
noise dimension : 8
noise variance: 100.36299133300781
original u-statistic:0.01144266128540039
p value proxy: 0.33887043595314026
result: False
power_upto_now: 0.05050504952669144
199th run
noise dimension : 8
noise variance: 99.37332916259766
original u-statistic:0.004449367523193359
p value proxy: 0.33887043595314026
result: False
power_upto_now: 0.05025125667452812
200th run
noise dimension : 8
noise variance: 100.19303131103516
original u-statistic:-0.0010645389556884766
p value proxy: 0.4318936765193939
result: False
power_upto_now: 0.05000000074505806
201th run
noise dimension : 8
noise variance: 100.03843688964844
original u-statistic:-0.01996016502380371
p value proxy: 0.7508305311203003
result: False
power_upto_now: 0.049751244485378265
202th run
noise dimension : 8
noise variance: 100.31616973876953
original u-statistic:-0.0239715576171875
p value proxy: 0.7176079750061035
result: False
power_upto_now: 0.049504950642585754
203th run
noise dimension : 8
noise variance: 100.25221252441406
original u-statistic:-0.0218353271484375
p value proxy: 0.7508305311203003
result: False
power_upto_now: 0.04926108196377754
204th run
noise dimension : 8
noise variance: 100.2440414428711
original u-statistic:-0.0293886661529541
p value proxy: 0.8405315279960632
result: False
power_upto_now: 0.04901960864663124
205th run
noise dimension : 8
noise variance: 99.792236328125
original u-statistic:-0.035509586334228516
p value proxy: 0.9136212468147278
result: False
power_upto_now: 0.04878048598766327
206th run
noise dimension : 8
noise variance: 100.28828430175781
original u-statistic:-0.00813436508178711
p value proxy: 0.5514950156211853
result: False
power_upto_now: 0.04854368790984154
207th run
noise dimension : 8
noise variance: 99.92913055419922
original u-statistic:-0.05729484558105469
p value proxy: 1.0
result: False
power_upto_now: 0.04830917716026306
208th run
noise dimension : 8
noise variance: 99.93123626708984
original u-statistic:0.012509822845458984
p value proxy: 0.2890365421772003
result: False
power_upto_now: 0.048076923936605453
209th run
noise dimension : 8
noise variance: 100.3893814086914
original u-statistic:0.01906728744506836
p value proxy: 0.23588038980960846
result: False
power_upto_now: 0.04784689098596573
210th run
noise dimension : 8
noise variance: 100.68521881103516
original u-statistic:0.02150440216064453
p value proxy: 0.2657807171344757
result: False
power_upto_now: 0.0476190485060215
211th run
noise dimension : 8
noise variance: 99.2597885131836
original u-statistic:-0.026799917221069336
p value proxy: 0.7940199375152588
result: False
power_upto_now: 0.04739336669445038
212th run
noise dimension : 8
noise variance: 100.24137878417969
original u-statistic:0.014861822128295898
p value proxy: 0.27242523431777954
result: False
power_upto_now: 0.04716981202363968
213th run
noise dimension : 8
noise variance: 100.29283905029297
original u-statistic:0.032845497131347656
p value proxy: 0.1428571343421936
result: False
power_upto_now: 0.04694835841655731
214th run
noise dimension : 8
noise variance: 100.10909271240234
original u-statistic:0.049226999282836914
p value proxy: 0.07641195505857468
result: False
power_upto_now: 0.04672897234559059
215th run
noise dimension : 8
noise variance: 99.46723937988281
original u-statistic:-0.03380703926086426
p value proxy: 0.8970099687576294
result: False
power_upto_now: 0.04651162773370743
216th run
noise dimension : 8
noise variance: 100.10610961914062
original u-statistic:-0.0289919376373291
p value proxy: 0.8205980062484741
result: False
power_upto_now: 0.046296294778585434
217th run
noise dimension : 8
noise variance: 99.91986846923828
original u-statistic:-0.030868053436279297
p value proxy: 0.8272424936294556
result: False
power_upto_now: 0.04608295112848282
218th run
noise dimension : 8
noise variance: 99.92459106445312
original u-statistic:-0.04015636444091797
p value proxy: 0.9235880374908447
result: False
power_upto_now: 0.0458715595304966
219th run
noise dimension : 8
noise variance: 99.81813049316406
original u-statistic:-0.0308535099029541
p value proxy: 0.8538205623626709
result: False
power_upto_now: 0.04566210135817528
220th run
noise dimension : 8
noise variance: 99.89424896240234
original u-statistic:-0.030063629150390625
p value proxy: 0.8338870406150818
result: False
power_upto_now: 0.04545454680919647
221th run
noise dimension : 8
noise variance: 100.07247161865234
original u-statistic:-0.010871410369873047
p value proxy: 0.5880398750305176
result: False
power_upto_now: 0.04524886980652809
222th run
noise dimension : 8
noise variance: 100.22515106201172
original u-statistic:0.04501080513000488
p value proxy: 0.1029900312423706
result: False
power_upto_now: 0.045045044273138046
223th run
noise dimension : 8
noise variance: 99.87145233154297
original u-statistic:0.006711721420288086
p value proxy: 0.33887043595314026
result: False
power_upto_now: 0.044843047857284546
224th run
noise dimension : 8
noise variance: 100.79309844970703
original u-statistic:-0.03712940216064453
p value proxy: 0.8870431780815125
result: False
power_upto_now: 0.0446428582072258
225th run
noise dimension : 8
noise variance: 100.20169067382812
original u-statistic:0.0016701221466064453
p value proxy: 0.4053156077861786
result: False
power_upto_now: 0.04444444552063942
226th run
noise dimension : 8
noise variance: 99.70308685302734
original u-statistic:-0.005161762237548828
p value proxy: 0.5083056092262268
result: False
power_upto_now: 0.044247787445783615
227th run
noise dimension : 8
noise variance: 100.00961303710938
original u-statistic:-0.01091456413269043
p value proxy: 0.5747508406639099
result: False
power_upto_now: 0.044052861630916595
228th run
noise dimension : 8
noise variance: 100.20114135742188
original u-statistic:0.024469375610351562
p value proxy: 0.17607973515987396
result: False
power_upto_now: 0.04385964944958687
229th run
noise dimension : 8
noise variance: 100.51115417480469
original u-statistic:0.022203445434570312
p value proxy: 0.22923587262630463
result: False
power_upto_now: 0.043668121099472046
230th run
noise dimension : 8
noise variance: 100.12544250488281
original u-statistic:-0.014442205429077148
p value proxy: 0.6611295342445374
result: False
power_upto_now: 0.043478261679410934
231th run
noise dimension : 8
noise variance: 99.74624633789062
original u-statistic:-0.01573944091796875
p value proxy: 0.6710963249206543
result: False
power_upto_now: 0.043290045112371445
232th run
noise dimension : 8
noise variance: 99.73570251464844
original u-statistic:0.10006570816040039
p value proxy: 0.013289036229252815
result: True
power_upto_now: 0.047413792461156845
233th run
noise dimension : 8
noise variance: 100.03751373291016
original u-statistic:0.0377957820892334
p value proxy: 0.12956809997558594
result: False
power_upto_now: 0.04721030220389366
234th run
noise dimension : 8
noise variance: 99.52749633789062
original u-statistic:-0.029063701629638672
p value proxy: 0.7807309031486511
result: False
power_upto_now: 0.04700854793190956
235th run
noise dimension : 8
noise variance: 99.55187225341797
original u-statistic:-0.02201700210571289
p value proxy: 0.7375414967536926
result: False
power_upto_now: 0.04680851101875305
236th run
noise dimension : 8
noise variance: 100.22282409667969
original u-statistic:-0.01204991340637207
p value proxy: 0.6212624311447144
result: False
power_upto_now: 0.04661016911268234
237th run
noise dimension : 8
noise variance: 99.06560516357422
original u-statistic:0.030457258224487305
p value proxy: 0.19933554530143738
result: False
power_upto_now: 0.04641350358724594
238th run
noise dimension : 8
noise variance: 99.4002456665039
original u-statistic:-0.018837690353393555
p value proxy: 0.6511628031730652
result: False
power_upto_now: 0.04621848836541176
239th run
noise dimension : 8
noise variance: 100.19615936279297
original u-statistic:-0.005296230316162109
p value proxy: 0.514950156211853
result: False
power_upto_now: 0.0460251048207283
240th run
noise dimension : 8
noise variance: 99.97508239746094
original u-statistic:-0.0017871856689453125
p value proxy: 0.46179401874542236
result: False
power_upto_now: 0.04583333432674408
241th run
noise dimension : 8
noise variance: 99.66851043701172
original u-statistic:-0.022271394729614258
p value proxy: 0.7408637404441833
result: False
power_upto_now: 0.0456431545317173
242th run
noise dimension : 8
noise variance: 100.29090118408203
original u-statistic:0.03093886375427246
p value proxy: 0.15946844220161438
result: False
power_upto_now: 0.04545454680919647
243th run
noise dimension : 8
noise variance: 100.17098999023438
original u-statistic:-0.04068493843078613
p value proxy: 0.9302325248718262
result: False
power_upto_now: 0.045267488807439804
244th run
noise dimension : 8
noise variance: 99.84928131103516
original u-statistic:0.011716127395629883
p value proxy: 0.3289036452770233
result: False
power_upto_now: 0.0450819656252861
245th run
noise dimension : 8
noise variance: 100.37074279785156
original u-statistic:-0.01690983772277832
p value proxy: 0.7043189406394958
result: False
power_upto_now: 0.044897958636283875
246th run
noise dimension : 8
noise variance: 99.7200698852539
original u-statistic:-0.028527498245239258
p value proxy: 0.8272424936294556
result: False
power_upto_now: 0.04471544548869133
247th run
noise dimension : 8
noise variance: 100.29379272460938
original u-statistic:0.0021638870239257812
p value proxy: 0.37873753905296326
result: False
power_upto_now: 0.044534411281347275
248th run
noise dimension : 8
noise variance: 100.6731185913086
original u-statistic:0.006810426712036133
p value proxy: 0.3853820562362671
result: False
power_upto_now: 0.04435483738780022
249th run
noise dimension : 8
noise variance: 99.30916595458984
original u-statistic:0.00018835067749023438
p value proxy: 0.4451827108860016
result: False
power_upto_now: 0.04417670518159866
250th run
noise dimension : 8
noise variance: 99.69129943847656
original u-statistic:0.07378983497619629
p value proxy: 0.02657807245850563
result: True
power_upto_now: 0.04800000041723251
251th run
noise dimension : 8
noise variance: 99.84095764160156
original u-statistic:0.031267404556274414
p value proxy: 0.17940199375152588
result: False
power_upto_now: 0.04780876636505127
252th run
noise dimension : 8
noise variance: 100.34098815917969
original u-statistic:0.00484919548034668
p value proxy: 0.43853819370269775
result: False
power_upto_now: 0.0476190485060215
253th run
noise dimension : 8
noise variance: 100.50089263916016
original u-statistic:0.005355358123779297
p value proxy: 0.3853820562362671
result: False
power_upto_now: 0.04743082821369171
254th run
noise dimension : 8
noise variance: 99.78185272216797
original u-statistic:0.03246426582336426
p value proxy: 0.15282391011714935
result: False
power_upto_now: 0.04724409431219101
255th run
noise dimension : 8
noise variance: 100.06066131591797
original u-statistic:-0.028125286102294922
p value proxy: 0.8106312155723572
result: False
power_upto_now: 0.0470588244497776
256th run
noise dimension : 8
noise variance: 99.4073257446289
original u-statistic:0.07191038131713867
p value proxy: 0.039867110550403595
result: True
power_upto_now: 0.05078125
257th run
noise dimension : 8
noise variance: 100.3233413696289
original u-statistic:-0.005953550338745117
p value proxy: 0.5016611218452454
result: False
power_upto_now: 0.05058365687727928
258th run
noise dimension : 8
noise variance: 100.63005828857422
original u-statistic:-0.01701045036315918
p value proxy: 0.7009966373443604
result: False
power_upto_now: 0.05038759857416153
259th run
noise dimension : 8
noise variance: 100.57234191894531
original u-statistic:-0.015522956848144531
p value proxy: 0.6644518375396729
result: False
power_upto_now: 0.050193049013614655
260th run
noise dimension : 8
noise variance: 100.13768005371094
original u-statistic:0.01353311538696289
p value proxy: 0.29235878586769104
result: False
power_upto_now: 0.05000000074505806
261th run
noise dimension : 8
noise variance: 100.52613830566406
original u-statistic:-0.036043643951416016
p value proxy: 0.8637873530387878
result: False
power_upto_now: 0.049808427691459656
262th run
noise dimension : 8
noise variance: 99.56775665283203
original u-statistic:0.04999709129333496
p value proxy: 0.08970099687576294
result: False
power_upto_now: 0.049618322402238846
263th run
noise dimension : 8
noise variance: 100.19242858886719
original u-statistic:-0.007369279861450195
p value proxy: 0.514950156211853
result: False
power_upto_now: 0.04942965880036354
264th run
noise dimension : 8
noise variance: 99.89283752441406
original u-statistic:-0.029733657836914062
p value proxy: 0.7973421812057495
result: False
power_upto_now: 0.049242425709962845
265th run
noise dimension : 8
noise variance: 99.85948944091797
original u-statistic:-0.013313055038452148
p value proxy: 0.6179401874542236
result: False
power_upto_now: 0.049056604504585266
266th run
noise dimension : 8
noise variance: 100.31990814208984
original u-statistic:0.04284071922302246
p value proxy: 0.09966777265071869
result: False
power_upto_now: 0.04887218028306961
267th run
noise dimension : 8
noise variance: 99.62752532958984
original u-statistic:0.005881309509277344
p value proxy: 0.3720930218696594
result: False
power_upto_now: 0.048689138144254684
268th run
noise dimension : 8
noise variance: 99.96890258789062
original u-statistic:0.0984489917755127
p value proxy: 0.013289036229252815
result: True
power_upto_now: 0.05223880708217621
269th run
noise dimension : 8
noise variance: 99.89991760253906
original u-statistic:0.02754068374633789
p value proxy: 0.18936876952648163
result: False
power_upto_now: 0.05204461142420769
270th run
noise dimension : 8
noise variance: 99.9585189819336
original u-statistic:-0.02992725372314453
p value proxy: 0.7940199375152588
result: False
power_upto_now: 0.051851850003004074
271th run
noise dimension : 8
noise variance: 100.14874267578125
original u-statistic:-0.013119935989379883
p value proxy: 0.6146179437637329
result: False
power_upto_now: 0.05166051536798477
272th run
noise dimension : 8
noise variance: 100.06778717041016
original u-statistic:0.03458571434020996
p value proxy: 0.10963454842567444
result: False
power_upto_now: 0.05147058889269829
273th run
noise dimension : 8
noise variance: 99.79454040527344
original u-statistic:0.03709745407104492
p value proxy: 0.11960132420063019
result: False
power_upto_now: 0.05128205195069313
274th run
noise dimension : 8
noise variance: 99.83732604980469
original u-statistic:-0.017083168029785156
p value proxy: 0.6378737688064575
result: False
power_upto_now: 0.051094889640808105
275th run
noise dimension : 8
noise variance: 100.08720397949219
original u-statistic:-0.014417886734008789
p value proxy: 0.6179401874542236
result: False
power_upto_now: 0.05090909078717232
276th run
noise dimension : 8
noise variance: 100.1209487915039
original u-statistic:0.011566400527954102
p value proxy: 0.31561461091041565
result: False
power_upto_now: 0.050724636763334274
277th run
noise dimension : 8
noise variance: 99.95112609863281
original u-statistic:0.02463531494140625
p value proxy: 0.2026578038930893
result: False
power_upto_now: 0.05054151639342308
278th run
noise dimension : 8
noise variance: 99.9090805053711
original u-statistic:0.15211176872253418
p value proxy: 0.003322259057313204
result: True
power_upto_now: 0.053956832736730576
279th run
noise dimension : 8
noise variance: 100.13558959960938
original u-statistic:-0.041467905044555664
p value proxy: 0.9435215592384338
result: False
power_upto_now: 0.05376344174146652
280th run
noise dimension : 8
noise variance: 100.28315734863281
original u-statistic:-0.0018701553344726562
p value proxy: 0.4318936765193939
result: False
power_upto_now: 0.0535714291036129
281th run
noise dimension : 8
noise variance: 99.50287628173828
original u-statistic:0.035575151443481445
p value proxy: 0.11295680701732635
result: False
power_upto_now: 0.05338078364729881
282th run
noise dimension : 8
noise variance: 100.37767028808594
original u-statistic:0.003978729248046875
p value proxy: 0.4518272280693054
result: False
power_upto_now: 0.05319149047136307
283th run
noise dimension : 8
noise variance: 99.76837158203125
original u-statistic:-0.03062748908996582
p value proxy: 0.8671095967292786
result: False
power_upto_now: 0.05300353467464447
284th run
noise dimension : 8
noise variance: 99.57808685302734
original u-statistic:0.03789162635803223
p value proxy: 0.15614616870880127
result: False
power_upto_now: 0.05281690135598183
285th run
noise dimension : 8
noise variance: 100.2888412475586
original u-statistic:-0.03401589393615723
p value proxy: 0.8803986310958862
result: False
power_upto_now: 0.05263157933950424
286th run
noise dimension : 8
noise variance: 100.05867767333984
original u-statistic:-0.021143198013305664
p value proxy: 0.7508305311203003
result: False
power_upto_now: 0.05244755372405052
287th run
noise dimension : 8
noise variance: 100.61334228515625
original u-statistic:0.08234930038452148
p value proxy: 0.019933555275201797
result: True
power_upto_now: 0.05574912950396538
288th run
noise dimension : 8
noise variance: 100.3714828491211
original u-statistic:-0.0476682186126709
p value proxy: 0.9734219312667847
result: False
power_upto_now: 0.0555555559694767
289th run
noise dimension : 8
noise variance: 99.9069595336914
original u-statistic:-0.00128936767578125
p value proxy: 0.49501660466194153
result: False
power_upto_now: 0.05536332353949547
290th run
noise dimension : 8
noise variance: 100.41122436523438
original u-statistic:-0.0016849040985107422
p value proxy: 0.3920265734195709
result: False
power_upto_now: 0.05517241358757019
291th run
noise dimension : 8
noise variance: 100.4757080078125
original u-statistic:0.08750796318054199
p value proxy: 0.016611294820904732
result: True
power_upto_now: 0.05841924250125885
292th run
noise dimension : 8
noise variance: 100.48615264892578
original u-statistic:-0.015507698059082031
p value proxy: 0.6511628031730652
result: False
power_upto_now: 0.05821917951107025
293th run
noise dimension : 8
noise variance: 99.92778778076172
original u-statistic:0.07651114463806152
p value proxy: 0.023255813866853714
result: True
power_upto_now: 0.061433445662260056
294th run
noise dimension : 8
noise variance: 100.00916290283203
original u-statistic:-0.02500319480895996
p value proxy: 0.7873753905296326
result: False
power_upto_now: 0.06122449040412903
295th run
noise dimension : 8
noise variance: 100.12035369873047
original u-statistic:-0.012641191482543945
p value proxy: 0.634551465511322
result: False
power_upto_now: 0.06101695075631142
296th run
noise dimension : 8
noise variance: 99.86170959472656
original u-statistic:-0.025781631469726562
p value proxy: 0.7906976342201233
result: False
power_upto_now: 0.06081081181764603
297th run
noise dimension : 8
noise variance: 99.63738250732422
original u-statistic:-0.017368078231811523
p value proxy: 0.6611295342445374
result: False
power_upto_now: 0.06060606241226196
298th run
noise dimension : 8
noise variance: 99.91584777832031
original u-statistic:0.014734029769897461
p value proxy: 0.3488371968269348
result: False
power_upto_now: 0.06040268391370773
299th run
noise dimension : 8
noise variance: 99.83289337158203
original u-statistic:0.0035467147827148438
p value proxy: 0.39534881711006165
result: False
power_upto_now: 0.06020066887140274
300th run
noise dimension : 8
noise variance: 100.29862213134766
original u-statistic:-0.0038995742797851562
p value proxy: 0.5083056092262268
result: False
power_upto_now: 0.05999999865889549
301th run
noise dimension : 8
noise variance: 100.35334014892578
original u-statistic:-0.04861283302307129
p value proxy: 0.9867109656333923
result: False
power_upto_now: 0.05980066582560539
302th run
noise dimension : 8
noise variance: 99.42701721191406
original u-statistic:0.001729726791381836
p value proxy: 0.3853820562362671
result: False
power_upto_now: 0.05960264801979065
303th run
noise dimension : 8
noise variance: 99.96849822998047
original u-statistic:-0.0008151531219482422
p value proxy: 0.4684385359287262
result: False
power_upto_now: 0.059405941516160965
304th run
noise dimension : 8
noise variance: 99.98574829101562
original u-statistic:0.0047953128814697266
p value proxy: 0.37541526556015015
result: False
power_upto_now: 0.05921052768826485
305th run
noise dimension : 8
noise variance: 100.0890121459961
original u-statistic:0.004044294357299805
p value proxy: 0.41860464215278625
result: False
power_upto_now: 0.0590163916349411
306th run
noise dimension : 8
noise variance: 99.86836242675781
original u-statistic:-0.04238390922546387
p value proxy: 0.9667773842811584
result: False
power_upto_now: 0.05882352963089943
307th run
noise dimension : 8
noise variance: 99.95079040527344
original u-statistic:0.07522249221801758
p value proxy: 0.04318936914205551
result: True
power_upto_now: 0.061889249831438065
308th run
noise dimension : 8
noise variance: 100.1634292602539
original u-statistic:0.007222652435302734
p value proxy: 0.342192679643631
result: False
power_upto_now: 0.06168831139802933
309th run
noise dimension : 8
noise variance: 100.40176391601562
original u-statistic:-0.011544227600097656
p value proxy: 0.564784049987793
result: False
power_upto_now: 0.06148867309093475
310th run
noise dimension : 8
noise variance: 99.9631576538086
original u-statistic:-0.028531789779663086
p value proxy: 0.8372092843055725
result: False
power_upto_now: 0.06129032373428345
311th run
noise dimension : 8
noise variance: 100.40682220458984
original u-statistic:-0.04939007759094238
p value proxy: 0.9800664186477661
result: False
power_upto_now: 0.061093248426914215
312th run
noise dimension : 8
noise variance: 99.35382843017578
original u-statistic:-0.030840158462524414
p value proxy: 0.8405315279960632
result: False
power_upto_now: 0.06089743599295616
313th run
noise dimension : 8
noise variance: 99.81672668457031
original u-statistic:-0.018322467803955078
p value proxy: 0.7076411843299866
result: False
power_upto_now: 0.06070287525653839
314th run
noise dimension : 8
noise variance: 99.8950424194336
original u-statistic:-0.022906064987182617
p value proxy: 0.7209302186965942
result: False
power_upto_now: 0.06050955504179001
315th run
noise dimension : 8
noise variance: 99.38338470458984
original u-statistic:-0.0018875598907470703
p value proxy: 0.46179401874542236
result: False
power_upto_now: 0.06031746044754982
316th run
noise dimension : 8
noise variance: 99.73593139648438
original u-statistic:0.00013184547424316406
p value proxy: 0.4252491593360901
result: False
power_upto_now: 0.06012658402323723
317th run
noise dimension : 8
noise variance: 100.1808090209961
original u-statistic:-0.029230117797851562
p value proxy: 0.803986668586731
result: False
power_upto_now: 0.05993690714240074
318th run
noise dimension : 8
noise variance: 100.42964172363281
original u-statistic:-0.033416748046875
p value proxy: 0.8571428656578064
result: False
power_upto_now: 0.05974842607975006
319th run
noise dimension : 8
noise variance: 99.47258758544922
original u-statistic:0.001583099365234375
p value proxy: 0.4252491593360901
result: False
power_upto_now: 0.05956112965941429
320th run
noise dimension : 8
noise variance: 99.80819702148438
original u-statistic:0.09767460823059082
p value proxy: 0.016611294820904732
result: True
power_upto_now: 0.0625
321th run
noise dimension : 8
noise variance: 100.68006134033203
original u-statistic:-0.02421116828918457
p value proxy: 0.7441860437393188
result: False
power_upto_now: 0.06230529770255089
322th run
noise dimension : 8
noise variance: 99.71395111083984
original u-statistic:-0.0009734630584716797
p value proxy: 0.4684385359287262
result: False
power_upto_now: 0.06211180239915848
323th run
noise dimension : 8
noise variance: 100.05290985107422
original u-statistic:-0.031538963317871094
p value proxy: 0.8471760749816895
result: False
power_upto_now: 0.061919502913951874
324th run
noise dimension : 8
noise variance: 99.96774291992188
original u-statistic:0.013095855712890625
p value proxy: 0.262458473443985
result: False
power_upto_now: 0.06172839552164078
325th run
noise dimension : 8
noise variance: 99.61229705810547
original u-statistic:0.049071311950683594
p value proxy: 0.07973422110080719
result: False
power_upto_now: 0.0615384615957737
326th run
noise dimension : 8
noise variance: 100.06781768798828
original u-statistic:-0.03699374198913574
p value proxy: 0.9102990031242371
result: False
power_upto_now: 0.061349693685770035
327th run
noise dimension : 8
noise variance: 99.94087219238281
original u-statistic:-0.03294229507446289
p value proxy: 0.8571428656578064
result: False
power_upto_now: 0.061162080615758896
328th run
noise dimension : 8
noise variance: 99.72196197509766
original u-statistic:0.0050013065338134766
p value proxy: 0.37873753905296326
result: False
power_upto_now: 0.060975611209869385
329th run
noise dimension : 8
noise variance: 99.78801727294922
original u-statistic:-0.0009453296661376953
p value proxy: 0.4318936765193939
result: False
power_upto_now: 0.060790274292230606
330th run
noise dimension : 8
noise variance: 100.30609893798828
original u-statistic:-0.03655266761779785
p value proxy: 0.8637873530387878
result: False
power_upto_now: 0.06060606241226196
331th run
noise dimension : 8
noise variance: 100.32321166992188
original u-statistic:-0.04581570625305176
p value proxy: 0.960132896900177
result: False
power_upto_now: 0.06042296066880226
332th run
noise dimension : 8
noise variance: 100.39118194580078
original u-statistic:0.03701519966125488
p value proxy: 0.10963454842567444
result: False
power_upto_now: 0.0602409653365612
333th run
noise dimension : 8
noise variance: 100.00029754638672
original u-statistic:-0.05366253852844238
p value proxy: 0.9933554530143738
result: False
power_upto_now: 0.060060061514377594
334th run
noise dimension : 8
noise variance: 100.42786407470703
original u-statistic:-0.03259706497192383
p value proxy: 0.8671095967292786
result: False
power_upto_now: 0.05988023802638054
335th run
noise dimension : 8
noise variance: 100.59465789794922
original u-statistic:-0.0415651798248291
p value proxy: 0.9534883499145508
result: False
power_upto_now: 0.05970149114727974
336th run
noise dimension : 8
noise variance: 100.13140869140625
original u-statistic:-0.038040876388549805
p value proxy: 0.9102990031242371
result: False
power_upto_now: 0.0595238097012043
337th run
noise dimension : 8
noise variance: 100.04074096679688
original u-statistic:0.039348602294921875
p value proxy: 0.12624584138393402
result: False
power_upto_now: 0.059347182512283325
338th run
noise dimension : 8
noise variance: 99.39451599121094
original u-statistic:0.038904666900634766
p value proxy: 0.10631228983402252
result: False
power_upto_now: 0.05917159840464592
339th run
noise dimension : 8
noise variance: 100.43263244628906
original u-statistic:-0.017919540405273438
p value proxy: 0.644518256187439
result: False
power_upto_now: 0.05899704992771149
340th run
noise dimension : 8
noise variance: 99.71382904052734
original u-statistic:-0.015053749084472656
p value proxy: 0.6179401874542236
result: False
power_upto_now: 0.05882352963089943
341th run
noise dimension : 8
noise variance: 100.2906494140625
original u-statistic:-0.019060611724853516
p value proxy: 0.674418568611145
result: False
power_upto_now: 0.05865102633833885
342th run
noise dimension : 8
noise variance: 99.79743957519531
original u-statistic:-0.02180767059326172
p value proxy: 0.7574750781059265
result: False
power_upto_now: 0.05847953259944916
343th run
noise dimension : 8
noise variance: 100.76129150390625
original u-statistic:0.03234577178955078
p value proxy: 0.16943521797657013
result: False
power_upto_now: 0.05830903723835945
344th run
noise dimension : 8
noise variance: 100.0416488647461
original u-statistic:0.04476308822631836
p value proxy: 0.09634551405906677
result: False
power_upto_now: 0.058139536529779434
345th run
noise dimension : 8
noise variance: 100.18128204345703
original u-statistic:-0.013489007949829102
p value proxy: 0.634551465511322
result: False
power_upto_now: 0.05797101557254791
346th run
noise dimension : 8
noise variance: 99.73815155029297
original u-statistic:0.0061190128326416016
p value proxy: 0.3455149531364441
result: False
power_upto_now: 0.05780346691608429
347th run
noise dimension : 8
noise variance: 99.79003143310547
original u-statistic:0.03252530097961426
p value proxy: 0.15946844220161438
result: False
power_upto_now: 0.05763688683509827
348th run
noise dimension : 8
noise variance: 99.58568572998047
original u-statistic:-0.03606772422790527
p value proxy: 0.8538205623626709
result: False
power_upto_now: 0.05747126415371895
349th run
noise dimension : 8
noise variance: 99.84210968017578
original u-statistic:0.027189016342163086
p value proxy: 0.16943521797657013
result: False
power_upto_now: 0.05730659142136574
350th run
noise dimension : 8
noise variance: 98.83097839355469
original u-statistic:0.016179323196411133
p value proxy: 0.24916942417621613
result: False
power_upto_now: 0.05714285746216774
351th run
noise dimension : 8
noise variance: 100.24974060058594
original u-statistic:-0.02868342399597168
p value proxy: 0.8405315279960632
result: False
power_upto_now: 0.056980058550834656
352th run
noise dimension : 8
noise variance: 100.39759826660156
original u-statistic:-0.007044553756713867
p value proxy: 0.564784049987793
result: False
power_upto_now: 0.05681818351149559
353th run
noise dimension : 8
noise variance: 99.50257873535156
original u-statistic:0.006064653396606445
p value proxy: 0.3222591280937195
result: False
power_upto_now: 0.056657224893569946
354th run
noise dimension : 8
noise variance: 100.77740478515625
original u-statistic:-0.02244257926940918
p value proxy: 0.7541528344154358
result: False
power_upto_now: 0.05649717524647713
355th run
noise dimension : 8
noise variance: 99.88545989990234
original u-statistic:0.008144378662109375
p value proxy: 0.3654485046863556
result: False
power_upto_now: 0.056338027119636536
356th run
noise dimension : 8
noise variance: 99.83548736572266
original u-statistic:0.029259204864501953
p value proxy: 0.1827242523431778
result: False
power_upto_now: 0.056179776787757874
357th run
noise dimension : 8
noise variance: 100.17211151123047
original u-statistic:-0.0002472400665283203
p value proxy: 0.4485049843788147
result: False
power_upto_now: 0.05602240934967995
358th run
noise dimension : 8
noise variance: 100.04474639892578
original u-statistic:-0.024754762649536133
p value proxy: 0.7408637404441833
result: False
power_upto_now: 0.05586592108011246
359th run
noise dimension : 8
noise variance: 100.2168197631836
original u-statistic:0.02127552032470703
p value proxy: 0.23588038980960846
result: False
power_upto_now: 0.055710308253765106
360th run
noise dimension : 8
noise variance: 100.16931915283203
original u-statistic:-0.005844831466674805
p value proxy: 0.5016611218452454
result: False
power_upto_now: 0.0555555559694767
361th run
noise dimension : 8
noise variance: 99.6229019165039
original u-statistic:0.016632556915283203
p value proxy: 0.2259136140346527
result: False
power_upto_now: 0.05540166050195694
362th run
noise dimension : 8
noise variance: 100.16413879394531
original u-statistic:0.029035091400146484
p value proxy: 0.14950165152549744
result: False
power_upto_now: 0.05524861812591553
363th run
noise dimension : 8
noise variance: 99.77696228027344
original u-statistic:0.05127310752868652
p value proxy: 0.06976743787527084
result: False
power_upto_now: 0.05509641766548157
364th run
noise dimension : 8
noise variance: 100.0557632446289
original u-statistic:-0.01983642578125
p value proxy: 0.6677740812301636
result: False
power_upto_now: 0.05494505539536476
365th run
noise dimension : 8
noise variance: 100.23917388916016
original u-statistic:-0.03650331497192383
p value proxy: 0.9235880374908447
result: False
power_upto_now: 0.054794520139694214
366th run
noise dimension : 8
noise variance: 99.93263244628906
original u-statistic:0.030678510665893555
p value proxy: 0.15946844220161438
result: False
power_upto_now: 0.054644808173179626
367th run
noise dimension : 8
noise variance: 99.9227523803711
original u-statistic:0.030817270278930664
p value proxy: 0.2059800624847412
result: False
power_upto_now: 0.0544959120452404
368th run
noise dimension : 8
noise variance: 99.77384948730469
original u-statistic:-0.0034940242767333984
p value proxy: 0.4916943311691284
result: False
power_upto_now: 0.054347824305295944
369th run
noise dimension : 8
noise variance: 99.94428253173828
original u-statistic:0.0076181888580322266
p value proxy: 0.35880398750305176
result: False
power_upto_now: 0.054200541228055954
370th run
noise dimension : 8
noise variance: 99.80735778808594
original u-statistic:0.03726816177368164
p value proxy: 0.14950165152549744
result: False
power_upto_now: 0.054054055362939835
371th run
noise dimension : 8
noise variance: 99.8492660522461
original u-statistic:-0.04997897148132324
p value proxy: 0.9900332093238831
result: False
power_upto_now: 0.05390835553407669
372th run
noise dimension : 8
noise variance: 100.31694030761719
original u-statistic:-0.009391546249389648
p value proxy: 0.564784049987793
result: False
power_upto_now: 0.05376344174146652
373th run
noise dimension : 8
noise variance: 100.32404327392578
original u-statistic:-0.01681995391845703
p value proxy: 0.6478404998779297
result: False
power_upto_now: 0.053619302809238434
374th run
noise dimension : 8
noise variance: 100.25411987304688
original u-statistic:0.0494685173034668
p value proxy: 0.07308969646692276
result: False
power_upto_now: 0.05347593501210213
375th run
noise dimension : 8
noise variance: 100.31512451171875
original u-statistic:-0.005844831466674805
p value proxy: 0.5348837375640869
result: False
power_upto_now: 0.0533333346247673
376th run
noise dimension : 8
noise variance: 99.72854614257812
original u-statistic:0.030312776565551758
p value proxy: 0.2026578038930893
result: False
power_upto_now: 0.05319149047136307
377th run
noise dimension : 8
noise variance: 100.57371520996094
original u-statistic:0.01625537872314453
p value proxy: 0.2790697515010834
result: False
power_upto_now: 0.05305039882659912
378th run
noise dimension : 8
noise variance: 99.43387603759766
original u-statistic:0.06853151321411133
p value proxy: 0.04651162773370743
result: True
power_upto_now: 0.0555555559694767
379th run
noise dimension : 8
noise variance: 100.08091735839844
original u-statistic:-0.01642751693725586
p value proxy: 0.6245846748352051
result: False
power_upto_now: 0.05540896952152252
380th run
noise dimension : 8
noise variance: 99.7703857421875
original u-statistic:0.04545235633850098
p value proxy: 0.07973422110080719
result: False
power_upto_now: 0.055263157933950424
381th run
noise dimension : 8
noise variance: 99.7720718383789
original u-statistic:0.04171252250671387
p value proxy: 0.12624584138393402
result: False
power_upto_now: 0.05511811003088951
382th run
noise dimension : 8
noise variance: 99.7864761352539
original u-statistic:0.011977672576904297
p value proxy: 0.2990033030509949
result: False
power_upto_now: 0.054973822087049484
383th run
noise dimension : 8
noise variance: 100.29373168945312
original u-statistic:0.0032558441162109375
p value proxy: 0.3687707483768463
result: False
power_upto_now: 0.05483028665184975
384th run
noise dimension : 8
noise variance: 99.4884262084961
original u-statistic:0.08458614349365234
p value proxy: 0.029900331050157547
result: True
power_upto_now: 0.0572916679084301
385th run
noise dimension : 8
noise variance: 100.1542739868164
original u-statistic:-0.018025875091552734
p value proxy: 0.7009966373443604
result: False
power_upto_now: 0.05714285746216774
386th run
noise dimension : 8
noise variance: 100.52754974365234
original u-statistic:0.01369023323059082
p value proxy: 0.3322259187698364
result: False
power_upto_now: 0.05699481815099716
387th run
noise dimension : 8
noise variance: 100.06755065917969
original u-statistic:-0.024628162384033203
p value proxy: 0.764119565486908
result: False
power_upto_now: 0.05684754624962807
388th run
noise dimension : 8
noise variance: 100.7165298461914
original u-statistic:-0.03292250633239746
p value proxy: 0.8538205623626709
result: False
power_upto_now: 0.05670103058218956
389th run
noise dimension : 8
noise variance: 100.44432067871094
original u-statistic:-0.010619878768920898
p value proxy: 0.564784049987793
result: False
power_upto_now: 0.05655527114868164
390th run
noise dimension : 8
noise variance: 99.97284698486328
original u-statistic:-0.023259401321411133
p value proxy: 0.7607973217964172
result: False
power_upto_now: 0.056410256773233414
391th run
noise dimension : 8
noise variance: 99.88426208496094
original u-statistic:-0.009927034378051758
p value proxy: 0.5880398750305176
result: False
power_upto_now: 0.05626598373055458
392th run
noise dimension : 8
noise variance: 100.47322845458984
original u-statistic:-0.0276641845703125
p value proxy: 0.7574750781059265
result: False
power_upto_now: 0.05612244829535484
393th run
noise dimension : 8
noise variance: 100.03752136230469
original u-statistic:-0.025031328201293945
p value proxy: 0.764119565486908
result: False
power_upto_now: 0.055979643017053604
394th run
noise dimension : 8
noise variance: 99.43418884277344
original u-statistic:-0.002283334732055664
p value proxy: 0.45514950156211853
result: False
power_upto_now: 0.055837564170360565
395th run
noise dimension : 8
noise variance: 100.65760040283203
original u-statistic:-0.03705000877380371
p value proxy: 0.8903654217720032
result: False
power_upto_now: 0.05569620430469513
396th run
noise dimension : 8
noise variance: 99.73340606689453
original u-statistic:0.04407072067260742
p value proxy: 0.06644517928361893
result: False
power_upto_now: 0.0555555559694767
397th run
noise dimension : 8
noise variance: 99.76876068115234
original u-statistic:-0.021292686462402344
p value proxy: 0.6943521499633789
result: False
power_upto_now: 0.05541561543941498
398th run
noise dimension : 8
noise variance: 100.15046691894531
original u-statistic:-0.00409698486328125
p value proxy: 0.4883720874786377
result: False
power_upto_now: 0.055276382714509964
399th run
noise dimension : 8
noise variance: 100.0248794555664
original u-statistic:-0.025025367736816406
p value proxy: 0.7574750781059265
result: False
power_upto_now: 0.055137842893600464
400th run
noise dimension : 8
noise variance: 100.01058197021484
original u-statistic:-0.052014827728271484
p value proxy: 0.9900332093238831
result: False
power_upto_now: 0.054999999701976776
401th run
noise dimension : 8
noise variance: 99.95970153808594
original u-statistic:-0.04860377311706543
p value proxy: 0.9700996279716492
result: False
power_upto_now: 0.054862841963768005
402th run
noise dimension : 8
noise variance: 99.5639419555664
original u-statistic:-0.0041255950927734375
p value proxy: 0.4518272280693054
result: False
power_upto_now: 0.05472636967897415
403th run
noise dimension : 8
noise variance: 99.83409881591797
original u-statistic:0.0078125
p value proxy: 0.31229233741760254
result: False
power_upto_now: 0.05459057167172432
404th run
noise dimension : 8
noise variance: 99.47705841064453
original u-statistic:0.029178857803344727
p value proxy: 0.21262457966804504
result: False
power_upto_now: 0.05445544421672821
405th run
noise dimension : 8
noise variance: 100.07042694091797
original u-statistic:-0.004770755767822266
p value proxy: 0.5083056092262268
result: False
power_upto_now: 0.054320987313985825
406th run
noise dimension : 8
noise variance: 99.41677856445312
original u-statistic:-0.004455089569091797
p value proxy: 0.5614618062973022
result: False
power_upto_now: 0.054187193512916565
407th run
noise dimension : 8
noise variance: 100.1150131225586
original u-statistic:0.027007102966308594
p value proxy: 0.19269102811813354
result: False
power_upto_now: 0.054054055362939835
408th run
noise dimension : 8
noise variance: 100.09951782226562
original u-statistic:0.11028552055358887
p value proxy: 0.009966777637600899
result: True
power_upto_now: 0.05637254938483238
409th run
noise dimension : 8
noise variance: 100.32005310058594
original u-statistic:0.08421087265014648
p value proxy: 0.019933555275201797
result: True
power_upto_now: 0.05867970734834671
410th run
noise dimension : 8
noise variance: 100.17552947998047
original u-statistic:-0.00841665267944336
p value proxy: 0.5282391905784607
result: False
power_upto_now: 0.0585365854203701
411th run
noise dimension : 8
noise variance: 100.23036193847656
original u-statistic:-0.017553329467773438
p value proxy: 0.684385359287262
result: False
power_upto_now: 0.058394160121679306
412th run
noise dimension : 8
noise variance: 99.70978546142578
original u-statistic:0.06010150909423828
p value proxy: 0.07641195505857468
result: False
power_upto_now: 0.058252427726984024
413th run
noise dimension : 8
noise variance: 99.97161865234375
original u-statistic:0.04497480392456055
p value proxy: 0.11295680701732635
result: False
power_upto_now: 0.05811138078570366
414th run
noise dimension : 8
noise variance: 100.57048034667969
original u-statistic:0.03149700164794922
p value proxy: 0.1627907007932663
result: False
power_upto_now: 0.05797101557254791
415th run
noise dimension : 8
noise variance: 100.43575286865234
original u-statistic:0.003004789352416992
p value proxy: 0.4252491593360901
result: False
power_upto_now: 0.05783132463693619
416th run
noise dimension : 8
noise variance: 100.04315948486328
original u-statistic:0.10289955139160156
p value proxy: 0.016611294820904732
result: True
power_upto_now: 0.06009615212678909
417th run
noise dimension : 8
noise variance: 100.15213012695312
original u-statistic:-0.01910543441772461
p value proxy: 0.6544850468635559
result: False
power_upto_now: 0.059952039271593094
418th run
noise dimension : 8
noise variance: 99.90947723388672
original u-statistic:-0.02409219741821289
p value proxy: 0.7607973217964172
result: False
power_upto_now: 0.05980861186981201
419th run
noise dimension : 8
noise variance: 100.24851989746094
original u-statistic:-0.01596999168395996
p value proxy: 0.6279069781303406
result: False
power_upto_now: 0.05966586992144585
420th run
noise dimension : 8
noise variance: 98.90056610107422
original u-statistic:0.0625925064086914
p value proxy: 0.049833886325359344
result: True
power_upto_now: 0.06190476194024086
421th run
noise dimension : 8
noise variance: 99.58718872070312
original u-statistic:-0.026826858520507812
p value proxy: 0.7774085998535156
result: False
power_upto_now: 0.06175772100687027
422th run
noise dimension : 8
noise variance: 100.30238342285156
original u-statistic:-0.0214383602142334
p value proxy: 0.7441860437393188
result: False
power_upto_now: 0.061611372977495193
423th run
noise dimension : 8
noise variance: 100.01058197021484
original u-statistic:-0.027855873107910156
p value proxy: 0.8205980062484741
result: False
power_upto_now: 0.06146572157740593
424th run
noise dimension : 8
noise variance: 99.86492156982422
original u-statistic:0.005412578582763672
p value proxy: 0.3887042999267578
result: False
power_upto_now: 0.06132075563073158
425th run
noise dimension : 8
noise variance: 100.08091735839844
original u-statistic:-0.03239107131958008
p value proxy: 0.843853771686554
result: False
power_upto_now: 0.061176471412181854
426th run
noise dimension : 8
noise variance: 99.882568359375
original u-statistic:0.007963180541992188
p value proxy: 0.37873753905296326
result: False
power_upto_now: 0.061032865196466446
427th run
noise dimension : 8
noise variance: 100.03697204589844
original u-statistic:-0.03240394592285156
p value proxy: 0.8704319000244141
result: False
power_upto_now: 0.06088992953300476
428th run
noise dimension : 8
noise variance: 99.79862976074219
original u-statistic:0.009593009948730469
p value proxy: 0.33887043595314026
result: False
power_upto_now: 0.0607476644217968
429th run
noise dimension : 8
noise variance: 100.54167938232422
original u-statistic:-0.03334927558898926
p value proxy: 0.8637873530387878
result: False
power_upto_now: 0.06060606241226196
430th run
noise dimension : 8
noise variance: 100.11659240722656
original u-statistic:0.009884119033813477
p value proxy: 0.31893688440322876
result: False
power_upto_now: 0.060465116053819656
431th run
noise dimension : 8
noise variance: 99.8024673461914
original u-statistic:-0.011342763900756836
p value proxy: 0.5481727719306946
result: False
power_upto_now: 0.06032482534646988
432th run
noise dimension : 8
noise variance: 100.43824768066406
original u-statistic:0.03777742385864258
p value proxy: 0.19601328670978546
result: False
power_upto_now: 0.06018518656492233
433th run
noise dimension : 8
noise variance: 99.65316772460938
original u-statistic:-0.028439044952392578
p value proxy: 0.8205980062484741
result: False
power_upto_now: 0.06004618853330612
434th run
noise dimension : 8
noise variance: 99.62457275390625
original u-statistic:-0.001482248306274414
p value proxy: 0.47508305311203003
result: False
power_upto_now: 0.059907834976911545
435th run
noise dimension : 8
noise variance: 100.06070709228516
original u-statistic:-0.027121305465698242
p value proxy: 0.803986668586731
result: False
power_upto_now: 0.059770114719867706
436th run
noise dimension : 8
noise variance: 100.08258056640625
original u-statistic:-0.022850751876831055
p value proxy: 0.714285671710968
result: False
power_upto_now: 0.059633027762174606
437th run
noise dimension : 8
noise variance: 99.84648132324219
original u-statistic:0.003950834274291992
p value proxy: 0.35548171401023865
result: False
power_upto_now: 0.05949656665325165
438th run
noise dimension : 8
noise variance: 99.4876708984375
original u-statistic:0.026443004608154297
p value proxy: 0.21594683825969696
result: False
power_upto_now: 0.05936073139309883
439th run
noise dimension : 8
noise variance: 100.02081298828125
original u-statistic:-0.002676725387573242
p value proxy: 0.45514950156211853
result: False
power_upto_now: 0.05922551080584526
440th run
noise dimension : 8
noise variance: 99.7752685546875
original u-statistic:-0.010961532592773438
p value proxy: 0.5714285373687744
result: False
power_upto_now: 0.059090908616781235
441th run
noise dimension : 8
noise variance: 99.75177001953125
original u-statistic:-0.015536308288574219
p value proxy: 0.6644518375396729
result: False
power_upto_now: 0.05895691737532616
442th run
noise dimension : 8
noise variance: 99.4644775390625
original u-statistic:-0.009630203247070312
p value proxy: 0.5182723999023438
result: False
power_upto_now: 0.05882352963089943
443th run
noise dimension : 8
noise variance: 100.00334167480469
original u-statistic:0.020824193954467773
p value proxy: 0.23920264840126038
result: False
power_upto_now: 0.05869074538350105
444th run
noise dimension : 8
noise variance: 99.82168579101562
original u-statistic:-0.005707740783691406
p value proxy: 0.5215946435928345
result: False
power_upto_now: 0.05855855718255043
445th run
noise dimension : 8
noise variance: 99.83728790283203
original u-statistic:-0.02592182159423828
p value proxy: 0.7774085998535156
result: False
power_upto_now: 0.05842696502804756
446th run
noise dimension : 8
noise variance: 99.8555679321289
original u-statistic:0.008094072341918945
p value proxy: 0.342192679643631
result: False
power_upto_now: 0.05829596519470215
447th run
noise dimension : 8
noise variance: 100.23866271972656
original u-statistic:0.022971153259277344
p value proxy: 0.1627907007932663
result: False
power_upto_now: 0.058165546506643295
448th run
noise dimension : 8
noise variance: 99.63755798339844
original u-statistic:-0.01256704330444336
p value proxy: 0.6179401874542236
result: False
power_upto_now: 0.0580357126891613
449th run
noise dimension : 8
noise variance: 99.86263275146484
original u-statistic:-0.029488801956176758
p value proxy: 0.8006644248962402
result: False
power_upto_now: 0.057906460016965866
450th run
noise dimension : 8
noise variance: 100.00804901123047
original u-statistic:-0.03589582443237305
p value proxy: 0.8803986310958862
result: False
power_upto_now: 0.057777777314186096
451th run
noise dimension : 8
noise variance: 99.54439544677734
original u-statistic:0.0075037479400634766
p value proxy: 0.31561461091041565
result: False
power_upto_now: 0.05764966830611229
452th run
noise dimension : 8
noise variance: 100.15904998779297
original u-statistic:-0.030623435974121094
p value proxy: 0.8239202499389648
result: False
power_upto_now: 0.05752212554216385
453th run
noise dimension : 8
noise variance: 99.3016586303711
original u-statistic:0.04170083999633789
p value proxy: 0.09302325546741486
result: False
power_upto_now: 0.057395145297050476
454th run
noise dimension : 8
noise variance: 100.3125
original u-statistic:-0.005807638168334961
p value proxy: 0.4916943311691284
result: False
power_upto_now: 0.05726872384548187
455th run
noise dimension : 8
noise variance: 99.64974212646484
original u-statistic:-0.0033838748931884766
p value proxy: 0.5182723999023438
result: False
power_upto_now: 0.05714285746216774
456th run
noise dimension : 8
noise variance: 99.74240112304688
original u-statistic:-0.019979476928710938
p value proxy: 0.7209302186965942
result: False
power_upto_now: 0.05701754242181778
457th run
noise dimension : 8
noise variance: 100.6760482788086
original u-statistic:-0.03766131401062012
p value proxy: 0.9036544561386108
result: False
power_upto_now: 0.05689277872443199
458th run
noise dimension : 8
noise variance: 100.22228240966797
original u-statistic:0.07117247581481934
p value proxy: 0.02657807245850563
result: True
power_upto_now: 0.0589519664645195
459th run
noise dimension : 8
noise variance: 100.15795135498047
original u-statistic:-0.031357765197753906
p value proxy: 0.8338870406150818
result: False
power_upto_now: 0.05882352963089943
460th run
noise dimension : 8
noise variance: 99.66529846191406
original u-statistic:-0.025638103485107422
p value proxy: 0.803986668586731
result: False
power_upto_now: 0.05869565159082413
461th run
noise dimension : 8
noise variance: 99.62812042236328
original u-statistic:-0.021730899810791016
p value proxy: 0.6943521499633789
result: False
power_upto_now: 0.058568328619003296
462th run
noise dimension : 8
noise variance: 100.0120620727539
original u-statistic:0.061312198638916016
p value proxy: 0.039867110550403595
result: True
power_upto_now: 0.06060606241226196
463th run
noise dimension : 8
noise variance: 100.00836181640625
original u-statistic:0.04967355728149414
p value proxy: 0.06976743787527084
result: False
power_upto_now: 0.06047516316175461
464th run
noise dimension : 8
noise variance: 99.76683044433594
original u-statistic:-0.005491018295288086
p value proxy: 0.47840529680252075
result: False
power_upto_now: 0.06034482643008232
465th run
noise dimension : 8
noise variance: 100.21077728271484
original u-statistic:0.14990806579589844
p value proxy: 0.006644518114626408
result: True
power_upto_now: 0.062365591526031494
466th run
noise dimension : 8
noise variance: 100.02597045898438
original u-statistic:-0.002985239028930664
p value proxy: 0.4883720874786377
result: False
power_upto_now: 0.06223176047205925
467th run
noise dimension : 8
noise variance: 99.80512237548828
original u-statistic:-0.0306241512298584
p value proxy: 0.8372092843055725
result: False
power_upto_now: 0.06209849938750267
468th run
noise dimension : 8
noise variance: 99.9532699584961
original u-statistic:-0.010437488555908203
p value proxy: 0.6179401874542236
result: False
power_upto_now: 0.061965811997652054
469th run
noise dimension : 8
noise variance: 99.5235366821289
original u-statistic:0.14583373069763184
p value proxy: 0.003322259057313204
result: True
power_upto_now: 0.06396588683128357
470th run
noise dimension : 8
noise variance: 100.6089096069336
original u-statistic:-0.041220903396606445
p value proxy: 0.9202657341957092
result: False
power_upto_now: 0.06382978707551956
471th run
noise dimension : 8
noise variance: 100.11067962646484
original u-statistic:0.04470324516296387
p value proxy: 0.1029900312423706
result: False
power_upto_now: 0.06369426846504211
472th run
noise dimension : 8
noise variance: 99.76957702636719
original u-statistic:-0.007116794586181641
p value proxy: 0.5448504686355591
result: False
power_upto_now: 0.06355932354927063
473th run
noise dimension : 8
noise variance: 100.15000915527344
original u-statistic:0.025295734405517578
p value proxy: 0.17275747656822205
result: False
power_upto_now: 0.06342494487762451
474th run
noise dimension : 8
noise variance: 99.86373901367188
original u-statistic:-0.016080141067504883
p value proxy: 0.6810631155967712
result: False
power_upto_now: 0.06329113990068436
475th run
noise dimension : 8
noise variance: 100.56412506103516
original u-statistic:-0.033147573471069336
p value proxy: 0.8770763874053955
result: False
power_upto_now: 0.06315789371728897
476th run
noise dimension : 8
noise variance: 100.35838317871094
original u-statistic:0.011150121688842773
p value proxy: 0.302325576543808
result: False
power_upto_now: 0.06302521377801895
477th run
noise dimension : 8
noise variance: 99.87715911865234
original u-statistic:0.025496959686279297
p value proxy: 0.1860465109348297
result: False
power_upto_now: 0.0628930851817131
478th run
noise dimension : 8
noise variance: 99.9808578491211
original u-statistic:0.021566390991210938
p value proxy: 0.17940199375152588
result: False
power_upto_now: 0.06276150792837143
479th run
noise dimension : 8
noise variance: 100.20793151855469
original u-statistic:0.01982569694519043
p value proxy: 0.25249168276786804
result: False
power_upto_now: 0.06263048201799393
480th run
noise dimension : 8
noise variance: 100.09129333496094
original u-statistic:0.02608180046081543
p value proxy: 0.16943521797657013
result: False
power_upto_now: 0.0625
481th run
noise dimension : 8
noise variance: 99.7231216430664
original u-statistic:-0.009691238403320312
p value proxy: 0.564784049987793
result: False
power_upto_now: 0.06237006187438965
482th run
noise dimension : 8
noise variance: 99.50125122070312
original u-statistic:0.07570004463195801
p value proxy: 0.02657807245850563
result: True
power_upto_now: 0.06431535631418228
483th run
noise dimension : 8
noise variance: 100.38391876220703
original u-statistic:-0.01888728141784668
p value proxy: 0.6877076029777527
result: False
power_upto_now: 0.06418219208717346
484th run
noise dimension : 8
noise variance: 100.12512969970703
original u-statistic:0.014908790588378906
p value proxy: 0.2458471655845642
result: False
power_upto_now: 0.06404958665370941
485th run
noise dimension : 8
noise variance: 99.4693603515625
original u-statistic:-0.005218029022216797
p value proxy: 0.5083056092262268
result: False
power_upto_now: 0.06391752511262894
486th run
noise dimension : 8
noise variance: 99.18701934814453
original u-statistic:-0.023904085159301758
p value proxy: 0.7508305311203003
result: False
power_upto_now: 0.06378600746393204
487th run
noise dimension : 8
noise variance: 100.3847885131836
original u-statistic:-0.040025949478149414
p value proxy: 0.9435215592384338
result: False
power_upto_now: 0.06365503370761871
488th run
noise dimension : 8
noise variance: 99.51786804199219
original u-statistic:-0.03212451934814453
p value proxy: 0.8870431780815125
result: False
power_upto_now: 0.06352458894252777
489th run
noise dimension : 8
noise variance: 100.6717529296875
original u-statistic:-0.046561241149902344
p value proxy: 0.9833886623382568
result: False
power_upto_now: 0.06339468061923981
490th run
noise dimension : 8
noise variance: 100.14376068115234
original u-statistic:0.03234100341796875
p value proxy: 0.1428571343421936
result: False
power_upto_now: 0.06326530873775482
491th run
noise dimension : 8
noise variance: 99.57622528076172
original u-statistic:-0.039794206619262695
p value proxy: 0.9235880374908447
result: False
power_upto_now: 0.06313645839691162
492th run
noise dimension : 8
noise variance: 99.58447265625
original u-statistic:0.0550532341003418
p value proxy: 0.06976743787527084
result: False
power_upto_now: 0.0630081295967102
493th run
noise dimension : 8
noise variance: 99.70514678955078
original u-statistic:-0.010851144790649414
p value proxy: 0.5714285373687744
result: False
power_upto_now: 0.06288032233715057
494th run
noise dimension : 8
noise variance: 100.10108947753906
original u-statistic:-0.01889967918395996
p value proxy: 0.6378737688064575
result: False
power_upto_now: 0.06275303661823273
495th run
noise dimension : 8
noise variance: 99.4397964477539
original u-statistic:0.02589869499206543
p value proxy: 0.17607973515987396
result: False
power_upto_now: 0.06262626498937607
496th run
noise dimension : 8
noise variance: 100.5938720703125
original u-statistic:-0.0004038810729980469
p value proxy: 0.46179401874542236
result: False
power_upto_now: 0.0625
497th run
noise dimension : 8
noise variance: 100.04824829101562
original u-statistic:-0.032857418060302734
p value proxy: 0.8272424936294556
result: False
power_upto_now: 0.06237424537539482
498th run
noise dimension : 8
noise variance: 99.91604614257812
original u-statistic:-0.003260374069213867
p value proxy: 0.4916943311691284
result: False
power_upto_now: 0.06224899739027023
499th run
noise dimension : 8
noise variance: 99.83612060546875
original u-statistic:-0.006594181060791016
p value proxy: 0.52491694688797
result: False
power_upto_now: 0.06212424859404564
500th run
noise dimension : 8
noise variance: 99.9828109741211
original u-statistic:-0.04049181938171387
p value proxy: 0.9302325248718262
result: False
power_upto_now: 0.06199999898672104
power estimate : 0.06199999898672104
elapsed time: 8738.568940401077
