job started
cuda available: True
code run on device:: cuda:0

n1 = 5000, n2 = 5000,

kappa = 2, alpha = 0.8,

gamma = 0.05, nTests = 500,

B = 300

1th run
noise dimension : 8
noise variance: 100.97834014892578
original u-statistic:0.03906655311584473
p value proxy: 0.3521594703197479
result: False
power_upto_now: 0.0
2th run
noise dimension : 8
noise variance: 100.5163345336914
original u-statistic:0.13401126861572266
p value proxy: 0.17607973515987396
result: False
power_upto_now: 0.0
3th run
noise dimension : 8
noise variance: 99.62490844726562
original u-statistic:-0.06345534324645996
p value proxy: 0.5481727719306946
result: False
power_upto_now: 0.0
4th run
noise dimension : 8
noise variance: 99.68840789794922
original u-statistic:-0.12605857849121094
p value proxy: 0.7707641124725342
result: False
power_upto_now: 0.0
5th run
noise dimension : 8
noise variance: 99.73168182373047
original u-statistic:0.012159585952758789
p value proxy: 0.4053156077861786
result: False
power_upto_now: 0.0
6th run
noise dimension : 8
noise variance: 100.01347351074219
original u-statistic:0.08194661140441895
p value proxy: 0.2691029906272888
result: False
power_upto_now: 0.0
7th run
noise dimension : 8
noise variance: 100.37564086914062
original u-statistic:0.19032526016235352
p value proxy: 0.09634551405906677
result: False
power_upto_now: 0.0
8th run
noise dimension : 8
noise variance: 100.4406967163086
original u-statistic:0.386615514755249
p value proxy: 0.029900331050157547
result: True
power_upto_now: 0.125
9th run
noise dimension : 8
noise variance: 98.71781158447266
original u-statistic:-0.014382362365722656
p value proxy: 0.44186046719551086
result: False
power_upto_now: 0.1111111119389534
10th run
noise dimension : 8
noise variance: 100.93846893310547
original u-statistic:-0.12882614135742188
p value proxy: 0.7807309031486511
result: False
power_upto_now: 0.10000000149011612
11th run
noise dimension : 8
noise variance: 100.4859848022461
original u-statistic:0.13530182838439941
p value proxy: 0.2026578038930893
result: False
power_upto_now: 0.09090909361839294
12th run
noise dimension : 8
noise variance: 100.29092407226562
original u-statistic:0.05426764488220215
p value proxy: 0.35880398750305176
result: False
power_upto_now: 0.0833333358168602
13th run
noise dimension : 8
noise variance: 99.08153533935547
original u-statistic:0.07739806175231934
p value proxy: 0.27242523431777954
result: False
power_upto_now: 0.07692307978868484
14th run
noise dimension : 8
noise variance: 99.50030517578125
original u-statistic:-0.06449365615844727
p value proxy: 0.6544850468635559
result: False
power_upto_now: 0.0714285746216774
15th run
noise dimension : 8
noise variance: 99.60443115234375
original u-statistic:-0.06754279136657715
p value proxy: 0.6212624311447144
result: False
power_upto_now: 0.06666667014360428
16th run
noise dimension : 8
noise variance: 100.24082946777344
original u-statistic:-0.16126418113708496
p value proxy: 0.8139534592628479
result: False
power_upto_now: 0.0625
17th run
noise dimension : 8
noise variance: 100.32838439941406
original u-statistic:0.01578998565673828
p value proxy: 0.4485049843788147
result: False
power_upto_now: 0.05882352963089943
18th run
noise dimension : 8
noise variance: 101.01614379882812
original u-statistic:-0.02434706687927246
p value proxy: 0.4883720874786377
result: False
power_upto_now: 0.0555555559694767
19th run
noise dimension : 8
noise variance: 100.24153900146484
original u-statistic:-0.0012638568878173828
p value proxy: 0.3853820562362671
result: False
power_upto_now: 0.05263157933950424
20th run
noise dimension : 8
noise variance: 99.62421417236328
original u-statistic:0.009097814559936523
p value proxy: 0.5182723999023438
result: False
power_upto_now: 0.05000000074505806
21th run
noise dimension : 8
noise variance: 99.9194107055664
original u-statistic:-0.18938350677490234
p value proxy: 0.9202657341957092
result: False
power_upto_now: 0.0476190485060215
22th run
noise dimension : 8
noise variance: 99.63429260253906
original u-statistic:-0.01891946792602539
p value proxy: 0.4651162624359131
result: False
power_upto_now: 0.04545454680919647
23th run
noise dimension : 8
noise variance: 101.15280151367188
original u-statistic:0.15738701820373535
p value proxy: 0.2026578038930893
result: False
power_upto_now: 0.043478261679410934
24th run
noise dimension : 8
noise variance: 99.41284942626953
original u-statistic:0.09672999382019043
p value proxy: 0.2458471655845642
result: False
power_upto_now: 0.0416666679084301
25th run
noise dimension : 8
noise variance: 98.92459869384766
original u-statistic:-0.16690707206726074
p value proxy: 0.8803986310958862
result: False
power_upto_now: 0.03999999910593033
26th run
noise dimension : 8
noise variance: 100.4554672241211
original u-statistic:-0.022081851959228516
p value proxy: 0.5016611218452454
result: False
power_upto_now: 0.03846153989434242
27th run
noise dimension : 8
noise variance: 100.62401580810547
original u-statistic:0.009076118469238281
p value proxy: 0.3621262311935425
result: False
power_upto_now: 0.03703703731298447
28th run
noise dimension : 8
noise variance: 99.7366943359375
original u-statistic:-0.06013059616088867
p value proxy: 0.6013289093971252
result: False
power_upto_now: 0.0357142873108387
29th run
noise dimension : 8
noise variance: 99.33773803710938
original u-statistic:-0.01757049560546875
p value proxy: 0.5016611218452454
result: False
power_upto_now: 0.03448275849223137
30th run
noise dimension : 8
noise variance: 99.55216217041016
original u-statistic:0.6657465696334839
p value proxy: 0.003322259057313204
result: True
power_upto_now: 0.06666667014360428
31th run
noise dimension : 8
noise variance: 100.24528503417969
original u-statistic:0.34036481380462646
p value proxy: 0.033222589641809464
result: True
power_upto_now: 0.09677419066429138
32th run
noise dimension : 8
noise variance: 98.97692108154297
original u-statistic:0.10021400451660156
p value proxy: 0.2259136140346527
result: False
power_upto_now: 0.09375
33th run
noise dimension : 8
noise variance: 99.66371154785156
original u-statistic:-0.12078094482421875
p value proxy: 0.7475082874298096
result: False
power_upto_now: 0.09090909361839294
34th run
noise dimension : 8
noise variance: 100.0397720336914
original u-statistic:-0.09917223453521729
p value proxy: 0.6810631155967712
result: False
power_upto_now: 0.0882352963089943
35th run
noise dimension : 8
noise variance: 100.52318572998047
original u-statistic:0.05398142337799072
p value proxy: 0.27574750781059265
result: False
power_upto_now: 0.08571428805589676
36th run
noise dimension : 8
noise variance: 100.1762924194336
original u-statistic:-0.15117263793945312
p value proxy: 0.8106312155723572
result: False
power_upto_now: 0.0833333358168602
37th run
noise dimension : 8
noise variance: 99.00804138183594
original u-statistic:0.08422040939331055
p value proxy: 0.2657807171344757
result: False
power_upto_now: 0.0810810774564743
38th run
noise dimension : 8
noise variance: 98.96859741210938
original u-statistic:-0.13980114459991455
p value proxy: 0.8106312155723572
result: False
power_upto_now: 0.07894736528396606
39th run
noise dimension : 8
noise variance: 99.82705688476562
original u-statistic:-0.028020143508911133
p value proxy: 0.5016611218452454
result: False
power_upto_now: 0.07692307978868484
40th run
noise dimension : 8
noise variance: 98.95735931396484
original u-statistic:-0.10550856590270996
p value proxy: 0.7043189406394958
result: False
power_upto_now: 0.07500000298023224
41th run
noise dimension : 8
noise variance: 99.14068603515625
original u-statistic:0.17106914520263672
p value proxy: 0.1428571343421936
result: False
power_upto_now: 0.0731707289814949
42th run
noise dimension : 8
noise variance: 101.178466796875
original u-statistic:0.15397858619689941
p value proxy: 0.21594683825969696
result: False
power_upto_now: 0.0714285746216774
43th run
noise dimension : 8
noise variance: 99.87715148925781
original u-statistic:0.2447373867034912
p value proxy: 0.07308969646692276
result: False
power_upto_now: 0.06976744532585144
44th run
noise dimension : 8
noise variance: 100.60492706298828
original u-statistic:-0.01685023307800293
p value proxy: 0.4451827108860016
result: False
power_upto_now: 0.06818182021379471
45th run
noise dimension : 8
noise variance: 101.26715850830078
original u-statistic:-0.14343857765197754
p value proxy: 0.8239202499389648
result: False
power_upto_now: 0.06666667014360428
46th run
noise dimension : 8
noise variance: 99.25841522216797
original u-statistic:-0.10238909721374512
p value proxy: 0.7009966373443604
result: False
power_upto_now: 0.06521739065647125
47th run
noise dimension : 8
noise variance: 99.67132568359375
original u-statistic:0.006882429122924805
p value proxy: 0.421926885843277
result: False
power_upto_now: 0.06382978707551956
48th run
noise dimension : 8
noise variance: 99.1972427368164
original u-statistic:0.16807866096496582
p value proxy: 0.14950165152549744
result: False
power_upto_now: 0.0625
49th run
noise dimension : 8
noise variance: 100.84168243408203
original u-statistic:0.21305370330810547
p value proxy: 0.09302325546741486
result: False
power_upto_now: 0.06122449040412903
50th run
noise dimension : 8
noise variance: 100.1242904663086
original u-statistic:-0.21016192436218262
p value proxy: 0.9435215592384338
result: False
power_upto_now: 0.05999999865889549
51th run
noise dimension : 8
noise variance: 100.47866821289062
original u-statistic:-0.02559208869934082
p value proxy: 0.48172757029533386
result: False
power_upto_now: 0.05882352963089943
52th run
noise dimension : 8
noise variance: 98.8763198852539
original u-statistic:-0.03591179847717285
p value proxy: 0.4916943311691284
result: False
power_upto_now: 0.057692307978868484
53th run
noise dimension : 8
noise variance: 99.23475646972656
original u-statistic:0.12334799766540527
p value proxy: 0.1827242523431778
result: False
power_upto_now: 0.056603774428367615
54th run
noise dimension : 8
noise variance: 99.22032165527344
original u-statistic:0.48296403884887695
p value proxy: 0.029900331050157547
result: True
power_upto_now: 0.07407407462596893
55th run
noise dimension : 8
noise variance: 100.42036437988281
original u-statistic:-0.15142393112182617
p value proxy: 0.8571428656578064
result: False
power_upto_now: 0.072727270424366
56th run
noise dimension : 8
noise variance: 100.50089263916016
original u-statistic:-0.16896438598632812
p value proxy: 0.8737541437149048
result: False
power_upto_now: 0.0714285746216774
57th run
noise dimension : 8
noise variance: 101.5652084350586
original u-statistic:0.13152122497558594
p value proxy: 0.1860465109348297
result: False
power_upto_now: 0.07017543911933899
58th run
noise dimension : 8
noise variance: 99.07317352294922
original u-statistic:-0.21967124938964844
p value proxy: 0.960132896900177
result: False
power_upto_now: 0.06896551698446274
59th run
noise dimension : 8
noise variance: 99.76011657714844
original u-statistic:-0.21532320976257324
p value proxy: 0.9235880374908447
result: False
power_upto_now: 0.06779661029577255
60th run
noise dimension : 8
noise variance: 100.34626007080078
original u-statistic:0.22699236869812012
p value proxy: 0.12956809997558594
result: False
power_upto_now: 0.06666667014360428
61th run
noise dimension : 8
noise variance: 100.18254852294922
original u-statistic:0.009139776229858398
p value proxy: 0.421926885843277
result: False
power_upto_now: 0.06557376682758331
62th run
noise dimension : 8
noise variance: 100.0086898803711
original u-statistic:-0.0518798828125
p value proxy: 0.5448504686355591
result: False
power_upto_now: 0.06451612710952759
63th run
noise dimension : 8
noise variance: 99.37822723388672
original u-statistic:-0.030599594116210938
p value proxy: 0.5083056092262268
result: False
power_upto_now: 0.0634920671582222
64th run
noise dimension : 8
noise variance: 100.11883544921875
original u-statistic:-0.2371058464050293
p value proxy: 0.9833886623382568
result: False
power_upto_now: 0.0625
65th run
noise dimension : 8
noise variance: 100.79390716552734
original u-statistic:-0.21994996070861816
p value proxy: 0.960132896900177
result: False
power_upto_now: 0.0615384615957737
66th run
noise dimension : 8
noise variance: 99.00611114501953
original u-statistic:0.12355399131774902
p value proxy: 0.19933554530143738
result: False
power_upto_now: 0.06060606241226196
67th run
noise dimension : 8
noise variance: 98.73301696777344
original u-statistic:0.2820465564727783
p value proxy: 0.06312292069196701
result: False
power_upto_now: 0.05970149114727974
68th run
noise dimension : 8
noise variance: 101.1335678100586
original u-statistic:-0.051935434341430664
p value proxy: 0.5980066061019897
result: False
power_upto_now: 0.05882352963089943
69th run
noise dimension : 8
noise variance: 99.21783447265625
original u-statistic:-0.22858285903930664
p value proxy: 0.9833886623382568
result: False
power_upto_now: 0.05797101557254791
70th run
noise dimension : 8
noise variance: 101.26132202148438
original u-statistic:-0.10545539855957031
p value proxy: 0.6910299062728882
result: False
power_upto_now: 0.05714285746216774
71th run
noise dimension : 8
noise variance: 99.30621337890625
original u-statistic:-0.17472434043884277
p value proxy: 0.8903654217720032
result: False
power_upto_now: 0.056338027119636536
72th run
noise dimension : 8
noise variance: 101.1098403930664
original u-statistic:-0.06334662437438965
p value proxy: 0.5847175717353821
result: False
power_upto_now: 0.0555555559694767
73th run
noise dimension : 8
noise variance: 100.6568603515625
original u-statistic:-0.12883925437927246
p value proxy: 0.7774085998535156
result: False
power_upto_now: 0.054794520139694214
74th run
noise dimension : 8
noise variance: 98.96278381347656
original u-statistic:-0.08113884925842285
p value proxy: 0.684385359287262
result: False
power_upto_now: 0.054054055362939835
75th run
noise dimension : 8
noise variance: 100.48989868164062
original u-statistic:0.18459844589233398
p value proxy: 0.13621261715888977
result: False
power_upto_now: 0.0533333346247673
76th run
noise dimension : 8
noise variance: 98.85513305664062
original u-statistic:-0.09863126277923584
p value proxy: 0.7375414967536926
result: False
power_upto_now: 0.05263157933950424
77th run
noise dimension : 8
noise variance: 99.30166625976562
original u-statistic:-0.05458426475524902
p value proxy: 0.564784049987793
result: False
power_upto_now: 0.051948051899671555
78th run
noise dimension : 8
noise variance: 99.51887512207031
original u-statistic:-0.06967496871948242
p value proxy: 0.594684362411499
result: False
power_upto_now: 0.05128205195069313
79th run
noise dimension : 8
noise variance: 99.76114654541016
original u-statistic:0.14833807945251465
p value proxy: 0.17607973515987396
result: False
power_upto_now: 0.050632912665605545
80th run
noise dimension : 8
noise variance: 101.49591064453125
original u-statistic:-0.07099103927612305
p value proxy: 0.6179401874542236
result: False
power_upto_now: 0.05000000074505806
81th run
noise dimension : 8
noise variance: 99.15702819824219
original u-statistic:-0.11128354072570801
p value proxy: 0.724252462387085
result: False
power_upto_now: 0.04938271641731262
82th run
noise dimension : 8
noise variance: 99.00568389892578
original u-statistic:-0.0711667537689209
p value proxy: 0.6146179437637329
result: False
power_upto_now: 0.04878048598766327
83th run
noise dimension : 8
noise variance: 100.1119613647461
original u-statistic:0.14230608940124512
p value proxy: 0.14950165152549744
result: False
power_upto_now: 0.048192769289016724
84th run
noise dimension : 8
noise variance: 99.28507232666016
original u-statistic:-0.044007062911987305
p value proxy: 0.5481727719306946
result: False
power_upto_now: 0.0476190485060215
85th run
noise dimension : 8
noise variance: 99.41837310791016
original u-statistic:0.07672667503356934
p value proxy: 0.21594683825969696
result: False
power_upto_now: 0.0470588244497776
86th run
noise dimension : 8
noise variance: 100.13603210449219
original u-statistic:0.01708054542541504
p value proxy: 0.4086378514766693
result: False
power_upto_now: 0.04651162773370743
87th run
noise dimension : 8
noise variance: 99.62822723388672
original u-statistic:0.19868743419647217
p value proxy: 0.12956809997558594
result: False
power_upto_now: 0.04597701132297516
88th run
noise dimension : 8
noise variance: 100.32115936279297
original u-statistic:-0.0968477725982666
p value proxy: 0.644518256187439
result: False
power_upto_now: 0.04545454680919647
89th run
noise dimension : 8
noise variance: 100.92935943603516
original u-statistic:0.34795308113098145
p value proxy: 0.05315614491701126
result: False
power_upto_now: 0.04494382068514824
90th run
noise dimension : 8
noise variance: 99.77327728271484
original u-statistic:0.18248963356018066
p value proxy: 0.1395348757505417
result: False
power_upto_now: 0.04444444552063942
91th run
noise dimension : 8
noise variance: 101.750244140625
original u-statistic:-0.014510631561279297
p value proxy: 0.45514950156211853
result: False
power_upto_now: 0.04395604506134987
92th run
noise dimension : 8
noise variance: 99.99642944335938
original u-statistic:0.1453251838684082
p value proxy: 0.15946844220161438
result: False
power_upto_now: 0.043478261679410934
93th run
noise dimension : 8
noise variance: 100.92211151123047
original u-statistic:-0.022649049758911133
p value proxy: 0.4916943311691284
result: False
power_upto_now: 0.04301075264811516
94th run
noise dimension : 8
noise variance: 99.2987289428711
original u-statistic:0.43886518478393555
p value proxy: 0.016611294820904732
result: True
power_upto_now: 0.05319149047136307
95th run
noise dimension : 8
noise variance: 100.41729736328125
original u-statistic:-0.034018874168395996
p value proxy: 0.47508305311203003
result: False
power_upto_now: 0.05263157933950424
96th run
noise dimension : 8
noise variance: 98.37953186035156
original u-statistic:-0.1251680850982666
p value proxy: 0.764119565486908
result: False
power_upto_now: 0.0520833320915699
97th run
noise dimension : 8
noise variance: 99.49292755126953
original u-statistic:-0.14811229705810547
p value proxy: 0.803986668586731
result: False
power_upto_now: 0.05154639109969139
98th run
noise dimension : 8
noise variance: 100.67695617675781
original u-statistic:-0.18699240684509277
p value proxy: 0.9003322124481201
result: False
power_upto_now: 0.051020409911870956
99th run
noise dimension : 8
noise variance: 100.22374725341797
original u-statistic:-0.09382486343383789
p value proxy: 0.6810631155967712
result: False
power_upto_now: 0.05050504952669144
100th run
noise dimension : 8
noise variance: 101.21228790283203
original u-statistic:-0.09197402000427246
p value proxy: 0.6611295342445374
result: False
power_upto_now: 0.05000000074505806
101th run
noise dimension : 8
noise variance: 99.9171142578125
original u-statistic:0.03173041343688965
p value proxy: 0.3687707483768463
result: False
power_upto_now: 0.049504950642585754
102th run
noise dimension : 8
noise variance: 100.01467895507812
original u-statistic:-0.11429214477539062
p value proxy: 0.7009966373443604
result: False
power_upto_now: 0.04901960864663124
103th run
noise dimension : 8
noise variance: 99.86051177978516
original u-statistic:0.03754162788391113
p value proxy: 0.3654485046863556
result: False
power_upto_now: 0.04854368790984154
104th run
noise dimension : 8
noise variance: 100.675537109375
original u-statistic:-0.039998769760131836
p value proxy: 0.5747508406639099
result: False
power_upto_now: 0.048076923936605453
105th run
noise dimension : 8
noise variance: 99.18490600585938
original u-statistic:0.7258868217468262
p value proxy: 0.003322259057313204
result: True
power_upto_now: 0.05714285746216774
106th run
noise dimension : 8
noise variance: 99.2783203125
original u-statistic:-0.1775832176208496
p value proxy: 0.8803986310958862
result: False
power_upto_now: 0.056603774428367615
107th run
noise dimension : 8
noise variance: 100.47029876708984
original u-statistic:-0.11128640174865723
p value proxy: 0.7475082874298096
result: False
power_upto_now: 0.05607476457953453
108th run
noise dimension : 8
noise variance: 99.69434356689453
original u-statistic:0.2110278606414795
p value proxy: 0.1229235827922821
result: False
power_upto_now: 0.0555555559694767
109th run
noise dimension : 8
noise variance: 100.33258819580078
original u-statistic:0.07056045532226562
p value proxy: 0.29235878586769104
result: False
power_upto_now: 0.055045872926712036
110th run
noise dimension : 8
noise variance: 100.0872573852539
original u-statistic:-0.1715078353881836
p value proxy: 0.8936876654624939
result: False
power_upto_now: 0.05454545468091965
111th run
noise dimension : 8
noise variance: 100.3926773071289
original u-statistic:0.04535651206970215
p value proxy: 0.35548171401023865
result: False
power_upto_now: 0.054054055362939835
112th run
noise dimension : 8
noise variance: 100.46834564208984
original u-statistic:-0.08832573890686035
p value proxy: 0.6777408719062805
result: False
power_upto_now: 0.0535714291036129
113th run
noise dimension : 8
noise variance: 101.26891326904297
original u-statistic:-0.06644105911254883
p value proxy: 0.5813953280448914
result: False
power_upto_now: 0.05309734493494034
114th run
noise dimension : 8
noise variance: 99.12275695800781
original u-statistic:-0.022492647171020508
p value proxy: 0.52491694688797
result: False
power_upto_now: 0.05263157933950424
115th run
noise dimension : 8
noise variance: 100.1860580444336
original u-statistic:-0.09597897529602051
p value proxy: 0.724252462387085
result: False
power_upto_now: 0.052173912525177
116th run
noise dimension : 8
noise variance: 101.24121856689453
original u-statistic:0.07541203498840332
p value proxy: 0.25249168276786804
result: False
power_upto_now: 0.0517241396009922
117th run
noise dimension : 8
noise variance: 100.37639617919922
original u-statistic:0.23883986473083496
p value proxy: 0.1029900312423706
result: False
power_upto_now: 0.05128205195069313
118th run
noise dimension : 8
noise variance: 99.91233825683594
original u-statistic:0.10803866386413574
p value proxy: 0.23920264840126038
result: False
power_upto_now: 0.050847455859184265
119th run
noise dimension : 8
noise variance: 99.53480529785156
original u-statistic:-0.0385432243347168
p value proxy: 0.5182723999023438
result: False
power_upto_now: 0.05042016878724098
120th run
noise dimension : 8
noise variance: 99.5523452758789
original u-statistic:0.38858747482299805
p value proxy: 0.033222589641809464
result: True
power_upto_now: 0.05833333358168602
121th run
noise dimension : 8
noise variance: 101.55912017822266
original u-statistic:0.15527009963989258
p value proxy: 0.17607973515987396
result: False
power_upto_now: 0.057851240038871765
122th run
noise dimension : 8
noise variance: 99.68325805664062
original u-statistic:-0.011459112167358398
p value proxy: 0.4850498139858246
result: False
power_upto_now: 0.05737704783678055
123th run
noise dimension : 8
noise variance: 100.4173583984375
original u-statistic:-0.22301292419433594
p value proxy: 0.9734219312667847
result: False
power_upto_now: 0.056910570710897446
124th run
noise dimension : 8
noise variance: 99.86260986328125
original u-statistic:0.11912679672241211
p value proxy: 0.19933554530143738
result: False
power_upto_now: 0.05645161122083664
125th run
noise dimension : 8
noise variance: 100.86457061767578
original u-statistic:0.19280648231506348
p value proxy: 0.15282391011714935
result: False
power_upto_now: 0.0560000017285347
126th run
noise dimension : 8
noise variance: 100.41386413574219
original u-statistic:0.2290208339691162
p value proxy: 0.07973422110080719
result: False
power_upto_now: 0.0555555559694767
127th run
noise dimension : 8
noise variance: 99.07683563232422
original u-statistic:-0.1241612434387207
p value proxy: 0.7674418687820435
result: False
power_upto_now: 0.05511811003088951
128th run
noise dimension : 8
noise variance: 99.10645294189453
original u-statistic:-0.15837430953979492
p value proxy: 0.8538205623626709
result: False
power_upto_now: 0.0546875
129th run
noise dimension : 8
noise variance: 99.87709045410156
original u-statistic:-0.18036866188049316
p value proxy: 0.9136212468147278
result: False
power_upto_now: 0.05426356568932533
130th run
noise dimension : 8
noise variance: 99.86856079101562
original u-statistic:0.013900518417358398
p value proxy: 0.3887042999267578
result: False
power_upto_now: 0.05384615436196327
131th run
noise dimension : 8
noise variance: 99.84674835205078
original u-statistic:0.056450605392456055
p value proxy: 0.35548171401023865
result: False
power_upto_now: 0.05343511328101158
132th run
noise dimension : 8
noise variance: 100.01339721679688
original u-statistic:0.04534554481506348
p value proxy: 0.3322259187698364
result: False
power_upto_now: 0.05303030461072922
133th run
noise dimension : 8
noise variance: 99.89722442626953
original u-statistic:-0.04802274703979492
p value proxy: 0.564784049987793
result: False
power_upto_now: 0.05263157933950424
134th run
noise dimension : 8
noise variance: 99.39354705810547
original u-statistic:-0.13364052772521973
p value proxy: 0.843853771686554
result: False
power_upto_now: 0.05223880708217621
135th run
noise dimension : 8
noise variance: 100.48224639892578
original u-statistic:-0.1689913272857666
p value proxy: 0.8671095967292786
result: False
power_upto_now: 0.051851850003004074
136th run
noise dimension : 8
noise variance: 100.8197250366211
original u-statistic:0.05965137481689453
p value proxy: 0.3255814015865326
result: False
power_upto_now: 0.05147058889269829
137th run
noise dimension : 8
noise variance: 99.56282043457031
original u-statistic:-0.001951456069946289
p value proxy: 0.421926885843277
result: False
power_upto_now: 0.051094889640808105
138th run
noise dimension : 8
noise variance: 100.10265350341797
original u-statistic:0.2400212287902832
p value proxy: 0.09966777265071869
result: False
power_upto_now: 0.050724636763334274
139th run
noise dimension : 8
noise variance: 99.89515686035156
original u-statistic:0.23010671138763428
p value proxy: 0.07308969646692276
result: False
power_upto_now: 0.050359711050987244
140th run
noise dimension : 8
noise variance: 101.15831756591797
original u-statistic:0.22520136833190918
p value proxy: 0.11627906560897827
result: False
power_upto_now: 0.05000000074505806
141th run
noise dimension : 8
noise variance: 100.84779357910156
original u-statistic:0.03960418701171875
p value proxy: 0.33887043595314026
result: False
power_upto_now: 0.04964539036154747
142th run
noise dimension : 8
noise variance: 101.00748443603516
original u-statistic:-0.12461686134338379
p value proxy: 0.7475082874298096
result: False
power_upto_now: 0.04929577559232712
143th run
noise dimension : 8
noise variance: 100.99881744384766
original u-statistic:-0.12317442893981934
p value proxy: 0.7408637404441833
result: False
power_upto_now: 0.04895104840397835
144th run
noise dimension : 8
noise variance: 99.43301391601562
original u-statistic:-0.2314624786376953
p value proxy: 0.960132896900177
result: False
power_upto_now: 0.0486111119389534
145th run
noise dimension : 8
noise variance: 100.02897644042969
original u-statistic:-0.04869675636291504
p value proxy: 0.6312292218208313
result: False
power_upto_now: 0.04827586188912392
146th run
noise dimension : 8
noise variance: 99.01207733154297
original u-statistic:-0.19584345817565918
p value proxy: 0.9401993155479431
result: False
power_upto_now: 0.04794520512223244
147th run
noise dimension : 8
noise variance: 99.21729278564453
original u-statistic:0.11591851711273193
p value proxy: 0.19933554530143738
result: False
power_upto_now: 0.0476190485060215
148th run
noise dimension : 8
noise variance: 100.64419555664062
original u-statistic:0.14924049377441406
p value proxy: 0.13621261715888977
result: False
power_upto_now: 0.04729729890823364
149th run
noise dimension : 8
noise variance: 98.8069076538086
original u-statistic:0.025905609130859375
p value proxy: 0.302325576543808
result: False
power_upto_now: 0.0469798669219017
150th run
noise dimension : 8
noise variance: 100.72451782226562
original u-statistic:0.24347901344299316
p value proxy: 0.09302325546741486
result: False
power_upto_now: 0.046666666865348816
151th run
noise dimension : 8
noise variance: 100.19121551513672
original u-statistic:-0.025711774826049805
p value proxy: 0.47840529680252075
result: False
power_upto_now: 0.046357616782188416
152th run
noise dimension : 8
noise variance: 98.60218048095703
original u-statistic:0.019788742065429688
p value proxy: 0.3720930218696594
result: False
power_upto_now: 0.04605263099074364
153th run
noise dimension : 8
noise variance: 101.02025604248047
original u-statistic:0.10479521751403809
p value proxy: 0.23255813121795654
result: False
power_upto_now: 0.04575163498520851
154th run
noise dimension : 8
noise variance: 99.38088989257812
original u-statistic:-0.11458206176757812
p value proxy: 0.7840531468391418
result: False
power_upto_now: 0.04545454680919647
155th run
noise dimension : 8
noise variance: 98.78768920898438
original u-statistic:-0.04726362228393555
p value proxy: 0.5813953280448914
result: False
power_upto_now: 0.04516129195690155
156th run
noise dimension : 8
noise variance: 100.16276550292969
original u-statistic:-0.10551309585571289
p value proxy: 0.7375414967536926
result: False
power_upto_now: 0.044871795922517776
157th run
noise dimension : 8
noise variance: 100.31175231933594
original u-statistic:-0.032816171646118164
p value proxy: 0.5348837375640869
result: False
power_upto_now: 0.04458598792552948
158th run
noise dimension : 8
noise variance: 99.64832305908203
original u-statistic:-0.0996551513671875
p value proxy: 0.7176079750061035
result: False
power_upto_now: 0.04430379718542099
159th run
noise dimension : 8
noise variance: 98.82115936279297
original u-statistic:-0.054099321365356445
p value proxy: 0.5747508406639099
result: False
power_upto_now: 0.044025156646966934
160th run
noise dimension : 8
noise variance: 99.30583190917969
original u-statistic:0.03352785110473633
p value proxy: 0.3654485046863556
result: False
power_upto_now: 0.04374999925494194
161th run
noise dimension : 8
noise variance: 98.93526458740234
original u-statistic:-0.07525146007537842
p value proxy: 0.6544850468635559
result: False
power_upto_now: 0.043478261679410934
162th run
noise dimension : 8
noise variance: 99.20536804199219
original u-statistic:-0.13403940200805664
p value proxy: 0.7574750781059265
result: False
power_upto_now: 0.043209876865148544
163th run
noise dimension : 8
noise variance: 100.944580078125
original u-statistic:-0.09153342247009277
p value proxy: 0.674418568611145
result: False
power_upto_now: 0.042944785207509995
164th run
noise dimension : 8
noise variance: 100.32074737548828
original u-statistic:-0.21508502960205078
p value proxy: 0.9468438029289246
result: False
power_upto_now: 0.04268292710185051
165th run
noise dimension : 8
noise variance: 100.7970199584961
original u-statistic:0.02970743179321289
p value proxy: 0.342192679643631
result: False
power_upto_now: 0.042424242943525314
166th run
noise dimension : 8
noise variance: 98.99114227294922
original u-statistic:0.31983113288879395
p value proxy: 0.029900331050157547
result: True
power_upto_now: 0.048192769289016724
167th run
noise dimension : 8
noise variance: 100.86532592773438
original u-statistic:-0.17780804634094238
p value proxy: 0.8970099687576294
result: False
power_upto_now: 0.04790419340133667
168th run
noise dimension : 8
noise variance: 99.0372085571289
original u-statistic:-0.0933694839477539
p value proxy: 0.724252462387085
result: False
power_upto_now: 0.0476190485060215
169th run
noise dimension : 8
noise variance: 99.13082122802734
original u-statistic:0.0986642837524414
p value proxy: 0.25249168276786804
result: False
power_upto_now: 0.047337278723716736
170th run
noise dimension : 8
noise variance: 100.92790222167969
original u-statistic:-0.09250998497009277
p value proxy: 0.6644518375396729
result: False
power_upto_now: 0.0470588244497776
171th run
noise dimension : 8
noise variance: 100.28221893310547
original u-statistic:-0.05891585350036621
p value proxy: 0.5913621187210083
result: False
power_upto_now: 0.046783626079559326
172th run
noise dimension : 8
noise variance: 100.27694702148438
original u-statistic:-0.0265810489654541
p value proxy: 0.5182723999023438
result: False
power_upto_now: 0.04651162773370743
173th run
noise dimension : 8
noise variance: 98.6283950805664
original u-statistic:-0.10694253444671631
p value proxy: 0.6976743936538696
result: False
power_upto_now: 0.04624277353286743
174th run
noise dimension : 8
noise variance: 101.76411437988281
original u-statistic:-0.18653392791748047
p value proxy: 0.9202657341957092
result: False
power_upto_now: 0.04597701132297516
175th run
noise dimension : 8
noise variance: 100.02201843261719
original u-statistic:-0.02251744270324707
p value proxy: 0.4850498139858246
result: False
power_upto_now: 0.04571428522467613
176th run
noise dimension : 8
noise variance: 98.97225952148438
original u-statistic:-0.20438337326049805
p value proxy: 0.9534883499145508
result: False
power_upto_now: 0.04545454680919647
177th run
noise dimension : 8
noise variance: 99.18278503417969
original u-statistic:-0.07546782493591309
p value proxy: 0.6146179437637329
result: False
power_upto_now: 0.0451977401971817
178th run
noise dimension : 8
noise variance: 100.7328872680664
original u-statistic:0.06912803649902344
p value proxy: 0.2823920249938965
result: False
power_upto_now: 0.04494382068514824
179th run
noise dimension : 8
noise variance: 101.35879516601562
original u-statistic:-0.15172958374023438
p value proxy: 0.8338870406150818
result: False
power_upto_now: 0.044692736119031906
180th run
noise dimension : 8
noise variance: 100.15665435791016
original u-statistic:-0.2409987449645996
p value proxy: 0.9700996279716492
result: False
power_upto_now: 0.04444444552063942
181th run
noise dimension : 8
noise variance: 98.97373962402344
original u-statistic:-0.15773725509643555
p value proxy: 0.8870431780815125
result: False
power_upto_now: 0.0441988967359066
182th run
noise dimension : 8
noise variance: 99.97886657714844
original u-statistic:0.2344067096710205
p value proxy: 0.08970099687576294
result: False
power_upto_now: 0.04395604506134987
183th run
noise dimension : 8
noise variance: 99.1880874633789
original u-statistic:0.15996813774108887
p value proxy: 0.13289035856723785
result: False
power_upto_now: 0.04371584579348564
184th run
noise dimension : 8
noise variance: 99.81200408935547
original u-statistic:0.22406673431396484
p value proxy: 0.06976743787527084
result: False
power_upto_now: 0.043478261679410934
185th run
noise dimension : 8
noise variance: 100.70341491699219
original u-statistic:0.635086178779602
p value proxy: 0.006644518114626408
result: True
power_upto_now: 0.0486486479640007
186th run
noise dimension : 8
noise variance: 98.62511444091797
original u-statistic:-0.15020298957824707
p value proxy: 0.8272424936294556
result: False
power_upto_now: 0.04838709533214569
187th run
noise dimension : 8
noise variance: 99.05532836914062
original u-statistic:-0.16723299026489258
p value proxy: 0.8637873530387878
result: False
power_upto_now: 0.048128340393304825
188th run
noise dimension : 8
noise variance: 99.60186004638672
original u-statistic:0.0019402503967285156
p value proxy: 0.421926885843277
result: False
power_upto_now: 0.04787234216928482
189th run
noise dimension : 8
noise variance: 100.06365966796875
original u-statistic:-0.15889573097229004
p value proxy: 0.8737541437149048
result: False
power_upto_now: 0.0476190485060215
190th run
noise dimension : 8
noise variance: 99.98224639892578
original u-statistic:0.026954174041748047
p value proxy: 0.4252491593360901
result: False
power_upto_now: 0.04736842215061188
191th run
noise dimension : 8
noise variance: 99.506591796875
original u-statistic:-0.05265498161315918
p value proxy: 0.554817259311676
result: False
power_upto_now: 0.04712041839957237
192th run
noise dimension : 8
noise variance: 99.20133209228516
original u-statistic:-0.11168289184570312
p value proxy: 0.7441860437393188
result: False
power_upto_now: 0.046875
193th run
noise dimension : 8
noise variance: 101.24764251708984
original u-statistic:-0.05723977088928223
p value proxy: 0.644518256187439
result: False
power_upto_now: 0.04663212597370148
194th run
noise dimension : 8
noise variance: 99.53583526611328
original u-statistic:0.16884136199951172
p value proxy: 0.13621261715888977
result: False
power_upto_now: 0.04639175161719322
195th run
noise dimension : 8
noise variance: 100.6116714477539
original u-statistic:-0.12941765785217285
p value proxy: 0.7973421812057495
result: False
power_upto_now: 0.04615384712815285
196th run
noise dimension : 8
noise variance: 100.13955688476562
original u-statistic:-0.21522140502929688
p value proxy: 0.9634551405906677
result: False
power_upto_now: 0.04591836780309677
197th run
noise dimension : 8
noise variance: 99.34413146972656
original u-statistic:-0.08954119682312012
p value proxy: 0.7009966373443604
result: False
power_upto_now: 0.04568528011441231
198th run
noise dimension : 8
noise variance: 99.41654205322266
original u-statistic:0.1132974624633789
p value proxy: 0.21926909685134888
result: False
power_upto_now: 0.04545454680919647
199th run
noise dimension : 8
noise variance: 100.40068817138672
original u-statistic:0.01475381851196289
p value proxy: 0.3920265734195709
result: False
power_upto_now: 0.04522613063454628
200th run
noise dimension : 8
noise variance: 99.84138488769531
original u-statistic:-0.11213517189025879
p value proxy: 0.7707641124725342
result: False
power_upto_now: 0.04500000178813934
201th run
noise dimension : 8
noise variance: 99.84774780273438
original u-statistic:-0.2216792106628418
p value proxy: 0.9501661062240601
result: False
power_upto_now: 0.04477611929178238
202th run
noise dimension : 8
noise variance: 100.08576965332031
original u-statistic:-0.04878950119018555
p value proxy: 0.564784049987793
result: False
power_upto_now: 0.0445544570684433
203th run
noise dimension : 8
noise variance: 100.53612518310547
original u-statistic:0.01497197151184082
p value proxy: 0.4119601249694824
result: False
power_upto_now: 0.04433497413992882
204th run
noise dimension : 8
noise variance: 100.66921997070312
original u-statistic:0.04885983467102051
p value proxy: 0.3887042999267578
result: False
power_upto_now: 0.04411764815449715
205th run
noise dimension : 8
noise variance: 101.19004821777344
original u-statistic:0.14860320091247559
p value proxy: 0.14617939293384552
result: False
power_upto_now: 0.043902438133955
206th run
noise dimension : 8
noise variance: 98.44834899902344
original u-statistic:0.2577533721923828
p value proxy: 0.05647840350866318
result: False
power_upto_now: 0.04368932172656059
207th run
noise dimension : 8
noise variance: 99.33836364746094
original u-statistic:-0.0784294605255127
p value proxy: 0.6279069781303406
result: False
power_upto_now: 0.043478261679410934
208th run
noise dimension : 8
noise variance: 100.61650848388672
original u-statistic:0.04767036437988281
p value proxy: 0.342192679643631
result: False
power_upto_now: 0.04326923191547394
209th run
noise dimension : 8
noise variance: 98.60234832763672
original u-statistic:-0.09036588668823242
p value proxy: 0.7009966373443604
result: False
power_upto_now: 0.043062202632427216
210th run
noise dimension : 8
noise variance: 100.55258178710938
original u-statistic:0.24767827987670898
p value proxy: 0.12956809997558594
result: False
power_upto_now: 0.04285714402794838
211th run
noise dimension : 8
noise variance: 98.88634490966797
original u-statistic:0.14516592025756836
p value proxy: 0.17275747656822205
result: False
power_upto_now: 0.04265403002500534
212th run
noise dimension : 8
noise variance: 99.70445251464844
original u-statistic:-0.20896482467651367
p value proxy: 0.9534883499145508
result: False
power_upto_now: 0.04245283082127571
213th run
noise dimension : 8
noise variance: 99.48609924316406
original u-statistic:-0.021645307540893555
p value proxy: 0.4883720874786377
result: False
power_upto_now: 0.0422535203397274
214th run
noise dimension : 8
noise variance: 100.25392150878906
original u-statistic:0.3340001106262207
p value proxy: 0.059800662100315094
result: False
power_upto_now: 0.04205607622861862
215th run
noise dimension : 8
noise variance: 101.58900451660156
original u-statistic:-0.011848926544189453
p value proxy: 0.45514950156211853
result: False
power_upto_now: 0.041860464960336685
216th run
noise dimension : 8
noise variance: 100.0269775390625
original u-statistic:-0.06215381622314453
p value proxy: 0.594684362411499
result: False
power_upto_now: 0.0416666679084301
217th run
noise dimension : 8
noise variance: 100.1356430053711
original u-statistic:0.034769535064697266
p value proxy: 0.3621262311935425
result: False
power_upto_now: 0.04147465527057648
218th run
noise dimension : 8
noise variance: 100.41650390625
original u-statistic:-0.013123869895935059
p value proxy: 0.47508305311203003
result: False
power_upto_now: 0.04128440469503403
219th run
noise dimension : 8
noise variance: 99.81108856201172
original u-statistic:0.2167186737060547
p value proxy: 0.09634551405906677
result: False
power_upto_now: 0.04109589010477066
220th run
noise dimension : 8
noise variance: 101.87418365478516
original u-statistic:0.05174422264099121
p value proxy: 0.2990033030509949
result: False
power_upto_now: 0.040909089148044586
221th run
noise dimension : 8
noise variance: 101.61628723144531
original u-statistic:-0.1477527618408203
p value proxy: 0.8471760749816895
result: False
power_upto_now: 0.04072398319840431
222th run
noise dimension : 8
noise variance: 98.46334075927734
original u-statistic:-0.022669553756713867
p value proxy: 0.47508305311203003
result: False
power_upto_now: 0.04054053872823715
223th run
noise dimension : 8
noise variance: 99.49159240722656
original u-statistic:0.19798314571380615
p value proxy: 0.11960132420063019
result: False
power_upto_now: 0.04035874456167221
224th run
noise dimension : 8
noise variance: 99.0672836303711
original u-statistic:0.15550637245178223
p value proxy: 0.17607973515987396
result: False
power_upto_now: 0.0401785708963871
225th run
noise dimension : 8
noise variance: 99.50949096679688
original u-statistic:0.12227869033813477
p value proxy: 0.21594683825969696
result: False
power_upto_now: 0.03999999910593033
226th run
noise dimension : 8
noise variance: 100.15715026855469
original u-statistic:-0.1890125274658203
p value proxy: 0.9368770718574524
result: False
power_upto_now: 0.0398230105638504
227th run
noise dimension : 8
noise variance: 99.16522979736328
original u-statistic:-0.12013459205627441
p value proxy: 0.7441860437393188
result: False
power_upto_now: 0.039647575467824936
228th run
noise dimension : 8
noise variance: 99.48670959472656
original u-statistic:-0.024157047271728516
p value proxy: 0.5282391905784607
result: False
power_upto_now: 0.03947368264198303
229th run
noise dimension : 8
noise variance: 99.3495864868164
original u-statistic:0.07944512367248535
p value proxy: 0.302325576543808
result: False
power_upto_now: 0.0393013097345829
230th run
noise dimension : 8
noise variance: 101.74540710449219
original u-statistic:0.08929753303527832
p value proxy: 0.2591361999511719
result: False
power_upto_now: 0.03913043439388275
231th run
noise dimension : 8
noise variance: 100.33584594726562
original u-statistic:-0.2644186019897461
p value proxy: 0.9966776967048645
result: False
power_upto_now: 0.03896103799343109
232th run
noise dimension : 8
noise variance: 101.39886474609375
original u-statistic:-0.20065927505493164
p value proxy: 0.9468438029289246
result: False
power_upto_now: 0.03879310190677643
233th run
noise dimension : 8
noise variance: 100.11444854736328
original u-statistic:-0.15190982818603516
p value proxy: 0.8305647373199463
result: False
power_upto_now: 0.03862661123275757
234th run
noise dimension : 8
noise variance: 99.11941528320312
original u-statistic:0.1430072784423828
p value proxy: 0.19933554530143738
result: False
power_upto_now: 0.03846153989434242
235th run
noise dimension : 8
noise variance: 99.61421203613281
original u-statistic:-0.029867887496948242
p value proxy: 0.4916943311691284
result: False
power_upto_now: 0.0382978729903698
236th run
noise dimension : 8
noise variance: 99.25884246826172
original u-statistic:-0.04772686958312988
p value proxy: 0.5780730843544006
result: False
power_upto_now: 0.0381355918943882
237th run
noise dimension : 8
noise variance: 101.40277099609375
original u-statistic:-0.12277340888977051
p value proxy: 0.764119565486908
result: False
power_upto_now: 0.037974681705236435
238th run
noise dimension : 8
noise variance: 100.13327026367188
original u-statistic:0.13381171226501465
p value proxy: 0.18936876952648163
result: False
power_upto_now: 0.03781512752175331
239th run
noise dimension : 8
noise variance: 99.4244613647461
original u-statistic:0.014342546463012695
p value proxy: 0.37541526556015015
result: False
power_upto_now: 0.03765690326690674
240th run
noise dimension : 8
noise variance: 99.52204895019531
original u-statistic:-0.17308282852172852
p value proxy: 0.8671095967292786
result: False
power_upto_now: 0.03750000149011612
241th run
noise dimension : 8
noise variance: 99.6761245727539
original u-statistic:-0.0678553581237793
p value proxy: 0.6112956404685974
result: False
power_upto_now: 0.037344399839639664
242th run
noise dimension : 8
noise variance: 100.65531921386719
original u-statistic:-0.09089374542236328
p value proxy: 0.6943521499633789
result: False
power_upto_now: 0.03719008341431618
243th run
noise dimension : 8
noise variance: 99.64791870117188
original u-statistic:-0.0610966682434082
p value proxy: 0.5282391905784607
result: False
power_upto_now: 0.03703703731298447
244th run
noise dimension : 8
noise variance: 98.94945526123047
original u-statistic:-0.1183006763458252
p value proxy: 0.7209302186965942
result: False
power_upto_now: 0.03688524663448334
245th run
noise dimension : 8
noise variance: 100.16129302978516
original u-statistic:0.19367456436157227
p value proxy: 0.09302325546741486
result: False
power_upto_now: 0.0367346927523613
246th run
noise dimension : 8
noise variance: 100.6146011352539
original u-statistic:0.029456615447998047
p value proxy: 0.3621262311935425
result: False
power_upto_now: 0.03658536449074745
247th run
noise dimension : 8
noise variance: 100.50079345703125
original u-statistic:-0.08841371536254883
p value proxy: 0.6777408719062805
result: False
power_upto_now: 0.036437246948480606
248th run
noise dimension : 8
noise variance: 98.50096130371094
original u-statistic:0.26120710372924805
p value proxy: 0.10631228983402252
result: False
power_upto_now: 0.03629032149910927
249th run
noise dimension : 8
noise variance: 100.57901763916016
original u-statistic:0.21839237213134766
p value proxy: 0.10631228983402252
result: False
power_upto_now: 0.03614457696676254
250th run
noise dimension : 8
noise variance: 100.22659301757812
original u-statistic:-0.22075319290161133
p value proxy: 0.9634551405906677
result: False
power_upto_now: 0.035999998450279236
251th run
noise dimension : 8
noise variance: 99.41669464111328
original u-statistic:-0.10086512565612793
p value proxy: 0.6478404998779297
result: False
power_upto_now: 0.03585657477378845
252th run
noise dimension : 8
noise variance: 99.0636978149414
original u-statistic:0.09454345703125
p value proxy: 0.2225913554430008
result: False
power_upto_now: 0.0357142873108387
253th run
noise dimension : 8
noise variance: 99.26080322265625
original u-statistic:0.05889129638671875
p value proxy: 0.31561461091041565
result: False
power_upto_now: 0.035573121160268784
254th run
noise dimension : 8
noise variance: 99.3134536743164
original u-statistic:-0.19000530242919922
p value proxy: 0.9235880374908447
result: False
power_upto_now: 0.035433072596788406
255th run
noise dimension : 8
noise variance: 99.68708801269531
original u-statistic:-0.0883479118347168
p value proxy: 0.6710963249206543
result: False
power_upto_now: 0.03529411926865578
256th run
noise dimension : 8
noise variance: 100.41136932373047
original u-statistic:-0.05801105499267578
p value proxy: 0.5581395030021667
result: False
power_upto_now: 0.03515625
257th run
noise dimension : 8
noise variance: 99.25556945800781
original u-statistic:-0.04347968101501465
p value proxy: 0.5448504686355591
result: False
power_upto_now: 0.03501945361495018
258th run
noise dimension : 8
noise variance: 99.21723937988281
original u-statistic:0.005854368209838867
p value proxy: 0.4019933342933655
result: False
power_upto_now: 0.03488372266292572
259th run
noise dimension : 8
noise variance: 100.44861602783203
original u-statistic:-0.22149991989135742
p value proxy: 0.9634551405906677
result: False
power_upto_now: 0.03474903479218483
260th run
noise dimension : 8
noise variance: 99.76184844970703
original u-statistic:0.009361982345581055
p value proxy: 0.382059782743454
result: False
power_upto_now: 0.03461538627743721
261th run
noise dimension : 8
noise variance: 100.57514190673828
original u-statistic:-0.010717630386352539
p value proxy: 0.5116279125213623
result: False
power_upto_now: 0.03448275849223137
262th run
noise dimension : 8
noise variance: 99.74604797363281
original u-statistic:-0.10781598091125488
p value proxy: 0.7275747060775757
result: False
power_upto_now: 0.03435114398598671
263th run
noise dimension : 8
noise variance: 99.54544067382812
original u-statistic:0.0057642459869384766
p value proxy: 0.43521595001220703
result: False
power_upto_now: 0.034220531582832336
264th run
noise dimension : 8
noise variance: 101.12064361572266
original u-statistic:-0.06328105926513672
p value proxy: 0.6013289093971252
result: False
power_upto_now: 0.034090910106897354
265th run
noise dimension : 8
noise variance: 100.27613830566406
original u-statistic:-0.1911945343017578
p value proxy: 0.9235880374908447
result: False
power_upto_now: 0.03396226465702057
266th run
noise dimension : 8
noise variance: 100.13575744628906
original u-statistic:0.09961318969726562
p value proxy: 0.262458473443985
result: False
power_upto_now: 0.033834587782621384
267th run
noise dimension : 8
noise variance: 98.89102935791016
original u-statistic:-0.08865594863891602
p value proxy: 0.6578072905540466
result: False
power_upto_now: 0.033707864582538605
268th run
noise dimension : 8
noise variance: 98.38633728027344
original u-statistic:-0.10026431083679199
p value proxy: 0.7109634280204773
result: False
power_upto_now: 0.033582091331481934
269th run
noise dimension : 8
noise variance: 101.59571075439453
original u-statistic:-0.06625866889953613
p value proxy: 0.5780730843544006
result: False
power_upto_now: 0.03345724940299988
270th run
noise dimension : 8
noise variance: 99.23594665527344
original u-statistic:-0.2616555690765381
p value proxy: 0.9933554530143738
result: False
power_upto_now: 0.03333333507180214
271th run
noise dimension : 8
noise variance: 100.56166076660156
original u-statistic:-0.18711209297180176
p value proxy: 0.8903654217720032
result: False
power_upto_now: 0.033210333436727524
272th run
noise dimension : 8
noise variance: 100.46841430664062
original u-statistic:-0.15824484825134277
p value proxy: 0.8604651093482971
result: False
power_upto_now: 0.033088237047195435
273th run
noise dimension : 8
noise variance: 99.43031311035156
original u-statistic:-0.14541172981262207
p value proxy: 0.8471760749816895
result: False
power_upto_now: 0.032967034727334976
274th run
noise dimension : 8
noise variance: 99.59426879882812
original u-statistic:0.0937795639038086
p value proxy: 0.27574750781059265
result: False
power_upto_now: 0.03284671530127525
275th run
noise dimension : 8
noise variance: 100.2169189453125
original u-statistic:-0.111846923828125
p value proxy: 0.7574750781059265
result: False
power_upto_now: 0.03272727131843567
276th run
noise dimension : 8
noise variance: 99.9463882446289
original u-statistic:0.14184999465942383
p value proxy: 0.16943521797657013
result: False
power_upto_now: 0.032608695328235626
277th run
noise dimension : 8
noise variance: 100.3922119140625
original u-statistic:0.2573668956756592
p value proxy: 0.07308969646692276
result: False
power_upto_now: 0.03249097615480423
278th run
noise dimension : 8
noise variance: 99.12391662597656
original u-statistic:-0.11985898017883301
p value proxy: 0.8006644248962402
result: False
power_upto_now: 0.032374098896980286
279th run
noise dimension : 8
noise variance: 101.72412872314453
original u-statistic:-0.18989968299865723
p value proxy: 0.9102990031242371
result: False
power_upto_now: 0.032258063554763794
280th run
noise dimension : 8
noise variance: 101.15058135986328
original u-statistic:0.2023000717163086
p value proxy: 0.11960132420063019
result: False
power_upto_now: 0.03214285895228386
281th run
noise dimension : 8
noise variance: 101.11701965332031
original u-statistic:-0.21866559982299805
p value proxy: 0.9435215592384338
result: False
power_upto_now: 0.03202847018837929
282th run
noise dimension : 8
noise variance: 102.37089538574219
original u-statistic:0.3110227584838867
p value proxy: 0.05647840350866318
result: False
power_upto_now: 0.03191489353775978
283th run
noise dimension : 8
noise variance: 99.22500610351562
original u-statistic:-0.10623025894165039
p value proxy: 0.7408637404441833
result: False
power_upto_now: 0.03180212154984474
284th run
noise dimension : 8
noise variance: 99.6736068725586
original u-statistic:0.0742044448852539
p value proxy: 0.2691029906272888
result: False
power_upto_now: 0.03169013932347298
285th run
noise dimension : 8
noise variance: 99.08009338378906
original u-statistic:-0.08897066116333008
p value proxy: 0.7275747060775757
result: False
power_upto_now: 0.031578946858644485
286th run
noise dimension : 8
noise variance: 99.75525665283203
original u-statistic:0.02468395233154297
p value proxy: 0.382059782743454
result: False
power_upto_now: 0.03146853297948837
287th run
noise dimension : 8
noise variance: 98.87059020996094
original u-statistic:0.1193840503692627
p value proxy: 0.16943521797657013
result: False
power_upto_now: 0.03135888651013374
288th run
noise dimension : 8
noise variance: 99.99991607666016
original u-statistic:-0.07792878150939941
p value proxy: 0.6644518375396729
result: False
power_upto_now: 0.03125
289th run
noise dimension : 8
noise variance: 100.0047378540039
original u-statistic:-0.011964797973632812
p value proxy: 0.39534881711006165
result: False
power_upto_now: 0.031141867861151695
290th run
noise dimension : 8
noise variance: 99.068115234375
original u-statistic:-0.24650073051452637
p value proxy: 0.9767441749572754
result: False
power_upto_now: 0.031034482643008232
291th run
noise dimension : 8
noise variance: 99.5937728881836
original u-statistic:0.03457033634185791
p value proxy: 0.3621262311935425
result: False
power_upto_now: 0.030927835032343864
292th run
noise dimension : 8
noise variance: 99.92176818847656
original u-statistic:-0.08291387557983398
p value proxy: 0.6877076029777527
result: False
power_upto_now: 0.030821917578577995
293th run
noise dimension : 8
noise variance: 101.54257202148438
original u-statistic:0.17329621315002441
p value proxy: 0.13289035856723785
result: False
power_upto_now: 0.030716722831130028
294th run
noise dimension : 8
noise variance: 101.11209869384766
original u-statistic:0.21845602989196777
p value proxy: 0.07641195505857468
result: False
power_upto_now: 0.030612245202064514
295th run
noise dimension : 8
noise variance: 99.91315460205078
original u-statistic:0.16244769096374512
p value proxy: 0.14950165152549744
result: False
power_upto_now: 0.03050847537815571
296th run
noise dimension : 8
noise variance: 99.01216125488281
original u-statistic:0.13168549537658691
p value proxy: 0.2259136140346527
result: False
power_upto_now: 0.030405405908823013
297th run
noise dimension : 8
noise variance: 100.49059295654297
original u-statistic:-0.02988910675048828
p value proxy: 0.4518272280693054
result: False
power_upto_now: 0.03030303120613098
298th run
noise dimension : 8
noise variance: 100.48750305175781
original u-statistic:-0.12736916542053223
p value proxy: 0.8006644248962402
result: False
power_upto_now: 0.030201341956853867
299th run
noise dimension : 8
noise variance: 100.73326110839844
original u-statistic:-0.15801572799682617
p value proxy: 0.8604651093482971
result: False
power_upto_now: 0.03010033443570137
300th run
noise dimension : 8
noise variance: 99.61257934570312
original u-statistic:0.0055997371673583984
p value proxy: 0.4119601249694824
result: False
power_upto_now: 0.029999999329447746
301th run
noise dimension : 8
noise variance: 98.20478057861328
original u-statistic:-0.16305851936340332
p value proxy: 0.8770763874053955
result: False
power_upto_now: 0.029900332912802696
302th run
noise dimension : 8
noise variance: 101.08625793457031
original u-statistic:-0.004746437072753906
p value proxy: 0.47840529680252075
result: False
power_upto_now: 0.029801324009895325
303th run
noise dimension : 8
noise variance: 99.56561279296875
original u-statistic:-0.182297945022583
p value proxy: 0.9003322124481201
result: False
power_upto_now: 0.029702970758080482
304th run
noise dimension : 8
noise variance: 100.36395263671875
original u-statistic:0.20919013023376465
p value proxy: 0.09634551405906677
result: False
power_upto_now: 0.029605263844132423
305th run
noise dimension : 8
noise variance: 100.1721420288086
original u-statistic:0.12738299369812012
p value proxy: 0.1627907007932663
result: False
power_upto_now: 0.02950819581747055
306th run
noise dimension : 8
noise variance: 100.09999084472656
original u-statistic:0.2561044692993164
p value proxy: 0.07973422110080719
result: False
power_upto_now: 0.029411764815449715
307th run
noise dimension : 8
noise variance: 99.25767517089844
original u-statistic:0.06403255462646484
p value proxy: 0.29235878586769104
result: False
power_upto_now: 0.02931596152484417
308th run
noise dimension : 8
noise variance: 100.39799499511719
original u-statistic:0.017699480056762695
p value proxy: 0.37873753905296326
result: False
power_upto_now: 0.02922077849507332
309th run
noise dimension : 8
noise variance: 98.3668212890625
original u-statistic:0.31539225578308105
p value proxy: 0.033222589641809464
result: True
power_upto_now: 0.03236246109008789
310th run
noise dimension : 8
noise variance: 100.910400390625
original u-statistic:-0.21846818923950195
p value proxy: 0.960132896900177
result: False
power_upto_now: 0.032258063554763794
311th run
noise dimension : 8
noise variance: 100.96843719482422
original u-statistic:-0.014966249465942383
p value proxy: 0.4850498139858246
result: False
power_upto_now: 0.03215434029698372
312th run
noise dimension : 8
noise variance: 98.92699432373047
original u-statistic:-0.24569177627563477
p value proxy: 0.9734219312667847
result: False
power_upto_now: 0.03205128386616707
313th run
noise dimension : 8
noise variance: 99.53427124023438
original u-statistic:-0.18768906593322754
p value proxy: 0.9302325248718262
result: False
power_upto_now: 0.03194888308644295
314th run
noise dimension : 8
noise variance: 99.3498764038086
original u-statistic:-0.18178939819335938
p value proxy: 0.9169434905052185
result: False
power_upto_now: 0.03184713423252106
315th run
noise dimension : 8
noise variance: 99.38396453857422
original u-statistic:-0.10673308372497559
p value proxy: 0.714285671710968
result: False
power_upto_now: 0.0317460335791111
316th run
noise dimension : 8
noise variance: 100.14543914794922
original u-statistic:0.025460481643676758
p value proxy: 0.37541526556015015
result: False
power_upto_now: 0.03164556995034218
317th run
noise dimension : 8
noise variance: 99.90629577636719
original u-statistic:0.2491767406463623
p value proxy: 0.07973422110080719
result: False
power_upto_now: 0.031545739620923996
318th run
noise dimension : 8
noise variance: 99.40961456298828
original u-statistic:-0.1273951530456543
p value proxy: 0.7940199375152588
result: False
power_upto_now: 0.03144654259085655
319th run
noise dimension : 8
noise variance: 100.1885986328125
original u-statistic:-0.1011667251586914
p value proxy: 0.724252462387085
result: False
power_upto_now: 0.03134796395897865
320th run
noise dimension : 8
noise variance: 100.79793548583984
original u-statistic:0.3989534378051758
p value proxy: 0.023255813866853714
result: True
power_upto_now: 0.03437500074505806
321th run
noise dimension : 8
noise variance: 100.25592041015625
original u-statistic:-0.10991549491882324
p value proxy: 0.724252462387085
result: False
power_upto_now: 0.034267913550138474
322th run
noise dimension : 8
noise variance: 100.81957244873047
original u-statistic:-0.043068647384643555
p value proxy: 0.5681062936782837
result: False
power_upto_now: 0.034161489456892014
323th run
noise dimension : 8
noise variance: 100.06956481933594
original u-statistic:-0.2248075008392334
p value proxy: 0.9767441749572754
result: False
power_upto_now: 0.03405572846531868
324th run
noise dimension : 8
noise variance: 100.6966552734375
original u-statistic:-0.06820321083068848
p value proxy: 0.6710963249206543
result: False
power_upto_now: 0.03395061567425728
325th run
noise dimension : 8
noise variance: 100.106689453125
original u-statistic:-0.16014575958251953
p value proxy: 0.8637873530387878
result: False
power_upto_now: 0.03384615480899811
326th run
noise dimension : 8
noise variance: 100.54042053222656
original u-statistic:-0.1891920566558838
p value proxy: 0.9235880374908447
result: False
power_upto_now: 0.033742330968379974
327th run
noise dimension : 8
noise variance: 100.6695785522461
original u-statistic:-0.21867084503173828
p value proxy: 0.9667773842811584
result: False
power_upto_now: 0.03363914415240288
328th run
noise dimension : 8
noise variance: 100.71735382080078
original u-statistic:-0.22135186195373535
p value proxy: 0.9634551405906677
result: False
power_upto_now: 0.03353658691048622
329th run
noise dimension : 8
noise variance: 99.5867919921875
original u-statistic:-0.09736394882202148
p value proxy: 0.7375414967536926
result: False
power_upto_now: 0.03343465179204941
330th run
noise dimension : 8
noise variance: 100.65765380859375
original u-statistic:-0.07805871963500977
p value proxy: 0.6644518375396729
result: False
power_upto_now: 0.03333333507180214
331th run
noise dimension : 8
noise variance: 99.41727447509766
original u-statistic:0.03093433380126953
p value proxy: 0.3056478202342987
result: False
power_upto_now: 0.03323262929916382
332th run
noise dimension : 8
noise variance: 100.22372436523438
original u-statistic:0.25133657455444336
p value proxy: 0.05315614491701126
result: False
power_upto_now: 0.03313253074884415
333th run
noise dimension : 8
noise variance: 99.2440414428711
original u-statistic:-0.15101289749145508
p value proxy: 0.8571428656578064
result: False
power_upto_now: 0.03303303197026253
334th run
noise dimension : 8
noise variance: 99.92388916015625
original u-statistic:0.06452345848083496
p value proxy: 0.31893688440322876
result: False
power_upto_now: 0.03293413296341896
335th run
noise dimension : 8
noise variance: 99.6434326171875
original u-statistic:0.1392955780029297
p value proxy: 0.19269102811813354
result: False
power_upto_now: 0.03283582255244255
336th run
noise dimension : 8
noise variance: 101.96898651123047
original u-statistic:-0.005110740661621094
p value proxy: 0.4318936765193939
result: False
power_upto_now: 0.032738097012043
337th run
noise dimension : 8
noise variance: 98.64752960205078
original u-statistic:0.038390398025512695
p value proxy: 0.3455149531364441
result: False
power_upto_now: 0.03264094889163971
338th run
noise dimension : 8
noise variance: 100.68265533447266
original u-statistic:-0.11340594291687012
p value proxy: 0.7541528344154358
result: False
power_upto_now: 0.03254437819123268
339th run
noise dimension : 8
noise variance: 100.02134704589844
original u-statistic:-0.09245729446411133
p value proxy: 0.6877076029777527
result: False
power_upto_now: 0.03244837746024132
340th run
noise dimension : 8
noise variance: 98.97516632080078
original u-statistic:-0.002859830856323242
p value proxy: 0.45847174525260925
result: False
power_upto_now: 0.03235294297337532
341th run
noise dimension : 8
noise variance: 99.48297882080078
original u-statistic:0.21474599838256836
p value proxy: 0.07973422110080719
result: False
power_upto_now: 0.032258063554763794
342th run
noise dimension : 8
noise variance: 99.26603698730469
original u-statistic:-0.12165951728820801
p value proxy: 0.7873753905296326
result: False
power_upto_now: 0.03216374292969704
343th run
noise dimension : 8
noise variance: 100.11988067626953
original u-statistic:-0.19190549850463867
p value proxy: 0.9003322124481201
result: False
power_upto_now: 0.03206996992230415
344th run
noise dimension : 8
noise variance: 99.53601837158203
original u-statistic:-0.1809396743774414
p value proxy: 0.9003322124481201
result: False
power_upto_now: 0.031976744532585144
345th run
noise dimension : 8
noise variance: 99.99632263183594
original u-statistic:-0.026522397994995117
p value proxy: 0.5049833655357361
result: False
power_upto_now: 0.03188405930995941
346th run
noise dimension : 8
noise variance: 101.52044677734375
original u-statistic:-0.09873127937316895
p value proxy: 0.6578072905540466
result: False
power_upto_now: 0.03179190680384636
347th run
noise dimension : 8
noise variance: 100.30074310302734
original u-statistic:-0.16384458541870117
p value proxy: 0.8671095967292786
result: False
power_upto_now: 0.03170028701424599
348th run
noise dimension : 8
noise variance: 99.17652893066406
original u-statistic:-0.1135416030883789
p value proxy: 0.7441860437393188
result: False
power_upto_now: 0.031609196215867996
349th run
noise dimension : 8
noise variance: 100.70719909667969
original u-statistic:-0.12798571586608887
p value proxy: 0.7574750781059265
result: False
power_upto_now: 0.03151862323284149
350th run
noise dimension : 8
noise variance: 100.39318084716797
original u-statistic:-0.11929154396057129
p value proxy: 0.7574750781059265
result: False
power_upto_now: 0.03142857179045677
351th run
noise dimension : 8
noise variance: 101.7471923828125
original u-statistic:-0.1371932029724121
p value proxy: 0.7940199375152588
result: False
power_upto_now: 0.03133903071284294
352th run
noise dimension : 8
noise variance: 100.4396743774414
original u-statistic:0.256122350692749
p value proxy: 0.08970099687576294
result: False
power_upto_now: 0.03125
353th run
noise dimension : 8
noise variance: 101.1908187866211
original u-statistic:0.02419734001159668
p value proxy: 0.3720930218696594
result: False
power_upto_now: 0.03116147220134735
354th run
noise dimension : 8
noise variance: 99.57742309570312
original u-statistic:-0.009377121925354004
p value proxy: 0.4451827108860016
result: False
power_upto_now: 0.031073445454239845
355th run
noise dimension : 8
noise variance: 101.2661361694336
original u-statistic:-0.14660966396331787
p value proxy: 0.8205980062484741
result: False
power_upto_now: 0.030985916033387184
356th run
noise dimension : 8
noise variance: 99.9499282836914
original u-statistic:-0.24826574325561523
p value proxy: 0.9867109656333923
result: False
power_upto_now: 0.03089887648820877
357th run
noise dimension : 8
noise variance: 99.3067398071289
original u-statistic:-0.019251585006713867
p value proxy: 0.5049833655357361
result: False
power_upto_now: 0.030812324956059456
358th run
noise dimension : 8
noise variance: 98.76970672607422
original u-statistic:-0.09539389610290527
p value proxy: 0.6877076029777527
result: False
power_upto_now: 0.03072625771164894
359th run
noise dimension : 8
noise variance: 99.24681854248047
original u-statistic:-0.20488572120666504
p value proxy: 0.960132896900177
result: False
power_upto_now: 0.03064066916704178
360th run
noise dimension : 8
noise variance: 100.18494415283203
original u-statistic:-0.005041360855102539
p value proxy: 0.4717607796192169
result: False
power_upto_now: 0.03055555559694767
361th run
noise dimension : 8
noise variance: 100.5303726196289
original u-statistic:0.09937524795532227
p value proxy: 0.20930232107639313
result: False
power_upto_now: 0.030470913276076317
362th run
noise dimension : 8
noise variance: 98.23119354248047
original u-statistic:-0.11620402336120605
p value proxy: 0.7774085998535156
result: False
power_upto_now: 0.03038674034178257
363th run
noise dimension : 8
noise variance: 99.70626831054688
original u-statistic:-0.18630528450012207
p value proxy: 0.8936876654624939
result: False
power_upto_now: 0.03030303120613098
364th run
noise dimension : 8
noise variance: 100.15880584716797
original u-statistic:0.0008442401885986328
p value proxy: 0.4086378514766693
result: False
power_upto_now: 0.030219780281186104
365th run
noise dimension : 8
noise variance: 99.84772491455078
original u-statistic:-0.009580135345458984
p value proxy: 0.45847174525260925
result: False
power_upto_now: 0.030136985704302788
366th run
noise dimension : 8
noise variance: 100.33651733398438
original u-statistic:0.032750487327575684
p value proxy: 0.3720930218696594
result: False
power_upto_now: 0.030054645612835884
367th run
noise dimension : 8
noise variance: 100.84326934814453
original u-statistic:0.15815067291259766
p value proxy: 0.15946844220161438
result: False
power_upto_now: 0.029972752556204796
368th run
noise dimension : 8
noise variance: 100.40223693847656
original u-statistic:-0.12650489807128906
p value proxy: 0.7574750781059265
result: False
power_upto_now: 0.029891304671764374
369th run
noise dimension : 8
noise variance: 99.85021209716797
original u-statistic:-0.12393403053283691
p value proxy: 0.7441860437393188
result: False
power_upto_now: 0.02981029823422432
370th run
noise dimension : 8
noise variance: 100.92679595947266
original u-statistic:-0.0057637691497802734
p value proxy: 0.4019933342933655
result: False
power_upto_now: 0.029729729518294334
371th run
noise dimension : 8
noise variance: 99.65436553955078
original u-statistic:0.01223134994506836
p value proxy: 0.421926885843277
result: False
power_upto_now: 0.02964959479868412
372th run
noise dimension : 8
noise variance: 99.69834899902344
original u-statistic:-0.05460476875305176
p value proxy: 0.5614618062973022
result: False
power_upto_now: 0.029569892212748528
373th run
noise dimension : 8
noise variance: 100.27409362792969
original u-statistic:-0.06359100341796875
p value proxy: 0.6079733967781067
result: False
power_upto_now: 0.02949061617255211
374th run
noise dimension : 8
noise variance: 99.9020004272461
original u-statistic:0.22903227806091309
p value proxy: 0.09966777265071869
result: False
power_upto_now: 0.029411764815449715
375th run
noise dimension : 8
noise variance: 100.634521484375
original u-statistic:0.30122804641723633
p value proxy: 0.039867110550403595
result: True
power_upto_now: 0.03200000151991844
376th run
noise dimension : 8
noise variance: 101.13301086425781
original u-statistic:0.14196062088012695
p value proxy: 0.15614616870880127
result: False
power_upto_now: 0.03191489353775978
377th run
noise dimension : 8
noise variance: 100.19291687011719
original u-statistic:0.21313416957855225
p value proxy: 0.09302325546741486
result: False
power_upto_now: 0.03183024004101753
378th run
noise dimension : 8
noise variance: 100.04474639892578
original u-statistic:0.18494796752929688
p value proxy: 0.1395348757505417
result: False
power_upto_now: 0.0317460335791111
379th run
noise dimension : 8
noise variance: 100.41484832763672
original u-statistic:-0.1375102996826172
p value proxy: 0.803986668586731
result: False
power_upto_now: 0.03166227042675018
380th run
noise dimension : 8
noise variance: 100.12376403808594
original u-statistic:0.3139936923980713
p value proxy: 0.03654484823346138
result: True
power_upto_now: 0.03421052545309067
381th run
noise dimension : 8
noise variance: 98.70843505859375
original u-statistic:-0.18346023559570312
p value proxy: 0.8936876654624939
result: False
power_upto_now: 0.03412073478102684
382th run
noise dimension : 8
noise variance: 99.36591339111328
original u-statistic:-0.0012621879577636719
p value proxy: 0.47508305311203003
result: False
power_upto_now: 0.03403141349554062
383th run
noise dimension : 8
noise variance: 99.5709228515625
original u-statistic:0.22886419296264648
p value proxy: 0.09302325546741486
result: False
power_upto_now: 0.033942557871341705
384th run
noise dimension : 8
noise variance: 99.69959259033203
original u-statistic:0.16019034385681152
p value proxy: 0.17607973515987396
result: False
power_upto_now: 0.0338541679084301
385th run
noise dimension : 8
noise variance: 98.61502075195312
original u-statistic:0.08002901077270508
p value proxy: 0.23255813121795654
result: False
power_upto_now: 0.033766232430934906
386th run
noise dimension : 8
noise variance: 100.62395477294922
original u-statistic:-0.16712522506713867
p value proxy: 0.8737541437149048
result: False
power_upto_now: 0.03367875516414642
387th run
noise dimension : 8
noise variance: 99.36214447021484
original u-statistic:0.0014710426330566406
p value proxy: 0.45514950156211853
result: False
power_upto_now: 0.03359173238277435
388th run
noise dimension : 8
noise variance: 99.84020233154297
original u-statistic:0.36708593368530273
p value proxy: 0.05647840350866318
result: False
power_upto_now: 0.0335051529109478
389th run
noise dimension : 8
noise variance: 100.81593322753906
original u-statistic:0.20090651512145996
p value proxy: 0.10963454842567444
result: False
power_upto_now: 0.03341902419924736
390th run
noise dimension : 8
noise variance: 100.34474182128906
original u-statistic:-0.0576174259185791
p value proxy: 0.6279069781303406
result: False
power_upto_now: 0.03333333507180214
391th run
noise dimension : 8
noise variance: 100.66278076171875
original u-statistic:0.005415439605712891
p value proxy: 0.4119601249694824
result: False
power_upto_now: 0.03324808180332184
392th run
noise dimension : 8
noise variance: 100.88359069824219
original u-statistic:-0.1807711124420166
p value proxy: 0.9102990031242371
result: False
power_upto_now: 0.03316326439380646
393th run
noise dimension : 8
noise variance: 99.77941131591797
original u-statistic:-0.15025901794433594
p value proxy: 0.843853771686554
result: False
power_upto_now: 0.0330788791179657
394th run
noise dimension : 8
noise variance: 100.54354095458984
original u-statistic:0.3819887638092041
p value proxy: 0.023255813866853714
result: True
power_upto_now: 0.03553299605846405
395th run
noise dimension : 8
noise variance: 100.42617797851562
original u-statistic:-0.04109525680541992
p value proxy: 0.5448504686355591
result: False
power_upto_now: 0.03544303774833679
396th run
noise dimension : 8
noise variance: 99.48462677001953
original u-statistic:0.1044313907623291
p value proxy: 0.25249168276786804
result: False
power_upto_now: 0.035353533923625946
397th run
noise dimension : 8
noise variance: 99.60819244384766
original u-statistic:0.09811544418334961
p value proxy: 0.24916942417621613
result: False
power_upto_now: 0.03526448458433151
398th run
noise dimension : 8
noise variance: 99.06216430664062
original u-statistic:-0.03339219093322754
p value proxy: 0.5415282249450684
result: False
power_upto_now: 0.035175878554582596
399th run
noise dimension : 8
noise variance: 100.70252227783203
original u-statistic:-0.0451960563659668
p value proxy: 0.5813953280448914
result: False
power_upto_now: 0.035087719559669495
400th run
noise dimension : 8
noise variance: 99.85688781738281
original u-statistic:-0.034384727478027344
p value proxy: 0.5614618062973022
result: False
power_upto_now: 0.03500000014901161
401th run
noise dimension : 8
noise variance: 100.30870056152344
original u-statistic:0.09173917770385742
p value proxy: 0.2691029906272888
result: False
power_upto_now: 0.03491271659731865
402th run
noise dimension : 8
noise variance: 99.50450897216797
original u-statistic:-0.16258454322814941
p value proxy: 0.8106312155723572
result: False
power_upto_now: 0.03482586890459061
403th run
noise dimension : 8
noise variance: 100.59769439697266
original u-statistic:0.08703231811523438
p value proxy: 0.2790697515010834
result: False
power_upto_now: 0.034739453345537186
404th run
noise dimension : 8
noise variance: 100.1606674194336
original u-statistic:-0.1770479679107666
p value proxy: 0.9235880374908447
result: False
power_upto_now: 0.03465346619486809
405th run
noise dimension : 8
noise variance: 99.87576293945312
original u-statistic:0.3024110794067383
p value proxy: 0.06312292069196701
result: False
power_upto_now: 0.034567900002002716
406th run
noise dimension : 8
noise variance: 99.97411346435547
original u-statistic:0.04412651062011719
p value proxy: 0.3222591280937195
result: False
power_upto_now: 0.03448275849223137
407th run
noise dimension : 8
noise variance: 99.31001281738281
original u-statistic:-0.19677186012268066
p value proxy: 0.9401993155479431
result: False
power_upto_now: 0.03439803421497345
408th run
noise dimension : 8
noise variance: 99.05277252197266
original u-statistic:-0.02150559425354004
p value proxy: 0.5049833655357361
result: False
power_upto_now: 0.03431372717022896
409th run
noise dimension : 8
noise variance: 99.38591766357422
original u-statistic:0.01795196533203125
p value proxy: 0.41860464215278625
result: False
power_upto_now: 0.0342298299074173
410th run
noise dimension : 8
noise variance: 100.211181640625
original u-statistic:0.037343740463256836
p value proxy: 0.3488371968269348
result: False
power_upto_now: 0.03414634242653847
411th run
noise dimension : 8
noise variance: 98.87317657470703
original u-statistic:0.07125043869018555
p value proxy: 0.2990033030509949
result: False
power_upto_now: 0.03406326100230217
412th run
noise dimension : 8
noise variance: 102.34408569335938
original u-statistic:0.02160024642944336
p value proxy: 0.3720930218696594
result: False
power_upto_now: 0.033980581909418106
413th run
noise dimension : 8
noise variance: 98.86021423339844
original u-statistic:0.15949153900146484
p value proxy: 0.17940199375152588
result: False
power_upto_now: 0.033898305147886276
414th run
noise dimension : 8
noise variance: 100.60099792480469
original u-statistic:-0.23663687705993652
p value proxy: 0.9734219312667847
result: False
power_upto_now: 0.03381642326712608
415th run
noise dimension : 8
noise variance: 98.99317932128906
original u-statistic:0.1621100902557373
p value proxy: 0.1395348757505417
result: False
power_upto_now: 0.033734939992427826
416th run
noise dimension : 8
noise variance: 100.97631072998047
original u-statistic:-0.14691519737243652
p value proxy: 0.8205980062484741
result: False
power_upto_now: 0.03365384787321091
417th run
noise dimension : 8
noise variance: 99.34418487548828
original u-statistic:0.037153005599975586
p value proxy: 0.37873753905296326
result: False
power_upto_now: 0.03357314318418503
418th run
noise dimension : 8
noise variance: 99.80327606201172
original u-statistic:-0.09749412536621094
p value proxy: 0.714285671710968
result: False
power_upto_now: 0.03349282220005989
419th run
noise dimension : 8
noise variance: 98.83451843261719
original u-statistic:0.07123208045959473
p value proxy: 0.262458473443985
result: False
power_upto_now: 0.03341288864612579
420th run
noise dimension : 8
noise variance: 100.7632064819336
original u-statistic:0.21447491645812988
p value proxy: 0.11295680701732635
result: False
power_upto_now: 0.03333333507180214
421th run
noise dimension : 8
noise variance: 100.30738067626953
original u-statistic:0.1376805305480957
p value proxy: 0.1661129593849182
result: False
power_upto_now: 0.03325415775179863
422th run
noise dimension : 8
noise variance: 100.6976318359375
original u-statistic:0.15674805641174316
p value proxy: 0.13289035856723785
result: False
power_upto_now: 0.033175356686115265
423th run
noise dimension : 8
noise variance: 99.36205291748047
original u-statistic:-0.06656765937805176
p value proxy: 0.6411960124969482
result: False
power_upto_now: 0.033096928149461746
424th run
noise dimension : 8
noise variance: 99.24712371826172
original u-statistic:-0.09150028228759766
p value proxy: 0.644518256187439
result: False
power_upto_now: 0.033018868416547775
425th run
noise dimension : 8
noise variance: 100.21160125732422
original u-statistic:0.32474684715270996
p value proxy: 0.05315614491701126
result: False
power_upto_now: 0.03294117748737335
426th run
noise dimension : 8
noise variance: 101.45769500732422
original u-statistic:0.05568337440490723
p value proxy: 0.33554816246032715
result: False
power_upto_now: 0.03286384791135788
427th run
noise dimension : 8
noise variance: 100.37019348144531
original u-statistic:-0.07022643089294434
p value proxy: 0.6578072905540466
result: False
power_upto_now: 0.032786883413791656
428th run
noise dimension : 8
noise variance: 99.73225402832031
original u-statistic:0.13952231407165527
p value proxy: 0.17607973515987396
result: False
power_upto_now: 0.032710280269384384
429th run
noise dimension : 8
noise variance: 101.90779113769531
original u-statistic:-0.004235506057739258
p value proxy: 0.4318936765193939
result: False
power_upto_now: 0.032634031027555466
430th run
noise dimension : 8
noise variance: 99.3705825805664
original u-statistic:-0.08348584175109863
p value proxy: 0.634551465511322
result: False
power_upto_now: 0.0325581394135952
431th run
noise dimension : 8
noise variance: 100.7140121459961
original u-statistic:-0.05278885364532471
p value proxy: 0.5880398750305176
result: False
power_upto_now: 0.03248259797692299
432th run
noise dimension : 8
noise variance: 100.83370208740234
original u-statistic:-0.19019412994384766
p value proxy: 0.8936876654624939
result: False
power_upto_now: 0.032407406717538834
433th run
noise dimension : 8
noise variance: 99.90245819091797
original u-statistic:-0.10728740692138672
p value proxy: 0.7109634280204773
result: False
power_upto_now: 0.032332561910152435
434th run
noise dimension : 8
noise variance: 100.00907897949219
original u-statistic:-0.209273099899292
p value proxy: 0.9534883499145508
result: False
power_upto_now: 0.032258063554763794
435th run
noise dimension : 8
noise variance: 100.31234741210938
original u-statistic:-0.06582379341125488
p value proxy: 0.6378737688064575
result: False
power_upto_now: 0.03218390792608261
436th run
noise dimension : 8
noise variance: 98.53288269042969
original u-statistic:0.2109203338623047
p value proxy: 0.1029900312423706
result: False
power_upto_now: 0.03211009129881859
437th run
noise dimension : 8
noise variance: 98.53740692138672
original u-statistic:0.3671729564666748
p value proxy: 0.03654484823346138
result: True
power_upto_now: 0.03432494401931763
438th run
noise dimension : 8
noise variance: 100.5289535522461
original u-statistic:-0.06518983840942383
p value proxy: 0.604651153087616
result: False
power_upto_now: 0.034246575087308884
439th run
noise dimension : 8
noise variance: 99.62928771972656
original u-statistic:0.05073285102844238
p value proxy: 0.3289036452770233
result: False
power_upto_now: 0.03416856378316879
440th run
noise dimension : 8
noise variance: 100.30445861816406
original u-statistic:0.0937812328338623
p value proxy: 0.2823920249938965
result: False
power_upto_now: 0.034090910106897354
441th run
noise dimension : 8
noise variance: 100.6528091430664
original u-statistic:-0.12233424186706543
p value proxy: 0.7574750781059265
result: False
power_upto_now: 0.03401360660791397
442th run
noise dimension : 8
noise variance: 101.56074523925781
original u-statistic:-0.2110888957977295
p value proxy: 0.9401993155479431
result: False
power_upto_now: 0.03393665328621864
443th run
noise dimension : 8
noise variance: 100.94183349609375
original u-statistic:-0.0718393325805664
p value proxy: 0.634551465511322
result: False
power_upto_now: 0.03386004641652107
444th run
noise dimension : 8
noise variance: 100.72603607177734
original u-statistic:-0.0015485286712646484
p value proxy: 0.43853819370269775
result: False
power_upto_now: 0.03378378227353096
445th run
noise dimension : 8
noise variance: 100.84099578857422
original u-statistic:0.07590460777282715
p value proxy: 0.2857142686843872
result: False
power_upto_now: 0.033707864582538605
446th run
noise dimension : 8
noise variance: 100.10304260253906
original u-statistic:-0.1044931411743164
p value proxy: 0.7109634280204773
result: False
power_upto_now: 0.03363228589296341
447th run
noise dimension : 8
noise variance: 98.82655334472656
original u-statistic:-0.1924126148223877
p value proxy: 0.9302325248718262
result: False
power_upto_now: 0.033557046204805374
448th run
noise dimension : 8
noise variance: 100.2142333984375
original u-statistic:-0.02062845230102539
p value proxy: 0.4883720874786377
result: False
power_upto_now: 0.0334821417927742
449th run
noise dimension : 8
noise variance: 99.19937133789062
original u-statistic:-0.20378375053405762
p value proxy: 0.9202657341957092
result: False
power_upto_now: 0.03340757265686989
450th run
noise dimension : 8
noise variance: 99.44559478759766
original u-statistic:0.012115001678466797
p value proxy: 0.4252491593360901
result: False
power_upto_now: 0.03333333507180214
451th run
noise dimension : 8
noise variance: 99.28118133544922
original u-statistic:-0.11922621726989746
p value proxy: 0.7541528344154358
result: False
power_upto_now: 0.033259425312280655
452th run
noise dimension : 8
noise variance: 100.43559265136719
original u-statistic:-0.19772005081176758
p value proxy: 0.9468438029289246
result: False
power_upto_now: 0.03318583965301514
453th run
noise dimension : 8
noise variance: 99.94197845458984
original u-statistic:-0.261319637298584
p value proxy: 0.9900332093238831
result: False
power_upto_now: 0.03311258181929588
454th run
noise dimension : 8
noise variance: 98.92560577392578
original u-statistic:0.08838629722595215
p value proxy: 0.2890365421772003
result: False
power_upto_now: 0.033039648085832596
455th run
noise dimension : 8
noise variance: 101.00938415527344
original u-statistic:-0.22696900367736816
p value proxy: 0.9734219312667847
result: False
power_upto_now: 0.032967034727334976
456th run
noise dimension : 8
noise variance: 99.51785278320312
original u-statistic:-0.05288410186767578
p value proxy: 0.5614618062973022
result: False
power_upto_now: 0.032894738018512726
457th run
noise dimension : 8
noise variance: 99.02919006347656
original u-statistic:-0.1572895050048828
p value proxy: 0.8338870406150818
result: False
power_upto_now: 0.032822757959365845
458th run
noise dimension : 8
noise variance: 100.21707153320312
original u-statistic:0.28853940963745117
p value proxy: 0.05647840350866318
result: False
power_upto_now: 0.032751090824604034
459th run
noise dimension : 8
noise variance: 100.26749420166016
original u-statistic:-0.04237794876098633
p value proxy: 0.5448504686355591
result: False
power_upto_now: 0.03267974033951759
460th run
noise dimension : 8
noise variance: 99.34611511230469
original u-statistic:0.04889249801635742
p value proxy: 0.27242523431777954
result: False
power_upto_now: 0.032608695328235626
461th run
noise dimension : 8
noise variance: 101.30480194091797
original u-statistic:-0.04611968994140625
p value proxy: 0.5614618062973022
result: False
power_upto_now: 0.03253795951604843
462th run
noise dimension : 8
noise variance: 100.71630096435547
original u-statistic:-0.010375499725341797
p value proxy: 0.4518272280693054
result: False
power_upto_now: 0.03246753290295601
463th run
noise dimension : 8
noise variance: 99.04411315917969
original u-statistic:0.0031223297119140625
p value proxy: 0.3687707483768463
result: False
power_upto_now: 0.03239740803837776
464th run
noise dimension : 8
noise variance: 101.12565612792969
original u-statistic:0.13009977340698242
p value proxy: 0.19269102811813354
result: False
power_upto_now: 0.03232758492231369
465th run
noise dimension : 8
noise variance: 100.11880493164062
original u-statistic:0.033275604248046875
p value proxy: 0.3521594703197479
result: False
power_upto_now: 0.032258063554763794
466th run
noise dimension : 8
noise variance: 99.68656921386719
original u-statistic:-0.05041909217834473
p value proxy: 0.6013289093971252
result: False
power_upto_now: 0.032188840210437775
467th run
noise dimension : 8
noise variance: 98.76638793945312
original u-statistic:-0.21743488311767578
p value proxy: 0.9568105936050415
result: False
power_upto_now: 0.03211991488933563
468th run
noise dimension : 8
noise variance: 100.08312225341797
original u-statistic:-0.061301231384277344
p value proxy: 0.6312292218208313
result: False
power_upto_now: 0.03205128386616707
469th run
noise dimension : 8
noise variance: 99.3418197631836
original u-statistic:-0.05486154556274414
p value proxy: 0.604651153087616
result: False
power_upto_now: 0.031982943415641785
470th run
noise dimension : 8
noise variance: 100.1352767944336
original u-statistic:-0.07606172561645508
p value proxy: 0.6112956404685974
result: False
power_upto_now: 0.03191489353775978
471th run
noise dimension : 8
noise variance: 100.78209686279297
original u-statistic:-0.1450362205505371
p value proxy: 0.8538205623626709
result: False
power_upto_now: 0.03184713423252106
472th run
noise dimension : 8
noise variance: 99.31558990478516
original u-statistic:0.18133139610290527
p value proxy: 0.09634551405906677
result: False
power_upto_now: 0.031779661774635315
473th run
noise dimension : 8
noise variance: 99.86479187011719
original u-statistic:-0.05233287811279297
p value proxy: 0.554817259311676
result: False
power_upto_now: 0.031712472438812256
474th run
noise dimension : 8
noise variance: 101.52975463867188
original u-statistic:-0.01391744613647461
p value proxy: 0.4883720874786377
result: False
power_upto_now: 0.03164556995034218
475th run
noise dimension : 8
noise variance: 100.14154815673828
original u-statistic:-0.04487299919128418
p value proxy: 0.6146179437637329
result: False
power_upto_now: 0.031578946858644485
476th run
noise dimension : 8
noise variance: 100.305419921875
original u-statistic:-0.25760602951049805
p value proxy: 0.9933554530143738
result: False
power_upto_now: 0.031512606889009476
477th run
noise dimension : 8
noise variance: 101.21952819824219
original u-statistic:-0.07839417457580566
p value proxy: 0.6644518375396729
result: False
power_upto_now: 0.03144654259085655
478th run
noise dimension : 8
noise variance: 99.13349151611328
original u-statistic:-0.18823647499084473
p value proxy: 0.9136212468147278
result: False
power_upto_now: 0.031380753964185715
479th run
noise dimension : 8
noise variance: 97.48932647705078
original u-statistic:-0.26091742515563965
p value proxy: 1.0
result: False
power_upto_now: 0.031315241008996964
480th run
noise dimension : 8
noise variance: 100.8212661743164
original u-statistic:-0.1318957805633545
p value proxy: 0.7674418687820435
result: False
power_upto_now: 0.03125
481th run
noise dimension : 8
noise variance: 99.41421508789062
original u-statistic:0.1500263214111328
p value proxy: 0.1827242523431778
result: False
power_upto_now: 0.031185030937194824
482th run
noise dimension : 8
noise variance: 99.86652374267578
original u-statistic:-0.08079934120178223
p value proxy: 0.6578072905540466
result: False
power_upto_now: 0.031120331957936287
483th run
noise dimension : 8
noise variance: 100.58783721923828
original u-statistic:-0.08187222480773926
p value proxy: 0.6877076029777527
result: False
power_upto_now: 0.03105590119957924
484th run
noise dimension : 8
noise variance: 100.6459732055664
original u-statistic:0.3219339847564697
p value proxy: 0.033222589641809464
result: True
power_upto_now: 0.03305784985423088
485th run
noise dimension : 8
noise variance: 99.83531951904297
original u-statistic:-0.22332286834716797
p value proxy: 0.9767441749572754
result: False
power_upto_now: 0.03298969194293022
486th run
noise dimension : 8
noise variance: 100.63133239746094
original u-statistic:0.11108827590942383
p value proxy: 0.21926909685134888
result: False
power_upto_now: 0.03292180970311165
487th run
noise dimension : 8
noise variance: 99.90169525146484
original u-statistic:-0.17804765701293945
p value proxy: 0.9202657341957092
result: False
power_upto_now: 0.03285421058535576
488th run
noise dimension : 8
noise variance: 101.4101333618164
original u-statistic:-0.06140780448913574
p value proxy: 0.5514950156211853
result: False
power_upto_now: 0.032786883413791656
489th run
noise dimension : 8
noise variance: 99.2094497680664
original u-statistic:0.25128793716430664
p value proxy: 0.06644517928361893
result: False
power_upto_now: 0.03271983563899994
490th run
noise dimension : 8
noise variance: 100.67485809326172
original u-statistic:0.10235118865966797
p value proxy: 0.23920264840126038
result: False
power_upto_now: 0.03265305981040001
491th run
noise dimension : 8
noise variance: 99.4137191772461
original u-statistic:-0.03130936622619629
p value proxy: 0.5016611218452454
result: False
power_upto_now: 0.032586559653282166
492th run
noise dimension : 8
noise variance: 100.29442596435547
original u-statistic:0.14957761764526367
p value proxy: 0.17607973515987396
result: False
power_upto_now: 0.03252032399177551
493th run
noise dimension : 8
noise variance: 98.50001525878906
original u-statistic:0.02359318733215332
p value proxy: 0.4053156077861786
result: False
power_upto_now: 0.03245436027646065
494th run
noise dimension : 8
noise variance: 99.63246154785156
original u-statistic:0.2221360206604004
p value proxy: 0.09966777265071869
result: False
power_upto_now: 0.03238866478204727
495th run
noise dimension : 8
noise variance: 99.77171325683594
original u-statistic:0.164475679397583
p value proxy: 0.2026578038930893
result: False
power_upto_now: 0.03232323378324509
496th run
noise dimension : 8
noise variance: 99.7431869506836
original u-statistic:-0.05865597724914551
p value proxy: 0.5880398750305176
result: False
power_upto_now: 0.032258063554763794
497th run
noise dimension : 8
noise variance: 100.46099853515625
original u-statistic:0.02555263042449951
p value proxy: 0.39867109060287476
result: False
power_upto_now: 0.03219315782189369
498th run
noise dimension : 8
noise variance: 100.62059783935547
original u-statistic:-0.22588419914245605
p value proxy: 0.9667773842811584
result: False
power_upto_now: 0.03212851285934448
499th run
noise dimension : 8
noise variance: 98.4971923828125
original u-statistic:0.09624052047729492
p value proxy: 0.2857142686843872
result: False
power_upto_now: 0.032064128667116165
500th run
noise dimension : 8
noise variance: 99.364990234375
original u-statistic:-0.013597249984741211
p value proxy: 0.44186046719551086
result: False
power_upto_now: 0.03200000151991844
power estimate : 0.03200000151991844
elapsed time: 356.8499765396118
