job started
cuda available: True
code run on device:: cuda:0

n1 = 20000, n2 = 20000,

kappa = 3, alpha = 0.95,

gamma = 0.05, nTests = 500,

B = 300

1th run
noise dimension : 27
noise variance: 240.2964630126953
original u-statistic:0.29150819778442383
p value proxy: 0.07973422110080719
result: False
power_upto_now: 0.0
2th run
noise dimension : 27
noise variance: 238.5587615966797
original u-statistic:0.926687479019165
p value proxy: 0.003322259057313204
result: True
power_upto_now: 0.5
3th run
noise dimension : 27
noise variance: 239.60528564453125
original u-statistic:0.34987664222717285
p value proxy: 0.023255813866853714
result: True
power_upto_now: 0.6666666865348816
4th run
noise dimension : 27
noise variance: 239.94996643066406
original u-statistic:0.5334861278533936
p value proxy: 0.006644518114626408
result: True
power_upto_now: 0.75
5th run
noise dimension : 27
noise variance: 238.6494140625
original u-statistic:0.5841343402862549
p value proxy: 0.009966777637600899
result: True
power_upto_now: 0.800000011920929
6th run
noise dimension : 27
noise variance: 239.64425659179688
original u-statistic:0.37489986419677734
p value proxy: 0.039867110550403595
result: True
power_upto_now: 0.8333333134651184
7th run
noise dimension : 27
noise variance: 239.03851318359375
original u-statistic:0.6152102947235107
p value proxy: 0.006644518114626408
result: True
power_upto_now: 0.8571428656578064
8th run
noise dimension : 27
noise variance: 239.60397338867188
original u-statistic:0.35515499114990234
p value proxy: 0.033222589641809464
result: True
power_upto_now: 0.875
9th run
noise dimension : 27
noise variance: 239.50692749023438
original u-statistic:0.49338483810424805
p value proxy: 0.006644518114626408
result: True
power_upto_now: 0.8888888955116272
10th run
noise dimension : 27
noise variance: 239.34320068359375
original u-statistic:0.14702105522155762
p value proxy: 0.2026578038930893
result: False
power_upto_now: 0.800000011920929
11th run
noise dimension : 27
noise variance: 238.78317260742188
original u-statistic:0.7063016891479492
p value proxy: 0.003322259057313204
result: True
power_upto_now: 0.8181818127632141
12th run
noise dimension : 27
noise variance: 239.15609741210938
original u-statistic:0.495042085647583
p value proxy: 0.016611294820904732
result: True
power_upto_now: 0.8333333134651184
13th run
noise dimension : 27
noise variance: 239.1513671875
original u-statistic:0.422119140625
p value proxy: 0.023255813866853714
result: True
power_upto_now: 0.8461538553237915
14th run
noise dimension : 27
noise variance: 238.6047821044922
original u-statistic:0.48195791244506836
p value proxy: 0.009966777637600899
result: True
power_upto_now: 0.8571428656578064
15th run
noise dimension : 27
noise variance: 238.40252685546875
original u-statistic:0.295426607131958
p value proxy: 0.059800662100315094
result: False
power_upto_now: 0.800000011920929
16th run
noise dimension : 27
noise variance: 240.7600555419922
original u-statistic:0.7722957134246826
p value proxy: 0.003322259057313204
result: True
power_upto_now: 0.8125
17th run
noise dimension : 27
noise variance: 238.56105041503906
original u-statistic:0.39886021614074707
p value proxy: 0.03654484823346138
result: True
power_upto_now: 0.8235294222831726
18th run
noise dimension : 27
noise variance: 240.15139770507812
original u-statistic:0.5821957588195801
p value proxy: 0.006644518114626408
result: True
power_upto_now: 0.8333333134651184
19th run
noise dimension : 27
noise variance: 239.53140258789062
original u-statistic:0.695857048034668
p value proxy: 0.006644518114626408
result: True
power_upto_now: 0.8421052694320679
20th run
noise dimension : 27
noise variance: 239.47808837890625
original u-statistic:0.20425891876220703
p value proxy: 0.13289035856723785
result: False
power_upto_now: 0.800000011920929
21th run
noise dimension : 27
noise variance: 238.60943603515625
original u-statistic:0.4693760871887207
p value proxy: 0.013289036229252815
result: True
power_upto_now: 0.8095238208770752
22th run
noise dimension : 27
noise variance: 239.6871337890625
original u-statistic:0.7175917625427246
p value proxy: 0.009966777637600899
result: True
power_upto_now: 0.8181818127632141
23th run
noise dimension : 27
noise variance: 240.01010131835938
original u-statistic:0.08704757690429688
p value proxy: 0.23920264840126038
result: False
power_upto_now: 0.782608687877655
24th run
noise dimension : 27
noise variance: 239.17897033691406
original u-statistic:0.5529911518096924
p value proxy: 0.003322259057313204
result: True
power_upto_now: 0.7916666865348816
25th run
noise dimension : 27
noise variance: 238.65113830566406
original u-statistic:0.5085759162902832
p value proxy: 0.009966777637600899
result: True
power_upto_now: 0.800000011920929
26th run
noise dimension : 27
noise variance: 238.62071228027344
original u-statistic:0.9015612602233887
p value proxy: 0.003322259057313204
result: True
power_upto_now: 0.807692289352417
27th run
noise dimension : 27
noise variance: 238.79690551757812
original u-statistic:0.09300613403320312
p value proxy: 0.3222591280937195
result: False
power_upto_now: 0.7777777910232544
28th run
noise dimension : 27
noise variance: 239.10008239746094
original u-statistic:0.7953267097473145
p value proxy: 0.006644518114626408
result: True
power_upto_now: 0.7857142686843872
29th run
noise dimension : 27
noise variance: 239.5626220703125
original u-statistic:0.24668049812316895
p value proxy: 0.09302325546741486
result: False
power_upto_now: 0.7586206793785095
30th run
noise dimension : 27
noise variance: 238.9253387451172
original u-statistic:0.5179316997528076
p value proxy: 0.003322259057313204
result: True
power_upto_now: 0.7666666507720947
31th run
noise dimension : 27
noise variance: 239.68028259277344
original u-statistic:0.35248708724975586
p value proxy: 0.023255813866853714
result: True
power_upto_now: 0.774193525314331
32th run
noise dimension : 27
noise variance: 238.62498474121094
original u-statistic:0.5390126705169678
p value proxy: 0.009966777637600899
result: True
power_upto_now: 0.78125
33th run
noise dimension : 27
noise variance: 239.3773956298828
original u-statistic:0.8579459190368652
p value proxy: 0.003322259057313204
result: True
power_upto_now: 0.7878788113594055
34th run
noise dimension : 27
noise variance: 239.59007263183594
original u-statistic:0.7527065277099609
p value proxy: 0.003322259057313204
result: True
power_upto_now: 0.7941176295280457
35th run
noise dimension : 27
noise variance: 239.222900390625
original u-statistic:0.2911255359649658
p value proxy: 0.049833886325359344
result: True
power_upto_now: 0.800000011920929
36th run
noise dimension : 27
noise variance: 238.8236541748047
original u-statistic:0.4989914894104004
p value proxy: 0.006644518114626408
result: True
power_upto_now: 0.8055555820465088
37th run
noise dimension : 27
noise variance: 240.22003173828125
original u-statistic:0.4823484420776367
p value proxy: 0.006644518114626408
result: True
power_upto_now: 0.8108108043670654
38th run
noise dimension : 27
noise variance: 239.48719787597656
original u-statistic:0.46428346633911133
p value proxy: 0.019933555275201797
result: True
power_upto_now: 0.8157894611358643
39th run
noise dimension : 27
noise variance: 239.05255126953125
original u-statistic:0.26816344261169434
p value proxy: 0.08970099687576294
result: False
power_upto_now: 0.7948718070983887
40th run
noise dimension : 27
noise variance: 239.81842041015625
original u-statistic:0.7477622032165527
p value proxy: 0.003322259057313204
result: True
power_upto_now: 0.800000011920929
41th run
noise dimension : 27
noise variance: 238.87225341796875
original u-statistic:0.4652748107910156
p value proxy: 0.009966777637600899
result: True
power_upto_now: 0.8048780560493469
42th run
noise dimension : 27
noise variance: 238.9523468017578
original u-statistic:0.6754589080810547
p value proxy: 0.006644518114626408
result: True
power_upto_now: 0.8095238208770752
43th run
noise dimension : 27
noise variance: 240.50772094726562
original u-statistic:1.505575180053711
p value proxy: 0.003322259057313204
result: True
power_upto_now: 0.8139534592628479
44th run
noise dimension : 27
noise variance: 239.045166015625
original u-statistic:0.09543991088867188
p value proxy: 0.2790697515010834
result: False
power_upto_now: 0.7954545617103577
45th run
noise dimension : 27
noise variance: 239.22833251953125
original u-statistic:0.815596342086792
p value proxy: 0.003322259057313204
result: True
power_upto_now: 0.800000011920929
46th run
noise dimension : 27
noise variance: 238.9926300048828
original u-statistic:0.4916343688964844
p value proxy: 0.009966777637600899
result: True
power_upto_now: 0.804347813129425
47th run
noise dimension : 27
noise variance: 238.80657958984375
original u-statistic:0.4726386070251465
p value proxy: 0.013289036229252815
result: True
power_upto_now: 0.8085106611251831
48th run
noise dimension : 27
noise variance: 239.00335693359375
original u-statistic:1.002291202545166
p value proxy: 0.006644518114626408
result: True
power_upto_now: 0.8125
49th run
noise dimension : 27
noise variance: 238.58090209960938
original u-statistic:0.6933157444000244
p value proxy: 0.003322259057313204
result: True
power_upto_now: 0.8163265585899353
50th run
noise dimension : 27
noise variance: 239.4769744873047
original u-statistic:0.3275923728942871
p value proxy: 0.05315614491701126
result: False
power_upto_now: 0.800000011920929
51th run
noise dimension : 27
noise variance: 240.1172637939453
original u-statistic:0.393845796585083
p value proxy: 0.029900331050157547
result: True
power_upto_now: 0.8039215803146362
52th run
noise dimension : 27
noise variance: 238.92910766601562
original u-statistic:0.1656346321105957
p value proxy: 0.1229235827922821
result: False
power_upto_now: 0.7884615659713745
53th run
noise dimension : 27
noise variance: 238.79798889160156
original u-statistic:0.7696406841278076
p value proxy: 0.003322259057313204
result: True
power_upto_now: 0.7924528121948242
54th run
noise dimension : 27
noise variance: 239.43978881835938
original u-statistic:0.4411051273345947
p value proxy: 0.019933555275201797
result: True
power_upto_now: 0.7962962985038757
55th run
noise dimension : 27
noise variance: 239.39102172851562
original u-statistic:0.9316165447235107
p value proxy: 0.003322259057313204
result: True
power_upto_now: 0.800000011920929
56th run
noise dimension : 27
noise variance: 239.25448608398438
original u-statistic:0.18038392066955566
p value proxy: 0.15282391011714935
result: False
power_upto_now: 0.7857142686843872
57th run
noise dimension : 27
noise variance: 239.67408752441406
original u-statistic:0.5213165283203125
p value proxy: 0.013289036229252815
result: True
power_upto_now: 0.7894737124443054
58th run
noise dimension : 27
noise variance: 239.07009887695312
original u-statistic:0.5698628425598145
p value proxy: 0.003322259057313204
result: True
power_upto_now: 0.7931034564971924
59th run
noise dimension : 27
noise variance: 239.27354431152344
original u-statistic:0.2875790596008301
p value proxy: 0.039867110550403595
result: True
power_upto_now: 0.7966101765632629
60th run
noise dimension : 27
noise variance: 239.33016967773438
original u-statistic:0.4177823066711426
p value proxy: 0.013289036229252815
result: True
power_upto_now: 0.800000011920929
61th run
noise dimension : 27
noise variance: 240.0199432373047
original u-statistic:0.8423151969909668
p value proxy: 0.003322259057313204
result: True
power_upto_now: 0.8032786846160889
62th run
noise dimension : 27
noise variance: 238.11436462402344
original u-statistic:0.8483920097351074
p value proxy: 0.003322259057313204
result: True
power_upto_now: 0.8064516186714172
63th run
noise dimension : 27
noise variance: 239.18521118164062
original u-statistic:0.5851621627807617
p value proxy: 0.019933555275201797
result: True
power_upto_now: 0.8095238208770752
64th run
noise dimension : 27
noise variance: 238.4112091064453
original u-statistic:0.8191447257995605
p value proxy: 0.003322259057313204
result: True
power_upto_now: 0.8125
65th run
noise dimension : 27
noise variance: 238.73846435546875
original u-statistic:0.3684656620025635
p value proxy: 0.023255813866853714
result: True
power_upto_now: 0.8153846263885498
66th run
noise dimension : 27
noise variance: 238.3353729248047
original u-statistic:0.6048345565795898
p value proxy: 0.006644518114626408
result: True
power_upto_now: 0.8181818127632141
67th run
noise dimension : 27
noise variance: 239.79502868652344
original u-statistic:0.5942034721374512
p value proxy: 0.003322259057313204
result: True
power_upto_now: 0.8208954930305481
68th run
noise dimension : 27
noise variance: 238.93504333496094
original u-statistic:0.150191068649292
p value proxy: 0.17275747656822205
result: False
power_upto_now: 0.8088235259056091
69th run
noise dimension : 27
noise variance: 238.93260192871094
original u-statistic:1.1286094188690186
p value proxy: 0.003322259057313204
result: True
power_upto_now: 0.8115941882133484
70th run
noise dimension : 27
noise variance: 239.00149536132812
original u-statistic:0.05218839645385742
p value proxy: 0.29235878586769104
result: False
power_upto_now: 0.800000011920929
71th run
noise dimension : 27
noise variance: 239.20175170898438
original u-statistic:0.28381943702697754
p value proxy: 0.04651162773370743
result: True
power_upto_now: 0.8028169274330139
72th run
noise dimension : 27
noise variance: 237.64578247070312
original u-statistic:0.18340826034545898
p value proxy: 0.18936876952648163
result: False
power_upto_now: 0.7916666865348816
73th run
noise dimension : 27
noise variance: 239.3335418701172
original u-statistic:0.6263761520385742
p value proxy: 0.006644518114626408
result: True
power_upto_now: 0.7945205569267273
74th run
noise dimension : 27
noise variance: 239.75637817382812
original u-statistic:0.46091580390930176
p value proxy: 0.019933555275201797
result: True
power_upto_now: 0.7972972989082336
75th run
noise dimension : 27
noise variance: 238.42230224609375
original u-statistic:0.2934699058532715
p value proxy: 0.06312292069196701
result: False
power_upto_now: 0.7866666913032532
76th run
noise dimension : 27
noise variance: 239.2929229736328
original u-statistic:1.8433518409729004
p value proxy: 0.003322259057313204
result: True
power_upto_now: 0.7894737124443054
77th run
noise dimension : 27
noise variance: 239.09506225585938
original u-statistic:0.5051841735839844
p value proxy: 0.003322259057313204
result: True
power_upto_now: 0.7922077775001526
78th run
noise dimension : 27
noise variance: 239.4075164794922
original u-statistic:0.24821233749389648
p value proxy: 0.09966777265071869
result: False
power_upto_now: 0.7820512652397156
79th run
noise dimension : 27
noise variance: 239.74525451660156
original u-statistic:0.5445296764373779
p value proxy: 0.009966777637600899
result: True
power_upto_now: 0.7848101258277893
80th run
noise dimension : 27
noise variance: 238.94186401367188
original u-statistic:0.49827051162719727
p value proxy: 0.009966777637600899
result: True
power_upto_now: 0.7875000238418579
81th run
noise dimension : 27
noise variance: 239.43406677246094
original u-statistic:0.7113943099975586
p value proxy: 0.003322259057313204
result: True
power_upto_now: 0.790123462677002
82th run
noise dimension : 27
noise variance: 240.153564453125
original u-statistic:0.6084592342376709
p value proxy: 0.003322259057313204
result: True
power_upto_now: 0.792682945728302
83th run
noise dimension : 27
noise variance: 239.84396362304688
original u-statistic:0.1896982192993164
p value proxy: 0.1395348757505417
result: False
power_upto_now: 0.7831325531005859
84th run
noise dimension : 27
noise variance: 239.53895568847656
original u-statistic:0.12726902961730957
p value proxy: 0.23255813121795654
result: False
power_upto_now: 0.773809552192688
85th run
noise dimension : 27
noise variance: 239.26499938964844
original u-statistic:0.3719978332519531
p value proxy: 0.02657807245850563
result: True
power_upto_now: 0.7764706015586853
86th run
noise dimension : 27
noise variance: 239.74761962890625
original u-statistic:0.571544885635376
p value proxy: 0.006644518114626408
result: True
power_upto_now: 0.7790697813034058
87th run
noise dimension : 27
noise variance: 238.520263671875
original u-statistic:1.3760526180267334
p value proxy: 0.003322259057313204
result: True
power_upto_now: 0.7816091775894165
88th run
noise dimension : 27
noise variance: 238.4718475341797
original u-statistic:0.2737908363342285
p value proxy: 0.08637873828411102
result: False
power_upto_now: 0.7727272510528564
89th run
noise dimension : 27
noise variance: 239.68894958496094
original u-statistic:0.5448644161224365
p value proxy: 0.006644518114626408
result: True
power_upto_now: 0.7752808928489685
90th run
noise dimension : 27
noise variance: 239.03126525878906
original u-statistic:0.543687105178833
p value proxy: 0.006644518114626408
result: True
power_upto_now: 0.7777777910232544
91th run
noise dimension : 27
noise variance: 238.5317840576172
original u-statistic:0.2817239761352539
p value proxy: 0.07641195505857468
result: False
power_upto_now: 0.7692307829856873
92th run
noise dimension : 27
noise variance: 239.37086486816406
original u-statistic:0.24507617950439453
p value proxy: 0.11295680701732635
result: False
power_upto_now: 0.760869562625885
93th run
noise dimension : 27
noise variance: 239.1512908935547
original u-statistic:0.5326216220855713
p value proxy: 0.009966777637600899
result: True
power_upto_now: 0.7634408473968506
94th run
noise dimension : 27
noise variance: 239.16163635253906
original u-statistic:0.13280105590820312
p value proxy: 0.1860465109348297
result: False
power_upto_now: 0.7553191781044006
95th run
noise dimension : 27
noise variance: 238.9676513671875
original u-statistic:0.07641458511352539
p value proxy: 0.31229233741760254
result: False
power_upto_now: 0.7473683953285217
96th run
noise dimension : 27
noise variance: 239.1797637939453
original u-statistic:0.7592241764068604
p value proxy: 0.003322259057313204
result: True
power_upto_now: 0.75
97th run
noise dimension : 27
noise variance: 238.786376953125
original u-statistic:0.4780104160308838
p value proxy: 0.009966777637600899
result: True
power_upto_now: 0.7525773048400879
98th run
noise dimension : 27
noise variance: 239.12083435058594
original u-statistic:0.5252194404602051
p value proxy: 0.009966777637600899
result: True
power_upto_now: 0.7551020383834839
99th run
noise dimension : 27
noise variance: 239.00485229492188
original u-statistic:0.5132424831390381
p value proxy: 0.003322259057313204
result: True
power_upto_now: 0.7575757503509521
100th run
noise dimension : 27
noise variance: 239.01173400878906
original u-statistic:0.4309072494506836
p value proxy: 0.009966777637600899
result: True
power_upto_now: 0.7599999904632568
101th run
noise dimension : 27
noise variance: 239.26715087890625
original u-statistic:0.26047801971435547
p value proxy: 0.06644517928361893
result: False
power_upto_now: 0.7524752616882324
102th run
noise dimension : 27
noise variance: 239.50558471679688
original u-statistic:0.32462501525878906
p value proxy: 0.039867110550403595
result: True
power_upto_now: 0.7549019455909729
103th run
noise dimension : 27
noise variance: 239.10752868652344
original u-statistic:0.564833402633667
p value proxy: 0.013289036229252815
result: True
power_upto_now: 0.7572815418243408
104th run
noise dimension : 27
noise variance: 238.94068908691406
original u-statistic:0.7918360233306885
p value proxy: 0.003322259057313204
result: True
power_upto_now: 0.7596153616905212
105th run
noise dimension : 27
noise variance: 239.39431762695312
original u-statistic:0.49533557891845703
p value proxy: 0.016611294820904732
result: True
power_upto_now: 0.761904776096344
106th run
noise dimension : 27
noise variance: 238.5954132080078
original u-statistic:0.36034345626831055
p value proxy: 0.04318936914205551
result: True
power_upto_now: 0.7641509175300598
107th run
noise dimension : 27
noise variance: 238.98289489746094
original u-statistic:0.6381785869598389
p value proxy: 0.003322259057313204
result: True
power_upto_now: 0.7663551568984985
108th run
noise dimension : 27
noise variance: 238.8340606689453
original u-statistic:0.747344970703125
p value proxy: 0.003322259057313204
result: True
power_upto_now: 0.7685185074806213
109th run
noise dimension : 27
noise variance: 238.99868774414062
original u-statistic:0.6963248252868652
p value proxy: 0.003322259057313204
result: True
power_upto_now: 0.7706422209739685
110th run
noise dimension : 27
noise variance: 239.9426727294922
original u-statistic:0.5730991363525391
p value proxy: 0.006644518114626408
result: True
power_upto_now: 0.7727272510528564
111th run
noise dimension : 27
noise variance: 238.6927032470703
original u-statistic:0.33969736099243164
p value proxy: 0.06644517928361893
result: False
power_upto_now: 0.7657657861709595
112th run
noise dimension : 27
noise variance: 239.47897338867188
original u-statistic:0.3237595558166504
p value proxy: 0.04651162773370743
result: True
power_upto_now: 0.7678571343421936
113th run
noise dimension : 27
noise variance: 238.57443237304688
original u-statistic:0.7473270893096924
p value proxy: 0.003322259057313204
result: True
power_upto_now: 0.769911527633667
114th run
noise dimension : 27
noise variance: 238.727783203125
original u-statistic:0.9273290634155273
p value proxy: 0.003322259057313204
result: True
power_upto_now: 0.7719298005104065
115th run
noise dimension : 27
noise variance: 239.41213989257812
original u-statistic:0.3307185173034668
p value proxy: 0.016611294820904732
result: True
power_upto_now: 0.7739130258560181
116th run
noise dimension : 27
noise variance: 239.95388793945312
original u-statistic:1.1219563484191895
p value proxy: 0.003322259057313204
result: True
power_upto_now: 0.7758620977401733
117th run
noise dimension : 27
noise variance: 239.6193389892578
original u-statistic:1.4657201766967773
p value proxy: 0.003322259057313204
result: True
power_upto_now: 0.7777777910232544
118th run
noise dimension : 27
noise variance: 238.9462127685547
original u-statistic:0.36434364318847656
p value proxy: 0.033222589641809464
result: True
power_upto_now: 0.7796609997749329
119th run
noise dimension : 27
noise variance: 239.0522918701172
original u-statistic:0.5038914680480957
p value proxy: 0.013289036229252815
result: True
power_upto_now: 0.7815126180648804
120th run
noise dimension : 27
noise variance: 239.0057830810547
original u-statistic:0.37094640731811523
p value proxy: 0.039867110550403595
result: True
power_upto_now: 0.7833333611488342
121th run
noise dimension : 27
noise variance: 238.87570190429688
original u-statistic:0.48491716384887695
p value proxy: 0.009966777637600899
result: True
power_upto_now: 0.7851239442825317
122th run
noise dimension : 27
noise variance: 238.8438720703125
original u-statistic:0.5689961910247803
p value proxy: 0.009966777637600899
result: True
power_upto_now: 0.7868852615356445
123th run
noise dimension : 27
noise variance: 239.6543731689453
original u-statistic:0.6977014541625977
p value proxy: 0.003322259057313204
result: True
power_upto_now: 0.7886179089546204
124th run
noise dimension : 27
noise variance: 239.05931091308594
original u-statistic:0.21369457244873047
p value proxy: 0.11960132420063019
result: False
power_upto_now: 0.7822580933570862
125th run
noise dimension : 27
noise variance: 239.2761688232422
original u-statistic:0.544196367263794
p value proxy: 0.009966777637600899
result: True
power_upto_now: 0.7839999794960022
126th run
noise dimension : 27
noise variance: 238.66595458984375
original u-statistic:0.686887264251709
p value proxy: 0.003322259057313204
result: True
power_upto_now: 0.7857142686843872
127th run
noise dimension : 27
noise variance: 238.86068725585938
original u-statistic:0.9845480918884277
p value proxy: 0.003322259057313204
result: True
power_upto_now: 0.787401556968689
128th run
noise dimension : 27
noise variance: 238.79818725585938
original u-statistic:0.6183311939239502
p value proxy: 0.003322259057313204
result: True
power_upto_now: 0.7890625
129th run
noise dimension : 27
noise variance: 239.01173400878906
original u-statistic:0.5822815895080566
p value proxy: 0.003322259057313204
result: True
power_upto_now: 0.7906976938247681
130th run
noise dimension : 27
noise variance: 239.76011657714844
original u-statistic:0.5322020053863525
p value proxy: 0.006644518114626408
result: True
power_upto_now: 0.7923076748847961
131th run
noise dimension : 27
noise variance: 239.43028259277344
original u-statistic:0.5502033233642578
p value proxy: 0.003322259057313204
result: True
power_upto_now: 0.7938931584358215
132th run
noise dimension : 27
noise variance: 239.4466552734375
original u-statistic:0.2930331230163574
p value proxy: 0.03654484823346138
result: True
power_upto_now: 0.7954545617103577
133th run
noise dimension : 27
noise variance: 240.09812927246094
original u-statistic:0.7154009342193604
p value proxy: 0.003322259057313204
result: True
power_upto_now: 0.7969924807548523
134th run
noise dimension : 27
noise variance: 238.77047729492188
original u-statistic:0.5755593776702881
p value proxy: 0.006644518114626408
result: True
power_upto_now: 0.7985074520111084
135th run
noise dimension : 27
noise variance: 238.63430786132812
original u-statistic:0.49114370346069336
p value proxy: 0.013289036229252815
result: True
power_upto_now: 0.800000011920929
136th run
noise dimension : 27
noise variance: 238.91481018066406
original u-statistic:0.4643113613128662
p value proxy: 0.013289036229252815
result: True
power_upto_now: 0.8014705777168274
137th run
noise dimension : 27
noise variance: 239.09970092773438
original u-statistic:0.33889055252075195
p value proxy: 0.049833886325359344
result: True
power_upto_now: 0.8029196858406067
138th run
noise dimension : 27
noise variance: 239.3128204345703
original u-statistic:0.7301206588745117
p value proxy: 0.003322259057313204
result: True
power_upto_now: 0.804347813129425
139th run
noise dimension : 27
noise variance: 238.8617706298828
original u-statistic:0.4285311698913574
p value proxy: 0.02657807245850563
result: True
power_upto_now: 0.8057553768157959
140th run
noise dimension : 27
noise variance: 240.0979461669922
original u-statistic:0.39695167541503906
p value proxy: 0.04651162773370743
result: True
power_upto_now: 0.8071428537368774
141th run
noise dimension : 27
noise variance: 238.33700561523438
original u-statistic:0.5542690753936768
p value proxy: 0.006644518114626408
result: True
power_upto_now: 0.8085106611251831
142th run
noise dimension : 27
noise variance: 238.75262451171875
original u-statistic:0.6091828346252441
p value proxy: 0.003322259057313204
result: True
power_upto_now: 0.8098591566085815
143th run
noise dimension : 27
noise variance: 240.14389038085938
original u-statistic:0.2591860294342041
p value proxy: 0.08637873828411102
result: False
power_upto_now: 0.8041958212852478
144th run
noise dimension : 27
noise variance: 238.8026580810547
original u-statistic:0.32512927055358887
p value proxy: 0.049833886325359344
result: True
power_upto_now: 0.8055555820465088
145th run
noise dimension : 27
noise variance: 239.36624145507812
original u-statistic:0.29334592819213867
p value proxy: 0.06644517928361893
result: False
power_upto_now: 0.800000011920929
146th run
noise dimension : 27
noise variance: 240.44216918945312
original u-statistic:0.2782249450683594
p value proxy: 0.06976743787527084
result: False
power_upto_now: 0.7945205569267273
147th run
noise dimension : 27
noise variance: 239.27694702148438
original u-statistic:0.5652258396148682
p value proxy: 0.009966777637600899
result: True
power_upto_now: 0.795918345451355
148th run
noise dimension : 27
noise variance: 238.2286834716797
original u-statistic:0.267775297164917
p value proxy: 0.09634551405906677
result: False
power_upto_now: 0.7905405163764954
149th run
noise dimension : 27
noise variance: 239.71633911132812
original u-statistic:0.564262866973877
p value proxy: 0.003322259057313204
result: True
power_upto_now: 0.791946291923523
150th run
noise dimension : 27
noise variance: 240.04241943359375
original u-statistic:0.7875361442565918
p value proxy: 0.003322259057313204
result: True
power_upto_now: 0.7933333516120911
151th run
noise dimension : 27
noise variance: 239.30950927734375
original u-statistic:0.8878612518310547
p value proxy: 0.003322259057313204
result: True
power_upto_now: 0.7947019934654236
152th run
noise dimension : 27
noise variance: 239.5608367919922
original u-statistic:0.0775611400604248
p value proxy: 0.31229233741760254
result: False
power_upto_now: 0.7894737124443054
153th run
noise dimension : 27
noise variance: 239.37277221679688
original u-statistic:0.20176267623901367
p value proxy: 0.15614616870880127
result: False
power_upto_now: 0.7843137383460999
154th run
noise dimension : 27
noise variance: 238.8313751220703
original u-statistic:0.5018622875213623
p value proxy: 0.013289036229252815
result: True
power_upto_now: 0.7857142686843872
155th run
noise dimension : 27
noise variance: 239.41635131835938
original u-statistic:0.80708909034729
p value proxy: 0.003322259057313204
result: True
power_upto_now: 0.7870967984199524
156th run
noise dimension : 27
noise variance: 239.34347534179688
original u-statistic:0.35627007484436035
p value proxy: 0.04318936914205551
result: True
power_upto_now: 0.7884615659713745
157th run
noise dimension : 27
noise variance: 238.97218322753906
original u-statistic:0.7465915679931641
p value proxy: 0.003322259057313204
result: True
power_upto_now: 0.7898089289665222
158th run
noise dimension : 27
noise variance: 239.19923400878906
original u-statistic:1.0458354949951172
p value proxy: 0.003322259057313204
result: True
power_upto_now: 0.7911392450332642
159th run
noise dimension : 27
noise variance: 238.51173400878906
original u-statistic:0.9692907333374023
p value proxy: 0.003322259057313204
result: True
power_upto_now: 0.7924528121948242
160th run
noise dimension : 27
noise variance: 240.4326934814453
original u-statistic:0.62261962890625
p value proxy: 0.003322259057313204
result: True
power_upto_now: 0.793749988079071
161th run
noise dimension : 27
noise variance: 239.66896057128906
original u-statistic:0.4788060188293457
p value proxy: 0.02657807245850563
result: True
power_upto_now: 0.7950310707092285
162th run
noise dimension : 27
noise variance: 240.2659912109375
original u-statistic:0.7307312488555908
p value proxy: 0.003322259057313204
result: True
power_upto_now: 0.7962962985038757
163th run
noise dimension : 27
noise variance: 239.80523681640625
original u-statistic:0.5139853954315186
p value proxy: 0.016611294820904732
result: True
power_upto_now: 0.7975460290908813
164th run
noise dimension : 27
noise variance: 239.15029907226562
original u-statistic:0.9741392135620117
p value proxy: 0.003322259057313204
result: True
power_upto_now: 0.7987805008888245
165th run
noise dimension : 27
noise variance: 239.35801696777344
original u-statistic:0.6740128993988037
p value proxy: 0.006644518114626408
result: True
power_upto_now: 0.800000011920929
166th run
noise dimension : 27
noise variance: 240.10955810546875
original u-statistic:0.48331451416015625
p value proxy: 0.006644518114626408
result: True
power_upto_now: 0.8012048006057739
167th run
noise dimension : 27
noise variance: 239.41552734375
original u-statistic:0.39786601066589355
p value proxy: 0.029900331050157547
result: True
power_upto_now: 0.802395224571228
168th run
noise dimension : 27
noise variance: 238.6136016845703
original u-statistic:0.5242376327514648
p value proxy: 0.013289036229252815
result: True
power_upto_now: 0.8035714030265808
169th run
noise dimension : 27
noise variance: 238.07028198242188
original u-statistic:0.7037360668182373
p value proxy: 0.003322259057313204
result: True
power_upto_now: 0.8047337532043457
170th run
noise dimension : 27
noise variance: 239.25816345214844
original u-statistic:0.6996800899505615
p value proxy: 0.003322259057313204
result: True
power_upto_now: 0.8058823347091675
171th run
noise dimension : 27
noise variance: 239.77381896972656
original u-statistic:0.33092403411865234
p value proxy: 0.04651162773370743
result: True
power_upto_now: 0.8070175647735596
172th run
noise dimension : 27
noise variance: 239.02984619140625
original u-statistic:0.12259674072265625
p value proxy: 0.20930232107639313
result: False
power_upto_now: 0.8023256063461304
173th run
noise dimension : 27
noise variance: 239.276123046875
original u-statistic:0.6444754600524902
p value proxy: 0.006644518114626408
result: True
power_upto_now: 0.8034682273864746
174th run
noise dimension : 27
noise variance: 238.54519653320312
original u-statistic:0.1446056365966797
p value proxy: 0.19269102811813354
result: False
power_upto_now: 0.7988505959510803
175th run
noise dimension : 27
noise variance: 239.26979064941406
original u-statistic:0.2915470600128174
p value proxy: 0.05315614491701126
result: False
power_upto_now: 0.7942857146263123
176th run
noise dimension : 27
noise variance: 239.24427795410156
original u-statistic:0.7431905269622803
p value proxy: 0.003322259057313204
result: True
power_upto_now: 0.7954545617103577
177th run
noise dimension : 27
noise variance: 240.07852172851562
original u-statistic:0.8380632400512695
p value proxy: 0.003322259057313204
result: True
power_upto_now: 0.7966101765632629
178th run
noise dimension : 27
noise variance: 239.74073791503906
original u-statistic:0.5904223918914795
p value proxy: 0.003322259057313204
result: True
power_upto_now: 0.7977527976036072
179th run
noise dimension : 27
noise variance: 240.011474609375
original u-statistic:0.4191422462463379
p value proxy: 0.019933555275201797
result: True
power_upto_now: 0.7988826632499695
180th run
noise dimension : 27
noise variance: 239.12229919433594
original u-statistic:0.33278608322143555
p value proxy: 0.03654484823346138
result: True
power_upto_now: 0.800000011920929
181th run
noise dimension : 27
noise variance: 239.7833709716797
original u-statistic:0.15277385711669922
p value proxy: 0.16943521797657013
result: False
power_upto_now: 0.7955800890922546
182th run
noise dimension : 27
noise variance: 239.16490173339844
original u-statistic:0.5922324657440186
p value proxy: 0.003322259057313204
result: True
power_upto_now: 0.7967032790184021
183th run
noise dimension : 27
noise variance: 239.74160766601562
original u-statistic:0.5832862854003906
p value proxy: 0.006644518114626408
result: True
power_upto_now: 0.7978141903877258
184th run
noise dimension : 27
noise variance: 238.77439880371094
original u-statistic:0.3570539951324463
p value proxy: 0.03654484823346138
result: True
power_upto_now: 0.7989130616188049
185th run
noise dimension : 27
noise variance: 239.4605712890625
original u-statistic:0.6760149002075195
p value proxy: 0.006644518114626408
result: True
power_upto_now: 0.800000011920929
186th run
noise dimension : 27
noise variance: 239.12646484375
original u-statistic:0.38743090629577637
p value proxy: 0.03654484823346138
result: True
power_upto_now: 0.801075279712677
187th run
noise dimension : 27
noise variance: 239.04026794433594
original u-statistic:0.6557495594024658
p value proxy: 0.003322259057313204
result: True
power_upto_now: 0.8021390438079834
188th run
noise dimension : 27
noise variance: 239.19403076171875
original u-statistic:-0.10019254684448242
p value proxy: 0.7009966373443604
result: False
power_upto_now: 0.7978723645210266
189th run
noise dimension : 27
noise variance: 239.3028564453125
original u-statistic:1.2330539226531982
p value proxy: 0.003322259057313204
result: True
power_upto_now: 0.7989417910575867
190th run
noise dimension : 27
noise variance: 239.53541564941406
original u-statistic:0.7809016704559326
p value proxy: 0.003322259057313204
result: True
power_upto_now: 0.800000011920929
191th run
noise dimension : 27
noise variance: 240.702392578125
original u-statistic:0.09766983985900879
p value proxy: 0.262458473443985
result: False
power_upto_now: 0.7958115339279175
192th run
noise dimension : 27
noise variance: 239.4288787841797
original u-statistic:1.0904371738433838
p value proxy: 0.003322259057313204
result: True
power_upto_now: 0.796875
193th run
noise dimension : 27
noise variance: 239.0221710205078
original u-statistic:0.8187863826751709
p value proxy: 0.003322259057313204
result: True
power_upto_now: 0.7979274392127991
194th run
noise dimension : 27
noise variance: 239.55690002441406
original u-statistic:0.7096941471099854
p value proxy: 0.003322259057313204
result: True
power_upto_now: 0.7989690899848938
195th run
noise dimension : 27
noise variance: 239.4298095703125
original u-statistic:0.5334482192993164
p value proxy: 0.009966777637600899
result: True
power_upto_now: 0.800000011920929
196th run
noise dimension : 27
noise variance: 239.1089324951172
original u-statistic:-0.04174447059631348
p value proxy: 0.5614618062973022
result: False
power_upto_now: 0.795918345451355
197th run
noise dimension : 27
noise variance: 239.0175323486328
original u-statistic:0.4968528747558594
p value proxy: 0.009966777637600899
result: True
power_upto_now: 0.796954333782196
198th run
noise dimension : 27
noise variance: 239.4534912109375
original u-statistic:0.23134541511535645
p value proxy: 0.12624584138393402
result: False
power_upto_now: 0.7929292917251587
199th run
noise dimension : 27
noise variance: 238.72723388671875
original u-statistic:0.6354160308837891
p value proxy: 0.006644518114626408
result: True
power_upto_now: 0.7939698696136475
200th run
noise dimension : 27
noise variance: 240.13174438476562
original u-statistic:0.32089948654174805
p value proxy: 0.049833886325359344
result: True
power_upto_now: 0.7950000166893005
201th run
noise dimension : 27
noise variance: 239.49365234375
original u-statistic:0.563237190246582
p value proxy: 0.006644518114626408
result: True
power_upto_now: 0.7960199117660522
202th run
noise dimension : 27
noise variance: 239.24264526367188
original u-statistic:0.8154041767120361
p value proxy: 0.003322259057313204
result: True
power_upto_now: 0.7970296740531921
203th run
noise dimension : 27
noise variance: 239.0868377685547
original u-statistic:1.0867369174957275
p value proxy: 0.003322259057313204
result: True
power_upto_now: 0.7980295419692993
204th run
noise dimension : 27
noise variance: 238.43104553222656
original u-statistic:0.9125525951385498
p value proxy: 0.003322259057313204
result: True
power_upto_now: 0.7990196347236633
205th run
noise dimension : 27
noise variance: 239.2041778564453
original u-statistic:0.7090737819671631
p value proxy: 0.003322259057313204
result: True
power_upto_now: 0.800000011920929
206th run
noise dimension : 27
noise variance: 238.99122619628906
original u-statistic:0.9627649784088135
p value proxy: 0.003322259057313204
result: True
power_upto_now: 0.8009708523750305
207th run
noise dimension : 27
noise variance: 239.657958984375
original u-statistic:0.5864934921264648
p value proxy: 0.003322259057313204
result: True
power_upto_now: 0.8019323945045471
208th run
noise dimension : 27
noise variance: 239.37350463867188
original u-statistic:0.8050172328948975
p value proxy: 0.003322259057313204
result: True
power_upto_now: 0.8028846383094788
209th run
noise dimension : 27
noise variance: 239.36810302734375
original u-statistic:0.47182536125183105
p value proxy: 0.006644518114626408
result: True
power_upto_now: 0.8038277626037598
210th run
noise dimension : 27
noise variance: 239.206787109375
original u-statistic:0.4699831008911133
p value proxy: 0.016611294820904732
result: True
power_upto_now: 0.8047618865966797
211th run
noise dimension : 27
noise variance: 239.6355743408203
original u-statistic:0.5290687084197998
p value proxy: 0.006644518114626408
result: True
power_upto_now: 0.8056871891021729
212th run
noise dimension : 27
noise variance: 240.72645568847656
original u-statistic:0.6386725902557373
p value proxy: 0.009966777637600899
result: True
power_upto_now: 0.8066037893295288
213th run
noise dimension : 27
noise variance: 240.1595001220703
original u-statistic:0.7771775722503662
p value proxy: 0.003322259057313204
result: True
power_upto_now: 0.8075117468833923
214th run
noise dimension : 27
noise variance: 239.13819885253906
original u-statistic:0.6364583969116211
p value proxy: 0.006644518114626408
result: True
power_upto_now: 0.8084112405776978
215th run
noise dimension : 27
noise variance: 240.4908905029297
original u-statistic:0.4494175910949707
p value proxy: 0.009966777637600899
result: True
power_upto_now: 0.8093023300170898
216th run
noise dimension : 27
noise variance: 238.6134796142578
original u-statistic:0.8934977054595947
p value proxy: 0.003322259057313204
result: True
power_upto_now: 0.8101851940155029
217th run
noise dimension : 27
noise variance: 239.55751037597656
original u-statistic:0.6537213325500488
p value proxy: 0.006644518114626408
result: True
power_upto_now: 0.8110598921775818
218th run
noise dimension : 27
noise variance: 239.3556365966797
original u-statistic:0.808830976486206
p value proxy: 0.003322259057313204
result: True
power_upto_now: 0.8119266033172607
219th run
noise dimension : 27
noise variance: 238.8872833251953
original u-statistic:0.38855648040771484
p value proxy: 0.039867110550403595
result: True
power_upto_now: 0.8127853870391846
220th run
noise dimension : 27
noise variance: 240.3065185546875
original u-statistic:0.6695992946624756
p value proxy: 0.003322259057313204
result: True
power_upto_now: 0.8136363625526428
221th run
noise dimension : 27
noise variance: 238.8639373779297
original u-statistic:0.7476816177368164
p value proxy: 0.003322259057313204
result: True
power_upto_now: 0.814479649066925
222th run
noise dimension : 27
noise variance: 239.76991271972656
original u-statistic:0.5944504737854004
p value proxy: 0.003322259057313204
result: True
power_upto_now: 0.815315306186676
223th run
noise dimension : 27
noise variance: 239.40882873535156
original u-statistic:0.40972304344177246
p value proxy: 0.019933555275201797
result: True
power_upto_now: 0.8161435127258301
224th run
noise dimension : 27
noise variance: 240.2590789794922
original u-statistic:0.01777505874633789
p value proxy: 0.45847174525260925
result: False
power_upto_now: 0.8125
225th run
noise dimension : 27
noise variance: 239.24777221679688
original u-statistic:0.5745153427124023
p value proxy: 0.003322259057313204
result: True
power_upto_now: 0.8133333325386047
226th run
noise dimension : 27
noise variance: 238.40200805664062
original u-statistic:0.9468221664428711
p value proxy: 0.003322259057313204
result: True
power_upto_now: 0.8141592741012573
227th run
noise dimension : 27
noise variance: 239.5035858154297
original u-statistic:0.7179989814758301
p value proxy: 0.003322259057313204
result: True
power_upto_now: 0.8149779438972473
228th run
noise dimension : 27
noise variance: 239.20068359375
original u-statistic:0.8726935386657715
p value proxy: 0.003322259057313204
result: True
power_upto_now: 0.8157894611358643
229th run
noise dimension : 27
noise variance: 239.9651641845703
original u-statistic:0.7179563045501709
p value proxy: 0.006644518114626408
result: True
power_upto_now: 0.8165938854217529
230th run
noise dimension : 27
noise variance: 239.2802734375
original u-statistic:0.9726071357727051
p value proxy: 0.003322259057313204
result: True
power_upto_now: 0.8173912763595581
231th run
noise dimension : 27
noise variance: 238.86862182617188
original u-statistic:0.12626934051513672
p value proxy: 0.21262457966804504
result: False
power_upto_now: 0.8138527870178223
232th run
noise dimension : 27
noise variance: 239.3322296142578
original u-statistic:0.8078551292419434
p value proxy: 0.003322259057313204
result: True
power_upto_now: 0.8146551847457886
233th run
noise dimension : 27
noise variance: 240.40817260742188
original u-statistic:0.6985583305358887
p value proxy: 0.006644518114626408
result: True
power_upto_now: 0.8154506683349609
234th run
noise dimension : 27
noise variance: 238.94851684570312
original u-statistic:0.49427199363708496
p value proxy: 0.016611294820904732
result: True
power_upto_now: 0.8162392973899841
235th run
noise dimension : 27
noise variance: 239.9407958984375
original u-statistic:0.6475281715393066
p value proxy: 0.003322259057313204
result: True
power_upto_now: 0.8170212507247925
236th run
noise dimension : 27
noise variance: 239.49313354492188
original u-statistic:0.13451290130615234
p value proxy: 0.21262457966804504
result: False
power_upto_now: 0.8135592937469482
237th run
noise dimension : 27
noise variance: 238.25938415527344
original u-statistic:0.07415056228637695
p value proxy: 0.31893688440322876
result: False
power_upto_now: 0.8101266026496887
238th run
noise dimension : 27
noise variance: 239.26898193359375
original u-statistic:0.21318888664245605
p value proxy: 0.08637873828411102
result: False
power_upto_now: 0.8067227005958557
239th run
noise dimension : 27
noise variance: 239.1179962158203
original u-statistic:0.3228151798248291
p value proxy: 0.04318936914205551
result: True
power_upto_now: 0.8075313568115234
240th run
noise dimension : 27
noise variance: 239.29693603515625
original u-statistic:0.40606689453125
p value proxy: 0.029900331050157547
result: True
power_upto_now: 0.8083333373069763
241th run
noise dimension : 27
noise variance: 238.71444702148438
original u-statistic:0.5199329853057861
p value proxy: 0.006644518114626408
result: True
power_upto_now: 0.8091286420822144
242th run
noise dimension : 27
noise variance: 239.43556213378906
original u-statistic:0.1986682415008545
p value proxy: 0.15946844220161438
result: False
power_upto_now: 0.8057851195335388
243th run
noise dimension : 27
noise variance: 239.52296447753906
original u-statistic:0.6911687850952148
p value proxy: 0.003322259057313204
result: True
power_upto_now: 0.806584358215332
244th run
noise dimension : 27
noise variance: 239.5712432861328
original u-statistic:0.7024595737457275
p value proxy: 0.006644518114626408
result: True
power_upto_now: 0.8073770403862
245th run
noise dimension : 27
noise variance: 239.10630798339844
original u-statistic:0.42575573921203613
p value proxy: 0.029900331050157547
result: True
power_upto_now: 0.8081632852554321
246th run
noise dimension : 27
noise variance: 239.50123596191406
original u-statistic:0.1831958293914795
p value proxy: 0.11960132420063019
result: False
power_upto_now: 0.8048780560493469
247th run
noise dimension : 27
noise variance: 239.37136840820312
original u-statistic:0.9332005977630615
p value proxy: 0.003322259057313204
result: True
power_upto_now: 0.8056679964065552
248th run
noise dimension : 27
noise variance: 239.0426483154297
original u-statistic:0.46544718742370605
p value proxy: 0.006644518114626408
result: True
power_upto_now: 0.8064516186714172
249th run
noise dimension : 27
noise variance: 238.80262756347656
original u-statistic:0.16795659065246582
p value proxy: 0.17275747656822205
result: False
power_upto_now: 0.8032128810882568
250th run
noise dimension : 27
noise variance: 238.9756317138672
original u-statistic:0.09639525413513184
p value proxy: 0.2790697515010834
result: False
power_upto_now: 0.800000011920929
251th run
noise dimension : 27
noise variance: 239.34190368652344
original u-statistic:0.7692201137542725
p value proxy: 0.003322259057313204
result: True
power_upto_now: 0.8007968068122864
252th run
noise dimension : 27
noise variance: 238.89845275878906
original u-statistic:0.1690056324005127
p value proxy: 0.15946844220161438
result: False
power_upto_now: 0.7976190447807312
253th run
noise dimension : 27
noise variance: 239.66871643066406
original u-statistic:0.30381011962890625
p value proxy: 0.04318936914205551
result: True
power_upto_now: 0.7984189987182617
254th run
noise dimension : 27
noise variance: 239.176513671875
original u-statistic:0.6230037212371826
p value proxy: 0.013289036229252815
result: True
power_upto_now: 0.7992125749588013
255th run
noise dimension : 27
noise variance: 239.62753295898438
original u-statistic:0.9860007762908936
p value proxy: 0.003322259057313204
result: True
power_upto_now: 0.800000011920929
256th run
noise dimension : 27
noise variance: 239.1521453857422
original u-statistic:0.4803485870361328
p value proxy: 0.009966777637600899
result: True
power_upto_now: 0.80078125
257th run
noise dimension : 27
noise variance: 239.0067901611328
original u-statistic:0.6570956707000732
p value proxy: 0.003322259057313204
result: True
power_upto_now: 0.801556408405304
258th run
noise dimension : 27
noise variance: 239.7863311767578
original u-statistic:1.0812394618988037
p value proxy: 0.003322259057313204
result: True
power_upto_now: 0.8023256063461304
259th run
noise dimension : 27
noise variance: 239.38648986816406
original u-statistic:0.6340353488922119
p value proxy: 0.009966777637600899
result: True
power_upto_now: 0.8030887842178345
260th run
noise dimension : 27
noise variance: 238.39407348632812
original u-statistic:0.18840909004211426
p value proxy: 0.11627906560897827
result: False
power_upto_now: 0.800000011920929
261th run
noise dimension : 27
noise variance: 239.29356384277344
original u-statistic:0.3579995632171631
p value proxy: 0.039867110550403595
result: True
power_upto_now: 0.8007662892341614
262th run
noise dimension : 27
noise variance: 239.19546508789062
original u-statistic:0.3664276599884033
p value proxy: 0.023255813866853714
result: True
power_upto_now: 0.8015267252922058
263th run
noise dimension : 27
noise variance: 238.3368377685547
original u-statistic:0.6837852001190186
p value proxy: 0.003322259057313204
result: True
power_upto_now: 0.802281379699707
264th run
noise dimension : 27
noise variance: 239.89466857910156
original u-statistic:0.4756002426147461
p value proxy: 0.016611294820904732
result: True
power_upto_now: 0.8030303120613098
265th run
noise dimension : 27
noise variance: 239.33535766601562
original u-statistic:0.6504342555999756
p value proxy: 0.003322259057313204
result: True
power_upto_now: 0.8037735819816589
266th run
noise dimension : 27
noise variance: 240.0526123046875
original u-statistic:-0.0005724430084228516
p value proxy: 0.44186046719551086
result: False
power_upto_now: 0.8007518649101257
267th run
noise dimension : 27
noise variance: 238.83131408691406
original u-statistic:0.6644289493560791
p value proxy: 0.003322259057313204
result: True
power_upto_now: 0.8014981150627136
268th run
noise dimension : 27
noise variance: 240.02291870117188
original u-statistic:0.6990745067596436
p value proxy: 0.003322259057313204
result: True
power_upto_now: 0.8022388219833374
269th run
noise dimension : 27
noise variance: 239.391357421875
original u-statistic:0.7148540019989014
p value proxy: 0.003322259057313204
result: True
power_upto_now: 0.8029739856719971
270th run
noise dimension : 27
noise variance: 239.65982055664062
original u-statistic:0.4984722137451172
p value proxy: 0.013289036229252815
result: True
power_upto_now: 0.8037037253379822
271th run
noise dimension : 27
noise variance: 238.7514190673828
original u-statistic:0.767796516418457
p value proxy: 0.003322259057313204
result: True
power_upto_now: 0.8044280409812927
272th run
noise dimension : 27
noise variance: 238.72718811035156
original u-statistic:0.8510074615478516
p value proxy: 0.003322259057313204
result: True
power_upto_now: 0.8051470518112183
273th run
noise dimension : 27
noise variance: 238.98655700683594
original u-statistic:0.5212910175323486
p value proxy: 0.009966777637600899
result: True
power_upto_now: 0.8058608174324036
274th run
noise dimension : 27
noise variance: 239.36358642578125
original u-statistic:0.41930198669433594
p value proxy: 0.04318936914205551
result: True
power_upto_now: 0.8065693378448486
275th run
noise dimension : 27
noise variance: 239.82725524902344
original u-statistic:0.7349064350128174
p value proxy: 0.003322259057313204
result: True
power_upto_now: 0.807272732257843
276th run
noise dimension : 27
noise variance: 239.3376922607422
original u-statistic:0.14835834503173828
p value proxy: 0.23588038980960846
result: False
power_upto_now: 0.804347813129425
277th run
noise dimension : 27
noise variance: 239.49044799804688
original u-statistic:0.8071222305297852
p value proxy: 0.003322259057313204
result: True
power_upto_now: 0.8050541281700134
278th run
noise dimension : 27
noise variance: 239.2724151611328
original u-statistic:0.6761274337768555
p value proxy: 0.006644518114626408
result: True
power_upto_now: 0.8057553768157959
279th run
noise dimension : 27
noise variance: 238.25204467773438
original u-statistic:1.0055091381072998
p value proxy: 0.003322259057313204
result: True
power_upto_now: 0.8064516186714172
280th run
noise dimension : 27
noise variance: 239.7630615234375
original u-statistic:0.09655499458312988
p value proxy: 0.2591361999511719
result: False
power_upto_now: 0.8035714030265808
281th run
noise dimension : 27
noise variance: 239.1416778564453
original u-statistic:0.7456116676330566
p value proxy: 0.003322259057313204
result: True
power_upto_now: 0.8042704463005066
282th run
noise dimension : 27
noise variance: 239.8450927734375
original u-statistic:0.7369053363800049
p value proxy: 0.013289036229252815
result: True
power_upto_now: 0.804964542388916
283th run
noise dimension : 27
noise variance: 239.24029541015625
original u-statistic:0.6911578178405762
p value proxy: 0.003322259057313204
result: True
power_upto_now: 0.8056536912918091
284th run
noise dimension : 27
noise variance: 239.5312957763672
original u-statistic:0.29393482208251953
p value proxy: 0.06644517928361893
result: False
power_upto_now: 0.8028169274330139
285th run
noise dimension : 27
noise variance: 240.13607788085938
original u-statistic:0.589094877243042
p value proxy: 0.006644518114626408
result: True
power_upto_now: 0.8035087585449219
286th run
noise dimension : 27
noise variance: 238.95462036132812
original u-statistic:0.5960452556610107
p value proxy: 0.006644518114626408
result: True
power_upto_now: 0.8041958212852478
287th run
noise dimension : 27
noise variance: 238.53819274902344
original u-statistic:1.217947244644165
p value proxy: 0.003322259057313204
result: True
power_upto_now: 0.8048780560493469
288th run
noise dimension : 27
noise variance: 239.52273559570312
original u-statistic:0.39983367919921875
p value proxy: 0.029900331050157547
result: True
power_upto_now: 0.8055555820465088
289th run
noise dimension : 27
noise variance: 239.2156524658203
original u-statistic:0.8430907726287842
p value proxy: 0.003322259057313204
result: True
power_upto_now: 0.8062283992767334
290th run
noise dimension : 27
noise variance: 239.9422149658203
original u-statistic:0.31032514572143555
p value proxy: 0.04318936914205551
result: True
power_upto_now: 0.8068965673446655
291th run
noise dimension : 27
noise variance: 239.55784606933594
original u-statistic:1.004514217376709
p value proxy: 0.003322259057313204
result: True
power_upto_now: 0.80756014585495
292th run
noise dimension : 27
noise variance: 239.3996124267578
original u-statistic:0.5638723373413086
p value proxy: 0.006644518114626408
result: True
power_upto_now: 0.8082191944122314
293th run
noise dimension : 27
noise variance: 238.613525390625
original u-statistic:0.756190299987793
p value proxy: 0.003322259057313204
result: True
power_upto_now: 0.80887371301651
294th run
noise dimension : 27
noise variance: 239.77163696289062
original u-statistic:0.12846088409423828
p value proxy: 0.1860465109348297
result: False
power_upto_now: 0.8061224222183228
295th run
noise dimension : 27
noise variance: 238.9304656982422
original u-statistic:0.7800793647766113
p value proxy: 0.003322259057313204
result: True
power_upto_now: 0.806779682636261
296th run
noise dimension : 27
noise variance: 238.66091918945312
original u-statistic:0.09537410736083984
p value proxy: 0.2990033030509949
result: False
power_upto_now: 0.8040540814399719
297th run
noise dimension : 27
noise variance: 240.48753356933594
original u-statistic:0.18113422393798828
p value proxy: 0.1661129593849182
result: False
power_upto_now: 0.8013467788696289
298th run
noise dimension : 27
noise variance: 239.1562957763672
original u-statistic:0.2929694652557373
p value proxy: 0.06644517928361893
result: False
power_upto_now: 0.7986577153205872
299th run
noise dimension : 27
noise variance: 240.59080505371094
original u-statistic:0.42150330543518066
p value proxy: 0.013289036229252815
result: True
power_upto_now: 0.7993311285972595
300th run
noise dimension : 27
noise variance: 239.64190673828125
original u-statistic:0.7992134094238281
p value proxy: 0.003322259057313204
result: True
power_upto_now: 0.800000011920929
301th run
noise dimension : 27
noise variance: 239.33489990234375
original u-statistic:0.5083835124969482
p value proxy: 0.013289036229252815
result: True
power_upto_now: 0.8006644248962402
302th run
noise dimension : 27
noise variance: 239.8952178955078
original u-statistic:0.7689542770385742
p value proxy: 0.003322259057313204
result: True
power_upto_now: 0.8013244867324829
303th run
noise dimension : 27
noise variance: 239.2339630126953
original u-statistic:0.16260719299316406
p value proxy: 0.1229235827922821
result: False
power_upto_now: 0.7986798882484436
304th run
noise dimension : 27
noise variance: 240.20974731445312
original u-statistic:0.3887341022491455
p value proxy: 0.04318936914205551
result: True
power_upto_now: 0.7993420958518982
305th run
noise dimension : 27
noise variance: 240.3534393310547
original u-statistic:1.1191556453704834
p value proxy: 0.003322259057313204
result: True
power_upto_now: 0.800000011920929
306th run
noise dimension : 27
noise variance: 240.0546875
original u-statistic:0.8202393054962158
p value proxy: 0.003322259057313204
result: True
power_upto_now: 0.8006535768508911
307th run
noise dimension : 27
noise variance: 239.92552185058594
original u-statistic:1.2849202156066895
p value proxy: 0.003322259057313204
result: True
power_upto_now: 0.8013029098510742
308th run
noise dimension : 27
noise variance: 239.2438201904297
original u-statistic:0.09530067443847656
p value proxy: 0.23255813121795654
result: False
power_upto_now: 0.798701286315918
309th run
noise dimension : 27
noise variance: 238.99864196777344
original u-statistic:0.8162591457366943
p value proxy: 0.003322259057313204
result: True
power_upto_now: 0.799352765083313
310th run
noise dimension : 27
noise variance: 239.77955627441406
original u-statistic:0.5070290565490723
p value proxy: 0.009966777637600899
result: True
power_upto_now: 0.800000011920929
311th run
noise dimension : 27
noise variance: 238.95089721679688
original u-statistic:0.6713740825653076
p value proxy: 0.003322259057313204
result: True
power_upto_now: 0.8006430864334106
312th run
noise dimension : 27
noise variance: 238.88946533203125
original u-statistic:0.9238071441650391
p value proxy: 0.003322259057313204
result: True
power_upto_now: 0.8012820482254028
313th run
noise dimension : 27
noise variance: 239.76170349121094
original u-statistic:0.45964789390563965
p value proxy: 0.016611294820904732
result: True
power_upto_now: 0.8019169569015503
314th run
noise dimension : 27
noise variance: 240.25497436523438
original u-statistic:0.1590721607208252
p value proxy: 0.17607973515987396
result: False
power_upto_now: 0.7993630766868591
315th run
noise dimension : 27
noise variance: 239.2042694091797
original u-statistic:0.4179213047027588
p value proxy: 0.033222589641809464
result: True
power_upto_now: 0.800000011920929
316th run
noise dimension : 27
noise variance: 239.12860107421875
original u-statistic:0.18381071090698242
p value proxy: 0.14617939293384552
result: False
power_upto_now: 0.797468364238739
317th run
noise dimension : 27
noise variance: 239.220947265625
original u-statistic:0.5607645511627197
p value proxy: 0.003322259057313204
result: True
power_upto_now: 0.7981072664260864
318th run
noise dimension : 27
noise variance: 239.06809997558594
original u-statistic:0.083465576171875
p value proxy: 0.29235878586769104
result: False
power_upto_now: 0.795597493648529
319th run
noise dimension : 27
noise variance: 239.22328186035156
original u-statistic:1.0475778579711914
p value proxy: 0.003322259057313204
result: True
power_upto_now: 0.7962382435798645
320th run
noise dimension : 27
noise variance: 238.97499084472656
original u-statistic:0.37634706497192383
p value proxy: 0.019933555275201797
result: True
power_upto_now: 0.796875
321th run
noise dimension : 27
noise variance: 239.1614227294922
original u-statistic:0.23084402084350586
p value proxy: 0.13621261715888977
result: False
power_upto_now: 0.7943925261497498
322th run
noise dimension : 27
noise variance: 239.6721649169922
original u-statistic:0.8353538513183594
p value proxy: 0.003322259057313204
result: True
power_upto_now: 0.7950310707092285
323th run
noise dimension : 27
noise variance: 240.2482147216797
original u-statistic:1.2455177307128906
p value proxy: 0.003322259057313204
result: True
power_upto_now: 0.7956656217575073
324th run
noise dimension : 27
noise variance: 239.45623779296875
original u-statistic:0.6505789756774902
p value proxy: 0.003322259057313204
result: True
power_upto_now: 0.7962962985038757
325th run
noise dimension : 27
noise variance: 239.0380859375
original u-statistic:0.32039856910705566
p value proxy: 0.049833886325359344
result: True
power_upto_now: 0.7969231009483337
326th run
noise dimension : 27
noise variance: 240.01011657714844
original u-statistic:0.8547177314758301
p value proxy: 0.003322259057313204
result: True
power_upto_now: 0.7975460290908813
327th run
noise dimension : 27
noise variance: 239.9376678466797
original u-statistic:0.4022510051727295
p value proxy: 0.033222589641809464
result: True
power_upto_now: 0.7981651425361633
328th run
noise dimension : 27
noise variance: 240.3382110595703
original u-statistic:0.15438222885131836
p value proxy: 0.15614616870880127
result: False
power_upto_now: 0.7957317233085632
329th run
noise dimension : 27
noise variance: 240.09556579589844
original u-statistic:0.6504549980163574
p value proxy: 0.006644518114626408
result: True
power_upto_now: 0.7963525652885437
330th run
noise dimension : 27
noise variance: 240.05162048339844
original u-statistic:0.4717371463775635
p value proxy: 0.013289036229252815
result: True
power_upto_now: 0.7969697117805481
331th run
noise dimension : 27
noise variance: 238.815185546875
original u-statistic:0.06659793853759766
p value proxy: 0.3322259187698364
result: False
power_upto_now: 0.7945619225502014
332th run
noise dimension : 27
noise variance: 239.48635864257812
original u-statistic:0.15183639526367188
p value proxy: 0.1395348757505417
result: False
power_upto_now: 0.7921686768531799
333th run
noise dimension : 27
noise variance: 239.49270629882812
original u-statistic:0.5930571556091309
p value proxy: 0.006644518114626408
result: True
power_upto_now: 0.792792797088623
334th run
noise dimension : 27
noise variance: 239.26229858398438
original u-statistic:0.3440392017364502
p value proxy: 0.023255813866853714
result: True
power_upto_now: 0.7934131622314453
335th run
noise dimension : 27
noise variance: 239.4108428955078
original u-statistic:0.2055189609527588
p value proxy: 0.13621261715888977
result: False
power_upto_now: 0.7910447716712952
336th run
noise dimension : 27
noise variance: 239.1986541748047
original u-statistic:0.6147034168243408
p value proxy: 0.006644518114626408
result: True
power_upto_now: 0.7916666865348816
337th run
noise dimension : 27
noise variance: 239.20399475097656
original u-statistic:0.25069260597229004
p value proxy: 0.09634551405906677
result: False
power_upto_now: 0.7893174886703491
338th run
noise dimension : 27
noise variance: 238.98826599121094
original u-statistic:0.6302320957183838
p value proxy: 0.003322259057313204
result: True
power_upto_now: 0.7899408340454102
339th run
noise dimension : 27
noise variance: 238.84825134277344
original u-statistic:0.7364931106567383
p value proxy: 0.003322259057313204
result: True
power_upto_now: 0.7905604839324951
340th run
noise dimension : 27
noise variance: 238.73106384277344
original u-statistic:0.9512443542480469
p value proxy: 0.003322259057313204
result: True
power_upto_now: 0.7911764979362488
341th run
noise dimension : 27
noise variance: 239.68345642089844
original u-statistic:0.32000160217285156
p value proxy: 0.033222589641809464
result: True
power_upto_now: 0.7917888760566711
342th run
noise dimension : 27
noise variance: 238.71253967285156
original u-statistic:0.7176411151885986
p value proxy: 0.003322259057313204
result: True
power_upto_now: 0.792397677898407
343th run
noise dimension : 27
noise variance: 238.6000213623047
original u-statistic:0.2991039752960205
p value proxy: 0.07308969646692276
result: False
power_upto_now: 0.7900874614715576
344th run
noise dimension : 27
noise variance: 239.76602172851562
original u-statistic:0.6277132034301758
p value proxy: 0.006644518114626408
result: True
power_upto_now: 0.7906976938247681
345th run
noise dimension : 27
noise variance: 239.37754821777344
original u-statistic:0.5501713752746582
p value proxy: 0.009966777637600899
result: True
power_upto_now: 0.791304349899292
346th run
noise dimension : 27
noise variance: 240.61026000976562
original u-statistic:0.46909117698669434
p value proxy: 0.009966777637600899
result: True
power_upto_now: 0.7919074892997742
347th run
noise dimension : 27
noise variance: 239.8138885498047
original u-statistic:0.7081480026245117
p value proxy: 0.006644518114626408
result: True
power_upto_now: 0.7925072312355042
348th run
noise dimension : 27
noise variance: 239.03692626953125
original u-statistic:0.7743234634399414
p value proxy: 0.003322259057313204
result: True
power_upto_now: 0.7931034564971924
349th run
noise dimension : 27
noise variance: 239.70912170410156
original u-statistic:0.527341365814209
p value proxy: 0.006644518114626408
result: True
power_upto_now: 0.7936962842941284
350th run
noise dimension : 27
noise variance: 239.19630432128906
original u-statistic:0.1630721092224121
p value proxy: 0.17940199375152588
result: False
power_upto_now: 0.7914285659790039
351th run
noise dimension : 27
noise variance: 239.40643310546875
original u-statistic:0.4480612277984619
p value proxy: 0.006644518114626408
result: True
power_upto_now: 0.7920227646827698
352th run
noise dimension : 27
noise variance: 240.2958526611328
original u-statistic:0.30056333541870117
p value proxy: 0.06644517928361893
result: False
power_upto_now: 0.7897727489471436
353th run
noise dimension : 27
noise variance: 238.82504272460938
original u-statistic:-0.05723834037780762
p value proxy: 0.5980066061019897
result: False
power_upto_now: 0.7875354290008545
354th run
noise dimension : 27
noise variance: 239.09339904785156
original u-statistic:0.5158126354217529
p value proxy: 0.009966777637600899
result: True
power_upto_now: 0.7881355881690979
355th run
noise dimension : 27
noise variance: 239.70703125
original u-statistic:0.07433271408081055
p value proxy: 0.33887043595314026
result: False
power_upto_now: 0.7859154939651489
356th run
noise dimension : 27
noise variance: 239.2292938232422
original u-statistic:0.3886432647705078
p value proxy: 0.013289036229252815
result: True
power_upto_now: 0.7865168452262878
357th run
noise dimension : 27
noise variance: 239.3297576904297
original u-statistic:0.6355183124542236
p value proxy: 0.003322259057313204
result: True
power_upto_now: 0.7871148586273193
358th run
noise dimension : 27
noise variance: 238.98085021972656
original u-statistic:0.5308942794799805
p value proxy: 0.013289036229252815
result: True
power_upto_now: 0.7877094745635986
359th run
noise dimension : 27
noise variance: 239.36680603027344
original u-statistic:0.8285553455352783
p value proxy: 0.003322259057313204
result: True
power_upto_now: 0.7883008122444153
360th run
noise dimension : 27
noise variance: 239.2649383544922
original u-statistic:0.477508544921875
p value proxy: 0.013289036229252815
result: True
power_upto_now: 0.7888888716697693
361th run
noise dimension : 27
noise variance: 239.76605224609375
original u-statistic:0.7543923854827881
p value proxy: 0.003322259057313204
result: True
power_upto_now: 0.7894737124443054
362th run
noise dimension : 27
noise variance: 239.33055114746094
original u-statistic:0.5135633945465088
p value proxy: 0.003322259057313204
result: True
power_upto_now: 0.7900552749633789
363th run
noise dimension : 27
noise variance: 239.34632873535156
original u-statistic:0.07811665534973145
p value proxy: 0.29235878586769104
result: False
power_upto_now: 0.7878788113594055
364th run
noise dimension : 27
noise variance: 239.0724639892578
original u-statistic:0.04871511459350586
p value proxy: 0.3289036452770233
result: False
power_upto_now: 0.7857142686843872
365th run
noise dimension : 27
noise variance: 239.1965789794922
original u-statistic:0.36234235763549805
p value proxy: 0.049833886325359344
result: True
power_upto_now: 0.7863013744354248
366th run
noise dimension : 27
noise variance: 238.73558044433594
original u-statistic:1.0505092144012451
p value proxy: 0.003322259057313204
result: True
power_upto_now: 0.7868852615356445
367th run
noise dimension : 27
noise variance: 239.46583557128906
original u-statistic:0.8669509887695312
p value proxy: 0.003322259057313204
result: True
power_upto_now: 0.7874659299850464
368th run
noise dimension : 27
noise variance: 240.07672119140625
original u-statistic:0.484818696975708
p value proxy: 0.009966777637600899
result: True
power_upto_now: 0.7880434989929199
369th run
noise dimension : 27
noise variance: 238.68634033203125
original u-statistic:0.23070168495178223
p value proxy: 0.1229235827922821
result: False
power_upto_now: 0.7859078645706177
370th run
noise dimension : 27
noise variance: 238.3783721923828
original u-statistic:0.35328054428100586
p value proxy: 0.033222589641809464
result: True
power_upto_now: 0.7864865064620972
371th run
noise dimension : 27
noise variance: 239.7218017578125
original u-statistic:0.5928940773010254
p value proxy: 0.003322259057313204
result: True
power_upto_now: 0.7870619893074036
372th run
noise dimension : 27
noise variance: 239.57254028320312
original u-statistic:0.9051742553710938
p value proxy: 0.003322259057313204
result: True
power_upto_now: 0.7876344323158264
373th run
noise dimension : 27
noise variance: 238.88299560546875
original u-statistic:0.7319419384002686
p value proxy: 0.003322259057313204
result: True
power_upto_now: 0.788203775882721
374th run
noise dimension : 27
noise variance: 239.73265075683594
original u-statistic:0.2504611015319824
p value proxy: 0.1229235827922821
result: False
power_upto_now: 0.7860962748527527
375th run
noise dimension : 27
noise variance: 239.9904022216797
original u-statistic:0.7103815078735352
p value proxy: 0.003322259057313204
result: True
power_upto_now: 0.7866666913032532
376th run
noise dimension : 27
noise variance: 239.570556640625
original u-statistic:0.3371920585632324
p value proxy: 0.05647840350866318
result: False
power_upto_now: 0.7845744490623474
377th run
noise dimension : 27
noise variance: 239.14306640625
original u-statistic:0.18384647369384766
p value proxy: 0.12624584138393402
result: False
power_upto_now: 0.7824933528900146
378th run
noise dimension : 27
noise variance: 238.87986755371094
original u-statistic:0.3920624256134033
p value proxy: 0.023255813866853714
result: True
power_upto_now: 0.7830687761306763
379th run
noise dimension : 27
noise variance: 239.5686798095703
original u-statistic:0.3783578872680664
p value proxy: 0.029900331050157547
result: True
power_upto_now: 0.7836411595344543
380th run
noise dimension : 27
noise variance: 239.46078491210938
original u-statistic:0.12127280235290527
p value proxy: 0.262458473443985
result: False
power_upto_now: 0.7815789580345154
381th run
noise dimension : 27
noise variance: 239.5464324951172
original u-statistic:0.47002267837524414
p value proxy: 0.023255813866853714
result: True
power_upto_now: 0.7821522355079651
382th run
noise dimension : 27
noise variance: 238.4390106201172
original u-statistic:0.4177589416503906
p value proxy: 0.009966777637600899
result: True
power_upto_now: 0.782722532749176
383th run
noise dimension : 27
noise variance: 239.44158935546875
original u-statistic:0.5549557209014893
p value proxy: 0.006644518114626408
result: True
power_upto_now: 0.7832897901535034
384th run
noise dimension : 27
noise variance: 239.94029235839844
original u-statistic:0.3174562454223633
p value proxy: 0.049833886325359344
result: True
power_upto_now: 0.7838541865348816
385th run
noise dimension : 27
noise variance: 239.7084197998047
original u-statistic:0.49234628677368164
p value proxy: 0.013289036229252815
result: True
power_upto_now: 0.784415602684021
386th run
noise dimension : 27
noise variance: 239.9940643310547
original u-statistic:0.26099205017089844
p value proxy: 0.08637873828411102
result: False
power_upto_now: 0.7823834419250488
387th run
noise dimension : 27
noise variance: 239.04150390625
original u-statistic:0.12831568717956543
p value proxy: 0.2425249069929123
result: False
power_upto_now: 0.7803617715835571
388th run
noise dimension : 27
noise variance: 238.89015197753906
original u-statistic:0.41293764114379883
p value proxy: 0.016611294820904732
result: True
power_upto_now: 0.780927836894989
389th run
noise dimension : 27
noise variance: 239.65074157714844
original u-statistic:0.42773866653442383
p value proxy: 0.006644518114626408
result: True
power_upto_now: 0.7814909815788269
390th run
noise dimension : 27
noise variance: 239.0111083984375
original u-statistic:0.2697911262512207
p value proxy: 0.07973422110080719
result: False
power_upto_now: 0.7794871926307678
391th run
noise dimension : 27
noise variance: 239.281982421875
original u-statistic:0.2568700313568115
p value proxy: 0.09302325546741486
result: False
power_upto_now: 0.7774935960769653
392th run
noise dimension : 27
noise variance: 239.4431610107422
original u-statistic:0.6264543533325195
p value proxy: 0.006644518114626408
result: True
power_upto_now: 0.7780612111091614
393th run
noise dimension : 27
noise variance: 239.28353881835938
original u-statistic:0.45984506607055664
p value proxy: 0.013289036229252815
result: True
power_upto_now: 0.7786259651184082
394th run
noise dimension : 27
noise variance: 239.32965087890625
original u-statistic:0.16437101364135742
p value proxy: 0.1860465109348297
result: False
power_upto_now: 0.7766497731208801
395th run
noise dimension : 27
noise variance: 239.6648712158203
original u-statistic:0.8028573989868164
p value proxy: 0.003322259057313204
result: True
power_upto_now: 0.7772151827812195
396th run
noise dimension : 27
noise variance: 240.1454315185547
original u-statistic:0.4206361770629883
p value proxy: 0.04318936914205551
result: True
power_upto_now: 0.7777777910232544
397th run
noise dimension : 27
noise variance: 238.9505157470703
original u-statistic:0.199387788772583
p value proxy: 0.16943521797657013
result: False
power_upto_now: 0.7758186459541321
398th run
noise dimension : 27
noise variance: 239.37298583984375
original u-statistic:0.6197834014892578
p value proxy: 0.003322259057313204
result: True
power_upto_now: 0.7763819098472595
399th run
noise dimension : 27
noise variance: 239.35418701171875
original u-statistic:0.399202823638916
p value proxy: 0.019933555275201797
result: True
power_upto_now: 0.7769423723220825
400th run
noise dimension : 27
noise variance: 238.5996856689453
original u-statistic:0.5389270782470703
p value proxy: 0.003322259057313204
result: True
power_upto_now: 0.7774999737739563
401th run
noise dimension : 27
noise variance: 239.624755859375
original u-statistic:0.6824603080749512
p value proxy: 0.003322259057313204
result: True
power_upto_now: 0.7780548334121704
402th run
noise dimension : 27
noise variance: 239.7601318359375
original u-statistic:0.12356019020080566
p value proxy: 0.2259136140346527
result: False
power_upto_now: 0.7761194109916687
403th run
noise dimension : 27
noise variance: 239.7208709716797
original u-statistic:-0.03717398643493652
p value proxy: 0.564784049987793
result: False
power_upto_now: 0.774193525314331
404th run
noise dimension : 27
noise variance: 239.00888061523438
original u-statistic:0.11815357208251953
p value proxy: 0.22923587262630463
result: False
power_upto_now: 0.7722772359848022
405th run
noise dimension : 27
noise variance: 239.59454345703125
original u-statistic:0.5124411582946777
p value proxy: 0.016611294820904732
result: True
power_upto_now: 0.7728394865989685
406th run
noise dimension : 27
noise variance: 239.43338012695312
original u-statistic:0.6906604766845703
p value proxy: 0.003322259057313204
result: True
power_upto_now: 0.7733989953994751
407th run
noise dimension : 27
noise variance: 239.2665252685547
original u-statistic:1.034588098526001
p value proxy: 0.003322259057313204
result: True
power_upto_now: 0.773955762386322
408th run
noise dimension : 27
noise variance: 238.54774475097656
original u-statistic:0.5655579566955566
p value proxy: 0.006644518114626408
result: True
power_upto_now: 0.7745097875595093
409th run
noise dimension : 27
noise variance: 238.91455078125
original u-statistic:0.6305656433105469
p value proxy: 0.003322259057313204
result: True
power_upto_now: 0.7750611305236816
410th run
noise dimension : 27
noise variance: 238.90892028808594
original u-statistic:0.4951510429382324
p value proxy: 0.016611294820904732
result: True
power_upto_now: 0.7756097316741943
411th run
noise dimension : 27
noise variance: 238.9216766357422
original u-statistic:0.44939589500427246
p value proxy: 0.023255813866853714
result: True
power_upto_now: 0.7761557102203369
412th run
noise dimension : 27
noise variance: 239.31985473632812
original u-statistic:0.5467844009399414
p value proxy: 0.013289036229252815
result: True
power_upto_now: 0.7766990065574646
413th run
noise dimension : 27
noise variance: 238.8922882080078
original u-statistic:0.7312216758728027
p value proxy: 0.003322259057313204
result: True
power_upto_now: 0.7772396802902222
414th run
noise dimension : 27
noise variance: 240.24253845214844
original u-statistic:0.2783048152923584
p value proxy: 0.08970099687576294
result: False
power_upto_now: 0.7753623127937317
415th run
noise dimension : 27
noise variance: 238.59402465820312
original u-statistic:0.7776076793670654
p value proxy: 0.003322259057313204
result: True
power_upto_now: 0.7759036421775818
416th run
noise dimension : 27
noise variance: 239.6304168701172
original u-statistic:-0.05237913131713867
p value proxy: 0.5514950156211853
result: False
power_upto_now: 0.7740384340286255
417th run
noise dimension : 27
noise variance: 240.13970947265625
original u-statistic:0.7060449123382568
p value proxy: 0.006644518114626408
result: True
power_upto_now: 0.7745803594589233
418th run
noise dimension : 27
noise variance: 239.3208465576172
original u-statistic:0.3801274299621582
p value proxy: 0.029900331050157547
result: True
power_upto_now: 0.7751196026802063
419th run
noise dimension : 27
noise variance: 240.33261108398438
original u-statistic:0.46985650062561035
p value proxy: 0.006644518114626408
result: True
power_upto_now: 0.7756563425064087
420th run
noise dimension : 27
noise variance: 239.04360961914062
original u-statistic:0.3230559825897217
p value proxy: 0.06644517928361893
result: False
power_upto_now: 0.773809552192688
421th run
noise dimension : 27
noise variance: 239.43394470214844
original u-statistic:0.561657190322876
p value proxy: 0.006644518114626408
result: True
power_upto_now: 0.7743467688560486
422th run
noise dimension : 27
noise variance: 239.18960571289062
original u-statistic:0.6689314842224121
p value proxy: 0.003322259057313204
result: True
power_upto_now: 0.7748815417289734
423th run
noise dimension : 27
noise variance: 238.84886169433594
original u-statistic:1.2268598079681396
p value proxy: 0.003322259057313204
result: True
power_upto_now: 0.7754136919975281
424th run
noise dimension : 27
noise variance: 239.06246948242188
original u-statistic:0.8833949565887451
p value proxy: 0.003322259057313204
result: True
power_upto_now: 0.775943398475647
425th run
noise dimension : 27
noise variance: 239.47879028320312
original u-statistic:1.1609594821929932
p value proxy: 0.003322259057313204
result: True
power_upto_now: 0.7764706015586853
426th run
noise dimension : 27
noise variance: 238.6497039794922
original u-statistic:0.46773505210876465
p value proxy: 0.006644518114626408
result: True
power_upto_now: 0.7769953012466431
427th run
noise dimension : 27
noise variance: 239.8013458251953
original u-statistic:0.009957075119018555
p value proxy: 0.49501660466194153
result: False
power_upto_now: 0.7751756310462952
428th run
noise dimension : 27
noise variance: 239.66720581054688
original u-statistic:0.0823366641998291
p value proxy: 0.27574750781059265
result: False
power_upto_now: 0.7733644843101501
429th run
noise dimension : 27
noise variance: 239.41793823242188
original u-statistic:0.6088900566101074
p value proxy: 0.003322259057313204
result: True
power_upto_now: 0.7738927602767944
430th run
noise dimension : 27
noise variance: 238.89108276367188
original u-statistic:1.098515272140503
p value proxy: 0.003322259057313204
result: True
power_upto_now: 0.7744185924530029
431th run
noise dimension : 27
noise variance: 239.68833923339844
original u-statistic:0.9610118865966797
p value proxy: 0.003322259057313204
result: True
power_upto_now: 0.7749419808387756
432th run
noise dimension : 27
noise variance: 238.92855834960938
original u-statistic:1.5566070079803467
p value proxy: 0.003322259057313204
result: True
power_upto_now: 0.7754629850387573
433th run
noise dimension : 27
noise variance: 239.6909637451172
original u-statistic:0.709099531173706
p value proxy: 0.003322259057313204
result: True
power_upto_now: 0.7759815454483032
434th run
noise dimension : 27
noise variance: 239.6092071533203
original u-statistic:0.6331753730773926
p value proxy: 0.003322259057313204
result: True
power_upto_now: 0.7764977216720581
435th run
noise dimension : 27
noise variance: 239.86538696289062
original u-statistic:0.7403204441070557
p value proxy: 0.003322259057313204
result: True
power_upto_now: 0.777011513710022
436th run
noise dimension : 27
noise variance: 240.75169372558594
original u-statistic:0.5306897163391113
p value proxy: 0.006644518114626408
result: True
power_upto_now: 0.7775229215621948
437th run
noise dimension : 27
noise variance: 240.133056640625
original u-statistic:0.2970285415649414
p value proxy: 0.03654484823346138
result: True
power_upto_now: 0.7780320644378662
438th run
noise dimension : 27
noise variance: 239.67059326171875
original u-statistic:0.8812158107757568
p value proxy: 0.003322259057313204
result: True
power_upto_now: 0.7785388231277466
439th run
noise dimension : 27
noise variance: 239.69580078125
original u-statistic:0.8556885719299316
p value proxy: 0.003322259057313204
result: True
power_upto_now: 0.7790432572364807
440th run
noise dimension : 27
noise variance: 240.21896362304688
original u-statistic:0.3464033603668213
p value proxy: 0.033222589641809464
result: True
power_upto_now: 0.7795454263687134
441th run
noise dimension : 27
noise variance: 239.80992126464844
original u-statistic:1.3400654792785645
p value proxy: 0.003322259057313204
result: True
power_upto_now: 0.7800453305244446
442th run
noise dimension : 27
noise variance: 239.38612365722656
original u-statistic:0.3398153781890869
p value proxy: 0.033222589641809464
result: True
power_upto_now: 0.7805429697036743
443th run
noise dimension : 27
noise variance: 239.05836486816406
original u-statistic:0.3117060661315918
p value proxy: 0.059800662100315094
result: False
power_upto_now: 0.7787810564041138
444th run
noise dimension : 27
noise variance: 239.17796325683594
original u-statistic:0.5071241855621338
p value proxy: 0.013289036229252815
result: True
power_upto_now: 0.7792792916297913
445th run
noise dimension : 27
noise variance: 239.0765838623047
original u-statistic:0.26050734519958496
p value proxy: 0.07973422110080719
result: False
power_upto_now: 0.7775281071662903
446th run
noise dimension : 27
noise variance: 239.3160400390625
original u-statistic:0.5664505958557129
p value proxy: 0.006644518114626408
result: True
power_upto_now: 0.7780268788337708
447th run
noise dimension : 27
noise variance: 238.86573791503906
original u-statistic:0.3702869415283203
p value proxy: 0.033222589641809464
result: True
power_upto_now: 0.7785235047340393
448th run
noise dimension : 27
noise variance: 240.21238708496094
original u-statistic:-0.03465008735656738
p value proxy: 0.5083056092262268
result: False
power_upto_now: 0.7767857313156128
449th run
noise dimension : 27
noise variance: 239.55186462402344
original u-statistic:0.9441483020782471
p value proxy: 0.003322259057313204
result: True
power_upto_now: 0.7772828340530396
450th run
noise dimension : 27
noise variance: 239.92697143554688
original u-statistic:0.9936089515686035
p value proxy: 0.003322259057313204
result: True
power_upto_now: 0.7777777910232544
451th run
noise dimension : 27
noise variance: 238.67755126953125
original u-statistic:0.303494930267334
p value proxy: 0.05647840350866318
result: False
power_upto_now: 0.7760531902313232
452th run
noise dimension : 27
noise variance: 239.52630615234375
original u-statistic:0.4097146987915039
p value proxy: 0.029900331050157547
result: True
power_upto_now: 0.7765486836433411
453th run
noise dimension : 27
noise variance: 239.16993713378906
original u-statistic:0.6551830768585205
p value proxy: 0.006644518114626408
result: True
power_upto_now: 0.7770419716835022
454th run
noise dimension : 27
noise variance: 239.7667999267578
original u-statistic:0.7517533302307129
p value proxy: 0.003322259057313204
result: True
power_upto_now: 0.7775330543518066
455th run
noise dimension : 27
noise variance: 238.89097595214844
original u-statistic:0.46380114555358887
p value proxy: 0.023255813866853714
result: True
power_upto_now: 0.7780219912528992
456th run
noise dimension : 27
noise variance: 238.4967803955078
original u-statistic:0.3155331611633301
p value proxy: 0.05315614491701126
result: False
power_upto_now: 0.7763158082962036
457th run
noise dimension : 27
noise variance: 239.9383544921875
original u-statistic:0.7002947330474854
p value proxy: 0.003322259057313204
result: True
power_upto_now: 0.7768052220344543
458th run
noise dimension : 27
noise variance: 239.94552612304688
original u-statistic:0.5901205539703369
p value proxy: 0.006644518114626408
result: True
power_upto_now: 0.7772925496101379
459th run
noise dimension : 27
noise variance: 239.4342803955078
original u-statistic:0.03438091278076172
p value proxy: 0.37541526556015015
result: False
power_upto_now: 0.7755991220474243
460th run
noise dimension : 27
noise variance: 239.8980255126953
original u-statistic:0.1961519718170166
p value proxy: 0.1627907007932663
result: False
power_upto_now: 0.7739130258560181
461th run
noise dimension : 27
noise variance: 239.8146209716797
original u-statistic:0.5968601703643799
p value proxy: 0.009966777637600899
result: True
power_upto_now: 0.77440345287323
462th run
noise dimension : 27
noise variance: 239.54031372070312
original u-statistic:0.07735252380371094
p value proxy: 0.3056478202342987
result: False
power_upto_now: 0.7727272510528564
463th run
noise dimension : 27
noise variance: 239.99510192871094
original u-statistic:0.22205042839050293
p value proxy: 0.09966777265071869
result: False
power_upto_now: 0.7710583209991455
464th run
noise dimension : 27
noise variance: 239.31488037109375
original u-statistic:0.9594478607177734
p value proxy: 0.003322259057313204
result: True
power_upto_now: 0.7715517282485962
465th run
noise dimension : 27
noise variance: 239.18161010742188
original u-statistic:0.33883047103881836
p value proxy: 0.05315614491701126
result: False
power_upto_now: 0.7698924541473389
466th run
noise dimension : 27
noise variance: 239.40835571289062
original u-statistic:0.238311767578125
p value proxy: 0.09966777265071869
result: False
power_upto_now: 0.7682403326034546
467th run
noise dimension : 27
noise variance: 239.63331604003906
original u-statistic:0.9353127479553223
p value proxy: 0.003322259057313204
result: True
power_upto_now: 0.7687366008758545
468th run
noise dimension : 27
noise variance: 239.3175811767578
original u-statistic:0.6145544052124023
p value proxy: 0.003322259057313204
result: True
power_upto_now: 0.7692307829856873
469th run
noise dimension : 27
noise variance: 239.71876525878906
original u-statistic:0.2781982421875
p value proxy: 0.06976743787527084
result: False
power_upto_now: 0.7675906419754028
470th run
noise dimension : 27
noise variance: 239.6924591064453
original u-statistic:0.5330321788787842
p value proxy: 0.006644518114626408
result: True
power_upto_now: 0.7680851221084595
471th run
noise dimension : 27
noise variance: 239.7781219482422
original u-statistic:0.4280247688293457
p value proxy: 0.016611294820904732
result: True
power_upto_now: 0.768577516078949
472th run
noise dimension : 27
noise variance: 239.3955078125
original u-statistic:0.5813851356506348
p value proxy: 0.009966777637600899
result: True
power_upto_now: 0.7690678238868713
473th run
noise dimension : 27
noise variance: 239.4261016845703
original u-statistic:0.6717605590820312
p value proxy: 0.006644518114626408
result: True
power_upto_now: 0.7695560455322266
474th run
noise dimension : 27
noise variance: 239.83738708496094
original u-statistic:0.673668384552002
p value proxy: 0.006644518114626408
result: True
power_upto_now: 0.7700421810150146
475th run
noise dimension : 27
noise variance: 238.48440551757812
original u-statistic:0.8228366374969482
p value proxy: 0.003322259057313204
result: True
power_upto_now: 0.7705262899398804
476th run
noise dimension : 27
noise variance: 239.39537048339844
original u-statistic:0.5510852336883545
p value proxy: 0.009966777637600899
result: True
power_upto_now: 0.7710084319114685
477th run
noise dimension : 27
noise variance: 238.4675750732422
original u-statistic:0.4393959045410156
p value proxy: 0.009966777637600899
result: True
power_upto_now: 0.7714884877204895
478th run
noise dimension : 27
noise variance: 238.6756134033203
original u-statistic:0.872992992401123
p value proxy: 0.003322259057313204
result: True
power_upto_now: 0.7719665169715881
479th run
noise dimension : 27
noise variance: 239.53411865234375
original u-statistic:0.4038114547729492
p value proxy: 0.019933555275201797
result: True
power_upto_now: 0.7724425792694092
480th run
noise dimension : 27
noise variance: 238.81314086914062
original u-statistic:0.3949465751647949
p value proxy: 0.02657807245850563
result: True
power_upto_now: 0.7729166746139526
481th run
noise dimension : 27
noise variance: 240.2030792236328
original u-statistic:0.8566696643829346
p value proxy: 0.003322259057313204
result: True
power_upto_now: 0.7733888030052185
482th run
noise dimension : 27
noise variance: 239.33697509765625
original u-statistic:0.8378629684448242
p value proxy: 0.003322259057313204
result: True
power_upto_now: 0.773858904838562
483th run
noise dimension : 27
noise variance: 240.03277587890625
original u-statistic:0.46779799461364746
p value proxy: 0.003322259057313204
result: True
power_upto_now: 0.7743270993232727
484th run
noise dimension : 27
noise variance: 240.03245544433594
original u-statistic:0.810753583908081
p value proxy: 0.006644518114626408
result: True
power_upto_now: 0.7747933864593506
485th run
noise dimension : 27
noise variance: 238.763671875
original u-statistic:0.773381233215332
p value proxy: 0.003322259057313204
result: True
power_upto_now: 0.7752577066421509
486th run
noise dimension : 27
noise variance: 239.75323486328125
original u-statistic:0.7695028781890869
p value proxy: 0.003322259057313204
result: True
power_upto_now: 0.7757201790809631
487th run
noise dimension : 27
noise variance: 239.3309783935547
original u-statistic:0.34746313095092773
p value proxy: 0.039867110550403595
result: True
power_upto_now: 0.7761806845664978
488th run
noise dimension : 27
noise variance: 239.44712829589844
original u-statistic:0.40079569816589355
p value proxy: 0.029900331050157547
result: True
power_upto_now: 0.7766393423080444
489th run
noise dimension : 27
noise variance: 239.60150146484375
original u-statistic:0.5281293392181396
p value proxy: 0.006644518114626408
result: True
power_upto_now: 0.7770960927009583
490th run
noise dimension : 27
noise variance: 239.06353759765625
original u-statistic:-0.012125492095947266
p value proxy: 0.5049833655357361
result: False
power_upto_now: 0.7755101919174194
491th run
noise dimension : 27
noise variance: 239.73207092285156
original u-statistic:0.5537068843841553
p value proxy: 0.003322259057313204
result: True
power_upto_now: 0.7759674191474915
492th run
noise dimension : 27
noise variance: 239.93865966796875
original u-statistic:0.35712099075317383
p value proxy: 0.05315614491701126
result: False
power_upto_now: 0.7743902206420898
493th run
noise dimension : 27
noise variance: 239.14764404296875
original u-statistic:0.49285340309143066
p value proxy: 0.013289036229252815
result: True
power_upto_now: 0.7748478651046753
494th run
noise dimension : 27
noise variance: 239.18910217285156
original u-statistic:0.17295050621032715
p value proxy: 0.14950165152549744
result: False
power_upto_now: 0.7732793688774109
495th run
noise dimension : 27
noise variance: 238.63294982910156
original u-statistic:0.7382781505584717
p value proxy: 0.003322259057313204
result: True
power_upto_now: 0.773737370967865
496th run
noise dimension : 27
noise variance: 238.949951171875
original u-statistic:0.43022871017456055
p value proxy: 0.016611294820904732
result: True
power_upto_now: 0.774193525314331
497th run
noise dimension : 27
noise variance: 238.93539428710938
original u-statistic:0.20564746856689453
p value proxy: 0.11960132420063019
result: False
power_upto_now: 0.772635817527771
498th run
noise dimension : 27
noise variance: 238.82232666015625
original u-statistic:0.4631655216217041
p value proxy: 0.013289036229252815
result: True
power_upto_now: 0.7730923891067505
499th run
noise dimension : 27
noise variance: 238.79434204101562
original u-statistic:0.08901262283325195
p value proxy: 0.25581395626068115
result: False
power_upto_now: 0.7715430855751038
500th run
noise dimension : 27
noise variance: 238.86807250976562
original u-statistic:0.7024774551391602
p value proxy: 0.006644518114626408
result: True
power_upto_now: 0.7720000147819519
power estimate : 0.7720000147819519
elapsed time: 7019.605482578278
