job started
cuda available: True
code run on device:: cuda:0

n1 = 20000, n2 = 20000,

kappa = 3, alpha = 1.0,

gamma = 0.05, nTests = 500,

B = 300

1th run
noise dimension : 27
noise variance: 216.3544158935547
original u-statistic:1.312356948852539
p value proxy: 0.003322259057313204
result: True
power_upto_now: 1.0
2th run
noise dimension : 27
noise variance: 215.83099365234375
original u-statistic:0.5085127353668213
p value proxy: 0.003322259057313204
result: True
power_upto_now: 1.0
3th run
noise dimension : 27
noise variance: 216.7422637939453
original u-statistic:0.2874870300292969
p value proxy: 0.04651162773370743
result: True
power_upto_now: 1.0
4th run
noise dimension : 27
noise variance: 216.15985107421875
original u-statistic:0.7939291000366211
p value proxy: 0.003322259057313204
result: True
power_upto_now: 1.0
5th run
noise dimension : 27
noise variance: 216.51902770996094
original u-statistic:0.6802141666412354
p value proxy: 0.003322259057313204
result: True
power_upto_now: 1.0
6th run
noise dimension : 27
noise variance: 216.6947784423828
original u-statistic:0.004286289215087891
p value proxy: 0.41860464215278625
result: False
power_upto_now: 0.8333333134651184
7th run
noise dimension : 27
noise variance: 216.33572387695312
original u-statistic:0.5481476783752441
p value proxy: 0.006644518114626408
result: True
power_upto_now: 0.8571428656578064
8th run
noise dimension : 27
noise variance: 216.27716064453125
original u-statistic:1.0113422870635986
p value proxy: 0.003322259057313204
result: True
power_upto_now: 0.875
9th run
noise dimension : 27
noise variance: 216.82412719726562
original u-statistic:0.6014313697814941
p value proxy: 0.006644518114626408
result: True
power_upto_now: 0.8888888955116272
10th run
noise dimension : 27
noise variance: 215.64878845214844
original u-statistic:0.3621830940246582
p value proxy: 0.033222589641809464
result: True
power_upto_now: 0.8999999761581421
11th run
noise dimension : 27
noise variance: 215.33358764648438
original u-statistic:0.46794557571411133
p value proxy: 0.009966777637600899
result: True
power_upto_now: 0.9090909361839294
12th run
noise dimension : 27
noise variance: 215.16024780273438
original u-statistic:0.6834945678710938
p value proxy: 0.003322259057313204
result: True
power_upto_now: 0.9166666865348816
13th run
noise dimension : 27
noise variance: 216.1632537841797
original u-statistic:0.6066350936889648
p value proxy: 0.003322259057313204
result: True
power_upto_now: 0.9230769276618958
14th run
noise dimension : 27
noise variance: 216.3151397705078
original u-statistic:0.383634090423584
p value proxy: 0.009966777637600899
result: True
power_upto_now: 0.9285714030265808
15th run
noise dimension : 27
noise variance: 216.25169372558594
original u-statistic:0.10871577262878418
p value proxy: 0.2259136140346527
result: False
power_upto_now: 0.8666666746139526
16th run
noise dimension : 27
noise variance: 216.2162628173828
original u-statistic:0.44663190841674805
p value proxy: 0.003322259057313204
result: True
power_upto_now: 0.875
17th run
noise dimension : 27
noise variance: 215.25547790527344
original u-statistic:0.44753074645996094
p value proxy: 0.009966777637600899
result: True
power_upto_now: 0.8823529481887817
18th run
noise dimension : 27
noise variance: 216.0556182861328
original u-statistic:0.7372250556945801
p value proxy: 0.003322259057313204
result: True
power_upto_now: 0.8888888955116272
19th run
noise dimension : 27
noise variance: 216.19607543945312
original u-statistic:0.366809606552124
p value proxy: 0.023255813866853714
result: True
power_upto_now: 0.8947368264198303
20th run
noise dimension : 27
noise variance: 215.37928771972656
original u-statistic:0.46115660667419434
p value proxy: 0.006644518114626408
result: True
power_upto_now: 0.8999999761581421
21th run
noise dimension : 27
noise variance: 215.03842163085938
original u-statistic:0.81131911277771
p value proxy: 0.003322259057313204
result: True
power_upto_now: 0.9047619104385376
22th run
noise dimension : 27
noise variance: 214.81886291503906
original u-statistic:0.4250674247741699
p value proxy: 0.019933555275201797
result: True
power_upto_now: 0.9090909361839294
23th run
noise dimension : 27
noise variance: 215.1725311279297
original u-statistic:0.25530385971069336
p value proxy: 0.07308969646692276
result: False
power_upto_now: 0.8695651888847351
24th run
noise dimension : 27
noise variance: 215.74038696289062
original u-statistic:0.4659914970397949
p value proxy: 0.006644518114626408
result: True
power_upto_now: 0.875
25th run
noise dimension : 27
noise variance: 215.83985900878906
original u-statistic:0.2470080852508545
p value proxy: 0.06644517928361893
result: False
power_upto_now: 0.8399999737739563
26th run
noise dimension : 27
noise variance: 216.61538696289062
original u-statistic:0.47397804260253906
p value proxy: 0.009966777637600899
result: True
power_upto_now: 0.8461538553237915
27th run
noise dimension : 27
noise variance: 216.94410705566406
original u-statistic:0.5773727893829346
p value proxy: 0.006644518114626408
result: True
power_upto_now: 0.8518518805503845
28th run
noise dimension : 27
noise variance: 216.42079162597656
original u-statistic:0.3359103202819824
p value proxy: 0.04318936914205551
result: True
power_upto_now: 0.8571428656578064
29th run
noise dimension : 27
noise variance: 214.86439514160156
original u-statistic:0.02570819854736328
p value proxy: 0.41528236865997314
result: False
power_upto_now: 0.8275862336158752
30th run
noise dimension : 27
noise variance: 215.04791259765625
original u-statistic:0.35770249366760254
p value proxy: 0.016611294820904732
result: True
power_upto_now: 0.8333333134651184
31th run
noise dimension : 27
noise variance: 215.6171875
original u-statistic:0.40636539459228516
p value proxy: 0.02657807245850563
result: True
power_upto_now: 0.8387096524238586
32th run
noise dimension : 27
noise variance: 216.07020568847656
original u-statistic:0.5882561206817627
p value proxy: 0.003322259057313204
result: True
power_upto_now: 0.84375
33th run
noise dimension : 27
noise variance: 216.0382537841797
original u-statistic:0.3238260746002197
p value proxy: 0.05315614491701126
result: False
power_upto_now: 0.8181818127632141
34th run
noise dimension : 27
noise variance: 216.15829467773438
original u-statistic:0.07233357429504395
p value proxy: 0.23920264840126038
result: False
power_upto_now: 0.7941176295280457
35th run
noise dimension : 27
noise variance: 215.94834899902344
original u-statistic:0.8737199306488037
p value proxy: 0.003322259057313204
result: True
power_upto_now: 0.800000011920929
36th run
noise dimension : 27
noise variance: 215.8881378173828
original u-statistic:0.5372920036315918
p value proxy: 0.003322259057313204
result: True
power_upto_now: 0.8055555820465088
37th run
noise dimension : 27
noise variance: 216.1156768798828
original u-statistic:0.19085311889648438
p value proxy: 0.1229235827922821
result: False
power_upto_now: 0.7837837934494019
38th run
noise dimension : 27
noise variance: 216.16104125976562
original u-statistic:0.3507962226867676
p value proxy: 0.009966777637600899
result: True
power_upto_now: 0.7894737124443054
39th run
noise dimension : 27
noise variance: 216.46595764160156
original u-statistic:0.8546416759490967
p value proxy: 0.003322259057313204
result: True
power_upto_now: 0.7948718070983887
40th run
noise dimension : 27
noise variance: 216.4494171142578
original u-statistic:0.2024097442626953
p value proxy: 0.13289035856723785
result: False
power_upto_now: 0.7749999761581421
41th run
noise dimension : 27
noise variance: 216.23512268066406
original u-statistic:0.656975269317627
p value proxy: 0.003322259057313204
result: True
power_upto_now: 0.7804877758026123
42th run
noise dimension : 27
noise variance: 216.3391571044922
original u-statistic:0.41261887550354004
p value proxy: 0.023255813866853714
result: True
power_upto_now: 0.7857142686843872
43th run
noise dimension : 27
noise variance: 215.46922302246094
original u-statistic:0.16666555404663086
p value proxy: 0.12956809997558594
result: False
power_upto_now: 0.7674418687820435
44th run
noise dimension : 27
noise variance: 215.67376708984375
original u-statistic:0.7305243015289307
p value proxy: 0.003322259057313204
result: True
power_upto_now: 0.7727272510528564
45th run
noise dimension : 27
noise variance: 216.34095764160156
original u-statistic:0.6602838039398193
p value proxy: 0.003322259057313204
result: True
power_upto_now: 0.7777777910232544
46th run
noise dimension : 27
noise variance: 215.62237548828125
original u-statistic:0.553128719329834
p value proxy: 0.006644518114626408
result: True
power_upto_now: 0.782608687877655
47th run
noise dimension : 27
noise variance: 216.1217498779297
original u-statistic:0.9556910991668701
p value proxy: 0.003322259057313204
result: True
power_upto_now: 0.7872340679168701
48th run
noise dimension : 27
noise variance: 215.82493591308594
original u-statistic:0.4089221954345703
p value proxy: 0.009966777637600899
result: True
power_upto_now: 0.7916666865348816
49th run
noise dimension : 27
noise variance: 215.56373596191406
original u-statistic:0.5737395286560059
p value proxy: 0.006644518114626408
result: True
power_upto_now: 0.795918345451355
50th run
noise dimension : 27
noise variance: 216.3507537841797
original u-statistic:0.7651593685150146
p value proxy: 0.003322259057313204
result: True
power_upto_now: 0.800000011920929
51th run
noise dimension : 27
noise variance: 215.27435302734375
original u-statistic:0.15729284286499023
p value proxy: 0.18936876952648163
result: False
power_upto_now: 0.7843137383460999
52th run
noise dimension : 27
noise variance: 215.71192932128906
original u-statistic:0.8323748111724854
p value proxy: 0.003322259057313204
result: True
power_upto_now: 0.7884615659713745
53th run
noise dimension : 27
noise variance: 216.12286376953125
original u-statistic:0.1435222625732422
p value proxy: 0.14617939293384552
result: False
power_upto_now: 0.7735849022865295
54th run
noise dimension : 27
noise variance: 215.60409545898438
original u-statistic:0.6369736194610596
p value proxy: 0.003322259057313204
result: True
power_upto_now: 0.7777777910232544
55th run
noise dimension : 27
noise variance: 215.46426391601562
original u-statistic:0.7494556903839111
p value proxy: 0.003322259057313204
result: True
power_upto_now: 0.7818182110786438
56th run
noise dimension : 27
noise variance: 215.68023681640625
original u-statistic:0.37169814109802246
p value proxy: 0.023255813866853714
result: True
power_upto_now: 0.7857142686843872
57th run
noise dimension : 27
noise variance: 215.80567932128906
original u-statistic:0.7684040069580078
p value proxy: 0.003322259057313204
result: True
power_upto_now: 0.7894737124443054
58th run
noise dimension : 27
noise variance: 216.0753631591797
original u-statistic:0.695110559463501
p value proxy: 0.003322259057313204
result: True
power_upto_now: 0.7931034564971924
59th run
noise dimension : 27
noise variance: 214.88665771484375
original u-statistic:0.19849848747253418
p value proxy: 0.12624584138393402
result: False
power_upto_now: 0.7796609997749329
60th run
noise dimension : 27
noise variance: 216.42816162109375
original u-statistic:0.6715679168701172
p value proxy: 0.003322259057313204
result: True
power_upto_now: 0.7833333611488342
61th run
noise dimension : 27
noise variance: 216.69151306152344
original u-statistic:0.5260167121887207
p value proxy: 0.009966777637600899
result: True
power_upto_now: 0.7868852615356445
62th run
noise dimension : 27
noise variance: 216.31558227539062
original u-statistic:0.8562564849853516
p value proxy: 0.003322259057313204
result: True
power_upto_now: 0.7903226017951965
63th run
noise dimension : 27
noise variance: 215.46360778808594
original u-statistic:0.4684453010559082
p value proxy: 0.009966777637600899
result: True
power_upto_now: 0.7936508059501648
64th run
noise dimension : 27
noise variance: 216.1082305908203
original u-statistic:0.5475800037384033
p value proxy: 0.003322259057313204
result: True
power_upto_now: 0.796875
65th run
noise dimension : 27
noise variance: 215.18556213378906
original u-statistic:0.6780166625976562
p value proxy: 0.003322259057313204
result: True
power_upto_now: 0.800000011920929
66th run
noise dimension : 27
noise variance: 215.76031494140625
original u-statistic:0.3575172424316406
p value proxy: 0.029900331050157547
result: True
power_upto_now: 0.8030303120613098
67th run
noise dimension : 27
noise variance: 216.06024169921875
original u-statistic:0.5456218719482422
p value proxy: 0.003322259057313204
result: True
power_upto_now: 0.8059701323509216
68th run
noise dimension : 27
noise variance: 216.14364624023438
original u-statistic:0.20080041885375977
p value proxy: 0.1029900312423706
result: False
power_upto_now: 0.7941176295280457
69th run
noise dimension : 27
noise variance: 215.24472045898438
original u-statistic:0.5449333190917969
p value proxy: 0.009966777637600899
result: True
power_upto_now: 0.7971014380455017
70th run
noise dimension : 27
noise variance: 216.6367950439453
original u-statistic:0.6078243255615234
p value proxy: 0.003322259057313204
result: True
power_upto_now: 0.800000011920929
71th run
noise dimension : 27
noise variance: 215.96697998046875
original u-statistic:0.47787952423095703
p value proxy: 0.016611294820904732
result: True
power_upto_now: 0.8028169274330139
72th run
noise dimension : 27
noise variance: 216.08680725097656
original u-statistic:0.12601542472839355
p value proxy: 0.2225913554430008
result: False
power_upto_now: 0.7916666865348816
73th run
noise dimension : 27
noise variance: 215.44754028320312
original u-statistic:0.44925832748413086
p value proxy: 0.019933555275201797
result: True
power_upto_now: 0.7945205569267273
74th run
noise dimension : 27
noise variance: 216.67396545410156
original u-statistic:0.7307302951812744
p value proxy: 0.003322259057313204
result: True
power_upto_now: 0.7972972989082336
75th run
noise dimension : 27
noise variance: 215.51524353027344
original u-statistic:0.9492378234863281
p value proxy: 0.003322259057313204
result: True
power_upto_now: 0.800000011920929
76th run
noise dimension : 27
noise variance: 215.90042114257812
original u-statistic:0.5611176490783691
p value proxy: 0.006644518114626408
result: True
power_upto_now: 0.8026315569877625
77th run
noise dimension : 27
noise variance: 215.09954833984375
original u-statistic:0.2861959934234619
p value proxy: 0.06312292069196701
result: False
power_upto_now: 0.7922077775001526
78th run
noise dimension : 27
noise variance: 215.68545532226562
original u-statistic:0.6153528690338135
p value proxy: 0.003322259057313204
result: True
power_upto_now: 0.7948718070983887
79th run
noise dimension : 27
noise variance: 215.5600128173828
original u-statistic:0.6398887634277344
p value proxy: 0.003322259057313204
result: True
power_upto_now: 0.797468364238739
80th run
noise dimension : 27
noise variance: 215.3245391845703
original u-statistic:1.266296148300171
p value proxy: 0.003322259057313204
result: True
power_upto_now: 0.800000011920929
81th run
noise dimension : 27
noise variance: 215.74168395996094
original u-statistic:0.4626343250274658
p value proxy: 0.003322259057313204
result: True
power_upto_now: 0.8024691343307495
82th run
noise dimension : 27
noise variance: 216.39955139160156
original u-statistic:0.27989625930786133
p value proxy: 0.06312292069196701
result: False
power_upto_now: 0.792682945728302
83th run
noise dimension : 27
noise variance: 215.6102752685547
original u-statistic:-0.0036859512329101562
p value proxy: 0.4518272280693054
result: False
power_upto_now: 0.7831325531005859
84th run
noise dimension : 27
noise variance: 215.71047973632812
original u-statistic:0.09563040733337402
p value proxy: 0.24916942417621613
result: False
power_upto_now: 0.773809552192688
85th run
noise dimension : 27
noise variance: 215.94573974609375
original u-statistic:0.6946275234222412
p value proxy: 0.006644518114626408
result: True
power_upto_now: 0.7764706015586853
86th run
noise dimension : 27
noise variance: 216.62991333007812
original u-statistic:0.34340405464172363
p value proxy: 0.039867110550403595
result: True
power_upto_now: 0.7790697813034058
87th run
noise dimension : 27
noise variance: 215.4710693359375
original u-statistic:0.1849348545074463
p value proxy: 0.17275747656822205
result: False
power_upto_now: 0.7701149582862854
88th run
noise dimension : 27
noise variance: 215.62942504882812
original u-statistic:0.7086842060089111
p value proxy: 0.003322259057313204
result: True
power_upto_now: 0.7727272510528564
89th run
noise dimension : 27
noise variance: 216.18470764160156
original u-statistic:0.5301289558410645
p value proxy: 0.003322259057313204
result: True
power_upto_now: 0.7752808928489685
90th run
noise dimension : 27
noise variance: 215.9752197265625
original u-statistic:0.1768202781677246
p value proxy: 0.13289035856723785
result: False
power_upto_now: 0.7666666507720947
91th run
noise dimension : 27
noise variance: 216.0591583251953
original u-statistic:0.8596110343933105
p value proxy: 0.003322259057313204
result: True
power_upto_now: 0.7692307829856873
92th run
noise dimension : 27
noise variance: 216.34605407714844
original u-statistic:0.006896018981933594
p value proxy: 0.4883720874786377
result: False
power_upto_now: 0.760869562625885
93th run
noise dimension : 27
noise variance: 216.41122436523438
original u-statistic:0.7360105514526367
p value proxy: 0.006644518114626408
result: True
power_upto_now: 0.7634408473968506
94th run
noise dimension : 27
noise variance: 215.8278350830078
original u-statistic:0.4689764976501465
p value proxy: 0.003322259057313204
result: True
power_upto_now: 0.7659574747085571
95th run
noise dimension : 27
noise variance: 215.75767517089844
original u-statistic:0.7537000179290771
p value proxy: 0.006644518114626408
result: True
power_upto_now: 0.7684210538864136
96th run
noise dimension : 27
noise variance: 216.9446258544922
original u-statistic:0.9096579551696777
p value proxy: 0.003322259057313204
result: True
power_upto_now: 0.7708333134651184
97th run
noise dimension : 27
noise variance: 215.91783142089844
original u-statistic:0.39840078353881836
p value proxy: 0.029900331050157547
result: True
power_upto_now: 0.7731958627700806
98th run
noise dimension : 27
noise variance: 216.78646850585938
original u-statistic:1.4442574977874756
p value proxy: 0.003322259057313204
result: True
power_upto_now: 0.7755101919174194
99th run
noise dimension : 27
noise variance: 215.81056213378906
original u-statistic:0.6382510662078857
p value proxy: 0.003322259057313204
result: True
power_upto_now: 0.7777777910232544
100th run
noise dimension : 27
noise variance: 216.0629119873047
original u-statistic:0.4024834632873535
p value proxy: 0.003322259057313204
result: True
power_upto_now: 0.7799999713897705
101th run
noise dimension : 27
noise variance: 216.7896728515625
original u-statistic:0.7528653144836426
p value proxy: 0.003322259057313204
result: True
power_upto_now: 0.7821782231330872
102th run
noise dimension : 27
noise variance: 216.4597930908203
original u-statistic:0.2870047092437744
p value proxy: 0.049833886325359344
result: True
power_upto_now: 0.7843137383460999
103th run
noise dimension : 27
noise variance: 216.05841064453125
original u-statistic:0.3852880001068115
p value proxy: 0.013289036229252815
result: True
power_upto_now: 0.7864077687263489
104th run
noise dimension : 27
noise variance: 216.00491333007812
original u-statistic:0.6222186088562012
p value proxy: 0.003322259057313204
result: True
power_upto_now: 0.7884615659713745
105th run
noise dimension : 27
noise variance: 215.5244598388672
original u-statistic:0.2968592643737793
p value proxy: 0.06312292069196701
result: False
power_upto_now: 0.7809523940086365
106th run
noise dimension : 27
noise variance: 216.4705810546875
original u-statistic:0.6320829391479492
p value proxy: 0.006644518114626408
result: True
power_upto_now: 0.7830188870429993
107th run
noise dimension : 27
noise variance: 215.39120483398438
original u-statistic:0.5103762149810791
p value proxy: 0.013289036229252815
result: True
power_upto_now: 0.7850467562675476
108th run
noise dimension : 27
noise variance: 216.1410675048828
original u-statistic:0.6378140449523926
p value proxy: 0.003322259057313204
result: True
power_upto_now: 0.7870370149612427
109th run
noise dimension : 27
noise variance: 215.1087188720703
original u-statistic:0.6944127082824707
p value proxy: 0.006644518114626408
result: True
power_upto_now: 0.78899085521698
110th run
noise dimension : 27
noise variance: 215.2456512451172
original u-statistic:0.6113028526306152
p value proxy: 0.003322259057313204
result: True
power_upto_now: 0.7909091114997864
111th run
noise dimension : 27
noise variance: 215.9858856201172
original u-statistic:0.7730164527893066
p value proxy: 0.003322259057313204
result: True
power_upto_now: 0.792792797088623
112th run
noise dimension : 27
noise variance: 216.38217163085938
original u-statistic:0.20280027389526367
p value proxy: 0.09302325546741486
result: False
power_upto_now: 0.7857142686843872
113th run
noise dimension : 27
noise variance: 215.7420654296875
original u-statistic:0.795738935470581
p value proxy: 0.003322259057313204
result: True
power_upto_now: 0.7876105904579163
114th run
noise dimension : 27
noise variance: 215.8925018310547
original u-statistic:0.7210454940795898
p value proxy: 0.003322259057313204
result: True
power_upto_now: 0.7894737124443054
115th run
noise dimension : 27
noise variance: 216.2642364501953
original u-statistic:0.47519445419311523
p value proxy: 0.003322259057313204
result: True
power_upto_now: 0.791304349899292
116th run
noise dimension : 27
noise variance: 215.44656372070312
original u-statistic:0.5391085147857666
p value proxy: 0.006644518114626408
result: True
power_upto_now: 0.7931034564971924
117th run
noise dimension : 27
noise variance: 215.97337341308594
original u-statistic:0.47567248344421387
p value proxy: 0.006644518114626408
result: True
power_upto_now: 0.7948718070983887
118th run
noise dimension : 27
noise variance: 215.68336486816406
original u-statistic:0.38460350036621094
p value proxy: 0.009966777637600899
result: True
power_upto_now: 0.7966101765632629
119th run
noise dimension : 27
noise variance: 216.8665771484375
original u-statistic:0.41710805892944336
p value proxy: 0.013289036229252815
result: True
power_upto_now: 0.7983193397521973
120th run
noise dimension : 27
noise variance: 216.35519409179688
original u-statistic:0.5667171478271484
p value proxy: 0.006644518114626408
result: True
power_upto_now: 0.800000011920929
121th run
noise dimension : 27
noise variance: 215.626220703125
original u-statistic:0.555614709854126
p value proxy: 0.006644518114626408
result: True
power_upto_now: 0.8016529083251953
122th run
noise dimension : 27
noise variance: 215.53900146484375
original u-statistic:0.379380464553833
p value proxy: 0.02657807245850563
result: True
power_upto_now: 0.8032786846160889
123th run
noise dimension : 27
noise variance: 216.24220275878906
original u-statistic:0.744147777557373
p value proxy: 0.003322259057313204
result: True
power_upto_now: 0.8048780560493469
124th run
noise dimension : 27
noise variance: 215.4396209716797
original u-statistic:0.4659688472747803
p value proxy: 0.003322259057313204
result: True
power_upto_now: 0.8064516186714172
125th run
noise dimension : 27
noise variance: 216.3412628173828
original u-statistic:0.4227578639984131
p value proxy: 0.013289036229252815
result: True
power_upto_now: 0.8080000281333923
126th run
noise dimension : 27
noise variance: 215.7339630126953
original u-statistic:0.5487205982208252
p value proxy: 0.006644518114626408
result: True
power_upto_now: 0.8095238208770752
127th run
noise dimension : 27
noise variance: 216.5560302734375
original u-statistic:0.7139456272125244
p value proxy: 0.003322259057313204
result: True
power_upto_now: 0.8110235929489136
128th run
noise dimension : 27
noise variance: 215.66433715820312
original u-statistic:0.7683966159820557
p value proxy: 0.003322259057313204
result: True
power_upto_now: 0.8125
129th run
noise dimension : 27
noise variance: 215.81027221679688
original u-statistic:0.6326336860656738
p value proxy: 0.003322259057313204
result: True
power_upto_now: 0.8139534592628479
130th run
noise dimension : 27
noise variance: 216.36602783203125
original u-statistic:0.37081313133239746
p value proxy: 0.023255813866853714
result: True
power_upto_now: 0.8153846263885498
131th run
noise dimension : 27
noise variance: 215.80776977539062
original u-statistic:0.3825221061706543
p value proxy: 0.023255813866853714
result: True
power_upto_now: 0.8167939186096191
132th run
noise dimension : 27
noise variance: 216.2852783203125
original u-statistic:0.6151673793792725
p value proxy: 0.003322259057313204
result: True
power_upto_now: 0.8181818127632141
133th run
noise dimension : 27
noise variance: 215.54617309570312
original u-statistic:0.40813159942626953
p value proxy: 0.016611294820904732
result: True
power_upto_now: 0.8195488452911377
134th run
noise dimension : 27
noise variance: 216.12301635742188
original u-statistic:0.7093312740325928
p value proxy: 0.003322259057313204
result: True
power_upto_now: 0.8208954930305481
135th run
noise dimension : 27
noise variance: 216.22674560546875
original u-statistic:0.5852255821228027
p value proxy: 0.003322259057313204
result: True
power_upto_now: 0.8222222328186035
136th run
noise dimension : 27
noise variance: 216.31045532226562
original u-statistic:0.6260766983032227
p value proxy: 0.003322259057313204
result: True
power_upto_now: 0.8235294222831726
137th run
noise dimension : 27
noise variance: 215.35130310058594
original u-statistic:0.5046219825744629
p value proxy: 0.006644518114626408
result: True
power_upto_now: 0.8248175382614136
138th run
noise dimension : 27
noise variance: 215.36045837402344
original u-statistic:0.6100523471832275
p value proxy: 0.009966777637600899
result: True
power_upto_now: 0.8260869383811951
139th run
noise dimension : 27
noise variance: 215.98037719726562
original u-statistic:0.2203686237335205
p value proxy: 0.10631228983402252
result: False
power_upto_now: 0.8201438784599304
140th run
noise dimension : 27
noise variance: 215.4182891845703
original u-statistic:0.09981918334960938
p value proxy: 0.27574750781059265
result: False
power_upto_now: 0.8142856955528259
141th run
noise dimension : 27
noise variance: 215.9268341064453
original u-statistic:0.4846992492675781
p value proxy: 0.013289036229252815
result: True
power_upto_now: 0.8156028389930725
142th run
noise dimension : 27
noise variance: 215.7081756591797
original u-statistic:0.7585666179656982
p value proxy: 0.003322259057313204
result: True
power_upto_now: 0.8169013857841492
143th run
noise dimension : 27
noise variance: 215.2984619140625
original u-statistic:0.17635822296142578
p value proxy: 0.1229235827922821
result: False
power_upto_now: 0.811188817024231
144th run
noise dimension : 27
noise variance: 216.66976928710938
original u-statistic:0.3704390525817871
p value proxy: 0.013289036229252815
result: True
power_upto_now: 0.8125
145th run
noise dimension : 27
noise variance: 215.31759643554688
original u-statistic:0.593684196472168
p value proxy: 0.003322259057313204
result: True
power_upto_now: 0.8137931227684021
146th run
noise dimension : 27
noise variance: 215.69773864746094
original u-statistic:0.6661365032196045
p value proxy: 0.003322259057313204
result: True
power_upto_now: 0.8150684833526611
147th run
noise dimension : 27
noise variance: 215.98382568359375
original u-statistic:0.7332992553710938
p value proxy: 0.003322259057313204
result: True
power_upto_now: 0.8163265585899353
148th run
noise dimension : 27
noise variance: 215.95394897460938
original u-statistic:0.3724062442779541
p value proxy: 0.029900331050157547
result: True
power_upto_now: 0.8175675868988037
149th run
noise dimension : 27
noise variance: 215.9488525390625
original u-statistic:0.4803166389465332
p value proxy: 0.006644518114626408
result: True
power_upto_now: 0.818791925907135
150th run
noise dimension : 27
noise variance: 215.7240447998047
original u-statistic:0.7260081768035889
p value proxy: 0.003322259057313204
result: True
power_upto_now: 0.8199999928474426
151th run
noise dimension : 27
noise variance: 215.71165466308594
original u-statistic:0.9448754787445068
p value proxy: 0.003322259057313204
result: True
power_upto_now: 0.8211920261383057
152th run
noise dimension : 27
noise variance: 216.65548706054688
original u-statistic:0.18109774589538574
p value proxy: 0.1428571343421936
result: False
power_upto_now: 0.8157894611358643
153th run
noise dimension : 27
noise variance: 216.41030883789062
original u-statistic:0.0843956470489502
p value proxy: 0.2823920249938965
result: False
power_upto_now: 0.8104575276374817
154th run
noise dimension : 27
noise variance: 214.9223175048828
original u-statistic:0.32802748680114746
p value proxy: 0.03654484823346138
result: True
power_upto_now: 0.8116883039474487
155th run
noise dimension : 27
noise variance: 216.3720245361328
original u-statistic:0.716796875
p value proxy: 0.003322259057313204
result: True
power_upto_now: 0.8129032254219055
156th run
noise dimension : 27
noise variance: 215.9773406982422
original u-statistic:0.4742703437805176
p value proxy: 0.009966777637600899
result: True
power_upto_now: 0.8141025900840759
157th run
noise dimension : 27
noise variance: 215.6183319091797
original u-statistic:0.21892571449279785
p value proxy: 0.09302325546741486
result: False
power_upto_now: 0.808917224407196
158th run
noise dimension : 27
noise variance: 215.9534454345703
original u-statistic:0.3310558795928955
p value proxy: 0.029900331050157547
result: True
power_upto_now: 0.8101266026496887
159th run
noise dimension : 27
noise variance: 216.42776489257812
original u-statistic:0.591167688369751
p value proxy: 0.006644518114626408
result: True
power_upto_now: 0.8113207817077637
160th run
noise dimension : 27
noise variance: 215.99708557128906
original u-statistic:0.6487133502960205
p value proxy: 0.003322259057313204
result: True
power_upto_now: 0.8125
161th run
noise dimension : 27
noise variance: 216.57733154296875
original u-statistic:0.3875441551208496
p value proxy: 0.013289036229252815
result: True
power_upto_now: 0.8136646151542664
162th run
noise dimension : 27
noise variance: 215.70689392089844
original u-statistic:0.2028493881225586
p value proxy: 0.09302325546741486
result: False
power_upto_now: 0.8086419701576233
163th run
noise dimension : 27
noise variance: 216.4379119873047
original u-statistic:0.21176767349243164
p value proxy: 0.08637873828411102
result: False
power_upto_now: 0.803680956363678
164th run
noise dimension : 27
noise variance: 216.00270080566406
original u-statistic:0.45094871520996094
p value proxy: 0.009966777637600899
result: True
power_upto_now: 0.8048780560493469
165th run
noise dimension : 27
noise variance: 215.0275421142578
original u-statistic:0.5035576820373535
p value proxy: 0.006644518114626408
result: True
power_upto_now: 0.8060606122016907
166th run
noise dimension : 27
noise variance: 216.1236572265625
original u-statistic:0.10548615455627441
p value proxy: 0.3089700937271118
result: False
power_upto_now: 0.8012048006057739
167th run
noise dimension : 27
noise variance: 215.7053680419922
original u-statistic:0.0374751091003418
p value proxy: 0.3887042999267578
result: False
power_upto_now: 0.796407163143158
168th run
noise dimension : 27
noise variance: 215.80979919433594
original u-statistic:0.7535479068756104
p value proxy: 0.003322259057313204
result: True
power_upto_now: 0.7976190447807312
169th run
noise dimension : 27
noise variance: 216.2056884765625
original u-statistic:0.2666776180267334
p value proxy: 0.049833886325359344
result: True
power_upto_now: 0.7988165616989136
170th run
noise dimension : 27
noise variance: 216.2826690673828
original u-statistic:0.7332584857940674
p value proxy: 0.003322259057313204
result: True
power_upto_now: 0.800000011920929
171th run
noise dimension : 27
noise variance: 216.1600341796875
original u-statistic:0.6662487983703613
p value proxy: 0.003322259057313204
result: True
power_upto_now: 0.8011695742607117
172th run
noise dimension : 27
noise variance: 216.10305786132812
original u-statistic:0.8202111721038818
p value proxy: 0.003322259057313204
result: True
power_upto_now: 0.8023256063461304
173th run
noise dimension : 27
noise variance: 215.477783203125
original u-statistic:0.4597926139831543
p value proxy: 0.006644518114626408
result: True
power_upto_now: 0.8034682273864746
174th run
noise dimension : 27
noise variance: 216.64877319335938
original u-statistic:0.32378721237182617
p value proxy: 0.03654484823346138
result: True
power_upto_now: 0.8045976758003235
175th run
noise dimension : 27
noise variance: 216.3208770751953
original u-statistic:0.20371699333190918
p value proxy: 0.11627906560897827
result: False
power_upto_now: 0.800000011920929
176th run
noise dimension : 27
noise variance: 216.0269317626953
original u-statistic:0.702721357345581
p value proxy: 0.003322259057313204
result: True
power_upto_now: 0.8011363744735718
177th run
noise dimension : 27
noise variance: 216.47801208496094
original u-statistic:0.9152276515960693
p value proxy: 0.003322259057313204
result: True
power_upto_now: 0.8022598624229431
178th run
noise dimension : 27
noise variance: 216.2861785888672
original u-statistic:0.38506150245666504
p value proxy: 0.009966777637600899
result: True
power_upto_now: 0.8033707737922668
179th run
noise dimension : 27
noise variance: 215.73239135742188
original u-statistic:0.7311520576477051
p value proxy: 0.003322259057313204
result: True
power_upto_now: 0.8044692873954773
180th run
noise dimension : 27
noise variance: 216.67901611328125
original u-statistic:0.6037592887878418
p value proxy: 0.003322259057313204
result: True
power_upto_now: 0.8055555820465088
181th run
noise dimension : 27
noise variance: 215.51248168945312
original u-statistic:0.3575434684753418
p value proxy: 0.016611294820904732
result: True
power_upto_now: 0.8066298365592957
182th run
noise dimension : 27
noise variance: 215.9228515625
original u-statistic:0.4296305179595947
p value proxy: 0.009966777637600899
result: True
power_upto_now: 0.807692289352417
183th run
noise dimension : 27
noise variance: 216.12799072265625
original u-statistic:0.6071195602416992
p value proxy: 0.006644518114626408
result: True
power_upto_now: 0.8087431788444519
184th run
noise dimension : 27
noise variance: 216.5823211669922
original u-statistic:0.7879936695098877
p value proxy: 0.003322259057313204
result: True
power_upto_now: 0.8097826242446899
185th run
noise dimension : 27
noise variance: 215.2100372314453
original u-statistic:0.044269561767578125
p value proxy: 0.382059782743454
result: False
power_upto_now: 0.8054053783416748
186th run
noise dimension : 27
noise variance: 215.37013244628906
original u-statistic:0.9059388637542725
p value proxy: 0.003322259057313204
result: True
power_upto_now: 0.8064516186714172
187th run
noise dimension : 27
noise variance: 215.44752502441406
original u-statistic:0.7230572700500488
p value proxy: 0.003322259057313204
result: True
power_upto_now: 0.8074866533279419
188th run
noise dimension : 27
noise variance: 216.02638244628906
original u-statistic:0.5536236763000488
p value proxy: 0.006644518114626408
result: True
power_upto_now: 0.8085106611251831
189th run
noise dimension : 27
noise variance: 216.09469604492188
original u-statistic:0.31842470169067383
p value proxy: 0.03654484823346138
result: True
power_upto_now: 0.8095238208770752
190th run
noise dimension : 27
noise variance: 215.4322967529297
original u-statistic:0.8135690689086914
p value proxy: 0.003322259057313204
result: True
power_upto_now: 0.8105263113975525
191th run
noise dimension : 27
noise variance: 215.2621612548828
original u-statistic:0.8644795417785645
p value proxy: 0.003322259057313204
result: True
power_upto_now: 0.8115183115005493
192th run
noise dimension : 27
noise variance: 216.11712646484375
original u-statistic:0.5932540893554688
p value proxy: 0.013289036229252815
result: True
power_upto_now: 0.8125
193th run
noise dimension : 27
noise variance: 216.54348754882812
original u-statistic:0.3975965976715088
p value proxy: 0.023255813866853714
result: True
power_upto_now: 0.8134714961051941
194th run
noise dimension : 27
noise variance: 216.60821533203125
original u-statistic:0.49191951751708984
p value proxy: 0.006644518114626408
result: True
power_upto_now: 0.8144329786300659
195th run
noise dimension : 27
noise variance: 215.62779235839844
original u-statistic:0.3178286552429199
p value proxy: 0.03654484823346138
result: True
power_upto_now: 0.8153846263885498
196th run
noise dimension : 27
noise variance: 216.23019409179688
original u-statistic:0.6717274188995361
p value proxy: 0.003322259057313204
result: True
power_upto_now: 0.8163265585899353
197th run
noise dimension : 27
noise variance: 215.95323181152344
original u-statistic:0.3320603370666504
p value proxy: 0.016611294820904732
result: True
power_upto_now: 0.817258894443512
198th run
noise dimension : 27
noise variance: 215.88687133789062
original u-statistic:0.5522444248199463
p value proxy: 0.013289036229252815
result: True
power_upto_now: 0.8181818127632141
199th run
noise dimension : 27
noise variance: 216.29150390625
original u-statistic:0.6497769355773926
p value proxy: 0.003322259057313204
result: True
power_upto_now: 0.8190954923629761
200th run
noise dimension : 27
noise variance: 216.17794799804688
original u-statistic:0.7233343124389648
p value proxy: 0.003322259057313204
result: True
power_upto_now: 0.8199999928474426
201th run
noise dimension : 27
noise variance: 215.45388793945312
original u-statistic:0.3947892189025879
p value proxy: 0.023255813866853714
result: True
power_upto_now: 0.8208954930305481
202th run
noise dimension : 27
noise variance: 216.2076873779297
original u-statistic:0.6320428848266602
p value proxy: 0.003322259057313204
result: True
power_upto_now: 0.8217821717262268
203th run
noise dimension : 27
noise variance: 215.447021484375
original u-statistic:0.20650053024291992
p value proxy: 0.1029900312423706
result: False
power_upto_now: 0.8177340030670166
204th run
noise dimension : 27
noise variance: 216.0179443359375
original u-statistic:0.6781702041625977
p value proxy: 0.006644518114626408
result: True
power_upto_now: 0.8186274766921997
205th run
noise dimension : 27
noise variance: 215.54171752929688
original u-statistic:0.7235214710235596
p value proxy: 0.006644518114626408
result: True
power_upto_now: 0.8195121884346008
206th run
noise dimension : 27
noise variance: 216.3718719482422
original u-statistic:0.7204592227935791
p value proxy: 0.003322259057313204
result: True
power_upto_now: 0.8203883767127991
207th run
noise dimension : 27
noise variance: 216.4911346435547
original u-statistic:0.678943395614624
p value proxy: 0.003322259057313204
result: True
power_upto_now: 0.8212560415267944
208th run
noise dimension : 27
noise variance: 215.84658813476562
original u-statistic:0.4120914936065674
p value proxy: 0.016611294820904732
result: True
power_upto_now: 0.8221153616905212
209th run
noise dimension : 27
noise variance: 215.881103515625
original u-statistic:0.4068725109100342
p value proxy: 0.013289036229252815
result: True
power_upto_now: 0.8229665160179138
210th run
noise dimension : 27
noise variance: 216.24755859375
original u-statistic:0.5148828029632568
p value proxy: 0.009966777637600899
result: True
power_upto_now: 0.8238095045089722
211th run
noise dimension : 27
noise variance: 216.18678283691406
original u-statistic:0.2946350574493408
p value proxy: 0.05315614491701126
result: False
power_upto_now: 0.8199052214622498
212th run
noise dimension : 27
noise variance: 215.9751739501953
original u-statistic:0.4287869930267334
p value proxy: 0.006644518114626408
result: True
power_upto_now: 0.8207547068595886
213th run
noise dimension : 27
noise variance: 215.26626586914062
original u-statistic:0.8244733810424805
p value proxy: 0.003322259057313204
result: True
power_upto_now: 0.8215962648391724
214th run
noise dimension : 27
noise variance: 215.67930603027344
original u-statistic:0.3559584617614746
p value proxy: 0.04651162773370743
result: True
power_upto_now: 0.822429895401001
215th run
noise dimension : 27
noise variance: 216.86639404296875
original u-statistic:0.694866418838501
p value proxy: 0.003322259057313204
result: True
power_upto_now: 0.8232558369636536
216th run
noise dimension : 27
noise variance: 215.73448181152344
original u-statistic:0.4483213424682617
p value proxy: 0.013289036229252815
result: True
power_upto_now: 0.8240740895271301
217th run
noise dimension : 27
noise variance: 216.33584594726562
original u-statistic:1.022913932800293
p value proxy: 0.003322259057313204
result: True
power_upto_now: 0.8248847723007202
218th run
noise dimension : 27
noise variance: 215.58714294433594
original u-statistic:0.14176464080810547
p value proxy: 0.18936876952648163
result: False
power_upto_now: 0.8211008906364441
219th run
noise dimension : 27
noise variance: 216.83621215820312
original u-statistic:0.46265292167663574
p value proxy: 0.016611294820904732
result: True
power_upto_now: 0.8219178318977356
220th run
noise dimension : 27
noise variance: 216.01559448242188
original u-statistic:0.2687711715698242
p value proxy: 0.07308969646692276
result: False
power_upto_now: 0.8181818127632141
221th run
noise dimension : 27
noise variance: 215.066650390625
original u-statistic:0.37628960609436035
p value proxy: 0.023255813866853714
result: True
power_upto_now: 0.8190045356750488
222th run
noise dimension : 27
noise variance: 215.9956512451172
original u-statistic:0.6180860996246338
p value proxy: 0.009966777637600899
result: True
power_upto_now: 0.8198198080062866
223th run
noise dimension : 27
noise variance: 214.82395935058594
original u-statistic:0.869316816329956
p value proxy: 0.003322259057313204
result: True
power_upto_now: 0.8206278085708618
224th run
noise dimension : 27
noise variance: 215.962890625
original u-statistic:0.8887786865234375
p value proxy: 0.003322259057313204
result: True
power_upto_now: 0.8214285969734192
225th run
noise dimension : 27
noise variance: 215.27027893066406
original u-statistic:1.1008222103118896
p value proxy: 0.003322259057313204
result: True
power_upto_now: 0.8222222328186035
226th run
noise dimension : 27
noise variance: 215.65835571289062
original u-statistic:0.5984656810760498
p value proxy: 0.003322259057313204
result: True
power_upto_now: 0.8230088353157043
227th run
noise dimension : 27
noise variance: 216.63629150390625
original u-statistic:0.43158435821533203
p value proxy: 0.009966777637600899
result: True
power_upto_now: 0.8237885236740112
228th run
noise dimension : 27
noise variance: 216.484130859375
original u-statistic:0.9380142688751221
p value proxy: 0.003322259057313204
result: True
power_upto_now: 0.8245614171028137
229th run
noise dimension : 27
noise variance: 216.66310119628906
original u-statistic:0.7268037796020508
p value proxy: 0.003322259057313204
result: True
power_upto_now: 0.8253275156021118
230th run
noise dimension : 27
noise variance: 215.49229431152344
original u-statistic:1.2217731475830078
p value proxy: 0.003322259057313204
result: True
power_upto_now: 0.8260869383811951
231th run
noise dimension : 27
noise variance: 216.38389587402344
original u-statistic:0.904799222946167
p value proxy: 0.003322259057313204
result: True
power_upto_now: 0.826839804649353
232th run
noise dimension : 27
noise variance: 215.18885803222656
original u-statistic:0.2476346492767334
p value proxy: 0.10963454842567444
result: False
power_upto_now: 0.8232758641242981
233th run
noise dimension : 27
noise variance: 215.95164489746094
original u-statistic:0.567633867263794
p value proxy: 0.006644518114626408
result: True
power_upto_now: 0.8240343332290649
234th run
noise dimension : 27
noise variance: 216.38104248046875
original u-statistic:0.838158130645752
p value proxy: 0.003322259057313204
result: True
power_upto_now: 0.8247863054275513
235th run
noise dimension : 27
noise variance: 215.9359893798828
original u-statistic:0.4807615280151367
p value proxy: 0.003322259057313204
result: True
power_upto_now: 0.8255318999290466
236th run
noise dimension : 27
noise variance: 217.3844757080078
original u-statistic:0.8427555561065674
p value proxy: 0.003322259057313204
result: True
power_upto_now: 0.8262711763381958
237th run
noise dimension : 27
noise variance: 215.31080627441406
original u-statistic:0.5880146026611328
p value proxy: 0.003322259057313204
result: True
power_upto_now: 0.8270041942596436
238th run
noise dimension : 27
noise variance: 216.24795532226562
original u-statistic:0.44852161407470703
p value proxy: 0.009966777637600899
result: True
power_upto_now: 0.8277310729026794
239th run
noise dimension : 27
noise variance: 215.27870178222656
original u-statistic:0.6155898571014404
p value proxy: 0.006644518114626408
result: True
power_upto_now: 0.8284518718719482
240th run
noise dimension : 27
noise variance: 216.0428924560547
original u-statistic:0.1307363510131836
p value proxy: 0.2059800624847412
result: False
power_upto_now: 0.824999988079071
241th run
noise dimension : 27
noise variance: 215.89584350585938
original u-statistic:0.31812214851379395
p value proxy: 0.05315614491701126
result: False
power_upto_now: 0.8215767741203308
242th run
noise dimension : 27
noise variance: 216.3472137451172
original u-statistic:0.4582831859588623
p value proxy: 0.006644518114626408
result: True
power_upto_now: 0.8223140239715576
243th run
noise dimension : 27
noise variance: 215.9215087890625
original u-statistic:0.6052677631378174
p value proxy: 0.003322259057313204
result: True
power_upto_now: 0.8230452537536621
244th run
noise dimension : 27
noise variance: 215.91024780273438
original u-statistic:0.06763243675231934
p value proxy: 0.3322259187698364
result: False
power_upto_now: 0.8196721076965332
245th run
noise dimension : 27
noise variance: 215.6104736328125
original u-statistic:0.4561121463775635
p value proxy: 0.009966777637600899
result: True
power_upto_now: 0.8204081654548645
246th run
noise dimension : 27
noise variance: 215.7515411376953
original u-statistic:0.5125308036804199
p value proxy: 0.003322259057313204
result: True
power_upto_now: 0.8211382031440735
247th run
noise dimension : 27
noise variance: 216.54469299316406
original u-statistic:0.3338937759399414
p value proxy: 0.02657807245850563
result: True
power_upto_now: 0.8218623399734497
248th run
noise dimension : 27
noise variance: 216.30258178710938
original u-statistic:0.7340455055236816
p value proxy: 0.003322259057313204
result: True
power_upto_now: 0.8225806355476379
249th run
noise dimension : 27
noise variance: 215.74720764160156
original u-statistic:0.48018336296081543
p value proxy: 0.003322259057313204
result: True
power_upto_now: 0.823293149471283
250th run
noise dimension : 27
noise variance: 215.5701904296875
original u-statistic:0.5991072654724121
p value proxy: 0.003322259057313204
result: True
power_upto_now: 0.8240000009536743
251th run
noise dimension : 27
noise variance: 216.20901489257812
original u-statistic:0.39234042167663574
p value proxy: 0.013289036229252815
result: True
power_upto_now: 0.824701189994812
252th run
noise dimension : 27
noise variance: 216.12149047851562
original u-statistic:0.824601411819458
p value proxy: 0.003322259057313204
result: True
power_upto_now: 0.8253968358039856
253th run
noise dimension : 27
noise variance: 215.9209747314453
original u-statistic:0.3275754451751709
p value proxy: 0.03654484823346138
result: True
power_upto_now: 0.8260869383811951
254th run
noise dimension : 27
noise variance: 216.1580047607422
original u-statistic:0.3809802532196045
p value proxy: 0.033222589641809464
result: True
power_upto_now: 0.8267716765403748
255th run
noise dimension : 27
noise variance: 216.3617401123047
original u-statistic:0.9090213775634766
p value proxy: 0.003322259057313204
result: True
power_upto_now: 0.8274509906768799
256th run
noise dimension : 27
noise variance: 216.56082153320312
original u-statistic:0.8378918170928955
p value proxy: 0.003322259057313204
result: True
power_upto_now: 0.828125
257th run
noise dimension : 27
noise variance: 215.7609405517578
original u-statistic:0.6230530738830566
p value proxy: 0.003322259057313204
result: True
power_upto_now: 0.8287937641143799
258th run
noise dimension : 27
noise variance: 216.7535858154297
original u-statistic:0.5914337635040283
p value proxy: 0.003322259057313204
result: True
power_upto_now: 0.8294573426246643
259th run
noise dimension : 27
noise variance: 216.25889587402344
original u-statistic:0.7373349666595459
p value proxy: 0.003322259057313204
result: True
power_upto_now: 0.8301158547401428
260th run
noise dimension : 27
noise variance: 216.20579528808594
original u-statistic:0.7329037189483643
p value proxy: 0.006644518114626408
result: True
power_upto_now: 0.8307692408561707
261th run
noise dimension : 27
noise variance: 215.44754028320312
original u-statistic:0.45288848876953125
p value proxy: 0.009966777637600899
result: True
power_upto_now: 0.8314176201820374
262th run
noise dimension : 27
noise variance: 215.86170959472656
original u-statistic:0.8319659233093262
p value proxy: 0.003322259057313204
result: True
power_upto_now: 0.8320610523223877
263th run
noise dimension : 27
noise variance: 216.35940551757812
original u-statistic:0.5124385356903076
p value proxy: 0.003322259057313204
result: True
power_upto_now: 0.8326995968818665
264th run
noise dimension : 27
noise variance: 215.28836059570312
original u-statistic:0.590775728225708
p value proxy: 0.003322259057313204
result: True
power_upto_now: 0.8333333134651184
265th run
noise dimension : 27
noise variance: 216.17803955078125
original u-statistic:0.3380424976348877
p value proxy: 0.02657807245850563
result: True
power_upto_now: 0.8339622616767883
266th run
noise dimension : 27
noise variance: 216.5149383544922
original u-statistic:0.7603919506072998
p value proxy: 0.003322259057313204
result: True
power_upto_now: 0.8345864415168762
267th run
noise dimension : 27
noise variance: 215.40054321289062
original u-statistic:0.7447254657745361
p value proxy: 0.003322259057313204
result: True
power_upto_now: 0.8352059721946716
268th run
noise dimension : 27
noise variance: 215.06280517578125
original u-statistic:0.30901288986206055
p value proxy: 0.04318936914205551
result: True
power_upto_now: 0.8358209133148193
269th run
noise dimension : 27
noise variance: 215.47889709472656
original u-statistic:0.5983293056488037
p value proxy: 0.006644518114626408
result: True
power_upto_now: 0.8364312052726746
270th run
noise dimension : 27
noise variance: 215.40199279785156
original u-statistic:0.3575098514556885
p value proxy: 0.019933555275201797
result: True
power_upto_now: 0.8370370268821716
271th run
noise dimension : 27
noise variance: 215.5674591064453
original u-statistic:0.4790823459625244
p value proxy: 0.009966777637600899
result: True
power_upto_now: 0.8376383781433105
272th run
noise dimension : 27
noise variance: 214.8447265625
original u-statistic:0.5930764675140381
p value proxy: 0.003322259057313204
result: True
power_upto_now: 0.8382353186607361
273th run
noise dimension : 27
noise variance: 216.21900939941406
original u-statistic:0.5800554752349854
p value proxy: 0.003322259057313204
result: True
power_upto_now: 0.8388278484344482
274th run
noise dimension : 27
noise variance: 216.27264404296875
original u-statistic:0.6643471717834473
p value proxy: 0.003322259057313204
result: True
power_upto_now: 0.8394160866737366
275th run
noise dimension : 27
noise variance: 215.7919464111328
original u-statistic:0.15456914901733398
p value proxy: 0.13289035856723785
result: False
power_upto_now: 0.8363636136054993
276th run
noise dimension : 27
noise variance: 215.96983337402344
original u-statistic:0.6928048133850098
p value proxy: 0.003322259057313204
result: True
power_upto_now: 0.8369565010070801
277th run
noise dimension : 27
noise variance: 216.85372924804688
original u-statistic:0.6263656616210938
p value proxy: 0.003322259057313204
result: True
power_upto_now: 0.8375450968742371
278th run
noise dimension : 27
noise variance: 215.4561767578125
original u-statistic:0.6399235725402832
p value proxy: 0.003322259057313204
result: True
power_upto_now: 0.8381295204162598
279th run
noise dimension : 27
noise variance: 216.53115844726562
original u-statistic:0.29159092903137207
p value proxy: 0.04651162773370743
result: True
power_upto_now: 0.8387096524238586
280th run
noise dimension : 27
noise variance: 215.38833618164062
original u-statistic:0.42162275314331055
p value proxy: 0.013289036229252815
result: True
power_upto_now: 0.8392857313156128
281th run
noise dimension : 27
noise variance: 215.87283325195312
original u-statistic:0.6622028350830078
p value proxy: 0.003322259057313204
result: True
power_upto_now: 0.8398576378822327
282th run
noise dimension : 27
noise variance: 215.03268432617188
original u-statistic:0.26078271865844727
p value proxy: 0.059800662100315094
result: False
power_upto_now: 0.8368794322013855
283th run
noise dimension : 27
noise variance: 215.6704559326172
original u-statistic:0.5125188827514648
p value proxy: 0.006644518114626408
result: True
power_upto_now: 0.8374558091163635
284th run
noise dimension : 27
noise variance: 215.06959533691406
original u-statistic:0.8989758491516113
p value proxy: 0.003322259057313204
result: True
power_upto_now: 0.8380281925201416
285th run
noise dimension : 27
noise variance: 215.9091339111328
original u-statistic:0.271862268447876
p value proxy: 0.06976743787527084
result: False
power_upto_now: 0.8350877165794373
286th run
noise dimension : 27
noise variance: 215.4552459716797
original u-statistic:0.5857393741607666
p value proxy: 0.003322259057313204
result: True
power_upto_now: 0.8356643319129944
287th run
noise dimension : 27
noise variance: 215.40731811523438
original u-statistic:1.1697869300842285
p value proxy: 0.003322259057313204
result: True
power_upto_now: 0.8362369537353516
288th run
noise dimension : 27
noise variance: 216.67169189453125
original u-statistic:0.2634406089782715
p value proxy: 0.06976743787527084
result: False
power_upto_now: 0.8333333134651184
289th run
noise dimension : 27
noise variance: 216.1744384765625
original u-statistic:0.5781533718109131
p value proxy: 0.003322259057313204
result: True
power_upto_now: 0.8339100480079651
290th run
noise dimension : 27
noise variance: 215.9167938232422
original u-statistic:0.6695258617401123
p value proxy: 0.003322259057313204
result: True
power_upto_now: 0.834482729434967
291th run
noise dimension : 27
noise variance: 216.13111877441406
original u-statistic:0.20769166946411133
p value proxy: 0.13621261715888977
result: False
power_upto_now: 0.831615149974823
292th run
noise dimension : 27
noise variance: 215.78419494628906
original u-statistic:0.5629584789276123
p value proxy: 0.006644518114626408
result: True
power_upto_now: 0.8321917653083801
293th run
noise dimension : 27
noise variance: 216.0690460205078
original u-statistic:0.5839974880218506
p value proxy: 0.009966777637600899
result: True
power_upto_now: 0.8327645063400269
294th run
noise dimension : 27
noise variance: 215.99974060058594
original u-statistic:0.38236308097839355
p value proxy: 0.02657807245850563
result: True
power_upto_now: 0.8333333134651184
295th run
noise dimension : 27
noise variance: 215.94412231445312
original u-statistic:0.2664628028869629
p value proxy: 0.04318936914205551
result: True
power_upto_now: 0.8338983058929443
296th run
noise dimension : 27
noise variance: 215.2373504638672
original u-statistic:0.34662747383117676
p value proxy: 0.02657807245850563
result: True
power_upto_now: 0.8344594836235046
297th run
noise dimension : 27
noise variance: 216.0548095703125
original u-statistic:1.0260827541351318
p value proxy: 0.003322259057313204
result: True
power_upto_now: 0.8350168466567993
298th run
noise dimension : 27
noise variance: 216.07366943359375
original u-statistic:0.5418210029602051
p value proxy: 0.006644518114626408
result: True
power_upto_now: 0.8355704545974731
299th run
noise dimension : 27
noise variance: 215.08663940429688
original u-statistic:1.0856006145477295
p value proxy: 0.003322259057313204
result: True
power_upto_now: 0.8361204266548157
300th run
noise dimension : 27
noise variance: 216.4005584716797
original u-statistic:0.23466062545776367
p value proxy: 0.04651162773370743
result: True
power_upto_now: 0.8366666436195374
301th run
noise dimension : 27
noise variance: 216.68927001953125
original u-statistic:0.47440099716186523
p value proxy: 0.003322259057313204
result: True
power_upto_now: 0.8372092843055725
302th run
noise dimension : 27
noise variance: 215.83453369140625
original u-statistic:0.2345905303955078
p value proxy: 0.07641195505857468
result: False
power_upto_now: 0.8344370722770691
303th run
noise dimension : 27
noise variance: 216.72021484375
original u-statistic:0.4130680561065674
p value proxy: 0.019933555275201797
result: True
power_upto_now: 0.8349835276603699
304th run
noise dimension : 27
noise variance: 216.55819702148438
original u-statistic:0.7263989448547363
p value proxy: 0.003322259057313204
result: True
power_upto_now: 0.8355262875556946
305th run
noise dimension : 27
noise variance: 216.32232666015625
original u-statistic:0.3868072032928467
p value proxy: 0.019933555275201797
result: True
power_upto_now: 0.8360655903816223
306th run
noise dimension : 27
noise variance: 216.23060607910156
original u-statistic:0.49462890625
p value proxy: 0.016611294820904732
result: True
power_upto_now: 0.8366013169288635
307th run
noise dimension : 27
noise variance: 216.13600158691406
original u-statistic:0.4942471981048584
p value proxy: 0.006644518114626408
result: True
power_upto_now: 0.837133526802063
308th run
noise dimension : 27
noise variance: 216.58062744140625
original u-statistic:0.21157217025756836
p value proxy: 0.11627906560897827
result: False
power_upto_now: 0.8344155550003052
309th run
noise dimension : 27
noise variance: 215.54043579101562
original u-statistic:0.31627321243286133
p value proxy: 0.019933555275201797
result: True
power_upto_now: 0.8349514603614807
310th run
noise dimension : 27
noise variance: 216.14248657226562
original u-statistic:0.4616711139678955
p value proxy: 0.009966777637600899
result: True
power_upto_now: 0.8354838490486145
311th run
noise dimension : 27
noise variance: 215.78953552246094
original u-statistic:0.6792778968811035
p value proxy: 0.003322259057313204
result: True
power_upto_now: 0.8360128402709961
312th run
noise dimension : 27
noise variance: 216.01417541503906
original u-statistic:0.7285621166229248
p value proxy: 0.003322259057313204
result: True
power_upto_now: 0.8365384340286255
313th run
noise dimension : 27
noise variance: 216.25140380859375
original u-statistic:0.4365060329437256
p value proxy: 0.009966777637600899
result: True
power_upto_now: 0.8370606899261475
314th run
noise dimension : 27
noise variance: 216.2322998046875
original u-statistic:0.3445241451263428
p value proxy: 0.029900331050157547
result: True
power_upto_now: 0.837579607963562
315th run
noise dimension : 27
noise variance: 215.7498321533203
original u-statistic:0.21284031867980957
p value proxy: 0.10631228983402252
result: False
power_upto_now: 0.8349206447601318
316th run
noise dimension : 27
noise variance: 216.29502868652344
original u-statistic:0.26034045219421387
p value proxy: 0.06644517928361893
result: False
power_upto_now: 0.8322784900665283
317th run
noise dimension : 27
noise variance: 216.7150115966797
original u-statistic:0.7436950206756592
p value proxy: 0.003322259057313204
result: True
power_upto_now: 0.8328076004981995
318th run
noise dimension : 27
noise variance: 215.81393432617188
original u-statistic:0.24896740913391113
p value proxy: 0.09302325546741486
result: False
power_upto_now: 0.8301886916160583
319th run
noise dimension : 27
noise variance: 215.24668884277344
original u-statistic:0.6648814678192139
p value proxy: 0.003322259057313204
result: True
power_upto_now: 0.8307210206985474
320th run
noise dimension : 27
noise variance: 215.84266662597656
original u-statistic:0.7724621295928955
p value proxy: 0.003322259057313204
result: True
power_upto_now: 0.831250011920929
321th run
noise dimension : 27
noise variance: 215.86178588867188
original u-statistic:0.21445488929748535
p value proxy: 0.07308969646692276
result: False
power_upto_now: 0.8286604285240173
322th run
noise dimension : 27
noise variance: 215.35609436035156
original u-statistic:0.4708213806152344
p value proxy: 0.013289036229252815
result: True
power_upto_now: 0.8291925191879272
323th run
noise dimension : 27
noise variance: 215.29249572753906
original u-statistic:0.1049966812133789
p value proxy: 0.2823920249938965
result: False
power_upto_now: 0.826625406742096
324th run
noise dimension : 27
noise variance: 215.63265991210938
original u-statistic:0.5999660491943359
p value proxy: 0.006644518114626408
result: True
power_upto_now: 0.8271604776382446
325th run
noise dimension : 27
noise variance: 215.70535278320312
original u-statistic:1.2788538932800293
p value proxy: 0.003322259057313204
result: True
power_upto_now: 0.8276923298835754
326th run
noise dimension : 27
noise variance: 216.49514770507812
original u-statistic:0.8182034492492676
p value proxy: 0.003322259057313204
result: True
power_upto_now: 0.8282208442687988
327th run
noise dimension : 27
noise variance: 216.25364685058594
original u-statistic:0.3577916622161865
p value proxy: 0.033222589641809464
result: True
power_upto_now: 0.8287461996078491
328th run
noise dimension : 27
noise variance: 216.00357055664062
original u-statistic:0.05750226974487305
p value proxy: 0.31561461091041565
result: False
power_upto_now: 0.8262194991111755
329th run
noise dimension : 27
noise variance: 216.05955505371094
original u-statistic:0.6193642616271973
p value proxy: 0.003322259057313204
result: True
power_upto_now: 0.826747715473175
330th run
noise dimension : 27
noise variance: 215.864990234375
original u-statistic:0.8927187919616699
p value proxy: 0.003322259057313204
result: True
power_upto_now: 0.8272727131843567
331th run
noise dimension : 27
noise variance: 216.19879150390625
original u-statistic:0.8363392353057861
p value proxy: 0.003322259057313204
result: True
power_upto_now: 0.8277945518493652
332th run
noise dimension : 27
noise variance: 215.85394287109375
original u-statistic:0.38111233711242676
p value proxy: 0.006644518114626408
result: True
power_upto_now: 0.8283132314682007
333th run
noise dimension : 27
noise variance: 215.54641723632812
original u-statistic:1.0015966892242432
p value proxy: 0.003322259057313204
result: True
power_upto_now: 0.8288288116455078
334th run
noise dimension : 27
noise variance: 215.39404296875
original u-statistic:0.4947829246520996
p value proxy: 0.006644518114626408
result: True
power_upto_now: 0.8293412923812866
335th run
noise dimension : 27
noise variance: 216.153076171875
original u-statistic:0.1465921401977539
p value proxy: 0.1860465109348297
result: False
power_upto_now: 0.8268656730651855
336th run
noise dimension : 27
noise variance: 215.9799346923828
original u-statistic:0.7625858783721924
p value proxy: 0.003322259057313204
result: True
power_upto_now: 0.8273809552192688
337th run
noise dimension : 27
noise variance: 216.1576690673828
original u-statistic:0.6377403736114502
p value proxy: 0.006644518114626408
result: True
power_upto_now: 0.8278931975364685
338th run
noise dimension : 27
noise variance: 215.43887329101562
original u-statistic:0.6235580444335938
p value proxy: 0.009966777637600899
result: True
power_upto_now: 0.8284023404121399
339th run
noise dimension : 27
noise variance: 216.82196044921875
original u-statistic:0.5001118183135986
p value proxy: 0.003322259057313204
result: True
power_upto_now: 0.8289085626602173
340th run
noise dimension : 27
noise variance: 215.73155212402344
original u-statistic:0.7019672393798828
p value proxy: 0.006644518114626408
result: True
power_upto_now: 0.8294117450714111
341th run
noise dimension : 27
noise variance: 215.95875549316406
original u-statistic:0.8325695991516113
p value proxy: 0.003322259057313204
result: True
power_upto_now: 0.829912006855011
342th run
noise dimension : 27
noise variance: 216.5072784423828
original u-statistic:0.9570508003234863
p value proxy: 0.003322259057313204
result: True
power_upto_now: 0.8304093480110168
343th run
noise dimension : 27
noise variance: 216.03155517578125
original u-statistic:0.47325849533081055
p value proxy: 0.013289036229252815
result: True
power_upto_now: 0.8309037685394287
344th run
noise dimension : 27
noise variance: 216.53021240234375
original u-statistic:-0.07976818084716797
p value proxy: 0.7342192530632019
result: False
power_upto_now: 0.8284883499145508
345th run
noise dimension : 27
noise variance: 216.10470581054688
original u-statistic:0.36131954193115234
p value proxy: 0.03654484823346138
result: True
power_upto_now: 0.8289855122566223
346th run
noise dimension : 27
noise variance: 215.60421752929688
original u-statistic:0.19567131996154785
p value proxy: 0.1029900312423706
result: False
power_upto_now: 0.8265895843505859
347th run
noise dimension : 27
noise variance: 216.2864532470703
original u-statistic:0.9984238147735596
p value proxy: 0.003322259057313204
result: True
power_upto_now: 0.8270893096923828
348th run
noise dimension : 27
noise variance: 216.11573791503906
original u-statistic:1.1568057537078857
p value proxy: 0.003322259057313204
result: True
power_upto_now: 0.8275862336158752
349th run
noise dimension : 27
noise variance: 216.1682586669922
original u-statistic:0.5538606643676758
p value proxy: 0.003322259057313204
result: True
power_upto_now: 0.8280802369117737
350th run
noise dimension : 27
noise variance: 215.54835510253906
original u-statistic:0.27399516105651855
p value proxy: 0.05315614491701126
result: False
power_upto_now: 0.8257142901420593
351th run
noise dimension : 27
noise variance: 216.68019104003906
original u-statistic:0.3153259754180908
p value proxy: 0.02657807245850563
result: True
power_upto_now: 0.8262107968330383
352th run
noise dimension : 27
noise variance: 216.16676330566406
original u-statistic:0.35113954544067383
p value proxy: 0.02657807245850563
result: True
power_upto_now: 0.8267045617103577
353th run
noise dimension : 27
noise variance: 216.21539306640625
original u-statistic:0.4491567611694336
p value proxy: 0.019933555275201797
result: True
power_upto_now: 0.8271954655647278
354th run
noise dimension : 27
noise variance: 215.34170532226562
original u-statistic:0.466123104095459
p value proxy: 0.003322259057313204
result: True
power_upto_now: 0.8276836276054382
355th run
noise dimension : 27
noise variance: 216.55848693847656
original u-statistic:0.2871060371398926
p value proxy: 0.06312292069196701
result: False
power_upto_now: 0.825352132320404
356th run
noise dimension : 27
noise variance: 216.45681762695312
original u-statistic:0.992206335067749
p value proxy: 0.003322259057313204
result: True
power_upto_now: 0.8258426785469055
357th run
noise dimension : 27
noise variance: 215.63552856445312
original u-statistic:0.4349632263183594
p value proxy: 0.013289036229252815
result: True
power_upto_now: 0.8263305425643921
358th run
noise dimension : 27
noise variance: 216.09878540039062
original u-statistic:0.6721832752227783
p value proxy: 0.003322259057313204
result: True
power_upto_now: 0.826815664768219
359th run
noise dimension : 27
noise variance: 214.803466796875
original u-statistic:0.702380895614624
p value proxy: 0.003322259057313204
result: True
power_upto_now: 0.8272980451583862
360th run
noise dimension : 27
noise variance: 215.90562438964844
original u-statistic:0.44399285316467285
p value proxy: 0.013289036229252815
result: True
power_upto_now: 0.8277778029441833
361th run
noise dimension : 27
noise variance: 215.52139282226562
original u-statistic:0.3923177719116211
p value proxy: 0.009966777637600899
result: True
power_upto_now: 0.8282548189163208
362th run
noise dimension : 27
noise variance: 215.50686645507812
original u-statistic:0.41927289962768555
p value proxy: 0.013289036229252815
result: True
power_upto_now: 0.8287292718887329
363th run
noise dimension : 27
noise variance: 215.5188446044922
original u-statistic:0.7223436832427979
p value proxy: 0.003322259057313204
result: True
power_upto_now: 0.8292011022567749
364th run
noise dimension : 27
noise variance: 215.8067169189453
original u-statistic:0.11294221878051758
p value proxy: 0.21262457966804504
result: False
power_upto_now: 0.8269230723381042
365th run
noise dimension : 27
noise variance: 215.889892578125
original u-statistic:0.6477980613708496
p value proxy: 0.003322259057313204
result: True
power_upto_now: 0.8273972868919373
366th run
noise dimension : 27
noise variance: 215.9127655029297
original u-statistic:0.24532175064086914
p value proxy: 0.09634551405906677
result: False
power_upto_now: 0.8251366019248962
367th run
noise dimension : 27
noise variance: 215.86048889160156
original u-statistic:0.2965550422668457
p value proxy: 0.03654484823346138
result: True
power_upto_now: 0.8256130814552307
368th run
noise dimension : 27
noise variance: 215.68724060058594
original u-statistic:0.25972533226013184
p value proxy: 0.059800662100315094
result: False
power_upto_now: 0.823369562625885
369th run
noise dimension : 27
noise variance: 216.2959442138672
original u-statistic:0.9757227897644043
p value proxy: 0.003322259057313204
result: True
power_upto_now: 0.8238482475280762
370th run
noise dimension : 27
noise variance: 216.11595153808594
original u-statistic:0.9575026035308838
p value proxy: 0.003322259057313204
result: True
power_upto_now: 0.8243243098258972
371th run
noise dimension : 27
noise variance: 216.13485717773438
original u-statistic:0.11345577239990234
p value proxy: 0.18936876952648163
result: False
power_upto_now: 0.822102427482605
372th run
noise dimension : 27
noise variance: 215.65809631347656
original u-statistic:0.43768978118896484
p value proxy: 0.016611294820904732
result: True
power_upto_now: 0.8225806355476379
373th run
noise dimension : 27
noise variance: 216.4907684326172
original u-statistic:0.6076018810272217
p value proxy: 0.003322259057313204
result: True
power_upto_now: 0.8230562806129456
374th run
noise dimension : 27
noise variance: 216.1215057373047
original u-statistic:0.5462915897369385
p value proxy: 0.003322259057313204
result: True
power_upto_now: 0.8235294222831726
375th run
noise dimension : 27
noise variance: 215.83587646484375
original u-statistic:0.6676573753356934
p value proxy: 0.003322259057313204
result: True
power_upto_now: 0.8240000009536743
376th run
noise dimension : 27
noise variance: 215.79962158203125
original u-statistic:0.38352108001708984
p value proxy: 0.016611294820904732
result: True
power_upto_now: 0.8244680762290955
377th run
noise dimension : 27
noise variance: 216.18887329101562
original u-statistic:0.36618924140930176
p value proxy: 0.009966777637600899
result: True
power_upto_now: 0.8249337077140808
378th run
noise dimension : 27
noise variance: 215.7301483154297
original u-statistic:0.46474480628967285
p value proxy: 0.016611294820904732
result: True
power_upto_now: 0.8253968358039856
379th run
noise dimension : 27
noise variance: 216.31272888183594
original u-statistic:0.2871577739715576
p value proxy: 0.05315614491701126
result: False
power_upto_now: 0.8232190012931824
380th run
noise dimension : 27
noise variance: 215.9764404296875
original u-statistic:0.15755152702331543
p value proxy: 0.13621261715888977
result: False
power_upto_now: 0.821052610874176
381th run
noise dimension : 27
noise variance: 216.72679138183594
original u-statistic:0.7823400497436523
p value proxy: 0.006644518114626408
result: True
power_upto_now: 0.8215222954750061
382th run
noise dimension : 27
noise variance: 216.38072204589844
original u-statistic:0.49388718605041504
p value proxy: 0.009966777637600899
result: True
power_upto_now: 0.8219895362854004
383th run
noise dimension : 27
noise variance: 216.16842651367188
original u-statistic:0.44739866256713867
p value proxy: 0.006644518114626408
result: True
power_upto_now: 0.8224543333053589
384th run
noise dimension : 27
noise variance: 216.26417541503906
original u-statistic:0.759056806564331
p value proxy: 0.003322259057313204
result: True
power_upto_now: 0.8229166865348816
385th run
noise dimension : 27
noise variance: 215.99508666992188
original u-statistic:0.756014347076416
p value proxy: 0.003322259057313204
result: True
power_upto_now: 0.8233765959739685
386th run
noise dimension : 27
noise variance: 216.03323364257812
original u-statistic:0.41213083267211914
p value proxy: 0.019933555275201797
result: True
power_upto_now: 0.8238341808319092
387th run
noise dimension : 27
noise variance: 215.22862243652344
original u-statistic:0.550417423248291
p value proxy: 0.009966777637600899
result: True
power_upto_now: 0.8242893815040588
388th run
noise dimension : 27
noise variance: 215.99130249023438
original u-statistic:0.4838368892669678
p value proxy: 0.016611294820904732
result: True
power_upto_now: 0.8247422575950623
389th run
noise dimension : 27
noise variance: 215.418212890625
original u-statistic:0.4601285457611084
p value proxy: 0.019933555275201797
result: True
power_upto_now: 0.8251928091049194
390th run
noise dimension : 27
noise variance: 215.86123657226562
original u-statistic:0.5010578632354736
p value proxy: 0.009966777637600899
result: True
power_upto_now: 0.8256410360336304
391th run
noise dimension : 27
noise variance: 216.40518188476562
original u-statistic:0.3688478469848633
p value proxy: 0.023255813866853714
result: True
power_upto_now: 0.8260869383811951
392th run
noise dimension : 27
noise variance: 216.194091796875
original u-statistic:0.1189110279083252
p value proxy: 0.19933554530143738
result: False
power_upto_now: 0.8239796161651611
393th run
noise dimension : 27
noise variance: 216.32078552246094
original u-statistic:0.06566429138183594
p value proxy: 0.31229233741760254
result: False
power_upto_now: 0.821882963180542
394th run
noise dimension : 27
noise variance: 215.90060424804688
original u-statistic:0.6974513530731201
p value proxy: 0.003322259057313204
result: True
power_upto_now: 0.8223350048065186
395th run
noise dimension : 27
noise variance: 215.32513427734375
original u-statistic:0.5436444282531738
p value proxy: 0.009966777637600899
result: True
power_upto_now: 0.8227847814559937
396th run
noise dimension : 27
noise variance: 216.17059326171875
original u-statistic:0.3834531307220459
p value proxy: 0.013289036229252815
result: True
power_upto_now: 0.8232323527336121
397th run
noise dimension : 27
noise variance: 215.2320556640625
original u-statistic:0.23624897003173828
p value proxy: 0.07641195505857468
result: False
power_upto_now: 0.8211587071418762
398th run
noise dimension : 27
noise variance: 215.55335998535156
original u-statistic:0.625324010848999
p value proxy: 0.003322259057313204
result: True
power_upto_now: 0.8216080665588379
399th run
noise dimension : 27
noise variance: 216.5931854248047
original u-statistic:0.7117424011230469
p value proxy: 0.003322259057313204
result: True
power_upto_now: 0.8220551609992981
400th run
noise dimension : 27
noise variance: 215.8922576904297
original u-statistic:0.2537217140197754
p value proxy: 0.059800662100315094
result: False
power_upto_now: 0.8199999928474426
401th run
noise dimension : 27
noise variance: 216.40628051757812
original u-statistic:0.17748427391052246
p value proxy: 0.13621261715888977
result: False
power_upto_now: 0.8179551362991333
402th run
noise dimension : 27
noise variance: 216.0430450439453
original u-statistic:0.26953625679016113
p value proxy: 0.05315614491701126
result: False
power_upto_now: 0.8159204125404358
403th run
noise dimension : 27
noise variance: 216.63754272460938
original u-statistic:0.7014105319976807
p value proxy: 0.003322259057313204
result: True
power_upto_now: 0.8163771629333496
404th run
noise dimension : 27
noise variance: 216.01988220214844
original u-statistic:0.31120967864990234
p value proxy: 0.03654484823346138
result: True
power_upto_now: 0.8168317079544067
405th run
noise dimension : 27
noise variance: 215.48715209960938
original u-statistic:0.5125465393066406
p value proxy: 0.009966777637600899
result: True
power_upto_now: 0.8172839283943176
406th run
noise dimension : 27
noise variance: 215.93768310546875
original u-statistic:0.45217204093933105
p value proxy: 0.016611294820904732
result: True
power_upto_now: 0.8177340030670166
407th run
noise dimension : 27
noise variance: 215.93496704101562
original u-statistic:0.8661298751831055
p value proxy: 0.003322259057313204
result: True
power_upto_now: 0.8181818127632141
408th run
noise dimension : 27
noise variance: 215.57940673828125
original u-statistic:0.4309816360473633
p value proxy: 0.019933555275201797
result: True
power_upto_now: 0.8186274766921997
409th run
noise dimension : 27
noise variance: 215.76727294921875
original u-statistic:0.30248379707336426
p value proxy: 0.04651162773370743
result: True
power_upto_now: 0.8190708756446838
410th run
noise dimension : 27
noise variance: 215.580322265625
original u-statistic:0.5465643405914307
p value proxy: 0.009966777637600899
result: True
power_upto_now: 0.8195121884346008
411th run
noise dimension : 27
noise variance: 215.88311767578125
original u-statistic:0.7874236106872559
p value proxy: 0.003322259057313204
result: True
power_upto_now: 0.8199513554573059
412th run
noise dimension : 27
noise variance: 215.2567901611328
original u-statistic:0.40978193283081055
p value proxy: 0.02657807245850563
result: True
power_upto_now: 0.8203883767127991
413th run
noise dimension : 27
noise variance: 215.3245086669922
original u-statistic:0.4434788227081299
p value proxy: 0.016611294820904732
result: True
power_upto_now: 0.8208232522010803
414th run
noise dimension : 27
noise variance: 215.98431396484375
original u-statistic:0.5550699234008789
p value proxy: 0.003322259057313204
result: True
power_upto_now: 0.8212560415267944
415th run
noise dimension : 27
noise variance: 216.17108154296875
original u-statistic:0.8245432376861572
p value proxy: 0.003322259057313204
result: True
power_upto_now: 0.8216867446899414
416th run
noise dimension : 27
noise variance: 215.4333953857422
original u-statistic:0.5054457187652588
p value proxy: 0.009966777637600899
result: True
power_upto_now: 0.8221153616905212
417th run
noise dimension : 27
noise variance: 216.4056854248047
original u-statistic:0.5488722324371338
p value proxy: 0.003322259057313204
result: True
power_upto_now: 0.8225419521331787
418th run
noise dimension : 27
noise variance: 216.70297241210938
original u-statistic:0.8330719470977783
p value proxy: 0.003322259057313204
result: True
power_upto_now: 0.8229665160179138
419th run
noise dimension : 27
noise variance: 216.02125549316406
original u-statistic:0.5634129047393799
p value proxy: 0.009966777637600899
result: True
power_upto_now: 0.8233889937400818
420th run
noise dimension : 27
noise variance: 216.97698974609375
original u-statistic:0.5258145332336426
p value proxy: 0.009966777637600899
result: True
power_upto_now: 0.8238095045089722
421th run
noise dimension : 27
noise variance: 215.74998474121094
original u-statistic:0.3045508861541748
p value proxy: 0.04651162773370743
result: True
power_upto_now: 0.824228048324585
422th run
noise dimension : 27
noise variance: 215.57525634765625
original u-statistic:0.294858455657959
p value proxy: 0.049833886325359344
result: True
power_upto_now: 0.8246445655822754
423th run
noise dimension : 27
noise variance: 215.58282470703125
original u-statistic:0.6126854419708252
p value proxy: 0.006644518114626408
result: True
power_upto_now: 0.8250591158866882
424th run
noise dimension : 27
noise variance: 216.31382751464844
original u-statistic:0.40734195709228516
p value proxy: 0.009966777637600899
result: True
power_upto_now: 0.8254716992378235
425th run
noise dimension : 27
noise variance: 216.93809509277344
original u-statistic:0.8159351348876953
p value proxy: 0.003322259057313204
result: True
power_upto_now: 0.8258823752403259
426th run
noise dimension : 27
noise variance: 215.7600860595703
original u-statistic:0.479870080947876
p value proxy: 0.009966777637600899
result: True
power_upto_now: 0.8262910842895508
427th run
noise dimension : 27
noise variance: 216.1133270263672
original u-statistic:0.47168588638305664
p value proxy: 0.013289036229252815
result: True
power_upto_now: 0.8266978859901428
428th run
noise dimension : 27
noise variance: 215.54336547851562
original u-statistic:1.0276851654052734
p value proxy: 0.003322259057313204
result: True
power_upto_now: 0.827102780342102
429th run
noise dimension : 27
noise variance: 216.43312072753906
original u-statistic:0.3130345344543457
p value proxy: 0.02657807245850563
result: True
power_upto_now: 0.8275058269500732
430th run
noise dimension : 27
noise variance: 215.92723083496094
original u-statistic:0.48345375061035156
p value proxy: 0.006644518114626408
result: True
power_upto_now: 0.8279069662094116
431th run
noise dimension : 27
noise variance: 216.30299377441406
original u-statistic:0.48517656326293945
p value proxy: 0.009966777637600899
result: True
power_upto_now: 0.828306257724762
432th run
noise dimension : 27
noise variance: 216.0255584716797
original u-statistic:0.3996918201446533
p value proxy: 0.019933555275201797
result: True
power_upto_now: 0.8287037014961243
433th run
noise dimension : 27
noise variance: 216.7482452392578
original u-statistic:0.5058481693267822
p value proxy: 0.013289036229252815
result: True
power_upto_now: 0.8290992975234985
434th run
noise dimension : 27
noise variance: 216.27011108398438
original u-statistic:0.8888182640075684
p value proxy: 0.003322259057313204
result: True
power_upto_now: 0.8294931054115295
435th run
noise dimension : 27
noise variance: 215.96142578125
original u-statistic:0.2472536563873291
p value proxy: 0.0830564796924591
result: False
power_upto_now: 0.8275862336158752
436th run
noise dimension : 27
noise variance: 215.76324462890625
original u-statistic:0.47812747955322266
p value proxy: 0.006644518114626408
result: True
power_upto_now: 0.8279816508293152
437th run
noise dimension : 27
noise variance: 215.9017791748047
original u-statistic:0.7237544059753418
p value proxy: 0.003322259057313204
result: True
power_upto_now: 0.8283752799034119
438th run
noise dimension : 27
noise variance: 216.2228240966797
original u-statistic:0.6028683185577393
p value proxy: 0.003322259057313204
result: True
power_upto_now: 0.8287671208381653
439th run
noise dimension : 27
noise variance: 216.34732055664062
original u-statistic:0.5979440212249756
p value proxy: 0.003322259057313204
result: True
power_upto_now: 0.8291571736335754
440th run
noise dimension : 27
noise variance: 216.20848083496094
original u-statistic:0.5387668609619141
p value proxy: 0.003322259057313204
result: True
power_upto_now: 0.8295454382896423
441th run
noise dimension : 27
noise variance: 214.9302215576172
original u-statistic:0.262953519821167
p value proxy: 0.059800662100315094
result: False
power_upto_now: 0.8276643753051758
442th run
noise dimension : 27
noise variance: 215.62289428710938
original u-statistic:0.39234232902526855
p value proxy: 0.016611294820904732
result: True
power_upto_now: 0.8280543088912964
443th run
noise dimension : 27
noise variance: 216.26560974121094
original u-statistic:0.16896796226501465
p value proxy: 0.16943521797657013
result: False
power_upto_now: 0.8261851072311401
444th run
noise dimension : 27
noise variance: 217.1124725341797
original u-statistic:0.678966760635376
p value proxy: 0.003322259057313204
result: True
power_upto_now: 0.8265765905380249
445th run
noise dimension : 27
noise variance: 215.67193603515625
original u-statistic:1.2313787937164307
p value proxy: 0.003322259057313204
result: True
power_upto_now: 0.8269662857055664
446th run
noise dimension : 27
noise variance: 216.0711212158203
original u-statistic:0.45795655250549316
p value proxy: 0.006644518114626408
result: True
power_upto_now: 0.8273542523384094
447th run
noise dimension : 27
noise variance: 215.2981719970703
original u-statistic:0.7915303707122803
p value proxy: 0.003322259057313204
result: True
power_upto_now: 0.827740490436554
448th run
noise dimension : 27
noise variance: 215.92730712890625
original u-statistic:0.4307398796081543
p value proxy: 0.016611294820904732
result: True
power_upto_now: 0.828125
449th run
noise dimension : 27
noise variance: 216.01914978027344
original u-statistic:0.9588515758514404
p value proxy: 0.003322259057313204
result: True
power_upto_now: 0.8285077810287476
450th run
noise dimension : 27
noise variance: 215.39358520507812
original u-statistic:0.45129847526550293
p value proxy: 0.009966777637600899
result: True
power_upto_now: 0.8288888931274414
451th run
noise dimension : 27
noise variance: 216.395263671875
original u-statistic:0.4082803726196289
p value proxy: 0.019933555275201797
result: True
power_upto_now: 0.8292682766914368
452th run
noise dimension : 27
noise variance: 216.38499450683594
original u-statistic:0.4314751625061035
p value proxy: 0.016611294820904732
result: True
power_upto_now: 0.8296459913253784
453th run
noise dimension : 27
noise variance: 214.91769409179688
original u-statistic:0.5599310398101807
p value proxy: 0.006644518114626408
result: True
power_upto_now: 0.8300220966339111
454th run
noise dimension : 27
noise variance: 216.24465942382812
original u-statistic:1.412670373916626
p value proxy: 0.003322259057313204
result: True
power_upto_now: 0.8303964734077454
455th run
noise dimension : 27
noise variance: 215.79583740234375
original u-statistic:0.47510814666748047
p value proxy: 0.006644518114626408
result: True
power_upto_now: 0.8307692408561707
456th run
noise dimension : 27
noise variance: 216.59115600585938
original u-statistic:0.3271749019622803
p value proxy: 0.033222589641809464
result: True
power_upto_now: 0.8311403393745422
457th run
noise dimension : 27
noise variance: 216.71604919433594
original u-statistic:0.5784351825714111
p value proxy: 0.006644518114626408
result: True
power_upto_now: 0.8315098285675049
458th run
noise dimension : 27
noise variance: 216.9163360595703
original u-statistic:0.2676506042480469
p value proxy: 0.06644517928361893
result: False
power_upto_now: 0.8296943306922913
459th run
noise dimension : 27
noise variance: 216.7841796875
original u-statistic:0.7668936252593994
p value proxy: 0.003322259057313204
result: True
power_upto_now: 0.8300653696060181
460th run
noise dimension : 27
noise variance: 216.06117248535156
original u-statistic:0.33202600479125977
p value proxy: 0.039867110550403595
result: True
power_upto_now: 0.8304347991943359
461th run
noise dimension : 27
noise variance: 215.39573669433594
original u-statistic:0.4630618095397949
p value proxy: 0.006644518114626408
result: True
power_upto_now: 0.8308026194572449
462th run
noise dimension : 27
noise variance: 216.09915161132812
original u-statistic:0.2614419460296631
p value proxy: 0.059800662100315094
result: False
power_upto_now: 0.8290043473243713
463th run
noise dimension : 27
noise variance: 214.98793029785156
original u-statistic:0.8646633625030518
p value proxy: 0.003322259057313204
result: True
power_upto_now: 0.8293736577033997
464th run
noise dimension : 27
noise variance: 215.90603637695312
original u-statistic:0.1618483066558838
p value proxy: 0.1627907007932663
result: False
power_upto_now: 0.8275862336158752
465th run
noise dimension : 27
noise variance: 216.5269012451172
original u-statistic:0.6308469772338867
p value proxy: 0.006644518114626408
result: True
power_upto_now: 0.8279569745063782
466th run
noise dimension : 27
noise variance: 215.9594268798828
original u-statistic:1.074939250946045
p value proxy: 0.003322259057313204
result: True
power_upto_now: 0.8283261656761169
467th run
noise dimension : 27
noise variance: 215.54446411132812
original u-statistic:0.3603065013885498
p value proxy: 0.009966777637600899
result: True
power_upto_now: 0.8286938071250916
468th run
noise dimension : 27
noise variance: 215.05435180664062
original u-statistic:1.1730687618255615
p value proxy: 0.003322259057313204
result: True
power_upto_now: 0.8290598392486572
469th run
noise dimension : 27
noise variance: 215.47372436523438
original u-statistic:0.6069433689117432
p value proxy: 0.006644518114626408
result: True
power_upto_now: 0.8294243216514587
470th run
noise dimension : 27
noise variance: 215.78004455566406
original u-statistic:0.4656505584716797
p value proxy: 0.003322259057313204
result: True
power_upto_now: 0.8297872543334961
471th run
noise dimension : 27
noise variance: 216.27857971191406
original u-statistic:0.4295463562011719
p value proxy: 0.016611294820904732
result: True
power_upto_now: 0.8301486372947693
472th run
noise dimension : 27
noise variance: 215.71078491210938
original u-statistic:0.30554819107055664
p value proxy: 0.049833886325359344
result: True
power_upto_now: 0.8305084705352783
473th run
noise dimension : 27
noise variance: 215.7667999267578
original u-statistic:0.324343204498291
p value proxy: 0.04318936914205551
result: True
power_upto_now: 0.830866813659668
474th run
noise dimension : 27
noise variance: 215.43368530273438
original u-statistic:1.1648085117340088
p value proxy: 0.003322259057313204
result: True
power_upto_now: 0.8312236070632935
475th run
noise dimension : 27
noise variance: 216.28977966308594
original u-statistic:0.14122819900512695
p value proxy: 0.19933554530143738
result: False
power_upto_now: 0.8294736742973328
476th run
noise dimension : 27
noise variance: 215.8787384033203
original u-statistic:0.5631301403045654
p value proxy: 0.003322259057313204
result: True
power_upto_now: 0.8298319578170776
477th run
noise dimension : 27
noise variance: 216.60829162597656
original u-statistic:0.5815601348876953
p value proxy: 0.003322259057313204
result: True
power_upto_now: 0.8301886916160583
478th run
noise dimension : 27
noise variance: 216.425537109375
original u-statistic:0.7856204509735107
p value proxy: 0.003322259057313204
result: True
power_upto_now: 0.8305439352989197
479th run
noise dimension : 27
noise variance: 215.21290588378906
original u-statistic:0.14769506454467773
p value proxy: 0.19269102811813354
result: False
power_upto_now: 0.8288100361824036
480th run
noise dimension : 27
noise variance: 216.06138610839844
original u-statistic:1.3372514247894287
p value proxy: 0.003322259057313204
result: True
power_upto_now: 0.8291666507720947
481th run
noise dimension : 27
noise variance: 215.8339080810547
original u-statistic:0.903266191482544
p value proxy: 0.003322259057313204
result: True
power_upto_now: 0.8295218348503113
482th run
noise dimension : 27
noise variance: 215.9090576171875
original u-statistic:0.36547040939331055
p value proxy: 0.023255813866853714
result: True
power_upto_now: 0.8298755288124084
483th run
noise dimension : 27
noise variance: 215.91653442382812
original u-statistic:0.29260826110839844
p value proxy: 0.03654484823346138
result: True
power_upto_now: 0.8302277326583862
484th run
noise dimension : 27
noise variance: 216.43028259277344
original u-statistic:0.31076478958129883
p value proxy: 0.03654484823346138
result: True
power_upto_now: 0.8305785059928894
485th run
noise dimension : 27
noise variance: 216.4308319091797
original u-statistic:0.5942611694335938
p value proxy: 0.003322259057313204
result: True
power_upto_now: 0.830927848815918
486th run
noise dimension : 27
noise variance: 215.76785278320312
original u-statistic:0.18914484977722168
p value proxy: 0.11960132420063019
result: False
power_upto_now: 0.8292180895805359
487th run
noise dimension : 27
noise variance: 215.65638732910156
original u-statistic:0.4808647632598877
p value proxy: 0.013289036229252815
result: True
power_upto_now: 0.8295688033103943
488th run
noise dimension : 27
noise variance: 216.1190643310547
original u-statistic:1.0941686630249023
p value proxy: 0.003322259057313204
result: True
power_upto_now: 0.8299180269241333
489th run
noise dimension : 27
noise variance: 216.31582641601562
original u-statistic:0.5275764465332031
p value proxy: 0.006644518114626408
result: True
power_upto_now: 0.8302658200263977
490th run
noise dimension : 27
noise variance: 216.12347412109375
original u-statistic:0.522597074508667
p value proxy: 0.003322259057313204
result: True
power_upto_now: 0.8306122422218323
491th run
noise dimension : 27
noise variance: 216.52352905273438
original u-statistic:0.3918313980102539
p value proxy: 0.016611294820904732
result: True
power_upto_now: 0.8309572339057922
492th run
noise dimension : 27
noise variance: 215.34800720214844
original u-statistic:0.3398919105529785
p value proxy: 0.03654484823346138
result: True
power_upto_now: 0.8313007950782776
493th run
noise dimension : 27
noise variance: 216.0424041748047
original u-statistic:0.5039360523223877
p value proxy: 0.016611294820904732
result: True
power_upto_now: 0.8316429853439331
494th run
noise dimension : 27
noise variance: 215.8997039794922
original u-statistic:0.3995966911315918
p value proxy: 0.019933555275201797
result: True
power_upto_now: 0.8319838047027588
495th run
noise dimension : 27
noise variance: 216.01412963867188
original u-statistic:0.6678972244262695
p value proxy: 0.003322259057313204
result: True
power_upto_now: 0.8323232531547546
496th run
noise dimension : 27
noise variance: 215.98529052734375
original u-statistic:0.4764516353607178
p value proxy: 0.009966777637600899
result: True
power_upto_now: 0.8326612710952759
497th run
noise dimension : 27
noise variance: 215.7362518310547
original u-statistic:0.5426380634307861
p value proxy: 0.003322259057313204
result: True
power_upto_now: 0.8329979777336121
498th run
noise dimension : 27
noise variance: 216.017822265625
original u-statistic:0.3840639591217041
p value proxy: 0.023255813866853714
result: True
power_upto_now: 0.8333333134651184
499th run
noise dimension : 27
noise variance: 216.27491760253906
original u-statistic:0.6836810111999512
p value proxy: 0.003322259057313204
result: True
power_upto_now: 0.8336673378944397
500th run
noise dimension : 27
noise variance: 215.9593048095703
original u-statistic:0.5593175888061523
p value proxy: 0.003322259057313204
result: True
power_upto_now: 0.8339999914169312
power estimate : 0.8339999914169312
elapsed time: 6560.350055932999
