job started
cuda available: True
code run on device:: cuda:0

n1 = 20000, n2 = 20000,

kappa = 3, alpha = 0.85,

gamma = 0.05, nTests = 500,

B = 300

1th run
noise dimension : 27
noise variance: 298.2115783691406
original u-statistic:0.8731651306152344
p value proxy: 0.003322259057313204
result: True
power_upto_now: 1.0
2th run
noise dimension : 27
noise variance: 298.73883056640625
original u-statistic:0.3899974822998047
p value proxy: 0.05315614491701126
result: False
power_upto_now: 0.5
3th run
noise dimension : 27
noise variance: 298.35833740234375
original u-statistic:0.19261550903320312
p value proxy: 0.18936876952648163
result: False
power_upto_now: 0.3333333432674408
4th run
noise dimension : 27
noise variance: 298.05816650390625
original u-statistic:0.6348626613616943
p value proxy: 0.009966777637600899
result: True
power_upto_now: 0.5
5th run
noise dimension : 27
noise variance: 299.1495666503906
original u-statistic:0.5843031406402588
p value proxy: 0.023255813866853714
result: True
power_upto_now: 0.6000000238418579
6th run
noise dimension : 27
noise variance: 298.0679931640625
original u-statistic:0.8183455467224121
p value proxy: 0.003322259057313204
result: True
power_upto_now: 0.6666666865348816
7th run
noise dimension : 27
noise variance: 299.4857482910156
original u-statistic:0.7575693130493164
p value proxy: 0.006644518114626408
result: True
power_upto_now: 0.7142857313156128
8th run
noise dimension : 27
noise variance: 299.35980224609375
original u-statistic:0.8728432655334473
p value proxy: 0.006644518114626408
result: True
power_upto_now: 0.75
9th run
noise dimension : 27
noise variance: 298.60833740234375
original u-statistic:0.7690291404724121
p value proxy: 0.003322259057313204
result: True
power_upto_now: 0.7777777910232544
10th run
noise dimension : 27
noise variance: 298.3180847167969
original u-statistic:1.086867094039917
p value proxy: 0.003322259057313204
result: True
power_upto_now: 0.800000011920929
11th run
noise dimension : 27
noise variance: 300.12432861328125
original u-statistic:0.45085763931274414
p value proxy: 0.023255813866853714
result: True
power_upto_now: 0.8181818127632141
12th run
noise dimension : 27
noise variance: 298.04840087890625
original u-statistic:0.600217342376709
p value proxy: 0.016611294820904732
result: True
power_upto_now: 0.8333333134651184
13th run
noise dimension : 27
noise variance: 299.0663757324219
original u-statistic:1.1506261825561523
p value proxy: 0.003322259057313204
result: True
power_upto_now: 0.8461538553237915
14th run
noise dimension : 27
noise variance: 298.9891052246094
original u-statistic:0.4051961898803711
p value proxy: 0.04318936914205551
result: True
power_upto_now: 0.8571428656578064
15th run
noise dimension : 27
noise variance: 298.0244445800781
original u-statistic:0.48828935623168945
p value proxy: 0.02657807245850563
result: True
power_upto_now: 0.8666666746139526
16th run
noise dimension : 27
noise variance: 298.88397216796875
original u-statistic:0.788661003112793
p value proxy: 0.003322259057313204
result: True
power_upto_now: 0.875
17th run
noise dimension : 27
noise variance: 298.50286865234375
original u-statistic:0.530221700668335
p value proxy: 0.023255813866853714
result: True
power_upto_now: 0.8823529481887817
18th run
noise dimension : 27
noise variance: 299.5323181152344
original u-statistic:0.6148452758789062
p value proxy: 0.006644518114626408
result: True
power_upto_now: 0.8888888955116272
19th run
noise dimension : 27
noise variance: 299.2546691894531
original u-statistic:0.7915225028991699
p value proxy: 0.009966777637600899
result: True
power_upto_now: 0.8947368264198303
20th run
noise dimension : 27
noise variance: 299.61492919921875
original u-statistic:0.5622658729553223
p value proxy: 0.016611294820904732
result: True
power_upto_now: 0.8999999761581421
21th run
noise dimension : 27
noise variance: 299.4388122558594
original u-statistic:0.6016676425933838
p value proxy: 0.006644518114626408
result: True
power_upto_now: 0.9047619104385376
22th run
noise dimension : 27
noise variance: 298.0269775390625
original u-statistic:0.3187248706817627
p value proxy: 0.06976743787527084
result: False
power_upto_now: 0.8636363744735718
23th run
noise dimension : 27
noise variance: 299.13665771484375
original u-statistic:0.35950326919555664
p value proxy: 0.06312292069196701
result: False
power_upto_now: 0.8260869383811951
24th run
noise dimension : 27
noise variance: 298.53033447265625
original u-statistic:0.6785902976989746
p value proxy: 0.006644518114626408
result: True
power_upto_now: 0.8333333134651184
25th run
noise dimension : 27
noise variance: 298.67095947265625
original u-statistic:0.47226953506469727
p value proxy: 0.039867110550403595
result: True
power_upto_now: 0.8399999737739563
26th run
noise dimension : 27
noise variance: 299.0813293457031
original u-statistic:0.7196900844573975
p value proxy: 0.009966777637600899
result: True
power_upto_now: 0.8461538553237915
27th run
noise dimension : 27
noise variance: 299.7626647949219
original u-statistic:0.708519458770752
p value proxy: 0.006644518114626408
result: True
power_upto_now: 0.8518518805503845
28th run
noise dimension : 27
noise variance: 299.83123779296875
original u-statistic:0.4693150520324707
p value proxy: 0.016611294820904732
result: True
power_upto_now: 0.8571428656578064
29th run
noise dimension : 27
noise variance: 299.2076721191406
original u-statistic:0.2033066749572754
p value proxy: 0.17607973515987396
result: False
power_upto_now: 0.8275862336158752
30th run
noise dimension : 27
noise variance: 299.00372314453125
original u-statistic:-0.13412189483642578
p value proxy: 0.6810631155967712
result: False
power_upto_now: 0.800000011920929
31th run
noise dimension : 27
noise variance: 298.8895263671875
original u-statistic:0.27483296394348145
p value proxy: 0.08637873828411102
result: False
power_upto_now: 0.774193525314331
32th run
noise dimension : 27
noise variance: 300.29541015625
original u-statistic:0.32858920097351074
p value proxy: 0.07641195505857468
result: False
power_upto_now: 0.75
33th run
noise dimension : 27
noise variance: 298.73687744140625
original u-statistic:0.5058670043945312
p value proxy: 0.029900331050157547
result: True
power_upto_now: 0.7575757503509521
34th run
noise dimension : 27
noise variance: 299.6498718261719
original u-statistic:0.5858907699584961
p value proxy: 0.006644518114626408
result: True
power_upto_now: 0.7647058963775635
35th run
noise dimension : 27
noise variance: 300.1673278808594
original u-statistic:0.2735099792480469
p value proxy: 0.09302325546741486
result: False
power_upto_now: 0.7428571581840515
36th run
noise dimension : 27
noise variance: 298.7067565917969
original u-statistic:0.4797184467315674
p value proxy: 0.02657807245850563
result: True
power_upto_now: 0.75
37th run
noise dimension : 27
noise variance: 298.88531494140625
original u-statistic:0.5693345069885254
p value proxy: 0.023255813866853714
result: True
power_upto_now: 0.7567567825317383
38th run
noise dimension : 27
noise variance: 298.17120361328125
original u-statistic:0.5882682800292969
p value proxy: 0.019933555275201797
result: True
power_upto_now: 0.7631579041481018
39th run
noise dimension : 27
noise variance: 298.8760070800781
original u-statistic:0.9099812507629395
p value proxy: 0.003322259057313204
result: True
power_upto_now: 0.7692307829856873
40th run
noise dimension : 27
noise variance: 299.7319030761719
original u-statistic:0.3029289245605469
p value proxy: 0.1029900312423706
result: False
power_upto_now: 0.75
41th run
noise dimension : 27
noise variance: 299.38531494140625
original u-statistic:0.3500401973724365
p value proxy: 0.1029900312423706
result: False
power_upto_now: 0.7317073345184326
42th run
noise dimension : 27
noise variance: 298.7081298828125
original u-statistic:0.3225522041320801
p value proxy: 0.07641195505857468
result: False
power_upto_now: 0.7142857313156128
43th run
noise dimension : 27
noise variance: 298.4725341796875
original u-statistic:0.6097826957702637
p value proxy: 0.013289036229252815
result: True
power_upto_now: 0.7209302186965942
44th run
noise dimension : 27
noise variance: 298.554443359375
original u-statistic:0.6553239822387695
p value proxy: 0.016611294820904732
result: True
power_upto_now: 0.7272727489471436
45th run
noise dimension : 27
noise variance: 300.2798767089844
original u-statistic:1.1299679279327393
p value proxy: 0.003322259057313204
result: True
power_upto_now: 0.7333333492279053
46th run
noise dimension : 27
noise variance: 299.0155334472656
original u-statistic:0.7422158718109131
p value proxy: 0.003322259057313204
result: True
power_upto_now: 0.739130437374115
47th run
noise dimension : 27
noise variance: 299.0065002441406
original u-statistic:1.084388017654419
p value proxy: 0.003322259057313204
result: True
power_upto_now: 0.7446808218955994
48th run
noise dimension : 27
noise variance: 299.5426940917969
original u-statistic:0.5036916732788086
p value proxy: 0.019933555275201797
result: True
power_upto_now: 0.75
49th run
noise dimension : 27
noise variance: 299.51385498046875
original u-statistic:0.2764015197753906
p value proxy: 0.11295680701732635
result: False
power_upto_now: 0.7346938848495483
50th run
noise dimension : 27
noise variance: 298.30010986328125
original u-statistic:-0.19988584518432617
p value proxy: 0.7906976342201233
result: False
power_upto_now: 0.7200000286102295
51th run
noise dimension : 27
noise variance: 299.5346984863281
original u-statistic:0.6115813255310059
p value proxy: 0.013289036229252815
result: True
power_upto_now: 0.7254902124404907
52th run
noise dimension : 27
noise variance: 299.4081726074219
original u-statistic:0.7058196067810059
p value proxy: 0.006644518114626408
result: True
power_upto_now: 0.7307692170143127
53th run
noise dimension : 27
noise variance: 299.412109375
original u-statistic:1.3254623413085938
p value proxy: 0.003322259057313204
result: True
power_upto_now: 0.7358490824699402
54th run
noise dimension : 27
noise variance: 299.9175109863281
original u-statistic:0.2796285152435303
p value proxy: 0.10963454842567444
result: False
power_upto_now: 0.7222222089767456
55th run
noise dimension : 27
noise variance: 298.56915283203125
original u-statistic:0.5326602458953857
p value proxy: 0.016611294820904732
result: True
power_upto_now: 0.7272727489471436
56th run
noise dimension : 27
noise variance: 298.19390869140625
original u-statistic:0.6762633323669434
p value proxy: 0.006644518114626408
result: True
power_upto_now: 0.7321428656578064
57th run
noise dimension : 27
noise variance: 298.89459228515625
original u-statistic:0.42072248458862305
p value proxy: 0.05647840350866318
result: False
power_upto_now: 0.719298243522644
58th run
noise dimension : 27
noise variance: 299.27276611328125
original u-statistic:0.4271392822265625
p value proxy: 0.049833886325359344
result: True
power_upto_now: 0.7241379022598267
59th run
noise dimension : 27
noise variance: 298.7489929199219
original u-statistic:0.7289004325866699
p value proxy: 0.003322259057313204
result: True
power_upto_now: 0.7288135886192322
60th run
noise dimension : 27
noise variance: 298.6537780761719
original u-statistic:0.13509750366210938
p value proxy: 0.2890365421772003
result: False
power_upto_now: 0.7166666388511658
61th run
noise dimension : 27
noise variance: 299.3916015625
original u-statistic:1.1468584537506104
p value proxy: 0.003322259057313204
result: True
power_upto_now: 0.7213114500045776
62th run
noise dimension : 27
noise variance: 299.2972717285156
original u-statistic:0.3136448860168457
p value proxy: 0.10631228983402252
result: False
power_upto_now: 0.7096773982048035
63th run
noise dimension : 27
noise variance: 299.6083068847656
original u-statistic:1.09881591796875
p value proxy: 0.003322259057313204
result: True
power_upto_now: 0.7142857313156128
64th run
noise dimension : 27
noise variance: 298.3825378417969
original u-statistic:0.07822084426879883
p value proxy: 0.33554816246032715
result: False
power_upto_now: 0.703125
65th run
noise dimension : 27
noise variance: 298.9626770019531
original u-statistic:0.9127101898193359
p value proxy: 0.006644518114626408
result: True
power_upto_now: 0.7076923251152039
66th run
noise dimension : 27
noise variance: 299.668701171875
original u-statistic:0.11710524559020996
p value proxy: 0.27574750781059265
result: False
power_upto_now: 0.6969696879386902
67th run
noise dimension : 27
noise variance: 298.23492431640625
original u-statistic:0.9093461036682129
p value proxy: 0.003322259057313204
result: True
power_upto_now: 0.7014925479888916
68th run
noise dimension : 27
noise variance: 297.36334228515625
original u-statistic:0.49732017517089844
p value proxy: 0.029900331050157547
result: True
power_upto_now: 0.7058823704719543
69th run
noise dimension : 27
noise variance: 298.6329345703125
original u-statistic:0.6940975189208984
p value proxy: 0.006644518114626408
result: True
power_upto_now: 0.7101449370384216
70th run
noise dimension : 27
noise variance: 297.6508483886719
original u-statistic:0.5733842849731445
p value proxy: 0.003322259057313204
result: True
power_upto_now: 0.7142857313156128
71th run
noise dimension : 27
noise variance: 299.6322937011719
original u-statistic:0.22572827339172363
p value proxy: 0.1860465109348297
result: False
power_upto_now: 0.7042253613471985
72th run
noise dimension : 27
noise variance: 299.7314758300781
original u-statistic:0.25101280212402344
p value proxy: 0.13621261715888977
result: False
power_upto_now: 0.6944444179534912
73th run
noise dimension : 27
noise variance: 298.7769470214844
original u-statistic:0.24235248565673828
p value proxy: 0.12624584138393402
result: False
power_upto_now: 0.6849315166473389
74th run
noise dimension : 27
noise variance: 298.9800720214844
original u-statistic:0.4538459777832031
p value proxy: 0.04318936914205551
result: True
power_upto_now: 0.6891891956329346
75th run
noise dimension : 27
noise variance: 298.56396484375
original u-statistic:-0.17157411575317383
p value proxy: 0.7607973217964172
result: False
power_upto_now: 0.6800000071525574
76th run
noise dimension : 27
noise variance: 298.3266906738281
original u-statistic:0.9496493339538574
p value proxy: 0.003322259057313204
result: True
power_upto_now: 0.6842105388641357
77th run
noise dimension : 27
noise variance: 299.1990966796875
original u-statistic:1.1040914058685303
p value proxy: 0.003322259057313204
result: True
power_upto_now: 0.6883116960525513
78th run
noise dimension : 27
noise variance: 298.3612976074219
original u-statistic:0.5717921257019043
p value proxy: 0.019933555275201797
result: True
power_upto_now: 0.692307710647583
79th run
noise dimension : 27
noise variance: 298.44354248046875
original u-statistic:0.5378642082214355
p value proxy: 0.023255813866853714
result: True
power_upto_now: 0.6962025165557861
80th run
noise dimension : 27
noise variance: 298.42303466796875
original u-statistic:0.5292708873748779
p value proxy: 0.003322259057313204
result: True
power_upto_now: 0.699999988079071
81th run
noise dimension : 27
noise variance: 298.6024169921875
original u-statistic:0.5860533714294434
p value proxy: 0.009966777637600899
result: True
power_upto_now: 0.7037037014961243
82th run
noise dimension : 27
noise variance: 299.23663330078125
original u-statistic:1.0972011089324951
p value proxy: 0.003322259057313204
result: True
power_upto_now: 0.707317054271698
83th run
noise dimension : 27
noise variance: 299.3015441894531
original u-statistic:0.28662633895874023
p value proxy: 0.12956809997558594
result: False
power_upto_now: 0.6987951993942261
84th run
noise dimension : 27
noise variance: 299.4611511230469
original u-statistic:0.28290534019470215
p value proxy: 0.08637873828411102
result: False
power_upto_now: 0.6904761791229248
85th run
noise dimension : 27
noise variance: 298.6904602050781
original u-statistic:0.33110809326171875
p value proxy: 0.09966777265071869
result: False
power_upto_now: 0.6823529601097107
86th run
noise dimension : 27
noise variance: 298.73895263671875
original u-statistic:-0.014835357666015625
p value proxy: 0.47840529680252075
result: False
power_upto_now: 0.6744186282157898
87th run
noise dimension : 27
noise variance: 299.7142333984375
original u-statistic:0.9458327293395996
p value proxy: 0.003322259057313204
result: True
power_upto_now: 0.6781609058380127
88th run
noise dimension : 27
noise variance: 299.6630554199219
original u-statistic:0.3659806251525879
p value proxy: 0.06976743787527084
result: False
power_upto_now: 0.6704545617103577
89th run
noise dimension : 27
noise variance: 298.355224609375
original u-statistic:0.04020833969116211
p value proxy: 0.4019933342933655
result: False
power_upto_now: 0.6629213690757751
90th run
noise dimension : 27
noise variance: 299.41082763671875
original u-statistic:0.7003130912780762
p value proxy: 0.003322259057313204
result: True
power_upto_now: 0.6666666865348816
91th run
noise dimension : 27
noise variance: 299.097900390625
original u-statistic:1.2087786197662354
p value proxy: 0.003322259057313204
result: True
power_upto_now: 0.6703296899795532
92th run
noise dimension : 27
noise variance: 298.3529357910156
original u-statistic:0.5977613925933838
p value proxy: 0.006644518114626408
result: True
power_upto_now: 0.6739130616188049
93th run
noise dimension : 27
noise variance: 299.1202392578125
original u-statistic:0.5145189762115479
p value proxy: 0.019933555275201797
result: True
power_upto_now: 0.6774193644523621
94th run
noise dimension : 27
noise variance: 298.1048583984375
original u-statistic:0.4399116039276123
p value proxy: 0.03654484823346138
result: True
power_upto_now: 0.6808510422706604
95th run
noise dimension : 27
noise variance: 298.58868408203125
original u-statistic:1.894374132156372
p value proxy: 0.003322259057313204
result: True
power_upto_now: 0.6842105388641357
96th run
noise dimension : 27
noise variance: 297.7836608886719
original u-statistic:1.0053012371063232
p value proxy: 0.003322259057313204
result: True
power_upto_now: 0.6875
97th run
noise dimension : 27
noise variance: 299.1737060546875
original u-statistic:1.0475525856018066
p value proxy: 0.003322259057313204
result: True
power_upto_now: 0.6907216310501099
98th run
noise dimension : 27
noise variance: 299.1336364746094
original u-statistic:0.47577738761901855
p value proxy: 0.029900331050157547
result: True
power_upto_now: 0.6938775777816772
99th run
noise dimension : 27
noise variance: 299.33758544921875
original u-statistic:1.292445421218872
p value proxy: 0.003322259057313204
result: True
power_upto_now: 0.6969696879386902
100th run
noise dimension : 27
noise variance: 298.1112976074219
original u-statistic:0.5608220100402832
p value proxy: 0.019933555275201797
result: True
power_upto_now: 0.699999988079071
101th run
noise dimension : 27
noise variance: 299.3838806152344
original u-statistic:1.109126329421997
p value proxy: 0.003322259057313204
result: True
power_upto_now: 0.7029703259468079
102th run
noise dimension : 27
noise variance: 300.05706787109375
original u-statistic:0.8157062530517578
p value proxy: 0.009966777637600899
result: True
power_upto_now: 0.7058823704719543
103th run
noise dimension : 27
noise variance: 299.4835205078125
original u-statistic:0.6452426910400391
p value proxy: 0.009966777637600899
result: True
power_upto_now: 0.708737850189209
104th run
noise dimension : 27
noise variance: 298.6860046386719
original u-statistic:1.2304694652557373
p value proxy: 0.003322259057313204
result: True
power_upto_now: 0.7115384340286255
105th run
noise dimension : 27
noise variance: 297.7669982910156
original u-statistic:0.36983680725097656
p value proxy: 0.07308969646692276
result: False
power_upto_now: 0.7047619223594666
106th run
noise dimension : 27
noise variance: 298.4217834472656
original u-statistic:0.23154354095458984
p value proxy: 0.13289035856723785
result: False
power_upto_now: 0.698113203048706
107th run
noise dimension : 27
noise variance: 298.8031311035156
original u-statistic:0.6599040031433105
p value proxy: 0.006644518114626408
result: True
power_upto_now: 0.7009345889091492
108th run
noise dimension : 27
noise variance: 298.64337158203125
original u-statistic:0.10385513305664062
p value proxy: 0.31229233741760254
result: False
power_upto_now: 0.6944444179534912
109th run
noise dimension : 27
noise variance: 298.2597351074219
original u-statistic:0.02642989158630371
p value proxy: 0.46179401874542236
result: False
power_upto_now: 0.6880733966827393
110th run
noise dimension : 27
noise variance: 298.7015686035156
original u-statistic:0.308208703994751
p value proxy: 0.07973422110080719
result: False
power_upto_now: 0.6818181872367859
111th run
noise dimension : 27
noise variance: 298.98529052734375
original u-statistic:0.39556288719177246
p value proxy: 0.049833886325359344
result: True
power_upto_now: 0.684684693813324
112th run
noise dimension : 27
noise variance: 298.3554382324219
original u-statistic:0.610924482345581
p value proxy: 0.006644518114626408
result: True
power_upto_now: 0.6875
113th run
noise dimension : 27
noise variance: 300.1313781738281
original u-statistic:0.6146132946014404
p value proxy: 0.009966777637600899
result: True
power_upto_now: 0.6902654767036438
114th run
noise dimension : 27
noise variance: 298.55084228515625
original u-statistic:0.5545318126678467
p value proxy: 0.029900331050157547
result: True
power_upto_now: 0.6929824352264404
115th run
noise dimension : 27
noise variance: 299.3961181640625
original u-statistic:0.2390279769897461
p value proxy: 0.11627906560897827
result: False
power_upto_now: 0.686956524848938
116th run
noise dimension : 27
noise variance: 299.1253662109375
original u-statistic:0.28589916229248047
p value proxy: 0.0830564796924591
result: False
power_upto_now: 0.681034505367279
117th run
noise dimension : 27
noise variance: 298.48382568359375
original u-statistic:0.23861408233642578
p value proxy: 0.1627907007932663
result: False
power_upto_now: 0.6752136945724487
118th run
noise dimension : 27
noise variance: 298.93231201171875
original u-statistic:0.22076129913330078
p value proxy: 0.1428571343421936
result: False
power_upto_now: 0.6694915294647217
119th run
noise dimension : 27
noise variance: 298.8345031738281
original u-statistic:0.5838570594787598
p value proxy: 0.009966777637600899
result: True
power_upto_now: 0.6722689270973206
120th run
noise dimension : 27
noise variance: 298.38006591796875
original u-statistic:0.37966489791870117
p value proxy: 0.05315614491701126
result: False
power_upto_now: 0.6666666865348816
121th run
noise dimension : 27
noise variance: 298.56072998046875
original u-statistic:0.945296049118042
p value proxy: 0.003322259057313204
result: True
power_upto_now: 0.6694214940071106
122th run
noise dimension : 27
noise variance: 299.52142333984375
original u-statistic:0.3952775001525879
p value proxy: 0.029900331050157547
result: True
power_upto_now: 0.6721311211585999
123th run
noise dimension : 27
noise variance: 299.4827575683594
original u-statistic:0.6363632678985596
p value proxy: 0.006644518114626408
result: True
power_upto_now: 0.6747967600822449
124th run
noise dimension : 27
noise variance: 299.56195068359375
original u-statistic:0.5590815544128418
p value proxy: 0.006644518114626408
result: True
power_upto_now: 0.6774193644523621
125th run
noise dimension : 27
noise variance: 299.2235412597656
original u-statistic:-0.003142833709716797
p value proxy: 0.4651162624359131
result: False
power_upto_now: 0.671999990940094
126th run
noise dimension : 27
noise variance: 298.5554504394531
original u-statistic:0.1399385929107666
p value proxy: 0.2425249069929123
result: False
power_upto_now: 0.6666666865348816
127th run
noise dimension : 27
noise variance: 299.2768249511719
original u-statistic:0.27823519706726074
p value proxy: 0.0830564796924591
result: False
power_upto_now: 0.6614173054695129
128th run
noise dimension : 27
noise variance: 299.11993408203125
original u-statistic:0.7858433723449707
p value proxy: 0.006644518114626408
result: True
power_upto_now: 0.6640625
129th run
noise dimension : 27
noise variance: 299.0907287597656
original u-statistic:0.6132051944732666
p value proxy: 0.006644518114626408
result: True
power_upto_now: 0.6666666865348816
130th run
noise dimension : 27
noise variance: 299.1876220703125
original u-statistic:0.23480582237243652
p value proxy: 0.13621261715888977
result: False
power_upto_now: 0.6615384817123413
131th run
noise dimension : 27
noise variance: 298.5088195800781
original u-statistic:0.45142149925231934
p value proxy: 0.033222589641809464
result: True
power_upto_now: 0.6641221642494202
132th run
noise dimension : 27
noise variance: 299.0420837402344
original u-statistic:1.2747266292572021
p value proxy: 0.003322259057313204
result: True
power_upto_now: 0.6666666865348816
133th run
noise dimension : 27
noise variance: 297.94427490234375
original u-statistic:1.2415764331817627
p value proxy: 0.003322259057313204
result: True
power_upto_now: 0.6691729426383972
134th run
noise dimension : 27
noise variance: 299.5760498046875
original u-statistic:0.29663920402526855
p value proxy: 0.13621261715888977
result: False
power_upto_now: 0.6641790866851807
135th run
noise dimension : 27
noise variance: 298.2593994140625
original u-statistic:0.2021167278289795
p value proxy: 0.17940199375152588
result: False
power_upto_now: 0.6592592597007751
136th run
noise dimension : 27
noise variance: 300.1443176269531
original u-statistic:0.9163539409637451
p value proxy: 0.003322259057313204
result: True
power_upto_now: 0.6617646813392639
137th run
noise dimension : 27
noise variance: 298.5959777832031
original u-statistic:0.4807400703430176
p value proxy: 0.016611294820904732
result: True
power_upto_now: 0.6642335653305054
138th run
noise dimension : 27
noise variance: 298.0319519042969
original u-statistic:0.18109822273254395
p value proxy: 0.2059800624847412
result: False
power_upto_now: 0.6594203114509583
139th run
noise dimension : 27
noise variance: 297.736328125
original u-statistic:1.0944945812225342
p value proxy: 0.003322259057313204
result: True
power_upto_now: 0.6618704795837402
140th run
noise dimension : 27
noise variance: 299.0461120605469
original u-statistic:0.06145739555358887
p value proxy: 0.39867109060287476
result: False
power_upto_now: 0.6571428775787354
141th run
noise dimension : 27
noise variance: 298.2572326660156
original u-statistic:0.39612388610839844
p value proxy: 0.07641195505857468
result: False
power_upto_now: 0.652482271194458
142th run
noise dimension : 27
noise variance: 299.29986572265625
original u-statistic:0.7156052589416504
p value proxy: 0.006644518114626408
result: True
power_upto_now: 0.6549295783042908
143th run
noise dimension : 27
noise variance: 298.3836669921875
original u-statistic:0.6874237060546875
p value proxy: 0.003322259057313204
result: True
power_upto_now: 0.6573426723480225
144th run
noise dimension : 27
noise variance: 299.1729736328125
original u-statistic:0.8764562606811523
p value proxy: 0.003322259057313204
result: True
power_upto_now: 0.6597222089767456
145th run
noise dimension : 27
noise variance: 297.9595642089844
original u-statistic:0.4320530891418457
p value proxy: 0.029900331050157547
result: True
power_upto_now: 0.6620689630508423
146th run
noise dimension : 27
noise variance: 298.2098693847656
original u-statistic:0.6047406196594238
p value proxy: 0.019933555275201797
result: True
power_upto_now: 0.664383590221405
147th run
noise dimension : 27
noise variance: 299.6067810058594
original u-statistic:0.3414478302001953
p value proxy: 0.07308969646692276
result: False
power_upto_now: 0.6598639488220215
148th run
noise dimension : 27
noise variance: 299.5784912109375
original u-statistic:0.4814305305480957
p value proxy: 0.023255813866853714
result: True
power_upto_now: 0.662162184715271
149th run
noise dimension : 27
noise variance: 299.25469970703125
original u-statistic:0.2874610424041748
p value proxy: 0.09634551405906677
result: False
power_upto_now: 0.6577181220054626
150th run
noise dimension : 27
noise variance: 298.55810546875
original u-statistic:0.2311708927154541
p value proxy: 0.09966777265071869
result: False
power_upto_now: 0.653333306312561
151th run
noise dimension : 27
noise variance: 299.4937744140625
original u-statistic:0.4101097583770752
p value proxy: 0.039867110550403595
result: True
power_upto_now: 0.6556291580200195
152th run
noise dimension : 27
noise variance: 299.6352844238281
original u-statistic:0.7431154251098633
p value proxy: 0.003322259057313204
result: True
power_upto_now: 0.6578947305679321
153th run
noise dimension : 27
noise variance: 299.2071228027344
original u-statistic:0.27387046813964844
p value proxy: 0.1029900312423706
result: False
power_upto_now: 0.6535947918891907
154th run
noise dimension : 27
noise variance: 297.9621887207031
original u-statistic:1.7634682655334473
p value proxy: 0.003322259057313204
result: True
power_upto_now: 0.6558441519737244
155th run
noise dimension : 27
noise variance: 298.5206604003906
original u-statistic:0.2086489200592041
p value proxy: 0.15946844220161438
result: False
power_upto_now: 0.6516128778457642
156th run
noise dimension : 27
noise variance: 299.1987609863281
original u-statistic:0.3916819095611572
p value proxy: 0.03654484823346138
result: True
power_upto_now: 0.6538461446762085
157th run
noise dimension : 27
noise variance: 299.93817138671875
original u-statistic:0.21183419227600098
p value proxy: 0.14617939293384552
result: False
power_upto_now: 0.6496815085411072
158th run
noise dimension : 27
noise variance: 299.7691650390625
original u-statistic:0.2395496368408203
p value proxy: 0.12956809997558594
result: False
power_upto_now: 0.6455696225166321
159th run
noise dimension : 27
noise variance: 299.01055908203125
original u-statistic:0.3962545394897461
p value proxy: 0.05315614491701126
result: False
power_upto_now: 0.6415094137191772
160th run
noise dimension : 27
noise variance: 299.3490905761719
original u-statistic:0.5455949306488037
p value proxy: 0.013289036229252815
result: True
power_upto_now: 0.643750011920929
161th run
noise dimension : 27
noise variance: 298.27423095703125
original u-statistic:-0.03777289390563965
p value proxy: 0.5182723999023438
result: False
power_upto_now: 0.6397515535354614
162th run
noise dimension : 27
noise variance: 299.2096252441406
original u-statistic:0.6439576148986816
p value proxy: 0.019933555275201797
result: True
power_upto_now: 0.6419752836227417
163th run
noise dimension : 27
noise variance: 298.42120361328125
original u-statistic:0.0676884651184082
p value proxy: 0.31561461091041565
result: False
power_upto_now: 0.6380367875099182
164th run
noise dimension : 27
noise variance: 299.3728942871094
original u-statistic:0.9047162532806396
p value proxy: 0.003322259057313204
result: True
power_upto_now: 0.6402438879013062
165th run
noise dimension : 27
noise variance: 299.2697448730469
original u-statistic:0.8164851665496826
p value proxy: 0.009966777637600899
result: True
power_upto_now: 0.6424242258071899
166th run
noise dimension : 27
noise variance: 298.0708312988281
original u-statistic:0.9257626533508301
p value proxy: 0.003322259057313204
result: True
power_upto_now: 0.6445783376693726
167th run
noise dimension : 27
noise variance: 298.3419494628906
original u-statistic:0.3636927604675293
p value proxy: 0.07641195505857468
result: False
power_upto_now: 0.6407185792922974
168th run
noise dimension : 27
noise variance: 299.12249755859375
original u-statistic:0.511066198348999
p value proxy: 0.033222589641809464
result: True
power_upto_now: 0.6428571343421936
169th run
noise dimension : 27
noise variance: 299.41229248046875
original u-statistic:0.3378772735595703
p value proxy: 0.049833886325359344
result: True
power_upto_now: 0.6449704170227051
170th run
noise dimension : 27
noise variance: 298.58056640625
original u-statistic:0.6519074440002441
p value proxy: 0.003322259057313204
result: True
power_upto_now: 0.6470588445663452
171th run
noise dimension : 27
noise variance: 297.9832763671875
original u-statistic:0.16748857498168945
p value proxy: 0.1860465109348297
result: False
power_upto_now: 0.6432748436927795
172th run
noise dimension : 27
noise variance: 299.861572265625
original u-statistic:0.02281785011291504
p value proxy: 0.4451827108860016
result: False
power_upto_now: 0.6395348906517029
173th run
noise dimension : 27
noise variance: 299.053466796875
original u-statistic:0.4829978942871094
p value proxy: 0.049833886325359344
result: True
power_upto_now: 0.6416184902191162
174th run
noise dimension : 27
noise variance: 298.9019775390625
original u-statistic:0.31588220596313477
p value proxy: 0.06976743787527084
result: False
power_upto_now: 0.6379310488700867
175th run
noise dimension : 27
noise variance: 299.7555236816406
original u-statistic:0.911963939666748
p value proxy: 0.003322259057313204
result: True
power_upto_now: 0.6399999856948853
176th run
noise dimension : 27
noise variance: 297.8172607421875
original u-statistic:0.5822820663452148
p value proxy: 0.023255813866853714
result: True
power_upto_now: 0.6420454382896423
177th run
noise dimension : 27
noise variance: 299.461181640625
original u-statistic:0.7005510330200195
p value proxy: 0.009966777637600899
result: True
power_upto_now: 0.6440678238868713
178th run
noise dimension : 27
noise variance: 298.5716857910156
original u-statistic:0.3795461654663086
p value proxy: 0.0830564796924591
result: False
power_upto_now: 0.6404494643211365
179th run
noise dimension : 27
noise variance: 300.39501953125
original u-statistic:0.5165472030639648
p value proxy: 0.016611294820904732
result: True
power_upto_now: 0.6424580812454224
180th run
noise dimension : 27
noise variance: 298.90576171875
original u-statistic:0.3657245635986328
p value proxy: 0.059800662100315094
result: False
power_upto_now: 0.6388888955116272
181th run
noise dimension : 27
noise variance: 298.0398254394531
original u-statistic:0.40706562995910645
p value proxy: 0.03654484823346138
result: True
power_upto_now: 0.6408839821815491
182th run
noise dimension : 27
noise variance: 298.6460876464844
original u-statistic:0.0663003921508789
p value proxy: 0.3322259187698364
result: False
power_upto_now: 0.6373626589775085
183th run
noise dimension : 27
noise variance: 299.0979309082031
original u-statistic:0.5868492126464844
p value proxy: 0.023255813866853714
result: True
power_upto_now: 0.6393442749977112
184th run
noise dimension : 27
noise variance: 299.68511962890625
original u-statistic:0.40215039253234863
p value proxy: 0.049833886325359344
result: True
power_upto_now: 0.6413043737411499
185th run
noise dimension : 27
noise variance: 298.2833557128906
original u-statistic:-0.15809178352355957
p value proxy: 0.764119565486908
result: False
power_upto_now: 0.637837827205658
186th run
noise dimension : 27
noise variance: 297.73443603515625
original u-statistic:0.6758737564086914
p value proxy: 0.009966777637600899
result: True
power_upto_now: 0.6397849321365356
187th run
noise dimension : 27
noise variance: 298.34954833984375
original u-statistic:-0.26388978958129883
p value proxy: 0.8737541437149048
result: False
power_upto_now: 0.6363636255264282
188th run
noise dimension : 27
noise variance: 299.3756103515625
original u-statistic:0.31267762184143066
p value proxy: 0.11960132420063019
result: False
power_upto_now: 0.6329787373542786
189th run
noise dimension : 27
noise variance: 298.91455078125
original u-statistic:0.7291860580444336
p value proxy: 0.003322259057313204
result: True
power_upto_now: 0.6349206566810608
190th run
noise dimension : 27
noise variance: 298.4861755371094
original u-statistic:0.7539865970611572
p value proxy: 0.006644518114626408
result: True
power_upto_now: 0.6368421316146851
191th run
noise dimension : 27
noise variance: 300.31817626953125
original u-statistic:1.0049569606781006
p value proxy: 0.003322259057313204
result: True
power_upto_now: 0.6387434601783752
192th run
noise dimension : 27
noise variance: 299.4629211425781
original u-statistic:1.1974999904632568
p value proxy: 0.003322259057313204
result: True
power_upto_now: 0.640625
193th run
noise dimension : 27
noise variance: 299.4189758300781
original u-statistic:0.27341341972351074
p value proxy: 0.1229235827922821
result: False
power_upto_now: 0.6373056769371033
194th run
noise dimension : 27
noise variance: 298.7450256347656
original u-statistic:1.201277494430542
p value proxy: 0.003322259057313204
result: True
power_upto_now: 0.6391752362251282
195th run
noise dimension : 27
noise variance: 299.340576171875
original u-statistic:0.813075065612793
p value proxy: 0.006644518114626408
result: True
power_upto_now: 0.6410256624221802
196th run
noise dimension : 27
noise variance: 298.7450256347656
original u-statistic:-0.2630643844604492
p value proxy: 0.8870431780815125
result: False
power_upto_now: 0.6377550959587097
197th run
noise dimension : 27
noise variance: 299.15618896484375
original u-statistic:0.5911874771118164
p value proxy: 0.033222589641809464
result: True
power_upto_now: 0.6395938992500305
198th run
noise dimension : 27
noise variance: 297.5196228027344
original u-statistic:1.094512701034546
p value proxy: 0.003322259057313204
result: True
power_upto_now: 0.6414141654968262
199th run
noise dimension : 27
noise variance: 298.49554443359375
original u-statistic:0.513293981552124
p value proxy: 0.023255813866853714
result: True
power_upto_now: 0.643216073513031
200th run
noise dimension : 27
noise variance: 299.1230163574219
original u-statistic:0.5646035671234131
p value proxy: 0.013289036229252815
result: True
power_upto_now: 0.6449999809265137
201th run
noise dimension : 27
noise variance: 298.6751403808594
original u-statistic:0.276151180267334
p value proxy: 0.12624584138393402
result: False
power_upto_now: 0.641791045665741
202th run
noise dimension : 27
noise variance: 299.108154296875
original u-statistic:0.35958266258239746
p value proxy: 0.059800662100315094
result: False
power_upto_now: 0.6386138796806335
203th run
noise dimension : 27
noise variance: 299.08514404296875
original u-statistic:0.8209848403930664
p value proxy: 0.006644518114626408
result: True
power_upto_now: 0.6403940916061401
204th run
noise dimension : 27
noise variance: 298.3202209472656
original u-statistic:0.8451266288757324
p value proxy: 0.006644518114626408
result: True
power_upto_now: 0.6421568393707275
205th run
noise dimension : 27
noise variance: 298.7938232421875
original u-statistic:0.6490435600280762
p value proxy: 0.016611294820904732
result: True
power_upto_now: 0.6439024209976196
206th run
noise dimension : 27
noise variance: 298.5784912109375
original u-statistic:0.3480565547943115
p value proxy: 0.07641195505857468
result: False
power_upto_now: 0.6407766938209534
207th run
noise dimension : 27
noise variance: 299.37261962890625
original u-statistic:0.836848258972168
p value proxy: 0.009966777637600899
result: True
power_upto_now: 0.6425120830535889
208th run
noise dimension : 27
noise variance: 298.1881408691406
original u-statistic:0.38781070709228516
p value proxy: 0.05647840350866318
result: False
power_upto_now: 0.6394230723381042
209th run
noise dimension : 27
noise variance: 298.11968994140625
original u-statistic:0.31093454360961914
p value proxy: 0.06644517928361893
result: False
power_upto_now: 0.6363636255264282
210th run
noise dimension : 27
noise variance: 300.0491027832031
original u-statistic:0.018780946731567383
p value proxy: 0.421926885843277
result: False
power_upto_now: 0.6333333253860474
211th run
noise dimension : 27
noise variance: 300.19775390625
original u-statistic:0.6381921768188477
p value proxy: 0.006644518114626408
result: True
power_upto_now: 0.6350710988044739
212th run
noise dimension : 27
noise variance: 299.03045654296875
original u-statistic:0.38800048828125
p value proxy: 0.06312292069196701
result: False
power_upto_now: 0.6320754885673523
213th run
noise dimension : 27
noise variance: 298.8939208984375
original u-statistic:0.4723494052886963
p value proxy: 0.033222589641809464
result: True
power_upto_now: 0.6338028311729431
214th run
noise dimension : 27
noise variance: 299.2979431152344
original u-statistic:0.41238856315612793
p value proxy: 0.03654484823346138
result: True
power_upto_now: 0.6355140209197998
215th run
noise dimension : 27
noise variance: 298.9461669921875
original u-statistic:-0.008591175079345703
p value proxy: 0.46179401874542236
result: False
power_upto_now: 0.6325581669807434
216th run
noise dimension : 27
noise variance: 297.6875
original u-statistic:0.42536044120788574
p value proxy: 0.033222589641809464
result: True
power_upto_now: 0.6342592835426331
217th run
noise dimension : 27
noise variance: 299.138427734375
original u-statistic:0.6418476104736328
p value proxy: 0.013289036229252815
result: True
power_upto_now: 0.6359447240829468
218th run
noise dimension : 27
noise variance: 299.0091857910156
original u-statistic:0.5463871955871582
p value proxy: 0.009966777637600899
result: True
power_upto_now: 0.6376146674156189
219th run
noise dimension : 27
noise variance: 298.4026794433594
original u-statistic:0.29496073722839355
p value proxy: 0.09966777265071869
result: False
power_upto_now: 0.6347032189369202
220th run
noise dimension : 27
noise variance: 298.4619140625
original u-statistic:0.5842962265014648
p value proxy: 0.009966777637600899
result: True
power_upto_now: 0.6363636255264282
221th run
noise dimension : 27
noise variance: 298.3270263671875
original u-statistic:1.033860445022583
p value proxy: 0.003322259057313204
result: True
power_upto_now: 0.6380090713500977
222th run
noise dimension : 27
noise variance: 299.150146484375
original u-statistic:1.0304691791534424
p value proxy: 0.003322259057313204
result: True
power_upto_now: 0.6396396160125732
223th run
noise dimension : 27
noise variance: 298.8766174316406
original u-statistic:0.43248915672302246
p value proxy: 0.05315614491701126
result: False
power_upto_now: 0.6367713212966919
224th run
noise dimension : 27
noise variance: 299.857666015625
original u-statistic:0.9610133171081543
p value proxy: 0.003322259057313204
result: True
power_upto_now: 0.6383928656578064
225th run
noise dimension : 27
noise variance: 298.8316955566406
original u-statistic:0.5560822486877441
p value proxy: 0.02657807245850563
result: True
power_upto_now: 0.6399999856948853
226th run
noise dimension : 27
noise variance: 299.30615234375
original u-statistic:0.4638798236846924
p value proxy: 0.013289036229252815
result: True
power_upto_now: 0.6415929198265076
227th run
noise dimension : 27
noise variance: 298.46649169921875
original u-statistic:0.8718628883361816
p value proxy: 0.003322259057313204
result: True
power_upto_now: 0.6431717872619629
228th run
noise dimension : 27
noise variance: 298.9499206542969
original u-statistic:0.6478884220123291
p value proxy: 0.006644518114626408
result: True
power_upto_now: 0.6447368264198303
229th run
noise dimension : 27
noise variance: 298.7251892089844
original u-statistic:0.3333296775817871
p value proxy: 0.07641195505857468
result: False
power_upto_now: 0.6419214010238647
230th run
noise dimension : 27
noise variance: 298.7415466308594
original u-statistic:0.5799250602722168
p value proxy: 0.016611294820904732
result: True
power_upto_now: 0.643478274345398
231th run
noise dimension : 27
noise variance: 298.10882568359375
original u-statistic:0.603585958480835
p value proxy: 0.023255813866853714
result: True
power_upto_now: 0.6450216174125671
232th run
noise dimension : 27
noise variance: 298.7887878417969
original u-statistic:0.1580057144165039
p value proxy: 0.2059800624847412
result: False
power_upto_now: 0.642241358757019
233th run
noise dimension : 27
noise variance: 298.28668212890625
original u-statistic:0.7724816799163818
p value proxy: 0.003322259057313204
result: True
power_upto_now: 0.6437768340110779
234th run
noise dimension : 27
noise variance: 299.05987548828125
original u-statistic:0.6834912300109863
p value proxy: 0.009966777637600899
result: True
power_upto_now: 0.6452991366386414
235th run
noise dimension : 27
noise variance: 299.9240417480469
original u-statistic:0.9670627117156982
p value proxy: 0.003322259057313204
result: True
power_upto_now: 0.6468085050582886
236th run
noise dimension : 27
noise variance: 300.1199035644531
original u-statistic:0.681187629699707
p value proxy: 0.009966777637600899
result: True
power_upto_now: 0.6483050584793091
237th run
noise dimension : 27
noise variance: 299.35626220703125
original u-statistic:0.37222909927368164
p value proxy: 0.059800662100315094
result: False
power_upto_now: 0.6455696225166321
238th run
noise dimension : 27
noise variance: 298.61309814453125
original u-statistic:0.4841630458831787
p value proxy: 0.013289036229252815
result: True
power_upto_now: 0.6470588445663452
239th run
noise dimension : 27
noise variance: 299.4276123046875
original u-statistic:0.39730405807495117
p value proxy: 0.033222589641809464
result: True
power_upto_now: 0.6485355496406555
240th run
noise dimension : 27
noise variance: 298.0293884277344
original u-statistic:0.5168797969818115
p value proxy: 0.019933555275201797
result: True
power_upto_now: 0.6499999761581421
241th run
noise dimension : 27
noise variance: 299.052490234375
original u-statistic:0.6546907424926758
p value proxy: 0.019933555275201797
result: True
power_upto_now: 0.6514523029327393
242th run
noise dimension : 27
noise variance: 298.3898620605469
original u-statistic:0.27974867820739746
p value proxy: 0.09634551405906677
result: False
power_upto_now: 0.6487603187561035
243th run
noise dimension : 27
noise variance: 298.7408752441406
original u-statistic:0.4162404537200928
p value proxy: 0.05647840350866318
result: False
power_upto_now: 0.6460905075073242
244th run
noise dimension : 27
noise variance: 299.8382263183594
original u-statistic:0.44376134872436523
p value proxy: 0.03654484823346138
result: True
power_upto_now: 0.6475409865379333
245th run
noise dimension : 27
noise variance: 298.4133605957031
original u-statistic:0.48916053771972656
p value proxy: 0.02657807245850563
result: True
power_upto_now: 0.6489796042442322
246th run
noise dimension : 27
noise variance: 299.2449035644531
original u-statistic:0.4707295894622803
p value proxy: 0.04318936914205551
result: True
power_upto_now: 0.6504064798355103
247th run
noise dimension : 27
noise variance: 299.7828063964844
original u-statistic:0.12322211265563965
p value proxy: 0.2790697515010834
result: False
power_upto_now: 0.647773265838623
248th run
noise dimension : 27
noise variance: 298.24774169921875
original u-statistic:0.44196605682373047
p value proxy: 0.033222589641809464
result: True
power_upto_now: 0.649193525314331
249th run
noise dimension : 27
noise variance: 300.1496276855469
original u-statistic:0.48894405364990234
p value proxy: 0.02657807245850563
result: True
power_upto_now: 0.650602400302887
250th run
noise dimension : 27
noise variance: 298.5628662109375
original u-statistic:1.3044090270996094
p value proxy: 0.003322259057313204
result: True
power_upto_now: 0.6520000100135803
251th run
noise dimension : 27
noise variance: 299.2068786621094
original u-statistic:0.2608764171600342
p value proxy: 0.13289035856723785
result: False
power_upto_now: 0.649402379989624
252th run
noise dimension : 27
noise variance: 298.3332824707031
original u-statistic:0.5657999515533447
p value proxy: 0.006644518114626408
result: True
power_upto_now: 0.6507936716079712
253th run
noise dimension : 27
noise variance: 299.72314453125
original u-statistic:0.6866216659545898
p value proxy: 0.003322259057313204
result: True
power_upto_now: 0.6521739363670349
254th run
noise dimension : 27
noise variance: 298.6322021484375
original u-statistic:0.8516254425048828
p value proxy: 0.003322259057313204
result: True
power_upto_now: 0.6535432934761047
255th run
noise dimension : 27
noise variance: 299.19000244140625
original u-statistic:0.5280332565307617
p value proxy: 0.023255813866853714
result: True
power_upto_now: 0.6549019813537598
256th run
noise dimension : 27
noise variance: 300.528076171875
original u-statistic:0.6047322750091553
p value proxy: 0.016611294820904732
result: True
power_upto_now: 0.65625
257th run
noise dimension : 27
noise variance: 298.972900390625
original u-statistic:0.45479559898376465
p value proxy: 0.039867110550403595
result: True
power_upto_now: 0.6575875282287598
258th run
noise dimension : 27
noise variance: 298.213134765625
original u-statistic:0.16421175003051758
p value proxy: 0.2458471655845642
result: False
power_upto_now: 0.6550387740135193
259th run
noise dimension : 27
noise variance: 299.1701354980469
original u-statistic:0.39910173416137695
p value proxy: 0.039867110550403595
result: True
power_upto_now: 0.6563706398010254
260th run
noise dimension : 27
noise variance: 298.34442138671875
original u-statistic:0.8581922054290771
p value proxy: 0.003322259057313204
result: True
power_upto_now: 0.6576923131942749
261th run
noise dimension : 27
noise variance: 298.05072021484375
original u-statistic:0.5840075016021729
p value proxy: 0.006644518114626408
result: True
power_upto_now: 0.6590038537979126
262th run
noise dimension : 27
noise variance: 298.7269592285156
original u-statistic:0.4149494171142578
p value proxy: 0.05315614491701126
result: False
power_upto_now: 0.6564885377883911
263th run
noise dimension : 27
noise variance: 298.3733215332031
original u-statistic:0.612389087677002
p value proxy: 0.019933555275201797
result: True
power_upto_now: 0.6577946543693542
264th run
noise dimension : 27
noise variance: 299.0065612792969
original u-statistic:1.0799126625061035
p value proxy: 0.003322259057313204
result: True
power_upto_now: 0.6590909361839294
265th run
noise dimension : 27
noise variance: 299.7090148925781
original u-statistic:0.381197452545166
p value proxy: 0.059800662100315094
result: False
power_upto_now: 0.6566037535667419
266th run
noise dimension : 27
noise variance: 298.4479064941406
original u-statistic:1.2054719924926758
p value proxy: 0.003322259057313204
result: True
power_upto_now: 0.6578947305679321
267th run
noise dimension : 27
noise variance: 298.19964599609375
original u-statistic:0.6235427856445312
p value proxy: 0.016611294820904732
result: True
power_upto_now: 0.6591760516166687
268th run
noise dimension : 27
noise variance: 299.9908447265625
original u-statistic:0.39963293075561523
p value proxy: 0.039867110550403595
result: True
power_upto_now: 0.6604477763175964
269th run
noise dimension : 27
noise variance: 298.3759765625
original u-statistic:0.25602221488952637
p value proxy: 0.13621261715888977
result: False
power_upto_now: 0.6579925417900085
270th run
noise dimension : 27
noise variance: 299.5001220703125
original u-statistic:0.2748730182647705
p value proxy: 0.09302325546741486
result: False
power_upto_now: 0.6555555462837219
271th run
noise dimension : 27
noise variance: 298.9963684082031
original u-statistic:0.12660551071166992
p value proxy: 0.2425249069929123
result: False
power_upto_now: 0.6531365513801575
272th run
noise dimension : 27
noise variance: 299.0718078613281
original u-statistic:0.26394128799438477
p value proxy: 0.13621261715888977
result: False
power_upto_now: 0.6507353186607361
273th run
noise dimension : 27
noise variance: 299.8656005859375
original u-statistic:0.6980853080749512
p value proxy: 0.003322259057313204
result: True
power_upto_now: 0.6520146727561951
274th run
noise dimension : 27
noise variance: 299.44317626953125
original u-statistic:0.0300750732421875
p value proxy: 0.43853819370269775
result: False
power_upto_now: 0.6496350169181824
275th run
noise dimension : 27
noise variance: 299.4835205078125
original u-statistic:0.7774453163146973
p value proxy: 0.006644518114626408
result: True
power_upto_now: 0.6509090662002563
276th run
noise dimension : 27
noise variance: 298.7988586425781
original u-statistic:0.4372236728668213
p value proxy: 0.05315614491701126
result: False
power_upto_now: 0.6485507488250732
277th run
noise dimension : 27
noise variance: 299.1761474609375
original u-statistic:0.9280369281768799
p value proxy: 0.003322259057313204
result: True
power_upto_now: 0.6498194932937622
278th run
noise dimension : 27
noise variance: 299.5879821777344
original u-statistic:0.6179606914520264
p value proxy: 0.016611294820904732
result: True
power_upto_now: 0.6510791182518005
279th run
noise dimension : 27
noise variance: 301.35491943359375
original u-statistic:0.2944974899291992
p value proxy: 0.11295680701732635
result: False
power_upto_now: 0.6487455368041992
280th run
noise dimension : 27
noise variance: 299.5263366699219
original u-statistic:0.16478419303894043
p value proxy: 0.2591361999511719
result: False
power_upto_now: 0.6464285850524902
281th run
noise dimension : 27
noise variance: 299.3065490722656
original u-statistic:0.9820647239685059
p value proxy: 0.003322259057313204
result: True
power_upto_now: 0.6476868391036987
282th run
noise dimension : 27
noise variance: 300.05816650390625
original u-statistic:0.26290273666381836
p value proxy: 0.11960132420063019
result: False
power_upto_now: 0.6453900933265686
283th run
noise dimension : 27
noise variance: 299.02508544921875
original u-statistic:0.38071703910827637
p value proxy: 0.059800662100315094
result: False
power_upto_now: 0.6431095600128174
284th run
noise dimension : 27
noise variance: 297.574951171875
original u-statistic:0.7324442863464355
p value proxy: 0.006644518114626408
result: True
power_upto_now: 0.6443662047386169
285th run
noise dimension : 27
noise variance: 299.23126220703125
original u-statistic:0.9334561824798584
p value proxy: 0.003322259057313204
result: True
power_upto_now: 0.6456140279769897
286th run
noise dimension : 27
noise variance: 299.3687438964844
original u-statistic:0.8430171012878418
p value proxy: 0.003322259057313204
result: True
power_upto_now: 0.6468531489372253
287th run
noise dimension : 27
noise variance: 299.26611328125
original u-statistic:0.34711384773254395
p value proxy: 0.09302325546741486
result: False
power_upto_now: 0.6445993185043335
288th run
noise dimension : 27
noise variance: 298.8278503417969
original u-statistic:0.5584878921508789
p value proxy: 0.006644518114626408
result: True
power_upto_now: 0.6458333134651184
289th run
noise dimension : 27
noise variance: 298.6772766113281
original u-statistic:0.5917305946350098
p value proxy: 0.009966777637600899
result: True
power_upto_now: 0.6470588445663452
290th run
noise dimension : 27
noise variance: 299.2793884277344
original u-statistic:0.09911394119262695
p value proxy: 0.31561461091041565
result: False
power_upto_now: 0.6448276042938232
291th run
noise dimension : 27
noise variance: 299.4672546386719
original u-statistic:0.43706750869750977
p value proxy: 0.05647840350866318
result: False
power_upto_now: 0.6426116824150085
292th run
noise dimension : 27
noise variance: 298.1507568359375
original u-statistic:0.467404842376709
p value proxy: 0.016611294820904732
result: True
power_upto_now: 0.6438356041908264
293th run
noise dimension : 27
noise variance: 299.3046569824219
original u-statistic:0.6329009532928467
p value proxy: 0.009966777637600899
result: True
power_upto_now: 0.6450511813163757
294th run
noise dimension : 27
noise variance: 298.75286865234375
original u-statistic:0.55655837059021
p value proxy: 0.009966777637600899
result: True
power_upto_now: 0.646258533000946
295th run
noise dimension : 27
noise variance: 299.0016784667969
original u-statistic:0.45113086700439453
p value proxy: 0.04318936914205551
result: True
power_upto_now: 0.6474575996398926
296th run
noise dimension : 27
noise variance: 298.9692687988281
original u-statistic:0.21036243438720703
p value proxy: 0.14950165152549744
result: False
power_upto_now: 0.6452702879905701
297th run
noise dimension : 27
noise variance: 299.4768371582031
original u-statistic:0.1455388069152832
p value proxy: 0.2259136140346527
result: False
power_upto_now: 0.6430976390838623
298th run
noise dimension : 27
noise variance: 299.44793701171875
original u-statistic:0.8142175674438477
p value proxy: 0.006644518114626408
result: True
power_upto_now: 0.6442952752113342
299th run
noise dimension : 27
noise variance: 297.7080993652344
original u-statistic:0.6921989917755127
p value proxy: 0.003322259057313204
result: True
power_upto_now: 0.6454849243164062
300th run
noise dimension : 27
noise variance: 298.2840270996094
original u-statistic:0.3765678405761719
p value proxy: 0.05315614491701126
result: False
power_upto_now: 0.6433333158493042
301th run
noise dimension : 27
noise variance: 298.529296875
original u-statistic:0.3865675926208496
p value proxy: 0.08637873828411102
result: False
power_upto_now: 0.6411960124969482
302th run
noise dimension : 27
noise variance: 298.1407470703125
original u-statistic:1.0570828914642334
p value proxy: 0.003322259057313204
result: True
power_upto_now: 0.6423841118812561
303th run
noise dimension : 27
noise variance: 299.21868896484375
original u-statistic:1.6627881526947021
p value proxy: 0.003322259057313204
result: True
power_upto_now: 0.6435643434524536
304th run
noise dimension : 27
noise variance: 299.8906555175781
original u-statistic:0.6136443614959717
p value proxy: 0.009966777637600899
result: True
power_upto_now: 0.6447368264198303
305th run
noise dimension : 27
noise variance: 299.5310363769531
original u-statistic:0.943274974822998
p value proxy: 0.003322259057313204
result: True
power_upto_now: 0.645901620388031
306th run
noise dimension : 27
noise variance: 298.36505126953125
original u-statistic:0.6199593544006348
p value proxy: 0.016611294820904732
result: True
power_upto_now: 0.6470588445663452
307th run
noise dimension : 27
noise variance: 298.98504638671875
original u-statistic:0.4534158706665039
p value proxy: 0.029900331050157547
result: True
power_upto_now: 0.6482084393501282
308th run
noise dimension : 27
noise variance: 299.04364013671875
original u-statistic:0.6349983215332031
p value proxy: 0.009966777637600899
result: True
power_upto_now: 0.649350643157959
309th run
noise dimension : 27
noise variance: 298.42510986328125
original u-statistic:0.1924452781677246
p value proxy: 0.19933554530143738
result: False
power_upto_now: 0.647249162197113
310th run
noise dimension : 27
noise variance: 297.1387939453125
original u-statistic:0.17028117179870605
p value proxy: 0.21926909685134888
result: False
power_upto_now: 0.6451612710952759
311th run
noise dimension : 27
noise variance: 299.20477294921875
original u-statistic:0.8656787872314453
p value proxy: 0.006644518114626408
result: True
power_upto_now: 0.6463022232055664
312th run
noise dimension : 27
noise variance: 298.2580871582031
original u-statistic:0.4894437789916992
p value proxy: 0.02657807245850563
result: True
power_upto_now: 0.6474359035491943
313th run
noise dimension : 27
noise variance: 298.5177917480469
original u-statistic:0.39910364151000977
p value proxy: 0.07308969646692276
result: False
power_upto_now: 0.6453673839569092
314th run
noise dimension : 27
noise variance: 298.8621520996094
original u-statistic:0.2643284797668457
p value proxy: 0.11627906560897827
result: False
power_upto_now: 0.6433120965957642
315th run
noise dimension : 27
noise variance: 299.39813232421875
original u-statistic:0.3064541816711426
p value proxy: 0.09302325546741486
result: False
power_upto_now: 0.641269862651825
316th run
noise dimension : 27
noise variance: 299.3852233886719
original u-statistic:0.43566083908081055
p value proxy: 0.049833886325359344
result: True
power_upto_now: 0.642405092716217
317th run
noise dimension : 27
noise variance: 298.2029724121094
original u-statistic:-0.06528663635253906
p value proxy: 0.6079733967781067
result: False
power_upto_now: 0.6403785347938538
318th run
noise dimension : 27
noise variance: 298.2889099121094
original u-statistic:0.7448477745056152
p value proxy: 0.009966777637600899
result: True
power_upto_now: 0.6415094137191772
319th run
noise dimension : 27
noise variance: 298.9624938964844
original u-statistic:0.49961328506469727
p value proxy: 0.019933555275201797
result: True
power_upto_now: 0.6426331996917725
320th run
noise dimension : 27
noise variance: 298.5609130859375
original u-statistic:0.631108283996582
p value proxy: 0.016611294820904732
result: True
power_upto_now: 0.643750011920929
321th run
noise dimension : 27
noise variance: 299.6666259765625
original u-statistic:0.6923608779907227
p value proxy: 0.013289036229252815
result: True
power_upto_now: 0.644859790802002
322th run
noise dimension : 27
noise variance: 299.3025207519531
original u-statistic:0.3133065700531006
p value proxy: 0.08970099687576294
result: False
power_upto_now: 0.6428571343421936
323th run
noise dimension : 27
noise variance: 298.99346923828125
original u-statistic:1.0146851539611816
p value proxy: 0.003322259057313204
result: True
power_upto_now: 0.6439628601074219
324th run
noise dimension : 27
noise variance: 299.31610107421875
original u-statistic:0.4654877185821533
p value proxy: 0.029900331050157547
result: True
power_upto_now: 0.645061731338501
325th run
noise dimension : 27
noise variance: 299.430908203125
original u-statistic:0.9693176746368408
p value proxy: 0.003322259057313204
result: True
power_upto_now: 0.6461538672447205
326th run
noise dimension : 27
noise variance: 299.79010009765625
original u-statistic:1.2352755069732666
p value proxy: 0.003322259057313204
result: True
power_upto_now: 0.6472392678260803
327th run
noise dimension : 27
noise variance: 298.79376220703125
original u-statistic:0.37244176864624023
p value proxy: 0.06976743787527084
result: False
power_upto_now: 0.6452599167823792
328th run
noise dimension : 27
noise variance: 299.0413818359375
original u-statistic:0.6710343360900879
p value proxy: 0.003322259057313204
result: True
power_upto_now: 0.6463414430618286
329th run
noise dimension : 27
noise variance: 298.52069091796875
original u-statistic:0.3875856399536133
p value proxy: 0.04318936914205551
result: True
power_upto_now: 0.6474164128303528
330th run
noise dimension : 27
noise variance: 298.5045166015625
original u-statistic:0.4079399108886719
p value proxy: 0.03654484823346138
result: True
power_upto_now: 0.6484848260879517
331th run
noise dimension : 27
noise variance: 299.2078552246094
original u-statistic:0.21337389945983887
p value proxy: 0.2059800624847412
result: False
power_upto_now: 0.6465256810188293
332th run
noise dimension : 27
noise variance: 298.3443908691406
original u-statistic:0.373028039932251
p value proxy: 0.09634551405906677
result: False
power_upto_now: 0.6445783376693726
333th run
noise dimension : 27
noise variance: 299.4458923339844
original u-statistic:-0.04481220245361328
p value proxy: 0.5514950156211853
result: False
power_upto_now: 0.642642617225647
334th run
noise dimension : 27
noise variance: 298.40234375
original u-statistic:0.3281519412994385
p value proxy: 0.059800662100315094
result: False
power_upto_now: 0.6407185792922974
335th run
noise dimension : 27
noise variance: 300.4961853027344
original u-statistic:0.17234039306640625
p value proxy: 0.22923587262630463
result: False
power_upto_now: 0.6388059854507446
336th run
noise dimension : 27
noise variance: 298.2816467285156
original u-statistic:0.2908163070678711
p value proxy: 0.09634551405906677
result: False
power_upto_now: 0.636904776096344
337th run
noise dimension : 27
noise variance: 298.9671630859375
original u-statistic:0.4933004379272461
p value proxy: 0.023255813866853714
result: True
power_upto_now: 0.637982189655304
338th run
noise dimension : 27
noise variance: 298.7994689941406
original u-statistic:0.47597360610961914
p value proxy: 0.02657807245850563
result: True
power_upto_now: 0.639053225517273
339th run
noise dimension : 27
noise variance: 297.8477478027344
original u-statistic:0.43482041358947754
p value proxy: 0.04318936914205551
result: True
power_upto_now: 0.6401180028915405
340th run
noise dimension : 27
noise variance: 297.45220947265625
original u-statistic:0.5486538410186768
p value proxy: 0.023255813866853714
result: True
power_upto_now: 0.6411764621734619
341th run
noise dimension : 27
noise variance: 298.7583923339844
original u-statistic:0.46015405654907227
p value proxy: 0.03654484823346138
result: True
power_upto_now: 0.6422287225723267
342th run
noise dimension : 27
noise variance: 298.2754211425781
original u-statistic:0.6617534160614014
p value proxy: 0.006644518114626408
result: True
power_upto_now: 0.6432748436927795
343th run
noise dimension : 27
noise variance: 298.0091857910156
original u-statistic:0.3439359664916992
p value proxy: 0.06644517928361893
result: False
power_upto_now: 0.6413994431495667
344th run
noise dimension : 27
noise variance: 299.7438659667969
original u-statistic:0.49954795837402344
p value proxy: 0.05647840350866318
result: False
power_upto_now: 0.6395348906517029
345th run
noise dimension : 27
noise variance: 298.0263977050781
original u-statistic:0.23997783660888672
p value proxy: 0.1827242523431778
result: False
power_upto_now: 0.6376811861991882
346th run
noise dimension : 27
noise variance: 298.4130859375
original u-statistic:0.34839344024658203
p value proxy: 0.0830564796924591
result: False
power_upto_now: 0.6358381509780884
347th run
noise dimension : 27
noise variance: 299.4779968261719
original u-statistic:0.34287309646606445
p value proxy: 0.07641195505857468
result: False
power_upto_now: 0.6340057849884033
348th run
noise dimension : 27
noise variance: 299.278076171875
original u-statistic:0.7506036758422852
p value proxy: 0.003322259057313204
result: True
power_upto_now: 0.6350574493408203
349th run
noise dimension : 27
noise variance: 299.298583984375
original u-statistic:0.8806896209716797
p value proxy: 0.003322259057313204
result: True
power_upto_now: 0.6361031532287598
350th run
noise dimension : 27
noise variance: 298.3905029296875
original u-statistic:0.2471768856048584
p value proxy: 0.13621261715888977
result: False
power_upto_now: 0.6342856884002686
351th run
noise dimension : 27
noise variance: 299.4611511230469
original u-statistic:0.35477304458618164
p value proxy: 0.08970099687576294
result: False
power_upto_now: 0.632478654384613
352th run
noise dimension : 27
noise variance: 298.5610046386719
original u-statistic:0.7838771343231201
p value proxy: 0.013289036229252815
result: True
power_upto_now: 0.6335227489471436
353th run
noise dimension : 27
noise variance: 298.8685302734375
original u-statistic:0.6083366870880127
p value proxy: 0.016611294820904732
result: True
power_upto_now: 0.6345608830451965
354th run
noise dimension : 27
noise variance: 298.5450134277344
original u-statistic:-0.010347843170166016
p value proxy: 0.45847174525260925
result: False
power_upto_now: 0.6327683329582214
355th run
noise dimension : 27
noise variance: 299.46771240234375
original u-statistic:0.00577235221862793
p value proxy: 0.3920265734195709
result: False
power_upto_now: 0.6309859156608582
356th run
noise dimension : 27
noise variance: 298.57000732421875
original u-statistic:0.623476505279541
p value proxy: 0.006644518114626408
result: True
power_upto_now: 0.632022500038147
357th run
noise dimension : 27
noise variance: 299.6410217285156
original u-statistic:0.36237478256225586
p value proxy: 0.049833886325359344
result: True
power_upto_now: 0.6330532431602478
358th run
noise dimension : 27
noise variance: 298.9601745605469
original u-statistic:0.16849851608276367
p value proxy: 0.23588038980960846
result: False
power_upto_now: 0.6312848925590515
359th run
noise dimension : 27
noise variance: 300.067626953125
original u-statistic:0.41931581497192383
p value proxy: 0.05647840350866318
result: False
power_upto_now: 0.6295264363288879
360th run
noise dimension : 27
noise variance: 299.249755859375
original u-statistic:0.8951785564422607
p value proxy: 0.003322259057313204
result: True
power_upto_now: 0.6305555701255798
361th run
noise dimension : 27
noise variance: 299.1481018066406
original u-statistic:0.47174882888793945
p value proxy: 0.033222589641809464
result: True
power_upto_now: 0.6315789222717285
362th run
noise dimension : 27
noise variance: 298.6317443847656
original u-statistic:0.48850274085998535
p value proxy: 0.033222589641809464
result: True
power_upto_now: 0.6325966715812683
363th run
noise dimension : 27
noise variance: 298.7231750488281
original u-statistic:0.5470311641693115
p value proxy: 0.019933555275201797
result: True
power_upto_now: 0.6336088180541992
364th run
noise dimension : 27
noise variance: 299.8547668457031
original u-statistic:1.4607415199279785
p value proxy: 0.003322259057313204
result: True
power_upto_now: 0.6346153616905212
365th run
noise dimension : 27
noise variance: 300.5547180175781
original u-statistic:0.21749258041381836
p value proxy: 0.12956809997558594
result: False
power_upto_now: 0.6328766942024231
366th run
noise dimension : 27
noise variance: 299.2215270996094
original u-statistic:0.35776615142822266
p value proxy: 0.06312292069196701
result: False
power_upto_now: 0.631147563457489
367th run
noise dimension : 27
noise variance: 299.48114013671875
original u-statistic:0.461681604385376
p value proxy: 0.023255813866853714
result: True
power_upto_now: 0.6321526169776917
368th run
noise dimension : 27
noise variance: 299.3523254394531
original u-statistic:0.09385204315185547
p value proxy: 0.2857142686843872
result: False
power_upto_now: 0.6304348111152649
369th run
noise dimension : 27
noise variance: 298.25946044921875
original u-statistic:0.2524092197418213
p value proxy: 0.1229235827922821
result: False
power_upto_now: 0.6287263035774231
370th run
noise dimension : 27
noise variance: 299.2604675292969
original u-statistic:0.8907713890075684
p value proxy: 0.003322259057313204
result: True
power_upto_now: 0.6297297477722168
371th run
noise dimension : 27
noise variance: 298.135498046875
original u-statistic:0.7793524265289307
p value proxy: 0.013289036229252815
result: True
power_upto_now: 0.6307277679443359
372th run
noise dimension : 27
noise variance: 300.07659912109375
original u-statistic:0.46245718002319336
p value proxy: 0.049833886325359344
result: True
power_upto_now: 0.6317204236984253
373th run
noise dimension : 27
noise variance: 298.86859130859375
original u-statistic:0.4504711627960205
p value proxy: 0.023255813866853714
result: True
power_upto_now: 0.6327077746391296
374th run
noise dimension : 27
noise variance: 299.04974365234375
original u-statistic:0.3092687129974365
p value proxy: 0.07641195505857468
result: False
power_upto_now: 0.6310160160064697
375th run
noise dimension : 27
noise variance: 299.0941162109375
original u-statistic:0.31882190704345703
p value proxy: 0.08970099687576294
result: False
power_upto_now: 0.6293333172798157
376th run
noise dimension : 27
noise variance: 299.437744140625
original u-statistic:-0.08580350875854492
p value proxy: 0.6212624311447144
result: False
power_upto_now: 0.6276595592498779
377th run
noise dimension : 27
noise variance: 299.7393493652344
original u-statistic:1.25136137008667
p value proxy: 0.003322259057313204
result: True
power_upto_now: 0.6286472082138062
378th run
noise dimension : 27
noise variance: 300.6559753417969
original u-statistic:0.8532660007476807
p value proxy: 0.003322259057313204
result: True
power_upto_now: 0.6296296119689941
379th run
noise dimension : 27
noise variance: 298.5248718261719
original u-statistic:0.46752238273620605
p value proxy: 0.019933555275201797
result: True
power_upto_now: 0.6306068897247314
380th run
noise dimension : 27
noise variance: 299.6203918457031
original u-statistic:0.8427536487579346
p value proxy: 0.006644518114626408
result: True
power_upto_now: 0.6315789222717285
381th run
noise dimension : 27
noise variance: 298.5933837890625
original u-statistic:0.589698076248169
p value proxy: 0.013289036229252815
result: True
power_upto_now: 0.6325459480285645
382th run
noise dimension : 27
noise variance: 299.4998474121094
original u-statistic:0.3054463863372803
p value proxy: 0.09302325546741486
result: False
power_upto_now: 0.6308900713920593
383th run
noise dimension : 27
noise variance: 298.35260009765625
original u-statistic:0.3520350456237793
p value proxy: 0.09302325546741486
result: False
power_upto_now: 0.6292428374290466
384th run
noise dimension : 27
noise variance: 299.5448303222656
original u-statistic:0.26050519943237305
p value proxy: 0.10963454842567444
result: False
power_upto_now: 0.6276041865348816
385th run
noise dimension : 27
noise variance: 299.3497009277344
original u-statistic:0.8282546997070312
p value proxy: 0.009966777637600899
result: True
power_upto_now: 0.6285714507102966
386th run
noise dimension : 27
noise variance: 299.0484924316406
original u-statistic:0.29871129989624023
p value proxy: 0.10631228983402252
result: False
power_upto_now: 0.6269429922103882
387th run
noise dimension : 27
noise variance: 298.29388427734375
original u-statistic:0.3938782215118408
p value proxy: 0.04651162773370743
result: True
power_upto_now: 0.6279069781303406
388th run
noise dimension : 27
noise variance: 297.3421630859375
original u-statistic:0.625260591506958
p value proxy: 0.006644518114626408
result: True
power_upto_now: 0.6288659572601318
389th run
noise dimension : 27
noise variance: 299.2036437988281
original u-statistic:1.1051239967346191
p value proxy: 0.003322259057313204
result: True
power_upto_now: 0.6298200488090515
390th run
noise dimension : 27
noise variance: 299.12371826171875
original u-statistic:0.30965280532836914
p value proxy: 0.09634551405906677
result: False
power_upto_now: 0.6282051205635071
391th run
noise dimension : 27
noise variance: 299.73193359375
original u-statistic:0.37039756774902344
p value proxy: 0.05647840350866318
result: False
power_upto_now: 0.6265984773635864
392th run
noise dimension : 27
noise variance: 298.77874755859375
original u-statistic:0.48481035232543945
p value proxy: 0.04318936914205551
result: True
power_upto_now: 0.6275510191917419
393th run
noise dimension : 27
noise variance: 298.23760986328125
original u-statistic:0.11632061004638672
p value proxy: 0.2657807171344757
result: False
power_upto_now: 0.6259542107582092
394th run
noise dimension : 27
noise variance: 298.0352783203125
original u-statistic:0.39409852027893066
p value proxy: 0.03654484823346138
result: True
power_upto_now: 0.6269035339355469
395th run
noise dimension : 27
noise variance: 299.00018310546875
original u-statistic:0.3854069709777832
p value proxy: 0.049833886325359344
result: True
power_upto_now: 0.6278480887413025
396th run
noise dimension : 27
noise variance: 299.0290222167969
original u-statistic:0.39708948135375977
p value proxy: 0.05315614491701126
result: False
power_upto_now: 0.6262626051902771
397th run
noise dimension : 27
noise variance: 299.19976806640625
original u-statistic:1.439265489578247
p value proxy: 0.003322259057313204
result: True
power_upto_now: 0.6272040009498596
398th run
noise dimension : 27
noise variance: 299.1628112792969
original u-statistic:0.6375565528869629
p value proxy: 0.003322259057313204
result: True
power_upto_now: 0.6281406879425049
399th run
noise dimension : 27
noise variance: 298.8918762207031
original u-statistic:0.4499552249908447
p value proxy: 0.016611294820904732
result: True
power_upto_now: 0.6290726661682129
400th run
noise dimension : 27
noise variance: 298.6650085449219
original u-statistic:0.88916015625
p value proxy: 0.003322259057313204
result: True
power_upto_now: 0.6299999952316284
401th run
noise dimension : 27
noise variance: 298.33013916015625
original u-statistic:0.5750243663787842
p value proxy: 0.006644518114626408
result: True
power_upto_now: 0.6309226751327515
402th run
noise dimension : 27
noise variance: 299.11456298828125
original u-statistic:0.770388126373291
p value proxy: 0.006644518114626408
result: True
power_upto_now: 0.6318408250808716
403th run
noise dimension : 27
noise variance: 298.6768798828125
original u-statistic:0.3079869747161865
p value proxy: 0.12624584138393402
result: False
power_upto_now: 0.6302729249000549
404th run
noise dimension : 27
noise variance: 298.6822509765625
original u-statistic:0.5509986877441406
p value proxy: 0.02657807245850563
result: True
power_upto_now: 0.6311880946159363
405th run
noise dimension : 27
noise variance: 299.6128845214844
original u-statistic:-0.09851288795471191
p value proxy: 0.6578072905540466
result: False
power_upto_now: 0.6296296119689941
406th run
noise dimension : 27
noise variance: 298.2357177734375
original u-statistic:0.2858161926269531
p value proxy: 0.13289035856723785
result: False
power_upto_now: 0.628078818321228
407th run
noise dimension : 27
noise variance: 297.40142822265625
original u-statistic:0.6779375076293945
p value proxy: 0.009966777637600899
result: True
power_upto_now: 0.6289926171302795
408th run
noise dimension : 27
noise variance: 299.86395263671875
original u-statistic:0.686913251876831
p value proxy: 0.006644518114626408
result: True
power_upto_now: 0.6299019455909729
409th run
noise dimension : 27
noise variance: 299.3801574707031
original u-statistic:-0.10063409805297852
p value proxy: 0.674418568611145
result: False
power_upto_now: 0.6283618807792664
410th run
noise dimension : 27
noise variance: 298.9998474121094
original u-statistic:0.38212013244628906
p value proxy: 0.05647840350866318
result: False
power_upto_now: 0.6268292665481567
411th run
noise dimension : 27
noise variance: 298.2812805175781
original u-statistic:0.712597131729126
p value proxy: 0.013289036229252815
result: True
power_upto_now: 0.6277372241020203
412th run
noise dimension : 27
noise variance: 298.964599609375
original u-statistic:0.7497615814208984
p value proxy: 0.009966777637600899
result: True
power_upto_now: 0.6286407709121704
413th run
noise dimension : 27
noise variance: 298.70416259765625
original u-statistic:0.6452853679656982
p value proxy: 0.006644518114626408
result: True
power_upto_now: 0.629539966583252
414th run
noise dimension : 27
noise variance: 299.35552978515625
original u-statistic:0.5174942016601562
p value proxy: 0.013289036229252815
result: True
power_upto_now: 0.6304348111152649
415th run
noise dimension : 27
noise variance: 298.7161560058594
original u-statistic:0.3365309238433838
p value proxy: 0.08970099687576294
result: False
power_upto_now: 0.6289156675338745
416th run
noise dimension : 27
noise variance: 298.2906799316406
original u-statistic:0.17042756080627441
p value proxy: 0.19269102811813354
result: False
power_upto_now: 0.6274038553237915
417th run
noise dimension : 27
noise variance: 299.1886291503906
original u-statistic:0.2913825511932373
p value proxy: 0.10631228983402252
result: False
power_upto_now: 0.6258992552757263
418th run
noise dimension : 27
noise variance: 299.6595458984375
original u-statistic:0.3830265998840332
p value proxy: 0.06976743787527084
result: False
power_upto_now: 0.6244019269943237
419th run
noise dimension : 27
noise variance: 299.61407470703125
original u-statistic:-0.11310219764709473
p value proxy: 0.6677740812301636
result: False
power_upto_now: 0.6229116916656494
420th run
noise dimension : 27
noise variance: 298.8413391113281
original u-statistic:0.35820674896240234
p value proxy: 0.07308969646692276
result: False
power_upto_now: 0.6214285492897034
421th run
noise dimension : 27
noise variance: 298.7894592285156
original u-statistic:0.06402826309204102
p value proxy: 0.39534881711006165
result: False
power_upto_now: 0.6199524998664856
422th run
noise dimension : 27
noise variance: 298.6990661621094
original u-statistic:0.7158691883087158
p value proxy: 0.003322259057313204
result: True
power_upto_now: 0.620853066444397
423th run
noise dimension : 27
noise variance: 298.4009094238281
original u-statistic:0.003098726272583008
p value proxy: 0.46179401874542236
result: False
power_upto_now: 0.6193853616714478
424th run
noise dimension : 27
noise variance: 298.3431701660156
original u-statistic:0.5792098045349121
p value proxy: 0.013289036229252815
result: True
power_upto_now: 0.6202830076217651
425th run
noise dimension : 27
noise variance: 299.37237548828125
original u-statistic:0.21297931671142578
p value proxy: 0.20930232107639313
result: False
power_upto_now: 0.6188235282897949
426th run
noise dimension : 27
noise variance: 298.7815246582031
original u-statistic:1.3932836055755615
p value proxy: 0.003322259057313204
result: True
power_upto_now: 0.6197183132171631
427th run
noise dimension : 27
noise variance: 299.473876953125
original u-statistic:0.4512479305267334
p value proxy: 0.039867110550403595
result: True
power_upto_now: 0.620608925819397
428th run
noise dimension : 27
noise variance: 299.5777282714844
original u-statistic:0.484727144241333
p value proxy: 0.023255813866853714
result: True
power_upto_now: 0.6214953064918518
429th run
noise dimension : 27
noise variance: 299.2673034667969
original u-statistic:0.36830878257751465
p value proxy: 0.07308969646692276
result: False
power_upto_now: 0.6200466156005859
430th run
noise dimension : 27
noise variance: 299.99542236328125
original u-statistic:0.402529239654541
p value proxy: 0.03654484823346138
result: True
power_upto_now: 0.6209302544593811
431th run
noise dimension : 27
noise variance: 298.63323974609375
original u-statistic:0.43726372718811035
p value proxy: 0.049833886325359344
result: True
power_upto_now: 0.621809720993042
432th run
noise dimension : 27
noise variance: 298.62646484375
original u-statistic:0.3090991973876953
p value proxy: 0.1029900312423706
result: False
power_upto_now: 0.6203703880310059
433th run
noise dimension : 27
noise variance: 298.72503662109375
original u-statistic:0.6314191818237305
p value proxy: 0.003322259057313204
result: True
power_upto_now: 0.6212471127510071
434th run
noise dimension : 27
noise variance: 299.7767333984375
original u-statistic:1.1080267429351807
p value proxy: 0.003322259057313204
result: True
power_upto_now: 0.6221198439598083
435th run
noise dimension : 27
noise variance: 299.3138427734375
original u-statistic:1.1335017681121826
p value proxy: 0.003322259057313204
result: True
power_upto_now: 0.6229885220527649
436th run
noise dimension : 27
noise variance: 297.4875793457031
original u-statistic:0.7103009223937988
p value proxy: 0.006644518114626408
result: True
power_upto_now: 0.6238532066345215
437th run
noise dimension : 27
noise variance: 297.6720886230469
original u-statistic:0.49031615257263184
p value proxy: 0.039867110550403595
result: True
power_upto_now: 0.6247139573097229
438th run
noise dimension : 27
noise variance: 299.5914306640625
original u-statistic:0.6989560127258301
p value proxy: 0.013289036229252815
result: True
power_upto_now: 0.6255707740783691
439th run
noise dimension : 27
noise variance: 299.2727966308594
original u-statistic:0.6770889759063721
p value proxy: 0.003322259057313204
result: True
power_upto_now: 0.626423716545105
440th run
noise dimension : 27
noise variance: 298.24884033203125
original u-statistic:1.0000581741333008
p value proxy: 0.003322259057313204
result: True
power_upto_now: 0.6272727251052856
441th run
noise dimension : 27
noise variance: 300.8800048828125
original u-statistic:0.31508708000183105
p value proxy: 0.0830564796924591
result: False
power_upto_now: 0.6258503198623657
442th run
noise dimension : 27
noise variance: 298.7120666503906
original u-statistic:0.7708601951599121
p value proxy: 0.003322259057313204
result: True
power_upto_now: 0.6266968250274658
443th run
noise dimension : 27
noise variance: 298.746826171875
original u-statistic:0.874990701675415
p value proxy: 0.003322259057313204
result: True
power_upto_now: 0.6275395154953003
444th run
noise dimension : 27
noise variance: 299.4823913574219
original u-statistic:0.2714674472808838
p value proxy: 0.08970099687576294
result: False
power_upto_now: 0.6261261105537415
445th run
noise dimension : 27
noise variance: 299.02593994140625
original u-statistic:1.1322245597839355
p value proxy: 0.003322259057313204
result: True
power_upto_now: 0.6269662976264954
446th run
noise dimension : 27
noise variance: 300.005859375
original u-statistic:0.7894694805145264
p value proxy: 0.003322259057313204
result: True
power_upto_now: 0.6278026700019836
447th run
noise dimension : 27
noise variance: 299.5311584472656
original u-statistic:1.1877703666687012
p value proxy: 0.003322259057313204
result: True
power_upto_now: 0.6286353468894958
448th run
noise dimension : 27
noise variance: 299.82330322265625
original u-statistic:0.08653926849365234
p value proxy: 0.3089700937271118
result: False
power_upto_now: 0.6272321343421936
449th run
noise dimension : 27
noise variance: 298.68695068359375
original u-statistic:0.21435117721557617
p value proxy: 0.1661129593849182
result: False
power_upto_now: 0.6258351802825928
450th run
noise dimension : 27
noise variance: 298.5242004394531
original u-statistic:0.10757231712341309
p value proxy: 0.2657807171344757
result: False
power_upto_now: 0.6244444251060486
451th run
noise dimension : 27
noise variance: 299.6127624511719
original u-statistic:0.0295867919921875
p value proxy: 0.41528236865997314
result: False
power_upto_now: 0.623059868812561
452th run
noise dimension : 27
noise variance: 299.2257385253906
original u-statistic:1.0252950191497803
p value proxy: 0.003322259057313204
result: True
power_upto_now: 0.6238937973976135
453th run
noise dimension : 27
noise variance: 298.8353576660156
original u-statistic:0.7555527687072754
p value proxy: 0.003322259057313204
result: True
power_upto_now: 0.6247240900993347
454th run
noise dimension : 27
noise variance: 298.13739013671875
original u-statistic:0.14362740516662598
p value proxy: 0.2225913554430008
result: False
power_upto_now: 0.6233479976654053
455th run
noise dimension : 27
noise variance: 298.8763732910156
original u-statistic:0.9911181926727295
p value proxy: 0.003322259057313204
result: True
power_upto_now: 0.6241758465766907
456th run
noise dimension : 27
noise variance: 299.4609069824219
original u-statistic:0.636925220489502
p value proxy: 0.009966777637600899
result: True
power_upto_now: 0.625
457th run
noise dimension : 27
noise variance: 298.4588928222656
original u-statistic:0.7305827140808105
p value proxy: 0.003322259057313204
result: True
power_upto_now: 0.6258205771446228
458th run
noise dimension : 27
noise variance: 298.3113708496094
original u-statistic:0.5903308391571045
p value proxy: 0.016611294820904732
result: True
power_upto_now: 0.6266375780105591
459th run
noise dimension : 27
noise variance: 298.2817687988281
original u-statistic:0.4801461696624756
p value proxy: 0.029900331050157547
result: True
power_upto_now: 0.6274510025978088
460th run
noise dimension : 27
noise variance: 298.822021484375
original u-statistic:1.1222326755523682
p value proxy: 0.003322259057313204
result: True
power_upto_now: 0.6282608509063721
461th run
noise dimension : 27
noise variance: 298.5027160644531
original u-statistic:0.3663806915283203
p value proxy: 0.049833886325359344
result: True
power_upto_now: 0.6290672421455383
462th run
noise dimension : 27
noise variance: 299.88958740234375
original u-statistic:0.7260458469390869
p value proxy: 0.009966777637600899
result: True
power_upto_now: 0.6298701167106628
463th run
noise dimension : 27
noise variance: 300.0308837890625
original u-statistic:0.2803158760070801
p value proxy: 0.12624584138393402
result: False
power_upto_now: 0.6285097002983093
464th run
noise dimension : 27
noise variance: 298.27593994140625
original u-statistic:-0.028754472732543945
p value proxy: 0.5282391905784607
result: False
power_upto_now: 0.6271551847457886
465th run
noise dimension : 27
noise variance: 298.38909912109375
original u-statistic:0.2902839183807373
p value proxy: 0.10631228983402252
result: False
power_upto_now: 0.625806450843811
466th run
noise dimension : 27
noise variance: 300.4601745605469
original u-statistic:0.4199521541595459
p value proxy: 0.05647840350866318
result: False
power_upto_now: 0.6244634985923767
467th run
noise dimension : 27
noise variance: 299.4978332519531
original u-statistic:0.8779082298278809
p value proxy: 0.003322259057313204
result: True
power_upto_now: 0.6252676844596863
468th run
noise dimension : 27
noise variance: 298.38214111328125
original u-statistic:1.1462929248809814
p value proxy: 0.003322259057313204
result: True
power_upto_now: 0.6260683536529541
469th run
noise dimension : 27
noise variance: 297.8927307128906
original u-statistic:0.12225198745727539
p value proxy: 0.27574750781059265
result: False
power_upto_now: 0.6247334480285645
470th run
noise dimension : 27
noise variance: 298.66217041015625
original u-statistic:0.8565502166748047
p value proxy: 0.003322259057313204
result: True
power_upto_now: 0.6255319118499756
471th run
noise dimension : 27
noise variance: 299.35540771484375
original u-statistic:0.3969709873199463
p value proxy: 0.059800662100315094
result: False
power_upto_now: 0.6242038011550903
472th run
noise dimension : 27
noise variance: 300.9013671875
original u-statistic:0.18051981925964355
p value proxy: 0.21262457966804504
result: False
power_upto_now: 0.6228813529014587
473th run
noise dimension : 27
noise variance: 299.70556640625
original u-statistic:0.6200964450836182
p value proxy: 0.006644518114626408
result: True
power_upto_now: 0.6236786246299744
474th run
noise dimension : 27
noise variance: 297.9374694824219
original u-statistic:0.12612485885620117
p value proxy: 0.262458473443985
result: False
power_upto_now: 0.6223628520965576
475th run
noise dimension : 27
noise variance: 298.0576477050781
original u-statistic:0.3961679935455322
p value proxy: 0.039867110550403595
result: True
power_upto_now: 0.6231579184532166
476th run
noise dimension : 27
noise variance: 297.8687438964844
original u-statistic:1.3233370780944824
p value proxy: 0.003322259057313204
result: True
power_upto_now: 0.6239495873451233
477th run
noise dimension : 27
noise variance: 299.1286926269531
original u-statistic:0.3365004062652588
p value proxy: 0.1029900312423706
result: False
power_upto_now: 0.6226415038108826
478th run
noise dimension : 27
noise variance: 298.21875
original u-statistic:0.044864654541015625
p value proxy: 0.3521594703197479
result: False
power_upto_now: 0.6213389039039612
479th run
noise dimension : 27
noise variance: 298.6748962402344
original u-statistic:0.280040979385376
p value proxy: 0.13289035856723785
result: False
power_upto_now: 0.6200417280197144
480th run
noise dimension : 27
noise variance: 298.82623291015625
original u-statistic:0.8676972389221191
p value proxy: 0.006644518114626408
result: True
power_upto_now: 0.6208333373069763
481th run
noise dimension : 27
noise variance: 299.11383056640625
original u-statistic:0.23475027084350586
p value proxy: 0.14617939293384552
result: False
power_upto_now: 0.6195425987243652
482th run
noise dimension : 27
noise variance: 297.8570251464844
original u-statistic:0.7761626243591309
p value proxy: 0.003322259057313204
result: True
power_upto_now: 0.6203319430351257
483th run
noise dimension : 27
noise variance: 299.7262878417969
original u-statistic:0.9699475765228271
p value proxy: 0.003322259057313204
result: True
power_upto_now: 0.6211180090904236
484th run
noise dimension : 27
noise variance: 298.44989013671875
original u-statistic:0.41276097297668457
p value proxy: 0.033222589641809464
result: True
power_upto_now: 0.6219007968902588
485th run
noise dimension : 27
noise variance: 300.63372802734375
original u-statistic:0.6185817718505859
p value proxy: 0.013289036229252815
result: True
power_upto_now: 0.6226804256439209
486th run
noise dimension : 27
noise variance: 298.66259765625
original u-statistic:0.13347172737121582
p value proxy: 0.2790697515010834
result: False
power_upto_now: 0.6213991641998291
487th run
noise dimension : 27
noise variance: 298.9101867675781
original u-statistic:0.7878830432891846
p value proxy: 0.003322259057313204
result: True
power_upto_now: 0.6221765875816345
488th run
noise dimension : 27
noise variance: 299.52862548828125
original u-statistic:0.5162022113800049
p value proxy: 0.013289036229252815
result: True
power_upto_now: 0.6229507923126221
489th run
noise dimension : 27
noise variance: 297.67498779296875
original u-statistic:0.1623060703277588
p value proxy: 0.21594683825969696
result: False
power_upto_now: 0.6216768622398376
490th run
noise dimension : 27
noise variance: 299.86572265625
original u-statistic:0.6781275272369385
p value proxy: 0.006644518114626408
result: True
power_upto_now: 0.6224489808082581
491th run
noise dimension : 27
noise variance: 299.1826171875
original u-statistic:0.07711124420166016
p value proxy: 0.3255814015865326
result: False
power_upto_now: 0.6211812496185303
492th run
noise dimension : 27
noise variance: 299.0724182128906
original u-statistic:0.09406280517578125
p value proxy: 0.382059782743454
result: False
power_upto_now: 0.619918704032898
493th run
noise dimension : 27
noise variance: 299.1875915527344
original u-statistic:0.4832463264465332
p value proxy: 0.02657807245850563
result: True
power_upto_now: 0.6206896305084229
494th run
noise dimension : 27
noise variance: 298.1988830566406
original u-statistic:0.5457649230957031
p value proxy: 0.016611294820904732
result: True
power_upto_now: 0.6214575171470642
495th run
noise dimension : 27
noise variance: 299.65179443359375
original u-statistic:0.40660762786865234
p value proxy: 0.04651162773370743
result: True
power_upto_now: 0.6222222447395325
496th run
noise dimension : 27
noise variance: 298.77569580078125
original u-statistic:0.40065813064575195
p value proxy: 0.05647840350866318
result: False
power_upto_now: 0.6209677457809448
497th run
noise dimension : 27
noise variance: 298.4041442871094
original u-statistic:0.9022829532623291
p value proxy: 0.003322259057313204
result: True
power_upto_now: 0.621730387210846
498th run
noise dimension : 27
noise variance: 299.3002624511719
original u-statistic:0.7486982345581055
p value proxy: 0.009966777637600899
result: True
power_upto_now: 0.6224899888038635
499th run
noise dimension : 27
noise variance: 298.60015869140625
original u-statistic:0.6465485095977783
p value proxy: 0.006644518114626408
result: True
power_upto_now: 0.6232464909553528
500th run
noise dimension : 27
noise variance: 299.0433349609375
original u-statistic:0.40752410888671875
p value proxy: 0.04318936914205551
result: True
power_upto_now: 0.6240000128746033
power estimate : 0.6240000128746033
elapsed time: 6742.705094337463
