job started
cuda available: True
code run on device:: cuda:0

n1 = 20000, n2 = 20000,

kappa = 3, alpha = 1.2,

gamma = 0.05, nTests = 500,

B = 300

1th run
noise dimension : 27
noise variance: 150.13336181640625
original u-statistic:0.5630059242248535
p value proxy: 0.003322259057313204
result: True
power_upto_now: 1.0
2th run
noise dimension : 27
noise variance: 149.95115661621094
original u-statistic:0.11368417739868164
p value proxy: 0.11960132420063019
result: False
power_upto_now: 0.5
3th run
noise dimension : 27
noise variance: 150.3203582763672
original u-statistic:0.28397703170776367
p value proxy: 0.019933555275201797
result: True
power_upto_now: 0.6666666865348816
4th run
noise dimension : 27
noise variance: 149.66998291015625
original u-statistic:0.7403645515441895
p value proxy: 0.003322259057313204
result: True
power_upto_now: 0.75
5th run
noise dimension : 27
noise variance: 149.9597930908203
original u-statistic:0.6174721717834473
p value proxy: 0.003322259057313204
result: True
power_upto_now: 0.800000011920929
6th run
noise dimension : 27
noise variance: 149.79820251464844
original u-statistic:0.4604218006134033
p value proxy: 0.006644518114626408
result: True
power_upto_now: 0.8333333134651184
7th run
noise dimension : 27
noise variance: 149.7606201171875
original u-statistic:0.4226701259613037
p value proxy: 0.003322259057313204
result: True
power_upto_now: 0.8571428656578064
8th run
noise dimension : 27
noise variance: 149.9364471435547
original u-statistic:0.35184741020202637
p value proxy: 0.003322259057313204
result: True
power_upto_now: 0.875
9th run
noise dimension : 27
noise variance: 149.49371337890625
original u-statistic:0.556037425994873
p value proxy: 0.003322259057313204
result: True
power_upto_now: 0.8888888955116272
10th run
noise dimension : 27
noise variance: 150.04547119140625
original u-statistic:0.34481096267700195
p value proxy: 0.006644518114626408
result: True
power_upto_now: 0.8999999761581421
11th run
noise dimension : 27
noise variance: 149.64073181152344
original u-statistic:0.8128769397735596
p value proxy: 0.003322259057313204
result: True
power_upto_now: 0.9090909361839294
12th run
noise dimension : 27
noise variance: 149.82518005371094
original u-statistic:0.4179377555847168
p value proxy: 0.006644518114626408
result: True
power_upto_now: 0.9166666865348816
13th run
noise dimension : 27
noise variance: 150.34039306640625
original u-statistic:0.48186254501342773
p value proxy: 0.003322259057313204
result: True
power_upto_now: 0.9230769276618958
14th run
noise dimension : 27
noise variance: 150.24954223632812
original u-statistic:0.46851348876953125
p value proxy: 0.003322259057313204
result: True
power_upto_now: 0.9285714030265808
15th run
noise dimension : 27
noise variance: 150.35076904296875
original u-statistic:0.5357058048248291
p value proxy: 0.003322259057313204
result: True
power_upto_now: 0.9333333373069763
16th run
noise dimension : 27
noise variance: 150.27732849121094
original u-statistic:0.3284730911254883
p value proxy: 0.009966777637600899
result: True
power_upto_now: 0.9375
17th run
noise dimension : 27
noise variance: 149.7571258544922
original u-statistic:0.8795819282531738
p value proxy: 0.003322259057313204
result: True
power_upto_now: 0.9411764740943909
18th run
noise dimension : 27
noise variance: 150.5067901611328
original u-statistic:0.3880462646484375
p value proxy: 0.006644518114626408
result: True
power_upto_now: 0.9444444179534912
19th run
noise dimension : 27
noise variance: 149.90890502929688
original u-statistic:0.6746735572814941
p value proxy: 0.003322259057313204
result: True
power_upto_now: 0.9473684430122375
20th run
noise dimension : 27
noise variance: 149.97879028320312
original u-statistic:0.4374501705169678
p value proxy: 0.003322259057313204
result: True
power_upto_now: 0.949999988079071
21th run
noise dimension : 27
noise variance: 150.24758911132812
original u-statistic:0.2572133541107178
p value proxy: 0.04318936914205551
result: True
power_upto_now: 0.9523809552192688
22th run
noise dimension : 27
noise variance: 149.81356811523438
original u-statistic:0.7532744407653809
p value proxy: 0.003322259057313204
result: True
power_upto_now: 0.9545454382896423
23th run
noise dimension : 27
noise variance: 149.89495849609375
original u-statistic:0.6133620738983154
p value proxy: 0.003322259057313204
result: True
power_upto_now: 0.95652174949646
24th run
noise dimension : 27
noise variance: 149.84486389160156
original u-statistic:0.20218467712402344
p value proxy: 0.06312292069196701
result: False
power_upto_now: 0.9166666865348816
25th run
noise dimension : 27
noise variance: 150.0382843017578
original u-statistic:0.6922092437744141
p value proxy: 0.003322259057313204
result: True
power_upto_now: 0.9200000166893005
26th run
noise dimension : 27
noise variance: 150.08694458007812
original u-statistic:0.354097843170166
p value proxy: 0.006644518114626408
result: True
power_upto_now: 0.9230769276618958
27th run
noise dimension : 27
noise variance: 150.16937255859375
original u-statistic:0.5801904201507568
p value proxy: 0.003322259057313204
result: True
power_upto_now: 0.9259259104728699
28th run
noise dimension : 27
noise variance: 149.8620147705078
original u-statistic:0.4966318607330322
p value proxy: 0.003322259057313204
result: True
power_upto_now: 0.9285714030265808
29th run
noise dimension : 27
noise variance: 150.59439086914062
original u-statistic:0.4390113353729248
p value proxy: 0.003322259057313204
result: True
power_upto_now: 0.931034505367279
30th run
noise dimension : 27
noise variance: 149.77392578125
original u-statistic:0.7258155345916748
p value proxy: 0.003322259057313204
result: True
power_upto_now: 0.9333333373069763
31th run
noise dimension : 27
noise variance: 149.2942657470703
original u-statistic:0.5917332172393799
p value proxy: 0.003322259057313204
result: True
power_upto_now: 0.9354838728904724
32th run
noise dimension : 27
noise variance: 149.63970947265625
original u-statistic:0.811974287033081
p value proxy: 0.003322259057313204
result: True
power_upto_now: 0.9375
33th run
noise dimension : 27
noise variance: 149.65383911132812
original u-statistic:0.2776212692260742
p value proxy: 0.016611294820904732
result: True
power_upto_now: 0.939393937587738
34th run
noise dimension : 27
noise variance: 149.80441284179688
original u-statistic:0.5201568603515625
p value proxy: 0.003322259057313204
result: True
power_upto_now: 0.9411764740943909
35th run
noise dimension : 27
noise variance: 150.60133361816406
original u-statistic:0.6532540321350098
p value proxy: 0.003322259057313204
result: True
power_upto_now: 0.9428571462631226
36th run
noise dimension : 27
noise variance: 149.4327392578125
original u-statistic:0.28403377532958984
p value proxy: 0.019933555275201797
result: True
power_upto_now: 0.9444444179534912
37th run
noise dimension : 27
noise variance: 149.65834045410156
original u-statistic:0.7787754535675049
p value proxy: 0.003322259057313204
result: True
power_upto_now: 0.9459459185600281
38th run
noise dimension : 27
noise variance: 149.9156951904297
original u-statistic:0.4135007858276367
p value proxy: 0.003322259057313204
result: True
power_upto_now: 0.9473684430122375
39th run
noise dimension : 27
noise variance: 150.61175537109375
original u-statistic:0.7341213226318359
p value proxy: 0.003322259057313204
result: True
power_upto_now: 0.9487179517745972
40th run
noise dimension : 27
noise variance: 150.1626434326172
original u-statistic:0.29994630813598633
p value proxy: 0.019933555275201797
result: True
power_upto_now: 0.949999988079071
41th run
noise dimension : 27
noise variance: 149.83602905273438
original u-statistic:0.5290665626525879
p value proxy: 0.003322259057313204
result: True
power_upto_now: 0.9512194991111755
42th run
noise dimension : 27
noise variance: 150.47247314453125
original u-statistic:0.7894904613494873
p value proxy: 0.003322259057313204
result: True
power_upto_now: 0.9523809552192688
43th run
noise dimension : 27
noise variance: 149.78614807128906
original u-statistic:0.48207998275756836
p value proxy: 0.003322259057313204
result: True
power_upto_now: 0.9534883499145508
44th run
noise dimension : 27
noise variance: 150.03506469726562
original u-statistic:0.4099748134613037
p value proxy: 0.003322259057313204
result: True
power_upto_now: 0.9545454382896423
45th run
noise dimension : 27
noise variance: 149.911376953125
original u-statistic:0.222151517868042
p value proxy: 0.039867110550403595
result: True
power_upto_now: 0.9555555582046509
46th run
noise dimension : 27
noise variance: 150.1463165283203
original u-statistic:0.32211875915527344
p value proxy: 0.006644518114626408
result: True
power_upto_now: 0.95652174949646
47th run
noise dimension : 27
noise variance: 149.45079040527344
original u-statistic:0.36982083320617676
p value proxy: 0.009966777637600899
result: True
power_upto_now: 0.957446813583374
48th run
noise dimension : 27
noise variance: 149.5258331298828
original u-statistic:0.37264084815979004
p value proxy: 0.006644518114626408
result: True
power_upto_now: 0.9583333134651184
49th run
noise dimension : 27
noise variance: 149.89002990722656
original u-statistic:0.8432455062866211
p value proxy: 0.003322259057313204
result: True
power_upto_now: 0.9591836929321289
50th run
noise dimension : 27
noise variance: 150.1182403564453
original u-statistic:0.49121928215026855
p value proxy: 0.003322259057313204
result: True
power_upto_now: 0.9599999785423279
51th run
noise dimension : 27
noise variance: 149.861083984375
original u-statistic:0.3106060028076172
p value proxy: 0.013289036229252815
result: True
power_upto_now: 0.9607843160629272
52th run
noise dimension : 27
noise variance: 150.57907104492188
original u-statistic:0.5889556407928467
p value proxy: 0.003322259057313204
result: True
power_upto_now: 0.9615384340286255
53th run
noise dimension : 27
noise variance: 150.02114868164062
original u-statistic:0.4413938522338867
p value proxy: 0.003322259057313204
result: True
power_upto_now: 0.9622641801834106
54th run
noise dimension : 27
noise variance: 149.71340942382812
original u-statistic:0.5835235118865967
p value proxy: 0.003322259057313204
result: True
power_upto_now: 0.9629629850387573
55th run
noise dimension : 27
noise variance: 149.96517944335938
original u-statistic:0.1094810962677002
p value proxy: 0.12956809997558594
result: False
power_upto_now: 0.9454545378684998
56th run
noise dimension : 27
noise variance: 149.4295654296875
original u-statistic:0.6411411762237549
p value proxy: 0.003322259057313204
result: True
power_upto_now: 0.9464285969734192
57th run
noise dimension : 27
noise variance: 150.47630310058594
original u-statistic:0.4731607437133789
p value proxy: 0.003322259057313204
result: True
power_upto_now: 0.9473684430122375
58th run
noise dimension : 27
noise variance: 150.38717651367188
original u-statistic:0.13532209396362305
p value proxy: 0.12624584138393402
result: False
power_upto_now: 0.931034505367279
59th run
noise dimension : 27
noise variance: 150.0317840576172
original u-statistic:0.18670034408569336
p value proxy: 0.0830564796924591
result: False
power_upto_now: 0.9152542352676392
60th run
noise dimension : 27
noise variance: 149.39222717285156
original u-statistic:0.26462674140930176
p value proxy: 0.029900331050157547
result: True
power_upto_now: 0.9166666865348816
61th run
noise dimension : 27
noise variance: 150.05599975585938
original u-statistic:0.07208085060119629
p value proxy: 0.2225913554430008
result: False
power_upto_now: 0.9016393423080444
62th run
noise dimension : 27
noise variance: 150.4054718017578
original u-statistic:0.5579028129577637
p value proxy: 0.003322259057313204
result: True
power_upto_now: 0.9032257795333862
63th run
noise dimension : 27
noise variance: 150.2634735107422
original u-statistic:0.8098049163818359
p value proxy: 0.003322259057313204
result: True
power_upto_now: 0.9047619104385376
64th run
noise dimension : 27
noise variance: 149.82839965820312
original u-statistic:0.38454508781433105
p value proxy: 0.006644518114626408
result: True
power_upto_now: 0.90625
65th run
noise dimension : 27
noise variance: 149.99917602539062
original u-statistic:0.24746489524841309
p value proxy: 0.02657807245850563
result: True
power_upto_now: 0.9076923131942749
66th run
noise dimension : 27
noise variance: 150.3179168701172
original u-statistic:0.8300933837890625
p value proxy: 0.003322259057313204
result: True
power_upto_now: 0.9090909361839294
67th run
noise dimension : 27
noise variance: 150.2112579345703
original u-statistic:0.4265267848968506
p value proxy: 0.003322259057313204
result: True
power_upto_now: 0.9104477763175964
68th run
noise dimension : 27
noise variance: 149.89854431152344
original u-statistic:0.35881567001342773
p value proxy: 0.006644518114626408
result: True
power_upto_now: 0.9117646813392639
69th run
noise dimension : 27
noise variance: 149.75540161132812
original u-statistic:0.6596031188964844
p value proxy: 0.003322259057313204
result: True
power_upto_now: 0.9130434989929199
70th run
noise dimension : 27
noise variance: 149.92315673828125
original u-statistic:0.5023510456085205
p value proxy: 0.003322259057313204
result: True
power_upto_now: 0.9142857193946838
71th run
noise dimension : 27
noise variance: 150.05374145507812
original u-statistic:0.7705845832824707
p value proxy: 0.003322259057313204
result: True
power_upto_now: 0.9154929518699646
72th run
noise dimension : 27
noise variance: 150.2220001220703
original u-statistic:0.5684361457824707
p value proxy: 0.003322259057313204
result: True
power_upto_now: 0.9166666865348816
73th run
noise dimension : 27
noise variance: 149.65797424316406
original u-statistic:0.8608613014221191
p value proxy: 0.003322259057313204
result: True
power_upto_now: 0.9178082346916199
74th run
noise dimension : 27
noise variance: 150.08892822265625
original u-statistic:0.7551653385162354
p value proxy: 0.003322259057313204
result: True
power_upto_now: 0.9189189076423645
75th run
noise dimension : 27
noise variance: 150.4852294921875
original u-statistic:0.6018176078796387
p value proxy: 0.003322259057313204
result: True
power_upto_now: 0.9200000166893005
76th run
noise dimension : 27
noise variance: 150.23690795898438
original u-statistic:0.3374054431915283
p value proxy: 0.009966777637600899
result: True
power_upto_now: 0.9210526347160339
77th run
noise dimension : 27
noise variance: 149.84429931640625
original u-statistic:0.3192436695098877
p value proxy: 0.019933555275201797
result: True
power_upto_now: 0.9220778942108154
78th run
noise dimension : 27
noise variance: 150.08351135253906
original u-statistic:0.8377318382263184
p value proxy: 0.003322259057313204
result: True
power_upto_now: 0.9230769276618958
79th run
noise dimension : 27
noise variance: 149.5657196044922
original u-statistic:0.6541221141815186
p value proxy: 0.003322259057313204
result: True
power_upto_now: 0.9240506291389465
80th run
noise dimension : 27
noise variance: 150.24403381347656
original u-statistic:0.719712495803833
p value proxy: 0.003322259057313204
result: True
power_upto_now: 0.925000011920929
81th run
noise dimension : 27
noise variance: 150.28167724609375
original u-statistic:0.15564680099487305
p value proxy: 0.0830564796924591
result: False
power_upto_now: 0.9135802388191223
82th run
noise dimension : 27
noise variance: 149.62661743164062
original u-statistic:0.3562169075012207
p value proxy: 0.006644518114626408
result: True
power_upto_now: 0.9146341681480408
83th run
noise dimension : 27
noise variance: 149.618896484375
original u-statistic:0.574744701385498
p value proxy: 0.003322259057313204
result: True
power_upto_now: 0.9156626462936401
84th run
noise dimension : 27
noise variance: 149.94195556640625
original u-statistic:0.40263819694519043
p value proxy: 0.003322259057313204
result: True
power_upto_now: 0.9166666865348816
85th run
noise dimension : 27
noise variance: 150.35438537597656
original u-statistic:0.48586297035217285
p value proxy: 0.003322259057313204
result: True
power_upto_now: 0.9176470637321472
86th run
noise dimension : 27
noise variance: 149.79820251464844
original u-statistic:0.629249095916748
p value proxy: 0.003322259057313204
result: True
power_upto_now: 0.9186046719551086
87th run
noise dimension : 27
noise variance: 150.25210571289062
original u-statistic:0.8585588932037354
p value proxy: 0.003322259057313204
result: True
power_upto_now: 0.9195402264595032
88th run
noise dimension : 27
noise variance: 149.6241455078125
original u-statistic:0.4224674701690674
p value proxy: 0.003322259057313204
result: True
power_upto_now: 0.9204545617103577
89th run
noise dimension : 27
noise variance: 150.61495971679688
original u-statistic:0.3664841651916504
p value proxy: 0.003322259057313204
result: True
power_upto_now: 0.9213483333587646
90th run
noise dimension : 27
noise variance: 149.88800048828125
original u-statistic:0.3409745693206787
p value proxy: 0.006644518114626408
result: True
power_upto_now: 0.9222221970558167
91th run
noise dimension : 27
noise variance: 150.2428741455078
original u-statistic:0.7436027526855469
p value proxy: 0.003322259057313204
result: True
power_upto_now: 0.9230769276618958
92th run
noise dimension : 27
noise variance: 150.26751708984375
original u-statistic:0.5876924991607666
p value proxy: 0.003322259057313204
result: True
power_upto_now: 0.9239130616188049
93th run
noise dimension : 27
noise variance: 149.94247436523438
original u-statistic:0.263444185256958
p value proxy: 0.019933555275201797
result: True
power_upto_now: 0.9247311949729919
94th run
noise dimension : 27
noise variance: 150.52142333984375
original u-statistic:0.5856883525848389
p value proxy: 0.003322259057313204
result: True
power_upto_now: 0.9255319237709045
95th run
noise dimension : 27
noise variance: 149.8377227783203
original u-statistic:0.8168396949768066
p value proxy: 0.003322259057313204
result: True
power_upto_now: 0.9263157844543457
96th run
noise dimension : 27
noise variance: 150.35191345214844
original u-statistic:0.1785597801208496
p value proxy: 0.07973422110080719
result: False
power_upto_now: 0.9166666865348816
97th run
noise dimension : 27
noise variance: 149.80911254882812
original u-statistic:0.4786996841430664
p value proxy: 0.003322259057313204
result: True
power_upto_now: 0.9175257682800293
98th run
noise dimension : 27
noise variance: 150.4978790283203
original u-statistic:0.5341544151306152
p value proxy: 0.003322259057313204
result: True
power_upto_now: 0.918367326259613
99th run
noise dimension : 27
noise variance: 150.19004821777344
original u-statistic:0.3228180408477783
p value proxy: 0.019933555275201797
result: True
power_upto_now: 0.9191918969154358
100th run
noise dimension : 27
noise variance: 150.5265655517578
original u-statistic:0.5764408111572266
p value proxy: 0.003322259057313204
result: True
power_upto_now: 0.9200000166893005
101th run
noise dimension : 27
noise variance: 150.27137756347656
original u-statistic:0.372708797454834
p value proxy: 0.003322259057313204
result: True
power_upto_now: 0.9207921028137207
102th run
noise dimension : 27
noise variance: 150.1795196533203
original u-statistic:0.7304835319519043
p value proxy: 0.003322259057313204
result: True
power_upto_now: 0.9215686321258545
103th run
noise dimension : 27
noise variance: 149.8349609375
original u-statistic:0.580498456954956
p value proxy: 0.003322259057313204
result: True
power_upto_now: 0.9223300814628601
104th run
noise dimension : 27
noise variance: 149.72691345214844
original u-statistic:0.49236321449279785
p value proxy: 0.003322259057313204
result: True
power_upto_now: 0.9230769276618958
105th run
noise dimension : 27
noise variance: 149.9233856201172
original u-statistic:0.6131579875946045
p value proxy: 0.003322259057313204
result: True
power_upto_now: 0.9238095283508301
106th run
noise dimension : 27
noise variance: 149.85816955566406
original u-statistic:0.5582430362701416
p value proxy: 0.003322259057313204
result: True
power_upto_now: 0.9245283007621765
107th run
noise dimension : 27
noise variance: 149.65980529785156
original u-statistic:0.7053935527801514
p value proxy: 0.003322259057313204
result: True
power_upto_now: 0.9252336621284485
108th run
noise dimension : 27
noise variance: 149.61178588867188
original u-statistic:0.43507957458496094
p value proxy: 0.003322259057313204
result: True
power_upto_now: 0.9259259104728699
109th run
noise dimension : 27
noise variance: 150.17759704589844
original u-statistic:0.5417630672454834
p value proxy: 0.003322259057313204
result: True
power_upto_now: 0.9266055226325989
110th run
noise dimension : 27
noise variance: 149.8570556640625
original u-statistic:0.5648581981658936
p value proxy: 0.003322259057313204
result: True
power_upto_now: 0.9272727370262146
111th run
noise dimension : 27
noise variance: 151.03778076171875
original u-statistic:0.7220091819763184
p value proxy: 0.003322259057313204
result: True
power_upto_now: 0.9279279112815857
112th run
noise dimension : 27
noise variance: 150.08245849609375
original u-statistic:0.4075901508331299
p value proxy: 0.006644518114626408
result: True
power_upto_now: 0.9285714030265808
113th run
noise dimension : 27
noise variance: 149.87693786621094
original u-statistic:0.39405226707458496
p value proxy: 0.006644518114626408
result: True
power_upto_now: 0.9292035102844238
114th run
noise dimension : 27
noise variance: 149.5137481689453
original u-statistic:0.666217565536499
p value proxy: 0.003322259057313204
result: True
power_upto_now: 0.9298245906829834
115th run
noise dimension : 27
noise variance: 150.11199951171875
original u-statistic:0.41922688484191895
p value proxy: 0.003322259057313204
result: True
power_upto_now: 0.9304347634315491
116th run
noise dimension : 27
noise variance: 150.39263916015625
original u-statistic:1.0844814777374268
p value proxy: 0.003322259057313204
result: True
power_upto_now: 0.931034505367279
117th run
noise dimension : 27
noise variance: 150.35287475585938
original u-statistic:0.5977783203125
p value proxy: 0.003322259057313204
result: True
power_upto_now: 0.9316239356994629
118th run
noise dimension : 27
noise variance: 149.91122436523438
original u-statistic:0.647108793258667
p value proxy: 0.003322259057313204
result: True
power_upto_now: 0.9322034120559692
119th run
noise dimension : 27
noise variance: 149.80506896972656
original u-statistic:0.4424283504486084
p value proxy: 0.003322259057313204
result: True
power_upto_now: 0.9327731132507324
120th run
noise dimension : 27
noise variance: 149.31558227539062
original u-statistic:0.3908557891845703
p value proxy: 0.009966777637600899
result: True
power_upto_now: 0.9333333373069763
121th run
noise dimension : 27
noise variance: 150.23854064941406
original u-statistic:0.6530616283416748
p value proxy: 0.003322259057313204
result: True
power_upto_now: 0.93388432264328
122th run
noise dimension : 27
noise variance: 150.09356689453125
original u-statistic:0.49535703659057617
p value proxy: 0.003322259057313204
result: True
power_upto_now: 0.9344262480735779
123th run
noise dimension : 27
noise variance: 149.71910095214844
original u-statistic:0.5914568901062012
p value proxy: 0.003322259057313204
result: True
power_upto_now: 0.934959352016449
124th run
noise dimension : 27
noise variance: 150.32408142089844
original u-statistic:0.43296384811401367
p value proxy: 0.003322259057313204
result: True
power_upto_now: 0.9354838728904724
125th run
noise dimension : 27
noise variance: 149.78526306152344
original u-statistic:0.2711203098297119
p value proxy: 0.019933555275201797
result: True
power_upto_now: 0.9359999895095825
126th run
noise dimension : 27
noise variance: 150.13723754882812
original u-statistic:0.5270118713378906
p value proxy: 0.003322259057313204
result: True
power_upto_now: 0.9365079402923584
127th run
noise dimension : 27
noise variance: 149.6847686767578
original u-statistic:0.3757352828979492
p value proxy: 0.003322259057313204
result: True
power_upto_now: 0.9370078444480896
128th run
noise dimension : 27
noise variance: 149.58494567871094
original u-statistic:0.2810328006744385
p value proxy: 0.019933555275201797
result: True
power_upto_now: 0.9375
129th run
noise dimension : 27
noise variance: 150.3690643310547
original u-statistic:0.26853394508361816
p value proxy: 0.009966777637600899
result: True
power_upto_now: 0.9379844665527344
130th run
noise dimension : 27
noise variance: 149.924560546875
original u-statistic:0.48128461837768555
p value proxy: 0.003322259057313204
result: True
power_upto_now: 0.9384615421295166
131th run
noise dimension : 27
noise variance: 150.41114807128906
original u-statistic:0.5942897796630859
p value proxy: 0.003322259057313204
result: True
power_upto_now: 0.9389312863349915
132th run
noise dimension : 27
noise variance: 150.3382568359375
original u-statistic:0.20973515510559082
p value proxy: 0.05647840350866318
result: False
power_upto_now: 0.9318181872367859
133th run
noise dimension : 27
noise variance: 150.2732696533203
original u-statistic:0.2769603729248047
p value proxy: 0.023255813866853714
result: True
power_upto_now: 0.932330846786499
134th run
noise dimension : 27
noise variance: 149.33876037597656
original u-statistic:0.358440637588501
p value proxy: 0.003322259057313204
result: True
power_upto_now: 0.9328358173370361
135th run
noise dimension : 27
noise variance: 150.0328826904297
original u-statistic:0.44820427894592285
p value proxy: 0.003322259057313204
result: True
power_upto_now: 0.9333333373069763
136th run
noise dimension : 27
noise variance: 150.08421325683594
original u-statistic:0.7376916408538818
p value proxy: 0.003322259057313204
result: True
power_upto_now: 0.9338235259056091
137th run
noise dimension : 27
noise variance: 149.8994598388672
original u-statistic:0.22485136985778809
p value proxy: 0.039867110550403595
result: True
power_upto_now: 0.9343065619468689
138th run
noise dimension : 27
noise variance: 149.97337341308594
original u-statistic:0.43439435958862305
p value proxy: 0.003322259057313204
result: True
power_upto_now: 0.9347826242446899
139th run
noise dimension : 27
noise variance: 149.95120239257812
original u-statistic:0.5615847110748291
p value proxy: 0.003322259057313204
result: True
power_upto_now: 0.935251772403717
140th run
noise dimension : 27
noise variance: 150.11297607421875
original u-statistic:0.3692913055419922
p value proxy: 0.003322259057313204
result: True
power_upto_now: 0.9357143044471741
141th run
noise dimension : 27
noise variance: 149.48284912109375
original u-statistic:0.5288443565368652
p value proxy: 0.003322259057313204
result: True
power_upto_now: 0.936170220375061
142th run
noise dimension : 27
noise variance: 149.73304748535156
original u-statistic:0.7906684875488281
p value proxy: 0.003322259057313204
result: True
power_upto_now: 0.9366196990013123
143th run
noise dimension : 27
noise variance: 150.107666015625
original u-statistic:0.6117918491363525
p value proxy: 0.003322259057313204
result: True
power_upto_now: 0.9370629191398621
144th run
noise dimension : 27
noise variance: 150.19631958007812
original u-statistic:0.43598246574401855
p value proxy: 0.003322259057313204
result: True
power_upto_now: 0.9375
145th run
noise dimension : 27
noise variance: 150.2279815673828
original u-statistic:0.645855188369751
p value proxy: 0.003322259057313204
result: True
power_upto_now: 0.9379310607910156
146th run
noise dimension : 27
noise variance: 150.51400756835938
original u-statistic:0.3756406307220459
p value proxy: 0.006644518114626408
result: True
power_upto_now: 0.9383561611175537
147th run
noise dimension : 27
noise variance: 149.77438354492188
original u-statistic:0.2662649154663086
p value proxy: 0.016611294820904732
result: True
power_upto_now: 0.9387755393981934
148th run
noise dimension : 27
noise variance: 150.03013610839844
original u-statistic:0.22546792030334473
p value proxy: 0.039867110550403595
result: True
power_upto_now: 0.9391891956329346
149th run
noise dimension : 27
noise variance: 150.1370086669922
original u-statistic:0.5955305099487305
p value proxy: 0.003322259057313204
result: True
power_upto_now: 0.9395973086357117
150th run
noise dimension : 27
noise variance: 149.3596954345703
original u-statistic:0.4820425510406494
p value proxy: 0.003322259057313204
result: True
power_upto_now: 0.9399999976158142
151th run
noise dimension : 27
noise variance: 149.81362915039062
original u-statistic:0.6004810333251953
p value proxy: 0.003322259057313204
result: True
power_upto_now: 0.940397322177887
152th run
noise dimension : 27
noise variance: 150.3389434814453
original u-statistic:0.22195720672607422
p value proxy: 0.049833886325359344
result: True
power_upto_now: 0.9407894611358643
153th run
noise dimension : 27
noise variance: 150.49378967285156
original u-statistic:0.17305207252502441
p value proxy: 0.0830564796924591
result: False
power_upto_now: 0.9346405267715454
154th run
noise dimension : 27
noise variance: 150.041015625
original u-statistic:0.7436869144439697
p value proxy: 0.003322259057313204
result: True
power_upto_now: 0.9350649118423462
155th run
noise dimension : 27
noise variance: 150.45852661132812
original u-statistic:0.504971981048584
p value proxy: 0.003322259057313204
result: True
power_upto_now: 0.9354838728904724
156th run
noise dimension : 27
noise variance: 149.69778442382812
original u-statistic:0.9079000949859619
p value proxy: 0.003322259057313204
result: True
power_upto_now: 0.9358974099159241
157th run
noise dimension : 27
noise variance: 149.8854522705078
original u-statistic:0.12436366081237793
p value proxy: 0.1627907007932663
result: False
power_upto_now: 0.9299362897872925
158th run
noise dimension : 27
noise variance: 150.20220947265625
original u-statistic:0.6100752353668213
p value proxy: 0.003322259057313204
result: True
power_upto_now: 0.9303797483444214
159th run
noise dimension : 27
noise variance: 150.07278442382812
original u-statistic:0.48655176162719727
p value proxy: 0.003322259057313204
result: True
power_upto_now: 0.9308176040649414
160th run
noise dimension : 27
noise variance: 150.4891815185547
original u-statistic:0.889075756072998
p value proxy: 0.003322259057313204
result: True
power_upto_now: 0.9312499761581421
161th run
noise dimension : 27
noise variance: 150.12440490722656
original u-statistic:0.2376549243927002
p value proxy: 0.013289036229252815
result: True
power_upto_now: 0.9316770434379578
162th run
noise dimension : 27
noise variance: 150.3524627685547
original u-statistic:0.4400303363800049
p value proxy: 0.003322259057313204
result: True
power_upto_now: 0.9320987462997437
163th run
noise dimension : 27
noise variance: 149.61595153808594
original u-statistic:0.7011618614196777
p value proxy: 0.003322259057313204
result: True
power_upto_now: 0.9325153231620789
164th run
noise dimension : 27
noise variance: 150.27835083007812
original u-statistic:0.42876458168029785
p value proxy: 0.006644518114626408
result: True
power_upto_now: 0.9329268336296082
165th run
noise dimension : 27
noise variance: 149.3540496826172
original u-statistic:0.18791770935058594
p value proxy: 0.06644517928361893
result: False
power_upto_now: 0.9272727370262146
166th run
noise dimension : 27
noise variance: 150.0279083251953
original u-statistic:0.48228955268859863
p value proxy: 0.006644518114626408
result: True
power_upto_now: 0.9277108311653137
167th run
noise dimension : 27
noise variance: 150.4947967529297
original u-statistic:0.5726587772369385
p value proxy: 0.003322259057313204
result: True
power_upto_now: 0.9281437397003174
168th run
noise dimension : 27
noise variance: 150.1845245361328
original u-statistic:0.4303748607635498
p value proxy: 0.006644518114626408
result: True
power_upto_now: 0.9285714030265808
169th run
noise dimension : 27
noise variance: 150.43316650390625
original u-statistic:0.3523430824279785
p value proxy: 0.003322259057313204
result: True
power_upto_now: 0.9289940595626831
170th run
noise dimension : 27
noise variance: 149.90736389160156
original u-statistic:1.0044713020324707
p value proxy: 0.003322259057313204
result: True
power_upto_now: 0.929411768913269
171th run
noise dimension : 27
noise variance: 150.02833557128906
original u-statistic:0.4725475311279297
p value proxy: 0.003322259057313204
result: True
power_upto_now: 0.9298245906829834
172th run
noise dimension : 27
noise variance: 149.48822021484375
original u-statistic:0.7113754749298096
p value proxy: 0.003322259057313204
result: True
power_upto_now: 0.930232584476471
173th run
noise dimension : 27
noise variance: 149.8126220703125
original u-statistic:0.790442943572998
p value proxy: 0.003322259057313204
result: True
power_upto_now: 0.9306358098983765
174th run
noise dimension : 27
noise variance: 150.33493041992188
original u-statistic:0.7780160903930664
p value proxy: 0.003322259057313204
result: True
power_upto_now: 0.931034505367279
175th run
noise dimension : 27
noise variance: 150.1999969482422
original u-statistic:0.4084131717681885
p value proxy: 0.006644518114626408
result: True
power_upto_now: 0.9314285516738892
176th run
noise dimension : 27
noise variance: 150.14674377441406
original u-statistic:0.32545995712280273
p value proxy: 0.006644518114626408
result: True
power_upto_now: 0.9318181872367859
177th run
noise dimension : 27
noise variance: 150.28237915039062
original u-statistic:0.5892801284790039
p value proxy: 0.003322259057313204
result: True
power_upto_now: 0.9322034120559692
178th run
noise dimension : 27
noise variance: 149.79312133789062
original u-statistic:0.3344433307647705
p value proxy: 0.003322259057313204
result: True
power_upto_now: 0.932584285736084
179th run
noise dimension : 27
noise variance: 150.07275390625
original u-statistic:0.5058760643005371
p value proxy: 0.003322259057313204
result: True
power_upto_now: 0.9329608678817749
180th run
noise dimension : 27
noise variance: 149.6016387939453
original u-statistic:0.5598430633544922
p value proxy: 0.003322259057313204
result: True
power_upto_now: 0.9333333373069763
181th run
noise dimension : 27
noise variance: 149.90342712402344
original u-statistic:0.5630009174346924
p value proxy: 0.003322259057313204
result: True
power_upto_now: 0.9337016344070435
182th run
noise dimension : 27
noise variance: 150.53042602539062
original u-statistic:0.8261749744415283
p value proxy: 0.003322259057313204
result: True
power_upto_now: 0.9340659379959106
183th run
noise dimension : 27
noise variance: 149.91171264648438
original u-statistic:0.5844383239746094
p value proxy: 0.003322259057313204
result: True
power_upto_now: 0.9344262480735779
184th run
noise dimension : 27
noise variance: 150.09812927246094
original u-statistic:0.5342674255371094
p value proxy: 0.003322259057313204
result: True
power_upto_now: 0.9347826242446899
185th run
noise dimension : 27
noise variance: 149.94332885742188
original u-statistic:0.3480339050292969
p value proxy: 0.009966777637600899
result: True
power_upto_now: 0.9351351261138916
186th run
noise dimension : 27
noise variance: 149.84182739257812
original u-statistic:0.5231680870056152
p value proxy: 0.003322259057313204
result: True
power_upto_now: 0.9354838728904724
187th run
noise dimension : 27
noise variance: 149.6246795654297
original u-statistic:0.6079862117767334
p value proxy: 0.003322259057313204
result: True
power_upto_now: 0.9358288645744324
188th run
noise dimension : 27
noise variance: 149.78822326660156
original u-statistic:0.6075115203857422
p value proxy: 0.003322259057313204
result: True
power_upto_now: 0.936170220375061
189th run
noise dimension : 27
noise variance: 150.20513916015625
original u-statistic:0.6276147365570068
p value proxy: 0.003322259057313204
result: True
power_upto_now: 0.9365079402923584
190th run
noise dimension : 27
noise variance: 150.02525329589844
original u-statistic:0.5674200057983398
p value proxy: 0.003322259057313204
result: True
power_upto_now: 0.9368420839309692
191th run
noise dimension : 27
noise variance: 149.84307861328125
original u-statistic:0.5444595813751221
p value proxy: 0.003322259057313204
result: True
power_upto_now: 0.9371727705001831
192th run
noise dimension : 27
noise variance: 150.03602600097656
original u-statistic:0.41033434867858887
p value proxy: 0.003322259057313204
result: True
power_upto_now: 0.9375
193th run
noise dimension : 27
noise variance: 150.1035614013672
original u-statistic:0.544572114944458
p value proxy: 0.003322259057313204
result: True
power_upto_now: 0.9378238320350647
194th run
noise dimension : 27
noise variance: 150.39999389648438
original u-statistic:0.5326011180877686
p value proxy: 0.003322259057313204
result: True
power_upto_now: 0.938144326210022
195th run
noise dimension : 27
noise variance: 150.1016387939453
original u-statistic:0.672271728515625
p value proxy: 0.003322259057313204
result: True
power_upto_now: 0.9384615421295166
196th run
noise dimension : 27
noise variance: 150.1141815185547
original u-statistic:0.7149300575256348
p value proxy: 0.003322259057313204
result: True
power_upto_now: 0.9387755393981934
197th run
noise dimension : 27
noise variance: 150.3179473876953
original u-statistic:0.6528866291046143
p value proxy: 0.003322259057313204
result: True
power_upto_now: 0.9390863180160522
198th run
noise dimension : 27
noise variance: 150.6262664794922
original u-statistic:0.4644134044647217
p value proxy: 0.003322259057313204
result: True
power_upto_now: 0.939393937587738
199th run
noise dimension : 27
noise variance: 149.47398376464844
original u-statistic:0.5601027011871338
p value proxy: 0.003322259057313204
result: True
power_upto_now: 0.9396985173225403
200th run
noise dimension : 27
noise variance: 150.13629150390625
original u-statistic:0.46257710456848145
p value proxy: 0.003322259057313204
result: True
power_upto_now: 0.9399999976158142
201th run
noise dimension : 27
noise variance: 150.19204711914062
original u-statistic:0.36284708976745605
p value proxy: 0.003322259057313204
result: True
power_upto_now: 0.9402984976768494
202th run
noise dimension : 27
noise variance: 149.99522399902344
original u-statistic:0.2920384407043457
p value proxy: 0.016611294820904732
result: True
power_upto_now: 0.9405940771102905
203th run
noise dimension : 27
noise variance: 150.2010040283203
original u-statistic:0.8294119834899902
p value proxy: 0.003322259057313204
result: True
power_upto_now: 0.9408866763114929
204th run
noise dimension : 27
noise variance: 150.6578369140625
original u-statistic:0.7327120304107666
p value proxy: 0.003322259057313204
result: True
power_upto_now: 0.9411764740943909
205th run
noise dimension : 27
noise variance: 150.15591430664062
original u-statistic:0.551846981048584
p value proxy: 0.003322259057313204
result: True
power_upto_now: 0.9414634108543396
206th run
noise dimension : 27
noise variance: 149.96939086914062
original u-statistic:0.45471787452697754
p value proxy: 0.006644518114626408
result: True
power_upto_now: 0.9417475461959839
207th run
noise dimension : 27
noise variance: 150.74708557128906
original u-statistic:0.928203821182251
p value proxy: 0.003322259057313204
result: True
power_upto_now: 0.9420289993286133
208th run
noise dimension : 27
noise variance: 150.2083282470703
original u-statistic:0.4502427577972412
p value proxy: 0.003322259057313204
result: True
power_upto_now: 0.942307710647583
209th run
noise dimension : 27
noise variance: 149.89108276367188
original u-statistic:0.7383334636688232
p value proxy: 0.003322259057313204
result: True
power_upto_now: 0.9425837397575378
210th run
noise dimension : 27
noise variance: 149.82424926757812
original u-statistic:0.7844359874725342
p value proxy: 0.003322259057313204
result: True
power_upto_now: 0.9428571462631226
211th run
noise dimension : 27
noise variance: 150.05056762695312
original u-statistic:0.6514890193939209
p value proxy: 0.003322259057313204
result: True
power_upto_now: 0.9431279897689819
212th run
noise dimension : 27
noise variance: 150.2740478515625
original u-statistic:0.6774797439575195
p value proxy: 0.003322259057313204
result: True
power_upto_now: 0.9433962106704712
213th run
noise dimension : 27
noise variance: 149.75039672851562
original u-statistic:0.39289069175720215
p value proxy: 0.003322259057313204
result: True
power_upto_now: 0.9436619877815247
214th run
noise dimension : 27
noise variance: 149.94236755371094
original u-statistic:0.5443205833435059
p value proxy: 0.003322259057313204
result: True
power_upto_now: 0.9439252614974976
215th run
noise dimension : 27
noise variance: 150.2130584716797
original u-statistic:0.5011584758758545
p value proxy: 0.003322259057313204
result: True
power_upto_now: 0.9441860318183899
216th run
noise dimension : 27
noise variance: 149.82986450195312
original u-statistic:0.536759614944458
p value proxy: 0.003322259057313204
result: True
power_upto_now: 0.9444444179534912
217th run
noise dimension : 27
noise variance: 150.27487182617188
original u-statistic:1.008803129196167
p value proxy: 0.003322259057313204
result: True
power_upto_now: 0.9447004795074463
218th run
noise dimension : 27
noise variance: 149.8621063232422
original u-statistic:0.37863707542419434
p value proxy: 0.006644518114626408
result: True
power_upto_now: 0.9449541568756104
219th run
noise dimension : 27
noise variance: 150.37753295898438
original u-statistic:0.7176539897918701
p value proxy: 0.003322259057313204
result: True
power_upto_now: 0.9452054500579834
220th run
noise dimension : 27
noise variance: 149.94326782226562
original u-statistic:0.49282169342041016
p value proxy: 0.003322259057313204
result: True
power_upto_now: 0.9454545378684998
221th run
noise dimension : 27
noise variance: 149.6206512451172
original u-statistic:0.11467432975769043
p value proxy: 0.13621261715888977
result: False
power_upto_now: 0.9411764740943909
222th run
noise dimension : 27
noise variance: 149.7121124267578
original u-statistic:0.6502747535705566
p value proxy: 0.003322259057313204
result: True
power_upto_now: 0.9414414167404175
223th run
noise dimension : 27
noise variance: 150.10537719726562
original u-statistic:0.33463382720947266
p value proxy: 0.009966777637600899
result: True
power_upto_now: 0.9417040348052979
224th run
noise dimension : 27
noise variance: 149.72384643554688
original u-statistic:0.8009016513824463
p value proxy: 0.003322259057313204
result: True
power_upto_now: 0.9419642686843872
225th run
noise dimension : 27
noise variance: 149.79884338378906
original u-statistic:0.38306427001953125
p value proxy: 0.006644518114626408
result: True
power_upto_now: 0.9422222375869751
226th run
noise dimension : 27
noise variance: 149.67381286621094
original u-statistic:0.8239138126373291
p value proxy: 0.003322259057313204
result: True
power_upto_now: 0.9424778819084167
227th run
noise dimension : 27
noise variance: 150.06044006347656
original u-statistic:0.3472473621368408
p value proxy: 0.009966777637600899
result: True
power_upto_now: 0.9427312612533569
228th run
noise dimension : 27
noise variance: 149.483642578125
original u-statistic:0.5417776107788086
p value proxy: 0.003322259057313204
result: True
power_upto_now: 0.9429824352264404
229th run
noise dimension : 27
noise variance: 150.0090789794922
original u-statistic:0.5001728534698486
p value proxy: 0.003322259057313204
result: True
power_upto_now: 0.943231463432312
230th run
noise dimension : 27
noise variance: 149.74612426757812
original u-statistic:0.47247791290283203
p value proxy: 0.006644518114626408
result: True
power_upto_now: 0.9434782862663269
231th run
noise dimension : 27
noise variance: 150.41770935058594
original u-statistic:0.8249015808105469
p value proxy: 0.003322259057313204
result: True
power_upto_now: 0.9437229633331299
232th run
noise dimension : 27
noise variance: 149.80421447753906
original u-statistic:0.3091871738433838
p value proxy: 0.016611294820904732
result: True
power_upto_now: 0.943965494632721
233th run
noise dimension : 27
noise variance: 149.67266845703125
original u-statistic:0.5246124267578125
p value proxy: 0.003322259057313204
result: True
power_upto_now: 0.9442059993743896
234th run
noise dimension : 27
noise variance: 150.20358276367188
original u-statistic:0.9081737995147705
p value proxy: 0.003322259057313204
result: True
power_upto_now: 0.9444444179534912
235th run
noise dimension : 27
noise variance: 150.25254821777344
original u-statistic:0.8247056007385254
p value proxy: 0.003322259057313204
result: True
power_upto_now: 0.9446808695793152
236th run
noise dimension : 27
noise variance: 149.46238708496094
original u-statistic:0.7368087768554688
p value proxy: 0.003322259057313204
result: True
power_upto_now: 0.944915235042572
237th run
noise dimension : 27
noise variance: 150.03811645507812
original u-statistic:0.906660795211792
p value proxy: 0.003322259057313204
result: True
power_upto_now: 0.945147693157196
238th run
noise dimension : 27
noise variance: 149.91075134277344
original u-statistic:0.4241652488708496
p value proxy: 0.006644518114626408
result: True
power_upto_now: 0.9453781247138977
239th run
noise dimension : 27
noise variance: 149.91629028320312
original u-statistic:0.5933144092559814
p value proxy: 0.003322259057313204
result: True
power_upto_now: 0.9456067085266113
240th run
noise dimension : 27
noise variance: 150.90708923339844
original u-statistic:0.42586183547973633
p value proxy: 0.003322259057313204
result: True
power_upto_now: 0.9458333253860474
241th run
noise dimension : 27
noise variance: 149.94630432128906
original u-statistic:0.49123358726501465
p value proxy: 0.003322259057313204
result: True
power_upto_now: 0.9460580945014954
242th run
noise dimension : 27
noise variance: 149.862548828125
original u-statistic:0.5733866691589355
p value proxy: 0.003322259057313204
result: True
power_upto_now: 0.9462810158729553
243th run
noise dimension : 27
noise variance: 149.84864807128906
original u-statistic:0.48096251487731934
p value proxy: 0.003322259057313204
result: True
power_upto_now: 0.9465020298957825
244th run
noise dimension : 27
noise variance: 149.61378479003906
original u-statistic:0.303316593170166
p value proxy: 0.006644518114626408
result: True
power_upto_now: 0.9467213153839111
245th run
noise dimension : 27
noise variance: 149.79725646972656
original u-statistic:0.16547894477844238
p value proxy: 0.08637873828411102
result: False
power_upto_now: 0.9428571462631226
246th run
noise dimension : 27
noise variance: 150.26658630371094
original u-statistic:0.4664430618286133
p value proxy: 0.003322259057313204
result: True
power_upto_now: 0.9430894255638123
247th run
noise dimension : 27
noise variance: 149.77911376953125
original u-statistic:0.6522128582000732
p value proxy: 0.003322259057313204
result: True
power_upto_now: 0.9433198571205139
248th run
noise dimension : 27
noise variance: 150.22772216796875
original u-statistic:0.5032229423522949
p value proxy: 0.003322259057313204
result: True
power_upto_now: 0.9435483813285828
249th run
noise dimension : 27
noise variance: 149.37451171875
original u-statistic:0.80350661277771
p value proxy: 0.003322259057313204
result: True
power_upto_now: 0.9437751173973083
250th run
noise dimension : 27
noise variance: 149.8782501220703
original u-statistic:0.5910682678222656
p value proxy: 0.003322259057313204
result: True
power_upto_now: 0.9440000057220459
251th run
noise dimension : 27
noise variance: 149.74502563476562
original u-statistic:0.6853978633880615
p value proxy: 0.003322259057313204
result: True
power_upto_now: 0.9442231059074402
252th run
noise dimension : 27
noise variance: 150.0533905029297
original u-statistic:0.3709983825683594
p value proxy: 0.006644518114626408
result: True
power_upto_now: 0.9444444179534912
253th run
noise dimension : 27
noise variance: 150.1142578125
original u-statistic:0.46689558029174805
p value proxy: 0.003322259057313204
result: True
power_upto_now: 0.9446640610694885
254th run
noise dimension : 27
noise variance: 149.72976684570312
original u-statistic:0.7335271835327148
p value proxy: 0.003322259057313204
result: True
power_upto_now: 0.9448819160461426
255th run
noise dimension : 27
noise variance: 149.9260711669922
original u-statistic:0.9942829608917236
p value proxy: 0.003322259057313204
result: True
power_upto_now: 0.9450980424880981
256th run
noise dimension : 27
noise variance: 150.2313232421875
original u-statistic:0.6992180347442627
p value proxy: 0.003322259057313204
result: True
power_upto_now: 0.9453125
257th run
noise dimension : 27
noise variance: 149.5932159423828
original u-statistic:0.33596229553222656
p value proxy: 0.009966777637600899
result: True
power_upto_now: 0.9455252885818481
258th run
noise dimension : 27
noise variance: 150.14962768554688
original u-statistic:0.5594971179962158
p value proxy: 0.003322259057313204
result: True
power_upto_now: 0.9457364082336426
259th run
noise dimension : 27
noise variance: 150.34938049316406
original u-statistic:0.46042776107788086
p value proxy: 0.003322259057313204
result: True
power_upto_now: 0.9459459185600281
260th run
noise dimension : 27
noise variance: 150.3807830810547
original u-statistic:0.4292926788330078
p value proxy: 0.006644518114626408
result: True
power_upto_now: 0.9461538195610046
261th run
noise dimension : 27
noise variance: 150.13848876953125
original u-statistic:0.35626840591430664
p value proxy: 0.003322259057313204
result: True
power_upto_now: 0.946360170841217
262th run
noise dimension : 27
noise variance: 150.40879821777344
original u-statistic:0.3407576084136963
p value proxy: 0.013289036229252815
result: True
power_upto_now: 0.9465649127960205
263th run
noise dimension : 27
noise variance: 150.2149200439453
original u-statistic:0.9378993511199951
p value proxy: 0.003322259057313204
result: True
power_upto_now: 0.946768045425415
264th run
noise dimension : 27
noise variance: 150.18850708007812
original u-statistic:0.5326952934265137
p value proxy: 0.003322259057313204
result: True
power_upto_now: 0.9469696879386902
265th run
noise dimension : 27
noise variance: 149.77186584472656
original u-statistic:0.5805127620697021
p value proxy: 0.003322259057313204
result: True
power_upto_now: 0.947169840335846
266th run
noise dimension : 27
noise variance: 149.93678283691406
original u-statistic:0.2946927547454834
p value proxy: 0.013289036229252815
result: True
power_upto_now: 0.9473684430122375
267th run
noise dimension : 27
noise variance: 150.2688751220703
original u-statistic:0.6201021671295166
p value proxy: 0.003322259057313204
result: True
power_upto_now: 0.9475655555725098
268th run
noise dimension : 27
noise variance: 149.67015075683594
original u-statistic:0.5977640151977539
p value proxy: 0.003322259057313204
result: True
power_upto_now: 0.9477611780166626
269th run
noise dimension : 27
noise variance: 150.045166015625
original u-statistic:0.27541637420654297
p value proxy: 0.016611294820904732
result: True
power_upto_now: 0.9479553699493408
270th run
noise dimension : 27
noise variance: 149.35198974609375
original u-statistic:0.2658247947692871
p value proxy: 0.029900331050157547
result: True
power_upto_now: 0.9481481313705444
271th run
noise dimension : 27
noise variance: 149.92970275878906
original u-statistic:0.4123542308807373
p value proxy: 0.003322259057313204
result: True
power_upto_now: 0.9483394622802734
272th run
noise dimension : 27
noise variance: 149.90672302246094
original u-statistic:0.4561276435852051
p value proxy: 0.006644518114626408
result: True
power_upto_now: 0.9485294222831726
273th run
noise dimension : 27
noise variance: 149.8627166748047
original u-statistic:0.5855183601379395
p value proxy: 0.003322259057313204
result: True
power_upto_now: 0.9487179517745972
274th run
noise dimension : 27
noise variance: 149.8096923828125
original u-statistic:0.5680270195007324
p value proxy: 0.003322259057313204
result: True
power_upto_now: 0.9489051103591919
275th run
noise dimension : 27
noise variance: 149.78189086914062
original u-statistic:0.8645379543304443
p value proxy: 0.003322259057313204
result: True
power_upto_now: 0.9490908980369568
276th run
noise dimension : 27
noise variance: 149.90185546875
original u-statistic:0.49248313903808594
p value proxy: 0.006644518114626408
result: True
power_upto_now: 0.9492753744125366
277th run
noise dimension : 27
noise variance: 149.82945251464844
original u-statistic:0.5106637477874756
p value proxy: 0.003322259057313204
result: True
power_upto_now: 0.9494584798812866
278th run
noise dimension : 27
noise variance: 150.13595581054688
original u-statistic:0.49021482467651367
p value proxy: 0.003322259057313204
result: True
power_upto_now: 0.9496402740478516
279th run
noise dimension : 27
noise variance: 149.91387939453125
original u-statistic:0.5370841026306152
p value proxy: 0.003322259057313204
result: True
power_upto_now: 0.9498208165168762
280th run
noise dimension : 27
noise variance: 149.917236328125
original u-statistic:0.9663150310516357
p value proxy: 0.003322259057313204
result: True
power_upto_now: 0.949999988079071
281th run
noise dimension : 27
noise variance: 149.806640625
original u-statistic:0.026893138885498047
p value proxy: 0.3455149531364441
result: False
power_upto_now: 0.9466192126274109
282th run
noise dimension : 27
noise variance: 149.79428100585938
original u-statistic:0.4872007369995117
p value proxy: 0.003322259057313204
result: True
power_upto_now: 0.9468085169792175
283th run
noise dimension : 27
noise variance: 149.496826171875
original u-statistic:0.5677895545959473
p value proxy: 0.003322259057313204
result: True
power_upto_now: 0.9469964504241943
284th run
noise dimension : 27
noise variance: 149.56979370117188
original u-statistic:0.22772955894470215
p value proxy: 0.06644517928361893
result: False
power_upto_now: 0.9436619877815247
285th run
noise dimension : 27
noise variance: 150.2294158935547
original u-statistic:0.10277771949768066
p value proxy: 0.16943521797657013
result: False
power_upto_now: 0.9403508901596069
286th run
noise dimension : 27
noise variance: 149.76988220214844
original u-statistic:0.39449310302734375
p value proxy: 0.003322259057313204
result: True
power_upto_now: 0.940559446811676
287th run
noise dimension : 27
noise variance: 149.82345581054688
original u-statistic:0.7185986042022705
p value proxy: 0.003322259057313204
result: True
power_upto_now: 0.9407665729522705
288th run
noise dimension : 27
noise variance: 149.8271026611328
original u-statistic:0.4994804859161377
p value proxy: 0.003322259057313204
result: True
power_upto_now: 0.9409722089767456
289th run
noise dimension : 27
noise variance: 149.33177185058594
original u-statistic:0.6687734127044678
p value proxy: 0.003322259057313204
result: True
power_upto_now: 0.9411764740943909
290th run
noise dimension : 27
noise variance: 150.06788635253906
original u-statistic:0.25870227813720703
p value proxy: 0.029900331050157547
result: True
power_upto_now: 0.9413793087005615
291th run
noise dimension : 27
noise variance: 150.185546875
original u-statistic:0.7761330604553223
p value proxy: 0.003322259057313204
result: True
power_upto_now: 0.9415807723999023
292th run
noise dimension : 27
noise variance: 150.04505920410156
original u-statistic:0.4704911708831787
p value proxy: 0.006644518114626408
result: True
power_upto_now: 0.9417808055877686
293th run
noise dimension : 27
noise variance: 150.04444885253906
original u-statistic:0.5633890628814697
p value proxy: 0.003322259057313204
result: True
power_upto_now: 0.9419795274734497
294th run
noise dimension : 27
noise variance: 149.4419708251953
original u-statistic:0.3526792526245117
p value proxy: 0.003322259057313204
result: True
power_upto_now: 0.942176878452301
295th run
noise dimension : 27
noise variance: 150.34307861328125
original u-statistic:0.9072980880737305
p value proxy: 0.003322259057313204
result: True
power_upto_now: 0.9423728585243225
296th run
noise dimension : 27
noise variance: 150.38616943359375
original u-statistic:0.20613813400268555
p value proxy: 0.07308969646692276
result: False
power_upto_now: 0.9391891956329346
297th run
noise dimension : 27
noise variance: 150.52218627929688
original u-statistic:0.3891432285308838
p value proxy: 0.006644518114626408
result: True
power_upto_now: 0.939393937587738
298th run
noise dimension : 27
noise variance: 149.55197143554688
original u-statistic:0.4670298099517822
p value proxy: 0.003322259057313204
result: True
power_upto_now: 0.9395973086357117
299th run
noise dimension : 27
noise variance: 150.24916076660156
original u-statistic:0.6204347610473633
p value proxy: 0.003322259057313204
result: True
power_upto_now: 0.9397993087768555
300th run
noise dimension : 27
noise variance: 150.17724609375
original u-statistic:0.5732982158660889
p value proxy: 0.003322259057313204
result: True
power_upto_now: 0.9399999976158142
301th run
noise dimension : 27
noise variance: 149.57252502441406
original u-statistic:0.4830031394958496
p value proxy: 0.006644518114626408
result: True
power_upto_now: 0.9401993155479431
302th run
noise dimension : 27
noise variance: 149.86460876464844
original u-statistic:0.628223180770874
p value proxy: 0.003322259057313204
result: True
power_upto_now: 0.940397322177887
303th run
noise dimension : 27
noise variance: 150.17840576171875
original u-statistic:1.0090901851654053
p value proxy: 0.003322259057313204
result: True
power_upto_now: 0.9405940771102905
304th run
noise dimension : 27
noise variance: 150.43099975585938
original u-statistic:0.1275022029876709
p value proxy: 0.1827242523431778
result: False
power_upto_now: 0.9375
305th run
noise dimension : 27
noise variance: 150.3218536376953
original u-statistic:0.6783487796783447
p value proxy: 0.003322259057313204
result: True
power_upto_now: 0.9377049207687378
306th run
noise dimension : 27
noise variance: 150.17796325683594
original u-statistic:0.6759989261627197
p value proxy: 0.003322259057313204
result: True
power_upto_now: 0.9379084706306458
307th run
noise dimension : 27
noise variance: 150.1997833251953
original u-statistic:0.41365599632263184
p value proxy: 0.013289036229252815
result: True
power_upto_now: 0.9381107687950134
308th run
noise dimension : 27
noise variance: 150.09413146972656
original u-statistic:0.43473362922668457
p value proxy: 0.003322259057313204
result: True
power_upto_now: 0.9383116960525513
309th run
noise dimension : 27
noise variance: 150.39820861816406
original u-statistic:0.39255404472351074
p value proxy: 0.003322259057313204
result: True
power_upto_now: 0.938511312007904
310th run
noise dimension : 27
noise variance: 150.2124786376953
original u-statistic:0.344287633895874
p value proxy: 0.013289036229252815
result: True
power_upto_now: 0.9387096762657166
311th run
noise dimension : 27
noise variance: 149.9410858154297
original u-statistic:0.23331856727600098
p value proxy: 0.04318936914205551
result: True
power_upto_now: 0.938906729221344
312th run
noise dimension : 27
noise variance: 150.0089569091797
original u-statistic:0.08344650268554688
p value proxy: 0.1661129593849182
result: False
power_upto_now: 0.9358974099159241
313th run
noise dimension : 27
noise variance: 149.3356170654297
original u-statistic:0.5674042701721191
p value proxy: 0.003322259057313204
result: True
power_upto_now: 0.9361022114753723
314th run
noise dimension : 27
noise variance: 150.4302978515625
original u-statistic:0.3324723243713379
p value proxy: 0.006644518114626408
result: True
power_upto_now: 0.9363057613372803
315th run
noise dimension : 27
noise variance: 150.0079345703125
original u-statistic:0.26161742210388184
p value proxy: 0.02657807245850563
result: True
power_upto_now: 0.9365079402923584
316th run
noise dimension : 27
noise variance: 149.80416870117188
original u-statistic:0.5806503295898438
p value proxy: 0.003322259057313204
result: True
power_upto_now: 0.9367088675498962
317th run
noise dimension : 27
noise variance: 149.3411407470703
original u-statistic:0.5246977806091309
p value proxy: 0.006644518114626408
result: True
power_upto_now: 0.9369085431098938
318th run
noise dimension : 27
noise variance: 150.08563232421875
original u-statistic:0.4251999855041504
p value proxy: 0.003322259057313204
result: True
power_upto_now: 0.9371069073677063
319th run
noise dimension : 27
noise variance: 150.04010009765625
original u-statistic:0.8719100952148438
p value proxy: 0.003322259057313204
result: True
power_upto_now: 0.9373040795326233
320th run
noise dimension : 27
noise variance: 150.50082397460938
original u-statistic:0.2945058345794678
p value proxy: 0.016611294820904732
result: True
power_upto_now: 0.9375
321th run
noise dimension : 27
noise variance: 150.4904327392578
original u-statistic:0.1359405517578125
p value proxy: 0.1029900312423706
result: False
power_upto_now: 0.9345794320106506
322th run
noise dimension : 27
noise variance: 150.32333374023438
original u-statistic:0.2978794574737549
p value proxy: 0.009966777637600899
result: True
power_upto_now: 0.9347826242446899
323th run
noise dimension : 27
noise variance: 149.596435546875
original u-statistic:0.8391780853271484
p value proxy: 0.003322259057313204
result: True
power_upto_now: 0.9349845051765442
324th run
noise dimension : 27
noise variance: 150.53233337402344
original u-statistic:0.9877777099609375
p value proxy: 0.003322259057313204
result: True
power_upto_now: 0.9351851940155029
325th run
noise dimension : 27
noise variance: 150.84005737304688
original u-statistic:0.16936612129211426
p value proxy: 0.06312292069196701
result: False
power_upto_now: 0.9323077201843262
326th run
noise dimension : 27
noise variance: 149.8608856201172
original u-statistic:0.5215015411376953
p value proxy: 0.003322259057313204
result: True
power_upto_now: 0.9325153231620789
327th run
noise dimension : 27
noise variance: 150.24359130859375
original u-statistic:0.377521276473999
p value proxy: 0.003322259057313204
result: True
power_upto_now: 0.932721734046936
328th run
noise dimension : 27
noise variance: 150.1405487060547
original u-statistic:0.43677425384521484
p value proxy: 0.003322259057313204
result: True
power_upto_now: 0.9329268336296082
329th run
noise dimension : 27
noise variance: 149.7333984375
original u-statistic:0.1881723403930664
p value proxy: 0.033222589641809464
result: True
power_upto_now: 0.93313068151474
330th run
noise dimension : 27
noise variance: 149.98214721679688
original u-statistic:0.6917598247528076
p value proxy: 0.003322259057313204
result: True
power_upto_now: 0.9333333373069763
331th run
noise dimension : 27
noise variance: 150.1194610595703
original u-statistic:0.5207943916320801
p value proxy: 0.003322259057313204
result: True
power_upto_now: 0.9335347414016724
332th run
noise dimension : 27
noise variance: 149.71327209472656
original u-statistic:0.4649834632873535
p value proxy: 0.006644518114626408
result: True
power_upto_now: 0.9337349534034729
333th run
noise dimension : 27
noise variance: 150.0411834716797
original u-statistic:0.5048902034759521
p value proxy: 0.003322259057313204
result: True
power_upto_now: 0.9339339137077332
334th run
noise dimension : 27
noise variance: 150.0874786376953
original u-statistic:0.11304092407226562
p value proxy: 0.17940199375152588
result: False
power_upto_now: 0.93113774061203
335th run
noise dimension : 27
noise variance: 150.43724060058594
original u-statistic:0.624629020690918
p value proxy: 0.003322259057313204
result: True
power_upto_now: 0.9313432574272156
336th run
noise dimension : 27
noise variance: 149.70411682128906
original u-statistic:0.932427167892456
p value proxy: 0.003322259057313204
result: True
power_upto_now: 0.9315476417541504
337th run
noise dimension : 27
noise variance: 149.80348205566406
original u-statistic:0.4313347339630127
p value proxy: 0.006644518114626408
result: True
power_upto_now: 0.9317507147789001
338th run
noise dimension : 27
noise variance: 150.04483032226562
original u-statistic:0.6327085494995117
p value proxy: 0.003322259057313204
result: True
power_upto_now: 0.9319526553153992
339th run
noise dimension : 27
noise variance: 149.88043212890625
original u-statistic:0.48320937156677246
p value proxy: 0.003322259057313204
result: True
power_upto_now: 0.9321534037590027
340th run
noise dimension : 27
noise variance: 149.87278747558594
original u-statistic:0.5741426944732666
p value proxy: 0.003322259057313204
result: True
power_upto_now: 0.9323529601097107
341th run
noise dimension : 27
noise variance: 150.451904296875
original u-statistic:0.4818837642669678
p value proxy: 0.003322259057313204
result: True
power_upto_now: 0.9325513243675232
342th run
noise dimension : 27
noise variance: 150.34823608398438
original u-statistic:0.7773935794830322
p value proxy: 0.003322259057313204
result: True
power_upto_now: 0.932748556137085
343th run
noise dimension : 27
noise variance: 150.0832977294922
original u-statistic:0.2083296775817871
p value proxy: 0.07973422110080719
result: False
power_upto_now: 0.9300291538238525
344th run
noise dimension : 27
noise variance: 149.91522216796875
original u-statistic:0.3185567855834961
p value proxy: 0.009966777637600899
result: True
power_upto_now: 0.930232584476471
345th run
noise dimension : 27
noise variance: 150.0619659423828
original u-statistic:0.5494692325592041
p value proxy: 0.003322259057313204
result: True
power_upto_now: 0.9304347634315491
346th run
noise dimension : 27
noise variance: 149.86138916015625
original u-statistic:0.4364328384399414
p value proxy: 0.009966777637600899
result: True
power_upto_now: 0.9306358098983765
347th run
noise dimension : 27
noise variance: 150.1092071533203
original u-statistic:1.0871000289916992
p value proxy: 0.003322259057313204
result: True
power_upto_now: 0.9308357238769531
348th run
noise dimension : 27
noise variance: 150.44085693359375
original u-statistic:0.40137624740600586
p value proxy: 0.006644518114626408
result: True
power_upto_now: 0.931034505367279
349th run
noise dimension : 27
noise variance: 149.26248168945312
original u-statistic:0.5585997104644775
p value proxy: 0.003322259057313204
result: True
power_upto_now: 0.9312320947647095
350th run
noise dimension : 27
noise variance: 149.8112030029297
original u-statistic:0.776416540145874
p value proxy: 0.003322259057313204
result: True
power_upto_now: 0.9314285516738892
351th run
noise dimension : 27
noise variance: 149.7149200439453
original u-statistic:0.4479026794433594
p value proxy: 0.003322259057313204
result: True
power_upto_now: 0.9316239356994629
352th run
noise dimension : 27
noise variance: 150.12042236328125
original u-statistic:0.7599482536315918
p value proxy: 0.003322259057313204
result: True
power_upto_now: 0.9318181872367859
353th run
noise dimension : 27
noise variance: 149.9637908935547
original u-statistic:0.6976058483123779
p value proxy: 0.003322259057313204
result: True
power_upto_now: 0.9320113062858582
354th run
noise dimension : 27
noise variance: 149.8380126953125
original u-statistic:0.3081552982330322
p value proxy: 0.019933555275201797
result: True
power_upto_now: 0.9322034120559692
355th run
noise dimension : 27
noise variance: 150.5331573486328
original u-statistic:0.1948075294494629
p value proxy: 0.05315614491701126
result: False
power_upto_now: 0.9295774698257446
356th run
noise dimension : 27
noise variance: 149.98805236816406
original u-statistic:0.38207411766052246
p value proxy: 0.009966777637600899
result: True
power_upto_now: 0.9297752976417542
357th run
noise dimension : 27
noise variance: 150.2121124267578
original u-statistic:0.6284999847412109
p value proxy: 0.003322259057313204
result: True
power_upto_now: 0.9299719929695129
358th run
noise dimension : 27
noise variance: 150.533203125
original u-statistic:0.5102128982543945
p value proxy: 0.003322259057313204
result: True
power_upto_now: 0.9301676154136658
359th run
noise dimension : 27
noise variance: 149.90794372558594
original u-statistic:0.6472923755645752
p value proxy: 0.003322259057313204
result: True
power_upto_now: 0.9303621053695679
360th run
noise dimension : 27
noise variance: 149.8833770751953
original u-statistic:0.7953963279724121
p value proxy: 0.003322259057313204
result: True
power_upto_now: 0.9305555820465088
361th run
noise dimension : 27
noise variance: 149.286376953125
original u-statistic:0.5106186866760254
p value proxy: 0.003322259057313204
result: True
power_upto_now: 0.930747926235199
362th run
noise dimension : 27
noise variance: 150.6783905029297
original u-statistic:0.4231247901916504
p value proxy: 0.006644518114626408
result: True
power_upto_now: 0.9309391975402832
363th run
noise dimension : 27
noise variance: 149.97877502441406
original u-statistic:1.1076908111572266
p value proxy: 0.003322259057313204
result: True
power_upto_now: 0.9311294555664062
364th run
noise dimension : 27
noise variance: 149.55221557617188
original u-statistic:0.416003942489624
p value proxy: 0.003322259057313204
result: True
power_upto_now: 0.9313187003135681
365th run
noise dimension : 27
noise variance: 149.74310302734375
original u-statistic:0.23439908027648926
p value proxy: 0.039867110550403595
result: True
power_upto_now: 0.931506872177124
366th run
noise dimension : 27
noise variance: 150.55601501464844
original u-statistic:0.4686758518218994
p value proxy: 0.003322259057313204
result: True
power_upto_now: 0.931693971157074
367th run
noise dimension : 27
noise variance: 149.3070831298828
original u-statistic:0.6400899887084961
p value proxy: 0.003322259057313204
result: True
power_upto_now: 0.9318801164627075
368th run
noise dimension : 27
noise variance: 150.236083984375
original u-statistic:0.5010464191436768
p value proxy: 0.003322259057313204
result: True
power_upto_now: 0.9320651888847351
369th run
noise dimension : 27
noise variance: 149.7602081298828
original u-statistic:0.5142338275909424
p value proxy: 0.003322259057313204
result: True
power_upto_now: 0.9322493076324463
370th run
noise dimension : 27
noise variance: 149.9550323486328
original u-statistic:0.1459653377532959
p value proxy: 0.11627906560897827
result: False
power_upto_now: 0.929729700088501
371th run
noise dimension : 27
noise variance: 150.5418243408203
original u-statistic:0.45096898078918457
p value proxy: 0.003322259057313204
result: True
power_upto_now: 0.9299191236495972
372th run
noise dimension : 27
noise variance: 150.0682373046875
original u-statistic:0.7052066326141357
p value proxy: 0.003322259057313204
result: True
power_upto_now: 0.9301075339317322
373th run
noise dimension : 27
noise variance: 149.99688720703125
original u-statistic:0.5647265911102295
p value proxy: 0.003322259057313204
result: True
power_upto_now: 0.930294930934906
374th run
noise dimension : 27
noise variance: 150.06410217285156
original u-statistic:0.9672520160675049
p value proxy: 0.003322259057313204
result: True
power_upto_now: 0.9304812550544739
375th run
noise dimension : 27
noise variance: 150.12010192871094
original u-statistic:0.2839510440826416
p value proxy: 0.019933555275201797
result: True
power_upto_now: 0.9306666851043701
376th run
noise dimension : 27
noise variance: 150.73361206054688
original u-statistic:0.6395812034606934
p value proxy: 0.003322259057313204
result: True
power_upto_now: 0.9308510422706604
377th run
noise dimension : 27
noise variance: 149.363525390625
original u-statistic:0.9034483432769775
p value proxy: 0.003322259057313204
result: True
power_upto_now: 0.931034505367279
378th run
noise dimension : 27
noise variance: 150.10757446289062
original u-statistic:0.4367668628692627
p value proxy: 0.003322259057313204
result: True
power_upto_now: 0.9312169551849365
379th run
noise dimension : 27
noise variance: 150.11537170410156
original u-statistic:0.7154662609100342
p value proxy: 0.003322259057313204
result: True
power_upto_now: 0.9313983917236328
380th run
noise dimension : 27
noise variance: 150.250732421875
original u-statistic:0.5050983428955078
p value proxy: 0.003322259057313204
result: True
power_upto_now: 0.9315789341926575
381th run
noise dimension : 27
noise variance: 149.50845336914062
original u-statistic:1.1217544078826904
p value proxy: 0.003322259057313204
result: True
power_upto_now: 0.9317585229873657
382th run
noise dimension : 27
noise variance: 150.01608276367188
original u-statistic:0.4010772705078125
p value proxy: 0.003322259057313204
result: True
power_upto_now: 0.9319371581077576
383th run
noise dimension : 27
noise variance: 150.37916564941406
original u-statistic:0.7024543285369873
p value proxy: 0.003322259057313204
result: True
power_upto_now: 0.9321148991584778
384th run
noise dimension : 27
noise variance: 150.3719940185547
original u-statistic:0.5808062553405762
p value proxy: 0.003322259057313204
result: True
power_upto_now: 0.9322916865348816
385th run
noise dimension : 27
noise variance: 149.67898559570312
original u-statistic:0.18254661560058594
p value proxy: 0.0830564796924591
result: False
power_upto_now: 0.9298701286315918
386th run
noise dimension : 27
noise variance: 150.5870361328125
original u-statistic:0.531930685043335
p value proxy: 0.003322259057313204
result: True
power_upto_now: 0.9300518035888672
387th run
noise dimension : 27
noise variance: 149.5181884765625
original u-statistic:0.34291791915893555
p value proxy: 0.003322259057313204
result: True
power_upto_now: 0.930232584476471
388th run
noise dimension : 27
noise variance: 150.00413513183594
original u-statistic:0.9162163734436035
p value proxy: 0.003322259057313204
result: True
power_upto_now: 0.9304123520851135
389th run
noise dimension : 27
noise variance: 149.8009796142578
original u-statistic:0.5346910953521729
p value proxy: 0.003322259057313204
result: True
power_upto_now: 0.9305912852287292
390th run
noise dimension : 27
noise variance: 149.86842346191406
original u-statistic:0.7042882442474365
p value proxy: 0.003322259057313204
result: True
power_upto_now: 0.9307692050933838
391th run
noise dimension : 27
noise variance: 149.55270385742188
original u-statistic:0.28373265266418457
p value proxy: 0.013289036229252815
result: True
power_upto_now: 0.9309462904930115
392th run
noise dimension : 27
noise variance: 149.57791137695312
original u-statistic:0.38676977157592773
p value proxy: 0.013289036229252815
result: True
power_upto_now: 0.9311224222183228
393th run
noise dimension : 27
noise variance: 149.91322326660156
original u-statistic:0.2908623218536377
p value proxy: 0.003322259057313204
result: True
power_upto_now: 0.9312977194786072
394th run
noise dimension : 27
noise variance: 149.7367401123047
original u-statistic:0.396435022354126
p value proxy: 0.003322259057313204
result: True
power_upto_now: 0.9314720630645752
395th run
noise dimension : 27
noise variance: 149.98587036132812
original u-statistic:0.32434535026550293
p value proxy: 0.013289036229252815
result: True
power_upto_now: 0.9316455721855164
396th run
noise dimension : 27
noise variance: 150.07232666015625
original u-statistic:0.41443872451782227
p value proxy: 0.003322259057313204
result: True
power_upto_now: 0.9318181872367859
397th run
noise dimension : 27
noise variance: 150.0885009765625
original u-statistic:0.9792470932006836
p value proxy: 0.003322259057313204
result: True
power_upto_now: 0.9319899082183838
398th run
noise dimension : 27
noise variance: 149.78106689453125
original u-statistic:0.7192997932434082
p value proxy: 0.003322259057313204
result: True
power_upto_now: 0.9321607947349548
399th run
noise dimension : 27
noise variance: 149.6765899658203
original u-statistic:0.9244589805603027
p value proxy: 0.003322259057313204
result: True
power_upto_now: 0.932330846786499
400th run
noise dimension : 27
noise variance: 150.3903045654297
original u-statistic:0.426135778427124
p value proxy: 0.003322259057313204
result: True
power_upto_now: 0.9325000047683716
401th run
noise dimension : 27
noise variance: 149.7694091796875
original u-statistic:0.48841166496276855
p value proxy: 0.003322259057313204
result: True
power_upto_now: 0.9326683282852173
402th run
noise dimension : 27
noise variance: 149.71298217773438
original u-statistic:0.5637383460998535
p value proxy: 0.003322259057313204
result: True
power_upto_now: 0.9328358173370361
403th run
noise dimension : 27
noise variance: 150.25477600097656
original u-statistic:0.655541181564331
p value proxy: 0.003322259057313204
result: True
power_upto_now: 0.9330024719238281
404th run
noise dimension : 27
noise variance: 150.0504150390625
original u-statistic:0.6639294624328613
p value proxy: 0.003322259057313204
result: True
power_upto_now: 0.9331682920455933
405th run
noise dimension : 27
noise variance: 149.91500854492188
original u-statistic:0.5114679336547852
p value proxy: 0.003322259057313204
result: True
power_upto_now: 0.9333333373069763
406th run
noise dimension : 27
noise variance: 150.13034057617188
original u-statistic:0.4722788333892822
p value proxy: 0.003322259057313204
result: True
power_upto_now: 0.9334975481033325
407th run
noise dimension : 27
noise variance: 150.02854919433594
original u-statistic:0.4914131164550781
p value proxy: 0.003322259057313204
result: True
power_upto_now: 0.9336609244346619
408th run
noise dimension : 27
noise variance: 150.81016540527344
original u-statistic:0.6820659637451172
p value proxy: 0.003322259057313204
result: True
power_upto_now: 0.9338235259056091
409th run
noise dimension : 27
noise variance: 150.4573211669922
original u-statistic:0.5656344890594482
p value proxy: 0.003322259057313204
result: True
power_upto_now: 0.9339853525161743
410th run
noise dimension : 27
noise variance: 149.84971618652344
original u-statistic:0.5449073314666748
p value proxy: 0.003322259057313204
result: True
power_upto_now: 0.9341463446617126
411th run
noise dimension : 27
noise variance: 150.0563507080078
original u-statistic:0.31299757957458496
p value proxy: 0.013289036229252815
result: True
power_upto_now: 0.9343065619468689
412th run
noise dimension : 27
noise variance: 149.5739288330078
original u-statistic:0.6434628963470459
p value proxy: 0.003322259057313204
result: True
power_upto_now: 0.9344660043716431
413th run
noise dimension : 27
noise variance: 150.2899169921875
original u-statistic:0.7192254066467285
p value proxy: 0.003322259057313204
result: True
power_upto_now: 0.9346246719360352
414th run
noise dimension : 27
noise variance: 149.5522003173828
original u-statistic:0.6127681732177734
p value proxy: 0.003322259057313204
result: True
power_upto_now: 0.9347826242446899
415th run
noise dimension : 27
noise variance: 150.1951904296875
original u-statistic:0.5177068710327148
p value proxy: 0.003322259057313204
result: True
power_upto_now: 0.9349397420883179
416th run
noise dimension : 27
noise variance: 150.1771240234375
original u-statistic:0.6482617855072021
p value proxy: 0.003322259057313204
result: True
power_upto_now: 0.9350961446762085
417th run
noise dimension : 27
noise variance: 149.5343780517578
original u-statistic:0.46080875396728516
p value proxy: 0.003322259057313204
result: True
power_upto_now: 0.935251772403717
418th run
noise dimension : 27
noise variance: 149.4163818359375
original u-statistic:0.954258918762207
p value proxy: 0.003322259057313204
result: True
power_upto_now: 0.9354066848754883
419th run
noise dimension : 27
noise variance: 150.04818725585938
original u-statistic:0.98797607421875
p value proxy: 0.003322259057313204
result: True
power_upto_now: 0.9355608820915222
420th run
noise dimension : 27
noise variance: 150.02578735351562
original u-statistic:0.43336939811706543
p value proxy: 0.003322259057313204
result: True
power_upto_now: 0.9357143044471741
421th run
noise dimension : 27
noise variance: 150.0781707763672
original u-statistic:0.52024245262146
p value proxy: 0.003322259057313204
result: True
power_upto_now: 0.9358670115470886
422th run
noise dimension : 27
noise variance: 150.1232452392578
original u-statistic:0.39072585105895996
p value proxy: 0.003322259057313204
result: True
power_upto_now: 0.9360189437866211
423th run
noise dimension : 27
noise variance: 150.27867126464844
original u-statistic:0.5886731147766113
p value proxy: 0.003322259057313204
result: True
power_upto_now: 0.936170220375061
424th run
noise dimension : 27
noise variance: 150.2628631591797
original u-statistic:0.019709110260009766
p value proxy: 0.3621262311935425
result: False
power_upto_now: 0.9339622855186462
425th run
noise dimension : 27
noise variance: 150.34539794921875
original u-statistic:0.3704185485839844
p value proxy: 0.006644518114626408
result: True
power_upto_now: 0.9341176748275757
426th run
noise dimension : 27
noise variance: 150.0361328125
original u-statistic:0.4072842597961426
p value proxy: 0.003322259057313204
result: True
power_upto_now: 0.934272289276123
427th run
noise dimension : 27
noise variance: 149.99069213867188
original u-statistic:0.48609447479248047
p value proxy: 0.003322259057313204
result: True
power_upto_now: 0.9344262480735779
428th run
noise dimension : 27
noise variance: 150.06361389160156
original u-statistic:0.2340104579925537
p value proxy: 0.029900331050157547
result: True
power_upto_now: 0.9345794320106506
429th run
noise dimension : 27
noise variance: 150.31069946289062
original u-statistic:0.5631999969482422
p value proxy: 0.003322259057313204
result: True
power_upto_now: 0.9347319602966309
430th run
noise dimension : 27
noise variance: 149.54815673828125
original u-statistic:0.772758960723877
p value proxy: 0.003322259057313204
result: True
power_upto_now: 0.934883713722229
431th run
noise dimension : 27
noise variance: 150.18972778320312
original u-statistic:0.25274181365966797
p value proxy: 0.013289036229252815
result: True
power_upto_now: 0.9350348114967346
432th run
noise dimension : 27
noise variance: 149.60650634765625
original u-statistic:0.3941514492034912
p value proxy: 0.006644518114626408
result: True
power_upto_now: 0.9351851940155029
433th run
noise dimension : 27
noise variance: 149.9001007080078
original u-statistic:0.5741102695465088
p value proxy: 0.003322259057313204
result: True
power_upto_now: 0.9353348612785339
434th run
noise dimension : 27
noise variance: 150.01455688476562
original u-statistic:0.6455459594726562
p value proxy: 0.003322259057313204
result: True
power_upto_now: 0.9354838728904724
435th run
noise dimension : 27
noise variance: 149.86126708984375
original u-statistic:0.3809812068939209
p value proxy: 0.003322259057313204
result: True
power_upto_now: 0.9356321692466736
436th run
noise dimension : 27
noise variance: 150.18141174316406
original u-statistic:0.4907863140106201
p value proxy: 0.003322259057313204
result: True
power_upto_now: 0.9357798099517822
437th run
noise dimension : 27
noise variance: 150.0839385986328
original u-statistic:0.47003936767578125
p value proxy: 0.003322259057313204
result: True
power_upto_now: 0.9359267950057983
438th run
noise dimension : 27
noise variance: 150.1077423095703
original u-statistic:0.4803338050842285
p value proxy: 0.003322259057313204
result: True
power_upto_now: 0.9360730648040771
439th run
noise dimension : 27
noise variance: 150.84518432617188
original u-statistic:0.3945472240447998
p value proxy: 0.013289036229252815
result: True
power_upto_now: 0.9362186789512634
440th run
noise dimension : 27
noise variance: 149.8054962158203
original u-statistic:0.8366014957427979
p value proxy: 0.003322259057313204
result: True
power_upto_now: 0.9363636374473572
441th run
noise dimension : 27
noise variance: 150.09454345703125
original u-statistic:0.5536348819732666
p value proxy: 0.003322259057313204
result: True
power_upto_now: 0.9365079402923584
442th run
noise dimension : 27
noise variance: 150.2785186767578
original u-statistic:0.5740196704864502
p value proxy: 0.003322259057313204
result: True
power_upto_now: 0.9366515874862671
443th run
noise dimension : 27
noise variance: 149.514404296875
original u-statistic:0.26542115211486816
p value proxy: 0.03654484823346138
result: True
power_upto_now: 0.9367945790290833
444th run
noise dimension : 27
noise variance: 149.9565887451172
original u-statistic:0.5907795429229736
p value proxy: 0.003322259057313204
result: True
power_upto_now: 0.9369369149208069
445th run
noise dimension : 27
noise variance: 150.63414001464844
original u-statistic:1.0059177875518799
p value proxy: 0.003322259057313204
result: True
power_upto_now: 0.9370786547660828
446th run
noise dimension : 27
noise variance: 149.7168731689453
original u-statistic:0.6040356159210205
p value proxy: 0.003322259057313204
result: True
power_upto_now: 0.9372197389602661
447th run
noise dimension : 27
noise variance: 150.32984924316406
original u-statistic:0.7592384815216064
p value proxy: 0.003322259057313204
result: True
power_upto_now: 0.9373601675033569
448th run
noise dimension : 27
noise variance: 150.13185119628906
original u-statistic:0.47995448112487793
p value proxy: 0.003322259057313204
result: True
power_upto_now: 0.9375
449th run
noise dimension : 27
noise variance: 149.9904022216797
original u-statistic:0.8113317489624023
p value proxy: 0.003322259057313204
result: True
power_upto_now: 0.9376391768455505
450th run
noise dimension : 27
noise variance: 149.6851043701172
original u-statistic:0.6124594211578369
p value proxy: 0.003322259057313204
result: True
power_upto_now: 0.9377777576446533
451th run
noise dimension : 27
noise variance: 149.82354736328125
original u-statistic:0.7878811359405518
p value proxy: 0.003322259057313204
result: True
power_upto_now: 0.9379157423973083
452th run
noise dimension : 27
noise variance: 149.76168823242188
original u-statistic:0.7358019351959229
p value proxy: 0.003322259057313204
result: True
power_upto_now: 0.9380530714988708
453th run
noise dimension : 27
noise variance: 150.31239318847656
original u-statistic:0.6073753833770752
p value proxy: 0.003322259057313204
result: True
power_upto_now: 0.9381898641586304
454th run
noise dimension : 27
noise variance: 149.66786193847656
original u-statistic:0.7218451499938965
p value proxy: 0.003322259057313204
result: True
power_upto_now: 0.9383260011672974
455th run
noise dimension : 27
noise variance: 149.85601806640625
original u-statistic:0.5183584690093994
p value proxy: 0.003322259057313204
result: True
power_upto_now: 0.9384615421295166
456th run
noise dimension : 27
noise variance: 150.07029724121094
original u-statistic:0.4666562080383301
p value proxy: 0.003322259057313204
result: True
power_upto_now: 0.9385964870452881
457th run
noise dimension : 27
noise variance: 149.97642517089844
original u-statistic:0.3590669631958008
p value proxy: 0.009966777637600899
result: True
power_upto_now: 0.9387308359146118
458th run
noise dimension : 27
noise variance: 150.2364501953125
original u-statistic:0.7129864692687988
p value proxy: 0.003322259057313204
result: True
power_upto_now: 0.9388646483421326
459th run
noise dimension : 27
noise variance: 149.99449157714844
original u-statistic:0.4599316120147705
p value proxy: 0.006644518114626408
result: True
power_upto_now: 0.9389978051185608
460th run
noise dimension : 27
noise variance: 150.04249572753906
original u-statistic:0.5933353900909424
p value proxy: 0.003322259057313204
result: True
power_upto_now: 0.939130425453186
461th run
noise dimension : 27
noise variance: 150.138916015625
original u-statistic:1.1774578094482422
p value proxy: 0.003322259057313204
result: True
power_upto_now: 0.9392624497413635
462th run
noise dimension : 27
noise variance: 149.9384307861328
original u-statistic:0.49748706817626953
p value proxy: 0.003322259057313204
result: True
power_upto_now: 0.939393937587738
463th run
noise dimension : 27
noise variance: 149.92323303222656
original u-statistic:0.6308214664459229
p value proxy: 0.003322259057313204
result: True
power_upto_now: 0.9395248293876648
464th run
noise dimension : 27
noise variance: 149.8933868408203
original u-statistic:0.19952917098999023
p value proxy: 0.06644517928361893
result: False
power_upto_now: 0.9375
465th run
noise dimension : 27
noise variance: 149.71337890625
original u-statistic:0.7589080333709717
p value proxy: 0.003322259057313204
result: True
power_upto_now: 0.9376344084739685
466th run
noise dimension : 27
noise variance: 149.97344970703125
original u-statistic:0.5912785530090332
p value proxy: 0.003322259057313204
result: True
power_upto_now: 0.9377682209014893
467th run
noise dimension : 27
noise variance: 150.08807373046875
original u-statistic:0.6209838390350342
p value proxy: 0.003322259057313204
result: True
power_upto_now: 0.937901496887207
468th run
noise dimension : 27
noise variance: 150.3857421875
original u-statistic:0.3113706111907959
p value proxy: 0.003322259057313204
result: True
power_upto_now: 0.938034176826477
469th run
noise dimension : 27
noise variance: 150.0767059326172
original u-statistic:0.6029455661773682
p value proxy: 0.003322259057313204
result: True
power_upto_now: 0.9381663203239441
470th run
noise dimension : 27
noise variance: 150.3535614013672
original u-statistic:0.6354012489318848
p value proxy: 0.003322259057313204
result: True
power_upto_now: 0.9382978677749634
471th run
noise dimension : 27
noise variance: 149.72610473632812
original u-statistic:0.35807061195373535
p value proxy: 0.013289036229252815
result: True
power_upto_now: 0.9384288787841797
472th run
noise dimension : 27
noise variance: 150.0060577392578
original u-statistic:0.4510810375213623
p value proxy: 0.003322259057313204
result: True
power_upto_now: 0.9385592937469482
473th run
noise dimension : 27
noise variance: 149.98516845703125
original u-statistic:0.61714768409729
p value proxy: 0.003322259057313204
result: True
power_upto_now: 0.9386892318725586
474th run
noise dimension : 27
noise variance: 149.88900756835938
original u-statistic:0.78841233253479
p value proxy: 0.003322259057313204
result: True
power_upto_now: 0.9388185739517212
475th run
noise dimension : 27
noise variance: 150.14483642578125
original u-statistic:0.3114748001098633
p value proxy: 0.009966777637600899
result: True
power_upto_now: 0.9389473795890808
476th run
noise dimension : 27
noise variance: 149.87232971191406
original u-statistic:0.6951334476470947
p value proxy: 0.003322259057313204
result: True
power_upto_now: 0.9390756487846375
477th run
noise dimension : 27
noise variance: 150.37899780273438
original u-statistic:0.6515259742736816
p value proxy: 0.003322259057313204
result: True
power_upto_now: 0.9392033815383911
478th run
noise dimension : 27
noise variance: 150.40916442871094
original u-statistic:0.39636945724487305
p value proxy: 0.003322259057313204
result: True
power_upto_now: 0.939330518245697
479th run
noise dimension : 27
noise variance: 150.2024688720703
original u-statistic:0.5177774429321289
p value proxy: 0.003322259057313204
result: True
power_upto_now: 0.9394571781158447
480th run
noise dimension : 27
noise variance: 149.72999572753906
original u-statistic:0.31972622871398926
p value proxy: 0.013289036229252815
result: True
power_upto_now: 0.9395833611488342
481th run
noise dimension : 27
noise variance: 149.52406311035156
original u-statistic:0.1408236026763916
p value proxy: 0.10963454842567444
result: False
power_upto_now: 0.9376299381256104
482th run
noise dimension : 27
noise variance: 150.70407104492188
original u-statistic:0.6282811164855957
p value proxy: 0.003322259057313204
result: True
power_upto_now: 0.9377593398094177
483th run
noise dimension : 27
noise variance: 150.2639617919922
original u-statistic:0.7444736957550049
p value proxy: 0.003322259057313204
result: True
power_upto_now: 0.9378882050514221
484th run
noise dimension : 27
noise variance: 149.7153778076172
original u-statistic:0.3369100093841553
p value proxy: 0.003322259057313204
result: True
power_upto_now: 0.9380165338516235
485th run
noise dimension : 27
noise variance: 150.42782592773438
original u-statistic:0.5453753471374512
p value proxy: 0.003322259057313204
result: True
power_upto_now: 0.938144326210022
486th run
noise dimension : 27
noise variance: 150.2178955078125
original u-statistic:0.6594724655151367
p value proxy: 0.003322259057313204
result: True
power_upto_now: 0.9382715821266174
487th run
noise dimension : 27
noise variance: 149.89930725097656
original u-statistic:0.9827523231506348
p value proxy: 0.003322259057313204
result: True
power_upto_now: 0.9383983612060547
488th run
noise dimension : 27
noise variance: 149.6193084716797
original u-statistic:0.31728363037109375
p value proxy: 0.003322259057313204
result: True
power_upto_now: 0.938524603843689
489th run
noise dimension : 27
noise variance: 149.579345703125
original u-statistic:0.4194188117980957
p value proxy: 0.006644518114626408
result: True
power_upto_now: 0.9386503100395203
490th run
noise dimension : 27
noise variance: 150.10675048828125
original u-statistic:0.7259442806243896
p value proxy: 0.003322259057313204
result: True
power_upto_now: 0.9387755393981934
491th run
noise dimension : 27
noise variance: 150.02418518066406
original u-statistic:0.6100161075592041
p value proxy: 0.003322259057313204
result: True
power_upto_now: 0.9389002323150635
492th run
noise dimension : 27
noise variance: 149.8389892578125
original u-statistic:0.5068874359130859
p value proxy: 0.003322259057313204
result: True
power_upto_now: 0.9390243887901306
493th run
noise dimension : 27
noise variance: 149.8908233642578
original u-statistic:0.7382445335388184
p value proxy: 0.003322259057313204
result: True
power_upto_now: 0.9391480684280396
494th run
noise dimension : 27
noise variance: 150.0853271484375
original u-statistic:0.4546482563018799
p value proxy: 0.003322259057313204
result: True
power_upto_now: 0.9392712712287903
495th run
noise dimension : 27
noise variance: 150.09886169433594
original u-statistic:0.3304901123046875
p value proxy: 0.009966777637600899
result: True
power_upto_now: 0.939393937587738
496th run
noise dimension : 27
noise variance: 149.36305236816406
original u-statistic:0.6331512928009033
p value proxy: 0.003322259057313204
result: True
power_upto_now: 0.9395161271095276
497th run
noise dimension : 27
noise variance: 150.27304077148438
original u-statistic:0.9752757549285889
p value proxy: 0.003322259057313204
result: True
power_upto_now: 0.9396378397941589
498th run
noise dimension : 27
noise variance: 149.66015625
original u-statistic:0.6895074844360352
p value proxy: 0.003322259057313204
result: True
power_upto_now: 0.9397590160369873
499th run
noise dimension : 27
noise variance: 150.09512329101562
original u-statistic:0.6913001537322998
p value proxy: 0.003322259057313204
result: True
power_upto_now: 0.9398797750473022
500th run
noise dimension : 27
noise variance: 149.67864990234375
original u-statistic:0.7590806484222412
p value proxy: 0.003322259057313204
result: True
power_upto_now: 0.9399999976158142
power estimate : 0.9399999976158142
elapsed time: 6643.888129234314
