job started
cuda available: True
code run on device:: cuda:0

n1 = 20000, n2 = 20000,

kappa = 3, alpha = 0.1,

gamma = 0.05, nTests = 500,

B = 300

1th run
noise dimension : 27
noise variance: 21646.703125
original u-statistic:-9.544151306152344
p value proxy: 0.6976743936538696
result: False
power_upto_now: 0.0
2th run
noise dimension : 27
noise variance: 21528.6640625
original u-statistic:3.2107558250427246
p value proxy: 0.39867109060287476
result: False
power_upto_now: 0.0
3th run
noise dimension : 27
noise variance: 21607.828125
original u-statistic:-18.587963104248047
p value proxy: 0.8471760749816895
result: False
power_upto_now: 0.0
4th run
noise dimension : 27
noise variance: 21618.5546875
original u-statistic:4.713754653930664
p value proxy: 0.3455149531364441
result: False
power_upto_now: 0.0
5th run
noise dimension : 27
noise variance: 21576.607421875
original u-statistic:-7.433871269226074
p value proxy: 0.634551465511322
result: False
power_upto_now: 0.0
6th run
noise dimension : 27
noise variance: 21509.1640625
original u-statistic:33.94267272949219
p value proxy: 0.029900331050157547
result: True
power_upto_now: 0.1666666716337204
7th run
noise dimension : 27
noise variance: 21719.37890625
original u-statistic:10.885269165039062
p value proxy: 0.2790697515010834
result: False
power_upto_now: 0.1428571492433548
8th run
noise dimension : 27
noise variance: 21565.2578125
original u-statistic:-7.5741119384765625
p value proxy: 0.674418568611145
result: False
power_upto_now: 0.125
9th run
noise dimension : 27
noise variance: 21580.419921875
original u-statistic:24.96026611328125
p value proxy: 0.07973422110080719
result: False
power_upto_now: 0.1111111119389534
10th run
noise dimension : 27
noise variance: 21547.16796875
original u-statistic:-9.997495651245117
p value proxy: 0.7375414967536926
result: False
power_upto_now: 0.10000000149011612
11th run
noise dimension : 27
noise variance: 21607.26171875
original u-statistic:-13.670948028564453
p value proxy: 0.8073089718818665
result: False
power_upto_now: 0.09090909361839294
12th run
noise dimension : 27
noise variance: 21564.017578125
original u-statistic:17.63997459411621
p value proxy: 0.14617939293384552
result: False
power_upto_now: 0.0833333358168602
13th run
noise dimension : 27
noise variance: 21630.166015625
original u-statistic:-9.356057167053223
p value proxy: 0.7043189406394958
result: False
power_upto_now: 0.07692307978868484
14th run
noise dimension : 27
noise variance: 21604.1796875
original u-statistic:1.09486722946167
p value proxy: 0.4651162624359131
result: False
power_upto_now: 0.0714285746216774
15th run
noise dimension : 27
noise variance: 21624.59765625
original u-statistic:-10.195491790771484
p value proxy: 0.7275747060775757
result: False
power_upto_now: 0.06666667014360428
16th run
noise dimension : 27
noise variance: 21664.30078125
original u-statistic:20.85589599609375
p value proxy: 0.12956809997558594
result: False
power_upto_now: 0.0625
17th run
noise dimension : 27
noise variance: 21686.81640625
original u-statistic:0.7440211772918701
p value proxy: 0.4019933342933655
result: False
power_upto_now: 0.05882352963089943
18th run
noise dimension : 27
noise variance: 21629.458984375
original u-statistic:7.001317024230957
p value proxy: 0.3521594703197479
result: False
power_upto_now: 0.0555555559694767
19th run
noise dimension : 27
noise variance: 21572.822265625
original u-statistic:-9.555240631103516
p value proxy: 0.7109634280204773
result: False
power_upto_now: 0.05263157933950424
20th run
noise dimension : 27
noise variance: 21522.271484375
original u-statistic:41.56513595581055
p value proxy: 0.016611294820904732
result: True
power_upto_now: 0.10000000149011612
21th run
noise dimension : 27
noise variance: 21557.314453125
original u-statistic:-7.298239231109619
p value proxy: 0.6544850468635559
result: False
power_upto_now: 0.095238097012043
22th run
noise dimension : 27
noise variance: 21672.6015625
original u-statistic:-14.470198631286621
p value proxy: 0.843853771686554
result: False
power_upto_now: 0.09090909361839294
23th run
noise dimension : 27
noise variance: 21628.072265625
original u-statistic:11.966033935546875
p value proxy: 0.2026578038930893
result: False
power_upto_now: 0.08695652335882187
24th run
noise dimension : 27
noise variance: 21617.435546875
original u-statistic:-6.015735626220703
p value proxy: 0.6544850468635559
result: False
power_upto_now: 0.0833333358168602
25th run
noise dimension : 27
noise variance: 21616.30078125
original u-statistic:-14.664406776428223
p value proxy: 0.8205980062484741
result: False
power_upto_now: 0.07999999821186066
26th run
noise dimension : 27
noise variance: 21645.513671875
original u-statistic:28.89811897277832
p value proxy: 0.04651162773370743
result: True
power_upto_now: 0.11538461595773697
27th run
noise dimension : 27
noise variance: 21511.525390625
original u-statistic:-4.956356048583984
p value proxy: 0.5681062936782837
result: False
power_upto_now: 0.1111111119389534
28th run
noise dimension : 27
noise variance: 21512.994140625
original u-statistic:5.014745712280273
p value proxy: 0.33554816246032715
result: False
power_upto_now: 0.1071428582072258
29th run
noise dimension : 27
noise variance: 21649.259765625
original u-statistic:-13.766956329345703
p value proxy: 0.8172757029533386
result: False
power_upto_now: 0.1034482792019844
30th run
noise dimension : 27
noise variance: 21571.65234375
original u-statistic:-20.339893341064453
p value proxy: 0.9136212468147278
result: False
power_upto_now: 0.10000000149011612
31th run
noise dimension : 27
noise variance: 21594.2421875
original u-statistic:2.9631690979003906
p value proxy: 0.37873753905296326
result: False
power_upto_now: 0.09677419066429138
32th run
noise dimension : 27
noise variance: 21577.59765625
original u-statistic:21.68819808959961
p value proxy: 0.09302325546741486
result: False
power_upto_now: 0.09375
33th run
noise dimension : 27
noise variance: 21662.078125
original u-statistic:-7.876713752746582
p value proxy: 0.6710963249206543
result: False
power_upto_now: 0.09090909361839294
34th run
noise dimension : 27
noise variance: 21582.595703125
original u-statistic:-11.353167533874512
p value proxy: 0.7275747060775757
result: False
power_upto_now: 0.0882352963089943
35th run
noise dimension : 27
noise variance: 21634.28515625
original u-statistic:-15.128767013549805
p value proxy: 0.8272424936294556
result: False
power_upto_now: 0.08571428805589676
36th run
noise dimension : 27
noise variance: 21659.55078125
original u-statistic:15.796239852905273
p value proxy: 0.15282391011714935
result: False
power_upto_now: 0.0833333358168602
37th run
noise dimension : 27
noise variance: 21541.564453125
original u-statistic:2.6115942001342773
p value proxy: 0.43853819370269775
result: False
power_upto_now: 0.0810810774564743
38th run
noise dimension : 27
noise variance: 21602.962890625
original u-statistic:-7.733316421508789
p value proxy: 0.6511628031730652
result: False
power_upto_now: 0.07894736528396606
39th run
noise dimension : 27
noise variance: 21631.318359375
original u-statistic:-17.269733428955078
p value proxy: 0.8571428656578064
result: False
power_upto_now: 0.07692307978868484
40th run
noise dimension : 27
noise variance: 21479.458984375
original u-statistic:-16.351879119873047
p value proxy: 0.8504983186721802
result: False
power_upto_now: 0.07500000298023224
41th run
noise dimension : 27
noise variance: 21613.55078125
original u-statistic:1.4292964935302734
p value proxy: 0.44186046719551086
result: False
power_upto_now: 0.0731707289814949
42th run
noise dimension : 27
noise variance: 21599.998046875
original u-statistic:-19.312746047973633
p value proxy: 0.9235880374908447
result: False
power_upto_now: 0.0714285746216774
43th run
noise dimension : 27
noise variance: 21618.09765625
original u-statistic:-11.364553451538086
p value proxy: 0.7308970093727112
result: False
power_upto_now: 0.06976744532585144
44th run
noise dimension : 27
noise variance: 21594.234375
original u-statistic:4.529973983764648
p value proxy: 0.3521594703197479
result: False
power_upto_now: 0.06818182021379471
45th run
noise dimension : 27
noise variance: 21587.60546875
original u-statistic:11.946481704711914
p value proxy: 0.21594683825969696
result: False
power_upto_now: 0.06666667014360428
46th run
noise dimension : 27
noise variance: 21677.619140625
original u-statistic:2.601574420928955
p value proxy: 0.4019933342933655
result: False
power_upto_now: 0.06521739065647125
47th run
noise dimension : 27
noise variance: 21580.3125
original u-statistic:-23.62725067138672
p value proxy: 0.960132896900177
result: False
power_upto_now: 0.06382978707551956
48th run
noise dimension : 27
noise variance: 21572.27734375
original u-statistic:2.6432433128356934
p value proxy: 0.4086378514766693
result: False
power_upto_now: 0.0625
49th run
noise dimension : 27
noise variance: 21676.8828125
original u-statistic:-12.40542221069336
p value proxy: 0.803986668586731
result: False
power_upto_now: 0.06122449040412903
50th run
noise dimension : 27
noise variance: 21581.666015625
original u-statistic:-9.159524917602539
p value proxy: 0.7043189406394958
result: False
power_upto_now: 0.05999999865889549
51th run
noise dimension : 27
noise variance: 21623.10546875
original u-statistic:-17.35302734375
p value proxy: 0.8604651093482971
result: False
power_upto_now: 0.05882352963089943
52th run
noise dimension : 27
noise variance: 21571.646484375
original u-statistic:-14.644911766052246
p value proxy: 0.7940199375152588
result: False
power_upto_now: 0.057692307978868484
53th run
noise dimension : 27
noise variance: 21593.0546875
original u-statistic:4.619085311889648
p value proxy: 0.37873753905296326
result: False
power_upto_now: 0.056603774428367615
54th run
noise dimension : 27
noise variance: 21575.5390625
original u-statistic:3.144317150115967
p value proxy: 0.3654485046863556
result: False
power_upto_now: 0.0555555559694767
55th run
noise dimension : 27
noise variance: 21512.595703125
original u-statistic:35.643531799316406
p value proxy: 0.023255813866853714
result: True
power_upto_now: 0.072727270424366
56th run
noise dimension : 27
noise variance: 21597.55859375
original u-statistic:-8.881274223327637
p value proxy: 0.6910299062728882
result: False
power_upto_now: 0.0714285746216774
57th run
noise dimension : 27
noise variance: 21607.388671875
original u-statistic:0.7623805999755859
p value proxy: 0.47840529680252075
result: False
power_upto_now: 0.07017543911933899
58th run
noise dimension : 27
noise variance: 21560.107421875
original u-statistic:6.999051570892334
p value proxy: 0.2657807171344757
result: False
power_upto_now: 0.06896551698446274
59th run
noise dimension : 27
noise variance: 21662.392578125
original u-statistic:2.1953725814819336
p value proxy: 0.37873753905296326
result: False
power_upto_now: 0.06779661029577255
60th run
noise dimension : 27
noise variance: 21565.205078125
original u-statistic:50.20458221435547
p value proxy: 0.009966777637600899
result: True
power_upto_now: 0.0833333358168602
61th run
noise dimension : 27
noise variance: 21565.1640625
original u-statistic:12.877650260925293
p value proxy: 0.19269102811813354
result: False
power_upto_now: 0.08196721225976944
62th run
noise dimension : 27
noise variance: 21591.9296875
original u-statistic:22.07948112487793
p value proxy: 0.1029900312423706
result: False
power_upto_now: 0.08064515888690948
63th run
noise dimension : 27
noise variance: 21659.294921875
original u-statistic:13.480518341064453
p value proxy: 0.1860465109348297
result: False
power_upto_now: 0.0793650820851326
64th run
noise dimension : 27
noise variance: 21605.40625
original u-statistic:12.332853317260742
p value proxy: 0.2259136140346527
result: False
power_upto_now: 0.078125
65th run
noise dimension : 27
noise variance: 21657.767578125
original u-statistic:6.615368843078613
p value proxy: 0.31893688440322876
result: False
power_upto_now: 0.07692307978868484
66th run
noise dimension : 27
noise variance: 21565.693359375
original u-statistic:10.52431869506836
p value proxy: 0.22923587262630463
result: False
power_upto_now: 0.07575757801532745
67th run
noise dimension : 27
noise variance: 21613.73046875
original u-statistic:-2.1321611404418945
p value proxy: 0.4717607796192169
result: False
power_upto_now: 0.0746268630027771
68th run
noise dimension : 27
noise variance: 21584.26171875
original u-statistic:2.321094512939453
p value proxy: 0.4086378514766693
result: False
power_upto_now: 0.07352941483259201
69th run
noise dimension : 27
noise variance: 21710.7734375
original u-statistic:-9.722135543823242
p value proxy: 0.7176079750061035
result: False
power_upto_now: 0.07246376574039459
70th run
noise dimension : 27
noise variance: 21653.580078125
original u-statistic:31.03191375732422
p value proxy: 0.03654484823346138
result: True
power_upto_now: 0.08571428805589676
71th run
noise dimension : 27
noise variance: 21538.322265625
original u-statistic:-9.896966934204102
p value proxy: 0.7109634280204773
result: False
power_upto_now: 0.0845070406794548
72th run
noise dimension : 27
noise variance: 21615.751953125
original u-statistic:-2.1058568954467773
p value proxy: 0.514950156211853
result: False
power_upto_now: 0.0833333358168602
73th run
noise dimension : 27
noise variance: 21642.3046875
original u-statistic:-7.074775695800781
p value proxy: 0.6777408719062805
result: False
power_upto_now: 0.08219178020954132
74th run
noise dimension : 27
noise variance: 21592.81640625
original u-statistic:8.798759460449219
p value proxy: 0.25581395626068115
result: False
power_upto_now: 0.0810810774564743
75th run
noise dimension : 27
noise variance: 21565.65625
original u-statistic:2.0096969604492188
p value proxy: 0.46179401874542236
result: False
power_upto_now: 0.07999999821186066
76th run
noise dimension : 27
noise variance: 21562.611328125
original u-statistic:-15.365222930908203
p value proxy: 0.8205980062484741
result: False
power_upto_now: 0.07894736528396606
77th run
noise dimension : 27
noise variance: 21624.916015625
original u-statistic:-24.810760498046875
p value proxy: 0.9634551405906677
result: False
power_upto_now: 0.07792207598686218
78th run
noise dimension : 27
noise variance: 21571.912109375
original u-statistic:10.4562406539917
p value proxy: 0.21594683825969696
result: False
power_upto_now: 0.07692307978868484
79th run
noise dimension : 27
noise variance: 21637.63671875
original u-statistic:27.275863647460938
p value proxy: 0.04651162773370743
result: True
power_upto_now: 0.08860759437084198
80th run
noise dimension : 27
noise variance: 21508.943359375
original u-statistic:-11.887796401977539
p value proxy: 0.7740863561630249
result: False
power_upto_now: 0.08749999850988388
81th run
noise dimension : 27
noise variance: 21577.7109375
original u-statistic:-3.1785435676574707
p value proxy: 0.5514950156211853
result: False
power_upto_now: 0.08641975373029709
82th run
noise dimension : 27
noise variance: 21577.75390625
original u-statistic:-11.849321365356445
p value proxy: 0.7740863561630249
result: False
power_upto_now: 0.08536585420370102
83th run
noise dimension : 27
noise variance: 21580.095703125
original u-statistic:-6.899013996124268
p value proxy: 0.6112956404685974
result: False
power_upto_now: 0.08433734625577927
84th run
noise dimension : 27
noise variance: 21616.837890625
original u-statistic:-15.47603988647461
p value proxy: 0.843853771686554
result: False
power_upto_now: 0.0833333358168602
85th run
noise dimension : 27
noise variance: 21503.2421875
original u-statistic:-7.4315314292907715
p value proxy: 0.6810631155967712
result: False
power_upto_now: 0.08235294371843338
86th run
noise dimension : 27
noise variance: 21597.2734375
original u-statistic:23.535200119018555
p value proxy: 0.09634551405906677
result: False
power_upto_now: 0.08139535039663315
87th run
noise dimension : 27
noise variance: 21595.884765625
original u-statistic:-15.173418998718262
p value proxy: 0.8006644248962402
result: False
power_upto_now: 0.08045977354049683
88th run
noise dimension : 27
noise variance: 21669.923828125
original u-statistic:-15.932226181030273
p value proxy: 0.8272424936294556
result: False
power_upto_now: 0.07954545319080353
89th run
noise dimension : 27
noise variance: 21632.787109375
original u-statistic:7.927495956420898
p value proxy: 0.2823920249938965
result: False
power_upto_now: 0.07865168899297714
90th run
noise dimension : 27
noise variance: 21562.0234375
original u-statistic:-7.124080657958984
p value proxy: 0.6245846748352051
result: False
power_upto_now: 0.07777778059244156
91th run
noise dimension : 27
noise variance: 21536.546875
original u-statistic:14.251256942749023
p value proxy: 0.2026578038930893
result: False
power_upto_now: 0.07692307978868484
92th run
noise dimension : 27
noise variance: 21575.56640625
original u-statistic:21.669002532958984
p value proxy: 0.09302325546741486
result: False
power_upto_now: 0.07608695328235626
93th run
noise dimension : 27
noise variance: 21667.369140625
original u-statistic:-0.6148738861083984
p value proxy: 0.49833884835243225
result: False
power_upto_now: 0.07526881992816925
94th run
noise dimension : 27
noise variance: 21509.583984375
original u-statistic:-13.225757598876953
p value proxy: 0.8106312155723572
result: False
power_upto_now: 0.07446808367967606
95th run
noise dimension : 27
noise variance: 21589.533203125
original u-statistic:14.856656074523926
p value proxy: 0.12624584138393402
result: False
power_upto_now: 0.0736842080950737
96th run
noise dimension : 27
noise variance: 21625.013671875
original u-statistic:3.1480348110198975
p value proxy: 0.3621262311935425
result: False
power_upto_now: 0.0729166641831398
97th run
noise dimension : 27
noise variance: 21448.73046875
original u-statistic:-2.8001880645751953
p value proxy: 0.5415282249450684
result: False
power_upto_now: 0.07216494530439377
98th run
noise dimension : 27
noise variance: 21562.87109375
original u-statistic:-26.476078033447266
p value proxy: 0.9800664186477661
result: False
power_upto_now: 0.0714285746216774
99th run
noise dimension : 27
noise variance: 21569.3203125
original u-statistic:-12.318693161010742
p value proxy: 0.7707641124725342
result: False
power_upto_now: 0.07070706784725189
100th run
noise dimension : 27
noise variance: 21588.69921875
original u-statistic:8.347688674926758
p value proxy: 0.302325576543808
result: False
power_upto_now: 0.07000000029802322
101th run
noise dimension : 27
noise variance: 21620.048828125
original u-statistic:27.100357055664062
p value proxy: 0.04651162773370743
result: True
power_upto_now: 0.07920791953802109
102th run
noise dimension : 27
noise variance: 21605.943359375
original u-statistic:1.9692683219909668
p value proxy: 0.39867109060287476
result: False
power_upto_now: 0.0784313753247261
103th run
noise dimension : 27
noise variance: 21583.603515625
original u-statistic:22.270442962646484
p value proxy: 0.07308969646692276
result: False
power_upto_now: 0.0776699036359787
104th run
noise dimension : 27
noise variance: 21590.8828125
original u-statistic:-15.4273042678833
p value proxy: 0.8272424936294556
result: False
power_upto_now: 0.07692307978868484
105th run
noise dimension : 27
noise variance: 21702.9609375
original u-statistic:-5.398099422454834
p value proxy: 0.5847175717353821
result: False
power_upto_now: 0.07619047909975052
106th run
noise dimension : 27
noise variance: 21537.58984375
original u-statistic:-23.67313003540039
p value proxy: 0.9534883499145508
result: False
power_upto_now: 0.07547169923782349
107th run
noise dimension : 27
noise variance: 21666.98828125
original u-statistic:-23.331809997558594
p value proxy: 0.9468438029289246
result: False
power_upto_now: 0.07476635277271271
108th run
noise dimension : 27
noise variance: 21589.80859375
original u-statistic:48.66526794433594
p value proxy: 0.013289036229252815
result: True
power_upto_now: 0.0833333358168602
109th run
noise dimension : 27
noise variance: 21664.359375
original u-statistic:3.4790802001953125
p value proxy: 0.4086378514766693
result: False
power_upto_now: 0.08256880939006805
110th run
noise dimension : 27
noise variance: 21569.423828125
original u-statistic:-14.470354080200195
p value proxy: 0.7807309031486511
result: False
power_upto_now: 0.08181817829608917
111th run
noise dimension : 27
noise variance: 21592.5625
original u-statistic:-9.779781341552734
p value proxy: 0.7375414967536926
result: False
power_upto_now: 0.0810810774564743
112th run
noise dimension : 27
noise variance: 21599.388671875
original u-statistic:22.265853881835938
p value proxy: 0.08637873828411102
result: False
power_upto_now: 0.0803571417927742
113th run
noise dimension : 27
noise variance: 21653.51953125
original u-statistic:14.927352905273438
p value proxy: 0.14950165152549744
result: False
power_upto_now: 0.0796460211277008
114th run
noise dimension : 27
noise variance: 21572.19921875
original u-statistic:0.5424718856811523
p value proxy: 0.4518272280693054
result: False
power_upto_now: 0.07894736528396606
115th run
noise dimension : 27
noise variance: 21568.267578125
original u-statistic:-10.52829647064209
p value proxy: 0.684385359287262
result: False
power_upto_now: 0.0782608687877655
116th run
noise dimension : 27
noise variance: 21458.796875
original u-statistic:19.81224250793457
p value proxy: 0.13289035856723785
result: False
power_upto_now: 0.07758620381355286
117th run
noise dimension : 27
noise variance: 21627.0
original u-statistic:-16.241289138793945
p value proxy: 0.8704319000244141
result: False
power_upto_now: 0.07692307978868484
118th run
noise dimension : 27
noise variance: 21602.177734375
original u-statistic:-6.06084680557251
p value proxy: 0.6179401874542236
result: False
power_upto_now: 0.0762711837887764
119th run
noise dimension : 27
noise variance: 21557.875
original u-statistic:34.65418243408203
p value proxy: 0.023255813866853714
result: True
power_upto_now: 0.08403361588716507
120th run
noise dimension : 27
noise variance: 21607.423828125
original u-statistic:6.382065773010254
p value proxy: 0.31893688440322876
result: False
power_upto_now: 0.0833333358168602
121th run
noise dimension : 27
noise variance: 21591.10546875
original u-statistic:0.584683358669281
p value proxy: 0.4651162624359131
result: False
power_upto_now: 0.08264462649822235
122th run
noise dimension : 27
noise variance: 21598.349609375
original u-statistic:24.936635971069336
p value proxy: 0.07973422110080719
result: False
power_upto_now: 0.08196721225976944
123th run
noise dimension : 27
noise variance: 21532.587890625
original u-statistic:24.681955337524414
p value proxy: 0.07308969646692276
result: False
power_upto_now: 0.08130080997943878
124th run
noise dimension : 27
noise variance: 21618.7734375
original u-statistic:1.9554443359375
p value proxy: 0.41528236865997314
result: False
power_upto_now: 0.08064515888690948
125th run
noise dimension : 27
noise variance: 21640.181640625
original u-statistic:-2.3857688903808594
p value proxy: 0.554817259311676
result: False
power_upto_now: 0.07999999821186066
126th run
noise dimension : 27
noise variance: 21604.666015625
original u-statistic:-18.081424713134766
p value proxy: 0.8803986310958862
result: False
power_upto_now: 0.0793650820851326
127th run
noise dimension : 27
noise variance: 21542.04296875
original u-statistic:-16.255285263061523
p value proxy: 0.8803986310958862
result: False
power_upto_now: 0.07874015718698502
128th run
noise dimension : 27
noise variance: 21666.451171875
original u-statistic:-7.316826343536377
p value proxy: 0.6378737688064575
result: False
power_upto_now: 0.078125
129th run
noise dimension : 27
noise variance: 21701.31640625
original u-statistic:16.678754806518555
p value proxy: 0.14950165152549744
result: False
power_upto_now: 0.07751937955617905
130th run
noise dimension : 27
noise variance: 21613.86328125
original u-statistic:-1.9688440561294556
p value proxy: 0.5481727719306946
result: False
power_upto_now: 0.07692307978868484
131th run
noise dimension : 27
noise variance: 21707.45703125
original u-statistic:6.447838306427002
p value proxy: 0.33554816246032715
result: False
power_upto_now: 0.07633587718009949
132th run
noise dimension : 27
noise variance: 21680.517578125
original u-statistic:-4.790660858154297
p value proxy: 0.554817259311676
result: False
power_upto_now: 0.07575757801532745
133th run
noise dimension : 27
noise variance: 21583.083984375
original u-statistic:17.355392456054688
p value proxy: 0.1395348757505417
result: False
power_upto_now: 0.07518796622753143
134th run
noise dimension : 27
noise variance: 21732.9140625
original u-statistic:2.793497085571289
p value proxy: 0.43521595001220703
result: False
power_upto_now: 0.0746268630027771
135th run
noise dimension : 27
noise variance: 21547.140625
original u-statistic:-28.297832489013672
p value proxy: 0.9800664186477661
result: False
power_upto_now: 0.07407407462596893
136th run
noise dimension : 27
noise variance: 21567.08984375
original u-statistic:-18.47704315185547
p value proxy: 0.8870431780815125
result: False
power_upto_now: 0.07352941483259201
137th run
noise dimension : 27
noise variance: 21582.240234375
original u-statistic:8.82235050201416
p value proxy: 0.27242523431777954
result: False
power_upto_now: 0.07299269735813141
138th run
noise dimension : 27
noise variance: 21668.69140625
original u-statistic:24.516345977783203
p value proxy: 0.07973422110080719
result: False
power_upto_now: 0.07246376574039459
139th run
noise dimension : 27
noise variance: 21564.3515625
original u-statistic:-15.638653755187988
p value proxy: 0.8372092843055725
result: False
power_upto_now: 0.07194244861602783
140th run
noise dimension : 27
noise variance: 21598.099609375
original u-statistic:10.77937126159668
p value proxy: 0.21926909685134888
result: False
power_upto_now: 0.0714285746216774
141th run
noise dimension : 27
noise variance: 21559.57421875
original u-statistic:-2.2402172088623047
p value proxy: 0.49501660466194153
result: False
power_upto_now: 0.07092198729515076
142th run
noise dimension : 27
noise variance: 21592.841796875
original u-statistic:1.5809764862060547
p value proxy: 0.4119601249694824
result: False
power_upto_now: 0.07042253762483597
143th run
noise dimension : 27
noise variance: 21545.291015625
original u-statistic:17.955867767333984
p value proxy: 0.12956809997558594
result: False
power_upto_now: 0.0699300691485405
144th run
noise dimension : 27
noise variance: 21570.45703125
original u-statistic:-22.322847366333008
p value proxy: 0.9435215592384338
result: False
power_upto_now: 0.0694444477558136
145th run
noise dimension : 27
noise variance: 21602.369140625
original u-statistic:-18.11914825439453
p value proxy: 0.8504983186721802
result: False
power_upto_now: 0.06896551698446274
146th run
noise dimension : 27
noise variance: 21571.96875
original u-statistic:-19.710521697998047
p value proxy: 0.9136212468147278
result: False
power_upto_now: 0.06849315017461777
147th run
noise dimension : 27
noise variance: 21584.341796875
original u-statistic:20.196613311767578
p value proxy: 0.09966777265071869
result: False
power_upto_now: 0.06802721321582794
148th run
noise dimension : 27
noise variance: 21615.861328125
original u-statistic:-11.65857982635498
p value proxy: 0.7441860437393188
result: False
power_upto_now: 0.06756756454706192
149th run
noise dimension : 27
noise variance: 21587.849609375
original u-statistic:-4.7401838302612305
p value proxy: 0.6079733967781067
result: False
power_upto_now: 0.06711409240961075
150th run
noise dimension : 27
noise variance: 21557.59375
original u-statistic:-10.259312629699707
p value proxy: 0.7308970093727112
result: False
power_upto_now: 0.06666667014360428
151th run
noise dimension : 27
noise variance: 21618.27734375
original u-statistic:-7.419240474700928
p value proxy: 0.6478404998779297
result: False
power_upto_now: 0.06622516363859177
152th run
noise dimension : 27
noise variance: 21633.279296875
original u-statistic:1.4472235441207886
p value proxy: 0.37541526556015015
result: False
power_upto_now: 0.06578947603702545
153th run
noise dimension : 27
noise variance: 21611.302734375
original u-statistic:-4.53950834274292
p value proxy: 0.5681062936782837
result: False
power_upto_now: 0.06535948067903519
154th run
noise dimension : 27
noise variance: 21592.921875
original u-statistic:64.12527465820312
p value proxy: 0.003322259057313204
result: True
power_upto_now: 0.0714285746216774
155th run
noise dimension : 27
noise variance: 21633.521484375
original u-statistic:34.143436431884766
p value proxy: 0.04651162773370743
result: True
power_upto_now: 0.07741935551166534
156th run
noise dimension : 27
noise variance: 21579.025390625
original u-statistic:-24.628562927246094
p value proxy: 0.9468438029289246
result: False
power_upto_now: 0.07692307978868484
157th run
noise dimension : 27
noise variance: 21497.138671875
original u-statistic:-9.34975814819336
p value proxy: 0.7508305311203003
result: False
power_upto_now: 0.07643312215805054
158th run
noise dimension : 27
noise variance: 21643.291015625
original u-statistic:4.148210048675537
p value proxy: 0.3720930218696594
result: False
power_upto_now: 0.07594936341047287
159th run
noise dimension : 27
noise variance: 21638.09765625
original u-statistic:12.964727401733398
p value proxy: 0.21926909685134888
result: False
power_upto_now: 0.07547169923782349
160th run
noise dimension : 27
noise variance: 21551.39453125
original u-statistic:-4.129859924316406
p value proxy: 0.5415282249450684
result: False
power_upto_now: 0.07500000298023224
161th run
noise dimension : 27
noise variance: 21622.03515625
original u-statistic:11.211488723754883
p value proxy: 0.23255813121795654
result: False
power_upto_now: 0.07453416287899017
162th run
noise dimension : 27
noise variance: 21594.962890625
original u-statistic:-19.29174041748047
p value proxy: 0.9136212468147278
result: False
power_upto_now: 0.07407407462596893
163th run
noise dimension : 27
noise variance: 21570.103515625
original u-statistic:-0.854884147644043
p value proxy: 0.5215946435928345
result: False
power_upto_now: 0.07361963391304016
164th run
noise dimension : 27
noise variance: 21558.90234375
original u-statistic:0.5980250835418701
p value proxy: 0.44186046719551086
result: False
power_upto_now: 0.0731707289814949
165th run
noise dimension : 27
noise variance: 21654.408203125
original u-statistic:-16.52067756652832
p value proxy: 0.8405315279960632
result: False
power_upto_now: 0.072727270424366
166th run
noise dimension : 27
noise variance: 21543.57421875
original u-statistic:-18.683204650878906
p value proxy: 0.9169434905052185
result: False
power_upto_now: 0.07228915393352509
167th run
noise dimension : 27
noise variance: 21606.92578125
original u-statistic:-3.557861328125
p value proxy: 0.52491694688797
result: False
power_upto_now: 0.071856290102005
168th run
noise dimension : 27
noise variance: 21583.0390625
original u-statistic:24.47722816467285
p value proxy: 0.09302325546741486
result: False
power_upto_now: 0.0714285746216774
169th run
noise dimension : 27
noise variance: 21615.001953125
original u-statistic:-7.708189010620117
p value proxy: 0.6411960124969482
result: False
power_upto_now: 0.0710059180855751
170th run
noise dimension : 27
noise variance: 21660.64453125
original u-statistic:22.581626892089844
p value proxy: 0.09966777265071869
result: False
power_upto_now: 0.07058823853731155
171th run
noise dimension : 27
noise variance: 21607.9765625
original u-statistic:-20.607074737548828
p value proxy: 0.9169434905052185
result: False
power_upto_now: 0.07017543911933899
172th run
noise dimension : 27
noise variance: 21539.052734375
original u-statistic:19.24534034729004
p value proxy: 0.10631228983402252
result: False
power_upto_now: 0.06976744532585144
173th run
noise dimension : 27
noise variance: 21689.345703125
original u-statistic:24.464277267456055
p value proxy: 0.049833886325359344
result: True
power_upto_now: 0.07514450699090958
174th run
noise dimension : 27
noise variance: 21630.33203125
original u-statistic:22.539691925048828
p value proxy: 0.1029900312423706
result: False
power_upto_now: 0.07471264153718948
175th run
noise dimension : 27
noise variance: 21621.744140625
original u-statistic:-13.15207576751709
p value proxy: 0.7940199375152588
result: False
power_upto_now: 0.07428571581840515
176th run
noise dimension : 27
noise variance: 21635.431640625
original u-statistic:8.305810928344727
p value proxy: 0.27242523431777954
result: False
power_upto_now: 0.07386363297700882
177th run
noise dimension : 27
noise variance: 21629.232421875
original u-statistic:-19.767154693603516
p value proxy: 0.8936876654624939
result: False
power_upto_now: 0.07344632595777512
178th run
noise dimension : 27
noise variance: 21665.83984375
original u-statistic:8.723393440246582
p value proxy: 0.2657807171344757
result: False
power_upto_now: 0.07303370535373688
179th run
noise dimension : 27
noise variance: 21601.009765625
original u-statistic:-0.35686826705932617
p value proxy: 0.4916943311691284
result: False
power_upto_now: 0.07262569665908813
180th run
noise dimension : 27
noise variance: 21674.80859375
original u-statistic:18.570556640625
p value proxy: 0.11960132420063019
result: False
power_upto_now: 0.07222222536802292
181th run
noise dimension : 27
noise variance: 21584.916015625
original u-statistic:1.5729584693908691
p value proxy: 0.41860464215278625
result: False
power_upto_now: 0.07182320207357407
182th run
noise dimension : 27
noise variance: 21537.921875
original u-statistic:4.131574630737305
p value proxy: 0.3621262311935425
result: False
power_upto_now: 0.0714285746216774
183th run
noise dimension : 27
noise variance: 21585.021484375
original u-statistic:6.760096549987793
p value proxy: 0.3322259187698364
result: False
power_upto_now: 0.07103825360536575
184th run
noise dimension : 27
noise variance: 21575.720703125
original u-statistic:-2.329660177230835
p value proxy: 0.5614618062973022
result: False
power_upto_now: 0.07065217196941376
185th run
noise dimension : 27
noise variance: 21699.16015625
original u-statistic:-18.472145080566406
p value proxy: 0.8770763874053955
result: False
power_upto_now: 0.07027027010917664
186th run
noise dimension : 27
noise variance: 21500.416015625
original u-statistic:14.55038833618164
p value proxy: 0.20930232107639313
result: False
power_upto_now: 0.06989247351884842
187th run
noise dimension : 27
noise variance: 21564.580078125
original u-statistic:-12.925310134887695
p value proxy: 0.7840531468391418
result: False
power_upto_now: 0.06951871514320374
188th run
noise dimension : 27
noise variance: 21542.09765625
original u-statistic:5.720548152923584
p value proxy: 0.3289036452770233
result: False
power_upto_now: 0.06914893537759781
189th run
noise dimension : 27
noise variance: 21627.14453125
original u-statistic:-4.4737348556518555
p value proxy: 0.564784049987793
result: False
power_upto_now: 0.06878306716680527
190th run
noise dimension : 27
noise variance: 21656.83203125
original u-statistic:-17.954795837402344
p value proxy: 0.8803986310958862
result: False
power_upto_now: 0.06842105090618134
191th run
noise dimension : 27
noise variance: 21562.109375
original u-statistic:8.659065246582031
p value proxy: 0.25581395626068115
result: False
power_upto_now: 0.06806282699108124
192th run
noise dimension : 27
noise variance: 21585.29296875
original u-statistic:11.099517822265625
p value proxy: 0.25581395626068115
result: False
power_upto_now: 0.0677083358168602
193th run
noise dimension : 27
noise variance: 21586.810546875
original u-statistic:-7.0518903732299805
p value proxy: 0.6877076029777527
result: False
power_upto_now: 0.06735751032829285
194th run
noise dimension : 27
noise variance: 21639.037109375
original u-statistic:-3.4762051105499268
p value proxy: 0.5448504686355591
result: False
power_upto_now: 0.0670103058218956
195th run
noise dimension : 27
noise variance: 21648.962890625
original u-statistic:-8.548588752746582
p value proxy: 0.6378737688064575
result: False
power_upto_now: 0.06666667014360428
196th run
noise dimension : 27
noise variance: 21597.185546875
original u-statistic:-7.516270637512207
p value proxy: 0.674418568611145
result: False
power_upto_now: 0.06632652878761292
197th run
noise dimension : 27
noise variance: 21595.14453125
original u-statistic:34.40574264526367
p value proxy: 0.039867110550403595
result: True
power_upto_now: 0.0710659921169281
198th run
noise dimension : 27
noise variance: 21549.470703125
original u-statistic:41.588138580322266
p value proxy: 0.013289036229252815
result: True
power_upto_now: 0.07575757801532745
199th run
noise dimension : 27
noise variance: 21543.359375
original u-statistic:9.288047790527344
p value proxy: 0.2790697515010834
result: False
power_upto_now: 0.07537688314914703
200th run
noise dimension : 27
noise variance: 21592.48828125
original u-statistic:11.767559051513672
p value proxy: 0.1860465109348297
result: False
power_upto_now: 0.07500000298023224
201th run
noise dimension : 27
noise variance: 21606.736328125
original u-statistic:-24.838708877563477
p value proxy: 0.960132896900177
result: False
power_upto_now: 0.0746268630027771
202th run
noise dimension : 27
noise variance: 21623.318359375
original u-statistic:-15.838726043701172
p value proxy: 0.8571428656578064
result: False
power_upto_now: 0.07425742596387863
203th run
noise dimension : 27
noise variance: 21539.44140625
original u-statistic:-22.578462600708008
p value proxy: 0.9435215592384338
result: False
power_upto_now: 0.07389162480831146
204th run
noise dimension : 27
noise variance: 21594.783203125
original u-statistic:23.891273498535156
p value proxy: 0.07973422110080719
result: False
power_upto_now: 0.07352941483259201
205th run
noise dimension : 27
noise variance: 21659.779296875
original u-statistic:-14.279990196228027
p value proxy: 0.8006644248962402
result: False
power_upto_now: 0.0731707289814949
206th run
noise dimension : 27
noise variance: 21553.62890625
original u-statistic:4.553254127502441
p value proxy: 0.3455149531364441
result: False
power_upto_now: 0.07281553745269775
207th run
noise dimension : 27
noise variance: 21668.953125
original u-statistic:-2.4181747436523438
p value proxy: 0.47508305311203003
result: False
power_upto_now: 0.07246376574039459
208th run
noise dimension : 27
noise variance: 21622.427734375
original u-statistic:1.1541461944580078
p value proxy: 0.47508305311203003
result: False
power_upto_now: 0.07211538404226303
209th run
noise dimension : 27
noise variance: 21641.677734375
original u-statistic:10.921485900878906
p value proxy: 0.19269102811813354
result: False
power_upto_now: 0.0717703327536583
210th run
noise dimension : 27
noise variance: 21587.658203125
original u-statistic:9.383085250854492
p value proxy: 0.21594683825969696
result: False
power_upto_now: 0.0714285746216774
211th run
noise dimension : 27
noise variance: 21646.431640625
original u-statistic:-5.650090217590332
p value proxy: 0.6644518375396729
result: False
power_upto_now: 0.07109005004167557
212th run
noise dimension : 27
noise variance: 21645.09765625
original u-statistic:0.6318440437316895
p value proxy: 0.4850498139858246
result: False
power_upto_now: 0.07075471431016922
213th run
noise dimension : 27
noise variance: 21691.150390625
original u-statistic:-10.382680892944336
p value proxy: 0.7275747060775757
result: False
power_upto_now: 0.07042253762483597
214th run
noise dimension : 27
noise variance: 21661.8125
original u-statistic:-25.10295295715332
p value proxy: 0.9734219312667847
result: False
power_upto_now: 0.07009346038103104
215th run
noise dimension : 27
noise variance: 21597.240234375
original u-statistic:-12.321928024291992
p value proxy: 0.7674418687820435
result: False
power_upto_now: 0.06976744532585144
216th run
noise dimension : 27
noise variance: 21553.412109375
original u-statistic:0.22599029541015625
p value proxy: 0.45514950156211853
result: False
power_upto_now: 0.0694444477558136
217th run
noise dimension : 27
noise variance: 21651.619140625
original u-statistic:34.87787628173828
p value proxy: 0.039867110550403595
result: True
power_upto_now: 0.07373271882534027
218th run
noise dimension : 27
noise variance: 21553.228515625
original u-statistic:-18.479267120361328
p value proxy: 0.8571428656578064
result: False
power_upto_now: 0.07339449226856232
219th run
noise dimension : 27
noise variance: 21628.025390625
original u-statistic:-17.39126968383789
p value proxy: 0.8936876654624939
result: False
power_upto_now: 0.07305935770273209
220th run
noise dimension : 27
noise variance: 21586.3359375
original u-statistic:5.59759521484375
p value proxy: 0.3222591280937195
result: False
power_upto_now: 0.072727270424366
221th run
noise dimension : 27
noise variance: 21521.240234375
original u-statistic:23.985027313232422
p value proxy: 0.08970099687576294
result: False
power_upto_now: 0.07239819318056107
222th run
noise dimension : 27
noise variance: 21611.40625
original u-statistic:19.991018295288086
p value proxy: 0.1229235827922821
result: False
power_upto_now: 0.07207207381725311
223th run
noise dimension : 27
noise variance: 21624.431640625
original u-statistic:-10.304755210876465
p value proxy: 0.7009966373443604
result: False
power_upto_now: 0.07174888253211975
224th run
noise dimension : 27
noise variance: 21621.228515625
original u-statistic:23.87091827392578
p value proxy: 0.07973422110080719
result: False
power_upto_now: 0.0714285746216774
225th run
noise dimension : 27
noise variance: 21622.107421875
original u-statistic:34.23435592651367
p value proxy: 0.02657807245850563
result: True
power_upto_now: 0.07555555552244186
226th run
noise dimension : 27
noise variance: 21633.400390625
original u-statistic:12.745157241821289
p value proxy: 0.22923587262630463
result: False
power_upto_now: 0.0752212405204773
227th run
noise dimension : 27
noise variance: 21638.330078125
original u-statistic:-2.5515918731689453
p value proxy: 0.5215946435928345
result: False
power_upto_now: 0.07488986849784851
228th run
noise dimension : 27
noise variance: 21600.203125
original u-statistic:-14.506380081176758
p value proxy: 0.8471760749816895
result: False
power_upto_now: 0.07456140220165253
229th run
noise dimension : 27
noise variance: 21520.30078125
original u-statistic:-2.3155179023742676
p value proxy: 0.5116279125213623
result: False
power_upto_now: 0.07423580437898636
230th run
noise dimension : 27
noise variance: 21493.767578125
original u-statistic:5.050902843475342
p value proxy: 0.342192679643631
result: False
power_upto_now: 0.07391304522752762
231th run
noise dimension : 27
noise variance: 21544.0
original u-statistic:1.375171184539795
p value proxy: 0.4518272280693054
result: False
power_upto_now: 0.07359307259321213
232th run
noise dimension : 27
noise variance: 21663.833984375
original u-statistic:-5.898600101470947
p value proxy: 0.6245846748352051
result: False
power_upto_now: 0.0732758641242981
233th run
noise dimension : 27
noise variance: 21585.966796875
original u-statistic:-6.023004055023193
p value proxy: 0.6279069781303406
result: False
power_upto_now: 0.07296137511730194
234th run
noise dimension : 27
noise variance: 21612.814453125
original u-statistic:0.8102307319641113
p value proxy: 0.4086378514766693
result: False
power_upto_now: 0.07264957576990128
235th run
noise dimension : 27
noise variance: 21591.978515625
original u-statistic:-10.540712356567383
p value proxy: 0.7043189406394958
result: False
power_upto_now: 0.07234042882919312
236th run
noise dimension : 27
noise variance: 21650.59375
original u-statistic:22.059513092041016
p value proxy: 0.10631228983402252
result: False
power_upto_now: 0.07203389704227448
237th run
noise dimension : 27
noise variance: 21639.724609375
original u-statistic:-3.7785420417785645
p value proxy: 0.5681062936782837
result: False
power_upto_now: 0.07172995805740356
238th run
noise dimension : 27
noise variance: 21602.5234375
original u-statistic:-9.816521644592285
p value proxy: 0.7375414967536926
result: False
power_upto_now: 0.0714285746216774
239th run
noise dimension : 27
noise variance: 21560.306640625
original u-statistic:-4.507336616516113
p value proxy: 0.6112956404685974
result: False
power_upto_now: 0.071129709482193
240th run
noise dimension : 27
noise variance: 21632.099609375
original u-statistic:-14.918344497680664
p value proxy: 0.8172757029533386
result: False
power_upto_now: 0.07083333283662796
241th run
noise dimension : 27
noise variance: 21546.888671875
original u-statistic:-4.919443130493164
p value proxy: 0.5913621187210083
result: False
power_upto_now: 0.07053942233324051
242th run
noise dimension : 27
noise variance: 21536.62890625
original u-statistic:-14.243165969848633
p value proxy: 0.8538205623626709
result: False
power_upto_now: 0.07024793326854706
243th run
noise dimension : 27
noise variance: 21551.814453125
original u-statistic:0.7965235710144043
p value proxy: 0.4485049843788147
result: False
power_upto_now: 0.06995885074138641
244th run
noise dimension : 27
noise variance: 21645.509765625
original u-statistic:-5.098655700683594
p value proxy: 0.5980066061019897
result: False
power_upto_now: 0.069672130048275
245th run
noise dimension : 27
noise variance: 21561.392578125
original u-statistic:14.42030143737793
p value proxy: 0.19933554530143738
result: False
power_upto_now: 0.0693877562880516
246th run
noise dimension : 27
noise variance: 21596.283203125
original u-statistic:-15.466283798217773
p value proxy: 0.8405315279960632
result: False
power_upto_now: 0.06910569220781326
247th run
noise dimension : 27
noise variance: 21608.8359375
original u-statistic:15.185638427734375
p value proxy: 0.14617939293384552
result: False
power_upto_now: 0.06882590800523758
248th run
noise dimension : 27
noise variance: 21602.326171875
original u-statistic:21.02648162841797
p value proxy: 0.11627906560897827
result: False
power_upto_now: 0.06854838877916336
249th run
noise dimension : 27
noise variance: 21612.431640625
original u-statistic:-10.051616668701172
p value proxy: 0.714285671710968
result: False
power_upto_now: 0.06827308982610703
250th run
noise dimension : 27
noise variance: 21658.68359375
original u-statistic:-12.710187911987305
p value proxy: 0.7774085998535156
result: False
power_upto_now: 0.06800000369548798
251th run
noise dimension : 27
noise variance: 21606.658203125
original u-statistic:0.5953273773193359
p value proxy: 0.43853819370269775
result: False
power_upto_now: 0.06772908568382263
252th run
noise dimension : 27
noise variance: 21670.388671875
original u-statistic:-3.9911394119262695
p value proxy: 0.5415282249450684
result: False
power_upto_now: 0.0674603208899498
253th run
noise dimension : 27
noise variance: 21523.12109375
original u-statistic:-12.80748176574707
p value proxy: 0.7807309031486511
result: False
power_upto_now: 0.06719367951154709
254th run
noise dimension : 27
noise variance: 21626.78125
original u-statistic:-20.568696975708008
p value proxy: 0.9335547685623169
result: False
power_upto_now: 0.06692913174629211
255th run
noise dimension : 27
noise variance: 21519.705078125
original u-statistic:-1.4775009155273438
p value proxy: 0.5780730843544006
result: False
power_upto_now: 0.06666667014360428
256th run
noise dimension : 27
noise variance: 21576.134765625
original u-statistic:-10.320600509643555
p value proxy: 0.7176079750061035
result: False
power_upto_now: 0.06640625
257th run
noise dimension : 27
noise variance: 21604.349609375
original u-statistic:15.859061241149902
p value proxy: 0.17940199375152588
result: False
power_upto_now: 0.06614785641431808
258th run
noise dimension : 27
noise variance: 21645.6328125
original u-statistic:-27.8560791015625
p value proxy: 0.9767441749572754
result: False
power_upto_now: 0.06589147448539734
259th run
noise dimension : 27
noise variance: 21627.171875
original u-statistic:3.033721923828125
p value proxy: 0.3720930218696594
result: False
power_upto_now: 0.06563706696033478
260th run
noise dimension : 27
noise variance: 21643.740234375
original u-statistic:20.568511962890625
p value proxy: 0.1229235827922821
result: False
power_upto_now: 0.06538461893796921
261th run
noise dimension : 27
noise variance: 21633.65234375
original u-statistic:16.344383239746094
p value proxy: 0.14617939293384552
result: False
power_upto_now: 0.06513410061597824
262th run
noise dimension : 27
noise variance: 21596.9296875
original u-statistic:5.0651140213012695
p value proxy: 0.33554816246032715
result: False
power_upto_now: 0.06488549709320068
263th run
noise dimension : 27
noise variance: 21563.029296875
original u-statistic:-6.220047950744629
p value proxy: 0.7009966373443604
result: False
power_upto_now: 0.06463878601789474
264th run
noise dimension : 27
noise variance: 21571.06640625
original u-statistic:-12.244293212890625
p value proxy: 0.7740863561630249
result: False
power_upto_now: 0.06439393758773804
265th run
noise dimension : 27
noise variance: 21619.4765625
original u-statistic:6.358565330505371
p value proxy: 0.25581395626068115
result: False
power_upto_now: 0.06415094435214996
266th run
noise dimension : 27
noise variance: 21598.419921875
original u-statistic:-15.3513822555542
p value proxy: 0.8272424936294556
result: False
power_upto_now: 0.06390977650880814
267th run
noise dimension : 27
noise variance: 21634.927734375
original u-statistic:-0.1269667148590088
p value proxy: 0.4518272280693054
result: False
power_upto_now: 0.06367041170597076
268th run
noise dimension : 27
noise variance: 21587.822265625
original u-statistic:-15.10064697265625
p value proxy: 0.8106312155723572
result: False
power_upto_now: 0.06343283504247665
269th run
noise dimension : 27
noise variance: 21651.103515625
original u-statistic:-20.189208984375
p value proxy: 0.9269102811813354
result: False
power_upto_now: 0.06319702416658401
270th run
noise dimension : 27
noise variance: 21591.345703125
original u-statistic:5.802764892578125
p value proxy: 0.35548171401023865
result: False
power_upto_now: 0.06296296417713165
271th run
noise dimension : 27
noise variance: 21646.298828125
original u-statistic:-15.572589874267578
p value proxy: 0.8671095967292786
result: False
power_upto_now: 0.06273062527179718
272th run
noise dimension : 27
noise variance: 21727.255859375
original u-statistic:33.81639862060547
p value proxy: 0.006644518114626408
result: True
power_upto_now: 0.06617647409439087
273th run
noise dimension : 27
noise variance: 21657.2421875
original u-statistic:5.433099746704102
p value proxy: 0.3255814015865326
result: False
power_upto_now: 0.06593406945466995
274th run
noise dimension : 27
noise variance: 21636.267578125
original u-statistic:27.954235076904297
p value proxy: 0.049833886325359344
result: True
power_upto_now: 0.06934306770563126
275th run
noise dimension : 27
noise variance: 21515.634765625
original u-statistic:-15.185920715332031
p value proxy: 0.8372092843055725
result: False
power_upto_now: 0.06909091025590897
276th run
noise dimension : 27
noise variance: 21507.130859375
original u-statistic:-11.737146377563477
p value proxy: 0.7441860437393188
result: False
power_upto_now: 0.06884057819843292
277th run
noise dimension : 27
noise variance: 21620.37109375
original u-statistic:22.807126998901367
p value proxy: 0.07973422110080719
result: False
power_upto_now: 0.06859205663204193
278th run
noise dimension : 27
noise variance: 21611.412109375
original u-statistic:2.5445308685302734
p value proxy: 0.39867109060287476
result: False
power_upto_now: 0.0683453232049942
279th run
noise dimension : 27
noise variance: 21589.142578125
original u-statistic:-3.910036563873291
p value proxy: 0.5415282249450684
result: False
power_upto_now: 0.06810035556554794
280th run
noise dimension : 27
noise variance: 21522.830078125
original u-statistic:-15.02154541015625
p value proxy: 0.7906976342201233
result: False
power_upto_now: 0.06785714626312256
281th run
noise dimension : 27
noise variance: 21596.69921875
original u-statistic:-7.800788879394531
p value proxy: 0.6943521499633789
result: False
power_upto_now: 0.06761565804481506
282th run
noise dimension : 27
noise variance: 21608.15625
original u-statistic:9.225857734680176
p value proxy: 0.24916942417621613
result: False
power_upto_now: 0.06737588346004486
283th run
noise dimension : 27
noise variance: 21540.91015625
original u-statistic:12.770903587341309
p value proxy: 0.2225913554430008
result: False
power_upto_now: 0.06713780760765076
284th run
noise dimension : 27
noise variance: 21639.078125
original u-statistic:12.512160301208496
p value proxy: 0.19933554530143738
result: False
power_upto_now: 0.06690140813589096
285th run
noise dimension : 27
noise variance: 21623.07421875
original u-statistic:23.793556213378906
p value proxy: 0.08637873828411102
result: False
power_upto_now: 0.06666667014360428
286th run
noise dimension : 27
noise variance: 21629.67578125
original u-statistic:24.92778778076172
p value proxy: 0.07641195505857468
result: False
power_upto_now: 0.06643356382846832
287th run
noise dimension : 27
noise variance: 21627.462890625
original u-statistic:-18.123153686523438
p value proxy: 0.8770763874053955
result: False
power_upto_now: 0.0662020891904831
288th run
noise dimension : 27
noise variance: 21562.8828125
original u-statistic:-8.548434257507324
p value proxy: 0.714285671710968
result: False
power_upto_now: 0.0659722238779068
289th run
noise dimension : 27
noise variance: 21637.443359375
original u-statistic:-7.921744346618652
p value proxy: 0.6245846748352051
result: False
power_upto_now: 0.06574394553899765
290th run
noise dimension : 27
noise variance: 21651.9140625
original u-statistic:-24.66234588623047
p value proxy: 0.9800664186477661
result: False
power_upto_now: 0.06551723927259445
291th run
noise dimension : 27
noise variance: 21625.60546875
original u-statistic:41.11405944824219
p value proxy: 0.023255813866853714
result: True
power_upto_now: 0.06872852146625519
292th run
noise dimension : 27
noise variance: 21558.0078125
original u-statistic:-0.8751792907714844
p value proxy: 0.5215946435928345
result: False
power_upto_now: 0.06849315017461777
293th run
noise dimension : 27
noise variance: 21603.36328125
original u-statistic:-18.079559326171875
p value proxy: 0.9036544561386108
result: False
power_upto_now: 0.06825938820838928
294th run
noise dimension : 27
noise variance: 21618.953125
original u-statistic:30.827425003051758
p value proxy: 0.03654484823346138
result: True
power_upto_now: 0.0714285746216774
295th run
noise dimension : 27
noise variance: 21565.470703125
original u-statistic:-23.917781829833984
p value proxy: 0.9534883499145508
result: False
power_upto_now: 0.07118643820285797
296th run
noise dimension : 27
noise variance: 21648.126953125
original u-statistic:10.999725341796875
p value proxy: 0.24916942417621613
result: False
power_upto_now: 0.07094594836235046
297th run
noise dimension : 27
noise variance: 21607.46875
original u-statistic:2.082106590270996
p value proxy: 0.4053156077861786
result: False
power_upto_now: 0.07070706784725189
298th run
noise dimension : 27
noise variance: 21604.10546875
original u-statistic:-14.632364273071289
p value proxy: 0.8239202499389648
result: False
power_upto_now: 0.07046979665756226
299th run
noise dimension : 27
noise variance: 21626.21875
original u-statistic:11.084466934204102
p value proxy: 0.24916942417621613
result: False
power_upto_now: 0.07023411244153976
300th run
noise dimension : 27
noise variance: 21562.259765625
original u-statistic:30.180681228637695
p value proxy: 0.029900331050157547
result: True
power_upto_now: 0.07333333045244217
301th run
noise dimension : 27
noise variance: 21591.546875
original u-statistic:-10.765165328979492
p value proxy: 0.7441860437393188
result: False
power_upto_now: 0.07308970391750336
302th run
noise dimension : 27
noise variance: 21618.3359375
original u-statistic:13.805843353271484
p value proxy: 0.17607973515987396
result: False
power_upto_now: 0.07284767925739288
303th run
noise dimension : 27
noise variance: 21619.11328125
original u-statistic:26.61691665649414
p value proxy: 0.05315614491701126
result: False
power_upto_now: 0.07260726392269135
304th run
noise dimension : 27
noise variance: 21598.76171875
original u-statistic:-24.72895050048828
p value proxy: 0.9634551405906677
result: False
power_upto_now: 0.07236842066049576
305th run
noise dimension : 27
noise variance: 21608.51171875
original u-statistic:-13.644619941711426
p value proxy: 0.8006644248962402
result: False
power_upto_now: 0.07213114947080612
306th run
noise dimension : 27
noise variance: 21638.55078125
original u-statistic:4.936180591583252
p value proxy: 0.3720930218696594
result: False
power_upto_now: 0.07189542800188065
307th run
noise dimension : 27
noise variance: 21581.607421875
original u-statistic:3.845522880554199
p value proxy: 0.382059782743454
result: False
power_upto_now: 0.07166124135255814
308th run
noise dimension : 27
noise variance: 21594.529296875
original u-statistic:-16.020139694213867
p value proxy: 0.8704319000244141
result: False
power_upto_now: 0.0714285746216774
309th run
noise dimension : 27
noise variance: 21613.16796875
original u-statistic:6.157842636108398
p value proxy: 0.29235878586769104
result: False
power_upto_now: 0.07119741290807724
310th run
noise dimension : 27
noise variance: 21527.482421875
original u-statistic:6.058506488800049
p value proxy: 0.2591361999511719
result: False
power_upto_now: 0.07096774131059647
311th run
noise dimension : 27
noise variance: 21631.572265625
original u-statistic:-1.1971311569213867
p value proxy: 0.49501660466194153
result: False
power_upto_now: 0.07073955237865448
312th run
noise dimension : 27
noise variance: 21601.96484375
original u-statistic:2.2929139137268066
p value proxy: 0.3654485046863556
result: False
power_upto_now: 0.07051282376050949
313th run
noise dimension : 27
noise variance: 21590.501953125
original u-statistic:-30.619821548461914
p value proxy: 0.9933554530143738
result: False
power_upto_now: 0.0702875405550003
314th run
noise dimension : 27
noise variance: 21550.46875
original u-statistic:3.313007354736328
p value proxy: 0.3222591280937195
result: False
power_upto_now: 0.07006369531154633
315th run
noise dimension : 27
noise variance: 21616.421875
original u-statistic:-3.2744059562683105
p value proxy: 0.514950156211853
result: False
power_upto_now: 0.06984127312898636
316th run
noise dimension : 27
noise variance: 21637.212890625
original u-statistic:4.836935520172119
p value proxy: 0.33887043595314026
result: False
power_upto_now: 0.06962025165557861
317th run
noise dimension : 27
noise variance: 21638.58203125
original u-statistic:-8.270028114318848
p value proxy: 0.6976743936538696
result: False
power_upto_now: 0.06940063089132309
318th run
noise dimension : 27
noise variance: 21533.19921875
original u-statistic:-20.22028923034668
p value proxy: 0.9069766998291016
result: False
power_upto_now: 0.069182388484478
319th run
noise dimension : 27
noise variance: 21661.962890625
original u-statistic:-17.310440063476562
p value proxy: 0.8504983186721802
result: False
power_upto_now: 0.06896551698446274
320th run
noise dimension : 27
noise variance: 21630.330078125
original u-statistic:30.129047393798828
p value proxy: 0.049833886325359344
result: True
power_upto_now: 0.07187499850988388
321th run
noise dimension : 27
noise variance: 21672.80859375
original u-statistic:18.293790817260742
p value proxy: 0.11960132420063019
result: False
power_upto_now: 0.07165109366178513
322th run
noise dimension : 27
noise variance: 21630.2890625
original u-statistic:6.373596668243408
p value proxy: 0.2823920249938965
result: False
power_upto_now: 0.0714285746216774
323th run
noise dimension : 27
noise variance: 21514.013671875
original u-statistic:-6.811243057250977
p value proxy: 0.5780730843544006
result: False
power_upto_now: 0.0712074339389801
324th run
noise dimension : 27
noise variance: 21564.84765625
original u-statistic:9.170263290405273
p value proxy: 0.25581395626068115
result: False
power_upto_now: 0.07098765671253204
325th run
noise dimension : 27
noise variance: 21549.974609375
original u-statistic:-20.548891067504883
p value proxy: 0.9302325248718262
result: False
power_upto_now: 0.07076922804117203
326th run
noise dimension : 27
noise variance: 21511.099609375
original u-statistic:5.022237300872803
p value proxy: 0.342192679643631
result: False
power_upto_now: 0.07055214792490005
327th run
noise dimension : 27
noise variance: 21669.2265625
original u-statistic:17.938507080078125
p value proxy: 0.15282391011714935
result: False
power_upto_now: 0.07033639401197433
328th run
noise dimension : 27
noise variance: 21574.32421875
original u-statistic:-3.3358535766601562
p value proxy: 0.564784049987793
result: False
power_upto_now: 0.07012195140123367
329th run
noise dimension : 27
noise variance: 21654.421875
original u-statistic:-11.034754753112793
p value proxy: 0.724252462387085
result: False
power_upto_now: 0.06990881264209747
330th run
noise dimension : 27
noise variance: 21647.873046875
original u-statistic:13.404475212097168
p value proxy: 0.15946844220161438
result: False
power_upto_now: 0.06969697028398514
331th run
noise dimension : 27
noise variance: 21640.123046875
original u-statistic:-1.702805995941162
p value proxy: 0.52491694688797
result: False
power_upto_now: 0.06948640197515488
332th run
noise dimension : 27
noise variance: 21675.41796875
original u-statistic:24.35797882080078
p value proxy: 0.05647840350866318
result: False
power_upto_now: 0.06927710771560669
333th run
noise dimension : 27
noise variance: 21626.3125
original u-statistic:16.564342498779297
p value proxy: 0.15946844220161438
result: False
power_upto_now: 0.06906907260417938
334th run
noise dimension : 27
noise variance: 21624.509765625
original u-statistic:11.74565315246582
p value proxy: 0.2691029906272888
result: False
power_upto_now: 0.06886227428913116
335th run
noise dimension : 27
noise variance: 21613.36328125
original u-statistic:32.98387908935547
p value proxy: 0.04651162773370743
result: True
power_upto_now: 0.07164178788661957
336th run
noise dimension : 27
noise variance: 21591.6875
original u-statistic:-7.838141441345215
p value proxy: 0.6810631155967712
result: False
power_upto_now: 0.0714285746216774
337th run
noise dimension : 27
noise variance: 21540.0
original u-statistic:0.5764296054840088
p value proxy: 0.4850498139858246
result: False
power_upto_now: 0.07121662050485611
338th run
noise dimension : 27
noise variance: 21652.591796875
original u-statistic:-3.152160167694092
p value proxy: 0.5415282249450684
result: False
power_upto_now: 0.0710059180855751
339th run
noise dimension : 27
noise variance: 21633.94140625
original u-statistic:35.104286193847656
p value proxy: 0.03654484823346138
result: True
power_upto_now: 0.07374631613492966
340th run
noise dimension : 27
noise variance: 21645.091796875
original u-statistic:0.22559261322021484
p value proxy: 0.4717607796192169
result: False
power_upto_now: 0.07352941483259201
341th run
noise dimension : 27
noise variance: 21575.330078125
original u-statistic:-3.679347038269043
p value proxy: 0.564784049987793
result: False
power_upto_now: 0.07331378012895584
342th run
noise dimension : 27
noise variance: 21633.982421875
original u-statistic:-21.277372360229492
p value proxy: 0.9169434905052185
result: False
power_upto_now: 0.07309941202402115
343th run
noise dimension : 27
noise variance: 21550.482421875
original u-statistic:1.2170228958129883
p value proxy: 0.4053156077861786
result: False
power_upto_now: 0.07288629561662674
344th run
noise dimension : 27
noise variance: 21534.13671875
original u-statistic:31.32819366455078
p value proxy: 0.05315614491701126
result: False
power_upto_now: 0.07267441600561142
345th run
noise dimension : 27
noise variance: 21535.8359375
original u-statistic:6.672934055328369
p value proxy: 0.2823920249938965
result: False
power_upto_now: 0.07246376574039459
346th run
noise dimension : 27
noise variance: 21595.71875
original u-statistic:-0.0008039474487304688
p value proxy: 0.49501660466194153
result: False
power_upto_now: 0.07225433737039566
347th run
noise dimension : 27
noise variance: 21590.970703125
original u-statistic:9.856620788574219
p value proxy: 0.2790697515010834
result: False
power_upto_now: 0.07204610854387283
348th run
noise dimension : 27
noise variance: 21688.068359375
original u-statistic:10.727788925170898
p value proxy: 0.25249168276786804
result: False
power_upto_now: 0.07183907926082611
349th run
noise dimension : 27
noise variance: 21641.0859375
original u-statistic:-19.17947006225586
p value proxy: 0.9136212468147278
result: False
power_upto_now: 0.0716332346200943
350th run
noise dimension : 27
noise variance: 21539.61328125
original u-statistic:10.87204360961914
p value proxy: 0.262458473443985
result: False
power_upto_now: 0.0714285746216774
351th run
noise dimension : 27
noise variance: 21678.373046875
original u-statistic:-3.9109630584716797
p value proxy: 0.514950156211853
result: False
power_upto_now: 0.07122506946325302
352th run
noise dimension : 27
noise variance: 21665.662109375
original u-statistic:-14.726736068725586
p value proxy: 0.8073089718818665
result: False
power_upto_now: 0.07102272659540176
353th run
noise dimension : 27
noise variance: 21570.0234375
original u-statistic:-1.329909324645996
p value proxy: 0.514950156211853
result: False
power_upto_now: 0.07082153111696243
354th run
noise dimension : 27
noise variance: 21638.703125
original u-statistic:-7.288055419921875
p value proxy: 0.6079733967781067
result: False
power_upto_now: 0.07062146812677383
355th run
noise dimension : 27
noise variance: 21591.185546875
original u-statistic:20.29193115234375
p value proxy: 0.11627906560897827
result: False
power_upto_now: 0.07042253762483597
356th run
noise dimension : 27
noise variance: 21536.974609375
original u-statistic:0.4904956817626953
p value proxy: 0.43853819370269775
result: False
power_upto_now: 0.07022471725940704
357th run
noise dimension : 27
noise variance: 21591.70703125
original u-statistic:-16.46974754333496
p value proxy: 0.8538205623626709
result: False
power_upto_now: 0.07002801448106766
358th run
noise dimension : 27
noise variance: 21571.0
original u-statistic:11.86178970336914
p value proxy: 0.23255813121795654
result: False
power_upto_now: 0.06983239948749542
359th run
noise dimension : 27
noise variance: 21654.462890625
original u-statistic:-7.96195125579834
p value proxy: 0.6810631155967712
result: False
power_upto_now: 0.06963787972927094
360th run
noise dimension : 27
noise variance: 21610.529296875
original u-statistic:-11.764583587646484
p value proxy: 0.7906976342201233
result: False
power_upto_now: 0.0694444477558136
361th run
noise dimension : 27
noise variance: 21574.091796875
original u-statistic:0.8649787902832031
p value proxy: 0.45514950156211853
result: False
power_upto_now: 0.06925208121538162
362th run
noise dimension : 27
noise variance: 21557.25390625
original u-statistic:23.169191360473633
p value proxy: 0.07641195505857468
result: False
power_upto_now: 0.06906077265739441
363th run
noise dimension : 27
noise variance: 21663.5
original u-statistic:-11.108163833618164
p value proxy: 0.7541528344154358
result: False
power_upto_now: 0.06887052208185196
364th run
noise dimension : 27
noise variance: 21617.205078125
original u-statistic:-13.731452941894531
p value proxy: 0.8172757029533386
result: False
power_upto_now: 0.06868132203817368
365th run
noise dimension : 27
noise variance: 21609.224609375
original u-statistic:-6.098346710205078
p value proxy: 0.6079733967781067
result: False
power_upto_now: 0.06849315017461777
366th run
noise dimension : 27
noise variance: 21648.26953125
original u-statistic:-8.18826675415039
p value proxy: 0.6212624311447144
result: False
power_upto_now: 0.06830601394176483
367th run
noise dimension : 27
noise variance: 21577.337890625
original u-statistic:22.39169692993164
p value proxy: 0.1029900312423706
result: False
power_upto_now: 0.06811989098787308
368th run
noise dimension : 27
noise variance: 21651.2109375
original u-statistic:20.87959098815918
p value proxy: 0.13621261715888977
result: False
power_upto_now: 0.0679347813129425
369th run
noise dimension : 27
noise variance: 21639.3046875
original u-statistic:19.940961837768555
p value proxy: 0.12956809997558594
result: False
power_upto_now: 0.06775067746639252
370th run
noise dimension : 27
noise variance: 21654.20703125
original u-statistic:-16.32364845275879
p value proxy: 0.8471760749816895
result: False
power_upto_now: 0.06756756454706192
371th run
noise dimension : 27
noise variance: 21639.865234375
original u-statistic:28.363651275634766
p value proxy: 0.06312292069196701
result: False
power_upto_now: 0.06738544255495071
372th run
noise dimension : 27
noise variance: 21611.322265625
original u-statistic:2.9569787979125977
p value proxy: 0.4518272280693054
result: False
power_upto_now: 0.0672043040394783
373th run
noise dimension : 27
noise variance: 21633.380859375
original u-statistic:-1.4164543151855469
p value proxy: 0.45514950156211853
result: False
power_upto_now: 0.0670241266489029
374th run
noise dimension : 27
noise variance: 21615.24609375
original u-statistic:1.0315403938293457
p value proxy: 0.47840529680252075
result: False
power_upto_now: 0.06684491783380508
375th run
noise dimension : 27
noise variance: 21571.54296875
original u-statistic:-18.01979637145996
p value proxy: 0.9269102811813354
result: False
power_upto_now: 0.06666667014360428
376th run
noise dimension : 27
noise variance: 21611.50390625
original u-statistic:1.2270278930664062
p value proxy: 0.47508305311203003
result: False
power_upto_now: 0.06648936122655869
377th run
noise dimension : 27
noise variance: 21536.177734375
original u-statistic:9.489828109741211
p value proxy: 0.23255813121795654
result: False
power_upto_now: 0.0663129985332489
378th run
noise dimension : 27
noise variance: 21478.919921875
original u-statistic:-3.1471898555755615
p value proxy: 0.554817259311676
result: False
power_upto_now: 0.06613756716251373
379th run
noise dimension : 27
noise variance: 21570.72265625
original u-statistic:-11.889448165893555
p value proxy: 0.7873753905296326
result: False
power_upto_now: 0.06596305966377258
380th run
noise dimension : 27
noise variance: 21634.58984375
original u-statistic:-24.434871673583984
p value proxy: 0.9401993155479431
result: False
power_upto_now: 0.06578947603702545
381th run
noise dimension : 27
noise variance: 21544.091796875
original u-statistic:-34.209251403808594
p value proxy: 0.9933554530143738
result: False
power_upto_now: 0.06561680138111115
382th run
noise dimension : 27
noise variance: 21577.7421875
original u-statistic:3.529813766479492
p value proxy: 0.4019933342933655
result: False
power_upto_now: 0.06544502824544907
383th run
noise dimension : 27
noise variance: 21638.263671875
original u-statistic:12.903112411499023
p value proxy: 0.21594683825969696
result: False
power_upto_now: 0.06527414917945862
384th run
noise dimension : 27
noise variance: 21593.240234375
original u-statistic:-2.984473943710327
p value proxy: 0.5116279125213623
result: False
power_upto_now: 0.0651041641831398
385th run
noise dimension : 27
noise variance: 21553.921875
original u-statistic:-14.095539093017578
p value proxy: 0.8106312155723572
result: False
power_upto_now: 0.06493506580591202
386th run
noise dimension : 27
noise variance: 21631.33984375
original u-statistic:43.96883773803711
p value proxy: 0.013289036229252815
result: True
power_upto_now: 0.06735751032829285
387th run
noise dimension : 27
noise variance: 21630.931640625
original u-statistic:-1.2978897094726562
p value proxy: 0.52491694688797
result: False
power_upto_now: 0.0671834647655487
388th run
noise dimension : 27
noise variance: 21653.31640625
original u-statistic:2.627775192260742
p value proxy: 0.43853819370269775
result: False
power_upto_now: 0.0670103058218956
389th run
noise dimension : 27
noise variance: 21578.06640625
original u-statistic:-6.440357208251953
p value proxy: 0.5780730843544006
result: False
power_upto_now: 0.06683804839849472
390th run
noise dimension : 27
noise variance: 21531.400390625
original u-statistic:19.101926803588867
p value proxy: 0.13621261715888977
result: False
power_upto_now: 0.06666667014360428
391th run
noise dimension : 27
noise variance: 21567.484375
original u-statistic:-12.420172691345215
p value proxy: 0.7973421812057495
result: False
power_upto_now: 0.06649616360664368
392th run
noise dimension : 27
noise variance: 21557.068359375
original u-statistic:15.344573974609375
p value proxy: 0.1661129593849182
result: False
power_upto_now: 0.06632652878761292
393th run
noise dimension : 27
noise variance: 21631.064453125
original u-statistic:-8.009446144104004
p value proxy: 0.6544850468635559
result: False
power_upto_now: 0.0661577582359314
394th run
noise dimension : 27
noise variance: 21542.4296875
original u-statistic:-12.307695388793945
p value proxy: 0.7342192530632019
result: False
power_upto_now: 0.06598984450101852
395th run
noise dimension : 27
noise variance: 21575.255859375
original u-statistic:-26.94556999206543
p value proxy: 0.9833886623382568
result: False
power_upto_now: 0.0658227875828743
396th run
noise dimension : 27
noise variance: 21615.625
original u-statistic:-1.8274803161621094
p value proxy: 0.5348837375640869
result: False
power_upto_now: 0.06565656512975693
397th run
noise dimension : 27
noise variance: 21602.7109375
original u-statistic:4.9124603271484375
p value proxy: 0.3920265734195709
result: False
power_upto_now: 0.06549118459224701
398th run
noise dimension : 27
noise variance: 21615.953125
original u-statistic:14.264833450317383
p value proxy: 0.2059800624847412
result: False
power_upto_now: 0.06532663106918335
399th run
noise dimension : 27
noise variance: 21626.541015625
original u-statistic:6.852041244506836
p value proxy: 0.3056478202342987
result: False
power_upto_now: 0.06516290456056595
400th run
noise dimension : 27
noise variance: 21654.373046875
original u-statistic:13.954334259033203
p value proxy: 0.20930232107639313
result: False
power_upto_now: 0.06499999761581421
401th run
noise dimension : 27
noise variance: 21630.83203125
original u-statistic:-24.566741943359375
p value proxy: 0.960132896900177
result: False
power_upto_now: 0.06483790278434753
402th run
noise dimension : 27
noise variance: 21512.603515625
original u-statistic:-28.171672821044922
p value proxy: 0.9867109656333923
result: False
power_upto_now: 0.06467662006616592
403th run
noise dimension : 27
noise variance: 21645.03125
original u-statistic:-2.720547676086426
p value proxy: 0.5681062936782837
result: False
power_upto_now: 0.06451612710952759
404th run
noise dimension : 27
noise variance: 21625.162109375
original u-statistic:-13.256879806518555
p value proxy: 0.8405315279960632
result: False
power_upto_now: 0.06435643881559372
405th run
noise dimension : 27
noise variance: 21608.119140625
original u-statistic:5.048033237457275
p value proxy: 0.3455149531364441
result: False
power_upto_now: 0.06419753283262253
406th run
noise dimension : 27
noise variance: 21542.138671875
original u-statistic:-0.9008150100708008
p value proxy: 0.5182723999023438
result: False
power_upto_now: 0.06403940916061401
407th run
noise dimension : 27
noise variance: 21597.3984375
original u-statistic:-6.202478408813477
p value proxy: 0.594684362411499
result: False
power_upto_now: 0.06388206034898758
408th run
noise dimension : 27
noise variance: 21593.73046875
original u-statistic:4.369271278381348
p value proxy: 0.35880398750305176
result: False
power_upto_now: 0.06372549384832382
409th run
noise dimension : 27
noise variance: 21573.78515625
original u-statistic:0.13633161783218384
p value proxy: 0.43853819370269775
result: False
power_upto_now: 0.06356967985630035
410th run
noise dimension : 27
noise variance: 21625.314453125
original u-statistic:-13.938277244567871
p value proxy: 0.8338870406150818
result: False
power_upto_now: 0.06341463327407837
411th run
noise dimension : 27
noise variance: 21574.125
original u-statistic:-8.758773803710938
p value proxy: 0.6943521499633789
result: False
power_upto_now: 0.06326033920049667
412th run
noise dimension : 27
noise variance: 21584.7734375
original u-statistic:-23.435277938842773
p value proxy: 0.9534883499145508
result: False
power_upto_now: 0.06310679763555527
413th run
noise dimension : 27
noise variance: 21557.466796875
original u-statistic:24.172775268554688
p value proxy: 0.10631228983402252
result: False
power_upto_now: 0.06295399367809296
414th run
noise dimension : 27
noise variance: 21637.318359375
original u-statistic:-17.623933792114258
p value proxy: 0.8970099687576294
result: False
power_upto_now: 0.06280193477869034
415th run
noise dimension : 27
noise variance: 21550.37890625
original u-statistic:-14.94875717163086
p value proxy: 0.7740863561630249
result: False
power_upto_now: 0.06265060603618622
416th run
noise dimension : 27
noise variance: 21618.990234375
original u-statistic:7.288693428039551
p value proxy: 0.2691029906272888
result: False
power_upto_now: 0.0625
417th run
noise dimension : 27
noise variance: 21617.666015625
original u-statistic:-26.083232879638672
p value proxy: 0.9767441749572754
result: False
power_upto_now: 0.06235012039542198
418th run
noise dimension : 27
noise variance: 21577.193359375
original u-statistic:7.499644756317139
p value proxy: 0.3089700937271118
result: False
power_upto_now: 0.06220095604658127
419th run
noise dimension : 27
noise variance: 21630.05078125
original u-statistic:-0.19769859313964844
p value proxy: 0.4485049843788147
result: False
power_upto_now: 0.06205250695347786
420th run
noise dimension : 27
noise variance: 21601.630859375
original u-statistic:-25.046306610107422
p value proxy: 0.9767441749572754
result: False
power_upto_now: 0.06190476194024086
421th run
noise dimension : 27
noise variance: 21621.576171875
original u-statistic:4.679739475250244
p value proxy: 0.35880398750305176
result: False
power_upto_now: 0.06175772100687027
422th run
noise dimension : 27
noise variance: 21611.6015625
original u-statistic:-7.694847106933594
p value proxy: 0.6777408719062805
result: False
power_upto_now: 0.061611372977495193
423th run
noise dimension : 27
noise variance: 21594.16796875
original u-statistic:-7.540851593017578
p value proxy: 0.6146179437637329
result: False
power_upto_now: 0.06146572157740593
424th run
noise dimension : 27
noise variance: 21611.93359375
original u-statistic:-4.346273422241211
p value proxy: 0.5348837375640869
result: False
power_upto_now: 0.06132075563073158
425th run
noise dimension : 27
noise variance: 21594.544921875
original u-statistic:-20.876523971557617
p value proxy: 0.8870431780815125
result: False
power_upto_now: 0.061176471412181854
426th run
noise dimension : 27
noise variance: 21697.185546875
original u-statistic:-17.038406372070312
p value proxy: 0.8637873530387878
result: False
power_upto_now: 0.061032865196466446
427th run
noise dimension : 27
noise variance: 21629.978515625
original u-statistic:37.059268951416016
p value proxy: 0.019933555275201797
result: True
power_upto_now: 0.06323184818029404
428th run
noise dimension : 27
noise variance: 21526.5
original u-statistic:2.759836196899414
p value proxy: 0.37541526556015015
result: False
power_upto_now: 0.06308411061763763
429th run
noise dimension : 27
noise variance: 21636.96875
original u-statistic:12.786989212036133
p value proxy: 0.16943521797657013
result: False
power_upto_now: 0.06293706595897675
430th run
noise dimension : 27
noise variance: 21627.498046875
original u-statistic:6.262599468231201
p value proxy: 0.3521594703197479
result: False
power_upto_now: 0.06279069930315018
431th run
noise dimension : 27
noise variance: 21606.224609375
original u-statistic:0.8608103394508362
p value proxy: 0.37541526556015015
result: False
power_upto_now: 0.06264501065015793
432th run
noise dimension : 27
noise variance: 21595.677734375
original u-statistic:-23.16153907775879
p value proxy: 0.9734219312667847
result: False
power_upto_now: 0.0625
433th run
noise dimension : 27
noise variance: 21626.349609375
original u-statistic:-22.97265625
p value proxy: 0.9501661062240601
result: False
power_upto_now: 0.062355659902095795
434th run
noise dimension : 27
noise variance: 21611.998046875
original u-statistic:15.676015853881836
p value proxy: 0.1627907007932663
result: False
power_upto_now: 0.062211982905864716
435th run
noise dimension : 27
noise variance: 21576.517578125
original u-statistic:10.548493385314941
p value proxy: 0.21926909685134888
result: False
power_upto_now: 0.062068965286016464
436th run
noise dimension : 27
noise variance: 21541.466796875
original u-statistic:-17.85715103149414
p value proxy: 0.8305647373199463
result: False
power_upto_now: 0.06192660704255104
437th run
noise dimension : 27
noise variance: 21560.330078125
original u-statistic:9.862831115722656
p value proxy: 0.262458473443985
result: False
power_upto_now: 0.06178489699959755
438th run
noise dimension : 27
noise variance: 21545.828125
original u-statistic:-5.8411054611206055
p value proxy: 0.604651153087616
result: False
power_upto_now: 0.06164383515715599
439th run
noise dimension : 27
noise variance: 21670.33984375
original u-statistic:-24.873672485351562
p value proxy: 0.9568105936050415
result: False
power_upto_now: 0.061503417789936066
440th run
noise dimension : 27
noise variance: 21575.892578125
original u-statistic:-6.417050838470459
p value proxy: 0.5780730843544006
result: False
power_upto_now: 0.06136363744735718
441th run
noise dimension : 27
noise variance: 21652.921875
original u-statistic:27.35405731201172
p value proxy: 0.05647840350866318
result: False
power_upto_now: 0.06122449040412903
442th run
noise dimension : 27
noise variance: 21639.322265625
original u-statistic:2.588367462158203
p value proxy: 0.3720930218696594
result: False
power_upto_now: 0.06108597293496132
443th run
noise dimension : 27
noise variance: 21654.53515625
original u-statistic:-27.08047103881836
p value proxy: 0.9734219312667847
result: False
power_upto_now: 0.06094808131456375
444th run
noise dimension : 27
noise variance: 21549.408203125
original u-statistic:-9.268354415893555
p value proxy: 0.6877076029777527
result: False
power_upto_now: 0.06081081181764603
445th run
noise dimension : 27
noise variance: 21614.150390625
original u-statistic:-12.92896842956543
p value proxy: 0.7807309031486511
result: False
power_upto_now: 0.06067415699362755
446th run
noise dimension : 27
noise variance: 21671.16796875
original u-statistic:17.891250610351562
p value proxy: 0.15614616870880127
result: False
power_upto_now: 0.060538116842508316
447th run
noise dimension : 27
noise variance: 21645.248046875
original u-statistic:-15.037368774414062
p value proxy: 0.8272424936294556
result: False
power_upto_now: 0.06040268391370773
448th run
noise dimension : 27
noise variance: 21598.69921875
original u-statistic:-15.946298599243164
p value proxy: 0.843853771686554
result: False
power_upto_now: 0.0602678582072258
449th run
noise dimension : 27
noise variance: 21600.81640625
original u-statistic:-6.2482733726501465
p value proxy: 0.6279069781303406
result: False
power_upto_now: 0.06013362854719162
450th run
noise dimension : 27
noise variance: 21563.244140625
original u-statistic:-7.702682971954346
p value proxy: 0.6677740812301636
result: False
power_upto_now: 0.05999999865889549
451th run
noise dimension : 27
noise variance: 21651.3125
original u-statistic:-9.157873153686523
p value proxy: 0.684385359287262
result: False
power_upto_now: 0.05986696109175682
452th run
noise dimension : 27
noise variance: 21556.662109375
original u-statistic:-2.286135673522949
p value proxy: 0.49501660466194153
result: False
power_upto_now: 0.059734512120485306
453th run
noise dimension : 27
noise variance: 21591.33984375
original u-statistic:-4.7635393142700195
p value proxy: 0.564784049987793
result: False
power_upto_now: 0.05960264801979065
454th run
noise dimension : 27
noise variance: 21683.490234375
original u-statistic:-13.05130386352539
p value proxy: 0.7940199375152588
result: False
power_upto_now: 0.05947136506438255
455th run
noise dimension : 27
noise variance: 21579.189453125
original u-statistic:-16.589189529418945
p value proxy: 0.8970099687576294
result: False
power_upto_now: 0.05934065952897072
456th run
noise dimension : 27
noise variance: 21576.625
original u-statistic:3.6337368488311768
p value proxy: 0.382059782743454
result: False
power_upto_now: 0.05921052768826485
457th run
noise dimension : 27
noise variance: 21650.744140625
original u-statistic:13.410954475402832
p value proxy: 0.1627907007932663
result: False
power_upto_now: 0.05908096209168434
458th run
noise dimension : 27
noise variance: 21604.6953125
original u-statistic:10.187540054321289
p value proxy: 0.27574750781059265
result: False
power_upto_now: 0.0589519664645195
459th run
noise dimension : 27
noise variance: 21560.74609375
original u-statistic:7.603946208953857
p value proxy: 0.2691029906272888
result: False
power_upto_now: 0.05882352963089943
460th run
noise dimension : 27
noise variance: 21535.33984375
original u-statistic:26.45098304748535
p value proxy: 0.059800662100315094
result: False
power_upto_now: 0.05869565159082413
461th run
noise dimension : 27
noise variance: 21665.7109375
original u-statistic:-10.130212783813477
p value proxy: 0.7475082874298096
result: False
power_upto_now: 0.058568328619003296
462th run
noise dimension : 27
noise variance: 21601.951171875
original u-statistic:-4.576138496398926
p value proxy: 0.5913621187210083
result: False
power_upto_now: 0.05844155699014664
463th run
noise dimension : 27
noise variance: 21544.451171875
original u-statistic:0.11575715243816376
p value proxy: 0.45514950156211853
result: False
power_upto_now: 0.05831533297896385
464th run
noise dimension : 27
noise variance: 21613.4609375
original u-statistic:5.139181137084961
p value proxy: 0.2990033030509949
result: False
power_upto_now: 0.05818965658545494
465th run
noise dimension : 27
noise variance: 21553.04296875
original u-statistic:27.0623779296875
p value proxy: 0.05315614491701126
result: False
power_upto_now: 0.05806451663374901
466th run
noise dimension : 27
noise variance: 21552.740234375
original u-statistic:-26.037216186523438
p value proxy: 0.9667773842811584
result: False
power_upto_now: 0.057939913123846054
467th run
noise dimension : 27
noise variance: 21627.236328125
original u-statistic:-12.778120994567871
p value proxy: 0.7873753905296326
result: False
power_upto_now: 0.05781584605574608
468th run
noise dimension : 27
noise variance: 21635.232421875
original u-statistic:-1.3241214752197266
p value proxy: 0.514950156211853
result: False
power_upto_now: 0.057692307978868484
469th run
noise dimension : 27
noise variance: 21645.00390625
original u-statistic:-13.198027610778809
p value proxy: 0.7840531468391418
result: False
power_upto_now: 0.057569295167922974
470th run
noise dimension : 27
noise variance: 21516.78515625
original u-statistic:-23.446165084838867
p value proxy: 0.9468438029289246
result: False
power_upto_now: 0.057446807622909546
471th run
noise dimension : 27
noise variance: 21572.349609375
original u-statistic:-4.901673316955566
p value proxy: 0.6146179437637329
result: False
power_upto_now: 0.0573248416185379
472th run
noise dimension : 27
noise variance: 21563.650390625
original u-statistic:8.06269645690918
p value proxy: 0.31561461091041565
result: False
power_upto_now: 0.05720338970422745
473th run
noise dimension : 27
noise variance: 21556.857421875
original u-statistic:5.727976322174072
p value proxy: 0.3654485046863556
result: False
power_upto_now: 0.05708245187997818
474th run
noise dimension : 27
noise variance: 21619.0546875
original u-statistic:31.03487205505371
p value proxy: 0.02657807245850563
result: True
power_upto_now: 0.05907173082232475
475th run
noise dimension : 27
noise variance: 21632.9453125
original u-statistic:0.5464553833007812
p value proxy: 0.4850498139858246
result: False
power_upto_now: 0.0589473694562912
476th run
noise dimension : 27
noise variance: 21616.099609375
original u-statistic:-12.988805770874023
p value proxy: 0.7707641124725342
result: False
power_upto_now: 0.05882352963089943
477th run
noise dimension : 27
noise variance: 21595.474609375
original u-statistic:-2.9336471557617188
p value proxy: 0.5614618062973022
result: False
power_upto_now: 0.058700211346149445
478th run
noise dimension : 27
noise variance: 21677.248046875
original u-statistic:-3.431576728820801
p value proxy: 0.564784049987793
result: False
power_upto_now: 0.05857740715146065
479th run
noise dimension : 27
noise variance: 21639.12109375
original u-statistic:-15.893423080444336
p value proxy: 0.8637873530387878
result: False
power_upto_now: 0.05845511332154274
480th run
noise dimension : 27
noise variance: 21736.234375
original u-statistic:-15.874755859375
p value proxy: 0.8471760749816895
result: False
power_upto_now: 0.05833333358168602
481th run
noise dimension : 27
noise variance: 21605.251953125
original u-statistic:6.026922225952148
p value proxy: 0.302325576543808
result: False
power_upto_now: 0.05821205675601959
482th run
noise dimension : 27
noise variance: 21613.216796875
original u-statistic:-12.746349334716797
p value proxy: 0.7740863561630249
result: False
power_upto_now: 0.058091286569833755
483th run
noise dimension : 27
noise variance: 21631.04296875
original u-statistic:-13.569128036499023
p value proxy: 0.8305647373199463
result: False
power_upto_now: 0.05797101557254791
484th run
noise dimension : 27
noise variance: 21588.978515625
original u-statistic:1.473414421081543
p value proxy: 0.421926885843277
result: False
power_upto_now: 0.057851240038871765
485th run
noise dimension : 27
noise variance: 21619.2109375
original u-statistic:-2.311265468597412
p value proxy: 0.5083056092262268
result: False
power_upto_now: 0.05773195996880531
486th run
noise dimension : 27
noise variance: 21605.267578125
original u-statistic:-20.398242950439453
p value proxy: 0.9202657341957092
result: False
power_upto_now: 0.05761316791176796
487th run
noise dimension : 27
noise variance: 21527.16015625
original u-statistic:10.663797378540039
p value proxy: 0.2259136140346527
result: False
power_upto_now: 0.05749486759305
488th run
noise dimension : 27
noise variance: 21592.201171875
original u-statistic:-5.076573371887207
p value proxy: 0.6578072905540466
result: False
power_upto_now: 0.05737704783678055
489th run
noise dimension : 27
noise variance: 21592.02734375
original u-statistic:-25.284122467041016
p value proxy: 0.9667773842811584
result: False
power_upto_now: 0.05725971236824989
490th run
noise dimension : 27
noise variance: 21594.21484375
original u-statistic:8.062501907348633
p value proxy: 0.2657807171344757
result: False
power_upto_now: 0.05714285746216774
491th run
noise dimension : 27
noise variance: 21650.083984375
original u-statistic:-20.556455612182617
p value proxy: 0.9069766998291016
result: False
power_upto_now: 0.05702647566795349
492th run
noise dimension : 27
noise variance: 21524.521484375
original u-statistic:-18.457612991333008
p value proxy: 0.8837209343910217
result: False
power_upto_now: 0.056910570710897446
493th run
noise dimension : 27
noise variance: 21604.779296875
original u-statistic:-5.591770172119141
p value proxy: 0.6112956404685974
result: False
power_upto_now: 0.05679513141512871
494th run
noise dimension : 27
noise variance: 21593.646484375
original u-statistic:-20.953338623046875
p value proxy: 0.9202657341957092
result: False
power_upto_now: 0.056680161505937576
495th run
noise dimension : 27
noise variance: 21622.224609375
original u-statistic:-21.90456771850586
p value proxy: 0.9169434905052185
result: False
power_upto_now: 0.05656565725803375
496th run
noise dimension : 27
noise variance: 21601.310546875
original u-statistic:-3.5549941062927246
p value proxy: 0.5847175717353821
result: False
power_upto_now: 0.05645161122083664
497th run
noise dimension : 27
noise variance: 21527.26953125
original u-statistic:-23.555774688720703
p value proxy: 0.9534883499145508
result: False
power_upto_now: 0.056338027119636536
498th run
noise dimension : 27
noise variance: 21616.01171875
original u-statistic:-21.538124084472656
p value proxy: 0.9069766998291016
result: False
power_upto_now: 0.05622490122914314
499th run
noise dimension : 27
noise variance: 21591.205078125
original u-statistic:-15.035907745361328
p value proxy: 0.8504983186721802
result: False
power_upto_now: 0.056112226098775864
500th run
noise dimension : 27
noise variance: 21589.685546875
original u-statistic:2.1024606227874756
p value proxy: 0.4485049843788147
result: False
power_upto_now: 0.0560000017285347
power estimate : 0.0560000017285347
elapsed time: 6741.70180439949
