job started
cuda available: True
code run on device:: cuda:0

n1 = 20000, n2 = 20000,

kappa = 3, alpha = 0.55,

gamma = 0.05, nTests = 500,

B = 300

1th run
noise dimension : 27
noise variance: 710.2667236328125
original u-statistic:0.45313167572021484
p value proxy: 0.17940199375152588
result: False
power_upto_now: 0.0
2th run
noise dimension : 27
noise variance: 711.5862426757812
original u-statistic:0.6337859630584717
p value proxy: 0.10963454842567444
result: False
power_upto_now: 0.0
3th run
noise dimension : 27
noise variance: 715.6836547851562
original u-statistic:-0.2834399938583374
p value proxy: 0.684385359287262
result: False
power_upto_now: 0.0
4th run
noise dimension : 27
noise variance: 714.084716796875
original u-statistic:0.33802080154418945
p value proxy: 0.2458471655845642
result: False
power_upto_now: 0.0
5th run
noise dimension : 27
noise variance: 712.6768798828125
original u-statistic:0.198103666305542
p value proxy: 0.3056478202342987
result: False
power_upto_now: 0.0
6th run
noise dimension : 27
noise variance: 712.5723876953125
original u-statistic:2.200087547302246
p value proxy: 0.003322259057313204
result: True
power_upto_now: 0.1666666716337204
7th run
noise dimension : 27
noise variance: 714.8533935546875
original u-statistic:0.8853287696838379
p value proxy: 0.08637873828411102
result: False
power_upto_now: 0.1428571492433548
8th run
noise dimension : 27
noise variance: 716.8060302734375
original u-statistic:0.9381570816040039
p value proxy: 0.06976743787527084
result: False
power_upto_now: 0.125
9th run
noise dimension : 27
noise variance: 715.4147338867188
original u-statistic:0.3961663246154785
p value proxy: 0.21262457966804504
result: False
power_upto_now: 0.1111111119389534
10th run
noise dimension : 27
noise variance: 715.3474731445312
original u-statistic:0.7771546840667725
p value proxy: 0.08970099687576294
result: False
power_upto_now: 0.10000000149011612
11th run
noise dimension : 27
noise variance: 713.2288818359375
original u-statistic:0.17435669898986816
p value proxy: 0.31229233741760254
result: False
power_upto_now: 0.09090909361839294
12th run
noise dimension : 27
noise variance: 709.490966796875
original u-statistic:0.17444992065429688
p value proxy: 0.302325576543808
result: False
power_upto_now: 0.0833333358168602
13th run
noise dimension : 27
noise variance: 711.8687133789062
original u-statistic:0.13178157806396484
p value proxy: 0.3920265734195709
result: False
power_upto_now: 0.07692307978868484
14th run
noise dimension : 27
noise variance: 715.256591796875
original u-statistic:2.040290355682373
p value proxy: 0.003322259057313204
result: True
power_upto_now: 0.1428571492433548
15th run
noise dimension : 27
noise variance: 711.582763671875
original u-statistic:2.5528452396392822
p value proxy: 0.003322259057313204
result: True
power_upto_now: 0.20000000298023224
16th run
noise dimension : 27
noise variance: 716.7439575195312
original u-statistic:0.7722625732421875
p value proxy: 0.07641195505857468
result: False
power_upto_now: 0.1875
17th run
noise dimension : 27
noise variance: 717.5856323242188
original u-statistic:0.11147713661193848
p value proxy: 0.3887042999267578
result: False
power_upto_now: 0.1764705926179886
18th run
noise dimension : 27
noise variance: 714.3756103515625
original u-statistic:0.5625820159912109
p value proxy: 0.12956809997558594
result: False
power_upto_now: 0.1666666716337204
19th run
noise dimension : 27
noise variance: 713.8682861328125
original u-statistic:1.6032590866088867
p value proxy: 0.013289036229252815
result: True
power_upto_now: 0.21052631735801697
20th run
noise dimension : 27
noise variance: 715.3037719726562
original u-statistic:0.6579070091247559
p value proxy: 0.12956809997558594
result: False
power_upto_now: 0.20000000298023224
21th run
noise dimension : 27
noise variance: 712.0152587890625
original u-statistic:0.6800370216369629
p value proxy: 0.1428571343421936
result: False
power_upto_now: 0.190476194024086
22th run
noise dimension : 27
noise variance: 712.180419921875
original u-statistic:1.6609218120574951
p value proxy: 0.006644518114626408
result: True
power_upto_now: 0.22727273404598236
23th run
noise dimension : 27
noise variance: 715.7828369140625
original u-statistic:2.672844648361206
p value proxy: 0.003322259057313204
result: True
power_upto_now: 0.260869562625885
24th run
noise dimension : 27
noise variance: 717.2163696289062
original u-statistic:0.6304314136505127
p value proxy: 0.14617939293384552
result: False
power_upto_now: 0.25
25th run
noise dimension : 27
noise variance: 713.9607543945312
original u-statistic:0.04126930236816406
p value proxy: 0.4019933342933655
result: False
power_upto_now: 0.23999999463558197
26th run
noise dimension : 27
noise variance: 716.7817993164062
original u-statistic:1.7964792251586914
p value proxy: 0.003322259057313204
result: True
power_upto_now: 0.26923078298568726
27th run
noise dimension : 27
noise variance: 713.8587646484375
original u-statistic:0.4708983898162842
p value proxy: 0.19269102811813354
result: False
power_upto_now: 0.25925925374031067
28th run
noise dimension : 27
noise variance: 715.5451049804688
original u-statistic:0.5677309036254883
p value proxy: 0.12956809997558594
result: False
power_upto_now: 0.25
29th run
noise dimension : 27
noise variance: 715.2700805664062
original u-statistic:0.18894577026367188
p value proxy: 0.3521594703197479
result: False
power_upto_now: 0.24137930572032928
30th run
noise dimension : 27
noise variance: 714.0319213867188
original u-statistic:-0.1484222412109375
p value proxy: 0.594684362411499
result: False
power_upto_now: 0.23333333432674408
31th run
noise dimension : 27
noise variance: 715.694580078125
original u-statistic:-0.08875679969787598
p value proxy: 0.554817259311676
result: False
power_upto_now: 0.22580644488334656
32th run
noise dimension : 27
noise variance: 713.7742919921875
original u-statistic:0.03979015350341797
p value proxy: 0.421926885843277
result: False
power_upto_now: 0.21875
33th run
noise dimension : 27
noise variance: 713.8092651367188
original u-statistic:0.9263696670532227
p value proxy: 0.059800662100315094
result: False
power_upto_now: 0.21212121844291687
34th run
noise dimension : 27
noise variance: 713.4642333984375
original u-statistic:0.3541288375854492
p value proxy: 0.25581395626068115
result: False
power_upto_now: 0.20588235557079315
35th run
noise dimension : 27
noise variance: 711.9237670898438
original u-statistic:0.23562240600585938
p value proxy: 0.2823920249938965
result: False
power_upto_now: 0.20000000298023224
36th run
noise dimension : 27
noise variance: 715.0675048828125
original u-statistic:0.10740423202514648
p value proxy: 0.4252491593360901
result: False
power_upto_now: 0.1944444477558136
37th run
noise dimension : 27
noise variance: 715.3533325195312
original u-statistic:-0.07612419128417969
p value proxy: 0.5049833655357361
result: False
power_upto_now: 0.18918919563293457
38th run
noise dimension : 27
noise variance: 714.3856201171875
original u-statistic:0.682342529296875
p value proxy: 0.11960132420063019
result: False
power_upto_now: 0.18421052396297455
39th run
noise dimension : 27
noise variance: 713.2550659179688
original u-statistic:-0.4686000347137451
p value proxy: 0.8006644248962402
result: False
power_upto_now: 0.1794871836900711
40th run
noise dimension : 27
noise variance: 712.5225830078125
original u-statistic:1.8061621189117432
p value proxy: 0.003322259057313204
result: True
power_upto_now: 0.20000000298023224
41th run
noise dimension : 27
noise variance: 712.6851806640625
original u-statistic:0.5842335224151611
p value proxy: 0.1395348757505417
result: False
power_upto_now: 0.19512194395065308
42th run
noise dimension : 27
noise variance: 715.1760864257812
original u-statistic:0.03740978240966797
p value proxy: 0.4318936765193939
result: False
power_upto_now: 0.190476194024086
43th run
noise dimension : 27
noise variance: 713.2619018554688
original u-statistic:-0.3977327346801758
p value proxy: 0.7508305311203003
result: False
power_upto_now: 0.1860465109348297
44th run
noise dimension : 27
noise variance: 711.3651123046875
original u-statistic:0.3639230728149414
p value proxy: 0.22923587262630463
result: False
power_upto_now: 0.1818181872367859
45th run
noise dimension : 27
noise variance: 712.9269409179688
original u-statistic:-0.25542259216308594
p value proxy: 0.6710963249206543
result: False
power_upto_now: 0.17777778208255768
46th run
noise dimension : 27
noise variance: 713.8085327148438
original u-statistic:0.8805630207061768
p value proxy: 0.07641195505857468
result: False
power_upto_now: 0.17391304671764374
47th run
noise dimension : 27
noise variance: 710.3511352539062
original u-statistic:1.0569021701812744
p value proxy: 0.039867110550403595
result: True
power_upto_now: 0.19148936867713928
48th run
noise dimension : 27
noise variance: 713.1085205078125
original u-statistic:0.8072023391723633
p value proxy: 0.06976743787527084
result: False
power_upto_now: 0.1875
49th run
noise dimension : 27
noise variance: 711.080810546875
original u-statistic:1.2752504348754883
p value proxy: 0.029900331050157547
result: True
power_upto_now: 0.20408163964748383
50th run
noise dimension : 27
noise variance: 713.4390258789062
original u-statistic:0.7172558307647705
p value proxy: 0.09302325546741486
result: False
power_upto_now: 0.20000000298023224
51th run
noise dimension : 27
noise variance: 714.9952392578125
original u-statistic:0.24952077865600586
p value proxy: 0.3255814015865326
result: False
power_upto_now: 0.19607843458652496
52th run
noise dimension : 27
noise variance: 713.86474609375
original u-statistic:0.31517577171325684
p value proxy: 0.23255813121795654
result: False
power_upto_now: 0.19230769574642181
53th run
noise dimension : 27
noise variance: 713.42919921875
original u-statistic:-0.12130117416381836
p value proxy: 0.5448504686355591
result: False
power_upto_now: 0.18867924809455872
54th run
noise dimension : 27
noise variance: 714.6063842773438
original u-statistic:-0.031752824783325195
p value proxy: 0.5083056092262268
result: False
power_upto_now: 0.18518517911434174
55th run
noise dimension : 27
noise variance: 714.3197021484375
original u-statistic:1.9923951625823975
p value proxy: 0.006644518114626408
result: True
power_upto_now: 0.20000000298023224
56th run
noise dimension : 27
noise variance: 714.2432250976562
original u-statistic:1.2700564861297607
p value proxy: 0.013289036229252815
result: True
power_upto_now: 0.2142857164144516
57th run
noise dimension : 27
noise variance: 713.1698608398438
original u-statistic:-0.03559279441833496
p value proxy: 0.4916943311691284
result: False
power_upto_now: 0.21052631735801697
58th run
noise dimension : 27
noise variance: 715.8697509765625
original u-statistic:0.6082746982574463
p value proxy: 0.14950165152549744
result: False
power_upto_now: 0.2068965584039688
59th run
noise dimension : 27
noise variance: 714.9469604492188
original u-statistic:0.6173934936523438
p value proxy: 0.12624584138393402
result: False
power_upto_now: 0.20338982343673706
60th run
noise dimension : 27
noise variance: 713.9080810546875
original u-statistic:-0.21901583671569824
p value proxy: 0.644518256187439
result: False
power_upto_now: 0.20000000298023224
61th run
noise dimension : 27
noise variance: 716.215576171875
original u-statistic:0.9396097660064697
p value proxy: 0.059800662100315094
result: False
power_upto_now: 0.19672131538391113
62th run
noise dimension : 27
noise variance: 715.2660522460938
original u-statistic:-0.01459503173828125
p value proxy: 0.44186046719551086
result: False
power_upto_now: 0.19354838132858276
63th run
noise dimension : 27
noise variance: 715.2117309570312
original u-statistic:0.9347550868988037
p value proxy: 0.04318936914205551
result: True
power_upto_now: 0.2063492089509964
64th run
noise dimension : 27
noise variance: 715.1675415039062
original u-statistic:0.00797891616821289
p value proxy: 0.4684385359287262
result: False
power_upto_now: 0.203125
65th run
noise dimension : 27
noise variance: 714.4842529296875
original u-statistic:0.0730137825012207
p value proxy: 0.4318936765193939
result: False
power_upto_now: 0.20000000298023224
66th run
noise dimension : 27
noise variance: 714.0140991210938
original u-statistic:1.098630666732788
p value proxy: 0.04318936914205551
result: True
power_upto_now: 0.21212121844291687
67th run
noise dimension : 27
noise variance: 715.9345703125
original u-statistic:0.6241004467010498
p value proxy: 0.1029900312423706
result: False
power_upto_now: 0.20895522832870483
68th run
noise dimension : 27
noise variance: 716.6861572265625
original u-statistic:0.648810625076294
p value proxy: 0.10631228983402252
result: False
power_upto_now: 0.20588235557079315
69th run
noise dimension : 27
noise variance: 713.3338012695312
original u-statistic:-0.1717667579650879
p value proxy: 0.5714285373687744
result: False
power_upto_now: 0.2028985470533371
70th run
noise dimension : 27
noise variance: 714.7708740234375
original u-statistic:1.2671456336975098
p value proxy: 0.006644518114626408
result: True
power_upto_now: 0.2142857164144516
71th run
noise dimension : 27
noise variance: 715.6563110351562
original u-statistic:0.15235185623168945
p value proxy: 0.35880398750305176
result: False
power_upto_now: 0.2112676054239273
72th run
noise dimension : 27
noise variance: 712.0885620117188
original u-statistic:0.2396705150604248
p value proxy: 0.29235878586769104
result: False
power_upto_now: 0.2083333283662796
73th run
noise dimension : 27
noise variance: 714.4951171875
original u-statistic:0.8770484924316406
p value proxy: 0.05647840350866318
result: False
power_upto_now: 0.2054794579744339
74th run
noise dimension : 27
noise variance: 713.2550659179688
original u-statistic:0.8065948486328125
p value proxy: 0.08970099687576294
result: False
power_upto_now: 0.20270270109176636
75th run
noise dimension : 27
noise variance: 711.5015258789062
original u-statistic:0.7473249435424805
p value proxy: 0.07641195505857468
result: False
power_upto_now: 0.20000000298023224
76th run
noise dimension : 27
noise variance: 713.9617919921875
original u-statistic:1.381232500076294
p value proxy: 0.019933555275201797
result: True
power_upto_now: 0.21052631735801697
77th run
noise dimension : 27
noise variance: 714.1392822265625
original u-statistic:0.10399580001831055
p value proxy: 0.3687707483768463
result: False
power_upto_now: 0.20779220759868622
78th run
noise dimension : 27
noise variance: 717.29833984375
original u-statistic:0.43154406547546387
p value proxy: 0.2059800624847412
result: False
power_upto_now: 0.20512820780277252
79th run
noise dimension : 27
noise variance: 714.3954467773438
original u-statistic:0.12300777435302734
p value proxy: 0.3887042999267578
result: False
power_upto_now: 0.20253165066242218
80th run
noise dimension : 27
noise variance: 712.0784301757812
original u-statistic:0.3271369934082031
p value proxy: 0.27242523431777954
result: False
power_upto_now: 0.20000000298023224
81th run
noise dimension : 27
noise variance: 714.4212036132812
original u-statistic:-0.2082676887512207
p value proxy: 0.6212624311447144
result: False
power_upto_now: 0.1975308656692505
82th run
noise dimension : 27
noise variance: 712.221923828125
original u-statistic:0.8749735355377197
p value proxy: 0.07308969646692276
result: False
power_upto_now: 0.19512194395065308
83th run
noise dimension : 27
noise variance: 713.639404296875
original u-statistic:1.913927435874939
p value proxy: 0.006644518114626408
result: True
power_upto_now: 0.20481927692890167
84th run
noise dimension : 27
noise variance: 716.1270141601562
original u-statistic:1.0112297534942627
p value proxy: 0.04651162773370743
result: True
power_upto_now: 0.2142857164144516
85th run
noise dimension : 27
noise variance: 714.1590576171875
original u-statistic:0.33371424674987793
p value proxy: 0.27242523431777954
result: False
power_upto_now: 0.21176470816135406
86th run
noise dimension : 27
noise variance: 714.0697631835938
original u-statistic:0.6781423091888428
p value proxy: 0.11627906560897827
result: False
power_upto_now: 0.20930232107639313
87th run
noise dimension : 27
noise variance: 713.3516235351562
original u-statistic:0.1549992561340332
p value proxy: 0.3853820562362671
result: False
power_upto_now: 0.2068965584039688
88th run
noise dimension : 27
noise variance: 715.515625
original u-statistic:-0.500352144241333
p value proxy: 0.8305647373199463
result: False
power_upto_now: 0.20454545319080353
89th run
noise dimension : 27
noise variance: 716.353759765625
original u-statistic:0.1216576099395752
p value proxy: 0.342192679643631
result: False
power_upto_now: 0.20224718749523163
90th run
noise dimension : 27
noise variance: 715.32470703125
original u-statistic:0.07750272750854492
p value proxy: 0.3853820562362671
result: False
power_upto_now: 0.20000000298023224
91th run
noise dimension : 27
noise variance: 711.3037109375
original u-statistic:0.5877161026000977
p value proxy: 0.09966777265071869
result: False
power_upto_now: 0.19780220091342926
92th run
noise dimension : 27
noise variance: 711.67919921875
original u-statistic:0.9839658737182617
p value proxy: 0.04318936914205551
result: True
power_upto_now: 0.20652173459529877
93th run
noise dimension : 27
noise variance: 712.0375366210938
original u-statistic:0.22275686264038086
p value proxy: 0.29235878586769104
result: False
power_upto_now: 0.20430107414722443
94th run
noise dimension : 27
noise variance: 713.6973876953125
original u-statistic:1.7804934978485107
p value proxy: 0.003322259057313204
result: True
power_upto_now: 0.21276596188545227
95th run
noise dimension : 27
noise variance: 714.0825805664062
original u-statistic:1.0333702564239502
p value proxy: 0.033222589641809464
result: True
power_upto_now: 0.2210526317358017
96th run
noise dimension : 27
noise variance: 714.8748168945312
original u-statistic:0.17170095443725586
p value proxy: 0.342192679643631
result: False
power_upto_now: 0.21875
97th run
noise dimension : 27
noise variance: 714.17041015625
original u-statistic:0.7626595497131348
p value proxy: 0.09966777265071869
result: False
power_upto_now: 0.2164948433637619
98th run
noise dimension : 27
noise variance: 716.1642456054688
original u-statistic:-0.6465470790863037
p value proxy: 0.9102990031242371
result: False
power_upto_now: 0.2142857164144516
99th run
noise dimension : 27
noise variance: 714.5574951171875
original u-statistic:-0.7671232223510742
p value proxy: 0.9401993155479431
result: False
power_upto_now: 0.21212121844291687
100th run
noise dimension : 27
noise variance: 714.1817016601562
original u-statistic:1.0395991802215576
p value proxy: 0.02657807245850563
result: True
power_upto_now: 0.2199999988079071
101th run
noise dimension : 27
noise variance: 715.1722412109375
original u-statistic:-0.2332289218902588
p value proxy: 0.6644518375396729
result: False
power_upto_now: 0.21782177686691284
102th run
noise dimension : 27
noise variance: 715.0477905273438
original u-statistic:0.3512115478515625
p value proxy: 0.23588038980960846
result: False
power_upto_now: 0.21568627655506134
103th run
noise dimension : 27
noise variance: 712.536376953125
original u-statistic:0.3847622871398926
p value proxy: 0.2259136140346527
result: False
power_upto_now: 0.21359223127365112
104th run
noise dimension : 27
noise variance: 714.6288452148438
original u-statistic:-0.1186823844909668
p value proxy: 0.5348837375640869
result: False
power_upto_now: 0.21153846383094788
105th run
noise dimension : 27
noise variance: 714.6613159179688
original u-statistic:1.3632259368896484
p value proxy: 0.009966777637600899
result: True
power_upto_now: 0.21904762089252472
106th run
noise dimension : 27
noise variance: 709.4317626953125
original u-statistic:0.6883344650268555
p value proxy: 0.08970099687576294
result: False
power_upto_now: 0.21698112785816193
107th run
noise dimension : 27
noise variance: 716.4107666015625
original u-statistic:1.030301570892334
p value proxy: 0.029900331050157547
result: True
power_upto_now: 0.22429905831813812
108th run
noise dimension : 27
noise variance: 712.8445434570312
original u-statistic:0.1518421173095703
p value proxy: 0.3887042999267578
result: False
power_upto_now: 0.2222222238779068
109th run
noise dimension : 27
noise variance: 711.442626953125
original u-statistic:0.6237335205078125
p value proxy: 0.12956809997558594
result: False
power_upto_now: 0.22018349170684814
110th run
noise dimension : 27
noise variance: 714.1612548828125
original u-statistic:0.9314286708831787
p value proxy: 0.05315614491701126
result: False
power_upto_now: 0.2181818187236786
111th run
noise dimension : 27
noise variance: 714.0553588867188
original u-statistic:0.08385968208312988
p value proxy: 0.421926885843277
result: False
power_upto_now: 0.21621622145175934
112th run
noise dimension : 27
noise variance: 716.06591796875
original u-statistic:0.9330196380615234
p value proxy: 0.08970099687576294
result: False
power_upto_now: 0.2142857164144516
113th run
noise dimension : 27
noise variance: 715.8212280273438
original u-statistic:0.7251360416412354
p value proxy: 0.07308969646692276
result: False
power_upto_now: 0.21238937973976135
114th run
noise dimension : 27
noise variance: 712.349365234375
original u-statistic:0.9648137092590332
p value proxy: 0.059800662100315094
result: False
power_upto_now: 0.21052631735801697
115th run
noise dimension : 27
noise variance: 715.351806640625
original u-statistic:-0.5748143196105957
p value proxy: 0.8671095967292786
result: False
power_upto_now: 0.208695650100708
116th run
noise dimension : 27
noise variance: 710.6900024414062
original u-statistic:0.7397923469543457
p value proxy: 0.09302325546741486
result: False
power_upto_now: 0.2068965584039688
117th run
noise dimension : 27
noise variance: 719.1060791015625
original u-statistic:-0.03756427764892578
p value proxy: 0.49833884835243225
result: False
power_upto_now: 0.20512820780277252
118th run
noise dimension : 27
noise variance: 716.5372314453125
original u-statistic:1.5191948413848877
p value proxy: 0.009966777637600899
result: True
power_upto_now: 0.2118644118309021
119th run
noise dimension : 27
noise variance: 713.5062255859375
original u-statistic:2.4983327388763428
p value proxy: 0.003322259057313204
result: True
power_upto_now: 0.21848739683628082
120th run
noise dimension : 27
noise variance: 712.0372314453125
original u-statistic:0.6685624122619629
p value proxy: 0.10963454842567444
result: False
power_upto_now: 0.21666666865348816
121th run
noise dimension : 27
noise variance: 712.2369384765625
original u-statistic:1.3282814025878906
p value proxy: 0.013289036229252815
result: True
power_upto_now: 0.22314049303531647
122th run
noise dimension : 27
noise variance: 715.04052734375
original u-statistic:-0.7592158317565918
p value proxy: 0.9302325248718262
result: False
power_upto_now: 0.22131147980690002
123th run
noise dimension : 27
noise variance: 709.7140502929688
original u-statistic:0.33309412002563477
p value proxy: 0.25249168276786804
result: False
power_upto_now: 0.2195121943950653
124th run
noise dimension : 27
noise variance: 714.1383666992188
original u-statistic:0.6695137023925781
p value proxy: 0.09634551405906677
result: False
power_upto_now: 0.2177419364452362
125th run
noise dimension : 27
noise variance: 717.3154907226562
original u-statistic:0.13428115844726562
p value proxy: 0.39867109060287476
result: False
power_upto_now: 0.2160000056028366
126th run
noise dimension : 27
noise variance: 714.160400390625
original u-statistic:0.6582260131835938
p value proxy: 0.09634551405906677
result: False
power_upto_now: 0.2142857164144516
127th run
noise dimension : 27
noise variance: 713.4559936523438
original u-statistic:0.9563398361206055
p value proxy: 0.04318936914205551
result: True
power_upto_now: 0.22047244012355804
128th run
noise dimension : 27
noise variance: 713.5203247070312
original u-statistic:0.666640043258667
p value proxy: 0.10631228983402252
result: False
power_upto_now: 0.21875
129th run
noise dimension : 27
noise variance: 715.6592407226562
original u-statistic:0.36865735054016113
p value proxy: 0.2059800624847412
result: False
power_upto_now: 0.21705426275730133
130th run
noise dimension : 27
noise variance: 713.8612060546875
original u-statistic:0.19335389137268066
p value proxy: 0.31893688440322876
result: False
power_upto_now: 0.2153846174478531
131th run
noise dimension : 27
noise variance: 714.1776733398438
original u-statistic:0.7474138736724854
p value proxy: 0.07641195505857468
result: False
power_upto_now: 0.21374045312404633
132th run
noise dimension : 27
noise variance: 712.4700927734375
original u-statistic:0.1989150047302246
p value proxy: 0.3521594703197479
result: False
power_upto_now: 0.21212121844291687
133th run
noise dimension : 27
noise variance: 715.5303955078125
original u-statistic:-0.874476432800293
p value proxy: 0.9734219312667847
result: False
power_upto_now: 0.21052631735801697
134th run
noise dimension : 27
noise variance: 711.6443481445312
original u-statistic:0.8301562070846558
p value proxy: 0.07641195505857468
result: False
power_upto_now: 0.20895522832870483
135th run
noise dimension : 27
noise variance: 713.4207763671875
original u-statistic:0.8308119773864746
p value proxy: 0.07308969646692276
result: False
power_upto_now: 0.2074074000120163
136th run
noise dimension : 27
noise variance: 713.8848266601562
original u-statistic:0.532404899597168
p value proxy: 0.1428571343421936
result: False
power_upto_now: 0.20588235557079315
137th run
noise dimension : 27
noise variance: 712.386962890625
original u-statistic:1.0231144428253174
p value proxy: 0.033222589641809464
result: True
power_upto_now: 0.21167883276939392
138th run
noise dimension : 27
noise variance: 714.8377685546875
original u-statistic:0.20674848556518555
p value proxy: 0.35880398750305176
result: False
power_upto_now: 0.21014492213726044
139th run
noise dimension : 27
noise variance: 714.9010009765625
original u-statistic:0.3407559394836426
p value proxy: 0.19601328670978546
result: False
power_upto_now: 0.20863309502601624
140th run
noise dimension : 27
noise variance: 716.8062744140625
original u-statistic:0.8058931827545166
p value proxy: 0.0830564796924591
result: False
power_upto_now: 0.20714285969734192
141th run
noise dimension : 27
noise variance: 712.0223388671875
original u-statistic:0.6001954078674316
p value proxy: 0.1395348757505417
result: False
power_upto_now: 0.20567375421524048
142th run
noise dimension : 27
noise variance: 714.406982421875
original u-statistic:0.1230769157409668
p value proxy: 0.4119601249694824
result: False
power_upto_now: 0.2042253464460373
143th run
noise dimension : 27
noise variance: 714.7676391601562
original u-statistic:0.1704423427581787
p value proxy: 0.3488371968269348
result: False
power_upto_now: 0.20279720425605774
144th run
noise dimension : 27
noise variance: 715.5428466796875
original u-statistic:0.17743206024169922
p value proxy: 0.3621262311935425
result: False
power_upto_now: 0.2013888955116272
145th run
noise dimension : 27
noise variance: 717.5263671875
original u-statistic:0.37269020080566406
p value proxy: 0.2259136140346527
result: False
power_upto_now: 0.20000000298023224
146th run
noise dimension : 27
noise variance: 716.59033203125
original u-statistic:0.6374764442443848
p value proxy: 0.11960132420063019
result: False
power_upto_now: 0.19863013923168182
147th run
noise dimension : 27
noise variance: 713.6785278320312
original u-statistic:2.0796055793762207
p value proxy: 0.006644518114626408
result: True
power_upto_now: 0.20408163964748383
148th run
noise dimension : 27
noise variance: 716.69091796875
original u-statistic:-0.6486661434173584
p value proxy: 0.8870431780815125
result: False
power_upto_now: 0.20270270109176636
149th run
noise dimension : 27
noise variance: 715.6927490234375
original u-statistic:0.23229074478149414
p value proxy: 0.3089700937271118
result: False
power_upto_now: 0.20134228467941284
150th run
noise dimension : 27
noise variance: 712.4425048828125
original u-statistic:0.18096542358398438
p value proxy: 0.3720930218696594
result: False
power_upto_now: 0.20000000298023224
151th run
noise dimension : 27
noise variance: 709.7120971679688
original u-statistic:0.5001881122589111
p value proxy: 0.1229235827922821
result: False
power_upto_now: 0.1986754983663559
152th run
noise dimension : 27
noise variance: 712.6739501953125
original u-statistic:1.1287503242492676
p value proxy: 0.02657807245850563
result: True
power_upto_now: 0.20394736528396606
153th run
noise dimension : 27
noise variance: 714.0330810546875
original u-statistic:-0.1289358139038086
p value proxy: 0.5747508406639099
result: False
power_upto_now: 0.20261438190937042
154th run
noise dimension : 27
noise variance: 716.84716796875
original u-statistic:-0.1644148826599121
p value proxy: 0.5880398750305176
result: False
power_upto_now: 0.20129869878292084
155th run
noise dimension : 27
noise variance: 713.5799560546875
original u-statistic:0.09850311279296875
p value proxy: 0.4119601249694824
result: False
power_upto_now: 0.20000000298023224
156th run
noise dimension : 27
noise variance: 713.5533447265625
original u-statistic:-0.21045780181884766
p value proxy: 0.6079733967781067
result: False
power_upto_now: 0.19871795177459717
157th run
noise dimension : 27
noise variance: 715.3208618164062
original u-statistic:0.42093801498413086
p value proxy: 0.2225913554430008
result: False
power_upto_now: 0.19745223224163055
158th run
noise dimension : 27
noise variance: 713.089599609375
original u-statistic:1.402634620666504
p value proxy: 0.013289036229252815
result: True
power_upto_now: 0.20253165066242218
159th run
noise dimension : 27
noise variance: 713.9638671875
original u-statistic:-0.5902485847473145
p value proxy: 0.8504983186721802
result: False
power_upto_now: 0.2012578547000885
160th run
noise dimension : 27
noise variance: 714.3982543945312
original u-statistic:0.04598426818847656
p value proxy: 0.4684385359287262
result: False
power_upto_now: 0.20000000298023224
161th run
noise dimension : 27
noise variance: 715.2333374023438
original u-statistic:1.3449013233184814
p value proxy: 0.016611294820904732
result: True
power_upto_now: 0.20496894419193268
162th run
noise dimension : 27
noise variance: 715.4972534179688
original u-statistic:0.9445335865020752
p value proxy: 0.05315614491701126
result: False
power_upto_now: 0.20370370149612427
163th run
noise dimension : 27
noise variance: 714.7858276367188
original u-statistic:1.0251810550689697
p value proxy: 0.033222589641809464
result: True
power_upto_now: 0.20858895778656006
164th run
noise dimension : 27
noise variance: 713.2710571289062
original u-statistic:0.9573092460632324
p value proxy: 0.049833886325359344
result: True
power_upto_now: 0.21341463923454285
165th run
noise dimension : 27
noise variance: 712.7196655273438
original u-statistic:-0.501624345779419
p value proxy: 0.8704319000244141
result: False
power_upto_now: 0.21212121844291687
166th run
noise dimension : 27
noise variance: 714.546630859375
original u-statistic:1.0850944519042969
p value proxy: 0.04318936914205551
result: True
power_upto_now: 0.21686747670173645
167th run
noise dimension : 27
noise variance: 712.4839477539062
original u-statistic:0.1260509490966797
p value proxy: 0.3322259187698364
result: False
power_upto_now: 0.21556885540485382
168th run
noise dimension : 27
noise variance: 715.97216796875
original u-statistic:-0.13402795791625977
p value proxy: 0.5813953280448914
result: False
power_upto_now: 0.2142857164144516
169th run
noise dimension : 27
noise variance: 713.2479248046875
original u-statistic:-0.11223173141479492
p value proxy: 0.5813953280448914
result: False
power_upto_now: 0.21301774680614471
170th run
noise dimension : 27
noise variance: 714.5374145507812
original u-statistic:0.8043198585510254
p value proxy: 0.07641195505857468
result: False
power_upto_now: 0.21176470816135406
171th run
noise dimension : 27
noise variance: 715.0516967773438
original u-statistic:1.019613265991211
p value proxy: 0.039867110550403595
result: True
power_upto_now: 0.2163742631673813
172th run
noise dimension : 27
noise variance: 713.4293212890625
original u-statistic:0.46718478202819824
p value proxy: 0.17275747656822205
result: False
power_upto_now: 0.21511627733707428
173th run
noise dimension : 27
noise variance: 715.8695678710938
original u-statistic:0.6495378017425537
p value proxy: 0.1029900312423706
result: False
power_upto_now: 0.21387283504009247
174th run
noise dimension : 27
noise variance: 714.74755859375
original u-statistic:0.6189711093902588
p value proxy: 0.15614616870880127
result: False
power_upto_now: 0.21264368295669556
175th run
noise dimension : 27
noise variance: 717.34765625
original u-statistic:1.7833716869354248
p value proxy: 0.009966777637600899
result: True
power_upto_now: 0.21714285016059875
176th run
noise dimension : 27
noise variance: 714.2454223632812
original u-statistic:0.6092038154602051
p value proxy: 0.10631228983402252
result: False
power_upto_now: 0.21590909361839294
177th run
noise dimension : 27
noise variance: 712.0747680664062
original u-statistic:1.1676743030548096
p value proxy: 0.029900331050157547
result: True
power_upto_now: 0.22033898532390594
178th run
noise dimension : 27
noise variance: 715.609619140625
original u-statistic:0.638115406036377
p value proxy: 0.1029900312423706
result: False
power_upto_now: 0.21910113096237183
179th run
noise dimension : 27
noise variance: 713.9138793945312
original u-statistic:0.5255563259124756
p value proxy: 0.17275747656822205
result: False
power_upto_now: 0.2178770899772644
180th run
noise dimension : 27
noise variance: 715.0514526367188
original u-statistic:0.5405457019805908
p value proxy: 0.15282391011714935
result: False
power_upto_now: 0.21666666865348816
181th run
noise dimension : 27
noise variance: 717.1365356445312
original u-statistic:2.5136303901672363
p value proxy: 0.003322259057313204
result: True
power_upto_now: 0.2209944725036621
182th run
noise dimension : 27
noise variance: 713.976806640625
original u-statistic:0.5681586265563965
p value proxy: 0.15282391011714935
result: False
power_upto_now: 0.21978022158145905
183th run
noise dimension : 27
noise variance: 714.2029418945312
original u-statistic:1.0083565711975098
p value proxy: 0.033222589641809464
result: True
power_upto_now: 0.22404371201992035
184th run
noise dimension : 27
noise variance: 715.6723022460938
original u-statistic:0.13635587692260742
p value proxy: 0.35548171401023865
result: False
power_upto_now: 0.22282609343528748
185th run
noise dimension : 27
noise variance: 714.30029296875
original u-statistic:0.6051731109619141
p value proxy: 0.12624584138393402
result: False
power_upto_now: 0.22162161767482758
186th run
noise dimension : 27
noise variance: 714.8121948242188
original u-statistic:0.901186466217041
p value proxy: 0.06312292069196701
result: False
power_upto_now: 0.22043010592460632
187th run
noise dimension : 27
noise variance: 713.3329467773438
original u-statistic:0.7102775573730469
p value proxy: 0.1029900312423706
result: False
power_upto_now: 0.2192513346672058
188th run
noise dimension : 27
noise variance: 715.0504760742188
original u-statistic:0.5228075981140137
p value proxy: 0.11627906560897827
result: False
power_upto_now: 0.21808511018753052
189th run
noise dimension : 27
noise variance: 713.0843505859375
original u-statistic:0.17317485809326172
p value proxy: 0.35548171401023865
result: False
power_upto_now: 0.21693122386932373
190th run
noise dimension : 27
noise variance: 713.8239135742188
original u-statistic:0.6059720516204834
p value proxy: 0.1229235827922821
result: False
power_upto_now: 0.21578946709632874
191th run
noise dimension : 27
noise variance: 714.1390380859375
original u-statistic:0.995858907699585
p value proxy: 0.049833886325359344
result: True
power_upto_now: 0.21989528834819794
192th run
noise dimension : 27
noise variance: 714.6787719726562
original u-statistic:0.2087857723236084
p value proxy: 0.2890365421772003
result: False
power_upto_now: 0.21875
193th run
noise dimension : 27
noise variance: 713.2334594726562
original u-statistic:0.4718780517578125
p value proxy: 0.1395348757505417
result: False
power_upto_now: 0.21761657297611237
194th run
noise dimension : 27
noise variance: 716.1924438476562
original u-statistic:1.4158098697662354
p value proxy: 0.009966777637600899
result: True
power_upto_now: 0.22164948284626007
195th run
noise dimension : 27
noise variance: 716.5439453125
original u-statistic:0.24655866622924805
p value proxy: 0.2823920249938965
result: False
power_upto_now: 0.22051282227039337
196th run
noise dimension : 27
noise variance: 717.1598510742188
original u-statistic:1.5994511842727661
p value proxy: 0.009966777637600899
result: True
power_upto_now: 0.22448979318141937
197th run
noise dimension : 27
noise variance: 713.4869995117188
original u-statistic:0.9409270286560059
p value proxy: 0.06644517928361893
result: False
power_upto_now: 0.22335025668144226
198th run
noise dimension : 27
noise variance: 713.191650390625
original u-statistic:0.28324270248413086
p value proxy: 0.2823920249938965
result: False
power_upto_now: 0.2222222238779068
199th run
noise dimension : 27
noise variance: 713.1593017578125
original u-statistic:1.0797224044799805
p value proxy: 0.033222589641809464
result: True
power_upto_now: 0.2261306494474411
200th run
noise dimension : 27
noise variance: 712.7994384765625
original u-statistic:0.5362367630004883
p value proxy: 0.16943521797657013
result: False
power_upto_now: 0.22499999403953552
201th run
noise dimension : 27
noise variance: 715.63671875
original u-statistic:-0.5334568023681641
p value proxy: 0.8538205623626709
result: False
power_upto_now: 0.2238806039094925
202th run
noise dimension : 27
noise variance: 715.5205688476562
original u-statistic:0.7487061023712158
p value proxy: 0.08637873828411102
result: False
power_upto_now: 0.2227722704410553
203th run
noise dimension : 27
noise variance: 711.1755981445312
original u-statistic:0.3390920162200928
p value proxy: 0.21262457966804504
result: False
power_upto_now: 0.2216748744249344
204th run
noise dimension : 27
noise variance: 712.1907958984375
original u-statistic:1.6068086624145508
p value proxy: 0.009966777637600899
result: True
power_upto_now: 0.22549019753932953
205th run
noise dimension : 27
noise variance: 714.1055908203125
original u-statistic:0.42003798484802246
p value proxy: 0.21594683825969696
result: False
power_upto_now: 0.22439023852348328
206th run
noise dimension : 27
noise variance: 712.603271484375
original u-statistic:0.08357977867126465
p value proxy: 0.41860464215278625
result: False
power_upto_now: 0.223300963640213
207th run
noise dimension : 27
noise variance: 715.9343872070312
original u-statistic:-0.7738313674926758
p value proxy: 0.9700996279716492
result: False
power_upto_now: 0.2222222238779068
208th run
noise dimension : 27
noise variance: 713.46044921875
original u-statistic:-0.6729679107666016
p value proxy: 0.9169434905052185
result: False
power_upto_now: 0.2211538404226303
209th run
noise dimension : 27
noise variance: 714.0327758789062
original u-statistic:0.6121447086334229
p value proxy: 0.12624584138393402
result: False
power_upto_now: 0.220095694065094
210th run
noise dimension : 27
noise variance: 713.5162963867188
original u-statistic:1.2524025440216064
p value proxy: 0.029900331050157547
result: True
power_upto_now: 0.22380952537059784
211th run
noise dimension : 27
noise variance: 712.6586303710938
original u-statistic:0.2696213722229004
p value proxy: 0.2259136140346527
result: False
power_upto_now: 0.22274881601333618
212th run
noise dimension : 27
noise variance: 714.7069702148438
original u-statistic:1.021688461303711
p value proxy: 0.05647840350866318
result: False
power_upto_now: 0.2216981202363968
213th run
noise dimension : 27
noise variance: 716.7357177734375
original u-statistic:0.8499364852905273
p value proxy: 0.07641195505857468
result: False
power_upto_now: 0.22065727412700653
214th run
noise dimension : 27
noise variance: 713.1220703125
original u-statistic:-0.5615355968475342
p value proxy: 0.8538205623626709
result: False
power_upto_now: 0.21962617337703705
215th run
noise dimension : 27
noise variance: 712.3853759765625
original u-statistic:1.1542410850524902
p value proxy: 0.029900331050157547
result: True
power_upto_now: 0.22325581312179565
216th run
noise dimension : 27
noise variance: 714.972900390625
original u-statistic:0.7299742698669434
p value proxy: 0.07973422110080719
result: False
power_upto_now: 0.2222222238779068
217th run
noise dimension : 27
noise variance: 713.65283203125
original u-statistic:1.5351181030273438
p value proxy: 0.009966777637600899
result: True
power_upto_now: 0.22580644488334656
218th run
noise dimension : 27
noise variance: 713.4705810546875
original u-statistic:1.3021061420440674
p value proxy: 0.019933555275201797
result: True
power_upto_now: 0.2293577939271927
219th run
noise dimension : 27
noise variance: 715.1135864257812
original u-statistic:1.4329087734222412
p value proxy: 0.016611294820904732
result: True
power_upto_now: 0.232876718044281
220th run
noise dimension : 27
noise variance: 712.8720092773438
original u-statistic:0.35385894775390625
p value proxy: 0.2591361999511719
result: False
power_upto_now: 0.23181818425655365
221th run
noise dimension : 27
noise variance: 712.6431884765625
original u-statistic:-0.6823074817657471
p value proxy: 0.9335547685623169
result: False
power_upto_now: 0.23076923191547394
222th run
noise dimension : 27
noise variance: 711.322509765625
original u-statistic:0.9841785430908203
p value proxy: 0.04318936914205551
result: True
power_upto_now: 0.23423422873020172
223th run
noise dimension : 27
noise variance: 715.9818115234375
original u-statistic:-0.39372777938842773
p value proxy: 0.6877076029777527
result: False
power_upto_now: 0.2331838607788086
224th run
noise dimension : 27
noise variance: 716.518310546875
original u-statistic:-0.6497645378112793
p value proxy: 0.8970099687576294
result: False
power_upto_now: 0.2321428507566452
225th run
noise dimension : 27
noise variance: 713.110595703125
original u-statistic:0.38210415840148926
p value proxy: 0.21594683825969696
result: False
power_upto_now: 0.23111110925674438
226th run
noise dimension : 27
noise variance: 713.7120971679688
original u-statistic:0.7345223426818848
p value proxy: 0.07973422110080719
result: False
power_upto_now: 0.2300885021686554
227th run
noise dimension : 27
noise variance: 715.0062866210938
original u-statistic:0.7994189262390137
p value proxy: 0.07973422110080719
result: False
power_upto_now: 0.2290748953819275
228th run
noise dimension : 27
noise variance: 714.9564208984375
original u-statistic:0.37607383728027344
p value proxy: 0.19601328670978546
result: False
power_upto_now: 0.22807016968727112
229th run
noise dimension : 27
noise variance: 713.8067626953125
original u-statistic:0.5792520046234131
p value proxy: 0.13621261715888977
result: False
power_upto_now: 0.22707423567771912
230th run
noise dimension : 27
noise variance: 713.6641845703125
original u-statistic:1.1560900211334229
p value proxy: 0.039867110550403595
result: True
power_upto_now: 0.23043477535247803
231th run
noise dimension : 27
noise variance: 714.9222412109375
original u-statistic:0.7717251777648926
p value proxy: 0.10963454842567444
result: False
power_upto_now: 0.2294372320175171
232th run
noise dimension : 27
noise variance: 713.2301025390625
original u-statistic:0.6755428314208984
p value proxy: 0.13289035856723785
result: False
power_upto_now: 0.2284482717514038
233th run
noise dimension : 27
noise variance: 713.2463989257812
original u-statistic:0.4721198081970215
p value proxy: 0.19933554530143738
result: False
power_upto_now: 0.22746780514717102
234th run
noise dimension : 27
noise variance: 713.7113037109375
original u-statistic:1.1538734436035156
p value proxy: 0.02657807245850563
result: True
power_upto_now: 0.23076923191547394
235th run
noise dimension : 27
noise variance: 716.1394653320312
original u-statistic:0.6823477745056152
p value proxy: 0.0830564796924591
result: False
power_upto_now: 0.22978723049163818
236th run
noise dimension : 27
noise variance: 714.6070556640625
original u-statistic:0.5104103088378906
p value proxy: 0.19933554530143738
result: False
power_upto_now: 0.2288135588169098
237th run
noise dimension : 27
noise variance: 714.9931640625
original u-statistic:-0.09450960159301758
p value proxy: 0.45847174525260925
result: False
power_upto_now: 0.2278480976819992
238th run
noise dimension : 27
noise variance: 713.34912109375
original u-statistic:1.0230038166046143
p value proxy: 0.04318936914205551
result: True
power_upto_now: 0.2310924381017685
239th run
noise dimension : 27
noise variance: 715.1257934570312
original u-statistic:1.464799404144287
p value proxy: 0.009966777637600899
result: True
power_upto_now: 0.2343096286058426
240th run
noise dimension : 27
noise variance: 716.6912231445312
original u-statistic:0.05319690704345703
p value proxy: 0.4451827108860016
result: False
power_upto_now: 0.23333333432674408
241th run
noise dimension : 27
noise variance: 716.2803955078125
original u-statistic:0.9608147144317627
p value proxy: 0.059800662100315094
result: False
power_upto_now: 0.23236514627933502
242th run
noise dimension : 27
noise variance: 713.7927856445312
original u-statistic:1.4839537143707275
p value proxy: 0.016611294820904732
result: True
power_upto_now: 0.23553718626499176
243th run
noise dimension : 27
noise variance: 713.9223022460938
original u-statistic:0.04654741287231445
p value proxy: 0.4651162624359131
result: False
power_upto_now: 0.23456789553165436
244th run
noise dimension : 27
noise variance: 716.1203002929688
original u-statistic:1.7747340202331543
p value proxy: 0.003322259057313204
result: True
power_upto_now: 0.23770491778850555
245th run
noise dimension : 27
noise variance: 713.4000854492188
original u-statistic:1.463576078414917
p value proxy: 0.006644518114626408
result: True
power_upto_now: 0.24081632494926453
246th run
noise dimension : 27
noise variance: 714.0886840820312
original u-statistic:0.2501084804534912
p value proxy: 0.302325576543808
result: False
power_upto_now: 0.2398373931646347
247th run
noise dimension : 27
noise variance: 712.537841796875
original u-statistic:0.46999120712280273
p value proxy: 0.17940199375152588
result: False
power_upto_now: 0.2388664036989212
248th run
noise dimension : 27
noise variance: 711.1011352539062
original u-statistic:-0.14452123641967773
p value proxy: 0.5481727719306946
result: False
power_upto_now: 0.23790322244167328
249th run
noise dimension : 27
noise variance: 713.3313598632812
original u-statistic:-0.007401227951049805
p value proxy: 0.47840529680252075
result: False
power_upto_now: 0.23694778978824615
250th run
noise dimension : 27
noise variance: 711.4218139648438
original u-statistic:0.056305885314941406
p value proxy: 0.4518272280693054
result: False
power_upto_now: 0.23600000143051147
251th run
noise dimension : 27
noise variance: 714.0491943359375
original u-statistic:-0.021406173706054688
p value proxy: 0.49501660466194153
result: False
power_upto_now: 0.23505976796150208
252th run
noise dimension : 27
noise variance: 714.3048706054688
original u-statistic:0.26772069931030273
p value proxy: 0.2790697515010834
result: False
power_upto_now: 0.2341269850730896
253th run
noise dimension : 27
noise variance: 711.5626831054688
original u-statistic:0.12441873550415039
p value proxy: 0.302325576543808
result: False
power_upto_now: 0.23320157825946808
254th run
noise dimension : 27
noise variance: 717.4588012695312
original u-statistic:0.8413076400756836
p value proxy: 0.04651162773370743
result: True
power_upto_now: 0.23622047901153564
255th run
noise dimension : 27
noise variance: 712.7227783203125
original u-statistic:2.5458154678344727
p value proxy: 0.003322259057313204
result: True
power_upto_now: 0.239215686917305
256th run
noise dimension : 27
noise variance: 714.6864013671875
original u-statistic:0.6736805438995361
p value proxy: 0.12624584138393402
result: False
power_upto_now: 0.23828125
257th run
noise dimension : 27
noise variance: 712.3621215820312
original u-statistic:1.8328535556793213
p value proxy: 0.006644518114626408
result: True
power_upto_now: 0.24124513566493988
258th run
noise dimension : 27
noise variance: 716.4317016601562
original u-statistic:0.18198609352111816
p value proxy: 0.2790697515010834
result: False
power_upto_now: 0.24031007289886475
259th run
noise dimension : 27
noise variance: 714.7000732421875
original u-statistic:0.17945456504821777
p value proxy: 0.31893688440322876
result: False
power_upto_now: 0.23938223719596863
260th run
noise dimension : 27
noise variance: 713.1880493164062
original u-statistic:-0.14610862731933594
p value proxy: 0.5514950156211853
result: False
power_upto_now: 0.23846153914928436
261th run
noise dimension : 27
noise variance: 714.596923828125
original u-statistic:1.0160021781921387
p value proxy: 0.039867110550403595
result: True
power_upto_now: 0.24137930572032928
262th run
noise dimension : 27
noise variance: 713.8593139648438
original u-statistic:-0.8095073699951172
p value proxy: 0.9368770718574524
result: False
power_upto_now: 0.24045801162719727
263th run
noise dimension : 27
noise variance: 713.933349609375
original u-statistic:0.7131657600402832
p value proxy: 0.08637873828411102
result: False
power_upto_now: 0.23954372107982635
264th run
noise dimension : 27
noise variance: 714.00146484375
original u-statistic:0.5556087493896484
p value proxy: 0.13289035856723785
result: False
power_upto_now: 0.23863635957241058
265th run
noise dimension : 27
noise variance: 714.7313842773438
original u-statistic:0.8374447822570801
p value proxy: 0.049833886325359344
result: True
power_upto_now: 0.24150943756103516
266th run
noise dimension : 27
noise variance: 712.5721435546875
original u-statistic:-0.2002851963043213
p value proxy: 0.6112956404685974
result: False
power_upto_now: 0.24060150980949402
267th run
noise dimension : 27
noise variance: 713.6287841796875
original u-statistic:0.027140140533447266
p value proxy: 0.52491694688797
result: False
power_upto_now: 0.23970037698745728
268th run
noise dimension : 27
noise variance: 716.2418212890625
original u-statistic:0.6038401126861572
p value proxy: 0.17607973515987396
result: False
power_upto_now: 0.23880596458911896
269th run
noise dimension : 27
noise variance: 711.7868041992188
original u-statistic:1.1944613456726074
p value proxy: 0.033222589641809464
result: True
power_upto_now: 0.24163569509983063
270th run
noise dimension : 27
noise variance: 714.3270874023438
original u-statistic:1.478905200958252
p value proxy: 0.006644518114626408
result: True
power_upto_now: 0.24444444477558136
271th run
noise dimension : 27
noise variance: 712.6790161132812
original u-statistic:0.28053927421569824
p value proxy: 0.2790697515010834
result: False
power_upto_now: 0.24354243278503418
272th run
noise dimension : 27
noise variance: 712.1710815429688
original u-statistic:0.28830528259277344
p value proxy: 0.24916942417621613
result: False
power_upto_now: 0.24264705181121826
273th run
noise dimension : 27
noise variance: 714.1146240234375
original u-statistic:0.08278298377990723
p value proxy: 0.4451827108860016
result: False
power_upto_now: 0.24175824224948883
274th run
noise dimension : 27
noise variance: 713.9562377929688
original u-statistic:0.6787924766540527
p value proxy: 0.10631228983402252
result: False
power_upto_now: 0.24087591469287872
275th run
noise dimension : 27
noise variance: 715.0093994140625
original u-statistic:0.20457792282104492
p value proxy: 0.3289036452770233
result: False
power_upto_now: 0.23999999463558197
276th run
noise dimension : 27
noise variance: 713.9932861328125
original u-statistic:0.03033161163330078
p value proxy: 0.5083056092262268
result: False
power_upto_now: 0.239130437374115
277th run
noise dimension : 27
noise variance: 713.2006225585938
original u-statistic:1.0126988887786865
p value proxy: 0.049833886325359344
result: True
power_upto_now: 0.2418772578239441
278th run
noise dimension : 27
noise variance: 711.4105224609375
original u-statistic:0.0675206184387207
p value proxy: 0.3621262311935425
result: False
power_upto_now: 0.24100719392299652
279th run
noise dimension : 27
noise variance: 714.8640747070312
original u-statistic:0.5552980899810791
p value proxy: 0.14950165152549744
result: False
power_upto_now: 0.24014337360858917
280th run
noise dimension : 27
noise variance: 716.1008911132812
original u-statistic:-0.11827611923217773
p value proxy: 0.554817259311676
result: False
power_upto_now: 0.23928570747375488
281th run
noise dimension : 27
noise variance: 711.9022827148438
original u-statistic:0.6043050289154053
p value proxy: 0.14950165152549744
result: False
power_upto_now: 0.23843416571617126
282th run
noise dimension : 27
noise variance: 714.3841552734375
original u-statistic:0.07843494415283203
p value proxy: 0.41528236865997314
result: False
power_upto_now: 0.23758865892887115
283th run
noise dimension : 27
noise variance: 714.4779663085938
original u-statistic:0.44590020179748535
p value proxy: 0.1627907007932663
result: False
power_upto_now: 0.23674911260604858
284th run
noise dimension : 27
noise variance: 713.43896484375
original u-statistic:0.15740251541137695
p value proxy: 0.3853820562362671
result: False
power_upto_now: 0.23591549694538116
285th run
noise dimension : 27
noise variance: 713.2125854492188
original u-statistic:-0.14964914321899414
p value proxy: 0.6279069781303406
result: False
power_upto_now: 0.23508772253990173
286th run
noise dimension : 27
noise variance: 715.3341064453125
original u-statistic:1.0065264701843262
p value proxy: 0.05315614491701126
result: False
power_upto_now: 0.23426572978496552
287th run
noise dimension : 27
noise variance: 714.8275756835938
original u-statistic:0.23590421676635742
p value proxy: 0.2857142686843872
result: False
power_upto_now: 0.23344947397708893
288th run
noise dimension : 27
noise variance: 713.5125122070312
original u-statistic:-0.8421659469604492
p value proxy: 0.9700996279716492
result: False
power_upto_now: 0.2326388955116272
289th run
noise dimension : 27
noise variance: 715.7162475585938
original u-statistic:0.5129513740539551
p value proxy: 0.13621261715888977
result: False
power_upto_now: 0.23183390498161316
290th run
noise dimension : 27
noise variance: 714.2797241210938
original u-statistic:-0.0013248920440673828
p value proxy: 0.4651162624359131
result: False
power_upto_now: 0.23103448748588562
291th run
noise dimension : 27
noise variance: 713.7300415039062
original u-statistic:0.25354552268981934
p value proxy: 0.3222591280937195
result: False
power_upto_now: 0.23024055361747742
292th run
noise dimension : 27
noise variance: 712.8209838867188
original u-statistic:0.8173060417175293
p value proxy: 0.07973422110080719
result: False
power_upto_now: 0.22945205867290497
293th run
noise dimension : 27
noise variance: 714.1588745117188
original u-statistic:-0.08604955673217773
p value proxy: 0.5348837375640869
result: False
power_upto_now: 0.2286689430475235
294th run
noise dimension : 27
noise variance: 715.260498046875
original u-statistic:2.122394561767578
p value proxy: 0.003322259057313204
result: True
power_upto_now: 0.2312925159931183
295th run
noise dimension : 27
noise variance: 714.0720825195312
original u-statistic:0.040166616439819336
p value proxy: 0.46179401874542236
result: False
power_upto_now: 0.2305084764957428
296th run
noise dimension : 27
noise variance: 713.65478515625
original u-statistic:1.674367904663086
p value proxy: 0.003322259057313204
result: True
power_upto_now: 0.23310810327529907
297th run
noise dimension : 27
noise variance: 717.2314453125
original u-statistic:1.3421378135681152
p value proxy: 0.016611294820904732
result: True
power_upto_now: 0.23569023609161377
298th run
noise dimension : 27
noise variance: 716.8494262695312
original u-statistic:0.3326687812805176
p value proxy: 0.262458473443985
result: False
power_upto_now: 0.23489932715892792
299th run
noise dimension : 27
noise variance: 714.1614379882812
original u-statistic:0.471895694732666
p value proxy: 0.21594683825969696
result: False
power_upto_now: 0.23411370813846588
300th run
noise dimension : 27
noise variance: 714.0540161132812
original u-statistic:0.4227442741394043
p value proxy: 0.23255813121795654
result: False
power_upto_now: 0.23333333432674408
301th run
noise dimension : 27
noise variance: 714.6683349609375
original u-statistic:-0.2101585865020752
p value proxy: 0.6478404998779297
result: False
power_upto_now: 0.23255814611911774
302th run
noise dimension : 27
noise variance: 712.8181762695312
original u-statistic:0.18767881393432617
p value proxy: 0.31893688440322876
result: False
power_upto_now: 0.23178808391094208
303th run
noise dimension : 27
noise variance: 714.8837280273438
original u-statistic:0.3116927146911621
p value proxy: 0.2823920249938965
result: False
power_upto_now: 0.23102310299873352
304th run
noise dimension : 27
noise variance: 717.8275756835938
original u-statistic:0.609367847442627
p value proxy: 0.13289035856723785
result: False
power_upto_now: 0.23026315867900848
305th run
noise dimension : 27
noise variance: 714.8818359375
original u-statistic:1.0885944366455078
p value proxy: 0.02657807245850563
result: True
power_upto_now: 0.2327868789434433
306th run
noise dimension : 27
noise variance: 715.2631225585938
original u-statistic:0.44979000091552734
p value proxy: 0.2059800624847412
result: False
power_upto_now: 0.232026144862175
307th run
noise dimension : 27
noise variance: 711.1947021484375
original u-statistic:0.49647045135498047
p value proxy: 0.15282391011714935
result: False
power_upto_now: 0.23127035796642303
308th run
noise dimension : 27
noise variance: 714.7968139648438
original u-statistic:0.7277088165283203
p value proxy: 0.08970099687576294
result: False
power_upto_now: 0.23051947355270386
309th run
noise dimension : 27
noise variance: 715.7371826171875
original u-statistic:0.40020084381103516
p value proxy: 0.23920264840126038
result: False
power_upto_now: 0.22977346181869507
310th run
noise dimension : 27
noise variance: 714.1490478515625
original u-statistic:0.9426252841949463
p value proxy: 0.06312292069196701
result: False
power_upto_now: 0.2290322631597519
311th run
noise dimension : 27
noise variance: 716.2274169921875
original u-statistic:0.6057367324829102
p value proxy: 0.1395348757505417
result: False
power_upto_now: 0.22829581797122955
312th run
noise dimension : 27
noise variance: 715.1303100585938
original u-statistic:0.21369481086730957
p value proxy: 0.2890365421772003
result: False
power_upto_now: 0.22756409645080566
313th run
noise dimension : 27
noise variance: 716.4298706054688
original u-statistic:-0.05827784538269043
p value proxy: 0.5016611218452454
result: False
power_upto_now: 0.22683705389499664
314th run
noise dimension : 27
noise variance: 714.1983032226562
original u-statistic:0.9638485908508301
p value proxy: 0.06976743787527084
result: False
power_upto_now: 0.2261146456003189
315th run
noise dimension : 27
noise variance: 711.7269287109375
original u-statistic:0.5322513580322266
p value proxy: 0.1661129593849182
result: False
power_upto_now: 0.22539682686328888
316th run
noise dimension : 27
noise variance: 713.1658325195312
original u-statistic:-0.06932878494262695
p value proxy: 0.5382059812545776
result: False
power_upto_now: 0.22468353807926178
317th run
noise dimension : 27
noise variance: 715.3831176757812
original u-statistic:0.06537318229675293
p value proxy: 0.46179401874542236
result: False
power_upto_now: 0.22397476434707642
318th run
noise dimension : 27
noise variance: 713.2324829101562
original u-statistic:1.3697996139526367
p value proxy: 0.009966777637600899
result: True
power_upto_now: 0.22641509771347046
319th run
noise dimension : 27
noise variance: 713.1240234375
original u-statistic:0.9138493537902832
p value proxy: 0.05647840350866318
result: False
power_upto_now: 0.2257053256034851
320th run
noise dimension : 27
noise variance: 712.3615112304688
original u-statistic:0.22829008102416992
p value proxy: 0.2823920249938965
result: False
power_upto_now: 0.22499999403953552
321th run
noise dimension : 27
noise variance: 712.36669921875
original u-statistic:0.4494166374206543
p value proxy: 0.1860465109348297
result: False
power_upto_now: 0.22429905831813812
322th run
noise dimension : 27
noise variance: 712.74560546875
original u-statistic:0.2503347396850586
p value proxy: 0.33554816246032715
result: False
power_upto_now: 0.22360248863697052
323th run
noise dimension : 27
noise variance: 712.5482788085938
original u-statistic:-0.029310226440429688
p value proxy: 0.5016611218452454
result: False
power_upto_now: 0.22291021049022675
324th run
noise dimension : 27
noise variance: 714.7266845703125
original u-statistic:0.943953275680542
p value proxy: 0.049833886325359344
result: True
power_upto_now: 0.2253086417913437
325th run
noise dimension : 27
noise variance: 712.9376220703125
original u-statistic:0.6427772045135498
p value proxy: 0.11295680701732635
result: False
power_upto_now: 0.22461538016796112
326th run
noise dimension : 27
noise variance: 713.6710815429688
original u-statistic:1.1001157760620117
p value proxy: 0.023255813866853714
result: True
power_upto_now: 0.2269938588142395
327th run
noise dimension : 27
noise variance: 714.8081665039062
original u-statistic:0.63582444190979
p value proxy: 0.12624584138393402
result: False
power_upto_now: 0.2262996882200241
328th run
noise dimension : 27
noise variance: 714.8062133789062
original u-statistic:0.9000468254089355
p value proxy: 0.06312292069196701
result: False
power_upto_now: 0.22560974955558777
329th run
noise dimension : 27
noise variance: 715.5445556640625
original u-statistic:-0.2196202278137207
p value proxy: 0.6112956404685974
result: False
power_upto_now: 0.2249240130186081
330th run
noise dimension : 27
noise variance: 714.6393432617188
original u-statistic:-0.145294189453125
p value proxy: 0.5980066061019897
result: False
power_upto_now: 0.2242424190044403
331th run
noise dimension : 27
noise variance: 714.0985107421875
original u-statistic:0.3896183967590332
p value proxy: 0.2225913554430008
result: False
power_upto_now: 0.22356495261192322
332th run
noise dimension : 27
noise variance: 716.379638671875
original u-statistic:-0.37870025634765625
p value proxy: 0.7774085998535156
result: False
power_upto_now: 0.22289156913757324
333th run
noise dimension : 27
noise variance: 714.0169677734375
original u-statistic:0.7517337799072266
p value proxy: 0.09634551405906677
result: False
power_upto_now: 0.2222222238779068
334th run
noise dimension : 27
noise variance: 713.6201171875
original u-statistic:-0.22055435180664062
p value proxy: 0.6312292218208313
result: False
power_upto_now: 0.2215568870306015
335th run
noise dimension : 27
noise variance: 715.7938842773438
original u-statistic:0.4814028739929199
p value proxy: 0.15946844220161438
result: False
power_upto_now: 0.22089552879333496
336th run
noise dimension : 27
noise variance: 715.6409301757812
original u-statistic:0.04199337959289551
p value proxy: 0.4318936765193939
result: False
power_upto_now: 0.2202380895614624
337th run
noise dimension : 27
noise variance: 712.5712280273438
original u-statistic:0.809600830078125
p value proxy: 0.07641195505857468
result: False
power_upto_now: 0.21958456933498383
338th run
noise dimension : 27
noise variance: 714.6956787109375
original u-statistic:0.2847023010253906
p value proxy: 0.262458473443985
result: False
power_upto_now: 0.21893490850925446
339th run
noise dimension : 27
noise variance: 714.6276245117188
original u-statistic:1.1722192764282227
p value proxy: 0.033222589641809464
result: True
power_upto_now: 0.22123894095420837
340th run
noise dimension : 27
noise variance: 712.7109375
original u-statistic:0.46743035316467285
p value proxy: 0.1395348757505417
result: False
power_upto_now: 0.22058823704719543
341th run
noise dimension : 27
noise variance: 714.6298828125
original u-statistic:1.7423405647277832
p value proxy: 0.003322259057313204
result: True
power_upto_now: 0.22287389636039734
342th run
noise dimension : 27
noise variance: 715.843505859375
original u-statistic:1.0769846439361572
p value proxy: 0.04318936914205551
result: True
power_upto_now: 0.22514620423316956
343th run
noise dimension : 27
noise variance: 713.4325561523438
original u-statistic:-0.5004744529724121
p value proxy: 0.8671095967292786
result: False
power_upto_now: 0.22448979318141937
344th run
noise dimension : 27
noise variance: 714.001220703125
original u-statistic:0.0587468147277832
p value proxy: 0.41860464215278625
result: False
power_upto_now: 0.223837211728096
345th run
noise dimension : 27
noise variance: 712.7874145507812
original u-statistic:0.4355435371398926
p value proxy: 0.1428571343421936
result: False
power_upto_now: 0.2231884002685547
346th run
noise dimension : 27
noise variance: 714.1710815429688
original u-statistic:0.7104225158691406
p value proxy: 0.11627906560897827
result: False
power_upto_now: 0.2225433588027954
347th run
noise dimension : 27
noise variance: 712.8007202148438
original u-statistic:-0.8145601749420166
p value proxy: 0.9401993155479431
result: False
power_upto_now: 0.2219020128250122
348th run
noise dimension : 27
noise variance: 714.421875
original u-statistic:-0.3877747058868408
p value proxy: 0.7408637404441833
result: False
power_upto_now: 0.22126436233520508
349th run
noise dimension : 27
noise variance: 715.4264526367188
original u-statistic:0.16941404342651367
p value proxy: 0.3853820562362671
result: False
power_upto_now: 0.22063037753105164
350th run
noise dimension : 27
noise variance: 714.0595092773438
original u-statistic:2.141892910003662
p value proxy: 0.003322259057313204
result: True
power_upto_now: 0.22285714745521545
351th run
noise dimension : 27
noise variance: 712.25732421875
original u-statistic:1.3394060134887695
p value proxy: 0.02657807245850563
result: True
power_upto_now: 0.22507122159004211
352th run
noise dimension : 27
noise variance: 712.2286376953125
original u-statistic:0.8971502780914307
p value proxy: 0.05315614491701126
result: False
power_upto_now: 0.2244318127632141
353th run
noise dimension : 27
noise variance: 714.52783203125
original u-statistic:-0.46846723556518555
p value proxy: 0.8372092843055725
result: False
power_upto_now: 0.2237960398197174
354th run
noise dimension : 27
noise variance: 711.9500732421875
original u-statistic:0.4077167510986328
p value proxy: 0.2026578038930893
result: False
power_upto_now: 0.22316384315490723
355th run
noise dimension : 27
noise variance: 713.6564331054688
original u-statistic:0.7214195728302002
p value proxy: 0.10963454842567444
result: False
power_upto_now: 0.22253520786762238
356th run
noise dimension : 27
noise variance: 714.0274658203125
original u-statistic:0.47905993461608887
p value proxy: 0.14950165152549744
result: False
power_upto_now: 0.22191011905670166
357th run
noise dimension : 27
noise variance: 713.4164428710938
original u-statistic:1.1279268264770508
p value proxy: 0.023255813866853714
result: True
power_upto_now: 0.2240896373987198
358th run
noise dimension : 27
noise variance: 714.0265502929688
original u-statistic:0.23056888580322266
p value proxy: 0.33554816246032715
result: False
power_upto_now: 0.22346368432044983
359th run
noise dimension : 27
noise variance: 713.771240234375
original u-statistic:2.1846110820770264
p value proxy: 0.003322259057313204
result: True
power_upto_now: 0.22562673687934875
360th run
noise dimension : 27
noise variance: 715.3245239257812
original u-statistic:0.3435783386230469
p value proxy: 0.2026578038930893
result: False
power_upto_now: 0.22499999403953552
361th run
noise dimension : 27
noise variance: 712.78125
original u-statistic:0.38453245162963867
p value proxy: 0.27242523431777954
result: False
power_upto_now: 0.22437673807144165
362th run
noise dimension : 27
noise variance: 714.8773803710938
original u-statistic:1.698918104171753
p value proxy: 0.003322259057313204
result: True
power_upto_now: 0.22651933133602142
363th run
noise dimension : 27
noise variance: 714.224365234375
original u-statistic:-0.0887305736541748
p value proxy: 0.4916943311691284
result: False
power_upto_now: 0.22589531540870667
364th run
noise dimension : 27
noise variance: 715.0232543945312
original u-statistic:0.02191948890686035
p value proxy: 0.4651162624359131
result: False
power_upto_now: 0.2252747267484665
365th run
noise dimension : 27
noise variance: 714.20751953125
original u-statistic:0.41806650161743164
p value proxy: 0.1860465109348297
result: False
power_upto_now: 0.22465753555297852
366th run
noise dimension : 27
noise variance: 716.0587768554688
original u-statistic:0.8722074031829834
p value proxy: 0.06644517928361893
result: False
power_upto_now: 0.22404371201992035
367th run
noise dimension : 27
noise variance: 714.6258544921875
original u-statistic:-0.13167691230773926
p value proxy: 0.5083056092262268
result: False
power_upto_now: 0.2234332412481308
368th run
noise dimension : 27
noise variance: 717.3756713867188
original u-statistic:-0.5266809463500977
p value proxy: 0.8305647373199463
result: False
power_upto_now: 0.22282609343528748
369th run
noise dimension : 27
noise variance: 712.6786499023438
original u-statistic:0.8464694023132324
p value proxy: 0.08970099687576294
result: False
power_upto_now: 0.2222222238779068
370th run
noise dimension : 27
noise variance: 715.3548583984375
original u-statistic:0.07093238830566406
p value proxy: 0.4518272280693054
result: False
power_upto_now: 0.22162161767482758
371th run
noise dimension : 27
noise variance: 715.593505859375
original u-statistic:-0.2513086795806885
p value proxy: 0.6877076029777527
result: False
power_upto_now: 0.2210242599248886
372th run
noise dimension : 27
noise variance: 712.722900390625
original u-statistic:0.13869094848632812
p value proxy: 0.37541526556015015
result: False
power_upto_now: 0.22043010592460632
373th run
noise dimension : 27
noise variance: 715.7064819335938
original u-statistic:1.181919813156128
p value proxy: 0.029900331050157547
result: True
power_upto_now: 0.222520112991333
374th run
noise dimension : 27
noise variance: 714.748291015625
original u-statistic:0.4213845729827881
p value proxy: 0.18936876952648163
result: False
power_upto_now: 0.22192513942718506
375th run
noise dimension : 27
noise variance: 712.7559814453125
original u-statistic:0.8881392478942871
p value proxy: 0.06644517928361893
result: False
power_upto_now: 0.2213333398103714
376th run
noise dimension : 27
noise variance: 711.1129760742188
original u-statistic:0.5536928176879883
p value proxy: 0.1627907007932663
result: False
power_upto_now: 0.22074468433856964
377th run
noise dimension : 27
noise variance: 711.4140014648438
original u-statistic:2.4871134757995605
p value proxy: 0.003322259057313204
result: True
power_upto_now: 0.22281166911125183
378th run
noise dimension : 27
noise variance: 713.0849609375
original u-statistic:0.012672901153564453
p value proxy: 0.49501660466194153
result: False
power_upto_now: 0.2222222238779068
379th run
noise dimension : 27
noise variance: 712.7567749023438
original u-statistic:-0.22783327102661133
p value proxy: 0.6312292218208313
result: False
power_upto_now: 0.2216358780860901
380th run
noise dimension : 27
noise variance: 716.1013793945312
original u-statistic:0.653846025466919
p value proxy: 0.10631228983402252
result: False
power_upto_now: 0.2210526317358017
381th run
noise dimension : 27
noise variance: 712.9430541992188
original u-statistic:0.042083740234375
p value proxy: 0.4684385359287262
result: False
power_upto_now: 0.22047244012355804
382th run
noise dimension : 27
noise variance: 712.7147216796875
original u-statistic:0.3112359046936035
p value proxy: 0.23588038980960846
result: False
power_upto_now: 0.21989528834819794
383th run
noise dimension : 27
noise variance: 715.7886352539062
original u-statistic:0.5999486446380615
p value proxy: 0.15282391011714935
result: False
power_upto_now: 0.219321146607399
384th run
noise dimension : 27
noise variance: 713.09423828125
original u-statistic:0.42658090591430664
p value proxy: 0.2026578038930893
result: False
power_upto_now: 0.21875
385th run
noise dimension : 27
noise variance: 711.7431030273438
original u-statistic:0.7872803211212158
p value proxy: 0.07973422110080719
result: False
power_upto_now: 0.2181818187236786
386th run
noise dimension : 27
noise variance: 711.4737548828125
original u-statistic:2.0974576473236084
p value proxy: 0.003322259057313204
result: True
power_upto_now: 0.22020725905895233
387th run
noise dimension : 27
noise variance: 712.6145629882812
original u-statistic:-0.08842182159423828
p value proxy: 0.5182723999023438
result: False
power_upto_now: 0.21963824331760406
388th run
noise dimension : 27
noise variance: 713.9658203125
original u-statistic:-0.5561568737030029
p value proxy: 0.8737541437149048
result: False
power_upto_now: 0.219072163105011
389th run
noise dimension : 27
noise variance: 713.2362060546875
original u-statistic:0.8133606910705566
p value proxy: 0.06976743787527084
result: False
power_upto_now: 0.2185090035200119
390th run
noise dimension : 27
noise variance: 713.62158203125
original u-statistic:-0.03351306915283203
p value proxy: 0.45514950156211853
result: False
power_upto_now: 0.21794871985912323
391th run
noise dimension : 27
noise variance: 715.7359008789062
original u-statistic:0.7701215744018555
p value proxy: 0.08637873828411102
result: False
power_upto_now: 0.21739129722118378
392th run
noise dimension : 27
noise variance: 713.7275390625
original u-statistic:-0.10269403457641602
p value proxy: 0.5282391905784607
result: False
power_upto_now: 0.21683673560619354
393th run
noise dimension : 27
noise variance: 711.7467651367188
original u-statistic:0.578277587890625
p value proxy: 0.1395348757505417
result: False
power_upto_now: 0.21628499031066895
394th run
noise dimension : 27
noise variance: 712.7074584960938
original u-statistic:0.021259307861328125
p value proxy: 0.43853819370269775
result: False
power_upto_now: 0.2157360464334488
395th run
noise dimension : 27
noise variance: 716.1770629882812
original u-statistic:0.9175770282745361
p value proxy: 0.033222589641809464
result: True
power_upto_now: 0.21772152185440063
396th run
noise dimension : 27
noise variance: 712.81103515625
original u-statistic:1.5637705326080322
p value proxy: 0.009966777637600899
result: True
power_upto_now: 0.21969696879386902
397th run
noise dimension : 27
noise variance: 713.89892578125
original u-statistic:0.5103311538696289
p value proxy: 0.16943521797657013
result: False
power_upto_now: 0.2191435694694519
398th run
noise dimension : 27
noise variance: 712.8555297851562
original u-statistic:1.4451615810394287
p value proxy: 0.016611294820904732
result: True
power_upto_now: 0.22110553085803986
399th run
noise dimension : 27
noise variance: 715.3163452148438
original u-statistic:0.33337831497192383
p value proxy: 0.21262457966804504
result: False
power_upto_now: 0.22055137157440186
400th run
noise dimension : 27
noise variance: 714.6383056640625
original u-statistic:1.2973041534423828
p value proxy: 0.009966777637600899
result: True
power_upto_now: 0.2224999964237213
401th run
noise dimension : 27
noise variance: 713.9563598632812
original u-statistic:0.7877523899078369
p value proxy: 0.09966777265071869
result: False
power_upto_now: 0.2219451367855072
402th run
noise dimension : 27
noise variance: 713.8432006835938
original u-statistic:-0.08439302444458008
p value proxy: 0.5382059812545776
result: False
power_upto_now: 0.22139303386211395
403th run
noise dimension : 27
noise variance: 714.6217651367188
original u-statistic:1.0003981590270996
p value proxy: 0.04318936914205551
result: True
power_upto_now: 0.22332505881786346
404th run
noise dimension : 27
noise variance: 715.715087890625
original u-statistic:0.5999562740325928
p value proxy: 0.12624584138393402
result: False
power_upto_now: 0.2227722704410553
405th run
noise dimension : 27
noise variance: 714.3848266601562
original u-statistic:0.18544816970825195
p value proxy: 0.3488371968269348
result: False
power_upto_now: 0.2222222238779068
406th run
noise dimension : 27
noise variance: 715.53857421875
original u-statistic:1.4090123176574707
p value proxy: 0.013289036229252815
result: True
power_upto_now: 0.22413793206214905
407th run
noise dimension : 27
noise variance: 716.1672973632812
original u-statistic:0.5307645797729492
p value proxy: 0.1627907007932663
result: False
power_upto_now: 0.22358722984790802
408th run
noise dimension : 27
noise variance: 710.5616455078125
original u-statistic:0.09167814254760742
p value proxy: 0.37541526556015015
result: False
power_upto_now: 0.22303920984268188
409th run
noise dimension : 27
noise variance: 713.9862060546875
original u-statistic:0.20387983322143555
p value proxy: 0.27242523431777954
result: False
power_upto_now: 0.22249388694763184
410th run
noise dimension : 27
noise variance: 714.7422485351562
original u-statistic:-0.0543365478515625
p value proxy: 0.5083056092262268
result: False
power_upto_now: 0.2219512164592743
411th run
noise dimension : 27
noise variance: 713.4921264648438
original u-statistic:0.9159097671508789
p value proxy: 0.0830564796924591
result: False
power_upto_now: 0.22141119837760925
412th run
noise dimension : 27
noise variance: 715.1632080078125
original u-statistic:0.5787193775177002
p value proxy: 0.15282391011714935
result: False
power_upto_now: 0.22087378799915314
413th run
noise dimension : 27
noise variance: 714.5616455078125
original u-statistic:-0.3601212501525879
p value proxy: 0.7176079750061035
result: False
power_upto_now: 0.22033898532390594
414th run
noise dimension : 27
noise variance: 711.676025390625
original u-statistic:0.2034916877746582
p value proxy: 0.3089700937271118
result: False
power_upto_now: 0.2198067605495453
415th run
noise dimension : 27
noise variance: 715.1785278320312
original u-statistic:0.23857569694519043
p value proxy: 0.31893688440322876
result: False
power_upto_now: 0.21927711367607117
416th run
noise dimension : 27
noise variance: 714.6386108398438
original u-statistic:-0.21041011810302734
p value proxy: 0.6578072905540466
result: False
power_upto_now: 0.21875
417th run
noise dimension : 27
noise variance: 715.414794921875
original u-statistic:0.22989439964294434
p value proxy: 0.3056478202342987
result: False
power_upto_now: 0.2182254195213318
418th run
noise dimension : 27
noise variance: 716.1126708984375
original u-statistic:0.513869047164917
p value proxy: 0.13621261715888977
result: False
power_upto_now: 0.21770334243774414
419th run
noise dimension : 27
noise variance: 711.019775390625
original u-statistic:0.4256560802459717
p value proxy: 0.21262457966804504
result: False
power_upto_now: 0.21718376874923706
420th run
noise dimension : 27
noise variance: 713.7432250976562
original u-statistic:2.5487208366394043
p value proxy: 0.003322259057313204
result: True
power_upto_now: 0.21904762089252472
421th run
noise dimension : 27
noise variance: 716.62890625
original u-statistic:-0.1579418182373047
p value proxy: 0.5681062936782837
result: False
power_upto_now: 0.21852731704711914
422th run
noise dimension : 27
noise variance: 714.296142578125
original u-statistic:1.29498291015625
p value proxy: 0.016611294820904732
result: True
power_upto_now: 0.22037914395332336
423th run
noise dimension : 27
noise variance: 714.892578125
original u-statistic:0.15542888641357422
p value proxy: 0.2990033030509949
result: False
power_upto_now: 0.21985815465450287
424th run
noise dimension : 27
noise variance: 714.9866943359375
original u-statistic:0.4285092353820801
p value proxy: 0.17607973515987396
result: False
power_upto_now: 0.21933962404727936
425th run
noise dimension : 27
noise variance: 714.4586791992188
original u-statistic:1.4082584381103516
p value proxy: 0.016611294820904732
result: True
power_upto_now: 0.22117647528648376
426th run
noise dimension : 27
noise variance: 712.8130493164062
original u-statistic:0.855175256729126
p value proxy: 0.06644517928361893
result: False
power_upto_now: 0.22065727412700653
427th run
noise dimension : 27
noise variance: 712.9691772460938
original u-statistic:-0.30942821502685547
p value proxy: 0.7176079750061035
result: False
power_upto_now: 0.2201405167579651
428th run
noise dimension : 27
noise variance: 714.440185546875
original u-statistic:1.0218069553375244
p value proxy: 0.04651162773370743
result: True
power_upto_now: 0.22196261584758759
429th run
noise dimension : 27
noise variance: 716.95263671875
original u-statistic:1.213348388671875
p value proxy: 0.02657807245850563
result: True
power_upto_now: 0.2237762212753296
430th run
noise dimension : 27
noise variance: 713.5322875976562
original u-statistic:0.7366139888763428
p value proxy: 0.07641195505857468
result: False
power_upto_now: 0.22325581312179565
431th run
noise dimension : 27
noise variance: 714.9280395507812
original u-statistic:-0.14289116859436035
p value proxy: 0.5813953280448914
result: False
power_upto_now: 0.22273781895637512
432th run
noise dimension : 27
noise variance: 711.5740356445312
original u-statistic:0.631873369216919
p value proxy: 0.10631228983402252
result: False
power_upto_now: 0.2222222238779068
433th run
noise dimension : 27
noise variance: 715.0463256835938
original u-statistic:0.016636133193969727
p value proxy: 0.47508305311203003
result: False
power_upto_now: 0.2217090129852295
434th run
noise dimension : 27
noise variance: 711.8052978515625
original u-statistic:1.751460313796997
p value proxy: 0.009966777637600899
result: True
power_upto_now: 0.22350230813026428
435th run
noise dimension : 27
noise variance: 713.3549194335938
original u-statistic:0.6048870086669922
p value proxy: 0.14617939293384552
result: False
power_upto_now: 0.22298850119113922
436th run
noise dimension : 27
noise variance: 712.3622436523438
original u-statistic:-0.11824965476989746
p value proxy: 0.5780730843544006
result: False
power_upto_now: 0.22247706353664398
437th run
noise dimension : 27
noise variance: 713.6451416015625
original u-statistic:1.3652119636535645
p value proxy: 0.029900331050157547
result: True
power_upto_now: 0.22425629198551178
438th run
noise dimension : 27
noise variance: 717.203125
original u-statistic:0.6520781517028809
p value proxy: 0.11960132420063019
result: False
power_upto_now: 0.22374428808689117
439th run
noise dimension : 27
noise variance: 714.0609130859375
original u-statistic:-0.10804867744445801
p value proxy: 0.5415282249450684
result: False
power_upto_now: 0.223234623670578
440th run
noise dimension : 27
noise variance: 712.77392578125
original u-statistic:0.8869092464447021
p value proxy: 0.07308969646692276
result: False
power_upto_now: 0.22272726893424988
441th run
noise dimension : 27
noise variance: 711.2981567382812
original u-statistic:0.7172966003417969
p value proxy: 0.11627906560897827
result: False
power_upto_now: 0.2222222238779068
442th run
noise dimension : 27
noise variance: 712.4132080078125
original u-statistic:-0.765143871307373
p value proxy: 0.9534883499145508
result: False
power_upto_now: 0.22171945869922638
443th run
noise dimension : 27
noise variance: 715.4962158203125
original u-statistic:1.0956745147705078
p value proxy: 0.02657807245850563
result: True
power_upto_now: 0.22347629070281982
444th run
noise dimension : 27
noise variance: 713.1362915039062
original u-statistic:-0.14802074432373047
p value proxy: 0.5282391905784607
result: False
power_upto_now: 0.22297297418117523
445th run
noise dimension : 27
noise variance: 713.6082763671875
original u-statistic:-0.20406341552734375
p value proxy: 0.6146179437637329
result: False
power_upto_now: 0.2224719077348709
446th run
noise dimension : 27
noise variance: 712.0595092773438
original u-statistic:-0.1679239273071289
p value proxy: 0.5847175717353821
result: False
power_upto_now: 0.22197309136390686
447th run
noise dimension : 27
noise variance: 714.696533203125
original u-statistic:0.8785045146942139
p value proxy: 0.04318936914205551
result: True
power_upto_now: 0.22371365129947662
448th run
noise dimension : 27
noise variance: 712.5462646484375
original u-statistic:0.639197826385498
p value proxy: 0.09302325546741486
result: False
power_upto_now: 0.2232142835855484
449th run
noise dimension : 27
noise variance: 715.2620849609375
original u-statistic:0.491361141204834
p value proxy: 0.18936876952648163
result: False
power_upto_now: 0.22271715104579926
450th run
noise dimension : 27
noise variance: 716.0726928710938
original u-statistic:0.08143806457519531
p value proxy: 0.3720930218696594
result: False
power_upto_now: 0.2222222238779068
451th run
noise dimension : 27
noise variance: 714.3629760742188
original u-statistic:0.4196479320526123
p value proxy: 0.21594683825969696
result: False
power_upto_now: 0.22172948718070984
452th run
noise dimension : 27
noise variance: 711.1030883789062
original u-statistic:0.1191110610961914
p value proxy: 0.33554816246032715
result: False
power_upto_now: 0.22123894095420837
453th run
noise dimension : 27
noise variance: 712.0006713867188
original u-statistic:-0.0033996105194091797
p value proxy: 0.47840529680252075
result: False
power_upto_now: 0.22075055539608002
454th run
noise dimension : 27
noise variance: 714.7205810546875
original u-statistic:0.728644847869873
p value proxy: 0.1029900312423706
result: False
power_upto_now: 0.22026431560516357
455th run
noise dimension : 27
noise variance: 711.6231079101562
original u-statistic:0.36858320236206055
p value proxy: 0.2691029906272888
result: False
power_upto_now: 0.21978022158145905
456th run
noise dimension : 27
noise variance: 711.6963500976562
original u-statistic:-0.02058243751525879
p value proxy: 0.48172757029533386
result: False
power_upto_now: 0.21929824352264404
457th run
noise dimension : 27
noise variance: 715.6908569335938
original u-statistic:1.0313341617584229
p value proxy: 0.059800662100315094
result: False
power_upto_now: 0.21881838142871857
458th run
noise dimension : 27
noise variance: 713.1443481445312
original u-statistic:-0.6395330429077148
p value proxy: 0.8870431780815125
result: False
power_upto_now: 0.21834060549736023
459th run
noise dimension : 27
noise variance: 715.8115844726562
original u-statistic:0.7573561668395996
p value proxy: 0.09634551405906677
result: False
power_upto_now: 0.21786493062973022
460th run
noise dimension : 27
noise variance: 715.2847900390625
original u-statistic:-0.7614567279815674
p value proxy: 0.9335547685623169
result: False
power_upto_now: 0.21739129722118378
461th run
noise dimension : 27
noise variance: 716.3870849609375
original u-statistic:0.20405006408691406
p value proxy: 0.3322259187698364
result: False
power_upto_now: 0.21691973507404327
462th run
noise dimension : 27
noise variance: 713.161376953125
original u-statistic:1.2419378757476807
p value proxy: 0.03654484823346138
result: True
power_upto_now: 0.21861471235752106
463th run
noise dimension : 27
noise variance: 712.10791015625
original u-statistic:1.078826904296875
p value proxy: 0.029900331050157547
result: True
power_upto_now: 0.22030237317085266
464th run
noise dimension : 27
noise variance: 713.2421264648438
original u-statistic:-0.23250150680541992
p value proxy: 0.6644518375396729
result: False
power_upto_now: 0.2198275923728943
465th run
noise dimension : 27
noise variance: 716.140380859375
original u-statistic:0.7064177989959717
p value proxy: 0.1029900312423706
result: False
power_upto_now: 0.21935483813285828
466th run
noise dimension : 27
noise variance: 711.5640869140625
original u-statistic:-0.45890140533447266
p value proxy: 0.8172757029533386
result: False
power_upto_now: 0.21888412535190582
467th run
noise dimension : 27
noise variance: 712.0963745117188
original u-statistic:1.6156179904937744
p value proxy: 0.016611294820904732
result: True
power_upto_now: 0.22055675089359283
468th run
noise dimension : 27
noise variance: 714.0686645507812
original u-statistic:0.0282742977142334
p value proxy: 0.47840529680252075
result: False
power_upto_now: 0.22008547186851501
469th run
noise dimension : 27
noise variance: 716.3287353515625
original u-statistic:0.17406082153320312
p value proxy: 0.37873753905296326
result: False
power_upto_now: 0.21961620450019836
470th run
noise dimension : 27
noise variance: 712.9103393554688
original u-statistic:0.7821652889251709
p value proxy: 0.09302325546741486
result: False
power_upto_now: 0.2191489338874817
471th run
noise dimension : 27
noise variance: 715.903564453125
original u-statistic:0.1793060302734375
p value proxy: 0.3089700937271118
result: False
power_upto_now: 0.2186836451292038
472th run
noise dimension : 27
noise variance: 713.6773071289062
original u-statistic:0.9016237258911133
p value proxy: 0.05315614491701126
result: False
power_upto_now: 0.21822033822536469
473th run
noise dimension : 27
noise variance: 715.7008056640625
original u-statistic:-0.02611827850341797
p value proxy: 0.5116279125213623
result: False
power_upto_now: 0.21775898337364197
474th run
noise dimension : 27
noise variance: 712.3561401367188
original u-statistic:0.2835254669189453
p value proxy: 0.25249168276786804
result: False
power_upto_now: 0.21729958057403564
475th run
noise dimension : 27
noise variance: 712.7726440429688
original u-statistic:-0.15648126602172852
p value proxy: 0.6245846748352051
result: False
power_upto_now: 0.21684210002422333
476th run
noise dimension : 27
noise variance: 714.2507934570312
original u-statistic:0.6369764804840088
p value proxy: 0.10963454842567444
result: False
power_upto_now: 0.2163865566253662
477th run
noise dimension : 27
noise variance: 713.52001953125
original u-statistic:0.5769128799438477
p value proxy: 0.13621261715888977
result: False
power_upto_now: 0.2159329205751419
478th run
noise dimension : 27
noise variance: 713.9420776367188
original u-statistic:1.7464396953582764
p value proxy: 0.003322259057313204
result: True
power_upto_now: 0.21757322549819946
479th run
noise dimension : 27
noise variance: 714.3416137695312
original u-statistic:1.2046864032745361
p value proxy: 0.02657807245850563
result: True
power_upto_now: 0.21920667588710785
480th run
noise dimension : 27
noise variance: 716.644775390625
original u-statistic:-0.27270984649658203
p value proxy: 0.6644518375396729
result: False
power_upto_now: 0.21875
481th run
noise dimension : 27
noise variance: 714.900390625
original u-statistic:0.7552404403686523
p value proxy: 0.08637873828411102
result: False
power_upto_now: 0.21829521656036377
482th run
noise dimension : 27
noise variance: 714.47119140625
original u-statistic:-0.05025124549865723
p value proxy: 0.4916943311691284
result: False
power_upto_now: 0.21784232556819916
483th run
noise dimension : 27
noise variance: 715.9721069335938
original u-statistic:0.9291493892669678
p value proxy: 0.04318936914205551
result: True
power_upto_now: 0.21946169435977936
484th run
noise dimension : 27
noise variance: 710.9161987304688
original u-statistic:-0.27411437034606934
p value proxy: 0.7043189406394958
result: False
power_upto_now: 0.21900826692581177
485th run
noise dimension : 27
noise variance: 712.9290771484375
original u-statistic:1.5686359405517578
p value proxy: 0.016611294820904732
result: True
power_upto_now: 0.22061856091022491
486th run
noise dimension : 27
noise variance: 717.1498413085938
original u-statistic:-0.505157470703125
p value proxy: 0.843853771686554
result: False
power_upto_now: 0.22016461193561554
487th run
noise dimension : 27
noise variance: 713.4197387695312
original u-statistic:1.2916243076324463
p value proxy: 0.029900331050157547
result: True
power_upto_now: 0.2217659205198288
488th run
noise dimension : 27
noise variance: 716.2257690429688
original u-statistic:0.2065870761871338
p value proxy: 0.33554816246032715
result: False
power_upto_now: 0.22131147980690002
489th run
noise dimension : 27
noise variance: 710.7708740234375
original u-statistic:0.5345933437347412
p value proxy: 0.1428571343421936
result: False
power_upto_now: 0.22085890173912048
490th run
noise dimension : 27
noise variance: 711.2311401367188
original u-statistic:0.24703359603881836
p value proxy: 0.3056478202342987
result: False
power_upto_now: 0.22040815651416779
491th run
noise dimension : 27
noise variance: 713.4727172851562
original u-statistic:0.6154229640960693
p value proxy: 0.10631228983402252
result: False
power_upto_now: 0.21995927393436432
492th run
noise dimension : 27
noise variance: 712.8148193359375
original u-statistic:0.15326166152954102
p value proxy: 0.382059782743454
result: False
power_upto_now: 0.2195121943950653
493th run
noise dimension : 27
noise variance: 713.6574096679688
original u-statistic:1.1495485305786133
p value proxy: 0.02657807245850563
result: True
power_upto_now: 0.22109533846378326
494th run
noise dimension : 27
noise variance: 712.777099609375
original u-statistic:0.495682954788208
p value proxy: 0.12956809997558594
result: False
power_upto_now: 0.22064776718616486
495th run
noise dimension : 27
noise variance: 714.9963989257812
original u-statistic:0.8422706127166748
p value proxy: 0.09634551405906677
result: False
power_upto_now: 0.2202020138502121
496th run
noise dimension : 27
noise variance: 714.3796997070312
original u-statistic:0.47368884086608887
p value proxy: 0.18936876952648163
result: False
power_upto_now: 0.2197580635547638
497th run
noise dimension : 27
noise variance: 710.8875122070312
original u-statistic:0.4146561622619629
p value proxy: 0.21926909685134888
result: False
power_upto_now: 0.21931590139865875
498th run
noise dimension : 27
noise variance: 713.7263793945312
original u-statistic:1.31129789352417
p value proxy: 0.009966777637600899
result: True
power_upto_now: 0.2208835333585739
499th run
noise dimension : 27
noise variance: 712.9528198242188
original u-statistic:0.7786016464233398
p value proxy: 0.07973422110080719
result: False
power_upto_now: 0.22044087946414948
500th run
noise dimension : 27
noise variance: 715.7325439453125
original u-statistic:1.0372898578643799
p value proxy: 0.03654484823346138
result: True
power_upto_now: 0.22200000286102295
power estimate : 0.22200000286102295
elapsed time: 6576.425683498383
