job started
cuda available: True
code run on device:: cuda:0

n1 = 20000, n2 = 20000,

kappa = 3, alpha = 0.9,

gamma = 0.05, nTests = 500,

B = 300

1th run
noise dimension : 27
noise variance: 266.2740173339844
original u-statistic:0.3975796699523926
p value proxy: 0.023255813866853714
result: True
power_upto_now: 1.0
2th run
noise dimension : 27
noise variance: 266.68450927734375
original u-statistic:0.640833854675293
p value proxy: 0.003322259057313204
result: True
power_upto_now: 1.0
3th run
noise dimension : 27
noise variance: 267.029052734375
original u-statistic:0.31649255752563477
p value proxy: 0.039867110550403595
result: True
power_upto_now: 1.0
4th run
noise dimension : 27
noise variance: 266.6124572753906
original u-statistic:0.6003775596618652
p value proxy: 0.009966777637600899
result: True
power_upto_now: 1.0
5th run
noise dimension : 27
noise variance: 266.88671875
original u-statistic:0.1626129150390625
p value proxy: 0.19269102811813354
result: False
power_upto_now: 0.800000011920929
6th run
noise dimension : 27
noise variance: 266.0808410644531
original u-statistic:0.30111122131347656
p value proxy: 0.06644517928361893
result: False
power_upto_now: 0.6666666865348816
7th run
noise dimension : 27
noise variance: 267.0799560546875
original u-statistic:0.6741530895233154
p value proxy: 0.003322259057313204
result: True
power_upto_now: 0.7142857313156128
8th run
noise dimension : 27
noise variance: 266.84893798828125
original u-statistic:0.5423192977905273
p value proxy: 0.023255813866853714
result: True
power_upto_now: 0.75
9th run
noise dimension : 27
noise variance: 265.77490234375
original u-statistic:0.2725789546966553
p value proxy: 0.1029900312423706
result: False
power_upto_now: 0.6666666865348816
10th run
noise dimension : 27
noise variance: 266.6426086425781
original u-statistic:0.8298075199127197
p value proxy: 0.003322259057313204
result: True
power_upto_now: 0.699999988079071
11th run
noise dimension : 27
noise variance: 267.3912658691406
original u-statistic:0.7351176738739014
p value proxy: 0.003322259057313204
result: True
power_upto_now: 0.7272727489471436
12th run
noise dimension : 27
noise variance: 266.4831237792969
original u-statistic:0.16404294967651367
p value proxy: 0.2225913554430008
result: False
power_upto_now: 0.6666666865348816
13th run
noise dimension : 27
noise variance: 266.2898864746094
original u-statistic:0.06745362281799316
p value proxy: 0.2790697515010834
result: False
power_upto_now: 0.6153846383094788
14th run
noise dimension : 27
noise variance: 266.5290832519531
original u-statistic:-0.08330655097961426
p value proxy: 0.6179401874542236
result: False
power_upto_now: 0.5714285969734192
15th run
noise dimension : 27
noise variance: 266.7716979980469
original u-statistic:0.19558072090148926
p value proxy: 0.16943521797657013
result: False
power_upto_now: 0.5333333611488342
16th run
noise dimension : 27
noise variance: 266.7182922363281
original u-statistic:0.5948905944824219
p value proxy: 0.009966777637600899
result: True
power_upto_now: 0.5625
17th run
noise dimension : 27
noise variance: 266.4039001464844
original u-statistic:0.8206772804260254
p value proxy: 0.003322259057313204
result: True
power_upto_now: 0.5882353186607361
18th run
noise dimension : 27
noise variance: 266.3392028808594
original u-statistic:1.0900282859802246
p value proxy: 0.003322259057313204
result: True
power_upto_now: 0.6111111044883728
19th run
noise dimension : 27
noise variance: 266.752685546875
original u-statistic:0.0019207000732421875
p value proxy: 0.4651162624359131
result: False
power_upto_now: 0.5789473652839661
20th run
noise dimension : 27
noise variance: 266.7885437011719
original u-statistic:0.18248438835144043
p value proxy: 0.12956809997558594
result: False
power_upto_now: 0.550000011920929
21th run
noise dimension : 27
noise variance: 267.8949279785156
original u-statistic:0.44260668754577637
p value proxy: 0.033222589641809464
result: True
power_upto_now: 0.5714285969734192
22th run
noise dimension : 27
noise variance: 266.0230712890625
original u-statistic:0.5745081901550293
p value proxy: 0.006644518114626408
result: True
power_upto_now: 0.5909090638160706
23th run
noise dimension : 27
noise variance: 266.7511291503906
original u-statistic:0.6510682106018066
p value proxy: 0.003322259057313204
result: True
power_upto_now: 0.6086956262588501
24th run
noise dimension : 27
noise variance: 266.77886962890625
original u-statistic:1.1992862224578857
p value proxy: 0.003322259057313204
result: True
power_upto_now: 0.625
25th run
noise dimension : 27
noise variance: 265.61798095703125
original u-statistic:0.596832275390625
p value proxy: 0.003322259057313204
result: True
power_upto_now: 0.6399999856948853
26th run
noise dimension : 27
noise variance: 267.3389587402344
original u-statistic:1.1016275882720947
p value proxy: 0.003322259057313204
result: True
power_upto_now: 0.6538461446762085
27th run
noise dimension : 27
noise variance: 267.6035461425781
original u-statistic:0.22615599632263184
p value proxy: 0.10631228983402252
result: False
power_upto_now: 0.6296296119689941
28th run
noise dimension : 27
noise variance: 267.7493591308594
original u-statistic:1.2305717468261719
p value proxy: 0.003322259057313204
result: True
power_upto_now: 0.6428571343421936
29th run
noise dimension : 27
noise variance: 266.2526550292969
original u-statistic:0.5306105613708496
p value proxy: 0.016611294820904732
result: True
power_upto_now: 0.6551724076271057
30th run
noise dimension : 27
noise variance: 267.9240417480469
original u-statistic:0.4615142345428467
p value proxy: 0.016611294820904732
result: True
power_upto_now: 0.6666666865348816
31th run
noise dimension : 27
noise variance: 266.7041320800781
original u-statistic:0.13539814949035645
p value proxy: 0.23588038980960846
result: False
power_upto_now: 0.6451612710952759
32th run
noise dimension : 27
noise variance: 267.8207092285156
original u-statistic:0.5257992744445801
p value proxy: 0.006644518114626408
result: True
power_upto_now: 0.65625
33th run
noise dimension : 27
noise variance: 265.9694519042969
original u-statistic:0.2613704204559326
p value proxy: 0.11295680701732635
result: False
power_upto_now: 0.6363636255264282
34th run
noise dimension : 27
noise variance: 267.06292724609375
original u-statistic:0.19717168807983398
p value proxy: 0.17275747656822205
result: False
power_upto_now: 0.6176470518112183
35th run
noise dimension : 27
noise variance: 267.5782775878906
original u-statistic:1.2314813137054443
p value proxy: 0.003322259057313204
result: True
power_upto_now: 0.6285714507102966
36th run
noise dimension : 27
noise variance: 267.5801696777344
original u-statistic:0.3773767948150635
p value proxy: 0.049833886325359344
result: True
power_upto_now: 0.6388888955116272
37th run
noise dimension : 27
noise variance: 266.2798156738281
original u-statistic:0.3354225158691406
p value proxy: 0.04651162773370743
result: True
power_upto_now: 0.6486486196517944
38th run
noise dimension : 27
noise variance: 267.8818664550781
original u-statistic:0.7151033878326416
p value proxy: 0.006644518114626408
result: True
power_upto_now: 0.6578947305679321
39th run
noise dimension : 27
noise variance: 266.6136474609375
original u-statistic:0.6258866786956787
p value proxy: 0.003322259057313204
result: True
power_upto_now: 0.6666666865348816
40th run
noise dimension : 27
noise variance: 266.5738220214844
original u-statistic:0.5921893119812012
p value proxy: 0.006644518114626408
result: True
power_upto_now: 0.675000011920929
41th run
noise dimension : 27
noise variance: 266.3257751464844
original u-statistic:0.4581878185272217
p value proxy: 0.016611294820904732
result: True
power_upto_now: 0.6829268336296082
42th run
noise dimension : 27
noise variance: 266.3145446777344
original u-statistic:0.519920825958252
p value proxy: 0.019933555275201797
result: True
power_upto_now: 0.6904761791229248
43th run
noise dimension : 27
noise variance: 267.4463195800781
original u-statistic:0.4584534168243408
p value proxy: 0.009966777637600899
result: True
power_upto_now: 0.6976743936538696
44th run
noise dimension : 27
noise variance: 266.6711120605469
original u-statistic:0.7494447231292725
p value proxy: 0.009966777637600899
result: True
power_upto_now: 0.7045454382896423
45th run
noise dimension : 27
noise variance: 266.4048156738281
original u-statistic:0.15900254249572754
p value proxy: 0.21926909685134888
result: False
power_upto_now: 0.6888889074325562
46th run
noise dimension : 27
noise variance: 267.0321044921875
original u-statistic:0.16987323760986328
p value proxy: 0.1827242523431778
result: False
power_upto_now: 0.6739130616188049
47th run
noise dimension : 27
noise variance: 265.955322265625
original u-statistic:0.5860118865966797
p value proxy: 0.006644518114626408
result: True
power_upto_now: 0.6808510422706604
48th run
noise dimension : 27
noise variance: 266.3652648925781
original u-statistic:0.8627865314483643
p value proxy: 0.003322259057313204
result: True
power_upto_now: 0.6875
49th run
noise dimension : 27
noise variance: 266.3338317871094
original u-statistic:0.3182849884033203
p value proxy: 0.06312292069196701
result: False
power_upto_now: 0.6734693646430969
50th run
noise dimension : 27
noise variance: 266.5848693847656
original u-statistic:0.3589966297149658
p value proxy: 0.05647840350866318
result: False
power_upto_now: 0.6600000262260437
51th run
noise dimension : 27
noise variance: 266.5157165527344
original u-statistic:0.744441032409668
p value proxy: 0.006644518114626408
result: True
power_upto_now: 0.6666666865348816
52th run
noise dimension : 27
noise variance: 266.4986267089844
original u-statistic:0.27050089836120605
p value proxy: 0.13621261715888977
result: False
power_upto_now: 0.6538461446762085
53th run
noise dimension : 27
noise variance: 267.65240478515625
original u-statistic:1.7728300094604492
p value proxy: 0.003322259057313204
result: True
power_upto_now: 0.6603773832321167
54th run
noise dimension : 27
noise variance: 266.3750305175781
original u-statistic:0.5347623825073242
p value proxy: 0.013289036229252815
result: True
power_upto_now: 0.6666666865348816
55th run
noise dimension : 27
noise variance: 266.5718994140625
original u-statistic:0.0917057991027832
p value proxy: 0.33554816246032715
result: False
power_upto_now: 0.6545454263687134
56th run
noise dimension : 27
noise variance: 266.7822570800781
original u-statistic:0.4121847152709961
p value proxy: 0.05315614491701126
result: False
power_upto_now: 0.6428571343421936
57th run
noise dimension : 27
noise variance: 265.593505859375
original u-statistic:0.9752161502838135
p value proxy: 0.003322259057313204
result: True
power_upto_now: 0.6491228342056274
58th run
noise dimension : 27
noise variance: 266.9719543457031
original u-statistic:0.5459332466125488
p value proxy: 0.009966777637600899
result: True
power_upto_now: 0.6551724076271057
59th run
noise dimension : 27
noise variance: 267.19415283203125
original u-statistic:0.4455413818359375
p value proxy: 0.013289036229252815
result: True
power_upto_now: 0.6610169410705566
60th run
noise dimension : 27
noise variance: 266.1634521484375
original u-statistic:0.36277246475219727
p value proxy: 0.059800662100315094
result: False
power_upto_now: 0.6499999761581421
61th run
noise dimension : 27
noise variance: 267.22003173828125
original u-statistic:0.3070509433746338
p value proxy: 0.07641195505857468
result: False
power_upto_now: 0.6393442749977112
62th run
noise dimension : 27
noise variance: 266.989013671875
original u-statistic:0.7499485015869141
p value proxy: 0.003322259057313204
result: True
power_upto_now: 0.6451612710952759
63th run
noise dimension : 27
noise variance: 267.2228698730469
original u-statistic:0.7226433753967285
p value proxy: 0.003322259057313204
result: True
power_upto_now: 0.6507936716079712
64th run
noise dimension : 27
noise variance: 266.9670104980469
original u-statistic:-0.033029794692993164
p value proxy: 0.48172757029533386
result: False
power_upto_now: 0.640625
65th run
noise dimension : 27
noise variance: 265.848388671875
original u-statistic:0.31006431579589844
p value proxy: 0.07641195505857468
result: False
power_upto_now: 0.6307692527770996
66th run
noise dimension : 27
noise variance: 266.3276062011719
original u-statistic:0.826319694519043
p value proxy: 0.003322259057313204
result: True
power_upto_now: 0.6363636255264282
67th run
noise dimension : 27
noise variance: 266.2831115722656
original u-statistic:0.5913283824920654
p value proxy: 0.006644518114626408
result: True
power_upto_now: 0.641791045665741
68th run
noise dimension : 27
noise variance: 266.35137939453125
original u-statistic:0.6551339626312256
p value proxy: 0.009966777637600899
result: True
power_upto_now: 0.6470588445663452
69th run
noise dimension : 27
noise variance: 266.554443359375
original u-statistic:0.3378610610961914
p value proxy: 0.06644517928361893
result: False
power_upto_now: 0.6376811861991882
70th run
noise dimension : 27
noise variance: 265.1070861816406
original u-statistic:0.646848201751709
p value proxy: 0.006644518114626408
result: True
power_upto_now: 0.6428571343421936
71th run
noise dimension : 27
noise variance: 266.7246398925781
original u-statistic:0.5161268711090088
p value proxy: 0.006644518114626408
result: True
power_upto_now: 0.6478873491287231
72th run
noise dimension : 27
noise variance: 266.5087890625
original u-statistic:0.12770366668701172
p value proxy: 0.2259136140346527
result: False
power_upto_now: 0.6388888955116272
73th run
noise dimension : 27
noise variance: 266.73443603515625
original u-statistic:1.1219534873962402
p value proxy: 0.003322259057313204
result: True
power_upto_now: 0.6438356041908264
74th run
noise dimension : 27
noise variance: 267.3660583496094
original u-statistic:0.49016356468200684
p value proxy: 0.009966777637600899
result: True
power_upto_now: 0.6486486196517944
75th run
noise dimension : 27
noise variance: 267.1164245605469
original u-statistic:0.9685804843902588
p value proxy: 0.003322259057313204
result: True
power_upto_now: 0.653333306312561
76th run
noise dimension : 27
noise variance: 266.68695068359375
original u-statistic:0.5764122009277344
p value proxy: 0.013289036229252815
result: True
power_upto_now: 0.6578947305679321
77th run
noise dimension : 27
noise variance: 266.25115966796875
original u-statistic:0.6800720691680908
p value proxy: 0.003322259057313204
result: True
power_upto_now: 0.6623376607894897
78th run
noise dimension : 27
noise variance: 267.17254638671875
original u-statistic:0.49553346633911133
p value proxy: 0.02657807245850563
result: True
power_upto_now: 0.6666666865348816
79th run
noise dimension : 27
noise variance: 267.1510925292969
original u-statistic:0.2907118797302246
p value proxy: 0.06976743787527084
result: False
power_upto_now: 0.6582278609275818
80th run
noise dimension : 27
noise variance: 265.604248046875
original u-statistic:1.1789443492889404
p value proxy: 0.003322259057313204
result: True
power_upto_now: 0.6625000238418579
81th run
noise dimension : 27
noise variance: 266.4405212402344
original u-statistic:0.2188413143157959
p value proxy: 0.1860465109348297
result: False
power_upto_now: 0.654321014881134
82th run
noise dimension : 27
noise variance: 267.2204284667969
original u-statistic:0.3555757999420166
p value proxy: 0.033222589641809464
result: True
power_upto_now: 0.6585366129875183
83th run
noise dimension : 27
noise variance: 266.93096923828125
original u-statistic:0.8953249454498291
p value proxy: 0.003322259057313204
result: True
power_upto_now: 0.6626505851745605
84th run
noise dimension : 27
noise variance: 266.6938781738281
original u-statistic:0.44892024993896484
p value proxy: 0.04651162773370743
result: True
power_upto_now: 0.6666666865348816
85th run
noise dimension : 27
noise variance: 266.6358337402344
original u-statistic:1.0971522331237793
p value proxy: 0.003322259057313204
result: True
power_upto_now: 0.6705882549285889
86th run
noise dimension : 27
noise variance: 267.32855224609375
original u-statistic:0.5608739852905273
p value proxy: 0.013289036229252815
result: True
power_upto_now: 0.6744186282157898
87th run
noise dimension : 27
noise variance: 267.7357482910156
original u-statistic:0.6569843292236328
p value proxy: 0.003322259057313204
result: True
power_upto_now: 0.6781609058380127
88th run
noise dimension : 27
noise variance: 266.8996276855469
original u-statistic:0.5552611351013184
p value proxy: 0.003322259057313204
result: True
power_upto_now: 0.6818181872367859
89th run
noise dimension : 27
noise variance: 267.03948974609375
original u-statistic:0.12857294082641602
p value proxy: 0.2225913554430008
result: False
power_upto_now: 0.6741573214530945
90th run
noise dimension : 27
noise variance: 265.692626953125
original u-statistic:0.5667593479156494
p value proxy: 0.006644518114626408
result: True
power_upto_now: 0.6777777671813965
91th run
noise dimension : 27
noise variance: 266.6635437011719
original u-statistic:0.941551923751831
p value proxy: 0.003322259057313204
result: True
power_upto_now: 0.6813187003135681
92th run
noise dimension : 27
noise variance: 267.9591064453125
original u-statistic:0.616851806640625
p value proxy: 0.006644518114626408
result: True
power_upto_now: 0.6847826242446899
93th run
noise dimension : 27
noise variance: 267.2398986816406
original u-statistic:0.6940631866455078
p value proxy: 0.013289036229252815
result: True
power_upto_now: 0.6881720423698425
94th run
noise dimension : 27
noise variance: 265.47296142578125
original u-statistic:0.6134452819824219
p value proxy: 0.003322259057313204
result: True
power_upto_now: 0.6914893388748169
95th run
noise dimension : 27
noise variance: 267.140625
original u-statistic:0.17177367210388184
p value proxy: 0.17275747656822205
result: False
power_upto_now: 0.6842105388641357
96th run
noise dimension : 27
noise variance: 266.34967041015625
original u-statistic:-0.0003657341003417969
p value proxy: 0.44186046719551086
result: False
power_upto_now: 0.6770833134651184
97th run
noise dimension : 27
noise variance: 266.33697509765625
original u-statistic:0.5024523735046387
p value proxy: 0.02657807245850563
result: True
power_upto_now: 0.6804123520851135
98th run
noise dimension : 27
noise variance: 267.8974304199219
original u-statistic:0.28039002418518066
p value proxy: 0.07308969646692276
result: False
power_upto_now: 0.6734693646430969
99th run
noise dimension : 27
noise variance: 266.44781494140625
original u-statistic:0.40921759605407715
p value proxy: 0.03654484823346138
result: True
power_upto_now: 0.6767676472663879
100th run
noise dimension : 27
noise variance: 266.76690673828125
original u-statistic:-0.015879392623901367
p value proxy: 0.5083056092262268
result: False
power_upto_now: 0.6700000166893005
101th run
noise dimension : 27
noise variance: 266.2192687988281
original u-statistic:0.06100654602050781
p value proxy: 0.31229233741760254
result: False
power_upto_now: 0.6633663177490234
102th run
noise dimension : 27
noise variance: 265.7431640625
original u-statistic:0.013731002807617188
p value proxy: 0.4285714328289032
result: False
power_upto_now: 0.656862735748291
103th run
noise dimension : 27
noise variance: 266.43218994140625
original u-statistic:0.577035665512085
p value proxy: 0.006644518114626408
result: True
power_upto_now: 0.6601941585540771
104th run
noise dimension : 27
noise variance: 265.77740478515625
original u-statistic:0.4808189868927002
p value proxy: 0.019933555275201797
result: True
power_upto_now: 0.6634615659713745
105th run
noise dimension : 27
noise variance: 266.2117004394531
original u-statistic:0.45236778259277344
p value proxy: 0.033222589641809464
result: True
power_upto_now: 0.6666666865348816
106th run
noise dimension : 27
noise variance: 267.0876770019531
original u-statistic:0.11161613464355469
p value proxy: 0.25581395626068115
result: False
power_upto_now: 0.6603773832321167
107th run
noise dimension : 27
noise variance: 266.8435974121094
original u-statistic:0.3055291175842285
p value proxy: 0.04318936914205551
result: True
power_upto_now: 0.663551390171051
108th run
noise dimension : 27
noise variance: 265.4374694824219
original u-statistic:0.36378002166748047
p value proxy: 0.02657807245850563
result: True
power_upto_now: 0.6666666865348816
109th run
noise dimension : 27
noise variance: 265.64068603515625
original u-statistic:0.479236364364624
p value proxy: 0.006644518114626408
result: True
power_upto_now: 0.6697247624397278
110th run
noise dimension : 27
noise variance: 266.361083984375
original u-statistic:0.9032237529754639
p value proxy: 0.003322259057313204
result: True
power_upto_now: 0.6727272868156433
111th run
noise dimension : 27
noise variance: 266.5061340332031
original u-statistic:0.0741264820098877
p value proxy: 0.3289036452770233
result: False
power_upto_now: 0.6666666865348816
112th run
noise dimension : 27
noise variance: 266.5671691894531
original u-statistic:0.31412172317504883
p value proxy: 0.059800662100315094
result: False
power_upto_now: 0.6607142686843872
113th run
noise dimension : 27
noise variance: 267.6816101074219
original u-statistic:0.1725473403930664
p value proxy: 0.19601328670978546
result: False
power_upto_now: 0.6548672318458557
114th run
noise dimension : 27
noise variance: 265.85235595703125
original u-statistic:0.6852726936340332
p value proxy: 0.006644518114626408
result: True
power_upto_now: 0.6578947305679321
115th run
noise dimension : 27
noise variance: 267.6116638183594
original u-statistic:0.5445923805236816
p value proxy: 0.006644518114626408
result: True
power_upto_now: 0.6608695387840271
116th run
noise dimension : 27
noise variance: 266.235107421875
original u-statistic:0.3156247138977051
p value proxy: 0.06644517928361893
result: False
power_upto_now: 0.6551724076271057
117th run
noise dimension : 27
noise variance: 266.5604248046875
original u-statistic:0.7078349590301514
p value proxy: 0.006644518114626408
result: True
power_upto_now: 0.6581196784973145
118th run
noise dimension : 27
noise variance: 266.5337219238281
original u-statistic:0.258774995803833
p value proxy: 0.09966777265071869
result: False
power_upto_now: 0.6525423526763916
119th run
noise dimension : 27
noise variance: 265.9275817871094
original u-statistic:0.5127518177032471
p value proxy: 0.009966777637600899
result: True
power_upto_now: 0.6554622054100037
120th run
noise dimension : 27
noise variance: 266.6358947753906
original u-statistic:0.543900728225708
p value proxy: 0.013289036229252815
result: True
power_upto_now: 0.6583333611488342
121th run
noise dimension : 27
noise variance: 267.4911193847656
original u-statistic:0.9531702995300293
p value proxy: 0.003322259057313204
result: True
power_upto_now: 0.6611570119857788
122th run
noise dimension : 27
noise variance: 266.94818115234375
original u-statistic:0.6734602451324463
p value proxy: 0.006644518114626408
result: True
power_upto_now: 0.6639344096183777
123th run
noise dimension : 27
noise variance: 267.14495849609375
original u-statistic:0.3155851364135742
p value proxy: 0.06644517928361893
result: False
power_upto_now: 0.6585366129875183
124th run
noise dimension : 27
noise variance: 265.23388671875
original u-statistic:0.3296496868133545
p value proxy: 0.049833886325359344
result: True
power_upto_now: 0.6612903475761414
125th run
noise dimension : 27
noise variance: 267.07672119140625
original u-statistic:0.4787790775299072
p value proxy: 0.023255813866853714
result: True
power_upto_now: 0.6639999747276306
126th run
noise dimension : 27
noise variance: 266.167724609375
original u-statistic:1.2535686492919922
p value proxy: 0.003322259057313204
result: True
power_upto_now: 0.6666666865348816
127th run
noise dimension : 27
noise variance: 267.0601501464844
original u-statistic:0.3794381618499756
p value proxy: 0.02657807245850563
result: True
power_upto_now: 0.6692913174629211
128th run
noise dimension : 27
noise variance: 266.3079528808594
original u-statistic:0.223646879196167
p value proxy: 0.18936876952648163
result: False
power_upto_now: 0.6640625
129th run
noise dimension : 27
noise variance: 267.14337158203125
original u-statistic:0.5830092430114746
p value proxy: 0.003322259057313204
result: True
power_upto_now: 0.6666666865348816
130th run
noise dimension : 27
noise variance: 266.0098571777344
original u-statistic:0.31151366233825684
p value proxy: 0.06644517928361893
result: False
power_upto_now: 0.6615384817123413
131th run
noise dimension : 27
noise variance: 266.1799011230469
original u-statistic:0.321488618850708
p value proxy: 0.05315614491701126
result: False
power_upto_now: 0.6564885377883911
132th run
noise dimension : 27
noise variance: 265.53607177734375
original u-statistic:0.12138748168945312
p value proxy: 0.2591361999511719
result: False
power_upto_now: 0.6515151262283325
133th run
noise dimension : 27
noise variance: 266.0609130859375
original u-statistic:0.22390151023864746
p value proxy: 0.17275747656822205
result: False
power_upto_now: 0.646616518497467
134th run
noise dimension : 27
noise variance: 266.3974609375
original u-statistic:0.15730857849121094
p value proxy: 0.2059800624847412
result: False
power_upto_now: 0.641791045665741
135th run
noise dimension : 27
noise variance: 266.0528564453125
original u-statistic:0.32714080810546875
p value proxy: 0.08970099687576294
result: False
power_upto_now: 0.6370370388031006
136th run
noise dimension : 27
noise variance: 266.6536865234375
original u-statistic:0.47958827018737793
p value proxy: 0.013289036229252815
result: True
power_upto_now: 0.6397058963775635
137th run
noise dimension : 27
noise variance: 266.9075927734375
original u-statistic:0.19446039199829102
p value proxy: 0.15946844220161438
result: False
power_upto_now: 0.6350364685058594
138th run
noise dimension : 27
noise variance: 266.08660888671875
original u-statistic:0.5854458808898926
p value proxy: 0.009966777637600899
result: True
power_upto_now: 0.6376811861991882
139th run
noise dimension : 27
noise variance: 267.60992431640625
original u-statistic:0.510124683380127
p value proxy: 0.019933555275201797
result: True
power_upto_now: 0.6402877569198608
140th run
noise dimension : 27
noise variance: 267.1472473144531
original u-statistic:0.6624372005462646
p value proxy: 0.009966777637600899
result: True
power_upto_now: 0.6428571343421936
141th run
noise dimension : 27
noise variance: 266.77691650390625
original u-statistic:0.4654848575592041
p value proxy: 0.029900331050157547
result: True
power_upto_now: 0.6453900933265686
142th run
noise dimension : 27
noise variance: 266.0826110839844
original u-statistic:0.7105610370635986
p value proxy: 0.006644518114626408
result: True
power_upto_now: 0.6478873491287231
143th run
noise dimension : 27
noise variance: 266.3341369628906
original u-statistic:0.38399219512939453
p value proxy: 0.04651162773370743
result: True
power_upto_now: 0.6503496766090393
144th run
noise dimension : 27
noise variance: 267.3899841308594
original u-statistic:0.48604607582092285
p value proxy: 0.029900331050157547
result: True
power_upto_now: 0.6527777910232544
145th run
noise dimension : 27
noise variance: 265.1436767578125
original u-statistic:0.8117413520812988
p value proxy: 0.006644518114626408
result: True
power_upto_now: 0.6551724076271057
146th run
noise dimension : 27
noise variance: 266.9006042480469
original u-statistic:0.5817265510559082
p value proxy: 0.019933555275201797
result: True
power_upto_now: 0.6575342416763306
147th run
noise dimension : 27
noise variance: 267.1327819824219
original u-statistic:0.41715168952941895
p value proxy: 0.033222589641809464
result: True
power_upto_now: 0.6598639488220215
148th run
noise dimension : 27
noise variance: 266.92120361328125
original u-statistic:1.08011794090271
p value proxy: 0.003322259057313204
result: True
power_upto_now: 0.662162184715271
149th run
noise dimension : 27
noise variance: 265.7632751464844
original u-statistic:0.803227424621582
p value proxy: 0.003322259057313204
result: True
power_upto_now: 0.6644295454025269
150th run
noise dimension : 27
noise variance: 266.3245849609375
original u-statistic:0.4642469882965088
p value proxy: 0.02657807245850563
result: True
power_upto_now: 0.6666666865348816
151th run
noise dimension : 27
noise variance: 265.7479553222656
original u-statistic:0.8440291881561279
p value proxy: 0.003322259057313204
result: True
power_upto_now: 0.6688741445541382
152th run
noise dimension : 27
noise variance: 266.1188659667969
original u-statistic:0.2312932014465332
p value proxy: 0.07973422110080719
result: False
power_upto_now: 0.6644737124443054
153th run
noise dimension : 27
noise variance: 266.4353332519531
original u-statistic:0.7982771396636963
p value proxy: 0.003322259057313204
result: True
power_upto_now: 0.6666666865348816
154th run
noise dimension : 27
noise variance: 265.4403991699219
original u-statistic:0.8039858341217041
p value proxy: 0.003322259057313204
result: True
power_upto_now: 0.6688311696052551
155th run
noise dimension : 27
noise variance: 266.98516845703125
original u-statistic:0.5545234680175781
p value proxy: 0.013289036229252815
result: True
power_upto_now: 0.6709677577018738
156th run
noise dimension : 27
noise variance: 266.474365234375
original u-statistic:0.674001932144165
p value proxy: 0.003322259057313204
result: True
power_upto_now: 0.6730769276618958
157th run
noise dimension : 27
noise variance: 265.4242248535156
original u-statistic:0.7778401374816895
p value proxy: 0.003322259057313204
result: True
power_upto_now: 0.675159215927124
158th run
noise dimension : 27
noise variance: 266.3058776855469
original u-statistic:0.8918147087097168
p value proxy: 0.003322259057313204
result: True
power_upto_now: 0.6772152185440063
159th run
noise dimension : 27
noise variance: 265.817626953125
original u-statistic:0.8709335327148438
p value proxy: 0.003322259057313204
result: True
power_upto_now: 0.6792452931404114
160th run
noise dimension : 27
noise variance: 265.84783935546875
original u-statistic:0.8975987434387207
p value proxy: 0.003322259057313204
result: True
power_upto_now: 0.6812499761581421
161th run
noise dimension : 27
noise variance: 267.0812072753906
original u-statistic:0.8026864528656006
p value proxy: 0.003322259057313204
result: True
power_upto_now: 0.6832298040390015
162th run
noise dimension : 27
noise variance: 266.9915771484375
original u-statistic:0.33527112007141113
p value proxy: 0.049833886325359344
result: True
power_upto_now: 0.6851851940155029
163th run
noise dimension : 27
noise variance: 266.2093505859375
original u-statistic:0.09203767776489258
p value proxy: 0.24916942417621613
result: False
power_upto_now: 0.6809815764427185
164th run
noise dimension : 27
noise variance: 267.36138916015625
original u-statistic:0.5279622077941895
p value proxy: 0.006644518114626408
result: True
power_upto_now: 0.6829268336296082
165th run
noise dimension : 27
noise variance: 267.9311218261719
original u-statistic:0.4141731262207031
p value proxy: 0.023255813866853714
result: True
power_upto_now: 0.6848484873771667
166th run
noise dimension : 27
noise variance: 266.422607421875
original u-statistic:0.5039851665496826
p value proxy: 0.009966777637600899
result: True
power_upto_now: 0.6867470145225525
167th run
noise dimension : 27
noise variance: 267.61053466796875
original u-statistic:1.0227844715118408
p value proxy: 0.003322259057313204
result: True
power_upto_now: 0.688622772693634
168th run
noise dimension : 27
noise variance: 266.6319274902344
original u-statistic:0.6342902183532715
p value proxy: 0.003322259057313204
result: True
power_upto_now: 0.6904761791229248
169th run
noise dimension : 27
noise variance: 266.5303649902344
original u-statistic:0.33367919921875
p value proxy: 0.049833886325359344
result: True
power_upto_now: 0.692307710647583
170th run
noise dimension : 27
noise variance: 266.30120849609375
original u-statistic:-0.031357765197753906
p value proxy: 0.5448504686355591
result: False
power_upto_now: 0.6882352828979492
171th run
noise dimension : 27
noise variance: 267.3647766113281
original u-statistic:0.6584362983703613
p value proxy: 0.006644518114626408
result: True
power_upto_now: 0.6900584697723389
172th run
noise dimension : 27
noise variance: 266.8565979003906
original u-statistic:0.7506217956542969
p value proxy: 0.003322259057313204
result: True
power_upto_now: 0.6918604373931885
173th run
noise dimension : 27
noise variance: 265.8570861816406
original u-statistic:0.11901521682739258
p value proxy: 0.2458471655845642
result: False
power_upto_now: 0.6878612637519836
174th run
noise dimension : 27
noise variance: 266.8147277832031
original u-statistic:0.9349074363708496
p value proxy: 0.003322259057313204
result: True
power_upto_now: 0.6896551847457886
175th run
noise dimension : 27
noise variance: 265.7368469238281
original u-statistic:0.4898703098297119
p value proxy: 0.009966777637600899
result: True
power_upto_now: 0.691428542137146
176th run
noise dimension : 27
noise variance: 266.2969055175781
original u-statistic:0.7716097831726074
p value proxy: 0.003322259057313204
result: True
power_upto_now: 0.6931818127632141
177th run
noise dimension : 27
noise variance: 266.96014404296875
original u-statistic:0.1720142364501953
p value proxy: 0.1860465109348297
result: False
power_upto_now: 0.6892655491828918
178th run
noise dimension : 27
noise variance: 267.8891296386719
original u-statistic:0.6958179473876953
p value proxy: 0.009966777637600899
result: True
power_upto_now: 0.6910112500190735
179th run
noise dimension : 27
noise variance: 267.54144287109375
original u-statistic:0.45720458030700684
p value proxy: 0.029900331050157547
result: True
power_upto_now: 0.6927374005317688
180th run
noise dimension : 27
noise variance: 265.9833679199219
original u-statistic:0.7629008293151855
p value proxy: 0.003322259057313204
result: True
power_upto_now: 0.6944444179534912
181th run
noise dimension : 27
noise variance: 265.9037170410156
original u-statistic:0.26384687423706055
p value proxy: 0.08637873828411102
result: False
power_upto_now: 0.6906077265739441
182th run
noise dimension : 27
noise variance: 267.25335693359375
original u-statistic:0.2692830562591553
p value proxy: 0.09634551405906677
result: False
power_upto_now: 0.6868131756782532
183th run
noise dimension : 27
noise variance: 266.96112060546875
original u-statistic:0.36687135696411133
p value proxy: 0.05315614491701126
result: False
power_upto_now: 0.6830601096153259
184th run
noise dimension : 27
noise variance: 266.7586975097656
original u-statistic:0.4920778274536133
p value proxy: 0.016611294820904732
result: True
power_upto_now: 0.6847826242446899
185th run
noise dimension : 27
noise variance: 266.81256103515625
original u-statistic:0.39612627029418945
p value proxy: 0.023255813866853714
result: True
power_upto_now: 0.6864864826202393
186th run
noise dimension : 27
noise variance: 267.035400390625
original u-statistic:0.5603890419006348
p value proxy: 0.006644518114626408
result: True
power_upto_now: 0.6881720423698425
187th run
noise dimension : 27
noise variance: 265.9619445800781
original u-statistic:0.49884557723999023
p value proxy: 0.02657807245850563
result: True
power_upto_now: 0.6898396015167236
188th run
noise dimension : 27
noise variance: 266.41693115234375
original u-statistic:0.4465341567993164
p value proxy: 0.016611294820904732
result: True
power_upto_now: 0.6914893388748169
189th run
noise dimension : 27
noise variance: 265.69976806640625
original u-statistic:0.4018979072570801
p value proxy: 0.029900331050157547
result: True
power_upto_now: 0.6931216716766357
190th run
noise dimension : 27
noise variance: 265.61163330078125
original u-statistic:1.27549147605896
p value proxy: 0.003322259057313204
result: True
power_upto_now: 0.6947368383407593
191th run
noise dimension : 27
noise variance: 266.7137756347656
original u-statistic:0.5280122756958008
p value proxy: 0.013289036229252815
result: True
power_upto_now: 0.6963350772857666
192th run
noise dimension : 27
noise variance: 267.37127685546875
original u-statistic:0.5544257164001465
p value proxy: 0.013289036229252815
result: True
power_upto_now: 0.6979166865348816
193th run
noise dimension : 27
noise variance: 267.3044738769531
original u-statistic:0.6300432682037354
p value proxy: 0.006644518114626408
result: True
power_upto_now: 0.6994818449020386
194th run
noise dimension : 27
noise variance: 266.4798278808594
original u-statistic:0.38550710678100586
p value proxy: 0.033222589641809464
result: True
power_upto_now: 0.7010309100151062
195th run
noise dimension : 27
noise variance: 267.01611328125
original u-statistic:0.42534708976745605
p value proxy: 0.033222589641809464
result: True
power_upto_now: 0.7025641202926636
196th run
noise dimension : 27
noise variance: 266.6662292480469
original u-statistic:0.6763918399810791
p value proxy: 0.003322259057313204
result: True
power_upto_now: 0.704081654548645
197th run
noise dimension : 27
noise variance: 265.87939453125
original u-statistic:0.29010558128356934
p value proxy: 0.0830564796924591
result: False
power_upto_now: 0.700507640838623
198th run
noise dimension : 27
noise variance: 265.5888977050781
original u-statistic:0.7855238914489746
p value proxy: 0.003322259057313204
result: True
power_upto_now: 0.7020202279090881
199th run
noise dimension : 27
noise variance: 267.0115661621094
original u-statistic:0.5397634506225586
p value proxy: 0.009966777637600899
result: True
power_upto_now: 0.7035176157951355
200th run
noise dimension : 27
noise variance: 266.3410339355469
original u-statistic:0.5773167610168457
p value proxy: 0.003322259057313204
result: True
power_upto_now: 0.7049999833106995
201th run
noise dimension : 27
noise variance: 266.2299499511719
original u-statistic:-0.024008750915527344
p value proxy: 0.49501660466194153
result: False
power_upto_now: 0.7014925479888916
202th run
noise dimension : 27
noise variance: 267.3262939453125
original u-statistic:0.5886306762695312
p value proxy: 0.006644518114626408
result: True
power_upto_now: 0.7029703259468079
203th run
noise dimension : 27
noise variance: 265.91119384765625
original u-statistic:0.2757689952850342
p value proxy: 0.08970099687576294
result: False
power_upto_now: 0.6995074152946472
204th run
noise dimension : 27
noise variance: 265.69940185546875
original u-statistic:0.5245997905731201
p value proxy: 0.006644518114626408
result: True
power_upto_now: 0.7009803652763367
205th run
noise dimension : 27
noise variance: 266.6828308105469
original u-statistic:0.2532668113708496
p value proxy: 0.10963454842567444
result: False
power_upto_now: 0.6975609660148621
206th run
noise dimension : 27
noise variance: 266.4809875488281
original u-statistic:1.4564452171325684
p value proxy: 0.003322259057313204
result: True
power_upto_now: 0.6990291476249695
207th run
noise dimension : 27
noise variance: 265.9117126464844
original u-statistic:0.8803837299346924
p value proxy: 0.003322259057313204
result: True
power_upto_now: 0.7004830837249756
208th run
noise dimension : 27
noise variance: 266.66546630859375
original u-statistic:0.7065703868865967
p value proxy: 0.003322259057313204
result: True
power_upto_now: 0.7019230723381042
209th run
noise dimension : 27
noise variance: 266.3796691894531
original u-statistic:0.81500244140625
p value proxy: 0.003322259057313204
result: True
power_upto_now: 0.7033492922782898
210th run
noise dimension : 27
noise variance: 266.5252685546875
original u-statistic:1.0150108337402344
p value proxy: 0.003322259057313204
result: True
power_upto_now: 0.7047619223594666
211th run
noise dimension : 27
noise variance: 266.2959289550781
original u-statistic:0.9710283279418945
p value proxy: 0.003322259057313204
result: True
power_upto_now: 0.7061611413955688
212th run
noise dimension : 27
noise variance: 266.6617736816406
original u-statistic:0.11553382873535156
p value proxy: 0.262458473443985
result: False
power_upto_now: 0.7028301954269409
213th run
noise dimension : 27
noise variance: 266.31243896484375
original u-statistic:0.5757603645324707
p value proxy: 0.006644518114626408
result: True
power_upto_now: 0.7042253613471985
214th run
noise dimension : 27
noise variance: 267.0399169921875
original u-statistic:0.017632484436035156
p value proxy: 0.3720930218696594
result: False
power_upto_now: 0.7009345889091492
215th run
noise dimension : 27
noise variance: 266.7021179199219
original u-statistic:0.7954878807067871
p value proxy: 0.003322259057313204
result: True
power_upto_now: 0.7023255825042725
216th run
noise dimension : 27
noise variance: 265.7572021484375
original u-statistic:0.9765560626983643
p value proxy: 0.003322259057313204
result: True
power_upto_now: 0.7037037014961243
217th run
noise dimension : 27
noise variance: 266.2566223144531
original u-statistic:0.4368734359741211
p value proxy: 0.019933555275201797
result: True
power_upto_now: 0.7050691246986389
218th run
noise dimension : 27
noise variance: 267.7393798828125
original u-statistic:0.1289825439453125
p value proxy: 0.22923587262630463
result: False
power_upto_now: 0.7018348574638367
219th run
noise dimension : 27
noise variance: 266.903076171875
original u-statistic:0.2882404327392578
p value proxy: 0.06976743787527084
result: False
power_upto_now: 0.698630154132843
220th run
noise dimension : 27
noise variance: 266.6101379394531
original u-statistic:0.4144015312194824
p value proxy: 0.03654484823346138
result: True
power_upto_now: 0.699999988079071
221th run
noise dimension : 27
noise variance: 267.023681640625
original u-statistic:0.7591471672058105
p value proxy: 0.013289036229252815
result: True
power_upto_now: 0.7013574838638306
222th run
noise dimension : 27
noise variance: 267.0707702636719
original u-statistic:0.3150005340576172
p value proxy: 0.08970099687576294
result: False
power_upto_now: 0.6981981992721558
223th run
noise dimension : 27
noise variance: 267.48858642578125
original u-statistic:0.5780599117279053
p value proxy: 0.006644518114626408
result: True
power_upto_now: 0.6995515823364258
224th run
noise dimension : 27
noise variance: 266.7741394042969
original u-statistic:0.5597209930419922
p value proxy: 0.013289036229252815
result: True
power_upto_now: 0.7008928656578064
225th run
noise dimension : 27
noise variance: 267.9591979980469
original u-statistic:0.3304862976074219
p value proxy: 0.06644517928361893
result: False
power_upto_now: 0.6977777481079102
226th run
noise dimension : 27
noise variance: 267.4449157714844
original u-statistic:0.07968664169311523
p value proxy: 0.27574750781059265
result: False
power_upto_now: 0.6946902871131897
227th run
noise dimension : 27
noise variance: 266.89013671875
original u-statistic:0.13739967346191406
p value proxy: 0.2425249069929123
result: False
power_upto_now: 0.691629946231842
228th run
noise dimension : 27
noise variance: 266.69915771484375
original u-statistic:1.1551389694213867
p value proxy: 0.003322259057313204
result: True
power_upto_now: 0.6929824352264404
229th run
noise dimension : 27
noise variance: 266.41796875
original u-statistic:0.6289536952972412
p value proxy: 0.006644518114626408
result: True
power_upto_now: 0.6943231225013733
230th run
noise dimension : 27
noise variance: 266.803466796875
original u-statistic:1.2259933948516846
p value proxy: 0.003322259057313204
result: True
power_upto_now: 0.695652186870575
231th run
noise dimension : 27
noise variance: 267.6396179199219
original u-statistic:0.30390286445617676
p value proxy: 0.06976743787527084
result: False
power_upto_now: 0.6926407217979431
232th run
noise dimension : 27
noise variance: 266.7759704589844
original u-statistic:1.562849760055542
p value proxy: 0.003322259057313204
result: True
power_upto_now: 0.693965494632721
233th run
noise dimension : 27
noise variance: 266.8787536621094
original u-statistic:0.3123130798339844
p value proxy: 0.06644517928361893
result: False
power_upto_now: 0.6909871101379395
234th run
noise dimension : 27
noise variance: 265.9912414550781
original u-statistic:0.5645811557769775
p value proxy: 0.006644518114626408
result: True
power_upto_now: 0.692307710647583
235th run
noise dimension : 27
noise variance: 266.8111572265625
original u-statistic:1.1125833988189697
p value proxy: 0.003322259057313204
result: True
power_upto_now: 0.693617045879364
236th run
noise dimension : 27
noise variance: 265.9409484863281
original u-statistic:0.5034523010253906
p value proxy: 0.016611294820904732
result: True
power_upto_now: 0.694915235042572
237th run
noise dimension : 27
noise variance: 266.6080322265625
original u-statistic:0.6213181018829346
p value proxy: 0.009966777637600899
result: True
power_upto_now: 0.6962025165557861
238th run
noise dimension : 27
noise variance: 266.5037536621094
original u-statistic:0.28106164932250977
p value proxy: 0.11960132420063019
result: False
power_upto_now: 0.6932772994041443
239th run
noise dimension : 27
noise variance: 266.476318359375
original u-statistic:0.6060523986816406
p value proxy: 0.009966777637600899
result: True
power_upto_now: 0.6945606470108032
240th run
noise dimension : 27
noise variance: 266.7559814453125
original u-statistic:0.6678133010864258
p value proxy: 0.006644518114626408
result: True
power_upto_now: 0.6958333253860474
241th run
noise dimension : 27
noise variance: 265.7062683105469
original u-statistic:0.46247386932373047
p value proxy: 0.009966777637600899
result: True
power_upto_now: 0.6970954537391663
242th run
noise dimension : 27
noise variance: 265.9424133300781
original u-statistic:0.7574610710144043
p value proxy: 0.003322259057313204
result: True
power_upto_now: 0.6983470916748047
243th run
noise dimension : 27
noise variance: 266.57122802734375
original u-statistic:0.4379277229309082
p value proxy: 0.029900331050157547
result: True
power_upto_now: 0.6995884776115417
244th run
noise dimension : 27
noise variance: 266.2146301269531
original u-statistic:0.020998239517211914
p value proxy: 0.4252491593360901
result: False
power_upto_now: 0.6967213153839111
245th run
noise dimension : 27
noise variance: 265.556396484375
original u-statistic:0.4245166778564453
p value proxy: 0.05647840350866318
result: False
power_upto_now: 0.6938775777816772
246th run
noise dimension : 27
noise variance: 266.08685302734375
original u-statistic:0.7676548957824707
p value proxy: 0.003322259057313204
result: True
power_upto_now: 0.6951219439506531
247th run
noise dimension : 27
noise variance: 267.1188659667969
original u-statistic:1.083437204360962
p value proxy: 0.003322259057313204
result: True
power_upto_now: 0.6963562965393066
248th run
noise dimension : 27
noise variance: 267.3835144042969
original u-statistic:0.5445346832275391
p value proxy: 0.019933555275201797
result: True
power_upto_now: 0.6975806355476379
249th run
noise dimension : 27
noise variance: 266.2037048339844
original u-statistic:0.7473859786987305
p value proxy: 0.003322259057313204
result: True
power_upto_now: 0.6987951993942261
250th run
noise dimension : 27
noise variance: 266.11383056640625
original u-statistic:0.637603759765625
p value proxy: 0.003322259057313204
result: True
power_upto_now: 0.699999988079071
251th run
noise dimension : 27
noise variance: 266.6199951171875
original u-statistic:0.48911428451538086
p value proxy: 0.009966777637600899
result: True
power_upto_now: 0.701195240020752
252th run
noise dimension : 27
noise variance: 265.9049377441406
original u-statistic:0.614628791809082
p value proxy: 0.009966777637600899
result: True
power_upto_now: 0.7023809552192688
253th run
noise dimension : 27
noise variance: 266.5136413574219
original u-statistic:0.7655832767486572
p value proxy: 0.003322259057313204
result: True
power_upto_now: 0.7035573124885559
254th run
noise dimension : 27
noise variance: 266.71221923828125
original u-statistic:0.11215400695800781
p value proxy: 0.2890365421772003
result: False
power_upto_now: 0.7007874250411987
255th run
noise dimension : 27
noise variance: 266.1114501953125
original u-statistic:0.4264066219329834
p value proxy: 0.023255813866853714
result: True
power_upto_now: 0.7019608020782471
256th run
noise dimension : 27
noise variance: 266.6688537597656
original u-statistic:0.19366836547851562
p value proxy: 0.14950165152549744
result: False
power_upto_now: 0.69921875
257th run
noise dimension : 27
noise variance: 266.8845520019531
original u-statistic:0.469465970993042
p value proxy: 0.023255813866853714
result: True
power_upto_now: 0.7003890872001648
258th run
noise dimension : 27
noise variance: 266.6871643066406
original u-statistic:1.0001792907714844
p value proxy: 0.003322259057313204
result: True
power_upto_now: 0.7015503644943237
259th run
noise dimension : 27
noise variance: 267.49993896484375
original u-statistic:0.29972100257873535
p value proxy: 0.07641195505857468
result: False
power_upto_now: 0.6988416910171509
260th run
noise dimension : 27
noise variance: 267.1743469238281
original u-statistic:0.3065023422241211
p value proxy: 0.06644517928361893
result: False
power_upto_now: 0.6961538195610046
261th run
noise dimension : 27
noise variance: 266.103759765625
original u-statistic:0.10658693313598633
p value proxy: 0.27574750781059265
result: False
power_upto_now: 0.6934865713119507
262th run
noise dimension : 27
noise variance: 267.19757080078125
original u-statistic:0.7497584819793701
p value proxy: 0.006644518114626408
result: True
power_upto_now: 0.694656491279602
263th run
noise dimension : 27
noise variance: 266.1898498535156
original u-statistic:0.24544310569763184
p value proxy: 0.12624584138393402
result: False
power_upto_now: 0.6920152306556702
264th run
noise dimension : 27
noise variance: 266.57427978515625
original u-statistic:-0.19217395782470703
p value proxy: 0.8504983186721802
result: False
power_upto_now: 0.689393937587738
265th run
noise dimension : 27
noise variance: 267.6461486816406
original u-statistic:1.401247262954712
p value proxy: 0.003322259057313204
result: True
power_upto_now: 0.6905660629272461
266th run
noise dimension : 27
noise variance: 266.2461242675781
original u-statistic:0.2532823085784912
p value proxy: 0.11627906560897827
result: False
power_upto_now: 0.6879699230194092
267th run
noise dimension : 27
noise variance: 266.9134216308594
original u-statistic:0.2421877384185791
p value proxy: 0.15614616870880127
result: False
power_upto_now: 0.6853932738304138
268th run
noise dimension : 27
noise variance: 266.2021484375
original u-statistic:0.41686177253723145
p value proxy: 0.04318936914205551
result: True
power_upto_now: 0.6865671873092651
269th run
noise dimension : 27
noise variance: 266.6419982910156
original u-statistic:-0.008995294570922852
p value proxy: 0.49501660466194153
result: False
power_upto_now: 0.6840148568153381
270th run
noise dimension : 27
noise variance: 266.83599853515625
original u-statistic:0.6742844581604004
p value proxy: 0.003322259057313204
result: True
power_upto_now: 0.6851851940155029
271th run
noise dimension : 27
noise variance: 265.6144714355469
original u-statistic:0.8478233814239502
p value proxy: 0.006644518114626408
result: True
power_upto_now: 0.6863468885421753
272th run
noise dimension : 27
noise variance: 266.6959228515625
original u-statistic:0.3364112377166748
p value proxy: 0.04651162773370743
result: True
power_upto_now: 0.6875
273th run
noise dimension : 27
noise variance: 266.0174560546875
original u-statistic:0.4723658561706543
p value proxy: 0.019933555275201797
result: True
power_upto_now: 0.6886447072029114
274th run
noise dimension : 27
noise variance: 267.1274719238281
original u-statistic:-0.09442901611328125
p value proxy: 0.6777408719062805
result: False
power_upto_now: 0.6861313581466675
275th run
noise dimension : 27
noise variance: 266.7872009277344
original u-statistic:0.4526190757751465
p value proxy: 0.03654484823346138
result: True
power_upto_now: 0.6872727274894714
276th run
noise dimension : 27
noise variance: 267.1060485839844
original u-statistic:0.17260074615478516
p value proxy: 0.2425249069929123
result: False
power_upto_now: 0.6847826242446899
277th run
noise dimension : 27
noise variance: 266.7107238769531
original u-statistic:0.4463157653808594
p value proxy: 0.023255813866853714
result: True
power_upto_now: 0.6859205961227417
278th run
noise dimension : 27
noise variance: 266.1617431640625
original u-statistic:0.28784918785095215
p value proxy: 0.07308969646692276
result: False
power_upto_now: 0.6834532618522644
279th run
noise dimension : 27
noise variance: 266.4175109863281
original u-statistic:0.19841933250427246
p value proxy: 0.12956809997558594
result: False
power_upto_now: 0.6810035705566406
280th run
noise dimension : 27
noise variance: 266.30560302734375
original u-statistic:0.4814798831939697
p value proxy: 0.016611294820904732
result: True
power_upto_now: 0.6821428537368774
281th run
noise dimension : 27
noise variance: 266.5282287597656
original u-statistic:0.7330367565155029
p value proxy: 0.006644518114626408
result: True
power_upto_now: 0.6832740306854248
282th run
noise dimension : 27
noise variance: 265.2026062011719
original u-statistic:0.6960525512695312
p value proxy: 0.009966777637600899
result: True
power_upto_now: 0.6843971610069275
283th run
noise dimension : 27
noise variance: 265.39422607421875
original u-statistic:-0.13135385513305664
p value proxy: 0.7541528344154358
result: False
power_upto_now: 0.6819788217544556
284th run
noise dimension : 27
noise variance: 266.0467834472656
original u-statistic:0.2036266326904297
p value proxy: 0.14617939293384552
result: False
power_upto_now: 0.6795774698257446
285th run
noise dimension : 27
noise variance: 266.5479431152344
original u-statistic:0.9820244312286377
p value proxy: 0.003322259057313204
result: True
power_upto_now: 0.680701732635498
286th run
noise dimension : 27
noise variance: 266.4540100097656
original u-statistic:0.812962532043457
p value proxy: 0.003322259057313204
result: True
power_upto_now: 0.6818181872367859
287th run
noise dimension : 27
noise variance: 265.8433532714844
original u-statistic:0.5116829872131348
p value proxy: 0.009966777637600899
result: True
power_upto_now: 0.6829268336296082
288th run
noise dimension : 27
noise variance: 267.0743103027344
original u-statistic:0.2907702922821045
p value proxy: 0.08637873828411102
result: False
power_upto_now: 0.6805555820465088
289th run
noise dimension : 27
noise variance: 267.0580139160156
original u-statistic:-0.164872407913208
p value proxy: 0.7840531468391418
result: False
power_upto_now: 0.6782007217407227
290th run
noise dimension : 27
noise variance: 266.7777099609375
original u-statistic:0.5788366794586182
p value proxy: 0.009966777637600899
result: True
power_upto_now: 0.6793103218078613
291th run
noise dimension : 27
noise variance: 267.2041931152344
original u-statistic:0.1774733066558838
p value proxy: 0.13621261715888977
result: False
power_upto_now: 0.6769759654998779
292th run
noise dimension : 27
noise variance: 265.73956298828125
original u-statistic:0.8732080459594727
p value proxy: 0.003322259057313204
result: True
power_upto_now: 0.6780821681022644
293th run
noise dimension : 27
noise variance: 267.1337585449219
original u-statistic:0.37888097763061523
p value proxy: 0.039867110550403595
result: True
power_upto_now: 0.6791808605194092
294th run
noise dimension : 27
noise variance: 266.2314147949219
original u-statistic:0.47989463806152344
p value proxy: 0.019933555275201797
result: True
power_upto_now: 0.680272102355957
295th run
noise dimension : 27
noise variance: 267.3302001953125
original u-statistic:0.7553036212921143
p value proxy: 0.003322259057313204
result: True
power_upto_now: 0.6813559532165527
296th run
noise dimension : 27
noise variance: 265.9053039550781
original u-statistic:0.7368161678314209
p value proxy: 0.003322259057313204
result: True
power_upto_now: 0.6824324131011963
297th run
noise dimension : 27
noise variance: 266.3271179199219
original u-statistic:0.7871584892272949
p value proxy: 0.006644518114626408
result: True
power_upto_now: 0.683501660823822
298th run
noise dimension : 27
noise variance: 266.9131164550781
original u-statistic:1.0419845581054688
p value proxy: 0.003322259057313204
result: True
power_upto_now: 0.6845637559890747
299th run
noise dimension : 27
noise variance: 267.455078125
original u-statistic:0.526296854019165
p value proxy: 0.009966777637600899
result: True
power_upto_now: 0.6856187582015991
300th run
noise dimension : 27
noise variance: 266.6618957519531
original u-statistic:0.8846237659454346
p value proxy: 0.003322259057313204
result: True
power_upto_now: 0.6866666674613953
301th run
noise dimension : 27
noise variance: 266.7706604003906
original u-statistic:0.7455418109893799
p value proxy: 0.006644518114626408
result: True
power_upto_now: 0.6877076625823975
302th run
noise dimension : 27
noise variance: 266.45904541015625
original u-statistic:0.17576313018798828
p value proxy: 0.16943521797657013
result: False
power_upto_now: 0.6854304671287537
303th run
noise dimension : 27
noise variance: 266.0775146484375
original u-statistic:0.5676896572113037
p value proxy: 0.009966777637600899
result: True
power_upto_now: 0.6864686608314514
304th run
noise dimension : 27
noise variance: 266.4518127441406
original u-statistic:0.7210683822631836
p value proxy: 0.003322259057313204
result: True
power_upto_now: 0.6875
305th run
noise dimension : 27
noise variance: 266.6430969238281
original u-statistic:1.0272395610809326
p value proxy: 0.003322259057313204
result: True
power_upto_now: 0.688524603843689
306th run
noise dimension : 27
noise variance: 266.4243469238281
original u-statistic:0.1341085433959961
p value proxy: 0.2059800624847412
result: False
power_upto_now: 0.686274528503418
307th run
noise dimension : 27
noise variance: 266.9523620605469
original u-statistic:0.14653611183166504
p value proxy: 0.21926909685134888
result: False
power_upto_now: 0.6840391159057617
308th run
noise dimension : 27
noise variance: 266.6510009765625
original u-statistic:0.3797316551208496
p value proxy: 0.039867110550403595
result: True
power_upto_now: 0.6850649118423462
309th run
noise dimension : 27
noise variance: 267.1710510253906
original u-statistic:0.5912508964538574
p value proxy: 0.006644518114626408
result: True
power_upto_now: 0.6860841512680054
310th run
noise dimension : 27
noise variance: 265.45050048828125
original u-statistic:0.7765812873840332
p value proxy: 0.003322259057313204
result: True
power_upto_now: 0.6870967745780945
311th run
noise dimension : 27
noise variance: 266.1719055175781
original u-statistic:0.59275221824646
p value proxy: 0.006644518114626408
result: True
power_upto_now: 0.6881029009819031
312th run
noise dimension : 27
noise variance: 266.9097900390625
original u-statistic:0.2799720764160156
p value proxy: 0.10631228983402252
result: False
power_upto_now: 0.6858974099159241
313th run
noise dimension : 27
noise variance: 266.1003112792969
original u-statistic:0.590911865234375
p value proxy: 0.013289036229252815
result: True
power_upto_now: 0.6869009733200073
314th run
noise dimension : 27
noise variance: 266.42608642578125
original u-statistic:0.746079683303833
p value proxy: 0.003322259057313204
result: True
power_upto_now: 0.6878980994224548
315th run
noise dimension : 27
noise variance: 266.20526123046875
original u-statistic:0.41103029251098633
p value proxy: 0.039867110550403595
result: True
power_upto_now: 0.6888889074325562
316th run
noise dimension : 27
noise variance: 267.9644775390625
original u-statistic:0.6919255256652832
p value proxy: 0.003322259057313204
result: True
power_upto_now: 0.6898733973503113
317th run
noise dimension : 27
noise variance: 266.04595947265625
original u-statistic:0.20050644874572754
p value proxy: 0.1428571343421936
result: False
power_upto_now: 0.687697172164917
318th run
noise dimension : 27
noise variance: 267.0927429199219
original u-statistic:0.6394166946411133
p value proxy: 0.006644518114626408
result: True
power_upto_now: 0.6886792182922363
319th run
noise dimension : 27
noise variance: 266.7856750488281
original u-statistic:0.437485933303833
p value proxy: 0.016611294820904732
result: True
power_upto_now: 0.6896551847457886
320th run
noise dimension : 27
noise variance: 266.7481689453125
original u-statistic:0.17111468315124512
p value proxy: 0.1627907007932663
result: False
power_upto_now: 0.6875
321th run
noise dimension : 27
noise variance: 266.8145446777344
original u-statistic:0.7226870059967041
p value proxy: 0.006644518114626408
result: True
power_upto_now: 0.6884735226631165
322th run
noise dimension : 27
noise variance: 266.86700439453125
original u-statistic:0.019774436950683594
p value proxy: 0.43853819370269775
result: False
power_upto_now: 0.6863353848457336
323th run
noise dimension : 27
noise variance: 266.81707763671875
original u-statistic:0.8694519996643066
p value proxy: 0.003322259057313204
result: True
power_upto_now: 0.6873065233230591
324th run
noise dimension : 27
noise variance: 266.04071044921875
original u-statistic:0.3912496566772461
p value proxy: 0.05647840350866318
result: False
power_upto_now: 0.6851851940155029
325th run
noise dimension : 27
noise variance: 267.3613586425781
original u-statistic:0.20917463302612305
p value proxy: 0.14950165152549744
result: False
power_upto_now: 0.6830769181251526
326th run
noise dimension : 27
noise variance: 266.323974609375
original u-statistic:0.31201744079589844
p value proxy: 0.07641195505857468
result: False
power_upto_now: 0.6809815764427185
327th run
noise dimension : 27
noise variance: 266.8472900390625
original u-statistic:0.4954836368560791
p value proxy: 0.013289036229252815
result: True
power_upto_now: 0.6819571852684021
328th run
noise dimension : 27
noise variance: 267.06146240234375
original u-statistic:0.6120615005493164
p value proxy: 0.009966777637600899
result: True
power_upto_now: 0.6829268336296082
329th run
noise dimension : 27
noise variance: 267.54840087890625
original u-statistic:0.09453606605529785
p value proxy: 0.2890365421772003
result: False
power_upto_now: 0.6808510422706604
330th run
noise dimension : 27
noise variance: 267.17767333984375
original u-statistic:0.12529826164245605
p value proxy: 0.262458473443985
result: False
power_upto_now: 0.678787887096405
331th run
noise dimension : 27
noise variance: 266.8453674316406
original u-statistic:0.5493216514587402
p value proxy: 0.013289036229252815
result: True
power_upto_now: 0.6797583103179932
332th run
noise dimension : 27
noise variance: 266.1559143066406
original u-statistic:0.41353416442871094
p value proxy: 0.02657807245850563
result: True
power_upto_now: 0.6807228922843933
333th run
noise dimension : 27
noise variance: 266.5308837890625
original u-statistic:0.5527048110961914
p value proxy: 0.009966777637600899
result: True
power_upto_now: 0.6816816926002502
334th run
noise dimension : 27
noise variance: 267.9147644042969
original u-statistic:0.7660596370697021
p value proxy: 0.003322259057313204
result: True
power_upto_now: 0.682634711265564
335th run
noise dimension : 27
noise variance: 265.8217468261719
original u-statistic:0.715430498123169
p value proxy: 0.003322259057313204
result: True
power_upto_now: 0.683582067489624
336th run
noise dimension : 27
noise variance: 266.9786376953125
original u-statistic:1.2860031127929688
p value proxy: 0.003322259057313204
result: True
power_upto_now: 0.6845238208770752
337th run
noise dimension : 27
noise variance: 265.91473388671875
original u-statistic:0.7463624477386475
p value proxy: 0.003322259057313204
result: True
power_upto_now: 0.6854599118232727
338th run
noise dimension : 27
noise variance: 267.0267639160156
original u-statistic:0.37926435470581055
p value proxy: 0.03654484823346138
result: True
power_upto_now: 0.6863905191421509
339th run
noise dimension : 27
noise variance: 266.2492980957031
original u-statistic:0.04961109161376953
p value proxy: 0.35880398750305176
result: False
power_upto_now: 0.6843658089637756
340th run
noise dimension : 27
noise variance: 267.4018249511719
original u-statistic:0.1707141399383545
p value proxy: 0.15946844220161438
result: False
power_upto_now: 0.6823529601097107
341th run
noise dimension : 27
noise variance: 266.7749328613281
original u-statistic:0.521198034286499
p value proxy: 0.016611294820904732
result: True
power_upto_now: 0.6832844614982605
342th run
noise dimension : 27
noise variance: 267.24810791015625
original u-statistic:0.34439706802368164
p value proxy: 0.05315614491701126
result: False
power_upto_now: 0.6812865734100342
343th run
noise dimension : 27
noise variance: 266.1926574707031
original u-statistic:0.07056140899658203
p value proxy: 0.3654485046863556
result: False
power_upto_now: 0.6793003082275391
344th run
noise dimension : 27
noise variance: 266.99859619140625
original u-statistic:0.4864511489868164
p value proxy: 0.009966777637600899
result: True
power_upto_now: 0.680232584476471
345th run
noise dimension : 27
noise variance: 266.76458740234375
original u-statistic:0.21251606941223145
p value proxy: 0.19269102811813354
result: False
power_upto_now: 0.678260862827301
346th run
noise dimension : 27
noise variance: 266.5542907714844
original u-statistic:0.6864359378814697
p value proxy: 0.003322259057313204
result: True
power_upto_now: 0.6791907548904419
347th run
noise dimension : 27
noise variance: 266.7135925292969
original u-statistic:0.6611483097076416
p value proxy: 0.006644518114626408
result: True
power_upto_now: 0.680115282535553
348th run
noise dimension : 27
noise variance: 267.22100830078125
original u-statistic:0.9079313278198242
p value proxy: 0.003322259057313204
result: True
power_upto_now: 0.681034505367279
349th run
noise dimension : 27
noise variance: 267.08782958984375
original u-statistic:0.3457636833190918
p value proxy: 0.04318936914205551
result: True
power_upto_now: 0.6819484233856201
350th run
noise dimension : 27
noise variance: 266.613037109375
original u-statistic:0.14339303970336914
p value proxy: 0.2425249069929123
result: False
power_upto_now: 0.6800000071525574
351th run
noise dimension : 27
noise variance: 266.5296936035156
original u-statistic:1.3026800155639648
p value proxy: 0.003322259057313204
result: True
power_upto_now: 0.680911660194397
352th run
noise dimension : 27
noise variance: 266.1915283203125
original u-statistic:-0.007766246795654297
p value proxy: 0.4451827108860016
result: False
power_upto_now: 0.6789772510528564
353th run
noise dimension : 27
noise variance: 266.21728515625
original u-statistic:0.21698355674743652
p value proxy: 0.1395348757505417
result: False
power_upto_now: 0.6770538091659546
354th run
noise dimension : 27
noise variance: 265.75140380859375
original u-statistic:0.22701263427734375
p value proxy: 0.1395348757505417
result: False
power_upto_now: 0.6751412153244019
355th run
noise dimension : 27
noise variance: 267.21466064453125
original u-statistic:0.7089238166809082
p value proxy: 0.003322259057313204
result: True
power_upto_now: 0.6760563254356384
356th run
noise dimension : 27
noise variance: 266.2597961425781
original u-statistic:1.0802552700042725
p value proxy: 0.003322259057313204
result: True
power_upto_now: 0.6769663095474243
357th run
noise dimension : 27
noise variance: 266.1169738769531
original u-statistic:0.5954751968383789
p value proxy: 0.009966777637600899
result: True
power_upto_now: 0.6778711676597595
358th run
noise dimension : 27
noise variance: 265.1378479003906
original u-statistic:0.2890043258666992
p value proxy: 0.0830564796924591
result: False
power_upto_now: 0.6759776473045349
359th run
noise dimension : 27
noise variance: 266.80364990234375
original u-statistic:0.6389265060424805
p value proxy: 0.006644518114626408
result: True
power_upto_now: 0.6768802404403687
360th run
noise dimension : 27
noise variance: 267.0275573730469
original u-statistic:0.28307652473449707
p value proxy: 0.0830564796924591
result: False
power_upto_now: 0.675000011920929
361th run
noise dimension : 27
noise variance: 267.0154113769531
original u-statistic:0.5738332271575928
p value proxy: 0.006644518114626408
result: True
power_upto_now: 0.6759002804756165
362th run
noise dimension : 27
noise variance: 268.240478515625
original u-statistic:0.6259372234344482
p value proxy: 0.006644518114626408
result: True
power_upto_now: 0.6767956018447876
363th run
noise dimension : 27
noise variance: 266.4147033691406
original u-statistic:0.46300172805786133
p value proxy: 0.006644518114626408
result: True
power_upto_now: 0.6776859760284424
364th run
noise dimension : 27
noise variance: 265.92327880859375
original u-statistic:1.0253751277923584
p value proxy: 0.003322259057313204
result: True
power_upto_now: 0.6785714030265808
365th run
noise dimension : 27
noise variance: 267.2905578613281
original u-statistic:0.09337067604064941
p value proxy: 0.3056478202342987
result: False
power_upto_now: 0.6767123341560364
366th run
noise dimension : 27
noise variance: 267.0538024902344
original u-statistic:0.570307731628418
p value proxy: 0.003322259057313204
result: True
power_upto_now: 0.6775956153869629
367th run
noise dimension : 27
noise variance: 266.3216552734375
original u-statistic:0.3614025115966797
p value proxy: 0.039867110550403595
result: True
power_upto_now: 0.6784741282463074
368th run
noise dimension : 27
noise variance: 266.2872619628906
original u-statistic:0.4615757465362549
p value proxy: 0.023255813866853714
result: True
power_upto_now: 0.679347813129425
369th run
noise dimension : 27
noise variance: 267.4908752441406
original u-statistic:0.2681128978729248
p value proxy: 0.08637873828411102
result: False
power_upto_now: 0.6775068044662476
370th run
noise dimension : 27
noise variance: 267.1827392578125
original u-statistic:-0.013720989227294922
p value proxy: 0.5016611218452454
result: False
power_upto_now: 0.6756756901741028
371th run
noise dimension : 27
noise variance: 266.7474060058594
original u-statistic:0.5280313491821289
p value proxy: 0.019933555275201797
result: True
power_upto_now: 0.6765498518943787
372th run
noise dimension : 27
noise variance: 266.46661376953125
original u-statistic:0.3884115219116211
p value proxy: 0.05647840350866318
result: False
power_upto_now: 0.6747311949729919
373th run
noise dimension : 27
noise variance: 266.3973693847656
original u-statistic:0.7490622997283936
p value proxy: 0.003322259057313204
result: True
power_upto_now: 0.6756032109260559
374th run
noise dimension : 27
noise variance: 267.4377746582031
original u-statistic:1.2372803688049316
p value proxy: 0.003322259057313204
result: True
power_upto_now: 0.6764705777168274
375th run
noise dimension : 27
noise variance: 266.7157287597656
original u-statistic:0.052643775939941406
p value proxy: 0.3654485046863556
result: False
power_upto_now: 0.6746666431427002
376th run
noise dimension : 27
noise variance: 266.9073181152344
original u-statistic:0.12281084060668945
p value proxy: 0.25249168276786804
result: False
power_upto_now: 0.6728723645210266
377th run
noise dimension : 27
noise variance: 267.1385498046875
original u-statistic:1.4598476886749268
p value proxy: 0.003322259057313204
result: True
power_upto_now: 0.673740029335022
378th run
noise dimension : 27
noise variance: 267.3958435058594
original u-statistic:0.44591283798217773
p value proxy: 0.033222589641809464
result: True
power_upto_now: 0.6746031641960144
379th run
noise dimension : 27
noise variance: 267.4520568847656
original u-statistic:0.23853635787963867
p value proxy: 0.1029900312423706
result: False
power_upto_now: 0.6728231906890869
380th run
noise dimension : 27
noise variance: 266.66448974609375
original u-statistic:0.7653541564941406
p value proxy: 0.009966777637600899
result: True
power_upto_now: 0.6736842393875122
381th run
noise dimension : 27
noise variance: 268.0024108886719
original u-statistic:0.15712571144104004
p value proxy: 0.2425249069929123
result: False
power_upto_now: 0.6719160079956055
382th run
noise dimension : 27
noise variance: 266.6880798339844
original u-statistic:0.9372117519378662
p value proxy: 0.003322259057313204
result: True
power_upto_now: 0.6727748513221741
383th run
noise dimension : 27
noise variance: 266.8516540527344
original u-statistic:0.36790943145751953
p value proxy: 0.05315614491701126
result: False
power_upto_now: 0.6710183024406433
384th run
noise dimension : 27
noise variance: 266.7066650390625
original u-statistic:0.12355661392211914
p value proxy: 0.27242523431777954
result: False
power_upto_now: 0.6692708134651184
385th run
noise dimension : 27
noise variance: 267.6938171386719
original u-statistic:0.44719862937927246
p value proxy: 0.019933555275201797
result: True
power_upto_now: 0.6701298952102661
386th run
noise dimension : 27
noise variance: 266.4475402832031
original u-statistic:1.541982889175415
p value proxy: 0.003322259057313204
result: True
power_upto_now: 0.6709844470024109
387th run
noise dimension : 27
noise variance: 267.2992858886719
original u-statistic:0.6223292350769043
p value proxy: 0.003322259057313204
result: True
power_upto_now: 0.6718346476554871
388th run
noise dimension : 27
noise variance: 266.7710266113281
original u-statistic:0.5854017734527588
p value proxy: 0.013289036229252815
result: True
power_upto_now: 0.6726804375648499
389th run
noise dimension : 27
noise variance: 267.80816650390625
original u-statistic:0.9671697616577148
p value proxy: 0.003322259057313204
result: True
power_upto_now: 0.673521876335144
390th run
noise dimension : 27
noise variance: 266.6281433105469
original u-statistic:0.5007493495941162
p value proxy: 0.016611294820904732
result: True
power_upto_now: 0.6743589639663696
391th run
noise dimension : 27
noise variance: 266.94586181640625
original u-statistic:0.13936591148376465
p value proxy: 0.19601328670978546
result: False
power_upto_now: 0.6726342439651489
392th run
noise dimension : 27
noise variance: 267.3338623046875
original u-statistic:1.1601130962371826
p value proxy: 0.003322259057313204
result: True
power_upto_now: 0.6734693646430969
393th run
noise dimension : 27
noise variance: 266.1112060546875
original u-statistic:0.6409342288970947
p value proxy: 0.003322259057313204
result: True
power_upto_now: 0.6743002533912659
394th run
noise dimension : 27
noise variance: 267.35089111328125
original u-statistic:1.0944831371307373
p value proxy: 0.003322259057313204
result: True
power_upto_now: 0.6751269102096558
395th run
noise dimension : 27
noise variance: 266.717041015625
original u-statistic:0.4132251739501953
p value proxy: 0.04318936914205551
result: True
power_upto_now: 0.6759493947029114
396th run
noise dimension : 27
noise variance: 266.6288146972656
original u-statistic:0.7364373207092285
p value proxy: 0.003322259057313204
result: True
power_upto_now: 0.6767676472663879
397th run
noise dimension : 27
noise variance: 266.67510986328125
original u-statistic:1.0274889469146729
p value proxy: 0.003322259057313204
result: True
power_upto_now: 0.6775818467140198
398th run
noise dimension : 27
noise variance: 267.55621337890625
original u-statistic:0.6612441539764404
p value proxy: 0.003322259057313204
result: True
power_upto_now: 0.6783919334411621
399th run
noise dimension : 27
noise variance: 267.0406494140625
original u-statistic:0.31671810150146484
p value proxy: 0.07973422110080719
result: False
power_upto_now: 0.6766917109489441
400th run
noise dimension : 27
noise variance: 266.0243835449219
original u-statistic:0.8069782257080078
p value proxy: 0.003322259057313204
result: True
power_upto_now: 0.6775000095367432
401th run
noise dimension : 27
noise variance: 267.6247863769531
original u-statistic:0.2016439437866211
p value proxy: 0.15282391011714935
result: False
power_upto_now: 0.6758104562759399
402th run
noise dimension : 27
noise variance: 265.40863037109375
original u-statistic:1.030944585800171
p value proxy: 0.003322259057313204
result: True
power_upto_now: 0.676616907119751
403th run
noise dimension : 27
noise variance: 266.5284423828125
original u-statistic:1.011486530303955
p value proxy: 0.003322259057313204
result: True
power_upto_now: 0.6774193644523621
404th run
noise dimension : 27
noise variance: 266.74578857421875
original u-statistic:0.43415260314941406
p value proxy: 0.049833886325359344
result: True
power_upto_now: 0.6782178282737732
405th run
noise dimension : 27
noise variance: 265.594970703125
original u-statistic:0.41940999031066895
p value proxy: 0.02657807245850563
result: True
power_upto_now: 0.6790123581886292
406th run
noise dimension : 27
noise variance: 267.0142517089844
original u-statistic:0.8374743461608887
p value proxy: 0.003322259057313204
result: True
power_upto_now: 0.6798029541969299
407th run
noise dimension : 27
noise variance: 267.11041259765625
original u-statistic:0.7458662986755371
p value proxy: 0.003322259057313204
result: True
power_upto_now: 0.6805896759033203
408th run
noise dimension : 27
noise variance: 266.41741943359375
original u-statistic:0.42303919792175293
p value proxy: 0.029900331050157547
result: True
power_upto_now: 0.6813725233078003
409th run
noise dimension : 27
noise variance: 266.85845947265625
original u-statistic:0.5710818767547607
p value proxy: 0.006644518114626408
result: True
power_upto_now: 0.6821516156196594
410th run
noise dimension : 27
noise variance: 266.7276916503906
original u-statistic:0.8438911437988281
p value proxy: 0.003322259057313204
result: True
power_upto_now: 0.6829268336296082
411th run
noise dimension : 27
noise variance: 266.1329345703125
original u-statistic:0.393632173538208
p value proxy: 0.033222589641809464
result: True
power_upto_now: 0.683698296546936
412th run
noise dimension : 27
noise variance: 266.0940856933594
original u-statistic:0.6707968711853027
p value proxy: 0.006644518114626408
result: True
power_upto_now: 0.6844660043716431
413th run
noise dimension : 27
noise variance: 266.6819763183594
original u-statistic:0.8679971694946289
p value proxy: 0.003322259057313204
result: True
power_upto_now: 0.685230016708374
414th run
noise dimension : 27
noise variance: 266.3114318847656
original u-statistic:0.6127414703369141
p value proxy: 0.003322259057313204
result: True
power_upto_now: 0.6859903335571289
415th run
noise dimension : 27
noise variance: 266.3707580566406
original u-statistic:0.44895005226135254
p value proxy: 0.006644518114626408
result: True
power_upto_now: 0.6867470145225525
416th run
noise dimension : 27
noise variance: 266.6221618652344
original u-statistic:0.42111802101135254
p value proxy: 0.03654484823346138
result: True
power_upto_now: 0.6875
417th run
noise dimension : 27
noise variance: 266.3117370605469
original u-statistic:0.6214010715484619
p value proxy: 0.013289036229252815
result: True
power_upto_now: 0.688249409198761
418th run
noise dimension : 27
noise variance: 267.33056640625
original u-statistic:0.07636690139770508
p value proxy: 0.3521594703197479
result: False
power_upto_now: 0.6866028904914856
419th run
noise dimension : 27
noise variance: 265.90960693359375
original u-statistic:0.13599133491516113
p value proxy: 0.2591361999511719
result: False
power_upto_now: 0.6849641799926758
420th run
noise dimension : 27
noise variance: 266.1600341796875
original u-statistic:0.7452735900878906
p value proxy: 0.006644518114626408
result: True
power_upto_now: 0.6857143044471741
421th run
noise dimension : 27
noise variance: 265.6292724609375
original u-statistic:0.7021689414978027
p value proxy: 0.006644518114626408
result: True
power_upto_now: 0.6864607930183411
422th run
noise dimension : 27
noise variance: 266.41082763671875
original u-statistic:0.2876589298248291
p value proxy: 0.07308969646692276
result: False
power_upto_now: 0.6848341226577759
423th run
noise dimension : 27
noise variance: 267.1349182128906
original u-statistic:0.6278021335601807
p value proxy: 0.009966777637600899
result: True
power_upto_now: 0.6855791807174683
424th run
noise dimension : 27
noise variance: 266.0955810546875
original u-statistic:0.2364356517791748
p value proxy: 0.12956809997558594
result: False
power_upto_now: 0.6839622855186462
425th run
noise dimension : 27
noise variance: 266.67498779296875
original u-statistic:0.45080041885375977
p value proxy: 0.009966777637600899
result: True
power_upto_now: 0.6847058534622192
426th run
noise dimension : 27
noise variance: 267.3464660644531
original u-statistic:0.399061918258667
p value proxy: 0.033222589641809464
result: True
power_upto_now: 0.68544602394104
427th run
noise dimension : 27
noise variance: 266.95074462890625
original u-statistic:0.254302978515625
p value proxy: 0.11960132420063019
result: False
power_upto_now: 0.6838407516479492
428th run
noise dimension : 27
noise variance: 267.2421569824219
original u-statistic:0.2635068893432617
p value proxy: 0.09966777265071869
result: False
power_upto_now: 0.6822429895401001
429th run
noise dimension : 27
noise variance: 266.6916809082031
original u-statistic:0.706477165222168
p value proxy: 0.003322259057313204
result: True
power_upto_now: 0.6829836964607239
430th run
noise dimension : 27
noise variance: 266.6592102050781
original u-statistic:0.3472890853881836
p value proxy: 0.07641195505857468
result: False
power_upto_now: 0.6813953518867493
431th run
noise dimension : 27
noise variance: 267.4096984863281
original u-statistic:0.6434555053710938
p value proxy: 0.009966777637600899
result: True
power_upto_now: 0.6821345686912537
432th run
noise dimension : 27
noise variance: 266.4408264160156
original u-statistic:1.0904872417449951
p value proxy: 0.003322259057313204
result: True
power_upto_now: 0.6828703880310059
433th run
noise dimension : 27
noise variance: 268.1318359375
original u-statistic:0.5782420635223389
p value proxy: 0.009966777637600899
result: True
power_upto_now: 0.6836027503013611
434th run
noise dimension : 27
noise variance: 267.2967834472656
original u-statistic:0.5904920101165771
p value proxy: 0.009966777637600899
result: True
power_upto_now: 0.6843317747116089
435th run
noise dimension : 27
noise variance: 266.3291931152344
original u-statistic:0.40937113761901855
p value proxy: 0.033222589641809464
result: True
power_upto_now: 0.6850574612617493
436th run
noise dimension : 27
noise variance: 266.3243408203125
original u-statistic:0.9965023994445801
p value proxy: 0.003322259057313204
result: True
power_upto_now: 0.6857798099517822
437th run
noise dimension : 27
noise variance: 266.8859558105469
original u-statistic:0.5199904441833496
p value proxy: 0.013289036229252815
result: True
power_upto_now: 0.6864988803863525
438th run
noise dimension : 27
noise variance: 266.2371520996094
original u-statistic:0.8285961151123047
p value proxy: 0.003322259057313204
result: True
power_upto_now: 0.6872146129608154
439th run
noise dimension : 27
noise variance: 266.983154296875
original u-statistic:0.20317459106445312
p value proxy: 0.1661129593849182
result: False
power_upto_now: 0.6856492161750793
440th run
noise dimension : 27
noise variance: 266.2084045410156
original u-statistic:0.6228158473968506
p value proxy: 0.009966777637600899
result: True
power_upto_now: 0.6863636374473572
441th run
noise dimension : 27
noise variance: 266.5972900390625
original u-statistic:0.48401546478271484
p value proxy: 0.009966777637600899
result: True
power_upto_now: 0.6870748400688171
442th run
noise dimension : 27
noise variance: 267.0161437988281
original u-statistic:0.6954874992370605
p value proxy: 0.009966777637600899
result: True
power_upto_now: 0.6877828240394592
443th run
noise dimension : 27
noise variance: 266.53924560546875
original u-statistic:0.3730733394622803
p value proxy: 0.02657807245850563
result: True
power_upto_now: 0.6884875893592834
444th run
noise dimension : 27
noise variance: 267.9765930175781
original u-statistic:0.18464326858520508
p value proxy: 0.1860465109348297
result: False
power_upto_now: 0.6869369149208069
445th run
noise dimension : 27
noise variance: 267.9915466308594
original u-statistic:0.29802846908569336
p value proxy: 0.07308969646692276
result: False
power_upto_now: 0.6853932738304138
446th run
noise dimension : 27
noise variance: 267.23089599609375
original u-statistic:0.5249569416046143
p value proxy: 0.019933555275201797
result: True
power_upto_now: 0.6860986351966858
447th run
noise dimension : 27
noise variance: 265.86224365234375
original u-statistic:0.40756964683532715
p value proxy: 0.04318936914205551
result: True
power_upto_now: 0.6868008971214294
448th run
noise dimension : 27
noise variance: 266.0766296386719
original u-statistic:0.7616961002349854
p value proxy: 0.006644518114626408
result: True
power_upto_now: 0.6875
449th run
noise dimension : 27
noise variance: 266.3347473144531
original u-statistic:0.326383113861084
p value proxy: 0.05647840350866318
result: False
power_upto_now: 0.685968816280365
450th run
noise dimension : 27
noise variance: 267.51025390625
original u-statistic:0.393326997756958
p value proxy: 0.033222589641809464
result: True
power_upto_now: 0.6866666674613953
451th run
noise dimension : 27
noise variance: 266.29901123046875
original u-statistic:0.5363714694976807
p value proxy: 0.016611294820904732
result: True
power_upto_now: 0.6873614192008972
452th run
noise dimension : 27
noise variance: 266.5710754394531
original u-statistic:0.44365906715393066
p value proxy: 0.039867110550403595
result: True
power_upto_now: 0.6880530714988708
453th run
noise dimension : 27
noise variance: 266.9247741699219
original u-statistic:0.7628896236419678
p value proxy: 0.006644518114626408
result: True
power_upto_now: 0.6887417435646057
454th run
noise dimension : 27
noise variance: 265.817138671875
original u-statistic:0.4019300937652588
p value proxy: 0.023255813866853714
result: True
power_upto_now: 0.6894273161888123
455th run
noise dimension : 27
noise variance: 266.4357604980469
original u-statistic:0.2359015941619873
p value proxy: 0.1229235827922821
result: False
power_upto_now: 0.687912106513977
456th run
noise dimension : 27
noise variance: 267.1539001464844
original u-statistic:0.514005184173584
p value proxy: 0.009966777637600899
result: True
power_upto_now: 0.6885964870452881
457th run
noise dimension : 27
noise variance: 267.01708984375
original u-statistic:0.11378717422485352
p value proxy: 0.2657807171344757
result: False
power_upto_now: 0.687089741230011
458th run
noise dimension : 27
noise variance: 267.11358642578125
original u-statistic:0.5229849815368652
p value proxy: 0.009966777637600899
result: True
power_upto_now: 0.6877729296684265
459th run
noise dimension : 27
noise variance: 266.37396240234375
original u-statistic:-0.022144794464111328
p value proxy: 0.4916943311691284
result: False
power_upto_now: 0.686274528503418
460th run
noise dimension : 27
noise variance: 267.11871337890625
original u-statistic:0.31940603256225586
p value proxy: 0.04318936914205551
result: True
power_upto_now: 0.686956524848938
461th run
noise dimension : 27
noise variance: 267.5395812988281
original u-statistic:0.21062064170837402
p value proxy: 0.14950165152549744
result: False
power_upto_now: 0.6854663491249084
462th run
noise dimension : 27
noise variance: 267.0606689453125
original u-statistic:0.48375511169433594
p value proxy: 0.016611294820904732
result: True
power_upto_now: 0.6861472129821777
463th run
noise dimension : 27
noise variance: 267.23748779296875
original u-statistic:0.4110283851623535
p value proxy: 0.039867110550403595
result: True
power_upto_now: 0.6868250370025635
464th run
noise dimension : 27
noise variance: 266.4006652832031
original u-statistic:0.31592440605163574
p value proxy: 0.08970099687576294
result: False
power_upto_now: 0.6853448152542114
465th run
noise dimension : 27
noise variance: 267.4808349609375
original u-statistic:0.4096364974975586
p value proxy: 0.02657807245850563
result: True
power_upto_now: 0.6860215067863464
466th run
noise dimension : 27
noise variance: 267.1069030761719
original u-statistic:0.3068966865539551
p value proxy: 0.09302325546741486
result: False
power_upto_now: 0.6845493316650391
467th run
noise dimension : 27
noise variance: 266.20928955078125
original u-statistic:1.076873779296875
p value proxy: 0.003322259057313204
result: True
power_upto_now: 0.6852248311042786
468th run
noise dimension : 27
noise variance: 266.8526611328125
original u-statistic:0.5836029052734375
p value proxy: 0.006644518114626408
result: True
power_upto_now: 0.6858974099159241
469th run
noise dimension : 27
noise variance: 266.4103088378906
original u-statistic:0.697054386138916
p value proxy: 0.006644518114626408
result: True
power_upto_now: 0.6865671873092651
470th run
noise dimension : 27
noise variance: 265.9231262207031
original u-statistic:0.027797698974609375
p value proxy: 0.382059782743454
result: False
power_upto_now: 0.6851063966751099
471th run
noise dimension : 27
noise variance: 266.57281494140625
original u-statistic:-0.06052756309509277
p value proxy: 0.6079733967781067
result: False
power_upto_now: 0.6836518049240112
472th run
noise dimension : 27
noise variance: 265.9048767089844
original u-statistic:0.45358872413635254
p value proxy: 0.016611294820904732
result: True
power_upto_now: 0.6843220591545105
473th run
noise dimension : 27
noise variance: 266.8181457519531
original u-statistic:0.05225825309753418
p value proxy: 0.2790697515010834
result: False
power_upto_now: 0.6828752756118774
474th run
noise dimension : 27
noise variance: 265.6133117675781
original u-statistic:0.35352635383605957
p value proxy: 0.04318936914205551
result: True
power_upto_now: 0.6835442781448364
475th run
noise dimension : 27
noise variance: 266.3482971191406
original u-statistic:0.2922077178955078
p value proxy: 0.08970099687576294
result: False
power_upto_now: 0.6821052432060242
476th run
noise dimension : 27
noise variance: 265.90423583984375
original u-statistic:1.0965559482574463
p value proxy: 0.003322259057313204
result: True
power_upto_now: 0.6827731132507324
477th run
noise dimension : 27
noise variance: 267.1053466796875
original u-statistic:0.7813665866851807
p value proxy: 0.003322259057313204
result: True
power_upto_now: 0.6834381818771362
478th run
noise dimension : 27
noise variance: 266.6902770996094
original u-statistic:0.22871160507202148
p value proxy: 0.08970099687576294
result: False
power_upto_now: 0.6820083856582642
479th run
noise dimension : 27
noise variance: 266.9101257324219
original u-statistic:-0.1983473300933838
p value proxy: 0.8671095967292786
result: False
power_upto_now: 0.6805845499038696
480th run
noise dimension : 27
noise variance: 266.489013671875
original u-statistic:0.9690272808074951
p value proxy: 0.003322259057313204
result: True
power_upto_now: 0.6812499761581421
481th run
noise dimension : 27
noise variance: 266.4798278808594
original u-statistic:0.7016890048980713
p value proxy: 0.003322259057313204
result: True
power_upto_now: 0.6819126605987549
482th run
noise dimension : 27
noise variance: 266.6372985839844
original u-statistic:0.13270854949951172
p value proxy: 0.19933554530143738
result: False
power_upto_now: 0.680497944355011
483th run
noise dimension : 27
noise variance: 266.17596435546875
original u-statistic:0.4474148750305176
p value proxy: 0.039867110550403595
result: True
power_upto_now: 0.6811594367027283
484th run
noise dimension : 27
noise variance: 266.617919921875
original u-statistic:1.2391870021820068
p value proxy: 0.003322259057313204
result: True
power_upto_now: 0.6818181872367859
485th run
noise dimension : 27
noise variance: 267.423583984375
original u-statistic:0.26390504837036133
p value proxy: 0.1395348757505417
result: False
power_upto_now: 0.6804123520851135
486th run
noise dimension : 27
noise variance: 266.7724304199219
original u-statistic:0.8017032146453857
p value proxy: 0.003322259057313204
result: True
power_upto_now: 0.6810699701309204
487th run
noise dimension : 27
noise variance: 266.4422302246094
original u-statistic:0.30657148361206055
p value proxy: 0.07641195505857468
result: False
power_upto_now: 0.6796714663505554
488th run
noise dimension : 27
noise variance: 266.630859375
original u-statistic:0.5861423015594482
p value proxy: 0.006644518114626408
result: True
power_upto_now: 0.6803278923034668
489th run
noise dimension : 27
noise variance: 265.14263916015625
original u-statistic:1.1396045684814453
p value proxy: 0.003322259057313204
result: True
power_upto_now: 0.6809815764427185
490th run
noise dimension : 27
noise variance: 266.7086181640625
original u-statistic:0.29863595962524414
p value proxy: 0.06976743787527084
result: False
power_upto_now: 0.6795918345451355
491th run
noise dimension : 27
noise variance: 266.11181640625
original u-statistic:0.5610551834106445
p value proxy: 0.009966777637600899
result: True
power_upto_now: 0.6802443861961365
492th run
noise dimension : 27
noise variance: 266.6748352050781
original u-statistic:0.6238200664520264
p value proxy: 0.003322259057313204
result: True
power_upto_now: 0.6808943152427673
493th run
noise dimension : 27
noise variance: 266.39105224609375
original u-statistic:0.20476365089416504
p value proxy: 0.15282391011714935
result: False
power_upto_now: 0.679513156414032
494th run
noise dimension : 27
noise variance: 266.39971923828125
original u-statistic:0.33301472663879395
p value proxy: 0.07641195505857468
result: False
power_upto_now: 0.6781376600265503
495th run
noise dimension : 27
noise variance: 266.99334716796875
original u-statistic:0.8740429878234863
p value proxy: 0.003322259057313204
result: True
power_upto_now: 0.678787887096405
496th run
noise dimension : 27
noise variance: 267.5518798828125
original u-statistic:0.06720185279846191
p value proxy: 0.3521594703197479
result: False
power_upto_now: 0.6774193644523621
497th run
noise dimension : 27
noise variance: 266.0753479003906
original u-statistic:0.36490321159362793
p value proxy: 0.033222589641809464
result: True
power_upto_now: 0.6780683994293213
498th run
noise dimension : 27
noise variance: 267.3613586425781
original u-statistic:0.20438814163208008
p value proxy: 0.1627907007932663
result: False
power_upto_now: 0.676706850528717
499th run
noise dimension : 27
noise variance: 266.6041564941406
original u-statistic:0.6057929992675781
p value proxy: 0.006644518114626408
result: True
power_upto_now: 0.6773546934127808
500th run
noise dimension : 27
noise variance: 266.7230529785156
original u-statistic:0.541259765625
p value proxy: 0.003322259057313204
result: True
power_upto_now: 0.6779999732971191
power estimate : 0.6779999732971191
elapsed time: 6543.6026022434235
