job started
cuda available: True
1
code run on device:: cuda:0
0
0

simulation started at = 2022-08-24 15:19:09.882883 

n = 60000,

kappa = 3, alpha = 1.2,

gamma = 0.05, nTests = 500,

B = 300, d = 2

copula_mean
tensor([0.5000, 0.5000], device='cuda:0')
sigma
tensor([[1.0000, 0.5000],
        [0.5000, 1.0000]], device='cuda:0')

1th run
noise dimension : 9, 9
noise type: conti
noise type: conti
result: 0.0
power_upto_now: 0.0
noise variance for Y: 1798.4791259765625
average noise variance for Y upto now: 1798.4791259765625
noise variance for Z: 1800.374755859375
average noise variance for Z upto now: 1800.374755859375

2th run
noise dimension : 9, 9
noise type: conti
noise type: conti
result: 1.0
power_upto_now: 0.5
noise variance for Y: 1800.459228515625
average noise variance for Y upto now: 1799.46923828125
noise variance for Z: 1796.7435302734375
average noise variance for Z upto now: 1798.55908203125

3th run
noise dimension : 9, 9
noise type: conti
noise type: conti
result: 0.0
power_upto_now: 0.3333333432674408
noise variance for Y: 1803.3438720703125
average noise variance for Y upto now: 1800.7607421875
noise variance for Z: 1802.4150390625
average noise variance for Z upto now: 1799.8443603515625

4th run
noise dimension : 9, 9
noise type: conti
noise type: conti
result: 0.0
power_upto_now: 0.25
noise variance for Y: 1791.3997802734375
average noise variance for Y upto now: 1798.4205322265625
noise variance for Z: 1802.79052734375
average noise variance for Z upto now: 1800.5809326171875

5th run
noise dimension : 9, 9
noise type: conti
noise type: conti
result: 0.0
power_upto_now: 0.20000000298023224
noise variance for Y: 1796.826171875
average noise variance for Y upto now: 1798.1015625
noise variance for Z: 1799.9495849609375
average noise variance for Z upto now: 1800.4547119140625

6th run
noise dimension : 9, 9
noise type: conti
noise type: conti
result: 0.0
power_upto_now: 0.1666666716337204
noise variance for Y: 1806.7105712890625
average noise variance for Y upto now: 1799.5362548828125
noise variance for Z: 1800.8876953125
average noise variance for Z upto now: 1800.5269775390625

7th run
noise dimension : 9, 9
noise type: conti
noise type: conti
result: 0.0
power_upto_now: 0.1428571492433548
noise variance for Y: 1800.719970703125
average noise variance for Y upto now: 1799.705322265625
noise variance for Z: 1800.012939453125
average noise variance for Z upto now: 1800.453369140625

8th run
noise dimension : 9, 9
noise type: conti
noise type: conti
result: 1.0
power_upto_now: 0.25
noise variance for Y: 1798.28515625
average noise variance for Y upto now: 1799.5279541015625
noise variance for Z: 1792.6510009765625
average noise variance for Z upto now: 1799.4781494140625

9th run
noise dimension : 9, 9
noise type: conti
noise type: conti
result: 0.0
power_upto_now: 0.2222222238779068
noise variance for Y: 1801.1593017578125
average noise variance for Y upto now: 1799.709228515625
noise variance for Z: 1796.2174072265625
average noise variance for Z upto now: 1799.11572265625

10th run
noise dimension : 9, 9
noise type: conti
noise type: conti
result: 0.0
power_upto_now: 0.20000000298023224
noise variance for Y: 1796.4122314453125
average noise variance for Y upto now: 1799.3795166015625
noise variance for Z: 1798.2916259765625
average noise variance for Z upto now: 1799.033447265625

11th run
noise dimension : 9, 9
noise type: conti
noise type: conti
result: 1.0
power_upto_now: 0.27272728085517883
noise variance for Y: 1798.85498046875
average noise variance for Y upto now: 1799.3319091796875
noise variance for Z: 1798.4617919921875
average noise variance for Z upto now: 1798.9813232421875

12th run
noise dimension : 9, 9
noise type: conti
noise type: conti
result: 1.0
power_upto_now: 0.3333333432674408
noise variance for Y: 1801.9482421875
average noise variance for Y upto now: 1799.5499267578125
noise variance for Z: 1785.1131591796875
average noise variance for Z upto now: 1797.8258056640625

13th run
noise dimension : 9, 9
noise type: conti
noise type: conti
result: 0.0
power_upto_now: 0.3076923191547394
noise variance for Y: 1809.2415771484375
average noise variance for Y upto now: 1800.2955322265625
noise variance for Z: 1802.420654296875
average noise variance for Z upto now: 1798.1790771484375

14th run
noise dimension : 9, 9
noise type: conti
noise type: conti
result: 0.0
power_upto_now: 0.2857142984867096
noise variance for Y: 1797.644775390625
average noise variance for Y upto now: 1800.106201171875
noise variance for Z: 1800.496337890625
average noise variance for Z upto now: 1798.3446044921875

15th run
noise dimension : 9, 9
noise type: conti
noise type: conti
result: 0.0
power_upto_now: 0.2666666805744171
noise variance for Y: 1804.4208984375
average noise variance for Y upto now: 1800.3939208984375
noise variance for Z: 1798.5948486328125
average noise variance for Z upto now: 1798.3614501953125

16th run
noise dimension : 9, 9
noise type: conti
noise type: conti
result: 0.0
power_upto_now: 0.25
noise variance for Y: 1794.855224609375
average noise variance for Y upto now: 1800.047607421875
noise variance for Z: 1797.91357421875
average noise variance for Z upto now: 1798.3333740234375

17th run
noise dimension : 9, 9
noise type: conti
noise type: conti
result: 1.0
power_upto_now: 0.29411765933036804
noise variance for Y: 1811.7471923828125
average noise variance for Y upto now: 1800.73583984375
noise variance for Z: 1798.7459716796875
average noise variance for Z upto now: 1798.357666015625

18th run
noise dimension : 9, 9
noise type: conti
noise type: conti
result: 1.0
power_upto_now: 0.3333333432674408
noise variance for Y: 1798.8284912109375
average noise variance for Y upto now: 1800.6298828125
noise variance for Z: 1804.859619140625
average noise variance for Z upto now: 1798.7188720703125

19th run
noise dimension : 9, 9
noise type: conti
noise type: conti
result: 1.0
power_upto_now: 0.3684210479259491
noise variance for Y: 1804.725341796875
average noise variance for Y upto now: 1800.8453369140625
noise variance for Z: 1800.6820068359375
average noise variance for Z upto now: 1798.8223876953125

20th run
noise dimension : 9, 9
noise type: conti
noise type: conti
result: 0.0
power_upto_now: 0.3499999940395355
noise variance for Y: 1800.5809326171875
average noise variance for Y upto now: 1800.832275390625
noise variance for Z: 1804.6878662109375
average noise variance for Z upto now: 1799.1156005859375

21th run
noise dimension : 9, 9
noise type: conti
noise type: conti
result: 0.0
power_upto_now: 0.3333333432674408
noise variance for Y: 1807.53271484375
average noise variance for Y upto now: 1801.1512451171875
noise variance for Z: 1802.019287109375
average noise variance for Z upto now: 1799.253662109375

22th run
noise dimension : 9, 9
noise type: conti
noise type: conti
result: 0.0
power_upto_now: 0.3181818127632141
noise variance for Y: 1794.771728515625
average noise variance for Y upto now: 1800.861328125
noise variance for Z: 1800.4239501953125
average noise variance for Z upto now: 1799.30712890625

23th run
noise dimension : 9, 9
noise type: conti
noise type: conti
result: 0.0
power_upto_now: 0.30434781312942505
noise variance for Y: 1805.162841796875
average noise variance for Y upto now: 1801.0482177734375
noise variance for Z: 1799.2196044921875
average noise variance for Z upto now: 1799.3033447265625

24th run
noise dimension : 9, 9
noise type: conti
noise type: conti
result: 0.0
power_upto_now: 0.2916666567325592
noise variance for Y: 1801.9549560546875
average noise variance for Y upto now: 1801.0859375
noise variance for Z: 1797.9830322265625
average noise variance for Z upto now: 1799.2481689453125

25th run
noise dimension : 9, 9
noise type: conti
noise type: conti
result: 0.0
power_upto_now: 0.2800000011920929
noise variance for Y: 1803.7633056640625
average noise variance for Y upto now: 1801.193115234375
noise variance for Z: 1805.2156982421875
average noise variance for Z upto now: 1799.48681640625

26th run
noise dimension : 9, 9
noise type: conti
noise type: conti
result: 0.0
power_upto_now: 0.26923078298568726
noise variance for Y: 1801.0970458984375
average noise variance for Y upto now: 1801.1895751953125
noise variance for Z: 1802.0625
average noise variance for Z upto now: 1799.5859375

27th run
noise dimension : 9, 9
noise type: conti
noise type: conti
result: 0.0
power_upto_now: 0.25925925374031067
noise variance for Y: 1791.5704345703125
average noise variance for Y upto now: 1800.8333740234375
noise variance for Z: 1804.206298828125
average noise variance for Z upto now: 1799.757080078125

28th run
noise dimension : 9, 9
noise type: conti
noise type: conti
result: 1.0
power_upto_now: 0.2857142984867096
noise variance for Y: 1797.676513671875
average noise variance for Y upto now: 1800.720458984375
noise variance for Z: 1796.092041015625
average noise variance for Z upto now: 1799.6260986328125

29th run
noise dimension : 9, 9
noise type: conti
noise type: conti
result: 0.0
power_upto_now: 0.27586206793785095
noise variance for Y: 1797.368896484375
average noise variance for Y upto now: 1800.604736328125
noise variance for Z: 1802.5775146484375
average noise variance for Z upto now: 1799.7279052734375

30th run
noise dimension : 9, 9
noise type: conti
noise type: conti
result: 1.0
power_upto_now: 0.30000001192092896
noise variance for Y: 1799.979736328125
average noise variance for Y upto now: 1800.5841064453125
noise variance for Z: 1793.7264404296875
average noise variance for Z upto now: 1799.52783203125

31th run
noise dimension : 9, 9
noise type: conti
noise type: conti
result: 1.0
power_upto_now: 0.32258063554763794
noise variance for Y: 1800.4483642578125
average noise variance for Y upto now: 1800.57958984375
noise variance for Z: 1801.706787109375
average noise variance for Z upto now: 1799.59814453125

32th run
noise dimension : 9, 9
noise type: conti
noise type: conti
result: 0.0
power_upto_now: 0.3125
noise variance for Y: 1800.30322265625
average noise variance for Y upto now: 1800.571044921875
noise variance for Z: 1792.6453857421875
average noise variance for Z upto now: 1799.3809814453125

33th run
noise dimension : 9, 9
noise type: conti
noise type: conti
result: 0.0
power_upto_now: 0.3030303120613098
noise variance for Y: 1802.5703125
average noise variance for Y upto now: 1800.631591796875
noise variance for Z: 1790.9456787109375
average noise variance for Z upto now: 1799.1253662109375

34th run
noise dimension : 9, 9
noise type: conti
noise type: conti
result: 0.0
power_upto_now: 0.29411765933036804
noise variance for Y: 1815.4947509765625
average noise variance for Y upto now: 1801.0687255859375
noise variance for Z: 1795.06005859375
average noise variance for Z upto now: 1799.0057373046875

35th run
noise dimension : 9, 9
noise type: conti
noise type: conti
result: 0.0
power_upto_now: 0.2857142984867096
noise variance for Y: 1807.437744140625
average noise variance for Y upto now: 1801.2506103515625
noise variance for Z: 1789.21337890625
average noise variance for Z upto now: 1798.7259521484375

36th run
noise dimension : 9, 9
noise type: conti
noise type: conti
result: 0.0
power_upto_now: 0.2777777910232544
noise variance for Y: 1799.1102294921875
average noise variance for Y upto now: 1801.191162109375
noise variance for Z: 1787.3997802734375
average noise variance for Z upto now: 1798.411376953125

37th run
noise dimension : 9, 9
noise type: conti
noise type: conti
result: 0.0
power_upto_now: 0.2702702581882477
noise variance for Y: 1791.6456298828125
average noise variance for Y upto now: 1800.9332275390625
noise variance for Z: 1794.3917236328125
average noise variance for Z upto now: 1798.302734375

38th run
noise dimension : 9, 9
noise type: conti
noise type: conti
result: 0.0
power_upto_now: 0.2631579041481018
noise variance for Y: 1794.1685791015625
average noise variance for Y upto now: 1800.755126953125
noise variance for Z: 1797.98876953125
average noise variance for Z upto now: 1798.2945556640625

39th run
noise dimension : 9, 9
noise type: conti
noise type: conti
result: 1.0
power_upto_now: 0.28205129504203796
noise variance for Y: 1809.39208984375
average noise variance for Y upto now: 1800.9765625
noise variance for Z: 1808.7879638671875
average noise variance for Z upto now: 1798.5634765625

40th run
noise dimension : 9, 9
noise type: conti
noise type: conti
result: 0.0
power_upto_now: 0.2750000059604645
noise variance for Y: 1794.587158203125
average noise variance for Y upto now: 1800.8170166015625
noise variance for Z: 1797.5135498046875
average noise variance for Z upto now: 1798.537109375

41th run
noise dimension : 9, 9
noise type: conti
noise type: conti
result: 0.0
power_upto_now: 0.26829269528388977
noise variance for Y: 1791.9383544921875
average noise variance for Y upto now: 1800.6004638671875
noise variance for Z: 1801.8162841796875
average noise variance for Z upto now: 1798.6171875

42th run
noise dimension : 9, 9
noise type: conti
noise type: conti
result: 0.0
power_upto_now: 0.261904776096344
noise variance for Y: 1802.3681640625
average noise variance for Y upto now: 1800.6424560546875
noise variance for Z: 1799.0411376953125
average noise variance for Z upto now: 1798.627197265625

43th run
noise dimension : 9, 9
noise type: conti
noise type: conti
result: 1.0
power_upto_now: 0.27906978130340576
noise variance for Y: 1788.4190673828125
average noise variance for Y upto now: 1800.3582763671875
noise variance for Z: 1793.590576171875
average noise variance for Z upto now: 1798.5101318359375

44th run
noise dimension : 9, 9
noise type: conti
noise type: conti
result: 0.0
power_upto_now: 0.27272728085517883
noise variance for Y: 1799.8133544921875
average noise variance for Y upto now: 1800.3458251953125
noise variance for Z: 1798.5609130859375
average noise variance for Z upto now: 1798.51123046875

45th run
noise dimension : 9, 9
noise type: conti
noise type: conti
result: 0.0
power_upto_now: 0.2666666805744171
noise variance for Y: 1789.81494140625
average noise variance for Y upto now: 1800.11181640625
noise variance for Z: 1797.39990234375
average noise variance for Z upto now: 1798.486572265625

46th run
noise dimension : 9, 9
noise type: conti
noise type: conti
result: 1.0
power_upto_now: 0.28260868787765503
noise variance for Y: 1804.22265625
average noise variance for Y upto now: 1800.2010498046875
noise variance for Z: 1801.571044921875
average noise variance for Z upto now: 1798.5537109375

47th run
noise dimension : 9, 9
noise type: conti
noise type: conti
result: 0.0
power_upto_now: 0.27659574151039124
noise variance for Y: 1800.2774658203125
average noise variance for Y upto now: 1800.2027587890625
noise variance for Z: 1796.4185791015625
average noise variance for Z upto now: 1798.5081787109375

48th run
noise dimension : 9, 9
noise type: conti
noise type: conti
result: 0.0
power_upto_now: 0.2708333432674408
noise variance for Y: 1811.89599609375
average noise variance for Y upto now: 1800.4464111328125
noise variance for Z: 1797.1510009765625
average noise variance for Z upto now: 1798.47998046875

49th run
noise dimension : 9, 9
noise type: conti
noise type: conti
result: 1.0
power_upto_now: 0.2857142984867096
noise variance for Y: 1799.25634765625
average noise variance for Y upto now: 1800.4222412109375
noise variance for Z: 1791.8389892578125
average noise variance for Z upto now: 1798.3446044921875

50th run
noise dimension : 9, 9
noise type: conti
noise type: conti
result: 0.0
power_upto_now: 0.2800000011920929
noise variance for Y: 1795.95166015625
average noise variance for Y upto now: 1800.332763671875
noise variance for Z: 1800.071044921875
average noise variance for Z upto now: 1798.37890625

51th run
noise dimension : 9, 9
noise type: conti
noise type: conti
result: 0.0
power_upto_now: 0.27450981736183167
noise variance for Y: 1802.968994140625
average noise variance for Y upto now: 1800.384521484375
noise variance for Z: 1804.0712890625
average noise variance for Z upto now: 1798.4906005859375

52th run
noise dimension : 9, 9
noise type: conti
noise type: conti
result: 1.0
power_upto_now: 0.2884615361690521
noise variance for Y: 1795.80712890625
average noise variance for Y upto now: 1800.29638671875
noise variance for Z: 1802.87841796875
average noise variance for Z upto now: 1798.574951171875

53th run
noise dimension : 9, 9
noise type: conti
noise type: conti
result: 0.0
power_upto_now: 0.2830188572406769
noise variance for Y: 1795.9815673828125
average noise variance for Y upto now: 1800.215087890625
noise variance for Z: 1805.4173583984375
average noise variance for Z upto now: 1798.7041015625

54th run
noise dimension : 9, 9
noise type: conti
noise type: conti
result: 1.0
power_upto_now: 0.29629629850387573
noise variance for Y: 1790.540771484375
average noise variance for Y upto now: 1800.035888671875
noise variance for Z: 1790.86865234375
average noise variance for Z upto now: 1798.558837890625

55th run
noise dimension : 9, 9
noise type: conti
noise type: conti
result: 1.0
power_upto_now: 0.30909091234207153
noise variance for Y: 1810.184326171875
average noise variance for Y upto now: 1800.220458984375
noise variance for Z: 1798.10888671875
average noise variance for Z upto now: 1798.5509033203125

56th run
noise dimension : 9, 9
noise type: conti
noise type: conti
result: 0.0
power_upto_now: 0.3035714328289032
noise variance for Y: 1806.8616943359375
average noise variance for Y upto now: 1800.3389892578125
noise variance for Z: 1803.1094970703125
average noise variance for Z upto now: 1798.6322021484375

57th run
noise dimension : 9, 9
noise type: conti
noise type: conti
result: 0.0
power_upto_now: 0.2982456088066101
noise variance for Y: 1799.9356689453125
average noise variance for Y upto now: 1800.3319091796875
noise variance for Z: 1795.94775390625
average noise variance for Z upto now: 1798.585205078125

58th run
noise dimension : 9, 9
noise type: conti
noise type: conti
result: 1.0
power_upto_now: 0.3103448152542114
noise variance for Y: 1805.447265625
average noise variance for Y upto now: 1800.420166015625
noise variance for Z: 1791.46142578125
average noise variance for Z upto now: 1798.4622802734375

59th run
noise dimension : 9, 9
noise type: conti
noise type: conti
result: 0.0
power_upto_now: 0.3050847351551056
noise variance for Y: 1799.2010498046875
average noise variance for Y upto now: 1800.3995361328125
noise variance for Z: 1804.510986328125
average noise variance for Z upto now: 1798.56494140625

60th run
noise dimension : 9, 9
noise type: conti
noise type: conti
result: 1.0
power_upto_now: 0.3166666626930237
noise variance for Y: 1791.5426025390625
average noise variance for Y upto now: 1800.2518310546875
noise variance for Z: 1796.5509033203125
average noise variance for Z upto now: 1798.53125

61th run
noise dimension : 9, 9
noise type: conti
noise type: conti
result: 0.0
power_upto_now: 0.31147539615631104
noise variance for Y: 1805.224853515625
average noise variance for Y upto now: 1800.3333740234375
noise variance for Z: 1802.7650146484375
average noise variance for Z upto now: 1798.6007080078125

62th run
noise dimension : 9, 9
noise type: conti
noise type: conti
result: 1.0
power_upto_now: 0.32258063554763794
noise variance for Y: 1793.4796142578125
average noise variance for Y upto now: 1800.222900390625
noise variance for Z: 1797.938720703125
average noise variance for Z upto now: 1798.5899658203125

63th run
noise dimension : 9, 9
noise type: conti
noise type: conti
result: 0.0
power_upto_now: 0.3174603283405304
noise variance for Y: 1806.814208984375
average noise variance for Y upto now: 1800.3275146484375
noise variance for Z: 1798.631591796875
average noise variance for Z upto now: 1798.5906982421875

64th run
noise dimension : 9, 9
noise type: conti
noise type: conti
result: 0.0
power_upto_now: 0.3125
noise variance for Y: 1791.046875
average noise variance for Y upto now: 1800.182373046875
noise variance for Z: 1800.328369140625
average noise variance for Z upto now: 1798.61767578125

65th run
noise dimension : 9, 9
noise type: conti
noise type: conti
result: 1.0
power_upto_now: 0.32307693362236023
noise variance for Y: 1802.6767578125
average noise variance for Y upto now: 1800.2208251953125
noise variance for Z: 1807.20361328125
average noise variance for Z upto now: 1798.749755859375

66th run
noise dimension : 9, 9
noise type: conti
noise type: conti
result: 0.0
power_upto_now: 0.3181818127632141
noise variance for Y: 1796.597900390625
average noise variance for Y upto now: 1800.1658935546875
noise variance for Z: 1796.8118896484375
average noise variance for Z upto now: 1798.720458984375

67th run
noise dimension : 9, 9
noise type: conti
noise type: conti
result: 1.0
power_upto_now: 0.3283582031726837
noise variance for Y: 1800.4031982421875
average noise variance for Y upto now: 1800.16943359375
noise variance for Z: 1801.5584716796875
average noise variance for Z upto now: 1798.7628173828125

68th run
noise dimension : 9, 9
noise type: conti
noise type: conti
result: 0.0
power_upto_now: 0.3235294222831726
noise variance for Y: 1800.6905517578125
average noise variance for Y upto now: 1800.177001953125
noise variance for Z: 1794.495849609375
average noise variance for Z upto now: 1798.7001953125

69th run
noise dimension : 9, 9
noise type: conti
noise type: conti
result: 0.0
power_upto_now: 0.3188405930995941
noise variance for Y: 1794.8675537109375
average noise variance for Y upto now: 1800.1002197265625
noise variance for Z: 1798.43359375
average noise variance for Z upto now: 1798.696044921875

70th run
noise dimension : 9, 9
noise type: conti
noise type: conti
result: 0.0
power_upto_now: 0.3142857253551483
noise variance for Y: 1800.57373046875
average noise variance for Y upto now: 1800.1070556640625
noise variance for Z: 1803.0537109375
average noise variance for Z upto now: 1798.75830078125

71th run
noise dimension : 9, 9
noise type: conti
noise type: conti
result: 1.0
power_upto_now: 0.3239436745643616
noise variance for Y: 1796.2799072265625
average noise variance for Y upto now: 1800.052978515625
noise variance for Z: 1790.646240234375
average noise variance for Z upto now: 1798.6441650390625

72th run
noise dimension : 9, 9
noise type: conti
noise type: conti
result: 1.0
power_upto_now: 0.3333333432674408
noise variance for Y: 1793.71044921875
average noise variance for Y upto now: 1799.965087890625
noise variance for Z: 1796.07568359375
average noise variance for Z upto now: 1798.6085205078125

73th run
noise dimension : 9, 9
noise type: conti
noise type: conti
result: 0.0
power_upto_now: 0.3287671208381653
noise variance for Y: 1806.2032470703125
average noise variance for Y upto now: 1800.050537109375
noise variance for Z: 1796.9095458984375
average noise variance for Z upto now: 1798.585205078125

74th run
noise dimension : 9, 9
noise type: conti
noise type: conti
result: 0.0
power_upto_now: 0.3243243098258972
noise variance for Y: 1794.9471435546875
average noise variance for Y upto now: 1799.9814453125
noise variance for Z: 1790.52978515625
average noise variance for Z upto now: 1798.476318359375

75th run
noise dimension : 9, 9
noise type: conti
noise type: conti
result: 0.0
power_upto_now: 0.3199999928474426
noise variance for Y: 1801.0966796875
average noise variance for Y upto now: 1799.9962158203125
noise variance for Z: 1802.62646484375
average noise variance for Z upto now: 1798.5316162109375

76th run
noise dimension : 9, 9
noise type: conti
noise type: conti
result: 1.0
power_upto_now: 0.32894736528396606
noise variance for Y: 1805.98291015625
average noise variance for Y upto now: 1800.0750732421875
noise variance for Z: 1789.43359375
average noise variance for Z upto now: 1798.4119873046875

77th run
noise dimension : 9, 9
noise type: conti
noise type: conti
result: 0.0
power_upto_now: 0.3246753215789795
noise variance for Y: 1792.934326171875
average noise variance for Y upto now: 1799.9822998046875
noise variance for Z: 1804.773681640625
average noise variance for Z upto now: 1798.4947509765625

78th run
noise dimension : 9, 9
noise type: conti
noise type: conti
result: 0.0
power_upto_now: 0.3205128312110901
noise variance for Y: 1794.8983154296875
average noise variance for Y upto now: 1799.917236328125
noise variance for Z: 1802.3370361328125
average noise variance for Z upto now: 1798.5438232421875

79th run
noise dimension : 9, 9
noise type: conti
noise type: conti
result: 0.0
power_upto_now: 0.3164556920528412
noise variance for Y: 1799.7457275390625
average noise variance for Y upto now: 1799.9149169921875
noise variance for Z: 1812.827392578125
average noise variance for Z upto now: 1798.7247314453125

80th run
noise dimension : 9, 9
noise type: conti
noise type: conti
result: 0.0
power_upto_now: 0.3125
noise variance for Y: 1794.0582275390625
average noise variance for Y upto now: 1799.841796875
noise variance for Z: 1800.407470703125
average noise variance for Z upto now: 1798.7457275390625

81th run
noise dimension : 9, 9
noise type: conti
noise type: conti
result: 0.0
power_upto_now: 0.3086419701576233
noise variance for Y: 1797.0015869140625
average noise variance for Y upto now: 1799.8067626953125
noise variance for Z: 1790.9388427734375
average noise variance for Z upto now: 1798.6492919921875

82th run
noise dimension : 9, 9
noise type: conti
noise type: conti
result: 0.0
power_upto_now: 0.3048780560493469
noise variance for Y: 1805.3133544921875
average noise variance for Y upto now: 1799.8739013671875
noise variance for Z: 1785.8450927734375
average noise variance for Z upto now: 1798.4931640625

83th run
noise dimension : 9, 9
noise type: conti
noise type: conti
result: 0.0
power_upto_now: 0.3012048304080963
noise variance for Y: 1796.2769775390625
average noise variance for Y upto now: 1799.83056640625
noise variance for Z: 1800.5035400390625
average noise variance for Z upto now: 1798.5174560546875

84th run
noise dimension : 9, 9
noise type: conti
noise type: conti
result: 0.0
power_upto_now: 0.2976190447807312
noise variance for Y: 1793.2303466796875
average noise variance for Y upto now: 1799.7520751953125
noise variance for Z: 1798.2275390625
average noise variance for Z upto now: 1798.513916015625

85th run
noise dimension : 9, 9
noise type: conti
noise type: conti
result: 0.0
power_upto_now: 0.29411765933036804
noise variance for Y: 1795.8204345703125
average noise variance for Y upto now: 1799.7059326171875
noise variance for Z: 1794.923095703125
average noise variance for Z upto now: 1798.4716796875

86th run
noise dimension : 9, 9
noise type: conti
noise type: conti
result: 0.0
power_upto_now: 0.2906976640224457
noise variance for Y: 1807.929443359375
average noise variance for Y upto now: 1799.8013916015625
noise variance for Z: 1786.212158203125
average noise variance for Z upto now: 1798.3292236328125

87th run
noise dimension : 9, 9
noise type: conti
noise type: conti
result: 0.0
power_upto_now: 0.28735631704330444
noise variance for Y: 1796.922607421875
average noise variance for Y upto now: 1799.768310546875
noise variance for Z: 1812.0809326171875
average noise variance for Z upto now: 1798.4873046875

88th run
noise dimension : 9, 9
noise type: conti
noise type: conti
result: 1.0
power_upto_now: 0.2954545319080353
noise variance for Y: 1808.787109375
average noise variance for Y upto now: 1799.8707275390625
noise variance for Z: 1807.9000244140625
average noise variance for Z upto now: 1798.5941162109375

89th run
noise dimension : 9, 9
noise type: conti
noise type: conti
result: 0.0
power_upto_now: 0.2921348214149475
noise variance for Y: 1793.4910888671875
average noise variance for Y upto now: 1799.7989501953125
noise variance for Z: 1809.4161376953125
average noise variance for Z upto now: 1798.7159423828125

90th run
noise dimension : 9, 9
noise type: conti
noise type: conti
result: 1.0
power_upto_now: 0.30000001192092896
noise variance for Y: 1794.7613525390625
average noise variance for Y upto now: 1799.7430419921875
noise variance for Z: 1798.4761962890625
average noise variance for Z upto now: 1798.713134765625

91th run
noise dimension : 9, 9
noise type: conti
noise type: conti
result: 0.0
power_upto_now: 0.2967033088207245
noise variance for Y: 1794.9573974609375
average noise variance for Y upto now: 1799.6904296875
noise variance for Z: 1799.1890869140625
average noise variance for Z upto now: 1798.7183837890625

92th run
noise dimension : 9, 9
noise type: conti
noise type: conti
result: 0.0
power_upto_now: 0.29347825050354004
noise variance for Y: 1812.3570556640625
average noise variance for Y upto now: 1799.828125
noise variance for Z: 1800.5687255859375
average noise variance for Z upto now: 1798.7384033203125

93th run
noise dimension : 9, 9
noise type: conti
noise type: conti
result: 0.0
power_upto_now: 0.29032257199287415
noise variance for Y: 1797.6787109375
average noise variance for Y upto now: 1799.804931640625
noise variance for Z: 1795.7559814453125
average noise variance for Z upto now: 1798.706298828125

94th run
noise dimension : 9, 9
noise type: conti
noise type: conti
result: 0.0
power_upto_now: 0.28723403811454773
noise variance for Y: 1809.1011962890625
average noise variance for Y upto now: 1799.9039306640625
noise variance for Z: 1796.0496826171875
average noise variance for Z upto now: 1798.67822265625

95th run
noise dimension : 9, 9
noise type: conti
noise type: conti
result: 0.0
power_upto_now: 0.28421053290367126
noise variance for Y: 1793.5233154296875
average noise variance for Y upto now: 1799.8365478515625
noise variance for Z: 1792.7698974609375
average noise variance for Z upto now: 1798.6160888671875

96th run
noise dimension : 9, 9
noise type: conti
noise type: conti
result: 0.0
power_upto_now: 0.28125
noise variance for Y: 1790.696533203125
average noise variance for Y upto now: 1799.74169921875
noise variance for Z: 1798.672607421875
average noise variance for Z upto now: 1798.6165771484375

97th run
noise dimension : 9, 9
noise type: conti
noise type: conti
result: 0.0
power_upto_now: 0.27835050225257874
noise variance for Y: 1801.3582763671875
average noise variance for Y upto now: 1799.7581787109375
noise variance for Z: 1796.75
average noise variance for Z upto now: 1798.5972900390625

98th run
noise dimension : 9, 9
noise type: conti
noise type: conti
result: 0.0
power_upto_now: 0.27551019191741943
noise variance for Y: 1809.65283203125
average noise variance for Y upto now: 1799.8592529296875
noise variance for Z: 1795.7288818359375
average noise variance for Z upto now: 1798.56787109375

99th run
noise dimension : 9, 9
noise type: conti
noise type: conti
result: 1.0
power_upto_now: 0.28282827138900757
noise variance for Y: 1800.5838623046875
average noise variance for Y upto now: 1799.8665771484375
noise variance for Z: 1790.7435302734375
average noise variance for Z upto now: 1798.4888916015625

100th run
noise dimension : 9, 9
noise type: conti
noise type: conti
result: 1.0
power_upto_now: 0.28999999165534973
noise variance for Y: 1802.6434326171875
average noise variance for Y upto now: 1799.8944091796875
noise variance for Z: 1796.056640625
average noise variance for Z upto now: 1798.4647216796875

101th run
noise dimension : 9, 9
noise type: conti
noise type: conti
result: 0.0
power_upto_now: 0.2871287167072296
noise variance for Y: 1803.7723388671875
average noise variance for Y upto now: 1799.9327392578125
noise variance for Z: 1793.026123046875
average noise variance for Z upto now: 1798.410888671875

102th run
noise dimension : 9, 9
noise type: conti
noise type: conti
result: 0.0
power_upto_now: 0.28431373834609985
noise variance for Y: 1797.3057861328125
average noise variance for Y upto now: 1799.906982421875
noise variance for Z: 1803.1988525390625
average noise variance for Z upto now: 1798.457763671875

103th run
noise dimension : 9, 9
noise type: conti
noise type: conti
result: 1.0
power_upto_now: 0.291262149810791
noise variance for Y: 1803.1373291015625
average noise variance for Y upto now: 1799.938232421875
noise variance for Z: 1796.5888671875
average noise variance for Z upto now: 1798.4395751953125

104th run
noise dimension : 9, 9
noise type: conti
noise type: conti
result: 1.0
power_upto_now: 0.29807692766189575
noise variance for Y: 1801.5831298828125
average noise variance for Y upto now: 1799.9539794921875
noise variance for Z: 1798.9642333984375
average noise variance for Z upto now: 1798.4447021484375

105th run
noise dimension : 9, 9
noise type: conti
noise type: conti
result: 0.0
power_upto_now: 0.29523810744285583
noise variance for Y: 1808.0740966796875
average noise variance for Y upto now: 1800.0313720703125
noise variance for Z: 1796.591796875
average noise variance for Z upto now: 1798.4271240234375

106th run
noise dimension : 9, 9
noise type: conti
noise type: conti
result: 1.0
power_upto_now: 0.30188679695129395
noise variance for Y: 1801.4141845703125
average noise variance for Y upto now: 1800.0443115234375
noise variance for Z: 1802.5367431640625
average noise variance for Z upto now: 1798.4658203125

107th run
noise dimension : 9, 9
noise type: conti
noise type: conti
result: 1.0
power_upto_now: 0.30841121077537537
noise variance for Y: 1792.929931640625
average noise variance for Y upto now: 1799.9779052734375
noise variance for Z: 1798.099853515625
average noise variance for Z upto now: 1798.4622802734375

108th run
noise dimension : 9, 9
noise type: conti
noise type: conti
result: 0.0
power_upto_now: 0.3055555522441864
noise variance for Y: 1797.6534423828125
average noise variance for Y upto now: 1799.9564208984375
noise variance for Z: 1809.5108642578125
average noise variance for Z upto now: 1798.564697265625

109th run
noise dimension : 9, 9
noise type: conti
noise type: conti
result: 1.0
power_upto_now: 0.31192660331726074
noise variance for Y: 1797.1119384765625
average noise variance for Y upto now: 1799.9302978515625
noise variance for Z: 1803.9324951171875
average noise variance for Z upto now: 1798.614013671875

110th run
noise dimension : 9, 9
noise type: conti
noise type: conti
result: 0.0
power_upto_now: 0.30909091234207153
noise variance for Y: 1789.6485595703125
average noise variance for Y upto now: 1799.8369140625
noise variance for Z: 1801.806884765625
average noise variance for Z upto now: 1798.6429443359375

111th run
noise dimension : 9, 9
noise type: conti
noise type: conti
result: 0.0
power_upto_now: 0.30630630254745483
noise variance for Y: 1804.035400390625
average noise variance for Y upto now: 1799.874755859375
noise variance for Z: 1798.4583740234375
average noise variance for Z upto now: 1798.641357421875

112th run
noise dimension : 9, 9
noise type: conti
noise type: conti
result: 0.0
power_upto_now: 0.3035714328289032
noise variance for Y: 1796.59423828125
average noise variance for Y upto now: 1799.845458984375
noise variance for Z: 1801.7666015625
average noise variance for Z upto now: 1798.669189453125

113th run
noise dimension : 9, 9
noise type: conti
noise type: conti
result: 0.0
power_upto_now: 0.3008849620819092
noise variance for Y: 1798.5263671875
average noise variance for Y upto now: 1799.8336181640625
noise variance for Z: 1805.385009765625
average noise variance for Z upto now: 1798.728515625

114th run
noise dimension : 9, 9
noise type: conti
noise type: conti
result: 0.0
power_upto_now: 0.2982456088066101
noise variance for Y: 1801.3280029296875
average noise variance for Y upto now: 1799.8468017578125
noise variance for Z: 1785.1815185546875
average noise variance for Z upto now: 1798.6097412109375

115th run
noise dimension : 9, 9
noise type: conti
noise type: conti
result: 0.0
power_upto_now: 0.2956521809101105
noise variance for Y: 1801.2506103515625
average noise variance for Y upto now: 1799.8590087890625
noise variance for Z: 1795.110595703125
average noise variance for Z upto now: 1798.5794677734375

116th run
noise dimension : 9, 9
noise type: conti
noise type: conti
result: 0.0
power_upto_now: 0.2931034564971924
noise variance for Y: 1808.0611572265625
average noise variance for Y upto now: 1799.9296875
noise variance for Z: 1797.6995849609375
average noise variance for Z upto now: 1798.57177734375

117th run
noise dimension : 9, 9
noise type: conti
noise type: conti
result: 0.0
power_upto_now: 0.2905983030796051
noise variance for Y: 1800.081298828125
average noise variance for Y upto now: 1799.9310302734375
noise variance for Z: 1794.9063720703125
average noise variance for Z upto now: 1798.5404052734375

118th run
noise dimension : 9, 9
noise type: conti
noise type: conti
result: 0.0
power_upto_now: 0.2881355881690979
noise variance for Y: 1796.275390625
average noise variance for Y upto now: 1799.89990234375
noise variance for Z: 1797.7838134765625
average noise variance for Z upto now: 1798.5340576171875

119th run
noise dimension : 9, 9
noise type: conti
noise type: conti
result: 0.0
power_upto_now: 0.2857142984867096
noise variance for Y: 1794.96435546875
average noise variance for Y upto now: 1799.8583984375
noise variance for Z: 1808.01123046875
average noise variance for Z upto now: 1798.613525390625

120th run
noise dimension : 9, 9
noise type: conti
noise type: conti
result: 1.0
power_upto_now: 0.2916666567325592
noise variance for Y: 1797.9378662109375
average noise variance for Y upto now: 1799.842529296875
noise variance for Z: 1792.8614501953125
average noise variance for Z upto now: 1798.565673828125

121th run
noise dimension : 9, 9
noise type: conti
noise type: conti
result: 1.0
power_upto_now: 0.2975206673145294
noise variance for Y: 1795.700927734375
average noise variance for Y upto now: 1799.808349609375
noise variance for Z: 1792.86181640625
average noise variance for Z upto now: 1798.5184326171875

122th run
noise dimension : 9, 9
noise type: conti
noise type: conti
result: 0.0
power_upto_now: 0.2950819730758667
noise variance for Y: 1797.002197265625
average noise variance for Y upto now: 1799.785400390625
noise variance for Z: 1794.89501953125
average noise variance for Z upto now: 1798.4888916015625

123th run
noise dimension : 9, 9
noise type: conti
noise type: conti
result: 0.0
power_upto_now: 0.2926829159259796
noise variance for Y: 1805.31982421875
average noise variance for Y upto now: 1799.8304443359375
noise variance for Z: 1805.2039794921875
average noise variance for Z upto now: 1798.54345703125

124th run
noise dimension : 9, 9
noise type: conti
noise type: conti
result: 0.0
power_upto_now: 0.29032257199287415
noise variance for Y: 1794.9918212890625
average noise variance for Y upto now: 1799.7913818359375
noise variance for Z: 1791.7738037109375
average noise variance for Z upto now: 1798.48876953125

125th run
noise dimension : 9, 9
noise type: conti
noise type: conti
result: 1.0
power_upto_now: 0.29600000381469727
noise variance for Y: 1799.82177734375
average noise variance for Y upto now: 1799.7916259765625
noise variance for Z: 1806.0958251953125
average noise variance for Z upto now: 1798.5496826171875

126th run
noise dimension : 9, 9
noise type: conti
noise type: conti
result: 1.0
power_upto_now: 0.30158731341362
noise variance for Y: 1791.0919189453125
average noise variance for Y upto now: 1799.7225341796875
noise variance for Z: 1795.5303955078125
average noise variance for Z upto now: 1798.525634765625

127th run
noise dimension : 9, 9
noise type: conti
noise type: conti
result: 0.0
power_upto_now: 0.29921260476112366
noise variance for Y: 1796.9742431640625
average noise variance for Y upto now: 1799.700927734375
noise variance for Z: 1797.69921875
average noise variance for Z upto now: 1798.5191650390625

128th run
noise dimension : 9, 9
noise type: conti
noise type: conti
result: 0.0
power_upto_now: 0.296875
noise variance for Y: 1792.1556396484375
average noise variance for Y upto now: 1799.6419677734375
noise variance for Z: 1802.7440185546875
average noise variance for Z upto now: 1798.5523681640625

129th run
noise dimension : 9, 9
noise type: conti
noise type: conti
result: 1.0
power_upto_now: 0.302325576543808
noise variance for Y: 1794.730224609375
average noise variance for Y upto now: 1799.6038818359375
noise variance for Z: 1801.853759765625
average noise variance for Z upto now: 1798.5780029296875

130th run
noise dimension : 9, 9
noise type: conti
noise type: conti
result: 0.0
power_upto_now: 0.30000001192092896
noise variance for Y: 1805.473388671875
average noise variance for Y upto now: 1799.6490478515625
noise variance for Z: 1792.0582275390625
average noise variance for Z upto now: 1798.52783203125

131th run
noise dimension : 9, 9
noise type: conti
noise type: conti
result: 0.0
power_upto_now: 0.2977099120616913
noise variance for Y: 1799.4273681640625
average noise variance for Y upto now: 1799.6473388671875
noise variance for Z: 1799.7823486328125
average noise variance for Z upto now: 1798.5374755859375

132th run
noise dimension : 9, 9
noise type: conti
noise type: conti
result: 1.0
power_upto_now: 0.3030303120613098
noise variance for Y: 1792.370849609375
average noise variance for Y upto now: 1799.5921630859375
noise variance for Z: 1796.8057861328125
average noise variance for Z upto now: 1798.5242919921875

133th run
noise dimension : 9, 9
noise type: conti
noise type: conti
result: 0.0
power_upto_now: 0.30075186491012573
noise variance for Y: 1794.7218017578125
average noise variance for Y upto now: 1799.5555419921875
noise variance for Z: 1802.7855224609375
average noise variance for Z upto now: 1798.5562744140625

134th run
noise dimension : 9, 9
noise type: conti
noise type: conti
result: 0.0
power_upto_now: 0.2985074520111084
noise variance for Y: 1802.722412109375
average noise variance for Y upto now: 1799.579345703125
noise variance for Z: 1799.5635986328125
average noise variance for Z upto now: 1798.5638427734375

135th run
noise dimension : 9, 9
noise type: conti
noise type: conti
result: 1.0
power_upto_now: 0.3037036955356598
noise variance for Y: 1797.28369140625
average noise variance for Y upto now: 1799.562255859375
noise variance for Z: 1793.814453125
average noise variance for Z upto now: 1798.5286865234375

136th run
noise dimension : 9, 9
noise type: conti
noise type: conti
result: 0.0
power_upto_now: 0.3014705777168274
noise variance for Y: 1802.64013671875
average noise variance for Y upto now: 1799.5848388671875
noise variance for Z: 1791.839111328125
average noise variance for Z upto now: 1798.4794921875

137th run
noise dimension : 9, 9
noise type: conti
noise type: conti
result: 0.0
power_upto_now: 0.29927006363868713
noise variance for Y: 1792.82080078125
average noise variance for Y upto now: 1799.5355224609375
noise variance for Z: 1793.7384033203125
average noise variance for Z upto now: 1798.44482421875

138th run
noise dimension : 9, 9
noise type: conti
noise type: conti
result: 1.0
power_upto_now: 0.30434781312942505
noise variance for Y: 1803.469970703125
average noise variance for Y upto now: 1799.56396484375
noise variance for Z: 1800.362060546875
average noise variance for Z upto now: 1798.4586181640625

139th run
noise dimension : 9, 9
noise type: conti
noise type: conti
result: 0.0
power_upto_now: 0.30215826630592346
noise variance for Y: 1804.1644287109375
average noise variance for Y upto now: 1799.5970458984375
noise variance for Z: 1798.3851318359375
average noise variance for Z upto now: 1798.4581298828125

140th run
noise dimension : 9, 9
noise type: conti
noise type: conti
result: 0.0
power_upto_now: 0.30000001192092896
noise variance for Y: 1807.417236328125
average noise variance for Y upto now: 1799.6529541015625
noise variance for Z: 1804.8546142578125
average noise variance for Z upto now: 1798.50390625

141th run
noise dimension : 9, 9
noise type: conti
noise type: conti
result: 0.0
power_upto_now: 0.2978723347187042
noise variance for Y: 1802.5423583984375
average noise variance for Y upto now: 1799.6734619140625
noise variance for Z: 1805.052734375
average noise variance for Z upto now: 1798.55029296875

142th run
noise dimension : 9, 9
noise type: conti
noise type: conti
result: 0.0
power_upto_now: 0.2957746386528015
noise variance for Y: 1797.102294921875
average noise variance for Y upto now: 1799.6553955078125
noise variance for Z: 1804.0849609375
average noise variance for Z upto now: 1798.58935546875

143th run
noise dimension : 9, 9
noise type: conti
noise type: conti
result: 1.0
power_upto_now: 0.30069929361343384
noise variance for Y: 1794.4439697265625
average noise variance for Y upto now: 1799.618896484375
noise variance for Z: 1803.695556640625
average noise variance for Z upto now: 1798.625

144th run
noise dimension : 9, 9
noise type: conti
noise type: conti
result: 1.0
power_upto_now: 0.3055555522441864
noise variance for Y: 1805.572265625
average noise variance for Y upto now: 1799.6602783203125
noise variance for Z: 1805.4755859375
average noise variance for Z upto now: 1798.672607421875

145th run
noise dimension : 9, 9
noise type: conti
noise type: conti
result: 0.0
power_upto_now: 0.30344828963279724
noise variance for Y: 1800.67578125
average noise variance for Y upto now: 1799.667236328125
noise variance for Z: 1793.798828125
average noise variance for Z upto now: 1798.638916015625

146th run
noise dimension : 9, 9
noise type: conti
noise type: conti
result: 0.0
power_upto_now: 0.30136987566947937
noise variance for Y: 1800.093994140625
average noise variance for Y upto now: 1799.670166015625
noise variance for Z: 1808.4373779296875
average noise variance for Z upto now: 1798.7061767578125

147th run
noise dimension : 9, 9
noise type: conti
noise type: conti
result: 1.0
power_upto_now: 0.30612245202064514
noise variance for Y: 1804.4781494140625
average noise variance for Y upto now: 1799.7027587890625
noise variance for Z: 1795.816650390625
average noise variance for Z upto now: 1798.6864013671875

148th run
noise dimension : 9, 9
noise type: conti
noise type: conti
result: 0.0
power_upto_now: 0.30405405163764954
noise variance for Y: 1797.175048828125
average noise variance for Y upto now: 1799.685791015625
noise variance for Z: 1792.9967041015625
average noise variance for Z upto now: 1798.6480712890625

149th run
noise dimension : 9, 9
noise type: conti
noise type: conti
result: 0.0
power_upto_now: 0.30201342701911926
noise variance for Y: 1797.1470947265625
average noise variance for Y upto now: 1799.6685791015625
noise variance for Z: 1802.2418212890625
average noise variance for Z upto now: 1798.6722412109375

150th run
noise dimension : 9, 9
noise type: conti
noise type: conti
result: 1.0
power_upto_now: 0.30666667222976685
noise variance for Y: 1802.687744140625
average noise variance for Y upto now: 1799.688720703125
noise variance for Z: 1805.7835693359375
average noise variance for Z upto now: 1798.7196044921875

151th run
noise dimension : 9, 9
noise type: conti
noise type: conti
result: 0.0
power_upto_now: 0.30463576316833496
noise variance for Y: 1792.7861328125
average noise variance for Y upto now: 1799.6431884765625
noise variance for Z: 1799.5677490234375
average noise variance for Z upto now: 1798.7252197265625

152th run
noise dimension : 9, 9
noise type: conti
noise type: conti
result: 0.0
power_upto_now: 0.30263158679008484
noise variance for Y: 1795.346435546875
average noise variance for Y upto now: 1799.6148681640625
noise variance for Z: 1799.935546875
average noise variance for Z upto now: 1798.733154296875

153th run
noise dimension : 9, 9
noise type: conti
noise type: conti
result: 0.0
power_upto_now: 0.3006536066532135
noise variance for Y: 1797.6724853515625
average noise variance for Y upto now: 1799.6021728515625
noise variance for Z: 1791.443359375
average noise variance for Z upto now: 1798.6854248046875

154th run
noise dimension : 9, 9
noise type: conti
noise type: conti
result: 0.0
power_upto_now: 0.29870128631591797
noise variance for Y: 1810.4970703125
average noise variance for Y upto now: 1799.6728515625
noise variance for Z: 1803.8271484375
average noise variance for Z upto now: 1798.71875

155th run
noise dimension : 9, 9
noise type: conti
noise type: conti
result: 0.0
power_upto_now: 0.2967741787433624
noise variance for Y: 1799.3658447265625
average noise variance for Y upto now: 1799.6710205078125
noise variance for Z: 1798.409912109375
average noise variance for Z upto now: 1798.7169189453125

156th run
noise dimension : 9, 9
noise type: conti
noise type: conti
result: 0.0
power_upto_now: 0.29487180709838867
noise variance for Y: 1804.63134765625
average noise variance for Y upto now: 1799.7027587890625
noise variance for Z: 1806.9307861328125
average noise variance for Z upto now: 1798.7696533203125

157th run
noise dimension : 9, 9
noise type: conti
noise type: conti
result: 0.0
power_upto_now: 0.2929936349391937
noise variance for Y: 1795.8719482421875
average noise variance for Y upto now: 1799.6783447265625
noise variance for Z: 1794.5531005859375
average noise variance for Z upto now: 1798.7427978515625

158th run
noise dimension : 9, 9
noise type: conti
noise type: conti
result: 0.0
power_upto_now: 0.29113924503326416
noise variance for Y: 1800.847900390625
average noise variance for Y upto now: 1799.6856689453125
noise variance for Z: 1792.6873779296875
average noise variance for Z upto now: 1798.7044677734375

159th run
noise dimension : 9, 9
noise type: conti
noise type: conti
result: 1.0
power_upto_now: 0.29559749364852905
noise variance for Y: 1806.94775390625
average noise variance for Y upto now: 1799.7315673828125
noise variance for Z: 1797.9781494140625
average noise variance for Z upto now: 1798.69970703125

160th run
noise dimension : 9, 9
noise type: conti
noise type: conti
result: 0.0
power_upto_now: 0.29374998807907104
noise variance for Y: 1803.0400390625
average noise variance for Y upto now: 1799.752197265625
noise variance for Z: 1804.1849365234375
average noise variance for Z upto now: 1798.7340087890625

161th run
noise dimension : 9, 9
noise type: conti
noise type: conti
result: 0.0
power_upto_now: 0.29192546010017395
noise variance for Y: 1798.1630859375
average noise variance for Y upto now: 1799.7421875
noise variance for Z: 1801.1103515625
average noise variance for Z upto now: 1798.748779296875

162th run
noise dimension : 9, 9
noise type: conti
noise type: conti
result: 1.0
power_upto_now: 0.29629629850387573
noise variance for Y: 1795.60693359375
average noise variance for Y upto now: 1799.716796875
noise variance for Z: 1796.0576171875
average noise variance for Z upto now: 1798.7320556640625

163th run
noise dimension : 9, 9
noise type: conti
noise type: conti
result: 1.0
power_upto_now: 0.30061349272727966
noise variance for Y: 1813.1337890625
average noise variance for Y upto now: 1799.799072265625
noise variance for Z: 1808.841552734375
average noise variance for Z upto now: 1798.7940673828125

164th run
noise dimension : 9, 9
noise type: conti
noise type: conti
result: 0.0
power_upto_now: 0.29878050088882446
noise variance for Y: 1802.45166015625
average noise variance for Y upto now: 1799.8153076171875
noise variance for Z: 1797.9798583984375
average noise variance for Z upto now: 1798.789306640625

165th run
noise dimension : 9, 9
noise type: conti
noise type: conti
result: 0.0
power_upto_now: 0.2969697117805481
noise variance for Y: 1799.7711181640625
average noise variance for Y upto now: 1799.81494140625
noise variance for Z: 1805.455322265625
average noise variance for Z upto now: 1798.82958984375

166th run
noise dimension : 9, 9
noise type: conti
noise type: conti
result: 0.0
power_upto_now: 0.29518070816993713
noise variance for Y: 1799.3365478515625
average noise variance for Y upto now: 1799.8118896484375
noise variance for Z: 1800.5244140625
average noise variance for Z upto now: 1798.83984375

167th run
noise dimension : 9, 9
noise type: conti
noise type: conti
result: 0.0
power_upto_now: 0.2934131622314453
noise variance for Y: 1802.944091796875
average noise variance for Y upto now: 1799.8306884765625
noise variance for Z: 1802.9876708984375
average noise variance for Z upto now: 1798.86474609375

168th run
noise dimension : 9, 9
noise type: conti
noise type: conti
result: 0.0
power_upto_now: 0.2916666567325592
noise variance for Y: 1804.0814208984375
average noise variance for Y upto now: 1799.8560791015625
noise variance for Z: 1808.6397705078125
average noise variance for Z upto now: 1798.922607421875

169th run
noise dimension : 9, 9
noise type: conti
noise type: conti
result: 0.0
power_upto_now: 0.28994083404541016
noise variance for Y: 1805.1600341796875
average noise variance for Y upto now: 1799.8875732421875
noise variance for Z: 1793.181640625
average noise variance for Z upto now: 1798.888671875

170th run
noise dimension : 9, 9
noise type: conti
noise type: conti
result: 0.0
power_upto_now: 0.28823530673980713
noise variance for Y: 1802.616943359375
average noise variance for Y upto now: 1799.9034423828125
noise variance for Z: 1799.230224609375
average noise variance for Z upto now: 1798.890869140625

171th run
noise dimension : 9, 9
noise type: conti
noise type: conti
result: 0.0
power_upto_now: 0.28654971718788147
noise variance for Y: 1801.815673828125
average noise variance for Y upto now: 1799.9146728515625
noise variance for Z: 1803.43017578125
average noise variance for Z upto now: 1798.917236328125

172th run
noise dimension : 9, 9
noise type: conti
noise type: conti
result: 0.0
power_upto_now: 0.2848837077617645
noise variance for Y: 1795.9793701171875
average noise variance for Y upto now: 1799.891845703125
noise variance for Z: 1806.389892578125
average noise variance for Z upto now: 1798.9608154296875

173th run
noise dimension : 9, 9
noise type: conti
noise type: conti
result: 0.0
power_upto_now: 0.2832369804382324
noise variance for Y: 1804.47314453125
average noise variance for Y upto now: 1799.9183349609375
noise variance for Z: 1807.8604736328125
average noise variance for Z upto now: 1799.0120849609375

174th run
noise dimension : 9, 9
noise type: conti
noise type: conti
result: 0.0
power_upto_now: 0.2816092073917389
noise variance for Y: 1803.220458984375
average noise variance for Y upto now: 1799.9373779296875
noise variance for Z: 1805.06005859375
average noise variance for Z upto now: 1799.046875

175th run
noise dimension : 9, 9
noise type: conti
noise type: conti
result: 0.0
power_upto_now: 0.2800000011920929
noise variance for Y: 1798.544677734375
average noise variance for Y upto now: 1799.9293212890625
noise variance for Z: 1806.4581298828125
average noise variance for Z upto now: 1799.0892333984375

176th run
noise dimension : 9, 9
noise type: conti
noise type: conti
result: 1.0
power_upto_now: 0.28409090638160706
noise variance for Y: 1802.4139404296875
average noise variance for Y upto now: 1799.943359375
noise variance for Z: 1806.67724609375
average noise variance for Z upto now: 1799.1324462890625

177th run
noise dimension : 9, 9
noise type: conti
noise type: conti
result: 0.0
power_upto_now: 0.28248587250709534
noise variance for Y: 1802.5069580078125
average noise variance for Y upto now: 1799.957763671875
noise variance for Z: 1798.850830078125
average noise variance for Z upto now: 1799.1309814453125

178th run
noise dimension : 9, 9
noise type: conti
noise type: conti
result: 1.0
power_upto_now: 0.28651684522628784
noise variance for Y: 1803.4747314453125
average noise variance for Y upto now: 1799.9776611328125
noise variance for Z: 1802.6781005859375
average noise variance for Z upto now: 1799.1507568359375

179th run
noise dimension : 9, 9
noise type: conti
noise type: conti
result: 0.0
power_upto_now: 0.2849161922931671
noise variance for Y: 1797.216552734375
average noise variance for Y upto now: 1799.962158203125
noise variance for Z: 1799.78857421875
average noise variance for Z upto now: 1799.154296875

180th run
noise dimension : 9, 9
noise type: conti
noise type: conti
result: 0.0
power_upto_now: 0.28333333134651184
noise variance for Y: 1811.712890625
average noise variance for Y upto now: 1800.027587890625
noise variance for Z: 1807.1826171875
average noise variance for Z upto now: 1799.198974609375

181th run
noise dimension : 9, 9
noise type: conti
noise type: conti
result: 1.0
power_upto_now: 0.28729280829429626
noise variance for Y: 1801.609375
average noise variance for Y upto now: 1800.0361328125
noise variance for Z: 1795.0184326171875
average noise variance for Z upto now: 1799.1759033203125

182th run
noise dimension : 9, 9
noise type: conti
noise type: conti
result: 0.0
power_upto_now: 0.2857142984867096
noise variance for Y: 1807.528564453125
average noise variance for Y upto now: 1800.077392578125
noise variance for Z: 1796.63671875
average noise variance for Z upto now: 1799.161865234375

183th run
noise dimension : 9, 9
noise type: conti
noise type: conti
result: 1.0
power_upto_now: 0.28961747884750366
noise variance for Y: 1808.353759765625
average noise variance for Y upto now: 1800.122802734375
noise variance for Z: 1799.4776611328125
average noise variance for Z upto now: 1799.163818359375

184th run
noise dimension : 9, 9
noise type: conti
noise type: conti
result: 0.0
power_upto_now: 0.28804346919059753
noise variance for Y: 1800.5523681640625
average noise variance for Y upto now: 1800.1251220703125
noise variance for Z: 1804.7947998046875
average noise variance for Z upto now: 1799.1943359375

185th run
noise dimension : 9, 9
noise type: conti
noise type: conti
result: 0.0
power_upto_now: 0.2864864766597748
noise variance for Y: 1799.0557861328125
average noise variance for Y upto now: 1800.1192626953125
noise variance for Z: 1800.033447265625
average noise variance for Z upto now: 1799.1986083984375

186th run
noise dimension : 9, 9
noise type: conti
noise type: conti
result: 0.0
power_upto_now: 0.2849462330341339
noise variance for Y: 1795.8759765625
average noise variance for Y upto now: 1800.096435546875
noise variance for Z: 1802.2882080078125
average noise variance for Z upto now: 1799.21533203125

187th run
noise dimension : 9, 9
noise type: conti
noise type: conti
result: 1.0
power_upto_now: 0.28877004981040955
noise variance for Y: 1796.214111328125
average noise variance for Y upto now: 1800.07568359375
noise variance for Z: 1800.172607421875
average noise variance for Z upto now: 1799.2205810546875

188th run
noise dimension : 9, 9
noise type: conti
noise type: conti
result: 0.0
power_upto_now: 0.28723403811454773
noise variance for Y: 1802.2783203125
average noise variance for Y upto now: 1800.08740234375
noise variance for Z: 1794.4100341796875
average noise variance for Z upto now: 1799.19482421875

189th run
noise dimension : 9, 9
noise type: conti
noise type: conti
result: 0.0
power_upto_now: 0.2857142984867096
noise variance for Y: 1797.2022705078125
average noise variance for Y upto now: 1800.072265625
noise variance for Z: 1807.790283203125
average noise variance for Z upto now: 1799.2403564453125

190th run
noise dimension : 9, 9
noise type: conti
noise type: conti
result: 0.0
power_upto_now: 0.28421053290367126
noise variance for Y: 1792.3646240234375
average noise variance for Y upto now: 1800.0316162109375
noise variance for Z: 1805.14208984375
average noise variance for Z upto now: 1799.2713623046875

191th run
noise dimension : 9, 9
noise type: conti
noise type: conti
result: 1.0
power_upto_now: 0.2879581153392792
noise variance for Y: 1800.2049560546875
average noise variance for Y upto now: 1800.0325927734375
noise variance for Z: 1800.92578125
average noise variance for Z upto now: 1799.2801513671875

192th run
noise dimension : 9, 9
noise type: conti
noise type: conti
result: 0.0
power_upto_now: 0.2864583432674408
noise variance for Y: 1797.2008056640625
average noise variance for Y upto now: 1800.017578125
noise variance for Z: 1806.3546142578125
average noise variance for Z upto now: 1799.3170166015625

193th run
noise dimension : 9, 9
noise type: conti
noise type: conti
result: 0.0
power_upto_now: 0.2849740982055664
noise variance for Y: 1800.860595703125
average noise variance for Y upto now: 1800.02197265625
noise variance for Z: 1800.0899658203125
average noise variance for Z upto now: 1799.321044921875

194th run
noise dimension : 9, 9
noise type: conti
noise type: conti
result: 0.0
power_upto_now: 0.2835051417350769
noise variance for Y: 1793.9456787109375
average noise variance for Y upto now: 1799.9906005859375
noise variance for Z: 1784.9041748046875
average noise variance for Z upto now: 1799.246826171875

195th run
noise dimension : 9, 9
noise type: conti
noise type: conti
result: 1.0
power_upto_now: 0.28717949986457825
noise variance for Y: 1799.3009033203125
average noise variance for Y upto now: 1799.987060546875
noise variance for Z: 1793.8765869140625
average noise variance for Z upto now: 1799.21923828125

196th run
noise dimension : 9, 9
noise type: conti
noise type: conti
