job started
cuda available: True
1
code run on device:: cuda:0
0
0

simulation started at = 2022-08-18 17:55:08.286556 

n = 18000,

kappa = 3, alpha = 4.0,

gamma = 0.05, nTests = 500,

B = 300, d = 4

copula_mean
tensor([0.5000, 0.5000, 0.5000, 0.5000], device='cuda:0')
sigma
tensor([[1.0000, 0.5000, 0.5000, 0.5000],
        [0.5000, 1.0000, 0.5000, 0.5000],
        [0.5000, 0.5000, 1.0000, 0.5000],
        [0.5000, 0.5000, 0.5000, 1.0000]], device='cuda:0')

1th run
6000
noise dimension : 6561
noise type: conti
torch.Size([12000, 6561])
original u-statistic:331.5496520996094
p value proxy: 0.003322259057313204
result: 1.0
power_upto_now: 1.0
noise variance: 3279.712646484375
average noise variance  upto now: 3279.712646484375

2th run
6000
noise dimension : 6561
noise type: conti
torch.Size([12000, 6561])
original u-statistic:330.4908447265625
p value proxy: 0.003322259057313204
result: 1.0
power_upto_now: 1.0
noise variance: 3279.616455078125
average noise variance  upto now: 3279.66455078125

3th run
6000
noise dimension : 6561
noise type: conti
torch.Size([12000, 6561])
original u-statistic:197.47000122070312
p value proxy: 0.05647840350866318
result: 0.0
power_upto_now: 0.6666666865348816
noise variance: 3279.591552734375
average noise variance  upto now: 3279.640380859375

4th run
6000
noise dimension : 6561
noise type: conti
torch.Size([12000, 6561])
original u-statistic:332.38494873046875
p value proxy: 0.013289036229252815
result: 1.0
power_upto_now: 0.75
noise variance: 3281.794189453125
average noise variance  upto now: 3280.1787109375

5th run
6000
noise dimension : 6561
noise type: conti
torch.Size([12000, 6561])
original u-statistic:250.06268310546875
p value proxy: 0.02657807245850563
result: 1.0
power_upto_now: 0.800000011920929
noise variance: 3281.56494140625
average noise variance  upto now: 3280.455810546875

6th run
6000
noise dimension : 6561
noise type: conti
torch.Size([12000, 6561])
original u-statistic:377.3121032714844
p value proxy: 0.006644518114626408
result: 1.0
power_upto_now: 0.8333333134651184
noise variance: 3281.43310546875
average noise variance  upto now: 3280.618896484375

7th run
6000
noise dimension : 6561
noise type: conti
torch.Size([12000, 6561])
original u-statistic:285.9795227050781
p value proxy: 0.006644518114626408
result: 1.0
power_upto_now: 0.8571428656578064
noise variance: 3279.306640625
average noise variance  upto now: 3280.431640625

8th run
6000
noise dimension : 6561
noise type: conti
torch.Size([12000, 6561])
original u-statistic:247.47500610351562
p value proxy: 0.033222589641809464
result: 1.0
power_upto_now: 0.875
noise variance: 3279.68017578125
average noise variance  upto now: 3280.33740234375

9th run
6000
noise dimension : 6561
noise type: conti
torch.Size([12000, 6561])
original u-statistic:118.92228698730469
p value proxy: 0.15946844220161438
result: 0.0
power_upto_now: 0.7777777910232544
noise variance: 3280.089599609375
average noise variance  upto now: 3280.309814453125

10th run
6000
noise dimension : 6561
noise type: conti
torch.Size([12000, 6561])
original u-statistic:290.8443908691406
p value proxy: 0.009966777637600899
result: 1.0
power_upto_now: 0.800000011920929
noise variance: 3281.686767578125
average noise variance  upto now: 3280.44775390625

11th run
6000
noise dimension : 6561
noise type: conti
torch.Size([12000, 6561])
original u-statistic:226.28375244140625
p value proxy: 0.033222589641809464
result: 1.0
power_upto_now: 0.8181818127632141
noise variance: 3278.793701171875
average noise variance  upto now: 3280.297607421875

12th run
6000
noise dimension : 6561
noise type: conti
torch.Size([12000, 6561])
original u-statistic:193.09756469726562
p value proxy: 0.0830564796924591
result: 0.0
power_upto_now: 0.75
noise variance: 3281.805908203125
average noise variance  upto now: 3280.423095703125

13th run
6000
noise dimension : 6561
noise type: conti
torch.Size([12000, 6561])
original u-statistic:396.29803466796875
p value proxy: 0.003322259057313204
result: 1.0
power_upto_now: 0.7692307829856873
noise variance: 3280.380859375
average noise variance  upto now: 3280.420166015625

14th run
6000
noise dimension : 6561
noise type: conti
torch.Size([12000, 6561])
original u-statistic:221.2051544189453
p value proxy: 0.033222589641809464
result: 1.0
power_upto_now: 0.7857142686843872
noise variance: 3279.97607421875
average noise variance  upto now: 3280.388427734375

15th run
6000
noise dimension : 6561
noise type: conti
torch.Size([12000, 6561])
original u-statistic:114.76934814453125
p value proxy: 0.20930232107639313
result: 0.0
power_upto_now: 0.7333333492279053
noise variance: 3280.343994140625
average noise variance  upto now: 3280.385498046875

16th run
6000
noise dimension : 6561
noise type: conti
torch.Size([12000, 6561])
original u-statistic:28.677825927734375
p value proxy: 0.3654485046863556
result: 0.0
power_upto_now: 0.6875
noise variance: 3279.57373046875
average noise variance  upto now: 3280.334228515625

17th run
6000
noise dimension : 6561
noise type: conti
torch.Size([12000, 6561])
original u-statistic:163.08529663085938
p value proxy: 0.0830564796924591
result: 0.0
power_upto_now: 0.6470588445663452
noise variance: 3281.8642578125
average noise variance  upto now: 3280.42431640625

18th run
6000
noise dimension : 6561
noise type: conti
torch.Size([12000, 6561])
original u-statistic:396.21063232421875
p value proxy: 0.003322259057313204
result: 1.0
power_upto_now: 0.6666666865348816
noise variance: 3280.34130859375
average noise variance  upto now: 3280.419921875

19th run
6000
noise dimension : 6561
noise type: conti
torch.Size([12000, 6561])
original u-statistic:108.87725830078125
p value proxy: 0.19269102811813354
result: 0.0
power_upto_now: 0.6315789222717285
noise variance: 3280.831298828125
average noise variance  upto now: 3280.44140625

20th run
6000
noise dimension : 6561
noise type: conti
torch.Size([12000, 6561])
original u-statistic:294.6893005371094
p value proxy: 0.019933555275201797
result: 1.0
power_upto_now: 0.6499999761581421
noise variance: 3281.3310546875
average noise variance  upto now: 3280.48583984375

21th run
6000
noise dimension : 6561
noise type: conti
torch.Size([12000, 6561])
original u-statistic:228.0304718017578
p value proxy: 0.05315614491701126
result: 0.0
power_upto_now: 0.6190476417541504
noise variance: 3280.552734375
average noise variance  upto now: 3280.489501953125

22th run
6000
noise dimension : 6561
noise type: conti
torch.Size([12000, 6561])
original u-statistic:265.59466552734375
p value proxy: 0.019933555275201797
result: 1.0
power_upto_now: 0.6363636255264282
noise variance: 3280.23291015625
average noise variance  upto now: 3280.47802734375

23th run
6000
noise dimension : 6561
noise type: conti
torch.Size([12000, 6561])
original u-statistic:307.64154052734375
p value proxy: 0.023255813866853714
result: 1.0
power_upto_now: 0.6521739363670349
noise variance: 3280.54541015625
average noise variance  upto now: 3280.480224609375

24th run
6000
noise dimension : 6561
noise type: conti
torch.Size([12000, 6561])
original u-statistic:-13.45611572265625
p value proxy: 0.5415282249450684
result: 0.0
power_upto_now: 0.625
noise variance: 3280.588134765625
average noise variance  upto now: 3280.485107421875

25th run
6000
noise dimension : 6561
noise type: conti
torch.Size([12000, 6561])
original u-statistic:552.4988403320312
p value proxy: 0.003322259057313204
result: 1.0
power_upto_now: 0.6399999856948853
noise variance: 3278.4580078125
average noise variance  upto now: 3280.40380859375

26th run
6000
noise dimension : 6561
noise type: conti
torch.Size([12000, 6561])
original u-statistic:379.3417663574219
p value proxy: 0.003322259057313204
result: 1.0
power_upto_now: 0.6538461446762085
noise variance: 3280.612060546875
average noise variance  upto now: 3280.411865234375

27th run
6000
noise dimension : 6561
noise type: conti
torch.Size([12000, 6561])
original u-statistic:245.91778564453125
p value proxy: 0.013289036229252815
result: 1.0
power_upto_now: 0.6666666865348816
noise variance: 3280.99462890625
average noise variance  upto now: 3280.433349609375

28th run
6000
noise dimension : 6561
noise type: conti
torch.Size([12000, 6561])
original u-statistic:144.40721130371094
p value proxy: 0.11295680701732635
result: 0.0
power_upto_now: 0.6428571343421936
noise variance: 3282.087890625
average noise variance  upto now: 3280.492431640625

29th run
6000
noise dimension : 6561
noise type: conti
torch.Size([12000, 6561])
original u-statistic:193.96421813964844
p value proxy: 0.059800662100315094
result: 0.0
power_upto_now: 0.6206896305084229
noise variance: 3281.264404296875
average noise variance  upto now: 3280.51904296875

30th run
6000
noise dimension : 6561
noise type: conti
torch.Size([12000, 6561])
original u-statistic:431.3168029785156
p value proxy: 0.003322259057313204
result: 1.0
power_upto_now: 0.6333333253860474
noise variance: 3282.158203125
average noise variance  upto now: 3280.57373046875

31th run
6000
noise dimension : 6561
noise type: conti
torch.Size([12000, 6561])
original u-statistic:433.3233642578125
p value proxy: 0.006644518114626408
result: 1.0
power_upto_now: 0.6451612710952759
noise variance: 3279.310302734375
average noise variance  upto now: 3280.532958984375

32th run
6000
noise dimension : 6561
noise type: conti
torch.Size([12000, 6561])
original u-statistic:177.62918090820312
p value proxy: 0.11960132420063019
result: 0.0
power_upto_now: 0.625
noise variance: 3279.509521484375
average noise variance  upto now: 3280.5009765625

33th run
6000
noise dimension : 6561
noise type: conti
torch.Size([12000, 6561])
original u-statistic:283.67071533203125
p value proxy: 0.02657807245850563
result: 1.0
power_upto_now: 0.6363636255264282
noise variance: 3280.499267578125
average noise variance  upto now: 3280.5009765625

34th run
6000
noise dimension : 6561
noise type: conti
torch.Size([12000, 6561])
original u-statistic:291.343505859375
p value proxy: 0.019933555275201797
result: 1.0
power_upto_now: 0.6470588445663452
noise variance: 3280.263427734375
average noise variance  upto now: 3280.494140625

35th run
6000
noise dimension : 6561
noise type: conti
torch.Size([12000, 6561])
original u-statistic:349.04229736328125
p value proxy: 0.006644518114626408
result: 1.0
power_upto_now: 0.6571428775787354
noise variance: 3281.39208984375
average noise variance  upto now: 3280.51953125

36th run
6000
noise dimension : 6561
noise type: conti
torch.Size([12000, 6561])
original u-statistic:74.26467895507812
p value proxy: 0.2857142686843872
result: 0.0
power_upto_now: 0.6388888955116272
noise variance: 3280.942626953125
average noise variance  upto now: 3280.53125

37th run
6000
noise dimension : 6561
noise type: conti
torch.Size([12000, 6561])
original u-statistic:429.718017578125
p value proxy: 0.003322259057313204
result: 1.0
power_upto_now: 0.6486486196517944
noise variance: 3280.64013671875
average noise variance  upto now: 3280.5341796875

38th run
6000
noise dimension : 6561
noise type: conti
torch.Size([12000, 6561])
original u-statistic:244.4434051513672
p value proxy: 0.02657807245850563
result: 1.0
power_upto_now: 0.6578947305679321
noise variance: 3279.63916015625
average noise variance  upto now: 3280.5107421875

39th run
6000
noise dimension : 6561
noise type: conti
torch.Size([12000, 6561])
original u-statistic:393.6802978515625
p value proxy: 0.009966777637600899
result: 1.0
power_upto_now: 0.6666666865348816
noise variance: 3280.760986328125
average noise variance  upto now: 3280.517333984375

40th run
6000
noise dimension : 6561
noise type: conti
torch.Size([12000, 6561])
original u-statistic:259.1293640136719
p value proxy: 0.033222589641809464
result: 1.0
power_upto_now: 0.675000011920929
noise variance: 3280.806396484375
average noise variance  upto now: 3280.524169921875

41th run
6000
noise dimension : 6561
noise type: conti
torch.Size([12000, 6561])
original u-statistic:262.8861083984375
p value proxy: 0.013289036229252815
result: 1.0
power_upto_now: 0.6829268336296082
noise variance: 3280.311767578125
average noise variance  upto now: 3280.51904296875

42th run
6000
noise dimension : 6561
noise type: conti
torch.Size([12000, 6561])
original u-statistic:327.8699035644531
p value proxy: 0.006644518114626408
result: 1.0
power_upto_now: 0.6904761791229248
noise variance: 3281.08203125
average noise variance  upto now: 3280.532470703125

43th run
6000
noise dimension : 6561
noise type: conti
torch.Size([12000, 6561])
original u-statistic:602.7294921875
p value proxy: 0.003322259057313204
result: 1.0
power_upto_now: 0.6976743936538696
noise variance: 3280.177490234375
average noise variance  upto now: 3280.5244140625

44th run
6000
noise dimension : 6561
noise type: conti
torch.Size([12000, 6561])
original u-statistic:296.41717529296875
p value proxy: 0.006644518114626408
result: 1.0
power_upto_now: 0.7045454382896423
noise variance: 3281.497802734375
average noise variance  upto now: 3280.546630859375

45th run
6000
noise dimension : 6561
noise type: conti
torch.Size([12000, 6561])
original u-statistic:219.7841033935547
p value proxy: 0.059800662100315094
result: 0.0
power_upto_now: 0.6888889074325562
noise variance: 3280.186767578125
average noise variance  upto now: 3280.53857421875

46th run
6000
noise dimension : 6561
noise type: conti
torch.Size([12000, 6561])
original u-statistic:330.8639221191406
p value proxy: 0.006644518114626408
result: 1.0
power_upto_now: 0.695652186870575
noise variance: 3281.36474609375
average noise variance  upto now: 3280.556396484375

47th run
6000
noise dimension : 6561
noise type: conti
torch.Size([12000, 6561])
original u-statistic:380.70697021484375
p value proxy: 0.003322259057313204
result: 1.0
power_upto_now: 0.7021276354789734
noise variance: 3279.79150390625
average noise variance  upto now: 3280.540283203125

48th run
6000
noise dimension : 6561
noise type: conti
torch.Size([12000, 6561])
original u-statistic:214.29177856445312
p value proxy: 0.06312292069196701
result: 0.0
power_upto_now: 0.6875
noise variance: 3280.855224609375
average noise variance  upto now: 3280.546630859375

49th run
6000
noise dimension : 6561
noise type: conti
torch.Size([12000, 6561])
original u-statistic:405.36724853515625
p value proxy: 0.003322259057313204
result: 1.0
power_upto_now: 0.6938775777816772
noise variance: 3281.15966796875
average noise variance  upto now: 3280.559326171875

50th run
6000
noise dimension : 6561
noise type: conti
torch.Size([12000, 6561])
original u-statistic:219.9459686279297
p value proxy: 0.05647840350866318
result: 0.0
power_upto_now: 0.6800000071525574
noise variance: 3279.79052734375
average noise variance  upto now: 3280.543701171875

51th run
6000
noise dimension : 6561
noise type: conti
torch.Size([12000, 6561])
original u-statistic:305.36505126953125
p value proxy: 0.006644518114626408
result: 1.0
power_upto_now: 0.686274528503418
noise variance: 3280.8896484375
average noise variance  upto now: 3280.550537109375

52th run
6000
noise dimension : 6561
noise type: conti
torch.Size([12000, 6561])
original u-statistic:360.2344970703125
p value proxy: 0.003322259057313204
result: 1.0
power_upto_now: 0.692307710647583
noise variance: 3280.757080078125
average noise variance  upto now: 3280.5546875

53th run
6000
noise dimension : 6561
noise type: conti
torch.Size([12000, 6561])
original u-statistic:387.37261962890625
p value proxy: 0.003322259057313204
result: 1.0
power_upto_now: 0.698113203048706
noise variance: 3279.551025390625
average noise variance  upto now: 3280.53564453125

54th run
6000
noise dimension : 6561
noise type: conti
torch.Size([12000, 6561])
original u-statistic:211.19647216796875
p value proxy: 0.03654484823346138
result: 1.0
power_upto_now: 0.7037037014961243
noise variance: 3280.944580078125
average noise variance  upto now: 3280.543212890625

55th run
6000
noise dimension : 6561
noise type: conti
torch.Size([12000, 6561])
original u-statistic:257.21246337890625
p value proxy: 0.016611294820904732
result: 1.0
power_upto_now: 0.7090908885002136
noise variance: 3280.340087890625
average noise variance  upto now: 3280.53955078125

56th run
6000
noise dimension : 6561
noise type: conti
torch.Size([12000, 6561])
original u-statistic:173.92477416992188
p value proxy: 0.09302325546741486
result: 0.0
power_upto_now: 0.6964285969734192
noise variance: 3280.785400390625
average noise variance  upto now: 3280.543701171875

57th run
6000
noise dimension : 6561
noise type: conti
torch.Size([12000, 6561])
original u-statistic:161.67333984375
p value proxy: 0.10631228983402252
result: 0.0
power_upto_now: 0.6842105388641357
noise variance: 3279.935302734375
average noise variance  upto now: 3280.533203125

58th run
6000
noise dimension : 6561
noise type: conti
torch.Size([12000, 6561])
original u-statistic:344.5611267089844
p value proxy: 0.009966777637600899
result: 1.0
power_upto_now: 0.6896551847457886
noise variance: 3282.398681640625
average noise variance  upto now: 3280.5654296875

59th run
6000
noise dimension : 6561
noise type: conti
torch.Size([12000, 6561])
original u-statistic:307.820068359375
p value proxy: 0.003322259057313204
result: 1.0
power_upto_now: 0.694915235042572
noise variance: 3281.189453125
average noise variance  upto now: 3280.575927734375

60th run
6000
noise dimension : 6561
noise type: conti
torch.Size([12000, 6561])
original u-statistic:420.62762451171875
p value proxy: 0.003322259057313204
result: 1.0
power_upto_now: 0.699999988079071
noise variance: 3281.59423828125
average noise variance  upto now: 3280.593017578125

61th run
6000
noise dimension : 6561
noise type: conti
torch.Size([12000, 6561])
original u-statistic:423.46905517578125
p value proxy: 0.003322259057313204
result: 1.0
power_upto_now: 0.7049180269241333
noise variance: 3280.658447265625
average noise variance  upto now: 3280.593994140625

62th run
6000
noise dimension : 6561
noise type: conti
torch.Size([12000, 6561])
original u-statistic:203.35707092285156
p value proxy: 0.04318936914205551
result: 1.0
power_upto_now: 0.7096773982048035
noise variance: 3281.059326171875
average noise variance  upto now: 3280.6015625

63th run
6000
noise dimension : 6561
noise type: conti
torch.Size([12000, 6561])
original u-statistic:603.5943603515625
p value proxy: 0.003322259057313204
result: 1.0
power_upto_now: 0.7142857313156128
noise variance: 3279.73876953125
average noise variance  upto now: 3280.588134765625

64th run
6000
noise dimension : 6561
noise type: conti
torch.Size([12000, 6561])
original u-statistic:254.5513458251953
p value proxy: 0.02657807245850563
result: 1.0
power_upto_now: 0.71875
noise variance: 3282.169677734375
average noise variance  upto now: 3280.61279296875

65th run
6000
noise dimension : 6561
noise type: conti
torch.Size([12000, 6561])
original u-statistic:395.22216796875
p value proxy: 0.006644518114626408
result: 1.0
power_upto_now: 0.7230769395828247
noise variance: 3280.10009765625
average noise variance  upto now: 3280.604736328125

66th run
6000
noise dimension : 6561
noise type: conti
torch.Size([12000, 6561])
original u-statistic:264.1961669921875
p value proxy: 0.029900331050157547
result: 1.0
power_upto_now: 0.7272727489471436
noise variance: 3280.896728515625
average noise variance  upto now: 3280.609130859375

67th run
6000
noise dimension : 6561
noise type: conti
torch.Size([12000, 6561])
original u-statistic:431.9156799316406
p value proxy: 0.003322259057313204
result: 1.0
power_upto_now: 0.7313432693481445
noise variance: 3280.9052734375
average noise variance  upto now: 3280.613525390625

68th run
6000
noise dimension : 6561
noise type: conti
torch.Size([12000, 6561])
original u-statistic:274.16949462890625
p value proxy: 0.016611294820904732
result: 1.0
power_upto_now: 0.7352941036224365
noise variance: 3279.467041015625
average noise variance  upto now: 3280.5966796875

69th run
6000
noise dimension : 6561
noise type: conti
torch.Size([12000, 6561])
original u-statistic:217.42916870117188
p value proxy: 0.039867110550403595
result: 1.0
power_upto_now: 0.739130437374115
noise variance: 3280.29052734375
average noise variance  upto now: 3280.59228515625

70th run
6000
noise dimension : 6561
noise type: conti
torch.Size([12000, 6561])
original u-statistic:263.94451904296875
p value proxy: 0.016611294820904732
result: 1.0
power_upto_now: 0.7428571581840515
noise variance: 3279.7783203125
average noise variance  upto now: 3280.580810546875

71th run
6000
noise dimension : 6561
noise type: conti
torch.Size([12000, 6561])
original u-statistic:290.0110168457031
p value proxy: 0.013289036229252815
result: 1.0
power_upto_now: 0.7464788556098938
noise variance: 3281.082763671875
average noise variance  upto now: 3280.587890625

72th run
6000
noise dimension : 6561
noise type: conti
torch.Size([12000, 6561])
original u-statistic:531.9080810546875
p value proxy: 0.003322259057313204
result: 1.0
power_upto_now: 0.75
noise variance: 3279.965087890625
average noise variance  upto now: 3280.5791015625

73th run
6000
noise dimension : 6561
noise type: conti
torch.Size([12000, 6561])
original u-statistic:358.0413513183594
p value proxy: 0.003322259057313204
result: 1.0
power_upto_now: 0.7534246444702148
noise variance: 3281.23583984375
average noise variance  upto now: 3280.588134765625

74th run
6000
noise dimension : 6561
noise type: conti
torch.Size([12000, 6561])
original u-statistic:391.5779724121094
p value proxy: 0.006644518114626408
result: 1.0
power_upto_now: 0.7567567825317383
noise variance: 3281.3662109375
average noise variance  upto now: 3280.598876953125

75th run
6000
noise dimension : 6561
noise type: conti
torch.Size([12000, 6561])
original u-statistic:409.302978515625
p value proxy: 0.006644518114626408
result: 1.0
power_upto_now: 0.7599999904632568
noise variance: 3280.57666015625
average noise variance  upto now: 3280.598388671875

76th run
6000
noise dimension : 6561
noise type: conti
torch.Size([12000, 6561])
original u-statistic:188.73011779785156
p value proxy: 0.05647840350866318
result: 0.0
power_upto_now: 0.75
noise variance: 3279.585693359375
average noise variance  upto now: 3280.585205078125

77th run
6000
noise dimension : 6561
noise type: conti
torch.Size([12000, 6561])
original u-statistic:250.20057678222656
p value proxy: 0.019933555275201797
result: 1.0
power_upto_now: 0.7532467246055603
noise variance: 3281.016845703125
average noise variance  upto now: 3280.590576171875

78th run
6000
noise dimension : 6561
noise type: conti
torch.Size([12000, 6561])
original u-statistic:333.1583557128906
p value proxy: 0.009966777637600899
result: 1.0
power_upto_now: 0.7564102411270142
noise variance: 3279.643310546875
average noise variance  upto now: 3280.57861328125

79th run
6000
noise dimension : 6561
noise type: conti
torch.Size([12000, 6561])
original u-statistic:177.0811004638672
p value proxy: 0.1029900312423706
result: 0.0
power_upto_now: 0.746835470199585
noise variance: 3280.156982421875
average noise variance  upto now: 3280.5732421875

80th run
6000
noise dimension : 6561
noise type: conti
torch.Size([12000, 6561])
original u-statistic:331.34295654296875
p value proxy: 0.009966777637600899
result: 1.0
power_upto_now: 0.75
noise variance: 3280.086181640625
average noise variance  upto now: 3280.567138671875

81th run
6000
noise dimension : 6561
noise type: conti
torch.Size([12000, 6561])
original u-statistic:287.3934631347656
p value proxy: 0.019933555275201797
result: 1.0
power_upto_now: 0.7530864477157593
noise variance: 3279.516845703125
average noise variance  upto now: 3280.553955078125

82th run
6000
noise dimension : 6561
noise type: conti
torch.Size([12000, 6561])
original u-statistic:364.8564147949219
p value proxy: 0.003322259057313204
result: 1.0
power_upto_now: 0.7560975551605225
noise variance: 3280.9931640625
average noise variance  upto now: 3280.5595703125

83th run
6000
noise dimension : 6561
noise type: conti
torch.Size([12000, 6561])
original u-statistic:447.9956359863281
p value proxy: 0.003322259057313204
result: 1.0
power_upto_now: 0.759036123752594
noise variance: 3280.685302734375
average noise variance  upto now: 3280.56103515625

84th run
6000
noise dimension : 6561
noise type: conti
torch.Size([12000, 6561])
original u-statistic:237.6201171875
p value proxy: 0.03654484823346138
result: 1.0
power_upto_now: 0.761904776096344
noise variance: 3282.20068359375
average noise variance  upto now: 3280.580322265625

85th run
6000
noise dimension : 6561
noise type: conti
torch.Size([12000, 6561])
original u-statistic:91.51748657226562
p value proxy: 0.21926909685134888
result: 0.0
power_upto_now: 0.7529411911964417
noise variance: 3280.26220703125
average noise variance  upto now: 3280.576416015625

86th run
6000
noise dimension : 6561
noise type: conti
torch.Size([12000, 6561])
original u-statistic:10.54217529296875
p value proxy: 0.4252491593360901
result: 0.0
power_upto_now: 0.7441860437393188
noise variance: 3279.753662109375
average noise variance  upto now: 3280.56689453125

87th run
6000
noise dimension : 6561
noise type: conti
torch.Size([12000, 6561])
original u-statistic:175.42373657226562
p value proxy: 0.09302325546741486
result: 0.0
power_upto_now: 0.7356321811676025
noise variance: 3280.87744140625
average noise variance  upto now: 3280.5703125

88th run
6000
noise dimension : 6561
noise type: conti
torch.Size([12000, 6561])
original u-statistic:88.37673950195312
p value proxy: 0.27574750781059265
result: 0.0
power_upto_now: 0.7272727489471436
noise variance: 3278.336181640625
average noise variance  upto now: 3280.54541015625

89th run
6000
noise dimension : 6561
noise type: conti
torch.Size([12000, 6561])
original u-statistic:357.80218505859375
p value proxy: 0.003322259057313204
result: 1.0
power_upto_now: 0.7303370833396912
noise variance: 3279.72509765625
average noise variance  upto now: 3280.5361328125

90th run
6000
noise dimension : 6561
noise type: conti
torch.Size([12000, 6561])
original u-statistic:180.19349670410156
p value proxy: 0.09634551405906677
result: 0.0
power_upto_now: 0.7222222089767456
noise variance: 3281.126708984375
average noise variance  upto now: 3280.542724609375

91th run
6000
noise dimension : 6561
noise type: conti
torch.Size([12000, 6561])
original u-statistic:231.72125244140625
p value proxy: 0.033222589641809464
result: 1.0
power_upto_now: 0.7252747416496277
noise variance: 3280.451171875
average noise variance  upto now: 3280.54150390625

92th run
6000
noise dimension : 6561
noise type: conti
torch.Size([12000, 6561])
original u-statistic:243.33718872070312
p value proxy: 0.039867110550403595
result: 1.0
power_upto_now: 0.72826087474823
noise variance: 3278.71826171875
average noise variance  upto now: 3280.521728515625

93th run
6000
noise dimension : 6561
noise type: conti
torch.Size([12000, 6561])
original u-statistic:305.1865234375
p value proxy: 0.013289036229252815
result: 1.0
power_upto_now: 0.7311828136444092
noise variance: 3280.4189453125
average noise variance  upto now: 3280.520751953125

94th run
6000
noise dimension : 6561
noise type: conti
torch.Size([12000, 6561])
original u-statistic:131.84629821777344
p value proxy: 0.12956809997558594
result: 0.0
power_upto_now: 0.7234042286872864
noise variance: 3280.995361328125
average noise variance  upto now: 3280.52587890625

95th run
6000
noise dimension : 6561
noise type: conti
torch.Size([12000, 6561])
original u-statistic:327.10174560546875
p value proxy: 0.009966777637600899
result: 1.0
power_upto_now: 0.7263157963752747
noise variance: 3280.271484375
average noise variance  upto now: 3280.52294921875

96th run
6000
noise dimension : 6561
noise type: conti
torch.Size([12000, 6561])
original u-statistic:534.583984375
p value proxy: 0.003322259057313204
result: 1.0
power_upto_now: 0.7291666865348816
noise variance: 3279.424072265625
average noise variance  upto now: 3280.511474609375

97th run
6000
noise dimension : 6561
noise type: conti
torch.Size([12000, 6561])
original u-statistic:210.96388244628906
p value proxy: 0.06976743787527084
result: 0.0
power_upto_now: 0.7216494679450989
noise variance: 3281.98779296875
average noise variance  upto now: 3280.52685546875

98th run
6000
noise dimension : 6561
noise type: conti
torch.Size([12000, 6561])
original u-statistic:75.54696655273438
p value proxy: 0.2691029906272888
result: 0.0
power_upto_now: 0.7142857313156128
noise variance: 3281.78857421875
average noise variance  upto now: 3280.53955078125

99th run
6000
noise dimension : 6561
noise type: conti
torch.Size([12000, 6561])
original u-statistic:332.2039794921875
p value proxy: 0.006644518114626408
result: 1.0
power_upto_now: 0.7171717286109924
noise variance: 3279.398681640625
average noise variance  upto now: 3280.528076171875

100th run
6000
noise dimension : 6561
noise type: conti
torch.Size([12000, 6561])
original u-statistic:331.45263671875
p value proxy: 0.009966777637600899
result: 1.0
power_upto_now: 0.7200000286102295
noise variance: 3280.12451171875
average noise variance  upto now: 3280.524169921875

101th run
6000
noise dimension : 6561
noise type: conti
torch.Size([12000, 6561])
original u-statistic:563.5410766601562
p value proxy: 0.003322259057313204
result: 1.0
power_upto_now: 0.7227723002433777
noise variance: 3282.84912109375
average noise variance  upto now: 3280.547119140625

102th run
6000
noise dimension : 6561
noise type: conti
torch.Size([12000, 6561])
original u-statistic:286.85845947265625
p value proxy: 0.009966777637600899
result: 1.0
power_upto_now: 0.7254902124404907
noise variance: 3281.871337890625
average noise variance  upto now: 3280.56005859375

103th run
6000
noise dimension : 6561
noise type: conti
torch.Size([12000, 6561])
original u-statistic:284.27252197265625
p value proxy: 0.016611294820904732
result: 1.0
power_upto_now: 0.7281553149223328
noise variance: 3280.060302734375
average noise variance  upto now: 3280.55517578125

104th run
6000
noise dimension : 6561
noise type: conti
torch.Size([12000, 6561])
original u-statistic:326.8939208984375
p value proxy: 0.016611294820904732
result: 1.0
power_upto_now: 0.7307692170143127
noise variance: 3280.809326171875
average noise variance  upto now: 3280.55810546875

105th run
6000
noise dimension : 6561
noise type: conti
torch.Size([12000, 6561])
original u-statistic:246.3818359375
p value proxy: 0.023255813866853714
result: 1.0
power_upto_now: 0.7333333492279053
noise variance: 3279.767578125
average noise variance  upto now: 3280.55029296875

106th run
6000
noise dimension : 6561
noise type: conti
torch.Size([12000, 6561])
original u-statistic:163.40130615234375
p value proxy: 0.09634551405906677
result: 0.0
power_upto_now: 0.7264150977134705
noise variance: 3281.552001953125
average noise variance  upto now: 3280.559814453125

107th run
6000
noise dimension : 6561
noise type: conti
torch.Size([12000, 6561])
original u-statistic:282.89056396484375
p value proxy: 0.016611294820904732
result: 1.0
power_upto_now: 0.7289719581604004
noise variance: 3281.27978515625
average noise variance  upto now: 3280.566650390625

108th run
6000
noise dimension : 6561
noise type: conti
torch.Size([12000, 6561])
original u-statistic:70.4339599609375
p value proxy: 0.29568105936050415
result: 0.0
power_upto_now: 0.7222222089767456
noise variance: 3279.927734375
average noise variance  upto now: 3280.560546875

109th run
6000
noise dimension : 6561
noise type: conti
torch.Size([12000, 6561])
original u-statistic:163.12738037109375
p value proxy: 0.07973422110080719
result: 0.0
power_upto_now: 0.7155963182449341
noise variance: 3280.884033203125
average noise variance  upto now: 3280.563720703125

110th run
6000
noise dimension : 6561
noise type: conti
torch.Size([12000, 6561])
original u-statistic:128.24560546875
p value proxy: 0.14617939293384552
result: 0.0
power_upto_now: 0.7090908885002136
noise variance: 3281.281005859375
average noise variance  upto now: 3280.570068359375

111th run
6000
noise dimension : 6561
noise type: conti
torch.Size([12000, 6561])
original u-statistic:380.08453369140625
p value proxy: 0.006644518114626408
result: 1.0
power_upto_now: 0.7117117047309875
noise variance: 3280.35107421875
average noise variance  upto now: 3280.568115234375

112th run
6000
noise dimension : 6561
noise type: conti
torch.Size([12000, 6561])
original u-statistic:128.2620849609375
p value proxy: 0.11960132420063019
result: 0.0
power_upto_now: 0.7053571343421936
noise variance: 3281.542236328125
average noise variance  upto now: 3280.57666015625

113th run
6000
noise dimension : 6561
noise type: conti
torch.Size([12000, 6561])
original u-statistic:222.13632202148438
p value proxy: 0.04651162773370743
result: 1.0
power_upto_now: 0.7079645991325378
noise variance: 3279.781005859375
average noise variance  upto now: 3280.569580078125

114th run
6000
noise dimension : 6561
noise type: conti
torch.Size([12000, 6561])
original u-statistic:322.19378662109375
p value proxy: 0.013289036229252815
result: 1.0
power_upto_now: 0.7105262875556946
noise variance: 3279.672607421875
average noise variance  upto now: 3280.561767578125

115th run
6000
noise dimension : 6561
noise type: conti
torch.Size([12000, 6561])
original u-statistic:91.20101928710938
p value proxy: 0.21594683825969696
result: 0.0
power_upto_now: 0.7043478488922119
noise variance: 3280.106689453125
average noise variance  upto now: 3280.557861328125

116th run
6000
noise dimension : 6561
noise type: conti
torch.Size([12000, 6561])
original u-statistic:524.4849243164062
p value proxy: 0.003322259057313204
result: 1.0
power_upto_now: 0.7068965435028076
noise variance: 3279.426025390625
average noise variance  upto now: 3280.5478515625

117th run
6000
noise dimension : 6561
noise type: conti
torch.Size([12000, 6561])
original u-statistic:162.94668579101562
p value proxy: 0.14950165152549744
result: 0.0
power_upto_now: 0.7008547186851501
noise variance: 3282.822509765625
average noise variance  upto now: 3280.567626953125

118th run
6000
noise dimension : 6561
noise type: conti
torch.Size([12000, 6561])
original u-statistic:336.8167724609375
p value proxy: 0.006644518114626408
result: 1.0
power_upto_now: 0.7033898234367371
noise variance: 3281.380859375
average noise variance  upto now: 3280.574462890625

119th run
6000
noise dimension : 6561
noise type: conti
torch.Size([12000, 6561])
original u-statistic:455.3814392089844
p value proxy: 0.003322259057313204
result: 1.0
power_upto_now: 0.7058823704719543
noise variance: 3282.255615234375
average noise variance  upto now: 3280.58837890625

120th run
6000
noise dimension : 6561
noise type: conti
torch.Size([12000, 6561])
original u-statistic:297.0164794921875
p value proxy: 0.009966777637600899
result: 1.0
power_upto_now: 0.7083333134651184
noise variance: 3280.5439453125
average noise variance  upto now: 3280.588134765625

121th run
6000
noise dimension : 6561
noise type: conti
torch.Size([12000, 6561])
original u-statistic:370.0341491699219
p value proxy: 0.003322259057313204
result: 1.0
power_upto_now: 0.71074378490448
noise variance: 3281.199951171875
average noise variance  upto now: 3280.59326171875

122th run
6000
noise dimension : 6561
noise type: conti
torch.Size([12000, 6561])
original u-statistic:316.1595153808594
p value proxy: 0.003322259057313204
result: 1.0
power_upto_now: 0.7131147384643555
noise variance: 3280.566162109375
average noise variance  upto now: 3280.593017578125

123th run
6000
noise dimension : 6561
noise type: conti
torch.Size([12000, 6561])
original u-statistic:460.32183837890625
p value proxy: 0.003322259057313204
result: 1.0
power_upto_now: 0.7154471278190613
noise variance: 3280.134765625
average noise variance  upto now: 3280.589111328125

124th run
6000
noise dimension : 6561
noise type: conti
torch.Size([12000, 6561])
original u-statistic:338.58349609375
p value proxy: 0.003322259057313204
result: 1.0
power_upto_now: 0.7177419066429138
noise variance: 3280.08203125
average noise variance  upto now: 3280.585205078125

125th run
6000
noise dimension : 6561
noise type: conti
torch.Size([12000, 6561])
original u-statistic:420.2308349609375
p value proxy: 0.003322259057313204
result: 1.0
power_upto_now: 0.7200000286102295
noise variance: 3280.7841796875
average noise variance  upto now: 3280.586669921875

126th run
6000
noise dimension : 6561
noise type: conti
torch.Size([12000, 6561])
original u-statistic:123.73623657226562
p value proxy: 0.14950165152549744
result: 0.0
power_upto_now: 0.7142857313156128
noise variance: 3280.9091796875
average noise variance  upto now: 3280.58935546875

127th run
6000
noise dimension : 6561
noise type: conti
torch.Size([12000, 6561])
original u-statistic:413.1456298828125
p value proxy: 0.003322259057313204
result: 1.0
power_upto_now: 0.7165354490280151
noise variance: 3281.245849609375
average noise variance  upto now: 3280.594482421875

128th run
6000
noise dimension : 6561
noise type: conti
torch.Size([12000, 6561])
original u-statistic:71.97836303710938
p value proxy: 0.2259136140346527
result: 0.0
power_upto_now: 0.7109375
noise variance: 3281.281982421875
average noise variance  upto now: 3280.599853515625

129th run
6000
noise dimension : 6561
noise type: conti
torch.Size([12000, 6561])
original u-statistic:325.20751953125
p value proxy: 0.006644518114626408
result: 1.0
power_upto_now: 0.713178277015686
noise variance: 3280.44580078125
average noise variance  upto now: 3280.5986328125

130th run
6000
noise dimension : 6561
noise type: conti
torch.Size([12000, 6561])
original u-statistic:302.16253662109375
p value proxy: 0.003322259057313204
result: 1.0
power_upto_now: 0.7153846025466919
noise variance: 3282.225341796875
average noise variance  upto now: 3280.611328125

131th run
6000
noise dimension : 6561
noise type: conti
torch.Size([12000, 6561])
original u-statistic:41.46124267578125
p value proxy: 0.35548171401023865
result: 0.0
power_upto_now: 0.7099236845970154
noise variance: 3280.36572265625
average noise variance  upto now: 3280.609375

132th run
6000
noise dimension : 6561
noise type: conti
torch.Size([12000, 6561])
original u-statistic:-46.00227355957031
p value proxy: 0.634551465511322
result: 0.0
power_upto_now: 0.7045454382896423
noise variance: 3280.710205078125
average noise variance  upto now: 3280.610107421875

133th run
6000
noise dimension : 6561
noise type: conti
torch.Size([12000, 6561])
original u-statistic:246.87966918945312
p value proxy: 0.039867110550403595
result: 1.0
power_upto_now: 0.7067669034004211
noise variance: 3281.454833984375
average noise variance  upto now: 3280.6162109375

134th run
6000
noise dimension : 6561
noise type: conti
torch.Size([12000, 6561])
original u-statistic:402.9620361328125
p value proxy: 0.003322259057313204
result: 1.0
power_upto_now: 0.7089552283287048
noise variance: 3280.912841796875
average noise variance  upto now: 3280.61865234375

135th run
6000
noise dimension : 6561
noise type: conti
torch.Size([12000, 6561])
original u-statistic:106.19708251953125
p value proxy: 0.1661129593849182
result: 0.0
power_upto_now: 0.7037037014961243
noise variance: 3280.62353515625
average noise variance  upto now: 3280.61865234375

136th run
6000
noise dimension : 6561
noise type: conti
torch.Size([12000, 6561])
original u-statistic:556.1443481445312
p value proxy: 0.003322259057313204
result: 1.0
power_upto_now: 0.7058823704719543
noise variance: 3279.377197265625
average noise variance  upto now: 3280.60986328125

137th run
6000
noise dimension : 6561
noise type: conti
torch.Size([12000, 6561])
original u-statistic:182.0503692626953
p value proxy: 0.06976743787527084
result: 0.0
power_upto_now: 0.7007299065589905
noise variance: 3281.09912109375
average noise variance  upto now: 3280.61328125

138th run
6000
noise dimension : 6561
noise type: conti
torch.Size([12000, 6561])
original u-statistic:327.0265197753906
