job started
cuda available: True
code run on device:: cuda:0

simulation started at = 2022-07-24 11:56:19.948528 

n = 50,

kappa = 5, alpha = inf,

gamma = 0.05, nTests = 10,

B = 30, d = 2

copula_mean
tensor([0.5000, 0.5000], device='cuda:0')
sigma
tensor([[1.0000, 0.5000],
        [0.5000, 1.0000]], device='cuda:0')

1th run
noise dimension : 25, 25
original u-statistic:tensor([[95351.1797]], device='cuda:0')
perm_stat_now = tensor([[-1224.6245]], device='cuda:0')
perm_stat_now = tensor([[1379.5425]], device='cuda:0')
perm_stat_now = tensor([[-1418.5524]], device='cuda:0')
perm_stat_now = tensor([[1296.4316]], device='cuda:0')
perm_stat_now = tensor([[-2499.0044]], device='cuda:0')
perm_stat_now = tensor([[-2831.4502]], device='cuda:0')
perm_stat_now = tensor([[-310.3962]], device='cuda:0')
perm_stat_now = tensor([[-2194.2605]], device='cuda:0')
perm_stat_now = tensor([[-2166.5593]], device='cuda:0')
perm_stat_now = tensor([[-3191.6030]], device='cuda:0')
perm_stat_now = tensor([[-365.8040]], device='cuda:0')
perm_stat_now = tensor([[3041.7766]], device='cuda:0')
perm_stat_now = tensor([[714.6479]], device='cuda:0')
perm_stat_now = tensor([[880.8712]], device='cuda:0')
perm_stat_now = tensor([[299.0898]], device='cuda:0')
perm_stat_now = tensor([[1767.3953]], device='cuda:0')
perm_stat_now = tensor([[-365.8040]], device='cuda:0')
perm_stat_now = tensor([[-2166.5593]], device='cuda:0')
perm_stat_now = tensor([[-4687.6123]], device='cuda:0')
perm_stat_now = tensor([[105.1627]], device='cuda:0')
perm_stat_now = tensor([[-1030.6978]], device='cuda:0')
perm_stat_now = tensor([[2847.8494]], device='cuda:0')
perm_stat_now = tensor([[825.4642]], device='cuda:0')
perm_stat_now = tensor([[2210.6594]], device='cuda:0')
perm_stat_now = tensor([[-421.2132]], device='cuda:0')
perm_stat_now = tensor([[-2055.7407]], device='cuda:0')
perm_stat_now = tensor([[7945.3643]], device='cuda:0')
perm_stat_now = tensor([[-1418.5505]], device='cuda:0')
perm_stat_now = tensor([[-3274.7139]], device='cuda:0')
perm_stat_now = tensor([[3429.6294]], device='cuda:0')
p value proxy: 0.032258063554763794
result: 1.0
power_upto_now: 1.0
noise variance for Y: 0.0
average noise variance for Y upto now: 0.0
noise variance for Z: 0.0
average noise variance for Z upto now: 0.0

2th run
noise dimension : 25, 25
original u-statistic:tensor([[112930.1562]], device='cuda:0')
perm_stat_now = tensor([[7960.0654]], device='cuda:0')
perm_stat_now = tensor([[2253.0623]], device='cuda:0')
perm_stat_now = tensor([[258.3803]], device='cuda:0')
perm_stat_now = tensor([[-2816.7529]], device='cuda:0')
perm_stat_now = tensor([[2003.7245]], device='cuda:0')
perm_stat_now = tensor([[757.0523]], device='cuda:0')
perm_stat_now = tensor([[1311.1328]], device='cuda:0')
perm_stat_now = tensor([[-4008.0181]], device='cuda:0')
perm_stat_now = tensor([[-5974.9966]], device='cuda:0')
perm_stat_now = tensor([[1920.6144]], device='cuda:0')
perm_stat_now = tensor([[1754.3896]], device='cuda:0')
perm_stat_now = tensor([[-1542.3702]], device='cuda:0')
perm_stat_now = tensor([[-4811.4321]], device='cuda:0')
perm_stat_now = tensor([[-2622.8267]], device='cuda:0')
perm_stat_now = tensor([[-4008.0181]], device='cuda:0')
perm_stat_now = tensor([[-157.1779]], device='cuda:0')
perm_stat_now = tensor([[2086.8391]], device='cuda:0')
perm_stat_now = tensor([[-6556.7783]], device='cuda:0')
perm_stat_now = tensor([[2031.4299]], device='cuda:0')
perm_stat_now = tensor([[36.7493]], device='cuda:0')
perm_stat_now = tensor([[-766.6587]], device='cuda:0')
perm_stat_now = tensor([[-4035.7222]], device='cuda:0')
perm_stat_now = tensor([[-3066.0864]], device='cuda:0')
perm_stat_now = tensor([[10204.0820]], device='cuda:0')
perm_stat_now = tensor([[-2539.7126]], device='cuda:0')
perm_stat_now = tensor([[-1902.5250]], device='cuda:0')
perm_stat_now = tensor([[-4783.7290]], device='cuda:0')
perm_stat_now = tensor([[-1542.3695]], device='cuda:0')
perm_stat_now = tensor([[840.1647]], device='cuda:0')
perm_stat_now = tensor([[-3370.8291]], device='cuda:0')
p value proxy: 0.032258063554763794
result: 1.0
power_upto_now: 1.0
noise variance for Y: 0.0
average noise variance for Y upto now: 0.0
noise variance for Z: 0.0
average noise variance for Z upto now: 0.0

3th run
noise dimension : 25, 25
original u-statistic:tensor([[105663.8203]], device='cuda:0')
perm_stat_now = tensor([[-3628.0798]], device='cuda:0')
perm_stat_now = tensor([[1829.5890]], device='cuda:0')
perm_stat_now = tensor([[3020.8572]], device='cuda:0')
perm_stat_now = tensor([[859.9525]], device='cuda:0')
perm_stat_now = tensor([[1607.9579]], device='cuda:0')
perm_stat_now = tensor([[-1910.4388]], device='cuda:0')
perm_stat_now = tensor([[3713.4563]], device='cuda:0')
perm_stat_now = tensor([[11165.8037]], device='cuda:0')
perm_stat_now = tensor([[-746.8730]], device='cuda:0')
perm_stat_now = tensor([[1580.2511]], device='cuda:0')
perm_stat_now = tensor([[167.3549]], device='cuda:0')
perm_stat_now = tensor([[-1771.9191]], device='cuda:0')
perm_stat_now = tensor([[3685.7502]], device='cuda:0')
perm_stat_now = tensor([[-303.6103]], device='cuda:0')
perm_stat_now = tensor([[5597.3213]], device='cuda:0')
perm_stat_now = tensor([[-386.7234]], device='cuda:0')
perm_stat_now = tensor([[-1273.2496]], device='cuda:0')
perm_stat_now = tensor([[-663.7637]], device='cuda:0')
perm_stat_now = tensor([[-2935.4829]], device='cuda:0')
perm_stat_now = tensor([[970.7665]], device='cuda:0')
perm_stat_now = tensor([[1635.6610]], device='cuda:0')
perm_stat_now = tensor([[1303.2130]], device='cuda:0')
perm_stat_now = tensor([[-913.0963]], device='cuda:0')
perm_stat_now = tensor([[361.2812]], device='cuda:0')
perm_stat_now = tensor([[-2547.6279]], device='cuda:0')
perm_stat_now = tensor([[-2547.6301]], device='cuda:0')
perm_stat_now = tensor([[2051.2185]], device='cuda:0')
perm_stat_now = tensor([[2162.0332]], device='cuda:0')
perm_stat_now = tensor([[-636.0561]], device='cuda:0')
perm_stat_now = tensor([[-857.6915]], device='cuda:0')
p value proxy: 0.032258063554763794
result: 1.0
power_upto_now: 1.0
noise variance for Y: 0.0
average noise variance for Y upto now: 0.0
noise variance for Z: 0.0
average noise variance for Z upto now: 0.0

4th run
noise dimension : 25, 25
original u-statistic:tensor([[101810.1406]], device='cuda:0')
perm_stat_now = tensor([[-223.3295]], device='cuda:0')
perm_stat_now = tensor([[6425.6113]], device='cuda:0')
perm_stat_now = tensor([[-666.5886]], device='cuda:0')
perm_stat_now = tensor([[801.7206]], device='cuda:0')
perm_stat_now = tensor([[1937.5780]], device='cuda:0')
perm_stat_now = tensor([[-1968.6737]], device='cuda:0')
perm_stat_now = tensor([[-1663.9266]], device='cuda:0')
perm_stat_now = tensor([[4403.2251]], device='cuda:0')
perm_stat_now = tensor([[2214.6174]], device='cuda:0')
perm_stat_now = tensor([[1909.8734]], device='cuda:0')
perm_stat_now = tensor([[1605.1307]], device='cuda:0')
perm_stat_now = tensor([[-4046.4653]], device='cuda:0')
perm_stat_now = tensor([[4181.5942]], device='cuda:0')
perm_stat_now = tensor([[1522.0221]], device='cuda:0')
perm_stat_now = tensor([[-251.0282]], device='cuda:0')
perm_stat_now = tensor([[524.6788]], device='cuda:0')
perm_stat_now = tensor([[275.3432]], device='cuda:0')
perm_stat_now = tensor([[-140.2164]], device='cuda:0')
perm_stat_now = tensor([[-1026.7434]], device='cuda:0')
perm_stat_now = tensor([[-1885.5592]], device='cuda:0')
perm_stat_now = tensor([[-1054.4458]], device='cuda:0')
perm_stat_now = tensor([[-500.3668]], device='cuda:0')
perm_stat_now = tensor([[-3630.9070]], device='cuda:0')
perm_stat_now = tensor([[-1913.2675]], device='cuda:0')
perm_stat_now = tensor([[1217.2780]], device='cuda:0')
perm_stat_now = tensor([[-3436.9814]], device='cuda:0')
perm_stat_now = tensor([[-3353.8669]], device='cuda:0')
perm_stat_now = tensor([[967.9416]], device='cuda:0')
perm_stat_now = tensor([[580.0859]], device='cuda:0')
perm_stat_now = tensor([[-3741.7219]], device='cuda:0')
p value proxy: 0.032258063554763794
result: 1.0
power_upto_now: 1.0
noise variance for Y: 0.0
average noise variance for Y upto now: 0.0
noise variance for Z: 0.0
average noise variance for Z upto now: 0.0

5th run
noise dimension : 25, 25
original u-statistic:tensor([[105331.3594]], device='cuda:0')
perm_stat_now = tensor([[610.6140]], device='cuda:0')
perm_stat_now = tensor([[-857.6908]], device='cuda:0')
perm_stat_now = tensor([[-608.3559]], device='cuda:0')
perm_stat_now = tensor([[-3323.3396]], device='cuda:0')
perm_stat_now = tensor([[-6259.9526]], device='cuda:0')
perm_stat_now = tensor([[-1855.0326]], device='cuda:0')
perm_stat_now = tensor([[1.1309]], device='cuda:0')
perm_stat_now = tensor([[1691.0688]], device='cuda:0')
perm_stat_now = tensor([[2771.5200]], device='cuda:0')
perm_stat_now = tensor([[-885.3947]], device='cuda:0')
perm_stat_now = tensor([[610.6140]], device='cuda:0')
perm_stat_now = tensor([[-1217.8405]], device='cuda:0')
perm_stat_now = tensor([[-1494.8815]], device='cuda:0')
perm_stat_now = tensor([[610.6147]], device='cuda:0')
perm_stat_now = tensor([[-2076.6636]], device='cuda:0')
perm_stat_now = tensor([[1109.2889]], device='cuda:0')
perm_stat_now = tensor([[-3184.8201]], device='cuda:0')
perm_stat_now = tensor([[-802.2823]], device='cuda:0')
perm_stat_now = tensor([[3658.0439]], device='cuda:0')
perm_stat_now = tensor([[-2381.4055]], device='cuda:0')
perm_stat_now = tensor([[6262.2119]], device='cuda:0')
perm_stat_now = tensor([[-26.5723]], device='cuda:0')
perm_stat_now = tensor([[111.9456]], device='cuda:0')
perm_stat_now = tensor([[-1771.9165]], device='cuda:0')
perm_stat_now = tensor([[-331.3149]], device='cuda:0')
perm_stat_now = tensor([[-2796.9617]], device='cuda:0')
perm_stat_now = tensor([[-4292.9731]], device='cuda:0')
perm_stat_now = tensor([[1330.9161]], device='cuda:0')
perm_stat_now = tensor([[7979.8564]], device='cuda:0')
perm_stat_now = tensor([[-192.7978]], device='cuda:0')
p value proxy: 0.032258063554763794
result: 1.0
power_upto_now: 1.0
noise variance for Y: 0.0
average noise variance for Y upto now: 0.0
noise variance for Z: 0.0
average noise variance for Z upto now: 0.0

6th run
noise dimension : 25, 25
original u-statistic:tensor([[114584.4688]], device='cuda:0')
perm_stat_now = tensor([[-1910.4366]], device='cuda:0')
perm_stat_now = tensor([[-1051.6179]], device='cuda:0')
perm_stat_now = tensor([[7453.4795]], device='cuda:0')
perm_stat_now = tensor([[-1162.4275]], device='cuda:0')
perm_stat_now = tensor([[-1190.1388]], device='cuda:0')
perm_stat_now = tensor([[-248.2085]], device='cuda:0')
perm_stat_now = tensor([[-2741.5647]], device='cuda:0')
perm_stat_now = tensor([[1718.7712]], device='cuda:0')
perm_stat_now = tensor([[-1356.3584]], device='cuda:0')
perm_stat_now = tensor([[1081.5835]], device='cuda:0')
perm_stat_now = tensor([[-525.2457]], device='cuda:0')
perm_stat_now = tensor([[-1550.2936]], device='cuda:0')
perm_stat_now = tensor([[-1023.9155]], device='cuda:0')
perm_stat_now = tensor([[-2436.8118]], device='cuda:0')
perm_stat_now = tensor([[-1439.4781]], device='cuda:0')
perm_stat_now = tensor([[4516.8672]], device='cuda:0')
perm_stat_now = tensor([[-2159.7773]], device='cuda:0')
perm_stat_now = tensor([[-2907.7761]], device='cuda:0')
perm_stat_now = tensor([[-2686.1482]], device='cuda:0')
perm_stat_now = tensor([[4018.1975]], device='cuda:0')
perm_stat_now = tensor([[-663.7696]], device='cuda:0')
perm_stat_now = tensor([[-331.3156]], device='cuda:0')
perm_stat_now = tensor([[915.3618]], device='cuda:0')
perm_stat_now = tensor([[610.6132]], device='cuda:0')
perm_stat_now = tensor([[4295.2349]], device='cuda:0')
perm_stat_now = tensor([[-2242.8845]], device='cuda:0')
perm_stat_now = tensor([[-220.4957]], device='cuda:0')
perm_stat_now = tensor([[10639.4268]], device='cuda:0')
perm_stat_now = tensor([[3076.2598]], device='cuda:0')
perm_stat_now = tensor([[1746.4766]], device='cuda:0')
p value proxy: 0.032258063554763794
result: 1.0
power_upto_now: 1.0
noise variance for Y: 0.0
average noise variance for Y upto now: 0.0
noise variance for Z: 0.0
average noise variance for Z upto now: 0.0

7th run
noise dimension : 25, 25
original u-statistic:tensor([[93616.5781]], device='cuda:0')
perm_stat_now = tensor([[-1490.9211]], device='cuda:0')
perm_stat_now = tensor([[-133.4312]], device='cuda:0')
perm_stat_now = tensor([[-1629.4420]], device='cuda:0')
perm_stat_now = tensor([[3024.8130]], device='cuda:0')
perm_stat_now = tensor([[-2682.1904]], device='cuda:0')
perm_stat_now = tensor([[-2017.2968]], device='cuda:0')
perm_stat_now = tensor([[-3208.5642]], device='cuda:0')
perm_stat_now = tensor([[3135.6299]], device='cuda:0')
perm_stat_now = tensor([[3163.3323]], device='cuda:0')
perm_stat_now = tensor([[10948.1289]], device='cuda:0')
perm_stat_now = tensor([[3523.4827]], device='cuda:0')
perm_stat_now = tensor([[-2045.0002]], device='cuda:0')
perm_stat_now = tensor([[-1851.0712]], device='cuda:0')
perm_stat_now = tensor([[697.6865]], device='cuda:0')
perm_stat_now = tensor([[-3042.3406]], device='cuda:0')
perm_stat_now = tensor([[-2765.3020]], device='cuda:0')
perm_stat_now = tensor([[2941.7026]], device='cuda:0')
perm_stat_now = tensor([[-3014.6362]], device='cuda:0')
perm_stat_now = tensor([[2193.6980]], device='cuda:0')
perm_stat_now = tensor([[-1574.0328]], device='cuda:0')
perm_stat_now = tensor([[-1352.4030]], device='cuda:0')
perm_stat_now = tensor([[669.9819]], device='cuda:0')
perm_stat_now = tensor([[-1795.6638]], device='cuda:0')
perm_stat_now = tensor([[-742.9165]], device='cuda:0')
perm_stat_now = tensor([[-1934.1832]], device='cuda:0')
perm_stat_now = tensor([[-105.7277]], device='cuda:0')
perm_stat_now = tensor([[-909.1394]], device='cuda:0')
perm_stat_now = tensor([[1445.6912]], device='cuda:0')
perm_stat_now = tensor([[2304.5115]], device='cuda:0')
perm_stat_now = tensor([[171.3121]], device='cuda:0')
p value proxy: 0.032258063554763794
result: 1.0
power_upto_now: 1.0
noise variance for Y: 0.0
average noise variance for Y upto now: 0.0
noise variance for Z: 0.0
average noise variance for Z upto now: 0.0

8th run
noise dimension : 25, 25
original u-statistic:tensor([[85203.6328]], device='cuda:0')
perm_stat_now = tensor([[485.1009]], device='cuda:0')
perm_stat_now = tensor([[-1925.1389]], device='cuda:0')
perm_stat_now = tensor([[595.9164]], device='cuda:0')
perm_stat_now = tensor([[-4196.8589]], device='cuda:0')
perm_stat_now = tensor([[-1426.4684]], device='cuda:0')
perm_stat_now = tensor([[2562.8943]], device='cuda:0')
perm_stat_now = tensor([[-1786.6191]], device='cuda:0')
perm_stat_now = tensor([[-1481.8762]], device='cuda:0')
perm_stat_now = tensor([[-1648.1006]], device='cuda:0')
perm_stat_now = tensor([[235.7672]], device='cuda:0')
perm_stat_now = tensor([[-124.3844]], device='cuda:0')
perm_stat_now = tensor([[2756.8206]], device='cuda:0')
perm_stat_now = tensor([[-623.0552]], device='cuda:0')
perm_stat_now = tensor([[-3171.8145]], device='cuda:0')
perm_stat_now = tensor([[1565.5540]], device='cuda:0')
perm_stat_now = tensor([[-2783.9590]], device='cuda:0')
perm_stat_now = tensor([[-3448.8533]], device='cuda:0')
perm_stat_now = tensor([[7494.1875]], device='cuda:0')
perm_stat_now = tensor([[540.5090]], device='cuda:0')
perm_stat_now = tensor([[-401.4239]], device='cuda:0')
perm_stat_now = tensor([[-3642.7803]], device='cuda:0')
perm_stat_now = tensor([[1814.8881]], device='cuda:0')
perm_stat_now = tensor([[-844.6844]], device='cuda:0')
perm_stat_now = tensor([[180.3583]], device='cuda:0')
perm_stat_now = tensor([[-1094.0226]], device='cuda:0')
perm_stat_now = tensor([[-539.9451]], device='cuda:0')
perm_stat_now = tensor([[346.5823]], device='cuda:0')
perm_stat_now = tensor([[2867.6372]], device='cuda:0')
perm_stat_now = tensor([[1537.8490]], device='cuda:0')
perm_stat_now = tensor([[-1648.0986]], device='cuda:0')
p value proxy: 0.032258063554763794
result: 1.0
power_upto_now: 1.0
noise variance for Y: 0.0
average noise variance for Y upto now: 0.0
noise variance for Z: 0.0
average noise variance for Z upto now: 0.0

9th run
noise dimension : 25, 25
original u-statistic:tensor([[88962.3125]], device='cuda:0')
perm_stat_now = tensor([[3384.9641]], device='cuda:0')
perm_stat_now = tensor([[-1269.2909]], device='cuda:0')
perm_stat_now = tensor([[5158.0142]], device='cuda:0')
perm_stat_now = tensor([[-2571.3745]], device='cuda:0')
perm_stat_now = tensor([[586.8718]], device='cuda:0')
perm_stat_now = tensor([[-355.0615]], device='cuda:0')
perm_stat_now = tensor([[2110.5850]], device='cuda:0')
perm_stat_now = tensor([[-992.2521]], device='cuda:0')
perm_stat_now = tensor([[11252.8721]], device='cuda:0')
perm_stat_now = tensor([[-632.1003]], device='cuda:0')
perm_stat_now = tensor([[1999.7703]], device='cuda:0')
perm_stat_now = tensor([[199.0145]], device='cuda:0')
perm_stat_now = tensor([[-798.3235]], device='cuda:0')
perm_stat_now = tensor([[-1906.4812]], device='cuda:0')
perm_stat_now = tensor([[1888.9547]], device='cuda:0')
perm_stat_now = tensor([[-992.2499]], device='cuda:0')
perm_stat_now = tensor([[-1823.3704]], device='cuda:0')
perm_stat_now = tensor([[-2654.4856]], device='cuda:0')
perm_stat_now = tensor([[-3125.4509]], device='cuda:0')
perm_stat_now = tensor([[-4039.6816]], device='cuda:0')
perm_stat_now = tensor([[-2045.0002]], device='cuda:0')
perm_stat_now = tensor([[753.0936]], device='cuda:0')
perm_stat_now = tensor([[-2211.2234]], device='cuda:0')
perm_stat_now = tensor([[531.4618]], device='cuda:0')
perm_stat_now = tensor([[1611.9152]], device='cuda:0')
perm_stat_now = tensor([[-548.9894]], device='cuda:0')
perm_stat_now = tensor([[-2349.7429]], device='cuda:0')
perm_stat_now = tensor([[503.7594]], device='cuda:0')
perm_stat_now = tensor([[1196.3556]], device='cuda:0')
perm_stat_now = tensor([[-1906.4810]], device='cuda:0')
p value proxy: 0.032258063554763794
result: 1.0
power_upto_now: 1.0
noise variance for Y: 0.0
average noise variance for Y upto now: 0.0
noise variance for Z: 0.0
average noise variance for Z upto now: 0.0

10th run
noise dimension : 25, 25
original u-statistic:tensor([[94581.1250]], device='cuda:0')
perm_stat_now = tensor([[-2077.7930]], device='cuda:0')
perm_stat_now = tensor([[-3712.3232]], device='cuda:0')
perm_stat_now = tensor([[748.0069]], device='cuda:0')
perm_stat_now = tensor([[581.7806]], device='cuda:0')
perm_stat_now = tensor([[1412.8992]], device='cuda:0')
perm_stat_now = tensor([[-581.7829]], device='cuda:0')
perm_stat_now = tensor([[-858.8209]], device='cuda:0')
perm_stat_now = tensor([[-138.5216]], device='cuda:0')
perm_stat_now = tensor([[5513.0752]], device='cuda:0')
perm_stat_now = tensor([[-3684.6223]], device='cuda:0')
perm_stat_now = tensor([[1108.1558]], device='cuda:0')
perm_stat_now = tensor([[-3684.6187]], device='cuda:0')
perm_stat_now = tensor([[2133.2014]], device='cuda:0')
perm_stat_now = tensor([[-415.5589]], device='cuda:0')
perm_stat_now = tensor([[-1994.6814]], device='cuda:0')
perm_stat_now = tensor([[-387.8528]], device='cuda:0')
perm_stat_now = tensor([[-2465.6465]], device='cuda:0')
perm_stat_now = tensor([[-4709.6626]], device='cuda:0')
perm_stat_now = tensor([[2604.1643]], device='cuda:0')
perm_stat_now = tensor([[-2327.1282]], device='cuda:0')
perm_stat_now = tensor([[1329.7869]], device='cuda:0')
perm_stat_now = tensor([[-83.1120]], device='cuda:0')
perm_stat_now = tensor([[1828.4589]], device='cuda:0')
perm_stat_now = tensor([[-2105.4983]], device='cuda:0')
perm_stat_now = tensor([[-3047.4280]], device='cuda:0')
perm_stat_now = tensor([[470.9674]], device='cuda:0')
perm_stat_now = tensor([[7895.6123]], device='cuda:0')
perm_stat_now = tensor([[3352.1707]], device='cuda:0')
perm_stat_now = tensor([[-4321.8091]], device='cuda:0')
perm_stat_now = tensor([[-1080.4526]], device='cuda:0')
p value proxy: 0.032258063554763794
result: 1.0
power_upto_now: 1.0
noise variance for Y: 0.0
average noise variance for Y upto now: 0.0
noise variance for Z: 0.0
average noise variance for Z upto now: 0.0
power estimate : 1.0
elapsed time: 14.830134153366089
simulation ended at 2022-07-24 11:56:34.778862
