job started
cuda available: True
code run on device:: cuda:0

simulation started at = 2022-07-24 11:00:31.044475 

n = 100,

kappa = 5, alpha = 8.0,

gamma = 0.05, nTests = 10,

B = 30, d = 2

copula_mean
tensor([0.5000, 0.5000], device='cuda:0')
sigma
tensor([[1.0000, 0.5000],
        [0.5000, 1.0000]], device='cuda:0')

1th run
noise dimension : 25, 25
noise type: conti
noise type: conti
original u-statistic:tensor([[-60236.8906]], device='cuda:0')
perm_stat_now = tensor([[168045.2812]], device='cuda:0')
perm_stat_now = tensor([[-13458.7705]], device='cuda:0')
perm_stat_now = tensor([[125418.0469]], device='cuda:0')
perm_stat_now = tensor([[55627.3750]], device='cuda:0')
perm_stat_now = tensor([[-185077.8438]], device='cuda:0')
perm_stat_now = tensor([[129231.1172]], device='cuda:0')
perm_stat_now = tensor([[120326.1094]], device='cuda:0')
perm_stat_now = tensor([[-101991.3984]], device='cuda:0')
perm_stat_now = tensor([[81490.7266]], device='cuda:0')
perm_stat_now = tensor([[-68414.8984]], device='cuda:0')
perm_stat_now = tensor([[-49915.9336]], device='cuda:0')
perm_stat_now = tensor([[-143725.]], device='cuda:0')
perm_stat_now = tensor([[-121633.6172]], device='cuda:0')
perm_stat_now = tensor([[-53401.4492]], device='cuda:0')
perm_stat_now = tensor([[309371.3125]], device='cuda:0')
perm_stat_now = tensor([[8949.7354]], device='cuda:0')
perm_stat_now = tensor([[326322.]], device='cuda:0')
perm_stat_now = tensor([[171460.9375]], device='cuda:0')
perm_stat_now = tensor([[158208.2344]], device='cuda:0')
perm_stat_now = tensor([[-13503.1543]], device='cuda:0')
perm_stat_now = tensor([[62995.8203]], device='cuda:0')
perm_stat_now = tensor([[90726.2500]], device='cuda:0')
perm_stat_now = tensor([[234292.5312]], device='cuda:0')
perm_stat_now = tensor([[-38275.6133]], device='cuda:0')
perm_stat_now = tensor([[-16726.2930]], device='cuda:0')
perm_stat_now = tensor([[2211.4744]], device='cuda:0')
perm_stat_now = tensor([[-221366.3594]], device='cuda:0')
perm_stat_now = tensor([[-193921.9062]], device='cuda:0')
perm_stat_now = tensor([[186844.7188]], device='cuda:0')
perm_stat_now = tensor([[262917.1562]], device='cuda:0')
p value proxy: 0.774193525314331
result: 0.0
power_upto_now: 0.0
noise variance for Y: 325.8336181640625
average noise variance for Y upto now: 325.8336181640625
noise variance for Z: 306.31939697265625
average noise variance for Z upto now: 306.31939697265625

2th run
noise dimension : 25, 25
noise type: conti
noise type: conti
original u-statistic:tensor([[405905.5000]], device='cuda:0')
perm_stat_now = tensor([[-237490.3594]], device='cuda:0')
perm_stat_now = tensor([[9444.0049]], device='cuda:0')
perm_stat_now = tensor([[-296245.0312]], device='cuda:0')
perm_stat_now = tensor([[-208546.0156]], device='cuda:0')
perm_stat_now = tensor([[-155328.6875]], device='cuda:0')
perm_stat_now = tensor([[-46412.0859]], device='cuda:0')
perm_stat_now = tensor([[211083.7656]], device='cuda:0')
perm_stat_now = tensor([[-261628.1250]], device='cuda:0')
perm_stat_now = tensor([[210083.9844]], device='cuda:0')
perm_stat_now = tensor([[-136507.5000]], device='cuda:0')
perm_stat_now = tensor([[-160429.9844]], device='cuda:0')
perm_stat_now = tensor([[-20314.9199]], device='cuda:0')
perm_stat_now = tensor([[-111093.5234]], device='cuda:0')
perm_stat_now = tensor([[-143418.4531]], device='cuda:0')
perm_stat_now = tensor([[-293469.8125]], device='cuda:0')
perm_stat_now = tensor([[-67030.6484]], device='cuda:0')
perm_stat_now = tensor([[163794.2812]], device='cuda:0')
perm_stat_now = tensor([[183148.2031]], device='cuda:0')
perm_stat_now = tensor([[256039.2031]], device='cuda:0')
perm_stat_now = tensor([[94658.6719]], device='cuda:0')
perm_stat_now = tensor([[-236812.4219]], device='cuda:0')
perm_stat_now = tensor([[60858.1328]], device='cuda:0')
perm_stat_now = tensor([[-109433.2031]], device='cuda:0')
perm_stat_now = tensor([[-111647.5078]], device='cuda:0')
perm_stat_now = tensor([[-203237.0469]], device='cuda:0')
perm_stat_now = tensor([[-79888.8203]], device='cuda:0')
perm_stat_now = tensor([[-193038.3438]], device='cuda:0')
perm_stat_now = tensor([[145747.8438]], device='cuda:0')
perm_stat_now = tensor([[-67128.6406]], device='cuda:0')
perm_stat_now = tensor([[-240844.2812]], device='cuda:0')
p value proxy: 0.032258063554763794
result: 1.0
power_upto_now: 0.5
noise variance for Y: 331.4252624511719
average noise variance for Y upto now: 328.62945556640625
noise variance for Z: 292.6180419921875
average noise variance for Z upto now: 299.4687194824219

3th run
noise dimension : 25, 25
noise type: conti
noise type: conti
original u-statistic:tensor([[-10103.6768]], device='cuda:0')
perm_stat_now = tensor([[220147.2188]], device='cuda:0')
perm_stat_now = tensor([[4974.4160]], device='cuda:0')
perm_stat_now = tensor([[-55122.9219]], device='cuda:0')
perm_stat_now = tensor([[155649.4062]], device='cuda:0')
perm_stat_now = tensor([[104706.5234]], device='cuda:0')
perm_stat_now = tensor([[-192138.8125]], device='cuda:0')
perm_stat_now = tensor([[-77030.8125]], device='cuda:0')
perm_stat_now = tensor([[528357.7500]], device='cuda:0')
perm_stat_now = tensor([[-145375.8750]], device='cuda:0')
perm_stat_now = tensor([[41429.9648]], device='cuda:0')
perm_stat_now = tensor([[243684.8750]], device='cuda:0')
perm_stat_now = tensor([[195040.1250]], device='cuda:0')
perm_stat_now = tensor([[-95278.1719]], device='cuda:0')
perm_stat_now = tensor([[171590.7656]], device='cuda:0')
perm_stat_now = tensor([[337495.1875]], device='cuda:0')
perm_stat_now = tensor([[50421.2461]], device='cuda:0')
perm_stat_now = tensor([[16770.0410]], device='cuda:0')
perm_stat_now = tensor([[31887.6465]], device='cuda:0')
perm_stat_now = tensor([[-85247.2109]], device='cuda:0')
perm_stat_now = tensor([[142195.7656]], device='cuda:0')
perm_stat_now = tensor([[72255.7578]], device='cuda:0')
perm_stat_now = tensor([[163426.7656]], device='cuda:0')
perm_stat_now = tensor([[115225.3984]], device='cuda:0')
perm_stat_now = tensor([[-38928.7344]], device='cuda:0')
perm_stat_now = tensor([[138165.4688]], device='cuda:0')
perm_stat_now = tensor([[-136397.6250]], device='cuda:0')
perm_stat_now = tensor([[-358848.]], device='cuda:0')
perm_stat_now = tensor([[-181855.6406]], device='cuda:0')
perm_stat_now = tensor([[88313.7734]], device='cuda:0')
perm_stat_now = tensor([[-329116.0625]], device='cuda:0')
p value proxy: 0.6451612710952759
result: 0.0
power_upto_now: 0.3333333432674408
noise variance for Y: 319.21270751953125
average noise variance for Y upto now: 325.49053955078125
noise variance for Z: 334.7837829589844
average noise variance for Z upto now: 311.2403869628906

4th run
noise dimension : 25, 25
noise type: conti
noise type: conti
original u-statistic:tensor([[195837.8125]], device='cuda:0')
perm_stat_now = tensor([[-60621.2109]], device='cuda:0')
perm_stat_now = tensor([[-17801.2734]], device='cuda:0')
perm_stat_now = tensor([[-43928.9844]], device='cuda:0')
perm_stat_now = tensor([[28678.7617]], device='cuda:0')
perm_stat_now = tensor([[92365.8047]], device='cuda:0')
perm_stat_now = tensor([[-278405.0938]], device='cuda:0')
perm_stat_now = tensor([[69233.9844]], device='cuda:0')
perm_stat_now = tensor([[-43820.2539]], device='cuda:0')
perm_stat_now = tensor([[-42084.8477]], device='cuda:0')
perm_stat_now = tensor([[72634.6797]], device='cuda:0')
perm_stat_now = tensor([[-181916.5156]], device='cuda:0')
perm_stat_now = tensor([[247870.8438]], device='cuda:0')
perm_stat_now = tensor([[-5754.5913]], device='cuda:0')
perm_stat_now = tensor([[-57001.3047]], device='cuda:0')
perm_stat_now = tensor([[-113687.9141]], device='cuda:0')
perm_stat_now = tensor([[-219004.7656]], device='cuda:0')
perm_stat_now = tensor([[16798.1133]], device='cuda:0')
perm_stat_now = tensor([[-39589.5625]], device='cuda:0')
perm_stat_now = tensor([[-58590.1445]], device='cuda:0')
perm_stat_now = tensor([[-102016.6797]], device='cuda:0')
perm_stat_now = tensor([[197731.5156]], device='cuda:0')
perm_stat_now = tensor([[107652.4922]], device='cuda:0')
perm_stat_now = tensor([[121710.3672]], device='cuda:0')
perm_stat_now = tensor([[286249.6250]], device='cuda:0')
perm_stat_now = tensor([[161602.2031]], device='cuda:0')
perm_stat_now = tensor([[-10849.0762]], device='cuda:0')
perm_stat_now = tensor([[-131955.8281]], device='cuda:0')
perm_stat_now = tensor([[-36416.4766]], device='cuda:0')
perm_stat_now = tensor([[-56766.8516]], device='cuda:0')
perm_stat_now = tensor([[-61748.4141]], device='cuda:0')
p value proxy: 0.12903225421905518
result: 0.0
power_upto_now: 0.25
noise variance for Y: 285.4774169921875
average noise variance for Y upto now: 315.48724365234375
noise variance for Z: 298.2906188964844
average noise variance for Z upto now: 308.0029602050781

5th run
noise dimension : 25, 25
noise type: conti
noise type: conti
original u-statistic:tensor([[64297.6562]], device='cuda:0')
perm_stat_now = tensor([[-48512.4219]], device='cuda:0')
perm_stat_now = tensor([[-156024.9219]], device='cuda:0')
perm_stat_now = tensor([[-161088.8594]], device='cuda:0')
perm_stat_now = tensor([[208294.7188]], device='cuda:0')
perm_stat_now = tensor([[128268.2031]], device='cuda:0')
perm_stat_now = tensor([[100318.8438]], device='cuda:0')
perm_stat_now = tensor([[-94521.9375]], device='cuda:0')
perm_stat_now = tensor([[77167.0859]], device='cuda:0')
perm_stat_now = tensor([[11409.6553]], device='cuda:0')
perm_stat_now = tensor([[-50319.2305]], device='cuda:0')
perm_stat_now = tensor([[-133845.0156]], device='cuda:0')
perm_stat_now = tensor([[-289161.2188]], device='cuda:0')
perm_stat_now = tensor([[-142567.4688]], device='cuda:0')
perm_stat_now = tensor([[-187860.9375]], device='cuda:0')
perm_stat_now = tensor([[-137298.2656]], device='cuda:0')
perm_stat_now = tensor([[-107648.7266]], device='cuda:0')
perm_stat_now = tensor([[15507.1035]], device='cuda:0')
perm_stat_now = tensor([[104172.7188]], device='cuda:0')
perm_stat_now = tensor([[88195.9453]], device='cuda:0')
perm_stat_now = tensor([[194978.5625]], device='cuda:0')
perm_stat_now = tensor([[-51066.4570]], device='cuda:0')
perm_stat_now = tensor([[-5953.9937]], device='cuda:0')
perm_stat_now = tensor([[-40886.6367]], device='cuda:0')
perm_stat_now = tensor([[58390.9688]], device='cuda:0')
perm_stat_now = tensor([[121796.8984]], device='cuda:0')
perm_stat_now = tensor([[101516.9766]], device='cuda:0')
perm_stat_now = tensor([[463670.2188]], device='cuda:0')
perm_stat_now = tensor([[66794.1406]], device='cuda:0')
perm_stat_now = tensor([[-448792.5000]], device='cuda:0')
perm_stat_now = tensor([[146014.7656]], device='cuda:0')
p value proxy: 0.4193548262119293
result: 0.0
power_upto_now: 0.20000000298023224
noise variance for Y: 297.7384033203125
average noise variance for Y upto now: 311.9374694824219
noise variance for Z: 309.8891296386719
average noise variance for Z upto now: 308.38018798828125

6th run
noise dimension : 25, 25
noise type: conti
noise type: conti
original u-statistic:tensor([[-127373.7422]], device='cuda:0')
perm_stat_now = tensor([[-167393.7969]], device='cuda:0')
perm_stat_now = tensor([[95656.2500]], device='cuda:0')
perm_stat_now = tensor([[203811.6094]], device='cuda:0')
perm_stat_now = tensor([[16764.3398]], device='cuda:0')
perm_stat_now = tensor([[-15112.6465]], device='cuda:0')
perm_stat_now = tensor([[-56960.9531]], device='cuda:0')
perm_stat_now = tensor([[241245.8281]], device='cuda:0')
perm_stat_now = tensor([[275561.8438]], device='cuda:0')
perm_stat_now = tensor([[-41982.7461]], device='cuda:0')
perm_stat_now = tensor([[-105726.5703]], device='cuda:0')
perm_stat_now = tensor([[116859.9453]], device='cuda:0')
perm_stat_now = tensor([[234430.8750]], device='cuda:0')
perm_stat_now = tensor([[-74588.5625]], device='cuda:0')
perm_stat_now = tensor([[72901.1719]], device='cuda:0')
perm_stat_now = tensor([[23509.8906]], device='cuda:0')
perm_stat_now = tensor([[-216953.7969]], device='cuda:0')
perm_stat_now = tensor([[214041.6094]], device='cuda:0')
perm_stat_now = tensor([[152599.1250]], device='cuda:0')
perm_stat_now = tensor([[27460.8613]], device='cuda:0')
perm_stat_now = tensor([[59087.1055]], device='cuda:0')
perm_stat_now = tensor([[-269829.3125]], device='cuda:0')
perm_stat_now = tensor([[-87042.2500]], device='cuda:0')
perm_stat_now = tensor([[-164456.5781]], device='cuda:0')
perm_stat_now = tensor([[122452.1719]], device='cuda:0')
perm_stat_now = tensor([[-112724.8359]], device='cuda:0')
perm_stat_now = tensor([[-47864.8438]], device='cuda:0')
perm_stat_now = tensor([[-88405.9531]], device='cuda:0')
perm_stat_now = tensor([[-104604.4297]], device='cuda:0')
perm_stat_now = tensor([[12362.6436]], device='cuda:0')
perm_stat_now = tensor([[160598.4531]], device='cuda:0')
p value proxy: 0.8709677457809448
result: 0.0
power_upto_now: 0.1666666716337204
noise variance for Y: 301.7293701171875
average noise variance for Y upto now: 310.23614501953125
noise variance for Z: 289.17828369140625
average noise variance for Z upto now: 305.1799011230469

7th run
noise dimension : 25, 25
noise type: conti
noise type: conti
original u-statistic:tensor([[469472.8438]], device='cuda:0')
perm_stat_now = tensor([[-183550.6562]], device='cuda:0')
perm_stat_now = tensor([[-292664.8438]], device='cuda:0')
perm_stat_now = tensor([[-19974.6543]], device='cuda:0')
perm_stat_now = tensor([[114823.6484]], device='cuda:0')
perm_stat_now = tensor([[26809.8320]], device='cuda:0')
perm_stat_now = tensor([[45136.3867]], device='cuda:0')
perm_stat_now = tensor([[-346485.0938]], device='cuda:0')
perm_stat_now = tensor([[-48123.9023]], device='cuda:0')
perm_stat_now = tensor([[239472.5781]], device='cuda:0')
perm_stat_now = tensor([[263437.7500]], device='cuda:0')
perm_stat_now = tensor([[102645.8203]], device='cuda:0')
perm_stat_now = tensor([[39904.5938]], device='cuda:0')
perm_stat_now = tensor([[-250351.0938]], device='cuda:0')
perm_stat_now = tensor([[142072.3594]], device='cuda:0')
perm_stat_now = tensor([[-41020.9414]], device='cuda:0')
perm_stat_now = tensor([[-23286.7324]], device='cuda:0')
perm_stat_now = tensor([[123534.8750]], device='cuda:0')
perm_stat_now = tensor([[-57166.9531]], device='cuda:0')
perm_stat_now = tensor([[-226633.6562]], device='cuda:0')
perm_stat_now = tensor([[-242641.7031]], device='cuda:0')
perm_stat_now = tensor([[-84985.5469]], device='cuda:0')
perm_stat_now = tensor([[108696.5078]], device='cuda:0')
perm_stat_now = tensor([[-38448.9688]], device='cuda:0')
perm_stat_now = tensor([[-245218.2188]], device='cuda:0')
perm_stat_now = tensor([[200549.4844]], device='cuda:0')
perm_stat_now = tensor([[25185.6113]], device='cuda:0')
perm_stat_now = tensor([[-332971.8125]], device='cuda:0')
perm_stat_now = tensor([[74094.6016]], device='cuda:0')
perm_stat_now = tensor([[190148.3438]], device='cuda:0')
perm_stat_now = tensor([[-96086.7188]], device='cuda:0')
p value proxy: 0.032258063554763794
result: 1.0
power_upto_now: 0.2857142984867096
noise variance for Y: 316.8276672363281
average noise variance for Y upto now: 311.17779541015625
noise variance for Z: 303.0830383300781
average noise variance for Z upto now: 304.8803405761719

8th run
noise dimension : 25, 25
noise type: conti
noise type: conti
original u-statistic:tensor([[113947.7656]], device='cuda:0')
perm_stat_now = tensor([[130195.2656]], device='cuda:0')
perm_stat_now = tensor([[-153053.6094]], device='cuda:0')
perm_stat_now = tensor([[-68767.4297]], device='cuda:0')
perm_stat_now = tensor([[25566.9199]], device='cuda:0')
perm_stat_now = tensor([[291267.7188]], device='cuda:0')
perm_stat_now = tensor([[157912.0156]], device='cuda:0')
perm_stat_now = tensor([[125257.5312]], device='cuda:0')
perm_stat_now = tensor([[178813.0156]], device='cuda:0')
perm_stat_now = tensor([[-7873.0947]], device='cuda:0')
perm_stat_now = tensor([[74673.1641]], device='cuda:0')
perm_stat_now = tensor([[-36925.0703]], device='cuda:0')
perm_stat_now = tensor([[59060.8320]], device='cuda:0')
perm_stat_now = tensor([[61226.6016]], device='cuda:0')
perm_stat_now = tensor([[-14288.6289]], device='cuda:0')
perm_stat_now = tensor([[-183489.5312]], device='cuda:0')
perm_stat_now = tensor([[148929.0938]], device='cuda:0')
perm_stat_now = tensor([[-203251.2344]], device='cuda:0')
perm_stat_now = tensor([[61100.4727]], device='cuda:0')
perm_stat_now = tensor([[52046.4648]], device='cuda:0')
perm_stat_now = tensor([[25537.2637]], device='cuda:0')
perm_stat_now = tensor([[-56552.4180]], device='cuda:0')
perm_stat_now = tensor([[100863.8203]], device='cuda:0')
perm_stat_now = tensor([[-180403.3906]], device='cuda:0')
perm_stat_now = tensor([[-49805.1992]], device='cuda:0')
perm_stat_now = tensor([[226024.7969]], device='cuda:0')
perm_stat_now = tensor([[1517.4017]], device='cuda:0')
perm_stat_now = tensor([[-158514.1719]], device='cuda:0')
perm_stat_now = tensor([[124337.7656]], device='cuda:0')
perm_stat_now = tensor([[-39517.6484]], device='cuda:0')
perm_stat_now = tensor([[328381.8438]], device='cuda:0')
p value proxy: 0.32258063554763794
result: 0.0
power_upto_now: 0.25
noise variance for Y: 316.0946960449219
average noise variance for Y upto now: 311.7923889160156
noise variance for Z: 324.56964111328125
average noise variance for Z upto now: 307.34149169921875

9th run
noise dimension : 25, 25
noise type: conti
noise type: conti
original u-statistic:tensor([[36438.8945]], device='cuda:0')
perm_stat_now = tensor([[372779.7500]], device='cuda:0')
perm_stat_now = tensor([[26325.9941]], device='cuda:0')
perm_stat_now = tensor([[61902.8438]], device='cuda:0')
perm_stat_now = tensor([[-115317.8047]], device='cuda:0')
perm_stat_now = tensor([[337367.5625]], device='cuda:0')
perm_stat_now = tensor([[281285.0625]], device='cuda:0')
perm_stat_now = tensor([[-20956.5215]], device='cuda:0')
perm_stat_now = tensor([[143476.5156]], device='cuda:0')
perm_stat_now = tensor([[217927.6562]], device='cuda:0')
perm_stat_now = tensor([[87081.7188]], device='cuda:0')
perm_stat_now = tensor([[133424.6562]], device='cuda:0')
perm_stat_now = tensor([[-36533.2422]], device='cuda:0')
perm_stat_now = tensor([[-189511.7031]], device='cuda:0')
perm_stat_now = tensor([[-97461.9531]], device='cuda:0')
perm_stat_now = tensor([[96895.0156]], device='cuda:0')
perm_stat_now = tensor([[-189514.9375]], device='cuda:0')
perm_stat_now = tensor([[217806.0625]], device='cuda:0')
perm_stat_now = tensor([[-252960.1250]], device='cuda:0')
perm_stat_now = tensor([[-78347.6094]], device='cuda:0')
perm_stat_now = tensor([[163562.2969]], device='cuda:0')
perm_stat_now = tensor([[-131140.1250]], device='cuda:0')
perm_stat_now = tensor([[-61283.9727]], device='cuda:0')
perm_stat_now = tensor([[-9806.0869]], device='cuda:0')
perm_stat_now = tensor([[146998.2656]], device='cuda:0')
perm_stat_now = tensor([[-22637.9551]], device='cuda:0')
perm_stat_now = tensor([[-172100.7500]], device='cuda:0')
perm_stat_now = tensor([[-74777.6094]], device='cuda:0')
perm_stat_now = tensor([[49167.5273]], device='cuda:0')
perm_stat_now = tensor([[-87514.6250]], device='cuda:0')
perm_stat_now = tensor([[-21731.5410]], device='cuda:0')
p value proxy: 0.4516128897666931
result: 0.0
power_upto_now: 0.2222222238779068
noise variance for Y: 317.7479553222656
average noise variance for Y upto now: 312.4541015625
noise variance for Z: 326.4205017089844
average noise variance for Z upto now: 309.46136474609375

10th run
noise dimension : 25, 25
noise type: conti
noise type: conti
original u-statistic:tensor([[84446.4141]], device='cuda:0')
perm_stat_now = tensor([[195125.4688]], device='cuda:0')
perm_stat_now = tensor([[-172901.7344]], device='cuda:0')
perm_stat_now = tensor([[-19521.3379]], device='cuda:0')
perm_stat_now = tensor([[3659.0513]], device='cuda:0')
perm_stat_now = tensor([[-11384.0801]], device='cuda:0')
perm_stat_now = tensor([[70271.7578]], device='cuda:0')
perm_stat_now = tensor([[-100828.5391]], device='cuda:0')
perm_stat_now = tensor([[313586.6250]], device='cuda:0')
perm_stat_now = tensor([[-42210.2148]], device='cuda:0')
perm_stat_now = tensor([[148336.2031]], device='cuda:0')
perm_stat_now = tensor([[-33689.9023]], device='cuda:0')
perm_stat_now = tensor([[18467.7012]], device='cuda:0')
perm_stat_now = tensor([[238835.3906]], device='cuda:0')
perm_stat_now = tensor([[358574.5625]], device='cuda:0')
perm_stat_now = tensor([[-316032.2500]], device='cuda:0')
perm_stat_now = tensor([[122366.9844]], device='cuda:0')
perm_stat_now = tensor([[157931.6875]], device='cuda:0')
perm_stat_now = tensor([[-119469.9609]], device='cuda:0')
perm_stat_now = tensor([[103626.8438]], device='cuda:0')
perm_stat_now = tensor([[-150832.1562]], device='cuda:0')
perm_stat_now = tensor([[134873.6406]], device='cuda:0')
perm_stat_now = tensor([[-148791.0156]], device='cuda:0')
perm_stat_now = tensor([[-80422.4844]], device='cuda:0')
perm_stat_now = tensor([[-266596.8438]], device='cuda:0')
perm_stat_now = tensor([[-173180.2344]], device='cuda:0')
perm_stat_now = tensor([[-12386.3145]], device='cuda:0')
perm_stat_now = tensor([[-202254.5000]], device='cuda:0')
perm_stat_now = tensor([[47957.9727]], device='cuda:0')
perm_stat_now = tensor([[192712.5938]], device='cuda:0')
perm_stat_now = tensor([[-46377.6797]], device='cuda:0')
p value proxy: 0.35483869910240173
result: 0.0
power_upto_now: 0.20000000298023224
noise variance for Y: 307.82366943359375
average noise variance for Y upto now: 311.9910583496094
noise variance for Z: 304.4625549316406
average noise variance for Z upto now: 308.96148681640625
power estimate : 0.20000000298023224
elapsed time: 14.833757877349854
simulation ended at 2022-07-24 11:00:45.878410
