job started
cuda available: True
code run on device:: cuda:0

simulation started at = 2022-07-24 11:14:59.166873 

n = 100,

kappa = 5, alpha = 800.0,

gamma = 0.05, nTests = 10,

B = 30, d = 2

copula_mean
tensor([0.5000, 0.5000], device='cuda:0')
sigma
tensor([[1.0000, 0.5000],
        [0.5000, 1.0000]], device='cuda:0')

1th run
noise dimension : 25, 25
noise type: conti
noise type: conti
original u-statistic:tensor([[85538.3203]], device='cuda:0')
perm_stat_now = tensor([[2466.1665]], device='cuda:0')
perm_stat_now = tensor([[-957.2374]], device='cuda:0')
perm_stat_now = tensor([[565.1396]], device='cuda:0')
perm_stat_now = tensor([[572.4301]], device='cuda:0')
perm_stat_now = tensor([[-2300.1138]], device='cuda:0')
perm_stat_now = tensor([[-219.7678]], device='cuda:0')
perm_stat_now = tensor([[-810.8138]], device='cuda:0')
perm_stat_now = tensor([[-1293.0741]], device='cuda:0')
perm_stat_now = tensor([[128.6738]], device='cuda:0')
perm_stat_now = tensor([[-1383.9424]], device='cuda:0')
perm_stat_now = tensor([[-412.3979]], device='cuda:0')
perm_stat_now = tensor([[2436.3992]], device='cuda:0')
perm_stat_now = tensor([[-994.9272]], device='cuda:0')
perm_stat_now = tensor([[-29.9681]], device='cuda:0')
perm_stat_now = tensor([[-2280.5535]], device='cuda:0')
perm_stat_now = tensor([[1803.2477]], device='cuda:0')
perm_stat_now = tensor([[25.7487]], device='cuda:0')
perm_stat_now = tensor([[-200.8631]], device='cuda:0')
perm_stat_now = tensor([[860.0647]], device='cuda:0')
perm_stat_now = tensor([[-1388.5260]], device='cuda:0')
perm_stat_now = tensor([[630.4128]], device='cuda:0')
perm_stat_now = tensor([[221.0568]], device='cuda:0')
perm_stat_now = tensor([[1069.9689]], device='cuda:0')
perm_stat_now = tensor([[34.3232]], device='cuda:0')
perm_stat_now = tensor([[-44.6436]], device='cuda:0')
perm_stat_now = tensor([[-5.1954]], device='cuda:0')
perm_stat_now = tensor([[-2615.6965]], device='cuda:0')
perm_stat_now = tensor([[-484.8487]], device='cuda:0')
perm_stat_now = tensor([[1293.6946]], device='cuda:0')
perm_stat_now = tensor([[19.1327]], device='cuda:0')
p value proxy: 0.032258063554763794
result: 1.0
power_upto_now: 1.0
noise variance for Y: 0.032583363354206085
average noise variance for Y upto now: 0.032583363354206085
noise variance for Z: 0.030631938949227333
average noise variance for Z upto now: 0.030631938949227333

2th run
noise dimension : 25, 25
noise type: conti
noise type: conti
original u-statistic:tensor([[114720.3984]], device='cuda:0')
perm_stat_now = tensor([[-167.7958]], device='cuda:0')
perm_stat_now = tensor([[-241.4214]], device='cuda:0')
perm_stat_now = tensor([[260.5872]], device='cuda:0')
perm_stat_now = tensor([[1893.8528]], device='cuda:0')
perm_stat_now = tensor([[-3679.7122]], device='cuda:0')
perm_stat_now = tensor([[-578.1313]], device='cuda:0')
perm_stat_now = tensor([[-419.9233]], device='cuda:0')
perm_stat_now = tensor([[58.0935]], device='cuda:0')
perm_stat_now = tensor([[1018.9141]], device='cuda:0')
perm_stat_now = tensor([[87.4529]], device='cuda:0')
perm_stat_now = tensor([[-856.7868]], device='cuda:0')
perm_stat_now = tensor([[-1394.0671]], device='cuda:0')
perm_stat_now = tensor([[-968.3582]], device='cuda:0')
perm_stat_now = tensor([[984.7970]], device='cuda:0')
perm_stat_now = tensor([[-1581.6860]], device='cuda:0')
perm_stat_now = tensor([[3761.8477]], device='cuda:0')
perm_stat_now = tensor([[-563.6396]], device='cuda:0')
perm_stat_now = tensor([[771.6779]], device='cuda:0')
perm_stat_now = tensor([[-119.7929]], device='cuda:0')
perm_stat_now = tensor([[-3138.0657]], device='cuda:0')
perm_stat_now = tensor([[-1336.8503]], device='cuda:0')
perm_stat_now = tensor([[2486.7935]], device='cuda:0')
perm_stat_now = tensor([[460.4583]], device='cuda:0')
perm_stat_now = tensor([[-1565.3420]], device='cuda:0')
perm_stat_now = tensor([[-749.9237]], device='cuda:0')
perm_stat_now = tensor([[-1479.6078]], device='cuda:0')
perm_stat_now = tensor([[604.0757]], device='cuda:0')
perm_stat_now = tensor([[-1108.1246]], device='cuda:0')
perm_stat_now = tensor([[786.8604]], device='cuda:0')
perm_stat_now = tensor([[-1058.0117]], device='cuda:0')
p value proxy: 0.032258063554763794
result: 1.0
power_upto_now: 1.0
noise variance for Y: 0.03314252942800522
average noise variance for Y upto now: 0.03286294639110565
noise variance for Z: 0.029261808842420578
average noise variance for Z upto now: 0.02994687482714653

3th run
noise dimension : 25, 25
noise type: conti
noise type: conti
original u-statistic:tensor([[104349.3359]], device='cuda:0')
perm_stat_now = tensor([[-533.4954]], device='cuda:0')
perm_stat_now = tensor([[632.4247]], device='cuda:0')
perm_stat_now = tensor([[1158.0552]], device='cuda:0')
perm_stat_now = tensor([[1708.7247]], device='cuda:0')
perm_stat_now = tensor([[1794.7411]], device='cuda:0')
perm_stat_now = tensor([[213.2263]], device='cuda:0')
perm_stat_now = tensor([[-776.7594]], device='cuda:0')
perm_stat_now = tensor([[366.2017]], device='cuda:0')
perm_stat_now = tensor([[-380.1795]], device='cuda:0')
perm_stat_now = tensor([[-1529.5062]], device='cuda:0')
perm_stat_now = tensor([[-1028.9990]], device='cuda:0')
perm_stat_now = tensor([[-172.4010]], device='cuda:0')
perm_stat_now = tensor([[-1469.5625]], device='cuda:0')
perm_stat_now = tensor([[-481.9026]], device='cuda:0')
perm_stat_now = tensor([[-3042.8777]], device='cuda:0')
perm_stat_now = tensor([[-2453.0342]], device='cuda:0')
perm_stat_now = tensor([[-266.6736]], device='cuda:0')
perm_stat_now = tensor([[166.1962]], device='cuda:0')
perm_stat_now = tensor([[926.8240]], device='cuda:0')
perm_stat_now = tensor([[-688.8413]], device='cuda:0')
perm_stat_now = tensor([[-702.5767]], device='cuda:0')
perm_stat_now = tensor([[72.2843]], device='cuda:0')
perm_stat_now = tensor([[-2532.0750]], device='cuda:0')
perm_stat_now = tensor([[-319.3144]], device='cuda:0')
perm_stat_now = tensor([[4813.8892]], device='cuda:0')
perm_stat_now = tensor([[4356.5923]], device='cuda:0')
perm_stat_now = tensor([[-2075.2107]], device='cuda:0')
perm_stat_now = tensor([[-178.4295]], device='cuda:0')
perm_stat_now = tensor([[732.4083]], device='cuda:0')
perm_stat_now = tensor([[2104.7483]], device='cuda:0')
p value proxy: 0.032258063554763794
result: 1.0
power_upto_now: 1.0
noise variance for Y: 0.031921274960041046
average noise variance for Y upto now: 0.03254905715584755
noise variance for Z: 0.033478375524282455
average noise variance for Z upto now: 0.031124040484428406

4th run
noise dimension : 25, 25
noise type: conti
noise type: conti
original u-statistic:tensor([[92349.4141]], device='cuda:0')
perm_stat_now = tensor([[804.0192]], device='cuda:0')
perm_stat_now = tensor([[716.5106]], device='cuda:0')
perm_stat_now = tensor([[-255.2522]], device='cuda:0')
perm_stat_now = tensor([[-1816.0900]], device='cuda:0')
perm_stat_now = tensor([[466.5607]], device='cuda:0')
perm_stat_now = tensor([[1741.7297]], device='cuda:0')
perm_stat_now = tensor([[950.3108]], device='cuda:0')
perm_stat_now = tensor([[46.8494]], device='cuda:0')
perm_stat_now = tensor([[183.1914]], device='cuda:0')
perm_stat_now = tensor([[1078.3461]], device='cuda:0')
perm_stat_now = tensor([[528.3415]], device='cuda:0')
perm_stat_now = tensor([[-1407.7809]], device='cuda:0')
perm_stat_now = tensor([[3266.1990]], device='cuda:0')
perm_stat_now = tensor([[1590.1067]], device='cuda:0')
perm_stat_now = tensor([[-1609.0072]], device='cuda:0')
perm_stat_now = tensor([[-163.7547]], device='cuda:0')
perm_stat_now = tensor([[367.1223]], device='cuda:0')
perm_stat_now = tensor([[1407.4598]], device='cuda:0')
perm_stat_now = tensor([[405.5089]], device='cuda:0')
perm_stat_now = tensor([[814.5583]], device='cuda:0')
perm_stat_now = tensor([[2552.3076]], device='cuda:0')
perm_stat_now = tensor([[487.6534]], device='cuda:0')
perm_stat_now = tensor([[-886.2263]], device='cuda:0')
perm_stat_now = tensor([[686.8538]], device='cuda:0')
perm_stat_now = tensor([[1842.6931]], device='cuda:0')
perm_stat_now = tensor([[710.6945]], device='cuda:0')
perm_stat_now = tensor([[-2106.7744]], device='cuda:0')
perm_stat_now = tensor([[672.9966]], device='cuda:0')
perm_stat_now = tensor([[-1243.9998]], device='cuda:0')
perm_stat_now = tensor([[-1416.7726]], device='cuda:0')
p value proxy: 0.032258063554763794
result: 1.0
power_upto_now: 1.0
noise variance for Y: 0.0285477414727211
average noise variance for Y upto now: 0.03154872730374336
noise variance for Z: 0.029829060658812523
average noise variance for Z upto now: 0.030800295993685722

5th run
noise dimension : 25, 25
noise type: conti
noise type: conti
original u-statistic:tensor([[101162.3906]], device='cuda:0')
perm_stat_now = tensor([[1398.1158]], device='cuda:0')
perm_stat_now = tensor([[-1828.0685]], device='cuda:0')
perm_stat_now = tensor([[-361.9503]], device='cuda:0')
perm_stat_now = tensor([[-749.9501]], device='cuda:0')
perm_stat_now = tensor([[1547.8015]], device='cuda:0')
perm_stat_now = tensor([[569.0101]], device='cuda:0')
perm_stat_now = tensor([[-1003.3855]], device='cuda:0')
perm_stat_now = tensor([[-2074.9480]], device='cuda:0')
perm_stat_now = tensor([[-2342.3320]], device='cuda:0')
perm_stat_now = tensor([[3525.4346]], device='cuda:0')
perm_stat_now = tensor([[2787.3994]], device='cuda:0')
perm_stat_now = tensor([[1599.9911]], device='cuda:0')
perm_stat_now = tensor([[919.5670]], device='cuda:0')
perm_stat_now = tensor([[1040.6565]], device='cuda:0')
perm_stat_now = tensor([[-1415.8151]], device='cuda:0')
perm_stat_now = tensor([[818.9329]], device='cuda:0')
perm_stat_now = tensor([[2346.4690]], device='cuda:0')
perm_stat_now = tensor([[-2234.6924]], device='cuda:0')
perm_stat_now = tensor([[1529.4561]], device='cuda:0')
perm_stat_now = tensor([[-1074.8815]], device='cuda:0')
perm_stat_now = tensor([[-2417.0737]], device='cuda:0')
perm_stat_now = tensor([[-226.5195]], device='cuda:0')
perm_stat_now = tensor([[-448.5300]], device='cuda:0')
perm_stat_now = tensor([[-458.5098]], device='cuda:0')
perm_stat_now = tensor([[840.2373]], device='cuda:0')
perm_stat_now = tensor([[-965.8812]], device='cuda:0')
perm_stat_now = tensor([[-1305.7117]], device='cuda:0')
perm_stat_now = tensor([[171.7115]], device='cuda:0')
perm_stat_now = tensor([[-1737.7213]], device='cuda:0')
perm_stat_now = tensor([[-658.1344]], device='cuda:0')
p value proxy: 0.032258063554763794
result: 1.0
power_upto_now: 1.0
noise variance for Y: 0.029773838818073273
average noise variance for Y upto now: 0.031193751841783524
noise variance for Z: 0.030988913029432297
average noise variance for Z upto now: 0.030838018283247948

6th run
noise dimension : 25, 25
noise type: conti
noise type: conti
original u-statistic:tensor([[101191.9531]], device='cuda:0')
perm_stat_now = tensor([[-1324.1504]], device='cuda:0')
perm_stat_now = tensor([[-773.0867]], device='cuda:0')
perm_stat_now = tensor([[-1565.2682]], device='cuda:0')
perm_stat_now = tensor([[-63.6269]], device='cuda:0')
perm_stat_now = tensor([[831.3745]], device='cuda:0')
perm_stat_now = tensor([[-2967.8103]], device='cuda:0')
perm_stat_now = tensor([[143.7929]], device='cuda:0')
perm_stat_now = tensor([[2366.7805]], device='cuda:0')
perm_stat_now = tensor([[598.1189]], device='cuda:0')
perm_stat_now = tensor([[-663.2208]], device='cuda:0')
perm_stat_now = tensor([[-580.2449]], device='cuda:0')
perm_stat_now = tensor([[-1384.7112]], device='cuda:0')
perm_stat_now = tensor([[0.0111]], device='cuda:0')
perm_stat_now = tensor([[-1982.0759]], device='cuda:0')
perm_stat_now = tensor([[1849.5957]], device='cuda:0')
perm_stat_now = tensor([[-288.8101]], device='cuda:0')
perm_stat_now = tensor([[1426.2246]], device='cuda:0')
perm_stat_now = tensor([[-445.1142]], device='cuda:0')
perm_stat_now = tensor([[299.4229]], device='cuda:0')
perm_stat_now = tensor([[-2288.6047]], device='cuda:0')
perm_stat_now = tensor([[-635.7868]], device='cuda:0')
perm_stat_now = tensor([[-1646.0261]], device='cuda:0')
perm_stat_now = tensor([[-1021.0429]], device='cuda:0')
perm_stat_now = tensor([[-669.3475]], device='cuda:0')
perm_stat_now = tensor([[-409.8606]], device='cuda:0')
perm_stat_now = tensor([[905.8072]], device='cuda:0')
perm_stat_now = tensor([[406.5138]], device='cuda:0')
perm_stat_now = tensor([[-2009.2139]], device='cuda:0')
perm_stat_now = tensor([[-1879.6389]], device='cuda:0')
perm_stat_now = tensor([[613.7819]], device='cuda:0')
p value proxy: 0.032258063554763794
result: 1.0
power_upto_now: 1.0
noise variance for Y: 0.030172936618328094
average noise variance for Y upto now: 0.03102361224591732
noise variance for Z: 0.0289178267121315
average noise variance for Z upto now: 0.03051798790693283

7th run
noise dimension : 25, 25
noise type: conti
noise type: conti
original u-statistic:tensor([[95517.2031]], device='cuda:0')
perm_stat_now = tensor([[-832.2136]], device='cuda:0')
perm_stat_now = tensor([[-1183.3248]], device='cuda:0')
perm_stat_now = tensor([[958.6959]], device='cuda:0')
perm_stat_now = tensor([[-262.2258]], device='cuda:0')
perm_stat_now = tensor([[559.7657]], device='cuda:0')
perm_stat_now = tensor([[1057.5431]], device='cuda:0')
perm_stat_now = tensor([[3621.5415]], device='cuda:0')
perm_stat_now = tensor([[-465.0864]], device='cuda:0')
perm_stat_now = tensor([[-534.7642]], device='cuda:0')
perm_stat_now = tensor([[-1704.7909]], device='cuda:0')
perm_stat_now = tensor([[-1685.7915]], device='cuda:0')
perm_stat_now = tensor([[-1391.1165]], device='cuda:0')
perm_stat_now = tensor([[1180.2126]], device='cuda:0')
perm_stat_now = tensor([[525.5664]], device='cuda:0')
perm_stat_now = tensor([[1765.3057]], device='cuda:0')
perm_stat_now = tensor([[-1583.5088]], device='cuda:0')
perm_stat_now = tensor([[1842.7343]], device='cuda:0')
perm_stat_now = tensor([[983.5240]], device='cuda:0')
perm_stat_now = tensor([[212.2695]], device='cuda:0')
perm_stat_now = tensor([[-1442.6884]], device='cuda:0')
perm_stat_now = tensor([[-1077.7993]], device='cuda:0')
perm_stat_now = tensor([[1172.6973]], device='cuda:0')
perm_stat_now = tensor([[-381.3271]], device='cuda:0')
perm_stat_now = tensor([[1956.6232]], device='cuda:0')
perm_stat_now = tensor([[-1444.9878]], device='cuda:0')
perm_stat_now = tensor([[-955.4404]], device='cuda:0')
perm_stat_now = tensor([[-394.6795]], device='cuda:0')
perm_stat_now = tensor([[-248.7550]], device='cuda:0')
perm_stat_now = tensor([[419.4192]], device='cuda:0')
perm_stat_now = tensor([[1408.3136]], device='cuda:0')
p value proxy: 0.032258063554763794
result: 1.0
power_upto_now: 1.0
noise variance for Y: 0.031682759523391724
average noise variance for Y upto now: 0.031117776408791542
noise variance for Z: 0.030308302491903305
average noise variance for Z upto now: 0.0304880328476429

8th run
noise dimension : 25, 25
noise type: conti
noise type: conti
original u-statistic:tensor([[85503.7734]], device='cuda:0')
perm_stat_now = tensor([[-591.4019]], device='cuda:0')
perm_stat_now = tensor([[2597.7520]], device='cuda:0')
perm_stat_now = tensor([[-1064.2673]], device='cuda:0')
perm_stat_now = tensor([[1269.7292]], device='cuda:0')
perm_stat_now = tensor([[1903.2838]], device='cuda:0')
perm_stat_now = tensor([[-247.7034]], device='cuda:0')
perm_stat_now = tensor([[361.7599]], device='cuda:0')
perm_stat_now = tensor([[-1843.9188]], device='cuda:0')
perm_stat_now = tensor([[-691.9802]], device='cuda:0')
perm_stat_now = tensor([[-817.5154]], device='cuda:0')
perm_stat_now = tensor([[1173.2474]], device='cuda:0')
perm_stat_now = tensor([[1204.7917]], device='cuda:0')
perm_stat_now = tensor([[1624.3365]], device='cuda:0')
perm_stat_now = tensor([[-738.7402]], device='cuda:0')
perm_stat_now = tensor([[1586.3135]], device='cuda:0')
perm_stat_now = tensor([[-537.1876]], device='cuda:0')
perm_stat_now = tensor([[976.0978]], device='cuda:0')
perm_stat_now = tensor([[2510.2502]], device='cuda:0')
perm_stat_now = tensor([[921.0106]], device='cuda:0')
perm_stat_now = tensor([[-1142.9851]], device='cuda:0')
perm_stat_now = tensor([[746.6601]], device='cuda:0')
perm_stat_now = tensor([[-2401.1069]], device='cuda:0')
perm_stat_now = tensor([[-1208.4551]], device='cuda:0')
perm_stat_now = tensor([[852.5386]], device='cuda:0')
perm_stat_now = tensor([[-1141.3824]], device='cuda:0')
perm_stat_now = tensor([[-1292.8293]], device='cuda:0')
perm_stat_now = tensor([[-1520.6611]], device='cuda:0')
perm_stat_now = tensor([[246.9054]], device='cuda:0')
perm_stat_now = tensor([[-1620.2837]], device='cuda:0')
perm_stat_now = tensor([[2406.2866]], device='cuda:0')
p value proxy: 0.032258063554763794
result: 1.0
power_upto_now: 1.0
noise variance for Y: 0.03160947188735008
average noise variance for Y upto now: 0.031179241836071014
noise variance for Z: 0.032456956803798676
average noise variance for Z upto now: 0.030734147876501083

9th run
noise dimension : 25, 25
noise type: conti
noise type: conti
original u-statistic:tensor([[102988.8750]], device='cuda:0')
perm_stat_now = tensor([[-990.9015]], device='cuda:0')
perm_stat_now = tensor([[281.2739]], device='cuda:0')
perm_stat_now = tensor([[881.8482]], device='cuda:0')
perm_stat_now = tensor([[553.6118]], device='cuda:0')
perm_stat_now = tensor([[131.9245]], device='cuda:0')
perm_stat_now = tensor([[-689.6826]], device='cuda:0')
perm_stat_now = tensor([[231.6790]], device='cuda:0')
perm_stat_now = tensor([[-86.3234]], device='cuda:0')
perm_stat_now = tensor([[-1934.2499]], device='cuda:0')
perm_stat_now = tensor([[1015.8765]], device='cuda:0')
perm_stat_now = tensor([[-1110.5731]], device='cuda:0')
perm_stat_now = tensor([[148.2150]], device='cuda:0')
perm_stat_now = tensor([[364.5471]], device='cuda:0')
perm_stat_now = tensor([[-480.5503]], device='cuda:0')
perm_stat_now = tensor([[-986.1702]], device='cuda:0')
perm_stat_now = tensor([[-18.0418]], device='cuda:0')
perm_stat_now = tensor([[457.7953]], device='cuda:0')
perm_stat_now = tensor([[501.4236]], device='cuda:0')
perm_stat_now = tensor([[-852.3536]], device='cuda:0')
perm_stat_now = tensor([[-360.8688]], device='cuda:0')
perm_stat_now = tensor([[2621.3313]], device='cuda:0')
perm_stat_now = tensor([[1668.4272]], device='cuda:0')
perm_stat_now = tensor([[-991.0442]], device='cuda:0')
perm_stat_now = tensor([[-1275.1823]], device='cuda:0')
perm_stat_now = tensor([[-2339.0825]], device='cuda:0')
perm_stat_now = tensor([[-659.5341]], device='cuda:0')
perm_stat_now = tensor([[-2987.7239]], device='cuda:0')
perm_stat_now = tensor([[-417.1455]], device='cuda:0')
perm_stat_now = tensor([[952.7119]], device='cuda:0')
perm_stat_now = tensor([[-519.0768]], device='cuda:0')
p value proxy: 0.032258063554763794
result: 1.0
power_upto_now: 1.0
noise variance for Y: 0.03177478909492493
average noise variance for Y upto now: 0.031245410442352295
noise variance for Z: 0.032642047852277756
average noise variance for Z upto now: 0.030946139246225357

10th run
noise dimension : 25, 25
noise type: conti
noise type: conti
original u-statistic:tensor([[105538.9219]], device='cuda:0')
perm_stat_now = tensor([[2338.3486]], device='cuda:0')
perm_stat_now = tensor([[-1437.9126]], device='cuda:0')
perm_stat_now = tensor([[-555.1536]], device='cuda:0')
perm_stat_now = tensor([[-79.3310]], device='cuda:0')
perm_stat_now = tensor([[124.3806]], device='cuda:0')
perm_stat_now = tensor([[-1311.5557]], device='cuda:0')
perm_stat_now = tensor([[2681.9695]], device='cuda:0')
perm_stat_now = tensor([[-987.7392]], device='cuda:0')
perm_stat_now = tensor([[1529.2166]], device='cuda:0')
perm_stat_now = tensor([[-987.9502]], device='cuda:0')
perm_stat_now = tensor([[-659.7124]], device='cuda:0')
perm_stat_now = tensor([[-1525.6232]], device='cuda:0')
perm_stat_now = tensor([[-173.4880]], device='cuda:0')
perm_stat_now = tensor([[1829.9347]], device='cuda:0')
perm_stat_now = tensor([[-2537.1787]], device='cuda:0')
perm_stat_now = tensor([[-39.5015]], device='cuda:0')
perm_stat_now = tensor([[-1217.1368]], device='cuda:0')
perm_stat_now = tensor([[-1270.3048]], device='cuda:0')
perm_stat_now = tensor([[-111.8945]], device='cuda:0')
perm_stat_now = tensor([[-311.6939]], device='cuda:0')
perm_stat_now = tensor([[-1259.0416]], device='cuda:0')
perm_stat_now = tensor([[4324.9858]], device='cuda:0')
perm_stat_now = tensor([[80.2182]], device='cuda:0')
perm_stat_now = tensor([[-2020.1644]], device='cuda:0')
perm_stat_now = tensor([[900.8190]], device='cuda:0')
perm_stat_now = tensor([[-801.1536]], device='cuda:0')
perm_stat_now = tensor([[-554.4099]], device='cuda:0')
perm_stat_now = tensor([[1516.2318]], device='cuda:0')
perm_stat_now = tensor([[979.1758]], device='cuda:0')
perm_stat_now = tensor([[83.7691]], device='cuda:0')
p value proxy: 0.032258063554763794
result: 1.0
power_upto_now: 1.0
noise variance for Y: 0.030782366171479225
average noise variance for Y upto now: 0.031199106946587563
noise variance for Z: 0.030446253716945648
average noise variance for Z upto now: 0.030896147713065147
power estimate : 1.0
elapsed time: 14.639578342437744
simulation ended at 2022-07-24 11:15:13.806641
