job started
cuda available: True
code run on device:: cuda:0

simulation started at = 2022-07-24 11:03:38.539751 

n = 100,

kappa = 5, alpha = 80.0,

gamma = 0.05, nTests = 10,

B = 30, d = 2

copula_mean
tensor([0.5000, 0.5000], device='cuda:0')
sigma
tensor([[1.0000, 0.5000],
        [0.5000, 1.0000]], device='cuda:0')

1th run
noise dimension : 25, 25
noise type: conti
noise type: conti
original u-statistic:tensor([[84914.2656]], device='cuda:0')
perm_stat_now = tensor([[1172.8899]], device='cuda:0')
perm_stat_now = tensor([[-1322.5059]], device='cuda:0')
perm_stat_now = tensor([[208.0191]], device='cuda:0')
perm_stat_now = tensor([[-251.0217]], device='cuda:0')
perm_stat_now = tensor([[-2972.6404]], device='cuda:0')
perm_stat_now = tensor([[-423.6336]], device='cuda:0')
perm_stat_now = tensor([[-619.8275]], device='cuda:0')
perm_stat_now = tensor([[-1969.8621]], device='cuda:0')
perm_stat_now = tensor([[2395.1074]], device='cuda:0')
perm_stat_now = tensor([[-1099.0175]], device='cuda:0')
perm_stat_now = tensor([[-1092.5219]], device='cuda:0')
perm_stat_now = tensor([[2447.9041]], device='cuda:0')
perm_stat_now = tensor([[-603.6436]], device='cuda:0')
perm_stat_now = tensor([[1012.7515]], device='cuda:0')
perm_stat_now = tensor([[-2064.5312]], device='cuda:0')
perm_stat_now = tensor([[2572.3281]], device='cuda:0')
perm_stat_now = tensor([[-40.4841]], device='cuda:0')
perm_stat_now = tensor([[745.3864]], device='cuda:0')
perm_stat_now = tensor([[373.5457]], device='cuda:0')
perm_stat_now = tensor([[-1575.1877]], device='cuda:0')
perm_stat_now = tensor([[1140.9821]], device='cuda:0')
perm_stat_now = tensor([[-578.0760]], device='cuda:0')
perm_stat_now = tensor([[776.9899]], device='cuda:0')
perm_stat_now = tensor([[-257.6126]], device='cuda:0')
perm_stat_now = tensor([[155.2122]], device='cuda:0')
perm_stat_now = tensor([[-192.5424]], device='cuda:0')
perm_stat_now = tensor([[-3320.6267]], device='cuda:0')
perm_stat_now = tensor([[-1428.8154]], device='cuda:0')
perm_stat_now = tensor([[2159.7576]], device='cuda:0')
perm_stat_now = tensor([[-394.8310]], device='cuda:0')
p value proxy: 0.032258063554763794
result: 1.0
power_upto_now: 1.0
noise variance for Y: 3.258336067199707
average noise variance for Y upto now: 3.258336067199707
noise variance for Z: 3.0631942749023438
average noise variance for Z upto now: 3.0631942749023438

2th run
noise dimension : 25, 25
noise type: conti
noise type: conti
original u-statistic:tensor([[115550.2109]], device='cuda:0')
perm_stat_now = tensor([[848.0027]], device='cuda:0')
perm_stat_now = tensor([[381.5527]], device='cuda:0')
perm_stat_now = tensor([[-399.1461]], device='cuda:0')
perm_stat_now = tensor([[2079.2878]], device='cuda:0')
perm_stat_now = tensor([[-4575.1855]], device='cuda:0')
perm_stat_now = tensor([[-923.0530]], device='cuda:0')
perm_stat_now = tensor([[-531.7273]], device='cuda:0')
perm_stat_now = tensor([[-774.5526]], device='cuda:0')
perm_stat_now = tensor([[-48.4751]], device='cuda:0')
perm_stat_now = tensor([[-88.3318]], device='cuda:0')
perm_stat_now = tensor([[-733.0789]], device='cuda:0')
perm_stat_now = tensor([[-1532.6525]], device='cuda:0')
perm_stat_now = tensor([[-1744.3119]], device='cuda:0')
perm_stat_now = tensor([[1558.3475]], device='cuda:0')
perm_stat_now = tensor([[-2080.9648]], device='cuda:0')
perm_stat_now = tensor([[3625.6187]], device='cuda:0')
perm_stat_now = tensor([[445.7396]], device='cuda:0')
perm_stat_now = tensor([[669.6929]], device='cuda:0')
perm_stat_now = tensor([[532.4279]], device='cuda:0')
perm_stat_now = tensor([[-3039.7449]], device='cuda:0')
perm_stat_now = tensor([[-3279.0188]], device='cuda:0')
perm_stat_now = tensor([[2586.4177]], device='cuda:0')
perm_stat_now = tensor([[-836.7937]], device='cuda:0')
perm_stat_now = tensor([[-1018.1675]], device='cuda:0')
perm_stat_now = tensor([[-853.3251]], device='cuda:0')
perm_stat_now = tensor([[-1405.0880]], device='cuda:0')
perm_stat_now = tensor([[222.0369]], device='cuda:0')
perm_stat_now = tensor([[-1884.6620]], device='cuda:0')
perm_stat_now = tensor([[1696.8828]], device='cuda:0')
perm_stat_now = tensor([[-2208.9541]], device='cuda:0')
p value proxy: 0.032258063554763794
result: 1.0
power_upto_now: 1.0
noise variance for Y: 3.3142526149749756
average noise variance for Y upto now: 3.286294460296631
noise variance for Z: 2.926180839538574
average noise variance for Z upto now: 2.994687557220459

3th run
noise dimension : 25, 25
noise type: conti
noise type: conti
original u-statistic:tensor([[107171.5703]], device='cuda:0')
perm_stat_now = tensor([[-272.3226]], device='cuda:0')
perm_stat_now = tensor([[466.5607]], device='cuda:0')
perm_stat_now = tensor([[1009.1773]], device='cuda:0')
perm_stat_now = tensor([[1974.4673]], device='cuda:0')
perm_stat_now = tensor([[2002.7765]], device='cuda:0')
perm_stat_now = tensor([[-901.3726]], device='cuda:0')
perm_stat_now = tensor([[-39.5893]], device='cuda:0')
perm_stat_now = tensor([[-1279.5444]], device='cuda:0')
perm_stat_now = tensor([[-260.8887]], device='cuda:0')
perm_stat_now = tensor([[-1604.4758]], device='cuda:0')
perm_stat_now = tensor([[-2011.8528]], device='cuda:0')
perm_stat_now = tensor([[209.1476]], device='cuda:0')
perm_stat_now = tensor([[-2002.3441]], device='cuda:0')
perm_stat_now = tensor([[552.8875]], device='cuda:0')
perm_stat_now = tensor([[-2524.3416]], device='cuda:0')
perm_stat_now = tensor([[-2202.1602]], device='cuda:0')
perm_stat_now = tensor([[-1218.2643]], device='cuda:0')
perm_stat_now = tensor([[-428.5013]], device='cuda:0')
perm_stat_now = tensor([[-240.3942]], device='cuda:0')
perm_stat_now = tensor([[309.2795]], device='cuda:0')
perm_stat_now = tensor([[-26.5398]], device='cuda:0')
perm_stat_now = tensor([[-1056.5734]], device='cuda:0')
perm_stat_now = tensor([[-3240.2600]], device='cuda:0')
perm_stat_now = tensor([[-505.9062]], device='cuda:0')
perm_stat_now = tensor([[5141.4570]], device='cuda:0')
perm_stat_now = tensor([[6113.0298]], device='cuda:0')
perm_stat_now = tensor([[-2700.3152]], device='cuda:0')
perm_stat_now = tensor([[-458.6735]], device='cuda:0')
perm_stat_now = tensor([[600.8696]], device='cuda:0')
perm_stat_now = tensor([[3320.9827]], device='cuda:0')
p value proxy: 0.032258063554763794
result: 1.0
power_upto_now: 1.0
noise variance for Y: 3.1921274662017822
average noise variance for Y upto now: 3.2549054622650146
noise variance for Z: 3.3478379249572754
average noise variance for Z upto now: 3.1124045848846436

4th run
noise dimension : 25, 25
noise type: conti
noise type: conti
original u-statistic:tensor([[90382.4062]], device='cuda:0')
perm_stat_now = tensor([[1092.7235]], device='cuda:0')
perm_stat_now = tensor([[2074.8198]], device='cuda:0')
perm_stat_now = tensor([[-1394.2690]], device='cuda:0')
perm_stat_now = tensor([[-1128.6853]], device='cuda:0')
perm_stat_now = tensor([[633.5284]], device='cuda:0')
perm_stat_now = tensor([[1028.6689]], device='cuda:0')
perm_stat_now = tensor([[1201.0240]], device='cuda:0')
perm_stat_now = tensor([[-124.9067]], device='cuda:0')
perm_stat_now = tensor([[-318.8687]], device='cuda:0')
perm_stat_now = tensor([[1654.1731]], device='cuda:0')
perm_stat_now = tensor([[1351.1470]], device='cuda:0')
perm_stat_now = tensor([[-1812.5388]], device='cuda:0')
perm_stat_now = tensor([[2269.3687]], device='cuda:0')
perm_stat_now = tensor([[1227.7045]], device='cuda:0')
perm_stat_now = tensor([[-1452.9558]], device='cuda:0')
perm_stat_now = tensor([[156.2139]], device='cuda:0')
perm_stat_now = tensor([[899.5593]], device='cuda:0')
perm_stat_now = tensor([[1330.7584]], device='cuda:0')
perm_stat_now = tensor([[280.2370]], device='cuda:0')
perm_stat_now = tensor([[1649.9865]], device='cuda:0')
perm_stat_now = tensor([[708.6986]], device='cuda:0')
perm_stat_now = tensor([[1618.0518]], device='cuda:0')
perm_stat_now = tensor([[125.0829]], device='cuda:0')
perm_stat_now = tensor([[299.9511]], device='cuda:0')
perm_stat_now = tensor([[1057.5681]], device='cuda:0')
perm_stat_now = tensor([[190.6514]], device='cuda:0')
perm_stat_now = tensor([[-1848.2607]], device='cuda:0')
perm_stat_now = tensor([[683.6275]], device='cuda:0')
perm_stat_now = tensor([[-2406.5261]], device='cuda:0')
perm_stat_now = tensor([[-1966.3008]], device='cuda:0')
p value proxy: 0.032258063554763794
result: 1.0
power_upto_now: 1.0
noise variance for Y: 2.854773998260498
average noise variance for Y upto now: 3.154872417449951
noise variance for Z: 2.9829061031341553
average noise variance for Z upto now: 3.0800299644470215

5th run
noise dimension : 25, 25
noise type: conti
noise type: conti
original u-statistic:tensor([[105352.8984]], device='cuda:0')
perm_stat_now = tensor([[1262.7950]], device='cuda:0')
perm_stat_now = tensor([[-1765.3983]], device='cuda:0')
perm_stat_now = tensor([[-241.0189]], device='cuda:0')
perm_stat_now = tensor([[-776.4969]], device='cuda:0')
perm_stat_now = tensor([[2409.2444]], device='cuda:0')
perm_stat_now = tensor([[2103.3354]], device='cuda:0')
perm_stat_now = tensor([[-619.7360]], device='cuda:0')
perm_stat_now = tensor([[-2187.8335]], device='cuda:0')
perm_stat_now = tensor([[-3110.0510]], device='cuda:0')
perm_stat_now = tensor([[3237.5513]], device='cuda:0')
perm_stat_now = tensor([[3038.8564]], device='cuda:0')
perm_stat_now = tensor([[2226.7256]], device='cuda:0')
perm_stat_now = tensor([[673.2542]], device='cuda:0')
perm_stat_now = tensor([[1086.0139]], device='cuda:0')
perm_stat_now = tensor([[-1364.4124]], device='cuda:0')
perm_stat_now = tensor([[490.3818]], device='cuda:0')
perm_stat_now = tensor([[2556.4983]], device='cuda:0')
perm_stat_now = tensor([[-2449.5977]], device='cuda:0')
perm_stat_now = tensor([[1827.5594]], device='cuda:0')
perm_stat_now = tensor([[-1069.9574]], device='cuda:0')
perm_stat_now = tensor([[-2217.0120]], device='cuda:0')
perm_stat_now = tensor([[-286.4814]], device='cuda:0')
perm_stat_now = tensor([[392.8362]], device='cuda:0')
perm_stat_now = tensor([[-889.7473]], device='cuda:0')
perm_stat_now = tensor([[2185.1921]], device='cuda:0')
perm_stat_now = tensor([[-1332.8802]], device='cuda:0')
perm_stat_now = tensor([[-1720.4198]], device='cuda:0')
perm_stat_now = tensor([[22.7912]], device='cuda:0')
perm_stat_now = tensor([[-2103.0972]], device='cuda:0')
perm_stat_now = tensor([[87.5462]], device='cuda:0')
p value proxy: 0.032258063554763794
result: 1.0
power_upto_now: 1.0
noise variance for Y: 2.977383613586426
average noise variance for Y upto now: 3.1193747520446777
noise variance for Z: 3.098891258239746
average noise variance for Z upto now: 3.0838019847869873

6th run
noise dimension : 25, 25
noise type: conti
noise type: conti
original u-statistic:tensor([[95642.7891]], device='cuda:0')
perm_stat_now = tensor([[-1164.8950]], device='cuda:0')
perm_stat_now = tensor([[-1620.8860]], device='cuda:0')
perm_stat_now = tensor([[-1923.5291]], device='cuda:0')
perm_stat_now = tensor([[542.0790]], device='cuda:0')
perm_stat_now = tensor([[-87.9467]], device='cuda:0')
perm_stat_now = tensor([[-2670.3914]], device='cuda:0')
perm_stat_now = tensor([[947.9821]], device='cuda:0')
perm_stat_now = tensor([[2951.5559]], device='cuda:0')
perm_stat_now = tensor([[674.7333]], device='cuda:0')
perm_stat_now = tensor([[-78.2349]], device='cuda:0')
perm_stat_now = tensor([[715.5253]], device='cuda:0')
perm_stat_now = tensor([[-818.1620]], device='cuda:0')
perm_stat_now = tensor([[-361.6446]], device='cuda:0')
perm_stat_now = tensor([[-1150.2362]], device='cuda:0')
perm_stat_now = tensor([[2222.3594]], device='cuda:0')
perm_stat_now = tensor([[410.8119]], device='cuda:0')
perm_stat_now = tensor([[1329.8051]], device='cuda:0')
perm_stat_now = tensor([[194.7680]], device='cuda:0')
perm_stat_now = tensor([[-565.3298]], device='cuda:0')
perm_stat_now = tensor([[-1856.8799]], device='cuda:0')
perm_stat_now = tensor([[-419.0396]], device='cuda:0')
perm_stat_now = tensor([[-2229.9402]], device='cuda:0')
perm_stat_now = tensor([[-569.8779]], device='cuda:0')
perm_stat_now = tensor([[-1292.0125]], device='cuda:0')
perm_stat_now = tensor([[-678.4952]], device='cuda:0')
perm_stat_now = tensor([[-294.9807]], device='cuda:0')
perm_stat_now = tensor([[872.7047]], device='cuda:0')
perm_stat_now = tensor([[-2338.9114]], device='cuda:0')
perm_stat_now = tensor([[-1356.9144]], device='cuda:0')
perm_stat_now = tensor([[879.5132]], device='cuda:0')
p value proxy: 0.032258063554763794
result: 1.0
power_upto_now: 1.0
noise variance for Y: 3.017293691635132
average noise variance for Y upto now: 3.1023614406585693
noise variance for Z: 2.8917832374572754
average noise variance for Z upto now: 3.0517990589141846

7th run
noise dimension : 25, 25
noise type: conti
noise type: conti
original u-statistic:tensor([[95147.2422]], device='cuda:0')
perm_stat_now = tensor([[-969.1298]], device='cuda:0')
perm_stat_now = tensor([[-2651.3987]], device='cuda:0')
perm_stat_now = tensor([[371.0861]], device='cuda:0')
perm_stat_now = tensor([[-16.3942]], device='cuda:0')
perm_stat_now = tensor([[-179.5159]], device='cuda:0')
perm_stat_now = tensor([[-245.5781]], device='cuda:0')
perm_stat_now = tensor([[4996.8955]], device='cuda:0')
perm_stat_now = tensor([[-497.8658]], device='cuda:0')
perm_stat_now = tensor([[-188.3244]], device='cuda:0')
perm_stat_now = tensor([[-1053.5869]], device='cuda:0')
perm_stat_now = tensor([[-643.1852]], device='cuda:0')
perm_stat_now = tensor([[-1239.3597]], device='cuda:0')
perm_stat_now = tensor([[487.5691]], device='cuda:0')
perm_stat_now = tensor([[1773.4910]], device='cuda:0')
perm_stat_now = tensor([[797.0213]], device='cuda:0')
perm_stat_now = tensor([[-2154.6025]], device='cuda:0')
perm_stat_now = tensor([[946.5420]], device='cuda:0')
perm_stat_now = tensor([[803.0590]], device='cuda:0')
perm_stat_now = tensor([[-88.3234]], device='cuda:0')
perm_stat_now = tensor([[-2405.2151]], device='cuda:0')
perm_stat_now = tensor([[-1703.9399]], device='cuda:0')
perm_stat_now = tensor([[1555.6414]], device='cuda:0')
perm_stat_now = tensor([[510.8742]], device='cuda:0')
perm_stat_now = tensor([[1543.8231]], device='cuda:0')
perm_stat_now = tensor([[-1627.4529]], device='cuda:0')
perm_stat_now = tensor([[-432.4575]], device='cuda:0')
perm_stat_now = tensor([[-683.2793]], device='cuda:0')
perm_stat_now = tensor([[-1682.3479]], device='cuda:0')
perm_stat_now = tensor([[591.5492]], device='cuda:0')
perm_stat_now = tensor([[1113.8134]], device='cuda:0')
p value proxy: 0.032258063554763794
result: 1.0
power_upto_now: 1.0
noise variance for Y: 3.16827654838562
average noise variance for Y upto now: 3.1117780208587646
noise variance for Z: 3.0308303833007812
average noise variance for Z upto now: 3.0488035678863525

8th run
noise dimension : 25, 25
noise type: conti
noise type: conti
original u-statistic:tensor([[86540.8281]], device='cuda:0')
perm_stat_now = tensor([[286.2941]], device='cuda:0')
perm_stat_now = tensor([[3659.8130]], device='cuda:0')
perm_stat_now = tensor([[-1279.9442]], device='cuda:0')
perm_stat_now = tensor([[746.5543]], device='cuda:0')
perm_stat_now = tensor([[3419.8416]], device='cuda:0')
perm_stat_now = tensor([[161.8212]], device='cuda:0')
perm_stat_now = tensor([[989.2866]], device='cuda:0')
perm_stat_now = tensor([[-2189.6560]], device='cuda:0')
perm_stat_now = tensor([[850.2419]], device='cuda:0')
perm_stat_now = tensor([[-880.4206]], device='cuda:0')
perm_stat_now = tensor([[1139.2407]], device='cuda:0')
perm_stat_now = tensor([[3045.4282]], device='cuda:0')
perm_stat_now = tensor([[2859.1064]], device='cuda:0')
perm_stat_now = tensor([[-1053.3811]], device='cuda:0')
perm_stat_now = tensor([[2282.6875]], device='cuda:0')
perm_stat_now = tensor([[-135.0405]], device='cuda:0')
perm_stat_now = tensor([[1231.5244]], device='cuda:0')
perm_stat_now = tensor([[1979.5244]], device='cuda:0')
perm_stat_now = tensor([[318.2823]], device='cuda:0')
perm_stat_now = tensor([[-1306.2053]], device='cuda:0')
perm_stat_now = tensor([[1108.8643]], device='cuda:0')
perm_stat_now = tensor([[-2564.6226]], device='cuda:0')
perm_stat_now = tensor([[-1233.0137]], device='cuda:0')
perm_stat_now = tensor([[285.4281]], device='cuda:0')
perm_stat_now = tensor([[-1440.2423]], device='cuda:0')
perm_stat_now = tensor([[-1052.2777]], device='cuda:0')
perm_stat_now = tensor([[-2208.3127]], device='cuda:0')
perm_stat_now = tensor([[-647.5285]], device='cuda:0')
perm_stat_now = tensor([[-1659.2678]], device='cuda:0')
perm_stat_now = tensor([[2814.6990]], device='cuda:0')
p value proxy: 0.032258063554763794
result: 1.0
power_upto_now: 1.0
noise variance for Y: 3.16094708442688
average noise variance for Y upto now: 3.1179237365722656
noise variance for Z: 3.2456963062286377
average noise variance for Z upto now: 3.0734152793884277

9th run
noise dimension : 25, 25
noise type: conti
noise type: conti
original u-statistic:tensor([[100409.8125]], device='cuda:0')
perm_stat_now = tensor([[-736.1096]], device='cuda:0')
perm_stat_now = tensor([[-174.0075]], device='cuda:0')
perm_stat_now = tensor([[2354.7859]], device='cuda:0')
perm_stat_now = tensor([[1581.5308]], device='cuda:0')
perm_stat_now = tensor([[479.3386]], device='cuda:0')
perm_stat_now = tensor([[-1623.9049]], device='cuda:0')
perm_stat_now = tensor([[975.4669]], device='cuda:0')
perm_stat_now = tensor([[-906.2431]], device='cuda:0')
perm_stat_now = tensor([[-1950.9344]], device='cuda:0')
perm_stat_now = tensor([[1309.4818]], device='cuda:0')
perm_stat_now = tensor([[-1531.0968]], device='cuda:0')
perm_stat_now = tensor([[858.9233]], device='cuda:0')
perm_stat_now = tensor([[750.4091]], device='cuda:0')
perm_stat_now = tensor([[-651.8342]], device='cuda:0')
perm_stat_now = tensor([[-1264.4343]], device='cuda:0')
perm_stat_now = tensor([[512.2530]], device='cuda:0')
perm_stat_now = tensor([[970.7371]], device='cuda:0')
perm_stat_now = tensor([[-695.4249]], device='cuda:0')
perm_stat_now = tensor([[-706.1290]], device='cuda:0')
perm_stat_now = tensor([[390.9288]], device='cuda:0')
perm_stat_now = tensor([[4187.5815]], device='cuda:0')
perm_stat_now = tensor([[2470.4736]], device='cuda:0')
perm_stat_now = tensor([[-1754.0494]], device='cuda:0')
perm_stat_now = tensor([[-922.7982]], device='cuda:0')
perm_stat_now = tensor([[-2505.8762]], device='cuda:0')
perm_stat_now = tensor([[-695.5224]], device='cuda:0')
perm_stat_now = tensor([[-2934.6292]], device='cuda:0')
perm_stat_now = tensor([[-565.8486]], device='cuda:0')
perm_stat_now = tensor([[467.6199]], device='cuda:0')
perm_stat_now = tensor([[-1012.0018]], device='cuda:0')
p value proxy: 0.032258063554763794
result: 1.0
power_upto_now: 1.0
noise variance for Y: 3.1774795055389404
average noise variance for Y upto now: 3.1245412826538086
noise variance for Z: 3.264204978942871
average noise variance for Z upto now: 3.094614028930664

10th run
noise dimension : 25, 25
noise type: conti
noise type: conti
original u-statistic:tensor([[105383.6641]], device='cuda:0')
perm_stat_now = tensor([[3832.4885]], device='cuda:0')
perm_stat_now = tensor([[-1014.1738]], device='cuda:0')
perm_stat_now = tensor([[837.6733]], device='cuda:0')
perm_stat_now = tensor([[100.3652]], device='cuda:0')
perm_stat_now = tensor([[-1479.3445]], device='cuda:0')
perm_stat_now = tensor([[-237.6755]], device='cuda:0')
perm_stat_now = tensor([[3013.5513]], device='cuda:0')
perm_stat_now = tensor([[-93.3791]], device='cuda:0')
perm_stat_now = tensor([[1046.7080]], device='cuda:0')
perm_stat_now = tensor([[-469.6227]], device='cuda:0')
perm_stat_now = tensor([[-1541.7256]], device='cuda:0')
perm_stat_now = tensor([[-713.8129]], device='cuda:0')
perm_stat_now = tensor([[560.5226]], device='cuda:0')
perm_stat_now = tensor([[3500.8921]], device='cuda:0')
perm_stat_now = tensor([[-2742.8623]], device='cuda:0')
perm_stat_now = tensor([[-1252.9030]], device='cuda:0')
perm_stat_now = tensor([[-1721.4915]], device='cuda:0')
perm_stat_now = tensor([[-1365.1791]], device='cuda:0')
perm_stat_now = tensor([[635.2081]], device='cuda:0')
perm_stat_now = tensor([[909.4416]], device='cuda:0')
perm_stat_now = tensor([[-2026.8915]], device='cuda:0')
perm_stat_now = tensor([[4768.7178]], device='cuda:0')
perm_stat_now = tensor([[-1095.6957]], device='cuda:0')
perm_stat_now = tensor([[-3831.2405]], device='cuda:0')
perm_stat_now = tensor([[1017.9663]], device='cuda:0')
perm_stat_now = tensor([[-1764.6470]], device='cuda:0')
perm_stat_now = tensor([[-1381.4995]], device='cuda:0')
perm_stat_now = tensor([[1671.7643]], device='cuda:0')
perm_stat_now = tensor([[1720.4984]], device='cuda:0')
perm_stat_now = tensor([[338.1807]], device='cuda:0')
p value proxy: 0.032258063554763794
result: 1.0
power_upto_now: 1.0
noise variance for Y: 3.0782370567321777
average noise variance for Y upto now: 3.119910955429077
noise variance for Z: 3.0446255207061768
average noise variance for Z upto now: 3.0896151065826416
power estimate : 1.0
elapsed time: 14.830537557601929
simulation ended at 2022-07-24 11:03:53.370474
