job started
cuda available: True
code run on device:: cuda:0

simulation started at = 2022-08-11 19:46:25.002730 

n = 20000,

kappa = 3, alpha = 2.4000000000000004,

gamma = 0.05, nTests = 50,

B = 30, d = 2

copula_mean
tensor([0.5000, 0.5000], device='cuda:0')
sigma
tensor([[1.0000, 0.5000],
        [0.5000, 1.0000]], device='cuda:0')

1th run
noise dimension : 9, 9
noise type: conti
noise type: conti
original u-statistic:tensor([[4286.0352]], device='cuda:0')
perm_stat_now = tensor([[-83.4238]], device='cuda:0')
perm_stat_now = tensor([[1247.8339]], device='cuda:0')
perm_stat_now = tensor([[-769.3810]], device='cuda:0')
perm_stat_now = tensor([[-450.8769]], device='cuda:0')
perm_stat_now = tensor([[-151.5657]], device='cuda:0')
perm_stat_now = tensor([[1156.3367]], device='cuda:0')
perm_stat_now = tensor([[-424.3840]], device='cuda:0')
perm_stat_now = tensor([[51.5194]], device='cuda:0')
perm_stat_now = tensor([[-760.6022]], device='cuda:0')
perm_stat_now = tensor([[405.6460]], device='cuda:0')
perm_stat_now = tensor([[-629.0566]], device='cuda:0')
perm_stat_now = tensor([[-61.3690]], device='cuda:0')
perm_stat_now = tensor([[431.4868]], device='cuda:0')
perm_stat_now = tensor([[-627.8713]], device='cuda:0')
perm_stat_now = tensor([[201.7370]], device='cuda:0')
perm_stat_now = tensor([[503.1976]], device='cuda:0')
perm_stat_now = tensor([[-1206.0361]], device='cuda:0')
perm_stat_now = tensor([[229.4618]], device='cuda:0')
perm_stat_now = tensor([[-501.5186]], device='cuda:0')
perm_stat_now = tensor([[-331.7706]], device='cuda:0')
perm_stat_now = tensor([[348.6674]], device='cuda:0')
perm_stat_now = tensor([[-159.9053]], device='cuda:0')
perm_stat_now = tensor([[-343.8987]], device='cuda:0')
perm_stat_now = tensor([[765.7003]], device='cuda:0')
perm_stat_now = tensor([[65.9036]], device='cuda:0')
perm_stat_now = tensor([[-27.6576]], device='cuda:0')
perm_stat_now = tensor([[-274.8392]], device='cuda:0')
perm_stat_now = tensor([[-775.3091]], device='cuda:0')
perm_stat_now = tensor([[-409.6660]], device='cuda:0')
perm_stat_now = tensor([[-1103.5164]], device='cuda:0')
p value proxy: 0.032258063554763794
result: 1.0
power_upto_now: 1.0
noise variance for Y: 448.2568054199219
average noise variance for Y upto now: 448.2568054199219
noise variance for Z: 449.4191589355469
average noise variance for Z upto now: 449.4191589355469

2th run
noise dimension : 9, 9
noise type: conti
noise type: conti
original u-statistic:tensor([[4488.4023]], device='cuda:0')
perm_stat_now = tensor([[31.6518]], device='cuda:0')
perm_stat_now = tensor([[322.2109]], device='cuda:0')
perm_stat_now = tensor([[-40.3707]], device='cuda:0')
perm_stat_now = tensor([[-1.7985]], device='cuda:0')
perm_stat_now = tensor([[-259.1826]], device='cuda:0')
perm_stat_now = tensor([[88.1370]], device='cuda:0')
perm_stat_now = tensor([[-476.0618]], device='cuda:0')
perm_stat_now = tensor([[651.3766]], device='cuda:0')
perm_stat_now = tensor([[400.0192]], device='cuda:0')
perm_stat_now = tensor([[-158.4443]], device='cuda:0')
perm_stat_now = tensor([[-90.0721]], device='cuda:0')
perm_stat_now = tensor([[257.3696]], device='cuda:0')
perm_stat_now = tensor([[-519.8765]], device='cuda:0')
perm_stat_now = tensor([[-1178.6597]], device='cuda:0')
perm_stat_now = tensor([[150.5241]], device='cuda:0')
perm_stat_now = tensor([[510.4948]], device='cuda:0')
perm_stat_now = tensor([[-666.4626]], device='cuda:0')
perm_stat_now = tensor([[1034.0029]], device='cuda:0')
perm_stat_now = tensor([[294.5342]], device='cuda:0')
perm_stat_now = tensor([[552.5811]], device='cuda:0')
perm_stat_now = tensor([[-529.1118]], device='cuda:0')
perm_stat_now = tensor([[-230.1123]], device='cuda:0')
perm_stat_now = tensor([[-408.5895]], device='cuda:0')
perm_stat_now = tensor([[410.3846]], device='cuda:0')
perm_stat_now = tensor([[941.0790]], device='cuda:0')
perm_stat_now = tensor([[-414.6232]], device='cuda:0')
perm_stat_now = tensor([[-713.6523]], device='cuda:0')
perm_stat_now = tensor([[465.8145]], device='cuda:0')
perm_stat_now = tensor([[-7.4510]], device='cuda:0')
perm_stat_now = tensor([[124.2088]], device='cuda:0')
p value proxy: 0.032258063554763794
result: 1.0
power_upto_now: 1.0
noise variance for Y: 451.0338439941406
average noise variance for Y upto now: 449.64532470703125
noise variance for Z: 450.28253173828125
average noise variance for Z upto now: 449.850830078125

3th run
noise dimension : 9, 9
noise type: conti
noise type: conti
original u-statistic:tensor([[4575.1362]], device='cuda:0')
perm_stat_now = tensor([[-383.8914]], device='cuda:0')
perm_stat_now = tensor([[111.2032]], device='cuda:0')
perm_stat_now = tensor([[-356.6100]], device='cuda:0')
perm_stat_now = tensor([[-149.1118]], device='cuda:0')
perm_stat_now = tensor([[-570.6060]], device='cuda:0')
perm_stat_now = tensor([[-177.8429]], device='cuda:0')
perm_stat_now = tensor([[166.0049]], device='cuda:0')
perm_stat_now = tensor([[-402.3556]], device='cuda:0')
perm_stat_now = tensor([[144.2676]], device='cuda:0')
perm_stat_now = tensor([[83.5366]], device='cuda:0')
perm_stat_now = tensor([[233.9910]], device='cuda:0')
perm_stat_now = tensor([[-248.8949]], device='cuda:0')
perm_stat_now = tensor([[318.6155]], device='cuda:0')
perm_stat_now = tensor([[504.7054]], device='cuda:0')
perm_stat_now = tensor([[-299.8143]], device='cuda:0')
perm_stat_now = tensor([[454.0110]], device='cuda:0')
perm_stat_now = tensor([[640.7795]], device='cuda:0')
perm_stat_now = tensor([[343.7177]], device='cuda:0')
perm_stat_now = tensor([[-367.3314]], device='cuda:0')
perm_stat_now = tensor([[74.7540]], device='cuda:0')
perm_stat_now = tensor([[72.4292]], device='cuda:0')
perm_stat_now = tensor([[0.3995]], device='cuda:0')
perm_stat_now = tensor([[304.7676]], device='cuda:0')
perm_stat_now = tensor([[-552.4207]], device='cuda:0')
perm_stat_now = tensor([[-130.4964]], device='cuda:0')
perm_stat_now = tensor([[1159.0995]], device='cuda:0')
perm_stat_now = tensor([[-291.2553]], device='cuda:0')
perm_stat_now = tensor([[71.9666]], device='cuda:0')
perm_stat_now = tensor([[183.0635]], device='cuda:0')
perm_stat_now = tensor([[390.3875]], device='cuda:0')
p value proxy: 0.032258063554763794
result: 1.0
power_upto_now: 1.0
noise variance for Y: 446.18994140625
average noise variance for Y upto now: 448.4935302734375
noise variance for Z: 451.7374572753906
average noise variance for Z upto now: 450.4797058105469

4th run
noise dimension : 9, 9
noise type: conti
noise type: conti
original u-statistic:tensor([[3113.4106]], device='cuda:0')
perm_stat_now = tensor([[72.2616]], device='cuda:0')
perm_stat_now = tensor([[-877.7777]], device='cuda:0')
perm_stat_now = tensor([[-150.3076]], device='cuda:0')
perm_stat_now = tensor([[-88.4859]], device='cuda:0')
perm_stat_now = tensor([[-583.4293]], device='cuda:0')
perm_stat_now = tensor([[-620.3681]], device='cuda:0')
perm_stat_now = tensor([[218.0378]], device='cuda:0')
perm_stat_now = tensor([[1408.3682]], device='cuda:0')
perm_stat_now = tensor([[-642.9164]], device='cuda:0')
perm_stat_now = tensor([[637.4772]], device='cuda:0')
perm_stat_now = tensor([[936.9841]], device='cuda:0')
perm_stat_now = tensor([[-571.1014]], device='cuda:0')
perm_stat_now = tensor([[175.7851]], device='cuda:0')
perm_stat_now = tensor([[-93.9568]], device='cuda:0')
perm_stat_now = tensor([[-164.4670]], device='cuda:0')
perm_stat_now = tensor([[-354.4919]], device='cuda:0')
perm_stat_now = tensor([[40.5359]], device='cuda:0')
perm_stat_now = tensor([[-55.0355]], device='cuda:0')
perm_stat_now = tensor([[-381.5708]], device='cuda:0')
perm_stat_now = tensor([[271.8795]], device='cuda:0')
perm_stat_now = tensor([[50.7324]], device='cuda:0')
perm_stat_now = tensor([[-276.4122]], device='cuda:0')
perm_stat_now = tensor([[-135.3251]], device='cuda:0')
perm_stat_now = tensor([[36.8943]], device='cuda:0')
perm_stat_now = tensor([[-12.5164]], device='cuda:0')
perm_stat_now = tensor([[-307.7147]], device='cuda:0')
perm_stat_now = tensor([[-299.9278]], device='cuda:0')
perm_stat_now = tensor([[-475.6923]], device='cuda:0')
perm_stat_now = tensor([[252.8086]], device='cuda:0')
perm_stat_now = tensor([[-455.4279]], device='cuda:0')
p value proxy: 0.032258063554763794
result: 1.0
power_upto_now: 1.0
noise variance for Y: 444.4609680175781
average noise variance for Y upto now: 447.4853820800781
noise variance for Z: 452.76715087890625
average noise variance for Z upto now: 451.05157470703125

5th run
noise dimension : 9, 9
noise type: conti
noise type: conti
original u-statistic:tensor([[4247.5693]], device='cuda:0')
perm_stat_now = tensor([[-145.2151]], device='cuda:0')
perm_stat_now = tensor([[-73.1829]], device='cuda:0')
perm_stat_now = tensor([[415.6076]], device='cuda:0')
perm_stat_now = tensor([[407.2482]], device='cuda:0')
perm_stat_now = tensor([[-317.0417]], device='cuda:0')
perm_stat_now = tensor([[-156.6302]], device='cuda:0')
perm_stat_now = tensor([[-534.2533]], device='cuda:0')
perm_stat_now = tensor([[-412.9492]], device='cuda:0')
perm_stat_now = tensor([[-184.4415]], device='cuda:0')
perm_stat_now = tensor([[-188.8156]], device='cuda:0')
perm_stat_now = tensor([[830.0583]], device='cuda:0')
perm_stat_now = tensor([[149.0741]], device='cuda:0')
perm_stat_now = tensor([[-519.5695]], device='cuda:0')
perm_stat_now = tensor([[-860.9064]], device='cuda:0')
perm_stat_now = tensor([[-336.3507]], device='cuda:0')
perm_stat_now = tensor([[-330.5425]], device='cuda:0')
perm_stat_now = tensor([[182.7930]], device='cuda:0')
perm_stat_now = tensor([[-351.7329]], device='cuda:0')
perm_stat_now = tensor([[38.9173]], device='cuda:0')
perm_stat_now = tensor([[-310.9945]], device='cuda:0')
perm_stat_now = tensor([[462.4337]], device='cuda:0')
perm_stat_now = tensor([[-670.7770]], device='cuda:0')
perm_stat_now = tensor([[264.5257]], device='cuda:0')
perm_stat_now = tensor([[890.0655]], device='cuda:0')
perm_stat_now = tensor([[84.4383]], device='cuda:0')
perm_stat_now = tensor([[22.7731]], device='cuda:0')
perm_stat_now = tensor([[-473.7704]], device='cuda:0')
perm_stat_now = tensor([[-316.6722]], device='cuda:0')
perm_stat_now = tensor([[106.5112]], device='cuda:0')
perm_stat_now = tensor([[-26.3568]], device='cuda:0')
p value proxy: 0.032258063554763794
result: 1.0
power_upto_now: 1.0
noise variance for Y: 451.0101013183594
average noise variance for Y upto now: 448.1903381347656
noise variance for Z: 449.8703308105469
average noise variance for Z upto now: 450.8153381347656

6th run
noise dimension : 9, 9
noise type: conti
noise type: conti
original u-statistic:tensor([[2098.7415]], device='cuda:0')
perm_stat_now = tensor([[-185.0199]], device='cuda:0')
perm_stat_now = tensor([[868.2578]], device='cuda:0')
perm_stat_now = tensor([[-591.8452]], device='cuda:0')
perm_stat_now = tensor([[21.8231]], device='cuda:0')
perm_stat_now = tensor([[-418.4834]], device='cuda:0')
perm_stat_now = tensor([[-413.3087]], device='cuda:0')
perm_stat_now = tensor([[334.3230]], device='cuda:0')
perm_stat_now = tensor([[-340.4732]], device='cuda:0')
perm_stat_now = tensor([[-20.0005]], device='cuda:0')
perm_stat_now = tensor([[-223.8006]], device='cuda:0')
perm_stat_now = tensor([[-282.4493]], device='cuda:0')
perm_stat_now = tensor([[-930.5812]], device='cuda:0')
perm_stat_now = tensor([[315.9063]], device='cuda:0')
perm_stat_now = tensor([[385.5598]], device='cuda:0')
perm_stat_now = tensor([[-1738.3369]], device='cuda:0')
perm_stat_now = tensor([[200.0466]], device='cuda:0')
perm_stat_now = tensor([[-580.1452]], device='cuda:0')
perm_stat_now = tensor([[325.9747]], device='cuda:0')
perm_stat_now = tensor([[320.3766]], device='cuda:0')
perm_stat_now = tensor([[1448.5640]], device='cuda:0')
perm_stat_now = tensor([[9.4061]], device='cuda:0')
perm_stat_now = tensor([[-81.7598]], device='cuda:0')
perm_stat_now = tensor([[285.9194]], device='cuda:0')
perm_stat_now = tensor([[634.7106]], device='cuda:0')
perm_stat_now = tensor([[653.6799]], device='cuda:0')
perm_stat_now = tensor([[832.9241]], device='cuda:0')
perm_stat_now = tensor([[-747.3425]], device='cuda:0')
perm_stat_now = tensor([[-112.1381]], device='cuda:0')
perm_stat_now = tensor([[408.7060]], device='cuda:0')
perm_stat_now = tensor([[-1244.1526]], device='cuda:0')
p value proxy: 0.032258063554763794
result: 1.0
power_upto_now: 1.0
noise variance for Y: 448.979736328125
average noise variance for Y upto now: 448.3218688964844
noise variance for Z: 444.4672546386719
average noise variance for Z upto now: 449.75732421875

7th run
noise dimension : 9, 9
noise type: conti
noise type: conti
original u-statistic:tensor([[2761.2534]], device='cuda:0')
perm_stat_now = tensor([[-369.9389]], device='cuda:0')
perm_stat_now = tensor([[252.6415]], device='cuda:0')
perm_stat_now = tensor([[-290.1902]], device='cuda:0')
perm_stat_now = tensor([[-234.4009]], device='cuda:0')
perm_stat_now = tensor([[-172.3495]], device='cuda:0')
perm_stat_now = tensor([[-813.8150]], device='cuda:0')
perm_stat_now = tensor([[-162.1923]], device='cuda:0')
perm_stat_now = tensor([[83.4063]], device='cuda:0')
perm_stat_now = tensor([[105.1645]], device='cuda:0')
perm_stat_now = tensor([[-18.9862]], device='cuda:0')
perm_stat_now = tensor([[-184.4827]], device='cuda:0')
perm_stat_now = tensor([[-353.6319]], device='cuda:0')
perm_stat_now = tensor([[-213.9633]], device='cuda:0')
perm_stat_now = tensor([[703.6924]], device='cuda:0')
perm_stat_now = tensor([[-558.4451]], device='cuda:0')
perm_stat_now = tensor([[-126.7515]], device='cuda:0')
perm_stat_now = tensor([[-134.8659]], device='cuda:0')
perm_stat_now = tensor([[-34.4275]], device='cuda:0')
perm_stat_now = tensor([[-836.8598]], device='cuda:0')
perm_stat_now = tensor([[80.8142]], device='cuda:0')
perm_stat_now = tensor([[272.8102]], device='cuda:0')
perm_stat_now = tensor([[259.6731]], device='cuda:0')
perm_stat_now = tensor([[1090.0605]], device='cuda:0')
perm_stat_now = tensor([[-42.7638]], device='cuda:0')
perm_stat_now = tensor([[19.5340]], device='cuda:0')
perm_stat_now = tensor([[-401.2027]], device='cuda:0')
perm_stat_now = tensor([[-507.5540]], device='cuda:0')
perm_stat_now = tensor([[-521.3266]], device='cuda:0')
perm_stat_now = tensor([[-297.7648]], device='cuda:0')
perm_stat_now = tensor([[241.5244]], device='cuda:0')
p value proxy: 0.032258063554763794
result: 1.0
power_upto_now: 1.0
noise variance for Y: 451.4617614746094
average noise variance for Y upto now: 448.77044677734375
noise variance for Z: 447.983154296875
average noise variance for Z upto now: 449.5038757324219

8th run
noise dimension : 9, 9
noise type: conti
noise type: conti
original u-statistic:tensor([[4429.8716]], device='cuda:0')
perm_stat_now = tensor([[-694.5803]], device='cuda:0')
perm_stat_now = tensor([[-238.5170]], device='cuda:0')
perm_stat_now = tensor([[-414.4720]], device='cuda:0')
perm_stat_now = tensor([[166.2463]], device='cuda:0')
perm_stat_now = tensor([[-812.3589]], device='cuda:0')
perm_stat_now = tensor([[566.5119]], device='cuda:0')
perm_stat_now = tensor([[-18.3375]], device='cuda:0')
perm_stat_now = tensor([[776.0267]], device='cuda:0')
perm_stat_now = tensor([[-337.4940]], device='cuda:0')
perm_stat_now = tensor([[-729.9375]], device='cuda:0')
perm_stat_now = tensor([[494.3918]], device='cuda:0')
perm_stat_now = tensor([[572.1642]], device='cuda:0')
perm_stat_now = tensor([[443.3780]], device='cuda:0')
perm_stat_now = tensor([[247.2341]], device='cuda:0')
perm_stat_now = tensor([[-408.3051]], device='cuda:0')
perm_stat_now = tensor([[-271.6360]], device='cuda:0')
perm_stat_now = tensor([[1023.4637]], device='cuda:0')
perm_stat_now = tensor([[-87.6004]], device='cuda:0')
perm_stat_now = tensor([[1310.7009]], device='cuda:0')
perm_stat_now = tensor([[-373.6645]], device='cuda:0')
perm_stat_now = tensor([[34.4839]], device='cuda:0')
perm_stat_now = tensor([[-406.8359]], device='cuda:0')
perm_stat_now = tensor([[433.1845]], device='cuda:0')
perm_stat_now = tensor([[-275.0605]], device='cuda:0')
perm_stat_now = tensor([[180.4114]], device='cuda:0')
perm_stat_now = tensor([[167.5968]], device='cuda:0')
perm_stat_now = tensor([[-790.7943]], device='cuda:0')
perm_stat_now = tensor([[-636.8021]], device='cuda:0')
perm_stat_now = tensor([[325.5824]], device='cuda:0')
perm_stat_now = tensor([[488.9672]], device='cuda:0')
p value proxy: 0.032258063554763794
result: 1.0
power_upto_now: 1.0
noise variance for Y: 450.9082336425781
average noise variance for Y upto now: 449.03765869140625
noise variance for Z: 448.335205078125
average noise variance for Z upto now: 449.3577880859375

9th run
noise dimension : 9, 9
noise type: conti
noise type: conti
original u-statistic:tensor([[2435.7334]], device='cuda:0')
perm_stat_now = tensor([[-848.3815]], device='cuda:0')
perm_stat_now = tensor([[-153.1845]], device='cuda:0')
perm_stat_now = tensor([[132.5309]], device='cuda:0')
perm_stat_now = tensor([[48.3826]], device='cuda:0')
perm_stat_now = tensor([[132.7863]], device='cuda:0')
perm_stat_now = tensor([[495.0040]], device='cuda:0')
perm_stat_now = tensor([[1333.6077]], device='cuda:0')
perm_stat_now = tensor([[-704.2498]], device='cuda:0')
perm_stat_now = tensor([[-483.1807]], device='cuda:0')
perm_stat_now = tensor([[865.4846]], device='cuda:0')
perm_stat_now = tensor([[-1020.3082]], device='cuda:0')
perm_stat_now = tensor([[-238.4387]], device='cuda:0')
perm_stat_now = tensor([[-59.8867]], device='cuda:0')
perm_stat_now = tensor([[-120.4308]], device='cuda:0')
perm_stat_now = tensor([[-224.4923]], device='cuda:0')
perm_stat_now = tensor([[475.4255]], device='cuda:0')
perm_stat_now = tensor([[-262.5988]], device='cuda:0')
perm_stat_now = tensor([[286.4001]], device='cuda:0')
perm_stat_now = tensor([[-382.4288]], device='cuda:0')
perm_stat_now = tensor([[-383.9679]], device='cuda:0')
perm_stat_now = tensor([[576.4432]], device='cuda:0')
perm_stat_now = tensor([[231.9642]], device='cuda:0')
perm_stat_now = tensor([[-614.3037]], device='cuda:0')
perm_stat_now = tensor([[266.0949]], device='cuda:0')
perm_stat_now = tensor([[22.9282]], device='cuda:0')
perm_stat_now = tensor([[-182.7172]], device='cuda:0')
perm_stat_now = tensor([[-981.5879]], device='cuda:0')
perm_stat_now = tensor([[1133.3361]], device='cuda:0')
perm_stat_now = tensor([[-539.0689]], device='cuda:0')
perm_stat_now = tensor([[-499.4445]], device='cuda:0')
p value proxy: 0.032258063554763794
result: 1.0
power_upto_now: 1.0
noise variance for Y: 448.1158752441406
average noise variance for Y upto now: 448.9352111816406
noise variance for Z: 452.4070129394531
average noise variance for Z upto now: 449.69659423828125

10th run
noise dimension : 9, 9
noise type: conti
noise type: conti
original u-statistic:tensor([[2648.1599]], device='cuda:0')
perm_stat_now = tensor([[-100.8391]], device='cuda:0')
perm_stat_now = tensor([[-566.1360]], device='cuda:0')
perm_stat_now = tensor([[-427.8044]], device='cuda:0')
perm_stat_now = tensor([[-684.2823]], device='cuda:0')
perm_stat_now = tensor([[-614.2440]], device='cuda:0')
perm_stat_now = tensor([[-940.2468]], device='cuda:0')
perm_stat_now = tensor([[154.7962]], device='cuda:0')
perm_stat_now = tensor([[314.9187]], device='cuda:0')
perm_stat_now = tensor([[-198.1662]], device='cuda:0')
perm_stat_now = tensor([[1147.2930]], device='cuda:0')
perm_stat_now = tensor([[163.8106]], device='cuda:0')
perm_stat_now = tensor([[-553.7323]], device='cuda:0')
perm_stat_now = tensor([[-352.9973]], device='cuda:0')
perm_stat_now = tensor([[-167.8625]], device='cuda:0')
perm_stat_now = tensor([[273.8928]], device='cuda:0')
perm_stat_now = tensor([[1243.8956]], device='cuda:0')
perm_stat_now = tensor([[-405.2162]], device='cuda:0')
perm_stat_now = tensor([[1802.0793]], device='cuda:0')
perm_stat_now = tensor([[-240.5373]], device='cuda:0')
perm_stat_now = tensor([[-911.7132]], device='cuda:0')
perm_stat_now = tensor([[-16.5355]], device='cuda:0')
perm_stat_now = tensor([[1016.4721]], device='cuda:0')
perm_stat_now = tensor([[203.7275]], device='cuda:0')
perm_stat_now = tensor([[-540.0033]], device='cuda:0')
perm_stat_now = tensor([[205.4091]], device='cuda:0')
perm_stat_now = tensor([[-364.0050]], device='cuda:0')
perm_stat_now = tensor([[572.7893]], device='cuda:0')
perm_stat_now = tensor([[467.7497]], device='cuda:0')
perm_stat_now = tensor([[725.8229]], device='cuda:0')
perm_stat_now = tensor([[-312.5865]], device='cuda:0')
p value proxy: 0.032258063554763794
result: 1.0
power_upto_now: 1.0
noise variance for Y: 450.9419860839844
average noise variance for Y upto now: 449.13592529296875
noise variance for Z: 453.81011962890625
average noise variance for Z upto now: 450.10797119140625

11th run
noise dimension : 9, 9
noise type: conti
noise type: conti
original u-statistic:tensor([[3003.2527]], device='cuda:0')
perm_stat_now = tensor([[823.9329]], device='cuda:0')
perm_stat_now = tensor([[-212.7437]], device='cuda:0')
perm_stat_now = tensor([[448.3674]], device='cuda:0')
perm_stat_now = tensor([[-869.2274]], device='cuda:0')
perm_stat_now = tensor([[-526.0375]], device='cuda:0')
perm_stat_now = tensor([[-168.4336]], device='cuda:0')
perm_stat_now = tensor([[486.1835]], device='cuda:0')
perm_stat_now = tensor([[1470.7358]], device='cuda:0')
perm_stat_now = tensor([[704.6754]], device='cuda:0')
perm_stat_now = tensor([[-364.2260]], device='cuda:0')
perm_stat_now = tensor([[-24.5969]], device='cuda:0')
perm_stat_now = tensor([[-424.7508]], device='cuda:0')
perm_stat_now = tensor([[-408.0185]], device='cuda:0')
perm_stat_now = tensor([[32.5501]], device='cuda:0')
perm_stat_now = tensor([[121.2732]], device='cuda:0')
perm_stat_now = tensor([[348.9867]], device='cuda:0')
perm_stat_now = tensor([[643.0853]], device='cuda:0')
perm_stat_now = tensor([[1.9154]], device='cuda:0')
perm_stat_now = tensor([[467.4452]], device='cuda:0')
perm_stat_now = tensor([[143.6272]], device='cuda:0')
perm_stat_now = tensor([[361.2357]], device='cuda:0')
perm_stat_now = tensor([[-422.3005]], device='cuda:0')
perm_stat_now = tensor([[476.5860]], device='cuda:0')
perm_stat_now = tensor([[43.8583]], device='cuda:0')
perm_stat_now = tensor([[-794.9806]], device='cuda:0')
perm_stat_now = tensor([[-155.3471]], device='cuda:0')
perm_stat_now = tensor([[-330.9536]], device='cuda:0')
perm_stat_now = tensor([[1030.9924]], device='cuda:0')
perm_stat_now = tensor([[658.6654]], device='cuda:0')
perm_stat_now = tensor([[-820.7668]], device='cuda:0')
p value proxy: 0.032258063554763794
result: 1.0
power_upto_now: 1.0
noise variance for Y: 450.4810485839844
average noise variance for Y upto now: 449.2582092285156
noise variance for Z: 452.79876708984375
average noise variance for Z upto now: 450.3525390625

12th run
noise dimension : 9, 9
noise type: conti
noise type: conti
original u-statistic:tensor([[4048.2522]], device='cuda:0')
perm_stat_now = tensor([[-619.7592]], device='cuda:0')
perm_stat_now = tensor([[-171.1805]], device='cuda:0')
perm_stat_now = tensor([[-285.9329]], device='cuda:0')
perm_stat_now = tensor([[-778.5223]], device='cuda:0')
perm_stat_now = tensor([[172.2117]], device='cuda:0')
perm_stat_now = tensor([[45.7500]], device='cuda:0')
perm_stat_now = tensor([[28.6094]], device='cuda:0')
perm_stat_now = tensor([[97.3653]], device='cuda:0')
perm_stat_now = tensor([[-49.9726]], device='cuda:0')
perm_stat_now = tensor([[-528.0319]], device='cuda:0')
perm_stat_now = tensor([[-880.0973]], device='cuda:0')
perm_stat_now = tensor([[-30.1826]], device='cuda:0')
perm_stat_now = tensor([[-438.5596]], device='cuda:0')
perm_stat_now = tensor([[-145.7176]], device='cuda:0')
perm_stat_now = tensor([[-511.4945]], device='cuda:0')
perm_stat_now = tensor([[872.7069]], device='cuda:0')
perm_stat_now = tensor([[168.9354]], device='cuda:0')
perm_stat_now = tensor([[-455.3513]], device='cuda:0')
perm_stat_now = tensor([[132.5798]], device='cuda:0')
perm_stat_now = tensor([[-491.2039]], device='cuda:0')
perm_stat_now = tensor([[-1187.1179]], device='cuda:0')
perm_stat_now = tensor([[-479.7878]], device='cuda:0')
perm_stat_now = tensor([[-399.0177]], device='cuda:0')
perm_stat_now = tensor([[-2.2630]], device='cuda:0')
perm_stat_now = tensor([[958.6422]], device='cuda:0')
perm_stat_now = tensor([[-684.0078]], device='cuda:0')
perm_stat_now = tensor([[-524.9613]], device='cuda:0')
perm_stat_now = tensor([[524.8126]], device='cuda:0')
perm_stat_now = tensor([[-322.7995]], device='cuda:0')
perm_stat_now = tensor([[-541.8357]], device='cuda:0')
p value proxy: 0.032258063554763794
result: 1.0
power_upto_now: 1.0
noise variance for Y: 451.54620361328125
average noise variance for Y upto now: 449.4488830566406
noise variance for Z: 455.3155212402344
average noise variance for Z upto now: 450.76611328125

13th run
noise dimension : 9, 9
noise type: conti
noise type: conti
original u-statistic:tensor([[3741.6187]], device='cuda:0')
perm_stat_now = tensor([[497.6452]], device='cuda:0')
perm_stat_now = tensor([[994.4363]], device='cuda:0')
perm_stat_now = tensor([[345.9558]], device='cuda:0')
perm_stat_now = tensor([[-1290.4612]], device='cuda:0')
perm_stat_now = tensor([[598.9653]], device='cuda:0')
perm_stat_now = tensor([[-70.6078]], device='cuda:0')
perm_stat_now = tensor([[-333.0739]], device='cuda:0')
perm_stat_now = tensor([[-825.4033]], device='cuda:0')
perm_stat_now = tensor([[630.1859]], device='cuda:0')
perm_stat_now = tensor([[-303.6674]], device='cuda:0')
perm_stat_now = tensor([[-288.3572]], device='cuda:0')
perm_stat_now = tensor([[-631.1899]], device='cuda:0')
perm_stat_now = tensor([[-103.4160]], device='cuda:0')
perm_stat_now = tensor([[-411.5735]], device='cuda:0')
perm_stat_now = tensor([[-711.3574]], device='cuda:0')
perm_stat_now = tensor([[154.4449]], device='cuda:0')
perm_stat_now = tensor([[-1451.9106]], device='cuda:0')
perm_stat_now = tensor([[-74.1020]], device='cuda:0')
perm_stat_now = tensor([[158.3266]], device='cuda:0')
perm_stat_now = tensor([[132.1200]], device='cuda:0')
perm_stat_now = tensor([[-572.3650]], device='cuda:0')
perm_stat_now = tensor([[-411.6415]], device='cuda:0')
perm_stat_now = tensor([[98.4557]], device='cuda:0')
perm_stat_now = tensor([[-17.1311]], device='cuda:0')
perm_stat_now = tensor([[75.0635]], device='cuda:0')
perm_stat_now = tensor([[-328.8903]], device='cuda:0')
perm_stat_now = tensor([[723.9412]], device='cuda:0')
perm_stat_now = tensor([[445.5315]], device='cuda:0')
perm_stat_now = tensor([[-911.0322]], device='cuda:0')
perm_stat_now = tensor([[-156.4538]], device='cuda:0')
p value proxy: 0.032258063554763794
result: 1.0
power_upto_now: 1.0
noise variance for Y: 448.3251037597656
average noise variance for Y upto now: 449.3624572753906
noise variance for Z: 452.99114990234375
average noise variance for Z upto now: 450.9372863769531

14th run
noise dimension : 9, 9
noise type: conti
noise type: conti
original u-statistic:tensor([[1739.0226]], device='cuda:0')
perm_stat_now = tensor([[-722.3085]], device='cuda:0')
perm_stat_now = tensor([[155.9805]], device='cuda:0')
perm_stat_now = tensor([[-177.1213]], device='cuda:0')
perm_stat_now = tensor([[-737.4109]], device='cuda:0')
perm_stat_now = tensor([[-286.7718]], device='cuda:0')
perm_stat_now = tensor([[119.0783]], device='cuda:0')
perm_stat_now = tensor([[-482.0698]], device='cuda:0')
perm_stat_now = tensor([[-0.9824]], device='cuda:0')
perm_stat_now = tensor([[-119.2317]], device='cuda:0')
perm_stat_now = tensor([[41.1318]], device='cuda:0')
perm_stat_now = tensor([[451.7539]], device='cuda:0')
perm_stat_now = tensor([[152.7827]], device='cuda:0')
perm_stat_now = tensor([[-1021.6629]], device='cuda:0')
perm_stat_now = tensor([[-18.7634]], device='cuda:0')
perm_stat_now = tensor([[238.2362]], device='cuda:0')
perm_stat_now = tensor([[-66.7230]], device='cuda:0')
perm_stat_now = tensor([[-794.9758]], device='cuda:0')
perm_stat_now = tensor([[1021.0234]], device='cuda:0')
perm_stat_now = tensor([[452.9401]], device='cuda:0')
perm_stat_now = tensor([[35.4456]], device='cuda:0')
perm_stat_now = tensor([[-1000.6598]], device='cuda:0')
perm_stat_now = tensor([[150.0772]], device='cuda:0')
perm_stat_now = tensor([[220.9619]], device='cuda:0')
perm_stat_now = tensor([[-37.0596]], device='cuda:0')
perm_stat_now = tensor([[363.4733]], device='cuda:0')
perm_stat_now = tensor([[293.8190]], device='cuda:0')
perm_stat_now = tensor([[473.5809]], device='cuda:0')
perm_stat_now = tensor([[-31.3233]], device='cuda:0')
perm_stat_now = tensor([[-337.8759]], device='cuda:0')
perm_stat_now = tensor([[-194.2363]], device='cuda:0')
p value proxy: 0.032258063554763794
result: 1.0
power_upto_now: 1.0
noise variance for Y: 448.189208984375
average noise variance for Y upto now: 449.2786560058594
noise variance for Z: 451.52783203125
average noise variance for Z upto now: 450.97943115234375

15th run
noise dimension : 9, 9
noise type: conti
noise type: conti
original u-statistic:tensor([[1065.5229]], device='cuda:0')
perm_stat_now = tensor([[-24.0837]], device='cuda:0')
perm_stat_now = tensor([[-58.5641]], device='cuda:0')
perm_stat_now = tensor([[413.2674]], device='cuda:0')
perm_stat_now = tensor([[493.4040]], device='cuda:0')
perm_stat_now = tensor([[-30.5043]], device='cuda:0')
perm_stat_now = tensor([[-64.8549]], device='cuda:0')
perm_stat_now = tensor([[-528.2966]], device='cuda:0')
perm_stat_now = tensor([[-659.5276]], device='cuda:0')
perm_stat_now = tensor([[-742.3768]], device='cuda:0')
perm_stat_now = tensor([[-57.0199]], device='cuda:0')
perm_stat_now = tensor([[-290.3723]], device='cuda:0')
perm_stat_now = tensor([[-600.9268]], device='cuda:0')
perm_stat_now = tensor([[474.1754]], device='cuda:0')
perm_stat_now = tensor([[227.7851]], device='cuda:0')
perm_stat_now = tensor([[11.8423]], device='cuda:0')
perm_stat_now = tensor([[553.4530]], device='cuda:0')
perm_stat_now = tensor([[-986.9205]], device='cuda:0')
perm_stat_now = tensor([[-134.9374]], device='cuda:0')
perm_stat_now = tensor([[-409.9464]], device='cuda:0')
perm_stat_now = tensor([[-433.4679]], device='cuda:0')
perm_stat_now = tensor([[-1626.8213]], device='cuda:0')
perm_stat_now = tensor([[-48.6750]], device='cuda:0')
perm_stat_now = tensor([[-48.3191]], device='cuda:0')
perm_stat_now = tensor([[-781.7611]], device='cuda:0')
perm_stat_now = tensor([[277.2262]], device='cuda:0')
perm_stat_now = tensor([[-628.2207]], device='cuda:0')
perm_stat_now = tensor([[434.6433]], device='cuda:0')
perm_stat_now = tensor([[643.9276]], device='cuda:0')
perm_stat_now = tensor([[273.5508]], device='cuda:0')
perm_stat_now = tensor([[-482.6371]], device='cuda:0')
p value proxy: 0.032258063554763794
result: 1.0
power_upto_now: 1.0
noise variance for Y: 447.22509765625
average noise variance for Y upto now: 449.14178466796875
noise variance for Z: 453.748046875
average noise variance for Z upto now: 451.16400146484375

16th run
noise dimension : 9, 9
noise type: conti
noise type: conti
original u-statistic:tensor([[2256.3745]], device='cuda:0')
perm_stat_now = tensor([[-372.0134]], device='cuda:0')
perm_stat_now = tensor([[-54.5374]], device='cuda:0')
perm_stat_now = tensor([[1523.5699]], device='cuda:0')
perm_stat_now = tensor([[-234.5368]], device='cuda:0')
perm_stat_now = tensor([[-564.5488]], device='cuda:0')
perm_stat_now = tensor([[458.2909]], device='cuda:0')
perm_stat_now = tensor([[-58.0418]], device='cuda:0')
perm_stat_now = tensor([[-8.0151]], device='cuda:0')
perm_stat_now = tensor([[747.1868]], device='cuda:0')
perm_stat_now = tensor([[-104.9108]], device='cuda:0')
perm_stat_now = tensor([[-413.0605]], device='cuda:0')
perm_stat_now = tensor([[-717.7589]], device='cuda:0')
perm_stat_now = tensor([[316.4891]], device='cuda:0')
perm_stat_now = tensor([[324.4596]], device='cuda:0')
perm_stat_now = tensor([[-29.3820]], device='cuda:0')
perm_stat_now = tensor([[-197.2297]], device='cuda:0')
perm_stat_now = tensor([[-454.6052]], device='cuda:0')
perm_stat_now = tensor([[-5.5343]], device='cuda:0')
perm_stat_now = tensor([[-768.6451]], device='cuda:0')
perm_stat_now = tensor([[-469.7760]], device='cuda:0')
perm_stat_now = tensor([[-332.2190]], device='cuda:0')
perm_stat_now = tensor([[533.2895]], device='cuda:0')
perm_stat_now = tensor([[-143.5957]], device='cuda:0')
perm_stat_now = tensor([[-555.6591]], device='cuda:0')
perm_stat_now = tensor([[468.6236]], device='cuda:0')
perm_stat_now = tensor([[595.9946]], device='cuda:0')
perm_stat_now = tensor([[410.6387]], device='cuda:0')
perm_stat_now = tensor([[-427.3975]], device='cuda:0')
perm_stat_now = tensor([[248.4050]], device='cuda:0')
perm_stat_now = tensor([[255.7975]], device='cuda:0')
p value proxy: 0.032258063554763794
result: 1.0
power_upto_now: 1.0
noise variance for Y: 449.2309875488281
average noise variance for Y upto now: 449.1473388671875
noise variance for Z: 447.0677795410156
average noise variance for Z upto now: 450.9079895019531

17th run
noise dimension : 9, 9
noise type: conti
noise type: conti
original u-statistic:tensor([[3347.7976]], device='cuda:0')
perm_stat_now = tensor([[330.6497]], device='cuda:0')
perm_stat_now = tensor([[-80.8941]], device='cuda:0')
perm_stat_now = tensor([[-322.3298]], device='cuda:0')
perm_stat_now = tensor([[-306.5102]], device='cuda:0')
perm_stat_now = tensor([[134.5865]], device='cuda:0')
perm_stat_now = tensor([[107.7068]], device='cuda:0')
perm_stat_now = tensor([[1.1828]], device='cuda:0')
perm_stat_now = tensor([[679.6768]], device='cuda:0')
perm_stat_now = tensor([[309.8608]], device='cuda:0')
perm_stat_now = tensor([[1027.6128]], device='cuda:0')
perm_stat_now = tensor([[667.5227]], device='cuda:0')
perm_stat_now = tensor([[365.9774]], device='cuda:0')
perm_stat_now = tensor([[-251.5812]], device='cuda:0')
perm_stat_now = tensor([[104.9048]], device='cuda:0')
perm_stat_now = tensor([[763.9813]], device='cuda:0')
perm_stat_now = tensor([[196.1628]], device='cuda:0')
perm_stat_now = tensor([[-15.6427]], device='cuda:0')
perm_stat_now = tensor([[389.9551]], device='cuda:0')
perm_stat_now = tensor([[-10.1856]], device='cuda:0')
perm_stat_now = tensor([[-338.7067]], device='cuda:0')
perm_stat_now = tensor([[643.5731]], device='cuda:0')
perm_stat_now = tensor([[203.4585]], device='cuda:0')
perm_stat_now = tensor([[603.0170]], device='cuda:0')
perm_stat_now = tensor([[-59.3313]], device='cuda:0')
perm_stat_now = tensor([[-17.6585]], device='cuda:0')
perm_stat_now = tensor([[963.6246]], device='cuda:0')
perm_stat_now = tensor([[318.1449]], device='cuda:0')
perm_stat_now = tensor([[-146.4032]], device='cuda:0')
perm_stat_now = tensor([[197.0658]], device='cuda:0')
perm_stat_now = tensor([[-77.6171]], device='cuda:0')
p value proxy: 0.032258063554763794
result: 1.0
power_upto_now: 1.0
noise variance for Y: 454.0113525390625
average noise variance for Y upto now: 449.43341064453125
noise variance for Z: 448.1295166015625
average noise variance for Z upto now: 450.74456787109375

18th run
noise dimension : 9, 9
noise type: conti
noise type: conti
original u-statistic:tensor([[2793.9568]], device='cuda:0')
perm_stat_now = tensor([[-920.8640]], device='cuda:0')
perm_stat_now = tensor([[214.1460]], device='cuda:0')
perm_stat_now = tensor([[-510.7765]], device='cuda:0')
perm_stat_now = tensor([[515.7404]], device='cuda:0')
perm_stat_now = tensor([[224.1763]], device='cuda:0')
perm_stat_now = tensor([[72.8286]], device='cuda:0')
perm_stat_now = tensor([[-818.0641]], device='cuda:0')
perm_stat_now = tensor([[-181.0914]], device='cuda:0')
perm_stat_now = tensor([[734.6255]], device='cuda:0')
perm_stat_now = tensor([[449.4133]], device='cuda:0')
perm_stat_now = tensor([[-891.8148]], device='cuda:0')
perm_stat_now = tensor([[332.6926]], device='cuda:0')
perm_stat_now = tensor([[-724.3552]], device='cuda:0')
perm_stat_now = tensor([[200.1900]], device='cuda:0')
perm_stat_now = tensor([[-101.6738]], device='cuda:0')
perm_stat_now = tensor([[-164.6065]], device='cuda:0')
perm_stat_now = tensor([[-226.5575]], device='cuda:0')
perm_stat_now = tensor([[400.4380]], device='cuda:0')
perm_stat_now = tensor([[-307.0078]], device='cuda:0')
perm_stat_now = tensor([[-462.4221]], device='cuda:0')
perm_stat_now = tensor([[-185.7214]], device='cuda:0')
perm_stat_now = tensor([[-136.2930]], device='cuda:0')
perm_stat_now = tensor([[-705.2809]], device='cuda:0')
perm_stat_now = tensor([[56.2896]], device='cuda:0')
perm_stat_now = tensor([[417.2917]], device='cuda:0')
perm_stat_now = tensor([[346.2020]], device='cuda:0')
perm_stat_now = tensor([[849.9775]], device='cuda:0')
perm_stat_now = tensor([[198.1164]], device='cuda:0')
perm_stat_now = tensor([[1070.1642]], device='cuda:0')
perm_stat_now = tensor([[639.5742]], device='cuda:0')
p value proxy: 0.032258063554763794
result: 1.0
power_upto_now: 1.0
noise variance for Y: 446.7759094238281
average noise variance for Y upto now: 449.2857971191406
noise variance for Z: 451.1862487792969
average noise variance for Z upto now: 450.7691345214844

19th run
noise dimension : 9, 9
noise type: conti
noise type: conti
original u-statistic:tensor([[2845.3752]], device='cuda:0')
perm_stat_now = tensor([[-483.2336]], device='cuda:0')
perm_stat_now = tensor([[-920.0662]], device='cuda:0')
perm_stat_now = tensor([[-718.8293]], device='cuda:0')
perm_stat_now = tensor([[-234.4813]], device='cuda:0')
perm_stat_now = tensor([[533.5842]], device='cuda:0')
perm_stat_now = tensor([[874.5337]], device='cuda:0')
perm_stat_now = tensor([[215.9808]], device='cuda:0')
perm_stat_now = tensor([[177.2321]], device='cuda:0')
perm_stat_now = tensor([[437.7370]], device='cuda:0')
perm_stat_now = tensor([[-789.5053]], device='cuda:0')
perm_stat_now = tensor([[287.4023]], device='cuda:0')
perm_stat_now = tensor([[44.7973]], device='cuda:0')
perm_stat_now = tensor([[111.2905]], device='cuda:0')
perm_stat_now = tensor([[-21.0463]], device='cuda:0')
perm_stat_now = tensor([[564.1370]], device='cuda:0')
perm_stat_now = tensor([[-176.0565]], device='cuda:0')
perm_stat_now = tensor([[581.5430]], device='cuda:0')
perm_stat_now = tensor([[-576.1546]], device='cuda:0')
perm_stat_now = tensor([[-6.2166]], device='cuda:0')
perm_stat_now = tensor([[462.9202]], device='cuda:0')
perm_stat_now = tensor([[-903.6281]], device='cuda:0')
perm_stat_now = tensor([[-183.1776]], device='cuda:0')
perm_stat_now = tensor([[519.3970]], device='cuda:0')
perm_stat_now = tensor([[546.2935]], device='cuda:0')
perm_stat_now = tensor([[505.6404]], device='cuda:0')
perm_stat_now = tensor([[-860.9081]], device='cuda:0')
perm_stat_now = tensor([[-543.1639]], device='cuda:0')
perm_stat_now = tensor([[34.6638]], device='cuda:0')
perm_stat_now = tensor([[-192.6182]], device='cuda:0')
perm_stat_now = tensor([[-115.0636]], device='cuda:0')
p value proxy: 0.032258063554763794
result: 1.0
power_upto_now: 1.0
noise variance for Y: 450.6130676269531
average noise variance for Y upto now: 449.3556823730469
noise variance for Z: 449.8460693359375
average noise variance for Z upto now: 450.7205505371094

20th run
noise dimension : 9, 9
noise type: conti
noise type: conti
original u-statistic:tensor([[3662.0002]], device='cuda:0')
perm_stat_now = tensor([[-512.2634]], device='cuda:0')
perm_stat_now = tensor([[579.0713]], device='cuda:0')
perm_stat_now = tensor([[-3.4146]], device='cuda:0')
perm_stat_now = tensor([[453.5473]], device='cuda:0')
