job started
cuda available: True
1
code run on device:: cuda:0
0
0

simulation started at = 2022-08-17 03:42:51.164093 

n = 35000,

kappa = 3, alpha = 1.2000000000000002,

gamma = 0.05, nTests = 50,

B = 100, d = 2

copula_mean
tensor([0.5000, 0.5000], device='cuda:0')
sigma
tensor([[1.0000, 0.5000],
        [0.5000, 1.0000]], device='cuda:0')

1th run
noise dimension : 9, 9
noise type: conti
noise type: conti
result: 0.0
power_upto_now: 0.0
noise variance for Y: 1798.02880859375
average noise variance for Y upto now: 1798.02880859375
noise variance for Z: 1799.1480712890625
average noise variance for Z upto now: 1799.1480712890625

2th run
noise dimension : 9, 9
noise type: conti
noise type: conti
result: 0.0
power_upto_now: 0.0
noise variance for Y: 1797.73681640625
average noise variance for Y upto now: 1797.8828125
noise variance for Z: 1799.378662109375
average noise variance for Z upto now: 1799.263427734375

3th run
noise dimension : 9, 9
noise type: conti
noise type: conti
result: 0.0
power_upto_now: 0.0
noise variance for Y: 1797.6180419921875
average noise variance for Y upto now: 1797.7945556640625
noise variance for Z: 1806.818359375
average noise variance for Z upto now: 1801.78173828125

4th run
noise dimension : 9, 9
noise type: conti
noise type: conti
result: 0.0
power_upto_now: 0.0
noise variance for Y: 1792.212158203125
average noise variance for Y upto now: 1796.39892578125
noise variance for Z: 1804.1456298828125
average noise variance for Z upto now: 1802.3726806640625

5th run
noise dimension : 9, 9
noise type: conti
noise type: conti
result: 0.0
power_upto_now: 0.0
noise variance for Y: 1802.398681640625
average noise variance for Y upto now: 1797.598876953125
noise variance for Z: 1807.326171875
average noise variance for Z upto now: 1803.36328125

6th run
noise dimension : 9, 9
noise type: conti
noise type: conti
result: 0.0
power_upto_now: 0.0
noise variance for Y: 1793.6688232421875
average noise variance for Y upto now: 1796.94384765625
noise variance for Z: 1784.616455078125
average noise variance for Z upto now: 1800.2388916015625

7th run
noise dimension : 9, 9
noise type: conti
noise type: conti
result: 0.0
power_upto_now: 0.0
noise variance for Y: 1804.899169921875
average noise variance for Y upto now: 1798.080322265625
noise variance for Z: 1799.212890625
average noise variance for Z upto now: 1800.0924072265625

8th run
noise dimension : 9, 9
noise type: conti
noise type: conti
result: 1.0
power_upto_now: 0.125
noise variance for Y: 1797.9921875
average noise variance for Y upto now: 1798.0693359375
noise variance for Z: 1802.010498046875
average noise variance for Z upto now: 1800.33203125

9th run
noise dimension : 9, 9
noise type: conti
noise type: conti
result: 0.0
power_upto_now: 0.1111111119389534
noise variance for Y: 1793.5164794921875
average noise variance for Y upto now: 1797.5634765625
noise variance for Z: 1808.2603759765625
average noise variance for Z upto now: 1801.2130126953125

10th run
noise dimension : 9, 9
noise type: conti
noise type: conti
result: 0.0
power_upto_now: 0.10000000149011612
noise variance for Y: 1798.0123291015625
average noise variance for Y upto now: 1797.608154296875
noise variance for Z: 1812.2630615234375
average noise variance for Z upto now: 1802.3179931640625

11th run
noise dimension : 9, 9
noise type: conti
noise type: conti
result: 0.0
power_upto_now: 0.09090909361839294
noise variance for Y: 1804.033203125
average noise variance for Y upto now: 1798.1925048828125
noise variance for Z: 1803.332763671875
average noise variance for Z upto now: 1802.41015625

12th run
noise dimension : 9, 9
noise type: conti
noise type: conti
result: 0.0
power_upto_now: 0.0833333358168602
noise variance for Y: 1799.9423828125
average noise variance for Y upto now: 1798.3380126953125
noise variance for Z: 1815.8607177734375
average noise variance for Z upto now: 1803.5311279296875

13th run
noise dimension : 9, 9
noise type: conti
noise type: conti
result: 0.0
power_upto_now: 0.07692307978868484
noise variance for Y: 1802.9688720703125
average noise variance for Y upto now: 1798.6942138671875
noise variance for Z: 1804.51904296875
average noise variance for Z upto now: 1803.6072998046875

14th run
noise dimension : 9, 9
noise type: conti
noise type: conti
