job started
cuda available: True
1
code run on device:: cuda:0
0
0

simulation started at = 2022-08-16 23:44:22.274543 

n = 30000,

kappa = 3, alpha = 1.6,

gamma = 0.05, nTests = 50,

B = 50, d = 2

copula_mean
tensor([0.5000, 0.5000], device='cuda:0')
sigma
tensor([[1.0000, 0.5000],
        [0.5000, 1.0000]], device='cuda:0')

1th run
noise dimension : 9, 9
noise type: conti
noise type: conti
result: 1.0
power_upto_now: 1.0
noise variance for Y: 1009.4774169921875
average noise variance for Y upto now: 1009.4774169921875
noise variance for Z: 1014.5554809570312
average noise variance for Z upto now: 1014.5554809570312

2th run
noise dimension : 9, 9
noise type: conti
noise type: conti
result: 1.0
power_upto_now: 1.0
noise variance for Y: 1014.0478515625
average noise variance for Y upto now: 1011.7626342773438
noise variance for Z: 1012.7819213867188
average noise variance for Z upto now: 1013.668701171875

3th run
noise dimension : 9, 9
noise type: conti
noise type: conti
result: 1.0
power_upto_now: 1.0
noise variance for Y: 1007.3690795898438
average noise variance for Y upto now: 1010.298095703125
noise variance for Z: 1016.8527221679688
average noise variance for Z upto now: 1014.7300415039062

4th run
noise dimension : 9, 9
noise type: conti
noise type: conti
result: 1.0
power_upto_now: 1.0
noise variance for Y: 1007.6630859375
average noise variance for Y upto now: 1009.6393432617188
noise variance for Z: 1015.1139526367188
average noise variance for Z upto now: 1014.8260498046875

5th run
noise dimension : 9, 9
noise type: conti
noise type: conti
result: 0.0
power_upto_now: 0.800000011920929
noise variance for Y: 1013.35888671875
average noise variance for Y upto now: 1010.38330078125
noise variance for Z: 1015.4635620117188
average noise variance for Z upto now: 1014.9534912109375

6th run
noise dimension : 9, 9
noise type: conti
noise type: conti
result: 0.0
power_upto_now: 0.6666666865348816
noise variance for Y: 1009.7574462890625
average noise variance for Y upto now: 1010.2789916992188
noise variance for Z: 1003.9308471679688
average noise variance for Z upto now: 1013.1163940429688

7th run
noise dimension : 9, 9
noise type: conti
noise type: conti
result: 1.0
power_upto_now: 0.7142857313156128
noise variance for Y: 1014.561279296875
average noise variance for Y upto now: 1010.8907470703125
noise variance for Z: 1011.2625122070312
average noise variance for Z upto now: 1012.8515014648438

8th run
noise dimension : 9, 9
noise type: conti
noise type: conti
result: 1.0
power_upto_now: 0.75
noise variance for Y: 1012.0858764648438
average noise variance for Y upto now: 1011.0400390625
noise variance for Z: 1012.7933349609375
average noise variance for Z upto now: 1012.8442993164062

9th run
noise dimension : 9, 9
noise type: conti
noise type: conti
result: 0.0
power_upto_now: 0.6666666865348816
noise variance for Y: 1007.9755249023438
average noise variance for Y upto now: 1010.6996459960938
noise variance for Z: 1014.2239379882812
average noise variance for Z upto now: 1012.9974975585938

10th run
noise dimension : 9, 9
noise type: conti
noise type: conti
result: 0.0
power_upto_now: 0.6000000238418579
noise variance for Y: 1011.99072265625
average noise variance for Y upto now: 1010.8287353515625
noise variance for Z: 1021.0552978515625
average noise variance for Z upto now: 1013.80322265625

11th run
noise dimension : 9, 9
noise type: conti
noise type: conti
result: 0.0
power_upto_now: 0.5454545617103577
noise variance for Y: 1015.3701782226562
average noise variance for Y upto now: 1011.2416381835938
noise variance for Z: 1014.6348876953125
average noise variance for Z upto now: 1013.87890625

12th run
noise dimension : 9, 9
noise type: conti
noise type: conti
result: 1.0
power_upto_now: 0.5833333134651184
noise variance for Y: 1014.1866455078125
average noise variance for Y upto now: 1011.487060546875
noise variance for Z: 1019.4391479492188
average noise variance for Z upto now: 1014.3422241210938

13th run
noise dimension : 9, 9
noise type: conti
noise type: conti
result: 1.0
power_upto_now: 0.6153846383094788
noise variance for Y: 1012.2615356445312
average noise variance for Y upto now: 1011.546630859375
noise variance for Z: 1018.9540405273438
average noise variance for Z upto now: 1014.697021484375

14th run
noise dimension : 9, 9
noise type: conti
noise type: conti
result: 0.0
power_upto_now: 0.5714285969734192
noise variance for Y: 1009.1146240234375
average noise variance for Y upto now: 1011.3729858398438
noise variance for Z: 1014.5635375976562
average noise variance for Z upto now: 1014.6875

15th run
noise dimension : 9, 9
noise type: conti
noise type: conti
result: 0.0
power_upto_now: 0.5333333611488342
noise variance for Y: 1008.915283203125
average noise variance for Y upto now: 1011.2090454101562
noise variance for Z: 1018.9779663085938
average noise variance for Z upto now: 1014.9735717773438

16th run
noise dimension : 9, 9
noise type: conti
noise type: conti
result: 0.0
power_upto_now: 0.5
noise variance for Y: 1015.09423828125
average noise variance for Y upto now: 1011.4517822265625
noise variance for Z: 1004.033203125
average noise variance for Z upto now: 1014.2897338867188

17th run
noise dimension : 9, 9
noise type: conti
noise type: conti
result: 0.0
power_upto_now: 0.47058823704719543
noise variance for Y: 1016.6726684570312
average noise variance for Y upto now: 1011.7589721679688
noise variance for Z: 1007.4008178710938
average noise variance for Z upto now: 1013.884521484375

18th run
noise dimension : 9, 9
noise type: conti
noise type: conti
