job started
cuda available: True
code run on device:: cuda:0

simulation started at = 2022-06-20 02:15:18.297659 

n1 = 12000, n2 = 12000,

kappa = 3, alpha = 0.8,

gamma = 0.05, nTests = 500,

B = 300, d = 4

copula_mean_1
tensor([-0.5000, -0.5000, -0.5000, -0.5000], device='cuda:0')

copula_mean_2
tensor([0.5000, 0.5000, 0.5000, 0.5000], device='cuda:0')

sigma
tensor([[1.0000, 0.5000, 0.5000, 0.5000],
        [0.5000, 1.0000, 0.5000, 0.5000],
        [0.5000, 0.5000, 1.0000, 0.5000],
        [0.5000, 0.5000, 0.5000, 1.0000]], device='cuda:0')

1th run
noise dimension : 81
noise type: conti
torch.Size([24000, 81])
original u-statistic:5.043781757354736
p value proxy: 0.023255813866853714
result: 1.0
power_upto_now: 1.0
noise variance: 1013.0057983398438
average noise variance upto now: 1013.0057983398438

2th run
noise dimension : 81
noise type: conti
torch.Size([24000, 81])
original u-statistic:8.872476577758789
p value proxy: 0.003322259057313204
result: 1.0
power_upto_now: 1.0
noise variance: 1013.85791015625
average noise variance upto now: 1013.431884765625

3th run
noise dimension : 81
noise type: conti
torch.Size([24000, 81])
original u-statistic:6.796205997467041
