Microsoft R Open 4.0.2
The enhanced R distribution from Microsoft
Microsoft packages Copyright (C) 2020 Microsoft Corporation

Using the Intel MKL for parallel mathematical computing (using 32 cores).

Default CRAN mirror snapshot taken on 2020-07-16.
See: https://mran.microsoft.com/.

1 th run
[1] TRUE
power up to now : 1 
2 th run
[1] TRUE
power up to now : 1 
3 th run
[1] FALSE
power up to now : 0.6666667 
4 th run
[1] FALSE
power up to now : 0.5 
5 th run
[1] FALSE
power up to now : 0.4 
6 th run
[1] FALSE
power up to now : 0.3333333 
7 th run
[1] TRUE
power up to now : 0.4285714 
8 th run
[1] FALSE
power up to now : 0.375 
9 th run
[1] FALSE
power up to now : 0.3333333 
10 th run
[1] TRUE
power up to now : 0.4 
11 th run
[1] FALSE
power up to now : 0.3636364 
12 th run
[1] FALSE
power up to now : 0.3333333 
13 th run
[1] TRUE
power up to now : 0.3846154 
14 th run
[1] FALSE
power up to now : 0.3571429 
15 th run
[1] FALSE
power up to now : 0.3333333 
16 th run
[1] FALSE
power up to now : 0.3125 
17 th run
[1] FALSE
power up to now : 0.2941176 
18 th run
[1] FALSE
power up to now : 0.2777778 
19 th run
[1] TRUE
power up to now : 0.3157895 
20 th run
[1] FALSE
power up to now : 0.3 
21 th run
[1] FALSE
power up to now : 0.2857143 
22 th run
[1] TRUE
power up to now : 0.3181818 
23 th run
[1] TRUE
power up to now : 0.3478261 
24 th run
[1] FALSE
power up to now : 0.3333333 
25 th run
[1] FALSE
power up to now : 0.32 
26 th run
[1] TRUE
power up to now : 0.3461538 
27 th run
[1] FALSE
power up to now : 0.3333333 
28 th run
[1] TRUE
power up to now : 0.3571429 
29 th run
[1] FALSE
power up to now : 0.3448276 
30 th run
[1] TRUE
power up to now : 0.3666667 
31 th run
[1] TRUE
power up to now : 0.3870968 
32 th run
[1] FALSE
power up to now : 0.375 
33 th run
[1] FALSE
power up to now : 0.3636364 
34 th run
[1] FALSE
power up to now : 0.3529412 
35 th run
[1] FALSE
power up to now : 0.3428571 
36 th run
[1] FALSE
power up to now : 0.3333333 
37 th run
[1] TRUE
power up to now : 0.3513514 
38 th run
[1] FALSE
power up to now : 0.3421053 
39 th run
[1] FALSE
power up to now : 0.3333333 
40 th run
[1] FALSE
power up to now : 0.325 
41 th run
[1] TRUE
power up to now : 0.3414634 
42 th run
[1] FALSE
power up to now : 0.3333333 
43 th run
[1] FALSE
power up to now : 0.3255814 
44 th run
[1] FALSE
power up to now : 0.3181818 
45 th run
[1] FALSE
power up to now : 0.3111111 
46 th run
[1] FALSE
power up to now : 0.3043478 
47 th run
[1] TRUE
power up to now : 0.3191489 
48 th run
[1] FALSE
power up to now : 0.3125 
49 th run
[1] TRUE
power up to now : 0.3265306 
50 th run
[1] FALSE
power up to now : 0.32 
51 th run
[1] TRUE
power up to now : 0.3333333 
52 th run
[1] FALSE
power up to now : 0.3269231 
53 th run
[1] TRUE
power up to now : 0.3396226 
54 th run
[1] TRUE
power up to now : 0.3518519 
55 th run
[1] TRUE
power up to now : 0.3636364 
56 th run
[1] TRUE
power up to now : 0.375 
57 th run
[1] TRUE
power up to now : 0.3859649 
58 th run
[1] FALSE
power up to now : 0.3793103 
59 th run
[1] FALSE
power up to now : 0.3728814 
60 th run
[1] TRUE
power up to now : 0.3833333 
61 th run
[1] TRUE
power up to now : 0.3934426 
62 th run
[1] TRUE
power up to now : 0.4032258 
63 th run
[1] TRUE
power up to now : 0.4126984 
64 th run
[1] FALSE
power up to now : 0.40625 
65 th run
[1] FALSE
power up to now : 0.4 
66 th run
[1] FALSE
power up to now : 0.3939394 
67 th run
[1] FALSE
power up to now : 0.3880597 
68 th run
[1] TRUE
power up to now : 0.3970588 
69 th run
[1] FALSE
power up to now : 0.3913043 
70 th run
[1] FALSE
power up to now : 0.3857143 
71 th run
[1] FALSE
power up to now : 0.3802817 
72 th run
[1] FALSE
power up to now : 0.375 
73 th run
[1] FALSE
power up to now : 0.369863 
74 th run
[1] FALSE
power up to now : 0.3648649 
75 th run
[1] FALSE
power up to now : 0.36 
76 th run
[1] FALSE
power up to now : 0.3552632 
77 th run
[1] FALSE
power up to now : 0.3506494 
78 th run
[1] FALSE
power up to now : 0.3461538 
79 th run
[1] FALSE
power up to now : 0.3417722 
80 th run
[1] FALSE
power up to now : 0.3375 
81 th run
[1] TRUE
power up to now : 0.345679 
82 th run
[1] TRUE
power up to now : 0.3536585 
83 th run
[1] FALSE
power up to now : 0.3493976 
84 th run
[1] TRUE
power up to now : 0.3571429 
85 th run
[1] TRUE
power up to now : 0.3647059 
86 th run
[1] FALSE
power up to now : 0.3604651 
87 th run
[1] FALSE
power up to now : 0.3563218 
88 th run
[1] FALSE
power up to now : 0.3522727 
89 th run
[1] FALSE
power up to now : 0.3483146 
90 th run
[1] TRUE
power up to now : 0.3555556 
91 th run
[1] FALSE
power up to now : 0.3516484 
92 th run
[1] TRUE
power up to now : 0.3586957 
93 th run
[1] FALSE
power up to now : 0.3548387 
94 th run
[1] FALSE
power up to now : 0.3510638 
95 th run
[1] TRUE
power up to now : 0.3578947 
96 th run
[1] FALSE
power up to now : 0.3541667 
97 th run
[1] FALSE
power up to now : 0.3505155 
98 th run
[1] TRUE
power up to now : 0.3571429 
99 th run
[1] FALSE
power up to now : 0.3535354 
100 th run
[1] FALSE
power up to now : 0.35 
