Microsoft R Open 4.0.2
The enhanced R distribution from Microsoft
Microsoft packages Copyright (C) 2020 Microsoft Corporation

Using the Intel MKL for parallel mathematical computing (using 32 cores).

Default CRAN mirror snapshot taken on 2020-07-16.
See: https://mran.microsoft.com/.

1 th run
[1] 2205.633

unpermuted statistic: -30.03391[1] 0.8606965
[1] FALSE
power up to now : 0 
2 th run
[1] 2225.149

unpermuted statistic: -6.071261[1] 0.5422886
[1] FALSE
power up to now : 0 
3 th run
[1] 2185.792

unpermuted statistic: -25.03732[1] 0.8159204
[1] FALSE
power up to now : 0 
4 th run
[1] 2205.142

unpermuted statistic: -10.04085[1] 0.6368159
[1] FALSE
power up to now : 0 
5 th run
[1] 2244.042

unpermuted statistic: 42.52254[1] 0.07960199
[1] FALSE
power up to now : 0 
6 th run
[1] 2232.262

unpermuted statistic: 37.01038[1] 0.1542289
[1] FALSE
power up to now : 0 
7 th run
[1] 2236.704

unpermuted statistic: -5.714548[1] 0.5174129
[1] FALSE
power up to now : 0 
8 th run
[1] 2193.558

unpermuted statistic: 19.21661[1] 0.2487562
[1] FALSE
power up to now : 0 
9 th run
[1] 2208.741

unpermuted statistic: -11.18664[1] 0.6218905
[1] FALSE
power up to now : 0 
10 th run
[1] 2239.207

unpermuted statistic: 32.56008[1] 0.1791045
[1] FALSE
power up to now : 0 
11 th run
[1] 2236.325

unpermuted statistic: 31.01563[1] 0.1691542
[1] FALSE
power up to now : 0 
12 th run
[1] 2222.644

unpermuted statistic: 2.912956[1] 0.4427861
[1] FALSE
power up to now : 0 
13 th run
[1] 2213.648

unpermuted statistic: 87.41305[1] 0.01492537
[1] TRUE
power up to now : 0.07692308 
14 th run
[1] 2216.562

unpermuted statistic: 8.166929[1] 0.358209
[1] FALSE
power up to now : 0.07142857 
15 th run
[1] 2214.956

unpermuted statistic: 28.49869[1] 0.2089552
[1] FALSE
power up to now : 0.06666667 
16 th run
[1] 2237.11

unpermuted statistic: -63.58346[1] 0.9950249
[1] FALSE
power up to now : 0.0625 
17 th run
[1] 2206.858

unpermuted statistic: -47.98062[1] 0.9900498
[1] FALSE
power up to now : 0.05882353 
18 th run
[1] 2234.929

unpermuted statistic: -18.85781[1] 0.7114428
[1] FALSE
power up to now : 0.05555556 
19 th run
[1] 2239.064

unpermuted statistic: -17.51696[1] 0.681592
[1] FALSE
power up to now : 0.05263158 
20 th run
[1] 2248.944

unpermuted statistic: -9.091408[1] 0.60199
[1] FALSE
power up to now : 0.05 
21 th run
[1] 2225.833

unpermuted statistic: 58.4026[1] 0.03482587
[1] TRUE
power up to now : 0.0952381 
22 th run
[1] 2233.532

unpermuted statistic: 0.2224527[1] 0.4626866
[1] FALSE
power up to now : 0.09090909 
23 th run
[1] 2209.561

unpermuted statistic: 37.67717[1] 0.09452736
[1] FALSE
power up to now : 0.08695652 
24 th run
[1] 2227.98

unpermuted statistic: 28.56149[1] 0.1741294
[1] FALSE
power up to now : 0.08333333 
25 th run
[1] 2221.761

unpermuted statistic: 16.17814[1] 0.2437811
[1] FALSE
power up to now : 0.08 
26 th run
[1] 2212.951

unpermuted statistic: 31.71991[1] 0.1542289
[1] FALSE
power up to now : 0.07692308 
27 th run
[1] 2235.274

unpermuted statistic: -1.726731[1] 0.4676617
[1] FALSE
power up to now : 0.07407407 
28 th run
[1] 2162.682

unpermuted statistic: 31.48327[1] 0.1691542
[1] FALSE
power up to now : 0.07142857 
29 th run
[1] 2235.595

unpermuted statistic: -23.47235[1] 0.7711443
[1] FALSE
power up to now : 0.06896552 
30 th run
[1] 2260.582

unpermuted statistic: -16.64879[1] 0.6666667
[1] FALSE
power up to now : 0.06666667 
31 th run
[1] 2232.889

unpermuted statistic: -22.19648[1] 0.7363184
[1] FALSE
power up to now : 0.06451613 
32 th run
[1] 2237.33

unpermuted statistic: -22.60793[1] 0.7661692
[1] FALSE
power up to now : 0.0625 
33 th run
[1] 2200.121

unpermuted statistic: -21.26433[1] 0.721393
[1] FALSE
power up to now : 0.06060606 
34 th run
[1] 2202.029

unpermuted statistic: 35.79814[1] 0.1343284
[1] FALSE
power up to now : 0.05882353 
35 th run
[1] 2246.767

unpermuted statistic: 54.85688[1] 0.06467662
[1] FALSE
power up to now : 0.05714286 
36 th run
[1] 2209.813

unpermuted statistic: -14.51636[1] 0.6716418
[1] FALSE
power up to now : 0.05555556 
37 th run
[1] 2203.824

unpermuted statistic: 55.14579[1] 0.05970149
[1] FALSE
power up to now : 0.05405405 
38 th run
[1] 2234.155

unpermuted statistic: 33.25089[1] 0.1293532
[1] FALSE
power up to now : 0.05263158 
39 th run
[1] 2205.67

unpermuted statistic: 23.52355[1] 0.1940299
[1] FALSE
power up to now : 0.05128205 
40 th run
[1] 2265.515

unpermuted statistic: 21.57312[1] 0.2338308
[1] FALSE
power up to now : 0.05 
41 th run
[1] 2209.616

unpermuted statistic: 9.302223[1] 0.318408
[1] FALSE
power up to now : 0.04878049 
42 th run
[1] 2254.145

unpermuted statistic: 7.780049[1] 0.3830846
[1] FALSE
power up to now : 0.04761905 
43 th run
[1] 2211.205

unpermuted statistic: 38.67505[1] 0.06965174
[1] FALSE
power up to now : 0.04651163 
44 th run
[1] 2236.622

unpermuted statistic: 21.35255[1] 0.2288557
[1] FALSE
power up to now : 0.04545455 
45 th run
[1] 2199.088

unpermuted statistic: 48.43753[1] 0.07960199
[1] FALSE
power up to now : 0.04444444 
46 th run
[1] 2232.531

unpermuted statistic: 45.30983[1] 0.06467662
[1] FALSE
power up to now : 0.04347826 
47 th run
[1] 2217.364

unpermuted statistic: -17.56205[1] 0.721393
[1] FALSE
power up to now : 0.04255319 
48 th run
[1] 2211.835

unpermuted statistic: -38.7662[1] 0.9104478
[1] FALSE
power up to now : 0.04166667 
49 th run
[1] 2182.521

unpermuted statistic: 67.84547[1] 0.03482587
[1] TRUE
power up to now : 0.06122449 
50 th run
[1] 2232.074

unpermuted statistic: 34.7861[1] 0.1791045
[1] FALSE
power up to now : 0.06 
51 th run
[1] 2247.211

unpermuted statistic: -42.24652[1] 0.9054726
[1] FALSE
power up to now : 0.05882353 
52 th run
[1] 2178.774

unpermuted statistic: -9.828057[1] 0.6119403
[1] FALSE
power up to now : 0.05769231 
53 th run
[1] 2236.562

unpermuted statistic: 10.27331[1] 0.4079602
[1] FALSE
power up to now : 0.05660377 
54 th run
[1] 2252.54

unpermuted statistic: 56.15468[1] 0.05472637
[1] FALSE
power up to now : 0.05555556 
55 th run
[1] 2208.45

unpermuted statistic: 61.45394[1] 0.04477612
[1] TRUE
power up to now : 0.07272727 
56 th run
[1] 2268.009

unpermuted statistic: 53.55194[1] 0.07462687
[1] FALSE
power up to now : 0.07142857 
57 th run
[1] 2235.716

unpermuted statistic: -0.5355858[1] 0.4527363
[1] FALSE
power up to now : 0.07017544 
58 th run
[1] 2206.415

unpermuted statistic: 108.9825[1] 0.004975124
[1] TRUE
power up to now : 0.0862069 
59 th run
[1] 2195.798

unpermuted statistic: -19.95288[1] 0.7761194
[1] FALSE
power up to now : 0.08474576 
60 th run
[1] 2263.065

unpermuted statistic: -20.8177[1] 0.6965174
[1] FALSE
power up to now : 0.08333333 
61 th run
[1] 2253.829

unpermuted statistic: 7.441907[1] 0.4427861
[1] FALSE
power up to now : 0.08196721 
62 th run
[1] 2203.502

unpermuted statistic: -8.254423[1] 0.6169154
[1] FALSE
power up to now : 0.08064516 
63 th run
[1] 2229.605

unpermuted statistic: 45.36648[1] 0.09950249
[1] FALSE
power up to now : 0.07936508 
64 th run
[1] 2224.419

unpermuted statistic: 85.18564[1] 0.02985075
[1] TRUE
power up to now : 0.09375 
65 th run
[1] 2238.147

unpermuted statistic: 44.27062[1] 0.119403
[1] FALSE
power up to now : 0.09230769 
66 th run
[1] 2262.884

unpermuted statistic: -22.80337[1] 0.7661692
[1] FALSE
power up to now : 0.09090909 
67 th run
[1] 2219.255

unpermuted statistic: 21.12749[1] 0.238806
[1] FALSE
power up to now : 0.08955224 
68 th run
[1] 2241.06

unpermuted statistic: 33.23466[1] 0.1691542
[1] FALSE
power up to now : 0.08823529 
69 th run
[1] 2228.552

unpermuted statistic: -29.07942[1] 0.7761194
[1] FALSE
power up to now : 0.08695652 
70 th run
[1] 2239.64

unpermuted statistic: 39.40991[1] 0.09950249
[1] FALSE
power up to now : 0.08571429 
71 th run
[1] 2259.509

unpermuted statistic: 6.226823[1] 0.4029851
[1] FALSE
power up to now : 0.08450704 
72 th run
[1] 2231.336

unpermuted statistic: 13.24257[1] 0.358209
[1] FALSE
power up to now : 0.08333333 
73 th run
[1] 2213.606

unpermuted statistic: 9.972118[1] 0.3383085
[1] FALSE
power up to now : 0.08219178 
74 th run
[1] 2213.356

unpermuted statistic: 101.1295[1] 0.004975124
[1] TRUE
power up to now : 0.09459459 
75 th run
[1] 2240.364

unpermuted statistic: -11.46016[1] 0.5074627
[1] FALSE
power up to now : 0.09333333 
76 th run
[1] 2227.603

unpermuted statistic: -3.134898[1] 0.4975124
[1] FALSE
power up to now : 0.09210526 
77 th run
[1] 2207.939

unpermuted statistic: -8.031002[1] 0.5820896
[1] FALSE
power up to now : 0.09090909 
78 th run
[1] 2234.899

unpermuted statistic: 35.78441[1] 0.1144279
[1] FALSE
power up to now : 0.08974359 
79 th run
[1] 2218.488

unpermuted statistic: -18.70714[1] 0.6965174
[1] FALSE
power up to now : 0.08860759 
80 th run
[1] 2219.059

unpermuted statistic: 28.18161[1] 0.1791045
[1] FALSE
power up to now : 0.0875 
81 th run
[1] 2205.899

unpermuted statistic: 62.56112[1] 0.039801
[1] TRUE
power up to now : 0.09876543 
82 th run
[1] 2216.476

unpermuted statistic: -27.16045[1] 0.7960199
[1] FALSE
power up to now : 0.09756098 
83 th run
[1] 2240.369

unpermuted statistic: -16.45184[1] 0.6766169
[1] FALSE
power up to now : 0.09638554 
84 th run
[1] 2263.879

unpermuted statistic: 42.41125[1] 0.1094527
[1] FALSE
power up to now : 0.0952381 
85 th run
[1] 2245.097

unpermuted statistic: 19.02886[1] 0.2487562
[1] FALSE
power up to now : 0.09411765 
86 th run
[1] 2214.28

unpermuted statistic: 56.01686[1] 0.04975124
[1] TRUE
power up to now : 0.1046512 
87 th run
[1] 2249.601

unpermuted statistic: 37.37844[1] 0.1293532
[1] FALSE
power up to now : 0.1034483 
88 th run
[1] 2229.433

unpermuted statistic: -11.3093[1] 0.5870647
[1] FALSE
power up to now : 0.1022727 
89 th run
[1] 2182.472

unpermuted statistic: -4.877304[1] 0.4477612
[1] FALSE
power up to now : 0.1011236 
90 th run
[1] 2176.86

unpermuted statistic: -14.15078[1] 0.6318408
[1] FALSE
power up to now : 0.1 
91 th run
[1] 2243.765

unpermuted statistic: 29.84114[1] 0.2039801
[1] FALSE
power up to now : 0.0989011 
92 th run
[1] 2230.982

unpermuted statistic: -2.049329[1] 0.5323383
[1] FALSE
power up to now : 0.09782609 
93 th run
[1] 2205.22

unpermuted statistic: -6.225186[1] 0.5721393
[1] FALSE
power up to now : 0.09677419 
94 th run
[1] 2205.465

unpermuted statistic: -41.60231[1] 0.8955224
[1] FALSE
power up to now : 0.09574468 
95 th run
[1] 2228.901

unpermuted statistic: -23.14097[1] 0.7263682
[1] FALSE
power up to now : 0.09473684 
96 th run
[1] 2233.799

unpermuted statistic: -27.28688[1] 0.7810945
[1] FALSE
power up to now : 0.09375 
97 th run
[1] 2217.93

unpermuted statistic: -21.10436[1] 0.6766169
[1] FALSE
power up to now : 0.09278351 
98 th run
[1] 2255.615

unpermuted statistic: 21.73665[1] 0.2238806
[1] FALSE
power up to now : 0.09183673 
99 th run
[1] 2205.377

unpermuted statistic: 14.33498[1] 0.318408
[1] FALSE
power up to now : 0.09090909 
100 th run
[1] 2240.199

unpermuted statistic: -9.844531[1] 0.5472637
[1] FALSE
power up to now : 0.09 
