Microsoft R Open 4.0.2
The enhanced R distribution from Microsoft
Microsoft packages Copyright (C) 2020 Microsoft Corporation

Using the Intel MKL for parallel mathematical computing (using 32 cores).

Default CRAN mirror snapshot taken on 2020-07-16.
See: https://mran.microsoft.com/.

1 th run
[1] FALSE
power up to now : 0 
2 th run
[1] FALSE
power up to now : 0 
3 th run
[1] FALSE
power up to now : 0 
4 th run
[1] FALSE
power up to now : 0 
5 th run
[1] FALSE
power up to now : 0 
6 th run
[1] FALSE
power up to now : 0 
7 th run
[1] FALSE
power up to now : 0 
8 th run
[1] FALSE
power up to now : 0 
9 th run
[1] FALSE
power up to now : 0 
10 th run
[1] FALSE
power up to now : 0 
11 th run
[1] FALSE
power up to now : 0 
12 th run
[1] FALSE
power up to now : 0 
13 th run
[1] FALSE
power up to now : 0 
14 th run
[1] FALSE
power up to now : 0 
15 th run
[1] FALSE
power up to now : 0 
16 th run
[1] FALSE
power up to now : 0 
17 th run
[1] FALSE
power up to now : 0 
18 th run
[1] FALSE
power up to now : 0 
19 th run
[1] FALSE
power up to now : 0 
20 th run
[1] FALSE
power up to now : 0 
21 th run
[1] FALSE
power up to now : 0 
22 th run
[1] TRUE
power up to now : 0.04545455 
23 th run
[1] FALSE
power up to now : 0.04347826 
24 th run
[1] FALSE
power up to now : 0.04166667 
25 th run
[1] FALSE
power up to now : 0.04 
26 th run
[1] FALSE
power up to now : 0.03846154 
27 th run
[1] FALSE
power up to now : 0.03703704 
28 th run
[1] FALSE
power up to now : 0.03571429 
29 th run
[1] FALSE
power up to now : 0.03448276 
30 th run
[1] FALSE
power up to now : 0.03333333 
31 th run
[1] FALSE
power up to now : 0.03225806 
32 th run
[1] FALSE
power up to now : 0.03125 
33 th run
[1] FALSE
power up to now : 0.03030303 
34 th run
[1] FALSE
power up to now : 0.02941176 
35 th run
[1] FALSE
power up to now : 0.02857143 
36 th run
[1] FALSE
power up to now : 0.02777778 
37 th run
[1] FALSE
power up to now : 0.02702703 
38 th run
[1] FALSE
power up to now : 0.02631579 
39 th run
[1] FALSE
power up to now : 0.02564103 
40 th run
[1] FALSE
power up to now : 0.025 
41 th run
[1] FALSE
power up to now : 0.02439024 
42 th run
[1] FALSE
power up to now : 0.02380952 
43 th run
[1] FALSE
power up to now : 0.02325581 
44 th run
[1] FALSE
power up to now : 0.02272727 
45 th run
[1] FALSE
power up to now : 0.02222222 
46 th run
[1] FALSE
power up to now : 0.02173913 
47 th run
[1] FALSE
power up to now : 0.0212766 
48 th run
[1] FALSE
power up to now : 0.02083333 
49 th run
[1] FALSE
power up to now : 0.02040816 
50 th run
[1] FALSE
power up to now : 0.02 
51 th run
[1] FALSE
power up to now : 0.01960784 
52 th run
[1] FALSE
power up to now : 0.01923077 
53 th run
[1] FALSE
power up to now : 0.01886792 
54 th run
[1] FALSE
power up to now : 0.01851852 
55 th run
[1] FALSE
power up to now : 0.01818182 
56 th run
[1] TRUE
power up to now : 0.03571429 
57 th run
[1] FALSE
power up to now : 0.03508772 
58 th run
[1] FALSE
power up to now : 0.03448276 
59 th run
[1] FALSE
power up to now : 0.03389831 
60 th run
[1] FALSE
power up to now : 0.03333333 
61 th run
[1] FALSE
power up to now : 0.03278689 
62 th run
[1] FALSE
power up to now : 0.03225806 
63 th run
[1] FALSE
power up to now : 0.03174603 
64 th run
[1] TRUE
power up to now : 0.046875 
65 th run
[1] FALSE
power up to now : 0.04615385 
66 th run
[1] FALSE
power up to now : 0.04545455 
67 th run
[1] FALSE
power up to now : 0.04477612 
68 th run
[1] FALSE
power up to now : 0.04411765 
69 th run
[1] FALSE
power up to now : 0.04347826 
70 th run
[1] FALSE
power up to now : 0.04285714 
71 th run
[1] FALSE
power up to now : 0.04225352 
72 th run
[1] FALSE
power up to now : 0.04166667 
73 th run
[1] TRUE
power up to now : 0.05479452 
74 th run
[1] TRUE
power up to now : 0.06756757 
75 th run
[1] FALSE
power up to now : 0.06666667 
76 th run
[1] FALSE
power up to now : 0.06578947 
77 th run
[1] FALSE
power up to now : 0.06493506 
78 th run
[1] TRUE
power up to now : 0.07692308 
79 th run
[1] FALSE
power up to now : 0.07594937 
80 th run
[1] FALSE
power up to now : 0.075 
81 th run
[1] FALSE
power up to now : 0.07407407 
82 th run
[1] FALSE
power up to now : 0.07317073 
83 th run
[1] FALSE
power up to now : 0.07228916 
84 th run
[1] FALSE
power up to now : 0.07142857 
85 th run
[1] FALSE
power up to now : 0.07058824 
86 th run
[1] FALSE
power up to now : 0.06976744 
87 th run
[1] TRUE
power up to now : 0.08045977 
88 th run
[1] FALSE
power up to now : 0.07954545 
89 th run
[1] FALSE
power up to now : 0.07865169 
90 th run
[1] FALSE
power up to now : 0.07777778 
91 th run
[1] FALSE
power up to now : 0.07692308 
92 th run
[1] FALSE
power up to now : 0.07608696 
93 th run
[1] FALSE
power up to now : 0.07526882 
94 th run
[1] FALSE
power up to now : 0.07446809 
95 th run
[1] FALSE
power up to now : 0.07368421 
96 th run
[1] FALSE
power up to now : 0.07291667 
97 th run
[1] FALSE
power up to now : 0.07216495 
98 th run
[1] FALSE
power up to now : 0.07142857 
99 th run
[1] FALSE
power up to now : 0.07070707 
100 th run
[1] FALSE
power up to now : 0.07 
