job started
cuda available: True
code run on device:: cuda:0

n1 = 15000, n2 = 15000,

kappa = 3, alpha = 0.8,

gamma = 0.05, nTests = 500,

B = 300

1th run
noise dimension : 27
noise variance: 339.0842590332031
original u-statistic:0.4198791980743408
p value proxy: 0.11295680701732635
result: False
power_upto_now: 0.0
2th run
noise dimension : 27
noise variance: 337.250244140625
original u-statistic:0.8744397163391113
p value proxy: 0.009966777637600899
result: True
power_upto_now: 0.5
3th run
noise dimension : 27
noise variance: 337.6486511230469
original u-statistic:0.10117554664611816
p value proxy: 0.3322259187698364
result: False
power_upto_now: 0.3333333432674408
4th run
noise dimension : 27
noise variance: 337.0005798339844
original u-statistic:-0.21834659576416016
p value proxy: 0.7275747060775757
result: False
power_upto_now: 0.25
5th run
noise dimension : 27
noise variance: 337.3083190917969
original u-statistic:0.475322961807251
p value proxy: 0.09634551405906677
result: False
power_upto_now: 0.20000000298023224
6th run
noise dimension : 27
noise variance: 338.9154357910156
original u-statistic:0.47160863876342773
p value proxy: 0.09966777265071869
result: False
power_upto_now: 0.1666666716337204
7th run
noise dimension : 27
noise variance: 337.25921630859375
original u-statistic:0.22703957557678223
p value proxy: 0.21594683825969696
result: False
power_upto_now: 0.1428571492433548
8th run
noise dimension : 27
noise variance: 337.798583984375
original u-statistic:1.200465202331543
p value proxy: 0.003322259057313204
result: True
power_upto_now: 0.25
9th run
noise dimension : 27
noise variance: 337.47564697265625
original u-statistic:0.8818643093109131
p value proxy: 0.009966777637600899
result: True
power_upto_now: 0.3333333432674408
10th run
noise dimension : 27
noise variance: 338.17132568359375
original u-statistic:0.32025885581970215
p value proxy: 0.1661129593849182
result: False
power_upto_now: 0.30000001192092896
11th run
noise dimension : 27
noise variance: 337.6288146972656
original u-statistic:0.6401152610778809
p value proxy: 0.04318936914205551
result: True
power_upto_now: 0.3636363744735718
12th run
noise dimension : 27
noise variance: 337.8641357421875
original u-statistic:0.4554884433746338
p value proxy: 0.09634551405906677
result: False
power_upto_now: 0.3333333432674408
13th run
noise dimension : 27
noise variance: 336.7218017578125
original u-statistic:-0.0031685829162597656
p value proxy: 0.5083056092262268
result: False
power_upto_now: 0.3076923191547394
14th run
noise dimension : 27
noise variance: 338.039306640625
original u-statistic:0.055617332458496094
p value proxy: 0.45514950156211853
result: False
power_upto_now: 0.2857142984867096
15th run
noise dimension : 27
noise variance: 337.5244140625
original u-statistic:-0.035300254821777344
p value proxy: 0.5182723999023438
result: False
power_upto_now: 0.2666666805744171
16th run
noise dimension : 27
noise variance: 338.3018493652344
original u-statistic:1.0584959983825684
p value proxy: 0.006644518114626408
result: True
power_upto_now: 0.3125
17th run
noise dimension : 27
noise variance: 337.43560791015625
original u-statistic:-0.03123188018798828
p value proxy: 0.5614618062973022
result: False
power_upto_now: 0.29411765933036804
18th run
noise dimension : 27
noise variance: 336.2427062988281
original u-statistic:0.6150274276733398
p value proxy: 0.04651162773370743
result: True
power_upto_now: 0.3333333432674408
19th run
noise dimension : 27
noise variance: 336.3130798339844
original u-statistic:0.10673904418945312
p value proxy: 0.3521594703197479
result: False
power_upto_now: 0.31578946113586426
20th run
noise dimension : 27
noise variance: 337.400390625
original u-statistic:0.8339052200317383
p value proxy: 0.006644518114626408
result: True
power_upto_now: 0.3499999940395355
21th run
noise dimension : 27
noise variance: 336.65130615234375
original u-statistic:0.8165431022644043
p value proxy: 0.009966777637600899
result: True
power_upto_now: 0.380952388048172
22th run
noise dimension : 27
noise variance: 336.96295166015625
original u-statistic:0.24815607070922852
p value proxy: 0.16943521797657013
result: False
power_upto_now: 0.3636363744735718
23th run
noise dimension : 27
noise variance: 338.1087341308594
original u-statistic:0.027253150939941406
p value proxy: 0.421926885843277
result: False
power_upto_now: 0.3478260934352875
24th run
noise dimension : 27
noise variance: 338.4205017089844
original u-statistic:0.21117210388183594
p value proxy: 0.22923587262630463
result: False
power_upto_now: 0.3333333432674408
25th run
noise dimension : 27
noise variance: 338.6340637207031
original u-statistic:0.6654868125915527
p value proxy: 0.023255813866853714
result: True
power_upto_now: 0.36000001430511475
26th run
noise dimension : 27
noise variance: 337.38262939453125
original u-statistic:0.8015801906585693
p value proxy: 0.009966777637600899
result: True
power_upto_now: 0.38461539149284363
27th run
noise dimension : 27
noise variance: 337.54644775390625
original u-statistic:0.22410345077514648
p value proxy: 0.23255813121795654
result: False
power_upto_now: 0.37037035822868347
28th run
noise dimension : 27
noise variance: 336.47393798828125
original u-statistic:1.2732672691345215
p value proxy: 0.003322259057313204
result: True
power_upto_now: 0.3928571343421936
29th run
noise dimension : 27
noise variance: 338.153076171875
original u-statistic:0.4169442653656006
p value proxy: 0.14950165152549744
result: False
power_upto_now: 0.37931033968925476
30th run
noise dimension : 27
noise variance: 337.52069091796875
original u-statistic:-0.12299847602844238
p value proxy: 0.5581395030021667
result: False
power_upto_now: 0.36666667461395264
31th run
noise dimension : 27
noise variance: 336.2948303222656
original u-statistic:0.24004173278808594
p value proxy: 0.23920264840126038
result: False
power_upto_now: 0.35483869910240173
32th run
noise dimension : 27
noise variance: 335.5732727050781
original u-statistic:0.38353967666625977
p value proxy: 0.1029900312423706
result: False
power_upto_now: 0.34375
33th run
noise dimension : 27
noise variance: 336.87554931640625
original u-statistic:-0.1540966033935547
p value proxy: 0.6245846748352051
result: False
power_upto_now: 0.3333333432674408
34th run
noise dimension : 27
noise variance: 338.5154724121094
original u-statistic:0.9599082469940186
p value proxy: 0.009966777637600899
result: True
power_upto_now: 0.3529411852359772
35th run
noise dimension : 27
noise variance: 336.5044860839844
original u-statistic:0.9823918342590332
p value proxy: 0.013289036229252815
result: True
power_upto_now: 0.37142857909202576
36th run
noise dimension : 27
noise variance: 336.66485595703125
original u-statistic:0.2580280303955078
p value proxy: 0.19601328670978546
result: False
power_upto_now: 0.3611111044883728
37th run
noise dimension : 27
noise variance: 337.802001953125
original u-statistic:1.247539758682251
p value proxy: 0.003322259057313204
result: True
power_upto_now: 0.37837839126586914
38th run
noise dimension : 27
noise variance: 337.20672607421875
original u-statistic:0.24816513061523438
p value proxy: 0.19269102811813354
result: False
power_upto_now: 0.3684210479259491
39th run
noise dimension : 27
noise variance: 337.0365295410156
original u-statistic:0.5707871913909912
p value proxy: 0.05647840350866318
result: False
power_upto_now: 0.3589743673801422
40th run
noise dimension : 27
noise variance: 338.2854919433594
original u-statistic:0.8451449871063232
p value proxy: 0.013289036229252815
result: True
power_upto_now: 0.375
41th run
noise dimension : 27
noise variance: 336.8434753417969
original u-statistic:0.9332506656646729
p value proxy: 0.006644518114626408
result: True
power_upto_now: 0.39024388790130615
42th run
noise dimension : 27
noise variance: 335.9694519042969
original u-statistic:-0.08763456344604492
p value proxy: 0.6245846748352051
result: False
power_upto_now: 0.380952388048172
43th run
noise dimension : 27
noise variance: 337.4117431640625
original u-statistic:0.39692115783691406
p value proxy: 0.1395348757505417
result: False
power_upto_now: 0.3720930218696594
44th run
noise dimension : 27
noise variance: 338.8818359375
original u-statistic:0.4370131492614746
p value proxy: 0.09302325546741486
result: False
power_upto_now: 0.3636363744735718
45th run
noise dimension : 27
noise variance: 338.7091979980469
original u-statistic:0.26638269424438477
p value proxy: 0.23255813121795654
result: False
power_upto_now: 0.35555556416511536
46th run
noise dimension : 27
noise variance: 336.5285339355469
original u-statistic:-0.3822941780090332
p value proxy: 0.8770763874053955
result: False
power_upto_now: 0.3478260934352875
47th run
noise dimension : 27
noise variance: 337.2525939941406
original u-statistic:1.5586447715759277
p value proxy: 0.003322259057313204
result: True
power_upto_now: 0.3617021143436432
48th run
noise dimension : 27
noise variance: 339.73004150390625
original u-statistic:-0.031610965728759766
p value proxy: 0.5415282249450684
result: False
power_upto_now: 0.3541666567325592
49th run
noise dimension : 27
noise variance: 336.3204650878906
original u-statistic:0.7818331718444824
p value proxy: 0.033222589641809464
result: True
power_upto_now: 0.36734694242477417
50th run
noise dimension : 27
noise variance: 337.1072082519531
original u-statistic:0.4960193634033203
p value proxy: 0.09634551405906677
result: False
power_upto_now: 0.36000001430511475
51th run
noise dimension : 27
noise variance: 337.6484680175781
original u-statistic:0.30660271644592285
p value proxy: 0.14950165152549744
result: False
power_upto_now: 0.3529411852359772
52th run
noise dimension : 27
noise variance: 337.90142822265625
original u-statistic:-0.0525665283203125
p value proxy: 0.5382059812545776
result: False
power_upto_now: 0.3461538553237915
53th run
noise dimension : 27
noise variance: 337.4621887207031
original u-statistic:0.8577334880828857
p value proxy: 0.033222589641809464
result: True
power_upto_now: 0.35849055647850037
54th run
noise dimension : 27
noise variance: 338.4006652832031
original u-statistic:0.8031563758850098
p value proxy: 0.019933555275201797
result: True
power_upto_now: 0.37037035822868347
55th run
noise dimension : 27
noise variance: 338.5465393066406
original u-statistic:0.867863655090332
p value proxy: 0.003322259057313204
result: True
power_upto_now: 0.38181817531585693
56th run
noise dimension : 27
noise variance: 337.9869079589844
original u-statistic:1.0152544975280762
p value proxy: 0.006644518114626408
result: True
power_upto_now: 0.3928571343421936
57th run
noise dimension : 27
noise variance: 336.07763671875
original u-statistic:0.006308555603027344
p value proxy: 0.41860464215278625
result: False
power_upto_now: 0.38596490025520325
58th run
noise dimension : 27
noise variance: 337.858154296875
original u-statistic:1.0443317890167236
p value proxy: 0.006644518114626408
result: True
power_upto_now: 0.3965517282485962
59th run
noise dimension : 27
noise variance: 337.1390380859375
original u-statistic:0.4792320728302002
p value proxy: 0.07973422110080719
result: False
power_upto_now: 0.38983049988746643
60th run
noise dimension : 27
noise variance: 337.0743103027344
original u-statistic:0.650231122970581
p value proxy: 0.03654484823346138
result: True
power_upto_now: 0.4000000059604645
61th run
noise dimension : 27
noise variance: 337.4751281738281
original u-statistic:0.08243703842163086
p value proxy: 0.43853819370269775
result: False
power_upto_now: 0.39344263076782227
62th run
noise dimension : 27
noise variance: 337.3114013671875
original u-statistic:0.9821934700012207
p value proxy: 0.013289036229252815
result: True
power_upto_now: 0.4032258093357086
63th run
noise dimension : 27
noise variance: 337.5999450683594
original u-statistic:0.3390769958496094
p value proxy: 0.18936876952648163
result: False
power_upto_now: 0.3968254029750824
64th run
noise dimension : 27
noise variance: 337.2619934082031
original u-statistic:0.7690820693969727
p value proxy: 0.013289036229252815
result: True
power_upto_now: 0.40625
65th run
noise dimension : 27
noise variance: 335.8934631347656
original u-statistic:0.2122945785522461
p value proxy: 0.2225913554430008
result: False
power_upto_now: 0.4000000059604645
66th run
noise dimension : 27
noise variance: 337.12176513671875
original u-statistic:0.7481486797332764
p value proxy: 0.02657807245850563
result: True
power_upto_now: 0.40909090638160706
67th run
noise dimension : 27
noise variance: 336.8221740722656
original u-statistic:-0.0944523811340332
p value proxy: 0.52491694688797
result: False
power_upto_now: 0.4029850661754608
68th run
noise dimension : 27
noise variance: 337.1601867675781
original u-statistic:0.18483853340148926
p value proxy: 0.2857142686843872
result: False
power_upto_now: 0.3970588147640228
69th run
noise dimension : 27
noise variance: 336.4099426269531
original u-statistic:-0.010679244995117188
p value proxy: 0.47840529680252075
result: False
power_upto_now: 0.3913043439388275
70th run
noise dimension : 27
noise variance: 338.25445556640625
original u-statistic:1.3262391090393066
p value proxy: 0.003322259057313204
result: True
power_upto_now: 0.4000000059604645
71th run
noise dimension : 27
noise variance: 335.93505859375
original u-statistic:0.47156381607055664
p value proxy: 0.11295680701732635
result: False
power_upto_now: 0.39436620473861694
72th run
noise dimension : 27
noise variance: 337.0664978027344
original u-statistic:-0.25127553939819336
p value proxy: 0.7940199375152588
result: False
power_upto_now: 0.3888888955116272
73th run
noise dimension : 27
noise variance: 337.0772399902344
original u-statistic:-0.04648542404174805
p value proxy: 0.5448504686355591
result: False
power_upto_now: 0.3835616409778595
74th run
noise dimension : 27
noise variance: 338.2259521484375
original u-statistic:0.3694918155670166
p value proxy: 0.14617939293384552
result: False
power_upto_now: 0.37837839126586914
75th run
noise dimension : 27
noise variance: 336.217041015625
original u-statistic:0.7864060401916504
p value proxy: 0.013289036229252815
result: True
power_upto_now: 0.3866666555404663
76th run
noise dimension : 27
noise variance: 338.1794128417969
original u-statistic:0.4033181667327881
p value proxy: 0.1029900312423706
result: False
power_upto_now: 0.3815789520740509
77th run
noise dimension : 27
noise variance: 336.8592529296875
original u-statistic:0.06786203384399414
p value proxy: 0.4053156077861786
result: False
power_upto_now: 0.37662336230278015
78th run
noise dimension : 27
noise variance: 338.3223571777344
original u-statistic:0.3762235641479492
p value proxy: 0.1860465109348297
result: False
power_upto_now: 0.3717948794364929
79th run
noise dimension : 27
noise variance: 338.6376647949219
original u-statistic:0.1431424617767334
p value proxy: 0.29235878586769104
result: False
power_upto_now: 0.3670886158943176
80th run
noise dimension : 27
noise variance: 337.5506286621094
original u-statistic:0.9188005924224854
p value proxy: 0.013289036229252815
result: True
power_upto_now: 0.375
81th run
noise dimension : 27
noise variance: 337.91302490234375
original u-statistic:1.075073480606079
p value proxy: 0.013289036229252815
result: True
power_upto_now: 0.3827160596847534
82th run
noise dimension : 27
noise variance: 336.8737487792969
original u-statistic:0.739492654800415
p value proxy: 0.033222589641809464
result: True
power_upto_now: 0.39024388790130615
83th run
noise dimension : 27
noise variance: 337.1296081542969
original u-statistic:0.6221375465393066
p value proxy: 0.039867110550403595
result: True
power_upto_now: 0.39759036898612976
84th run
noise dimension : 27
noise variance: 337.29498291015625
original u-statistic:0.9676036834716797
p value proxy: 0.009966777637600899
result: True
power_upto_now: 0.4047619104385376
85th run
noise dimension : 27
noise variance: 337.3175048828125
original u-statistic:1.1323785781860352
p value proxy: 0.006644518114626408
result: True
power_upto_now: 0.4117647111415863
86th run
noise dimension : 27
noise variance: 338.0793762207031
original u-statistic:0.44590282440185547
p value proxy: 0.07641195505857468
result: False
power_upto_now: 0.40697672963142395
87th run
noise dimension : 27
noise variance: 337.06597900390625
original u-statistic:0.5987305641174316
p value proxy: 0.05315614491701126
result: False
power_upto_now: 0.40229883790016174
88th run
noise dimension : 27
noise variance: 338.1175842285156
original u-statistic:0.2332170009613037
p value proxy: 0.22923587262630463
result: False
power_upto_now: 0.39772728085517883
89th run
noise dimension : 27
noise variance: 338.73779296875
original u-statistic:0.43758559226989746
p value proxy: 0.1428571343421936
result: False
power_upto_now: 0.3932584226131439
90th run
noise dimension : 27
noise variance: 336.5481262207031
original u-statistic:0.5766825675964355
p value proxy: 0.04318936914205551
result: True
power_upto_now: 0.4000000059604645
91th run
noise dimension : 27
noise variance: 337.8874206542969
original u-statistic:1.5667340755462646
p value proxy: 0.003322259057313204
result: True
power_upto_now: 0.4065934121608734
92th run
noise dimension : 27
noise variance: 338.4680480957031
original u-statistic:1.095201015472412
p value proxy: 0.009966777637600899
result: True
power_upto_now: 0.41304346919059753
93th run
noise dimension : 27
noise variance: 336.7767028808594
original u-statistic:0.2737712860107422
p value proxy: 0.18936876952648163
result: False
power_upto_now: 0.40860214829444885
94th run
noise dimension : 27
noise variance: 337.169921875
original u-statistic:0.3478245735168457
p value proxy: 0.12956809997558594
result: False
power_upto_now: 0.40425533056259155
95th run
noise dimension : 27
noise variance: 336.8544921875
original u-statistic:0.1120290756225586
p value proxy: 0.31229233741760254
result: False
power_upto_now: 0.4000000059604645
96th run
noise dimension : 27
noise variance: 336.90753173828125
original u-statistic:1.1214756965637207
p value proxy: 0.013289036229252815
result: True
power_upto_now: 0.40625
97th run
noise dimension : 27
noise variance: 338.7607116699219
original u-statistic:0.45034003257751465
p value proxy: 0.11960132420063019
result: False
power_upto_now: 0.4020618498325348
98th run
noise dimension : 27
noise variance: 336.9652099609375
original u-statistic:-0.012244701385498047
p value proxy: 0.43521595001220703
result: False
power_upto_now: 0.3979591727256775
99th run
noise dimension : 27
noise variance: 340.0397644042969
original u-statistic:0.21932506561279297
p value proxy: 0.25249168276786804
result: False
power_upto_now: 0.39393940567970276
100th run
noise dimension : 27
noise variance: 337.5764465332031
original u-statistic:0.12127470970153809
p value proxy: 0.33554816246032715
result: False
power_upto_now: 0.38999998569488525
101th run
noise dimension : 27
noise variance: 337.1859130859375
original u-statistic:0.9512064456939697
p value proxy: 0.016611294820904732
result: True
power_upto_now: 0.39603960514068604
102th run
noise dimension : 27
noise variance: 337.37371826171875
original u-statistic:0.7269046306610107
p value proxy: 0.016611294820904732
result: True
power_upto_now: 0.4019607901573181
103th run
noise dimension : 27
noise variance: 338.2408142089844
original u-statistic:0.3579440116882324
p value proxy: 0.17607973515987396
result: False
power_upto_now: 0.3980582654476166
104th run
noise dimension : 27
noise variance: 337.46234130859375
original u-statistic:0.4239847660064697
p value proxy: 0.1029900312423706
result: False
power_upto_now: 0.39423078298568726
105th run
noise dimension : 27
noise variance: 338.8194580078125
original u-statistic:0.24419116973876953
p value proxy: 0.17940199375152588
result: False
power_upto_now: 0.39047619700431824
106th run
noise dimension : 27
noise variance: 337.2093505859375
original u-statistic:0.13621759414672852
p value proxy: 0.29235878586769104
result: False
power_upto_now: 0.38679245114326477
107th run
noise dimension : 27
noise variance: 338.1065368652344
original u-statistic:1.205446481704712
p value proxy: 0.003322259057313204
result: True
power_upto_now: 0.3925233781337738
108th run
noise dimension : 27
noise variance: 335.9223937988281
original u-statistic:0.3264603614807129
p value proxy: 0.14950165152549744
result: False
power_upto_now: 0.3888888955116272
109th run
noise dimension : 27
noise variance: 335.765380859375
original u-statistic:0.7376077175140381
p value proxy: 0.016611294820904732
result: True
power_upto_now: 0.39449542760849
110th run
noise dimension : 27
noise variance: 337.2632751464844
original u-statistic:-0.05475807189941406
p value proxy: 0.5083056092262268
result: False
power_upto_now: 0.3909091055393219
111th run
noise dimension : 27
noise variance: 338.5079040527344
original u-statistic:0.9012348651885986
p value proxy: 0.029900331050157547
result: True
power_upto_now: 0.3963963985443115
112th run
noise dimension : 27
noise variance: 338.4666442871094
original u-statistic:0.21521711349487305
p value proxy: 0.2857142686843872
result: False
power_upto_now: 0.3928571343421936
113th run
noise dimension : 27
noise variance: 336.7689208984375
original u-statistic:0.7169430255889893
p value proxy: 0.04318936914205551
result: True
power_upto_now: 0.39823007583618164
114th run
noise dimension : 27
noise variance: 337.32427978515625
original u-statistic:0.31089305877685547
p value proxy: 0.2225913554430008
result: False
power_upto_now: 0.3947368562221527
115th run
noise dimension : 27
noise variance: 337.1048889160156
original u-statistic:0.5872049331665039
p value proxy: 0.04318936914205551
result: True
power_upto_now: 0.4000000059604645
116th run
noise dimension : 27
noise variance: 336.8143310546875
original u-statistic:0.9256107807159424
p value proxy: 0.019933555275201797
result: True
power_upto_now: 0.4051724076271057
117th run
noise dimension : 27
noise variance: 336.0978698730469
original u-statistic:0.4846458435058594
p value proxy: 0.06644517928361893
result: False
power_upto_now: 0.4017094075679779
118th run
noise dimension : 27
noise variance: 338.1831359863281
original u-statistic:0.30023813247680664
p value proxy: 0.17940199375152588
result: False
power_upto_now: 0.39830508828163147
119th run
noise dimension : 27
noise variance: 339.7977600097656
original u-statistic:1.2298243045806885
p value proxy: 0.006644518114626408
result: True
power_upto_now: 0.40336135029792786
120th run
noise dimension : 27
noise variance: 337.5374450683594
original u-statistic:0.41820240020751953
p value proxy: 0.09634551405906677
result: False
power_upto_now: 0.4000000059604645
121th run
noise dimension : 27
noise variance: 338.1315002441406
original u-statistic:0.3813059329986572
p value proxy: 0.11960132420063019
result: False
power_upto_now: 0.39669421315193176
122th run
noise dimension : 27
noise variance: 339.0651550292969
original u-statistic:-0.06581592559814453
p value proxy: 0.5382059812545776
result: False
power_upto_now: 0.39344263076782227
123th run
noise dimension : 27
noise variance: 337.09490966796875
original u-statistic:0.0217742919921875
p value proxy: 0.421926885843277
result: False
power_upto_now: 0.39024388790130615
124th run
noise dimension : 27
noise variance: 337.10504150390625
original u-statistic:0.7383966445922852
p value proxy: 0.023255813866853714
result: True
power_upto_now: 0.39516130089759827
125th run
noise dimension : 27
noise variance: 338.965087890625
original u-statistic:0.41463375091552734
p value proxy: 0.09302325546741486
result: False
power_upto_now: 0.3919999897480011
126th run
noise dimension : 27
noise variance: 337.41058349609375
original u-statistic:0.6156971454620361
p value proxy: 0.05315614491701126
result: False
power_upto_now: 0.3888888955116272
127th run
noise dimension : 27
noise variance: 338.4270935058594
original u-statistic:1.409940242767334
p value proxy: 0.003322259057313204
result: True
power_upto_now: 0.3937007784843445
128th run
noise dimension : 27
noise variance: 336.93450927734375
original u-statistic:0.7967889308929443
p value proxy: 0.009966777637600899
result: True
power_upto_now: 0.3984375
129th run
noise dimension : 27
noise variance: 336.5224609375
original u-statistic:-0.00612640380859375
p value proxy: 0.4916943311691284
result: False
power_upto_now: 0.39534884691238403
130th run
noise dimension : 27
noise variance: 337.9963073730469
original u-statistic:0.6176888942718506
p value proxy: 0.039867110550403595
result: True
power_upto_now: 0.4000000059604645
131th run
noise dimension : 27
noise variance: 338.2261657714844
original u-statistic:0.34867095947265625
p value proxy: 0.1627907007932663
result: False
power_upto_now: 0.39694657921791077
132th run
noise dimension : 27
noise variance: 338.41998291015625
original u-statistic:0.4135122299194336
p value proxy: 0.12624584138393402
result: False
power_upto_now: 0.39393940567970276
133th run
noise dimension : 27
noise variance: 336.6328430175781
original u-statistic:0.5319929122924805
p value proxy: 0.07641195505857468
result: False
power_upto_now: 0.3909774422645569
134th run
noise dimension : 27
noise variance: 338.5812072753906
original u-statistic:-0.046118736267089844
p value proxy: 0.5116279125213623
result: False
power_upto_now: 0.38805970549583435
135th run
noise dimension : 27
noise variance: 338.4446716308594
original u-statistic:0.6297738552093506
p value proxy: 0.07308969646692276
result: False
power_upto_now: 0.385185182094574
136th run
noise dimension : 27
noise variance: 336.3324279785156
original u-statistic:0.2350773811340332
p value proxy: 0.21926909685134888
result: False
power_upto_now: 0.38235294818878174
137th run
noise dimension : 27
noise variance: 338.026123046875
original u-statistic:0.15808653831481934
p value proxy: 0.31561461091041565
result: False
power_upto_now: 0.37956205010414124
138th run
noise dimension : 27
noise variance: 338.1353759765625
original u-statistic:0.050264835357666016
p value proxy: 0.4285714328289032
result: False
power_upto_now: 0.37681159377098083
139th run
noise dimension : 27
noise variance: 337.2608947753906
original u-statistic:0.9754428863525391
p value proxy: 0.009966777637600899
result: True
power_upto_now: 0.38129496574401855
140th run
noise dimension : 27
noise variance: 337.9588317871094
original u-statistic:-0.14947128295898438
p value proxy: 0.634551465511322
result: False
power_upto_now: 0.37857142090797424
141th run
noise dimension : 27
noise variance: 337.23785400390625
original u-statistic:0.0523834228515625
p value proxy: 0.421926885843277
result: False
power_upto_now: 0.3758865296840668
142th run
noise dimension : 27
noise variance: 337.4165954589844
original u-statistic:1.8230810165405273
p value proxy: 0.003322259057313204
result: True
power_upto_now: 0.3802816867828369
143th run
noise dimension : 27
noise variance: 336.4091491699219
original u-statistic:0.06464982032775879
p value proxy: 0.4119601249694824
result: False
power_upto_now: 0.3776223659515381
144th run
noise dimension : 27
noise variance: 338.05072021484375
original u-statistic:0.24203038215637207
p value proxy: 0.23588038980960846
result: False
power_upto_now: 0.375
145th run
noise dimension : 27
noise variance: 340.158203125
original u-statistic:0.3034782409667969
p value proxy: 0.19933554530143738
result: False
power_upto_now: 0.3724137842655182
146th run
noise dimension : 27
noise variance: 337.636474609375
original u-statistic:0.6437618732452393
p value proxy: 0.029900331050157547
result: True
power_upto_now: 0.3767123222351074
147th run
noise dimension : 27
noise variance: 337.9134216308594
original u-statistic:0.7721352577209473
p value proxy: 0.033222589641809464
result: True
power_upto_now: 0.380952388048172
148th run
noise dimension : 27
noise variance: 336.20355224609375
original u-statistic:0.6967248916625977
p value proxy: 0.039867110550403595
result: True
power_upto_now: 0.38513514399528503
149th run
noise dimension : 27
noise variance: 339.0263671875
original u-statistic:1.0616745948791504
p value proxy: 0.003322259057313204
result: True
power_upto_now: 0.38926175236701965
150th run
noise dimension : 27
noise variance: 336.6260070800781
original u-statistic:0.31483030319213867
p value proxy: 0.1860465109348297
result: False
power_upto_now: 0.3866666555404663
151th run
noise dimension : 27
noise variance: 338.6881408691406
original u-statistic:0.9392416477203369
p value proxy: 0.009966777637600899
result: True
power_upto_now: 0.3907284736633301
152th run
noise dimension : 27
noise variance: 337.1988220214844
original u-statistic:0.9848296642303467
p value proxy: 0.013289036229252815
result: True
power_upto_now: 0.3947368562221527
153th run
noise dimension : 27
noise variance: 339.00189208984375
original u-statistic:0.4236335754394531
p value proxy: 0.11960132420063019
result: False
power_upto_now: 0.3921568691730499
154th run
noise dimension : 27
noise variance: 336.5382385253906
original u-statistic:1.311518669128418
p value proxy: 0.003322259057313204
result: True
power_upto_now: 0.3961038887500763
155th run
noise dimension : 27
noise variance: 336.62713623046875
original u-statistic:0.4508552551269531
p value proxy: 0.07973422110080719
result: False
power_upto_now: 0.3935483992099762
156th run
noise dimension : 27
noise variance: 335.7845458984375
original u-statistic:0.7034487724304199
p value proxy: 0.033222589641809464
result: True
power_upto_now: 0.39743590354919434
157th run
noise dimension : 27
noise variance: 337.9542236328125
original u-statistic:-0.16135168075561523
p value proxy: 0.6943521499633789
result: False
power_upto_now: 0.3949044644832611
158th run
noise dimension : 27
noise variance: 337.0512390136719
original u-statistic:0.6587157249450684
p value proxy: 0.049833886325359344
result: True
power_upto_now: 0.3987341821193695
159th run
noise dimension : 27
noise variance: 338.1710510253906
original u-statistic:0.30492591857910156
p value proxy: 0.17940199375152588
result: False
power_upto_now: 0.3962264060974121
160th run
noise dimension : 27
noise variance: 336.89898681640625
original u-statistic:0.9388809204101562
p value proxy: 0.009966777637600899
result: True
power_upto_now: 0.4000000059604645
161th run
noise dimension : 27
noise variance: 337.8153381347656
original u-statistic:-0.08824491500854492
p value proxy: 0.5847175717353821
result: False
power_upto_now: 0.39751553535461426
162th run
noise dimension : 27
noise variance: 337.0379943847656
original u-statistic:0.9086439609527588
p value proxy: 0.009966777637600899
result: True
power_upto_now: 0.40123456716537476
163th run
noise dimension : 27
noise variance: 337.6609802246094
original u-statistic:0.3714914321899414
p value proxy: 0.14950165152549744
result: False
power_upto_now: 0.3987730145454407
164th run
noise dimension : 27
noise variance: 337.4407653808594
original u-statistic:0.6307759284973145
p value proxy: 0.019933555275201797
result: True
power_upto_now: 0.40243902802467346
165th run
noise dimension : 27
noise variance: 336.7383117675781
original u-statistic:0.28378963470458984
p value proxy: 0.15282391011714935
result: False
power_upto_now: 0.4000000059604645
166th run
noise dimension : 27
noise variance: 336.8934631347656
original u-statistic:0.7282867431640625
p value proxy: 0.04651162773370743
result: True
power_upto_now: 0.40361446142196655
167th run
noise dimension : 27
noise variance: 338.2215881347656
original u-statistic:0.2853832244873047
p value proxy: 0.15614616870880127
result: False
power_upto_now: 0.401197612285614
168th run
noise dimension : 27
noise variance: 337.4277648925781
original u-statistic:0.39931440353393555
p value proxy: 0.1029900312423706
result: False
power_upto_now: 0.3988095223903656
169th run
noise dimension : 27
noise variance: 337.25152587890625
original u-statistic:0.6499578952789307
p value proxy: 0.04651162773370743
result: True
power_upto_now: 0.40236687660217285
170th run
noise dimension : 27
noise variance: 337.546142578125
original u-statistic:0.3927011489868164
p value proxy: 0.11295680701732635
result: False
power_upto_now: 0.4000000059604645
171th run
noise dimension : 27
noise variance: 336.9172668457031
original u-statistic:0.542780876159668
p value proxy: 0.09966777265071869
result: False
power_upto_now: 0.3976608216762543
172th run
noise dimension : 27
noise variance: 337.66925048828125
original u-statistic:0.017539501190185547
p value proxy: 0.4086378514766693
result: False
power_upto_now: 0.39534884691238403
173th run
noise dimension : 27
noise variance: 337.3672790527344
original u-statistic:0.3980860710144043
p value proxy: 0.09966777265071869
result: False
power_upto_now: 0.39306357502937317
174th run
noise dimension : 27
noise variance: 337.54498291015625
original u-statistic:0.34108734130859375
p value proxy: 0.15614616870880127
result: False
power_upto_now: 0.39080458879470825
175th run
noise dimension : 27
noise variance: 337.3316650390625
original u-statistic:0.3762702941894531
p value proxy: 0.1395348757505417
result: False
power_upto_now: 0.38857144117355347
176th run
noise dimension : 27
noise variance: 337.1447448730469
original u-statistic:0.645402193069458
p value proxy: 0.033222589641809464
result: True
power_upto_now: 0.3920454680919647
177th run
noise dimension : 27
noise variance: 336.30413818359375
original u-statistic:0.7450470924377441
p value proxy: 0.023255813866853714
result: True
power_upto_now: 0.395480215549469
178th run
noise dimension : 27
noise variance: 337.2751159667969
original u-statistic:0.3765082359313965
p value proxy: 0.13289035856723785
result: False
power_upto_now: 0.3932584226131439
179th run
noise dimension : 27
noise variance: 337.8830871582031
original u-statistic:-0.29245519638061523
p value proxy: 0.7906976342201233
result: False
power_upto_now: 0.3910614550113678
180th run
noise dimension : 27
noise variance: 338.0166015625
original u-statistic:0.24936819076538086
p value proxy: 0.17275747656822205
result: False
power_upto_now: 0.3888888955116272
181th run
noise dimension : 27
noise variance: 337.7230529785156
original u-statistic:0.3050978183746338
p value proxy: 0.19933554530143738
result: False
power_upto_now: 0.3867403268814087
182th run
noise dimension : 27
noise variance: 337.9981689453125
original u-statistic:0.4736654758453369
p value proxy: 0.08637873828411102
result: False
power_upto_now: 0.38461539149284363
183th run
noise dimension : 27
noise variance: 338.7476806640625
original u-statistic:0.5200488567352295
p value proxy: 0.07308969646692276
result: False
power_upto_now: 0.3825136721134186
184th run
noise dimension : 27
noise variance: 337.4445495605469
original u-statistic:0.5363082885742188
p value proxy: 0.07308969646692276
result: False
power_upto_now: 0.3804347813129425
185th run
noise dimension : 27
noise variance: 337.648681640625
original u-statistic:1.018564224243164
p value proxy: 0.009966777637600899
result: True
power_upto_now: 0.3837837874889374
186th run
noise dimension : 27
noise variance: 338.2763977050781
original u-statistic:1.4056711196899414
p value proxy: 0.006644518114626408
result: True
power_upto_now: 0.3870967626571655
187th run
noise dimension : 27
noise variance: 338.6053771972656
original u-statistic:-0.13462519645690918
p value proxy: 0.6179401874542236
result: False
power_upto_now: 0.3850267231464386
188th run
noise dimension : 27
noise variance: 338.5776062011719
original u-statistic:0.34771132469177246
p value proxy: 0.13621261715888977
result: False
power_upto_now: 0.38297873735427856
189th run
noise dimension : 27
noise variance: 336.19305419921875
original u-statistic:0.15077447891235352
p value proxy: 0.2857142686843872
result: False
power_upto_now: 0.380952388048172
190th run
noise dimension : 27
noise variance: 337.43646240234375
original u-statistic:0.03001117706298828
p value proxy: 0.382059782743454
result: False
power_upto_now: 0.378947377204895
191th run
noise dimension : 27
noise variance: 338.5386047363281
original u-statistic:0.0057675838470458984
p value proxy: 0.4019933342933655
result: False
power_upto_now: 0.376963347196579
192th run
noise dimension : 27
noise variance: 335.5791931152344
original u-statistic:0.8336458206176758
p value proxy: 0.016611294820904732
result: True
power_upto_now: 0.3802083432674408
193th run
noise dimension : 27
noise variance: 338.74969482421875
original u-statistic:0.49352264404296875
p value proxy: 0.04651162773370743
result: True
power_upto_now: 0.3834196925163269
194th run
noise dimension : 27
noise variance: 337.18182373046875
original u-statistic:-0.025949478149414062
p value proxy: 0.52491694688797
result: False
power_upto_now: 0.3814432919025421
195th run
noise dimension : 27
noise variance: 337.168212890625
original u-statistic:0.6002275943756104
p value proxy: 0.04651162773370743
result: True
power_upto_now: 0.38461539149284363
196th run
noise dimension : 27
noise variance: 336.6282958984375
original u-statistic:-0.0740208625793457
p value proxy: 0.52491694688797
result: False
power_upto_now: 0.38265305757522583
197th run
noise dimension : 27
noise variance: 338.93896484375
original u-statistic:0.1313786506652832
p value proxy: 0.3322259187698364
result: False
power_upto_now: 0.3807106614112854
198th run
noise dimension : 27
noise variance: 337.23046875
original u-statistic:0.7888243198394775
p value proxy: 0.013289036229252815
result: True
power_upto_now: 0.38383838534355164
199th run
noise dimension : 27
noise variance: 336.1485290527344
original u-statistic:1.1473469734191895
p value proxy: 0.003322259057313204
result: True
power_upto_now: 0.38693466782569885
200th run
noise dimension : 27
noise variance: 337.5018005371094
original u-statistic:0.025709152221679688
p value proxy: 0.4119601249694824
result: False
power_upto_now: 0.38499999046325684
201th run
noise dimension : 27
noise variance: 337.6370849609375
original u-statistic:-0.23648452758789062
p value proxy: 0.8073089718818665
result: False
power_upto_now: 0.38308456540107727
202th run
noise dimension : 27
noise variance: 336.5523681640625
original u-statistic:0.6043152809143066
p value proxy: 0.05647840350866318
result: False
power_upto_now: 0.38118812441825867
203th run
noise dimension : 27
noise variance: 338.2662048339844
original u-statistic:0.9585444927215576
p value proxy: 0.013289036229252815
result: True
power_upto_now: 0.3842364549636841
204th run
noise dimension : 27
noise variance: 337.25567626953125
original u-statistic:0.49892663955688477
p value proxy: 0.06644517928361893
result: False
power_upto_now: 0.38235294818878174
205th run
noise dimension : 27
noise variance: 338.49810791015625
original u-statistic:0.39347314834594727
p value proxy: 0.14950165152549744
result: False
power_upto_now: 0.3804877996444702
206th run
noise dimension : 27
noise variance: 337.5765686035156
original u-statistic:1.5990777015686035
p value proxy: 0.003322259057313204
result: True
power_upto_now: 0.38349515199661255
207th run
noise dimension : 27
noise variance: 336.8514709472656
original u-statistic:0.5891194343566895
p value proxy: 0.05315614491701126
result: False
power_upto_now: 0.38164252042770386
208th run
noise dimension : 27
noise variance: 338.178955078125
original u-statistic:0.08690977096557617
p value proxy: 0.37873753905296326
result: False
power_upto_now: 0.3798076808452606
209th run
noise dimension : 27
noise variance: 337.30072021484375
original u-statistic:0.46645021438598633
p value proxy: 0.07308969646692276
result: False
power_upto_now: 0.3779904246330261
210th run
noise dimension : 27
noise variance: 338.2677307128906
original u-statistic:-0.006895303726196289
p value proxy: 0.4119601249694824
result: False
power_upto_now: 0.3761904835700989
211th run
noise dimension : 27
noise variance: 338.16156005859375
original u-statistic:1.3965880870819092
p value proxy: 0.006644518114626408
result: True
power_upto_now: 0.379146933555603
212th run
noise dimension : 27
noise variance: 336.33203125
original u-statistic:0.728564977645874
p value proxy: 0.02657807245850563
result: True
power_upto_now: 0.3820754587650299
213th run
noise dimension : 27
noise variance: 336.1087341308594
original u-statistic:0.43072009086608887
p value proxy: 0.1029900312423706
result: False
power_upto_now: 0.3802816867828369
214th run
noise dimension : 27
noise variance: 339.5622253417969
original u-statistic:0.7332284450531006
p value proxy: 0.029900331050157547
result: True
power_upto_now: 0.38317757844924927
215th run
noise dimension : 27
noise variance: 336.3099365234375
original u-statistic:0.7519881725311279
p value proxy: 0.029900331050157547
result: True
power_upto_now: 0.38604649901390076
216th run
noise dimension : 27
noise variance: 336.3429260253906
original u-statistic:0.6345133781433105
p value proxy: 0.03654484823346138
result: True
power_upto_now: 0.3888888955116272
217th run
noise dimension : 27
noise variance: 337.0713195800781
original u-statistic:0.47076892852783203
p value proxy: 0.0830564796924591
result: False
power_upto_now: 0.3870967626571655
218th run
noise dimension : 27
noise variance: 337.8369445800781
original u-statistic:0.6317710876464844
p value proxy: 0.039867110550403595
result: True
power_upto_now: 0.3899082541465759
219th run
noise dimension : 27
noise variance: 336.74639892578125
original u-statistic:0.3834078311920166
p value proxy: 0.13289035856723785
result: False
power_upto_now: 0.388127863407135
220th run
noise dimension : 27
noise variance: 337.73114013671875
original u-statistic:1.5529074668884277
p value proxy: 0.003322259057313204
result: True
power_upto_now: 0.3909091055393219
221th run
noise dimension : 27
noise variance: 336.7345275878906
original u-statistic:0.5026497840881348
p value proxy: 0.08970099687576294
result: False
power_upto_now: 0.3891402781009674
222th run
noise dimension : 27
noise variance: 336.7178039550781
original u-statistic:0.48446130752563477
p value proxy: 0.09966777265071869
result: False
power_upto_now: 0.38738739490509033
223th run
noise dimension : 27
noise variance: 337.4509582519531
original u-statistic:0.45589756965637207
p value proxy: 0.09302325546741486
result: False
power_upto_now: 0.3856502175331116
224th run
noise dimension : 27
noise variance: 337.33709716796875
original u-statistic:0.9198534488677979
p value proxy: 0.016611294820904732
result: True
power_upto_now: 0.3883928656578064
225th run
noise dimension : 27
noise variance: 337.7024230957031
original u-statistic:0.5884714126586914
p value proxy: 0.05647840350866318
result: False
power_upto_now: 0.3866666555404663
226th run
noise dimension : 27
noise variance: 337.4952087402344
original u-statistic:0.6343281269073486
p value proxy: 0.07641195505857468
result: False
power_upto_now: 0.3849557638168335
227th run
noise dimension : 27
noise variance: 338.0919189453125
original u-statistic:0.09957194328308105
p value proxy: 0.342192679643631
result: False
power_upto_now: 0.38325992226600647
228th run
noise dimension : 27
noise variance: 336.8232116699219
original u-statistic:-0.12326335906982422
p value proxy: 0.6179401874542236
result: False
power_upto_now: 0.3815789520740509
229th run
noise dimension : 27
noise variance: 338.2542724609375
original u-statistic:0.26486659049987793
p value proxy: 0.2259136140346527
result: False
power_upto_now: 0.37991267442703247
230th run
noise dimension : 27
noise variance: 336.635009765625
original u-statistic:1.0293974876403809
p value proxy: 0.009966777637600899
result: True
power_upto_now: 0.38260868191719055
231th run
noise dimension : 27
noise variance: 335.5251159667969
original u-statistic:1.4416673183441162
p value proxy: 0.003322259057313204
result: True
power_upto_now: 0.38528138399124146
232th run
noise dimension : 27
noise variance: 337.9201354980469
original u-statistic:1.6764049530029297
p value proxy: 0.003322259057313204
result: True
power_upto_now: 0.38793104887008667
233th run
noise dimension : 27
noise variance: 337.4777526855469
original u-statistic:0.8768954277038574
p value proxy: 0.006644518114626408
result: True
power_upto_now: 0.3905579447746277
234th run
noise dimension : 27
noise variance: 337.0010986328125
original u-statistic:1.021315097808838
p value proxy: 0.003322259057313204
result: True
power_upto_now: 0.39316239953041077
235th run
noise dimension : 27
noise variance: 338.04229736328125
original u-statistic:0.898186206817627
p value proxy: 0.013289036229252815
result: True
power_upto_now: 0.3957446813583374
236th run
noise dimension : 27
noise variance: 337.0440979003906
original u-statistic:0.703488826751709
p value proxy: 0.019933555275201797
result: True
power_upto_now: 0.39830508828163147
237th run
noise dimension : 27
noise variance: 338.5826110839844
original u-statistic:0.04991340637207031
p value proxy: 0.4019933342933655
result: False
power_upto_now: 0.39662447571754456
238th run
noise dimension : 27
noise variance: 336.7684631347656
original u-statistic:0.47794008255004883
p value proxy: 0.11960132420063019
result: False
power_upto_now: 0.3949579894542694
239th run
noise dimension : 27
noise variance: 337.49530029296875
original u-statistic:0.006072282791137695
p value proxy: 0.4883720874786377
result: False
power_upto_now: 0.3933054506778717
240th run
noise dimension : 27
noise variance: 337.85400390625
original u-statistic:1.64750075340271
p value proxy: 0.003322259057313204
result: True
power_upto_now: 0.3958333432674408
241th run
noise dimension : 27
noise variance: 337.6980285644531
original u-statistic:-0.02974867820739746
p value proxy: 0.5116279125213623
result: False
power_upto_now: 0.39419087767601013
242th run
noise dimension : 27
noise variance: 338.046630859375
original u-statistic:0.12324976921081543
p value proxy: 0.3322259187698364
result: False
power_upto_now: 0.39256197214126587
243th run
noise dimension : 27
noise variance: 339.3083801269531
original u-statistic:0.2906472682952881
p value proxy: 0.2059800624847412
result: False
power_upto_now: 0.39094650745391846
244th run
noise dimension : 27
noise variance: 338.00250244140625
original u-statistic:1.0505945682525635
p value proxy: 0.006644518114626408
result: True
power_upto_now: 0.39344263076782227
245th run
noise dimension : 27
noise variance: 336.7386779785156
original u-statistic:0.3888075351715088
p value proxy: 0.11960132420063019
result: False
power_upto_now: 0.3918367326259613
246th run
noise dimension : 27
noise variance: 337.20440673828125
original u-statistic:0.33708667755126953
p value proxy: 0.14617939293384552
result: False
power_upto_now: 0.39024388790130615
247th run
noise dimension : 27
noise variance: 337.04315185546875
original u-statistic:1.2804441452026367
p value proxy: 0.003322259057313204
result: True
power_upto_now: 0.3927125632762909
248th run
noise dimension : 27
noise variance: 338.37457275390625
original u-statistic:0.4176816940307617
p value proxy: 0.15614616870880127
result: False
power_upto_now: 0.3911290466785431
249th run
noise dimension : 27
noise variance: 337.98291015625
original u-statistic:0.05198550224304199
p value proxy: 0.35880398750305176
result: False
power_upto_now: 0.38955822587013245
250th run
noise dimension : 27
noise variance: 336.74859619140625
original u-statistic:0.17649102210998535
p value proxy: 0.3089700937271118
result: False
power_upto_now: 0.3880000114440918
251th run
noise dimension : 27
noise variance: 337.02227783203125
original u-statistic:0.17048072814941406
p value proxy: 0.3255814015865326
result: False
power_upto_now: 0.38645419478416443
252th run
noise dimension : 27
noise variance: 337.8082580566406
original u-statistic:-0.05576300621032715
p value proxy: 0.5448504686355591
result: False
power_upto_now: 0.3849206268787384
253th run
noise dimension : 27
noise variance: 337.4605712890625
original u-statistic:0.5471301078796387
p value proxy: 0.06976743787527084
result: False
power_upto_now: 0.38339921832084656
254th run
noise dimension : 27
noise variance: 339.41717529296875
original u-statistic:0.5446105003356934
p value proxy: 0.05315614491701126
result: False
power_upto_now: 0.3818897604942322
255th run
noise dimension : 27
noise variance: 338.2008361816406
original u-statistic:0.11752915382385254
p value proxy: 0.3720930218696594
result: False
power_upto_now: 0.3803921639919281
256th run
noise dimension : 27
noise variance: 337.6620178222656
original u-statistic:-0.08887195587158203
p value proxy: 0.554817259311676
result: False
power_upto_now: 0.37890625
257th run
noise dimension : 27
noise variance: 337.6193542480469
original u-statistic:1.252101182937622
p value proxy: 0.003322259057313204
result: True
power_upto_now: 0.3813229501247406
258th run
noise dimension : 27
noise variance: 338.310546875
original u-statistic:0.2855231761932373
p value proxy: 0.18936876952648163
result: False
power_upto_now: 0.3798449635505676
259th run
noise dimension : 27
noise variance: 337.6679992675781
original u-statistic:1.1923766136169434
p value proxy: 0.006644518114626408
result: True
power_upto_now: 0.38223937153816223
260th run
noise dimension : 27
noise variance: 339.1630554199219
original u-statistic:0.22216558456420898
p value proxy: 0.21926909685134888
result: False
power_upto_now: 0.3807692229747772
261th run
noise dimension : 27
noise variance: 337.5756530761719
original u-statistic:0.6629786491394043
p value proxy: 0.039867110550403595
result: True
power_upto_now: 0.38314175605773926
262th run
noise dimension : 27
noise variance: 337.5840759277344
original u-statistic:1.1675715446472168
p value proxy: 0.006644518114626408
result: True
power_upto_now: 0.3854961693286896
263th run
noise dimension : 27
noise variance: 337.7290344238281
original u-statistic:-0.4147515296936035
p value proxy: 0.9136212468147278
result: False
power_upto_now: 0.38403043150901794
264th run
noise dimension : 27
noise variance: 336.95159912109375
original u-statistic:0.5464422702789307
p value proxy: 0.07973422110080719
result: False
power_upto_now: 0.38257575035095215
265th run
noise dimension : 27
noise variance: 336.6943054199219
original u-statistic:-0.13599801063537598
p value proxy: 0.6411960124969482
result: False
power_upto_now: 0.3811320662498474
266th run
noise dimension : 27
noise variance: 337.6531677246094
original u-statistic:0.7065095901489258
p value proxy: 0.029900331050157547
result: True
power_upto_now: 0.3834586441516876
267th run
noise dimension : 27
noise variance: 336.80755615234375
original u-statistic:-0.36136388778686523
p value proxy: 0.8205980062484741
result: False
power_upto_now: 0.3820224702358246
268th run
noise dimension : 27
noise variance: 338.3740234375
original u-statistic:0.9149513244628906
p value proxy: 0.019933555275201797
result: True
power_upto_now: 0.38432836532592773
269th run
noise dimension : 27
noise variance: 338.15869140625
original u-statistic:0.004141807556152344
p value proxy: 0.4850498139858246
result: False
power_upto_now: 0.3828996419906616
270th run
noise dimension : 27
noise variance: 338.8830261230469
original u-statistic:-0.017403602600097656
p value proxy: 0.4252491593360901
result: False
power_upto_now: 0.38148146867752075
271th run
noise dimension : 27
noise variance: 339.3656311035156
original u-statistic:0.6636126041412354
p value proxy: 0.04651162773370743
result: True
power_upto_now: 0.38376384973526
272th run
noise dimension : 27
noise variance: 337.3993225097656
original u-statistic:-0.18480229377746582
p value proxy: 0.7176079750061035
result: False
power_upto_now: 0.38235294818878174
273th run
noise dimension : 27
noise variance: 336.0113525390625
original u-statistic:0.6264321804046631
p value proxy: 0.04318936914205551
result: True
power_upto_now: 0.38461539149284363
274th run
noise dimension : 27
noise variance: 337.0523376464844
original u-statistic:1.0969703197479248
p value proxy: 0.003322259057313204
result: True
power_upto_now: 0.38686132431030273
275th run
noise dimension : 27
noise variance: 339.5912170410156
original u-statistic:0.4281313419342041
p value proxy: 0.11295680701732635
result: False
power_upto_now: 0.38545453548431396
276th run
noise dimension : 27
noise variance: 336.1751403808594
original u-statistic:0.21780633926391602
p value proxy: 0.2657807171344757
result: False
power_upto_now: 0.3840579688549042
277th run
noise dimension : 27
noise variance: 337.25750732421875
original u-statistic:-0.10439682006835938
p value proxy: 0.594684362411499
result: False
power_upto_now: 0.3826714754104614
278th run
noise dimension : 27
noise variance: 338.1393737792969
original u-statistic:0.43839216232299805
p value proxy: 0.12624584138393402
result: False
power_upto_now: 0.38129496574401855
279th run
noise dimension : 27
noise variance: 338.81298828125
original u-statistic:0.15018844604492188
p value proxy: 0.29568105936050415
result: False
power_upto_now: 0.379928320646286
280th run
noise dimension : 27
noise variance: 338.2469482421875
original u-statistic:1.127209186553955
p value proxy: 0.003322259057313204
result: True
power_upto_now: 0.3821428716182709
281th run
noise dimension : 27
noise variance: 336.58782958984375
original u-statistic:0.6040811538696289
p value proxy: 0.039867110550403595
result: True
power_upto_now: 0.38434162735939026
282th run
noise dimension : 27
noise variance: 338.650146484375
original u-statistic:0.5753688812255859
p value proxy: 0.05647840350866318
result: False
power_upto_now: 0.38297873735427856
283th run
noise dimension : 27
noise variance: 337.1574401855469
original u-statistic:0.42992234230041504
p value proxy: 0.10631228983402252
result: False
power_upto_now: 0.3816254436969757
284th run
noise dimension : 27
noise variance: 336.84307861328125
original u-statistic:0.9196028709411621
p value proxy: 0.009966777637600899
result: True
power_upto_now: 0.3838028311729431
285th run
noise dimension : 27
noise variance: 337.3536682128906
original u-statistic:0.7077856063842773
p value proxy: 0.02657807245850563
result: True
power_upto_now: 0.38596490025520325
286th run
noise dimension : 27
noise variance: 338.08697509765625
original u-statistic:1.4486637115478516
p value proxy: 0.003322259057313204
result: True
power_upto_now: 0.3881118893623352
287th run
noise dimension : 27
noise variance: 337.8204345703125
original u-statistic:0.3769094944000244
p value proxy: 0.10631228983402252
result: False
power_upto_now: 0.38675957918167114
288th run
noise dimension : 27
noise variance: 336.9311828613281
original u-statistic:0.24072885513305664
p value proxy: 0.2691029906272888
result: False
power_upto_now: 0.3854166567325592
289th run
noise dimension : 27
noise variance: 336.936279296875
original u-statistic:1.0951588153839111
p value proxy: 0.003322259057313204
result: True
power_upto_now: 0.387543261051178
290th run
noise dimension : 27
noise variance: 336.8058776855469
original u-statistic:0.7781202793121338
p value proxy: 0.029900331050157547
result: True
power_upto_now: 0.3896551728248596
291th run
noise dimension : 27
noise variance: 336.80078125
original u-statistic:-0.22383737564086914
p value proxy: 0.7375414967536926
result: False
power_upto_now: 0.38831615447998047
292th run
noise dimension : 27
noise variance: 336.3583679199219
original u-statistic:0.05875706672668457
p value proxy: 0.4053156077861786
result: False
power_upto_now: 0.38698631525039673
293th run
noise dimension : 27
noise variance: 338.8157043457031
original u-statistic:0.25434184074401855
p value proxy: 0.21262457966804504
result: False
power_upto_now: 0.38566553592681885
294th run
noise dimension : 27
noise variance: 337.6190490722656
original u-statistic:0.8998110294342041
p value proxy: 0.013289036229252815
result: True
power_upto_now: 0.3877550959587097
295th run
noise dimension : 27
noise variance: 337.50140380859375
original u-statistic:0.2879354953765869
p value proxy: 0.1827242523431778
result: False
power_upto_now: 0.3864406645298004
296th run
noise dimension : 27
noise variance: 336.9527893066406
original u-statistic:0.28318190574645996
p value proxy: 0.21262457966804504
result: False
power_upto_now: 0.38513514399528503
297th run
noise dimension : 27
noise variance: 337.1839294433594
original u-statistic:0.6509010791778564
p value proxy: 0.05315614491701126
result: False
power_upto_now: 0.38383838534355164
298th run
noise dimension : 27
noise variance: 336.03155517578125
original u-statistic:0.3790440559387207
p value proxy: 0.1661129593849182
result: False
power_upto_now: 0.38255032896995544
299th run
noise dimension : 27
noise variance: 338.0965270996094
original u-statistic:0.561147928237915
p value proxy: 0.059800662100315094
result: False
power_upto_now: 0.3812709152698517
300th run
noise dimension : 27
noise variance: 337.90081787109375
original u-statistic:0.3421471118927002
p value proxy: 0.15282391011714935
result: False
power_upto_now: 0.3799999952316284
301th run
noise dimension : 27
noise variance: 337.2030944824219
original u-statistic:0.4299788475036621
p value proxy: 0.13289035856723785
result: False
power_upto_now: 0.37873753905296326
302th run
noise dimension : 27
noise variance: 337.02264404296875
original u-statistic:0.7737698554992676
p value proxy: 0.023255813866853714
result: True
power_upto_now: 0.3807947039604187
303th run
noise dimension : 27
noise variance: 338.6047058105469
original u-statistic:1.251648187637329
p value proxy: 0.006644518114626408
result: True
power_upto_now: 0.38283827900886536
304th run
noise dimension : 27
noise variance: 336.9978942871094
original u-statistic:0.800506591796875
p value proxy: 0.013289036229252815
result: True
power_upto_now: 0.38486841320991516
305th run
noise dimension : 27
noise variance: 338.4386291503906
original u-statistic:1.2815778255462646
p value proxy: 0.006644518114626408
result: True
power_upto_now: 0.38688525557518005
306th run
noise dimension : 27
noise variance: 339.3877868652344
original u-statistic:1.1932060718536377
p value proxy: 0.009966777637600899
result: True
power_upto_now: 0.3888888955116272
307th run
noise dimension : 27
noise variance: 337.4271545410156
original u-statistic:0.5482630729675293
p value proxy: 0.06312292069196701
result: False
power_upto_now: 0.3876221477985382
308th run
noise dimension : 27
noise variance: 336.52972412109375
original u-statistic:0.728691577911377
p value proxy: 0.029900331050157547
result: True
power_upto_now: 0.3896103799343109
309th run
noise dimension : 27
noise variance: 336.8218994140625
original u-statistic:0.48465967178344727
p value proxy: 0.10963454842567444
result: False
power_upto_now: 0.3883495032787323
310th run
noise dimension : 27
noise variance: 338.2841796875
original u-statistic:0.5299725532531738
p value proxy: 0.04318936914205551
result: True
power_upto_now: 0.39032256603240967
311th run
noise dimension : 27
noise variance: 337.86151123046875
original u-statistic:1.1843409538269043
p value proxy: 0.003322259057313204
result: True
power_upto_now: 0.39228296279907227
312th run
noise dimension : 27
noise variance: 339.0944519042969
original u-statistic:0.09045553207397461
p value proxy: 0.3654485046863556
result: False
power_upto_now: 0.3910256326198578
313th run
noise dimension : 27
noise variance: 338.1026611328125
original u-statistic:0.9362659454345703
p value proxy: 0.013289036229252815
result: True
power_upto_now: 0.3929712474346161
314th run
noise dimension : 27
noise variance: 338.1056213378906
original u-statistic:0.20160579681396484
p value proxy: 0.27574750781059265
result: False
power_upto_now: 0.3917197585105896
315th run
noise dimension : 27
noise variance: 338.5886535644531
original u-statistic:0.8144681453704834
p value proxy: 0.023255813866853714
result: True
power_upto_now: 0.3936507999897003
316th run
noise dimension : 27
noise variance: 336.3510437011719
original u-statistic:0.04141807556152344
p value proxy: 0.4285714328289032
result: False
power_upto_now: 0.39240506291389465
317th run
noise dimension : 27
noise variance: 338.5715637207031
original u-statistic:0.4761080741882324
p value proxy: 0.08637873828411102
result: False
power_upto_now: 0.39116719365119934
318th run
noise dimension : 27
noise variance: 338.0557556152344
original u-statistic:0.22115778923034668
p value proxy: 0.21262457966804504
result: False
power_upto_now: 0.3899371027946472
319th run
noise dimension : 27
noise variance: 337.3866882324219
original u-statistic:0.041597843170166016
p value proxy: 0.41528236865997314
result: False
power_upto_now: 0.3887147307395935
320th run
noise dimension : 27
noise variance: 336.2991638183594
original u-statistic:0.6037085056304932
p value proxy: 0.049833886325359344
result: True
power_upto_now: 0.390625
321th run
noise dimension : 27
noise variance: 336.7947692871094
original u-statistic:0.5460562705993652
p value proxy: 0.06312292069196701
result: False
power_upto_now: 0.3894081115722656
322th run
noise dimension : 27
noise variance: 337.6307067871094
original u-statistic:0.7082862854003906
p value proxy: 0.029900331050157547
result: True
power_upto_now: 0.3913043439388275
323th run
noise dimension : 27
noise variance: 337.92431640625
original u-statistic:0.0218961238861084
p value proxy: 0.4252491593360901
result: False
power_upto_now: 0.3900928795337677
324th run
noise dimension : 27
noise variance: 338.2281799316406
original u-statistic:0.4238135814666748
p value proxy: 0.09966777265071869
result: False
power_upto_now: 0.3888888955116272
325th run
noise dimension : 27
noise variance: 336.25079345703125
original u-statistic:0.835477352142334
p value proxy: 0.003322259057313204
result: True
power_upto_now: 0.39076924324035645
326th run
noise dimension : 27
noise variance: 336.5830993652344
original u-statistic:0.6035177707672119
p value proxy: 0.06312292069196701
result: False
power_upto_now: 0.38957056403160095
327th run
noise dimension : 27
noise variance: 337.3821105957031
original u-statistic:0.9414150714874268
p value proxy: 0.006644518114626408
result: True
power_upto_now: 0.3914373219013214
328th run
noise dimension : 27
noise variance: 338.2594299316406
original u-statistic:0.392894983291626
p value proxy: 0.07973422110080719
result: False
power_upto_now: 0.39024388790130615
329th run
noise dimension : 27
noise variance: 337.3960876464844
original u-statistic:0.9694087505340576
p value proxy: 0.009966777637600899
result: True
power_upto_now: 0.39209726452827454
330th run
noise dimension : 27
noise variance: 338.8037414550781
original u-statistic:0.8000051975250244
p value proxy: 0.013289036229252815
result: True
power_upto_now: 0.39393940567970276
331th run
noise dimension : 27
noise variance: 338.5706481933594
original u-statistic:1.419438362121582
p value proxy: 0.003322259057313204
result: True
power_upto_now: 0.395770400762558
332th run
noise dimension : 27
noise variance: 337.07220458984375
original u-statistic:0.667672872543335
p value proxy: 0.016611294820904732
result: True
power_upto_now: 0.39759036898612976
333th run
noise dimension : 27
noise variance: 336.5325927734375
original u-statistic:0.3184666633605957
p value proxy: 0.14617939293384552
result: False
power_upto_now: 0.3963963985443115
334th run
noise dimension : 27
noise variance: 336.0939636230469
original u-statistic:1.2525291442871094
p value proxy: 0.003322259057313204
result: True
power_upto_now: 0.398203581571579
335th run
noise dimension : 27
noise variance: 339.1493835449219
original u-statistic:0.6449525356292725
p value proxy: 0.039867110550403595
result: True
power_upto_now: 0.4000000059604645
336th run
noise dimension : 27
noise variance: 336.23858642578125
original u-statistic:1.2475192546844482
p value proxy: 0.006644518114626408
result: True
power_upto_now: 0.4017857015132904
337th run
noise dimension : 27
noise variance: 338.18701171875
original u-statistic:-0.2834665775299072
p value proxy: 0.8205980062484741
result: False
power_upto_now: 0.40059345960617065
338th run
noise dimension : 27
noise variance: 338.02764892578125
original u-statistic:0.49808740615844727
p value proxy: 0.0830564796924591
result: False
power_upto_now: 0.3994082808494568
339th run
noise dimension : 27
noise variance: 337.6580505371094
original u-statistic:0.4406254291534424
p value proxy: 0.1229235827922821
result: False
power_upto_now: 0.39823007583618164
340th run
noise dimension : 27
noise variance: 337.0312194824219
original u-statistic:0.8441424369812012
p value proxy: 0.009966777637600899
result: True
power_upto_now: 0.4000000059604645
341th run
noise dimension : 27
noise variance: 338.3529052734375
original u-statistic:1.4957301616668701
p value proxy: 0.003322259057313204
result: True
power_upto_now: 0.401759535074234
342th run
noise dimension : 27
noise variance: 335.3565368652344
original u-statistic:0.6338574886322021
p value proxy: 0.029900331050157547
result: True
power_upto_now: 0.4035087823867798
343th run
noise dimension : 27
noise variance: 338.19403076171875
original u-statistic:1.2277107238769531
p value proxy: 0.013289036229252815
result: True
power_upto_now: 0.4052478075027466
344th run
noise dimension : 27
noise variance: 339.0911865234375
original u-statistic:0.5367000102996826
p value proxy: 0.0830564796924591
result: False
power_upto_now: 0.40406978130340576
345th run
noise dimension : 27
noise variance: 336.9021301269531
original u-statistic:0.6355211734771729
p value proxy: 0.049833886325359344
result: True
power_upto_now: 0.4057970941066742
346th run
noise dimension : 27
noise variance: 336.65313720703125
original u-statistic:0.477710485458374
p value proxy: 0.1029900312423706
result: False
power_upto_now: 0.4046242833137512
347th run
noise dimension : 27
noise variance: 336.98388671875
original u-statistic:0.42871928215026855
p value proxy: 0.10963454842567444
result: False
power_upto_now: 0.40345820784568787
348th run
noise dimension : 27
noise variance: 335.6471862792969
original u-statistic:0.4407358169555664
p value proxy: 0.08637873828411102
result: False
power_upto_now: 0.40229883790016174
349th run
noise dimension : 27
noise variance: 336.9826965332031
original u-statistic:0.6542026996612549
p value proxy: 0.06312292069196701
result: False
power_upto_now: 0.40114614367485046
350th run
noise dimension : 27
noise variance: 337.9111633300781
original u-statistic:0.4578695297241211
p value proxy: 0.0830564796924591
result: False
power_upto_now: 0.4000000059604645
351th run
noise dimension : 27
noise variance: 336.56805419921875
original u-statistic:0.183241605758667
p value proxy: 0.25249168276786804
result: False
power_upto_now: 0.3988603949546814
352th run
noise dimension : 27
noise variance: 337.9017028808594
original u-statistic:1.2066326141357422
p value proxy: 0.006644518114626408
result: True
power_upto_now: 0.4005681872367859
353th run
noise dimension : 27
noise variance: 337.423583984375
original u-statistic:1.291902780532837
p value proxy: 0.006644518114626408
result: True
power_upto_now: 0.4022662937641144
354th run
noise dimension : 27
noise variance: 336.5341491699219
original u-statistic:1.175107479095459
p value proxy: 0.006644518114626408
result: True
power_upto_now: 0.40395480394363403
355th run
noise dimension : 27
noise variance: 337.6137390136719
original u-statistic:0.9605317115783691
p value proxy: 0.016611294820904732
result: True
power_upto_now: 0.405633807182312
356th run
noise dimension : 27
noise variance: 337.8871154785156
original u-statistic:0.40871214866638184
p value proxy: 0.15282391011714935
result: False
power_upto_now: 0.40449437499046326
357th run
noise dimension : 27
noise variance: 336.8953857421875
original u-statistic:1.2044587135314941
p value proxy: 0.006644518114626408
result: True
power_upto_now: 0.40616247057914734
358th run
noise dimension : 27
noise variance: 338.900634765625
original u-statistic:0.8301355838775635
p value proxy: 0.023255813866853714
result: True
power_upto_now: 0.4078212380409241
359th run
noise dimension : 27
noise variance: 337.7493591308594
original u-statistic:0.9646024703979492
p value proxy: 0.009966777637600899
result: True
power_upto_now: 0.4094707667827606
360th run
noise dimension : 27
noise variance: 337.2975158691406
original u-statistic:0.3181426525115967
p value proxy: 0.17275747656822205
result: False
power_upto_now: 0.40833333134651184
361th run
noise dimension : 27
noise variance: 339.2378845214844
original u-statistic:0.47036123275756836
p value proxy: 0.06644517928361893
result: False
power_upto_now: 0.40720221400260925
362th run
noise dimension : 27
noise variance: 337.522705078125
original u-statistic:0.610917329788208
p value proxy: 0.023255813866853714
result: True
power_upto_now: 0.40883979201316833
363th run
noise dimension : 27
noise variance: 336.9451599121094
original u-statistic:0.880957841873169
p value proxy: 0.016611294820904732
result: True
power_upto_now: 0.41046831011772156
364th run
noise dimension : 27
noise variance: 337.2591247558594
original u-statistic:0.41331911087036133
p value proxy: 0.12956809997558594
result: False
power_upto_now: 0.40934064984321594
365th run
noise dimension : 27
noise variance: 336.8382263183594
original u-statistic:0.6542820930480957
p value proxy: 0.05647840350866318
result: False
power_upto_now: 0.40821918845176697
366th run
noise dimension : 27
noise variance: 336.7082824707031
original u-statistic:1.2224698066711426
p value proxy: 0.003322259057313204
result: True
power_upto_now: 0.4098360538482666
367th run
noise dimension : 27
noise variance: 336.6910705566406
original u-statistic:0.23259353637695312
p value proxy: 0.21926909685134888
result: False
power_upto_now: 0.40871936082839966
368th run
noise dimension : 27
noise variance: 337.87890625
original u-statistic:0.6601772308349609
p value proxy: 0.04651162773370743
result: True
power_upto_now: 0.4103260934352875
369th run
noise dimension : 27
noise variance: 337.2135314941406
original u-statistic:1.4722936153411865
p value proxy: 0.003322259057313204
result: True
power_upto_now: 0.4119241237640381
370th run
noise dimension : 27
noise variance: 338.36358642578125
original u-statistic:0.5128026008605957
p value proxy: 0.049833886325359344
result: True
power_upto_now: 0.41351351141929626
371th run
noise dimension : 27
noise variance: 337.9988708496094
original u-statistic:0.19040441513061523
p value proxy: 0.2857142686843872
result: False
power_upto_now: 0.41239893436431885
372th run
noise dimension : 27
noise variance: 337.6816101074219
original u-statistic:-0.16457843780517578
p value proxy: 0.6877076029777527
result: False
power_upto_now: 0.41129031777381897
373th run
noise dimension : 27
noise variance: 337.199462890625
original u-statistic:0.17173147201538086
p value proxy: 0.2857142686843872
result: False
power_upto_now: 0.41018766164779663
374th run
noise dimension : 27
noise variance: 337.4237060546875
original u-statistic:-0.2955484390258789
p value proxy: 0.8471760749816895
result: False
power_upto_now: 0.40909090638160706
375th run
noise dimension : 27
noise variance: 338.08709716796875
original u-statistic:1.2743167877197266
p value proxy: 0.006644518114626408
result: True
power_upto_now: 0.41066667437553406
376th run
noise dimension : 27
noise variance: 336.4005432128906
original u-statistic:0.7106146812438965
p value proxy: 0.04318936914205551
result: True
power_upto_now: 0.41223403811454773
377th run
noise dimension : 27
noise variance: 336.9617919921875
original u-statistic:0.15711212158203125
p value proxy: 0.31561461091041565
result: False
power_upto_now: 0.4111405909061432
378th run
noise dimension : 27
noise variance: 336.0668640136719
original u-statistic:1.2318649291992188
p value proxy: 0.009966777637600899
result: True
power_upto_now: 0.4126984179019928
379th run
noise dimension : 27
noise variance: 337.65704345703125
original u-statistic:0.142669677734375
p value proxy: 0.3488371968269348
result: False
power_upto_now: 0.4116095006465912
380th run
noise dimension : 27
noise variance: 337.9176025390625
original u-statistic:1.3083782196044922
p value proxy: 0.003322259057313204
result: True
power_upto_now: 0.4131578803062439
381th run
noise dimension : 27
noise variance: 337.6855163574219
original u-statistic:0.6847357749938965
p value proxy: 0.033222589641809464
result: True
power_upto_now: 0.41469815373420715
382th run
noise dimension : 27
noise variance: 337.81201171875
original u-statistic:0.45841336250305176
p value proxy: 0.09966777265071869
result: False
power_upto_now: 0.41361257433891296
383th run
noise dimension : 27
noise variance: 336.9356994628906
original u-statistic:0.09488296508789062
p value proxy: 0.33887043595314026
result: False
power_upto_now: 0.41253262758255005
384th run
noise dimension : 27
noise variance: 336.8006896972656
original u-statistic:0.9947643280029297
p value proxy: 0.006644518114626408
result: True
power_upto_now: 0.4140625
385th run
noise dimension : 27
noise variance: 337.26385498046875
original u-statistic:0.5462872982025146
p value proxy: 0.06976743787527084
result: False
power_upto_now: 0.41298702359199524
386th run
noise dimension : 27
noise variance: 338.2434997558594
original u-statistic:0.23877668380737305
p value proxy: 0.25249168276786804
result: False
power_upto_now: 0.4119170904159546
387th run
noise dimension : 27
noise variance: 336.9744873046875
original u-statistic:0.04307889938354492
p value proxy: 0.4518272280693054
result: False
power_upto_now: 0.41085270047187805
388th run
noise dimension : 27
noise variance: 335.8492736816406
original u-statistic:0.8444857597351074
p value proxy: 0.013289036229252815
result: True
power_upto_now: 0.41237112879753113
389th run
noise dimension : 27
noise variance: 337.5984802246094
original u-statistic:0.6075789928436279
p value proxy: 0.039867110550403595
result: True
power_upto_now: 0.41388174891471863
390th run
noise dimension : 27
noise variance: 337.9168701171875
original u-statistic:0.37058520317077637
p value proxy: 0.13289035856723785
result: False
power_upto_now: 0.4128205180168152
391th run
noise dimension : 27
noise variance: 337.4962463378906
original u-statistic:2.732304096221924
p value proxy: 0.003322259057313204
result: True
power_upto_now: 0.41432225704193115
392th run
noise dimension : 27
noise variance: 337.40948486328125
original u-statistic:0.533604621887207
p value proxy: 0.059800662100315094
result: False
power_upto_now: 0.41326531767845154
393th run
noise dimension : 27
noise variance: 337.0766906738281
original u-statistic:0.6504988670349121
p value proxy: 0.03654484823346138
result: True
power_upto_now: 0.41475826501846313
394th run
noise dimension : 27
noise variance: 337.8127746582031
original u-statistic:1.6670217514038086
p value proxy: 0.003322259057313204
result: True
power_upto_now: 0.41624364256858826
395th run
noise dimension : 27
noise variance: 337.7086486816406
original u-statistic:-0.12734150886535645
p value proxy: 0.6279069781303406
result: False
power_upto_now: 0.41518986225128174
396th run
noise dimension : 27
noise variance: 337.72064208984375
original u-statistic:0.06463861465454102
p value proxy: 0.43521595001220703
result: False
power_upto_now: 0.4141414165496826
397th run
noise dimension : 27
noise variance: 337.3714294433594
original u-statistic:0.6695911884307861
p value proxy: 0.033222589641809464
result: True
power_upto_now: 0.4156171381473541
398th run
noise dimension : 27
noise variance: 337.76275634765625
original u-statistic:0.22055649757385254
p value proxy: 0.24916942417621613
result: False
power_upto_now: 0.4145728647708893
399th run
noise dimension : 27
noise variance: 340.086669921875
original u-statistic:0.850902795791626
p value proxy: 0.016611294820904732
result: True
power_upto_now: 0.4160400927066803
400th run
noise dimension : 27
noise variance: 336.5279541015625
original u-statistic:0.8142590522766113
p value proxy: 0.023255813866853714
result: True
power_upto_now: 0.41749998927116394
401th run
noise dimension : 27
noise variance: 336.9979553222656
original u-statistic:1.1355109214782715
p value proxy: 0.009966777637600899
result: True
power_upto_now: 0.418952614068985
402th run
noise dimension : 27
noise variance: 337.27874755859375
original u-statistic:0.5740458965301514
p value proxy: 0.07641195505857468
result: False
power_upto_now: 0.41791045665740967
403th run
noise dimension : 27
noise variance: 336.9140319824219
original u-statistic:0.15642023086547852
p value proxy: 0.3089700937271118
result: False
power_upto_now: 0.4168734550476074
404th run
noise dimension : 27
noise variance: 337.89996337890625
original u-statistic:1.2053556442260742
p value proxy: 0.003322259057313204
result: True
power_upto_now: 0.4183168411254883
405th run
noise dimension : 27
noise variance: 336.9548034667969
original u-statistic:1.212226152420044
p value proxy: 0.003322259057313204
result: True
power_upto_now: 0.4197530746459961
406th run
noise dimension : 27
noise variance: 336.3393249511719
original u-statistic:0.8885364532470703
p value proxy: 0.009966777637600899
result: True
power_upto_now: 0.4211822748184204
407th run
noise dimension : 27
noise variance: 336.4971008300781
original u-statistic:0.758582592010498
p value proxy: 0.016611294820904732
result: True
power_upto_now: 0.42260441184043884
408th run
noise dimension : 27
noise variance: 337.6043395996094
original u-statistic:0.1625537872314453
p value proxy: 0.27574750781059265
result: False
power_upto_now: 0.4215686321258545
409th run
noise dimension : 27
noise variance: 337.1839294433594
original u-statistic:0.6838901042938232
p value proxy: 0.029900331050157547
result: True
power_upto_now: 0.4229828715324402
410th run
noise dimension : 27
noise variance: 337.3968811035156
original u-statistic:1.3020646572113037
p value proxy: 0.003322259057313204
result: True
power_upto_now: 0.4243902564048767
411th run
noise dimension : 27
noise variance: 337.50543212890625
original u-statistic:0.4911317825317383
p value proxy: 0.06312292069196701
result: False
power_upto_now: 0.42335766553878784
412th run
noise dimension : 27
noise variance: 337.3821716308594
original u-statistic:0.6640458106994629
p value proxy: 0.04651162773370743
result: True
power_upto_now: 0.4247572720050812
413th run
noise dimension : 27
noise variance: 337.2575378417969
original u-statistic:-0.25489282608032227
p value proxy: 0.7774085998535156
result: False
power_upto_now: 0.4237288236618042
414th run
noise dimension : 27
noise variance: 336.7499694824219
original u-statistic:0.747593879699707
p value proxy: 0.033222589641809464
result: True
power_upto_now: 0.4251207709312439
415th run
noise dimension : 27
noise variance: 338.3594970703125
original u-statistic:0.5206241607666016
p value proxy: 0.0830564796924591
result: False
power_upto_now: 0.42409637570381165
416th run
noise dimension : 27
noise variance: 338.6463317871094
original u-statistic:0.6367387771606445
p value proxy: 0.03654484823346138
result: True
power_upto_now: 0.42548078298568726
417th run
noise dimension : 27
noise variance: 338.40301513671875
original u-statistic:0.5100014209747314
p value proxy: 0.05647840350866318
result: False
power_upto_now: 0.42446044087409973
418th run
noise dimension : 27
noise variance: 337.8045959472656
original u-statistic:1.0873870849609375
p value proxy: 0.003322259057313204
result: True
power_upto_now: 0.42583730816841125
419th run
noise dimension : 27
noise variance: 336.548095703125
original u-statistic:0.5364477634429932
p value proxy: 0.09302325546741486
result: False
power_upto_now: 0.42482098937034607
420th run
noise dimension : 27
noise variance: 338.7171936035156
original u-statistic:0.5074963569641113
p value proxy: 0.08970099687576294
result: False
power_upto_now: 0.4238095283508301
421th run
noise dimension : 27
noise variance: 336.86859130859375
original u-statistic:0.055455684661865234
p value proxy: 0.3887042999267578
result: False
power_upto_now: 0.4228028357028961
422th run
noise dimension : 27
noise variance: 338.2109375
original u-statistic:-0.6246652603149414
p value proxy: 0.9933554530143738
result: False
power_upto_now: 0.4218009412288666
423th run
noise dimension : 27
noise variance: 338.3642272949219
original u-statistic:0.9519672393798828
p value proxy: 0.009966777637600899
result: True
power_upto_now: 0.4231678545475006
424th run
noise dimension : 27
noise variance: 336.89739990234375
original u-statistic:-0.13031721115112305
p value proxy: 0.674418568611145
result: False
power_upto_now: 0.4221698045730591
425th run
noise dimension : 27
noise variance: 337.1003723144531
original u-statistic:1.549330234527588
p value proxy: 0.003322259057313204
result: True
power_upto_now: 0.42352941632270813
426th run
noise dimension : 27
noise variance: 336.6150817871094
original u-statistic:1.1191089153289795
p value proxy: 0.003322259057313204
result: True
power_upto_now: 0.4248826205730438
427th run
noise dimension : 27
noise variance: 337.9368591308594
original u-statistic:0.2505784034729004
p value proxy: 0.23588038980960846
result: False
power_upto_now: 0.42388758063316345
428th run
noise dimension : 27
noise variance: 336.3758850097656
original u-statistic:0.19965386390686035
p value proxy: 0.2857142686843872
result: False
power_upto_now: 0.42289718985557556
429th run
noise dimension : 27
noise variance: 338.84649658203125
original u-statistic:-0.13680791854858398
p value proxy: 0.6411960124969482
result: False
power_upto_now: 0.42191141843795776
430th run
noise dimension : 27
noise variance: 336.8214416503906
original u-statistic:0.37960338592529297
p value proxy: 0.13289035856723785
result: False
power_upto_now: 0.42093023657798767
431th run
noise dimension : 27
noise variance: 338.4771728515625
original u-statistic:0.09160327911376953
p value proxy: 0.43521595001220703
result: False
power_upto_now: 0.4199535846710205
432th run
noise dimension : 27
noise variance: 337.7430419921875
original u-statistic:0.8649017810821533
p value proxy: 0.016611294820904732
result: True
power_upto_now: 0.42129629850387573
433th run
noise dimension : 27
noise variance: 338.42608642578125
original u-statistic:0.028583049774169922
p value proxy: 0.4252491593360901
result: False
power_upto_now: 0.42032331228256226
434th run
noise dimension : 27
noise variance: 337.43768310546875
original u-statistic:0.5961265563964844
p value proxy: 0.049833886325359344
result: True
power_upto_now: 0.421658992767334
435th run
noise dimension : 27
noise variance: 338.2688903808594
original u-statistic:0.7310187816619873
p value proxy: 0.029900331050157547
result: True
power_upto_now: 0.42298850417137146
436th run
noise dimension : 27
noise variance: 339.1090087890625
original u-statistic:0.24548745155334473
p value proxy: 0.2458471655845642
result: False
power_upto_now: 0.4220183491706848
437th run
noise dimension : 27
noise variance: 337.9622802734375
original u-statistic:0.04058647155761719
p value proxy: 0.39867109060287476
result: False
power_upto_now: 0.42105263471603394
438th run
noise dimension : 27
noise variance: 337.6085205078125
original u-statistic:0.915503978729248
p value proxy: 0.013289036229252815
result: True
power_upto_now: 0.422374427318573
439th run
noise dimension : 27
noise variance: 335.9735412597656
original u-statistic:0.6526675224304199
p value proxy: 0.04318936914205551
result: True
power_upto_now: 0.42369019985198975
440th run
noise dimension : 27
noise variance: 337.1553649902344
original u-statistic:0.05435752868652344
p value proxy: 0.39867109060287476
result: False
power_upto_now: 0.4227272868156433
441th run
noise dimension : 27
noise variance: 338.3551025390625
original u-statistic:0.3471064567565918
p value proxy: 0.13621261715888977
result: False
power_upto_now: 0.4217686951160431
442th run
noise dimension : 27
noise variance: 336.61907958984375
original u-statistic:0.9011411666870117
p value proxy: 0.016611294820904732
result: True
power_upto_now: 0.42307692766189575
443th run
noise dimension : 27
noise variance: 337.6011962890625
original u-statistic:1.2735424041748047
p value proxy: 0.003322259057313204
result: True
power_upto_now: 0.42437922954559326
444th run
noise dimension : 27
noise variance: 338.1468200683594
original u-statistic:1.5213165283203125
p value proxy: 0.003322259057313204
result: True
power_upto_now: 0.4256756901741028
445th run
noise dimension : 27
noise variance: 338.8213195800781
original u-statistic:1.2080631256103516
p value proxy: 0.006644518114626408
result: True
power_upto_now: 0.42696627974510193
446th run
noise dimension : 27
noise variance: 336.4134826660156
original u-statistic:0.8054080009460449
p value proxy: 0.019933555275201797
result: True
power_upto_now: 0.42825111746788025
447th run
noise dimension : 27
noise variance: 337.954833984375
original u-statistic:0.8711638450622559
p value proxy: 0.016611294820904732
result: True
power_upto_now: 0.42953020334243774
448th run
noise dimension : 27
noise variance: 337.4148254394531
original u-statistic:0.60996413230896
p value proxy: 0.059800662100315094
result: False
power_upto_now: 0.4285714328289032
449th run
noise dimension : 27
noise variance: 336.5699462890625
original u-statistic:0.6130268573760986
p value proxy: 0.07641195505857468
result: False
power_upto_now: 0.4276169240474701
450th run
noise dimension : 27
noise variance: 338.6602478027344
original u-statistic:0.24704813957214355
p value proxy: 0.25249168276786804
result: False
power_upto_now: 0.4266666769981384
451th run
noise dimension : 27
noise variance: 337.4608154296875
original u-statistic:0.6183061599731445
p value proxy: 0.05647840350866318
result: False
power_upto_now: 0.4257206320762634
452th run
noise dimension : 27
noise variance: 337.2922668457031
original u-statistic:0.7127060890197754
p value proxy: 0.019933555275201797
result: True
power_upto_now: 0.42699116468429565
453th run
noise dimension : 27
noise variance: 338.0151672363281
original u-statistic:1.0047733783721924
p value proxy: 0.013289036229252815
result: True
power_upto_now: 0.4282560646533966
454th run
noise dimension : 27
noise variance: 337.985595703125
original u-statistic:0.5609104633331299
p value proxy: 0.039867110550403595
result: True
power_upto_now: 0.42951542139053345
455th run
noise dimension : 27
noise variance: 338.0538635253906
original u-statistic:0.12203741073608398
p value proxy: 0.35548171401023865
result: False
power_upto_now: 0.4285714328289032
456th run
noise dimension : 27
noise variance: 338.1624450683594
original u-statistic:0.3325362205505371
p value proxy: 0.11960132420063019
result: False
power_upto_now: 0.42763158679008484
457th run
noise dimension : 27
noise variance: 337.5668029785156
original u-statistic:-0.06788897514343262
p value proxy: 0.5182723999023438
result: False
power_upto_now: 0.426695853471756
458th run
noise dimension : 27
noise variance: 337.0516357421875
original u-statistic:0.811386227607727
p value proxy: 0.04318936914205551
result: True
power_upto_now: 0.42794761061668396
459th run
noise dimension : 27
noise variance: 336.4181823730469
original u-statistic:0.8303313255310059
p value proxy: 0.019933555275201797
result: True
power_upto_now: 0.429193913936615
460th run
noise dimension : 27
noise variance: 337.60723876953125
original u-statistic:0.6571247577667236
p value proxy: 0.04651162773370743
result: True
power_upto_now: 0.43043479323387146
461th run
noise dimension : 27
noise variance: 336.2289123535156
original u-statistic:0.13552045822143555
p value proxy: 0.29568105936050415
result: False
power_upto_now: 0.42950108647346497
462th run
noise dimension : 27
noise variance: 336.0434875488281
original u-statistic:0.3070201873779297
p value proxy: 0.15614616870880127
result: False
power_upto_now: 0.4285714328289032
463th run
noise dimension : 27
noise variance: 335.411376953125
original u-statistic:0.9056744575500488
p value proxy: 0.013289036229252815
result: True
power_upto_now: 0.42980560660362244
464th run
noise dimension : 27
noise variance: 337.7734069824219
original u-statistic:0.5840175151824951
p value proxy: 0.04318936914205551
result: True
power_upto_now: 0.43103447556495667
465th run
noise dimension : 27
noise variance: 339.3907470703125
original u-statistic:1.0716421604156494
p value proxy: 0.009966777637600899
result: True
power_upto_now: 0.43225806951522827
466th run
noise dimension : 27
noise variance: 337.3088684082031
original u-statistic:1.4579319953918457
p value proxy: 0.003322259057313204
result: True
power_upto_now: 0.43347638845443726
467th run
noise dimension : 27
noise variance: 335.7012634277344
original u-statistic:0.44626736640930176
p value proxy: 0.07641195505857468
result: False
power_upto_now: 0.4325481653213501
468th run
noise dimension : 27
noise variance: 336.4969787597656
original u-statistic:0.644871711730957
p value proxy: 0.04318936914205551
result: True
power_upto_now: 0.4337606728076935
469th run
noise dimension : 27
noise variance: 336.8927917480469
original u-statistic:0.7744925022125244
p value proxy: 0.013289036229252815
result: True
power_upto_now: 0.4349680244922638
470th run
noise dimension : 27
noise variance: 336.3867492675781
original u-statistic:0.6871962547302246
p value proxy: 0.02657807245850563
result: True
power_upto_now: 0.43617022037506104
471th run
noise dimension : 27
noise variance: 336.7232971191406
original u-statistic:-0.1681523323059082
p value proxy: 0.7009966373443604
result: False
power_upto_now: 0.4352441728115082
472th run
noise dimension : 27
noise variance: 338.31695556640625
original u-statistic:0.5568854808807373
p value proxy: 0.06312292069196701
result: False
power_upto_now: 0.4343220293521881
473th run
noise dimension : 27
noise variance: 338.1014099121094
original u-statistic:1.1426548957824707
p value proxy: 0.003322259057313204
result: True
power_upto_now: 0.43551796674728394
474th run
noise dimension : 27
noise variance: 336.166015625
original u-statistic:-0.2205488681793213
p value proxy: 0.7209302186965942
result: False
power_upto_now: 0.4345991611480713
475th run
noise dimension : 27
noise variance: 338.4605712890625
original u-statistic:0.6378774642944336
p value proxy: 0.03654484823346138
result: True
power_upto_now: 0.43578946590423584
476th run
noise dimension : 27
noise variance: 338.70440673828125
original u-statistic:0.41989564895629883
p value proxy: 0.12956809997558594
result: False
power_upto_now: 0.43487393856048584
477th run
noise dimension : 27
noise variance: 337.79296875
original u-statistic:0.546381950378418
p value proxy: 0.059800662100315094
result: False
power_upto_now: 0.43396225571632385
478th run
noise dimension : 27
noise variance: 338.2696533203125
original u-statistic:1.5502209663391113
p value proxy: 0.003322259057313204
result: True
power_upto_now: 0.4351464509963989
479th run
noise dimension : 27
noise variance: 336.2208251953125
original u-statistic:0.256974458694458
p value proxy: 0.1661129593849182
result: False
power_upto_now: 0.4342379868030548
480th run
noise dimension : 27
noise variance: 337.9926452636719
original u-statistic:0.858562707901001
p value proxy: 0.013289036229252815
result: True
power_upto_now: 0.43541666865348816
481th run
noise dimension : 27
noise variance: 338.3260803222656
original u-statistic:0.980724573135376
p value proxy: 0.013289036229252815
result: True
power_upto_now: 0.43659043312072754
482th run
noise dimension : 27
noise variance: 336.23529052734375
original u-statistic:0.7029318809509277
p value proxy: 0.03654484823346138
result: True
power_upto_now: 0.4377593398094177
483th run
noise dimension : 27
noise variance: 337.7184143066406
original u-statistic:1.278696060180664
p value proxy: 0.006644518114626408
result: True
power_upto_now: 0.4389233887195587
484th run
noise dimension : 27
noise variance: 338.69659423828125
original u-statistic:0.8291501998901367
p value proxy: 0.019933555275201797
result: True
power_upto_now: 0.4400826394557953
485th run
noise dimension : 27
noise variance: 336.8268737792969
original u-statistic:-0.15636396408081055
p value proxy: 0.6877076029777527
result: False
power_upto_now: 0.43917524814605713
486th run
noise dimension : 27
noise variance: 337.7114562988281
original u-statistic:0.1474900245666504
p value proxy: 0.3322259187698364
result: False
power_upto_now: 0.4382716119289398
487th run
noise dimension : 27
noise variance: 337.75885009765625
original u-statistic:-0.2952003479003906
p value proxy: 0.7840531468391418
result: False
power_upto_now: 0.4373716711997986
488th run
noise dimension : 27
noise variance: 337.0142517089844
original u-statistic:0.16278624534606934
p value proxy: 0.31893688440322876
result: False
power_upto_now: 0.43647539615631104
489th run
noise dimension : 27
noise variance: 337.8526611328125
original u-statistic:0.7791836261749268
p value proxy: 0.029900331050157547
result: True
power_upto_now: 0.4376278221607208
490th run
noise dimension : 27
noise variance: 338.0815124511719
original u-statistic:0.45226168632507324
p value proxy: 0.11960132420063019
result: False
power_upto_now: 0.43673470616340637
491th run
noise dimension : 27
noise variance: 336.7673034667969
original u-statistic:0.6243691444396973
p value proxy: 0.05647840350866318
result: False
power_upto_now: 0.4358452260494232
492th run
noise dimension : 27
noise variance: 337.57733154296875
original u-statistic:0.5341019630432129
p value proxy: 0.08637873828411102
result: False
power_upto_now: 0.434959352016449
493th run
noise dimension : 27
noise variance: 337.4698791503906
original u-statistic:0.03761649131774902
p value proxy: 0.45847174525260925
result: False
power_upto_now: 0.43407708406448364
494th run
noise dimension : 27
noise variance: 336.7994384765625
original u-statistic:0.35954976081848145
p value proxy: 0.1229235827922821
result: False
power_upto_now: 0.43319839239120483
495th run
noise dimension : 27
noise variance: 339.0642395019531
original u-statistic:-0.1440119743347168
p value proxy: 0.634551465511322
result: False
power_upto_now: 0.43232324719429016
496th run
noise dimension : 27
noise variance: 336.84051513671875
original u-statistic:0.8470335006713867
p value proxy: 0.009966777637600899
result: True
power_upto_now: 0.4334677457809448
497th run
noise dimension : 27
noise variance: 337.8388671875
original u-statistic:0.759061336517334
p value proxy: 0.02657807245850563
result: True
power_upto_now: 0.4346076548099518
498th run
noise dimension : 27
noise variance: 337.20037841796875
original u-statistic:0.061052560806274414
p value proxy: 0.421926885843277
result: False
power_upto_now: 0.4337349534034729
499th run
noise dimension : 27
noise variance: 337.7575988769531
original u-statistic:0.4388003349304199
p value proxy: 0.07973422110080719
result: False
power_upto_now: 0.4328657388687134
500th run
noise dimension : 27
noise variance: 336.3434143066406
original u-statistic:1.0390748977661133
p value proxy: 0.003322259057313204
result: True
power_upto_now: 0.4339999854564667
power estimate : 0.4339999854564667
elapsed time: 3829.87242269516
