job started
cuda available: True
code run on device:: cuda:0

n1 = 25000, n2 = 25000,

kappa = 3, alpha = 0.8,

gamma = 0.05, nTests = 500,

B = 300

1th run
noise dimension : 27
noise variance: 337.4069519042969
original u-statistic:0.5621507167816162
p value proxy: 0.006644518114626408
result: True
power_upto_now: 1.0
2th run
noise dimension : 27
noise variance: 338.1666564941406
original u-statistic:0.48632192611694336
p value proxy: 0.019933555275201797
result: True
power_upto_now: 1.0
3th run
noise dimension : 27
noise variance: 337.52667236328125
original u-statistic:0.3869931697845459
p value proxy: 0.04318936914205551
result: True
power_upto_now: 1.0
4th run
noise dimension : 27
noise variance: 338.4536437988281
original u-statistic:0.2006392478942871
p value proxy: 0.1428571343421936
result: False
power_upto_now: 0.75
5th run
noise dimension : 27
noise variance: 337.3362121582031
original u-statistic:0.3548154830932617
p value proxy: 0.05647840350866318
result: False
power_upto_now: 0.6000000238418579
6th run
noise dimension : 27
noise variance: 337.341064453125
original u-statistic:0.9893009662628174
p value proxy: 0.003322259057313204
result: True
power_upto_now: 0.6666666865348816
7th run
noise dimension : 27
noise variance: 338.36181640625
original u-statistic:0.5913434028625488
p value proxy: 0.009966777637600899
result: True
power_upto_now: 0.7142857313156128
8th run
noise dimension : 27
noise variance: 336.8616943359375
original u-statistic:0.7066044807434082
p value proxy: 0.006644518114626408
result: True
power_upto_now: 0.75
9th run
noise dimension : 27
noise variance: 338.2564697265625
original u-statistic:0.3144516944885254
p value proxy: 0.05315614491701126
result: False
power_upto_now: 0.6666666865348816
10th run
noise dimension : 27
noise variance: 336.9612121582031
original u-statistic:0.013892650604248047
p value proxy: 0.44186046719551086
result: False
power_upto_now: 0.6000000238418579
11th run
noise dimension : 27
noise variance: 338.43902587890625
original u-statistic:0.3839714527130127
p value proxy: 0.04651162773370743
result: True
power_upto_now: 0.6363636255264282
12th run
noise dimension : 27
noise variance: 337.56536865234375
original u-statistic:0.6604409217834473
p value proxy: 0.006644518114626408
result: True
power_upto_now: 0.6666666865348816
13th run
noise dimension : 27
noise variance: 337.87066650390625
original u-statistic:0.6514537334442139
p value proxy: 0.006644518114626408
result: True
power_upto_now: 0.692307710647583
14th run
noise dimension : 27
noise variance: 337.8908996582031
original u-statistic:0.41607117652893066
p value proxy: 0.04318936914205551
result: True
power_upto_now: 0.7142857313156128
15th run
noise dimension : 27
noise variance: 337.6898193359375
original u-statistic:0.849292516708374
p value proxy: 0.003322259057313204
result: True
power_upto_now: 0.7333333492279053
16th run
noise dimension : 27
noise variance: 338.48236083984375
original u-statistic:0.29974865913391113
p value proxy: 0.07641195505857468
result: False
power_upto_now: 0.6875
17th run
noise dimension : 27
noise variance: 338.6363525390625
original u-statistic:0.008433818817138672
p value proxy: 0.4318936765193939
result: False
power_upto_now: 0.6470588445663452
18th run
noise dimension : 27
noise variance: 338.74920654296875
original u-statistic:0.8780748844146729
p value proxy: 0.003322259057313204
result: True
power_upto_now: 0.6666666865348816
19th run
noise dimension : 27
noise variance: 337.9998779296875
original u-statistic:0.9080512523651123
p value proxy: 0.003322259057313204
result: True
power_upto_now: 0.6842105388641357
20th run
noise dimension : 27
noise variance: 337.5477600097656
original u-statistic:0.7928478717803955
p value proxy: 0.003322259057313204
result: True
power_upto_now: 0.699999988079071
21th run
noise dimension : 27
noise variance: 336.2127685546875
original u-statistic:0.7188048362731934
p value proxy: 0.003322259057313204
result: True
power_upto_now: 0.7142857313156128
22th run
noise dimension : 27
noise variance: 336.2070007324219
original u-statistic:0.9045336246490479
p value proxy: 0.003322259057313204
result: True
power_upto_now: 0.7272727489471436
23th run
noise dimension : 27
noise variance: 337.2882385253906
original u-statistic:0.27706146240234375
p value proxy: 0.1029900312423706
result: False
power_upto_now: 0.695652186870575
24th run
noise dimension : 27
noise variance: 337.75390625
original u-statistic:-0.07106685638427734
p value proxy: 0.604651153087616
result: False
power_upto_now: 0.6666666865348816
25th run
noise dimension : 27
noise variance: 337.6943054199219
original u-statistic:1.6709589958190918
p value proxy: 0.003322259057313204
result: True
power_upto_now: 0.6800000071525574
26th run
noise dimension : 27
noise variance: 337.3604736328125
original u-statistic:0.4970557689666748
p value proxy: 0.016611294820904732
result: True
power_upto_now: 0.692307710647583
27th run
noise dimension : 27
noise variance: 338.0168762207031
original u-statistic:0.08130979537963867
p value proxy: 0.2857142686843872
result: False
power_upto_now: 0.6666666865348816
28th run
noise dimension : 27
noise variance: 337.6781311035156
original u-statistic:0.4364805221557617
p value proxy: 0.023255813866853714
result: True
power_upto_now: 0.6785714030265808
29th run
noise dimension : 27
noise variance: 337.7933654785156
original u-statistic:0.7325968742370605
p value proxy: 0.003322259057313204
result: True
power_upto_now: 0.6896551847457886
30th run
noise dimension : 27
noise variance: 337.80731201171875
original u-statistic:0.2897958755493164
p value proxy: 0.08637873828411102
result: False
power_upto_now: 0.6666666865348816
31th run
noise dimension : 27
noise variance: 337.0089111328125
original u-statistic:0.7712090015411377
p value proxy: 0.006644518114626408
result: True
power_upto_now: 0.6774193644523621
32th run
noise dimension : 27
noise variance: 338.00244140625
original u-statistic:0.27898192405700684
p value proxy: 0.06976743787527084
result: False
power_upto_now: 0.65625
33th run
noise dimension : 27
noise variance: 337.2132263183594
original u-statistic:0.8085968494415283
p value proxy: 0.003322259057313204
result: True
power_upto_now: 0.6666666865348816
34th run
noise dimension : 27
noise variance: 337.745849609375
original u-statistic:0.9702146053314209
p value proxy: 0.003322259057313204
result: True
power_upto_now: 0.6764705777168274
35th run
noise dimension : 27
noise variance: 336.81640625
original u-statistic:0.5926663875579834
p value proxy: 0.009966777637600899
result: True
power_upto_now: 0.6857143044471741
36th run
noise dimension : 27
noise variance: 338.3761291503906
original u-statistic:0.38138604164123535
p value proxy: 0.033222589641809464
result: True
power_upto_now: 0.6944444179534912
37th run
noise dimension : 27
noise variance: 337.5736999511719
original u-statistic:0.4051823616027832
p value proxy: 0.05647840350866318
result: False
power_upto_now: 0.6756756901741028
38th run
noise dimension : 27
noise variance: 337.31976318359375
original u-statistic:0.5480794906616211
p value proxy: 0.009966777637600899
result: True
power_upto_now: 0.6842105388641357
39th run
noise dimension : 27
noise variance: 336.6719055175781
original u-statistic:0.9936554431915283
p value proxy: 0.003322259057313204
result: True
power_upto_now: 0.692307710647583
40th run
noise dimension : 27
noise variance: 337.98101806640625
original u-statistic:0.821876049041748
p value proxy: 0.006644518114626408
result: True
power_upto_now: 0.699999988079071
41th run
noise dimension : 27
noise variance: 337.6153869628906
original u-statistic:0.09330868721008301
p value proxy: 0.33887043595314026
result: False
power_upto_now: 0.6829268336296082
42th run
noise dimension : 27
noise variance: 337.3963623046875
original u-statistic:0.1789722442626953
p value proxy: 0.1860465109348297
result: False
power_upto_now: 0.6666666865348816
43th run
noise dimension : 27
noise variance: 338.0985107421875
original u-statistic:0.27190470695495605
p value proxy: 0.07308969646692276
result: False
power_upto_now: 0.6511628031730652
44th run
noise dimension : 27
noise variance: 337.1679992675781
original u-statistic:0.5491073131561279
p value proxy: 0.016611294820904732
result: True
power_upto_now: 0.6590909361839294
45th run
noise dimension : 27
noise variance: 336.937744140625
original u-statistic:0.4970884323120117
p value proxy: 0.02657807245850563
result: True
power_upto_now: 0.6666666865348816
46th run
noise dimension : 27
noise variance: 337.7621765136719
original u-statistic:0.9857990741729736
p value proxy: 0.003322259057313204
result: True
power_upto_now: 0.6739130616188049
47th run
noise dimension : 27
noise variance: 337.763671875
original u-statistic:0.5826644897460938
p value proxy: 0.013289036229252815
result: True
power_upto_now: 0.6808510422706604
48th run
noise dimension : 27
noise variance: 338.0833435058594
original u-statistic:0.3801438808441162
p value proxy: 0.039867110550403595
result: True
power_upto_now: 0.6875
49th run
noise dimension : 27
noise variance: 337.7805480957031
original u-statistic:0.7843847274780273
p value proxy: 0.003322259057313204
result: True
power_upto_now: 0.6938775777816772
50th run
noise dimension : 27
noise variance: 337.6759033203125
original u-statistic:0.758075475692749
p value proxy: 0.003322259057313204
result: True
power_upto_now: 0.699999988079071
51th run
noise dimension : 27
noise variance: 337.8194274902344
original u-statistic:0.6138732433319092
p value proxy: 0.006644518114626408
result: True
power_upto_now: 0.7058823704719543
52th run
noise dimension : 27
noise variance: 336.6264343261719
original u-statistic:0.6678948402404785
p value proxy: 0.003322259057313204
result: True
power_upto_now: 0.7115384340286255
53th run
noise dimension : 27
noise variance: 337.0765075683594
original u-statistic:0.8458700180053711
p value proxy: 0.006644518114626408
result: True
power_upto_now: 0.7169811129570007
54th run
noise dimension : 27
noise variance: 337.1093444824219
original u-statistic:0.7152485847473145
p value proxy: 0.003322259057313204
result: True
power_upto_now: 0.7222222089767456
55th run
noise dimension : 27
noise variance: 337.7799377441406
original u-statistic:0.30944371223449707
p value proxy: 0.09634551405906677
result: False
power_upto_now: 0.7090908885002136
56th run
noise dimension : 27
noise variance: 337.15679931640625
original u-statistic:0.11117076873779297
p value proxy: 0.2790697515010834
result: False
power_upto_now: 0.6964285969734192
57th run
noise dimension : 27
noise variance: 337.0431213378906
original u-statistic:1.0768296718597412
p value proxy: 0.003322259057313204
result: True
power_upto_now: 0.7017543911933899
58th run
noise dimension : 27
noise variance: 337.2259521484375
original u-statistic:0.45877671241760254
p value proxy: 0.029900331050157547
result: True
power_upto_now: 0.7068965435028076
59th run
noise dimension : 27
noise variance: 338.94720458984375
original u-statistic:0.6609976291656494
p value proxy: 0.009966777637600899
result: True
power_upto_now: 0.7118644118309021
60th run
noise dimension : 27
noise variance: 337.1703186035156
original u-statistic:-0.007449150085449219
p value proxy: 0.5415282249450684
result: False
power_upto_now: 0.699999988079071
61th run
noise dimension : 27
noise variance: 337.3627014160156
original u-statistic:0.2155323028564453
p value proxy: 0.1395348757505417
result: False
power_upto_now: 0.688524603843689
62th run
noise dimension : 27
noise variance: 336.65570068359375
original u-statistic:0.14187121391296387
p value proxy: 0.2225913554430008
result: False
power_upto_now: 0.6774193644523621
63th run
noise dimension : 27
noise variance: 336.7991943359375
original u-statistic:0.353945255279541
p value proxy: 0.04318936914205551
result: True
power_upto_now: 0.682539701461792
64th run
noise dimension : 27
noise variance: 337.2936706542969
original u-statistic:0.10845088958740234
p value proxy: 0.2458471655845642
result: False
power_upto_now: 0.671875
65th run
noise dimension : 27
noise variance: 338.3060607910156
original u-statistic:0.4633827209472656
p value proxy: 0.02657807245850563
result: True
power_upto_now: 0.6769230961799622
66th run
noise dimension : 27
noise variance: 336.8235168457031
original u-statistic:0.42080020904541016
p value proxy: 0.03654484823346138
result: True
power_upto_now: 0.6818181872367859
67th run
noise dimension : 27
noise variance: 337.5441589355469
original u-statistic:-0.13022208213806152
p value proxy: 0.7109634280204773
result: False
power_upto_now: 0.6716417670249939
68th run
noise dimension : 27
noise variance: 336.7490539550781
original u-statistic:0.49460601806640625
p value proxy: 0.013289036229252815
result: True
power_upto_now: 0.6764705777168274
69th run
noise dimension : 27
noise variance: 337.7513122558594
original u-statistic:0.8024623394012451
p value proxy: 0.003322259057313204
result: True
power_upto_now: 0.6811594367027283
70th run
noise dimension : 27
noise variance: 337.12030029296875
original u-statistic:0.41446900367736816
p value proxy: 0.039867110550403595
result: True
power_upto_now: 0.6857143044471741
71th run
noise dimension : 27
noise variance: 336.560546875
original u-statistic:0.6348214149475098
p value proxy: 0.009966777637600899
result: True
power_upto_now: 0.6901408433914185
72th run
noise dimension : 27
noise variance: 336.2508544921875
original u-statistic:0.7101445198059082
p value proxy: 0.006644518114626408
result: True
power_upto_now: 0.6944444179534912
73th run
noise dimension : 27
noise variance: 337.63189697265625
original u-statistic:0.44612765312194824
p value proxy: 0.04651162773370743
result: True
power_upto_now: 0.698630154132843
74th run
noise dimension : 27
noise variance: 338.3958740234375
original u-statistic:0.577397346496582
p value proxy: 0.019933555275201797
result: True
power_upto_now: 0.7027027010917664
75th run
noise dimension : 27
noise variance: 337.45257568359375
original u-statistic:0.5935027599334717
p value proxy: 0.016611294820904732
result: True
power_upto_now: 0.7066666483879089
76th run
noise dimension : 27
noise variance: 336.1173095703125
original u-statistic:0.6367166042327881
p value proxy: 0.006644518114626408
result: True
power_upto_now: 0.7105262875556946
77th run
noise dimension : 27
noise variance: 337.7374267578125
original u-statistic:0.8910472393035889
p value proxy: 0.003322259057313204
result: True
power_upto_now: 0.7142857313156128
78th run
noise dimension : 27
noise variance: 337.23883056640625
original u-statistic:0.8046379089355469
p value proxy: 0.006644518114626408
result: True
power_upto_now: 0.7179487347602844
79th run
noise dimension : 27
noise variance: 338.1253967285156
original u-statistic:0.5705711841583252
p value proxy: 0.013289036229252815
result: True
power_upto_now: 0.7215189933776855
80th run
noise dimension : 27
noise variance: 337.42950439453125
original u-statistic:0.15850162506103516
p value proxy: 0.19269102811813354
result: False
power_upto_now: 0.7124999761581421
81th run
noise dimension : 27
noise variance: 337.4267272949219
original u-statistic:0.20225882530212402
p value proxy: 0.15946844220161438
result: False
power_upto_now: 0.7037037014961243
82th run
noise dimension : 27
noise variance: 336.8758544921875
original u-statistic:0.6111292839050293
p value proxy: 0.013289036229252815
result: True
power_upto_now: 0.707317054271698
83th run
noise dimension : 27
noise variance: 337.2451477050781
original u-statistic:0.290454626083374
p value proxy: 0.09302325546741486
result: False
power_upto_now: 0.6987951993942261
84th run
noise dimension : 27
noise variance: 338.27764892578125
original u-statistic:0.5387940406799316
p value proxy: 0.016611294820904732
result: True
power_upto_now: 0.7023809552192688
85th run
noise dimension : 27
noise variance: 337.7059326171875
original u-statistic:0.9044795036315918
p value proxy: 0.003322259057313204
result: True
power_upto_now: 0.7058823704719543
86th run
noise dimension : 27
noise variance: 338.2572937011719
original u-statistic:1.1816632747650146
p value proxy: 0.003322259057313204
result: True
power_upto_now: 0.7093023061752319
87th run
noise dimension : 27
noise variance: 338.0821228027344
original u-statistic:0.050287723541259766
p value proxy: 0.3687707483768463
result: False
power_upto_now: 0.7011494040489197
88th run
noise dimension : 27
noise variance: 336.540771484375
original u-statistic:0.8305749893188477
p value proxy: 0.003322259057313204
result: True
power_upto_now: 0.7045454382896423
89th run
noise dimension : 27
noise variance: 336.4061584472656
original u-statistic:0.6501607894897461
p value proxy: 0.003322259057313204
result: True
power_upto_now: 0.7078651785850525
90th run
noise dimension : 27
noise variance: 338.3717956542969
original u-statistic:0.5471298694610596
p value proxy: 0.006644518114626408
result: True
power_upto_now: 0.7111111283302307
91th run
noise dimension : 27
noise variance: 337.1180725097656
original u-statistic:1.1125762462615967
p value proxy: 0.003322259057313204
result: True
power_upto_now: 0.7142857313156128
92th run
noise dimension : 27
noise variance: 337.49053955078125
original u-statistic:0.7162292003631592
p value proxy: 0.006644518114626408
result: True
power_upto_now: 0.717391312122345
93th run
noise dimension : 27
noise variance: 336.1335754394531
original u-statistic:0.32395458221435547
p value proxy: 0.06976743787527084
result: False
power_upto_now: 0.7096773982048035
94th run
noise dimension : 27
noise variance: 338.8505859375
original u-statistic:0.8097853660583496
p value proxy: 0.003322259057313204
result: True
power_upto_now: 0.7127659320831299
95th run
noise dimension : 27
noise variance: 336.5531921386719
original u-statistic:0.5952539443969727
p value proxy: 0.009966777637600899
result: True
power_upto_now: 0.7157894968986511
96th run
noise dimension : 27
noise variance: 337.0861511230469
original u-statistic:0.24577736854553223
p value proxy: 0.08970099687576294
result: False
power_upto_now: 0.7083333134651184
97th run
noise dimension : 27
noise variance: 338.3356018066406
original u-statistic:0.7883331775665283
p value proxy: 0.003322259057313204
result: True
power_upto_now: 0.7113401889801025
98th run
noise dimension : 27
noise variance: 337.899658203125
original u-statistic:1.058880090713501
p value proxy: 0.003322259057313204
result: True
power_upto_now: 0.7142857313156128
99th run
noise dimension : 27
noise variance: 337.4727478027344
original u-statistic:0.13976049423217773
p value proxy: 0.18936876952648163
result: False
power_upto_now: 0.7070707082748413
100th run
noise dimension : 27
noise variance: 336.9077453613281
original u-statistic:0.10467004776000977
p value proxy: 0.31229233741760254
result: False
power_upto_now: 0.699999988079071
101th run
noise dimension : 27
noise variance: 338.6512451171875
original u-statistic:0.5440969467163086
p value proxy: 0.006644518114626408
result: True
power_upto_now: 0.7029703259468079
102th run
noise dimension : 27
noise variance: 337.08599853515625
original u-statistic:0.9933350086212158
p value proxy: 0.003322259057313204
result: True
power_upto_now: 0.7058823704719543
103th run
noise dimension : 27
noise variance: 337.1707458496094
original u-statistic:0.47301626205444336
p value proxy: 0.019933555275201797
result: True
power_upto_now: 0.708737850189209
104th run
noise dimension : 27
noise variance: 339.207275390625
original u-statistic:0.453599214553833
p value proxy: 0.019933555275201797
result: True
power_upto_now: 0.7115384340286255
105th run
noise dimension : 27
noise variance: 337.6374206542969
original u-statistic:0.47188878059387207
p value proxy: 0.023255813866853714
result: True
power_upto_now: 0.7142857313156128
106th run
noise dimension : 27
noise variance: 337.8060607910156
original u-statistic:0.07106161117553711
p value proxy: 0.3455149531364441
result: False
power_upto_now: 0.7075471878051758
107th run
noise dimension : 27
noise variance: 338.6613464355469
original u-statistic:0.3881690502166748
p value proxy: 0.049833886325359344
result: True
power_upto_now: 0.7102803587913513
108th run
noise dimension : 27
noise variance: 337.8133850097656
original u-statistic:0.16847896575927734
p value proxy: 0.22923587262630463
result: False
power_upto_now: 0.7037037014961243
109th run
noise dimension : 27
noise variance: 337.65093994140625
original u-statistic:1.2556085586547852
p value proxy: 0.003322259057313204
result: True
power_upto_now: 0.7064220309257507
110th run
noise dimension : 27
noise variance: 336.7037658691406
original u-statistic:0.04260993003845215
p value proxy: 0.41528236865997314
result: False
power_upto_now: 0.699999988079071
111th run
noise dimension : 27
noise variance: 337.471923828125
original u-statistic:1.0163664817810059
p value proxy: 0.003322259057313204
result: True
power_upto_now: 0.7027027010917664
112th run
noise dimension : 27
noise variance: 337.88507080078125
original u-statistic:0.7792236804962158
p value proxy: 0.003322259057313204
result: True
power_upto_now: 0.7053571343421936
113th run
noise dimension : 27
noise variance: 337.4979553222656
original u-statistic:0.3750193119049072
p value proxy: 0.06312292069196701
result: False
power_upto_now: 0.6991150379180908
114th run
noise dimension : 27
noise variance: 338.0422668457031
original u-statistic:0.7706947326660156
p value proxy: 0.009966777637600899
result: True
power_upto_now: 0.7017543911933899
115th run
noise dimension : 27
noise variance: 338.6436767578125
original u-statistic:0.14158010482788086
p value proxy: 0.27574750781059265
result: False
power_upto_now: 0.695652186870575
116th run
noise dimension : 27
noise variance: 336.4908752441406
original u-statistic:0.3954930305480957
p value proxy: 0.03654484823346138
result: True
power_upto_now: 0.6982758641242981
117th run
noise dimension : 27
noise variance: 337.32000732421875
original u-statistic:0.11683392524719238
p value proxy: 0.27242523431777954
result: False
power_upto_now: 0.692307710647583
118th run
noise dimension : 27
noise variance: 337.05535888671875
original u-statistic:0.5554165840148926
p value proxy: 0.009966777637600899
result: True
power_upto_now: 0.694915235042572
119th run
noise dimension : 27
noise variance: 338.5112609863281
original u-statistic:0.39501142501831055
p value proxy: 0.03654484823346138
result: True
power_upto_now: 0.6974790096282959
120th run
noise dimension : 27
noise variance: 337.66888427734375
original u-statistic:0.0845346450805664
p value proxy: 0.31229233741760254
result: False
power_upto_now: 0.6916666626930237
121th run
noise dimension : 27
noise variance: 338.5857849121094
original u-statistic:0.3640279769897461
p value proxy: 0.029900331050157547
result: True
power_upto_now: 0.6942148804664612
122th run
noise dimension : 27
noise variance: 337.766357421875
original u-statistic:0.8943796157836914
p value proxy: 0.003322259057313204
result: True
power_upto_now: 0.6967213153839111
123th run
noise dimension : 27
noise variance: 336.240478515625
original u-statistic:0.2233867645263672
p value proxy: 0.17607973515987396
result: False
power_upto_now: 0.6910569071769714
124th run
noise dimension : 27
noise variance: 336.3506774902344
original u-statistic:1.1013050079345703
p value proxy: 0.003322259057313204
result: True
power_upto_now: 0.6935483813285828
125th run
noise dimension : 27
noise variance: 337.1181640625
original u-statistic:0.6998629570007324
p value proxy: 0.006644518114626408
result: True
power_upto_now: 0.6959999799728394
126th run
noise dimension : 27
noise variance: 337.50836181640625
original u-statistic:0.286224365234375
p value proxy: 0.08637873828411102
result: False
power_upto_now: 0.6904761791229248
127th run
noise dimension : 27
noise variance: 337.591796875
original u-statistic:0.3172578811645508
p value proxy: 0.07973422110080719
result: False
power_upto_now: 0.6850393414497375
128th run
noise dimension : 27
noise variance: 337.7310791015625
original u-statistic:-0.0656743049621582
p value proxy: 0.594684362411499
result: False
power_upto_now: 0.6796875
129th run
noise dimension : 27
noise variance: 336.768798828125
original u-statistic:-0.009419918060302734
p value proxy: 0.4285714328289032
result: False
power_upto_now: 0.6744186282157898
130th run
noise dimension : 27
noise variance: 337.5176086425781
original u-statistic:0.3091249465942383
p value proxy: 0.09302325546741486
result: False
power_upto_now: 0.6692307591438293
131th run
noise dimension : 27
noise variance: 336.7732849121094
original u-statistic:0.5580999851226807
p value proxy: 0.003322259057313204
result: True
power_upto_now: 0.6717557311058044
132th run
noise dimension : 27
noise variance: 338.0325927734375
original u-statistic:0.17002248764038086
p value proxy: 0.17940199375152588
result: False
power_upto_now: 0.6666666865348816
133th run
noise dimension : 27
noise variance: 337.6799621582031
original u-statistic:0.6587381362915039
p value proxy: 0.003322259057313204
result: True
power_upto_now: 0.6691729426383972
134th run
noise dimension : 27
noise variance: 337.93206787109375
original u-statistic:0.158203125
p value proxy: 0.19269102811813354
result: False
power_upto_now: 0.6641790866851807
135th run
noise dimension : 27
noise variance: 337.27618408203125
original u-statistic:0.8939495086669922
p value proxy: 0.003322259057313204
result: True
power_upto_now: 0.6666666865348816
136th run
noise dimension : 27
noise variance: 337.62969970703125
original u-statistic:0.5832557678222656
p value proxy: 0.009966777637600899
result: True
power_upto_now: 0.6691176295280457
137th run
noise dimension : 27
noise variance: 337.2026062011719
original u-statistic:1.0177552700042725
p value proxy: 0.003322259057313204
result: True
power_upto_now: 0.6715328693389893
138th run
noise dimension : 27
noise variance: 336.9256286621094
original u-statistic:0.8224318027496338
p value proxy: 0.003322259057313204
result: True
power_upto_now: 0.6739130616188049
139th run
noise dimension : 27
noise variance: 337.3684387207031
original u-statistic:0.7245032787322998
p value proxy: 0.006644518114626408
result: True
power_upto_now: 0.6762589812278748
140th run
noise dimension : 27
noise variance: 336.580810546875
original u-statistic:0.19841527938842773
p value proxy: 0.15282391011714935
result: False
power_upto_now: 0.6714285612106323
141th run
noise dimension : 27
noise variance: 338.01751708984375
original u-statistic:0.3873767852783203
p value proxy: 0.059800662100315094
result: False
power_upto_now: 0.6666666865348816
142th run
noise dimension : 27
noise variance: 337.2147521972656
original u-statistic:0.4227733612060547
p value proxy: 0.03654484823346138
result: True
power_upto_now: 0.6690140962600708
143th run
noise dimension : 27
noise variance: 336.9677734375
original u-statistic:0.12364649772644043
p value proxy: 0.23588038980960846
result: False
power_upto_now: 0.6643356680870056
144th run
noise dimension : 27
noise variance: 336.4194641113281
original u-statistic:0.4842958450317383
p value proxy: 0.019933555275201797
result: True
power_upto_now: 0.6666666865348816
145th run
noise dimension : 27
noise variance: 336.648193359375
original u-statistic:0.3384366035461426
p value proxy: 0.04651162773370743
result: True
power_upto_now: 0.6689655184745789
146th run
noise dimension : 27
noise variance: 336.88525390625
original u-statistic:0.38045787811279297
p value proxy: 0.03654484823346138
result: True
power_upto_now: 0.6712328791618347
147th run
noise dimension : 27
noise variance: 337.44085693359375
original u-statistic:0.42327189445495605
p value proxy: 0.03654484823346138
result: True
power_upto_now: 0.6734693646430969
148th run
noise dimension : 27
noise variance: 338.71331787109375
original u-statistic:0.6076498031616211
p value proxy: 0.006644518114626408
result: True
power_upto_now: 0.6756756901741028
149th run
noise dimension : 27
noise variance: 335.7347412109375
original u-statistic:0.7056534290313721
p value proxy: 0.003322259057313204
result: True
power_upto_now: 0.6778523325920105
150th run
noise dimension : 27
noise variance: 338.676025390625
original u-statistic:0.46873974800109863
p value proxy: 0.016611294820904732
result: True
power_upto_now: 0.6800000071525574
151th run
noise dimension : 27
noise variance: 337.98065185546875
original u-statistic:0.006407022476196289
p value proxy: 0.45847174525260925
result: False
power_upto_now: 0.6754966974258423
152th run
noise dimension : 27
noise variance: 337.6967468261719
original u-statistic:0.8267722129821777
p value proxy: 0.006644518114626408
result: True
power_upto_now: 0.6776315569877625
153th run
noise dimension : 27
noise variance: 337.0702209472656
original u-statistic:0.6973135471343994
p value proxy: 0.006644518114626408
result: True
power_upto_now: 0.6797385811805725
154th run
noise dimension : 27
noise variance: 337.0094909667969
original u-statistic:-0.05529308319091797
p value proxy: 0.5847175717353821
result: False
power_upto_now: 0.6753246784210205
155th run
noise dimension : 27
noise variance: 337.7593994140625
original u-statistic:0.6357827186584473
p value proxy: 0.006644518114626408
result: True
power_upto_now: 0.6774193644523621
156th run
noise dimension : 27
noise variance: 336.26531982421875
original u-statistic:0.7368366718292236
p value proxy: 0.003322259057313204
result: True
power_upto_now: 0.6794871687889099
157th run
noise dimension : 27
noise variance: 336.38629150390625
original u-statistic:0.6389522552490234
p value proxy: 0.003322259057313204
result: True
power_upto_now: 0.6815286874771118
158th run
noise dimension : 27
noise variance: 337.6833190917969
original u-statistic:0.7708954811096191
p value proxy: 0.003322259057313204
result: True
power_upto_now: 0.6835442781448364
159th run
noise dimension : 27
noise variance: 337.3705139160156
original u-statistic:0.22258400917053223
p value proxy: 0.14617939293384552
result: False
power_upto_now: 0.6792452931404114
160th run
noise dimension : 27
noise variance: 338.0077819824219
original u-statistic:0.29339599609375
p value proxy: 0.07641195505857468
result: False
power_upto_now: 0.675000011920929
161th run
noise dimension : 27
noise variance: 337.84344482421875
original u-statistic:0.4014904499053955
p value proxy: 0.03654484823346138
result: True
power_upto_now: 0.6770186424255371
162th run
noise dimension : 27
noise variance: 338.4322814941406
original u-statistic:1.0561950206756592
p value proxy: 0.003322259057313204
result: True
power_upto_now: 0.6790123581886292
163th run
noise dimension : 27
noise variance: 338.0079040527344
original u-statistic:0.540290355682373
p value proxy: 0.013289036229252815
result: True
power_upto_now: 0.6809815764427185
164th run
noise dimension : 27
noise variance: 337.6058349609375
original u-statistic:0.5869572162628174
p value proxy: 0.003322259057313204
result: True
power_upto_now: 0.6829268336296082
165th run
noise dimension : 27
noise variance: 337.0223083496094
original u-statistic:0.7185535430908203
p value proxy: 0.003322259057313204
result: True
power_upto_now: 0.6848484873771667
166th run
noise dimension : 27
noise variance: 338.1736755371094
original u-statistic:0.539222240447998
p value proxy: 0.009966777637600899
result: True
power_upto_now: 0.6867470145225525
167th run
noise dimension : 27
noise variance: 337.3915710449219
original u-statistic:0.2658076286315918
p value proxy: 0.09966777265071869
result: False
power_upto_now: 0.682634711265564
168th run
noise dimension : 27
noise variance: 338.56256103515625
original u-statistic:0.40657973289489746
p value proxy: 0.039867110550403595
result: True
power_upto_now: 0.6845238208770752
169th run
noise dimension : 27
noise variance: 337.0433044433594
original u-statistic:0.18032073974609375
p value proxy: 0.1860465109348297
result: False
power_upto_now: 0.6804733872413635
170th run
noise dimension : 27
noise variance: 335.8955993652344
original u-statistic:0.27211952209472656
p value proxy: 0.11960132420063019
result: False
power_upto_now: 0.6764705777168274
171th run
noise dimension : 27
noise variance: 337.2825927734375
original u-statistic:0.3149266242980957
p value proxy: 0.059800662100315094
result: False
power_upto_now: 0.6725146174430847
172th run
noise dimension : 27
noise variance: 337.1689453125
original u-statistic:1.4668331146240234
p value proxy: 0.003322259057313204
result: True
power_upto_now: 0.6744186282157898
173th run
noise dimension : 27
noise variance: 338.53167724609375
original u-statistic:0.5788257122039795
p value proxy: 0.016611294820904732
result: True
power_upto_now: 0.676300585269928
174th run
noise dimension : 27
noise variance: 337.3257751464844
original u-statistic:1.7727103233337402
p value proxy: 0.003322259057313204
result: True
power_upto_now: 0.6781609058380127
175th run
noise dimension : 27
noise variance: 337.9443664550781
original u-statistic:0.42754268646240234
p value proxy: 0.029900331050157547
result: True
power_upto_now: 0.6800000071525574
176th run
noise dimension : 27
noise variance: 337.02142333984375
original u-statistic:0.3881521224975586
p value proxy: 0.033222589641809464
result: True
power_upto_now: 0.6818181872367859
177th run
noise dimension : 27
noise variance: 336.531005859375
original u-statistic:0.4585134983062744
p value proxy: 0.019933555275201797
result: True
power_upto_now: 0.6836158037185669
178th run
noise dimension : 27
noise variance: 337.89007568359375
original u-statistic:0.5204484462738037
p value proxy: 0.006644518114626408
result: True
power_upto_now: 0.6853932738304138
179th run
noise dimension : 27
noise variance: 338.2533264160156
original u-statistic:0.9195501804351807
p value proxy: 0.003322259057313204
result: True
power_upto_now: 0.6871508359909058
180th run
noise dimension : 27
noise variance: 337.5687255859375
original u-statistic:0.22801423072814941
p value proxy: 0.1229235827922821
result: False
power_upto_now: 0.6833333373069763
181th run
noise dimension : 27
noise variance: 337.3132629394531
original u-statistic:0.8956010341644287
p value proxy: 0.003322259057313204
result: True
power_upto_now: 0.6850828528404236
182th run
noise dimension : 27
noise variance: 337.3152770996094
original u-statistic:0.40407752990722656
p value proxy: 0.033222589641809464
result: True
power_upto_now: 0.6868131756782532
183th run
noise dimension : 27
noise variance: 337.47991943359375
original u-statistic:0.8671755790710449
p value proxy: 0.003322259057313204
result: True
power_upto_now: 0.688524603843689
184th run
noise dimension : 27
noise variance: 338.338134765625
original u-statistic:1.0735876560211182
p value proxy: 0.003322259057313204
result: True
power_upto_now: 0.6902173757553101
185th run
noise dimension : 27
noise variance: 337.4313049316406
original u-statistic:0.2990140914916992
p value proxy: 0.08637873828411102
result: False
power_upto_now: 0.6864864826202393
186th run
noise dimension : 27
noise variance: 337.70709228515625
original u-statistic:0.3804769515991211
p value proxy: 0.016611294820904732
result: True
power_upto_now: 0.6881720423698425
187th run
noise dimension : 27
noise variance: 338.1795349121094
original u-statistic:0.6573646068572998
p value proxy: 0.009966777637600899
result: True
power_upto_now: 0.6898396015167236
188th run
noise dimension : 27
noise variance: 337.3865966796875
original u-statistic:0.4603848457336426
p value proxy: 0.033222589641809464
result: True
power_upto_now: 0.6914893388748169
189th run
noise dimension : 27
noise variance: 337.4957275390625
original u-statistic:0.4403972625732422
p value proxy: 0.029900331050157547
result: True
power_upto_now: 0.6931216716766357
190th run
noise dimension : 27
noise variance: 337.1223449707031
original u-statistic:0.5010116100311279
p value proxy: 0.023255813866853714
result: True
power_upto_now: 0.6947368383407593
191th run
noise dimension : 27
noise variance: 337.2647705078125
original u-statistic:0.4513559341430664
p value proxy: 0.029900331050157547
result: True
power_upto_now: 0.6963350772857666
192th run
noise dimension : 27
noise variance: 337.02069091796875
original u-statistic:0.42531704902648926
p value proxy: 0.039867110550403595
result: True
power_upto_now: 0.6979166865348816
193th run
noise dimension : 27
noise variance: 336.63751220703125
original u-statistic:0.3413517475128174
p value proxy: 0.0830564796924591
result: False
power_upto_now: 0.6943005323410034
194th run
noise dimension : 27
noise variance: 338.1297302246094
original u-statistic:0.5360915660858154
p value proxy: 0.003322259057313204
result: True
power_upto_now: 0.6958763003349304
195th run
noise dimension : 27
noise variance: 337.4540100097656
original u-statistic:0.5177195072174072
p value proxy: 0.006644518114626408
result: True
power_upto_now: 0.6974359154701233
196th run
noise dimension : 27
noise variance: 337.7100524902344
original u-statistic:1.0436406135559082
p value proxy: 0.003322259057313204
result: True
power_upto_now: 0.6989796161651611
197th run
noise dimension : 27
noise variance: 337.87872314453125
original u-statistic:0.6537923812866211
p value proxy: 0.009966777637600899
result: True
power_upto_now: 0.700507640838623
198th run
noise dimension : 27
noise variance: 336.9947204589844
original u-statistic:0.22000694274902344
p value proxy: 0.17607973515987396
result: False
power_upto_now: 0.6969696879386902
199th run
noise dimension : 27
noise variance: 337.38983154296875
original u-statistic:1.5645606517791748
p value proxy: 0.003322259057313204
result: True
power_upto_now: 0.6984924674034119
200th run
noise dimension : 27
noise variance: 337.3453674316406
original u-statistic:0.37558746337890625
p value proxy: 0.04318936914205551
result: True
power_upto_now: 0.699999988079071
201th run
noise dimension : 27
noise variance: 338.0019836425781
original u-statistic:0.46564531326293945
p value proxy: 0.02657807245850563
result: True
power_upto_now: 0.7014925479888916
202th run
noise dimension : 27
noise variance: 339.5461120605469
original u-statistic:0.16115999221801758
p value proxy: 0.1627907007932663
result: False
power_upto_now: 0.698019802570343
203th run
noise dimension : 27
noise variance: 338.0523681640625
original u-statistic:0.8205077648162842
p value proxy: 0.003322259057313204
result: True
power_upto_now: 0.6995074152946472
204th run
noise dimension : 27
noise variance: 337.1412658691406
original u-statistic:0.9748997688293457
p value proxy: 0.003322259057313204
result: True
power_upto_now: 0.7009803652763367
205th run
noise dimension : 27
noise variance: 337.40142822265625
original u-statistic:0.9089462757110596
p value proxy: 0.006644518114626408
result: True
power_upto_now: 0.70243901014328
206th run
noise dimension : 27
noise variance: 337.66851806640625
original u-statistic:0.544008731842041
p value proxy: 0.013289036229252815
result: True
power_upto_now: 0.7038834691047668
207th run
noise dimension : 27
noise variance: 337.3526611328125
original u-statistic:0.6450726985931396
p value proxy: 0.006644518114626408
result: True
power_upto_now: 0.7053139805793762
208th run
noise dimension : 27
noise variance: 338.2969665527344
original u-statistic:0.38080573081970215
p value proxy: 0.04318936914205551
result: True
power_upto_now: 0.7067307829856873
209th run
noise dimension : 27
noise variance: 337.56005859375
original u-statistic:0.5600757598876953
p value proxy: 0.006644518114626408
result: True
power_upto_now: 0.7081339955329895
210th run
noise dimension : 27
noise variance: 337.1072692871094
original u-statistic:0.38019585609436035
p value proxy: 0.04318936914205551
result: True
power_upto_now: 0.7095237970352173
211th run
noise dimension : 27
noise variance: 338.0596923828125
original u-statistic:0.18057942390441895
p value proxy: 0.16943521797657013
result: False
power_upto_now: 0.7061611413955688
212th run
noise dimension : 27
noise variance: 338.0637512207031
original u-statistic:0.4297497272491455
p value proxy: 0.016611294820904732
result: True
power_upto_now: 0.7075471878051758
213th run
noise dimension : 27
noise variance: 337.5517883300781
original u-statistic:0.7784860134124756
p value proxy: 0.003322259057313204
result: True
power_upto_now: 0.7089201807975769
214th run
noise dimension : 27
noise variance: 336.8890686035156
original u-statistic:0.6821346282958984
p value proxy: 0.003322259057313204
result: True
power_upto_now: 0.7102803587913513
215th run
noise dimension : 27
noise variance: 337.3627014160156
original u-statistic:0.6828305721282959
p value proxy: 0.003322259057313204
result: True
power_upto_now: 0.7116279006004333
216th run
noise dimension : 27
noise variance: 338.0133361816406
original u-statistic:0.6323583126068115
p value proxy: 0.006644518114626408
result: True
power_upto_now: 0.7129629850387573
217th run
noise dimension : 27
noise variance: 338.0111389160156
original u-statistic:0.14163470268249512
p value proxy: 0.25249168276786804
result: False
power_upto_now: 0.7096773982048035
218th run
noise dimension : 27
noise variance: 337.3054504394531
original u-statistic:0.5396597385406494
p value proxy: 0.019933555275201797
result: True
power_upto_now: 0.71100914478302
219th run
noise dimension : 27
noise variance: 337.2040710449219
original u-statistic:0.2942039966583252
p value proxy: 0.08970099687576294
result: False
power_upto_now: 0.7077625393867493
220th run
noise dimension : 27
noise variance: 336.8516540527344
original u-statistic:0.491788387298584
p value proxy: 0.009966777637600899
result: True
power_upto_now: 0.7090908885002136
221th run
noise dimension : 27
noise variance: 337.0650329589844
original u-statistic:0.6821537017822266
p value proxy: 0.009966777637600899
result: True
power_upto_now: 0.7104072570800781
222th run
noise dimension : 27
noise variance: 336.99462890625
original u-statistic:0.3461732864379883
p value proxy: 0.04318936914205551
result: True
power_upto_now: 0.7117117047309875
223th run
noise dimension : 27
noise variance: 338.1576232910156
original u-statistic:0.04775857925415039
p value proxy: 0.3488371968269348
result: False
power_upto_now: 0.7085201740264893
224th run
noise dimension : 27
noise variance: 337.4084777832031
original u-statistic:0.5126357078552246
p value proxy: 0.013289036229252815
result: True
power_upto_now: 0.7098214030265808
225th run
noise dimension : 27
noise variance: 338.3020324707031
original u-statistic:0.12775111198425293
p value proxy: 0.2225913554430008
result: False
power_upto_now: 0.7066666483879089
226th run
noise dimension : 27
noise variance: 337.2230529785156
original u-statistic:0.28050923347473145
p value proxy: 0.09634551405906677
result: False
power_upto_now: 0.7035398483276367
227th run
noise dimension : 27
noise variance: 337.50439453125
original u-statistic:1.0617244243621826
p value proxy: 0.003322259057313204
result: True
power_upto_now: 0.7048457860946655
228th run
noise dimension : 27
noise variance: 336.874755859375
original u-statistic:0.3845372200012207
p value proxy: 0.029900331050157547
result: True
power_upto_now: 0.7061403393745422
229th run
noise dimension : 27
noise variance: 337.1151123046875
original u-statistic:0.18874597549438477
p value proxy: 0.17940199375152588
result: False
power_upto_now: 0.7030567526817322
230th run
noise dimension : 27
noise variance: 337.45782470703125
original u-statistic:0.612544059753418
p value proxy: 0.006644518114626408
result: True
power_upto_now: 0.7043478488922119
231th run
noise dimension : 27
noise variance: 337.3295593261719
original u-statistic:1.0723545551300049
p value proxy: 0.003322259057313204
result: True
power_upto_now: 0.7056276798248291
232th run
noise dimension : 27
noise variance: 336.1262512207031
original u-statistic:0.9021735191345215
p value proxy: 0.003322259057313204
result: True
power_upto_now: 0.7068965435028076
233th run
noise dimension : 27
noise variance: 337.5638427734375
original u-statistic:0.25292062759399414
p value proxy: 0.1395348757505417
result: False
power_upto_now: 0.7038626670837402
234th run
noise dimension : 27
noise variance: 336.35992431640625
original u-statistic:0.8984873294830322
p value proxy: 0.003322259057313204
result: True
power_upto_now: 0.7051281929016113
235th run
noise dimension : 27
noise variance: 337.3399353027344
original u-statistic:1.2729408740997314
p value proxy: 0.003322259057313204
result: True
power_upto_now: 0.7063829898834229
236th run
noise dimension : 27
noise variance: 337.7021179199219
original u-statistic:0.14092636108398438
p value proxy: 0.1827242523431778
result: False
power_upto_now: 0.7033898234367371
237th run
noise dimension : 27
noise variance: 337.4369201660156
original u-statistic:0.39794135093688965
p value proxy: 0.04318936914205551
result: True
power_upto_now: 0.7046413421630859
238th run
noise dimension : 27
noise variance: 337.44964599609375
original u-statistic:1.417759656906128
p value proxy: 0.003322259057313204
result: True
power_upto_now: 0.7058823704719543
239th run
noise dimension : 27
noise variance: 338.1273498535156
original u-statistic:0.0070345401763916016
p value proxy: 0.43853819370269775
result: False
power_upto_now: 0.7029288411140442
240th run
noise dimension : 27
noise variance: 336.2469482421875
original u-statistic:-0.0037038326263427734
p value proxy: 0.4850498139858246
result: False
power_upto_now: 0.699999988079071
241th run
noise dimension : 27
noise variance: 338.826904296875
original u-statistic:0.8435506820678711
p value proxy: 0.003322259057313204
result: True
power_upto_now: 0.7012448310852051
242th run
noise dimension : 27
noise variance: 337.91485595703125
original u-statistic:0.31124401092529297
p value proxy: 0.06644517928361893
result: False
power_upto_now: 0.6983470916748047
243th run
noise dimension : 27
noise variance: 337.1294860839844
original u-statistic:0.8906817436218262
p value proxy: 0.003322259057313204
result: True
power_upto_now: 0.6995884776115417
244th run
noise dimension : 27
noise variance: 338.0564880371094
original u-statistic:0.5837805271148682
p value proxy: 0.016611294820904732
result: True
power_upto_now: 0.7008196711540222
245th run
noise dimension : 27
noise variance: 338.6645812988281
original u-statistic:0.4311954975128174
p value proxy: 0.033222589641809464
result: True
power_upto_now: 0.7020407915115356
246th run
noise dimension : 27
noise variance: 337.0299072265625
original u-statistic:0.9268953800201416
p value proxy: 0.003322259057313204
result: True
power_upto_now: 0.7032520174980164
247th run
noise dimension : 27
noise variance: 337.6398620605469
original u-statistic:0.05996966361999512
p value proxy: 0.3488371968269348
result: False
power_upto_now: 0.7004048824310303
248th run
noise dimension : 27
noise variance: 337.5332946777344
original u-statistic:0.18642449378967285
p value proxy: 0.19933554530143738
result: False
power_upto_now: 0.6975806355476379
249th run
noise dimension : 27
noise variance: 337.47015380859375
original u-statistic:0.6549193859100342
p value proxy: 0.006644518114626408
result: True
power_upto_now: 0.6987951993942261
250th run
noise dimension : 27
noise variance: 337.67864990234375
original u-statistic:0.6126084327697754
p value proxy: 0.006644518114626408
result: True
power_upto_now: 0.699999988079071
251th run
noise dimension : 27
noise variance: 337.4281005859375
original u-statistic:0.2395038604736328
p value proxy: 0.09634551405906677
result: False
power_upto_now: 0.6972111463546753
252th run
noise dimension : 27
noise variance: 336.72369384765625
original u-statistic:1.0035126209259033
p value proxy: 0.003322259057313204
result: True
power_upto_now: 0.6984127163887024
253th run
noise dimension : 27
noise variance: 337.6230163574219
original u-statistic:0.36708784103393555
p value proxy: 0.05647840350866318
result: False
power_upto_now: 0.695652186870575
254th run
noise dimension : 27
noise variance: 336.44775390625
original u-statistic:-0.11426568031311035
p value proxy: 0.7043189406394958
result: False
power_upto_now: 0.6929134130477905
255th run
noise dimension : 27
noise variance: 337.1305847167969
original u-statistic:0.46049928665161133
p value proxy: 0.019933555275201797
result: True
power_upto_now: 0.6941176652908325
256th run
noise dimension : 27
noise variance: 337.4729919433594
original u-statistic:-0.009287118911743164
p value proxy: 0.47840529680252075
result: False
power_upto_now: 0.69140625
257th run
noise dimension : 27
noise variance: 337.95849609375
original u-statistic:0.94537353515625
p value proxy: 0.003322259057313204
result: True
power_upto_now: 0.6926069855690002
258th run
noise dimension : 27
noise variance: 337.8505859375
original u-statistic:0.3879697322845459
p value proxy: 0.033222589641809464
result: True
power_upto_now: 0.6937984228134155
259th run
noise dimension : 27
noise variance: 337.8368225097656
original u-statistic:0.8498380184173584
p value proxy: 0.003322259057313204
result: True
power_upto_now: 0.6949806809425354
260th run
noise dimension : 27
noise variance: 337.5181884765625
original u-statistic:0.5935664176940918
p value proxy: 0.003322259057313204
result: True
power_upto_now: 0.6961538195610046
261th run
noise dimension : 27
noise variance: 337.21038818359375
original u-statistic:1.068432092666626
p value proxy: 0.003322259057313204
result: True
power_upto_now: 0.6973180174827576
262th run
noise dimension : 27
noise variance: 337.0689697265625
original u-statistic:0.43993186950683594
p value proxy: 0.016611294820904732
result: True
power_upto_now: 0.6984732747077942
263th run
noise dimension : 27
noise variance: 338.1174621582031
original u-statistic:0.31386446952819824
p value proxy: 0.05315614491701126
result: False
power_upto_now: 0.6958174705505371
264th run
noise dimension : 27
noise variance: 336.4368591308594
original u-statistic:0.28740739822387695
p value proxy: 0.15282391011714935
result: False
power_upto_now: 0.6931818127632141
265th run
noise dimension : 27
noise variance: 338.1882019042969
original u-statistic:0.8962070941925049
p value proxy: 0.003322259057313204
result: True
power_upto_now: 0.6943396329879761
266th run
noise dimension : 27
noise variance: 337.75042724609375
original u-statistic:0.3289177417755127
p value proxy: 0.0830564796924591
result: False
power_upto_now: 0.6917293071746826
267th run
noise dimension : 27
noise variance: 337.9970703125
original u-statistic:0.3188662528991699
p value proxy: 0.07308969646692276
result: False
power_upto_now: 0.6891385912895203
268th run
noise dimension : 27
noise variance: 337.85125732421875
original u-statistic:0.04854607582092285
p value proxy: 0.37541526556015015
result: False
power_upto_now: 0.6865671873092651
269th run
noise dimension : 27
noise variance: 336.8979187011719
original u-statistic:0.9407627582550049
p value proxy: 0.003322259057313204
result: True
power_upto_now: 0.6877323389053345
270th run
noise dimension : 27
noise variance: 336.7737121582031
original u-statistic:0.720644474029541
p value proxy: 0.003322259057313204
result: True
power_upto_now: 0.6888889074325562
271th run
noise dimension : 27
noise variance: 337.6377868652344
original u-statistic:0.42282915115356445
p value proxy: 0.029900331050157547
result: True
power_upto_now: 0.6900368928909302
272th run
noise dimension : 27
noise variance: 336.66046142578125
original u-statistic:0.31069183349609375
p value proxy: 0.059800662100315094
result: False
power_upto_now: 0.6875
273th run
noise dimension : 27
noise variance: 337.2248840332031
original u-statistic:0.4486699104309082
p value proxy: 0.029900331050157547
result: True
power_upto_now: 0.6886447072029114
274th run
noise dimension : 27
noise variance: 337.8420715332031
original u-statistic:0.09280586242675781
p value proxy: 0.25581395626068115
result: False
power_upto_now: 0.6861313581466675
275th run
noise dimension : 27
noise variance: 337.6863708496094
original u-statistic:0.529127836227417
p value proxy: 0.009966777637600899
result: True
power_upto_now: 0.6872727274894714
276th run
noise dimension : 27
noise variance: 338.52783203125
original u-statistic:0.8790309429168701
p value proxy: 0.003322259057313204
result: True
power_upto_now: 0.6884058117866516
277th run
noise dimension : 27
noise variance: 337.03277587890625
original u-statistic:0.35179996490478516
p value proxy: 0.04318936914205551
result: True
power_upto_now: 0.6895306706428528
278th run
noise dimension : 27
noise variance: 336.7561340332031
original u-statistic:0.483217716217041
p value proxy: 0.023255813866853714
result: True
power_upto_now: 0.6906474828720093
279th run
noise dimension : 27
noise variance: 337.7243957519531
original u-statistic:0.373075008392334
p value proxy: 0.04651162773370743
result: True
power_upto_now: 0.6917562484741211
280th run
noise dimension : 27
noise variance: 337.5558166503906
original u-statistic:0.7727947235107422
p value proxy: 0.006644518114626408
result: True
power_upto_now: 0.6928571462631226
281th run
noise dimension : 27
noise variance: 338.8067321777344
original u-statistic:0.9161925315856934
p value proxy: 0.006644518114626408
result: True
power_upto_now: 0.6939501762390137
282th run
noise dimension : 27
noise variance: 335.3929443359375
original u-statistic:1.0472803115844727
p value proxy: 0.003322259057313204
result: True
power_upto_now: 0.695035457611084
283th run
noise dimension : 27
noise variance: 337.262939453125
original u-statistic:0.8798801898956299
p value proxy: 0.003322259057313204
result: True
power_upto_now: 0.6961130499839783
284th run
noise dimension : 27
noise variance: 336.8414306640625
original u-statistic:0.44918155670166016
p value proxy: 0.013289036229252815
result: True
power_upto_now: 0.6971830725669861
285th run
noise dimension : 27
noise variance: 336.3227233886719
original u-statistic:0.3153541088104248
p value proxy: 0.07641195505857468
result: False
power_upto_now: 0.6947368383407593
286th run
noise dimension : 27
noise variance: 336.2355041503906
original u-statistic:0.47129058837890625
p value proxy: 0.019933555275201797
result: True
power_upto_now: 0.6958041787147522
287th run
noise dimension : 27
noise variance: 336.23101806640625
original u-statistic:0.9217021465301514
p value proxy: 0.003322259057313204
result: True
power_upto_now: 0.696864128112793
288th run
noise dimension : 27
noise variance: 337.8066101074219
original u-statistic:0.7718546390533447
p value proxy: 0.006644518114626408
result: True
power_upto_now: 0.6979166865348816
289th run
noise dimension : 27
noise variance: 337.60247802734375
original u-statistic:0.7894277572631836
p value proxy: 0.003322259057313204
result: True
power_upto_now: 0.6989619135856628
290th run
noise dimension : 27
noise variance: 336.4179992675781
original u-statistic:0.6520538330078125
p value proxy: 0.013289036229252815
result: True
power_upto_now: 0.699999988079071
291th run
noise dimension : 27
noise variance: 336.9461364746094
original u-statistic:0.7674582004547119
p value proxy: 0.009966777637600899
result: True
power_upto_now: 0.7010309100151062
292th run
noise dimension : 27
noise variance: 337.6387939453125
original u-statistic:0.5941147804260254
p value proxy: 0.013289036229252815
result: True
power_upto_now: 0.7020547986030579
293th run
noise dimension : 27
noise variance: 336.8167419433594
original u-statistic:1.0112113952636719
p value proxy: 0.003322259057313204
result: True
power_upto_now: 0.703071653842926
294th run
noise dimension : 27
noise variance: 337.5488586425781
original u-statistic:0.43921613693237305
p value proxy: 0.029900331050157547
result: True
power_upto_now: 0.704081654548645
295th run
noise dimension : 27
noise variance: 337.2276611328125
original u-statistic:1.1054339408874512
p value proxy: 0.003322259057313204
result: True
power_upto_now: 0.7050847411155701
296th run
noise dimension : 27
noise variance: 337.9405212402344
original u-statistic:1.5464153289794922
p value proxy: 0.003322259057313204
result: True
power_upto_now: 0.7060810923576355
297th run
noise dimension : 27
noise variance: 336.95074462890625
original u-statistic:0.2420048713684082
p value proxy: 0.1229235827922821
result: False
power_upto_now: 0.7037037014961243
298th run
noise dimension : 27
noise variance: 337.93768310546875
original u-statistic:0.6565771102905273
p value proxy: 0.009966777637600899
result: True
power_upto_now: 0.7046979665756226
299th run
noise dimension : 27
noise variance: 337.4240417480469
original u-statistic:0.46627163887023926
p value proxy: 0.016611294820904732
result: True
power_upto_now: 0.7056856155395508
300th run
noise dimension : 27
noise variance: 337.39923095703125
original u-statistic:1.185849666595459
p value proxy: 0.003322259057313204
result: True
power_upto_now: 0.7066666483879089
301th run
noise dimension : 27
noise variance: 336.0346984863281
original u-statistic:0.6101021766662598
p value proxy: 0.009966777637600899
result: True
power_upto_now: 0.7076411843299866
302th run
noise dimension : 27
noise variance: 337.3315124511719
original u-statistic:0.573439359664917
p value proxy: 0.009966777637600899
result: True
power_upto_now: 0.7086092829704285
303th run
noise dimension : 27
noise variance: 338.7484436035156
original u-statistic:0.4852745532989502
p value proxy: 0.019933555275201797
result: True
power_upto_now: 0.7095709443092346
304th run
noise dimension : 27
noise variance: 336.69287109375
original u-statistic:0.43598341941833496
p value proxy: 0.016611294820904732
result: True
power_upto_now: 0.7105262875556946
305th run
noise dimension : 27
noise variance: 338.422607421875
original u-statistic:0.5686514377593994
p value proxy: 0.006644518114626408
result: True
power_upto_now: 0.7114754319190979
306th run
noise dimension : 27
noise variance: 336.69427490234375
original u-statistic:0.2602372169494629
p value proxy: 0.0830564796924591
result: False
power_upto_now: 0.7091503143310547
307th run
noise dimension : 27
noise variance: 337.2541198730469
original u-statistic:0.08756065368652344
p value proxy: 0.2823920249938965
result: False
power_upto_now: 0.7068403959274292
308th run
noise dimension : 27
noise variance: 337.2994079589844
original u-statistic:0.6620635986328125
p value proxy: 0.003322259057313204
result: True
power_upto_now: 0.7077922224998474
309th run
noise dimension : 27
noise variance: 337.970703125
original u-statistic:0.014451980590820312
p value proxy: 0.39867109060287476
result: False
power_upto_now: 0.7055016160011292
310th run
noise dimension : 27
noise variance: 337.09039306640625
original u-statistic:0.15467262268066406
p value proxy: 0.21594683825969696
result: False
power_upto_now: 0.7032257914543152
311th run
noise dimension : 27
noise variance: 338.5523376464844
original u-statistic:0.6584620475769043
p value proxy: 0.006644518114626408
result: True
power_upto_now: 0.7041800618171692
312th run
noise dimension : 27
noise variance: 338.49462890625
original u-statistic:0.2695772647857666
p value proxy: 0.1229235827922821
result: False
power_upto_now: 0.7019230723381042
313th run
noise dimension : 27
noise variance: 337.2068176269531
original u-statistic:0.17414522171020508
p value proxy: 0.16943521797657013
result: False
power_upto_now: 0.699680507183075
314th run
noise dimension : 27
noise variance: 338.1103210449219
original u-statistic:1.0483002662658691
p value proxy: 0.003322259057313204
result: True
power_upto_now: 0.7006369233131409
315th run
noise dimension : 27
noise variance: 338.0141296386719
original u-statistic:0.14026713371276855
p value proxy: 0.23255813121795654
result: False
power_upto_now: 0.6984127163887024
316th run
noise dimension : 27
noise variance: 336.571533203125
original u-statistic:0.5300564765930176
p value proxy: 0.013289036229252815
result: True
power_upto_now: 0.699367105960846
317th run
noise dimension : 27
noise variance: 337.9295959472656
original u-statistic:1.331268310546875
p value proxy: 0.003322259057313204
result: True
power_upto_now: 0.7003154754638672
318th run
noise dimension : 27
noise variance: 338.178466796875
original u-statistic:0.8156423568725586
p value proxy: 0.006644518114626408
result: True
power_upto_now: 0.7012578845024109
319th run
noise dimension : 27
noise variance: 336.6344299316406
original u-statistic:0.1745014190673828
p value proxy: 0.20930232107639313
result: False
power_upto_now: 0.6990595459938049
320th run
noise dimension : 27
noise variance: 337.20452880859375
original u-statistic:0.717811107635498
p value proxy: 0.003322259057313204
result: True
power_upto_now: 0.699999988079071
321th run
noise dimension : 27
noise variance: 336.8705749511719
original u-statistic:0.310488224029541
p value proxy: 0.08637873828411102
result: False
power_upto_now: 0.6978192925453186
322th run
noise dimension : 27
noise variance: 337.3493347167969
original u-statistic:0.5226492881774902
p value proxy: 0.009966777637600899
result: True
power_upto_now: 0.6987577676773071
323th run
noise dimension : 27
noise variance: 336.46820068359375
original u-statistic:0.41468238830566406
p value proxy: 0.033222589641809464
result: True
power_upto_now: 0.6996904015541077
324th run
noise dimension : 27
noise variance: 337.6103820800781
original u-statistic:0.750643253326416
p value proxy: 0.006644518114626408
result: True
power_upto_now: 0.7006173133850098
325th run
noise dimension : 27
noise variance: 337.9671936035156
original u-statistic:0.0458071231842041
p value proxy: 0.39867109060287476
result: False
power_upto_now: 0.6984615325927734
326th run
noise dimension : 27
noise variance: 337.82666015625
original u-statistic:0.6584298610687256
p value proxy: 0.006644518114626408
result: True
power_upto_now: 0.699386477470398
327th run
noise dimension : 27
noise variance: 337.3826599121094
original u-statistic:0.389070987701416
p value proxy: 0.033222589641809464
result: True
power_upto_now: 0.7003058195114136
328th run
noise dimension : 27
noise variance: 338.58984375
original u-statistic:0.4389801025390625
p value proxy: 0.03654484823346138
result: True
power_upto_now: 0.7012194991111755
329th run
noise dimension : 27
noise variance: 338.6638488769531
original u-statistic:0.4010441303253174
p value proxy: 0.04318936914205551
result: True
power_upto_now: 0.7021276354789734
330th run
noise dimension : 27
noise variance: 337.099609375
original u-statistic:0.5865006446838379
p value proxy: 0.009966777637600899
result: True
power_upto_now: 0.7030302882194519
331th run
noise dimension : 27
noise variance: 336.43212890625
original u-statistic:1.0365056991577148
p value proxy: 0.003322259057313204
result: True
power_upto_now: 0.7039275169372559
332th run
noise dimension : 27
noise variance: 336.994384765625
original u-statistic:0.8494095802307129
p value proxy: 0.003322259057313204
result: True
power_upto_now: 0.7048192620277405
333th run
noise dimension : 27
noise variance: 338.1809997558594
original u-statistic:0.16706562042236328
p value proxy: 0.16943521797657013
result: False
power_upto_now: 0.7027027010917664
334th run
noise dimension : 27
noise variance: 336.9626159667969
original u-statistic:0.49233293533325195
p value proxy: 0.016611294820904732
result: True
power_upto_now: 0.703592836856842
335th run
noise dimension : 27
noise variance: 338.8108215332031
original u-statistic:0.7996091842651367
p value proxy: 0.006644518114626408
result: True
power_upto_now: 0.7044776082038879
336th run
noise dimension : 27
noise variance: 337.1925964355469
original u-statistic:0.2062234878540039
p value proxy: 0.14617939293384552
result: False
power_upto_now: 0.7023809552192688
337th run
noise dimension : 27
noise variance: 337.45001220703125
original u-statistic:0.638153076171875
p value proxy: 0.009966777637600899
result: True
power_upto_now: 0.7032641172409058
338th run
noise dimension : 27
noise variance: 337.0355529785156
original u-statistic:0.558037281036377
p value proxy: 0.009966777637600899
result: True
power_upto_now: 0.7041420340538025
339th run
noise dimension : 27
noise variance: 337.30828857421875
original u-statistic:0.487886905670166
p value proxy: 0.006644518114626408
result: True
power_upto_now: 0.7050147652626038
340th run
noise dimension : 27
noise variance: 337.0003967285156
original u-statistic:0.8416852951049805
p value proxy: 0.003322259057313204
result: True
power_upto_now: 0.7058823704719543
341th run
noise dimension : 27
noise variance: 338.9260559082031
original u-statistic:0.7034096717834473
p value proxy: 0.006644518114626408
result: True
power_upto_now: 0.7067448496818542
342th run
noise dimension : 27
noise variance: 338.49810791015625
original u-statistic:1.1566252708435059
p value proxy: 0.003322259057313204
result: True
power_upto_now: 0.707602322101593
343th run
noise dimension : 27
noise variance: 336.8428649902344
original u-statistic:0.5892601013183594
p value proxy: 0.006644518114626408
result: True
power_upto_now: 0.7084547877311707
344th run
noise dimension : 27
noise variance: 337.54473876953125
original u-statistic:0.2603578567504883
p value proxy: 0.1029900312423706
result: False
power_upto_now: 0.7063953280448914
345th run
noise dimension : 27
noise variance: 337.67694091796875
original u-statistic:0.20868301391601562
p value proxy: 0.1627907007932663
result: False
power_upto_now: 0.7043478488922119
346th run
noise dimension : 27
noise variance: 337.03155517578125
original u-statistic:0.4656715393066406
p value proxy: 0.016611294820904732
result: True
power_upto_now: 0.7052023410797119
347th run
noise dimension : 27
noise variance: 337.191650390625
original u-statistic:0.4542701244354248
p value proxy: 0.033222589641809464
result: True
power_upto_now: 0.7060518860816956
348th run
noise dimension : 27
noise variance: 337.0403137207031
original u-statistic:0.1736438274383545
p value proxy: 0.1827242523431778
result: False
power_upto_now: 0.704023003578186
349th run
noise dimension : 27
noise variance: 337.0255432128906
original u-statistic:0.7152395248413086
p value proxy: 0.003322259057313204
result: True
power_upto_now: 0.7048710584640503
350th run
noise dimension : 27
noise variance: 338.35943603515625
original u-statistic:0.626957893371582
p value proxy: 0.006644518114626408
result: True
power_upto_now: 0.7057142853736877
351th run
noise dimension : 27
noise variance: 337.9537048339844
original u-statistic:0.17641282081604004
p value proxy: 0.2026578038930893
result: False
power_upto_now: 0.7037037014961243
352th run
noise dimension : 27
noise variance: 337.8674011230469
original u-statistic:0.23248958587646484
p value proxy: 0.10963454842567444
result: False
power_upto_now: 0.7017045617103577
353th run
noise dimension : 27
noise variance: 337.3837890625
original u-statistic:0.36310863494873047
p value proxy: 0.059800662100315094
result: False
power_upto_now: 0.6997166872024536
354th run
noise dimension : 27
noise variance: 338.11907958984375
original u-statistic:0.6555309295654297
p value proxy: 0.003322259057313204
result: True
power_upto_now: 0.700564980506897
355th run
noise dimension : 27
noise variance: 337.2056579589844
original u-statistic:1.0744919776916504
p value proxy: 0.003322259057313204
result: True
power_upto_now: 0.7014084458351135
356th run
noise dimension : 27
noise variance: 337.9565734863281
original u-statistic:0.6648857593536377
p value proxy: 0.003322259057313204
result: True
power_upto_now: 0.7022472023963928
357th run
noise dimension : 27
noise variance: 337.33648681640625
original u-statistic:0.13864898681640625
p value proxy: 0.21262457966804504
result: False
power_upto_now: 0.7002801299095154
358th run
noise dimension : 27
noise variance: 337.1899719238281
original u-statistic:0.7124197483062744
p value proxy: 0.003322259057313204
result: True
power_upto_now: 0.7011173367500305
359th run
noise dimension : 27
noise variance: 338.5942077636719
original u-statistic:-0.11453580856323242
p value proxy: 0.644518256187439
result: False
power_upto_now: 0.6991643309593201
360th run
noise dimension : 27
noise variance: 336.3412170410156
original u-statistic:0.1793384552001953
p value proxy: 0.1428571343421936
result: False
power_upto_now: 0.6972222328186035
361th run
noise dimension : 27
noise variance: 337.482666015625
original u-statistic:0.9128527641296387
p value proxy: 0.003322259057313204
result: True
power_upto_now: 0.698060929775238
362th run
noise dimension : 27
noise variance: 337.67205810546875
original u-statistic:0.9941391944885254
p value proxy: 0.003322259057313204
result: True
power_upto_now: 0.6988950371742249
363th run
noise dimension : 27
noise variance: 338.10357666015625
original u-statistic:0.5262112617492676
p value proxy: 0.019933555275201797
result: True
power_upto_now: 0.6997244954109192
364th run
noise dimension : 27
noise variance: 336.5558166503906
original u-statistic:0.21460437774658203
p value proxy: 0.1428571343421936
result: False
power_upto_now: 0.6978021860122681
365th run
noise dimension : 27
noise variance: 337.7434997558594
original u-statistic:0.5910696983337402
p value proxy: 0.016611294820904732
result: True
power_upto_now: 0.698630154132843
366th run
noise dimension : 27
noise variance: 336.4140319824219
original u-statistic:0.6708493232727051
p value proxy: 0.003322259057313204
result: True
power_upto_now: 0.6994535326957703
367th run
noise dimension : 27
noise variance: 336.18994140625
original u-statistic:0.6342530250549316
p value proxy: 0.006644518114626408
result: True
power_upto_now: 0.7002725005149841
368th run
noise dimension : 27
noise variance: 335.6454162597656
original u-statistic:0.748223066329956
p value proxy: 0.006644518114626408
result: True
power_upto_now: 0.7010869383811951
369th run
noise dimension : 27
noise variance: 337.88592529296875
original u-statistic:0.4232053756713867
p value proxy: 0.03654484823346138
result: True
power_upto_now: 0.7018970251083374
370th run
noise dimension : 27
noise variance: 338.4831237792969
original u-statistic:0.5338215827941895
p value proxy: 0.016611294820904732
result: True
power_upto_now: 0.7027027010917664
371th run
noise dimension : 27
noise variance: 336.7325439453125
original u-statistic:1.0053129196166992
p value proxy: 0.003322259057313204
result: True
power_upto_now: 0.7035040259361267
372th run
noise dimension : 27
noise variance: 337.68206787109375
original u-statistic:0.0027742385864257812
p value proxy: 0.5083056092262268
result: False
power_upto_now: 0.7016128897666931
373th run
noise dimension : 27
noise variance: 337.5772705078125
original u-statistic:0.515418529510498
p value proxy: 0.003322259057313204
result: True
power_upto_now: 0.7024128437042236
374th run
noise dimension : 27
noise variance: 337.51171875
original u-statistic:0.29348134994506836
p value proxy: 0.0830564796924591
result: False
power_upto_now: 0.7005347609519958
375th run
noise dimension : 27
noise variance: 338.2455749511719
original u-statistic:0.30164170265197754
p value proxy: 0.06976743787527084
result: False
power_upto_now: 0.6986666917800903
376th run
noise dimension : 27
noise variance: 337.2796936035156
original u-statistic:0.53169846534729
p value proxy: 0.009966777637600899
result: True
power_upto_now: 0.6994680762290955
377th run
noise dimension : 27
noise variance: 337.182861328125
original u-statistic:0.25178956985473633
p value proxy: 0.11627906560897827
result: False
power_upto_now: 0.6976127028465271
378th run
noise dimension : 27
noise variance: 338.0876770019531
original u-statistic:0.7894008159637451
p value proxy: 0.003322259057313204
result: True
power_upto_now: 0.6984127163887024
379th run
noise dimension : 27
noise variance: 338.28955078125
original u-statistic:0.07806563377380371
p value proxy: 0.2890365421772003
result: False
power_upto_now: 0.6965699195861816
380th run
noise dimension : 27
noise variance: 337.7767333984375
original u-statistic:1.0227315425872803
p value proxy: 0.003322259057313204
result: True
power_upto_now: 0.6973684430122375
381th run
noise dimension : 27
noise variance: 337.5321350097656
original u-statistic:0.8741886615753174
p value proxy: 0.006644518114626408
result: True
power_upto_now: 0.6981627345085144
382th run
noise dimension : 27
noise variance: 337.8955078125
original u-statistic:0.28117823600769043
p value proxy: 0.07641195505857468
result: False
power_upto_now: 0.6963350772857666
383th run
noise dimension : 27
noise variance: 337.0209045410156
original u-statistic:0.055872440338134766
p value proxy: 0.33887043595314026
result: False
power_upto_now: 0.6945169568061829
384th run
noise dimension : 27
noise variance: 337.224365234375
original u-statistic:0.24004197120666504
p value proxy: 0.08637873828411102
result: False
power_upto_now: 0.6927083134651184
385th run
noise dimension : 27
noise variance: 337.6030578613281
original u-statistic:0.1475667953491211
p value proxy: 0.21594683825969696
result: False
power_upto_now: 0.6909090876579285
386th run
noise dimension : 27
noise variance: 337.6775207519531
original u-statistic:1.0538594722747803
p value proxy: 0.003322259057313204
result: True
power_upto_now: 0.6917098164558411
387th run
noise dimension : 27
noise variance: 336.9913330078125
original u-statistic:0.2597012519836426
p value proxy: 0.11295680701732635
result: False
power_upto_now: 0.6899224519729614
388th run
noise dimension : 27
noise variance: 338.49896240234375
original u-statistic:0.5357270240783691
p value proxy: 0.019933555275201797
result: True
power_upto_now: 0.6907216310501099
389th run
noise dimension : 27
noise variance: 337.0533752441406
original u-statistic:0.4886453151702881
p value proxy: 0.009966777637600899
result: True
power_upto_now: 0.6915166974067688
390th run
noise dimension : 27
noise variance: 337.5904541015625
original u-statistic:0.5540561676025391
p value proxy: 0.006644518114626408
result: True
power_upto_now: 0.692307710647583
391th run
noise dimension : 27
noise variance: 337.25372314453125
original u-statistic:0.6388771533966064
p value proxy: 0.006644518114626408
result: True
power_upto_now: 0.6930946111679077
392th run
noise dimension : 27
noise variance: 337.6438293457031
original u-statistic:0.2219836711883545
p value proxy: 0.13621261715888977
result: False
power_upto_now: 0.6913265585899353
393th run
noise dimension : 27
noise variance: 335.431884765625
original u-statistic:0.07741570472717285
p value proxy: 0.35880398750305176
result: False
power_upto_now: 0.6895674467086792
394th run
noise dimension : 27
noise variance: 337.5914611816406
original u-statistic:1.0353078842163086
p value proxy: 0.003322259057313204
result: True
power_upto_now: 0.6903553009033203
395th run
noise dimension : 27
noise variance: 338.4516296386719
original u-statistic:0.01770806312561035
p value proxy: 0.43521595001220703
result: False
power_upto_now: 0.6886075735092163
396th run
noise dimension : 27
noise variance: 337.7272644042969
original u-statistic:0.8935844898223877
p value proxy: 0.003322259057313204
result: True
power_upto_now: 0.689393937587738
397th run
noise dimension : 27
noise variance: 337.8150634765625
original u-statistic:1.2578628063201904
p value proxy: 0.003322259057313204
result: True
power_upto_now: 0.6901763081550598
398th run
noise dimension : 27
noise variance: 338.6490783691406
original u-statistic:0.3983926773071289
p value proxy: 0.04318936914205551
result: True
power_upto_now: 0.6909547448158264
399th run
noise dimension : 27
noise variance: 337.3524169921875
original u-statistic:0.4308350086212158
p value proxy: 0.029900331050157547
result: True
power_upto_now: 0.6917293071746826
400th run
noise dimension : 27
noise variance: 338.2169494628906
original u-statistic:0.5372517108917236
p value proxy: 0.029900331050157547
result: True
power_upto_now: 0.6924999952316284
401th run
noise dimension : 27
noise variance: 337.2832336425781
original u-statistic:0.285703182220459
p value proxy: 0.1428571343421936
result: False
power_upto_now: 0.690773069858551
402th run
noise dimension : 27
noise variance: 337.2828369140625
original u-statistic:-0.23343873023986816
p value proxy: 0.8770763874053955
result: False
power_upto_now: 0.6890547275543213
403th run
noise dimension : 27
noise variance: 337.7796630859375
original u-statistic:0.5037491321563721
p value proxy: 0.009966777637600899
result: True
power_upto_now: 0.6898263096809387
404th run
noise dimension : 27
noise variance: 337.58502197265625
original u-statistic:1.7017731666564941
p value proxy: 0.003322259057313204
result: True
power_upto_now: 0.6905940771102905
405th run
noise dimension : 27
noise variance: 337.5467224121094
original u-statistic:0.18295502662658691
p value proxy: 0.2059800624847412
result: False
power_upto_now: 0.6888889074325562
406th run
noise dimension : 27
noise variance: 338.0340270996094
original u-statistic:0.2225174903869629
p value proxy: 0.1827242523431778
result: False
power_upto_now: 0.6871921420097351
407th run
noise dimension : 27
noise variance: 337.2144470214844
original u-statistic:0.6660401821136475
p value proxy: 0.006644518114626408
result: True
power_upto_now: 0.687960684299469
408th run
noise dimension : 27
noise variance: 337.4394836425781
original u-statistic:0.7030191421508789
p value proxy: 0.016611294820904732
result: True
power_upto_now: 0.688725471496582
409th run
noise dimension : 27
noise variance: 337.4931945800781
original u-statistic:-0.09055280685424805
p value proxy: 0.6245846748352051
result: False
power_upto_now: 0.6870415806770325
410th run
noise dimension : 27
noise variance: 337.19464111328125
original u-statistic:0.9676916599273682
p value proxy: 0.003322259057313204
result: True
power_upto_now: 0.6878048777580261
411th run
noise dimension : 27
noise variance: 337.0005187988281
original u-statistic:-0.0465240478515625
p value proxy: 0.5315614342689514
result: False
power_upto_now: 0.6861313581466675
412th run
noise dimension : 27
noise variance: 336.5861511230469
original u-statistic:0.6850311756134033
p value proxy: 0.003322259057313204
result: True
power_upto_now: 0.6868932247161865
413th run
noise dimension : 27
noise variance: 338.22528076171875
original u-statistic:0.8049705028533936
p value proxy: 0.003322259057313204
result: True
power_upto_now: 0.6876513361930847
414th run
noise dimension : 27
noise variance: 337.8415222167969
original u-statistic:0.5323553085327148
p value proxy: 0.006644518114626408
result: True
power_upto_now: 0.6884058117866516
415th run
noise dimension : 27
noise variance: 338.8370056152344
original u-statistic:0.6665959358215332
p value proxy: 0.003322259057313204
result: True
power_upto_now: 0.6891566514968872
416th run
noise dimension : 27
noise variance: 337.6961364746094
original u-statistic:0.6505231857299805
p value proxy: 0.013289036229252815
result: True
power_upto_now: 0.6899038553237915
417th run
noise dimension : 27
noise variance: 337.6021728515625
original u-statistic:0.5606186389923096
p value proxy: 0.009966777637600899
result: True
power_upto_now: 0.6906474828720093
418th run
noise dimension : 27
noise variance: 338.02655029296875
original u-statistic:1.0495524406433105
p value proxy: 0.003322259057313204
result: True
power_upto_now: 0.6913875341415405
419th run
noise dimension : 27
noise variance: 337.48638916015625
original u-statistic:0.8277857303619385
p value proxy: 0.006644518114626408
result: True
power_upto_now: 0.6921241283416748
420th run
noise dimension : 27
noise variance: 338.5006408691406
original u-statistic:0.25019311904907227
p value proxy: 0.12624584138393402
result: False
power_upto_now: 0.6904761791229248
421th run
noise dimension : 27
noise variance: 337.0969543457031
original u-statistic:0.7673635482788086
p value proxy: 0.003322259057313204
result: True
power_upto_now: 0.6912114024162292
422th run
noise dimension : 27
noise variance: 338.1978454589844
original u-statistic:0.9288992881774902
p value proxy: 0.006644518114626408
result: True
power_upto_now: 0.6919431090354919
423th run
noise dimension : 27
noise variance: 337.5558166503906
original u-statistic:0.03656744956970215
p value proxy: 0.4019933342933655
result: False
power_upto_now: 0.6903073191642761
424th run
noise dimension : 27
noise variance: 337.35400390625
original u-statistic:0.2218174934387207
p value proxy: 0.1229235827922821
result: False
power_upto_now: 0.6886792182922363
425th run
noise dimension : 27
noise variance: 337.7956237792969
original u-statistic:0.9008617401123047
p value proxy: 0.003322259057313204
result: True
power_upto_now: 0.6894117593765259
426th run
noise dimension : 27
noise variance: 337.5067443847656
original u-statistic:1.1097137928009033
p value proxy: 0.003322259057313204
result: True
power_upto_now: 0.6901408433914185
427th run
noise dimension : 27
noise variance: 337.93768310546875
original u-statistic:0.905311107635498
p value proxy: 0.003322259057313204
result: True
power_upto_now: 0.6908665299415588
428th run
noise dimension : 27
noise variance: 338.0233154296875
original u-statistic:0.46227073669433594
p value proxy: 0.023255813866853714
result: True
power_upto_now: 0.6915887594223022
429th run
noise dimension : 27
noise variance: 337.6128234863281
original u-statistic:-0.019841670989990234
p value proxy: 0.5049833655357361
result: False
power_upto_now: 0.689976692199707
430th run
noise dimension : 27
noise variance: 337.218017578125
original u-statistic:0.74167799949646
p value proxy: 0.003322259057313204
result: True
power_upto_now: 0.6906976699829102
431th run
noise dimension : 27
noise variance: 337.2570495605469
original u-statistic:0.4054844379425049
p value proxy: 0.033222589641809464
result: True
power_upto_now: 0.6914153099060059
432th run
noise dimension : 27
noise variance: 337.1665344238281
original u-statistic:0.6702272891998291
p value proxy: 0.006644518114626408
result: True
power_upto_now: 0.6921296119689941
433th run
noise dimension : 27
noise variance: 337.35235595703125
original u-statistic:0.21250247955322266
p value proxy: 0.17275747656822205
result: False
power_upto_now: 0.6905311942100525
434th run
noise dimension : 27
noise variance: 337.61602783203125
original u-statistic:0.5543012619018555
p value proxy: 0.016611294820904732
result: True
power_upto_now: 0.6912442445755005
435th run
noise dimension : 27
noise variance: 338.0723876953125
original u-statistic:1.1377828121185303
p value proxy: 0.003322259057313204
result: True
power_upto_now: 0.6919540166854858
436th run
noise dimension : 27
noise variance: 337.2362976074219
original u-statistic:0.19890284538269043
p value proxy: 0.15282391011714935
result: False
power_upto_now: 0.6903669834136963
437th run
noise dimension : 27
noise variance: 337.0747375488281
original u-statistic:0.5012345314025879
p value proxy: 0.029900331050157547
result: True
power_upto_now: 0.6910755038261414
438th run
noise dimension : 27
noise variance: 336.6651306152344
original u-statistic:-0.09810519218444824
p value proxy: 0.684385359287262
result: False
power_upto_now: 0.689497709274292
439th run
noise dimension : 27
noise variance: 338.7640686035156
original u-statistic:0.6909928321838379
p value proxy: 0.006644518114626408
result: True
power_upto_now: 0.6902050375938416
440th run
noise dimension : 27
noise variance: 337.5469970703125
original u-statistic:1.1690833568572998
p value proxy: 0.003322259057313204
result: True
power_upto_now: 0.6909090876579285
441th run
noise dimension : 27
noise variance: 336.870849609375
original u-statistic:0.46970653533935547
p value proxy: 0.016611294820904732
result: True
power_upto_now: 0.6916099786758423
442th run
noise dimension : 27
noise variance: 337.906494140625
original u-statistic:0.45327091217041016
p value proxy: 0.019933555275201797
result: True
power_upto_now: 0.692307710647583
443th run
noise dimension : 27
noise variance: 337.1651916503906
original u-statistic:0.9018566608428955
p value proxy: 0.003322259057313204
result: True
power_upto_now: 0.6930022835731506
444th run
noise dimension : 27
noise variance: 337.6567687988281
original u-statistic:0.4626426696777344
p value proxy: 0.02657807245850563
result: True
power_upto_now: 0.6936936974525452
445th run
noise dimension : 27
noise variance: 337.933837890625
original u-statistic:0.5046420097351074
p value proxy: 0.006644518114626408
result: True
power_upto_now: 0.6943820118904114
446th run
noise dimension : 27
noise variance: 337.2568359375
original u-statistic:0.5543313026428223
p value proxy: 0.009966777637600899
result: True
power_upto_now: 0.695067286491394
447th run
noise dimension : 27
noise variance: 338.0017395019531
original u-statistic:0.06225728988647461
p value proxy: 0.3289036452770233
result: False
power_upto_now: 0.6935123205184937
448th run
noise dimension : 27
noise variance: 338.1234436035156
original u-statistic:0.48561739921569824
p value proxy: 0.03654484823346138
result: True
power_upto_now: 0.6941964030265808
449th run
noise dimension : 27
noise variance: 337.23583984375
original u-statistic:0.33277034759521484
p value proxy: 0.07308969646692276
result: False
power_upto_now: 0.692650318145752
450th run
noise dimension : 27
noise variance: 337.068359375
original u-statistic:0.31096982955932617
p value proxy: 0.05647840350866318
result: False
power_upto_now: 0.6911110877990723
451th run
noise dimension : 27
noise variance: 338.5205383300781
original u-statistic:0.30514955520629883
p value proxy: 0.07308969646692276
result: False
power_upto_now: 0.6895787119865417
452th run
noise dimension : 27
noise variance: 337.51153564453125
original u-statistic:0.11916685104370117
p value proxy: 0.23920264840126038
result: False
power_upto_now: 0.6880530714988708
453th run
noise dimension : 27
noise variance: 337.3369445800781
original u-statistic:1.0443048477172852
p value proxy: 0.003322259057313204
result: True
power_upto_now: 0.6887417435646057
454th run
noise dimension : 27
noise variance: 337.1387023925781
original u-statistic:1.1346397399902344
p value proxy: 0.003322259057313204
result: True
power_upto_now: 0.6894273161888123
455th run
noise dimension : 27
noise variance: 338.4090576171875
original u-statistic:0.7230703830718994
p value proxy: 0.003322259057313204
result: True
power_upto_now: 0.69010990858078
456th run
noise dimension : 27
noise variance: 338.36273193359375
original u-statistic:1.1114232540130615
p value proxy: 0.003322259057313204
result: True
power_upto_now: 0.6907894611358643
457th run
noise dimension : 27
noise variance: 337.3624572753906
original u-statistic:0.24250078201293945
p value proxy: 0.1395348757505417
result: False
power_upto_now: 0.6892778873443604
458th run
noise dimension : 27
noise variance: 337.5543212890625
original u-statistic:0.48642706871032715
p value proxy: 0.013289036229252815
result: True
power_upto_now: 0.6899563074111938
459th run
noise dimension : 27
noise variance: 337.80841064453125
original u-statistic:0.45259666442871094
p value proxy: 0.029900331050157547
result: True
power_upto_now: 0.6906318068504333
460th run
noise dimension : 27
noise variance: 337.4873962402344
original u-statistic:0.6434001922607422
p value proxy: 0.006644518114626408
result: True
power_upto_now: 0.6913043260574341
461th run
noise dimension : 27
noise variance: 337.1697082519531
original u-statistic:0.687497615814209
p value proxy: 0.003322259057313204
result: True
power_upto_now: 0.6919739842414856
462th run
noise dimension : 27
noise variance: 337.092041015625
original u-statistic:-0.004082202911376953
p value proxy: 0.46179401874542236
result: False
power_upto_now: 0.6904761791229248
463th run
noise dimension : 27
noise variance: 337.3686828613281
original u-statistic:0.2544393539428711
p value proxy: 0.13289035856723785
result: False
power_upto_now: 0.6889848709106445
464th run
noise dimension : 27
noise variance: 338.8687438964844
original u-statistic:1.0512847900390625
p value proxy: 0.003322259057313204
result: True
power_upto_now: 0.6896551847457886
465th run
noise dimension : 27
noise variance: 338.6565856933594
original u-statistic:0.7574827671051025
p value proxy: 0.006644518114626408
result: True
power_upto_now: 0.6903225779533386
466th run
noise dimension : 27
noise variance: 338.24713134765625
original u-statistic:1.0977182388305664
p value proxy: 0.003322259057313204
result: True
power_upto_now: 0.6909871101379395
467th run
noise dimension : 27
noise variance: 337.3739929199219
original u-statistic:0.46164393424987793
p value proxy: 0.023255813866853714
result: True
power_upto_now: 0.6916488409042358
468th run
noise dimension : 27
noise variance: 337.7059631347656
original u-statistic:0.683870792388916
p value proxy: 0.003322259057313204
result: True
power_upto_now: 0.692307710647583
469th run
noise dimension : 27
noise variance: 337.8438720703125
original u-statistic:0.692389726638794
p value proxy: 0.003322259057313204
result: True
power_upto_now: 0.6929637789726257
470th run
noise dimension : 27
noise variance: 339.28753662109375
original u-statistic:0.18227076530456543
p value proxy: 0.17275747656822205
result: False
power_upto_now: 0.6914893388748169
471th run
noise dimension : 27
noise variance: 337.5835876464844
original u-statistic:0.6676642894744873
p value proxy: 0.006644518114626408
result: True
power_upto_now: 0.6921443939208984
472th run
noise dimension : 27
noise variance: 337.5108337402344
original u-statistic:0.35798168182373047
p value proxy: 0.04318936914205551
result: True
power_upto_now: 0.6927965879440308
473th run
noise dimension : 27
noise variance: 338.4383544921875
original u-statistic:0.39816784858703613
p value proxy: 0.06644517928361893
result: False
power_upto_now: 0.6913319230079651
474th run
noise dimension : 27
noise variance: 338.133056640625
original u-statistic:0.36010098457336426
p value proxy: 0.06644517928361893
result: False
power_upto_now: 0.6898733973503113
475th run
noise dimension : 27
noise variance: 337.5566101074219
original u-statistic:0.5175557136535645
p value proxy: 0.013289036229252815
result: True
power_upto_now: 0.6905263066291809
476th run
noise dimension : 27
noise variance: 337.4360656738281
original u-statistic:0.30100011825561523
p value proxy: 0.06976743787527084
result: False
power_upto_now: 0.6890756487846375
477th run
noise dimension : 27
noise variance: 336.56866455078125
original u-statistic:0.25359272956848145
p value proxy: 0.15946844220161438
result: False
power_upto_now: 0.6876310110092163
478th run
noise dimension : 27
noise variance: 337.1117248535156
original u-statistic:0.7604975700378418
p value proxy: 0.003322259057313204
result: True
power_upto_now: 0.6882845163345337
479th run
noise dimension : 27
noise variance: 338.8428039550781
original u-statistic:0.7446818351745605
p value proxy: 0.003322259057313204
result: True
power_upto_now: 0.6889352798461914
480th run
noise dimension : 27
noise variance: 337.29803466796875
original u-statistic:0.32261061668395996
p value proxy: 0.06976743787527084
result: False
power_upto_now: 0.6875
481th run
noise dimension : 27
noise variance: 337.50775146484375
original u-statistic:0.3880915641784668
p value proxy: 0.05315614491701126
result: False
power_upto_now: 0.6860706806182861
482th run
noise dimension : 27
noise variance: 337.45574951171875
original u-statistic:0.7294442653656006
p value proxy: 0.003322259057313204
result: True
power_upto_now: 0.6867219805717468
483th run
noise dimension : 27
noise variance: 336.2882995605469
original u-statistic:0.34082746505737305
p value proxy: 0.02657807245850563
result: True
power_upto_now: 0.6873705983161926
484th run
noise dimension : 27
noise variance: 336.6936340332031
original u-statistic:0.33111023902893066
p value proxy: 0.07973422110080719
result: False
power_upto_now: 0.6859503984451294
485th run
noise dimension : 27
noise variance: 337.2380676269531
original u-statistic:0.8890113830566406
p value proxy: 0.003322259057313204
result: True
power_upto_now: 0.6865979433059692
486th run
noise dimension : 27
noise variance: 337.8329162597656
original u-statistic:0.4548676013946533
p value proxy: 0.02657807245850563
result: True
power_upto_now: 0.6872428059577942
487th run
noise dimension : 27
noise variance: 338.28173828125
original u-statistic:1.0307672023773193
p value proxy: 0.003322259057313204
result: True
power_upto_now: 0.6878849864006042
488th run
noise dimension : 27
noise variance: 337.6024169921875
original u-statistic:0.5578992366790771
p value proxy: 0.016611294820904732
result: True
power_upto_now: 0.688524603843689
489th run
noise dimension : 27
noise variance: 337.20001220703125
original u-statistic:0.6647341251373291
p value proxy: 0.006644518114626408
result: True
power_upto_now: 0.6891615390777588
490th run
noise dimension : 27
noise variance: 336.9697265625
original u-statistic:0.39709043502807617
p value proxy: 0.029900331050157547
result: True
power_upto_now: 0.6897959113121033
491th run
noise dimension : 27
noise variance: 337.5789489746094
original u-statistic:0.7881314754486084
p value proxy: 0.003322259057313204
result: True
power_upto_now: 0.6904277205467224
492th run
noise dimension : 27
noise variance: 337.72186279296875
original u-statistic:0.1696178913116455
p value proxy: 0.15614616870880127
result: False
power_upto_now: 0.6890243887901306
493th run
noise dimension : 27
noise variance: 337.31744384765625
original u-statistic:0.39358949661254883
p value proxy: 0.049833886325359344
result: True
power_upto_now: 0.6896551847457886
494th run
noise dimension : 27
noise variance: 338.1968078613281
original u-statistic:1.0338389873504639
p value proxy: 0.003322259057313204
result: True
power_upto_now: 0.6902834177017212
495th run
noise dimension : 27
noise variance: 337.4010314941406
original u-statistic:1.12526273727417
p value proxy: 0.003322259057313204
result: True
power_upto_now: 0.6909090876579285
496th run
noise dimension : 27
noise variance: 336.1197814941406
original u-statistic:0.1724717617034912
p value proxy: 0.17275747656822205
result: False
power_upto_now: 0.6895161271095276
497th run
noise dimension : 27
noise variance: 337.68701171875
original u-statistic:0.22383522987365723
p value proxy: 0.14617939293384552
result: False
power_upto_now: 0.6881287693977356
498th run
noise dimension : 27
noise variance: 338.2519836425781
original u-statistic:0.7818007469177246
p value proxy: 0.003322259057313204
result: True
power_upto_now: 0.6887550354003906
499th run
noise dimension : 27
noise variance: 336.8261413574219
original u-statistic:0.1037440299987793
p value proxy: 0.31561461091041565
result: False
power_upto_now: 0.6873747706413269
500th run
noise dimension : 27
noise variance: 337.2696533203125
original u-statistic:0.4788384437561035
p value proxy: 0.029900331050157547
result: True
power_upto_now: 0.6880000233650208
power estimate : 0.6880000233650208
elapsed time: 10574.685940742493
