job started
cuda available: True
code run on device:: cuda:0

n1 = 30000, n2 = 30000,

kappa = 3, alpha = 0.8,

gamma = 0.05, nTests = 500,

B = 300

1th run
noise dimension : 27
noise variance: 337.5962829589844
original u-statistic:0.7475457191467285
p value proxy: 0.003322259057313204
result: True
power_upto_now: 1.0
2th run
noise dimension : 27
noise variance: 338.282470703125
original u-statistic:0.09988713264465332
p value proxy: 0.2790697515010834
result: False
power_upto_now: 0.5
3th run
noise dimension : 27
noise variance: 338.4515380859375
original u-statistic:0.4638478755950928
p value proxy: 0.006644518114626408
result: True
power_upto_now: 0.6666666865348816
4th run
noise dimension : 27
noise variance: 337.5506286621094
original u-statistic:0.19661951065063477
p value proxy: 0.13621261715888977
result: False
power_upto_now: 0.5
5th run
noise dimension : 27
noise variance: 335.93206787109375
original u-statistic:0.24665427207946777
p value proxy: 0.08970099687576294
result: False
power_upto_now: 0.4000000059604645
6th run
noise dimension : 27
noise variance: 337.52410888671875
original u-statistic:0.7279868125915527
p value proxy: 0.003322259057313204
result: True
power_upto_now: 0.5
7th run
noise dimension : 27
noise variance: 337.220703125
original u-statistic:0.6725237369537354
p value proxy: 0.003322259057313204
result: True
power_upto_now: 0.5714285969734192
8th run
noise dimension : 27
noise variance: 336.79168701171875
original u-statistic:0.4461650848388672
p value proxy: 0.013289036229252815
result: True
power_upto_now: 0.625
9th run
noise dimension : 27
noise variance: 336.677734375
original u-statistic:0.9305202960968018
p value proxy: 0.003322259057313204
result: True
power_upto_now: 0.6666666865348816
10th run
noise dimension : 27
noise variance: 337.1808166503906
original u-statistic:0.7208168506622314
p value proxy: 0.003322259057313204
result: True
power_upto_now: 0.699999988079071
11th run
noise dimension : 27
noise variance: 338.10430908203125
original u-statistic:0.38170337677001953
p value proxy: 0.02657807245850563
result: True
power_upto_now: 0.7272727489471436
12th run
noise dimension : 27
noise variance: 336.5364685058594
original u-statistic:0.5491852760314941
p value proxy: 0.013289036229252815
result: True
power_upto_now: 0.75
13th run
noise dimension : 27
noise variance: 338.1307067871094
original u-statistic:0.5463852882385254
p value proxy: 0.006644518114626408
result: True
power_upto_now: 0.7692307829856873
14th run
noise dimension : 27
noise variance: 337.16558837890625
original u-statistic:0.7563529014587402
p value proxy: 0.003322259057313204
result: True
power_upto_now: 0.7857142686843872
15th run
noise dimension : 27
noise variance: 338.08526611328125
original u-statistic:0.7791800498962402
p value proxy: 0.003322259057313204
result: True
power_upto_now: 0.800000011920929
16th run
noise dimension : 27
noise variance: 338.3135070800781
original u-statistic:0.6355347633361816
p value proxy: 0.003322259057313204
result: True
power_upto_now: 0.8125
17th run
noise dimension : 27
noise variance: 337.8965759277344
original u-statistic:0.047797441482543945
p value proxy: 0.3322259187698364
result: False
power_upto_now: 0.7647058963775635
18th run
noise dimension : 27
noise variance: 337.960693359375
original u-statistic:0.41325950622558594
p value proxy: 0.029900331050157547
result: True
power_upto_now: 0.7777777910232544
19th run
noise dimension : 27
noise variance: 338.39361572265625
original u-statistic:0.7114613056182861
p value proxy: 0.003322259057313204
result: True
power_upto_now: 0.7894737124443054
20th run
noise dimension : 27
noise variance: 336.9219665527344
original u-statistic:0.299790620803833
p value proxy: 0.049833886325359344
result: True
power_upto_now: 0.800000011920929
21th run
noise dimension : 27
noise variance: 337.8200988769531
original u-statistic:0.45283079147338867
p value proxy: 0.016611294820904732
result: True
power_upto_now: 0.8095238208770752
22th run
noise dimension : 27
noise variance: 337.61236572265625
original u-statistic:0.2998771667480469
p value proxy: 0.04651162773370743
result: True
power_upto_now: 0.8181818127632141
23th run
noise dimension : 27
noise variance: 336.7926940917969
original u-statistic:0.42073512077331543
p value proxy: 0.013289036229252815
result: True
power_upto_now: 0.8260869383811951
24th run
noise dimension : 27
noise variance: 337.6824645996094
original u-statistic:0.656890869140625
p value proxy: 0.003322259057313204
result: True
power_upto_now: 0.8333333134651184
25th run
noise dimension : 27
noise variance: 337.57965087890625
original u-statistic:0.5007731914520264
p value proxy: 0.013289036229252815
result: True
power_upto_now: 0.8399999737739563
26th run
noise dimension : 27
noise variance: 338.3675231933594
original u-statistic:0.13494563102722168
p value proxy: 0.23588038980960846
result: False
power_upto_now: 0.807692289352417
27th run
noise dimension : 27
noise variance: 337.5751953125
original u-statistic:0.6301140785217285
p value proxy: 0.003322259057313204
result: True
power_upto_now: 0.8148148059844971
28th run
noise dimension : 27
noise variance: 336.7032470703125
original u-statistic:0.2766904830932617
p value proxy: 0.0830564796924591
result: False
power_upto_now: 0.7857142686843872
29th run
noise dimension : 27
noise variance: 336.8826904296875
original u-statistic:0.42821621894836426
p value proxy: 0.009966777637600899
result: True
power_upto_now: 0.7931034564971924
30th run
noise dimension : 27
noise variance: 337.3361511230469
original u-statistic:0.2785189151763916
p value proxy: 0.06976743787527084
result: False
power_upto_now: 0.7666666507720947
31th run
noise dimension : 27
noise variance: 337.32855224609375
original u-statistic:0.26950645446777344
p value proxy: 0.0830564796924591
result: False
power_upto_now: 0.7419354915618896
32th run
noise dimension : 27
noise variance: 337.5059509277344
original u-statistic:0.29613733291625977
p value proxy: 0.06312292069196701
result: False
power_upto_now: 0.71875
33th run
noise dimension : 27
noise variance: 337.7979431152344
original u-statistic:0.3812875747680664
p value proxy: 0.023255813866853714
result: True
power_upto_now: 0.7272727489471436
34th run
noise dimension : 27
noise variance: 337.6007995605469
original u-statistic:0.38778162002563477
p value proxy: 0.019933555275201797
result: True
power_upto_now: 0.7352941036224365
35th run
noise dimension : 27
noise variance: 338.35943603515625
original u-statistic:0.39774036407470703
p value proxy: 0.019933555275201797
result: True
power_upto_now: 0.7428571581840515
36th run
noise dimension : 27
noise variance: 337.17535400390625
original u-statistic:0.8653099536895752
p value proxy: 0.003322259057313204
result: True
power_upto_now: 0.75
37th run
noise dimension : 27
noise variance: 337.4839782714844
original u-statistic:0.664555549621582
p value proxy: 0.003322259057313204
result: True
power_upto_now: 0.7567567825317383
38th run
noise dimension : 27
noise variance: 337.9585266113281
original u-statistic:0.8450026512145996
p value proxy: 0.003322259057313204
result: True
power_upto_now: 0.7631579041481018
39th run
noise dimension : 27
noise variance: 337.7704162597656
original u-statistic:0.9416534900665283
p value proxy: 0.003322259057313204
result: True
power_upto_now: 0.7692307829856873
40th run
noise dimension : 27
noise variance: 337.27093505859375
original u-statistic:0.1344773769378662
p value proxy: 0.19933554530143738
result: False
power_upto_now: 0.75
41th run
noise dimension : 27
noise variance: 337.7440490722656
original u-statistic:0.7145504951477051
p value proxy: 0.006644518114626408
result: True
power_upto_now: 0.7560975551605225
42th run
noise dimension : 27
noise variance: 336.7573547363281
original u-statistic:0.29056215286254883
p value proxy: 0.049833886325359344
result: True
power_upto_now: 0.761904776096344
43th run
noise dimension : 27
noise variance: 338.48443603515625
original u-statistic:0.7506892681121826
p value proxy: 0.003322259057313204
result: True
power_upto_now: 0.7674418687820435
44th run
noise dimension : 27
noise variance: 337.0941467285156
original u-statistic:0.6363105773925781
p value proxy: 0.003322259057313204
result: True
power_upto_now: 0.7727272510528564
45th run
noise dimension : 27
noise variance: 338.376953125
original u-statistic:0.9776380062103271
p value proxy: 0.003322259057313204
result: True
power_upto_now: 0.7777777910232544
46th run
noise dimension : 27
noise variance: 336.35931396484375
original u-statistic:0.6077747344970703
p value proxy: 0.003322259057313204
result: True
power_upto_now: 0.782608687877655
47th run
noise dimension : 27
noise variance: 337.6202087402344
original u-statistic:0.3945755958557129
p value proxy: 0.016611294820904732
result: True
power_upto_now: 0.7872340679168701
48th run
noise dimension : 27
noise variance: 337.2149353027344
original u-statistic:0.05552816390991211
p value proxy: 0.3621262311935425
result: False
power_upto_now: 0.7708333134651184
49th run
noise dimension : 27
noise variance: 337.85980224609375
original u-statistic:0.5651004314422607
p value proxy: 0.003322259057313204
result: True
power_upto_now: 0.7755101919174194
50th run
noise dimension : 27
noise variance: 338.0658264160156
original u-statistic:0.396777868270874
p value proxy: 0.016611294820904732
result: True
power_upto_now: 0.7799999713897705
51th run
noise dimension : 27
noise variance: 337.2270812988281
original u-statistic:0.7168233394622803
p value proxy: 0.003322259057313204
result: True
power_upto_now: 0.7843137383460999
52th run
noise dimension : 27
noise variance: 337.0191650390625
original u-statistic:0.42839622497558594
p value proxy: 0.023255813866853714
result: True
power_upto_now: 0.7884615659713745
53th run
noise dimension : 27
noise variance: 338.06597900390625
original u-statistic:0.5076472759246826
p value proxy: 0.003322259057313204
result: True
power_upto_now: 0.7924528121948242
54th run
noise dimension : 27
noise variance: 336.91552734375
original u-statistic:0.5150063037872314
p value proxy: 0.013289036229252815
result: True
power_upto_now: 0.7962962985038757
55th run
noise dimension : 27
noise variance: 337.6435546875
original u-statistic:0.7822723388671875
p value proxy: 0.003322259057313204
result: True
power_upto_now: 0.800000011920929
56th run
noise dimension : 27
noise variance: 337.8832702636719
original u-statistic:0.8664484024047852
p value proxy: 0.003322259057313204
result: True
power_upto_now: 0.8035714030265808
57th run
noise dimension : 27
noise variance: 337.0500793457031
original u-statistic:0.2449491024017334
p value proxy: 0.05647840350866318
result: False
power_upto_now: 0.7894737124443054
58th run
noise dimension : 27
noise variance: 337.9457702636719
original u-statistic:0.1936490535736084
p value proxy: 0.15946844220161438
result: False
power_upto_now: 0.7758620977401733
59th run
noise dimension : 27
noise variance: 337.5313415527344
original u-statistic:0.5921099185943604
p value proxy: 0.006644518114626408
result: True
power_upto_now: 0.7796609997749329
60th run
noise dimension : 27
noise variance: 336.9270935058594
original u-statistic:0.2672417163848877
p value proxy: 0.059800662100315094
result: False
power_upto_now: 0.7666666507720947
61th run
noise dimension : 27
noise variance: 338.4821472167969
original u-statistic:0.6283478736877441
p value proxy: 0.003322259057313204
result: True
power_upto_now: 0.7704917788505554
62th run
noise dimension : 27
noise variance: 337.7522277832031
original u-statistic:0.7172861099243164
p value proxy: 0.003322259057313204
result: True
power_upto_now: 0.774193525314331
63th run
noise dimension : 27
noise variance: 337.0008239746094
original u-statistic:1.05796217918396
p value proxy: 0.003322259057313204
result: True
power_upto_now: 0.7777777910232544
64th run
noise dimension : 27
noise variance: 337.19232177734375
original u-statistic:0.4101541042327881
p value proxy: 0.009966777637600899
result: True
power_upto_now: 0.78125
65th run
noise dimension : 27
noise variance: 337.5163879394531
original u-statistic:0.7910819053649902
p value proxy: 0.003322259057313204
result: True
power_upto_now: 0.7846153974533081
66th run
noise dimension : 27
noise variance: 336.7254333496094
original u-statistic:0.5392458438873291
p value proxy: 0.003322259057313204
result: True
power_upto_now: 0.7878788113594055
67th run
noise dimension : 27
noise variance: 337.51544189453125
original u-statistic:-0.03449201583862305
p value proxy: 0.5315614342689514
result: False
power_upto_now: 0.7761194109916687
68th run
noise dimension : 27
noise variance: 338.09765625
original u-statistic:0.9894685745239258
p value proxy: 0.003322259057313204
result: True
power_upto_now: 0.779411792755127
69th run
noise dimension : 27
noise variance: 337.2460021972656
original u-statistic:0.6659488677978516
p value proxy: 0.006644518114626408
result: True
power_upto_now: 0.782608687877655
70th run
noise dimension : 27
noise variance: 337.83953857421875
original u-statistic:0.5080058574676514
p value proxy: 0.006644518114626408
result: True
power_upto_now: 0.7857142686843872
71th run
noise dimension : 27
noise variance: 337.7280578613281
original u-statistic:0.5155520439147949
p value proxy: 0.003322259057313204
result: True
power_upto_now: 0.7887324094772339
72th run
noise dimension : 27
noise variance: 338.53778076171875
original u-statistic:0.21356773376464844
p value proxy: 0.08970099687576294
result: False
power_upto_now: 0.7777777910232544
73th run
noise dimension : 27
noise variance: 337.9094543457031
original u-statistic:1.0396225452423096
p value proxy: 0.003322259057313204
result: True
power_upto_now: 0.7808219194412231
74th run
noise dimension : 27
noise variance: 337.88885498046875
original u-statistic:0.3414309024810791
p value proxy: 0.039867110550403595
result: True
power_upto_now: 0.7837837934494019
75th run
noise dimension : 27
noise variance: 337.3473205566406
original u-statistic:0.5860490798950195
p value proxy: 0.003322259057313204
result: True
power_upto_now: 0.7866666913032532
76th run
noise dimension : 27
noise variance: 338.7061462402344
original u-statistic:0.2759284973144531
p value proxy: 0.07973422110080719
result: False
power_upto_now: 0.7763158082962036
77th run
noise dimension : 27
noise variance: 337.5382995605469
original u-statistic:0.5895521640777588
p value proxy: 0.006644518114626408
result: True
power_upto_now: 0.7792207598686218
78th run
noise dimension : 27
noise variance: 337.7428283691406
original u-statistic:0.568340539932251
p value proxy: 0.003322259057313204
result: True
power_upto_now: 0.7820512652397156
79th run
noise dimension : 27
noise variance: 338.0136413574219
original u-statistic:0.3570592403411865
p value proxy: 0.016611294820904732
result: True
power_upto_now: 0.7848101258277893
80th run
noise dimension : 27
noise variance: 337.2442626953125
original u-statistic:0.39875102043151855
p value proxy: 0.02657807245850563
result: True
power_upto_now: 0.7875000238418579
81th run
noise dimension : 27
noise variance: 337.7337646484375
original u-statistic:0.20699596405029297
p value proxy: 0.11960132420063019
result: False
power_upto_now: 0.7777777910232544
82th run
noise dimension : 27
noise variance: 338.3121643066406
original u-statistic:0.32711195945739746
p value proxy: 0.03654484823346138
result: True
power_upto_now: 0.7804877758026123
83th run
noise dimension : 27
noise variance: 337.7945251464844
original u-statistic:1.1320219039916992
p value proxy: 0.003322259057313204
result: True
power_upto_now: 0.7831325531005859
84th run
noise dimension : 27
noise variance: 337.04803466796875
original u-statistic:0.8691790103912354
p value proxy: 0.003322259057313204
result: True
power_upto_now: 0.7857142686843872
85th run
noise dimension : 27
noise variance: 337.8430480957031
original u-statistic:0.9718189239501953
p value proxy: 0.003322259057313204
result: True
power_upto_now: 0.7882353067398071
86th run
noise dimension : 27
noise variance: 337.9363708496094
original u-statistic:0.5053737163543701
p value proxy: 0.006644518114626408
result: True
power_upto_now: 0.7906976938247681
87th run
noise dimension : 27
noise variance: 337.79302978515625
original u-statistic:0.6800479888916016
p value proxy: 0.003322259057313204
result: True
power_upto_now: 0.7931034564971924
88th run
noise dimension : 27
noise variance: 337.9563903808594
original u-statistic:0.39096546173095703
p value proxy: 0.009966777637600899
result: True
power_upto_now: 0.7954545617103577
89th run
noise dimension : 27
noise variance: 338.03765869140625
original u-statistic:0.7386510372161865
p value proxy: 0.003322259057313204
result: True
power_upto_now: 0.7977527976036072
90th run
noise dimension : 27
noise variance: 337.1381530761719
original u-statistic:0.7745177745819092
p value proxy: 0.003322259057313204
result: True
power_upto_now: 0.800000011920929
91th run
noise dimension : 27
noise variance: 337.2169494628906
original u-statistic:0.550459623336792
p value proxy: 0.009966777637600899
result: True
power_upto_now: 0.8021978139877319
92th run
noise dimension : 27
noise variance: 336.7559509277344
original u-statistic:0.624239444732666
p value proxy: 0.003322259057313204
result: True
power_upto_now: 0.804347813129425
93th run
noise dimension : 27
noise variance: 336.7375793457031
original u-statistic:0.3002357482910156
p value proxy: 0.059800662100315094
result: False
power_upto_now: 0.7956989407539368
94th run
noise dimension : 27
noise variance: 337.0671081542969
original u-statistic:0.6633996963500977
p value proxy: 0.006644518114626408
result: True
power_upto_now: 0.7978723645210266
95th run
noise dimension : 27
noise variance: 338.0245361328125
original u-statistic:0.33457231521606445
p value proxy: 0.019933555275201797
result: True
power_upto_now: 0.800000011920929
96th run
noise dimension : 27
noise variance: 337.80078125
original u-statistic:0.04338550567626953
p value proxy: 0.3687707483768463
result: False
power_upto_now: 0.7916666865348816
97th run
noise dimension : 27
noise variance: 337.7090759277344
original u-statistic:1.1008288860321045
p value proxy: 0.003322259057313204
result: True
power_upto_now: 0.7938144207000732
98th run
noise dimension : 27
noise variance: 337.0436706542969
original u-statistic:0.8808794021606445
p value proxy: 0.003322259057313204
result: True
power_upto_now: 0.795918345451355
99th run
noise dimension : 27
noise variance: 337.4873352050781
original u-statistic:0.3052551746368408
p value proxy: 0.05315614491701126
result: False
power_upto_now: 0.7878788113594055
100th run
noise dimension : 27
noise variance: 336.8238220214844
original u-statistic:0.4662599563598633
p value proxy: 0.013289036229252815
result: True
power_upto_now: 0.7900000214576721
101th run
noise dimension : 27
noise variance: 336.739990234375
original u-statistic:1.0027461051940918
p value proxy: 0.003322259057313204
result: True
power_upto_now: 0.7920792102813721
102th run
noise dimension : 27
noise variance: 337.219970703125
original u-statistic:1.1353399753570557
p value proxy: 0.003322259057313204
result: True
power_upto_now: 0.7941176295280457
103th run
noise dimension : 27
noise variance: 337.19976806640625
original u-statistic:0.3367300033569336
p value proxy: 0.029900331050157547
result: True
power_upto_now: 0.7961165308952332
104th run
noise dimension : 27
noise variance: 338.0073547363281
original u-statistic:0.5258395671844482
p value proxy: 0.013289036229252815
result: True
power_upto_now: 0.7980769276618958
105th run
noise dimension : 27
noise variance: 336.7478942871094
original u-statistic:0.9931776523590088
p value proxy: 0.003322259057313204
result: True
power_upto_now: 0.800000011920929
106th run
noise dimension : 27
noise variance: 337.9570007324219
original u-statistic:0.7963862419128418
p value proxy: 0.003322259057313204
result: True
power_upto_now: 0.801886796951294
107th run
noise dimension : 27
noise variance: 337.788818359375
original u-statistic:0.6633050441741943
p value proxy: 0.003322259057313204
result: True
power_upto_now: 0.8037382960319519
108th run
noise dimension : 27
noise variance: 336.65972900390625
original u-statistic:1.041074275970459
p value proxy: 0.003322259057313204
result: True
power_upto_now: 0.8055555820465088
109th run
noise dimension : 27
noise variance: 337.81890869140625
original u-statistic:0.5358748435974121
p value proxy: 0.006644518114626408
result: True
power_upto_now: 0.8073394298553467
110th run
noise dimension : 27
noise variance: 337.62933349609375
original u-statistic:0.4025254249572754
p value proxy: 0.009966777637600899
result: True
power_upto_now: 0.8090909123420715
111th run
noise dimension : 27
noise variance: 336.0867919921875
original u-statistic:0.5536808967590332
p value proxy: 0.009966777637600899
result: True
power_upto_now: 0.8108108043670654
112th run
noise dimension : 27
noise variance: 337.7467041015625
original u-statistic:0.4946408271789551
p value proxy: 0.006644518114626408
result: True
power_upto_now: 0.8125
113th run
noise dimension : 27
noise variance: 338.9403076171875
original u-statistic:0.36759352684020996
p value proxy: 0.023255813866853714
result: True
power_upto_now: 0.8141592741012573
114th run
noise dimension : 27
noise variance: 336.763427734375
original u-statistic:0.37151098251342773
p value proxy: 0.029900331050157547
result: True
power_upto_now: 0.8157894611358643
115th run
noise dimension : 27
noise variance: 338.1061096191406
original u-statistic:0.589306116104126
p value proxy: 0.003322259057313204
result: True
power_upto_now: 0.8173912763595581
116th run
noise dimension : 27
noise variance: 337.43408203125
original u-statistic:0.4530665874481201
p value proxy: 0.009966777637600899
result: True
power_upto_now: 0.818965494632721
117th run
noise dimension : 27
noise variance: 337.98291015625
original u-statistic:0.3766944408416748
p value proxy: 0.033222589641809464
result: True
power_upto_now: 0.8205128312110901
118th run
noise dimension : 27
noise variance: 337.81890869140625
original u-statistic:0.21961688995361328
p value proxy: 0.1395348757505417
result: False
power_upto_now: 0.8135592937469482
119th run
noise dimension : 27
noise variance: 337.0647888183594
original u-statistic:0.8809719085693359
p value proxy: 0.003322259057313204
result: True
power_upto_now: 0.8151260614395142
120th run
noise dimension : 27
noise variance: 337.5731201171875
original u-statistic:0.8781392574310303
p value proxy: 0.003322259057313204
result: True
power_upto_now: 0.8166666626930237
121th run
noise dimension : 27
noise variance: 337.15869140625
original u-statistic:0.9442377090454102
p value proxy: 0.003322259057313204
result: True
power_upto_now: 0.8181818127632141
122th run
noise dimension : 27
noise variance: 337.1083984375
original u-statistic:0.2832801342010498
p value proxy: 0.05315614491701126
result: False
power_upto_now: 0.811475396156311
123th run
noise dimension : 27
noise variance: 336.95440673828125
original u-statistic:-0.024363040924072266
p value proxy: 0.514950156211853
result: False
power_upto_now: 0.8048780560493469
124th run
noise dimension : 27
noise variance: 336.91845703125
original u-statistic:1.0260610580444336
p value proxy: 0.003322259057313204
result: True
power_upto_now: 0.8064516186714172
125th run
noise dimension : 27
noise variance: 338.6825866699219
original u-statistic:0.2662327289581299
p value proxy: 0.05647840350866318
result: False
power_upto_now: 0.800000011920929
126th run
noise dimension : 27
noise variance: 337.3517150878906
original u-statistic:0.6915233135223389
p value proxy: 0.003322259057313204
result: True
power_upto_now: 0.8015872836112976
127th run
noise dimension : 27
noise variance: 336.9615173339844
original u-statistic:0.620309591293335
p value proxy: 0.006644518114626408
result: True
power_upto_now: 0.8031495809555054
128th run
noise dimension : 27
noise variance: 338.6011657714844
original u-statistic:0.6855618953704834
p value proxy: 0.003322259057313204
result: True
power_upto_now: 0.8046875
129th run
noise dimension : 27
noise variance: 336.5603332519531
original u-statistic:0.46397829055786133
p value proxy: 0.013289036229252815
result: True
power_upto_now: 0.8062015771865845
130th run
noise dimension : 27
noise variance: 338.0248718261719
original u-statistic:0.49757862091064453
p value proxy: 0.016611294820904732
result: True
power_upto_now: 0.807692289352417
131th run
noise dimension : 27
noise variance: 337.0362548828125
original u-statistic:0.5493392944335938
p value proxy: 0.006644518114626408
result: True
power_upto_now: 0.8091602921485901
132th run
noise dimension : 27
noise variance: 336.8157653808594
original u-statistic:0.3817760944366455
p value proxy: 0.033222589641809464
result: True
power_upto_now: 0.810606062412262
133th run
noise dimension : 27
noise variance: 336.9881286621094
original u-statistic:0.04001140594482422
p value proxy: 0.3621262311935425
result: False
power_upto_now: 0.8045112490653992
134th run
noise dimension : 27
noise variance: 337.8485412597656
original u-statistic:0.15069055557250977
p value proxy: 0.2059800624847412
result: False
power_upto_now: 0.7985074520111084
135th run
noise dimension : 27
noise variance: 337.68182373046875
original u-statistic:1.1059446334838867
p value proxy: 0.003322259057313204
result: True
power_upto_now: 0.800000011920929
136th run
noise dimension : 27
noise variance: 336.67315673828125
original u-statistic:0.1735377311706543
p value proxy: 0.14950165152549744
result: False
power_upto_now: 0.7941176295280457
137th run
noise dimension : 27
noise variance: 336.16668701171875
original u-statistic:0.48212099075317383
p value proxy: 0.006644518114626408
result: True
power_upto_now: 0.7956204414367676
138th run
noise dimension : 27
noise variance: 338.22998046875
original u-statistic:0.7796850204467773
p value proxy: 0.003322259057313204
result: True
power_upto_now: 0.7971014380455017
139th run
noise dimension : 27
noise variance: 337.8836364746094
original u-statistic:0.7696762084960938
p value proxy: 0.006644518114626408
result: True
power_upto_now: 0.798561155796051
140th run
noise dimension : 27
noise variance: 337.1408996582031
original u-statistic:0.8418557643890381
p value proxy: 0.003322259057313204
result: True
power_upto_now: 0.800000011920929
141th run
noise dimension : 27
noise variance: 336.9597473144531
original u-statistic:0.17113184928894043
p value proxy: 0.11960132420063019
result: False
power_upto_now: 0.7943262457847595
142th run
noise dimension : 27
noise variance: 337.4599304199219
original u-statistic:0.7110238075256348
p value proxy: 0.003322259057313204
result: True
power_upto_now: 0.7957746386528015
143th run
noise dimension : 27
noise variance: 337.7418518066406
original u-statistic:0.7818195819854736
p value proxy: 0.003322259057313204
result: True
power_upto_now: 0.7972028255462646
144th run
noise dimension : 27
noise variance: 337.59033203125
original u-statistic:0.4456324577331543
p value proxy: 0.006644518114626408
result: True
power_upto_now: 0.7986111044883728
145th run
noise dimension : 27
noise variance: 338.2989196777344
original u-statistic:0.576636791229248
p value proxy: 0.003322259057313204
result: True
power_upto_now: 0.800000011920929
146th run
noise dimension : 27
noise variance: 336.5140380859375
original u-statistic:0.2750687599182129
p value proxy: 0.07641195505857468
result: False
power_upto_now: 0.7945205569267273
147th run
noise dimension : 27
noise variance: 337.43109130859375
original u-statistic:0.24022531509399414
p value proxy: 0.1229235827922821
result: False
power_upto_now: 0.7891156673431396
148th run
noise dimension : 27
noise variance: 337.5542297363281
original u-statistic:-0.2070903778076172
p value proxy: 0.9235880374908447
result: False
power_upto_now: 0.7837837934494019
149th run
noise dimension : 27
noise variance: 337.6377258300781
original u-statistic:0.3918788433074951
p value proxy: 0.019933555275201797
result: True
power_upto_now: 0.7852349281311035
150th run
noise dimension : 27
noise variance: 337.11834716796875
original u-statistic:0.4849812984466553
p value proxy: 0.009966777637600899
result: True
power_upto_now: 0.7866666913032532
151th run
noise dimension : 27
noise variance: 336.7294006347656
original u-statistic:0.45775723457336426
p value proxy: 0.02657807245850563
result: True
power_upto_now: 0.7880794405937195
152th run
noise dimension : 27
noise variance: 338.1771545410156
original u-statistic:0.4260392189025879
p value proxy: 0.033222589641809464
result: True
power_upto_now: 0.7894737124443054
153th run
noise dimension : 27
noise variance: 337.1603088378906
original u-statistic:0.3911614418029785
p value proxy: 0.016611294820904732
result: True
power_upto_now: 0.7908496856689453
154th run
noise dimension : 27
noise variance: 337.2748107910156
original u-statistic:0.8504858016967773
p value proxy: 0.003322259057313204
result: True
power_upto_now: 0.7922077775001526
155th run
noise dimension : 27
noise variance: 337.3702697753906
original u-statistic:0.4643118381500244
p value proxy: 0.016611294820904732
result: True
power_upto_now: 0.7935484051704407
156th run
noise dimension : 27
noise variance: 337.5951232910156
original u-statistic:0.9876537322998047
p value proxy: 0.003322259057313204
result: True
power_upto_now: 0.7948718070983887
157th run
noise dimension : 27
noise variance: 336.5353088378906
original u-statistic:0.7018616199493408
p value proxy: 0.003322259057313204
result: True
power_upto_now: 0.7961783409118652
158th run
noise dimension : 27
noise variance: 337.27301025390625
original u-statistic:0.8206768035888672
p value proxy: 0.003322259057313204
result: True
power_upto_now: 0.797468364238739
159th run
noise dimension : 27
noise variance: 337.10107421875
original u-statistic:0.8958117961883545
p value proxy: 0.003322259057313204
result: True
power_upto_now: 0.7987421154975891
160th run
noise dimension : 27
noise variance: 337.5431213378906
original u-statistic:0.4874570369720459
p value proxy: 0.019933555275201797
result: True
power_upto_now: 0.800000011920929
161th run
noise dimension : 27
noise variance: 336.67633056640625
original u-statistic:0.36798095703125
p value proxy: 0.039867110550403595
result: True
power_upto_now: 0.8012422323226929
162th run
noise dimension : 27
noise variance: 337.0077819824219
original u-statistic:0.6537914276123047
p value proxy: 0.003322259057313204
result: True
power_upto_now: 0.8024691343307495
163th run
noise dimension : 27
noise variance: 338.3084716796875
original u-statistic:0.39305686950683594
p value proxy: 0.016611294820904732
result: True
power_upto_now: 0.803680956363678
164th run
noise dimension : 27
noise variance: 337.7599182128906
original u-statistic:0.5736980438232422
p value proxy: 0.009966777637600899
result: True
power_upto_now: 0.8048780560493469
165th run
noise dimension : 27
noise variance: 338.00128173828125
original u-statistic:0.9997005462646484
p value proxy: 0.003322259057313204
result: True
power_upto_now: 0.8060606122016907
166th run
noise dimension : 27
noise variance: 336.93701171875
original u-statistic:0.42624735832214355
p value proxy: 0.013289036229252815
result: True
power_upto_now: 0.8072289228439331
167th run
noise dimension : 27
noise variance: 336.2430419921875
original u-statistic:0.2965688705444336
p value proxy: 0.05315614491701126
result: False
power_upto_now: 0.802395224571228
168th run
noise dimension : 27
noise variance: 337.2915954589844
original u-statistic:0.5905935764312744
p value proxy: 0.003322259057313204
result: True
power_upto_now: 0.8035714030265808
169th run
noise dimension : 27
noise variance: 338.3148498535156
original u-statistic:0.7824132442474365
p value proxy: 0.003322259057313204
result: True
power_upto_now: 0.8047337532043457
170th run
noise dimension : 27
noise variance: 338.1538391113281
original u-statistic:0.9229567050933838
p value proxy: 0.003322259057313204
result: True
power_upto_now: 0.8058823347091675
171th run
noise dimension : 27
noise variance: 336.7682800292969
original u-statistic:0.5627391338348389
p value proxy: 0.006644518114626408
result: True
power_upto_now: 0.8070175647735596
172th run
noise dimension : 27
noise variance: 337.6039123535156
original u-statistic:0.44616031646728516
p value proxy: 0.006644518114626408
result: True
power_upto_now: 0.8081395626068115
173th run
noise dimension : 27
noise variance: 337.35546875
original u-statistic:0.602353572845459
p value proxy: 0.003322259057313204
result: True
power_upto_now: 0.8092485666275024
174th run
noise dimension : 27
noise variance: 337.3856506347656
original u-statistic:0.3751676082611084
p value proxy: 0.023255813866853714
result: True
power_upto_now: 0.8103448152542114
175th run
noise dimension : 27
noise variance: 337.9377136230469
original u-statistic:0.4119887351989746
p value proxy: 0.019933555275201797
result: True
power_upto_now: 0.8114285469055176
176th run
noise dimension : 27
noise variance: 336.9208068847656
original u-statistic:0.4901394844055176
p value proxy: 0.013289036229252815
result: True
power_upto_now: 0.8125
177th run
noise dimension : 27
noise variance: 337.8380432128906
original u-statistic:0.24341320991516113
p value proxy: 0.06312292069196701
result: False
power_upto_now: 0.8079096078872681
178th run
noise dimension : 27
noise variance: 338.1908264160156
original u-statistic:0.4066176414489746
p value proxy: 0.009966777637600899
result: True
power_upto_now: 0.8089887499809265
179th run
noise dimension : 27
noise variance: 338.3260803222656
original u-statistic:0.3627164363861084
p value proxy: 0.02657807245850563
result: True
power_upto_now: 0.8100558519363403
180th run
noise dimension : 27
noise variance: 337.1503601074219
original u-statistic:0.19858932495117188
p value proxy: 0.11960132420063019
result: False
power_upto_now: 0.8055555820465088
181th run
noise dimension : 27
noise variance: 337.5010986328125
original u-statistic:0.4109230041503906
p value proxy: 0.009966777637600899
result: True
power_upto_now: 0.8066298365592957
182th run
noise dimension : 27
noise variance: 337.40618896484375
original u-statistic:-0.10866069793701172
p value proxy: 0.7275747060775757
result: False
power_upto_now: 0.8021978139877319
183th run
noise dimension : 27
noise variance: 337.7619323730469
original u-statistic:0.9998109340667725
p value proxy: 0.003322259057313204
result: True
power_upto_now: 0.8032786846160889
184th run
noise dimension : 27
noise variance: 337.29144287109375
original u-statistic:0.25904417037963867
p value proxy: 0.05647840350866318
result: False
power_upto_now: 0.7989130616188049
185th run
noise dimension : 27
noise variance: 337.88433837890625
original u-statistic:1.1557879447937012
p value proxy: 0.003322259057313204
result: True
power_upto_now: 0.800000011920929
186th run
noise dimension : 27
noise variance: 336.46929931640625
original u-statistic:0.12509465217590332
p value proxy: 0.2026578038930893
result: False
power_upto_now: 0.7956989407539368
187th run
noise dimension : 27
noise variance: 337.3207702636719
original u-statistic:0.6900055408477783
p value proxy: 0.003322259057313204
result: True
power_upto_now: 0.7967914342880249
188th run
noise dimension : 27
noise variance: 337.55810546875
original u-statistic:0.37221384048461914
p value proxy: 0.023255813866853714
result: True
power_upto_now: 0.7978723645210266
189th run
noise dimension : 27
noise variance: 337.6594543457031
original u-statistic:0.8038039207458496
p value proxy: 0.003322259057313204
result: True
power_upto_now: 0.7989417910575867
190th run
noise dimension : 27
noise variance: 336.87994384765625
original u-statistic:0.4565894603729248
p value proxy: 0.013289036229252815
result: True
power_upto_now: 0.800000011920929
191th run
noise dimension : 27
noise variance: 337.1108703613281
original u-statistic:0.4993586540222168
p value proxy: 0.013289036229252815
result: True
power_upto_now: 0.801047146320343
192th run
noise dimension : 27
noise variance: 336.8341064453125
original u-statistic:0.426924467086792
p value proxy: 0.016611294820904732
result: True
power_upto_now: 0.8020833134651184
193th run
noise dimension : 27
noise variance: 337.4513244628906
original u-statistic:0.1793806552886963
p value proxy: 0.12624584138393402
result: False
power_upto_now: 0.7979274392127991
194th run
noise dimension : 27
noise variance: 337.7894287109375
original u-statistic:0.8305909633636475
p value proxy: 0.003322259057313204
result: True
power_upto_now: 0.7989690899848938
195th run
noise dimension : 27
noise variance: 337.47589111328125
original u-statistic:0.3294792175292969
p value proxy: 0.06976743787527084
result: False
power_upto_now: 0.7948718070983887
196th run
noise dimension : 27
noise variance: 337.3555908203125
original u-statistic:0.7665936946868896
p value proxy: 0.003322259057313204
result: True
power_upto_now: 0.795918345451355
197th run
noise dimension : 27
noise variance: 337.9067077636719
original u-statistic:0.47272825241088867
p value proxy: 0.006644518114626408
result: True
power_upto_now: 0.796954333782196
198th run
noise dimension : 27
noise variance: 337.7459411621094
original u-statistic:0.49574995040893555
p value proxy: 0.009966777637600899
result: True
power_upto_now: 0.7979797720909119
199th run
noise dimension : 27
noise variance: 338.0444030761719
original u-statistic:0.26902198791503906
p value proxy: 0.06644517928361893
result: False
power_upto_now: 0.7939698696136475
200th run
noise dimension : 27
noise variance: 337.65838623046875
original u-statistic:0.49414706230163574
p value proxy: 0.003322259057313204
result: True
power_upto_now: 0.7950000166893005
201th run
noise dimension : 27
noise variance: 338.1882629394531
original u-statistic:0.6576828956604004
p value proxy: 0.003322259057313204
result: True
power_upto_now: 0.7960199117660522
202th run
noise dimension : 27
noise variance: 338.015625
original u-statistic:0.6065776348114014
p value proxy: 0.003322259057313204
result: True
power_upto_now: 0.7970296740531921
203th run
noise dimension : 27
noise variance: 337.2027893066406
original u-statistic:0.6784577369689941
p value proxy: 0.003322259057313204
result: True
power_upto_now: 0.7980295419692993
204th run
noise dimension : 27
noise variance: 337.98358154296875
original u-statistic:1.1390306949615479
p value proxy: 0.003322259057313204
result: True
power_upto_now: 0.7990196347236633
205th run
noise dimension : 27
noise variance: 337.2774353027344
original u-statistic:0.3426480293273926
p value proxy: 0.03654484823346138
result: True
power_upto_now: 0.800000011920929
206th run
noise dimension : 27
noise variance: 336.9184875488281
original u-statistic:0.37433552742004395
p value proxy: 0.02657807245850563
result: True
power_upto_now: 0.8009708523750305
207th run
noise dimension : 27
noise variance: 337.51080322265625
original u-statistic:0.5038208961486816
p value proxy: 0.009966777637600899
result: True
power_upto_now: 0.8019323945045471
208th run
noise dimension : 27
noise variance: 337.3177795410156
original u-statistic:0.5762264728546143
p value proxy: 0.009966777637600899
result: True
power_upto_now: 0.8028846383094788
209th run
noise dimension : 27
noise variance: 336.9061279296875
original u-statistic:0.5388069152832031
p value proxy: 0.003322259057313204
result: True
power_upto_now: 0.8038277626037598
210th run
noise dimension : 27
noise variance: 337.095703125
original u-statistic:0.5061280727386475
p value proxy: 0.013289036229252815
result: True
power_upto_now: 0.8047618865966797
211th run
noise dimension : 27
noise variance: 336.48858642578125
original u-statistic:1.3619983196258545
p value proxy: 0.003322259057313204
result: True
power_upto_now: 0.8056871891021729
212th run
noise dimension : 27
noise variance: 336.1614990234375
original u-statistic:0.681657075881958
p value proxy: 0.003322259057313204
result: True
power_upto_now: 0.8066037893295288
213th run
noise dimension : 27
noise variance: 337.0118713378906
original u-statistic:0.6900172233581543
p value proxy: 0.003322259057313204
result: True
power_upto_now: 0.8075117468833923
214th run
noise dimension : 27
noise variance: 337.4084167480469
original u-statistic:0.6454646587371826
p value proxy: 0.003322259057313204
result: True
power_upto_now: 0.8084112405776978
215th run
noise dimension : 27
noise variance: 337.2439880371094
original u-statistic:0.37339186668395996
p value proxy: 0.029900331050157547
result: True
power_upto_now: 0.8093023300170898
216th run
noise dimension : 27
noise variance: 336.7580871582031
original u-statistic:0.45255613327026367
p value proxy: 0.016611294820904732
result: True
power_upto_now: 0.8101851940155029
217th run
noise dimension : 27
noise variance: 336.9797668457031
original u-statistic:0.46823596954345703
p value proxy: 0.013289036229252815
result: True
power_upto_now: 0.8110598921775818
218th run
noise dimension : 27
noise variance: 338.0432434082031
original u-statistic:0.6236116886138916
p value proxy: 0.003322259057313204
result: True
power_upto_now: 0.8119266033172607
219th run
noise dimension : 27
noise variance: 337.3826599121094
original u-statistic:1.0528781414031982
p value proxy: 0.003322259057313204
result: True
power_upto_now: 0.8127853870391846
220th run
noise dimension : 27
noise variance: 337.8746032714844
original u-statistic:0.8433144092559814
p value proxy: 0.003322259057313204
result: True
power_upto_now: 0.8136363625526428
221th run
noise dimension : 27
noise variance: 336.8922424316406
original u-statistic:0.18875837326049805
p value proxy: 0.1029900312423706
result: False
power_upto_now: 0.8099547624588013
222th run
noise dimension : 27
noise variance: 338.1949768066406
original u-statistic:0.3058168888092041
p value proxy: 0.04318936914205551
result: True
power_upto_now: 0.8108108043670654
223th run
noise dimension : 27
noise variance: 337.0702819824219
original u-statistic:0.9014625549316406
p value proxy: 0.003322259057313204
result: True
power_upto_now: 0.8116592168807983
224th run
noise dimension : 27
noise variance: 337.47955322265625
original u-statistic:0.5840897560119629
p value proxy: 0.003322259057313204
result: True
power_upto_now: 0.8125
225th run
noise dimension : 27
noise variance: 337.5185546875
original u-statistic:0.9438216686248779
p value proxy: 0.003322259057313204
result: True
power_upto_now: 0.8133333325386047
226th run
noise dimension : 27
noise variance: 337.0937805175781
original u-statistic:0.3788628578186035
p value proxy: 0.009966777637600899
result: True
power_upto_now: 0.8141592741012573
227th run
noise dimension : 27
noise variance: 337.63470458984375
original u-statistic:0.9129130840301514
p value proxy: 0.003322259057313204
result: True
power_upto_now: 0.8149779438972473
228th run
noise dimension : 27
noise variance: 337.3786926269531
original u-statistic:0.49955153465270996
p value proxy: 0.009966777637600899
result: True
power_upto_now: 0.8157894611358643
229th run
noise dimension : 27
noise variance: 337.5807189941406
original u-statistic:0.09604763984680176
p value proxy: 0.22923587262630463
result: False
power_upto_now: 0.8122270703315735
230th run
noise dimension : 27
noise variance: 337.9438781738281
original u-statistic:0.25684261322021484
p value proxy: 0.0830564796924591
result: False
power_upto_now: 0.8086956739425659
231th run
noise dimension : 27
noise variance: 337.67578125
original u-statistic:0.2604203224182129
p value proxy: 0.0830564796924591
result: False
power_upto_now: 0.8051947951316833
232th run
noise dimension : 27
noise variance: 337.37091064453125
original u-statistic:0.589754581451416
p value proxy: 0.006644518114626408
result: True
power_upto_now: 0.806034505367279
233th run
noise dimension : 27
noise variance: 338.0494384765625
original u-statistic:0.5766956806182861
p value proxy: 0.003322259057313204
result: True
power_upto_now: 0.8068669438362122
234th run
noise dimension : 27
noise variance: 337.5085144042969
original u-statistic:0.44757843017578125
p value proxy: 0.009966777637600899
result: True
power_upto_now: 0.807692289352417
235th run
noise dimension : 27
noise variance: 337.9366149902344
original u-statistic:0.5852985382080078
p value proxy: 0.003322259057313204
result: True
power_upto_now: 0.8085106611251831
236th run
noise dimension : 27
noise variance: 336.7027893066406
original u-statistic:0.22941303253173828
p value proxy: 0.06312292069196701
result: False
power_upto_now: 0.805084764957428
237th run
noise dimension : 27
noise variance: 338.2191467285156
original u-statistic:0.6632745265960693
p value proxy: 0.003322259057313204
result: True
power_upto_now: 0.8059071898460388
238th run
noise dimension : 27
noise variance: 337.1710205078125
original u-statistic:0.42171597480773926
p value proxy: 0.009966777637600899
result: True
power_upto_now: 0.8067227005958557
239th run
noise dimension : 27
noise variance: 337.345458984375
original u-statistic:0.8166666030883789
p value proxy: 0.003322259057313204
result: True
power_upto_now: 0.8075313568115234
240th run
noise dimension : 27
noise variance: 337.888916015625
original u-statistic:0.3434262275695801
p value proxy: 0.02657807245850563
result: True
power_upto_now: 0.8083333373069763
241th run
noise dimension : 27
noise variance: 337.0257568359375
original u-statistic:0.3579528331756592
p value proxy: 0.033222589641809464
result: True
power_upto_now: 0.8091286420822144
242th run
noise dimension : 27
noise variance: 336.8019714355469
original u-statistic:0.3812556266784668
p value proxy: 0.016611294820904732
result: True
power_upto_now: 0.8099173307418823
243th run
noise dimension : 27
noise variance: 338.0198059082031
original u-statistic:0.6274244785308838
p value proxy: 0.003322259057313204
result: True
power_upto_now: 0.8106995820999146
244th run
noise dimension : 27
noise variance: 337.5472412109375
original u-statistic:0.6472299098968506
p value proxy: 0.003322259057313204
result: True
power_upto_now: 0.811475396156311
245th run
noise dimension : 27
noise variance: 338.1096496582031
original u-statistic:0.689335823059082
p value proxy: 0.003322259057313204
result: True
power_upto_now: 0.8122448921203613
246th run
noise dimension : 27
noise variance: 337.6746826171875
original u-statistic:0.6465017795562744
p value proxy: 0.003322259057313204
result: True
power_upto_now: 0.8130081295967102
247th run
noise dimension : 27
noise variance: 337.3643493652344
original u-statistic:0.1568770408630371
p value proxy: 0.19601328670978546
result: False
power_upto_now: 0.8097165822982788
248th run
noise dimension : 27
noise variance: 338.31695556640625
original u-statistic:0.3835585117340088
p value proxy: 0.023255813866853714
result: True
power_upto_now: 0.8104838728904724
249th run
noise dimension : 27
noise variance: 337.49200439453125
original u-statistic:0.3953428268432617
p value proxy: 0.019933555275201797
result: True
power_upto_now: 0.8112449645996094
250th run
noise dimension : 27
noise variance: 338.27154541015625
original u-statistic:0.2832009792327881
p value proxy: 0.07641195505857468
result: False
power_upto_now: 0.8080000281333923
251th run
noise dimension : 27
noise variance: 338.54681396484375
original u-statistic:0.5070183277130127
p value proxy: 0.009966777637600899
result: True
power_upto_now: 0.8087649345397949
252th run
noise dimension : 27
noise variance: 337.4542236328125
original u-statistic:0.44055724143981934
p value proxy: 0.016611294820904732
result: True
power_upto_now: 0.8095238208770752
253th run
noise dimension : 27
noise variance: 337.53924560546875
original u-statistic:0.5345876216888428
p value proxy: 0.006644518114626408
result: True
power_upto_now: 0.8102766871452332
254th run
noise dimension : 27
noise variance: 338.1715393066406
original u-statistic:0.4919273853302002
p value proxy: 0.006644518114626408
result: True
power_upto_now: 0.8110235929489136
255th run
noise dimension : 27
noise variance: 337.5648498535156
original u-statistic:0.26401424407958984
p value proxy: 0.06976743787527084
result: False
power_upto_now: 0.8078431487083435
256th run
noise dimension : 27
noise variance: 335.7151794433594
original u-statistic:0.6300833225250244
p value proxy: 0.003322259057313204
result: True
power_upto_now: 0.80859375
257th run
noise dimension : 27
noise variance: 337.72723388671875
original u-statistic:0.801368236541748
p value proxy: 0.003322259057313204
result: True
power_upto_now: 0.8093385100364685
258th run
noise dimension : 27
noise variance: 336.4289245605469
original u-statistic:0.6157665252685547
p value proxy: 0.003322259057313204
result: True
power_upto_now: 0.8100775480270386
259th run
noise dimension : 27
noise variance: 337.6101379394531
original u-statistic:0.3340461254119873
p value proxy: 0.023255813866853714
result: True
power_upto_now: 0.8108108043670654
260th run
noise dimension : 27
noise variance: 336.7803649902344
original u-statistic:0.48244476318359375
p value proxy: 0.006644518114626408
result: True
power_upto_now: 0.8115384578704834
261th run
noise dimension : 27
noise variance: 337.6376953125
original u-statistic:0.606290340423584
p value proxy: 0.003322259057313204
result: True
power_upto_now: 0.8122605085372925
262th run
noise dimension : 27
noise variance: 337.2926025390625
original u-statistic:0.6572375297546387
p value proxy: 0.003322259057313204
result: True
power_upto_now: 0.8129770755767822
263th run
noise dimension : 27
noise variance: 337.79620361328125
original u-statistic:0.9143106937408447
p value proxy: 0.003322259057313204
result: True
power_upto_now: 0.8136882185935974
264th run
noise dimension : 27
noise variance: 337.39093017578125
original u-statistic:0.603269100189209
p value proxy: 0.003322259057313204
result: True
power_upto_now: 0.814393937587738
265th run
noise dimension : 27
noise variance: 337.1966552734375
original u-statistic:1.2385170459747314
p value proxy: 0.003322259057313204
result: True
power_upto_now: 0.8150943517684937
266th run
noise dimension : 27
noise variance: 337.5627136230469
original u-statistic:0.6405718326568604
p value proxy: 0.003322259057313204
result: True
power_upto_now: 0.8157894611358643
267th run
noise dimension : 27
noise variance: 337.12744140625
original u-statistic:0.7050309181213379
p value proxy: 0.006644518114626408
result: True
power_upto_now: 0.8164793848991394
268th run
noise dimension : 27
noise variance: 337.9938049316406
original u-statistic:0.18336153030395508
p value proxy: 0.1229235827922821
result: False
power_upto_now: 0.8134328126907349
269th run
noise dimension : 27
noise variance: 336.94024658203125
original u-statistic:0.5833659172058105
p value proxy: 0.003322259057313204
result: True
power_upto_now: 0.8141263723373413
270th run
noise dimension : 27
noise variance: 337.3078308105469
original u-statistic:0.6124441623687744
p value proxy: 0.003322259057313204
result: True
power_upto_now: 0.8148148059844971
271th run
noise dimension : 27
noise variance: 338.4125671386719
original u-statistic:0.28232383728027344
p value proxy: 0.06976743787527084
result: False
power_upto_now: 0.8118081092834473
272th run
noise dimension : 27
noise variance: 335.95458984375
original u-statistic:0.3048396110534668
p value proxy: 0.029900331050157547
result: True
power_upto_now: 0.8125
273th run
noise dimension : 27
noise variance: 339.4229431152344
original u-statistic:0.45263147354125977
p value proxy: 0.006644518114626408
result: True
power_upto_now: 0.8131868243217468
274th run
noise dimension : 27
noise variance: 338.6543273925781
original u-statistic:0.5418894290924072
p value proxy: 0.006644518114626408
result: True
power_upto_now: 0.8138686418533325
275th run
noise dimension : 27
noise variance: 337.8810119628906
original u-statistic:0.33432650566101074
p value proxy: 0.03654484823346138
result: True
power_upto_now: 0.8145454525947571
276th run
noise dimension : 27
noise variance: 337.0795593261719
original u-statistic:0.26351380348205566
p value proxy: 0.09302325546741486
result: False
power_upto_now: 0.8115941882133484
277th run
noise dimension : 27
noise variance: 338.0855712890625
original u-statistic:1.4823439121246338
p value proxy: 0.003322259057313204
result: True
power_upto_now: 0.8122743964195251
278th run
noise dimension : 27
noise variance: 337.21258544921875
original u-statistic:0.3565812110900879
p value proxy: 0.02657807245850563
result: True
power_upto_now: 0.8129496574401855
279th run
noise dimension : 27
noise variance: 336.71844482421875
original u-statistic:0.46471714973449707
p value proxy: 0.019933555275201797
result: True
power_upto_now: 0.8136200904846191
280th run
noise dimension : 27
noise variance: 337.8243713378906
original u-statistic:1.1055018901824951
p value proxy: 0.003322259057313204
result: True
power_upto_now: 0.8142856955528259
281th run
noise dimension : 27
noise variance: 336.7901611328125
original u-statistic:0.5126519203186035
p value proxy: 0.006644518114626408
result: True
power_upto_now: 0.8149465918540955
282th run
noise dimension : 27
noise variance: 338.37127685546875
original u-statistic:0.3257875442504883
p value proxy: 0.02657807245850563
result: True
power_upto_now: 0.8156028389930725
283th run
noise dimension : 27
noise variance: 337.20013427734375
original u-statistic:0.09458327293395996
p value proxy: 0.2591361999511719
result: False
power_upto_now: 0.8127208352088928
284th run
noise dimension : 27
noise variance: 336.9250793457031
original u-statistic:0.6533393859863281
p value proxy: 0.006644518114626408
result: True
power_upto_now: 0.8133803009986877
285th run
noise dimension : 27
noise variance: 337.2707214355469
original u-statistic:0.5714921951293945
p value proxy: 0.003322259057313204
result: True
power_upto_now: 0.8140350580215454
286th run
noise dimension : 27
noise variance: 336.75408935546875
original u-statistic:0.532210111618042
p value proxy: 0.003322259057313204
result: True
power_upto_now: 0.8146852850914001
287th run
noise dimension : 27
noise variance: 336.63800048828125
original u-statistic:0.3609647750854492
p value proxy: 0.029900331050157547
result: True
power_upto_now: 0.815330982208252
288th run
noise dimension : 27
noise variance: 336.8271789550781
original u-statistic:0.6041152477264404
p value proxy: 0.003322259057313204
result: True
power_upto_now: 0.8159722089767456
289th run
noise dimension : 27
noise variance: 337.2146301269531
original u-statistic:0.838388204574585
p value proxy: 0.003322259057313204
result: True
power_upto_now: 0.8166090250015259
290th run
noise dimension : 27
noise variance: 337.87908935546875
original u-statistic:0.3760826587677002
p value proxy: 0.02657807245850563
result: True
power_upto_now: 0.817241370677948
291th run
noise dimension : 27
noise variance: 337.6434326171875
original u-statistic:0.3671886920928955
p value proxy: 0.013289036229252815
result: True
power_upto_now: 0.8178694248199463
292th run
noise dimension : 27
noise variance: 336.92236328125
original u-statistic:0.5124795436859131
p value proxy: 0.006644518114626408
result: True
power_upto_now: 0.818493127822876
293th run
noise dimension : 27
noise variance: 336.80596923828125
original u-statistic:0.3293490409851074
p value proxy: 0.049833886325359344
result: True
power_upto_now: 0.8191125988960266
294th run
noise dimension : 27
noise variance: 337.7221374511719
original u-statistic:0.6485962867736816
p value proxy: 0.003322259057313204
result: True
power_upto_now: 0.819727897644043
295th run
noise dimension : 27
noise variance: 337.91253662109375
original u-statistic:0.6186337471008301
p value proxy: 0.003322259057313204
result: True
power_upto_now: 0.8203389644622803
296th run
noise dimension : 27
noise variance: 337.7844543457031
original u-statistic:0.3814966678619385
p value proxy: 0.033222589641809464
result: True
power_upto_now: 0.8209459185600281
297th run
noise dimension : 27
noise variance: 337.5844421386719
original u-statistic:0.2269730567932129
p value proxy: 0.07641195505857468
result: False
power_upto_now: 0.8181818127632141
298th run
noise dimension : 27
noise variance: 337.0855712890625
original u-statistic:0.6291360855102539
p value proxy: 0.003322259057313204
result: True
power_upto_now: 0.818791925907135
299th run
noise dimension : 27
noise variance: 338.34490966796875
original u-statistic:1.1450819969177246
p value proxy: 0.003322259057313204
result: True
power_upto_now: 0.8193979859352112
300th run
noise dimension : 27
noise variance: 337.32232666015625
original u-statistic:0.5855827331542969
p value proxy: 0.006644518114626408
result: True
power_upto_now: 0.8199999928474426
301th run
noise dimension : 27
noise variance: 336.2876892089844
original u-statistic:0.33409905433654785
p value proxy: 0.029900331050157547
result: True
power_upto_now: 0.8205980062484741
302th run
noise dimension : 27
noise variance: 337.179931640625
original u-statistic:0.7117753028869629
p value proxy: 0.003322259057313204
result: True
power_upto_now: 0.8211920261383057
303th run
noise dimension : 27
noise variance: 337.9409484863281
original u-statistic:0.14081835746765137
p value proxy: 0.19933554530143738
result: False
power_upto_now: 0.8184818625450134
304th run
noise dimension : 27
noise variance: 336.997314453125
original u-statistic:0.7353508472442627
p value proxy: 0.003322259057313204
result: True
power_upto_now: 0.8190789222717285
305th run
noise dimension : 27
noise variance: 337.5003356933594
original u-statistic:0.47513437271118164
p value proxy: 0.023255813866853714
result: True
power_upto_now: 0.8196721076965332
306th run
noise dimension : 27
noise variance: 337.5522766113281
original u-statistic:0.5680129528045654
p value proxy: 0.003322259057313204
result: True
power_upto_now: 0.8202614188194275
307th run
noise dimension : 27
noise variance: 338.0889892578125
original u-statistic:0.6153593063354492
p value proxy: 0.006644518114626408
result: True
power_upto_now: 0.8208469152450562
308th run
noise dimension : 27
noise variance: 337.41314697265625
original u-statistic:0.5537552833557129
p value proxy: 0.009966777637600899
result: True
power_upto_now: 0.8214285969734192
309th run
noise dimension : 27
noise variance: 337.79840087890625
original u-statistic:0.8873844146728516
p value proxy: 0.003322259057313204
result: True
power_upto_now: 0.8220064640045166
310th run
noise dimension : 27
noise variance: 336.8177795410156
original u-statistic:1.1243679523468018
p value proxy: 0.003322259057313204
result: True
power_upto_now: 0.8225806355476379
311th run
noise dimension : 27
noise variance: 336.7287902832031
original u-statistic:0.00714111328125
p value proxy: 0.4651162624359131
result: False
power_upto_now: 0.81993567943573
312th run
noise dimension : 27
noise variance: 337.66448974609375
original u-statistic:0.44313907623291016
p value proxy: 0.016611294820904732
result: True
power_upto_now: 0.8205128312110901
313th run
noise dimension : 27
noise variance: 338.1679992675781
original u-statistic:0.36194396018981934
p value proxy: 0.033222589641809464
result: True
power_upto_now: 0.8210862874984741
314th run
noise dimension : 27
noise variance: 336.4756164550781
original u-statistic:1.1101510524749756
p value proxy: 0.003322259057313204
result: True
power_upto_now: 0.8216560482978821
315th run
noise dimension : 27
noise variance: 337.8878173828125
original u-statistic:0.7411062717437744
p value proxy: 0.006644518114626408
result: True
power_upto_now: 0.8222222328186035
316th run
noise dimension : 27
noise variance: 337.6218566894531
original u-statistic:0.656407356262207
p value proxy: 0.003322259057313204
result: True
power_upto_now: 0.8227847814559937
317th run
noise dimension : 27
noise variance: 336.73724365234375
original u-statistic:0.49385595321655273
p value proxy: 0.009966777637600899
result: True
power_upto_now: 0.8233438730239868
318th run
noise dimension : 27
noise variance: 337.5049133300781
original u-statistic:0.49321699142456055
p value proxy: 0.006644518114626408
result: True
power_upto_now: 0.8238993883132935
319th run
noise dimension : 27
noise variance: 336.7186279296875
original u-statistic:0.48551225662231445
p value proxy: 0.006644518114626408
result: True
power_upto_now: 0.8244513869285583
320th run
noise dimension : 27
noise variance: 336.05279541015625
original u-statistic:0.46371936798095703
p value proxy: 0.006644518114626408
result: True
power_upto_now: 0.824999988079071
321th run
noise dimension : 27
noise variance: 336.97967529296875
original u-statistic:0.4206051826477051
p value proxy: 0.009966777637600899
result: True
power_upto_now: 0.8255451917648315
322th run
noise dimension : 27
noise variance: 337.5034484863281
original u-statistic:0.684105396270752
p value proxy: 0.003322259057313204
result: True
power_upto_now: 0.8260869383811951
323th run
noise dimension : 27
noise variance: 338.5846252441406
original u-statistic:0.5071172714233398
p value proxy: 0.009966777637600899
result: True
power_upto_now: 0.826625406742096
324th run
noise dimension : 27
noise variance: 337.2900390625
original u-statistic:0.27999377250671387
p value proxy: 0.06644517928361893
result: False
power_upto_now: 0.8240740895271301
325th run
noise dimension : 27
noise variance: 337.6024475097656
original u-statistic:0.4777052402496338
p value proxy: 0.013289036229252815
result: True
power_upto_now: 0.8246153593063354
326th run
noise dimension : 27
noise variance: 337.58441162109375
original u-statistic:0.367656946182251
p value proxy: 0.039867110550403595
result: True
power_upto_now: 0.8251533508300781
327th run
noise dimension : 27
noise variance: 338.0497741699219
original u-statistic:0.6033360958099365
p value proxy: 0.003322259057313204
result: True
power_upto_now: 0.8256880640983582
328th run
noise dimension : 27
noise variance: 337.3428649902344
original u-statistic:0.6503419876098633
p value proxy: 0.006644518114626408
result: True
power_upto_now: 0.8262194991111755
329th run
noise dimension : 27
noise variance: 337.8279724121094
original u-statistic:0.41880083084106445
p value proxy: 0.029900331050157547
result: True
power_upto_now: 0.826747715473175
330th run
noise dimension : 27
noise variance: 336.4483642578125
original u-statistic:0.563946008682251
p value proxy: 0.003322259057313204
result: True
power_upto_now: 0.8272727131843567
331th run
noise dimension : 27
noise variance: 337.0915222167969
original u-statistic:0.7943859100341797
p value proxy: 0.003322259057313204
result: True
power_upto_now: 0.8277945518493652
332th run
noise dimension : 27
noise variance: 337.298828125
original u-statistic:0.6761147975921631
p value proxy: 0.003322259057313204
result: True
power_upto_now: 0.8283132314682007
333th run
noise dimension : 27
noise variance: 337.11761474609375
original u-statistic:0.2104952335357666
p value proxy: 0.10963454842567444
result: False
power_upto_now: 0.8258258104324341
334th run
noise dimension : 27
noise variance: 337.2290344238281
original u-statistic:0.5176191329956055
p value proxy: 0.009966777637600899
result: True
power_upto_now: 0.826347291469574
335th run
noise dimension : 27
noise variance: 336.3955993652344
original u-statistic:0.3792531490325928
p value proxy: 0.023255813866853714
result: True
power_upto_now: 0.8268656730651855
336th run
noise dimension : 27
noise variance: 337.42266845703125
original u-statistic:0.4362483024597168
p value proxy: 0.013289036229252815
result: True
power_upto_now: 0.8273809552192688
337th run
noise dimension : 27
noise variance: 337.22308349609375
original u-statistic:0.35613083839416504
p value proxy: 0.033222589641809464
result: True
power_upto_now: 0.8278931975364685
338th run
noise dimension : 27
noise variance: 337.2205810546875
original u-statistic:-0.029205799102783203
p value proxy: 0.5581395030021667
result: False
power_upto_now: 0.8254438042640686
339th run
noise dimension : 27
noise variance: 337.9331970214844
original u-statistic:0.2943902015686035
p value proxy: 0.02657807245850563
result: True
power_upto_now: 0.8259587287902832
340th run
noise dimension : 27
noise variance: 337.89923095703125
original u-statistic:0.5493648052215576
p value proxy: 0.009966777637600899
result: True
power_upto_now: 0.8264706134796143
341th run
noise dimension : 27
noise variance: 337.28814697265625
original u-statistic:0.9180080890655518
p value proxy: 0.003322259057313204
result: True
power_upto_now: 0.8269794583320618
342th run
noise dimension : 27
noise variance: 337.4327697753906
original u-statistic:0.34697771072387695
p value proxy: 0.033222589641809464
result: True
power_upto_now: 0.8274853825569153
343th run
noise dimension : 27
noise variance: 336.7484436035156
original u-statistic:1.0246312618255615
p value proxy: 0.003322259057313204
result: True
power_upto_now: 0.82798832654953
344th run
noise dimension : 27
noise variance: 337.5031433105469
original u-statistic:0.3284904956817627
p value proxy: 0.05647840350866318
result: False
power_upto_now: 0.8255813717842102
345th run
noise dimension : 27
noise variance: 337.56768798828125
original u-statistic:0.7893412113189697
p value proxy: 0.003322259057313204
result: True
power_upto_now: 0.8260869383811951
346th run
noise dimension : 27
noise variance: 337.6841125488281
original u-statistic:0.4837067127227783
p value proxy: 0.003322259057313204
result: True
power_upto_now: 0.8265895843505859
347th run
noise dimension : 27
noise variance: 337.53564453125
original u-statistic:1.0421912670135498
p value proxy: 0.003322259057313204
result: True
power_upto_now: 0.8270893096923828
348th run
noise dimension : 27
noise variance: 337.9094543457031
original u-statistic:0.37874627113342285
p value proxy: 0.019933555275201797
result: True
power_upto_now: 0.8275862336158752
349th run
noise dimension : 27
noise variance: 338.5572204589844
original u-statistic:0.23107004165649414
p value proxy: 0.08970099687576294
result: False
power_upto_now: 0.8252149224281311
350th run
noise dimension : 27
noise variance: 337.67816162109375
original u-statistic:0.5602035522460938
p value proxy: 0.006644518114626408
result: True
power_upto_now: 0.8257142901420593
351th run
noise dimension : 27
noise variance: 337.8346252441406
original u-statistic:0.4186384677886963
p value proxy: 0.019933555275201797
result: True
power_upto_now: 0.8262107968330383
352th run
noise dimension : 27
noise variance: 337.5361633300781
original u-statistic:0.7240879535675049
p value proxy: 0.003322259057313204
result: True
power_upto_now: 0.8267045617103577
353th run
noise dimension : 27
noise variance: 337.6737976074219
original u-statistic:1.2461743354797363
p value proxy: 0.003322259057313204
result: True
power_upto_now: 0.8271954655647278
354th run
noise dimension : 27
noise variance: 337.8321533203125
original u-statistic:0.5518856048583984
p value proxy: 0.006644518114626408
result: True
power_upto_now: 0.8276836276054382
355th run
noise dimension : 27
noise variance: 336.83111572265625
original u-statistic:0.2554495334625244
p value proxy: 0.07308969646692276
result: False
power_upto_now: 0.825352132320404
356th run
noise dimension : 27
noise variance: 337.1678771972656
original u-statistic:0.45822834968566895
p value proxy: 0.009966777637600899
result: True
power_upto_now: 0.8258426785469055
357th run
noise dimension : 27
noise variance: 336.5383605957031
original u-statistic:0.1962425708770752
p value proxy: 0.1395348757505417
result: False
power_upto_now: 0.8235294222831726
358th run
noise dimension : 27
noise variance: 336.11553955078125
original u-statistic:0.5229103565216064
p value proxy: 0.003322259057313204
result: True
power_upto_now: 0.8240223526954651
359th run
noise dimension : 27
noise variance: 336.9954528808594
original u-statistic:0.41542649269104004
p value proxy: 0.013289036229252815
result: True
power_upto_now: 0.8245125412940979
360th run
noise dimension : 27
noise variance: 337.5890197753906
original u-statistic:0.1811211109161377
p value proxy: 0.1428571343421936
result: False
power_upto_now: 0.8222222328186035
361th run
noise dimension : 27
noise variance: 338.2647705078125
original u-statistic:0.610508918762207
p value proxy: 0.003322259057313204
result: True
power_upto_now: 0.8227146863937378
362th run
noise dimension : 27
noise variance: 337.96148681640625
original u-statistic:0.46735239028930664
p value proxy: 0.013289036229252815
result: True
power_upto_now: 0.8232043981552124
363th run
noise dimension : 27
noise variance: 338.5280456542969
original u-statistic:0.30977439880371094
p value proxy: 0.03654484823346138
result: True
power_upto_now: 0.8236914873123169
364th run
noise dimension : 27
noise variance: 338.0674133300781
original u-statistic:0.3152163028717041
p value proxy: 0.029900331050157547
result: True
power_upto_now: 0.8241758346557617
365th run
noise dimension : 27
noise variance: 337.6458435058594
original u-statistic:0.15139341354370117
p value proxy: 0.17940199375152588
result: False
power_upto_now: 0.8219178318977356
366th run
noise dimension : 27
noise variance: 337.444580078125
original u-statistic:0.42726564407348633
p value proxy: 0.009966777637600899
result: True
power_upto_now: 0.8224043846130371
367th run
noise dimension : 27
noise variance: 338.07061767578125
original u-statistic:0.5421051979064941
p value proxy: 0.006644518114626408
result: True
power_upto_now: 0.8228882551193237
368th run
noise dimension : 27
noise variance: 338.140380859375
original u-statistic:0.9357588291168213
p value proxy: 0.003322259057313204
result: True
power_upto_now: 0.823369562625885
369th run
noise dimension : 27
noise variance: 337.18865966796875
original u-statistic:0.18562030792236328
p value proxy: 0.11627906560897827
result: False
power_upto_now: 0.8211382031440735
370th run
noise dimension : 27
noise variance: 337.6649475097656
original u-statistic:0.9412143230438232
p value proxy: 0.003322259057313204
result: True
power_upto_now: 0.8216215968132019
371th run
noise dimension : 27
noise variance: 337.1000061035156
original u-statistic:0.3418600559234619
p value proxy: 0.04651162773370743
result: True
power_upto_now: 0.822102427482605
372th run
noise dimension : 27
noise variance: 337.9889831542969
original u-statistic:0.9046776294708252
p value proxy: 0.003322259057313204
result: True
power_upto_now: 0.8225806355476379
373th run
noise dimension : 27
noise variance: 337.9287109375
original u-statistic:0.5954277515411377
p value proxy: 0.003322259057313204
result: True
power_upto_now: 0.8230562806129456
374th run
noise dimension : 27
noise variance: 337.64093017578125
original u-statistic:1.0098557472229004
p value proxy: 0.003322259057313204
result: True
power_upto_now: 0.8235294222831726
375th run
noise dimension : 27
noise variance: 336.91094970703125
original u-statistic:0.7266886234283447
p value proxy: 0.006644518114626408
result: True
power_upto_now: 0.8240000009536743
376th run
noise dimension : 27
noise variance: 338.13140869140625
original u-statistic:0.3260080814361572
p value proxy: 0.04318936914205551
result: True
power_upto_now: 0.8244680762290955
377th run
noise dimension : 27
noise variance: 336.7546081542969
original u-statistic:1.1052045822143555
p value proxy: 0.003322259057313204
result: True
power_upto_now: 0.8249337077140808
378th run
noise dimension : 27
noise variance: 337.7450256347656
original u-statistic:0.5004777908325195
p value proxy: 0.009966777637600899
result: True
power_upto_now: 0.8253968358039856
379th run
noise dimension : 27
noise variance: 338.3122253417969
original u-statistic:0.40172410011291504
p value proxy: 0.016611294820904732
result: True
power_upto_now: 0.8258575201034546
380th run
noise dimension : 27
noise variance: 338.02581787109375
original u-statistic:0.007483959197998047
p value proxy: 0.4285714328289032
result: False
power_upto_now: 0.8236842155456543
381th run
noise dimension : 27
noise variance: 338.2207336425781
original u-statistic:0.10189390182495117
p value proxy: 0.2823920249938965
result: False
power_upto_now: 0.8215222954750061
382th run
noise dimension : 27
noise variance: 337.1434020996094
original u-statistic:0.570305347442627
p value proxy: 0.006644518114626408
result: True
power_upto_now: 0.8219895362854004
383th run
noise dimension : 27
noise variance: 336.6288757324219
original u-statistic:0.7580342292785645
p value proxy: 0.003322259057313204
result: True
power_upto_now: 0.8224543333053589
384th run
noise dimension : 27
noise variance: 337.10772705078125
original u-statistic:0.8012661933898926
p value proxy: 0.003322259057313204
result: True
power_upto_now: 0.8229166865348816
385th run
noise dimension : 27
noise variance: 336.65045166015625
original u-statistic:0.1322164535522461
p value proxy: 0.19601328670978546
result: False
power_upto_now: 0.8207792043685913
386th run
noise dimension : 27
noise variance: 337.5406188964844
original u-statistic:0.5552229881286621
p value proxy: 0.009966777637600899
result: True
power_upto_now: 0.8212435245513916
387th run
noise dimension : 27
noise variance: 338.8377685546875
original u-statistic:0.7718241214752197
p value proxy: 0.003322259057313204
result: True
power_upto_now: 0.8217054009437561
388th run
noise dimension : 27
noise variance: 337.0789489746094
original u-statistic:0.3787195682525635
p value proxy: 0.013289036229252815
result: True
power_upto_now: 0.8221649527549744
389th run
noise dimension : 27
noise variance: 336.77764892578125
original u-statistic:0.49799036979675293
p value proxy: 0.003322259057313204
result: True
power_upto_now: 0.8226221203804016
390th run
noise dimension : 27
noise variance: 337.0694274902344
original u-statistic:0.6568872928619385
p value proxy: 0.003322259057313204
result: True
power_upto_now: 0.8230769038200378
391th run
noise dimension : 27
noise variance: 337.04534912109375
original u-statistic:0.5102763175964355
p value proxy: 0.003322259057313204
result: True
power_upto_now: 0.8235294222831726
392th run
noise dimension : 27
noise variance: 336.30682373046875
original u-statistic:0.8149135112762451
p value proxy: 0.003322259057313204
result: True
power_upto_now: 0.8239796161651611
393th run
noise dimension : 27
noise variance: 336.8244323730469
original u-statistic:0.256817102432251
p value proxy: 0.06976743787527084
result: False
power_upto_now: 0.821882963180542
394th run
noise dimension : 27
noise variance: 337.75885009765625
original u-statistic:0.8788430690765381
p value proxy: 0.003322259057313204
result: True
power_upto_now: 0.8223350048065186
395th run
noise dimension : 27
noise variance: 337.4857177734375
original u-statistic:1.6269116401672363
p value proxy: 0.003322259057313204
result: True
power_upto_now: 0.8227847814559937
396th run
noise dimension : 27
noise variance: 337.3260803222656
original u-statistic:0.7446796894073486
p value proxy: 0.003322259057313204
result: True
power_upto_now: 0.8232323527336121
397th run
noise dimension : 27
noise variance: 337.05572509765625
original u-statistic:0.37734150886535645
p value proxy: 0.023255813866853714
result: True
power_upto_now: 0.8236775994300842
398th run
noise dimension : 27
noise variance: 336.8280944824219
original u-statistic:0.9437899589538574
p value proxy: 0.003322259057313204
result: True
power_upto_now: 0.8241205811500549
399th run
noise dimension : 27
noise variance: 337.7724914550781
original u-statistic:0.5662083625793457
p value proxy: 0.006644518114626408
result: True
power_upto_now: 0.8245614171028137
400th run
noise dimension : 27
noise variance: 338.03472900390625
original u-statistic:0.27892374992370605
p value proxy: 0.05315614491701126
result: False
power_upto_now: 0.8224999904632568
401th run
noise dimension : 27
noise variance: 337.079833984375
original u-statistic:1.082927942276001
p value proxy: 0.003322259057313204
result: True
power_upto_now: 0.8229426145553589
402th run
noise dimension : 27
noise variance: 337.68902587890625
original u-statistic:0.3065476417541504
p value proxy: 0.05647840350866318
result: False
power_upto_now: 0.8208954930305481
403th run
noise dimension : 27
noise variance: 337.7359924316406
original u-statistic:0.5907208919525146
p value proxy: 0.003322259057313204
result: True
power_upto_now: 0.8213399648666382
404th run
noise dimension : 27
noise variance: 337.5821533203125
original u-statistic:0.7489442825317383
p value proxy: 0.003322259057313204
result: True
power_upto_now: 0.8217821717262268
405th run
noise dimension : 27
noise variance: 337.2256774902344
original u-statistic:0.29009461402893066
p value proxy: 0.05647840350866318
result: False
power_upto_now: 0.819753110408783
406th run
noise dimension : 27
noise variance: 338.24188232421875
original u-statistic:0.5861606597900391
p value proxy: 0.006644518114626408
result: True
power_upto_now: 0.8201970458030701
407th run
noise dimension : 27
noise variance: 335.8772888183594
original u-statistic:0.47891879081726074
p value proxy: 0.009966777637600899
result: True
power_upto_now: 0.8206388354301453
408th run
noise dimension : 27
noise variance: 336.92559814453125
original u-statistic:0.36403656005859375
p value proxy: 0.02657807245850563
result: True
power_upto_now: 0.8210784196853638
409th run
noise dimension : 27
noise variance: 338.228759765625
original u-statistic:0.8502621650695801
p value proxy: 0.003322259057313204
result: True
power_upto_now: 0.8215159177780151
410th run
noise dimension : 27
noise variance: 336.8350524902344
original u-statistic:0.7148582935333252
p value proxy: 0.006644518114626408
result: True
power_upto_now: 0.8219512104988098
411th run
noise dimension : 27
noise variance: 336.23004150390625
original u-statistic:0.77225661277771
p value proxy: 0.003322259057313204
result: True
power_upto_now: 0.8223844170570374
412th run
noise dimension : 27
noise variance: 336.7232360839844
original u-statistic:0.24424958229064941
p value proxy: 0.10963454842567444
result: False
power_upto_now: 0.8203883767127991
413th run
noise dimension : 27
noise variance: 337.0320739746094
original u-statistic:0.3789677619934082
p value proxy: 0.03654484823346138
result: True
power_upto_now: 0.8208232522010803
414th run
noise dimension : 27
noise variance: 336.9888000488281
original u-statistic:0.2485361099243164
p value proxy: 0.07641195505857468
result: False
power_upto_now: 0.8188405632972717
415th run
noise dimension : 27
noise variance: 337.6607360839844
original u-statistic:0.650505781173706
p value proxy: 0.003322259057313204
result: True
power_upto_now: 0.8192771077156067
416th run
noise dimension : 27
noise variance: 337.8822021484375
original u-statistic:0.6022734642028809
p value proxy: 0.006644518114626408
result: True
power_upto_now: 0.8197115659713745
417th run
noise dimension : 27
noise variance: 336.9891662597656
original u-statistic:0.3514385223388672
p value proxy: 0.013289036229252815
result: True
power_upto_now: 0.8201438784599304
418th run
noise dimension : 27
noise variance: 338.33056640625
original u-statistic:0.662055492401123
p value proxy: 0.003322259057313204
result: True
power_upto_now: 0.820574164390564
419th run
noise dimension : 27
noise variance: 337.38092041015625
original u-statistic:0.19149231910705566
p value proxy: 0.09966777265071869
result: False
power_upto_now: 0.818615734577179
420th run
noise dimension : 27
noise variance: 337.85260009765625
original u-statistic:0.4516429901123047
p value proxy: 0.016611294820904732
result: True
power_upto_now: 0.8190476298332214
421th run
noise dimension : 27
noise variance: 338.2587890625
original u-statistic:0.05633854866027832
p value proxy: 0.35548171401023865
result: False
power_upto_now: 0.8171021342277527
422th run
noise dimension : 27
noise variance: 337.5000305175781
original u-statistic:0.8459057807922363
p value proxy: 0.003322259057313204
result: True
power_upto_now: 0.8175355195999146
423th run
noise dimension : 27
noise variance: 336.54534912109375
original u-statistic:0.22711753845214844
p value proxy: 0.10631228983402252
result: False
power_upto_now: 0.8156028389930725
424th run
noise dimension : 27
noise variance: 336.9270935058594
original u-statistic:0.6320805549621582
p value proxy: 0.003322259057313204
result: True
power_upto_now: 0.8160377144813538
425th run
noise dimension : 27
noise variance: 338.5080871582031
original u-statistic:0.21961069107055664
p value proxy: 0.1029900312423706
result: False
power_upto_now: 0.8141176700592041
426th run
noise dimension : 27
noise variance: 337.5464782714844
original u-statistic:0.798541784286499
p value proxy: 0.003322259057313204
result: True
power_upto_now: 0.81455397605896
427th run
noise dimension : 27
noise variance: 337.9378356933594
original u-statistic:0.2675626277923584
p value proxy: 0.05315614491701126
result: False
power_upto_now: 0.8126463890075684
428th run
noise dimension : 27
noise variance: 336.55340576171875
original u-statistic:0.6251018047332764
p value proxy: 0.003322259057313204
result: True
power_upto_now: 0.8130841255187988
429th run
noise dimension : 27
noise variance: 337.3460998535156
original u-statistic:0.6848421096801758
p value proxy: 0.003322259057313204
result: True
power_upto_now: 0.8135198354721069
430th run
noise dimension : 27
noise variance: 337.6775207519531
original u-statistic:0.49322056770324707
p value proxy: 0.009966777637600899
result: True
power_upto_now: 0.8139534592628479
431th run
noise dimension : 27
noise variance: 337.567626953125
original u-statistic:0.5195765495300293
p value proxy: 0.006644518114626408
result: True
power_upto_now: 0.814385175704956
432th run
noise dimension : 27
noise variance: 337.1919860839844
original u-statistic:0.7654507160186768
p value proxy: 0.003322259057313204
result: True
power_upto_now: 0.8148148059844971
433th run
noise dimension : 27
noise variance: 337.2647705078125
original u-statistic:-0.11223244667053223
p value proxy: 0.7408637404441833
result: False
power_upto_now: 0.8129330277442932
434th run
noise dimension : 27
noise variance: 337.94232177734375
original u-statistic:0.6068496704101562
p value proxy: 0.006644518114626408
result: True
power_upto_now: 0.8133640289306641
435th run
noise dimension : 27
noise variance: 337.6868591308594
original u-statistic:1.1629445552825928
p value proxy: 0.003322259057313204
result: True
power_upto_now: 0.8137931227684021
436th run
noise dimension : 27
noise variance: 338.23358154296875
original u-statistic:0.4951925277709961
p value proxy: 0.006644518114626408
result: True
power_upto_now: 0.8142201900482178
437th run
noise dimension : 27
noise variance: 336.5657043457031
original u-statistic:0.5138437747955322
p value proxy: 0.009966777637600899
result: True
power_upto_now: 0.8146452903747559
438th run
noise dimension : 27
noise variance: 338.0072326660156
original u-statistic:0.26967930793762207
p value proxy: 0.06312292069196701
result: False
power_upto_now: 0.8127853870391846
439th run
noise dimension : 27
noise variance: 337.7764892578125
original u-statistic:0.15995001792907715
p value proxy: 0.14617939293384552
result: False
power_upto_now: 0.8109339475631714
440th run
noise dimension : 27
noise variance: 337.65338134765625
original u-statistic:0.6536188125610352
p value proxy: 0.003322259057313204
result: True
power_upto_now: 0.8113636374473572
441th run
noise dimension : 27
noise variance: 337.2174987792969
original u-statistic:0.5766391754150391
p value proxy: 0.006644518114626408
result: True
power_upto_now: 0.8117913603782654
442th run
noise dimension : 27
noise variance: 337.4999694824219
original u-statistic:0.5199503898620605
p value proxy: 0.013289036229252815
result: True
power_upto_now: 0.8122171759605408
443th run
noise dimension : 27
noise variance: 337.69390869140625
original u-statistic:0.38272619247436523
p value proxy: 0.02657807245850563
result: True
power_upto_now: 0.8126410841941833
444th run
noise dimension : 27
noise variance: 337.59051513671875
original u-statistic:1.0566236972808838
p value proxy: 0.003322259057313204
result: True
power_upto_now: 0.8130630850791931
445th run
noise dimension : 27
noise variance: 338.819580078125
original u-statistic:0.3755044937133789
p value proxy: 0.033222589641809464
result: True
power_upto_now: 0.8134831190109253
446th run
noise dimension : 27
noise variance: 337.0106506347656
original u-statistic:0.8693094253540039
p value proxy: 0.003322259057313204
result: True
power_upto_now: 0.8139013648033142
447th run
noise dimension : 27
noise variance: 337.3815002441406
original u-statistic:0.6763794422149658
p value proxy: 0.006644518114626408
result: True
power_upto_now: 0.8143176436424255
448th run
noise dimension : 27
noise variance: 337.6346130371094
original u-statistic:-0.044214725494384766
p value proxy: 0.5714285373687744
result: False
power_upto_now: 0.8125
449th run
noise dimension : 27
noise variance: 336.74542236328125
original u-statistic:0.7215902805328369
p value proxy: 0.003322259057313204
result: True
power_upto_now: 0.8129175901412964
450th run
noise dimension : 27
noise variance: 336.7646789550781
original u-statistic:1.0584659576416016
p value proxy: 0.003322259057313204
result: True
power_upto_now: 0.8133333325386047
451th run
noise dimension : 27
noise variance: 337.12091064453125
original u-statistic:0.797126293182373
p value proxy: 0.003322259057313204
result: True
power_upto_now: 0.813747227191925
452th run
noise dimension : 27
noise variance: 338.1529846191406
original u-statistic:0.3587918281555176
p value proxy: 0.04318936914205551
result: True
power_upto_now: 0.8141592741012573
453th run
noise dimension : 27
noise variance: 337.1766662597656
original u-statistic:0.1817011833190918
p value proxy: 0.15282391011714935
result: False
power_upto_now: 0.812362015247345
454th run
noise dimension : 27
noise variance: 337.6217041015625
original u-statistic:1.0979790687561035
p value proxy: 0.003322259057313204
result: True
power_upto_now: 0.8127753138542175
455th run
noise dimension : 27
noise variance: 336.23370361328125
original u-statistic:0.3679544925689697
p value proxy: 0.02657807245850563
result: True
power_upto_now: 0.8131868243217468
456th run
noise dimension : 27
noise variance: 338.57232666015625
original u-statistic:0.8964197635650635
p value proxy: 0.003322259057313204
result: True
power_upto_now: 0.8135964870452881
457th run
noise dimension : 27
noise variance: 336.6733093261719
original u-statistic:0.6770195960998535
p value proxy: 0.003322259057313204
result: True
power_upto_now: 0.8140043616294861
458th run
noise dimension : 27
noise variance: 337.29083251953125
original u-statistic:0.25110530853271484
p value proxy: 0.07308969646692276
result: False
power_upto_now: 0.8122270703315735
459th run
noise dimension : 27
noise variance: 337.82354736328125
original u-statistic:0.7239334583282471
p value proxy: 0.003322259057313204
result: True
power_upto_now: 0.812636137008667
460th run
noise dimension : 27
noise variance: 336.52325439453125
original u-statistic:0.401123046875
p value proxy: 0.019933555275201797
result: True
power_upto_now: 0.813043475151062
461th run
noise dimension : 27
noise variance: 338.0552673339844
original u-statistic:0.4649500846862793
p value proxy: 0.013289036229252815
result: True
power_upto_now: 0.8134490251541138
462th run
noise dimension : 27
noise variance: 337.28466796875
original u-statistic:0.4721028804779053
p value proxy: 0.009966777637600899
result: True
power_upto_now: 0.8138527870178223
463th run
noise dimension : 27
noise variance: 337.882080078125
original u-statistic:0.5491704940795898
p value proxy: 0.009966777637600899
result: True
power_upto_now: 0.814254879951477
464th run
noise dimension : 27
noise variance: 338.17755126953125
original u-statistic:0.43422937393188477
p value proxy: 0.019933555275201797
result: True
power_upto_now: 0.8146551847457886
465th run
noise dimension : 27
noise variance: 337.43511962890625
original u-statistic:0.15144634246826172
p value proxy: 0.17940199375152588
result: False
power_upto_now: 0.8129032254219055
466th run
noise dimension : 27
noise variance: 336.9259948730469
original u-statistic:0.6486749649047852
p value proxy: 0.006644518114626408
result: True
power_upto_now: 0.8133047223091125
467th run
noise dimension : 27
noise variance: 337.8114929199219
original u-statistic:0.6600110530853271
p value proxy: 0.003322259057313204
result: True
power_upto_now: 0.8137044906616211
468th run
noise dimension : 27
noise variance: 338.44403076171875
original u-statistic:0.6498928070068359
p value proxy: 0.003322259057313204
result: True
power_upto_now: 0.8141025900840759
469th run
noise dimension : 27
noise variance: 336.7940979003906
original u-statistic:0.6058063507080078
p value proxy: 0.009966777637600899
result: True
power_upto_now: 0.8144989609718323
470th run
noise dimension : 27
noise variance: 336.6289978027344
original u-statistic:0.5433740615844727
p value proxy: 0.009966777637600899
result: True
power_upto_now: 0.8148936033248901
471th run
noise dimension : 27
noise variance: 336.5732727050781
original u-statistic:0.7139408588409424
p value proxy: 0.003322259057313204
result: True
power_upto_now: 0.8152866363525391
472th run
noise dimension : 27
noise variance: 338.3480224609375
original u-statistic:0.6292288303375244
p value proxy: 0.009966777637600899
result: True
power_upto_now: 0.8156779408454895
473th run
noise dimension : 27
noise variance: 338.1238708496094
original u-statistic:0.6964831352233887
p value proxy: 0.003322259057313204
result: True
power_upto_now: 0.816067636013031
474th run
noise dimension : 27
noise variance: 337.0144958496094
original u-statistic:0.5505197048187256
p value proxy: 0.003322259057313204
result: True
power_upto_now: 0.8164557218551636
475th run
noise dimension : 27
noise variance: 337.8371276855469
original u-statistic:0.4559926986694336
p value proxy: 0.013289036229252815
result: True
power_upto_now: 0.8168420791625977
476th run
noise dimension : 27
noise variance: 337.21881103515625
original u-statistic:0.40372204780578613
p value proxy: 0.023255813866853714
result: True
power_upto_now: 0.8172268867492676
477th run
noise dimension : 27
noise variance: 338.3583679199219
original u-statistic:0.8111758232116699
p value proxy: 0.006644518114626408
result: True
power_upto_now: 0.8176100850105286
478th run
noise dimension : 27
noise variance: 337.60687255859375
original u-statistic:0.6918811798095703
p value proxy: 0.003322259057313204
result: True
power_upto_now: 0.8179916143417358
479th run
noise dimension : 27
noise variance: 336.96087646484375
original u-statistic:0.3436274528503418
p value proxy: 0.03654484823346138
result: True
power_upto_now: 0.818371593952179
480th run
noise dimension : 27
noise variance: 337.5621643066406
original u-statistic:0.57352614402771
p value proxy: 0.003322259057313204
result: True
power_upto_now: 0.8187500238418579
481th run
noise dimension : 27
noise variance: 338.5594482421875
original u-statistic:0.5719516277313232
p value proxy: 0.003322259057313204
result: True
power_upto_now: 0.8191268444061279
482th run
noise dimension : 27
noise variance: 338.0907897949219
original u-statistic:0.5256352424621582
p value proxy: 0.006644518114626408
result: True
power_upto_now: 0.819502055644989
483th run
noise dimension : 27
noise variance: 337.3459777832031
original u-statistic:0.3318495750427246
p value proxy: 0.039867110550403595
result: True
power_upto_now: 0.8198757767677307
484th run
noise dimension : 27
noise variance: 336.5697937011719
original u-statistic:0.6849372386932373
p value proxy: 0.006644518114626408
result: True
power_upto_now: 0.8202479481697083
485th run
noise dimension : 27
noise variance: 337.2556457519531
original u-statistic:0.7616872787475586
p value proxy: 0.006644518114626408
result: True
power_upto_now: 0.8206185698509216
486th run
noise dimension : 27
noise variance: 336.4056091308594
original u-statistic:0.8414011001586914
p value proxy: 0.003322259057313204
result: True
power_upto_now: 0.8209876418113708
487th run
noise dimension : 27
noise variance: 338.29669189453125
original u-statistic:0.5752615928649902
p value proxy: 0.003322259057313204
result: True
power_upto_now: 0.8213552236557007
488th run
noise dimension : 27
noise variance: 338.2611999511719
original u-statistic:0.7396750450134277
p value proxy: 0.003322259057313204
result: True
power_upto_now: 0.8217213153839111
489th run
noise dimension : 27
noise variance: 337.0695495605469
original u-statistic:1.0365064144134521
p value proxy: 0.003322259057313204
result: True
power_upto_now: 0.8220859169960022
490th run
noise dimension : 27
noise variance: 336.7659912109375
original u-statistic:0.40844202041625977
p value proxy: 0.016611294820904732
result: True
power_upto_now: 0.8224489688873291
491th run
noise dimension : 27
noise variance: 337.333984375
original u-statistic:0.9178557395935059
p value proxy: 0.003322259057313204
result: True
power_upto_now: 0.8228105902671814
492th run
noise dimension : 27
noise variance: 336.9371643066406
original u-statistic:0.11427831649780273
p value proxy: 0.23920264840126038
result: False
power_upto_now: 0.8211382031440735
493th run
noise dimension : 27
noise variance: 338.04351806640625
original u-statistic:0.36310267448425293
p value proxy: 0.02657807245850563
result: True
power_upto_now: 0.8215010166168213
494th run
noise dimension : 27
noise variance: 337.5501403808594
original u-statistic:1.0258069038391113
p value proxy: 0.003322259057313204
result: True
power_upto_now: 0.8218623399734497
495th run
noise dimension : 27
noise variance: 337.16461181640625
original u-statistic:0.3779451847076416
p value proxy: 0.029900331050157547
result: True
power_upto_now: 0.8222222328186035
496th run
noise dimension : 27
noise variance: 337.1557312011719
original u-statistic:0.6062555313110352
p value proxy: 0.006644518114626408
result: True
power_upto_now: 0.8225806355476379
497th run
noise dimension : 27
noise variance: 337.40924072265625
original u-statistic:0.31609272956848145
p value proxy: 0.03654484823346138
result: True
power_upto_now: 0.8229376077651978
498th run
noise dimension : 27
noise variance: 336.8830871582031
original u-statistic:0.3231375217437744
p value proxy: 0.023255813866853714
result: True
power_upto_now: 0.823293149471283
499th run
noise dimension : 27
noise variance: 338.26727294921875
original u-statistic:0.47669243812561035
p value proxy: 0.006644518114626408
result: True
power_upto_now: 0.8236473202705383
500th run
noise dimension : 27
noise variance: 337.8003845214844
original u-statistic:0.17628264427185059
p value proxy: 0.12956809997558594
result: False
power_upto_now: 0.8220000267028809
power estimate : 0.8220000267028809
elapsed time: 15205.082557916641
