job started
cuda available: True
code run on device:: cuda:0

n1 = 5000, n2 = 5000,

kappa = 3, alpha = 0.8,

gamma = 0.05, nTests = 500,

B = 300

1th run
noise dimension : 27
noise variance: 341.0013732910156
original u-statistic:3.757795810699463
p value proxy: 0.003322259057313204
result: True
power_upto_now: 1.0
2th run
noise dimension : 27
noise variance: 337.0365295410156
original u-statistic:1.4970076084136963
p value proxy: 0.07973422110080719
result: False
power_upto_now: 0.5
3th run
noise dimension : 27
noise variance: 338.9580078125
original u-statistic:1.2366797924041748
p value proxy: 0.11627906560897827
result: False
power_upto_now: 0.3333333432674408
4th run
noise dimension : 27
noise variance: 336.4290771484375
original u-statistic:0.33257055282592773
p value proxy: 0.3521594703197479
result: False
power_upto_now: 0.25
5th run
noise dimension : 27
noise variance: 337.9597473144531
original u-statistic:1.151918649673462
p value proxy: 0.09302325546741486
result: False
power_upto_now: 0.20000000298023224
6th run
noise dimension : 27
noise variance: 339.3617858886719
original u-statistic:1.2583611011505127
p value proxy: 0.07973422110080719
result: False
power_upto_now: 0.1666666716337204
7th run
noise dimension : 27
noise variance: 336.2163391113281
original u-statistic:0.30460143089294434
p value proxy: 0.3654485046863556
result: False
power_upto_now: 0.1428571492433548
8th run
noise dimension : 27
noise variance: 335.8232116699219
original u-statistic:-0.7024989128112793
p value proxy: 0.7308970093727112
result: False
power_upto_now: 0.125
9th run
noise dimension : 27
noise variance: 335.49114990234375
original u-statistic:0.8101170063018799
p value proxy: 0.2059800624847412
result: False
power_upto_now: 0.1111111119389534
10th run
noise dimension : 27
noise variance: 336.2805480957031
original u-statistic:1.4433248043060303
p value proxy: 0.09634551405906677
result: False
power_upto_now: 0.10000000149011612
11th run
noise dimension : 27
noise variance: 339.0756530761719
original u-statistic:2.91171932220459
p value proxy: 0.009966777637600899
result: True
power_upto_now: 0.1818181872367859
12th run
noise dimension : 27
noise variance: 340.26031494140625
original u-statistic:-0.5019140243530273
p value proxy: 0.7076411843299866
result: False
power_upto_now: 0.1666666716337204
13th run
noise dimension : 27
noise variance: 340.15936279296875
original u-statistic:-0.37973642349243164
p value proxy: 0.6146179437637329
result: False
power_upto_now: 0.1538461595773697
14th run
noise dimension : 27
noise variance: 338.6490173339844
original u-statistic:2.259286403656006
p value proxy: 0.02657807245850563
result: True
power_upto_now: 0.2142857164144516
15th run
noise dimension : 27
noise variance: 338.9119567871094
original u-statistic:-0.8811776638031006
p value proxy: 0.803986668586731
result: False
power_upto_now: 0.20000000298023224
16th run
noise dimension : 27
noise variance: 336.69049072265625
original u-statistic:2.5434765815734863
p value proxy: 0.006644518114626408
result: True
power_upto_now: 0.25
17th run
noise dimension : 27
noise variance: 335.8653259277344
original u-statistic:2.028630256652832
p value proxy: 0.029900331050157547
result: True
power_upto_now: 0.29411765933036804
18th run
noise dimension : 27
noise variance: 338.5021057128906
original u-statistic:1.8382925987243652
p value proxy: 0.04318936914205551
result: True
power_upto_now: 0.3333333432674408
19th run
noise dimension : 27
noise variance: 338.1633605957031
original u-statistic:0.9376871585845947
p value proxy: 0.1428571343421936
result: False
power_upto_now: 0.31578946113586426
20th run
noise dimension : 27
noise variance: 338.1769714355469
original u-statistic:0.7532355785369873
p value proxy: 0.21594683825969696
result: False
power_upto_now: 0.30000001192092896
21th run
noise dimension : 27
noise variance: 336.6616516113281
original u-statistic:1.2150111198425293
p value proxy: 0.12624584138393402
result: False
power_upto_now: 0.2857142984867096
22th run
noise dimension : 27
noise variance: 334.4461364746094
original u-statistic:-0.08314800262451172
p value proxy: 0.5215946435928345
result: False
power_upto_now: 0.27272728085517883
23th run
noise dimension : 27
noise variance: 337.2589416503906
original u-statistic:0.22624778747558594
p value proxy: 0.37541526556015015
result: False
power_upto_now: 0.260869562625885
24th run
noise dimension : 27
noise variance: 338.5484924316406
original u-statistic:0.9387221336364746
p value proxy: 0.21594683825969696
result: False
power_upto_now: 0.25
25th run
noise dimension : 27
noise variance: 338.86175537109375
original u-statistic:-0.8005553483963013
p value proxy: 0.8006644248962402
result: False
power_upto_now: 0.23999999463558197
26th run
noise dimension : 27
noise variance: 339.3593444824219
original u-statistic:0.8070554733276367
p value proxy: 0.19269102811813354
result: False
power_upto_now: 0.23076923191547394
27th run
noise dimension : 27
noise variance: 335.1333923339844
original u-statistic:1.5879364013671875
p value proxy: 0.06312292069196701
result: False
power_upto_now: 0.2222222238779068
28th run
noise dimension : 27
noise variance: 336.5597839355469
original u-statistic:1.9100661277770996
p value proxy: 0.049833886325359344
result: True
power_upto_now: 0.25
29th run
noise dimension : 27
noise variance: 337.1242370605469
original u-statistic:2.176626205444336
p value proxy: 0.019933555275201797
result: True
power_upto_now: 0.27586206793785095
30th run
noise dimension : 27
noise variance: 339.2160949707031
original u-statistic:1.1234521865844727
p value proxy: 0.13289035856723785
result: False
power_upto_now: 0.2666666805744171
31th run
noise dimension : 27
noise variance: 338.1061706542969
original u-statistic:1.0951027870178223
p value proxy: 0.15946844220161438
result: False
power_upto_now: 0.25806450843811035
32th run
noise dimension : 27
noise variance: 334.78564453125
original u-statistic:-1.6724634170532227
p value proxy: 0.9867109656333923
result: False
power_upto_now: 0.25
33th run
noise dimension : 27
noise variance: 336.4648742675781
original u-statistic:-0.9630804061889648
p value proxy: 0.8239202499389648
result: False
power_upto_now: 0.24242424964904785
34th run
noise dimension : 27
noise variance: 338.94708251953125
original u-statistic:0.6723768711090088
p value proxy: 0.21926909685134888
result: False
power_upto_now: 0.23529411852359772
35th run
noise dimension : 27
noise variance: 340.80853271484375
original u-statistic:0.6268754005432129
p value proxy: 0.27242523431777954
result: False
power_upto_now: 0.22857142984867096
36th run
noise dimension : 27
noise variance: 338.7215576171875
original u-statistic:0.4136323928833008
p value proxy: 0.3255814015865326
result: False
power_upto_now: 0.2222222238779068
37th run
noise dimension : 27
noise variance: 338.33636474609375
original u-statistic:-0.10538768768310547
p value proxy: 0.45847174525260925
result: False
power_upto_now: 0.21621622145175934
38th run
noise dimension : 27
noise variance: 335.76287841796875
original u-statistic:-0.32442808151245117
p value proxy: 0.6013289093971252
result: False
power_upto_now: 0.21052631735801697
39th run
noise dimension : 27
noise variance: 334.9736328125
original u-statistic:1.123436689376831
p value proxy: 0.15614616870880127
result: False
power_upto_now: 0.20512820780277252
40th run
noise dimension : 27
noise variance: 336.8067321777344
original u-statistic:0.3610200881958008
p value proxy: 0.3289036452770233
result: False
power_upto_now: 0.20000000298023224
41th run
noise dimension : 27
noise variance: 338.05084228515625
original u-statistic:-0.1283571720123291
p value proxy: 0.5581395030021667
result: False
power_upto_now: 0.19512194395065308
42th run
noise dimension : 27
noise variance: 339.0840759277344
original u-statistic:1.3671255111694336
p value proxy: 0.09302325546741486
result: False
power_upto_now: 0.190476194024086
43th run
noise dimension : 27
noise variance: 337.7243347167969
original u-statistic:-0.7985489368438721
p value proxy: 0.7973421812057495
result: False
power_upto_now: 0.1860465109348297
44th run
noise dimension : 27
noise variance: 337.2162780761719
original u-statistic:-0.25697827339172363
p value proxy: 0.5714285373687744
result: False
power_upto_now: 0.1818181872367859
45th run
noise dimension : 27
noise variance: 338.9321594238281
original u-statistic:2.4742493629455566
p value proxy: 0.019933555275201797
result: True
power_upto_now: 0.20000000298023224
46th run
noise dimension : 27
noise variance: 336.34674072265625
original u-statistic:0.14076471328735352
p value proxy: 0.4019933342933655
result: False
power_upto_now: 0.19565217196941376
47th run
noise dimension : 27
noise variance: 336.19158935546875
original u-statistic:1.1857900619506836
p value proxy: 0.07973422110080719
result: False
power_upto_now: 0.19148936867713928
48th run
noise dimension : 27
noise variance: 336.8126525878906
original u-statistic:1.4013004302978516
p value proxy: 0.09966777265071869
result: False
power_upto_now: 0.1875
49th run
noise dimension : 27
noise variance: 333.94195556640625
original u-statistic:1.180844783782959
p value proxy: 0.09634551405906677
result: False
power_upto_now: 0.18367347121238708
50th run
noise dimension : 27
noise variance: 335.63916015625
original u-statistic:0.653721809387207
p value proxy: 0.25249168276786804
result: False
power_upto_now: 0.18000000715255737
51th run
noise dimension : 27
noise variance: 337.25518798828125
original u-statistic:-0.6134562492370605
p value proxy: 0.724252462387085
result: False
power_upto_now: 0.1764705926179886
52th run
noise dimension : 27
noise variance: 337.73736572265625
original u-statistic:1.042299747467041
p value proxy: 0.13289035856723785
result: False
power_upto_now: 0.17307692766189575
53th run
noise dimension : 27
noise variance: 337.4773864746094
original u-statistic:-1.2124364376068115
p value proxy: 0.8903654217720032
result: False
power_upto_now: 0.16981132328510284
54th run
noise dimension : 27
noise variance: 339.7918395996094
original u-statistic:2.7056877613067627
p value proxy: 0.016611294820904732
result: True
power_upto_now: 0.18518517911434174
55th run
noise dimension : 27
noise variance: 337.6410827636719
original u-statistic:-1.0417513847351074
p value proxy: 0.8770763874053955
result: False
power_upto_now: 0.1818181872367859
56th run
noise dimension : 27
noise variance: 336.4366149902344
original u-statistic:1.0217070579528809
p value proxy: 0.11627906560897827
result: False
power_upto_now: 0.1785714328289032
57th run
noise dimension : 27
noise variance: 339.46337890625
original u-statistic:-0.7536444664001465
p value proxy: 0.7707641124725342
result: False
power_upto_now: 0.17543859779834747
58th run
noise dimension : 27
noise variance: 338.2308349609375
original u-statistic:0.593841552734375
p value proxy: 0.23255813121795654
result: False
power_upto_now: 0.17241379618644714
59th run
noise dimension : 27
noise variance: 338.1505126953125
original u-statistic:0.9326696395874023
p value proxy: 0.1827242523431778
result: False
power_upto_now: 0.16949152946472168
60th run
noise dimension : 27
noise variance: 335.1067810058594
original u-statistic:-0.9817571640014648
p value proxy: 0.843853771686554
result: False
power_upto_now: 0.1666666716337204
61th run
noise dimension : 27
noise variance: 339.9146728515625
original u-statistic:2.0636065006256104
p value proxy: 0.039867110550403595
result: True
power_upto_now: 0.1803278625011444
62th run
noise dimension : 27
noise variance: 341.1644592285156
original u-statistic:0.936060905456543
p value proxy: 0.15614616870880127
result: False
power_upto_now: 0.17741934955120087
63th run
noise dimension : 27
noise variance: 336.8893737792969
original u-statistic:0.4202289581298828
p value proxy: 0.3222591280937195
result: False
power_upto_now: 0.1746031790971756
64th run
noise dimension : 27
noise variance: 337.55780029296875
original u-statistic:0.36981844902038574
p value proxy: 0.3521594703197479
result: False
power_upto_now: 0.171875
65th run
noise dimension : 27
noise variance: 338.1984558105469
original u-statistic:-0.34878969192504883
p value proxy: 0.6212624311447144
result: False
power_upto_now: 0.16923077404499054
66th run
noise dimension : 27
noise variance: 337.1986389160156
original u-statistic:-0.03263068199157715
p value proxy: 0.5016611218452454
result: False
power_upto_now: 0.1666666716337204
67th run
noise dimension : 27
noise variance: 337.0963439941406
original u-statistic:-1.5603172779083252
p value proxy: 0.9900332093238831
result: False
power_upto_now: 0.16417910158634186
68th run
noise dimension : 27
noise variance: 338.14306640625
original u-statistic:0.492110013961792
p value proxy: 0.2458471655845642
result: False
power_upto_now: 0.1617647111415863
69th run
noise dimension : 27
noise variance: 336.77862548828125
original u-statistic:0.9061410427093506
p value proxy: 0.1860465109348297
result: False
power_upto_now: 0.15942029654979706
70th run
noise dimension : 27
noise variance: 338.43682861328125
original u-statistic:1.8824617862701416
p value proxy: 0.04318936914205551
result: True
power_upto_now: 0.17142857611179352
71th run
noise dimension : 27
noise variance: 337.9450988769531
original u-statistic:0.5135188102722168
p value proxy: 0.25249168276786804
result: False
power_upto_now: 0.1690140813589096
72th run
noise dimension : 27
noise variance: 340.0088195800781
original u-statistic:2.247617721557617
p value proxy: 0.029900331050157547
result: True
power_upto_now: 0.1805555522441864
73th run
noise dimension : 27
noise variance: 337.78485107421875
original u-statistic:1.4730310440063477
p value proxy: 0.08970099687576294
result: False
power_upto_now: 0.1780821979045868
74th run
noise dimension : 27
noise variance: 335.7500915527344
original u-statistic:0.5482330322265625
p value proxy: 0.25249168276786804
result: False
power_upto_now: 0.1756756752729416
75th run
noise dimension : 27
noise variance: 340.47802734375
original u-statistic:1.1850485801696777
p value proxy: 0.13289035856723785
result: False
power_upto_now: 0.1733333319425583
76th run
noise dimension : 27
noise variance: 335.6606140136719
original u-statistic:1.7945239543914795
p value proxy: 0.03654484823346138
result: True
power_upto_now: 0.18421052396297455
77th run
noise dimension : 27
noise variance: 338.98992919921875
original u-statistic:-0.0768885612487793
p value proxy: 0.4883720874786377
result: False
power_upto_now: 0.1818181872367859
78th run
noise dimension : 27
noise variance: 339.1968994140625
original u-statistic:0.8702237606048584
p value proxy: 0.17607973515987396
result: False
power_upto_now: 0.1794871836900711
79th run
noise dimension : 27
noise variance: 335.28350830078125
original u-statistic:-0.10027432441711426
p value proxy: 0.5382059812545776
result: False
power_upto_now: 0.17721518874168396
80th run
noise dimension : 27
noise variance: 334.8214111328125
original u-statistic:-0.03266096115112305
p value proxy: 0.48172757029533386
result: False
power_upto_now: 0.17499999701976776
81th run
noise dimension : 27
noise variance: 338.4786682128906
original u-statistic:-1.0774211883544922
p value proxy: 0.8471760749816895
result: False
power_upto_now: 0.17283950746059418
82th run
noise dimension : 27
noise variance: 337.38824462890625
original u-statistic:-0.734790563583374
p value proxy: 0.7674418687820435
result: False
power_upto_now: 0.17073170840740204
83th run
noise dimension : 27
noise variance: 336.1448974609375
original u-statistic:-0.7482213973999023
p value proxy: 0.764119565486908
result: False
power_upto_now: 0.16867469251155853
84th run
noise dimension : 27
noise variance: 338.2071228027344
original u-statistic:0.33826708793640137
p value proxy: 0.35548171401023865
result: False
power_upto_now: 0.1666666716337204
85th run
noise dimension : 27
noise variance: 338.2323303222656
original u-statistic:-0.439180850982666
p value proxy: 0.6279069781303406
result: False
power_upto_now: 0.16470588743686676
86th run
noise dimension : 27
noise variance: 337.9322509765625
original u-statistic:0.13306832313537598
p value proxy: 0.3920265734195709
result: False
power_upto_now: 0.1627907007932663
87th run
noise dimension : 27
noise variance: 339.8333740234375
original u-statistic:0.5231939554214478
p value proxy: 0.2458471655845642
result: False
power_upto_now: 0.16091954708099365
88th run
noise dimension : 27
noise variance: 337.59027099609375
original u-statistic:-0.22353410720825195
p value proxy: 0.554817259311676
result: False
power_upto_now: 0.15909090638160706
89th run
noise dimension : 27
noise variance: 335.4151306152344
original u-statistic:1.20931077003479
p value proxy: 0.0830564796924591
result: False
power_upto_now: 0.15730337798595428
90th run
noise dimension : 27
noise variance: 337.517822265625
original u-statistic:1.1022932529449463
p value proxy: 0.1627907007932663
result: False
power_upto_now: 0.15555556118488312
91th run
noise dimension : 27
noise variance: 336.45269775390625
original u-statistic:0.9686563014984131
p value proxy: 0.15614616870880127
result: False
power_upto_now: 0.1538461595773697
92th run
noise dimension : 27
noise variance: 338.9538269042969
original u-statistic:0.024648666381835938
p value proxy: 0.45847174525260925
result: False
power_upto_now: 0.15217390656471252
93th run
noise dimension : 27
noise variance: 336.3266296386719
original u-statistic:3.2622315883636475
p value proxy: 0.006644518114626408
result: True
power_upto_now: 0.16129031777381897
94th run
noise dimension : 27
noise variance: 338.5854187011719
original u-statistic:0.5822186470031738
p value proxy: 0.2425249069929123
result: False
power_upto_now: 0.1595744639635086
95th run
noise dimension : 27
noise variance: 337.7324523925781
original u-statistic:-0.6638007164001465
p value proxy: 0.7342192530632019
result: False
power_upto_now: 0.15789473056793213
96th run
noise dimension : 27
noise variance: 337.7777404785156
original u-statistic:0.4244157075881958
p value proxy: 0.3289036452770233
result: False
power_upto_now: 0.15625
97th run
noise dimension : 27
noise variance: 336.5842590332031
original u-statistic:0.1896519660949707
p value proxy: 0.3920265734195709
result: False
power_upto_now: 0.15463916957378387
98th run
noise dimension : 27
noise variance: 336.87261962890625
original u-statistic:-0.8894903659820557
p value proxy: 0.8006644248962402
result: False
power_upto_now: 0.15306122601032257
99th run
noise dimension : 27
noise variance: 338.5016174316406
original u-statistic:0.13163137435913086
p value proxy: 0.4850498139858246
result: False
power_upto_now: 0.1515151560306549
100th run
noise dimension : 27
noise variance: 338.4264831542969
original u-statistic:1.1763792037963867
p value proxy: 0.11627906560897827
result: False
power_upto_now: 0.15000000596046448
101th run
noise dimension : 27
noise variance: 338.7673034667969
original u-statistic:-0.4665231704711914
p value proxy: 0.6611295342445374
result: False
power_upto_now: 0.14851485192775726
102th run
noise dimension : 27
noise variance: 337.7066345214844
original u-statistic:0.41188502311706543
p value proxy: 0.31229233741760254
result: False
power_upto_now: 0.14705882966518402
103th run
noise dimension : 27
noise variance: 339.5322265625
original u-statistic:-0.8856878280639648
p value proxy: 0.8006644248962402
result: False
power_upto_now: 0.1456310749053955
104th run
noise dimension : 27
noise variance: 338.6006164550781
original u-statistic:-0.4868466854095459
p value proxy: 0.684385359287262
result: False
power_upto_now: 0.14423076808452606
105th run
noise dimension : 27
noise variance: 336.8606872558594
original u-statistic:0.19187211990356445
p value proxy: 0.41860464215278625
result: False
power_upto_now: 0.1428571492433548
106th run
noise dimension : 27
noise variance: 336.7728576660156
original u-statistic:0.3950679302215576
p value proxy: 0.302325576543808
result: False
power_upto_now: 0.14150942862033844
107th run
noise dimension : 27
noise variance: 338.0905456542969
original u-statistic:-0.8824024200439453
p value proxy: 0.8139534592628479
result: False
power_upto_now: 0.14018692076206207
108th run
noise dimension : 27
noise variance: 340.9505310058594
original u-statistic:0.553065299987793
p value proxy: 0.2691029906272888
result: False
power_upto_now: 0.1388888955116272
109th run
noise dimension : 27
noise variance: 335.175537109375
original u-statistic:-0.6940932273864746
p value proxy: 0.7707641124725342
result: False
power_upto_now: 0.1376146823167801
110th run
noise dimension : 27
noise variance: 337.5943603515625
original u-statistic:0.014029502868652344
p value proxy: 0.4518272280693054
result: False
power_upto_now: 0.13636364042758942
111th run
noise dimension : 27
noise variance: 339.72540283203125
original u-statistic:0.7353967428207397
p value proxy: 0.2259136140346527
result: False
power_upto_now: 0.13513512909412384
112th run
noise dimension : 27
noise variance: 338.43121337890625
original u-statistic:2.5255987644195557
p value proxy: 0.023255813866853714
result: True
power_upto_now: 0.1428571492433548
113th run
noise dimension : 27
noise variance: 339.7836608886719
original u-statistic:-0.9322695732116699
p value proxy: 0.8571428656578064
result: False
power_upto_now: 0.14159291982650757
114th run
noise dimension : 27
noise variance: 336.9425964355469
original u-statistic:2.5384867191314697
p value proxy: 0.019933555275201797
result: True
power_upto_now: 0.14912280440330505
115th run
noise dimension : 27
noise variance: 338.77850341796875
original u-statistic:3.6776375770568848
p value proxy: 0.003322259057313204
result: True
power_upto_now: 0.156521737575531
116th run
noise dimension : 27
noise variance: 335.292236328125
original u-statistic:0.15440082550048828
p value proxy: 0.4019933342933655
result: False
power_upto_now: 0.1551724076271057
117th run
noise dimension : 27
noise variance: 336.38232421875
original u-statistic:0.1627671718597412
p value proxy: 0.43521595001220703
result: False
power_upto_now: 0.1538461595773697
118th run
noise dimension : 27
noise variance: 337.9677734375
original u-statistic:1.1407887935638428
p value proxy: 0.1029900312423706
result: False
power_upto_now: 0.1525423675775528
119th run
noise dimension : 27
noise variance: 335.2479553222656
original u-statistic:-0.7965869903564453
p value proxy: 0.803986668586731
result: False
power_upto_now: 0.15126051008701324
120th run
noise dimension : 27
noise variance: 337.2615051269531
original u-statistic:0.42600297927856445
p value proxy: 0.3222591280937195
result: False
power_upto_now: 0.15000000596046448
121th run
noise dimension : 27
noise variance: 335.82354736328125
original u-statistic:-0.10284757614135742
p value proxy: 0.47508305311203003
result: False
power_upto_now: 0.1487603336572647
122th run
noise dimension : 27
noise variance: 336.75848388671875
original u-statistic:1.377786636352539
p value proxy: 0.08637873828411102
result: False
power_upto_now: 0.14754098653793335
123th run
noise dimension : 27
noise variance: 336.3187561035156
original u-statistic:0.79286789894104
p value proxy: 0.20930232107639313
result: False
power_upto_now: 0.1463414579629898
124th run
noise dimension : 27
noise variance: 339.2033996582031
original u-statistic:1.036348581314087
p value proxy: 0.1395348757505417
result: False
power_upto_now: 0.14516128599643707
125th run
noise dimension : 27
noise variance: 334.7447509765625
original u-statistic:0.6826362609863281
p value proxy: 0.2026578038930893
result: False
power_upto_now: 0.14399999380111694
126th run
noise dimension : 27
noise variance: 337.677001953125
original u-statistic:3.5887632369995117
p value proxy: 0.006644518114626408
result: True
power_upto_now: 0.15079365670681
127th run
noise dimension : 27
noise variance: 337.5780029296875
original u-statistic:0.3856348991394043
p value proxy: 0.3056478202342987
result: False
power_upto_now: 0.14960630238056183
128th run
noise dimension : 27
noise variance: 338.30804443359375
original u-statistic:0.4166734218597412
p value proxy: 0.3222591280937195
result: False
power_upto_now: 0.1484375
129th run
noise dimension : 27
noise variance: 336.3986511230469
original u-statistic:-0.6059825420379639
p value proxy: 0.6910299062728882
result: False
power_upto_now: 0.1472868174314499
130th run
noise dimension : 27
noise variance: 338.40618896484375
original u-statistic:-0.03910994529724121
p value proxy: 0.47840529680252075
result: False
power_upto_now: 0.14615385234355927
131th run
noise dimension : 27
noise variance: 335.8022766113281
original u-statistic:1.167680263519287
p value proxy: 0.1428571343421936
result: False
power_upto_now: 0.1450381726026535
132th run
noise dimension : 27
noise variance: 336.603271484375
original u-statistic:0.3208580017089844
p value proxy: 0.31893688440322876
result: False
power_upto_now: 0.14393939077854156
133th run
noise dimension : 27
noise variance: 337.5280456542969
original u-statistic:1.042884349822998
p value proxy: 0.11295680701732635
result: False
power_upto_now: 0.1428571492433548
134th run
noise dimension : 27
noise variance: 336.93115234375
original u-statistic:1.1648569107055664
p value proxy: 0.1395348757505417
result: False
power_upto_now: 0.14179104566574097
135th run
noise dimension : 27
noise variance: 339.3265075683594
original u-statistic:-0.5906939506530762
p value proxy: 0.7308970093727112
result: False
power_upto_now: 0.14074073731899261
136th run
noise dimension : 27
noise variance: 338.73748779296875
original u-statistic:1.1800456047058105
p value proxy: 0.13621261715888977
result: False
power_upto_now: 0.13970588147640228
137th run
noise dimension : 27
noise variance: 337.77227783203125
original u-statistic:1.168426275253296
p value proxy: 0.1229235827922821
result: False
power_upto_now: 0.1386861354112625
138th run
noise dimension : 27
noise variance: 336.0017395019531
original u-statistic:0.5191452503204346
p value proxy: 0.302325576543808
result: False
power_upto_now: 0.13768115639686584
139th run
noise dimension : 27
noise variance: 341.3244934082031
original u-statistic:0.0012218952178955078
p value proxy: 0.4518272280693054
result: False
power_upto_now: 0.1366906464099884
140th run
noise dimension : 27
noise variance: 338.4677429199219
original u-statistic:-0.41760683059692383
p value proxy: 0.6411960124969482
result: False
power_upto_now: 0.13571429252624512
141th run
noise dimension : 27
noise variance: 336.88543701171875
original u-statistic:0.669849157333374
p value proxy: 0.2458471655845642
result: False
power_upto_now: 0.13475176692008972
142th run
noise dimension : 27
noise variance: 339.6471252441406
original u-statistic:0.16127729415893555
p value proxy: 0.3920265734195709
result: False
power_upto_now: 0.13380281627178192
143th run
noise dimension : 27
noise variance: 338.407958984375
original u-statistic:-0.47377872467041016
p value proxy: 0.6146179437637329
result: False
power_upto_now: 0.13286712765693665
144th run
noise dimension : 27
noise variance: 336.9083251953125
original u-statistic:-0.20864534378051758
p value proxy: 0.5315614342689514
result: False
power_upto_now: 0.1319444477558136
145th run
noise dimension : 27
noise variance: 338.7088623046875
original u-statistic:0.14337849617004395
p value proxy: 0.41860464215278625
result: False
power_upto_now: 0.1310344785451889
146th run
noise dimension : 27
noise variance: 339.54290771484375
original u-statistic:1.0805326700210571
p value proxy: 0.12624584138393402
result: False
power_upto_now: 0.13013698160648346
147th run
noise dimension : 27
noise variance: 338.9046630859375
original u-statistic:2.4367752075195312
p value proxy: 0.023255813866853714
result: True
power_upto_now: 0.13605442643165588
148th run
noise dimension : 27
noise variance: 338.9996032714844
original u-statistic:1.239701747894287
p value proxy: 0.08970099687576294
result: False
power_upto_now: 0.13513512909412384
149th run
noise dimension : 27
noise variance: 338.0902099609375
original u-statistic:0.10671722888946533
p value proxy: 0.39867109060287476
result: False
power_upto_now: 0.1342281848192215
150th run
noise dimension : 27
noise variance: 336.6338806152344
original u-statistic:-0.877676248550415
p value proxy: 0.8106312155723572
result: False
power_upto_now: 0.13333334028720856
151th run
noise dimension : 27
noise variance: 338.07061767578125
original u-statistic:0.7497859001159668
p value proxy: 0.2425249069929123
result: False
power_upto_now: 0.13245032727718353
152th run
noise dimension : 27
noise variance: 338.97686767578125
original u-statistic:0.6317057609558105
p value proxy: 0.262458473443985
result: False
power_upto_now: 0.1315789520740509
153th run
noise dimension : 27
noise variance: 337.4586486816406
original u-statistic:1.1332719326019287
p value proxy: 0.1395348757505417
result: False
power_upto_now: 0.13071896135807037
154th run
noise dimension : 27
noise variance: 337.1741943359375
original u-statistic:0.7074909210205078
p value proxy: 0.21262457966804504
result: False
power_upto_now: 0.12987013161182404
155th run
noise dimension : 27
noise variance: 336.3609313964844
original u-statistic:-0.5585169792175293
p value proxy: 0.7375414967536926
result: False
power_upto_now: 0.12903225421905518
156th run
noise dimension : 27
noise variance: 338.0257873535156
original u-statistic:2.02756667137146
p value proxy: 0.03654484823346138
result: True
power_upto_now: 0.13461539149284363
157th run
noise dimension : 27
noise variance: 336.5985107421875
original u-statistic:1.395686388015747
p value proxy: 0.06976743787527084
result: False
power_upto_now: 0.13375796377658844
158th run
noise dimension : 27
noise variance: 340.059814453125
original u-statistic:1.490293025970459
p value proxy: 0.08637873828411102
result: False
power_upto_now: 0.13291139900684357
159th run
noise dimension : 27
noise variance: 337.99993896484375
original u-statistic:-0.9409451484680176
p value proxy: 0.8704319000244141
result: False
power_upto_now: 0.1320754736661911
160th run
noise dimension : 27
noise variance: 339.7416687011719
original u-statistic:1.8460845947265625
p value proxy: 0.03654484823346138
result: True
power_upto_now: 0.13750000298023224
161th run
noise dimension : 27
noise variance: 336.8959045410156
original u-statistic:0.5430583953857422
p value proxy: 0.23920264840126038
result: False
power_upto_now: 0.13664595782756805
162th run
noise dimension : 27
noise variance: 338.4088439941406
original u-statistic:0.03562355041503906
p value proxy: 0.4318936765193939
result: False
power_upto_now: 0.1358024626970291
163th run
noise dimension : 27
noise variance: 340.1177673339844
original u-statistic:0.6634045839309692
p value proxy: 0.25249168276786804
result: False
power_upto_now: 0.1349693238735199
164th run
noise dimension : 27
noise variance: 339.6572570800781
original u-statistic:-0.87774658203125
p value proxy: 0.8372092843055725
result: False
power_upto_now: 0.13414634764194489
165th run
noise dimension : 27
noise variance: 336.54608154296875
original u-statistic:-1.2065696716308594
p value proxy: 0.9003322124481201
result: False
power_upto_now: 0.13333334028720856
166th run
noise dimension : 27
noise variance: 337.8417663574219
original u-statistic:1.0654981136322021
p value proxy: 0.14950165152549744
result: False
power_upto_now: 0.1325301229953766
167th run
noise dimension : 27
noise variance: 338.85382080078125
original u-statistic:1.3839154243469238
p value proxy: 0.07973422110080719
result: False
power_upto_now: 0.13173653185367584
168th run
noise dimension : 27
noise variance: 336.9459228515625
original u-statistic:1.2135131359100342
p value proxy: 0.11627906560897827
result: False
power_upto_now: 0.130952388048172
169th run
noise dimension : 27
noise variance: 337.04827880859375
original u-statistic:0.12900352478027344
p value proxy: 0.4019933342933655
result: False
power_upto_now: 0.13017751276493073
170th run
noise dimension : 27
noise variance: 337.8191833496094
original u-statistic:-0.17891430854797363
p value proxy: 0.47508305311203003
result: False
power_upto_now: 0.12941177189350128
171th run
noise dimension : 27
noise variance: 335.8468322753906
original u-statistic:-0.8773717880249023
p value proxy: 0.8372092843055725
result: False
power_upto_now: 0.12865497171878815
172th run
noise dimension : 27
noise variance: 340.74591064453125
original u-statistic:0.509425163269043
p value proxy: 0.2691029906272888
result: False
power_upto_now: 0.12790697813034058
173th run
noise dimension : 27
noise variance: 336.46160888671875
original u-statistic:-0.0731348991394043
p value proxy: 0.49501660466194153
result: False
power_upto_now: 0.12716762721538544
174th run
noise dimension : 27
noise variance: 336.4342956542969
original u-statistic:1.2411205768585205
p value proxy: 0.09634551405906677
result: False
power_upto_now: 0.12643678486347198
175th run
noise dimension : 27
noise variance: 337.4423828125
original u-statistic:-0.8217730522155762
p value proxy: 0.8106312155723572
result: False
power_upto_now: 0.1257142871618271
176th run
noise dimension : 27
noise variance: 335.2994384765625
original u-statistic:0.6196975708007812
p value proxy: 0.2790697515010834
result: False
power_upto_now: 0.125
177th run
noise dimension : 27
noise variance: 337.951904296875
original u-statistic:0.3789646625518799
p value proxy: 0.302325576543808
result: False
power_upto_now: 0.12429378181695938
178th run
noise dimension : 27
noise variance: 335.65533447265625
original u-statistic:0.13018369674682617
p value proxy: 0.4053156077861786
result: False
power_upto_now: 0.12359550595283508
179th run
noise dimension : 27
noise variance: 336.29266357421875
original u-statistic:1.8760695457458496
p value proxy: 0.04651162773370743
result: True
power_upto_now: 0.1284916251897812
180th run
noise dimension : 27
noise variance: 336.4522705078125
original u-statistic:0.17354822158813477
p value proxy: 0.4318936765193939
result: False
power_upto_now: 0.12777778506278992
181th run
noise dimension : 27
noise variance: 337.0772705078125
original u-statistic:-0.4898061752319336
p value proxy: 0.6777408719062805
result: False
power_upto_now: 0.1270718276500702
182th run
noise dimension : 27
noise variance: 337.78802490234375
original u-statistic:1.0309796333312988
p value proxy: 0.14617939293384552
result: False
power_upto_now: 0.12637363374233246
183th run
noise dimension : 27
noise variance: 337.12591552734375
original u-statistic:0.6902310848236084
p value proxy: 0.23588038980960846
result: False
power_upto_now: 0.12568305432796478
184th run
noise dimension : 27
noise variance: 338.04339599609375
original u-statistic:-0.9199028015136719
p value proxy: 0.8405315279960632
result: False
power_upto_now: 0.125
185th run
noise dimension : 27
noise variance: 336.5024719238281
original u-statistic:1.16847562789917
p value proxy: 0.09302325546741486
result: False
power_upto_now: 0.12432432174682617
186th run
noise dimension : 27
noise variance: 337.193115234375
original u-statistic:1.4128055572509766
p value proxy: 0.09634551405906677
result: False
power_upto_now: 0.12365591526031494
187th run
noise dimension : 27
noise variance: 335.05084228515625
original u-statistic:-0.82669997215271
p value proxy: 0.8172757029533386
result: False
power_upto_now: 0.12299465388059616
188th run
noise dimension : 27
noise variance: 335.2826843261719
original u-statistic:0.6685853004455566
p value proxy: 0.27574750781059265
result: False
power_upto_now: 0.12234042584896088
189th run
noise dimension : 27
noise variance: 341.2441101074219
original u-statistic:0.2574481964111328
p value proxy: 0.37541526556015015
result: False
power_upto_now: 0.12169311940670013
190th run
noise dimension : 27
noise variance: 337.0228271484375
original u-statistic:-0.7758820056915283
p value proxy: 0.7906976342201233
result: False
power_upto_now: 0.12105263024568558
191th run
noise dimension : 27
noise variance: 336.0379333496094
original u-statistic:0.3617095947265625
p value proxy: 0.31561461091041565
result: False
power_upto_now: 0.12041884660720825
192th run
noise dimension : 27
noise variance: 338.2132263183594
original u-statistic:-0.6656062602996826
p value proxy: 0.714285671710968
result: False
power_upto_now: 0.1197916641831398
193th run
noise dimension : 27
noise variance: 339.0782470703125
original u-statistic:-0.29556941986083984
p value proxy: 0.6146179437637329
result: False
power_upto_now: 0.11917098611593246
194th run
noise dimension : 27
noise variance: 338.1805419921875
original u-statistic:2.477821111679077
p value proxy: 0.02657807245850563
result: True
power_upto_now: 0.12371134012937546
195th run
noise dimension : 27
noise variance: 336.24957275390625
original u-statistic:-0.13646888732910156
p value proxy: 0.5780730843544006
result: False
power_upto_now: 0.1230769231915474
196th run
noise dimension : 27
noise variance: 338.843017578125
original u-statistic:-1.3730227947235107
p value proxy: 0.9468438029289246
result: False
power_upto_now: 0.12244898080825806
197th run
noise dimension : 27
noise variance: 339.232666015625
original u-statistic:1.4092618227005005
p value proxy: 0.1029900312423706
result: False
power_upto_now: 0.12182740867137909
198th run
noise dimension : 27
noise variance: 337.5284118652344
original u-statistic:1.0338163375854492
p value proxy: 0.15614616870880127
result: False
power_upto_now: 0.12121212482452393
199th run
noise dimension : 27
noise variance: 338.387451171875
original u-statistic:-1.014148235321045
p value proxy: 0.8571428656578064
result: False
power_upto_now: 0.12060301750898361
200th run
noise dimension : 27
noise variance: 338.8074951171875
original u-statistic:0.4931025505065918
p value proxy: 0.3089700937271118
result: False
power_upto_now: 0.11999999731779099
201th run
noise dimension : 27
noise variance: 334.8676452636719
original u-statistic:2.8587145805358887
p value proxy: 0.009966777637600899
result: True
power_upto_now: 0.12437810748815536
202th run
noise dimension : 27
noise variance: 337.94195556640625
original u-statistic:-1.5528910160064697
p value proxy: 0.9700996279716492
result: False
power_upto_now: 0.12376237660646439
203th run
noise dimension : 27
noise variance: 337.633544921875
original u-statistic:-1.1122193336486816
p value proxy: 0.8903654217720032
result: False
power_upto_now: 0.1231527104973793
204th run
noise dimension : 27
noise variance: 336.5962219238281
original u-statistic:-1.1257872581481934
p value proxy: 0.9036544561386108
result: False
power_upto_now: 0.12254901975393295
205th run
noise dimension : 27
noise variance: 339.1518859863281
original u-statistic:1.5921313762664795
p value proxy: 0.0830564796924591
result: False
power_upto_now: 0.12195122241973877
206th run
noise dimension : 27
noise variance: 339.8568115234375
original u-statistic:0.8515897989273071
p value proxy: 0.19269102811813354
result: False
power_upto_now: 0.12135922163724899
207th run
noise dimension : 27
noise variance: 339.67498779296875
original u-statistic:1.3923845291137695
p value proxy: 0.09634551405906677
result: False
power_upto_now: 0.12077295035123825
208th run
noise dimension : 27
noise variance: 336.5751953125
original u-statistic:0.7225613594055176
p value proxy: 0.2026578038930893
result: False
power_upto_now: 0.12019230425357819
209th run
noise dimension : 27
noise variance: 336.6570129394531
original u-statistic:0.9335002899169922
p value proxy: 0.18936876952648163
result: False
power_upto_now: 0.11961722373962402
210th run
noise dimension : 27
noise variance: 338.0821533203125
original u-statistic:0.1499776840209961
p value proxy: 0.3887042999267578
result: False
power_upto_now: 0.1190476194024086
211th run
noise dimension : 27
noise variance: 335.8791198730469
original u-statistic:-0.5017156600952148
p value proxy: 0.6710963249206543
result: False
power_upto_now: 0.11848340928554535
212th run
noise dimension : 27
noise variance: 338.0724792480469
original u-statistic:2.4947972297668457
p value proxy: 0.013289036229252815
result: True
power_upto_now: 0.12264151126146317
213th run
noise dimension : 27
noise variance: 337.4624938964844
original u-statistic:-0.17815589904785156
p value proxy: 0.5847175717353821
result: False
power_upto_now: 0.12206573039293289
214th run
noise dimension : 27
noise variance: 340.5169982910156
original u-statistic:0.13451886177062988
p value proxy: 0.41528236865997314
result: False
power_upto_now: 0.1214953288435936
215th run
noise dimension : 27
noise variance: 339.5149230957031
original u-statistic:0.9665451049804688
p value proxy: 0.1395348757505417
result: False
power_upto_now: 0.12093023210763931
216th run
noise dimension : 27
noise variance: 337.3387145996094
original u-statistic:-0.814272403717041
p value proxy: 0.803986668586731
result: False
power_upto_now: 0.12037037312984467
217th run
noise dimension : 27
noise variance: 338.37969970703125
original u-statistic:1.1012797355651855
p value proxy: 0.14617939293384552
result: False
power_upto_now: 0.11981566995382309
218th run
noise dimension : 27
noise variance: 335.38604736328125
original u-statistic:1.7643303871154785
p value proxy: 0.059800662100315094
result: False
power_upto_now: 0.11926605552434921
219th run
noise dimension : 27
noise variance: 337.9520263671875
original u-statistic:2.3727591037750244
p value proxy: 0.019933555275201797
result: True
power_upto_now: 0.12328767031431198
220th run
noise dimension : 27
noise variance: 335.42303466796875
original u-statistic:1.4689881801605225
p value proxy: 0.10963454842567444
result: False
power_upto_now: 0.12272727489471436
221th run
noise dimension : 27
noise variance: 338.9310302734375
original u-statistic:2.6218230724334717
p value proxy: 0.019933555275201797
result: True
power_upto_now: 0.12669683992862701
222th run
noise dimension : 27
noise variance: 336.2916564941406
original u-statistic:1.828874111175537
p value proxy: 0.033222589641809464
result: True
power_upto_now: 0.13063062727451324
223th run
noise dimension : 27
noise variance: 337.605712890625
original u-statistic:-0.3324878215789795
p value proxy: 0.5714285373687744
result: False
power_upto_now: 0.1300448477268219
224th run
noise dimension : 27
noise variance: 338.6187744140625
original u-statistic:0.7082548141479492
p value proxy: 0.23255813121795654
result: False
power_upto_now: 0.1294642835855484
225th run
noise dimension : 27
noise variance: 340.7496643066406
original u-statistic:-0.09987306594848633
p value proxy: 0.5382059812545776
result: False
power_upto_now: 0.12888889014720917
226th run
noise dimension : 27
noise variance: 337.35894775390625
original u-statistic:0.4069504737854004
p value proxy: 0.3089700937271118
result: False
power_upto_now: 0.12831857800483704
227th run
noise dimension : 27
noise variance: 337.85455322265625
original u-statistic:1.8338146209716797
p value proxy: 0.039867110550403595
result: True
power_upto_now: 0.13215859234333038
228th run
noise dimension : 27
noise variance: 337.51434326171875
original u-statistic:0.2857184410095215
p value proxy: 0.3322259187698364
result: False
power_upto_now: 0.1315789520740509
229th run
noise dimension : 27
noise variance: 336.0810852050781
original u-statistic:-0.5333161354064941
p value proxy: 0.6677740812301636
result: False
power_upto_now: 0.13100436329841614
230th run
noise dimension : 27
noise variance: 336.36279296875
original u-statistic:-0.16584491729736328
p value proxy: 0.5614618062973022
result: False
power_upto_now: 0.1304347813129425
231th run
noise dimension : 27
noise variance: 340.1614074707031
original u-statistic:1.4162871837615967
p value proxy: 0.09302325546741486
result: False
power_upto_now: 0.12987013161182404
232th run
noise dimension : 27
noise variance: 338.23626708984375
original u-statistic:1.1520485877990723
p value proxy: 0.16943521797657013
result: False
power_upto_now: 0.12931033968925476
233th run
noise dimension : 27
noise variance: 338.6931457519531
original u-statistic:0.14299798011779785
p value proxy: 0.37541526556015015
result: False
power_upto_now: 0.1287553608417511
234th run
noise dimension : 27
noise variance: 336.9120178222656
original u-statistic:1.5446672439575195
p value proxy: 0.06312292069196701
result: False
power_upto_now: 0.12820513546466827
235th run
noise dimension : 27
noise variance: 334.81097412109375
original u-statistic:0.5245046615600586
p value proxy: 0.2890365421772003
result: False
power_upto_now: 0.12765957415103912
236th run
noise dimension : 27
noise variance: 336.54876708984375
original u-statistic:0.04308950901031494
p value proxy: 0.4451827108860016
result: False
power_upto_now: 0.12711864709854126
237th run
noise dimension : 27
noise variance: 335.8013610839844
original u-statistic:-0.34514331817626953
p value proxy: 0.6378737688064575
result: False
power_upto_now: 0.1265822798013687
238th run
noise dimension : 27
noise variance: 339.3064880371094
original u-statistic:-0.3698716163635254
p value proxy: 0.6112956404685974
result: False
power_upto_now: 0.1260504275560379
239th run
noise dimension : 27
noise variance: 338.1352844238281
original u-statistic:0.7229733467102051
p value proxy: 0.2225913554430008
result: False
power_upto_now: 0.12552301585674286
240th run
noise dimension : 27
noise variance: 335.55401611328125
original u-statistic:1.929007887840271
p value proxy: 0.04651162773370743
result: True
power_upto_now: 0.12916666269302368
241th run
noise dimension : 27
noise variance: 335.9512634277344
original u-statistic:0.8858737945556641
p value proxy: 0.13289035856723785
result: False
power_upto_now: 0.12863071262836456
242th run
noise dimension : 27
noise variance: 335.8341369628906
original u-statistic:1.0776066780090332
p value proxy: 0.17607973515987396
result: False
power_upto_now: 0.12809917330741882
243th run
noise dimension : 27
noise variance: 335.9852294921875
original u-statistic:1.4942264556884766
p value proxy: 0.06644517928361893
result: False
power_upto_now: 0.12757201492786407
244th run
noise dimension : 27
noise variance: 338.3004150390625
original u-statistic:0.44237279891967773
p value proxy: 0.2823920249938965
result: False
power_upto_now: 0.12704917788505554
245th run
noise dimension : 27
noise variance: 336.28717041015625
original u-statistic:1.811476230621338
p value proxy: 0.04651162773370743
result: True
power_upto_now: 0.13061223924160004
246th run
noise dimension : 27
noise variance: 335.9327697753906
original u-statistic:-0.445695161819458
p value proxy: 0.6511628031730652
result: False
power_upto_now: 0.13008129596710205
247th run
noise dimension : 27
noise variance: 335.2109069824219
original u-statistic:0.7480258941650391
p value proxy: 0.1827242523431778
result: False
power_upto_now: 0.1295546591281891
248th run
noise dimension : 27
noise variance: 337.96563720703125
original u-statistic:0.1728057861328125
p value proxy: 0.3687707483768463
result: False
power_upto_now: 0.12903225421905518
249th run
noise dimension : 27
noise variance: 336.52349853515625
original u-statistic:1.6805570125579834
p value proxy: 0.05647840350866318
result: False
power_upto_now: 0.12851405143737793
250th run
noise dimension : 27
noise variance: 338.7127990722656
original u-statistic:-0.8428754806518555
p value proxy: 0.7873753905296326
result: False
power_upto_now: 0.12800000607967377
251th run
noise dimension : 27
noise variance: 335.4568786621094
original u-statistic:-1.0363612174987793
p value proxy: 0.843853771686554
result: False
power_upto_now: 0.12749004364013672
252th run
noise dimension : 27
noise variance: 339.5730895996094
original u-statistic:1.4756221771240234
p value proxy: 0.11627906560897827
result: False
power_upto_now: 0.1269841343164444
253th run
noise dimension : 27
noise variance: 338.98773193359375
original u-statistic:0.30082011222839355
p value proxy: 0.3056478202342987
result: False
power_upto_now: 0.12648221850395203
254th run
noise dimension : 27
noise variance: 338.2689208984375
original u-statistic:-0.5118823051452637
p value proxy: 0.6777408719062805
result: False
power_upto_now: 0.12598425149917603
255th run
noise dimension : 27
noise variance: 336.69989013671875
original u-statistic:0.07482147216796875
p value proxy: 0.4318936765193939
result: False
power_upto_now: 0.125490203499794
256th run
noise dimension : 27
noise variance: 337.6552429199219
original u-statistic:-1.2361254692077637
p value proxy: 0.9036544561386108
result: False
power_upto_now: 0.125
257th run
noise dimension : 27
noise variance: 340.16949462890625
original u-statistic:0.5268499851226807
p value proxy: 0.2857142686843872
result: False
power_upto_now: 0.12451361864805222
258th run
noise dimension : 27
noise variance: 337.6424865722656
original u-statistic:0.6783614158630371
p value proxy: 0.23920264840126038
result: False
power_upto_now: 0.12403100728988647
259th run
noise dimension : 27
noise variance: 338.8331604003906
original u-statistic:-0.7700357437133789
p value proxy: 0.7774085998535156
result: False
power_upto_now: 0.1235521212220192
260th run
noise dimension : 27
noise variance: 336.1442565917969
original u-statistic:-0.8353023529052734
p value proxy: 0.803986668586731
result: False
power_upto_now: 0.1230769231915474
261th run
noise dimension : 27
noise variance: 339.4888916015625
original u-statistic:0.5403094291687012
p value proxy: 0.3056478202342987
result: False
power_upto_now: 0.12260536104440689
262th run
noise dimension : 27
noise variance: 335.0888977050781
original u-statistic:-0.270965576171875
p value proxy: 0.6146179437637329
result: False
power_upto_now: 0.1221374049782753
263th run
noise dimension : 27
noise variance: 336.727783203125
original u-statistic:-1.1699843406677246
p value proxy: 0.9036544561386108
result: False
power_upto_now: 0.12167300283908844
264th run
noise dimension : 27
noise variance: 337.8506164550781
original u-statistic:0.4925529956817627
p value proxy: 0.2790697515010834
result: False
power_upto_now: 0.12121212482452393
265th run
noise dimension : 27
noise variance: 336.84417724609375
original u-statistic:0.2872593402862549
p value proxy: 0.37541526556015015
result: False
power_upto_now: 0.12075471878051758
266th run
noise dimension : 27
noise variance: 337.7608642578125
original u-statistic:1.0035678148269653
p value proxy: 0.21594683825969696
result: False
power_upto_now: 0.12030075490474701
267th run
noise dimension : 27
noise variance: 336.4901123046875
original u-statistic:2.632197380065918
p value proxy: 0.013289036229252815
result: True
power_upto_now: 0.12359550595283508
268th run
noise dimension : 27
noise variance: 338.04364013671875
original u-statistic:0.9692463874816895
p value proxy: 0.17275747656822205
result: False
power_upto_now: 0.12313432991504669
269th run
noise dimension : 27
noise variance: 338.7439880371094
original u-statistic:-0.9488086700439453
p value proxy: 0.803986668586731
result: False
power_upto_now: 0.12267658114433289
270th run
noise dimension : 27
noise variance: 335.9209899902344
original u-statistic:1.3479655981063843
p value proxy: 0.10631228983402252
result: False
power_upto_now: 0.12222222238779068
271th run
noise dimension : 27
noise variance: 337.5078430175781
original u-statistic:1.5963122844696045
p value proxy: 0.06644517928361893
result: False
power_upto_now: 0.12177121639251709
272th run
noise dimension : 27
noise variance: 337.329833984375
original u-statistic:1.0935592651367188
p value proxy: 0.15614616870880127
result: False
power_upto_now: 0.12132352590560913
273th run
noise dimension : 27
noise variance: 336.4581604003906
original u-statistic:1.5719096660614014
p value proxy: 0.09302325546741486
result: False
power_upto_now: 0.12087912112474442
274th run
noise dimension : 27
noise variance: 336.68426513671875
original u-statistic:-0.6847362518310547
p value proxy: 0.7441860437393188
result: False
power_upto_now: 0.12043795734643936
275th run
noise dimension : 27
noise variance: 338.9469299316406
original u-statistic:1.160815954208374
p value proxy: 0.13289035856723785
result: False
power_upto_now: 0.11999999731779099
276th run
noise dimension : 27
noise variance: 336.6178283691406
original u-statistic:0.34201478958129883
p value proxy: 0.3322259187698364
result: False
power_upto_now: 0.1195652186870575
277th run
noise dimension : 27
noise variance: 337.45843505859375
original u-statistic:0.8225197792053223
p value proxy: 0.22923587262630463
result: False
power_upto_now: 0.11913357675075531
278th run
noise dimension : 27
noise variance: 339.2454833984375
original u-statistic:-1.1986870765686035
p value proxy: 0.8837209343910217
result: False
power_upto_now: 0.11870503425598145
279th run
noise dimension : 27
noise variance: 337.94366455078125
original u-statistic:3.075201988220215
p value proxy: 0.003322259057313204
result: True
power_upto_now: 0.12186379730701447
280th run
noise dimension : 27
noise variance: 337.9529113769531
original u-statistic:0.2392439842224121
p value proxy: 0.35548171401023865
result: False
power_upto_now: 0.12142857164144516
281th run
noise dimension : 27
noise variance: 338.25799560546875
original u-statistic:0.20715761184692383
p value proxy: 0.3654485046863556
result: False
power_upto_now: 0.12099643796682358
282th run
noise dimension : 27
noise variance: 338.35272216796875
original u-statistic:2.473416805267334
p value proxy: 0.023255813866853714
result: True
power_upto_now: 0.12411347776651382
283th run
noise dimension : 27
noise variance: 337.11279296875
original u-statistic:-0.19383907318115234
p value proxy: 0.564784049987793
result: False
power_upto_now: 0.1236749142408371
284th run
noise dimension : 27
noise variance: 337.0576171875
original u-statistic:-0.5267881155014038
p value proxy: 0.6943521499633789
result: False
power_upto_now: 0.1232394352555275
285th run
noise dimension : 27
noise variance: 336.5504455566406
original u-statistic:0.4896094799041748
p value proxy: 0.2990033030509949
result: False
power_upto_now: 0.12280701845884323
286th run
noise dimension : 27
noise variance: 337.57916259765625
original u-statistic:1.229391098022461
p value proxy: 0.10631228983402252
result: False
power_upto_now: 0.12237761914730072
287th run
noise dimension : 27
noise variance: 337.93878173828125
original u-statistic:1.2732770442962646
p value proxy: 0.11295680701732635
result: False
power_upto_now: 0.12195122241973877
288th run
noise dimension : 27
noise variance: 337.2755432128906
original u-statistic:2.2954485416412354
p value proxy: 0.016611294820904732
result: True
power_upto_now: 0.125
289th run
noise dimension : 27
noise variance: 336.5238342285156
original u-statistic:-0.47486186027526855
p value proxy: 0.6777408719062805
result: False
power_upto_now: 0.12456747144460678
290th run
noise dimension : 27
noise variance: 337.72076416015625
original u-statistic:0.6355714797973633
p value proxy: 0.24916942417621613
result: False
power_upto_now: 0.12413793057203293
291th run
noise dimension : 27
noise variance: 337.1511535644531
original u-statistic:-0.46822643280029297
p value proxy: 0.6112956404685974
result: False
power_upto_now: 0.12371134012937546
292th run
noise dimension : 27
noise variance: 337.3509826660156
original u-statistic:0.9741325378417969
p value proxy: 0.18936876952648163
result: False
power_upto_now: 0.12328767031431198
293th run
noise dimension : 27
noise variance: 337.8638916015625
original u-statistic:-0.48774147033691406
p value proxy: 0.6644518375396729
result: False
power_upto_now: 0.12286689132452011
294th run
noise dimension : 27
noise variance: 337.7523498535156
original u-statistic:1.4835853576660156
p value proxy: 0.07308969646692276
result: False
power_upto_now: 0.12244898080825806
295th run
noise dimension : 27
noise variance: 338.1853942871094
original u-statistic:1.2441699504852295
p value proxy: 0.13289035856723785
result: False
power_upto_now: 0.12203390151262283
296th run
noise dimension : 27
noise variance: 340.1046142578125
original u-statistic:0.8247923851013184
p value proxy: 0.19933554530143738
result: False
power_upto_now: 0.12162162363529205
297th run
noise dimension : 27
noise variance: 336.4935607910156
original u-statistic:1.7300963401794434
p value proxy: 0.05315614491701126
result: False
power_upto_now: 0.12121212482452393
298th run
noise dimension : 27
noise variance: 336.6543273925781
original u-statistic:0.19743108749389648
p value proxy: 0.4053156077861786
result: False
power_upto_now: 0.12080536782741547
299th run
noise dimension : 27
noise variance: 336.7294921875
original u-statistic:-1.087770700454712
p value proxy: 0.8637873530387878
result: False
power_upto_now: 0.12040133774280548
300th run
noise dimension : 27
noise variance: 338.42120361328125
original u-statistic:2.176208734512329
p value proxy: 0.019933555275201797
result: True
power_upto_now: 0.12333333492279053
301th run
noise dimension : 27
noise variance: 338.4410705566406
original u-statistic:-0.7164270877838135
p value proxy: 0.7607973217964172
result: False
power_upto_now: 0.1229235902428627
302th run
noise dimension : 27
noise variance: 338.5966491699219
original u-statistic:0.8914217948913574
p value proxy: 0.13621261715888977
result: False
power_upto_now: 0.12251655757427216
303th run
noise dimension : 27
noise variance: 336.637451171875
original u-statistic:0.883503794670105
p value proxy: 0.15282391011714935
result: False
power_upto_now: 0.1221122145652771
304th run
noise dimension : 27
noise variance: 338.7801208496094
original u-statistic:1.5287909507751465
p value proxy: 0.049833886325359344
result: True
power_upto_now: 0.125
305th run
noise dimension : 27
noise variance: 337.857666015625
original u-statistic:-0.6021599769592285
p value proxy: 0.6877076029777527
result: False
power_upto_now: 0.12459016591310501
306th run
noise dimension : 27
noise variance: 335.5404968261719
original u-statistic:0.8530867099761963
p value proxy: 0.17275747656822205
result: False
power_upto_now: 0.12418300658464432
307th run
noise dimension : 27
noise variance: 337.83660888671875
original u-statistic:0.9388940334320068
p value proxy: 0.1627907007932663
result: False
power_upto_now: 0.12377849966287613
308th run
noise dimension : 27
noise variance: 336.5845642089844
original u-statistic:-1.5962555408477783
p value proxy: 0.960132896900177
result: False
power_upto_now: 0.12337662279605865
309th run
noise dimension : 27
noise variance: 339.43157958984375
original u-statistic:0.4647202491760254
p value proxy: 0.29568105936050415
result: False
power_upto_now: 0.1229773461818695
310th run
noise dimension : 27
noise variance: 334.4358825683594
original u-statistic:-1.8415265083312988
p value proxy: 0.9833886623382568
result: False
power_upto_now: 0.1225806474685669
311th run
noise dimension : 27
noise variance: 339.98150634765625
original u-statistic:0.7488727569580078
p value proxy: 0.23920264840126038
result: False
power_upto_now: 0.12218649685382843
312th run
noise dimension : 27
noise variance: 334.0401611328125
original u-statistic:2.1338820457458496
p value proxy: 0.02657807245850563
result: True
power_upto_now: 0.125
313th run
noise dimension : 27
noise variance: 336.58673095703125
original u-statistic:0.5864346027374268
p value proxy: 0.25249168276786804
result: False
power_upto_now: 0.12460064142942429
314th run
noise dimension : 27
noise variance: 339.44610595703125
original u-statistic:-0.13229835033416748
p value proxy: 0.49833884835243225
result: False
power_upto_now: 0.12420382350683212
315th run
noise dimension : 27
noise variance: 336.178466796875
original u-statistic:0.695037841796875
p value proxy: 0.25249168276786804
result: False
power_upto_now: 0.12380952388048172
316th run
noise dimension : 27
noise variance: 339.0049133300781
original u-statistic:-0.5095601081848145
p value proxy: 0.6943521499633789
result: False
power_upto_now: 0.12341772019863129
317th run
noise dimension : 27
noise variance: 337.30987548828125
original u-statistic:0.6952199935913086
p value proxy: 0.27242523431777954
result: False
power_upto_now: 0.12302839010953903
318th run
noise dimension : 27
noise variance: 338.72509765625
original u-statistic:1.372903823852539
p value proxy: 0.06644517928361893
result: False
power_upto_now: 0.12264151126146317
319th run
noise dimension : 27
noise variance: 339.1432189941406
original u-statistic:0.3735618591308594
p value proxy: 0.3222591280937195
result: False
power_upto_now: 0.1222570538520813
320th run
noise dimension : 27
noise variance: 335.6522521972656
original u-statistic:-0.2502009868621826
p value proxy: 0.5747508406639099
result: False
power_upto_now: 0.12187500298023224
321th run
noise dimension : 27
noise variance: 336.458251953125
original u-statistic:0.9792869091033936
p value proxy: 0.1428571343421936
result: False
power_upto_now: 0.1214953288435936
322th run
noise dimension : 27
noise variance: 337.71832275390625
original u-statistic:0.6520404815673828
p value proxy: 0.2591361999511719
result: False
power_upto_now: 0.12111800909042358
323th run
noise dimension : 27
noise variance: 338.1265869140625
original u-statistic:-1.1982088088989258
p value proxy: 0.9269102811813354
result: False
power_upto_now: 0.1207430362701416
324th run
noise dimension : 27
noise variance: 338.38623046875
original u-statistic:1.2911505699157715
p value proxy: 0.11295680701732635
result: False
power_upto_now: 0.12037037312984467
325th run
noise dimension : 27
noise variance: 338.4696350097656
original u-statistic:0.19084644317626953
p value proxy: 0.35880398750305176
result: False
power_upto_now: 0.11999999731779099
326th run
noise dimension : 27
noise variance: 339.4320068359375
original u-statistic:0.9649524688720703
p value proxy: 0.19269102811813354
result: False
power_upto_now: 0.11963190138339996
327th run
noise dimension : 27
noise variance: 339.6948547363281
original u-statistic:2.380819320678711
p value proxy: 0.013289036229252815
result: True
power_upto_now: 0.12232416123151779
328th run
noise dimension : 27
noise variance: 338.1924133300781
original u-statistic:-0.11881566047668457
p value proxy: 0.5116279125213623
result: False
power_upto_now: 0.12195122241973877
329th run
noise dimension : 27
noise variance: 337.2359619140625
original u-statistic:-0.8206691741943359
p value proxy: 0.7840531468391418
result: False
power_upto_now: 0.12158054858446121
330th run
noise dimension : 27
noise variance: 339.6634826660156
original u-statistic:1.4199306964874268
p value proxy: 0.1029900312423706
result: False
power_upto_now: 0.12121212482452393
331th run
noise dimension : 27
noise variance: 337.50494384765625
original u-statistic:2.03419828414917
p value proxy: 0.02657807245850563
result: True
power_upto_now: 0.12386707216501236
332th run
noise dimension : 27
noise variance: 338.7453308105469
original u-statistic:0.8593659400939941
p value proxy: 0.19269102811813354
result: False
power_upto_now: 0.1234939768910408
333th run
noise dimension : 27
noise variance: 336.8143310546875
original u-statistic:1.5205804109573364
p value proxy: 0.07308969646692276
result: False
power_upto_now: 0.12312312424182892
334th run
noise dimension : 27
noise variance: 335.47833251953125
original u-statistic:1.961695671081543
p value proxy: 0.049833886325359344
result: True
power_upto_now: 0.12574850022792816
335th run
noise dimension : 27
noise variance: 337.67254638671875
original u-statistic:0.23592567443847656
p value proxy: 0.3687707483768463
result: False
power_upto_now: 0.12537313997745514
336th run
noise dimension : 27
noise variance: 337.16131591796875
original u-statistic:0.0561528205871582
p value proxy: 0.45514950156211853
result: False
power_upto_now: 0.125
337th run
noise dimension : 27
noise variance: 338.9665222167969
original u-statistic:0.16397476196289062
p value proxy: 0.4053156077861786
result: False
power_upto_now: 0.12462908029556274
338th run
noise dimension : 27
noise variance: 333.9308776855469
original u-statistic:-0.9153642654418945
p value proxy: 0.7940199375152588
result: False
power_upto_now: 0.12426035851240158
339th run
noise dimension : 27
noise variance: 338.46221923828125
original u-statistic:0.12091350555419922
p value proxy: 0.4019933342933655
result: False
power_upto_now: 0.12389380484819412
340th run
noise dimension : 27
noise variance: 335.64581298828125
original u-statistic:1.2238967418670654
p value proxy: 0.15614616870880127
result: False
power_upto_now: 0.12352941185235977
341th run
noise dimension : 27
noise variance: 334.6269226074219
original u-statistic:1.1992855072021484
p value proxy: 0.10631228983402252
result: False
power_upto_now: 0.12316715717315674
342th run
noise dimension : 27
noise variance: 335.94293212890625
original u-statistic:1.7839486598968506
p value proxy: 0.04318936914205551
result: True
power_upto_now: 0.1257309913635254
343th run
noise dimension : 27
noise variance: 337.3136291503906
original u-statistic:1.5868961811065674
p value proxy: 0.06644517928361893
result: False
power_upto_now: 0.12536443769931793
344th run
noise dimension : 27
noise variance: 336.30487060546875
original u-statistic:-0.9847779273986816
p value proxy: 0.8405315279960632
result: False
power_upto_now: 0.125
345th run
noise dimension : 27
noise variance: 336.4129943847656
original u-statistic:0.5704941749572754
p value proxy: 0.2458471655845642
result: False
power_upto_now: 0.1246376782655716
346th run
noise dimension : 27
noise variance: 334.9768981933594
original u-statistic:2.282188892364502
p value proxy: 0.023255813866853714
result: True
power_upto_now: 0.12716762721538544
347th run
noise dimension : 27
noise variance: 336.77703857421875
original u-statistic:0.6966755390167236
p value proxy: 0.2591361999511719
result: False
power_upto_now: 0.12680114805698395
348th run
noise dimension : 27
noise variance: 337.9266052246094
original u-statistic:1.7044756412506104
p value proxy: 0.05647840350866318
result: False
power_upto_now: 0.12643678486347198
349th run
noise dimension : 27
noise variance: 335.00390625
original u-statistic:0.6239826679229736
p value proxy: 0.24916942417621613
result: False
power_upto_now: 0.12607449293136597
350th run
noise dimension : 27
noise variance: 337.5727233886719
original u-statistic:1.6637115478515625
p value proxy: 0.07641195505857468
result: False
power_upto_now: 0.1257142871618271
351th run
noise dimension : 27
noise variance: 336.85296630859375
original u-statistic:0.2619438171386719
p value proxy: 0.4252491593360901
result: False
power_upto_now: 0.12535612285137177
352th run
noise dimension : 27
noise variance: 339.4640808105469
original u-statistic:0.9543964862823486
p value proxy: 0.12956809997558594
result: False
power_upto_now: 0.125
353th run
noise dimension : 27
noise variance: 338.3980407714844
original u-statistic:-0.9034073352813721
p value proxy: 0.7740863561630249
result: False
power_upto_now: 0.1246458888053894
354th run
noise dimension : 27
noise variance: 338.2969665527344
original u-statistic:-0.221998929977417
p value proxy: 0.554817259311676
result: False
power_upto_now: 0.12429378181695938
355th run
noise dimension : 27
noise variance: 336.60205078125
original u-statistic:0.5927059650421143
p value proxy: 0.25581395626068115
result: False
power_upto_now: 0.12394366413354874
356th run
noise dimension : 27
noise variance: 336.7234191894531
original u-statistic:-0.22806310653686523
p value proxy: 0.5581395030021667
result: False
power_upto_now: 0.12359550595283508
357th run
noise dimension : 27
noise variance: 337.6243591308594
original u-statistic:2.436201572418213
p value proxy: 0.019933555275201797
result: True
power_upto_now: 0.1260504275560379
358th run
noise dimension : 27
noise variance: 338.9447937011719
original u-statistic:1.4540119171142578
p value proxy: 0.08637873828411102
result: False
power_upto_now: 0.12569832801818848
359th run
noise dimension : 27
noise variance: 339.8981628417969
original u-statistic:0.7333171367645264
p value proxy: 0.21594683825969696
result: False
power_upto_now: 0.12534819543361664
360th run
noise dimension : 27
noise variance: 338.1429138183594
original u-statistic:1.71474027633667
p value proxy: 0.04651162773370743
result: True
power_upto_now: 0.12777778506278992
361th run
noise dimension : 27
noise variance: 337.653564453125
original u-statistic:-0.6123089790344238
p value proxy: 0.6877076029777527
result: False
power_upto_now: 0.12742382287979126
362th run
noise dimension : 27
noise variance: 338.4138488769531
original u-statistic:0.08332967758178711
p value proxy: 0.4019933342933655
result: False
power_upto_now: 0.1270718276500702
363th run
noise dimension : 27
noise variance: 335.2760925292969
original u-statistic:0.31896543502807617
p value proxy: 0.4086378514766693
result: False
power_upto_now: 0.12672176957130432
364th run
noise dimension : 27
noise variance: 336.01593017578125
original u-statistic:0.3099522590637207
p value proxy: 0.3289036452770233
result: False
power_upto_now: 0.12637363374233246
365th run
noise dimension : 27
noise variance: 336.0892639160156
original u-statistic:1.0939345359802246
p value proxy: 0.1395348757505417
result: False
power_upto_now: 0.12602739036083221
366th run
noise dimension : 27
noise variance: 337.79095458984375
original u-statistic:0.7780618667602539
p value proxy: 0.2059800624847412
result: False
power_upto_now: 0.12568305432796478
367th run
noise dimension : 27
noise variance: 337.5462341308594
original u-statistic:0.9312953948974609
p value proxy: 0.17275747656822205
result: False
power_upto_now: 0.12534059584140778
368th run
noise dimension : 27
noise variance: 336.0952453613281
original u-statistic:2.104708433151245
p value proxy: 0.029900331050157547
result: True
power_upto_now: 0.12771739065647125
369th run
noise dimension : 27
noise variance: 336.5754699707031
original u-statistic:1.7679564952850342
p value proxy: 0.07641195505857468
result: False
power_upto_now: 0.12737126648426056
370th run
noise dimension : 27
noise variance: 338.7026062011719
original u-statistic:0.2768855094909668
p value proxy: 0.3920265734195709
result: False
power_upto_now: 0.1270270198583603
371th run
noise dimension : 27
noise variance: 336.7967834472656
original u-statistic:1.7412283420562744
p value proxy: 0.03654484823346138
result: True
power_upto_now: 0.12938004732131958
372th run
noise dimension : 27
noise variance: 335.2897644042969
original u-statistic:0.572272539138794
p value proxy: 0.2857142686843872
result: False
power_upto_now: 0.12903225421905518
373th run
noise dimension : 27
noise variance: 339.7771911621094
original u-statistic:2.1108555793762207
p value proxy: 0.02657807245850563
result: True
power_upto_now: 0.1313672959804535
374th run
noise dimension : 27
noise variance: 339.1240539550781
original u-statistic:0.5314850807189941
p value proxy: 0.2691029906272888
result: False
power_upto_now: 0.13101604580879211
375th run
noise dimension : 27
noise variance: 336.0362548828125
original u-statistic:1.8112502098083496
p value proxy: 0.05647840350866318
result: False
power_upto_now: 0.13066667318344116
376th run
noise dimension : 27
noise variance: 336.9737854003906
original u-statistic:0.2601625919342041
p value proxy: 0.35880398750305176
result: False
power_upto_now: 0.13031914830207825
377th run
noise dimension : 27
noise variance: 337.9821472167969
original u-statistic:0.12472105026245117
p value proxy: 0.4252491593360901
result: False
power_upto_now: 0.12997347116470337
378th run
noise dimension : 27
noise variance: 338.2603759765625
original u-statistic:-1.2531590461730957
p value proxy: 0.9136212468147278
result: False
power_upto_now: 0.12962962687015533
379th run
noise dimension : 27
noise variance: 339.81671142578125
original u-statistic:-0.7464737892150879
p value proxy: 0.764119565486908
result: False
power_upto_now: 0.12928760051727295
380th run
noise dimension : 27
noise variance: 338.88702392578125
original u-statistic:2.041929006576538
p value proxy: 0.04651162773370743
result: True
power_upto_now: 0.1315789520740509
381th run
noise dimension : 27
noise variance: 339.0803527832031
original u-statistic:0.09740161895751953
p value proxy: 0.4318936765193939
result: False
power_upto_now: 0.1312336027622223
382th run
noise dimension : 27
noise variance: 339.9181213378906
original u-statistic:0.04929161071777344
p value proxy: 0.44186046719551086
result: False
power_upto_now: 0.13089005649089813
383th run
noise dimension : 27
noise variance: 336.64239501953125
original u-statistic:-0.8039469718933105
p value proxy: 0.7607973217964172
result: False
power_upto_now: 0.13054829835891724
384th run
noise dimension : 27
noise variance: 338.0523986816406
original u-statistic:0.11462068557739258
p value proxy: 0.4119601249694824
result: False
power_upto_now: 0.1302083283662796
385th run
noise dimension : 27
noise variance: 342.2359313964844
original u-statistic:1.1992311477661133
p value proxy: 0.08970099687576294
result: False
power_upto_now: 0.12987013161182404
386th run
noise dimension : 27
noise variance: 335.8160705566406
original u-statistic:0.9066991806030273
p value proxy: 0.17940199375152588
result: False
power_upto_now: 0.12953367829322815
387th run
noise dimension : 27
noise variance: 336.3437194824219
original u-statistic:0.126786470413208
p value proxy: 0.4053156077861786
result: False
power_upto_now: 0.12919896841049194
388th run
noise dimension : 27
noise variance: 338.67156982421875
original u-statistic:-0.8659095764160156
p value proxy: 0.8272424936294556
result: False
power_upto_now: 0.12886597216129303
389th run
noise dimension : 27
noise variance: 336.193359375
original u-statistic:0.33693528175354004
p value proxy: 0.3289036452770233
result: False
power_upto_now: 0.1285347044467926
390th run
noise dimension : 27
noise variance: 337.2254333496094
original u-statistic:1.267228126525879
p value proxy: 0.13621261715888977
result: False
power_upto_now: 0.12820513546466827
391th run
noise dimension : 27
noise variance: 336.627197265625
original u-statistic:1.7526578903198242
p value proxy: 0.04651162773370743
result: True
power_upto_now: 0.1304347813129425
392th run
noise dimension : 27
noise variance: 335.2287902832031
original u-statistic:-1.0752801895141602
p value proxy: 0.8803986310958862
result: False
power_upto_now: 0.1301020383834839
393th run
noise dimension : 27
noise variance: 336.9214172363281
original u-statistic:0.3761172294616699
p value proxy: 0.35548171401023865
result: False
power_upto_now: 0.12977099418640137
394th run
noise dimension : 27
noise variance: 337.91290283203125
original u-statistic:1.2026803493499756
p value proxy: 0.11960132420063019
result: False
power_upto_now: 0.12944161891937256
395th run
noise dimension : 27
noise variance: 336.73492431640625
original u-statistic:2.329576015472412
p value proxy: 0.023255813866853714
result: True
power_upto_now: 0.1316455751657486
396th run
noise dimension : 27
noise variance: 337.96160888671875
original u-statistic:0.18632268905639648
p value proxy: 0.4285714328289032
result: False
power_upto_now: 0.13131313025951385
397th run
noise dimension : 27
noise variance: 335.7321472167969
original u-statistic:1.6359333992004395
p value proxy: 0.05647840350866318
result: False
power_upto_now: 0.13098236918449402
398th run
noise dimension : 27
noise variance: 338.7861633300781
original u-statistic:0.778083324432373
p value proxy: 0.2259136140346527
result: False
power_upto_now: 0.1306532621383667
399th run
noise dimension : 27
noise variance: 338.1534118652344
original u-statistic:-1.440189003944397
p value proxy: 0.9468438029289246
result: False
power_upto_now: 0.1303258091211319
400th run
noise dimension : 27
noise variance: 337.76617431640625
original u-statistic:2.1164608001708984
p value proxy: 0.029900331050157547
result: True
power_upto_now: 0.13249999284744263
401th run
noise dimension : 27
noise variance: 338.00091552734375
original u-statistic:1.1087419986724854
p value proxy: 0.13289035856723785
result: False
power_upto_now: 0.13216957449913025
402th run
noise dimension : 27
noise variance: 337.1182556152344
original u-statistic:0.546649694442749
p value proxy: 0.3056478202342987
result: False
power_upto_now: 0.1318407952785492
403th run
noise dimension : 27
noise variance: 337.21417236328125
original u-statistic:4.245515823364258
p value proxy: 0.003322259057313204
result: True
power_upto_now: 0.13399504125118256
404th run
noise dimension : 27
noise variance: 338.1944885253906
original u-statistic:1.185746669769287
p value proxy: 0.14617939293384552
result: False
power_upto_now: 0.1336633712053299
405th run
noise dimension : 27
noise variance: 337.50323486328125
original u-statistic:1.029818058013916
p value proxy: 0.1661129593849182
result: False
power_upto_now: 0.13333334028720856
406th run
noise dimension : 27
noise variance: 336.9894714355469
original u-statistic:2.756289005279541
p value proxy: 0.006644518114626408
result: True
power_upto_now: 0.13546797633171082
407th run
noise dimension : 27
noise variance: 336.23193359375
original u-statistic:0.760542631149292
p value proxy: 0.17607973515987396
result: False
power_upto_now: 0.13513512909412384
408th run
noise dimension : 27
noise variance: 337.5497131347656
original u-statistic:1.917170524597168
p value proxy: 0.04318936914205551
result: True
power_upto_now: 0.13725490868091583
409th run
noise dimension : 27
noise variance: 335.79071044921875
original u-statistic:1.9981114864349365
p value proxy: 0.03654484823346138
result: True
power_upto_now: 0.1393643021583557
410th run
noise dimension : 27
noise variance: 337.99542236328125
original u-statistic:1.9954850673675537
p value proxy: 0.039867110550403595
result: True
power_upto_now: 0.14146341383457184
411th run
noise dimension : 27
noise variance: 337.08056640625
original u-statistic:0.5874910354614258
p value proxy: 0.3289036452770233
result: False
power_upto_now: 0.14111922681331635
412th run
noise dimension : 27
noise variance: 335.8531494140625
original u-statistic:2.0636940002441406
p value proxy: 0.03654484823346138
result: True
power_upto_now: 0.14320388436317444
413th run
noise dimension : 27
noise variance: 335.7733459472656
original u-statistic:-0.7271826267242432
p value proxy: 0.7807309031486511
result: False
power_upto_now: 0.1428571492433548
414th run
noise dimension : 27
noise variance: 338.2374267578125
original u-statistic:0.7102406024932861
p value proxy: 0.2259136140346527
result: False
power_upto_now: 0.14251208305358887
415th run
noise dimension : 27
noise variance: 338.25628662109375
original u-statistic:1.0147266387939453
p value proxy: 0.14950165152549744
result: False
power_upto_now: 0.14216867089271545
416th run
noise dimension : 27
noise variance: 338.0533142089844
original u-statistic:-1.2293739318847656
p value proxy: 0.8970099687576294
result: False
power_upto_now: 0.14182692766189575
417th run
noise dimension : 27
noise variance: 334.952392578125
original u-statistic:1.698729157447815
p value proxy: 0.04651162773370743
result: True
power_upto_now: 0.14388489723205566
418th run
noise dimension : 27
noise variance: 339.60992431640625
original u-statistic:-0.26621532440185547
p value proxy: 0.604651153087616
result: False
power_upto_now: 0.1435406655073166
419th run
noise dimension : 27
noise variance: 336.92962646484375
original u-statistic:0.6387059688568115
p value proxy: 0.2259136140346527
result: False
power_upto_now: 0.14319808781147003
420th run
noise dimension : 27
noise variance: 336.7284240722656
original u-statistic:-0.1707148551940918
p value proxy: 0.5382059812545776
result: False
power_upto_now: 0.1428571492433548
421th run
noise dimension : 27
noise variance: 336.5858154296875
original u-statistic:3.0350852012634277
p value proxy: 0.003322259057313204
result: True
power_upto_now: 0.1448931097984314
422th run
noise dimension : 27
noise variance: 338.5201721191406
original u-statistic:1.1207125186920166
p value proxy: 0.12956809997558594
result: False
power_upto_now: 0.14454975724220276
423th run
noise dimension : 27
noise variance: 336.1531677246094
original u-statistic:-0.3894515037536621
p value proxy: 0.6112956404685974
result: False
power_upto_now: 0.14420804381370544
424th run
noise dimension : 27
noise variance: 338.39251708984375
original u-statistic:2.4839513301849365
p value proxy: 0.023255813866853714
result: True
power_upto_now: 0.1462264209985733
425th run
noise dimension : 27
noise variance: 338.328857421875
original u-statistic:-0.8376002311706543
p value proxy: 0.7906976342201233
result: False
power_upto_now: 0.14588235318660736
426th run
noise dimension : 27
noise variance: 336.6663513183594
original u-statistic:0.7988991737365723
p value proxy: 0.23255813121795654
result: False
power_upto_now: 0.14553990960121155
427th run
noise dimension : 27
noise variance: 337.0708923339844
original u-statistic:-0.10826230049133301
p value proxy: 0.5182723999023438
result: False
power_upto_now: 0.14519906044006348
428th run
noise dimension : 27
noise variance: 337.30413818359375
original u-statistic:-0.3950803279876709
p value proxy: 0.5980066061019897
result: False
power_upto_now: 0.14485980570316315
429th run
noise dimension : 27
noise variance: 336.2287902832031
original u-statistic:0.26205968856811523
p value proxy: 0.3920265734195709
result: False
power_upto_now: 0.14452214539051056
430th run
noise dimension : 27
noise variance: 338.2981872558594
original u-statistic:0.7607359886169434
p value proxy: 0.15614616870880127
result: False
power_upto_now: 0.14418604969978333
431th run
noise dimension : 27
noise variance: 337.1841125488281
original u-statistic:0.6795384883880615
p value proxy: 0.23920264840126038
result: False
power_upto_now: 0.14385150372982025
432th run
noise dimension : 27
noise variance: 340.31121826171875
original u-statistic:-0.45570802688598633
p value proxy: 0.6112956404685974
result: False
power_upto_now: 0.14351852238178253
433th run
noise dimension : 27
noise variance: 338.0469055175781
original u-statistic:1.2513861656188965
p value proxy: 0.08970099687576294
result: False
power_upto_now: 0.14318706095218658
434th run
noise dimension : 27
noise variance: 336.75286865234375
original u-statistic:-0.1810309886932373
p value proxy: 0.564784049987793
result: False
power_upto_now: 0.1428571492433548
435th run
noise dimension : 27
noise variance: 335.2566223144531
original u-statistic:-0.26239442825317383
p value proxy: 0.5913621187210083
result: False
power_upto_now: 0.1425287425518036
436th run
noise dimension : 27
noise variance: 338.9847717285156
original u-statistic:2.14217472076416
p value proxy: 0.019933555275201797
result: True
power_upto_now: 0.1444954127073288
437th run
noise dimension : 27
noise variance: 335.92120361328125
original u-statistic:-0.06106376647949219
p value proxy: 0.4684385359287262
result: False
power_upto_now: 0.14416475594043732
438th run
noise dimension : 27
noise variance: 337.0406188964844
original u-statistic:1.781982660293579
p value proxy: 0.04651162773370743
result: True
power_upto_now: 0.14611871540546417
439th run
noise dimension : 27
noise variance: 338.6770324707031
original u-statistic:0.39526212215423584
p value proxy: 0.3222591280937195
result: False
power_upto_now: 0.1457858830690384
440th run
noise dimension : 27
noise variance: 337.05902099609375
original u-statistic:1.672642469406128
p value proxy: 0.09302325546741486
result: False
power_upto_now: 0.145454540848732
441th run
noise dimension : 27
noise variance: 338.2066345214844
original u-statistic:0.8251087665557861
p value proxy: 0.19933554530143738
result: False
power_upto_now: 0.14512471854686737
442th run
noise dimension : 27
noise variance: 338.5877685546875
original u-statistic:1.2008721828460693
p value proxy: 0.12956809997558594
result: False
power_upto_now: 0.14479638636112213
443th run
noise dimension : 27
noise variance: 338.31622314453125
original u-statistic:2.3244857788085938
p value proxy: 0.029900331050157547
result: True
power_upto_now: 0.14672686159610748
444th run
noise dimension : 27
noise variance: 338.1083068847656
original u-statistic:0.5377418994903564
p value proxy: 0.2458471655845642
result: False
power_upto_now: 0.14639639854431152
445th run
noise dimension : 27
noise variance: 336.7174987792969
original u-statistic:1.5131802558898926
p value proxy: 0.06312292069196701
result: False
power_upto_now: 0.14606741070747375
446th run
noise dimension : 27
noise variance: 335.9086608886719
original u-statistic:1.5572166442871094
p value proxy: 0.049833886325359344
result: True
power_upto_now: 0.14798206090927124
447th run
noise dimension : 27
noise variance: 337.1755065917969
original u-statistic:-0.552177906036377
p value proxy: 0.7275747060775757
result: False
power_upto_now: 0.14765100181102753
448th run
noise dimension : 27
noise variance: 337.4339904785156
original u-statistic:0.6741387844085693
p value proxy: 0.2591361999511719
result: False
power_upto_now: 0.1473214328289032
449th run
noise dimension : 27
noise variance: 335.9179382324219
original u-statistic:2.0038604736328125
p value proxy: 0.03654484823346138
result: True
power_upto_now: 0.14922049641609192
450th run
noise dimension : 27
noise variance: 336.06536865234375
original u-statistic:3.6264636516571045
p value proxy: 0.003322259057313204
result: True
power_upto_now: 0.15111111104488373
451th run
noise dimension : 27
noise variance: 335.4118347167969
original u-statistic:0.17750167846679688
p value proxy: 0.41528236865997314
result: False
power_upto_now: 0.15077605843544006
452th run
noise dimension : 27
noise variance: 337.15985107421875
original u-statistic:0.7239499092102051
p value proxy: 0.2259136140346527
result: False
power_upto_now: 0.1504424810409546
453th run
noise dimension : 27
noise variance: 337.04656982421875
original u-statistic:0.4014251232147217
p value proxy: 0.2657807171344757
result: False
power_upto_now: 0.1501103788614273
454th run
noise dimension : 27
noise variance: 336.535888671875
original u-statistic:-0.7853927612304688
p value proxy: 0.7707641124725342
result: False
power_upto_now: 0.14977973699569702
455th run
noise dimension : 27
noise variance: 338.0946044921875
original u-statistic:0.1178436279296875
p value proxy: 0.421926885843277
result: False
power_upto_now: 0.14945055544376373
456th run
noise dimension : 27
noise variance: 337.1302795410156
original u-statistic:0.7621151208877563
p value proxy: 0.21262457966804504
result: False
power_upto_now: 0.14912280440330505
457th run
noise dimension : 27
noise variance: 339.8719177246094
original u-statistic:-0.43639278411865234
p value proxy: 0.6411960124969482
result: False
power_upto_now: 0.14879649877548218
458th run
noise dimension : 27
noise variance: 336.52490234375
original u-statistic:0.48646092414855957
p value proxy: 0.2691029906272888
result: False
power_upto_now: 0.14847160875797272
459th run
noise dimension : 27
noise variance: 337.3355712890625
original u-statistic:1.0925710201263428
p value proxy: 0.15614616870880127
result: False
power_upto_now: 0.14814814925193787
460th run
noise dimension : 27
noise variance: 333.40814208984375
original u-statistic:-0.23674464225769043
p value proxy: 0.5581395030021667
result: False
power_upto_now: 0.14782609045505524
461th run
noise dimension : 27
noise variance: 337.82733154296875
original u-statistic:0.07240819931030273
p value proxy: 0.46179401874542236
result: False
power_upto_now: 0.14750541746616364
462th run
noise dimension : 27
noise variance: 339.6282653808594
original u-statistic:0.4854869842529297
p value proxy: 0.27242523431777954
result: False
power_upto_now: 0.14718614518642426
463th run
noise dimension : 27
noise variance: 338.158203125
original u-statistic:1.9831533432006836
p value proxy: 0.039867110550403595
result: True
power_upto_now: 0.14902807772159576
464th run
noise dimension : 27
noise variance: 337.9289855957031
original u-statistic:2.3707494735717773
p value proxy: 0.033222589641809464
result: True
power_upto_now: 0.15086206793785095
465th run
noise dimension : 27
noise variance: 335.7539978027344
original u-statistic:1.639833688735962
p value proxy: 0.07973422110080719
result: False
power_upto_now: 0.1505376398563385
466th run
noise dimension : 27
noise variance: 340.4170227050781
original u-statistic:0.11985349655151367
p value proxy: 0.39534881711006165
result: False
power_upto_now: 0.15021459758281708
467th run
noise dimension : 27
noise variance: 336.8604736328125
original u-statistic:3.679211139678955
p value proxy: 0.006644518114626408
result: True
power_upto_now: 0.15203426778316498
468th run
noise dimension : 27
noise variance: 339.8409118652344
original u-statistic:-0.748417854309082
p value proxy: 0.7475082874298096
result: False
power_upto_now: 0.1517094075679779
469th run
noise dimension : 27
noise variance: 339.5895080566406
original u-statistic:1.2617082595825195
p value proxy: 0.11627906560897827
result: False
power_upto_now: 0.15138593316078186
470th run
noise dimension : 27
noise variance: 336.73516845703125
original u-statistic:-1.427760362625122
p value proxy: 0.9335547685623169
result: False
power_upto_now: 0.15106382966041565
471th run
noise dimension : 27
noise variance: 336.0820007324219
original u-statistic:2.2628531455993652
p value proxy: 0.02657807245850563
result: True
power_upto_now: 0.15286624431610107
472th run
noise dimension : 27
noise variance: 337.31365966796875
original u-statistic:1.543663501739502
p value proxy: 0.06312292069196701
result: False
power_upto_now: 0.1525423675775528
473th run
noise dimension : 27
noise variance: 338.0904846191406
original u-statistic:2.3700926303863525
p value proxy: 0.016611294820904732
result: True
power_upto_now: 0.15433403849601746
474th run
noise dimension : 27
noise variance: 335.96466064453125
original u-statistic:2.863948106765747
p value proxy: 0.006644518114626408
result: True
power_upto_now: 0.15611813962459564
475th run
noise dimension : 27
noise variance: 336.9296875
original u-statistic:1.3407177925109863
p value proxy: 0.11627906560897827
result: False
power_upto_now: 0.15578947961330414
476th run
noise dimension : 27
noise variance: 338.6937561035156
original u-statistic:-1.4735661745071411
p value proxy: 0.9667773842811584
result: False
power_upto_now: 0.15546219050884247
477th run
noise dimension : 27
noise variance: 341.36016845703125
original u-statistic:-1.0868029594421387
p value proxy: 0.8604651093482971
result: False
power_upto_now: 0.15513627231121063
478th run
noise dimension : 27
noise variance: 339.4689636230469
original u-statistic:1.8075859546661377
p value proxy: 0.05315614491701126
result: False
power_upto_now: 0.15481171011924744
479th run
noise dimension : 27
noise variance: 336.94091796875
original u-statistic:-0.48789048194885254
p value proxy: 0.7176079750061035
result: False
power_upto_now: 0.15448851883411407
480th run
noise dimension : 27
noise variance: 339.8983154296875
original u-statistic:2.092255115509033
p value proxy: 0.02657807245850563
result: True
power_upto_now: 0.15625
481th run
noise dimension : 27
noise variance: 337.1145935058594
original u-statistic:-1.3005127906799316
p value proxy: 0.9335547685623169
result: False
power_upto_now: 0.15592515468597412
482th run
noise dimension : 27
noise variance: 337.7090759277344
original u-statistic:-0.022612571716308594
p value proxy: 0.47840529680252075
result: False
power_upto_now: 0.15560166537761688
483th run
noise dimension : 27
noise variance: 336.6125793457031
original u-statistic:1.4210326671600342
p value proxy: 0.1029900312423706
result: False
power_upto_now: 0.1552795022726059
484th run
noise dimension : 27
noise variance: 336.239013671875
original u-statistic:1.8051214218139648
p value proxy: 0.049833886325359344
result: True
power_upto_now: 0.1570248007774353
485th run
noise dimension : 27
noise variance: 336.4471740722656
original u-statistic:0.6164536476135254
p value proxy: 0.262458473443985
result: False
power_upto_now: 0.15670102834701538
486th run
noise dimension : 27
noise variance: 337.29742431640625
original u-statistic:2.341665267944336
p value proxy: 0.023255813866853714
result: True
power_upto_now: 0.15843620896339417
487th run
noise dimension : 27
noise variance: 336.7718811035156
original u-statistic:-0.9558572769165039
p value proxy: 0.8671095967292786
result: False
power_upto_now: 0.15811088681221008
488th run
noise dimension : 27
noise variance: 340.5547790527344
original u-statistic:0.06592488288879395
p value proxy: 0.43521595001220703
result: False
power_upto_now: 0.15778689086437225
489th run
noise dimension : 27
noise variance: 337.4595642089844
original u-statistic:0.6905097961425781
p value proxy: 0.20930232107639313
result: False
power_upto_now: 0.15746420621871948
490th run
noise dimension : 27
noise variance: 340.57098388671875
original u-statistic:2.6756272315979004
p value proxy: 0.006644518114626408
result: True
power_upto_now: 0.15918366611003876
491th run
noise dimension : 27
noise variance: 337.0540771484375
original u-statistic:0.9370594024658203
p value proxy: 0.1827242523431778
result: False
power_upto_now: 0.1588594764471054
492th run
noise dimension : 27
noise variance: 337.0788879394531
original u-statistic:0.07594823837280273
p value proxy: 0.4053156077861786
result: False
power_upto_now: 0.15853658318519592
493th run
noise dimension : 27
noise variance: 339.17315673828125
original u-statistic:0.09223151206970215
p value proxy: 0.4485049843788147
result: False
power_upto_now: 0.1582150161266327
494th run
noise dimension : 27
noise variance: 337.0963134765625
original u-statistic:1.7168598175048828
p value proxy: 0.04651162773370743
result: True
power_upto_now: 0.15991902351379395
495th run
noise dimension : 27
noise variance: 336.7536926269531
original u-statistic:0.15349054336547852
p value proxy: 0.39534881711006165
result: False
power_upto_now: 0.15959596633911133
496th run
noise dimension : 27
noise variance: 337.4491271972656
original u-statistic:1.9883499145507812
p value proxy: 0.019933555275201797
result: True
power_upto_now: 0.16129031777381897
497th run
noise dimension : 27
noise variance: 337.3351745605469
original u-statistic:-0.9912323951721191
p value proxy: 0.8205980062484741
result: False
power_upto_now: 0.16096580028533936
498th run
noise dimension : 27
noise variance: 335.90069580078125
original u-statistic:0.17937088012695312
p value proxy: 0.4053156077861786
result: False
power_upto_now: 0.1606425642967224
499th run
noise dimension : 27
noise variance: 337.6140441894531
original u-statistic:2.775688648223877
p value proxy: 0.013289036229252815
result: True
power_upto_now: 0.16232465207576752
500th run
noise dimension : 27
noise variance: 337.31781005859375
original u-statistic:0.05438709259033203
p value proxy: 0.41528236865997314
result: False
power_upto_now: 0.16200000047683716
power estimate : 0.16200000047683716
elapsed time: 447.97681879997253
