job started
cuda available: True
code run on device:: cuda:0
1th run
noise dimension : 27
noise variance: 863.27880859375
original u-statistic:0.47991418838500977
p value proxy: 0.03980099409818649
result: True
power_upto_now: 1.0
2th run
noise dimension : 27
noise variance: 864.8058471679688
original u-statistic:0.8910222053527832
p value proxy: 0.004975124262273312
result: True
power_upto_now: 1.0
3th run
noise dimension : 27
noise variance: 862.8421630859375
original u-statistic:0.44860291481018066
p value proxy: 0.05970149114727974
result: False
power_upto_now: 0.6666666865348816
4th run
noise dimension : 27
noise variance: 863.5802001953125
original u-statistic:0.19341182708740234
p value proxy: 0.23383083939552307
result: False
power_upto_now: 0.5
5th run
noise dimension : 27
noise variance: 862.8617553710938
original u-statistic:0.41363048553466797
p value proxy: 0.05970149114727974
result: False
power_upto_now: 0.4000000059604645
6th run
noise dimension : 27
noise variance: 864.0401611328125
original u-statistic:0.7086379528045654
p value proxy: 0.009950248524546623
result: True
power_upto_now: 0.5
7th run
noise dimension : 27
noise variance: 864.7868041992188
original u-statistic:0.5264194011688232
p value proxy: 0.024875622242689133
result: True
power_upto_now: 0.5714285969734192
8th run
noise dimension : 27
noise variance: 864.46630859375
original u-statistic:0.9212698936462402
p value proxy: 0.004975124262273312
result: True
power_upto_now: 0.625
9th run
noise dimension : 27
noise variance: 864.6038208007812
original u-statistic:1.6489999294281006
p value proxy: 0.004975124262273312
result: True
power_upto_now: 0.6666666865348816
10th run
noise dimension : 27
noise variance: 865.1229248046875
original u-statistic:0.30304384231567383
p value proxy: 0.16915422677993774
result: False
power_upto_now: 0.6000000238418579
11th run
noise dimension : 27
noise variance: 864.8701782226562
original u-statistic:0.2957923412322998
p value proxy: 0.12935322523117065
result: False
power_upto_now: 0.5454545617103577
12th run
noise dimension : 27
noise variance: 863.2881469726562
original u-statistic:1.6924412250518799
p value proxy: 0.004975124262273312
result: True
power_upto_now: 0.5833333134651184
13th run
noise dimension : 27
noise variance: 863.6978759765625
original u-statistic:-0.10152101516723633
p value proxy: 0.6368159055709839
result: False
power_upto_now: 0.5384615659713745
14th run
noise dimension : 27
noise variance: 863.1942138671875
original u-statistic:0.3285059928894043
p value proxy: 0.09950248897075653
result: False
power_upto_now: 0.5
15th run
noise dimension : 27
noise variance: 862.0513916015625
original u-statistic:0.397601842880249
p value proxy: 0.08457711338996887
result: False
power_upto_now: 0.46666666865348816
16th run
noise dimension : 27
noise variance: 863.3456420898438
original u-statistic:0.12344789505004883
p value proxy: 0.3283582031726837
result: False
power_upto_now: 0.4375
17th run
noise dimension : 27
noise variance: 862.7933349609375
original u-statistic:1.017406940460205
p value proxy: 0.004975124262273312
result: True
power_upto_now: 0.47058823704719543
18th run
noise dimension : 27
noise variance: 866.5345458984375
original u-statistic:0.27113819122314453
p value proxy: 0.13930347561836243
result: False
power_upto_now: 0.4444444477558136
19th run
noise dimension : 27
noise variance: 862.7243041992188
original u-statistic:0.757988691329956
p value proxy: 0.009950248524546623
result: True
power_upto_now: 0.4736842215061188
20th run
noise dimension : 27
noise variance: 865.0514526367188
original u-statistic:0.6592438220977783
p value proxy: 0.024875622242689133
result: True
power_upto_now: 0.5
21th run
noise dimension : 27
noise variance: 862.7890625
original u-statistic:0.06870484352111816
p value proxy: 0.34825870394706726
result: False
power_upto_now: 0.4761904776096344
22th run
noise dimension : 27
noise variance: 864.21337890625
original u-statistic:-0.2599508762359619
p value proxy: 0.8606964945793152
result: False
power_upto_now: 0.4545454680919647
23th run
noise dimension : 27
noise variance: 863.3670654296875
original u-statistic:0.36816835403442383
p value proxy: 0.05970149114727974
result: False
power_upto_now: 0.43478259444236755
24th run
noise dimension : 27
noise variance: 863.247314453125
original u-statistic:0.4808807373046875
p value proxy: 0.06965173780918121
result: False
power_upto_now: 0.4166666567325592
25th run
noise dimension : 27
noise variance: 865.1109008789062
original u-statistic:0.6759905815124512
p value proxy: 0.009950248524546623
result: True
power_upto_now: 0.4399999976158142
26th run
noise dimension : 27
noise variance: 863.0174560546875
original u-statistic:0.709061861038208
p value proxy: 0.004975124262273312
result: True
power_upto_now: 0.4615384638309479
27th run
noise dimension : 27
noise variance: 865.3855590820312
original u-statistic:0.5524656772613525
p value proxy: 0.009950248524546623
result: True
power_upto_now: 0.48148149251937866
28th run
noise dimension : 27
noise variance: 864.3036499023438
original u-statistic:0.5794610977172852
p value proxy: 0.03980099409818649
result: True
power_upto_now: 0.5
29th run
noise dimension : 27
noise variance: 862.2442626953125
original u-statistic:0.32378721237182617
p value proxy: 0.09950248897075653
result: False
power_upto_now: 0.48275861144065857
30th run
noise dimension : 27
noise variance: 864.2615356445312
original u-statistic:0.9835302829742432
p value proxy: 0.004975124262273312
result: True
power_upto_now: 0.5
31th run
noise dimension : 27
noise variance: 864.8646240234375
original u-statistic:0.12891316413879395
p value proxy: 0.2537313401699066
result: False
power_upto_now: 0.4838709533214569
32th run
noise dimension : 27
noise variance: 861.7752075195312
original u-statistic:0.5775589942932129
p value proxy: 0.03980099409818649
result: True
power_upto_now: 0.5
33th run
noise dimension : 27
noise variance: 867.215087890625
original u-statistic:0.22184014320373535
p value proxy: 0.1492537260055542
result: False
power_upto_now: 0.4848484992980957
34th run
noise dimension : 27
noise variance: 862.388671875
original u-statistic:0.32849860191345215
p value proxy: 0.08457711338996887
result: False
power_upto_now: 0.47058823704719543
35th run
noise dimension : 27
noise variance: 865.528564453125
original u-statistic:-0.07789087295532227
p value proxy: 0.5422885417938232
result: False
power_upto_now: 0.4571428596973419
36th run
noise dimension : 27
noise variance: 864.4912719726562
original u-statistic:0.04654359817504883
p value proxy: 0.3681592047214508
result: False
power_upto_now: 0.4444444477558136
37th run
noise dimension : 27
noise variance: 864.8699340820312
original u-statistic:0.18262696266174316
p value proxy: 0.20398008823394775
result: False
power_upto_now: 0.4324324429035187
38th run
noise dimension : 27
noise variance: 863.697509765625
original u-statistic:1.0724139213562012
p value proxy: 0.004975124262273312
result: True
power_upto_now: 0.44736841320991516
39th run
noise dimension : 27
noise variance: 863.6265869140625
original u-statistic:0.4626119136810303
p value proxy: 0.05970149114727974
result: False
power_upto_now: 0.43589743971824646
40th run
noise dimension : 27
noise variance: 862.1443481445312
original u-statistic:0.42926859855651855
p value proxy: 0.06965173780918121
result: False
power_upto_now: 0.42500001192092896
41th run
noise dimension : 27
noise variance: 865.2704467773438
original u-statistic:0.33063530921936035
p value proxy: 0.1094527319073677
result: False
power_upto_now: 0.4146341383457184
42th run
noise dimension : 27
noise variance: 864.1078491210938
original u-statistic:0.9831943511962891
p value proxy: 0.009950248524546623
result: True
power_upto_now: 0.4285714328289032
43th run
noise dimension : 27
noise variance: 863.7745361328125
original u-statistic:0.7471325397491455
p value proxy: 0.009950248524546623
result: True
power_upto_now: 0.44186046719551086
44th run
noise dimension : 27
noise variance: 866.5364990234375
original u-statistic:0.32453203201293945
p value proxy: 0.09950248897075653
result: False
power_upto_now: 0.4318181872367859
45th run
noise dimension : 27
noise variance: 866.232421875
original u-statistic:1.0600802898406982
p value proxy: 0.004975124262273312
result: True
power_upto_now: 0.4444444477558136
46th run
noise dimension : 27
noise variance: 862.1892700195312
original u-statistic:0.39089012145996094
p value proxy: 0.08955223858356476
result: False
power_upto_now: 0.43478259444236755
47th run
noise dimension : 27
noise variance: 864.8794555664062
original u-statistic:0.48132944107055664
p value proxy: 0.05472636595368385
result: False
power_upto_now: 0.42553192377090454
48th run
noise dimension : 27
noise variance: 864.8270874023438
original u-statistic:0.7680566310882568
p value proxy: 0.014925372786819935
result: True
power_upto_now: 0.4375
49th run
noise dimension : 27
noise variance: 865.8030395507812
original u-statistic:0.11367392539978027
p value proxy: 0.31840795278549194
result: False
power_upto_now: 0.4285714328289032
50th run
noise dimension : 27
noise variance: 864.416259765625
original u-statistic:0.4948117733001709
p value proxy: 0.02985074557363987
result: True
power_upto_now: 0.4399999976158142
51th run
noise dimension : 27
noise variance: 862.953369140625
original u-statistic:0.08628225326538086
p value proxy: 0.3034825921058655
result: False
power_upto_now: 0.4313725531101227
52th run
noise dimension : 27
noise variance: 864.136474609375
original u-statistic:-0.012168645858764648
p value proxy: 0.4875621795654297
result: False
power_upto_now: 0.42307692766189575
53th run
noise dimension : 27
noise variance: 864.1320190429688
original u-statistic:0.7510573863983154
p value proxy: 0.014925372786819935
result: True
power_upto_now: 0.43396225571632385
54th run
noise dimension : 27
noise variance: 864.015869140625
original u-statistic:0.9495787620544434
p value proxy: 0.004975124262273312
result: True
power_upto_now: 0.4444444477558136
55th run
noise dimension : 27
noise variance: 865.1051025390625
original u-statistic:0.12633252143859863
p value proxy: 0.31840795278549194
result: False
power_upto_now: 0.4363636374473572
56th run
noise dimension : 27
noise variance: 862.4553833007812
original u-statistic:0.905754566192627
p value proxy: 0.004975124262273312
result: True
power_upto_now: 0.4464285671710968
57th run
noise dimension : 27
noise variance: 864.5831298828125
original u-statistic:1.1858210563659668
p value proxy: 0.004975124262273312
result: True
power_upto_now: 0.45614033937454224
58th run
noise dimension : 27
noise variance: 864.415771484375
original u-statistic:0.5431065559387207
p value proxy: 0.03980099409818649
result: True
power_upto_now: 0.4655172526836395
59th run
noise dimension : 27
noise variance: 863.4825439453125
original u-statistic:0.14631128311157227
p value proxy: 0.24875621497631073
result: False
power_upto_now: 0.4576271176338196
60th run
noise dimension : 27
noise variance: 864.852783203125
original u-statistic:0.4503943920135498
p value proxy: 0.03482586890459061
result: True
power_upto_now: 0.46666666865348816
61th run
noise dimension : 27
noise variance: 863.3926391601562
original u-statistic:0.8066670894622803
p value proxy: 0.004975124262273312
result: True
power_upto_now: 0.4754098355770111
62th run
noise dimension : 27
noise variance: 863.4080810546875
original u-statistic:0.27002596855163574
p value proxy: 0.16417910158634186
result: False
power_upto_now: 0.4677419364452362
63th run
noise dimension : 27
noise variance: 862.65771484375
original u-statistic:0.5079994201660156
p value proxy: 0.049751244485378265
result: True
power_upto_now: 0.4761904776096344
64th run
noise dimension : 27
noise variance: 864.1463623046875
original u-statistic:0.7199301719665527
p value proxy: 0.019900497049093246
result: True
power_upto_now: 0.484375
65th run
noise dimension : 27
noise variance: 864.3911743164062
original u-statistic:1.202622890472412
p value proxy: 0.004975124262273312
result: True
power_upto_now: 0.4923076927661896
66th run
noise dimension : 27
noise variance: 863.9371948242188
original u-statistic:0.7992098331451416
p value proxy: 0.004975124262273312
result: True
power_upto_now: 0.5
67th run
noise dimension : 27
noise variance: 865.7127685546875
original u-statistic:1.1094019412994385
p value proxy: 0.004975124262273312
result: True
power_upto_now: 0.5074626803398132
68th run
noise dimension : 27
noise variance: 862.4041137695312
original u-statistic:0.5891213417053223
p value proxy: 0.014925372786819935
result: True
power_upto_now: 0.5147058963775635
69th run
noise dimension : 27
noise variance: 864.4429931640625
original u-statistic:0.5552787780761719
p value proxy: 0.014925372786819935
result: True
power_upto_now: 0.52173912525177
70th run
noise dimension : 27
noise variance: 866.1337280273438
original u-statistic:0.8440546989440918
p value proxy: 0.004975124262273312
result: True
power_upto_now: 0.5285714268684387
71th run
noise dimension : 27
noise variance: 863.0595703125
original u-statistic:-0.039510488510131836
p value proxy: 0.5174129009246826
result: False
power_upto_now: 0.5211267471313477
72th run
noise dimension : 27
noise variance: 863.5964965820312
original u-statistic:1.0209619998931885
p value proxy: 0.004975124262273312
result: True
power_upto_now: 0.5277777910232544
73th run
noise dimension : 27
noise variance: 863.0374755859375
original u-statistic:0.3454904556274414
p value proxy: 0.06467661261558533
result: False
power_upto_now: 0.5205479264259338
74th run
noise dimension : 27
noise variance: 864.1281127929688
original u-statistic:-0.16211366653442383
p value proxy: 0.7164179086685181
result: False
power_upto_now: 0.5135135054588318
75th run
noise dimension : 27
noise variance: 865.3819580078125
original u-statistic:0.14286422729492188
p value proxy: 0.27860695123672485
result: False
power_upto_now: 0.5066666603088379
76th run
noise dimension : 27
noise variance: 863.515625
original u-statistic:0.8131148815155029
p value proxy: 0.009950248524546623
result: True
power_upto_now: 0.5131579041481018
77th run
noise dimension : 27
noise variance: 861.7200927734375
original u-statistic:0.4726369380950928
p value proxy: 0.049751244485378265
result: True
power_upto_now: 0.5194805264472961
78th run
noise dimension : 27
noise variance: 864.3486938476562
original u-statistic:0.6571002006530762
p value proxy: 0.004975124262273312
result: True
power_upto_now: 0.5256410241127014
79th run
noise dimension : 27
noise variance: 863.421875
original u-statistic:1.0603241920471191
p value proxy: 0.004975124262273312
result: True
power_upto_now: 0.5316455960273743
80th run
noise dimension : 27
noise variance: 861.1832885742188
original u-statistic:0.6922769546508789
p value proxy: 0.009950248524546623
result: True
power_upto_now: 0.5375000238418579
81th run
noise dimension : 27
noise variance: 863.8091430664062
original u-statistic:1.1347596645355225
p value proxy: 0.004975124262273312
result: True
power_upto_now: 0.5432098507881165
82th run
noise dimension : 27
noise variance: 865.6382446289062
original u-statistic:0.48468470573425293
p value proxy: 0.03980099409818649
result: True
power_upto_now: 0.5487805008888245
83th run
noise dimension : 27
noise variance: 861.6619262695312
original u-statistic:0.6165168285369873
p value proxy: 0.019900497049093246
result: True
power_upto_now: 0.5542168617248535
84th run
noise dimension : 27
noise variance: 864.3748168945312
original u-statistic:0.07019901275634766
p value proxy: 0.3980099558830261
result: False
power_upto_now: 0.5476190447807312
85th run
noise dimension : 27
noise variance: 865.3363647460938
original u-statistic:0.8153939247131348
p value proxy: 0.004975124262273312
result: True
power_upto_now: 0.5529412031173706
86th run
noise dimension : 27
noise variance: 863.2166748046875
original u-statistic:0.6986751556396484
p value proxy: 0.009950248524546623
result: True
power_upto_now: 0.5581395626068115
87th run
noise dimension : 27
noise variance: 865.6824340820312
original u-statistic:-0.047687530517578125
p value proxy: 0.5771144032478333
result: False
power_upto_now: 0.5517241358757019
88th run
noise dimension : 27
noise variance: 863.6203002929688
original u-statistic:0.6652374267578125
p value proxy: 0.019900497049093246
result: True
power_upto_now: 0.5568181872367859
89th run
noise dimension : 27
noise variance: 864.0228881835938
original u-statistic:0.7451589107513428
p value proxy: 0.004975124262273312
result: True
power_upto_now: 0.5617977380752563
90th run
noise dimension : 27
noise variance: 863.536865234375
original u-statistic:0.13344836235046387
p value proxy: 0.24875621497631073
result: False
power_upto_now: 0.5555555820465088
91th run
noise dimension : 27
noise variance: 864.2724609375
original u-statistic:1.3682751655578613
p value proxy: 0.004975124262273312
result: True
power_upto_now: 0.5604395866394043
92th run
noise dimension : 27
noise variance: 861.0980224609375
original u-statistic:0.25282955169677734
p value proxy: 0.16417910158634186
result: False
power_upto_now: 0.554347813129425
93th run
noise dimension : 27
noise variance: 863.4114990234375
original u-statistic:0.31224822998046875
p value proxy: 0.10447760671377182
result: False
power_upto_now: 0.5483871102333069
94th run
noise dimension : 27
noise variance: 864.9232177734375
original u-statistic:0.4275636672973633
p value proxy: 0.07960198819637299
result: False
power_upto_now: 0.542553186416626
95th run
noise dimension : 27
noise variance: 864.4816284179688
original u-statistic:0.8150715827941895
p value proxy: 0.004975124262273312
result: True
power_upto_now: 0.5473684072494507
96th run
noise dimension : 27
noise variance: 863.0834350585938
original u-statistic:0.16640090942382812
p value proxy: 0.2587064504623413
result: False
power_upto_now: 0.5416666865348816
97th run
noise dimension : 27
noise variance: 863.0542602539062
original u-statistic:0.9616146087646484
p value proxy: 0.004975124262273312
result: True
power_upto_now: 0.5463917255401611
98th run
noise dimension : 27
noise variance: 862.943603515625
original u-statistic:0.3263559341430664
p value proxy: 0.1442786008119583
result: False
power_upto_now: 0.5408163070678711
99th run
noise dimension : 27
noise variance: 862.2787475585938
original u-statistic:1.2516469955444336
p value proxy: 0.004975124262273312
result: True
power_upto_now: 0.5454545617103577
100th run
noise dimension : 27
noise variance: 863.2317504882812
original u-statistic:0.5494885444641113
p value proxy: 0.03482586890459061
result: True
power_upto_now: 0.550000011920929
101th run
noise dimension : 27
noise variance: 864.9464111328125
original u-statistic:0.510246992111206
p value proxy: 0.05472636595368385
result: False
power_upto_now: 0.5445544719696045
102th run
noise dimension : 27
noise variance: 865.0936279296875
original u-statistic:0.8878366947174072
p value proxy: 0.004975124262273312
result: True
power_upto_now: 0.5490196347236633
103th run
noise dimension : 27
noise variance: 863.4784545898438
original u-statistic:-0.1234285831451416
p value proxy: 0.6616915464401245
result: False
power_upto_now: 0.5436893105506897
104th run
noise dimension : 27
noise variance: 865.0330200195312
original u-statistic:-0.0387568473815918
p value proxy: 0.5422885417938232
result: False
power_upto_now: 0.5384615659713745
105th run
noise dimension : 27
noise variance: 862.4885864257812
original u-statistic:0.382814884185791
p value proxy: 0.08457711338996887
result: False
power_upto_now: 0.5333333611488342
106th run
noise dimension : 27
noise variance: 865.45361328125
original u-statistic:0.880742073059082
p value proxy: 0.014925372786819935
result: True
power_upto_now: 0.5377358198165894
107th run
noise dimension : 27
noise variance: 863.6546020507812
original u-statistic:0.780083179473877
p value proxy: 0.004975124262273312
result: True
power_upto_now: 0.5420560836791992
108th run
noise dimension : 27
noise variance: 863.104248046875
original u-statistic:-0.14561867713928223
p value proxy: 0.6965174078941345
result: False
power_upto_now: 0.5370370149612427
109th run
noise dimension : 27
noise variance: 865.22607421875
original u-statistic:0.27599620819091797
p value proxy: 0.15422885119915009
result: False
power_upto_now: 0.5321100950241089
110th run
noise dimension : 27
noise variance: 863.63916015625
original u-statistic:0.46113014221191406
p value proxy: 0.04477611929178238
result: True
power_upto_now: 0.5363636612892151
111th run
noise dimension : 27
noise variance: 863.8065185546875
original u-statistic:0.2785356044769287
p value proxy: 0.11940298229455948
result: False
power_upto_now: 0.5315315127372742
112th run
noise dimension : 27
noise variance: 863.7125854492188
original u-statistic:0.27994537353515625
p value proxy: 0.16417910158634186
result: False
power_upto_now: 0.5267857313156128
113th run
noise dimension : 27
noise variance: 862.849853515625
original u-statistic:0.3976461887359619
p value proxy: 0.08457711338996887
result: False
power_upto_now: 0.5221238732337952
114th run
noise dimension : 27
noise variance: 864.6629638671875
original u-statistic:-0.4140040874481201
p value proxy: 0.9850745797157288
result: False
power_upto_now: 0.5175438523292542
115th run
noise dimension : 27
noise variance: 862.9932250976562
original u-statistic:0.5418589115142822
p value proxy: 0.05970149114727974
result: False
power_upto_now: 0.5130434632301331
116th run
noise dimension : 27
noise variance: 862.0921020507812
original u-statistic:0.8168778419494629
p value proxy: 0.004975124262273312
result: True
power_upto_now: 0.517241358757019
117th run
noise dimension : 27
noise variance: 865.1474609375
original u-statistic:0.21482181549072266
p value proxy: 0.15920397639274597
result: False
power_upto_now: 0.5128205418586731
118th run
noise dimension : 27
noise variance: 861.4523315429688
original u-statistic:0.9074575901031494
p value proxy: 0.009950248524546623
result: True
power_upto_now: 0.5169491767883301
119th run
noise dimension : 27
noise variance: 863.0263061523438
original u-statistic:0.2165677547454834
p value proxy: 0.20895521342754364
result: False
power_upto_now: 0.5126050710678101
120th run
noise dimension : 27
noise variance: 863.7758178710938
original u-statistic:0.34371185302734375
p value proxy: 0.05970149114727974
result: False
power_upto_now: 0.5083333253860474
121th run
noise dimension : 27
noise variance: 864.2181396484375
original u-statistic:0.5811514854431152
p value proxy: 0.03482586890459061
result: True
power_upto_now: 0.5123966932296753
122th run
noise dimension : 27
noise variance: 863.6798706054688
original u-statistic:0.3463773727416992
p value proxy: 0.08457711338996887
result: False
power_upto_now: 0.5081967115402222
123th run
noise dimension : 27
noise variance: 863.6423950195312
original u-statistic:0.7760264873504639
p value proxy: 0.019900497049093246
result: True
power_upto_now: 0.5121951103210449
124th run
noise dimension : 27
noise variance: 863.1502075195312
original u-statistic:0.6809210777282715
p value proxy: 0.024875622242689133
result: True
power_upto_now: 0.5161290168762207
125th run
noise dimension : 27
noise variance: 865.6848754882812
original u-statistic:0.1916055679321289
p value proxy: 0.1840796023607254
result: False
power_upto_now: 0.5120000243186951
126th run
noise dimension : 27
noise variance: 864.2947387695312
original u-statistic:0.38770008087158203
p value proxy: 0.07960198819637299
result: False
power_upto_now: 0.5079365372657776
127th run
noise dimension : 27
noise variance: 861.595703125
original u-statistic:-0.015554428100585938
p value proxy: 0.4776119291782379
result: False
power_upto_now: 0.5039370059967041
128th run
noise dimension : 27
noise variance: 865.2947387695312
original u-statistic:1.2817819118499756
p value proxy: 0.004975124262273312
result: True
power_upto_now: 0.5078125
129th run
noise dimension : 27
noise variance: 863.4456787109375
original u-statistic:-0.028860807418823242
p value proxy: 0.5124378204345703
result: False
power_upto_now: 0.5038759708404541
130th run
noise dimension : 27
noise variance: 864.2925415039062
original u-statistic:0.5178508758544922
p value proxy: 0.06965173780918121
result: False
power_upto_now: 0.5
131th run
noise dimension : 27
noise variance: 864.086669921875
original u-statistic:-0.07616782188415527
p value proxy: 0.5970149040222168
result: False
power_upto_now: 0.49618321657180786
132th run
noise dimension : 27
noise variance: 864.63720703125
original u-statistic:0.5537629127502441
p value proxy: 0.04477611929178238
result: True
power_upto_now: 0.5
133th run
noise dimension : 27
noise variance: 863.4151000976562
original u-statistic:1.2295863628387451
p value proxy: 0.004975124262273312
result: True
power_upto_now: 0.5037593841552734
134th run
noise dimension : 27
noise variance: 862.8896484375
original u-statistic:0.60809326171875
p value proxy: 0.024875622242689133
result: True
power_upto_now: 0.5074626803398132
135th run
noise dimension : 27
noise variance: 863.2636108398438
original u-statistic:0.43411755561828613
p value proxy: 0.08457711338996887
result: False
power_upto_now: 0.5037037134170532
136th run
noise dimension : 27
noise variance: 862.4219360351562
original u-statistic:-0.05682063102722168
p value proxy: 0.5621890425682068
result: False
power_upto_now: 0.5
137th run
noise dimension : 27
noise variance: 863.904052734375
original u-statistic:0.9023432731628418
p value proxy: 0.009950248524546623
result: True
power_upto_now: 0.5036496520042419
138th run
noise dimension : 27
noise variance: 864.8135375976562
original u-statistic:0.6712594032287598
p value proxy: 0.024875622242689133
result: True
power_upto_now: 0.5072463750839233
139th run
noise dimension : 27
noise variance: 862.1755981445312
original u-statistic:1.176774024963379
p value proxy: 0.004975124262273312
result: True
power_upto_now: 0.5107913613319397
140th run
noise dimension : 27
noise variance: 865.1041259765625
original u-statistic:0.2188858985900879
p value proxy: 0.20895521342754364
result: False
power_upto_now: 0.5071428418159485
141th run
noise dimension : 27
noise variance: 863.6950073242188
original u-statistic:1.137190818786621
p value proxy: 0.009950248524546623
result: True
power_upto_now: 0.5106382966041565
142th run
noise dimension : 27
noise variance: 863.8544921875
original u-statistic:-0.029516220092773438
p value proxy: 0.5074626803398132
result: False
power_upto_now: 0.5070422291755676
143th run
noise dimension : 27
noise variance: 864.0093383789062
original u-statistic:0.7265260219573975
p value proxy: 0.004975124262273312
result: True
power_upto_now: 0.5104895234107971
144th run
noise dimension : 27
noise variance: 863.8419799804688
original u-statistic:1.0022029876708984
p value proxy: 0.004975124262273312
result: True
power_upto_now: 0.5138888955116272
145th run
noise dimension : 27
noise variance: 864.6395874023438
original u-statistic:0.5606956481933594
p value proxy: 0.02985074557363987
result: True
power_upto_now: 0.517241358757019
146th run
noise dimension : 27
noise variance: 863.5798950195312
original u-statistic:0.2639758586883545
p value proxy: 0.13930347561836243
result: False
power_upto_now: 0.5136986374855042
147th run
noise dimension : 27
noise variance: 863.7833862304688
original u-statistic:0.09309101104736328
p value proxy: 0.2935323417186737
result: False
power_upto_now: 0.5102040767669678
148th run
noise dimension : 27
noise variance: 863.2259521484375
original u-statistic:0.3185245990753174
p value proxy: 0.10447760671377182
result: False
power_upto_now: 0.5067567825317383
149th run
noise dimension : 27
noise variance: 865.1066284179688
original u-statistic:-0.12721776962280273
p value proxy: 0.6517412662506104
result: False
power_upto_now: 0.5033556818962097
150th run
noise dimension : 27
noise variance: 862.5577392578125
original u-statistic:0.685434103012085
p value proxy: 0.009950248524546623
result: True
power_upto_now: 0.5066666603088379
151th run
noise dimension : 27
noise variance: 863.694091796875
original u-statistic:1.298825740814209
p value proxy: 0.004975124262273312
result: True
power_upto_now: 0.5099337697029114
152th run
noise dimension : 27
noise variance: 863.7762451171875
original u-statistic:0.31077027320861816
p value proxy: 0.1094527319073677
result: False
power_upto_now: 0.5065789222717285
153th run
noise dimension : 27
noise variance: 865.1527709960938
original u-statistic:0.473752498626709
p value proxy: 0.04477611929178238
result: True
power_upto_now: 0.5098039507865906
154th run
noise dimension : 27
noise variance: 864.4698486328125
original u-statistic:0.10345911979675293
p value proxy: 0.3283582031726837
result: False
power_upto_now: 0.5064935088157654
155th run
noise dimension : 27
noise variance: 862.8651123046875
original u-statistic:0.4916269779205322
p value proxy: 0.03482586890459061
result: True
power_upto_now: 0.5096774101257324
156th run
noise dimension : 27
noise variance: 865.2139282226562
original u-statistic:0.4739241600036621
p value proxy: 0.05970149114727974
result: False
power_upto_now: 0.5064102411270142
157th run
noise dimension : 27
noise variance: 865.3641357421875
original u-statistic:0.20223021507263184
p value proxy: 0.20895521342754364
result: False
power_upto_now: 0.5031847357749939
158th run
noise dimension : 27
noise variance: 862.4481201171875
original u-statistic:0.6955587863922119
p value proxy: 0.014925372786819935
result: True
power_upto_now: 0.5063291192054749
159th run
noise dimension : 27
noise variance: 865.7886352539062
original u-statistic:0.30373358726501465
p value proxy: 0.1442786008119583
result: False
power_upto_now: 0.5031446814537048
160th run
noise dimension : 27
noise variance: 864.5185546875
original u-statistic:0.6984610557556152
p value proxy: 0.014925372786819935
result: True
power_upto_now: 0.5062500238418579
161th run
noise dimension : 27
noise variance: 864.4803466796875
original u-statistic:0.22537589073181152
p value proxy: 0.19900497794151306
result: False
power_upto_now: 0.5031055808067322
162th run
noise dimension : 27
noise variance: 863.14501953125
original u-statistic:0.2279505729675293
p value proxy: 0.19402985274791718
result: False
power_upto_now: 0.5
163th run
noise dimension : 27
noise variance: 862.9807739257812
original u-statistic:0.39205217361450195
p value proxy: 0.07960198819637299
result: False
power_upto_now: 0.4969325065612793
164th run
noise dimension : 27
noise variance: 867.10986328125
original u-statistic:0.8599560260772705
p value proxy: 0.009950248524546623
result: True
power_upto_now: 0.5
165th run
noise dimension : 27
noise variance: 863.8823852539062
original u-statistic:0.5619096755981445
p value proxy: 0.014925372786819935
result: True
power_upto_now: 0.5030303001403809
166th run
noise dimension : 27
noise variance: 862.9588623046875
original u-statistic:0.8632032871246338
p value proxy: 0.009950248524546623
result: True
power_upto_now: 0.5060241222381592
167th run
noise dimension : 27
noise variance: 866.0726928710938
original u-statistic:0.3478569984436035
p value proxy: 0.0746268630027771
result: False
power_upto_now: 0.5029940009117126
168th run
noise dimension : 27
noise variance: 863.7991333007812
original u-statistic:-0.07486653327941895
p value proxy: 0.5472636818885803
result: False
power_upto_now: 0.5
169th run
noise dimension : 27
noise variance: 865.0750732421875
original u-statistic:0.7040753364562988
p value proxy: 0.014925372786819935
result: True
power_upto_now: 0.5029585957527161
170th run
noise dimension : 27
noise variance: 863.71728515625
original u-statistic:1.0548808574676514
p value proxy: 0.009950248524546623
result: True
power_upto_now: 0.5058823823928833
171th run
noise dimension : 27
noise variance: 864.7403564453125
original u-statistic:0.9945724010467529
p value proxy: 0.004975124262273312
result: True
power_upto_now: 0.5087719559669495
172th run
noise dimension : 27
noise variance: 863.9654541015625
original u-statistic:-0.03419065475463867
p value proxy: 0.5024875402450562
result: False
power_upto_now: 0.5058139562606812
173th run
noise dimension : 27
noise variance: 862.4954223632812
original u-statistic:0.08477425575256348
p value proxy: 0.3681592047214508
result: False
power_upto_now: 0.5028901696205139
174th run
noise dimension : 27
noise variance: 865.3565673828125
original u-statistic:0.7045276165008545
p value proxy: 0.004975124262273312
result: True
power_upto_now: 0.5057471394538879
175th run
noise dimension : 27
noise variance: 862.3553466796875
original u-statistic:0.28587985038757324
p value proxy: 0.1442786008119583
result: False
power_upto_now: 0.5028571486473083
176th run
noise dimension : 27
noise variance: 864.9954223632812
original u-statistic:0.29010629653930664
p value proxy: 0.09950248897075653
result: False
power_upto_now: 0.5
177th run
noise dimension : 27
noise variance: 865.1912841796875
original u-statistic:0.46329569816589355
p value proxy: 0.05472636595368385
result: False
power_upto_now: 0.4971751272678375
178th run
noise dimension : 27
noise variance: 865.45166015625
original u-statistic:0.5662271976470947
p value proxy: 0.02985074557363987
result: True
power_upto_now: 0.5
179th run
noise dimension : 27
noise variance: 864.65966796875
original u-statistic:0.6826143264770508
p value proxy: 0.014925372786819935
result: True
power_upto_now: 0.5027933120727539
180th run
noise dimension : 27
noise variance: 862.4268798828125
original u-statistic:0.47592806816101074
p value proxy: 0.03980099409818649
result: True
power_upto_now: 0.5055555701255798
181th run
noise dimension : 27
noise variance: 864.5498657226562
original u-statistic:0.09116315841674805
p value proxy: 0.28358209133148193
result: False
power_upto_now: 0.5027624368667603
182th run
noise dimension : 27
noise variance: 864.8967895507812
original u-statistic:0.35861849784851074
p value proxy: 0.08457711338996887
result: False
power_upto_now: 0.5
183th run
noise dimension : 27
noise variance: 863.1748657226562
original u-statistic:0.39397668838500977
p value proxy: 0.06965173780918121
result: False
power_upto_now: 0.4972677528858185
184th run
noise dimension : 27
noise variance: 862.1939086914062
original u-statistic:0.5274341106414795
p value proxy: 0.03980099409818649
result: True
power_upto_now: 0.5
185th run
noise dimension : 27
noise variance: 863.3895874023438
original u-statistic:0.5092196464538574
p value proxy: 0.03980099409818649
result: True
power_upto_now: 0.5027027130126953
186th run
noise dimension : 27
noise variance: 863.8309936523438
original u-statistic:1.1251521110534668
p value proxy: 0.004975124262273312
result: True
power_upto_now: 0.5053763389587402
187th run
noise dimension : 27
noise variance: 863.2442626953125
original u-statistic:0.3069899082183838
p value proxy: 0.12935322523117065
result: False
power_upto_now: 0.5026738047599792
188th run
noise dimension : 27
noise variance: 865.5490112304688
original u-statistic:0.3980565071105957
p value proxy: 0.08955223858356476
result: False
power_upto_now: 0.5
189th run
noise dimension : 27
noise variance: 863.4160766601562
original u-statistic:0.36115121841430664
p value proxy: 0.05970149114727974
result: False
power_upto_now: 0.49735450744628906
190th run
noise dimension : 27
noise variance: 862.343505859375
original u-statistic:-0.09366345405578613
p value proxy: 0.606965184211731
result: False
power_upto_now: 0.49473685026168823
191th run
noise dimension : 27
noise variance: 862.65185546875
original u-statistic:0.25682759284973145
p value proxy: 0.15920397639274597
result: False
power_upto_now: 0.4921466112136841
192th run
noise dimension : 27
noise variance: 863.5274047851562
original u-statistic:0.2481698989868164
p value proxy: 0.1840796023607254
result: False
power_upto_now: 0.4895833432674408
193th run
noise dimension : 27
noise variance: 862.9005737304688
original u-statistic:0.4749605655670166
p value proxy: 0.05970149114727974
result: False
power_upto_now: 0.48704662919044495
194th run
noise dimension : 27
noise variance: 862.4796752929688
original u-statistic:0.7895841598510742
p value proxy: 0.009950248524546623
result: True
power_upto_now: 0.48969072103500366
195th run
noise dimension : 27
noise variance: 863.6905517578125
original u-statistic:0.6033754348754883
p value proxy: 0.014925372786819935
result: True
power_upto_now: 0.4923076927661896
196th run
noise dimension : 27
noise variance: 866.0536499023438
original u-statistic:0.39859700202941895
p value proxy: 0.09950248897075653
result: False
power_upto_now: 0.4897959232330322
197th run
noise dimension : 27
noise variance: 864.5234375
original u-statistic:0.9478583335876465
p value proxy: 0.004975124262273312
result: True
power_upto_now: 0.49238577485084534
198th run
noise dimension : 27
noise variance: 864.8119506835938
original u-statistic:1.2662310600280762
p value proxy: 0.004975124262273312
result: True
power_upto_now: 0.49494948983192444
199th run
noise dimension : 27
noise variance: 865.5082397460938
original u-statistic:0.9727091789245605
p value proxy: 0.009950248524546623
result: True
power_upto_now: 0.4974874258041382
200th run
noise dimension : 27
noise variance: 865.3329467773438
original u-statistic:0.19424128532409668
p value proxy: 0.2238805890083313
result: False
power_upto_now: 0.4950000047683716
201th run
noise dimension : 27
noise variance: 864.088623046875
original u-statistic:-0.060768842697143555
p value proxy: 0.49751242995262146
result: False
power_upto_now: 0.49253731966018677
202th run
noise dimension : 27
noise variance: 860.8954467773438
original u-statistic:0.6298942565917969
p value proxy: 0.03482586890459061
result: True
power_upto_now: 0.49504950642585754
203th run
noise dimension : 27
noise variance: 864.0336303710938
original u-statistic:1.2202398777008057
p value proxy: 0.004975124262273312
result: True
power_upto_now: 0.49753695726394653
204th run
noise dimension : 27
noise variance: 863.3828125
original u-statistic:0.4887232780456543
p value proxy: 0.049751244485378265
result: True
power_upto_now: 0.5
205th run
noise dimension : 27
noise variance: 863.3887939453125
original u-statistic:0.4477546215057373
p value proxy: 0.04477611929178238
result: True
power_upto_now: 0.502439022064209
206th run
noise dimension : 27
noise variance: 865.1818237304688
original u-statistic:0.07340836524963379
p value proxy: 0.34825870394706726
result: False
power_upto_now: 0.5
207th run
noise dimension : 27
noise variance: 864.7527465820312
original u-statistic:0.8845293521881104
p value proxy: 0.004975124262273312
result: True
power_upto_now: 0.5024154782295227
208th run
noise dimension : 27
noise variance: 863.0092163085938
original u-statistic:0.5927252769470215
p value proxy: 0.014925372786819935
result: True
power_upto_now: 0.504807710647583
209th run
noise dimension : 27
noise variance: 865.0526733398438
original u-statistic:0.16303777694702148
p value proxy: 0.2636815905570984
result: False
power_upto_now: 0.5023923516273499
210th run
noise dimension : 27
noise variance: 863.263427734375
original u-statistic:0.45429420471191406
p value proxy: 0.04477611929178238
result: True
power_upto_now: 0.5047619342803955
211th run
noise dimension : 27
noise variance: 863.660888671875
original u-statistic:0.6703107357025146
p value proxy: 0.02985074557363987
result: True
power_upto_now: 0.5071089863777161
212th run
noise dimension : 27
noise variance: 863.7990112304688
original u-statistic:0.8510448932647705
p value proxy: 0.004975124262273312
result: True
power_upto_now: 0.5094339847564697
213th run
noise dimension : 27
noise variance: 865.7200927734375
original u-statistic:0.506009578704834
p value proxy: 0.03482586890459061
result: True
power_upto_now: 0.5117371082305908
214th run
noise dimension : 27
noise variance: 864.3326416015625
original u-statistic:0.8910908699035645
p value proxy: 0.004975124262273312
result: True
power_upto_now: 0.514018714427948
215th run
noise dimension : 27
noise variance: 864.7530517578125
original u-statistic:0.5612454414367676
p value proxy: 0.024875622242689133
result: True
power_upto_now: 0.5162790417671204
216th run
noise dimension : 27
noise variance: 862.4664306640625
original u-statistic:0.9853506088256836
p value proxy: 0.004975124262273312
result: True
power_upto_now: 0.5185185074806213
217th run
noise dimension : 27
noise variance: 863.6168212890625
original u-statistic:0.5052833557128906
p value proxy: 0.06467661261558533
result: False
power_upto_now: 0.5161290168762207
218th run
noise dimension : 27
noise variance: 863.7455444335938
original u-statistic:0.27777743339538574
p value proxy: 0.15920397639274597
result: False
power_upto_now: 0.5137614607810974
219th run
noise dimension : 27
noise variance: 863.9481811523438
original u-statistic:0.6402003765106201
p value proxy: 0.014925372786819935
result: True
power_upto_now: 0.5159817337989807
220th run
noise dimension : 27
noise variance: 865.3313598632812
original u-statistic:0.7540547847747803
p value proxy: 0.009950248524546623
result: True
power_upto_now: 0.5181818008422852
221th run
noise dimension : 27
noise variance: 863.4475708007812
original u-statistic:0.755906343460083
p value proxy: 0.009950248524546623
result: True
power_upto_now: 0.5203620195388794
222th run
noise dimension : 27
noise variance: 863.1709594726562
original u-statistic:0.5907330513000488
p value proxy: 0.019900497049093246
result: True
power_upto_now: 0.522522509098053
223th run
noise dimension : 27
noise variance: 865.004150390625
original u-statistic:1.0356643199920654
p value proxy: 0.004975124262273312
result: True
power_upto_now: 0.5246636867523193
224th run
noise dimension : 27
noise variance: 863.01123046875
original u-statistic:0.500817060470581
p value proxy: 0.049751244485378265
result: True
power_upto_now: 0.5267857313156128
225th run
noise dimension : 27
noise variance: 864.06982421875
original u-statistic:0.31841492652893066
p value proxy: 0.11940298229455948
result: False
power_upto_now: 0.5244444608688354
226th run
noise dimension : 27
noise variance: 865.0064086914062
original u-statistic:0.7732791900634766
p value proxy: 0.009950248524546623
result: True
power_upto_now: 0.5265486836433411
227th run
noise dimension : 27
noise variance: 862.2855224609375
original u-statistic:0.45157504081726074
p value proxy: 0.02985074557363987
result: True
power_upto_now: 0.5286343693733215
228th run
noise dimension : 27
noise variance: 862.9010620117188
original u-statistic:0.18700456619262695
p value proxy: 0.19900497794151306
result: False
power_upto_now: 0.5263158082962036
229th run
noise dimension : 27
noise variance: 863.81591796875
original u-statistic:0.389157772064209
p value proxy: 0.07960198819637299
result: False
power_upto_now: 0.5240174531936646
230th run
noise dimension : 27
noise variance: 863.358642578125
original u-statistic:0.8346867561340332
p value proxy: 0.009950248524546623
result: True
power_upto_now: 0.5260869860649109
231th run
noise dimension : 27
noise variance: 863.5350341796875
original u-statistic:0.6962411403656006
p value proxy: 0.02985074557363987
result: True
power_upto_now: 0.5281385183334351
232th run
noise dimension : 27
noise variance: 862.8656005859375
original u-statistic:0.40250086784362793
p value proxy: 0.09452736377716064
result: False
power_upto_now: 0.5258620977401733
233th run
noise dimension : 27
noise variance: 864.6260986328125
original u-statistic:1.0546879768371582
p value proxy: 0.004975124262273312
result: True
power_upto_now: 0.5278970003128052
234th run
noise dimension : 27
noise variance: 863.234619140625
original u-statistic:0.2954230308532715
p value proxy: 0.15920397639274597
result: False
power_upto_now: 0.5256410241127014
235th run
noise dimension : 27
noise variance: 863.375
original u-statistic:0.058267831802368164
p value proxy: 0.38805970549583435
result: False
power_upto_now: 0.5234042406082153
236th run
noise dimension : 27
noise variance: 864.3779907226562
original u-statistic:0.728485107421875
p value proxy: 0.009950248524546623
result: True
power_upto_now: 0.5254237055778503
237th run
noise dimension : 27
noise variance: 865.5541381835938
original u-statistic:0.13743972778320312
p value proxy: 0.2636815905570984
result: False
power_upto_now: 0.5232067704200745
238th run
noise dimension : 27
noise variance: 862.44921875
original u-statistic:0.9297046661376953
p value proxy: 0.004975124262273312
result: True
power_upto_now: 0.5252100825309753
239th run
noise dimension : 27
noise variance: 865.6300659179688
original u-statistic:0.25260353088378906
p value proxy: 0.17412935197353363
result: False
power_upto_now: 0.5230125784873962
240th run
noise dimension : 27
noise variance: 864.537353515625
original u-statistic:0.8790674209594727
p value proxy: 0.004975124262273312
result: True
power_upto_now: 0.5249999761581421
241th run
noise dimension : 27
noise variance: 866.8246459960938
original u-statistic:0.22081398963928223
p value proxy: 0.19900497794151306
result: False
power_upto_now: 0.5228216052055359
242th run
noise dimension : 27
noise variance: 862.9495849609375
original u-statistic:1.0097687244415283
p value proxy: 0.009950248524546623
result: True
power_upto_now: 0.5247933864593506
243th run
noise dimension : 27
noise variance: 861.5821533203125
original u-statistic:0.9057931900024414
p value proxy: 0.004975124262273312
result: True
power_upto_now: 0.5267489552497864
244th run
noise dimension : 27
noise variance: 864.5731811523438
original u-statistic:0.12402987480163574
p value proxy: 0.21393033862113953
result: False
power_upto_now: 0.5245901346206665
245th run
noise dimension : 27
noise variance: 865.1397094726562
original u-statistic:0.26595520973205566
p value proxy: 0.11940298229455948
result: False
power_upto_now: 0.5224489569664001
246th run
noise dimension : 27
noise variance: 863.2537231445312
original u-statistic:0.22487473487854004
p value proxy: 0.20398008823394775
result: False
power_upto_now: 0.5203251838684082
247th run
noise dimension : 27
noise variance: 862.9593505859375
original u-statistic:0.11931061744689941
p value proxy: 0.2985074520111084
result: False
power_upto_now: 0.5182186365127563
248th run
noise dimension : 27
noise variance: 866.60791015625
original u-statistic:0.2777581214904785
p value proxy: 0.12437810748815536
result: False
power_upto_now: 0.5161290168762207
249th run
noise dimension : 27
noise variance: 863.6550903320312
original u-statistic:0.9298520088195801
p value proxy: 0.004975124262273312
result: True
power_upto_now: 0.5180723071098328
250th run
noise dimension : 27
noise variance: 863.8947143554688
original u-statistic:0.6494407653808594
p value proxy: 0.009950248524546623
result: True
power_upto_now: 0.5199999809265137
251th run
noise dimension : 27
noise variance: 865.2255249023438
original u-statistic:0.1465909481048584
p value proxy: 0.27363184094429016
result: False
power_upto_now: 0.5179283022880554
252th run
noise dimension : 27
noise variance: 865.704833984375
original u-statistic:0.5950405597686768
p value proxy: 0.03482586890459061
result: True
power_upto_now: 0.5198412537574768
253th run
noise dimension : 27
noise variance: 863.800537109375
original u-statistic:0.9571104049682617
p value proxy: 0.004975124262273312
result: True
power_upto_now: 0.52173912525177
254th run
noise dimension : 27
noise variance: 866.2220458984375
original u-statistic:0.4653279781341553
p value proxy: 0.02985074557363987
result: True
power_upto_now: 0.5236220359802246
255th run
noise dimension : 27
noise variance: 864.1173095703125
original u-statistic:0.8594462871551514
p value proxy: 0.009950248524546623
result: True
power_upto_now: 0.5254902243614197
256th run
noise dimension : 27
noise variance: 862.3560180664062
original u-statistic:0.36357927322387695
p value proxy: 0.10447760671377182
result: False
power_upto_now: 0.5234375
257th run
noise dimension : 27
noise variance: 863.91357421875
original u-statistic:1.0638527870178223
p value proxy: 0.004975124262273312
result: True
power_upto_now: 0.5252918004989624
258th run
noise dimension : 27
noise variance: 862.553466796875
original u-statistic:0.3890845775604248
p value proxy: 0.07960198819637299
result: False
power_upto_now: 0.5232558250427246
259th run
noise dimension : 27
noise variance: 862.8502197265625
original u-statistic:0.2182774543762207
p value proxy: 0.17412935197353363
result: False
power_upto_now: 0.5212355256080627
260th run
noise dimension : 27
noise variance: 863.738037109375
original u-statistic:0.7924206256866455
p value proxy: 0.004975124262273312
result: True
power_upto_now: 0.5230769515037537
261th run
noise dimension : 27
noise variance: 863.4798583984375
original u-statistic:0.5310244560241699
p value proxy: 0.024875622242689133
result: True
power_upto_now: 0.524904191493988
262th run
noise dimension : 27
noise variance: 864.9107055664062
original u-statistic:0.33872175216674805
p value proxy: 0.11940298229455948
result: False
power_upto_now: 0.5229007601737976
263th run
noise dimension : 27
noise variance: 865.4050903320312
original u-statistic:1.1699731349945068
p value proxy: 0.004975124262273312
result: True
power_upto_now: 0.5247148275375366
264th run
noise dimension : 27
noise variance: 863.1710815429688
original u-statistic:0.9092915058135986
p value proxy: 0.004975124262273312
result: True
power_upto_now: 0.5265151262283325
265th run
noise dimension : 27
noise variance: 862.5142822265625
original u-statistic:0.5944597721099854
p value proxy: 0.014925372786819935
result: True
power_upto_now: 0.5283018946647644
266th run
noise dimension : 27
noise variance: 863.8101196289062
original u-statistic:1.6996567249298096
p value proxy: 0.004975124262273312
result: True
power_upto_now: 0.530075192451477
267th run
noise dimension : 27
noise variance: 863.2545776367188
original u-statistic:0.19871282577514648
p value proxy: 0.24875621497631073
result: False
power_upto_now: 0.5280898809432983
268th run
noise dimension : 27
noise variance: 864.0796508789062
original u-statistic:0.9502198696136475
p value proxy: 0.004975124262273312
result: True
power_upto_now: 0.5298507213592529
269th run
noise dimension : 27
noise variance: 862.525634765625
original u-statistic:1.029160499572754
p value proxy: 0.004975124262273312
result: True
power_upto_now: 0.5315985083580017
270th run
noise dimension : 27
noise variance: 862.210205078125
original u-statistic:0.32104039192199707
p value proxy: 0.10447760671377182
result: False
power_upto_now: 0.529629647731781
271th run
noise dimension : 27
noise variance: 863.8834838867188
original u-statistic:0.48464202880859375
p value proxy: 0.02985074557363987
result: True
power_upto_now: 0.5313653349876404
272th run
noise dimension : 27
noise variance: 865.26806640625
original u-statistic:0.21437621116638184
p value proxy: 0.2189054638147354
result: False
power_upto_now: 0.529411792755127
273th run
noise dimension : 27
noise variance: 863.2930908203125
original u-statistic:1.3680152893066406
p value proxy: 0.004975124262273312
result: True
power_upto_now: 0.5311355590820312
274th run
noise dimension : 27
noise variance: 865.3580932617188
original u-statistic:0.276669979095459
p value proxy: 0.15422885119915009
result: False
power_upto_now: 0.529197096824646
275th run
noise dimension : 27
noise variance: 862.2254028320312
original u-statistic:0.37129759788513184
p value proxy: 0.09452736377716064
result: False
power_upto_now: 0.5272727012634277
276th run
noise dimension : 27
noise variance: 862.2357177734375
original u-statistic:0.510387659072876
p value proxy: 0.05472636595368385
result: False
power_upto_now: 0.5253623127937317
277th run
noise dimension : 27
noise variance: 862.1026000976562
original u-statistic:0.7587921619415283
p value proxy: 0.009950248524546623
result: True
power_upto_now: 0.5270758271217346
278th run
noise dimension : 27
noise variance: 864.84521484375
original u-statistic:0.9906072616577148
p value proxy: 0.004975124262273312
result: True
power_upto_now: 0.528777003288269
279th run
noise dimension : 27
noise variance: 865.7045288085938
original u-statistic:0.7638492584228516
p value proxy: 0.004975124262273312
result: True
power_upto_now: 0.5304659605026245
280th run
noise dimension : 27
noise variance: 863.5391235351562
original u-statistic:0.23089838027954102
p value proxy: 0.19900497794151306
result: False
power_upto_now: 0.5285714268684387
281th run
noise dimension : 27
noise variance: 863.8023681640625
original u-statistic:0.7390251159667969
p value proxy: 0.014925372786819935
result: True
power_upto_now: 0.5302491188049316
282th run
noise dimension : 27
noise variance: 864.4622802734375
original u-statistic:0.22481894493103027
p value proxy: 0.2238805890083313
result: False
power_upto_now: 0.5283687710762024
283th run
noise dimension : 27
noise variance: 862.351318359375
original u-statistic:0.6230659484863281
p value proxy: 0.009950248524546623
result: True
power_upto_now: 0.5300353169441223
284th run
noise dimension : 27
noise variance: 864.0941162109375
original u-statistic:0.5501585006713867
p value proxy: 0.03482586890459061
result: True
power_upto_now: 0.5316901206970215
285th run
noise dimension : 27
noise variance: 865.1201782226562
original u-statistic:0.774789571762085
p value proxy: 0.009950248524546623
result: True
power_upto_now: 0.5333333611488342
286th run
noise dimension : 27
noise variance: 865.9894409179688
original u-statistic:0.7518763542175293
p value proxy: 0.004975124262273312
result: True
power_upto_now: 0.5349650382995605
287th run
noise dimension : 27
noise variance: 863.6461181640625
original u-statistic:0.7334551811218262
p value proxy: 0.014925372786819935
result: True
power_upto_now: 0.5365853905677795
288th run
noise dimension : 27
noise variance: 862.5511474609375
original u-statistic:0.8970808982849121
p value proxy: 0.004975124262273312
result: True
power_upto_now: 0.5381944179534912
289th run
noise dimension : 27
noise variance: 864.4830322265625
original u-statistic:0.9734299182891846
p value proxy: 0.004975124262273312
result: True
power_upto_now: 0.5397923588752747
290th run
noise dimension : 27
noise variance: 864.41455078125
original u-statistic:1.0791690349578857
p value proxy: 0.009950248524546623
result: True
power_upto_now: 0.5413793325424194
291th run
noise dimension : 27
noise variance: 863.1738891601562
original u-statistic:0.5312533378601074
p value proxy: 0.06467661261558533
result: False
power_upto_now: 0.5395188927650452
292th run
noise dimension : 27
noise variance: 864.4606323242188
original u-statistic:0.6736488342285156
p value proxy: 0.009950248524546623
result: True
power_upto_now: 0.5410959124565125
293th run
noise dimension : 27
noise variance: 862.2958984375
original u-statistic:0.919105052947998
p value proxy: 0.009950248524546623
result: True
power_upto_now: 0.5426621437072754
294th run
noise dimension : 27
noise variance: 863.801025390625
original u-statistic:0.09171700477600098
p value proxy: 0.3333333134651184
result: False
power_upto_now: 0.5408163070678711
295th run
noise dimension : 27
noise variance: 864.32421875
original u-statistic:1.8744451999664307
p value proxy: 0.004975124262273312
result: True
power_upto_now: 0.5423728823661804
296th run
noise dimension : 27
noise variance: 866.294921875
original u-statistic:0.44443774223327637
p value proxy: 0.05970149114727974
result: False
power_upto_now: 0.5405405163764954
297th run
noise dimension : 27
noise variance: 863.6594848632812
original u-statistic:0.5714142322540283
p value proxy: 0.02985074557363987
result: True
power_upto_now: 0.5420875549316406
298th run
noise dimension : 27
noise variance: 864.306640625
original u-statistic:0.3000373840332031
p value proxy: 0.1094527319073677
result: False
power_upto_now: 0.5402684807777405
299th run
noise dimension : 27
noise variance: 863.5751953125
original u-statistic:0.3547940254211426
p value proxy: 0.13432835042476654
result: False
power_upto_now: 0.5384615659713745
300th run
noise dimension : 27
noise variance: 863.5550537109375
original u-statistic:0.40917062759399414
p value proxy: 0.03980099409818649
result: True
power_upto_now: 0.5400000214576721
power estimate : 0.5400000214576721
elapsed time: 16464.73728442192
