job started
cuda available: True
code run on device:: cuda:0
1th run
noise dimension : 27
noise variance: 866.7852172851562
original u-statistic:1.092048168182373
p value proxy: 0.04477611929178238
result: True
power_upto_now: 1.0
2th run
noise dimension : 27
noise variance: 862.9673461914062
original u-statistic:-0.08502435684204102
p value proxy: 0.5472636818885803
result: False
power_upto_now: 0.5
3th run
noise dimension : 27
noise variance: 864.7264404296875
original u-statistic:0.5474362373352051
p value proxy: 0.08955223858356476
result: False
power_upto_now: 0.3333333432674408
4th run
noise dimension : 27
noise variance: 862.6837768554688
original u-statistic:0.4044318199157715
p value proxy: 0.15920397639274597
result: False
power_upto_now: 0.25
5th run
noise dimension : 27
noise variance: 863.67333984375
original u-statistic:0.5139884948730469
p value proxy: 0.1442786008119583
result: False
power_upto_now: 0.20000000298023224
6th run
noise dimension : 27
noise variance: 865.0728149414062
original u-statistic:0.3657412528991699
p value proxy: 0.22885571420192719
result: False
power_upto_now: 0.1666666716337204
7th run
noise dimension : 27
noise variance: 865.2276000976562
original u-statistic:0.8043766021728516
p value proxy: 0.02985074557363987
result: True
power_upto_now: 0.2857142984867096
8th run
noise dimension : 27
noise variance: 864.3626708984375
original u-statistic:1.1210947036743164
p value proxy: 0.014925372786819935
result: True
power_upto_now: 0.375
9th run
noise dimension : 27
noise variance: 865.5311889648438
original u-statistic:1.3507835865020752
p value proxy: 0.014925372786819935
result: True
power_upto_now: 0.4444444477558136
10th run
noise dimension : 27
noise variance: 863.649169921875
original u-statistic:-0.1775979995727539
p value proxy: 0.6517412662506104
result: False
power_upto_now: 0.4000000059604645
11th run
noise dimension : 27
noise variance: 864.5365600585938
original u-statistic:0.47802042961120605
p value proxy: 0.11940298229455948
result: False
power_upto_now: 0.3636363744735718
12th run
noise dimension : 27
noise variance: 865.6051025390625
original u-statistic:0.30529284477233887
p value proxy: 0.2587064504623413
result: False
power_upto_now: 0.3333333432674408
13th run
noise dimension : 27
noise variance: 864.3429565429688
original u-statistic:1.1308987140655518
p value proxy: 0.019900497049093246
result: True
power_upto_now: 0.38461539149284363
14th run
noise dimension : 27
noise variance: 863.27685546875
original u-statistic:1.872584581375122
p value proxy: 0.004975124262273312
result: True
power_upto_now: 0.4285714328289032
15th run
noise dimension : 27
noise variance: 862.6964111328125
original u-statistic:1.9065155982971191
p value proxy: 0.004975124262273312
result: True
power_upto_now: 0.46666666865348816
16th run
noise dimension : 27
noise variance: 866.0366821289062
original u-statistic:0.6156611442565918
p value proxy: 0.0746268630027771
result: False
power_upto_now: 0.4375
17th run
noise dimension : 27
noise variance: 865.544677734375
original u-statistic:0.5740854740142822
p value proxy: 0.11442785710096359
result: False
power_upto_now: 0.4117647111415863
18th run
noise dimension : 27
noise variance: 861.1766967773438
original u-statistic:-0.443148136138916
p value proxy: 0.8905472159385681
result: False
power_upto_now: 0.3888888955116272
19th run
noise dimension : 27
noise variance: 863.1159057617188
original u-statistic:0.3743624687194824
p value proxy: 0.20398008823394775
result: False
power_upto_now: 0.3684210479259491
20th run
noise dimension : 27
noise variance: 862.9334106445312
original u-statistic:0.8454859256744385
p value proxy: 0.019900497049093246
result: True
power_upto_now: 0.4000000059604645
21th run
noise dimension : 27
noise variance: 862.6621704101562
original u-statistic:-0.15863871574401855
p value proxy: 0.6567164063453674
result: False
power_upto_now: 0.380952388048172
22th run
noise dimension : 27
noise variance: 864.440185546875
original u-statistic:0.22760021686553955
p value proxy: 0.2985074520111084
result: False
power_upto_now: 0.3636363744735718
23th run
noise dimension : 27
noise variance: 863.1502075195312
original u-statistic:0.00812673568725586
p value proxy: 0.4925372898578644
result: False
power_upto_now: 0.3478260934352875
24th run
noise dimension : 27
noise variance: 864.0880126953125
original u-statistic:0.051076650619506836
p value proxy: 0.4378109276294708
result: False
power_upto_now: 0.3333333432674408
25th run
noise dimension : 27
noise variance: 862.7242431640625
original u-statistic:-0.007993221282958984
p value proxy: 0.4427860677242279
result: False
power_upto_now: 0.3199999928474426
26th run
noise dimension : 27
noise variance: 863.1696166992188
original u-statistic:-0.08755970001220703
p value proxy: 0.5323383212089539
result: False
power_upto_now: 0.3076923191547394
27th run
noise dimension : 27
noise variance: 865.91455078125
original u-statistic:-0.054437875747680664
p value proxy: 0.5522388219833374
result: False
power_upto_now: 0.29629629850387573
28th run
noise dimension : 27
noise variance: 863.0503540039062
original u-statistic:0.8118762969970703
p value proxy: 0.02985074557363987
result: True
power_upto_now: 0.3214285671710968
29th run
noise dimension : 27
noise variance: 863.6992797851562
original u-statistic:0.4850039482116699
p value proxy: 0.11940298229455948
result: False
power_upto_now: 0.3103448152542114
30th run
noise dimension : 27
noise variance: 863.72216796875
original u-statistic:-0.07176876068115234
p value proxy: 0.4825870394706726
result: False
power_upto_now: 0.30000001192092896
31th run
noise dimension : 27
noise variance: 865.234375
original u-statistic:0.18831539154052734
p value proxy: 0.32338306307792664
result: False
power_upto_now: 0.29032257199287415
32th run
noise dimension : 27
noise variance: 863.8154907226562
original u-statistic:0.7256274223327637
p value proxy: 0.02985074557363987
result: True
power_upto_now: 0.3125
33th run
noise dimension : 27
noise variance: 861.7222290039062
original u-statistic:0.1853644847869873
p value proxy: 0.2587064504623413
result: False
power_upto_now: 0.3030303120613098
34th run
noise dimension : 27
noise variance: 863.993896484375
original u-statistic:0.9800193309783936
p value proxy: 0.019900497049093246
result: True
power_upto_now: 0.3235294222831726
35th run
noise dimension : 27
noise variance: 865.1139526367188
original u-statistic:0.1622014045715332
p value proxy: 0.35323381423950195
result: False
power_upto_now: 0.3142857253551483
36th run
noise dimension : 27
noise variance: 863.3132934570312
original u-statistic:0.7034196853637695
p value proxy: 0.06965173780918121
result: False
power_upto_now: 0.3055555522441864
37th run
noise dimension : 27
noise variance: 862.1066284179688
original u-statistic:0.9354138374328613
p value proxy: 0.02985074557363987
result: True
power_upto_now: 0.3243243098258972
38th run
noise dimension : 27
noise variance: 862.9021606445312
original u-statistic:1.6705365180969238
p value proxy: 0.004975124262273312
result: True
power_upto_now: 0.34210526943206787
39th run
noise dimension : 27
noise variance: 862.5479736328125
original u-statistic:1.0156941413879395
p value proxy: 0.014925372786819935
result: True
power_upto_now: 0.3589743673801422
40th run
noise dimension : 27
noise variance: 863.2588500976562
original u-statistic:0.1519777774810791
p value proxy: 0.30845770239830017
result: False
power_upto_now: 0.3499999940395355
41th run
noise dimension : 27
noise variance: 863.7402954101562
original u-statistic:1.7642199993133545
p value proxy: 0.004975124262273312
result: True
power_upto_now: 0.3658536672592163
42th run
noise dimension : 27
noise variance: 860.5519409179688
original u-statistic:1.3191087245941162
p value proxy: 0.009950248524546623
result: True
power_upto_now: 0.380952388048172
43th run
noise dimension : 27
noise variance: 864.3295288085938
original u-statistic:0.28657960891723633
p value proxy: 0.21393033862113953
result: False
power_upto_now: 0.3720930218696594
44th run
noise dimension : 27
noise variance: 861.8509521484375
original u-statistic:0.7393994331359863
p value proxy: 0.024875622242689133
result: True
power_upto_now: 0.3863636255264282
45th run
noise dimension : 27
noise variance: 864.6369018554688
original u-statistic:0.6519873142242432
p value proxy: 0.09950248897075653
result: False
power_upto_now: 0.3777777850627899
46th run
noise dimension : 27
noise variance: 865.5616455078125
original u-statistic:0.28348493576049805
p value proxy: 0.21393033862113953
result: False
power_upto_now: 0.3695652186870575
47th run
noise dimension : 27
noise variance: 864.8463745117188
original u-statistic:1.4953019618988037
p value proxy: 0.004975124262273312
result: True
power_upto_now: 0.38297873735427856
48th run
noise dimension : 27
noise variance: 861.1405029296875
original u-statistic:0.7859504222869873
p value proxy: 0.06467661261558533
result: False
power_upto_now: 0.375
49th run
noise dimension : 27
noise variance: 865.968994140625
original u-statistic:-0.13756394386291504
p value proxy: 0.5920397639274597
result: False
power_upto_now: 0.36734694242477417
50th run
noise dimension : 27
noise variance: 863.9029541015625
original u-statistic:0.48978114128112793
p value proxy: 0.11940298229455948
result: False
power_upto_now: 0.36000001430511475
51th run
noise dimension : 27
noise variance: 863.4037475585938
original u-statistic:0.657473087310791
p value proxy: 0.09452736377716064
result: False
power_upto_now: 0.3529411852359772
52th run
noise dimension : 27
noise variance: 865.1372680664062
original u-statistic:0.0055217742919921875
p value proxy: 0.4825870394706726
result: False
power_upto_now: 0.3461538553237915
53th run
noise dimension : 27
noise variance: 862.0158081054688
original u-statistic:1.1000611782073975
p value proxy: 0.02985074557363987
result: True
power_upto_now: 0.35849055647850037
54th run
noise dimension : 27
noise variance: 861.8496704101562
original u-statistic:0.29557037353515625
p value proxy: 0.21393033862113953
result: False
power_upto_now: 0.35185185074806213
55th run
noise dimension : 27
noise variance: 864.8800048828125
original u-statistic:0.47577667236328125
p value proxy: 0.1442786008119583
result: False
power_upto_now: 0.34545454382896423
56th run
noise dimension : 27
noise variance: 862.4514770507812
original u-statistic:-0.037078142166137695
p value proxy: 0.4925372898578644
result: False
power_upto_now: 0.3392857015132904
57th run
noise dimension : 27
noise variance: 864.9186401367188
original u-statistic:0.3646256923675537
p value proxy: 0.2189054638147354
result: False
power_upto_now: 0.3333333432674408
58th run
noise dimension : 27
noise variance: 866.1500854492188
original u-statistic:0.08617305755615234
p value proxy: 0.38805970549583435
result: False
power_upto_now: 0.32758620381355286
59th run
noise dimension : 27
noise variance: 861.1317749023438
original u-statistic:0.9545166492462158
p value proxy: 0.05472636595368385
result: False
power_upto_now: 0.32203391194343567
60th run
noise dimension : 27
noise variance: 866.7022705078125
original u-statistic:0.5994925498962402
p value proxy: 0.06965173780918121
result: False
power_upto_now: 0.3166666626930237
61th run
noise dimension : 27
noise variance: 864.56689453125
original u-statistic:1.068615198135376
p value proxy: 0.009950248524546623
result: True
power_upto_now: 0.32786884903907776
62th run
noise dimension : 27
noise variance: 863.5077514648438
original u-statistic:1.1264312267303467
p value proxy: 0.014925372786819935
result: True
power_upto_now: 0.33870968222618103
63th run
noise dimension : 27
noise variance: 859.8782348632812
original u-statistic:0.6109051704406738
p value proxy: 0.0746268630027771
result: False
power_upto_now: 0.3333333432674408
64th run
noise dimension : 27
noise variance: 866.1609497070312
original u-statistic:-0.04442548751831055
p value proxy: 0.4776119291782379
result: False
power_upto_now: 0.328125
65th run
noise dimension : 27
noise variance: 864.9956665039062
original u-statistic:1.5045292377471924
p value proxy: 0.004975124262273312
result: True
power_upto_now: 0.3384615480899811
66th run
noise dimension : 27
noise variance: 865.6576538085938
original u-statistic:0.12254571914672852
p value proxy: 0.2885572016239166
result: False
power_upto_now: 0.3333333432674408
67th run
noise dimension : 27
noise variance: 863.5482788085938
original u-statistic:1.7369298934936523
p value proxy: 0.004975124262273312
result: True
power_upto_now: 0.34328359365463257
68th run
noise dimension : 27
noise variance: 863.6028442382812
original u-statistic:1.003293514251709
p value proxy: 0.009950248524546623
result: True
power_upto_now: 0.3529411852359772
69th run
noise dimension : 27
noise variance: 865.808349609375
original u-statistic:0.7626247406005859
p value proxy: 0.03980099409818649
result: True
power_upto_now: 0.36231884360313416
70th run
noise dimension : 27
noise variance: 863.1986083984375
original u-statistic:1.0389304161071777
p value proxy: 0.019900497049093246
result: True
power_upto_now: 0.37142857909202576
71th run
noise dimension : 27
noise variance: 864.41845703125
original u-statistic:-0.02030014991760254
p value proxy: 0.4477611780166626
result: False
power_upto_now: 0.3661971688270569
72th run
noise dimension : 27
noise variance: 863.9906005859375
original u-statistic:0.31853342056274414
p value proxy: 0.2238805890083313
result: False
power_upto_now: 0.3611111044883728
73th run
noise dimension : 27
noise variance: 865.151123046875
original u-statistic:0.972224235534668
p value proxy: 0.02985074557363987
result: True
power_upto_now: 0.36986300349235535
74th run
noise dimension : 27
noise variance: 864.276123046875
original u-statistic:0.6560907363891602
p value proxy: 0.08955223858356476
result: False
power_upto_now: 0.36486485600471497
75th run
noise dimension : 27
noise variance: 864.7391967773438
original u-statistic:0.7328321933746338
p value proxy: 0.05970149114727974
result: False
power_upto_now: 0.36000001430511475
76th run
noise dimension : 27
noise variance: 864.3603515625
original u-statistic:-0.053967952728271484
p value proxy: 0.4925372898578644
result: False
power_upto_now: 0.3552631437778473
77th run
noise dimension : 27
noise variance: 863.4285888671875
original u-statistic:0.1812911033630371
p value proxy: 0.2985074520111084
result: False
power_upto_now: 0.350649356842041
78th run
noise dimension : 27
noise variance: 863.2344970703125
original u-statistic:0.2035503387451172
p value proxy: 0.28358209133148193
result: False
power_upto_now: 0.3461538553237915
79th run
noise dimension : 27
noise variance: 864.161376953125
original u-statistic:0.023141860961914062
p value proxy: 0.4875621795654297
result: False
power_upto_now: 0.3417721390724182
80th run
noise dimension : 27
noise variance: 864.1351928710938
original u-statistic:0.6876480579376221
p value proxy: 0.08457711338996887
result: False
power_upto_now: 0.3375000059604645
81th run
noise dimension : 27
noise variance: 862.7783813476562
original u-statistic:1.5853233337402344
p value proxy: 0.004975124262273312
result: True
power_upto_now: 0.34567901492118835
82th run
noise dimension : 27
noise variance: 864.239990234375
original u-statistic:0.35852909088134766
p value proxy: 0.16417910158634186
result: False
power_upto_now: 0.3414634168148041
83th run
noise dimension : 27
noise variance: 862.2081298828125
original u-statistic:0.889075756072998
p value proxy: 0.019900497049093246
result: True
power_upto_now: 0.34939759969711304
84th run
noise dimension : 27
noise variance: 859.8406982421875
original u-statistic:0.6673922538757324
p value proxy: 0.07960198819637299
result: False
power_upto_now: 0.3452380895614624
85th run
noise dimension : 27
noise variance: 864.6641845703125
original u-statistic:0.013605594635009766
p value proxy: 0.4726368188858032
result: False
power_upto_now: 0.34117648005485535
86th run
noise dimension : 27
noise variance: 864.239013671875
original u-statistic:1.2073347568511963
p value proxy: 0.009950248524546623
result: True
power_upto_now: 0.3488371968269348
87th run
noise dimension : 27
noise variance: 863.9794311523438
original u-statistic:0.736290693283081
p value proxy: 0.03980099409818649
result: True
power_upto_now: 0.3563218414783478
88th run
noise dimension : 27
noise variance: 863.019775390625
original u-statistic:0.054656028747558594
p value proxy: 0.4378109276294708
result: False
power_upto_now: 0.35227271914482117
89th run
noise dimension : 27
noise variance: 863.3527221679688
original u-statistic:0.7791497707366943
p value proxy: 0.04477611929178238
result: True
power_upto_now: 0.3595505654811859
90th run
noise dimension : 27
noise variance: 861.9884643554688
original u-statistic:0.06156635284423828
p value proxy: 0.3283582031726837
result: False
power_upto_now: 0.35555556416511536
91th run
noise dimension : 27
noise variance: 863.22607421875
original u-statistic:1.2974097728729248
p value proxy: 0.009950248524546623
result: True
power_upto_now: 0.36263737082481384
92th run
noise dimension : 27
noise variance: 863.9804077148438
original u-statistic:0.7819075584411621
p value proxy: 0.05472636595368385
result: False
power_upto_now: 0.3586956560611725
93th run
noise dimension : 27
noise variance: 862.2177124023438
original u-statistic:0.8837237358093262
p value proxy: 0.019900497049093246
result: True
power_upto_now: 0.3655914068222046
94th run
noise dimension : 27
noise variance: 866.2072143554688
original u-statistic:0.16929173469543457
p value proxy: 0.3781094551086426
result: False
power_upto_now: 0.3617021143436432
95th run
noise dimension : 27
noise variance: 866.2373657226562
original u-statistic:-0.7067019939422607
p value proxy: 0.9900497198104858
result: False
power_upto_now: 0.35789474844932556
96th run
noise dimension : 27
noise variance: 862.38427734375
original u-statistic:0.819176197052002
p value proxy: 0.03482586890459061
result: True
power_upto_now: 0.3645833432674408
97th run
noise dimension : 27
noise variance: 864.4739990234375
original u-statistic:-0.3177304267883301
p value proxy: 0.8059701323509216
result: False
power_upto_now: 0.36082473397254944
98th run
noise dimension : 27
noise variance: 866.2781982421875
original u-statistic:-0.09876656532287598
p value proxy: 0.5422885417938232
result: False
power_upto_now: 0.3571428656578064
99th run
noise dimension : 27
noise variance: 862.277099609375
original u-statistic:0.72574782371521
p value proxy: 0.049751244485378265
result: True
power_upto_now: 0.3636363744735718
100th run
noise dimension : 27
noise variance: 861.186767578125
original u-statistic:0.6051859855651855
p value proxy: 0.08955223858356476
result: False
power_upto_now: 0.36000001430511475
101th run
noise dimension : 27
noise variance: 865.0800170898438
original u-statistic:0.295255184173584
p value proxy: 0.1890547275543213
result: False
power_upto_now: 0.3564356565475464
102th run
noise dimension : 27
noise variance: 865.145263671875
original u-statistic:1.0799119472503662
p value proxy: 0.019900497049093246
result: True
power_upto_now: 0.36274510622024536
103th run
noise dimension : 27
noise variance: 863.66796875
original u-statistic:1.5961940288543701
p value proxy: 0.009950248524546623
result: True
power_upto_now: 0.3689320385456085
104th run
noise dimension : 27
noise variance: 864.6167602539062
original u-statistic:-0.17249608039855957
p value proxy: 0.5721392631530762
result: False
power_upto_now: 0.36538460850715637
105th run
noise dimension : 27
noise variance: 861.315673828125
original u-statistic:0.44222092628479004
p value proxy: 0.1492537260055542
result: False
power_upto_now: 0.3619047701358795
106th run
noise dimension : 27
noise variance: 865.2697143554688
original u-statistic:1.0054712295532227
p value proxy: 0.019900497049093246
result: True
power_upto_now: 0.3679245412349701
107th run
noise dimension : 27
noise variance: 863.952392578125
original u-statistic:1.0231847763061523
p value proxy: 0.04477611929178238
result: True
power_upto_now: 0.37383177876472473
108th run
noise dimension : 27
noise variance: 862.032958984375
original u-statistic:0.7956671714782715
p value proxy: 0.04477611929178238
result: True
power_upto_now: 0.37962964177131653
109th run
noise dimension : 27
noise variance: 862.9058227539062
original u-statistic:0.8196430206298828
p value proxy: 0.03482586890459061
result: True
power_upto_now: 0.38532111048698425
110th run
noise dimension : 27
noise variance: 862.4143676757812
original u-statistic:1.1818103790283203
p value proxy: 0.004975124262273312
result: True
power_upto_now: 0.3909091055393219
111th run
noise dimension : 27
noise variance: 863.8605346679688
original u-statistic:0.9598052501678467
p value proxy: 0.014925372786819935
result: True
power_upto_now: 0.3963963985443115
112th run
noise dimension : 27
noise variance: 865.2710571289062
original u-statistic:0.04217243194580078
p value proxy: 0.4477611780166626
result: False
power_upto_now: 0.3928571343421936
113th run
noise dimension : 27
noise variance: 867.0015258789062
original u-statistic:0.0580439567565918
p value proxy: 0.38308456540107727
result: False
power_upto_now: 0.389380544424057
114th run
noise dimension : 27
noise variance: 863.7545776367188
original u-statistic:0.7646634578704834
p value proxy: 0.04477611929178238
result: True
power_upto_now: 0.3947368562221527
115th run
noise dimension : 27
noise variance: 865.9235229492188
original u-statistic:0.35882043838500977
p value proxy: 0.2636815905570984
result: False
power_upto_now: 0.3913043439388275
116th run
noise dimension : 27
noise variance: 864.7498168945312
original u-statistic:-0.4481058120727539
p value proxy: 0.8656716346740723
result: False
power_upto_now: 0.38793104887008667
117th run
noise dimension : 27
noise variance: 863.4645385742188
original u-statistic:-0.24965620040893555
p value proxy: 0.746268630027771
result: False
power_upto_now: 0.38461539149284363
118th run
noise dimension : 27
noise variance: 863.8131103515625
original u-statistic:0.5037672519683838
p value proxy: 0.1094527319073677
result: False
power_upto_now: 0.3813559412956238
119th run
noise dimension : 27
noise variance: 862.9286499023438
original u-statistic:-0.11143684387207031
p value proxy: 0.5820895433425903
result: False
power_upto_now: 0.3781512677669525
120th run
noise dimension : 27
noise variance: 864.3284912109375
original u-statistic:1.4858956336975098
p value proxy: 0.009950248524546623
result: True
power_upto_now: 0.38333332538604736
121th run
noise dimension : 27
noise variance: 862.7528686523438
original u-statistic:-0.24417710304260254
p value proxy: 0.7313432693481445
result: False
power_upto_now: 0.3801652789115906
122th run
noise dimension : 27
noise variance: 863.4146728515625
original u-statistic:1.5371501445770264
p value proxy: 0.004975124262273312
result: True
power_upto_now: 0.3852458894252777
123th run
noise dimension : 27
noise variance: 861.8472900390625
original u-statistic:0.43529534339904785
p value proxy: 0.16915422677993774
result: False
power_upto_now: 0.38211381435394287
124th run
noise dimension : 27
noise variance: 866.3263549804688
original u-statistic:-0.4902229309082031
p value proxy: 0.8855721354484558
result: False
power_upto_now: 0.3790322542190552
125th run
noise dimension : 27
noise variance: 865.61474609375
original u-statistic:0.8738737106323242
p value proxy: 0.03980099409818649
result: True
power_upto_now: 0.3840000033378601
126th run
noise dimension : 27
noise variance: 865.6284790039062
original u-statistic:0.5061304569244385
p value proxy: 0.12935322523117065
result: False
power_upto_now: 0.380952388048172
127th run
noise dimension : 27
noise variance: 864.457275390625
original u-statistic:1.2391700744628906
p value proxy: 0.009950248524546623
result: True
power_upto_now: 0.3858267664909363
128th run
noise dimension : 27
noise variance: 863.4093017578125
original u-statistic:-0.5874762535095215
p value proxy: 0.9253731369972229
result: False
power_upto_now: 0.3828125
129th run
noise dimension : 27
noise variance: 863.7174072265625
original u-statistic:0.552248477935791
p value proxy: 0.11940298229455948
result: False
power_upto_now: 0.3798449635505676
130th run
noise dimension : 27
noise variance: 862.3975830078125
original u-statistic:0.2564995288848877
p value proxy: 0.32338306307792664
result: False
power_upto_now: 0.3769230842590332
131th run
noise dimension : 27
noise variance: 865.4483642578125
original u-statistic:0.052359819412231445
p value proxy: 0.4079601764678955
result: False
power_upto_now: 0.37404578924179077
132th run
noise dimension : 27
noise variance: 862.8428344726562
original u-statistic:0.45088815689086914
p value proxy: 0.11940298229455948
result: False
power_upto_now: 0.3712121248245239
133th run
noise dimension : 27
noise variance: 863.5985107421875
original u-statistic:0.43385934829711914
p value proxy: 0.13930347561836243
result: False
power_upto_now: 0.3684210479259491
134th run
noise dimension : 27
noise variance: 860.8994750976562
original u-statistic:-0.09159135818481445
p value proxy: 0.5621890425682068
result: False
power_upto_now: 0.36567163467407227
135th run
noise dimension : 27
noise variance: 863.0121459960938
original u-statistic:0.26360297203063965
p value proxy: 0.2885572016239166
result: False
power_upto_now: 0.3629629611968994
136th run
noise dimension : 27
noise variance: 865.7451171875
original u-statistic:0.7275316715240479
p value proxy: 0.08457711338996887
result: False
power_upto_now: 0.3602941036224365
137th run
noise dimension : 27
noise variance: 867.8147583007812
original u-statistic:0.9129452705383301
p value proxy: 0.04477611929178238
result: True
power_upto_now: 0.36496350169181824
138th run
noise dimension : 27
noise variance: 862.490234375
original u-statistic:0.14678168296813965
p value proxy: 0.31343284249305725
result: False
power_upto_now: 0.36231884360313416
139th run
noise dimension : 27
noise variance: 867.212158203125
original u-statistic:1.8703868389129639
p value proxy: 0.004975124262273312
result: True
power_upto_now: 0.36690646409988403
140th run
noise dimension : 27
noise variance: 865.8359985351562
original u-statistic:1.1479120254516602
p value proxy: 0.009950248524546623
result: True
power_upto_now: 0.37142857909202576
141th run
noise dimension : 27
noise variance: 861.1619262695312
original u-statistic:0.706629753112793
p value proxy: 0.05970149114727974
result: False
power_upto_now: 0.368794322013855
142th run
noise dimension : 27
noise variance: 861.861328125
original u-statistic:-0.006028175354003906
p value proxy: 0.5223880410194397
result: False
power_upto_now: 0.3661971688270569
143th run
noise dimension : 27
noise variance: 867.7296142578125
original u-statistic:-0.2476029396057129
p value proxy: 0.7213929891586304
result: False
power_upto_now: 0.3636363744735718
144th run
noise dimension : 27
noise variance: 865.8212280273438
original u-statistic:0.49185681343078613
p value proxy: 0.1492537260055542
result: False
power_upto_now: 0.3611111044883728
145th run
noise dimension : 27
noise variance: 864.4525756835938
original u-statistic:0.8236997127532959
p value proxy: 0.02985074557363987
result: True
power_upto_now: 0.3655172288417816
146th run
noise dimension : 27
noise variance: 865.8179931640625
original u-statistic:-0.18626809120178223
p value proxy: 0.641791045665741
result: False
power_upto_now: 0.36301368474960327
147th run
noise dimension : 27
noise variance: 862.9989013671875
original u-statistic:-0.18505859375
p value proxy: 0.6119402647018433
result: False
power_upto_now: 0.36054420471191406
148th run
noise dimension : 27
noise variance: 864.1926879882812
original u-statistic:0.5002775192260742
p value proxy: 0.11442785710096359
result: False
power_upto_now: 0.3581081032752991
149th run
noise dimension : 27
noise variance: 863.1873168945312
original u-statistic:0.5867919921875
p value proxy: 0.12935322523117065
result: False
power_upto_now: 0.3557046949863434
150th run
noise dimension : 27
noise variance: 864.368408203125
original u-statistic:0.5673084259033203
p value proxy: 0.08955223858356476
result: False
power_upto_now: 0.35333332419395447
151th run
noise dimension : 27
noise variance: 865.4376220703125
original u-statistic:-0.010358572006225586
p value proxy: 0.4925372898578644
result: False
power_upto_now: 0.3509933650493622
152th run
noise dimension : 27
noise variance: 863.8758544921875
original u-statistic:1.0287511348724365
p value proxy: 0.024875622242689133
result: True
power_upto_now: 0.3552631437778473
153th run
noise dimension : 27
noise variance: 865.482421875
original u-statistic:0.6076676845550537
p value proxy: 0.1094527319073677
result: False
power_upto_now: 0.3529411852359772
154th run
noise dimension : 27
noise variance: 863.4747314453125
original u-statistic:0.19007229804992676
p value proxy: 0.2686567008495331
result: False
power_upto_now: 0.350649356842041
155th run
noise dimension : 27
noise variance: 863.4149780273438
original u-statistic:-0.14763617515563965
p value proxy: 0.6318407654762268
result: False
power_upto_now: 0.34838709235191345
156th run
noise dimension : 27
noise variance: 863.5829467773438
original u-statistic:0.32599782943725586
p value proxy: 0.20895521342754364
result: False
power_upto_now: 0.3461538553237915
157th run
noise dimension : 27
noise variance: 864.9478149414062
original u-statistic:0.2760014533996582
p value proxy: 0.2686567008495331
result: False
power_upto_now: 0.3439490497112274
158th run
noise dimension : 27
noise variance: 866.43994140625
original u-statistic:-0.11141681671142578
p value proxy: 0.5970149040222168
result: False
power_upto_now: 0.3417721390724182
159th run
noise dimension : 27
noise variance: 863.3839111328125
original u-statistic:0.5938065052032471
p value proxy: 0.05472636595368385
result: False
power_upto_now: 0.3396226465702057
160th run
noise dimension : 27
noise variance: 861.2611083984375
original u-statistic:0.026402950286865234
p value proxy: 0.42786067724227905
result: False
power_upto_now: 0.3375000059604645
161th run
noise dimension : 27
noise variance: 864.843994140625
original u-statistic:0.17225265502929688
p value proxy: 0.4029850661754608
result: False
power_upto_now: 0.3354037404060364
162th run
noise dimension : 27
noise variance: 861.3302001953125
original u-statistic:0.34322094917297363
p value proxy: 0.19402985274791718
result: False
power_upto_now: 0.3333333432674408
163th run
noise dimension : 27
noise variance: 864.2674560546875
original u-statistic:0.40709686279296875
p value proxy: 0.17412935197353363
result: False
power_upto_now: 0.33128833770751953
164th run
noise dimension : 27
noise variance: 862.3218383789062
original u-statistic:0.7632746696472168
p value proxy: 0.024875622242689133
result: True
power_upto_now: 0.3353658616542816
165th run
noise dimension : 27
noise variance: 861.4390869140625
original u-statistic:0.5951025485992432
p value proxy: 0.07960198819637299
result: False
power_upto_now: 0.3333333432674408
166th run
noise dimension : 27
noise variance: 867.3157958984375
original u-statistic:0.11960530281066895
p value proxy: 0.3383084535598755
result: False
power_upto_now: 0.3313252925872803
167th run
noise dimension : 27
noise variance: 866.8702392578125
original u-statistic:0.11496353149414062
p value proxy: 0.35820895433425903
result: False
power_upto_now: 0.329341322183609
168th run
noise dimension : 27
noise variance: 865.1253051757812
original u-statistic:0.5080695152282715
p value proxy: 0.10447760671377182
result: False
power_upto_now: 0.3273809552192688
169th run
noise dimension : 27
noise variance: 864.95458984375
original u-statistic:-0.38422179222106934
p value proxy: 0.8109452724456787
result: False
power_upto_now: 0.3254437744617462
170th run
noise dimension : 27
noise variance: 866.5642700195312
original u-statistic:0.24571657180786133
p value proxy: 0.2686567008495331
result: False
power_upto_now: 0.3235294222831726
171th run
noise dimension : 27
noise variance: 865.5192260742188
original u-statistic:0.28362512588500977
p value proxy: 0.22885571420192719
result: False
power_upto_now: 0.32163742184638977
172th run
noise dimension : 27
noise variance: 863.592041015625
original u-statistic:-0.4248018264770508
p value proxy: 0.8109452724456787
result: False
power_upto_now: 0.31976744532585144
173th run
noise dimension : 27
noise variance: 862.5995483398438
original u-statistic:-0.3462090492248535
p value proxy: 0.8009949922561646
result: False
power_upto_now: 0.3179190754890442
174th run
noise dimension : 27
noise variance: 862.1255493164062
original u-statistic:0.00897979736328125
p value proxy: 0.42288556694984436
result: False
power_upto_now: 0.31609195470809937
175th run
noise dimension : 27
noise variance: 865.3231201171875
original u-statistic:0.041301727294921875
p value proxy: 0.4079601764678955
result: False
power_upto_now: 0.3142857253551483
176th run
noise dimension : 27
noise variance: 864.3864135742188
original u-statistic:-0.30843639373779297
p value proxy: 0.7363184094429016
result: False
power_upto_now: 0.3125
177th run
noise dimension : 27
noise variance: 862.9230346679688
original u-statistic:1.0252685546875
p value proxy: 0.014925372786819935
result: True
power_upto_now: 0.3163841664791107
178th run
noise dimension : 27
noise variance: 863.2839965820312
original u-statistic:0.4017469882965088
p value proxy: 0.1890547275543213
result: False
power_upto_now: 0.31460675597190857
179th run
noise dimension : 27
noise variance: 864.9494018554688
original u-statistic:0.3602731227874756
p value proxy: 0.17910447716712952
result: False
power_upto_now: 0.31284916400909424
180th run
noise dimension : 27
noise variance: 862.9710693359375
original u-statistic:0.47630858421325684
p value proxy: 0.1442786008119583
result: False
power_upto_now: 0.31111112236976624
181th run
noise dimension : 27
noise variance: 863.5805053710938
original u-statistic:0.2841181755065918
p value proxy: 0.23880596458911896
result: False
power_upto_now: 0.3093922734260559
182th run
noise dimension : 27
noise variance: 862.6477661132812
original u-statistic:0.6137995719909668
p value proxy: 0.11940298229455948
result: False
power_upto_now: 0.3076923191547394
183th run
noise dimension : 27
noise variance: 862.96923828125
original u-statistic:0.8190627098083496
p value proxy: 0.04477611929178238
result: True
power_upto_now: 0.31147539615631104
184th run
noise dimension : 27
noise variance: 866.4456787109375
original u-statistic:0.10248255729675293
p value proxy: 0.38805970549583435
result: False
power_upto_now: 0.30978259444236755
185th run
noise dimension : 27
noise variance: 864.5365600585938
original u-statistic:-0.41728973388671875
p value proxy: 0.8507462739944458
result: False
power_upto_now: 0.3081081211566925
186th run
noise dimension : 27
noise variance: 865.4227294921875
original u-statistic:0.19914960861206055
p value proxy: 0.28358209133148193
result: False
power_upto_now: 0.30645161867141724
187th run
noise dimension : 27
noise variance: 863.66552734375
original u-statistic:0.545790433883667
p value proxy: 0.10447760671377182
result: False
power_upto_now: 0.30481284856796265
188th run
noise dimension : 27
noise variance: 865.2059326171875
original u-statistic:0.2073991298675537
p value proxy: 0.2935323417186737
result: False
power_upto_now: 0.30319148302078247
189th run
noise dimension : 27
noise variance: 862.72607421875
original u-statistic:1.6042213439941406
p value proxy: 0.004975124262273312
result: True
power_upto_now: 0.30687829852104187
190th run
noise dimension : 27
noise variance: 862.0849609375
original u-statistic:0.29137134552001953
p value proxy: 0.22885571420192719
result: False
power_upto_now: 0.3052631616592407
191th run
noise dimension : 27
noise variance: 863.877685546875
original u-statistic:0.5261557102203369
p value proxy: 0.1840796023607254
result: False
power_upto_now: 0.3036649227142334
192th run
noise dimension : 27
noise variance: 862.9431762695312
original u-statistic:0.3232240676879883
p value proxy: 0.2238805890083313
result: False
power_upto_now: 0.3020833432674408
193th run
noise dimension : 27
noise variance: 864.36328125
original u-statistic:1.4724812507629395
p value proxy: 0.004975124262273312
result: True
power_upto_now: 0.3056994676589966
194th run
noise dimension : 27
noise variance: 864.20849609375
original u-statistic:0.5401618480682373
p value proxy: 0.08457711338996887
result: False
power_upto_now: 0.3041236996650696
195th run
noise dimension : 27
noise variance: 865.2625122070312
original u-statistic:-0.2874598503112793
p value proxy: 0.7213929891586304
result: False
power_upto_now: 0.3025641143321991
196th run
noise dimension : 27
noise variance: 863.0962524414062
original u-statistic:0.36041927337646484
p value proxy: 0.1492537260055542
result: False
power_upto_now: 0.30102041363716125
197th run
noise dimension : 27
noise variance: 863.529296875
original u-statistic:0.26506567001342773
p value proxy: 0.2238805890083313
result: False
power_upto_now: 0.29949238896369934
198th run
noise dimension : 27
noise variance: 864.32177734375
original u-statistic:-0.10014915466308594
p value proxy: 0.5422885417938232
result: False
power_upto_now: 0.29797980189323425
199th run
noise dimension : 27
noise variance: 859.4483032226562
original u-statistic:1.5441381931304932
p value proxy: 0.004975124262273312
result: True
power_upto_now: 0.30150753259658813
200th run
noise dimension : 27
noise variance: 864.8273315429688
original u-statistic:1.0882399082183838
p value proxy: 0.014925372786819935
result: True
power_upto_now: 0.3050000071525574
201th run
noise dimension : 27
noise variance: 865.0145874023438
original u-statistic:0.4663059711456299
p value proxy: 0.11940298229455948
result: False
power_upto_now: 0.3034825921058655
202th run
noise dimension : 27
noise variance: 864.2554931640625
original u-statistic:-0.23493623733520508
p value proxy: 0.6915422677993774
result: False
power_upto_now: 0.301980197429657
203th run
noise dimension : 27
noise variance: 863.7044677734375
original u-statistic:0.35877370834350586
p value proxy: 0.16417910158634186
result: False
power_upto_now: 0.30049261450767517
204th run
noise dimension : 27
noise variance: 863.5346069335938
original u-statistic:0.1990969181060791
p value proxy: 0.2885572016239166
result: False
power_upto_now: 0.29901960492134094
205th run
noise dimension : 27
noise variance: 863.4170532226562
original u-statistic:0.47656869888305664
p value proxy: 0.12935322523117065
result: False
power_upto_now: 0.29756098985671997
206th run
noise dimension : 27
noise variance: 865.58740234375
original u-statistic:0.8539533615112305
p value proxy: 0.03980099409818649
result: True
power_upto_now: 0.3009708821773529
207th run
noise dimension : 27
noise variance: 864.2288208007812
original u-statistic:-0.1470963954925537
p value proxy: 0.5422885417938232
result: False
power_upto_now: 0.2995169162750244
208th run
noise dimension : 27
noise variance: 864.1641845703125
original u-statistic:0.2663588523864746
p value proxy: 0.2686567008495331
result: False
power_upto_now: 0.29807692766189575
209th run
noise dimension : 27
noise variance: 864.0829467773438
original u-statistic:0.4985480308532715
p value proxy: 0.12437810748815536
result: False
power_upto_now: 0.2966507077217102
210th run
noise dimension : 27
noise variance: 863.5101318359375
original u-statistic:0.6144704818725586
p value proxy: 0.06467661261558533
result: False
power_upto_now: 0.29523810744285583
211th run
noise dimension : 27
noise variance: 862.60888671875
original u-statistic:2.3263227939605713
p value proxy: 0.004975124262273312
result: True
power_upto_now: 0.2985782027244568
212th run
noise dimension : 27
noise variance: 865.0789794921875
original u-statistic:0.3075709342956543
p value proxy: 0.24378108978271484
result: False
power_upto_now: 0.2971698045730591
213th run
noise dimension : 27
noise variance: 860.2723388671875
original u-statistic:0.751347541809082
p value proxy: 0.049751244485378265
result: True
power_upto_now: 0.3004694879055023
214th run
noise dimension : 27
noise variance: 866.4219360351562
original u-statistic:1.0798802375793457
p value proxy: 0.014925372786819935
result: True
power_upto_now: 0.3037383258342743
215th run
noise dimension : 27
noise variance: 860.7203369140625
original u-statistic:1.3341832160949707
p value proxy: 0.009950248524546623
result: True
power_upto_now: 0.3069767355918884
216th run
noise dimension : 27
noise variance: 863.3043823242188
original u-statistic:-0.08084845542907715
p value proxy: 0.5820895433425903
result: False
power_upto_now: 0.3055555522441864
217th run
noise dimension : 27
noise variance: 864.9537353515625
original u-statistic:0.14961671829223633
p value proxy: 0.3432835638523102
result: False
power_upto_now: 0.3041474521160126
218th run
noise dimension : 27
noise variance: 864.1380004882812
original u-statistic:0.35526013374328613
p value proxy: 0.22885571420192719
result: False
power_upto_now: 0.302752286195755
219th run
noise dimension : 27
noise variance: 862.16552734375
original u-statistic:1.2706012725830078
p value proxy: 0.009950248524546623
result: True
power_upto_now: 0.3059360682964325
220th run
noise dimension : 27
noise variance: 865.6098022460938
original u-statistic:0.3257744312286377
p value proxy: 0.2238805890083313
result: False
power_upto_now: 0.30454546213150024
221th run
noise dimension : 27
noise variance: 864.8126220703125
original u-statistic:0.7931876182556152
p value proxy: 0.04477611929178238
result: True
power_upto_now: 0.3076923191547394
222th run
noise dimension : 27
noise variance: 864.2721557617188
original u-statistic:0.8636643886566162
p value proxy: 0.03980099409818649
result: True
power_upto_now: 0.31081080436706543
223th run
noise dimension : 27
noise variance: 861.3165893554688
original u-statistic:0.41210246086120605
p value proxy: 0.1840796023607254
result: False
power_upto_now: 0.3094170391559601
224th run
noise dimension : 27
noise variance: 864.5272216796875
original u-statistic:0.08243131637573242
p value proxy: 0.39303481578826904
result: False
power_upto_now: 0.3080357015132904
225th run
noise dimension : 27
noise variance: 860.6072387695312
original u-statistic:0.8228116035461426
p value proxy: 0.024875622242689133
result: True
power_upto_now: 0.31111112236976624
226th run
noise dimension : 27
noise variance: 863.58349609375
original u-statistic:-0.10182785987854004
p value proxy: 0.5820895433425903
result: False
power_upto_now: 0.3097345232963562
227th run
noise dimension : 27
noise variance: 863.0809936523438
original u-statistic:0.23243498802185059
p value proxy: 0.2885572016239166
result: False
power_upto_now: 0.30837005376815796
228th run
noise dimension : 27
noise variance: 865.2472534179688
original u-statistic:2.4710853099823
p value proxy: 0.004975124262273312
result: True
power_upto_now: 0.3114035129547119
229th run
noise dimension : 27
noise variance: 866.6179809570312
original u-statistic:0.7512009143829346
p value proxy: 0.019900497049093246
result: True
power_upto_now: 0.3144104778766632
230th run
noise dimension : 27
noise variance: 863.568115234375
original u-statistic:0.7533633708953857
p value proxy: 0.03980099409818649
result: True
power_upto_now: 0.3173913061618805
231th run
noise dimension : 27
noise variance: 862.7792358398438
original u-statistic:0.7803444862365723
p value proxy: 0.04477611929178238
result: True
power_upto_now: 0.32034632563591003
232th run
noise dimension : 27
noise variance: 862.6675415039062
original u-statistic:0.6468038558959961
p value proxy: 0.049751244485378265
result: True
power_upto_now: 0.3232758641242981
233th run
noise dimension : 27
noise variance: 864.5997924804688
original u-statistic:0.4556100368499756
p value proxy: 0.11442785710096359
result: False
power_upto_now: 0.32188841700553894
234th run
noise dimension : 27
noise variance: 862.853759765625
original u-statistic:0.6848907470703125
p value proxy: 0.09452736377716064
result: False
power_upto_now: 0.3205128312110901
235th run
noise dimension : 27
noise variance: 863.6923828125
original u-statistic:0.41135311126708984
p value proxy: 0.10447760671377182
result: False
power_upto_now: 0.3191489279270172
236th run
noise dimension : 27
noise variance: 864.828369140625
original u-statistic:0.5958926677703857
p value proxy: 0.1094527319073677
result: False
power_upto_now: 0.31779661774635315
237th run
noise dimension : 27
noise variance: 862.9425659179688
original u-statistic:0.04578113555908203
p value proxy: 0.3980099558830261
result: False
power_upto_now: 0.3164556920528412
238th run
noise dimension : 27
noise variance: 866.7574462890625
original u-statistic:0.08485889434814453
p value proxy: 0.38805970549583435
result: False
power_upto_now: 0.31512606143951416
239th run
noise dimension : 27
noise variance: 861.3765869140625
original u-statistic:0.3153507709503174
p value proxy: 0.20398008823394775
result: False
power_upto_now: 0.31380751729011536
240th run
noise dimension : 27
noise variance: 864.988037109375
original u-statistic:2.0065724849700928
p value proxy: 0.004975124262273312
result: True
power_upto_now: 0.3166666626930237
241th run
noise dimension : 27
noise variance: 861.4508056640625
original u-statistic:-0.13268423080444336
p value proxy: 0.6019900441169739
result: False
power_upto_now: 0.3153527081012726
242th run
noise dimension : 27
noise variance: 863.9617919921875
original u-statistic:1.986639142036438
p value proxy: 0.004975124262273312
result: True
power_upto_now: 0.3181818127632141
243th run
noise dimension : 27
noise variance: 864.4456787109375
original u-statistic:1.0583922863006592
p value proxy: 0.019900497049093246
result: True
power_upto_now: 0.32098764181137085
244th run
noise dimension : 27
noise variance: 860.9609985351562
original u-statistic:-0.24309802055358887
p value proxy: 0.6915422677993774
result: False
power_upto_now: 0.3196721374988556
245th run
noise dimension : 27
noise variance: 865.2416381835938
original u-statistic:0.2743823528289795
p value proxy: 0.23383083939552307
result: False
power_upto_now: 0.3183673322200775
246th run
noise dimension : 27
noise variance: 864.7189331054688
original u-statistic:0.3738229274749756
p value proxy: 0.15422885119915009
result: False
power_upto_now: 0.31707316637039185
247th run
noise dimension : 27
noise variance: 861.3443603515625
original u-statistic:0.0961616039276123
p value proxy: 0.4129353165626526
result: False
power_upto_now: 0.31578946113586426
248th run
noise dimension : 27
noise variance: 866.7631225585938
original u-statistic:0.7316136360168457
p value proxy: 0.0746268630027771
result: False
power_upto_now: 0.3145161271095276
249th run
noise dimension : 27
noise variance: 861.6302490234375
original u-statistic:0.7786099910736084
p value proxy: 0.06467661261558533
result: False
power_upto_now: 0.3132530152797699
250th run
noise dimension : 27
noise variance: 864.2255859375
original u-statistic:-0.1406846046447754
p value proxy: 0.5920397639274597
result: False
power_upto_now: 0.31200000643730164
251th run
noise dimension : 27
noise variance: 866.0487060546875
original u-statistic:0.6258399486541748
p value proxy: 0.10447760671377182
result: False
power_upto_now: 0.31075698137283325
252th run
noise dimension : 27
noise variance: 862.9888305664062
original u-statistic:0.27582454681396484
p value proxy: 0.2636815905570984
result: False
power_upto_now: 0.3095238208770752
253th run
noise dimension : 27
noise variance: 866.1431274414062
original u-statistic:0.29928112030029297
p value proxy: 0.2238805890083313
result: False
power_upto_now: 0.3083004057407379
254th run
noise dimension : 27
noise variance: 862.9288940429688
original u-statistic:-0.6492185592651367
p value proxy: 0.9203979969024658
result: False
power_upto_now: 0.30708661675453186
255th run
noise dimension : 27
noise variance: 864.8666381835938
original u-statistic:0.25689005851745605
p value proxy: 0.2636815905570984
result: False
power_upto_now: 0.30588236451148987
256th run
noise dimension : 27
noise variance: 866.6370849609375
original u-statistic:0.1874251365661621
p value proxy: 0.2985074520111084
result: False
power_upto_now: 0.3046875
257th run
noise dimension : 27
noise variance: 865.888427734375
original u-statistic:0.6918599605560303
p value proxy: 0.05970149114727974
result: False
power_upto_now: 0.3035019338130951
258th run
noise dimension : 27
noise variance: 861.6712646484375
original u-statistic:0.18762469291687012
p value proxy: 0.31840795278549194
result: False
power_upto_now: 0.302325576543808
259th run
noise dimension : 27
noise variance: 860.6143188476562
original u-statistic:0.7797884941101074
p value proxy: 0.02985074557363987
result: True
power_upto_now: 0.3050193190574646
260th run
noise dimension : 27
noise variance: 864.385498046875
original u-statistic:2.0375864505767822
p value proxy: 0.004975124262273312
result: True
power_upto_now: 0.3076923191547394
261th run
noise dimension : 27
noise variance: 863.490478515625
original u-statistic:1.0414907932281494
p value proxy: 0.019900497049093246
result: True
power_upto_now: 0.3103448152542114
262th run
noise dimension : 27
noise variance: 863.3383178710938
original u-statistic:0.16042637825012207
p value proxy: 0.3034825921058655
result: False
power_upto_now: 0.3091602921485901
263th run
noise dimension : 27
noise variance: 864.5274658203125
original u-statistic:0.314319372177124
p value proxy: 0.2537313401699066
result: False
power_upto_now: 0.3079847991466522
264th run
noise dimension : 27
noise variance: 864.928955078125
original u-statistic:0.4378221035003662
p value proxy: 0.15422885119915009
result: False
power_upto_now: 0.3068181872367859
265th run
noise dimension : 27
noise variance: 865.8136596679688
original u-statistic:-0.0789940357208252
p value proxy: 0.5522388219833374
result: False
power_upto_now: 0.3056603670120239
266th run
noise dimension : 27
noise variance: 863.9332275390625
original u-statistic:0.4571659564971924
p value proxy: 0.13930347561836243
result: False
power_upto_now: 0.30451127886772156
267th run
noise dimension : 27
noise variance: 863.51025390625
original u-statistic:1.193047046661377
p value proxy: 0.019900497049093246
result: True
power_upto_now: 0.3071160912513733
268th run
noise dimension : 27
noise variance: 864.99951171875
original u-statistic:0.5037333965301514
p value proxy: 0.1492537260055542
result: False
power_upto_now: 0.305970162153244
269th run
noise dimension : 27
noise variance: 863.7265014648438
original u-statistic:1.145719289779663
p value proxy: 0.004975124262273312
result: True
power_upto_now: 0.3085501790046692
270th run
noise dimension : 27
noise variance: 866.7421264648438
original u-statistic:0.43001818656921387
p value proxy: 0.13930347561836243
result: False
power_upto_now: 0.307407408952713
271th run
noise dimension : 27
noise variance: 865.2510375976562
original u-statistic:0.7940385341644287
p value proxy: 0.06965173780918121
result: False
power_upto_now: 0.30627307295799255
272th run
noise dimension : 27
noise variance: 862.1741333007812
original u-statistic:-0.04050421714782715
p value proxy: 0.4925372898578644
result: False
power_upto_now: 0.30514705181121826
273th run
noise dimension : 27
noise variance: 858.7547607421875
original u-statistic:0.6400492191314697
p value proxy: 0.05970149114727974
result: False
power_upto_now: 0.30402931571006775
274th run
noise dimension : 27
noise variance: 865.5720825195312
original u-statistic:0.19543933868408203
p value proxy: 0.2935323417186737
result: False
power_upto_now: 0.3029197156429291
275th run
noise dimension : 27
noise variance: 862.761962890625
original u-statistic:0.23550891876220703
p value proxy: 0.24378108978271484
result: False
power_upto_now: 0.30181819200515747
276th run
noise dimension : 27
noise variance: 863.635986328125
original u-statistic:0.4714665412902832
p value proxy: 0.13930347561836243
result: False
power_upto_now: 0.3007246255874634
277th run
noise dimension : 27
noise variance: 862.3585205078125
original u-statistic:1.095346450805664
p value proxy: 0.014925372786819935
result: True
power_upto_now: 0.3032490909099579
278th run
noise dimension : 27
noise variance: 863.843505859375
original u-statistic:0.7223696708679199
p value proxy: 0.06965173780918121
result: False
power_upto_now: 0.30215826630592346
279th run
noise dimension : 27
noise variance: 862.1185913085938
original u-statistic:0.14305782318115234
p value proxy: 0.2985074520111084
result: False
power_upto_now: 0.301075279712677
280th run
noise dimension : 27
noise variance: 863.3906860351562
original u-statistic:0.28276920318603516
p value proxy: 0.20398008823394775
result: False
power_upto_now: 0.30000001192092896
281th run
noise dimension : 27
noise variance: 861.7598876953125
original u-statistic:0.5808703899383545
p value proxy: 0.0746268630027771
result: False
power_upto_now: 0.29893237352371216
282th run
noise dimension : 27
noise variance: 863.1025390625
original u-statistic:-0.22396373748779297
p value proxy: 0.6218905448913574
result: False
power_upto_now: 0.2978723347187042
283th run
noise dimension : 27
noise variance: 864.0096435546875
original u-statistic:-0.009797096252441406
p value proxy: 0.5373134016990662
result: False
power_upto_now: 0.2968197762966156
284th run
noise dimension : 27
noise variance: 865.1141357421875
original u-statistic:0.49289941787719727
p value proxy: 0.15422885119915009
result: False
power_upto_now: 0.2957746386528015
285th run
noise dimension : 27
noise variance: 864.93798828125
original u-statistic:0.52370285987854
p value proxy: 0.13432835042476654
result: False
power_upto_now: 0.2947368323802948
286th run
noise dimension : 27
noise variance: 867.1170043945312
original u-statistic:0.6725625991821289
p value proxy: 0.05970149114727974
result: False
power_upto_now: 0.2937062978744507
287th run
noise dimension : 27
noise variance: 863.7149047851562
original u-statistic:1.9451100826263428
p value proxy: 0.004975124262273312
result: True
power_upto_now: 0.296167254447937
288th run
noise dimension : 27
noise variance: 863.4544677734375
original u-statistic:0.5920686721801758
p value proxy: 0.1094527319073677
result: False
power_upto_now: 0.2951388955116272
289th run
noise dimension : 27
noise variance: 863.087158203125
original u-statistic:0.8108131885528564
p value proxy: 0.03482586890459061
result: True
power_upto_now: 0.2975778579711914
290th run
noise dimension : 27
noise variance: 866.447021484375
original u-statistic:0.831209659576416
p value proxy: 0.03980099409818649
result: True
power_upto_now: 0.30000001192092896
291th run
noise dimension : 27
noise variance: 863.6296997070312
original u-statistic:1.293067216873169
p value proxy: 0.004975124262273312
result: True
power_upto_now: 0.3024055063724518
292th run
noise dimension : 27
noise variance: 866.7868041992188
original u-statistic:1.1338155269622803
p value proxy: 0.009950248524546623
result: True
power_upto_now: 0.3047945201396942
293th run
noise dimension : 27
noise variance: 864.1936645507812
original u-statistic:1.3985695838928223
p value proxy: 0.009950248524546623
result: True
power_upto_now: 0.3071672320365906
294th run
noise dimension : 27
noise variance: 860.6312255859375
original u-statistic:1.2464861869812012
p value proxy: 0.009950248524546623
result: True
power_upto_now: 0.3095238208770752
295th run
noise dimension : 27
noise variance: 865.7642211914062
original u-statistic:1.9873919486999512
p value proxy: 0.004975124262273312
result: True
power_upto_now: 0.3118644058704376
296th run
noise dimension : 27
noise variance: 864.439697265625
original u-statistic:0.8363227844238281
p value proxy: 0.03980099409818649
result: True
power_upto_now: 0.31418919563293457
297th run
noise dimension : 27
noise variance: 864.961669921875
original u-statistic:1.7103469371795654
p value proxy: 0.004975124262273312
result: True
power_upto_now: 0.3164983093738556
298th run
noise dimension : 27
noise variance: 864.0531005859375
original u-statistic:0.09799003601074219
p value proxy: 0.42288556694984436
result: False
power_upto_now: 0.3154362440109253
299th run
noise dimension : 27
noise variance: 863.9992065429688
original u-statistic:0.29316234588623047
p value proxy: 0.21393033862113953
result: False
power_upto_now: 0.31438127160072327
300th run
noise dimension : 27
noise variance: 862.8668823242188
original u-statistic:-0.011739969253540039
p value proxy: 0.46268656849861145
result: False
power_upto_now: 0.31333333253860474
power estimate : 0.31333333253860474
elapsed time: 6000.820624113083
