job started
cuda available: True
code run on device:: cuda:0
1th run
noise dimension : 729
noise variance: 23327.712890625
original u-statistic:143.9016571044922
p value proxy: 0.004975124262273312
result: True
power_upto_now: 1.0
2th run
noise dimension : 729
noise variance: 23325.048828125
original u-statistic:133.0905303955078
p value proxy: 0.004975124262273312
result: True
power_upto_now: 1.0
3th run
noise dimension : 729
noise variance: 23333.0625
original u-statistic:130.91766357421875
p value proxy: 0.004975124262273312
result: True
power_upto_now: 1.0
4th run
noise dimension : 729
noise variance: 23336.75390625
original u-statistic:169.8385009765625
p value proxy: 0.004975124262273312
result: True
power_upto_now: 1.0
5th run
noise dimension : 729
noise variance: 23332.154296875
original u-statistic:167.74436950683594
p value proxy: 0.004975124262273312
result: True
power_upto_now: 1.0
6th run
noise dimension : 729
noise variance: 23333.427734375
original u-statistic:165.06198120117188
p value proxy: 0.004975124262273312
result: True
power_upto_now: 1.0
7th run
noise dimension : 729
noise variance: 23326.4765625
original u-statistic:186.18289184570312
p value proxy: 0.004975124262273312
result: True
power_upto_now: 1.0
8th run
noise dimension : 729
noise variance: 23324.796875
original u-statistic:100.81270599365234
p value proxy: 0.004975124262273312
result: True
power_upto_now: 1.0
9th run
noise dimension : 729
noise variance: 23332.02734375
original u-statistic:235.0276641845703
p value proxy: 0.004975124262273312
result: True
power_upto_now: 1.0
10th run
noise dimension : 729
noise variance: 23322.443359375
original u-statistic:206.31178283691406
p value proxy: 0.004975124262273312
result: True
power_upto_now: 1.0
11th run
noise dimension : 729
noise variance: 23327.56640625
original u-statistic:168.95445251464844
p value proxy: 0.004975124262273312
result: True
power_upto_now: 1.0
12th run
noise dimension : 729
noise variance: 23330.767578125
original u-statistic:252.5833282470703
p value proxy: 0.004975124262273312
result: True
power_upto_now: 1.0
13th run
noise dimension : 729
noise variance: 23335.896484375
original u-statistic:214.20445251464844
p value proxy: 0.004975124262273312
result: True
power_upto_now: 1.0
14th run
noise dimension : 729
noise variance: 23335.779296875
original u-statistic:150.21652221679688
p value proxy: 0.004975124262273312
result: True
power_upto_now: 1.0
15th run
noise dimension : 729
noise variance: 23327.849609375
original u-statistic:174.2681884765625
p value proxy: 0.004975124262273312
result: True
power_upto_now: 1.0
16th run
noise dimension : 729
noise variance: 23330.6796875
original u-statistic:144.78671264648438
p value proxy: 0.004975124262273312
result: True
power_upto_now: 1.0
17th run
noise dimension : 729
noise variance: 23334.505859375
original u-statistic:245.33956909179688
