job started
cuda available: True
code run on device:: cuda:0
1th run
noise dimension : 729
noise variance: 23311.654296875
original u-statistic:183.38946533203125
p value proxy: 0.019900497049093246
result: True
power_upto_now: 1.0
2th run
noise dimension : 729
noise variance: 23323.25390625
original u-statistic:256.2270812988281
p value proxy: 0.004975124262273312
result: True
power_upto_now: 1.0
3th run
noise dimension : 729
noise variance: 23333.3515625
original u-statistic:304.5696716308594
p value proxy: 0.004975124262273312
result: True
power_upto_now: 1.0
4th run
noise dimension : 729
noise variance: 23323.525390625
original u-statistic:169.7877197265625
p value proxy: 0.019900497049093246
result: True
power_upto_now: 1.0
5th run
noise dimension : 729
noise variance: 23330.62890625
original u-statistic:212.3214111328125
p value proxy: 0.009950248524546623
result: True
power_upto_now: 1.0
6th run
noise dimension : 729
noise variance: 23334.29296875
original u-statistic:357.56982421875
p value proxy: 0.004975124262273312
result: True
power_upto_now: 1.0
7th run
noise dimension : 729
noise variance: 23328.55859375
original u-statistic:40.595428466796875
p value proxy: 0.3333333134651184
result: False
power_upto_now: 0.8571428656578064
8th run
noise dimension : 729
noise variance: 23318.13671875
original u-statistic:115.59873962402344
p value proxy: 0.12935322523117065
result: False
power_upto_now: 0.75
9th run
noise dimension : 729
noise variance: 23321.2890625
original u-statistic:199.8114471435547
p value proxy: 0.009950248524546623
result: True
power_upto_now: 0.7777777910232544
10th run
noise dimension : 729
noise variance: 23351.05859375
original u-statistic:222.58847045898438
p value proxy: 0.009950248524546623
result: True
power_upto_now: 0.800000011920929
11th run
noise dimension : 729
noise variance: 23314.892578125
original u-statistic:181.8817901611328
p value proxy: 0.03980099409818649
result: True
power_upto_now: 0.8181818127632141
12th run
noise dimension : 729
noise variance: 23324.765625
original u-statistic:252.73776245117188
p value proxy: 0.004975124262273312
result: True
power_upto_now: 0.8333333134651184
13th run
noise dimension : 729
noise variance: 23330.01953125
original u-statistic:173.4943084716797
p value proxy: 0.06965173780918121
result: False
power_upto_now: 0.7692307829856873
14th run
noise dimension : 729
noise variance: 23330.01953125
original u-statistic:89.54893493652344
p value proxy: 0.15920397639274597
result: False
power_upto_now: 0.7142857313156128
15th run
noise dimension : 729
noise variance: 23319.9140625
original u-statistic:84.08916473388672
p value proxy: 0.15422885119915009
result: False
power_upto_now: 0.6666666865348816
16th run
noise dimension : 729
noise variance: 23320.1171875
original u-statistic:177.95631408691406
p value proxy: 0.03980099409818649
result: True
power_upto_now: 0.6875
17th run
noise dimension : 729
noise variance: 23337.677734375
original u-statistic:210.9285430908203
p value proxy: 0.024875622242689133
result: True
power_upto_now: 0.7058823704719543
18th run
noise dimension : 729
noise variance: 23325.28515625
original u-statistic:125.1591796875
p value proxy: 0.05970149114727974
result: False
power_upto_now: 0.6666666865348816
19th run
noise dimension : 729
noise variance: 23324.67578125
original u-statistic:325.1507263183594
p value proxy: 0.004975124262273312
result: True
power_upto_now: 0.6842105388641357
20th run
noise dimension : 729
noise variance: 23347.662109375
original u-statistic:128.40115356445312
p value proxy: 0.05970149114727974
result: False
power_upto_now: 0.6499999761581421
21th run
noise dimension : 729
noise variance: 23321.15234375
original u-statistic:36.0038948059082
p value proxy: 0.32338306307792664
result: False
power_upto_now: 0.6190476417541504
22th run
noise dimension : 729
noise variance: 23324.6953125
original u-statistic:181.2792510986328
p value proxy: 0.02985074557363987
result: True
power_upto_now: 0.6363636255264282
23th run
noise dimension : 729
noise variance: 23333.57421875
original u-statistic:256.9788513183594
p value proxy: 0.004975124262273312
result: True
power_upto_now: 0.6521739363670349
24th run
noise dimension : 729
noise variance: 23314.009765625
original u-statistic:57.37834167480469
p value proxy: 0.28358209133148193
result: False
power_upto_now: 0.625
25th run
noise dimension : 729
noise variance: 23324.58203125
original u-statistic:120.53301239013672
p value proxy: 0.09950248897075653
result: False
power_upto_now: 0.6000000238418579
26th run
noise dimension : 729
noise variance: 23321.48828125
original u-statistic:315.68084716796875
p value proxy: 0.004975124262273312
result: True
power_upto_now: 0.6153846383094788
27th run
noise dimension : 729
noise variance: 23337.87890625
original u-statistic:186.18814086914062
p value proxy: 0.019900497049093246
result: True
power_upto_now: 0.6296296119689941
28th run
noise dimension : 729
noise variance: 23335.7265625
original u-statistic:253.21627807617188
p value proxy: 0.009950248524546623
result: True
power_upto_now: 0.6428571343421936
29th run
noise dimension : 729
noise variance: 23327.384765625
original u-statistic:367.9443359375
p value proxy: 0.004975124262273312
result: True
power_upto_now: 0.6551724076271057
30th run
noise dimension : 729
noise variance: 23311.759765625
original u-statistic:483.01171875
p value proxy: 0.004975124262273312
result: True
power_upto_now: 0.6666666865348816
31th run
noise dimension : 729
noise variance: 23331.544921875
original u-statistic:185.5742950439453
p value proxy: 0.03980099409818649
result: True
power_upto_now: 0.6774193644523621
32th run
noise dimension : 729
noise variance: 23323.064453125
original u-statistic:138.08485412597656
p value proxy: 0.05970149114727974
result: False
power_upto_now: 0.65625
33th run
noise dimension : 729
noise variance: 23333.87890625
original u-statistic:166.71307373046875
p value proxy: 0.04477611929178238
result: True
power_upto_now: 0.6666666865348816
34th run
noise dimension : 729
noise variance: 23326.267578125
original u-statistic:329.6050720214844
p value proxy: 0.004975124262273312
result: True
power_upto_now: 0.6764705777168274
35th run
noise dimension : 729
noise variance: 23336.44140625
original u-statistic:198.47796630859375
p value proxy: 0.014925372786819935
result: True
power_upto_now: 0.6857143044471741
36th run
noise dimension : 729
noise variance: 23319.125
original u-statistic:267.9866943359375
p value proxy: 0.004975124262273312
result: True
power_upto_now: 0.6944444179534912
37th run
noise dimension : 729
noise variance: 23326.640625
original u-statistic:192.696533203125
p value proxy: 0.03482586890459061
result: True
power_upto_now: 0.7027027010917664
38th run
noise dimension : 729
noise variance: 23347.080078125
original u-statistic:225.47845458984375
p value proxy: 0.009950248524546623
result: True
power_upto_now: 0.7105262875556946
39th run
noise dimension : 729
noise variance: 23310.646484375
original u-statistic:204.32937622070312
p value proxy: 0.03482586890459061
result: True
power_upto_now: 0.7179487347602844
40th run
noise dimension : 729
noise variance: 23331.298828125
original u-statistic:69.86309814453125
p value proxy: 0.23880596458911896
result: False
power_upto_now: 0.699999988079071
41th run
noise dimension : 729
noise variance: 23330.390625
original u-statistic:148.85768127441406
p value proxy: 0.05472636595368385
result: False
power_upto_now: 0.6829268336296082
42th run
noise dimension : 729
noise variance: 23320.61328125
original u-statistic:348.18060302734375
p value proxy: 0.004975124262273312
result: True
power_upto_now: 0.6904761791229248
43th run
noise dimension : 729
noise variance: 23331.455078125
original u-statistic:183.1627655029297
p value proxy: 0.03482586890459061
result: True
power_upto_now: 0.6976743936538696
44th run
noise dimension : 729
noise variance: 23329.92578125
original u-statistic:94.56767272949219
p value proxy: 0.11940298229455948
result: False
power_upto_now: 0.6818181872367859
45th run
noise dimension : 729
noise variance: 23321.736328125
original u-statistic:46.490379333496094
p value proxy: 0.2985074520111084
result: False
power_upto_now: 0.6666666865348816
46th run
noise dimension : 729
noise variance: 23321.03515625
original u-statistic:329.4168395996094
p value proxy: 0.004975124262273312
result: True
power_upto_now: 0.6739130616188049
47th run
noise dimension : 729
noise variance: 23332.09765625
original u-statistic:109.15453338623047
p value proxy: 0.0746268630027771
result: False
power_upto_now: 0.6595744490623474
48th run
noise dimension : 729
noise variance: 23322.85546875
original u-statistic:424.3782043457031
p value proxy: 0.004975124262273312
result: True
power_upto_now: 0.6666666865348816
49th run
noise dimension : 729
noise variance: 23340.642578125
original u-statistic:78.620361328125
p value proxy: 0.2189054638147354
result: False
power_upto_now: 0.6530612111091614
50th run
noise dimension : 729
noise variance: 23341.2265625
original u-statistic:239.1792755126953
p value proxy: 0.014925372786819935
result: True
power_upto_now: 0.6600000262260437
51th run
noise dimension : 729
noise variance: 23331.8515625
original u-statistic:140.00608825683594
p value proxy: 0.06467661261558533
result: False
power_upto_now: 0.6470588445663452
52th run
noise dimension : 729
noise variance: 23333.341796875
original u-statistic:207.40335083007812
p value proxy: 0.014925372786819935
result: True
power_upto_now: 0.6538461446762085
53th run
noise dimension : 729
noise variance: 23334.5625
original u-statistic:54.99482727050781
p value proxy: 0.2686567008495331
result: False
power_upto_now: 0.6415094137191772
54th run
noise dimension : 729
noise variance: 23322.166015625
original u-statistic:158.49102783203125
p value proxy: 0.02985074557363987
result: True
power_upto_now: 0.6481481194496155
55th run
noise dimension : 729
noise variance: 23339.107421875
original u-statistic:420.97174072265625
p value proxy: 0.004975124262273312
result: True
power_upto_now: 0.6545454263687134
56th run
noise dimension : 729
noise variance: 23334.677734375
original u-statistic:263.8677062988281
p value proxy: 0.004975124262273312
result: True
power_upto_now: 0.6607142686843872
57th run
noise dimension : 729
noise variance: 23317.73046875
original u-statistic:62.391029357910156
p value proxy: 0.22885571420192719
result: False
power_upto_now: 0.6491228342056274
58th run
noise dimension : 729
noise variance: 23342.01953125
original u-statistic:165.67457580566406
p value proxy: 0.049751244485378265
result: True
power_upto_now: 0.6551724076271057
59th run
noise dimension : 729
noise variance: 23315.1015625
original u-statistic:86.77792358398438
p value proxy: 0.17910447716712952
result: False
power_upto_now: 0.6440678238868713
60th run
noise dimension : 729
noise variance: 23329.99609375
original u-statistic:122.3773422241211
p value proxy: 0.10447760671377182
result: False
power_upto_now: 0.6333333253860474
61th run
noise dimension : 729
noise variance: 23345.443359375
original u-statistic:172.35015869140625
p value proxy: 0.0746268630027771
result: False
power_upto_now: 0.6229507923126221
62th run
noise dimension : 729
noise variance: 23305.326171875
original u-statistic:149.0483856201172
p value proxy: 0.03980099409818649
result: True
power_upto_now: 0.6290322542190552
63th run
noise dimension : 729
noise variance: 23326.8515625
original u-statistic:288.9482727050781
p value proxy: 0.004975124262273312
result: True
power_upto_now: 0.6349206566810608
64th run
noise dimension : 729
noise variance: 23336.029296875
original u-statistic:302.52435302734375
p value proxy: 0.004975124262273312
result: True
power_upto_now: 0.640625
65th run
noise dimension : 729
noise variance: 23327.01171875
original u-statistic:275.9782409667969
p value proxy: 0.004975124262273312
result: True
power_upto_now: 0.6461538672447205
66th run
noise dimension : 729
noise variance: 23326.431640625
original u-statistic:219.448974609375
p value proxy: 0.019900497049093246
result: True
power_upto_now: 0.6515151262283325
67th run
noise dimension : 729
noise variance: 23339.259765625
original u-statistic:121.79134368896484
p value proxy: 0.06965173780918121
result: False
power_upto_now: 0.641791045665741
68th run
noise dimension : 729
noise variance: 23336.90625
original u-statistic:207.11654663085938
p value proxy: 0.024875622242689133
result: True
power_upto_now: 0.6470588445663452
69th run
noise dimension : 729
noise variance: 23328.5859375
original u-statistic:217.1336212158203
p value proxy: 0.014925372786819935
result: True
power_upto_now: 0.6521739363670349
70th run
noise dimension : 729
noise variance: 23324.751953125
original u-statistic:349.56591796875
p value proxy: 0.004975124262273312
result: True
power_upto_now: 0.6571428775787354
71th run
noise dimension : 729
noise variance: 23317.455078125
original u-statistic:110.59947967529297
p value proxy: 0.12935322523117065
result: False
power_upto_now: 0.6478873491287231
72th run
noise dimension : 729
noise variance: 23335.75
original u-statistic:161.83128356933594
p value proxy: 0.03980099409818649
result: True
power_upto_now: 0.6527777910232544
73th run
noise dimension : 729
noise variance: 23322.857421875
original u-statistic:305.10888671875
p value proxy: 0.004975124262273312
result: True
power_upto_now: 0.6575342416763306
74th run
noise dimension : 729
noise variance: 23330.734375
original u-statistic:198.74697875976562
p value proxy: 0.009950248524546623
result: True
power_upto_now: 0.662162184715271
75th run
noise dimension : 729
noise variance: 23330.546875
original u-statistic:149.6134033203125
p value proxy: 0.049751244485378265
result: True
power_upto_now: 0.6666666865348816
76th run
noise dimension : 729
noise variance: 23336.9921875
original u-statistic:100.17008209228516
p value proxy: 0.1492537260055542
result: False
power_upto_now: 0.6578947305679321
77th run
noise dimension : 729
noise variance: 23331.943359375
original u-statistic:217.57421875
p value proxy: 0.004975124262273312
result: True
power_upto_now: 0.6623376607894897
78th run
noise dimension : 729
noise variance: 23318.595703125
original u-statistic:179.23361206054688
p value proxy: 0.024875622242689133
result: True
power_upto_now: 0.6666666865348816
79th run
noise dimension : 729
noise variance: 23337.33984375
original u-statistic:180.39251708984375
p value proxy: 0.02985074557363987
result: True
power_upto_now: 0.6708860993385315
80th run
noise dimension : 729
noise variance: 23324.609375
original u-statistic:194.07244873046875
p value proxy: 0.03980099409818649
result: True
power_upto_now: 0.675000011920929
81th run
noise dimension : 729
noise variance: 23318.75390625
original u-statistic:142.41954040527344
p value proxy: 0.08457711338996887
result: False
power_upto_now: 0.6666666865348816
82th run
noise dimension : 729
noise variance: 23319.466796875
original u-statistic:192.6099853515625
p value proxy: 0.02985074557363987
result: True
power_upto_now: 0.6707317233085632
83th run
noise dimension : 729
noise variance: 23303.78515625
original u-statistic:299.12359619140625
p value proxy: 0.004975124262273312
result: True
power_upto_now: 0.6746987700462341
84th run
noise dimension : 729
noise variance: 23326.765625
original u-statistic:159.1337890625
p value proxy: 0.03482586890459061
result: True
power_upto_now: 0.6785714030265808
85th run
noise dimension : 729
noise variance: 23320.837890625
original u-statistic:120.82568359375
p value proxy: 0.10447760671377182
result: False
power_upto_now: 0.6705882549285889
86th run
noise dimension : 729
noise variance: 23326.37890625
original u-statistic:224.16860961914062
p value proxy: 0.019900497049093246
result: True
power_upto_now: 0.6744186282157898
87th run
noise dimension : 729
noise variance: 23313.365234375
original u-statistic:234.32614135742188
p value proxy: 0.009950248524546623
result: True
power_upto_now: 0.6781609058380127
88th run
noise dimension : 729
noise variance: 23323.96484375
original u-statistic:443.87237548828125
p value proxy: 0.004975124262273312
result: True
power_upto_now: 0.6818181872367859
89th run
noise dimension : 729
noise variance: 23322.10546875
original u-statistic:331.3669128417969
p value proxy: 0.004975124262273312
result: True
power_upto_now: 0.6853932738304138
90th run
noise dimension : 729
noise variance: 23333.544921875
original u-statistic:278.2900390625
p value proxy: 0.004975124262273312
result: True
power_upto_now: 0.6888889074325562
91th run
noise dimension : 729
noise variance: 23342.69140625
original u-statistic:-20.7281494140625
p value proxy: 0.5373134016990662
result: False
power_upto_now: 0.6813187003135681
92th run
noise dimension : 729
noise variance: 23345.23046875
original u-statistic:95.96586608886719
p value proxy: 0.11442785710096359
result: False
power_upto_now: 0.6739130616188049
93th run
noise dimension : 729
noise variance: 23321.5234375
original u-statistic:348.14178466796875
p value proxy: 0.004975124262273312
result: True
power_upto_now: 0.6774193644523621
94th run
noise dimension : 729
noise variance: 23321.41015625
original u-statistic:128.13754272460938
p value proxy: 0.09452736377716064
result: False
power_upto_now: 0.6702127456665039
95th run
noise dimension : 729
noise variance: 23317.591796875
original u-statistic:90.98146057128906
p value proxy: 0.15422885119915009
result: False
power_upto_now: 0.6631578803062439
96th run
noise dimension : 729
noise variance: 23324.85546875
original u-statistic:118.73876953125
p value proxy: 0.08955223858356476
result: False
power_upto_now: 0.65625
97th run
noise dimension : 729
noise variance: 23332.515625
original u-statistic:155.62509155273438
p value proxy: 0.049751244485378265
result: True
power_upto_now: 0.6597937941551208
98th run
noise dimension : 729
noise variance: 23324.9375
original u-statistic:154.45054626464844
p value proxy: 0.04477611929178238
result: True
power_upto_now: 0.6632652878761292
99th run
noise dimension : 729
noise variance: 23320.14453125
original u-statistic:175.88552856445312
p value proxy: 0.04477611929178238
result: True
power_upto_now: 0.6666666865348816
100th run
noise dimension : 729
noise variance: 23320.34765625
original u-statistic:103.7059555053711
p value proxy: 0.11442785710096359
result: False
power_upto_now: 0.6600000262260437
101th run
noise dimension : 729
noise variance: 23338.470703125
original u-statistic:100.07528686523438
p value proxy: 0.10447760671377182
result: False
power_upto_now: 0.6534653306007385
102th run
noise dimension : 729
noise variance: 23335.177734375
original u-statistic:234.2142333984375
p value proxy: 0.009950248524546623
result: True
power_upto_now: 0.656862735748291
103th run
noise dimension : 729
noise variance: 23331.46484375
original u-statistic:71.66400909423828
p value proxy: 0.17412935197353363
result: False
power_upto_now: 0.6504854559898376
104th run
noise dimension : 729
noise variance: 23329.013671875
original u-statistic:126.78099822998047
p value proxy: 0.05970149114727974
result: False
power_upto_now: 0.6442307829856873
105th run
noise dimension : 729
noise variance: 23332.90625
original u-statistic:305.31097412109375
p value proxy: 0.004975124262273312
result: True
power_upto_now: 0.6476190686225891
106th run
noise dimension : 729
noise variance: 23322.390625
original u-statistic:244.91595458984375
p value proxy: 0.019900497049093246
result: True
power_upto_now: 0.650943398475647
107th run
noise dimension : 729
noise variance: 23317.66015625
original u-statistic:375.04736328125
p value proxy: 0.004975124262273312
result: True
power_upto_now: 0.6542056202888489
108th run
noise dimension : 729
noise variance: 23326.37890625
original u-statistic:-55.353858947753906
p value proxy: 0.7164179086685181
result: False
power_upto_now: 0.6481481194496155
109th run
noise dimension : 729
noise variance: 23330.263671875
original u-statistic:204.10804748535156
p value proxy: 0.024875622242689133
result: True
power_upto_now: 0.6513761281967163
110th run
noise dimension : 729
noise variance: 23348.087890625
original u-statistic:121.7877197265625
p value proxy: 0.08955223858356476
result: False
power_upto_now: 0.6454545259475708
111th run
noise dimension : 729
noise variance: 23330.53515625
original u-statistic:195.17782592773438
p value proxy: 0.019900497049093246
result: True
power_upto_now: 0.6486486196517944
112th run
noise dimension : 729
noise variance: 23335.5703125
original u-statistic:68.59587860107422
p value proxy: 0.21393033862113953
result: False
power_upto_now: 0.6428571343421936
113th run
noise dimension : 729
noise variance: 23315.26171875
original u-statistic:231.28289794921875
p value proxy: 0.009950248524546623
result: True
power_upto_now: 0.6460176706314087
114th run
noise dimension : 729
noise variance: 23339.375
original u-statistic:133.39637756347656
p value proxy: 0.07960198819637299
result: False
power_upto_now: 0.640350878238678
115th run
noise dimension : 729
noise variance: 23325.068359375
original u-statistic:132.99725341796875
p value proxy: 0.08457711338996887
result: False
power_upto_now: 0.634782612323761
116th run
noise dimension : 729
noise variance: 23347.64453125
original u-statistic:108.20655822753906
p value proxy: 0.12437810748815536
result: False
power_upto_now: 0.6293103694915771
117th run
noise dimension : 729
noise variance: 23337.3515625
original u-statistic:51.588592529296875
p value proxy: 0.28358209133148193
result: False
power_upto_now: 0.6239316463470459
118th run
noise dimension : 729
noise variance: 23318.607421875
original u-statistic:64.0121841430664
p value proxy: 0.20398008823394775
result: False
power_upto_now: 0.6186440587043762
119th run
noise dimension : 729
noise variance: 23327.287109375
original u-statistic:240.0953369140625
p value proxy: 0.004975124262273312
result: True
power_upto_now: 0.6218487620353699
120th run
noise dimension : 729
noise variance: 23322.6171875
original u-statistic:368.89593505859375
p value proxy: 0.004975124262273312
result: True
power_upto_now: 0.625
121th run
noise dimension : 729
noise variance: 23332.671875
original u-statistic:160.8082275390625
p value proxy: 0.04477611929178238
result: True
power_upto_now: 0.6280992031097412
122th run
noise dimension : 729
noise variance: 23325.966796875
original u-statistic:154.4723358154297
p value proxy: 0.06467661261558533
result: False
power_upto_now: 0.6229507923126221
123th run
noise dimension : 729
noise variance: 23335.39453125
original u-statistic:274.1402587890625
p value proxy: 0.009950248524546623
result: True
power_upto_now: 0.6260162591934204
124th run
noise dimension : 729
noise variance: 23339.4453125
original u-statistic:155.72128295898438
p value proxy: 0.05472636595368385
result: False
power_upto_now: 0.6209677457809448
125th run
noise dimension : 729
noise variance: 23320.94921875
original u-statistic:433.5696105957031
p value proxy: 0.004975124262273312
result: True
power_upto_now: 0.6240000128746033
126th run
noise dimension : 729
noise variance: 23332.40234375
original u-statistic:68.62849426269531
p value proxy: 0.16417910158634186
result: False
power_upto_now: 0.6190476417541504
127th run
noise dimension : 729
noise variance: 23324.814453125
original u-statistic:198.86248779296875
p value proxy: 0.02985074557363987
result: True
power_upto_now: 0.6220472455024719
128th run
noise dimension : 729
noise variance: 23330.673828125
original u-statistic:172.75527954101562
p value proxy: 0.03482586890459061
result: True
power_upto_now: 0.625
129th run
noise dimension : 729
noise variance: 23326.330078125
original u-statistic:230.86827087402344
p value proxy: 0.004975124262273312
result: True
power_upto_now: 0.6279069781303406
130th run
noise dimension : 729
noise variance: 23326.837890625
original u-statistic:284.9060974121094
p value proxy: 0.004975124262273312
result: True
power_upto_now: 0.6307692527770996
131th run
noise dimension : 729
noise variance: 23334.474609375
original u-statistic:253.85858154296875
p value proxy: 0.004975124262273312
result: True
power_upto_now: 0.6335877776145935
132th run
noise dimension : 729
noise variance: 23316.908203125
original u-statistic:139.77883911132812
p value proxy: 0.0746268630027771
result: False
power_upto_now: 0.6287878751754761
133th run
noise dimension : 729
noise variance: 23317.171875
original u-statistic:151.47308349609375
p value proxy: 0.02985074557363987
result: True
power_upto_now: 0.6315789222717285
134th run
noise dimension : 729
noise variance: 23315.93359375
original u-statistic:253.6505126953125
p value proxy: 0.004975124262273312
result: True
power_upto_now: 0.6343283653259277
135th run
noise dimension : 729
noise variance: 23325.84765625
original u-statistic:60.83745574951172
p value proxy: 0.24875621497631073
result: False
power_upto_now: 0.6296296119689941
136th run
noise dimension : 729
noise variance: 23324.87890625
original u-statistic:87.58171844482422
p value proxy: 0.15920397639274597
result: False
power_upto_now: 0.625
137th run
noise dimension : 729
noise variance: 23329.392578125
original u-statistic:268.3345642089844
p value proxy: 0.009950248524546623
result: True
power_upto_now: 0.6277372241020203
138th run
noise dimension : 729
noise variance: 23326.671875
original u-statistic:176.8908233642578
p value proxy: 0.019900497049093246
result: True
power_upto_now: 0.6304348111152649
139th run
noise dimension : 729
noise variance: 23317.685546875
original u-statistic:110.43284606933594
p value proxy: 0.11940298229455948
result: False
power_upto_now: 0.6258992552757263
140th run
noise dimension : 729
noise variance: 23324.4296875
original u-statistic:169.93673706054688
p value proxy: 0.02985074557363987
result: True
power_upto_now: 0.6285714507102966
141th run
noise dimension : 729
noise variance: 23335.73046875
original u-statistic:21.384231567382812
p value proxy: 0.4477611780166626
result: False
power_upto_now: 0.6241135001182556
142th run
noise dimension : 729
noise variance: 23321.4921875
original u-statistic:172.06275939941406
p value proxy: 0.03482586890459061
result: True
power_upto_now: 0.6267605423927307
143th run
noise dimension : 729
noise variance: 23338.919921875
original u-statistic:71.09907531738281
p value proxy: 0.16417910158634186
result: False
power_upto_now: 0.6223776340484619
144th run
noise dimension : 729
noise variance: 23309.34375
original u-statistic:267.57208251953125
p value proxy: 0.009950248524546623
result: True
power_upto_now: 0.625
145th run
noise dimension : 729
noise variance: 23333.96484375
original u-statistic:276.39654541015625
p value proxy: 0.004975124262273312
result: True
power_upto_now: 0.6275861859321594
146th run
noise dimension : 729
noise variance: 23329.265625
original u-statistic:199.32589721679688
p value proxy: 0.014925372786819935
result: True
power_upto_now: 0.6301369667053223
147th run
noise dimension : 729
noise variance: 23336.984375
original u-statistic:114.5533447265625
p value proxy: 0.1442786008119583
result: False
power_upto_now: 0.6258503198623657
148th run
noise dimension : 729
noise variance: 23321.32421875
original u-statistic:183.57493591308594
p value proxy: 0.049751244485378265
result: True
power_upto_now: 0.6283783912658691
149th run
noise dimension : 729
noise variance: 23327.701171875
original u-statistic:251.6395721435547
p value proxy: 0.004975124262273312
result: True
power_upto_now: 0.6308724880218506
150th run
noise dimension : 729
noise variance: 23315.380859375
original u-statistic:177.1859130859375
p value proxy: 0.03482586890459061
result: True
power_upto_now: 0.6333333253860474
151th run
noise dimension : 729
noise variance: 23323.447265625
original u-statistic:117.68980407714844
p value proxy: 0.13930347561836243
result: False
power_upto_now: 0.6291390657424927
152th run
noise dimension : 729
noise variance: 23329.361328125
original u-statistic:44.233802795410156
p value proxy: 0.32338306307792664
result: False
power_upto_now: 0.625
153th run
noise dimension : 729
noise variance: 23324.15625
original u-statistic:241.61647033691406
p value proxy: 0.004975124262273312
result: True
power_upto_now: 0.6274510025978088
154th run
noise dimension : 729
noise variance: 23324.416015625
original u-statistic:138.48240661621094
p value proxy: 0.07960198819637299
result: False
power_upto_now: 0.6233766078948975
155th run
noise dimension : 729
noise variance: 23326.466796875
original u-statistic:51.837623596191406
p value proxy: 0.3034825921058655
result: False
power_upto_now: 0.6193548440933228
156th run
noise dimension : 729
noise variance: 23331.150390625
original u-statistic:263.6188659667969
p value proxy: 0.004975124262273312
result: True
power_upto_now: 0.6217948794364929
157th run
noise dimension : 729
noise variance: 23312.890625
original u-statistic:230.90615844726562
p value proxy: 0.014925372786819935
result: True
power_upto_now: 0.6242038011550903
158th run
noise dimension : 729
noise variance: 23313.06640625
original u-statistic:147.93093872070312
p value proxy: 0.05970149114727974
result: False
power_upto_now: 0.6202531456947327
159th run
noise dimension : 729
noise variance: 23323.14453125
original u-statistic:275.8922119140625
p value proxy: 0.004975124262273312
result: True
power_upto_now: 0.6226415038108826
160th run
noise dimension : 729
noise variance: 23329.68359375
original u-statistic:198.021484375
p value proxy: 0.014925372786819935
result: True
power_upto_now: 0.625
161th run
noise dimension : 729
noise variance: 23319.517578125
original u-statistic:174.50694274902344
p value proxy: 0.024875622242689133
result: True
power_upto_now: 0.6273291707038879
162th run
noise dimension : 729
noise variance: 23336.1640625
original u-statistic:163.0570068359375
p value proxy: 0.03482586890459061
result: True
power_upto_now: 0.6296296119689941
163th run
noise dimension : 729
noise variance: 23332.783203125
original u-statistic:139.15869140625
p value proxy: 0.03482586890459061
result: True
power_upto_now: 0.6319018602371216
164th run
noise dimension : 729
noise variance: 23312.048828125
original u-statistic:232.39889526367188
p value proxy: 0.009950248524546623
result: True
power_upto_now: 0.6341463327407837
165th run
noise dimension : 729
noise variance: 23321.51953125
original u-statistic:222.0738525390625
p value proxy: 0.014925372786819935
result: True
power_upto_now: 0.6363636255264282
166th run
noise dimension : 729
noise variance: 23351.771484375
original u-statistic:239.4500274658203
p value proxy: 0.009950248524546623
result: True
power_upto_now: 0.6385542154312134
167th run
noise dimension : 729
noise variance: 23337.81640625
original u-statistic:129.2346954345703
p value proxy: 0.04477611929178238
result: True
power_upto_now: 0.6407185792922974
168th run
noise dimension : 729
noise variance: 23339.720703125
original u-statistic:206.08273315429688
p value proxy: 0.014925372786819935
result: True
power_upto_now: 0.6428571343421936
169th run
noise dimension : 729
noise variance: 23331.28515625
original u-statistic:138.78097534179688
p value proxy: 0.049751244485378265
result: True
power_upto_now: 0.6449704170227051
170th run
noise dimension : 729
noise variance: 23329.189453125
original u-statistic:358.549072265625
p value proxy: 0.004975124262273312
result: True
power_upto_now: 0.6470588445663452
171th run
noise dimension : 729
noise variance: 23322.388671875
original u-statistic:492.6307373046875
p value proxy: 0.004975124262273312
result: True
power_upto_now: 0.6491228342056274
172th run
noise dimension : 729
noise variance: 23329.08984375
original u-statistic:187.60452270507812
p value proxy: 0.019900497049093246
result: True
power_upto_now: 0.6511628031730652
173th run
noise dimension : 729
noise variance: 23323.853515625
original u-statistic:115.76301574707031
p value proxy: 0.12437810748815536
result: False
power_upto_now: 0.647398829460144
174th run
noise dimension : 729
noise variance: 23331.9140625
original u-statistic:92.29640197753906
p value proxy: 0.15422885119915009
result: False
power_upto_now: 0.6436781883239746
175th run
noise dimension : 729
noise variance: 23325.41796875
original u-statistic:216.73419189453125
p value proxy: 0.019900497049093246
result: True
power_upto_now: 0.645714282989502
176th run
noise dimension : 729
noise variance: 23317.21875
original u-statistic:209.58836364746094
p value proxy: 0.009950248524546623
result: True
power_upto_now: 0.6477272510528564
177th run
noise dimension : 729
noise variance: 23332.03125
original u-statistic:-31.332107543945312
p value proxy: 0.6218905448913574
result: False
power_upto_now: 0.6440678238868713
178th run
noise dimension : 729
noise variance: 23334.587890625
original u-statistic:191.274169921875
p value proxy: 0.03482586890459061
result: True
power_upto_now: 0.6460674405097961
179th run
noise dimension : 729
noise variance: 23319.51171875
original u-statistic:200.56951904296875
p value proxy: 0.009950248524546623
result: True
power_upto_now: 0.6480447053909302
180th run
noise dimension : 729
noise variance: 23320.009765625
original u-statistic:146.2355194091797
p value proxy: 0.049751244485378265
result: True
power_upto_now: 0.6499999761581421
181th run
noise dimension : 729
noise variance: 23321.8125
original u-statistic:164.328369140625
p value proxy: 0.049751244485378265
result: True
power_upto_now: 0.6519337296485901
182th run
noise dimension : 729
noise variance: 23324.759765625
original u-statistic:128.26235961914062
p value proxy: 0.05970149114727974
result: False
power_upto_now: 0.6483516693115234
183th run
noise dimension : 729
noise variance: 23333.341796875
original u-statistic:166.6892852783203
p value proxy: 0.05472636595368385
result: False
power_upto_now: 0.6448087692260742
184th run
noise dimension : 729
noise variance: 23327.294921875
original u-statistic:160.08106994628906
p value proxy: 0.03482586890459061
result: True
power_upto_now: 0.64673912525177
185th run
noise dimension : 729
noise variance: 23325.1015625
original u-statistic:29.735008239746094
p value proxy: 0.38308456540107727
result: False
power_upto_now: 0.6432432532310486
186th run
noise dimension : 729
noise variance: 23330.802734375
original u-statistic:157.03863525390625
p value proxy: 0.06467661261558533
result: False
power_upto_now: 0.6397849321365356
187th run
noise dimension : 729
noise variance: 23323.732421875
original u-statistic:285.3908996582031
p value proxy: 0.004975124262273312
result: True
power_upto_now: 0.6417112350463867
188th run
noise dimension : 729
noise variance: 23321.90234375
original u-statistic:391.54388427734375
p value proxy: 0.004975124262273312
result: True
power_upto_now: 0.6436170339584351
189th run
noise dimension : 729
noise variance: 23332.201171875
original u-statistic:198.4126739501953
p value proxy: 0.009950248524546623
result: True
power_upto_now: 0.6455026268959045
190th run
noise dimension : 729
noise variance: 23332.87890625
original u-statistic:238.62557983398438
p value proxy: 0.009950248524546623
result: True
power_upto_now: 0.6473684310913086
191th run
noise dimension : 729
noise variance: 23348.501953125
original u-statistic:38.22145080566406
p value proxy: 0.3631840646266937
result: False
power_upto_now: 0.6439790725708008
192th run
noise dimension : 729
noise variance: 23336.435546875
original u-statistic:196.87918090820312
p value proxy: 0.004975124262273312
result: True
power_upto_now: 0.6458333134651184
193th run
noise dimension : 729
noise variance: 23329.53125
original u-statistic:226.79251098632812
p value proxy: 0.004975124262273312
result: True
power_upto_now: 0.6476684212684631
194th run
noise dimension : 729
noise variance: 23334.640625
original u-statistic:138.8203582763672
p value proxy: 0.05970149114727974
result: False
power_upto_now: 0.6443299055099487
195th run
noise dimension : 729
noise variance: 23335.3671875
original u-statistic:191.36721801757812
p value proxy: 0.009950248524546623
result: True
power_upto_now: 0.6461538672447205
196th run
noise dimension : 729
noise variance: 23314.970703125
original u-statistic:178.72401428222656
p value proxy: 0.03482586890459061
result: True
power_upto_now: 0.6479591727256775
197th run
noise dimension : 729
noise variance: 23333.7734375
original u-statistic:100.34336853027344
p value proxy: 0.12437810748815536
result: False
power_upto_now: 0.6446700692176819
198th run
noise dimension : 729
noise variance: 23339.630859375
original u-statistic:246.26248168945312
p value proxy: 0.004975124262273312
result: True
power_upto_now: 0.6464646458625793
199th run
noise dimension : 729
noise variance: 23335.74609375
original u-statistic:241.31082153320312
p value proxy: 0.014925372786819935
result: True
power_upto_now: 0.6482412219047546
200th run
noise dimension : 729
noise variance: 23336.181640625
original u-statistic:234.00794982910156
p value proxy: 0.004975124262273312
result: True
power_upto_now: 0.6499999761581421
201th run
noise dimension : 729
noise variance: 23338.068359375
original u-statistic:265.78192138671875
p value proxy: 0.004975124262273312
result: True
power_upto_now: 0.6517412662506104
202th run
noise dimension : 729
noise variance: 23329.310546875
original u-statistic:222.66969299316406
p value proxy: 0.019900497049093246
result: True
power_upto_now: 0.6534653306007385
203th run
noise dimension : 729
noise variance: 23349.96875
original u-statistic:213.09193420410156
p value proxy: 0.02985074557363987
result: True
power_upto_now: 0.6551724076271057
204th run
noise dimension : 729
noise variance: 23336.41015625
original u-statistic:406.744384765625
p value proxy: 0.004975124262273312
result: True
power_upto_now: 0.656862735748291
205th run
noise dimension : 729
noise variance: 23317.2421875
original u-statistic:208.48556518554688
p value proxy: 0.004975124262273312
result: True
power_upto_now: 0.6585366129875183
206th run
noise dimension : 729
noise variance: 23334.408203125
original u-statistic:236.01473999023438
p value proxy: 0.009950248524546623
result: True
power_upto_now: 0.6601941585540771
207th run
noise dimension : 729
noise variance: 23337.853515625
original u-statistic:245.34620666503906
p value proxy: 0.004975124262273312
result: True
power_upto_now: 0.6618357300758362
208th run
noise dimension : 729
noise variance: 23349.1484375
original u-statistic:126.58580780029297
p value proxy: 0.09452736377716064
result: False
power_upto_now: 0.6586538553237915
209th run
noise dimension : 729
noise variance: 23327.716796875
original u-statistic:273.2831726074219
p value proxy: 0.009950248524546623
result: True
power_upto_now: 0.660287082195282
210th run
noise dimension : 729
noise variance: 23318.521484375
original u-statistic:80.91856384277344
p value proxy: 0.17910447716712952
result: False
power_upto_now: 0.6571428775787354
211th run
noise dimension : 729
noise variance: 23338.44921875
original u-statistic:250.1944580078125
p value proxy: 0.009950248524546623
result: True
power_upto_now: 0.6587677597999573
212th run
noise dimension : 729
noise variance: 23334.439453125
original u-statistic:136.58761596679688
p value proxy: 0.09950248897075653
result: False
power_upto_now: 0.6556603908538818
213th run
noise dimension : 729
noise variance: 23333.677734375
original u-statistic:202.40020751953125
p value proxy: 0.014925372786819935
result: True
power_upto_now: 0.65727698802948
214th run
noise dimension : 729
noise variance: 23309.833984375
original u-statistic:260.6038513183594
p value proxy: 0.004975124262273312
result: True
power_upto_now: 0.65887850522995
215th run
noise dimension : 729
noise variance: 23329.794921875
original u-statistic:73.10969543457031
p value proxy: 0.23880596458911896
result: False
power_upto_now: 0.6558139324188232
216th run
noise dimension : 729
noise variance: 23320.689453125
original u-statistic:289.6788024902344
p value proxy: 0.004975124262273312
result: True
power_upto_now: 0.6574074029922485
217th run
noise dimension : 729
noise variance: 23333.93359375
original u-statistic:91.04127502441406
p value proxy: 0.17412935197353363
result: False
power_upto_now: 0.6543778777122498
218th run
noise dimension : 729
noise variance: 23337.818359375
original u-statistic:108.86343383789062
p value proxy: 0.11940298229455948
result: False
power_upto_now: 0.6513761281967163
219th run
noise dimension : 729
noise variance: 23333.462890625
original u-statistic:231.74119567871094
p value proxy: 0.019900497049093246
result: True
power_upto_now: 0.6529680490493774
220th run
noise dimension : 729
noise variance: 23318.9453125
original u-statistic:378.7639465332031
p value proxy: 0.004975124262273312
result: True
power_upto_now: 0.6545454263687134
221th run
noise dimension : 729
noise variance: 23333.189453125
original u-statistic:98.86336517333984
p value proxy: 0.1890547275543213
result: False
power_upto_now: 0.651583731174469
222th run
noise dimension : 729
noise variance: 23341.6484375
original u-statistic:392.3900146484375
p value proxy: 0.004975124262273312
result: True
power_upto_now: 0.6531531810760498
223th run
noise dimension : 729
noise variance: 23330.25
original u-statistic:39.642173767089844
p value proxy: 0.3034825921058655
result: False
power_upto_now: 0.6502242088317871
224th run
noise dimension : 729
noise variance: 23333.11328125
original u-statistic:336.1807861328125
p value proxy: 0.004975124262273312
result: True
power_upto_now: 0.6517857313156128
225th run
noise dimension : 729
noise variance: 23316.287109375
original u-statistic:232.31777954101562
p value proxy: 0.004975124262273312
result: True
power_upto_now: 0.653333306312561
226th run
noise dimension : 729
noise variance: 23332.587890625
original u-statistic:110.13534545898438
p value proxy: 0.13930347561836243
result: False
power_upto_now: 0.6504424810409546
227th run
noise dimension : 729
noise variance: 23329.494140625
original u-statistic:322.73895263671875
p value proxy: 0.004975124262273312
result: True
power_upto_now: 0.6519823670387268
228th run
noise dimension : 729
noise variance: 23343.244140625
original u-statistic:282.0043640136719
p value proxy: 0.004975124262273312
result: True
power_upto_now: 0.6535087823867798
229th run
noise dimension : 729
noise variance: 23331.115234375
original u-statistic:186.54412841796875
p value proxy: 0.019900497049093246
result: True
power_upto_now: 0.6550218462944031
230th run
noise dimension : 729
noise variance: 23338.138671875
original u-statistic:214.3722381591797
p value proxy: 0.004975124262273312
result: True
power_upto_now: 0.656521737575531
231th run
noise dimension : 729
noise variance: 23323.083984375
original u-statistic:171.2178955078125
p value proxy: 0.05472636595368385
result: False
power_upto_now: 0.6536796689033508
232th run
noise dimension : 729
noise variance: 23311.546875
original u-statistic:98.23574829101562
p value proxy: 0.11442785710096359
result: False
power_upto_now: 0.6508620977401733
233th run
noise dimension : 729
noise variance: 23321.68359375
original u-statistic:64.40948486328125
p value proxy: 0.21393033862113953
result: False
power_upto_now: 0.6480686664581299
234th run
noise dimension : 729
noise variance: 23322.46875
original u-statistic:168.283935546875
p value proxy: 0.02985074557363987
result: True
power_upto_now: 0.6495726704597473
235th run
noise dimension : 729
noise variance: 23323.03515625
original u-statistic:278.1691589355469
p value proxy: 0.009950248524546623
result: True
power_upto_now: 0.651063859462738
236th run
noise dimension : 729
noise variance: 23332.267578125
original u-statistic:266.17413330078125
p value proxy: 0.004975124262273312
result: True
power_upto_now: 0.6525423526763916
237th run
noise dimension : 729
noise variance: 23314.423828125
original u-statistic:184.14048767089844
p value proxy: 0.019900497049093246
result: True
power_upto_now: 0.6540084481239319
238th run
noise dimension : 729
noise variance: 23341.009765625
original u-statistic:145.4756317138672
p value proxy: 0.05472636595368385
result: False
power_upto_now: 0.651260495185852
239th run
noise dimension : 729
noise variance: 23337.140625
original u-statistic:239.91961669921875
p value proxy: 0.014925372786819935
result: True
power_upto_now: 0.6527196764945984
240th run
noise dimension : 729
noise variance: 23338.654296875
original u-statistic:319.53179931640625
p value proxy: 0.004975124262273312
result: True
power_upto_now: 0.6541666388511658
241th run
noise dimension : 729
noise variance: 23328.36328125
original u-statistic:100.06770324707031
p value proxy: 0.09452736377716064
result: False
power_upto_now: 0.6514523029327393
242th run
noise dimension : 729
noise variance: 23308.478515625
original u-statistic:133.18234252929688
p value proxy: 0.07960198819637299
result: False
power_upto_now: 0.6487603187561035
243th run
noise dimension : 729
noise variance: 23333.904296875
original u-statistic:205.79539489746094
p value proxy: 0.02985074557363987
result: True
power_upto_now: 0.6502057909965515
244th run
noise dimension : 729
noise variance: 23336.205078125
original u-statistic:219.5823211669922
p value proxy: 0.014925372786819935
result: True
power_upto_now: 0.6516393423080444
245th run
noise dimension : 729
noise variance: 23327.1171875
original u-statistic:216.029541015625
p value proxy: 0.014925372786819935
result: True
power_upto_now: 0.6530612111091614
246th run
noise dimension : 729
noise variance: 23331.857421875
original u-statistic:198.71185302734375
p value proxy: 0.009950248524546623
result: True
power_upto_now: 0.6544715166091919
247th run
noise dimension : 729
noise variance: 23332.861328125
original u-statistic:254.66107177734375
p value proxy: 0.009950248524546623
result: True
power_upto_now: 0.6558704376220703
248th run
noise dimension : 729
noise variance: 23335.291015625
original u-statistic:313.8661193847656
p value proxy: 0.004975124262273312
result: True
power_upto_now: 0.6572580933570862
249th run
noise dimension : 729
noise variance: 23351.06640625
original u-statistic:250.6415252685547
p value proxy: 0.009950248524546623
result: True
power_upto_now: 0.6586345434188843
250th run
noise dimension : 729
noise variance: 23327.384765625
original u-statistic:46.706207275390625
p value proxy: 0.28358209133148193
result: False
power_upto_now: 0.656000018119812
251th run
noise dimension : 729
noise variance: 23337.859375
original u-statistic:246.88742065429688
p value proxy: 0.004975124262273312
result: True
power_upto_now: 0.6573705077171326
252th run
noise dimension : 729
noise variance: 23334.767578125
original u-statistic:305.9302673339844
p value proxy: 0.004975124262273312
result: True
power_upto_now: 0.658730149269104
253th run
noise dimension : 729
noise variance: 23322.482421875
original u-statistic:244.4115447998047
p value proxy: 0.009950248524546623
result: True
power_upto_now: 0.6600790619850159
254th run
noise dimension : 729
noise variance: 23345.609375
original u-statistic:302.8488464355469
p value proxy: 0.004975124262273312
result: True
power_upto_now: 0.6614173054695129
255th run
noise dimension : 729
noise variance: 23331.962890625
original u-statistic:-13.258255004882812
p value proxy: 0.5273631811141968
result: False
power_upto_now: 0.658823549747467
256th run
noise dimension : 729
noise variance: 23351.34375
original u-statistic:26.13031005859375
p value proxy: 0.3681592047214508
result: False
power_upto_now: 0.65625
257th run
noise dimension : 729
noise variance: 23344.24609375
original u-statistic:322.3406982421875
p value proxy: 0.004975124262273312
result: True
power_upto_now: 0.6575875282287598
258th run
noise dimension : 729
noise variance: 23332.267578125
original u-statistic:82.62210083007812
p value proxy: 0.1840796023607254
result: False
power_upto_now: 0.6550387740135193
259th run
noise dimension : 729
noise variance: 23323.57421875
original u-statistic:387.8948974609375
p value proxy: 0.004975124262273312
result: True
power_upto_now: 0.6563706398010254
260th run
noise dimension : 729
noise variance: 23312.11328125
original u-statistic:298.11865234375
p value proxy: 0.004975124262273312
result: True
power_upto_now: 0.6576923131942749
261th run
noise dimension : 729
noise variance: 23325.373046875
original u-statistic:49.21753692626953
p value proxy: 0.3283582031726837
result: False
power_upto_now: 0.6551724076271057
262th run
noise dimension : 729
noise variance: 23320.46484375
original u-statistic:158.95176696777344
p value proxy: 0.05970149114727974
result: False
power_upto_now: 0.652671754360199
263th run
noise dimension : 729
noise variance: 23338.78125
original u-statistic:172.0823516845703
p value proxy: 0.03980099409818649
result: True
power_upto_now: 0.6539924144744873
264th run
noise dimension : 729
noise variance: 23308.32421875
original u-statistic:117.28729248046875
p value proxy: 0.08955223858356476
result: False
power_upto_now: 0.6515151262283325
265th run
noise dimension : 729
noise variance: 23305.642578125
original u-statistic:173.1119384765625
p value proxy: 0.024875622242689133
result: True
power_upto_now: 0.652830183506012
266th run
noise dimension : 729
noise variance: 23327.177734375
original u-statistic:246.81385803222656
p value proxy: 0.009950248524546623
result: True
power_upto_now: 0.6541353464126587
267th run
noise dimension : 729
noise variance: 23330.86328125
original u-statistic:203.69332885742188
p value proxy: 0.009950248524546623
result: True
power_upto_now: 0.6554307341575623
268th run
noise dimension : 729
noise variance: 23322.095703125
original u-statistic:218.025390625
p value proxy: 0.014925372786819935
result: True
power_upto_now: 0.6567164063453674
269th run
noise dimension : 729
noise variance: 23319.705078125
original u-statistic:123.76480102539062
p value proxy: 0.08955223858356476
result: False
power_upto_now: 0.654275119304657
270th run
noise dimension : 729
noise variance: 23326.43359375
original u-statistic:242.8456573486328
p value proxy: 0.009950248524546623
result: True
power_upto_now: 0.6555555462837219
271th run
noise dimension : 729
noise variance: 23339.638671875
original u-statistic:199.7555389404297
p value proxy: 0.019900497049093246
result: True
power_upto_now: 0.6568265557289124
272th run
noise dimension : 729
noise variance: 23327.015625
original u-statistic:138.00201416015625
p value proxy: 0.08955223858356476
result: False
power_upto_now: 0.654411792755127
273th run
noise dimension : 729
noise variance: 23325.087890625
original u-statistic:184.92251586914062
p value proxy: 0.02985074557363987
result: True
power_upto_now: 0.6556776762008667
274th run
noise dimension : 729
noise variance: 23330.8828125
original u-statistic:305.5543212890625
p value proxy: 0.004975124262273312
result: True
power_upto_now: 0.6569343209266663
275th run
noise dimension : 729
noise variance: 23317.490234375
original u-statistic:267.5391845703125
p value proxy: 0.004975124262273312
result: True
power_upto_now: 0.6581818461418152
276th run
noise dimension : 729
noise variance: 23342.21484375
original u-statistic:318.25933837890625
p value proxy: 0.004975124262273312
result: True
power_upto_now: 0.6594203114509583
277th run
noise dimension : 729
noise variance: 23323.455078125
original u-statistic:128.2206268310547
p value proxy: 0.08955223858356476
result: False
power_upto_now: 0.6570397019386292
278th run
noise dimension : 729
noise variance: 23322.064453125
original u-statistic:162.46629333496094
p value proxy: 0.03980099409818649
result: True
power_upto_now: 0.6582733988761902
279th run
noise dimension : 729
noise variance: 23339.189453125
original u-statistic:165.52757263183594
p value proxy: 0.02985074557363987
result: True
power_upto_now: 0.6594982147216797
280th run
noise dimension : 729
noise variance: 23336.927734375
original u-statistic:35.120845794677734
p value proxy: 0.3631840646266937
result: False
power_upto_now: 0.6571428775787354
281th run
noise dimension : 729
noise variance: 23315.796875
original u-statistic:223.77218627929688
p value proxy: 0.004975124262273312
result: True
power_upto_now: 0.6583629846572876
282th run
noise dimension : 729
noise variance: 23305.251953125
original u-statistic:258.8797607421875
p value proxy: 0.004975124262273312
result: True
power_upto_now: 0.6595744490623474
283th run
noise dimension : 729
noise variance: 23325.02734375
original u-statistic:225.9580841064453
p value proxy: 0.004975124262273312
result: True
power_upto_now: 0.6607773900032043
284th run
noise dimension : 729
noise variance: 23324.328125
original u-statistic:192.58009338378906
p value proxy: 0.02985074557363987
result: True
power_upto_now: 0.6619718074798584
285th run
noise dimension : 729
noise variance: 23339.134765625
original u-statistic:84.79532623291016
p value proxy: 0.20398008823394775
result: False
power_upto_now: 0.659649133682251
286th run
noise dimension : 729
noise variance: 23326.94140625
original u-statistic:403.2314453125
p value proxy: 0.004975124262273312
result: True
power_upto_now: 0.6608391404151917
287th run
noise dimension : 729
noise variance: 23329.4921875
original u-statistic:233.55963134765625
p value proxy: 0.009950248524546623
result: True
power_upto_now: 0.6620209217071533
288th run
noise dimension : 729
noise variance: 23329.759765625
original u-statistic:313.2979736328125
p value proxy: 0.004975124262273312
result: True
power_upto_now: 0.6631944179534912
289th run
noise dimension : 729
noise variance: 23339.03515625
original u-statistic:150.65200805664062
p value proxy: 0.06965173780918121
result: False
power_upto_now: 0.6608996391296387
290th run
noise dimension : 729
noise variance: 23329.341796875
original u-statistic:238.3542022705078
p value proxy: 0.009950248524546623
result: True
power_upto_now: 0.6620689630508423
291th run
noise dimension : 729
noise variance: 23321.65625
original u-statistic:269.2644348144531
p value proxy: 0.004975124262273312
result: True
power_upto_now: 0.6632302403450012
292th run
noise dimension : 729
noise variance: 23331.240234375
original u-statistic:206.38516235351562
p value proxy: 0.009950248524546623
result: True
power_upto_now: 0.664383590221405
293th run
noise dimension : 729
noise variance: 23336.5625
original u-statistic:134.00979614257812
p value proxy: 0.0746268630027771
result: False
power_upto_now: 0.6621160507202148
294th run
noise dimension : 729
noise variance: 23324.796875
original u-statistic:151.7624969482422
p value proxy: 0.049751244485378265
result: True
power_upto_now: 0.6632652878761292
295th run
noise dimension : 729
noise variance: 23353.099609375
original u-statistic:245.0013427734375
p value proxy: 0.004975124262273312
result: True
power_upto_now: 0.6644067764282227
296th run
noise dimension : 729
noise variance: 23332.921875
original u-statistic:217.5615234375
p value proxy: 0.014925372786819935
result: True
power_upto_now: 0.6655405163764954
297th run
noise dimension : 729
noise variance: 23323.03125
original u-statistic:166.40208435058594
p value proxy: 0.04477611929178238
result: True
power_upto_now: 0.6666666865348816
298th run
noise dimension : 729
noise variance: 23318.51171875
original u-statistic:306.1459045410156
p value proxy: 0.004975124262273312
result: True
power_upto_now: 0.6677852272987366
299th run
noise dimension : 729
noise variance: 23322.08984375
original u-statistic:216.69393920898438
p value proxy: 0.009950248524546623
result: True
power_upto_now: 0.6688963174819946
300th run
noise dimension : 729
noise variance: 23341.6796875
original u-statistic:126.57965850830078
p value proxy: 0.09452736377716064
result: False
power_upto_now: 0.6666666865348816
power estimate : 0.6666666865348816
elapsed time: 33660.13792181015
