job started
cuda available: True
code run on device:: cuda:0

n1 = 20000, n2 = 20000,

kappa = 3, alpha = 0.8,

gamma = 0.05, nTests = 500,

B = 300, d = 6

sigma_1
tensor([[1.0000, 0.5000, 0.5000, 0.5000, 0.5000, 0.5000],
        [0.5000, 1.0000, 0.5000, 0.5000, 0.5000, 0.5000],
        [0.5000, 0.5000, 1.0000, 0.5000, 0.5000, 0.5000],
        [0.5000, 0.5000, 0.5000, 1.0000, 0.5000, 0.5000],
        [0.5000, 0.5000, 0.5000, 0.5000, 1.0000, 0.5000],
        [0.5000, 0.5000, 0.5000, 0.5000, 0.5000, 1.0000]], device='cuda:0')
sigma_2
tensor([[5.0000, 2.5000, 2.5000, 2.5000, 2.5000, 2.5000],
        [2.5000, 5.0000, 2.5000, 2.5000, 2.5000, 2.5000],
        [2.5000, 2.5000, 5.0000, 2.5000, 2.5000, 2.5000],
        [2.5000, 2.5000, 2.5000, 5.0000, 2.5000, 2.5000],
        [2.5000, 2.5000, 2.5000, 2.5000, 5.0000, 2.5000],
        [2.5000, 2.5000, 2.5000, 2.5000, 2.5000, 5.0000]], device='cuda:0')
1th run
noise dimension : 729
noise variance: 9113.833984375
original u-statistic:-18.355953216552734
p value proxy: 0.6976743936538696
result: False
power_upto_now: 0.0
2th run
noise dimension : 729
noise variance: 9106.5107421875
original u-statistic:4.74713134765625
p value proxy: 0.4717607796192169
result: False
power_upto_now: 0.0
3th run
noise dimension : 729
noise variance: 9108.587890625
original u-statistic:1.8167572021484375
p value proxy: 0.4252491593360901
result: False
power_upto_now: 0.0
4th run
noise dimension : 729
noise variance: 9113.26171875
original u-statistic:63.883949279785156
p value proxy: 0.059800662100315094
result: False
power_upto_now: 0.0
5th run
noise dimension : 729
noise variance: 9116.609375
original u-statistic:-47.98448944091797
p value proxy: 0.9069766998291016
result: False
power_upto_now: 0.0
6th run
noise dimension : 729
noise variance: 9115.205078125
original u-statistic:-2.3114490509033203
p value proxy: 0.5481727719306946
result: False
power_upto_now: 0.0
7th run
noise dimension : 729
noise variance: 9111.0634765625
original u-statistic:21.21579933166504
p value proxy: 0.2990033030509949
result: False
power_upto_now: 0.0
8th run
noise dimension : 729
noise variance: 9114.1650390625
original u-statistic:31.290626525878906
p value proxy: 0.2026578038930893
result: False
power_upto_now: 0.0
9th run
noise dimension : 729
noise variance: 9111.9365234375
original u-statistic:23.493671417236328
p value proxy: 0.22923587262630463
result: False
power_upto_now: 0.0
10th run
noise dimension : 729
noise variance: 9108.744140625
original u-statistic:-16.94175148010254
p value proxy: 0.6378737688064575
result: False
power_upto_now: 0.0
11th run
noise dimension : 729
noise variance: 9118.5986328125
original u-statistic:32.14225769042969
p value proxy: 0.19601328670978546
result: False
power_upto_now: 0.0
12th run
noise dimension : 729
noise variance: 9116.1650390625
original u-statistic:7.960002899169922
p value proxy: 0.4086378514766693
result: False
power_upto_now: 0.0
13th run
noise dimension : 729
noise variance: 9115.5625
original u-statistic:13.540119171142578
p value proxy: 0.4086378514766693
result: False
power_upto_now: 0.0
14th run
noise dimension : 729
noise variance: 9118.380859375
original u-statistic:31.95003890991211
p value proxy: 0.1627907007932663
result: False
power_upto_now: 0.0
15th run
noise dimension : 729
noise variance: 9110.666015625
original u-statistic:13.402236938476562
p value proxy: 0.3255814015865326
result: False
power_upto_now: 0.0
16th run
noise dimension : 729
noise variance: 9118.0068359375
original u-statistic:-47.61700439453125
p value proxy: 0.9368770718574524
result: False
power_upto_now: 0.0
17th run
noise dimension : 729
noise variance: 9112.8818359375
original u-statistic:25.39691925048828
p value proxy: 0.21926909685134888
result: False
power_upto_now: 0.0
18th run
noise dimension : 729
noise variance: 9106.5263671875
original u-statistic:-37.4864387512207
p value proxy: 0.8737541437149048
result: False
power_upto_now: 0.0
19th run
noise dimension : 729
noise variance: 9117.93359375
original u-statistic:73.57437896728516
p value proxy: 0.029900331050157547
result: True
power_upto_now: 0.05263157933950424
20th run
noise dimension : 729
noise variance: 9109.5986328125
original u-statistic:16.640884399414062
p value proxy: 0.31893688440322876
result: False
power_upto_now: 0.05000000074505806
21th run
noise dimension : 729
noise variance: 9102.6533203125
original u-statistic:39.18661880493164
p value proxy: 0.1827242523431778
result: False
power_upto_now: 0.0476190485060215
22th run
noise dimension : 729
noise variance: 9109.18359375
original u-statistic:-16.41754722595215
p value proxy: 0.6511628031730652
result: False
power_upto_now: 0.04545454680919647
23th run
noise dimension : 729
noise variance: 9111.1865234375
original u-statistic:-23.39775276184082
p value proxy: 0.7308970093727112
result: False
power_upto_now: 0.043478261679410934
24th run
noise dimension : 729
noise variance: 9113.7646484375
original u-statistic:9.017364501953125
p value proxy: 0.4019933342933655
result: False
power_upto_now: 0.0416666679084301
25th run
noise dimension : 729
noise variance: 9111.69921875
original u-statistic:13.12253189086914
p value proxy: 0.3654485046863556
result: False
power_upto_now: 0.03999999910593033
26th run
noise dimension : 729
noise variance: 9111.724609375
original u-statistic:19.775482177734375
p value proxy: 0.3056478202342987
result: False
power_upto_now: 0.03846153989434242
27th run
noise dimension : 729
noise variance: 9105.5615234375
original u-statistic:-6.748067855834961
p value proxy: 0.554817259311676
result: False
power_upto_now: 0.03703703731298447
28th run
noise dimension : 729
noise variance: 9115.4345703125
original u-statistic:6.861597061157227
p value proxy: 0.382059782743454
result: False
power_upto_now: 0.0357142873108387
29th run
noise dimension : 729
noise variance: 9104.791015625
original u-statistic:-68.2691650390625
p value proxy: 0.9700996279716492
result: False
power_upto_now: 0.03448275849223137
30th run
noise dimension : 729
noise variance: 9106.7900390625
original u-statistic:-17.95132064819336
p value proxy: 0.684385359287262
result: False
power_upto_now: 0.03333333507180214
31th run
noise dimension : 729
noise variance: 9108.1513671875
original u-statistic:1.289224624633789
p value proxy: 0.4717607796192169
result: False
power_upto_now: 0.032258063554763794
32th run
noise dimension : 729
noise variance: 9113.248046875
original u-statistic:-29.20119857788086
p value proxy: 0.8106312155723572
result: False
power_upto_now: 0.03125
33th run
noise dimension : 729
noise variance: 9113.4970703125
original u-statistic:-4.999495029449463
p value proxy: 0.564784049987793
result: False
power_upto_now: 0.03030303120613098
34th run
noise dimension : 729
noise variance: 9122.9580078125
original u-statistic:-18.35137176513672
p value proxy: 0.7009966373443604
result: False
power_upto_now: 0.029411764815449715
35th run
noise dimension : 729
noise variance: 9108.48046875
original u-statistic:25.89203643798828
p value proxy: 0.2425249069929123
result: False
power_upto_now: 0.02857142873108387
36th run
noise dimension : 729
noise variance: 9118.5
original u-statistic:16.167884826660156
p value proxy: 0.31229233741760254
result: False
power_upto_now: 0.02777777798473835
37th run
noise dimension : 729
noise variance: 9113.9541015625
original u-statistic:-48.37150955200195
p value proxy: 0.9468438029289246
result: False
power_upto_now: 0.027027027681469917
38th run
noise dimension : 729
noise variance: 9115.125
original u-statistic:-12.652969360351562
p value proxy: 0.6644518375396729
result: False
power_upto_now: 0.02631578966975212
39th run
noise dimension : 729
noise variance: 9111.2783203125
original u-statistic:42.01305389404297
p value proxy: 0.1229235827922821
result: False
power_upto_now: 0.025641025975346565
40th run
noise dimension : 729
noise variance: 9108.240234375
original u-statistic:12.928585052490234
p value proxy: 0.3255814015865326
result: False
power_upto_now: 0.02500000037252903
41th run
noise dimension : 729
noise variance: 9109.8896484375
original u-statistic:34.242252349853516
p value proxy: 0.1827242523431778
result: False
power_upto_now: 0.024390242993831635
42th run
noise dimension : 729
noise variance: 9119.060546875
original u-statistic:-6.241207122802734
p value proxy: 0.5813953280448914
result: False
power_upto_now: 0.02380952425301075
43th run
noise dimension : 729
noise variance: 9105.974609375
original u-statistic:-12.10909366607666
p value proxy: 0.594684362411499
result: False
power_upto_now: 0.023255813866853714
44th run
noise dimension : 729
noise variance: 9114.73828125
original u-statistic:63.978118896484375
p value proxy: 0.033222589641809464
result: True
power_upto_now: 0.04545454680919647
45th run
noise dimension : 729
noise variance: 9102.1162109375
original u-statistic:2.788576126098633
p value proxy: 0.47508305311203003
result: False
power_upto_now: 0.04444444552063942
46th run
noise dimension : 729
noise variance: 9106.7919921875
original u-statistic:25.110618591308594
p value proxy: 0.2790697515010834
result: False
power_upto_now: 0.043478261679410934
47th run
noise dimension : 729
noise variance: 9117.5693359375
original u-statistic:-8.771322250366211
p value proxy: 0.5714285373687744
result: False
power_upto_now: 0.042553190141916275
48th run
noise dimension : 729
noise variance: 9109.3701171875
original u-statistic:-43.63059997558594
p value proxy: 0.8737541437149048
result: False
power_upto_now: 0.0416666679084301
49th run
noise dimension : 729
noise variance: 9111.9619140625
original u-statistic:-35.06172561645508
p value proxy: 0.8239202499389648
result: False
power_upto_now: 0.040816325694322586
50th run
noise dimension : 729
noise variance: 9109.7470703125
original u-statistic:-10.971748352050781
p value proxy: 0.6312292218208313
result: False
power_upto_now: 0.03999999910593033
51th run
noise dimension : 729
noise variance: 9112.4326171875
original u-statistic:25.923954010009766
p value proxy: 0.21926909685134888
result: False
power_upto_now: 0.03921568766236305
52th run
noise dimension : 729
noise variance: 9112.3701171875
original u-statistic:-35.7119140625
p value proxy: 0.8637873530387878
result: False
power_upto_now: 0.03846153989434242
53th run
noise dimension : 729
noise variance: 9115.251953125
original u-statistic:-34.516990661621094
p value proxy: 0.8372092843055725
result: False
power_upto_now: 0.03773584961891174
54th run
noise dimension : 729
noise variance: 9111.1318359375
original u-statistic:5.021942138671875
p value proxy: 0.3920265734195709
result: False
power_upto_now: 0.03703703731298447
55th run
noise dimension : 729
noise variance: 9112.7119140625
original u-statistic:-32.46449661254883
p value proxy: 0.8338870406150818
result: False
power_upto_now: 0.036363635212183
56th run
noise dimension : 729
noise variance: 9114.173828125
original u-statistic:-58.57212829589844
p value proxy: 0.9634551405906677
result: False
power_upto_now: 0.0357142873108387
57th run
noise dimension : 729
noise variance: 9112.5986328125
original u-statistic:26.86874771118164
p value proxy: 0.20930232107639313
result: False
power_upto_now: 0.035087719559669495
58th run
noise dimension : 729
noise variance: 9109.6513671875
original u-statistic:40.94438171386719
p value proxy: 0.1395348757505417
result: False
power_upto_now: 0.03448275849223137
59th run
noise dimension : 729
noise variance: 9112.412109375
original u-statistic:-14.173473358154297
p value proxy: 0.6710963249206543
result: False
power_upto_now: 0.033898305147886276
60th run
noise dimension : 729
noise variance: 9110.4150390625
original u-statistic:-13.627567291259766
p value proxy: 0.6378737688064575
result: False
power_upto_now: 0.03333333507180214
61th run
noise dimension : 729
noise variance: 9113.65625
original u-statistic:-53.512290954589844
p value proxy: 0.9368770718574524
result: False
power_upto_now: 0.032786883413791656
62th run
noise dimension : 729
noise variance: 9113.4609375
original u-statistic:-29.866111755371094
p value proxy: 0.8272424936294556
result: False
power_upto_now: 0.032258063554763794
63th run
noise dimension : 729
noise variance: 9121.611328125
original u-statistic:-14.16551399230957
p value proxy: 0.6644518375396729
result: False
power_upto_now: 0.0317460335791111
64th run
noise dimension : 729
noise variance: 9110.697265625
original u-statistic:7.246681213378906
p value proxy: 0.41860464215278625
result: False
power_upto_now: 0.03125
65th run
noise dimension : 729
noise variance: 9108.5224609375
original u-statistic:64.44503021240234
p value proxy: 0.029900331050157547
result: True
power_upto_now: 0.04615384712815285
66th run
noise dimension : 729
noise variance: 9116.1435546875
original u-statistic:40.179813385009766
p value proxy: 0.14617939293384552
result: False
power_upto_now: 0.04545454680919647
67th run
noise dimension : 729
noise variance: 9113.013671875
original u-statistic:24.85049057006836
p value proxy: 0.25581395626068115
result: False
power_upto_now: 0.04477611929178238
68th run
noise dimension : 729
noise variance: 9118.494140625
original u-statistic:48.11298370361328
p value proxy: 0.11295680701732635
result: False
power_upto_now: 0.04411764815449715
69th run
noise dimension : 729
noise variance: 9119.509765625
original u-statistic:37.106651306152344
p value proxy: 0.1428571343421936
result: False
power_upto_now: 0.043478261679410934
70th run
noise dimension : 729
noise variance: 9109.396484375
original u-statistic:55.53791046142578
p value proxy: 0.08970099687576294
result: False
power_upto_now: 0.04285714402794838
71th run
noise dimension : 729
noise variance: 9109.6455078125
original u-statistic:35.34507751464844
p value proxy: 0.1627907007932663
result: False
power_upto_now: 0.0422535203397274
72th run
noise dimension : 729
noise variance: 9108.6806640625
original u-statistic:-14.405855178833008
p value proxy: 0.6411960124969482
result: False
power_upto_now: 0.0416666679084301
73th run
noise dimension : 729
noise variance: 9117.0810546875
original u-statistic:-29.968936920166016
p value proxy: 0.7674418687820435
result: False
power_upto_now: 0.04109589010477066
74th run
noise dimension : 729
noise variance: 9106.8701171875
original u-statistic:18.303646087646484
p value proxy: 0.2890365421772003
result: False
power_upto_now: 0.04054053872823715
75th run
noise dimension : 729
noise variance: 9105.744140625
original u-statistic:48.403499603271484
p value proxy: 0.1229235827922821
result: False
power_upto_now: 0.03999999910593033
76th run
noise dimension : 729
noise variance: 9112.0859375
original u-statistic:-29.457942962646484
p value proxy: 0.8106312155723572
result: False
power_upto_now: 0.03947368264198303
77th run
noise dimension : 729
noise variance: 9106.99609375
original u-statistic:8.731998443603516
p value proxy: 0.39534881711006165
result: False
power_upto_now: 0.03896103799343109
78th run
noise dimension : 729
noise variance: 9111.712890625
original u-statistic:42.46440505981445
p value proxy: 0.08970099687576294
result: False
power_upto_now: 0.03846153989434242
79th run
noise dimension : 729
noise variance: 9112.044921875
original u-statistic:13.197002410888672
p value proxy: 0.33554816246032715
result: False
power_upto_now: 0.037974681705236435
80th run
noise dimension : 729
noise variance: 9104.9931640625
original u-statistic:53.097469329833984
p value proxy: 0.06644517928361893
result: False
power_upto_now: 0.03750000149011612
81th run
noise dimension : 729
noise variance: 9115.3544921875
original u-statistic:8.669069290161133
p value proxy: 0.37873753905296326
result: False
power_upto_now: 0.03703703731298447
82th run
noise dimension : 729
noise variance: 9119.6640625
original u-statistic:53.81766128540039
p value proxy: 0.07641195505857468
result: False
power_upto_now: 0.03658536449074745
83th run
noise dimension : 729
noise variance: 9112.873046875
original u-statistic:26.76595115661621
p value proxy: 0.20930232107639313
result: False
power_upto_now: 0.03614457696676254
84th run
noise dimension : 729
noise variance: 9112.5966796875
original u-statistic:-1.1282577514648438
p value proxy: 0.47840529680252075
result: False
power_upto_now: 0.0357142873108387
85th run
noise dimension : 729
noise variance: 9109.1611328125
original u-statistic:4.158280372619629
p value proxy: 0.4684385359287262
result: False
power_upto_now: 0.03529411926865578
86th run
noise dimension : 729
noise variance: 9108.4072265625
original u-statistic:28.003707885742188
p value proxy: 0.1827242523431778
result: False
power_upto_now: 0.03488372266292572
87th run
noise dimension : 729
noise variance: 9113.625
original u-statistic:-26.97705078125
p value proxy: 0.7840531468391418
result: False
power_upto_now: 0.03448275849223137
88th run
noise dimension : 729
noise variance: 9115.8515625
original u-statistic:-30.793235778808594
p value proxy: 0.8139534592628479
result: False
power_upto_now: 0.034090910106897354
89th run
noise dimension : 729
noise variance: 9115.5390625
original u-statistic:-11.758081436157227
p value proxy: 0.5780730843544006
result: False
power_upto_now: 0.033707864582538605
90th run
noise dimension : 729
noise variance: 9112.13671875
original u-statistic:-51.87019729614258
p value proxy: 0.9534883499145508
result: False
power_upto_now: 0.03333333507180214
91th run
noise dimension : 729
noise variance: 9109.001953125
original u-statistic:1.1092004776000977
p value proxy: 0.45514950156211853
result: False
power_upto_now: 0.032967034727334976
92th run
noise dimension : 729
noise variance: 9114.0654296875
original u-statistic:-20.537246704101562
p value proxy: 0.7076411843299866
result: False
power_upto_now: 0.032608695328235626
93th run
noise dimension : 729
noise variance: 9110.84375
original u-statistic:69.89002990722656
p value proxy: 0.029900331050157547
result: True
power_upto_now: 0.04301075264811516
94th run
noise dimension : 729
noise variance: 9108.5205078125
original u-statistic:-21.724468231201172
p value proxy: 0.7342192530632019
result: False
power_upto_now: 0.042553190141916275
95th run
noise dimension : 729
noise variance: 9109.0546875
original u-statistic:4.3483428955078125
p value proxy: 0.421926885843277
result: False
power_upto_now: 0.04210526496171951
96th run
noise dimension : 729
noise variance: 9110.806640625
original u-statistic:-29.511838912963867
p value proxy: 0.8172757029533386
result: False
power_upto_now: 0.0416666679084301
97th run
noise dimension : 729
noise variance: 9105.75390625
original u-statistic:10.542220115661621
p value proxy: 0.37541526556015015
result: False
power_upto_now: 0.04123711213469505
98th run
noise dimension : 729
noise variance: 9109.333984375
original u-statistic:26.16592025756836
p value proxy: 0.2225913554430008
result: False
power_upto_now: 0.040816325694322586
99th run
noise dimension : 729
noise variance: 9112.4140625
original u-statistic:-19.39048957824707
p value proxy: 0.7275747060775757
result: False
power_upto_now: 0.04040404036641121
100th run
noise dimension : 729
noise variance: 9107.05859375
original u-statistic:-10.999397277832031
p value proxy: 0.6079733967781067
result: False
power_upto_now: 0.03999999910593033
101th run
noise dimension : 729
noise variance: 9110.130859375
original u-statistic:-17.253082275390625
p value proxy: 0.6943521499633789
result: False
power_upto_now: 0.039603959769010544
102th run
noise dimension : 729
noise variance: 9110.501953125
original u-statistic:31.87018585205078
p value proxy: 0.1827242523431778
result: False
power_upto_now: 0.03921568766236305
103th run
noise dimension : 729
noise variance: 9110.373046875
original u-statistic:-19.138124465942383
p value proxy: 0.6411960124969482
result: False
power_upto_now: 0.03883495181798935
104th run
noise dimension : 729
noise variance: 9111.572265625
original u-statistic:25.173181533813477
p value proxy: 0.22923587262630463
result: False
power_upto_now: 0.03846153989434242
105th run
noise dimension : 729
noise variance: 9113.0205078125
original u-statistic:3.8545827865600586
p value proxy: 0.4019933342933655
result: False
power_upto_now: 0.03809523954987526
106th run
noise dimension : 729
noise variance: 9110.4404296875
original u-statistic:-31.142372131347656
p value proxy: 0.8006644248962402
result: False
power_upto_now: 0.03773584961891174
107th run
noise dimension : 729
noise variance: 9111.8603515625
original u-statistic:1.646834373474121
p value proxy: 0.45514950156211853
result: False
power_upto_now: 0.037383176386356354
108th run
noise dimension : 729
noise variance: 9115.40234375
original u-statistic:29.461719512939453
p value proxy: 0.2259136140346527
result: False
power_upto_now: 0.03703703731298447
109th run
noise dimension : 729
noise variance: 9113.5576171875
original u-statistic:10.630228996276855
p value proxy: 0.39867109060287476
result: False
power_upto_now: 0.03669724613428116
110th run
noise dimension : 729
noise variance: 9113.296875
original u-statistic:-12.293373107910156
p value proxy: 0.6245846748352051
result: False
power_upto_now: 0.036363635212183
111th run
noise dimension : 729
noise variance: 9110.2978515625
original u-statistic:-40.70992660522461
p value proxy: 0.8970099687576294
result: False
power_upto_now: 0.036036036908626556
112th run
noise dimension : 729
noise variance: 9109.4208984375
original u-statistic:-24.214065551757812
p value proxy: 0.7707641124725342
result: False
power_upto_now: 0.0357142873108387
113th run
noise dimension : 729
noise variance: 9111.650390625
original u-statistic:11.416189193725586
p value proxy: 0.3687707483768463
result: False
power_upto_now: 0.03539822995662689
114th run
noise dimension : 729
noise variance: 9110.3154296875
original u-statistic:0.6276588439941406
p value proxy: 0.5049833655357361
result: False
power_upto_now: 0.035087719559669495
115th run
noise dimension : 729
noise variance: 9114.287109375
original u-statistic:46.176124572753906
p value proxy: 0.08637873828411102
result: False
power_upto_now: 0.03478260710835457
116th run
noise dimension : 729
noise variance: 9112.458984375
original u-statistic:2.9438438415527344
p value proxy: 0.46179401874542236
result: False
power_upto_now: 0.03448275849223137
117th run
noise dimension : 729
noise variance: 9104.2451171875
original u-statistic:-9.791784286499023
p value proxy: 0.594684362411499
result: False
power_upto_now: 0.03418803587555885
118th run
noise dimension : 729
noise variance: 9109.205078125
original u-statistic:-13.874698638916016
p value proxy: 0.6212624311447144
result: False
power_upto_now: 0.033898305147886276
119th run
noise dimension : 729
noise variance: 9114.599609375
original u-statistic:24.304424285888672
p value proxy: 0.262458473443985
result: False
power_upto_now: 0.03361344709992409
120th run
noise dimension : 729
noise variance: 9112.7177734375
original u-statistic:-27.683927536010742
p value proxy: 0.7707641124725342
result: False
power_upto_now: 0.03333333507180214
121th run
noise dimension : 729
noise variance: 9114.8876953125
original u-statistic:28.996376037597656
p value proxy: 0.2259136140346527
result: False
power_upto_now: 0.03305784985423088
122th run
noise dimension : 729
noise variance: 9107.9287109375
original u-statistic:-22.102432250976562
p value proxy: 0.6677740812301636
result: False
power_upto_now: 0.032786883413791656
123th run
noise dimension : 729
noise variance: 9108.935546875
original u-statistic:-54.895111083984375
p value proxy: 0.9501661062240601
result: False
power_upto_now: 0.03252032399177551
124th run
noise dimension : 729
noise variance: 9111.7392578125
original u-statistic:9.539947509765625
p value proxy: 0.3720930218696594
result: False
power_upto_now: 0.032258063554763794
125th run
noise dimension : 729
noise variance: 9115.3330078125
original u-statistic:-6.680606842041016
p value proxy: 0.5116279125213623
result: False
power_upto_now: 0.03200000151991844
126th run
noise dimension : 729
noise variance: 9109.5302734375
original u-statistic:10.143062591552734
p value proxy: 0.3654485046863556
result: False
power_upto_now: 0.0317460335791111
127th run
noise dimension : 729
noise variance: 9106.470703125
original u-statistic:-13.525789260864258
p value proxy: 0.6013289093971252
result: False
power_upto_now: 0.031496062874794006
128th run
noise dimension : 729
noise variance: 9113.748046875
original u-statistic:-18.432973861694336
p value proxy: 0.7076411843299866
result: False
power_upto_now: 0.03125
129th run
noise dimension : 729
noise variance: 9117.0654296875
original u-statistic:-4.201351165771484
p value proxy: 0.5282391905784607
result: False
power_upto_now: 0.03100775182247162
130th run
noise dimension : 729
noise variance: 9107.615234375
original u-statistic:24.27969741821289
p value proxy: 0.23255813121795654
result: False
power_upto_now: 0.03076923079788685
131th run
noise dimension : 729
noise variance: 9111.42578125
original u-statistic:26.384506225585938
p value proxy: 0.18936876952648163
result: False
power_upto_now: 0.030534351244568825
132th run
noise dimension : 729
noise variance: 9114.3798828125
original u-statistic:28.53718376159668
p value proxy: 0.21926909685134888
result: False
power_upto_now: 0.03030303120613098
133th run
noise dimension : 729
noise variance: 9111.685546875
original u-statistic:4.874809265136719
p value proxy: 0.4651162624359131
result: False
power_upto_now: 0.030075188726186752
134th run
noise dimension : 729
noise variance: 9116.7978515625
original u-statistic:11.832584381103516
p value proxy: 0.3887042999267578
result: False
power_upto_now: 0.02985074557363987
135th run
noise dimension : 729
noise variance: 9112.6083984375
original u-statistic:26.732852935791016
p value proxy: 0.23588038980960846
result: False
power_upto_now: 0.029629629105329514
136th run
noise dimension : 729
noise variance: 9111.828125
original u-statistic:-55.8758544921875
p value proxy: 0.9468438029289246
result: False
power_upto_now: 0.029411764815449715
137th run
noise dimension : 729
noise variance: 9112.8896484375
original u-statistic:15.025129318237305
p value proxy: 0.31561461091041565
result: False
power_upto_now: 0.029197080060839653
138th run
noise dimension : 729
noise variance: 9111.353515625
original u-statistic:-51.010841369628906
p value proxy: 0.9302325248718262
result: False
power_upto_now: 0.028985507786273956
139th run
noise dimension : 729
noise variance: 9117.6806640625
original u-statistic:-22.478960037231445
p value proxy: 0.7441860437393188
result: False
power_upto_now: 0.028776979073882103
140th run
noise dimension : 729
noise variance: 9115.01171875
original u-statistic:5.760880470275879
p value proxy: 0.39867109060287476
result: False
power_upto_now: 0.02857142873108387
141th run
noise dimension : 729
noise variance: 9114.3857421875
original u-statistic:17.2423095703125
p value proxy: 0.2790697515010834
result: False
power_upto_now: 0.028368793427944183
142th run
noise dimension : 729
noise variance: 9110.09375
original u-statistic:-21.46101188659668
p value proxy: 0.7342192530632019
result: False
power_upto_now: 0.028169013559818268
143th run
noise dimension : 729
noise variance: 9117.244140625
original u-statistic:-52.377193450927734
p value proxy: 0.9169434905052185
result: False
power_upto_now: 0.0279720276594162
144th run
noise dimension : 729
noise variance: 9108.5126953125
original u-statistic:-6.3043670654296875
p value proxy: 0.5880398750305176
result: False
power_upto_now: 0.02777777798473835
145th run
noise dimension : 729
noise variance: 9114.49609375
original u-statistic:53.22589111328125
p value proxy: 0.0830564796924591
result: False
power_upto_now: 0.027586206793785095
146th run
noise dimension : 729
noise variance: 9117.91015625
original u-statistic:-12.449804306030273
p value proxy: 0.6245846748352051
result: False
power_upto_now: 0.027397260069847107
147th run
noise dimension : 729
noise variance: 9115.8857421875
original u-statistic:-26.73174285888672
p value proxy: 0.8272424936294556
result: False
power_upto_now: 0.027210883796215057
148th run
noise dimension : 729
noise variance: 9112.00390625
original u-statistic:39.04924774169922
p value proxy: 0.10631228983402252
result: False
power_upto_now: 0.027027027681469917
149th run
noise dimension : 729
noise variance: 9111.1630859375
original u-statistic:-18.805360794067383
p value proxy: 0.6943521499633789
result: False
power_upto_now: 0.02684563770890236
150th run
noise dimension : 729
noise variance: 9108.107421875
original u-statistic:-57.243629455566406
p value proxy: 0.9302325248718262
result: False
power_upto_now: 0.02666666731238365
151th run
noise dimension : 729
noise variance: 9110.5
original u-statistic:-7.827789306640625
p value proxy: 0.6245846748352051
result: False
power_upto_now: 0.026490066200494766
152th run
noise dimension : 729
noise variance: 9109.5751953125
original u-statistic:10.13778305053711
p value proxy: 0.3521594703197479
result: False
power_upto_now: 0.02631578966975212
153th run
noise dimension : 729
noise variance: 9114.23828125
original u-statistic:-10.52183723449707
p value proxy: 0.604651153087616
result: False
power_upto_now: 0.026143791154026985
154th run
noise dimension : 729
noise variance: 9105.7998046875
original u-statistic:-10.290046691894531
p value proxy: 0.5780730843544006
result: False
power_upto_now: 0.025974025949835777
155th run
noise dimension : 729
noise variance: 9104.1142578125
original u-statistic:7.512911796569824
p value proxy: 0.43521595001220703
result: False
power_upto_now: 0.025806451216340065
156th run
noise dimension : 729
noise variance: 9115.736328125
original u-statistic:-10.925613403320312
p value proxy: 0.6544850468635559
result: False
power_upto_now: 0.025641025975346565
157th run
noise dimension : 729
noise variance: 9107.0078125
original u-statistic:44.39104461669922
p value proxy: 0.07641195505857468
result: False
power_upto_now: 0.025477707386016846
158th run
noise dimension : 729
noise variance: 9111.68359375
original u-statistic:26.443660736083984
p value proxy: 0.24916942417621613
result: False
power_upto_now: 0.025316456332802773
159th run
noise dimension : 729
noise variance: 9110.6708984375
original u-statistic:-8.092901229858398
p value proxy: 0.564784049987793
result: False
power_upto_now: 0.025157231837511063
160th run
noise dimension : 729
noise variance: 9115.1396484375
original u-statistic:-24.448152542114258
p value proxy: 0.7342192530632019
result: False
power_upto_now: 0.02500000037252903
161th run
noise dimension : 729
noise variance: 9117.2275390625
original u-statistic:11.184627532958984
p value proxy: 0.33887043595314026
result: False
power_upto_now: 0.02484472095966339
162th run
noise dimension : 729
noise variance: 9115.2080078125
original u-statistic:-29.074378967285156
p value proxy: 0.8006644248962402
result: False
power_upto_now: 0.02469135820865631
163th run
noise dimension : 729
noise variance: 9114.5732421875
original u-statistic:39.033180236816406
p value proxy: 0.09634551405906677
result: False
power_upto_now: 0.024539876729249954
164th run
noise dimension : 729
noise variance: 9118.3818359375
original u-statistic:42.59513854980469
p value proxy: 0.13621261715888977
result: False
power_upto_now: 0.024390242993831635
165th run
noise dimension : 729
noise variance: 9108.740234375
original u-statistic:-46.78974151611328
p value proxy: 0.9202657341957092
result: False
power_upto_now: 0.024242423474788666
166th run
noise dimension : 729
noise variance: 9110.0166015625
original u-statistic:-37.017879486083984
p value proxy: 0.843853771686554
result: False
power_upto_now: 0.024096384644508362
167th run
noise dimension : 729
noise variance: 9111.7294921875
original u-statistic:-31.73841667175293
p value proxy: 0.8372092843055725
result: False
power_upto_now: 0.023952096700668335
168th run
noise dimension : 729
noise variance: 9113.0908203125
original u-statistic:-4.292980194091797
p value proxy: 0.5714285373687744
result: False
power_upto_now: 0.02380952425301075
169th run
noise dimension : 729
noise variance: 9106.9541015625
original u-statistic:-19.43091583251953
p value proxy: 0.6976743936538696
result: False
power_upto_now: 0.023668639361858368
170th run
noise dimension : 729
noise variance: 9117.908203125
original u-statistic:15.229711532592773
p value proxy: 0.31893688440322876
result: False
power_upto_now: 0.0235294122248888
171th run
noise dimension : 729
noise variance: 9119.345703125
original u-statistic:-27.262889862060547
p value proxy: 0.8139534592628479
result: False
power_upto_now: 0.023391813039779663
172th run
noise dimension : 729
noise variance: 9112.5888671875
original u-statistic:-31.965503692626953
p value proxy: 0.8205980062484741
result: False
power_upto_now: 0.023255813866853714
173th run
noise dimension : 729
noise variance: 9115.779296875
original u-statistic:-10.911209106445312
p value proxy: 0.5681062936782837
result: False
power_upto_now: 0.023121386766433716
174th run
noise dimension : 729
noise variance: 9111.8056640625
original u-statistic:27.783100128173828
p value proxy: 0.19601328670978546
result: False
power_upto_now: 0.02298850566148758
175th run
noise dimension : 729
noise variance: 9108.5771484375
original u-statistic:-23.890073776245117
p value proxy: 0.7674418687820435
result: False
power_upto_now: 0.022857142612338066
176th run
noise dimension : 729
noise variance: 9111.8076171875
original u-statistic:2.771141529083252
p value proxy: 0.4684385359287262
result: False
power_upto_now: 0.022727273404598236
177th run
noise dimension : 729
noise variance: 9115.818359375
original u-statistic:20.97578239440918
p value proxy: 0.27574750781059265
result: False
power_upto_now: 0.02259887009859085
178th run
noise dimension : 729
noise variance: 9109.5185546875
original u-statistic:-29.018474578857422
p value proxy: 0.7607973217964172
result: False
power_upto_now: 0.02247191034257412
179th run
noise dimension : 729
noise variance: 9111.9169921875
original u-statistic:-33.6756591796875
p value proxy: 0.8504983186721802
result: False
power_upto_now: 0.022346368059515953
180th run
noise dimension : 729
noise variance: 9111.53125
original u-statistic:25.663726806640625
p value proxy: 0.27242523431777954
result: False
power_upto_now: 0.02222222276031971
181th run
noise dimension : 729
noise variance: 9108.576171875
original u-statistic:-27.817581176757812
p value proxy: 0.803986668586731
result: False
power_upto_now: 0.0220994483679533
182th run
noise dimension : 729
noise variance: 9112.373046875
original u-statistic:57.3998908996582
p value proxy: 0.059800662100315094
result: False
power_upto_now: 0.021978022530674934
183th run
noise dimension : 729
noise variance: 9103.6884765625
original u-statistic:37.239253997802734
p value proxy: 0.12956809997558594
result: False
power_upto_now: 0.02185792289674282
184th run
noise dimension : 729
noise variance: 9121.421875
original u-statistic:10.564899444580078
p value proxy: 0.4252491593360901
result: False
power_upto_now: 0.021739130839705467
185th run
noise dimension : 729
noise variance: 9115.48828125
original u-statistic:-28.123340606689453
p value proxy: 0.8106312155723572
result: False
power_upto_now: 0.021621622145175934
186th run
noise dimension : 729
noise variance: 9115.896484375
original u-statistic:48.92094421386719
p value proxy: 0.08970099687576294
result: False
power_upto_now: 0.02150537632405758
187th run
noise dimension : 729
noise variance: 9110.3564453125
original u-statistic:46.96678924560547
p value proxy: 0.10631228983402252
result: False
power_upto_now: 0.02139037474989891
188th run
noise dimension : 729
noise variance: 9107.845703125
original u-statistic:26.27921485900879
p value proxy: 0.22923587262630463
result: False
power_upto_now: 0.021276595070958138
189th run
noise dimension : 729
noise variance: 9101.8486328125
original u-statistic:-18.91727638244629
p value proxy: 0.674418568611145
result: False
power_upto_now: 0.021164020523428917
190th run
noise dimension : 729
noise variance: 9111.8916015625
original u-statistic:-5.4308624267578125
p value proxy: 0.5813953280448914
result: False
power_upto_now: 0.021052632480859756
191th run
noise dimension : 729
noise variance: 9115.7255859375
original u-statistic:-10.850540161132812
p value proxy: 0.6312292218208313
result: False
power_upto_now: 0.020942408591508865
192th run
noise dimension : 729
noise variance: 9107.306640625
original u-statistic:-10.991852760314941
p value proxy: 0.634551465511322
result: False
power_upto_now: 0.02083333395421505
193th run
noise dimension : 729
noise variance: 9111.7216796875
original u-statistic:7.0293073654174805
p value proxy: 0.4019933342933655
result: False
power_upto_now: 0.020725388079881668
194th run
noise dimension : 729
noise variance: 9116.232421875
original u-statistic:2.427961826324463
p value proxy: 0.49833884835243225
result: False
power_upto_now: 0.020618556067347527
195th run
noise dimension : 729
noise variance: 9115.90234375
original u-statistic:-24.049209594726562
p value proxy: 0.6943521499633789
result: False
power_upto_now: 0.020512821152806282
196th run
noise dimension : 729
noise variance: 9107.1640625
original u-statistic:31.13800811767578
p value proxy: 0.17275747656822205
result: False
power_upto_now: 0.020408162847161293
197th run
noise dimension : 729
noise variance: 9110.4716796875
original u-statistic:44.034141540527344
p value proxy: 0.0830564796924591
result: False
power_upto_now: 0.020304568111896515
198th run
noise dimension : 729
noise variance: 9120.1494140625
original u-statistic:67.7923812866211
p value proxy: 0.029900331050157547
result: True
power_upto_now: 0.02525252476334572
199th run
noise dimension : 729
noise variance: 9110.0927734375
original u-statistic:44.53680419921875
p value proxy: 0.13289035856723785
result: False
power_upto_now: 0.02512562833726406
200th run
noise dimension : 729
noise variance: 9109.7177734375
original u-statistic:-11.847436904907227
p value proxy: 0.6511628031730652
result: False
power_upto_now: 0.02500000037252903
201th run
noise dimension : 729
noise variance: 9113.1865234375
original u-statistic:42.51664733886719
p value proxy: 0.13289035856723785
result: False
power_upto_now: 0.024875622242689133
202th run
noise dimension : 729
noise variance: 9114.265625
original u-statistic:-40.861610412597656
p value proxy: 0.9003322124481201
result: False
power_upto_now: 0.024752475321292877
203th run
noise dimension : 729
noise variance: 9114.8740234375
original u-statistic:3.482006072998047
p value proxy: 0.4119601249694824
result: False
power_upto_now: 0.02463054098188877
204th run
noise dimension : 729
noise variance: 9112.3173828125
original u-statistic:-27.38576889038086
p value proxy: 0.7840531468391418
result: False
power_upto_now: 0.02450980432331562
205th run
noise dimension : 729
noise variance: 9110.5625
original u-statistic:31.28687286376953
p value proxy: 0.17940199375152588
result: False
power_upto_now: 0.024390242993831635
206th run
noise dimension : 729
noise variance: 9117.3349609375
original u-statistic:-25.253511428833008
p value proxy: 0.7441860437393188
result: False
power_upto_now: 0.02427184395492077
207th run
noise dimension : 729
noise variance: 9107.2265625
original u-statistic:15.392778396606445
p value proxy: 0.3289036452770233
result: False
power_upto_now: 0.02415458858013153
208th run
noise dimension : 729
noise variance: 9115.197265625
original u-statistic:-37.043697357177734
p value proxy: 0.8073089718818665
result: False
power_upto_now: 0.024038461968302727
209th run
noise dimension : 729
noise variance: 9107.1259765625
original u-statistic:-9.202274322509766
p value proxy: 0.5681062936782837
result: False
power_upto_now: 0.023923445492982864
210th run
noise dimension : 729
noise variance: 9115.646484375
original u-statistic:-24.504459381103516
p value proxy: 0.7574750781059265
result: False
power_upto_now: 0.02380952425301075
211th run
noise dimension : 729
noise variance: 9112.9150390625
original u-statistic:2.2655887603759766
p value proxy: 0.5049833655357361
result: False
power_upto_now: 0.02369668334722519
212th run
noise dimension : 729
noise variance: 9108.9873046875
original u-statistic:3.248645782470703
p value proxy: 0.4285714328289032
result: False
power_upto_now: 0.02358490601181984
213th run
noise dimension : 729
noise variance: 9110.205078125
original u-statistic:-8.627599716186523
p value proxy: 0.604651153087616
result: False
power_upto_now: 0.023474179208278656
214th run
noise dimension : 729
noise variance: 9110.689453125
original u-statistic:32.549381256103516
p value proxy: 0.1860465109348297
result: False
power_upto_now: 0.023364486172795296
215th run
noise dimension : 729
noise variance: 9112.986328125
original u-statistic:14.089897155761719
p value proxy: 0.33887043595314026
result: False
power_upto_now: 0.023255813866853714
216th run
noise dimension : 729
noise variance: 9120.6220703125
original u-statistic:51.001609802246094
p value proxy: 0.07308969646692276
result: False
power_upto_now: 0.023148147389292717
217th run
noise dimension : 729
noise variance: 9112.9326171875
original u-statistic:-0.9408397674560547
p value proxy: 0.4651162624359131
result: False
power_upto_now: 0.02304147556424141
218th run
noise dimension : 729
noise variance: 9104.4951171875
original u-statistic:-13.491351127624512
p value proxy: 0.6378737688064575
result: False
power_upto_now: 0.0229357797652483
219th run
noise dimension : 729
noise variance: 9111.3955078125
original u-statistic:-16.70504379272461
p value proxy: 0.7109634280204773
result: False
power_upto_now: 0.02283105067908764
220th run
noise dimension : 729
noise variance: 9113.2529296875
original u-statistic:-9.723381042480469
p value proxy: 0.5780730843544006
result: False
power_upto_now: 0.022727273404598236
221th run
noise dimension : 729
noise variance: 9119.7060546875
original u-statistic:-5.895599365234375
p value proxy: 0.5514950156211853
result: False
power_upto_now: 0.022624434903264046
222th run
noise dimension : 729
noise variance: 9106.7412109375
original u-statistic:48.06884765625
p value proxy: 0.10631228983402252
result: False
power_upto_now: 0.022522522136569023
223th run
noise dimension : 729
noise variance: 9115.2099609375
original u-statistic:26.238418579101562
p value proxy: 0.19269102811813354
result: False
power_upto_now: 0.022421523928642273
224th run
noise dimension : 729
noise variance: 9109.6064453125
original u-statistic:-24.593162536621094
p value proxy: 0.764119565486908
result: False
power_upto_now: 0.0223214291036129
225th run
noise dimension : 729
noise variance: 9117.6572265625
original u-statistic:29.91693878173828
p value proxy: 0.2691029906272888
result: False
power_upto_now: 0.02222222276031971
226th run
noise dimension : 729
noise variance: 9109.791015625
original u-statistic:-73.45706939697266
p value proxy: 0.9767441749572754
result: False
power_upto_now: 0.022123893722891808
227th run
noise dimension : 729
noise variance: 9108.5234375
original u-statistic:-54.58371353149414
p value proxy: 0.9568105936050415
result: False
power_upto_now: 0.022026430815458298
228th run
noise dimension : 729
noise variance: 9107.5419921875
original u-statistic:47.82758712768555
p value proxy: 0.07973422110080719
result: False
power_upto_now: 0.021929824724793434
229th run
noise dimension : 729
noise variance: 9113.1474609375
original u-statistic:-10.195796012878418
p value proxy: 0.6578072905540466
result: False
power_upto_now: 0.021834060549736023
230th run
noise dimension : 729
noise variance: 9117.630859375
original u-statistic:53.273983001708984
p value proxy: 0.09302325546741486
result: False
power_upto_now: 0.021739130839705467
231th run
noise dimension : 729
noise variance: 9110.2734375
original u-statistic:15.578727722167969
p value proxy: 0.29568105936050415
result: False
power_upto_now: 0.021645022556185722
232th run
noise dimension : 729
noise variance: 9115.05859375
original u-statistic:2.1128005981445312
p value proxy: 0.4086378514766693
result: False
power_upto_now: 0.021551724523305893
233th run
noise dimension : 729
noise variance: 9117.6396484375
original u-statistic:-8.997055053710938
p value proxy: 0.6013289093971252
result: False
power_upto_now: 0.021459227427840233
234th run
noise dimension : 729
noise variance: 9116.83984375
original u-statistic:-9.520061492919922
p value proxy: 0.5780730843544006
result: False
power_upto_now: 0.021367521956562996
235th run
noise dimension : 729
noise variance: 9111.8427734375
original u-statistic:26.11651611328125
p value proxy: 0.2259136140346527
result: False
power_upto_now: 0.021276595070958138
236th run
noise dimension : 729
noise variance: 9112.19140625
original u-statistic:79.0128173828125
p value proxy: 0.009966777637600899
result: True
power_upto_now: 0.025423727929592133
237th run
noise dimension : 729
noise variance: 9109.310546875
original u-statistic:20.628376007080078
p value proxy: 0.2857142686843872
result: False
power_upto_now: 0.025316456332802773
238th run
noise dimension : 729
noise variance: 9104.0341796875
original u-statistic:18.94860076904297
p value proxy: 0.2458471655845642
result: False
power_upto_now: 0.02521008439362049
239th run
noise dimension : 729
noise variance: 9112.5458984375
original u-statistic:34.100521087646484
p value proxy: 0.18936876952648163
result: False
power_upto_now: 0.025104602798819542
240th run
noise dimension : 729
noise variance: 9106.1884765625
original u-statistic:-32.70109176635742
p value proxy: 0.7906976342201233
result: False
power_upto_now: 0.02500000037252903
241th run
noise dimension : 729
noise variance: 9117.931640625
original u-statistic:41.441009521484375
p value proxy: 0.14950165152549744
result: False
power_upto_now: 0.02489626593887806
242th run
noise dimension : 729
noise variance: 9113.8349609375
original u-statistic:-85.96241760253906
p value proxy: 0.9966776967048645
result: False
power_upto_now: 0.024793388321995735
243th run
noise dimension : 729
noise variance: 9112.6376953125
original u-statistic:-23.119815826416016
p value proxy: 0.7109634280204773
result: False
power_upto_now: 0.02469135820865631
244th run
noise dimension : 729
noise variance: 9108.837890625
original u-statistic:-86.56784057617188
p value proxy: 0.9966776967048645
result: False
power_upto_now: 0.02459016442298889
245th run
noise dimension : 729
noise variance: 9114.888671875
original u-statistic:15.287393569946289
p value proxy: 0.3488371968269348
result: False
power_upto_now: 0.02448979578912258
246th run
noise dimension : 729
noise variance: 9109.2109375
original u-statistic:42.39326095581055
p value proxy: 0.11627906560897827
result: False
power_upto_now: 0.024390242993831635
247th run
noise dimension : 729
noise variance: 9109.384765625
original u-statistic:37.731380462646484
p value proxy: 0.1627907007932663
result: False
power_upto_now: 0.024291498586535454
248th run
noise dimension : 729
noise variance: 9111.8837890625
original u-statistic:-48.54148864746094
p value proxy: 0.9102990031242371
result: False
power_upto_now: 0.024193547666072845
249th run
noise dimension : 729
noise variance: 9112.173828125
original u-statistic:-33.407440185546875
p value proxy: 0.8671095967292786
result: False
power_upto_now: 0.024096384644508362
250th run
noise dimension : 729
noise variance: 9108.7099609375
original u-statistic:-57.7802734375
p value proxy: 0.9501661062240601
result: False
power_upto_now: 0.024000000208616257
251th run
noise dimension : 729
noise variance: 9115.0927734375
original u-statistic:33.76164245605469
p value proxy: 0.14950165152549744
result: False
power_upto_now: 0.023904383182525635
252th run
noise dimension : 729
noise variance: 9112.3994140625
original u-statistic:-24.62823486328125
p value proxy: 0.7906976342201233
result: False
power_upto_now: 0.02380952425301075
253th run
noise dimension : 729
noise variance: 9117.583984375
original u-statistic:36.85651779174805
p value proxy: 0.17275747656822205
result: False
power_upto_now: 0.023715414106845856
254th run
noise dimension : 729
noise variance: 9112.5556640625
original u-statistic:-49.68931579589844
p value proxy: 0.9269102811813354
result: False
power_upto_now: 0.023622047156095505
255th run
noise dimension : 729
noise variance: 9112.3271484375
original u-statistic:1.4273710250854492
p value proxy: 0.4717607796192169
result: False
power_upto_now: 0.0235294122248888
256th run
noise dimension : 729
noise variance: 9117.85546875
original u-statistic:-18.03624725341797
p value proxy: 0.7076411843299866
result: False
power_upto_now: 0.0234375
257th run
noise dimension : 729
noise variance: 9110.01171875
original u-statistic:7.6811981201171875
p value proxy: 0.39534881711006165
result: False
power_upto_now: 0.023346303030848503
258th run
noise dimension : 729
noise variance: 9110.3896484375
original u-statistic:-8.89322566986084
p value proxy: 0.5182723999023438
result: False
power_upto_now: 0.023255813866853714
259th run
noise dimension : 729
noise variance: 9117.0126953125
original u-statistic:77.15582275390625
p value proxy: 0.009966777637600899
result: True
power_upto_now: 0.027027027681469917
260th run
noise dimension : 729
noise variance: 9119.87890625
original u-statistic:20.832210540771484
p value proxy: 0.27242523431777954
result: False
power_upto_now: 0.026923077180981636
261th run
noise dimension : 729
noise variance: 9113.5771484375
original u-statistic:3.5164756774902344
p value proxy: 0.41528236865997314
result: False
power_upto_now: 0.026819923892617226
262th run
noise dimension : 729
noise variance: 9102.5263671875
original u-statistic:6.681332588195801
p value proxy: 0.44186046719551086
result: False
power_upto_now: 0.02671755664050579
263th run
noise dimension : 729
noise variance: 9104.23828125
original u-statistic:5.279186248779297
p value proxy: 0.421926885843277
result: False
power_upto_now: 0.026615969836711884
264th run
noise dimension : 729
noise variance: 9114.1875
original u-statistic:18.372617721557617
p value proxy: 0.2990033030509949
result: False
power_upto_now: 0.02651515230536461
265th run
noise dimension : 729
noise variance: 9110.3251953125
original u-statistic:28.494205474853516
p value proxy: 0.19933554530143738
result: False
power_upto_now: 0.02641509473323822
266th run
noise dimension : 729
noise variance: 9112.6455078125
original u-statistic:5.256834983825684
p value proxy: 0.41528236865997314
result: False
power_upto_now: 0.02631578966975212
267th run
noise dimension : 729
noise variance: 9110.3623046875
original u-statistic:-28.979286193847656
p value proxy: 0.8106312155723572
result: False
power_upto_now: 0.026217227801680565
268th run
noise dimension : 729
noise variance: 9110.68359375
original u-statistic:-41.586891174316406
p value proxy: 0.9003322124481201
result: False
power_upto_now: 0.026119403541088104
269th run
noise dimension : 729
noise variance: 9111.9033203125
original u-statistic:-26.052841186523438
p value proxy: 0.803986668586731
result: False
power_upto_now: 0.026022305712103844
270th run
noise dimension : 729
noise variance: 9117.853515625
original u-statistic:-4.811958312988281
p value proxy: 0.554817259311676
result: False
power_upto_now: 0.025925925001502037
271th run
noise dimension : 729
noise variance: 9104.7470703125
original u-statistic:-11.776933670043945
p value proxy: 0.6511628031730652
result: False
power_upto_now: 0.025830257683992386
272th run
noise dimension : 729
noise variance: 9113.1201171875
original u-statistic:-54.125518798828125
p value proxy: 0.9568105936050415
result: False
power_upto_now: 0.025735294446349144
273th run
noise dimension : 729
noise variance: 9115.642578125
original u-statistic:22.85245132446289
p value proxy: 0.2657807171344757
result: False
power_upto_now: 0.025641025975346565
274th run
noise dimension : 729
noise variance: 9120.103515625
original u-statistic:54.28025436401367
p value proxy: 0.05647840350866318
result: False
power_upto_now: 0.025547444820404053
275th run
noise dimension : 729
noise variance: 9112.28515625
original u-statistic:54.61369323730469
p value proxy: 0.05647840350866318
result: False
power_upto_now: 0.02545454539358616
276th run
noise dimension : 729
noise variance: 9115.4287109375
original u-statistic:9.39393424987793
p value proxy: 0.39534881711006165
result: False
power_upto_now: 0.025362318381667137
277th run
noise dimension : 729
noise variance: 9111.849609375
original u-statistic:41.14453125
p value proxy: 0.13621261715888977
result: False
power_upto_now: 0.02527075819671154
278th run
noise dimension : 729
noise variance: 9118.7685546875
original u-statistic:-28.977718353271484
p value proxy: 0.7774085998535156
result: False
power_upto_now: 0.025179855525493622
279th run
noise dimension : 729
noise variance: 9114.5400390625
original u-statistic:4.027181625366211
p value proxy: 0.43853819370269775
result: False
power_upto_now: 0.025089606642723083
280th run
noise dimension : 729
noise variance: 9109.19140625
original u-statistic:32.21938705444336
p value proxy: 0.17607973515987396
result: False
power_upto_now: 0.02500000037252903
281th run
noise dimension : 729
noise variance: 9115.5087890625
original u-statistic:-12.371137619018555
p value proxy: 0.6312292218208313
result: False
power_upto_now: 0.024911031126976013
282th run
noise dimension : 729
noise variance: 9113.1728515625
original u-statistic:-13.568584442138672
p value proxy: 0.5980066061019897
result: False
power_upto_now: 0.024822695180773735
283th run
noise dimension : 729
noise variance: 9113.140625
original u-statistic:-1.2739715576171875
p value proxy: 0.49501660466194153
result: False
power_upto_now: 0.02473498322069645
284th run
noise dimension : 729
noise variance: 9107.078125
original u-statistic:-26.03038215637207
p value proxy: 0.764119565486908
result: False
power_upto_now: 0.02464788779616356
285th run
noise dimension : 729
noise variance: 9102.578125
original u-statistic:-23.38603973388672
p value proxy: 0.7873753905296326
result: False
power_upto_now: 0.024561403319239616
286th run
noise dimension : 729
noise variance: 9117.1552734375
original u-statistic:-2.3610923290252686
p value proxy: 0.5514950156211853
result: False
power_upto_now: 0.024475524201989174
287th run
noise dimension : 729
noise variance: 9112.1162109375
original u-statistic:33.0640869140625
p value proxy: 0.24916942417621613
result: False
power_upto_now: 0.024390242993831635
288th run
noise dimension : 729
noise variance: 9111.4248046875
original u-statistic:-8.499842643737793
p value proxy: 0.594684362411499
result: False
power_upto_now: 0.0243055559694767
289th run
noise dimension : 729
noise variance: 9111.638671875
original u-statistic:11.775779724121094
p value proxy: 0.3920265734195709
result: False
power_upto_now: 0.024221453815698624
290th run
noise dimension : 729
noise variance: 9111.1708984375
original u-statistic:-23.76144790649414
p value proxy: 0.7541528344154358
result: False
power_upto_now: 0.02413793094456196
291th run
noise dimension : 729
noise variance: 9120.3349609375
original u-statistic:27.872669219970703
p value proxy: 0.2225913554430008
result: False
power_upto_now: 0.024054983630776405
292th run
noise dimension : 729
noise variance: 9117.7607421875
original u-statistic:-17.85625457763672
p value proxy: 0.684385359287262
result: False
power_upto_now: 0.02397260256111622
293th run
noise dimension : 729
noise variance: 9111.5146484375
original u-statistic:13.52764892578125
p value proxy: 0.2990033030509949
result: False
power_upto_now: 0.02389078587293625
294th run
noise dimension : 729
noise variance: 9107.3173828125
original u-statistic:-29.77916717529297
p value proxy: 0.8239202499389648
result: False
power_upto_now: 0.02380952425301075
295th run
noise dimension : 729
noise variance: 9112.998046875
original u-statistic:-38.88031005859375
p value proxy: 0.8936876654624939
result: False
power_upto_now: 0.023728813976049423
296th run
noise dimension : 729
noise variance: 9102.7763671875
original u-statistic:-34.49787521362305
p value proxy: 0.8006644248962402
result: False
power_upto_now: 0.02364864945411682
297th run
noise dimension : 729
noise variance: 9108.65625
original u-statistic:3.4829277992248535
p value proxy: 0.4318936765193939
result: False
power_upto_now: 0.023569023236632347
298th run
noise dimension : 729
noise variance: 9112.837890625
original u-statistic:44.147247314453125
p value proxy: 0.1029900312423706
result: False
power_upto_now: 0.02348993346095085
299th run
noise dimension : 729
noise variance: 9116.4013671875
original u-statistic:55.27520751953125
p value proxy: 0.0830564796924591
result: False
power_upto_now: 0.023411370813846588
300th run
noise dimension : 729
noise variance: 9119.3359375
original u-statistic:41.11015319824219
p value proxy: 0.1428571343421936
result: False
power_upto_now: 0.023333333432674408
301th run
noise dimension : 729
noise variance: 9116.7890625
original u-statistic:26.47212028503418
p value proxy: 0.262458473443985
result: False
power_upto_now: 0.023255813866853714
302th run
noise dimension : 729
noise variance: 9113.3349609375
original u-statistic:-8.2423095703125
p value proxy: 0.6279069781303406
result: False
power_upto_now: 0.023178808391094208
303th run
noise dimension : 729
noise variance: 9110.5791015625
original u-statistic:41.41920852661133
p value proxy: 0.11295680701732635
result: False
power_upto_now: 0.023102309554815292
304th run
noise dimension : 729
noise variance: 9114.28515625
original u-statistic:-22.279062271118164
p value proxy: 0.7441860437393188
result: False
power_upto_now: 0.02302631549537182
305th run
noise dimension : 729
noise variance: 9113.19140625
original u-statistic:-62.684749603271484
p value proxy: 0.9667773842811584
result: False
power_upto_now: 0.02295081876218319
306th run
noise dimension : 729
noise variance: 9110.3955078125
original u-statistic:-32.64182662963867
p value proxy: 0.8272424936294556
result: False
power_upto_now: 0.022875817492604256
307th run
noise dimension : 729
noise variance: 9114.900390625
original u-statistic:-25.5670108795166
p value proxy: 0.7408637404441833
result: False
power_upto_now: 0.02280130237340927
308th run
noise dimension : 729
noise variance: 9115.7998046875
original u-statistic:4.602811813354492
p value proxy: 0.4916943311691284
result: False
power_upto_now: 0.022727273404598236
309th run
noise dimension : 729
noise variance: 9114.7177734375
original u-statistic:52.31117630004883
p value proxy: 0.07641195505857468
result: False
power_upto_now: 0.022653721272945404
310th run
noise dimension : 729
noise variance: 9108.806640625
original u-statistic:-1.8360748291015625
p value proxy: 0.5182723999023438
result: False
power_upto_now: 0.022580645978450775
311th run
noise dimension : 729
noise variance: 9113.0517578125
original u-statistic:-46.61790466308594
p value proxy: 0.9036544561386108
result: False
power_upto_now: 0.022508038207888603
312th run
noise dimension : 729
noise variance: 9109.8212890625
original u-statistic:-1.4744415283203125
p value proxy: 0.5415282249450684
result: False
power_upto_now: 0.022435897961258888
313th run
noise dimension : 729
noise variance: 9116.4619140625
original u-statistic:7.994474411010742
p value proxy: 0.43853819370269775
result: False
power_upto_now: 0.022364217787981033
314th run
noise dimension : 729
noise variance: 9116.7060546875
original u-statistic:-10.018682479858398
p value proxy: 0.5980066061019897
result: False
power_upto_now: 0.02229299396276474
315th run
noise dimension : 729
noise variance: 9109.96484375
original u-statistic:-1.8916854858398438
p value proxy: 0.4850498139858246
result: False
power_upto_now: 0.02222222276031971
316th run
noise dimension : 729
noise variance: 9111.958984375
original u-statistic:-6.590888977050781
p value proxy: 0.5913621187210083
result: False
power_upto_now: 0.022151898592710495
317th run
noise dimension : 729
noise variance: 9113.53515625
original u-statistic:-39.09922790527344
p value proxy: 0.8504983186721802
result: False
power_upto_now: 0.022082019597291946
318th run
noise dimension : 729
noise variance: 9115.654296875
original u-statistic:18.952077865600586
p value proxy: 0.2591361999511719
result: False
power_upto_now: 0.022012578323483467
319th run
noise dimension : 729
noise variance: 9108.341796875
original u-statistic:25.563339233398438
p value proxy: 0.2225913554430008
result: False
power_upto_now: 0.021943572908639908
320th run
noise dimension : 729
noise variance: 9103.625
original u-statistic:2.3983631134033203
p value proxy: 0.47508305311203003
result: False
power_upto_now: 0.02187499962747097
321th run
noise dimension : 729
noise variance: 9113.4208984375
original u-statistic:-12.644051551818848
p value proxy: 0.6411960124969482
result: False
power_upto_now: 0.021806852892041206
322th run
noise dimension : 729
noise variance: 9110.1357421875
original u-statistic:-12.05448055267334
p value proxy: 0.6644518375396729
result: False
power_upto_now: 0.021739130839705467
323th run
noise dimension : 729
noise variance: 9116.1376953125
original u-statistic:27.38931655883789
p value proxy: 0.21262457966804504
result: False
power_upto_now: 0.021671826019883156
324th run
noise dimension : 729
noise variance: 9111.55859375
original u-statistic:28.779436111450195
p value proxy: 0.19933554530143738
result: False
power_upto_now: 0.021604938432574272
325th run
noise dimension : 729
noise variance: 9109.53125
original u-statistic:-1.231733798980713
p value proxy: 0.5016611218452454
result: False
power_upto_now: 0.02153846062719822
326th run
noise dimension : 729
noise variance: 9111.4580078125
original u-statistic:3.6765129566192627
p value proxy: 0.46179401874542236
result: False
power_upto_now: 0.021472392603754997
327th run
noise dimension : 729
noise variance: 9116.064453125
original u-statistic:16.22332000732422
p value proxy: 0.31561461091041565
result: False
power_upto_now: 0.02140672691166401
328th run
noise dimension : 729
noise variance: 9113.0517578125
original u-statistic:4.975246429443359
p value proxy: 0.45514950156211853
result: False
power_upto_now: 0.021341463550925255
329th run
noise dimension : 729
noise variance: 9114.765625
original u-statistic:-53.95490264892578
p value proxy: 0.9335547685623169
result: False
power_upto_now: 0.021276595070958138
330th run
noise dimension : 729
noise variance: 9106.396484375
original u-statistic:-32.746925354003906
p value proxy: 0.7973421812057495
result: False
power_upto_now: 0.021212121471762657
331th run
noise dimension : 729
noise variance: 9110.140625
original u-statistic:13.474342346191406
p value proxy: 0.3222591280937195
result: False
power_upto_now: 0.021148037165403366
332th run
noise dimension : 729
noise variance: 9109.8515625
original u-statistic:-47.234561920166016
p value proxy: 0.9169434905052185
result: False
power_upto_now: 0.021084336563944817
333th run
noise dimension : 729
noise variance: 9116.9306640625
original u-statistic:38.714111328125
p value proxy: 0.11960132420063019
result: False
power_upto_now: 0.021021021530032158
334th run
noise dimension : 729
noise variance: 9111.3720703125
original u-statistic:-0.6244802474975586
p value proxy: 0.5182723999023438
result: False
power_upto_now: 0.020958084613084793
335th run
noise dimension : 729
noise variance: 9116.388671875
original u-statistic:-6.729265213012695
p value proxy: 0.5581395030021667
result: False
power_upto_now: 0.020895522087812424
336th run
noise dimension : 729
noise variance: 9112.8701171875
original u-statistic:18.572959899902344
p value proxy: 0.3056478202342987
result: False
power_upto_now: 0.02083333395421505
337th run
noise dimension : 729
noise variance: 9114.5322265625
original u-statistic:-30.298011779785156
p value proxy: 0.8139534592628479
result: False
power_upto_now: 0.020771512761712074
338th run
noise dimension : 729
noise variance: 9109.3037109375
original u-statistic:37.42052459716797
p value proxy: 0.1627907007932663
result: False
power_upto_now: 0.020710058510303497
339th run
noise dimension : 729
noise variance: 9112.8681640625
original u-statistic:-10.131118774414062
p value proxy: 0.5813953280448914
result: False
power_upto_now: 0.02064896747469902
340th run
noise dimension : 729
noise variance: 9112.947265625
original u-statistic:24.620014190673828
p value proxy: 0.2591361999511719
result: False
power_upto_now: 0.020588235929608345
341th run
noise dimension : 729
noise variance: 9107.73046875
original u-statistic:0.8426780700683594
p value proxy: 0.4916943311691284
result: False
power_upto_now: 0.020527860149741173
342th run
noise dimension : 729
noise variance: 9114.228515625
original u-statistic:24.47272491455078
p value proxy: 0.23588038980960846
result: False
power_upto_now: 0.020467836409807205
343th run
noise dimension : 729
noise variance: 9101.4638671875
original u-statistic:-19.527389526367188
p value proxy: 0.674418568611145
result: False
power_upto_now: 0.020408162847161293
344th run
noise dimension : 729
noise variance: 9119.041015625
original u-statistic:-26.516159057617188
p value proxy: 0.7707641124725342
result: False
power_upto_now: 0.020348837599158287
345th run
noise dimension : 729
noise variance: 9113.18359375
original u-statistic:-52.739864349365234
p value proxy: 0.9036544561386108
result: False
power_upto_now: 0.02028985507786274
346th run
noise dimension : 729
noise variance: 9110.9521484375
original u-statistic:39.76213073730469
p value proxy: 0.13621261715888977
result: False
power_upto_now: 0.0202312134206295
347th run
noise dimension : 729
noise variance: 9108.697265625
original u-statistic:16.041297912597656
p value proxy: 0.27242523431777954
result: False
power_upto_now: 0.020172910764813423
348th run
noise dimension : 729
noise variance: 9119.6591796875
original u-statistic:37.2693977355957
p value proxy: 0.14950165152549744
result: False
power_upto_now: 0.020114943385124207
349th run
noise dimension : 729
noise variance: 9120.59375
original u-statistic:1.2736759185791016
p value proxy: 0.4518272280693054
result: False
power_upto_now: 0.020057305693626404
350th run
noise dimension : 729
noise variance: 9112.498046875
original u-statistic:-39.16910171508789
p value proxy: 0.8770763874053955
result: False
power_upto_now: 0.019999999552965164
351th run
noise dimension : 729
noise variance: 9112.990234375
original u-statistic:24.295635223388672
p value proxy: 0.2790697515010834
result: False
power_upto_now: 0.01994301937520504
352th run
noise dimension : 729
noise variance: 9105.7822265625
original u-statistic:32.13404083251953
p value proxy: 0.17275747656822205
result: False
power_upto_now: 0.019886363297700882
353th run
noise dimension : 729
noise variance: 9114.3525390625
original u-statistic:15.418783187866211
p value proxy: 0.3654485046863556
result: False
power_upto_now: 0.01983002759516239
354th run
noise dimension : 729
noise variance: 9121.0654296875
original u-statistic:38.516571044921875
p value proxy: 0.15282391011714935
result: False
power_upto_now: 0.01977401040494442
355th run
noise dimension : 729
noise variance: 9114.7294921875
original u-statistic:6.063892364501953
p value proxy: 0.4252491593360901
result: False
power_upto_now: 0.019718309864401817
356th run
noise dimension : 729
noise variance: 9113.0439453125
original u-statistic:3.5964837074279785
p value proxy: 0.45847174525260925
result: False
power_upto_now: 0.019662922248244286
357th run
noise dimension : 729
noise variance: 9116.021484375
original u-statistic:-5.053813457489014
p value proxy: 0.5614618062973022
result: False
power_upto_now: 0.019607843831181526
358th run
noise dimension : 729
noise variance: 9106.5859375
original u-statistic:15.828046798706055
p value proxy: 0.3255814015865326
result: False
power_upto_now: 0.01955307275056839
359th run
noise dimension : 729
noise variance: 9113.0322265625
original u-statistic:-87.32048034667969
p value proxy: 0.9966776967048645
result: False
power_upto_now: 0.019498607143759727
360th run
noise dimension : 729
noise variance: 9117.279296875
original u-statistic:-20.077600479125977
p value proxy: 0.714285671710968
result: False
power_upto_now: 0.01944444514811039
361th run
noise dimension : 729
noise variance: 9109.0234375
original u-statistic:-12.597015380859375
p value proxy: 0.6511628031730652
result: False
power_upto_now: 0.01939058117568493
362th run
noise dimension : 729
noise variance: 9115.3466796875
original u-statistic:8.219989776611328
p value proxy: 0.5016611218452454
result: False
power_upto_now: 0.019337017089128494
363th run
noise dimension : 729
noise variance: 9108.583984375
original u-statistic:-15.140642166137695
p value proxy: 0.6378737688064575
result: False
power_upto_now: 0.019283747300505638
364th run
noise dimension : 729
noise variance: 9111.0205078125
original u-statistic:34.419681549072266
p value proxy: 0.1661129593849182
result: False
power_upto_now: 0.01923076994717121
365th run
noise dimension : 729
noise variance: 9109.607421875
original u-statistic:-23.937978744506836
p value proxy: 0.7807309031486511
result: False
power_upto_now: 0.019178081303834915
366th run
noise dimension : 729
noise variance: 9101.75
original u-statistic:-33.320011138916016
p value proxy: 0.8272424936294556
result: False
power_upto_now: 0.0191256832331419
367th run
noise dimension : 729
noise variance: 9115.6875
original u-statistic:30.0477294921875
p value proxy: 0.18936876952648163
result: False
power_upto_now: 0.019073570147156715
368th run
noise dimension : 729
noise variance: 9109.3916015625
original u-statistic:46.290061950683594
p value proxy: 0.06976743787527084
result: False
power_upto_now: 0.019021738320589066
369th run
noise dimension : 729
noise variance: 9115.7275390625
original u-statistic:-6.890373229980469
p value proxy: 0.5747508406639099
result: False
power_upto_now: 0.0189701896160841
370th run
noise dimension : 729
noise variance: 9109.09765625
original u-statistic:7.280278205871582
p value proxy: 0.41528236865997314
result: False
power_upto_now: 0.018918918445706367
371th run
noise dimension : 729
noise variance: 9108.7490234375
original u-statistic:-43.09612274169922
p value proxy: 0.9136212468147278
result: False
power_upto_now: 0.01886792480945587
372th run
noise dimension : 729
noise variance: 9108.8798828125
original u-statistic:-8.954916000366211
p value proxy: 0.5747508406639099
result: False
power_upto_now: 0.018817204982042313
373th run
noise dimension : 729
noise variance: 9114.857421875
original u-statistic:-21.244258880615234
p value proxy: 0.7441860437393188
result: False
power_upto_now: 0.018766755238175392
374th run
noise dimension : 729
noise variance: 9112.66015625
original u-statistic:7.307117462158203
p value proxy: 0.4019933342933655
result: False
power_upto_now: 0.01871657744050026
375th run
noise dimension : 729
noise variance: 9116.650390625
original u-statistic:26.591602325439453
p value proxy: 0.23920264840126038
result: False
power_upto_now: 0.018666666001081467
376th run
noise dimension : 729
noise variance: 9115.4287109375
original u-statistic:20.476558685302734
p value proxy: 0.2990033030509949
result: False
power_upto_now: 0.018617020919919014
377th run
noise dimension : 729
noise variance: 9105.4404296875
original u-statistic:29.992477416992188
p value proxy: 0.1860465109348297
result: False
power_upto_now: 0.018567638471722603
378th run
noise dimension : 729
noise variance: 9108.5205078125
original u-statistic:-18.831594467163086
p value proxy: 0.684385359287262
result: False
power_upto_now: 0.018518518656492233
379th run
noise dimension : 729
noise variance: 9107.5166015625
original u-statistic:-9.042842864990234
p value proxy: 0.6212624311447144
result: False
power_upto_now: 0.018469657748937607
380th run
noise dimension : 729
noise variance: 9112.5830078125
original u-statistic:-39.9547233581543
p value proxy: 0.8803986310958862
result: False
power_upto_now: 0.018421052023768425
381th run
noise dimension : 729
noise variance: 9116.171875
original u-statistic:-7.9025115966796875
p value proxy: 0.5913621187210083
result: False
power_upto_now: 0.018372703343629837
382th run
noise dimension : 729
noise variance: 9115.0361328125
original u-statistic:12.787616729736328
p value proxy: 0.3455149531364441
result: False
power_upto_now: 0.018324607983231544
383th run
noise dimension : 729
noise variance: 9109.259765625
original u-statistic:50.88478469848633
p value proxy: 0.08637873828411102
result: False
power_upto_now: 0.01827676221728325
384th run
noise dimension : 729
noise variance: 9115.619140625
original u-statistic:-11.734394073486328
p value proxy: 0.6312292218208313
result: False
power_upto_now: 0.01822916604578495
385th run
noise dimension : 729
noise variance: 9113.3486328125
original u-statistic:-7.446575164794922
p value proxy: 0.6013289093971252
result: False
power_upto_now: 0.0181818176060915
386th run
noise dimension : 729
noise variance: 9113.265625
original u-statistic:-35.015892028808594
p value proxy: 0.8405315279960632
result: False
power_upto_now: 0.018134715035557747
387th run
noise dimension : 729
noise variance: 9115.931640625
original u-statistic:36.72883605957031
p value proxy: 0.09966777265071869
result: False
power_upto_now: 0.018087854608893394
388th run
noise dimension : 729
noise variance: 9114.1513671875
original u-statistic:51.19627380371094
p value proxy: 0.07308969646692276
result: False
power_upto_now: 0.018041236326098442
389th run
noise dimension : 729
noise variance: 9110.25
original u-statistic:-22.02427864074707
p value proxy: 0.7574750781059265
result: False
power_upto_now: 0.01799485832452774
390th run
noise dimension : 729
noise variance: 9114.462890625
original u-statistic:7.6367034912109375
p value proxy: 0.4053156077861786
result: False
power_upto_now: 0.01794871874153614
391th run
noise dimension : 729
noise variance: 9115.0576171875
original u-statistic:9.234940528869629
p value proxy: 0.3289036452770233
result: False
power_upto_now: 0.017902813851833344
392th run
noise dimension : 729
noise variance: 9108.3076171875
original u-statistic:-0.23880386352539062
p value proxy: 0.4883720874786377
result: False
power_upto_now: 0.01785714365541935
393th run
noise dimension : 729
noise variance: 9110.765625
original u-statistic:42.65488815307617
p value proxy: 0.09302325546741486
result: False
power_upto_now: 0.01781170442700386
394th run
noise dimension : 729
noise variance: 9113.7080078125
original u-statistic:41.83757781982422
p value proxy: 0.12956809997558594
result: False
power_upto_now: 0.017766498029232025
395th run
noise dimension : 729
noise variance: 9119.990234375
original u-statistic:4.447649002075195
p value proxy: 0.46179401874542236
result: False
power_upto_now: 0.017721518874168396
396th run
noise dimension : 729
noise variance: 9113.64453125
original u-statistic:20.303966522216797
p value proxy: 0.2425249069929123
result: False
power_upto_now: 0.017676766961812973
397th run
noise dimension : 729
noise variance: 9112.388671875
original u-statistic:-13.83993911743164
p value proxy: 0.6478404998779297
result: False
power_upto_now: 0.017632242292165756
398th run
noise dimension : 729
noise variance: 9111.8291015625
original u-statistic:10.655029296875
p value proxy: 0.39534881711006165
result: False
power_upto_now: 0.017587939277291298
399th run
noise dimension : 729
noise variance: 9113.701171875
original u-statistic:-12.137405395507812
p value proxy: 0.6644518375396729
result: False
power_upto_now: 0.017543859779834747
400th run
noise dimension : 729
noise variance: 9115.0029296875
original u-statistic:27.364545822143555
p value proxy: 0.20930232107639313
result: False
power_upto_now: 0.017500000074505806
401th run
noise dimension : 729
noise variance: 9110.1611328125
original u-statistic:3.053196907043457
p value proxy: 0.4883720874786377
result: False
power_upto_now: 0.017456358298659325
402th run
noise dimension : 729
noise variance: 9118.095703125
original u-statistic:50.62953567504883
p value proxy: 0.09302325546741486
result: False
power_upto_now: 0.017412934452295303
403th run
noise dimension : 729
noise variance: 9115.142578125
original u-statistic:60.91571807861328
p value proxy: 0.04318936914205551
result: True
power_upto_now: 0.019851116463541985
404th run
noise dimension : 729
noise variance: 9114.306640625
original u-statistic:-32.60572052001953
p value proxy: 0.8272424936294556
result: False
power_upto_now: 0.019801979884505272
405th run
noise dimension : 729
noise variance: 9117.0078125
original u-statistic:-17.86043930053711
p value proxy: 0.684385359287262
result: False
power_upto_now: 0.01975308731198311
406th run
noise dimension : 729
noise variance: 9117.0322265625
original u-statistic:-0.0635528564453125
p value proxy: 0.4717607796192169
result: False
power_upto_now: 0.019704433158040047
407th run
noise dimension : 729
noise variance: 9113.330078125
original u-statistic:-13.116714477539062
p value proxy: 0.644518256187439
result: False
power_upto_now: 0.019656019285321236
408th run
noise dimension : 729
noise variance: 9114.423828125
original u-statistic:44.01579284667969
p value proxy: 0.10963454842567444
result: False
power_upto_now: 0.019607843831181526
409th run
noise dimension : 729
noise variance: 9111.4111328125
original u-statistic:4.550605773925781
p value proxy: 0.4451827108860016
result: False
power_upto_now: 0.01955990307033062
410th run
noise dimension : 729
noise variance: 9111.193359375
original u-statistic:-13.821032524108887
p value proxy: 0.6710963249206543
result: False
power_upto_now: 0.019512195140123367
411th run
noise dimension : 729
noise variance: 9110.0615234375
original u-statistic:-62.477657318115234
p value proxy: 0.9867109656333923
result: False
power_upto_now: 0.01946472004055977
412th run
noise dimension : 729
noise variance: 9108.326171875
original u-statistic:-27.16512680053711
p value proxy: 0.7441860437393188
result: False
power_upto_now: 0.019417475908994675
413th run
noise dimension : 729
noise variance: 9111.8330078125
original u-statistic:33.247528076171875
p value proxy: 0.15946844220161438
result: False
power_upto_now: 0.019370460882782936
414th run
noise dimension : 729
noise variance: 9111.787109375
original u-statistic:-12.91224193572998
p value proxy: 0.6677740812301636
result: False
power_upto_now: 0.019323671236634254
415th run
noise dimension : 729
noise variance: 9113.0341796875
original u-statistic:-3.7553582191467285
p value proxy: 0.5016611218452454
result: False
power_upto_now: 0.01927710883319378
416th run
noise dimension : 729
noise variance: 9109.58984375
original u-statistic:9.081878662109375
p value proxy: 0.4252491593360901
result: False
power_upto_now: 0.01923076994717121
417th run
noise dimension : 729
noise variance: 9113.072265625
original u-statistic:83.59087371826172
p value proxy: 0.009966777637600899
result: True
power_upto_now: 0.02158273383975029
418th run
noise dimension : 729
noise variance: 9112.3505859375
original u-statistic:-16.34091567993164
p value proxy: 0.6943521499633789
result: False
power_upto_now: 0.021531101316213608
419th run
noise dimension : 729
noise variance: 9115.22265625
original u-statistic:-6.129814147949219
p value proxy: 0.5813953280448914
result: False
power_upto_now: 0.021479712799191475
420th run
noise dimension : 729
noise variance: 9115.884765625
original u-statistic:8.585409164428711
p value proxy: 0.4086378514766693
result: False
power_upto_now: 0.02142857201397419
421th run
noise dimension : 729
noise variance: 9110.8486328125
original u-statistic:-58.794761657714844
p value proxy: 0.9568105936050415
result: False
power_upto_now: 0.021377671509981155
422th run
noise dimension : 729
noise variance: 9110.533203125
original u-statistic:23.65874671936035
p value proxy: 0.21594683825969696
result: False
power_upto_now: 0.02132701501250267
423th run
noise dimension : 729
noise variance: 9113.6689453125
original u-statistic:36.89097595214844
p value proxy: 0.11627906560897827
result: False
power_upto_now: 0.021276595070958138
424th run
noise dimension : 729
noise variance: 9111.294921875
original u-statistic:-17.751426696777344
p value proxy: 0.6910299062728882
result: False
power_upto_now: 0.021226415410637856
425th run
noise dimension : 729
noise variance: 9115.91015625
original u-statistic:58.7916259765625
p value proxy: 0.05315614491701126
result: False
power_upto_now: 0.021176470443606377
426th run
noise dimension : 729
noise variance: 9115.6181640625
original u-statistic:15.946830749511719
p value proxy: 0.35880398750305176
result: False
power_upto_now: 0.0211267601698637
427th run
noise dimension : 729
noise variance: 9118.1142578125
original u-statistic:-21.708383560180664
p value proxy: 0.7740863561630249
result: False
power_upto_now: 0.02107728272676468
428th run
noise dimension : 729
noise variance: 9108.4384765625
original u-statistic:-26.312257766723633
p value proxy: 0.8073089718818665
result: False
power_upto_now: 0.02102803811430931
429th run
noise dimension : 729
noise variance: 9112.5224609375
original u-statistic:-63.74882507324219
p value proxy: 0.9700996279716492
result: False
power_upto_now: 0.02097902074456215
430th run
noise dimension : 729
noise variance: 9112.892578125
original u-statistic:-69.00471496582031
p value proxy: 0.9867109656333923
result: False
power_upto_now: 0.020930232480168343
431th run
noise dimension : 729
noise variance: 9111.2314453125
original u-statistic:11.052696228027344
p value proxy: 0.3853820562362671
result: False
power_upto_now: 0.020881671458482742
432th run
noise dimension : 729
noise variance: 9115.5107421875
original u-statistic:35.20421600341797
p value proxy: 0.16943521797657013
result: False
power_upto_now: 0.02083333395421505
433th run
noise dimension : 729
noise variance: 9116.4892578125
original u-statistic:13.420357704162598
p value proxy: 0.2890365421772003
result: False
power_upto_now: 0.020785219967365265
434th run
noise dimension : 729
noise variance: 9117.7099609375
original u-statistic:-19.663705825805664
p value proxy: 0.7176079750061035
result: False
power_upto_now: 0.02073732763528824
435th run
noise dimension : 729
noise variance: 9115.09765625
original u-statistic:41.57635498046875
p value proxy: 0.11960132420063019
result: False
power_upto_now: 0.02068965509533882
436th run
noise dimension : 729
noise variance: 9117.810546875
original u-statistic:-8.476024627685547
p value proxy: 0.5813953280448914
result: False
power_upto_now: 0.020642202347517014
437th run
noise dimension : 729
noise variance: 9115.638671875
original u-statistic:-10.167810440063477
p value proxy: 0.6279069781303406
result: False
power_upto_now: 0.020594965666532516
438th run
noise dimension : 729
noise variance: 9113.013671875
original u-statistic:20.26038360595703
p value proxy: 0.2225913554430008
result: False
power_upto_now: 0.02054794505238533
439th run
noise dimension : 729
noise variance: 9109.8974609375
original u-statistic:-30.839126586914062
p value proxy: 0.8139534592628479
result: False
power_upto_now: 0.020501138642430305
440th run
noise dimension : 729
noise variance: 9112.662109375
original u-statistic:29.332157135009766
p value proxy: 0.19601328670978546
result: False
power_upto_now: 0.020454544574022293
441th run
noise dimension : 729
noise variance: 9112.66015625
original u-statistic:31.09320068359375
p value proxy: 0.16943521797657013
result: False
power_upto_now: 0.020408162847161293
442th run
noise dimension : 729
noise variance: 9111.3359375
original u-statistic:55.82796859741211
p value proxy: 0.06976743787527084
result: False
power_upto_now: 0.020361991599202156
443th run
noise dimension : 729
noise variance: 9109.53125
original u-statistic:16.67733383178711
p value proxy: 0.342192679643631
result: False
power_upto_now: 0.020316027104854584
444th run
noise dimension : 729
noise variance: 9103.7890625
original u-statistic:5.170085906982422
p value proxy: 0.43853819370269775
result: False
power_upto_now: 0.020270269364118576
445th run
noise dimension : 729
noise variance: 9111.888671875
original u-statistic:3.374095916748047
p value proxy: 0.4717607796192169
result: False
power_upto_now: 0.020224718376994133
446th run
noise dimension : 729
noise variance: 9112.4541015625
original u-statistic:-9.379512786865234
p value proxy: 0.6013289093971252
result: False
power_upto_now: 0.020179372280836105
447th run
noise dimension : 729
noise variance: 9112.55078125
original u-statistic:-2.394136428833008
p value proxy: 0.5215946435928345
result: False
power_upto_now: 0.020134227350354195
448th run
noise dimension : 729
noise variance: 9118.0185546875
original u-statistic:-1.6737046241760254
p value proxy: 0.5282391905784607
result: False
power_upto_now: 0.02008928544819355
449th run
noise dimension : 729
noise variance: 9111.326171875
original u-statistic:35.39006042480469
p value proxy: 0.14617939293384552
result: False
power_upto_now: 0.020044542849063873
450th run
noise dimension : 729
noise variance: 9114.0751953125
original u-statistic:-28.455440521240234
p value proxy: 0.7574750781059265
result: False
power_upto_now: 0.019999999552965164
451th run
noise dimension : 729
noise variance: 9116.09765625
original u-statistic:7.784589767456055
p value proxy: 0.4086378514766693
result: False
power_upto_now: 0.019955653697252274
452th run
noise dimension : 729
noise variance: 9117.7685546875
original u-statistic:30.59244155883789
p value proxy: 0.19933554530143738
result: False
power_upto_now: 0.0199115052819252
453th run
noise dimension : 729
noise variance: 9109.6220703125
original u-statistic:-2.2231435775756836
p value proxy: 0.5481727719306946
result: False
power_upto_now: 0.01986755058169365
454th run
noise dimension : 729
noise variance: 9108.64453125
original u-statistic:25.977806091308594
p value proxy: 0.19933554530143738
result: False
power_upto_now: 0.019823787733912468
455th run
noise dimension : 729
noise variance: 9115.3056640625
original u-statistic:17.94140625
p value proxy: 0.31893688440322876
result: False
power_upto_now: 0.019780220463871956
456th run
noise dimension : 729
noise variance: 9111.9501953125
original u-statistic:30.147998809814453
p value proxy: 0.2059800624847412
result: False
power_upto_now: 0.019736841320991516
457th run
noise dimension : 729
noise variance: 9112.0478515625
original u-statistic:-31.529420852661133
p value proxy: 0.8405315279960632
result: False
power_upto_now: 0.019693654030561447
458th run
noise dimension : 729
noise variance: 9114.7255859375
original u-statistic:52.819698333740234
p value proxy: 0.06644517928361893
result: False
power_upto_now: 0.01965065486729145
459th run
noise dimension : 729
noise variance: 9114.8896484375
original u-statistic:-20.455419540405273
p value proxy: 0.7109634280204773
result: False
power_upto_now: 0.019607843831181526
460th run
noise dimension : 729
noise variance: 9117.90625
original u-statistic:5.1344757080078125
p value proxy: 0.4850498139858246
result: False
power_upto_now: 0.019565217196941376
461th run
noise dimension : 729
noise variance: 9110.9443359375
original u-statistic:41.995845794677734
p value proxy: 0.11960132420063019
result: False
power_upto_now: 0.01952277682721615
462th run
noise dimension : 729
noise variance: 9115.60546875
original u-statistic:-53.956172943115234
p value proxy: 0.9269102811813354
result: False
power_upto_now: 0.019480518996715546
463th run
noise dimension : 729
noise variance: 9117.6728515625
original u-statistic:9.339315414428711
p value proxy: 0.4086378514766693
result: False
power_upto_now: 0.019438445568084717
464th run
noise dimension : 729
noise variance: 9112.6845703125
original u-statistic:2.1000843048095703
p value proxy: 0.4850498139858246
result: False
power_upto_now: 0.019396550953388214
465th run
noise dimension : 729
noise variance: 9111.7568359375
original u-statistic:33.63078308105469
p value proxy: 0.1395348757505417
result: False
power_upto_now: 0.019354838877916336
466th run
noise dimension : 729
noise variance: 9113.7783203125
original u-statistic:44.192928314208984
p value proxy: 0.12956809997558594
result: False
power_upto_now: 0.019313305616378784
467th run
noise dimension : 729
noise variance: 9110.580078125
original u-statistic:-22.114795684814453
p value proxy: 0.7375414967536926
result: False
power_upto_now: 0.01927194930613041
468th run
noise dimension : 729
noise variance: 9109.1611328125
original u-statistic:41.11552047729492
p value proxy: 0.10631228983402252
result: False
power_upto_now: 0.01923076994717121
469th run
noise dimension : 729
noise variance: 9115.26171875
original u-statistic:-51.721466064453125
p value proxy: 0.9269102811813354
result: False
power_upto_now: 0.01918976567685604
470th run
noise dimension : 729
noise variance: 9116.5283203125
original u-statistic:-7.100028991699219
p value proxy: 0.5215946435928345
result: False
power_upto_now: 0.0191489364951849
471th run
noise dimension : 729
noise variance: 9109.1220703125
original u-statistic:12.840437889099121
p value proxy: 0.3455149531364441
result: False
power_upto_now: 0.019108280539512634
472th run
noise dimension : 729
noise variance: 9115.462890625
original u-statistic:22.006948471069336
p value proxy: 0.2790697515010834
result: False
power_upto_now: 0.0190677959471941
473th run
noise dimension : 729
noise variance: 9108.498046875
original u-statistic:25.655628204345703
p value proxy: 0.25581395626068115
result: False
power_upto_now: 0.019027484580874443
474th run
noise dimension : 729
noise variance: 9115.109375
original u-statistic:19.347354888916016
p value proxy: 0.2691029906272888
result: False
power_upto_now: 0.018987340852618217
475th run
noise dimension : 729
noise variance: 9120.04296875
original u-statistic:-16.173816680908203
p value proxy: 0.6411960124969482
result: False
power_upto_now: 0.01894736848771572
476th run
noise dimension : 729
noise variance: 9110.65234375
original u-statistic:-2.820502519607544
p value proxy: 0.5016611218452454
result: False
power_upto_now: 0.018907563760876656
477th run
noise dimension : 729
noise variance: 9115.3935546875
original u-statistic:11.280502319335938
p value proxy: 0.3488371968269348
result: False
power_upto_now: 0.01886792480945587
478th run
noise dimension : 729
noise variance: 9101.6767578125
original u-statistic:-9.501077651977539
p value proxy: 0.594684362411499
result: False
power_upto_now: 0.01882845163345337
479th run
noise dimension : 729
noise variance: 9113.8818359375
original u-statistic:10.656708717346191
p value proxy: 0.3887042999267578
result: False
power_upto_now: 0.018789144232869148
480th run
noise dimension : 729
noise variance: 9116.7822265625
original u-statistic:-28.982763290405273
p value proxy: 0.8504983186721802
result: False
power_upto_now: 0.01875000074505806
481th run
noise dimension : 729
noise variance: 9108.83984375
original u-statistic:42.551334381103516
p value proxy: 0.11295680701732635
result: False
power_upto_now: 0.018711019307374954
482th run
noise dimension : 729
noise variance: 9111.458984375
original u-statistic:-4.993244171142578
p value proxy: 0.5415282249450684
result: False
power_upto_now: 0.018672199919819832
483th run
noise dimension : 729
noise variance: 9109.1982421875
original u-statistic:18.161537170410156
p value proxy: 0.3222591280937195
result: False
power_upto_now: 0.018633540719747543
484th run
noise dimension : 729
noise variance: 9106.552734375
original u-statistic:17.82492446899414
p value proxy: 0.302325576543808
result: False
power_upto_now: 0.01859504170715809
485th run
noise dimension : 729
noise variance: 9117.2578125
original u-statistic:46.04469299316406
p value proxy: 0.07641195505857468
result: False
power_upto_now: 0.01855670101940632
486th run
noise dimension : 729
noise variance: 9115.8984375
original u-statistic:-43.39324188232422
p value proxy: 0.8903654217720032
result: False
power_upto_now: 0.018518518656492233
487th run
noise dimension : 729
noise variance: 9106.876953125
original u-statistic:31.052656173706055
p value proxy: 0.22923587262630463
result: False
power_upto_now: 0.018480492755770683
488th run
noise dimension : 729
noise variance: 9113.8759765625
original u-statistic:14.594182968139648
p value proxy: 0.3621262311935425
result: False
power_upto_now: 0.01844262331724167
489th run
noise dimension : 729
noise variance: 9111.6005859375
original u-statistic:-7.5502214431762695
p value proxy: 0.5514950156211853
result: False
power_upto_now: 0.01840490847826004
490th run
noise dimension : 729
noise variance: 9113.3037109375
original u-statistic:7.068538665771484
p value proxy: 0.4285714328289032
result: False
power_upto_now: 0.01836734637618065
491th run
noise dimension : 729
noise variance: 9107.533203125
original u-statistic:48.36433029174805
p value proxy: 0.08970099687576294
result: False
power_upto_now: 0.018329938873648643
492th run
noise dimension : 729
noise variance: 9112.98828125
original u-statistic:1.2545661926269531
p value proxy: 0.5049833655357361
result: False
power_upto_now: 0.018292682245373726
493th run
noise dimension : 729
noise variance: 9110.8447265625
original u-statistic:-18.04121208190918
p value proxy: 0.7308970093727112
result: False
power_upto_now: 0.018255578354001045
494th run
noise dimension : 729
noise variance: 9109.6513671875
original u-statistic:-7.301971435546875
p value proxy: 0.5980066061019897
result: False
power_upto_now: 0.018218623474240303
495th run
noise dimension : 729
noise variance: 9117.36328125
original u-statistic:-49.45045852661133
p value proxy: 0.9169434905052185
result: False
power_upto_now: 0.0181818176060915
496th run
noise dimension : 729
noise variance: 9109.1826171875
original u-statistic:-45.75779342651367
p value proxy: 0.8737541437149048
result: False
power_upto_now: 0.018145160749554634
497th run
noise dimension : 729
noise variance: 9110.5263671875
original u-statistic:20.923988342285156
p value proxy: 0.2259136140346527
result: False
power_upto_now: 0.018108651041984558
498th run
noise dimension : 729
noise variance: 9114.2236328125
original u-statistic:-18.71298599243164
p value proxy: 0.6710963249206543
result: False
power_upto_now: 0.01807228848338127
499th run
noise dimension : 729
noise variance: 9117.44921875
original u-statistic:-10.123126983642578
p value proxy: 0.6312292218208313
result: False
power_upto_now: 0.018036073073744774
500th run
noise dimension : 729
noise variance: 9107.3994140625
original u-statistic:-1.1518770456314087
p value proxy: 0.4485049843788147
result: False
power_upto_now: 0.017999999225139618
power estimate : 0.017999999225139618
elapsed time: 90310.17213654518
