job started
cuda available: True
code run on device:: cuda:0

n1 = 20000, n2 = 20000,

kappa = 3, alpha = 0.8,

gamma = 0.05, nTests = 500,

B = 300, d = 7

sigma_1
tensor([[1.0000, 0.5000, 0.5000, 0.5000, 0.5000, 0.5000, 0.5000],
        [0.5000, 1.0000, 0.5000, 0.5000, 0.5000, 0.5000, 0.5000],
        [0.5000, 0.5000, 1.0000, 0.5000, 0.5000, 0.5000, 0.5000],
        [0.5000, 0.5000, 0.5000, 1.0000, 0.5000, 0.5000, 0.5000],
        [0.5000, 0.5000, 0.5000, 0.5000, 1.0000, 0.5000, 0.5000],
        [0.5000, 0.5000, 0.5000, 0.5000, 0.5000, 1.0000, 0.5000],
        [0.5000, 0.5000, 0.5000, 0.5000, 0.5000, 0.5000, 1.0000]],
       device='cuda:0')
sigma_2
tensor([[5.0000, 2.5000, 2.5000, 2.5000, 2.5000, 2.5000, 2.5000],
        [2.5000, 5.0000, 2.5000, 2.5000, 2.5000, 2.5000, 2.5000],
        [2.5000, 2.5000, 5.0000, 2.5000, 2.5000, 2.5000, 2.5000],
        [2.5000, 2.5000, 2.5000, 5.0000, 2.5000, 2.5000, 2.5000],
        [2.5000, 2.5000, 2.5000, 2.5000, 5.0000, 2.5000, 2.5000],
        [2.5000, 2.5000, 2.5000, 2.5000, 2.5000, 5.0000, 2.5000],
        [2.5000, 2.5000, 2.5000, 2.5000, 2.5000, 2.5000, 5.0000]],
       device='cuda:0')
1th run
noise dimension : 2187
noise variance: 27334.197265625
original u-statistic:20.0946044921875
p value proxy: 0.45847174525260925
result: False
power_upto_now: 0.0
2th run
noise dimension : 2187
noise variance: 27335.046875
original u-statistic:-83.68377685546875
p value proxy: 0.6910299062728882
result: False
power_upto_now: 0.0
3th run
noise dimension : 2187
noise variance: 27335.033203125
original u-statistic:-159.50877380371094
p value proxy: 0.8106312155723572
result: False
power_upto_now: 0.0
4th run
noise dimension : 2187
noise variance: 27344.287109375
original u-statistic:157.80929565429688
p value proxy: 0.2026578038930893
result: False
power_upto_now: 0.0
5th run
noise dimension : 2187
noise variance: 27345.43359375
original u-statistic:-27.85309600830078
p value proxy: 0.5348837375640869
result: False
power_upto_now: 0.0
6th run
noise dimension : 2187
noise variance: 27337.736328125
original u-statistic:93.14218139648438
p value proxy: 0.262458473443985
result: False
power_upto_now: 0.0
7th run
noise dimension : 2187
noise variance: 27340.32421875
original u-statistic:135.8957977294922
p value proxy: 0.2857142686843872
result: False
power_upto_now: 0.0
8th run
noise dimension : 2187
noise variance: 27333.771484375
original u-statistic:91.08074951171875
p value proxy: 0.3222591280937195
result: False
power_upto_now: 0.0
9th run
noise dimension : 2187
noise variance: 27341.876953125
original u-statistic:-255.37661743164062
p value proxy: 0.9501661062240601
result: False
power_upto_now: 0.0
10th run
noise dimension : 2187
noise variance: 27338.91015625
original u-statistic:-81.79278564453125
p value proxy: 0.6511628031730652
result: False
power_upto_now: 0.0
11th run
noise dimension : 2187
noise variance: 27336.033203125
original u-statistic:-88.90924835205078
p value proxy: 0.684385359287262
result: False
power_upto_now: 0.0
12th run
noise dimension : 2187
noise variance: 27333.83984375
original u-statistic:26.61937713623047
p value proxy: 0.4451827108860016
result: False
power_upto_now: 0.0
13th run
noise dimension : 2187
noise variance: 27336.0703125
original u-statistic:175.00665283203125
p value proxy: 0.15614616870880127
result: False
power_upto_now: 0.0
14th run
noise dimension : 2187
noise variance: 27339.716796875
original u-statistic:59.11650466918945
p value proxy: 0.3455149531364441
result: False
power_upto_now: 0.0
15th run
noise dimension : 2187
noise variance: 27336.404296875
original u-statistic:102.52696228027344
p value proxy: 0.3056478202342987
result: False
power_upto_now: 0.0
16th run
noise dimension : 2187
noise variance: 27337.35546875
original u-statistic:61.430747985839844
p value proxy: 0.37541526556015015
result: False
power_upto_now: 0.0
17th run
noise dimension : 2187
noise variance: 27337.466796875
original u-statistic:-71.14439392089844
p value proxy: 0.6312292218208313
result: False
power_upto_now: 0.0
18th run
noise dimension : 2187
noise variance: 27331.771484375
original u-statistic:-94.93827819824219
p value proxy: 0.7342192530632019
result: False
power_upto_now: 0.0
19th run
noise dimension : 2187
noise variance: 27334.2890625
original u-statistic:-78.95532989501953
p value proxy: 0.6544850468635559
result: False
power_upto_now: 0.0
20th run
noise dimension : 2187
noise variance: 27333.548828125
original u-statistic:-115.51107788085938
p value proxy: 0.7209302186965942
result: False
power_upto_now: 0.0
21th run
noise dimension : 2187
noise variance: 27338.041015625
original u-statistic:133.41323852539062
p value proxy: 0.22923587262630463
result: False
power_upto_now: 0.0
22th run
noise dimension : 2187
noise variance: 27337.08203125
original u-statistic:-127.63945770263672
p value proxy: 0.7707641124725342
result: False
power_upto_now: 0.0
23th run
noise dimension : 2187
noise variance: 27338.4453125
original u-statistic:30.086639404296875
p value proxy: 0.421926885843277
result: False
power_upto_now: 0.0
24th run
noise dimension : 2187
noise variance: 27336.9921875
original u-statistic:-88.50592041015625
p value proxy: 0.7109634280204773
result: False
power_upto_now: 0.0
25th run
noise dimension : 2187
noise variance: 27320.9375
original u-statistic:-20.718730926513672
p value proxy: 0.5780730843544006
result: False
power_upto_now: 0.0
26th run
noise dimension : 2187
noise variance: 27332.21484375
original u-statistic:-409.869873046875
p value proxy: 0.9933554530143738
result: False
power_upto_now: 0.0
27th run
noise dimension : 2187
noise variance: 27332.7734375
original u-statistic:2.772613525390625
p value proxy: 0.4717607796192169
result: False
power_upto_now: 0.0
28th run
noise dimension : 2187
noise variance: 27326.447265625
original u-statistic:-82.98373413085938
p value proxy: 0.6976743936538696
result: False
power_upto_now: 0.0
29th run
noise dimension : 2187
noise variance: 27339.185546875
original u-statistic:41.86048126220703
p value proxy: 0.39534881711006165
result: False
power_upto_now: 0.0
30th run
noise dimension : 2187
noise variance: 27335.8125
original u-statistic:548.7277221679688
p value proxy: 0.003322259057313204
result: True
power_upto_now: 0.03333333507180214
31th run
noise dimension : 2187
noise variance: 27336.302734375
original u-statistic:18.720489501953125
p value proxy: 0.44186046719551086
result: False
power_upto_now: 0.032258063554763794
32th run
noise dimension : 2187
noise variance: 27351.693359375
original u-statistic:-113.74801635742188
p value proxy: 0.7574750781059265
result: False
power_upto_now: 0.03125
33th run
noise dimension : 2187
noise variance: 27328.69140625
original u-statistic:-75.36017608642578
p value proxy: 0.6079733967781067
result: False
power_upto_now: 0.03030303120613098
34th run
noise dimension : 2187
noise variance: 27350.0703125
original u-statistic:47.85342025756836
p value proxy: 0.421926885843277
result: False
power_upto_now: 0.029411764815449715
35th run
noise dimension : 2187
noise variance: 27333.16015625
original u-statistic:-342.8127136230469
p value proxy: 0.9833886623382568
result: False
power_upto_now: 0.02857142873108387
36th run
noise dimension : 2187
noise variance: 27343.291015625
original u-statistic:79.52580261230469
p value proxy: 0.31229233741760254
result: False
power_upto_now: 0.02777777798473835
37th run
noise dimension : 2187
noise variance: 27336.705078125
original u-statistic:-48.023895263671875
p value proxy: 0.6112956404685974
result: False
power_upto_now: 0.027027027681469917
38th run
noise dimension : 2187
noise variance: 27330.13671875
original u-statistic:-146.3754425048828
p value proxy: 0.8106312155723572
result: False
power_upto_now: 0.02631578966975212
39th run
noise dimension : 2187
noise variance: 27336.87890625
original u-statistic:444.1518249511719
p value proxy: 0.013289036229252815
result: True
power_upto_now: 0.05128205195069313
40th run
noise dimension : 2187
noise variance: 27343.841796875
original u-statistic:336.4156799316406
p value proxy: 0.039867110550403595
result: True
power_upto_now: 0.07500000298023224
41th run
noise dimension : 2187
noise variance: 27335.21875
original u-statistic:144.53636169433594
p value proxy: 0.1860465109348297
result: False
power_upto_now: 0.0731707289814949
42th run
noise dimension : 2187
noise variance: 27336.857421875
original u-statistic:150.39352416992188
p value proxy: 0.20930232107639313
result: False
power_upto_now: 0.0714285746216774
43th run
noise dimension : 2187
noise variance: 27344.814453125
original u-statistic:227.25502014160156
p value proxy: 0.09634551405906677
result: False
power_upto_now: 0.06976744532585144
44th run
noise dimension : 2187
noise variance: 27338.095703125
original u-statistic:124.57633209228516
p value proxy: 0.23588038980960846
result: False
power_upto_now: 0.06818182021379471
45th run
noise dimension : 2187
noise variance: 27332.044921875
original u-statistic:67.03572082519531
p value proxy: 0.3455149531364441
result: False
power_upto_now: 0.06666667014360428
46th run
noise dimension : 2187
noise variance: 27356.896484375
original u-statistic:222.57113647460938
p value proxy: 0.13621261715888977
result: False
power_upto_now: 0.06521739065647125
47th run
noise dimension : 2187
noise variance: 27344.53515625
original u-statistic:-28.40697479248047
p value proxy: 0.5780730843544006
result: False
power_upto_now: 0.06382978707551956
48th run
noise dimension : 2187
noise variance: 27334.259765625
original u-statistic:35.50574493408203
p value proxy: 0.4285714328289032
result: False
power_upto_now: 0.0625
49th run
noise dimension : 2187
noise variance: 27334.51171875
original u-statistic:163.1546173095703
p value proxy: 0.20930232107639313
result: False
power_upto_now: 0.06122449040412903
50th run
noise dimension : 2187
noise variance: 27336.005859375
original u-statistic:-56.17455291748047
p value proxy: 0.6312292218208313
result: False
power_upto_now: 0.05999999865889549
51th run
noise dimension : 2187
noise variance: 27331.0625
original u-statistic:-147.45028686523438
p value proxy: 0.803986668586731
result: False
power_upto_now: 0.05882352963089943
52th run
noise dimension : 2187
noise variance: 27327.388671875
original u-statistic:-41.134864807128906
p value proxy: 0.554817259311676
result: False
power_upto_now: 0.057692307978868484
53th run
noise dimension : 2187
noise variance: 27331.236328125
original u-statistic:-52.800750732421875
p value proxy: 0.6378737688064575
result: False
power_upto_now: 0.056603774428367615
54th run
noise dimension : 2187
noise variance: 27328.44921875
original u-statistic:196.46905517578125
p value proxy: 0.11627906560897827
result: False
power_upto_now: 0.0555555559694767
55th run
noise dimension : 2187
noise variance: 27343.666015625
original u-statistic:36.356117248535156
p value proxy: 0.46179401874542236
result: False
power_upto_now: 0.05454545468091965
56th run
noise dimension : 2187
noise variance: 27344.08203125
original u-statistic:28.303680419921875
p value proxy: 0.41528236865997314
result: False
power_upto_now: 0.0535714291036129
57th run
noise dimension : 2187
noise variance: 27345.6015625
original u-statistic:25.15447998046875
p value proxy: 0.4485049843788147
result: False
power_upto_now: 0.05263157933950424
58th run
noise dimension : 2187
noise variance: 27346.453125
original u-statistic:35.80998229980469
p value proxy: 0.43853819370269775
result: False
power_upto_now: 0.0517241396009922
59th run
noise dimension : 2187
noise variance: 27342.48828125
original u-statistic:-42.51115417480469
p value proxy: 0.5747508406639099
result: False
power_upto_now: 0.050847455859184265
60th run
noise dimension : 2187
noise variance: 27339.162109375
original u-statistic:-13.752296447753906
p value proxy: 0.52491694688797
result: False
power_upto_now: 0.05000000074505806
61th run
noise dimension : 2187
noise variance: 27340.876953125
original u-statistic:-111.8751220703125
p value proxy: 0.7375414967536926
result: False
power_upto_now: 0.04918032884597778
62th run
noise dimension : 2187
noise variance: 27324.748046875
original u-statistic:30.746234893798828
p value proxy: 0.4285714328289032
result: False
power_upto_now: 0.04838709533214569
63th run
noise dimension : 2187
noise variance: 27325.298828125
original u-statistic:20.32056427001953
p value proxy: 0.45514950156211853
result: False
power_upto_now: 0.0476190485060215
64th run
noise dimension : 2187
noise variance: 27341.056640625
original u-statistic:-288.23895263671875
p value proxy: 0.9534883499145508
result: False
power_upto_now: 0.046875
65th run
noise dimension : 2187
noise variance: 27348.79296875
original u-statistic:-261.23663330078125
p value proxy: 0.9302325248718262
result: False
power_upto_now: 0.04615384712815285
66th run
noise dimension : 2187
noise variance: 27331.0703125
original u-statistic:-102.51846313476562
p value proxy: 0.7109634280204773
result: False
power_upto_now: 0.04545454680919647
67th run
noise dimension : 2187
noise variance: 27330.85546875
original u-statistic:-327.92333984375
p value proxy: 0.960132896900177
result: False
power_upto_now: 0.04477611929178238
68th run
noise dimension : 2187
noise variance: 27334.517578125
original u-statistic:-69.39209747314453
p value proxy: 0.6611295342445374
result: False
power_upto_now: 0.04411764815449715
69th run
noise dimension : 2187
noise variance: 27352.3984375
original u-statistic:144.76966857910156
p value proxy: 0.23920264840126038
result: False
power_upto_now: 0.043478261679410934
70th run
noise dimension : 2187
noise variance: 27339.240234375
original u-statistic:-142.96896362304688
p value proxy: 0.7275747060775757
result: False
power_upto_now: 0.04285714402794838
71th run
noise dimension : 2187
noise variance: 27332.3984375
original u-statistic:288.28228759765625
p value proxy: 0.049833886325359344
result: True
power_upto_now: 0.056338027119636536
72th run
noise dimension : 2187
noise variance: 27340.4921875
original u-statistic:-341.8591613769531
p value proxy: 0.9867109656333923
result: False
power_upto_now: 0.0555555559694767
73th run
noise dimension : 2187
noise variance: 27333.830078125
original u-statistic:-289.1343994140625
p value proxy: 0.9568105936050415
result: False
power_upto_now: 0.054794520139694214
74th run
noise dimension : 2187
noise variance: 27327.9609375
original u-statistic:306.49420166015625
p value proxy: 0.06644517928361893
result: False
power_upto_now: 0.054054055362939835
75th run
noise dimension : 2187
noise variance: 27347.69921875
original u-statistic:-216.76797485351562
p value proxy: 0.8538205623626709
result: False
power_upto_now: 0.0533333346247673
76th run
noise dimension : 2187
noise variance: 27345.322265625
original u-statistic:156.4209747314453
p value proxy: 0.19269102811813354
result: False
power_upto_now: 0.05263157933950424
77th run
noise dimension : 2187
noise variance: 27338.41796875
original u-statistic:258.54998779296875
p value proxy: 0.06976743787527084
result: False
power_upto_now: 0.051948051899671555
78th run
noise dimension : 2187
noise variance: 27337.546875
original u-statistic:-126.9349365234375
p value proxy: 0.7873753905296326
result: False
power_upto_now: 0.05128205195069313
79th run
noise dimension : 2187
noise variance: 27338.82421875
original u-statistic:52.01212692260742
p value proxy: 0.3720930218696594
result: False
power_upto_now: 0.050632912665605545
80th run
noise dimension : 2187
noise variance: 27328.505859375
original u-statistic:143.7036590576172
p value proxy: 0.23255813121795654
result: False
power_upto_now: 0.05000000074505806
81th run
noise dimension : 2187
noise variance: 27337.61328125
original u-statistic:-13.368278503417969
p value proxy: 0.5681062936782837
result: False
power_upto_now: 0.04938271641731262
82th run
noise dimension : 2187
noise variance: 27339.486328125
original u-statistic:31.7642822265625
p value proxy: 0.41528236865997314
result: False
power_upto_now: 0.04878048598766327
83th run
noise dimension : 2187
noise variance: 27349.56640625
original u-statistic:150.457763671875
p value proxy: 0.18936876952648163
result: False
power_upto_now: 0.048192769289016724
84th run
noise dimension : 2187
noise variance: 27341.5390625
original u-statistic:131.7726287841797
p value proxy: 0.2059800624847412
result: False
power_upto_now: 0.0476190485060215
85th run
noise dimension : 2187
noise variance: 27341.322265625
original u-statistic:-191.7642822265625
p value proxy: 0.8770763874053955
result: False
power_upto_now: 0.0470588244497776
86th run
noise dimension : 2187
noise variance: 27328.775390625
original u-statistic:261.3916015625
p value proxy: 0.07308969646692276
result: False
power_upto_now: 0.04651162773370743
87th run
noise dimension : 2187
noise variance: 27344.080078125
original u-statistic:-71.43108367919922
p value proxy: 0.684385359287262
result: False
power_upto_now: 0.04597701132297516
88th run
noise dimension : 2187
noise variance: 27340.42578125
original u-statistic:189.5248260498047
p value proxy: 0.13289035856723785
result: False
power_upto_now: 0.04545454680919647
89th run
noise dimension : 2187
noise variance: 27351.34375
original u-statistic:-51.47574234008789
p value proxy: 0.6079733967781067
result: False
power_upto_now: 0.04494382068514824
90th run
noise dimension : 2187
noise variance: 27332.69921875
original u-statistic:19.881324768066406
p value proxy: 0.49501660466194153
result: False
power_upto_now: 0.04444444552063942
91th run
noise dimension : 2187
noise variance: 27349.353515625
original u-statistic:122.96916198730469
p value proxy: 0.2657807171344757
result: False
power_upto_now: 0.04395604506134987
92th run
noise dimension : 2187
noise variance: 27337.716796875
original u-statistic:158.59930419921875
p value proxy: 0.2059800624847412
result: False
power_upto_now: 0.043478261679410934
93th run
noise dimension : 2187
noise variance: 27327.3125
original u-statistic:87.2247543334961
p value proxy: 0.31561461091041565
result: False
power_upto_now: 0.04301075264811516
94th run
noise dimension : 2187
noise variance: 27347.08203125
original u-statistic:27.806442260742188
p value proxy: 0.45847174525260925
result: False
power_upto_now: 0.042553190141916275
95th run
noise dimension : 2187
noise variance: 27334.966796875
original u-statistic:125.92831420898438
p value proxy: 0.25249168276786804
result: False
power_upto_now: 0.04210526496171951
96th run
noise dimension : 2187
noise variance: 27348.978515625
original u-statistic:77.96772766113281
p value proxy: 0.33554816246032715
result: False
power_upto_now: 0.0416666679084301
97th run
noise dimension : 2187
noise variance: 27337.98046875
original u-statistic:289.2303466796875
p value proxy: 0.04651162773370743
result: True
power_upto_now: 0.05154639109969139
98th run
noise dimension : 2187
noise variance: 27329.171875
original u-statistic:208.20323181152344
p value proxy: 0.10631228983402252
result: False
power_upto_now: 0.051020409911870956
99th run
noise dimension : 2187
noise variance: 27336.458984375
original u-statistic:44.48760986328125
p value proxy: 0.4086378514766693
result: False
power_upto_now: 0.05050504952669144
100th run
noise dimension : 2187
noise variance: 27339.685546875
original u-statistic:-24.894672393798828
p value proxy: 0.5813953280448914
result: False
power_upto_now: 0.05000000074505806
101th run
noise dimension : 2187
noise variance: 27339.94921875
original u-statistic:123.14430236816406
p value proxy: 0.23255813121795654
result: False
power_upto_now: 0.049504950642585754
102th run
noise dimension : 2187
noise variance: 27342.296875
original u-statistic:-53.00013732910156
p value proxy: 0.6710963249206543
result: False
power_upto_now: 0.04901960864663124
103th run
noise dimension : 2187
noise variance: 27340.580078125
original u-statistic:59.35334777832031
p value proxy: 0.41528236865997314
result: False
power_upto_now: 0.04854368790984154
104th run
noise dimension : 2187
noise variance: 27333.109375
original u-statistic:-90.39125061035156
p value proxy: 0.6544850468635559
result: False
power_upto_now: 0.048076923936605453
105th run
noise dimension : 2187
noise variance: 27343.8125
original u-statistic:346.8724365234375
p value proxy: 0.03654484823346138
result: True
power_upto_now: 0.05714285746216774
106th run
noise dimension : 2187
noise variance: 27333.619140625
original u-statistic:-237.97677612304688
p value proxy: 0.9102990031242371
result: False
power_upto_now: 0.056603774428367615
107th run
noise dimension : 2187
noise variance: 27335.583984375
original u-statistic:-41.12084197998047
p value proxy: 0.6013289093971252
result: False
power_upto_now: 0.05607476457953453
108th run
noise dimension : 2187
noise variance: 27334.94921875
original u-statistic:128.7404327392578
p value proxy: 0.20930232107639313
result: False
power_upto_now: 0.0555555559694767
109th run
noise dimension : 2187
noise variance: 27337.2734375
original u-statistic:-496.44464111328125
p value proxy: 0.9933554530143738
result: False
power_upto_now: 0.055045872926712036
110th run
noise dimension : 2187
noise variance: 27336.302734375
original u-statistic:-147.75698852539062
p value proxy: 0.8239202499389648
result: False
power_upto_now: 0.05454545468091965
111th run
noise dimension : 2187
noise variance: 27336.70703125
original u-statistic:-152.20114135742188
p value proxy: 0.7574750781059265
result: False
power_upto_now: 0.054054055362939835
112th run
noise dimension : 2187
noise variance: 27339.2734375
original u-statistic:305.50982666015625
p value proxy: 0.05647840350866318
result: False
power_upto_now: 0.0535714291036129
113th run
noise dimension : 2187
noise variance: 27322.162109375
original u-statistic:-5.242137908935547
p value proxy: 0.46179401874542236
result: False
power_upto_now: 0.05309734493494034
114th run
noise dimension : 2187
noise variance: 27337.716796875
original u-statistic:-152.59820556640625
p value proxy: 0.8338870406150818
result: False
power_upto_now: 0.05263157933950424
115th run
noise dimension : 2187
noise variance: 27331.60546875
original u-statistic:403.9630126953125
p value proxy: 0.016611294820904732
result: True
power_upto_now: 0.06086956337094307
116th run
noise dimension : 2187
noise variance: 27343.263671875
original u-statistic:-320.1066589355469
p value proxy: 0.9700996279716492
result: False
power_upto_now: 0.06034482643008232
117th run
noise dimension : 2187
noise variance: 27339.216796875
original u-statistic:-61.14485168457031
p value proxy: 0.6611295342445374
result: False
power_upto_now: 0.05982905998826027
118th run
noise dimension : 2187
noise variance: 27327.615234375
original u-statistic:124.7890625
p value proxy: 0.27242523431777954
result: False
power_upto_now: 0.05932203307747841
119th run
noise dimension : 2187
noise variance: 27341.990234375
original u-statistic:170.06277465820312
p value proxy: 0.2026578038930893
result: False
power_upto_now: 0.05882352963089943
120th run
noise dimension : 2187
noise variance: 27343.578125
original u-statistic:-138.18577575683594
p value proxy: 0.7740863561630249
result: False
power_upto_now: 0.05833333358168602
121th run
noise dimension : 2187
noise variance: 27329.853515625
original u-statistic:-362.6023864746094
p value proxy: 0.9700996279716492
result: False
power_upto_now: 0.057851240038871765
122th run
noise dimension : 2187
noise variance: 27325.55078125
original u-statistic:-302.7139587402344
p value proxy: 0.9634551405906677
result: False
power_upto_now: 0.05737704783678055
123th run
noise dimension : 2187
noise variance: 27348.462890625
original u-statistic:-122.97393798828125
p value proxy: 0.7209302186965942
result: False
power_upto_now: 0.056910570710897446
124th run
noise dimension : 2187
noise variance: 27337.716796875
original u-statistic:-14.301055908203125
p value proxy: 0.4916943311691284
result: False
power_upto_now: 0.05645161122083664
125th run
noise dimension : 2187
noise variance: 27341.21484375
original u-statistic:-330.08831787109375
p value proxy: 0.9568105936050415
result: False
power_upto_now: 0.0560000017285347
126th run
noise dimension : 2187
noise variance: 27336.650390625
original u-statistic:-90.87354278564453
p value proxy: 0.7176079750061035
result: False
power_upto_now: 0.0555555559694767
127th run
noise dimension : 2187
noise variance: 27340.048828125
original u-statistic:-192.9703369140625
p value proxy: 0.8471760749816895
result: False
power_upto_now: 0.05511811003088951
128th run
noise dimension : 2187
noise variance: 27346.986328125
original u-statistic:-85.23188781738281
p value proxy: 0.674418568611145
result: False
power_upto_now: 0.0546875
129th run
noise dimension : 2187
noise variance: 27341.11328125
original u-statistic:178.73104858398438
p value proxy: 0.19269102811813354
result: False
power_upto_now: 0.05426356568932533
130th run
noise dimension : 2187
noise variance: 27335.0625
original u-statistic:195.59568786621094
p value proxy: 0.11960132420063019
result: False
power_upto_now: 0.05384615436196327
131th run
noise dimension : 2187
noise variance: 27333.68359375
original u-statistic:17.470691680908203
p value proxy: 0.47508305311203003
result: False
power_upto_now: 0.05343511328101158
132th run
noise dimension : 2187
noise variance: 27344.44140625
original u-statistic:82.94804382324219
p value proxy: 0.2990033030509949
result: False
power_upto_now: 0.05303030461072922
133th run
noise dimension : 2187
noise variance: 27331.88671875
original u-statistic:87.92105102539062
p value proxy: 0.2890365421772003
result: False
power_upto_now: 0.05263157933950424
134th run
noise dimension : 2187
noise variance: 27338.93359375
original u-statistic:17.984695434570312
p value proxy: 0.4485049843788147
result: False
power_upto_now: 0.05223880708217621
135th run
noise dimension : 2187
noise variance: 27338.79296875
original u-statistic:85.5242919921875
p value proxy: 0.31561461091041565
result: False
power_upto_now: 0.051851850003004074
136th run
noise dimension : 2187
noise variance: 27334.09765625
original u-statistic:-180.78538513183594
p value proxy: 0.8504983186721802
result: False
power_upto_now: 0.05147058889269829
137th run
noise dimension : 2187
noise variance: 27332.728515625
original u-statistic:-170.94631958007812
p value proxy: 0.7774085998535156
result: False
power_upto_now: 0.051094889640808105
138th run
noise dimension : 2187
noise variance: 27339.04296875
original u-statistic:212.13592529296875
p value proxy: 0.09966777265071869
result: False
power_upto_now: 0.050724636763334274
139th run
noise dimension : 2187
noise variance: 27342.21484375
original u-statistic:-26.6405029296875
p value proxy: 0.5714285373687744
result: False
power_upto_now: 0.050359711050987244
140th run
noise dimension : 2187
noise variance: 27341.87109375
original u-statistic:62.36586380004883
p value proxy: 0.39867109060287476
result: False
power_upto_now: 0.05000000074505806
141th run
noise dimension : 2187
noise variance: 27335.72265625
original u-statistic:-211.31332397460938
p value proxy: 0.8737541437149048
result: False
power_upto_now: 0.04964539036154747
142th run
noise dimension : 2187
noise variance: 27342.96484375
original u-statistic:149.36892700195312
p value proxy: 0.19933554530143738
result: False
power_upto_now: 0.04929577559232712
143th run
noise dimension : 2187
noise variance: 27338.0078125
original u-statistic:-286.40350341796875
p value proxy: 0.9468438029289246
result: False
power_upto_now: 0.04895104840397835
144th run
noise dimension : 2187
noise variance: 27337.36328125
original u-statistic:-252.62802124023438
p value proxy: 0.9136212468147278
result: False
power_upto_now: 0.0486111119389534
145th run
noise dimension : 2187
noise variance: 27330.33984375
original u-statistic:-308.7845458984375
p value proxy: 0.9501661062240601
result: False
power_upto_now: 0.04827586188912392
146th run
noise dimension : 2187
noise variance: 27337.466796875
original u-statistic:-170.38487243652344
p value proxy: 0.8205980062484741
result: False
power_upto_now: 0.04794520512223244
147th run
noise dimension : 2187
noise variance: 27343.01953125
original u-statistic:-35.002052307128906
p value proxy: 0.604651153087616
result: False
power_upto_now: 0.0476190485060215
148th run
noise dimension : 2187
noise variance: 27343.357421875
original u-statistic:-106.73027801513672
p value proxy: 0.7308970093727112
result: False
power_upto_now: 0.04729729890823364
149th run
noise dimension : 2187
noise variance: 27328.427734375
original u-statistic:-198.125732421875
p value proxy: 0.9036544561386108
result: False
power_upto_now: 0.0469798669219017
150th run
noise dimension : 2187
noise variance: 27330.591796875
original u-statistic:-336.18212890625
p value proxy: 0.9867109656333923
result: False
power_upto_now: 0.046666666865348816
151th run
noise dimension : 2187
noise variance: 27333.56640625
original u-statistic:-73.50982666015625
p value proxy: 0.7109634280204773
result: False
power_upto_now: 0.046357616782188416
152th run
noise dimension : 2187
noise variance: 27341.130859375
original u-statistic:-80.4273681640625
p value proxy: 0.6943521499633789
result: False
power_upto_now: 0.04605263099074364
153th run
noise dimension : 2187
noise variance: 27351.076171875
original u-statistic:-102.27670288085938
p value proxy: 0.7375414967536926
result: False
power_upto_now: 0.04575163498520851
154th run
noise dimension : 2187
noise variance: 27334.154296875
original u-statistic:-9.88003158569336
p value proxy: 0.4651162624359131
result: False
power_upto_now: 0.04545454680919647
155th run
noise dimension : 2187
noise variance: 27340.46875
original u-statistic:116.74440002441406
p value proxy: 0.2425249069929123
result: False
power_upto_now: 0.04516129195690155
156th run
noise dimension : 2187
noise variance: 27332.453125
original u-statistic:-54.938140869140625
p value proxy: 0.5116279125213623
result: False
power_upto_now: 0.044871795922517776
157th run
noise dimension : 2187
noise variance: 27336.314453125
original u-statistic:-58.31547927856445
p value proxy: 0.6245846748352051
result: False
power_upto_now: 0.04458598792552948
158th run
noise dimension : 2187
noise variance: 27338.556640625
original u-statistic:-530.3521728515625
p value proxy: 1.0
result: False
power_upto_now: 0.04430379718542099
159th run
noise dimension : 2187
noise variance: 27342.98828125
original u-statistic:-98.94710540771484
p value proxy: 0.7807309031486511
result: False
power_upto_now: 0.044025156646966934
160th run
noise dimension : 2187
noise variance: 27344.587890625
original u-statistic:47.547454833984375
p value proxy: 0.342192679643631
result: False
power_upto_now: 0.04374999925494194
161th run
noise dimension : 2187
noise variance: 27341.41015625
original u-statistic:-58.51548385620117
p value proxy: 0.6112956404685974
result: False
power_upto_now: 0.043478261679410934
162th run
noise dimension : 2187
noise variance: 27329.224609375
original u-statistic:91.14842987060547
p value proxy: 0.33887043595314026
result: False
power_upto_now: 0.043209876865148544
163th run
noise dimension : 2187
noise variance: 27339.779296875
original u-statistic:160.61611938476562
p value proxy: 0.16943521797657013
result: False
power_upto_now: 0.042944785207509995
164th run
noise dimension : 2187
noise variance: 27339.47265625
original u-statistic:-257.42706298828125
p value proxy: 0.9102990031242371
result: False
power_upto_now: 0.04268292710185051
165th run
noise dimension : 2187
noise variance: 27343.064453125
original u-statistic:109.13217163085938
p value proxy: 0.27242523431777954
result: False
power_upto_now: 0.042424242943525314
166th run
noise dimension : 2187
noise variance: 27342.416015625
original u-statistic:78.90386199951172
p value proxy: 0.3289036452770233
result: False
power_upto_now: 0.04216867312788963
167th run
noise dimension : 2187
noise variance: 27339.376953125
original u-statistic:94.02476501464844
p value proxy: 0.3056478202342987
result: False
power_upto_now: 0.041916169226169586
168th run
noise dimension : 2187
noise variance: 27329.677734375
original u-statistic:-66.39692687988281
p value proxy: 0.6179401874542236
result: False
power_upto_now: 0.0416666679084301
169th run
noise dimension : 2187
noise variance: 27325.724609375
original u-statistic:54.324005126953125
p value proxy: 0.35548171401023865
result: False
power_upto_now: 0.041420117020606995
170th run
noise dimension : 2187
noise variance: 27331.2265625
original u-statistic:-29.843421936035156
p value proxy: 0.5847175717353821
result: False
power_upto_now: 0.04117647185921669
171th run
noise dimension : 2187
noise variance: 27328.0078125
original u-statistic:123.5464096069336
p value proxy: 0.2657807171344757
result: False
power_upto_now: 0.04093567281961441
172th run
noise dimension : 2187
noise variance: 27334.71484375
original u-statistic:53.41381072998047
p value proxy: 0.382059782743454
result: False
power_upto_now: 0.040697675198316574
173th run
noise dimension : 2187
noise variance: 27336.296875
original u-statistic:-159.98690795898438
p value proxy: 0.8006644248962402
result: False
power_upto_now: 0.040462426841259
174th run
noise dimension : 2187
noise variance: 27341.78125
original u-statistic:-126.02154541015625
p value proxy: 0.7308970093727112
result: False
power_upto_now: 0.04022988677024841
175th run
noise dimension : 2187
noise variance: 27345.119140625
original u-statistic:84.16732025146484
p value proxy: 0.35548171401023865
result: False
power_upto_now: 0.03999999910593033
176th run
noise dimension : 2187
noise variance: 27329.919921875
original u-statistic:-198.74888610839844
p value proxy: 0.8936876654624939
result: False
power_upto_now: 0.039772726595401764
177th run
noise dimension : 2187
noise variance: 27339.08984375
original u-statistic:232.16378784179688
p value proxy: 0.09966777265071869
result: False
power_upto_now: 0.03954802080988884
178th run
noise dimension : 2187
noise variance: 27336.00390625
original u-statistic:99.02813720703125
p value proxy: 0.29568105936050415
result: False
power_upto_now: 0.03932584449648857
179th run
noise dimension : 2187
noise variance: 27339.564453125
original u-statistic:24.543312072753906
p value proxy: 0.4518272280693054
result: False
power_upto_now: 0.03910614550113678
180th run
noise dimension : 2187
noise variance: 27336.16015625
original u-statistic:-226.27464294433594
p value proxy: 0.8704319000244141
result: False
power_upto_now: 0.03888889029622078
181th run
noise dimension : 2187
noise variance: 27328.76953125
original u-statistic:-118.35292053222656
p value proxy: 0.724252462387085
result: False
power_upto_now: 0.03867403417825699
182th run
noise dimension : 2187
noise variance: 27329.015625
original u-statistic:-85.57743835449219
p value proxy: 0.6777408719062805
result: False
power_upto_now: 0.03846153989434242
183th run
noise dimension : 2187
noise variance: 27343.650390625
original u-statistic:-193.1542510986328
p value proxy: 0.8671095967292786
result: False
power_upto_now: 0.0382513664662838
184th run
noise dimension : 2187
noise variance: 27335.64453125
original u-statistic:-183.19863891601562
p value proxy: 0.8538205623626709
result: False
power_upto_now: 0.03804347664117813
185th run
noise dimension : 2187
noise variance: 27343.1171875
original u-statistic:-250.16729736328125
p value proxy: 0.9368770718574524
result: False
power_upto_now: 0.037837836891412735
186th run
noise dimension : 2187
noise variance: 27347.291015625
original u-statistic:139.71853637695312
p value proxy: 0.21262457966804504
result: False
power_upto_now: 0.037634409964084625
187th run
noise dimension : 2187
noise variance: 27334.265625
original u-statistic:-111.26132202148438
p value proxy: 0.7209302186965942
result: False
power_upto_now: 0.03743315488100052
188th run
noise dimension : 2187
noise variance: 27341.26171875
original u-statistic:-237.31781005859375
p value proxy: 0.8970099687576294
result: False
power_upto_now: 0.03723404183983803
189th run
noise dimension : 2187
noise variance: 27346.06640625
original u-statistic:308.0929870605469
p value proxy: 0.05647840350866318
result: False
power_upto_now: 0.03703703731298447
190th run
noise dimension : 2187
noise variance: 27344.412109375
original u-statistic:176.60464477539062
p value proxy: 0.13289035856723785
result: False
power_upto_now: 0.03684210404753685
191th run
noise dimension : 2187
noise variance: 27334.41015625
original u-statistic:-72.5811996459961
p value proxy: 0.634551465511322
result: False
power_upto_now: 0.03664921596646309
192th run
noise dimension : 2187
noise variance: 27336.572265625
original u-statistic:-459.50811767578125
p value proxy: 0.9966776967048645
result: False
power_upto_now: 0.0364583320915699
193th run
noise dimension : 2187
noise variance: 27334.2890625
original u-statistic:-91.3898696899414
p value proxy: 0.6644518375396729
result: False
power_upto_now: 0.036269430071115494
194th run
noise dimension : 2187
noise variance: 27352.119140625
original u-statistic:136.06019592285156
p value proxy: 0.21594683825969696
result: False
power_upto_now: 0.036082472652196884
195th run
noise dimension : 2187
noise variance: 27327.228515625
original u-statistic:-209.89486694335938
p value proxy: 0.9036544561386108
result: False
power_upto_now: 0.03589743748307228
196th run
noise dimension : 2187
noise variance: 27338.634765625
original u-statistic:-159.51776123046875
p value proxy: 0.8139534592628479
result: False
power_upto_now: 0.0357142873108387
197th run
noise dimension : 2187
noise variance: 27335.439453125
original u-statistic:114.77674102783203
p value proxy: 0.27242523431777954
result: False
power_upto_now: 0.03553299605846405
198th run
noise dimension : 2187
noise variance: 27341.119140625
original u-statistic:-61.06006622314453
p value proxy: 0.6578072905540466
result: False
power_upto_now: 0.035353533923625946
199th run
noise dimension : 2187
noise variance: 27349.060546875
original u-statistic:398.07183837890625
p value proxy: 0.013289036229252815
result: True
power_upto_now: 0.04020100459456444
200th run
noise dimension : 2187
noise variance: 27332.150390625
original u-statistic:227.84217834472656
p value proxy: 0.11627906560897827
result: False
power_upto_now: 0.03999999910593033
201th run
noise dimension : 2187
noise variance: 27345.283203125
original u-statistic:144.7313232421875
p value proxy: 0.1827242523431778
result: False
power_upto_now: 0.03980099409818649
202th run
noise dimension : 2187
noise variance: 27338.958984375
original u-statistic:306.02484130859375
p value proxy: 0.04651162773370743
result: True
power_upto_now: 0.0445544570684433
203th run
noise dimension : 2187
noise variance: 27336.41796875
original u-statistic:-3.1870269775390625
p value proxy: 0.5083056092262268
result: False
power_upto_now: 0.04433497413992882
204th run
noise dimension : 2187
noise variance: 27335.955078125
original u-statistic:213.0970458984375
p value proxy: 0.11960132420063019
result: False
power_upto_now: 0.04411764815449715
205th run
noise dimension : 2187
noise variance: 27338.921875
original u-statistic:-136.35006713867188
p value proxy: 0.7840531468391418
result: False
power_upto_now: 0.043902438133955
206th run
noise dimension : 2187
noise variance: 27342.2421875
original u-statistic:74.7815170288086
p value proxy: 0.3621262311935425
result: False
power_upto_now: 0.04368932172656059
207th run
noise dimension : 2187
noise variance: 27336.1171875
original u-statistic:-221.89083862304688
p value proxy: 0.8936876654624939
result: False
power_upto_now: 0.043478261679410934
208th run
noise dimension : 2187
noise variance: 27331.759765625
original u-statistic:3.641223907470703
p value proxy: 0.5016611218452454
result: False
power_upto_now: 0.04326923191547394
209th run
noise dimension : 2187
noise variance: 27338.2578125
original u-statistic:115.87088012695312
p value proxy: 0.19933554530143738
result: False
power_upto_now: 0.043062202632427216
210th run
noise dimension : 2187
noise variance: 27339.330078125
original u-statistic:6.203848838806152
p value proxy: 0.44186046719551086
result: False
power_upto_now: 0.04285714402794838
211th run
noise dimension : 2187
noise variance: 27339.443359375
original u-statistic:122.6202392578125
p value proxy: 0.25249168276786804
result: False
power_upto_now: 0.04265403002500534
212th run
noise dimension : 2187
noise variance: 27337.994140625
original u-statistic:-550.1656494140625
p value proxy: 0.9966776967048645
result: False
power_upto_now: 0.04245283082127571
213th run
noise dimension : 2187
noise variance: 27341.712890625
original u-statistic:-171.8394775390625
p value proxy: 0.8338870406150818
result: False
power_upto_now: 0.0422535203397274
214th run
noise dimension : 2187
noise variance: 27336.591796875
original u-statistic:383.05401611328125
p value proxy: 0.013289036229252815
result: True
power_upto_now: 0.04672897234559059
215th run
noise dimension : 2187
noise variance: 27345.45703125
original u-statistic:-301.11920166015625
p value proxy: 0.960132896900177
result: False
power_upto_now: 0.04651162773370743
216th run
noise dimension : 2187
noise variance: 27342.220703125
original u-statistic:414.24560546875
p value proxy: 0.019933555275201797
result: True
power_upto_now: 0.05092592537403107
217th run
noise dimension : 2187
noise variance: 27332.44140625
original u-statistic:-173.50750732421875
p value proxy: 0.8471760749816895
result: False
power_upto_now: 0.05069124326109886
218th run
noise dimension : 2187
noise variance: 27339.048828125
original u-statistic:-10.247177124023438
p value proxy: 0.5215946435928345
result: False
power_upto_now: 0.05045871436595917
219th run
noise dimension : 2187
noise variance: 27333.828125
original u-statistic:373.0321044921875
p value proxy: 0.009966777637600899
result: True
power_upto_now: 0.054794520139694214
220th run
noise dimension : 2187
noise variance: 27325.5546875
original u-statistic:175.23385620117188
p value proxy: 0.15614616870880127
result: False
power_upto_now: 0.05454545468091965
221th run
noise dimension : 2187
noise variance: 27339.34765625
original u-statistic:127.02304077148438
p value proxy: 0.20930232107639313
result: False
power_upto_now: 0.05429864302277565
222th run
noise dimension : 2187
noise variance: 27335.798828125
original u-statistic:320.88494873046875
p value proxy: 0.049833886325359344
result: True
power_upto_now: 0.05855855718255043
223th run
noise dimension : 2187
noise variance: 27328.953125
original u-statistic:108.2027587890625
p value proxy: 0.2458471655845642
result: False
power_upto_now: 0.05829596519470215
224th run
noise dimension : 2187
noise variance: 27329.46875
original u-statistic:-81.53877258300781
p value proxy: 0.6677740812301636
result: False
power_upto_now: 0.0580357126891613
225th run
noise dimension : 2187
noise variance: 27320.8828125
original u-statistic:-217.5828857421875
p value proxy: 0.8970099687576294
result: False
power_upto_now: 0.057777777314186096
226th run
noise dimension : 2187
noise variance: 27340.94140625
original u-statistic:-119.61576843261719
p value proxy: 0.7109634280204773
result: False
power_upto_now: 0.05752212554216385
227th run
noise dimension : 2187
noise variance: 27338.328125
original u-statistic:54.699180603027344
p value proxy: 0.35548171401023865
result: False
power_upto_now: 0.05726872384548187
228th run
noise dimension : 2187
noise variance: 27335.931640625
original u-statistic:-72.1121826171875
p value proxy: 0.6910299062728882
result: False
power_upto_now: 0.05701754242181778
229th run
noise dimension : 2187
noise variance: 27337.873046875
original u-statistic:123.12274932861328
p value proxy: 0.2458471655845642
result: False
power_upto_now: 0.05676855891942978
230th run
noise dimension : 2187
noise variance: 27339.7890625
original u-statistic:-40.81169128417969
p value proxy: 0.5448504686355591
result: False
power_upto_now: 0.056521739810705185
231th run
noise dimension : 2187
noise variance: 27329.6171875
original u-statistic:93.6828384399414
p value proxy: 0.3056478202342987
result: False
power_upto_now: 0.05627705529332161
232th run
noise dimension : 2187
noise variance: 27329.84765625
original u-statistic:-14.104515075683594
p value proxy: 0.49833884835243225
result: False
power_upto_now: 0.05603448301553726
233th run
noise dimension : 2187
noise variance: 27344.10546875
original u-statistic:-426.2134704589844
p value proxy: 0.9767441749572754
result: False
power_upto_now: 0.055793993175029755
234th run
noise dimension : 2187
noise variance: 27336.26171875
original u-statistic:-41.730804443359375
p value proxy: 0.5681062936782837
result: False
power_upto_now: 0.0555555559694767
235th run
noise dimension : 2187
noise variance: 27341.17578125
original u-statistic:45.961055755615234
p value proxy: 0.3853820562362671
result: False
power_upto_now: 0.05531914904713631
236th run
noise dimension : 2187
noise variance: 27331.38671875
original u-statistic:148.88479614257812
p value proxy: 0.19601328670978546
result: False
power_upto_now: 0.055084746330976486
237th run
noise dimension : 2187
noise variance: 27343.630859375
original u-statistic:-45.58744812011719
p value proxy: 0.6013289093971252
result: False
power_upto_now: 0.05485232174396515
238th run
noise dimension : 2187
noise variance: 27344.966796875
original u-statistic:206.90728759765625
p value proxy: 0.13621261715888977
result: False
power_upto_now: 0.054621849209070206
239th run
noise dimension : 2187
noise variance: 27338.095703125
original u-statistic:31.90740966796875
p value proxy: 0.4518272280693054
result: False
power_upto_now: 0.054393306374549866
240th run
noise dimension : 2187
noise variance: 27338.0078125
original u-statistic:-56.31402587890625
p value proxy: 0.6411960124969482
result: False
power_upto_now: 0.05416666716337204
241th run
noise dimension : 2187
noise variance: 27326.822265625
original u-statistic:-17.545351028442383
p value proxy: 0.5448504686355591
result: False
power_upto_now: 0.05394190922379494
242th run
noise dimension : 2187
noise variance: 27346.1015625
original u-statistic:-48.82398223876953
p value proxy: 0.6112956404685974
result: False
power_upto_now: 0.05371900647878647
243th run
noise dimension : 2187
noise variance: 27341.654296875
original u-statistic:-1.5337486267089844
p value proxy: 0.5016611218452454
result: False
power_upto_now: 0.05349794402718544
244th run
noise dimension : 2187
noise variance: 27330.57421875
original u-statistic:309.19769287109375
p value proxy: 0.033222589641809464
result: True
power_upto_now: 0.05737704783678055
245th run
noise dimension : 2187
noise variance: 27338.697265625
original u-statistic:95.99765014648438
p value proxy: 0.31229233741760254
result: False
power_upto_now: 0.05714285746216774
246th run
noise dimension : 2187
noise variance: 27324.8671875
original u-statistic:-120.76768493652344
p value proxy: 0.724252462387085
result: False
power_upto_now: 0.056910570710897446
247th run
noise dimension : 2187
noise variance: 27332.58203125
original u-statistic:98.86085510253906
p value proxy: 0.2990033030509949
result: False
power_upto_now: 0.056680161505937576
248th run
noise dimension : 2187
noise variance: 27328.4375
original u-statistic:12.817108154296875
p value proxy: 0.47508305311203003
result: False
power_upto_now: 0.05645161122083664
249th run
noise dimension : 2187
noise variance: 27345.125
original u-statistic:32.5194206237793
p value proxy: 0.44186046719551086
result: False
power_upto_now: 0.05622490122914314
250th run
noise dimension : 2187
noise variance: 27329.9921875
original u-statistic:-155.506591796875
p value proxy: 0.8305647373199463
result: False
power_upto_now: 0.0560000017285347
251th run
noise dimension : 2187
noise variance: 27341.58984375
original u-statistic:-24.690082550048828
p value proxy: 0.4850498139858246
result: False
power_upto_now: 0.055776894092559814
252th run
noise dimension : 2187
noise variance: 27328.33203125
original u-statistic:-15.806861877441406
p value proxy: 0.49833884835243225
result: False
power_upto_now: 0.0555555559694767
253th run
noise dimension : 2187
noise variance: 27353.486328125
original u-statistic:-2.6163711547851562
p value proxy: 0.49501660466194153
result: False
power_upto_now: 0.05533596873283386
254th run
noise dimension : 2187
noise variance: 27343.296875
original u-statistic:-125.18728637695312
p value proxy: 0.724252462387085
result: False
power_upto_now: 0.05511811003088951
255th run
noise dimension : 2187
noise variance: 27344.228515625
original u-statistic:-14.532546997070312
p value proxy: 0.5282391905784607
result: False
power_upto_now: 0.054901961237192154
256th run
noise dimension : 2187
noise variance: 27336.666015625
original u-statistic:1.6473064422607422
p value proxy: 0.49833884835243225
result: False
power_upto_now: 0.0546875
257th run
noise dimension : 2187
noise variance: 27329.171875
original u-statistic:-196.68173217773438
p value proxy: 0.8305647373199463
result: False
power_upto_now: 0.05447470769286156
258th run
noise dimension : 2187
noise variance: 27341.13671875
original u-statistic:-62.045867919921875
p value proxy: 0.6544850468635559
result: False
power_upto_now: 0.05426356568932533
259th run
noise dimension : 2187
noise variance: 27340.576171875
original u-statistic:23.274269104003906
p value proxy: 0.4518272280693054
result: False
power_upto_now: 0.054054055362939835
260th run
noise dimension : 2187
noise variance: 27333.2109375
original u-statistic:125.41825866699219
p value proxy: 0.24916942417621613
result: False
power_upto_now: 0.05384615436196327
261th run
noise dimension : 2187
noise variance: 27343.357421875
original u-statistic:152.2224884033203
p value proxy: 0.2026578038930893
result: False
power_upto_now: 0.05363984778523445
262th run
noise dimension : 2187
noise variance: 27329.72265625
original u-statistic:-67.91069030761719
p value proxy: 0.6544850468635559
result: False
power_upto_now: 0.05343511328101158
263th run
noise dimension : 2187
noise variance: 27340.966796875
original u-statistic:111.41299438476562
p value proxy: 0.2990033030509949
result: False
power_upto_now: 0.05323193967342377
264th run
noise dimension : 2187
noise variance: 27339.8359375
original u-statistic:28.107467651367188
p value proxy: 0.43521595001220703
result: False
power_upto_now: 0.05303030461072922
265th run
noise dimension : 2187
noise variance: 27336.294921875
original u-statistic:95.82404327392578
p value proxy: 0.2691029906272888
result: False
power_upto_now: 0.05283018946647644
266th run
noise dimension : 2187
noise variance: 27343.720703125
original u-statistic:33.246971130371094
p value proxy: 0.41860464215278625
result: False
power_upto_now: 0.05263157933950424
267th run
noise dimension : 2187
noise variance: 27337.59765625
original u-statistic:-18.161865234375
p value proxy: 0.5747508406639099
result: False
power_upto_now: 0.05243445560336113
268th run
noise dimension : 2187
noise variance: 27344.517578125
original u-statistic:273.068359375
p value proxy: 0.06976743787527084
result: False
power_upto_now: 0.05223880708217621
269th run
noise dimension : 2187
noise variance: 27345.169921875
original u-statistic:-69.64996337890625
p value proxy: 0.6212624311447144
result: False
power_upto_now: 0.05204461142420769
270th run
noise dimension : 2187
noise variance: 27337.513671875
original u-statistic:156.44786071777344
p value proxy: 0.20930232107639313
result: False
power_upto_now: 0.051851850003004074
271th run
noise dimension : 2187
noise variance: 27337.53515625
original u-statistic:-274.72119140625
p value proxy: 0.9401993155479431
result: False
power_upto_now: 0.05166051536798477
272th run
noise dimension : 2187
noise variance: 27345.533203125
original u-statistic:30.064590454101562
p value proxy: 0.41528236865997314
result: False
power_upto_now: 0.05147058889269829
273th run
noise dimension : 2187
noise variance: 27337.041015625
original u-statistic:13.865486145019531
p value proxy: 0.43521595001220703
result: False
power_upto_now: 0.05128205195069313
274th run
noise dimension : 2187
noise variance: 27330.912109375
original u-statistic:89.27494812011719
p value proxy: 0.31561461091041565
result: False
power_upto_now: 0.051094889640808105
275th run
noise dimension : 2187
noise variance: 27339.78515625
original u-statistic:-302.25811767578125
p value proxy: 0.9568105936050415
result: False
power_upto_now: 0.05090909078717232
276th run
noise dimension : 2187
noise variance: 27337.4140625
original u-statistic:-78.3763427734375
p value proxy: 0.634551465511322
result: False
power_upto_now: 0.050724636763334274
277th run
noise dimension : 2187
noise variance: 27333.837890625
original u-statistic:27.351425170898438
p value proxy: 0.3920265734195709
result: False
power_upto_now: 0.05054151639342308
278th run
noise dimension : 2187
noise variance: 27330.548828125
original u-statistic:-43.77556610107422
p value proxy: 0.6312292218208313
result: False
power_upto_now: 0.050359711050987244
279th run
noise dimension : 2187
noise variance: 27335.798828125
original u-statistic:53.31310272216797
p value proxy: 0.3920265734195709
result: False
power_upto_now: 0.05017921328544617
280th run
noise dimension : 2187
noise variance: 27340.318359375
original u-statistic:13.269344329833984
p value proxy: 0.5083056092262268
result: False
power_upto_now: 0.05000000074505806
281th run
noise dimension : 2187
noise variance: 27339.4375
original u-statistic:67.4227294921875
p value proxy: 0.2990033030509949
result: False
power_upto_now: 0.049822062253952026
282th run
noise dimension : 2187
noise variance: 27357.103515625
original u-statistic:4.1602325439453125
p value proxy: 0.45514950156211853
result: False
power_upto_now: 0.04964539036154747
283th run
noise dimension : 2187
noise variance: 27335.689453125
original u-statistic:-20.911544799804688
p value proxy: 0.5382059812545776
result: False
power_upto_now: 0.0494699664413929
284th run
noise dimension : 2187
noise variance: 27339.09375
original u-statistic:-128.61160278320312
p value proxy: 0.7541528344154358
result: False
power_upto_now: 0.04929577559232712
285th run
noise dimension : 2187
noise variance: 27330.265625
original u-statistic:112.197998046875
p value proxy: 0.27242523431777954
result: False
power_upto_now: 0.04912280663847923
286th run
noise dimension : 2187
noise variance: 27338.5859375
original u-statistic:-5.839836120605469
p value proxy: 0.5315614342689514
result: False
power_upto_now: 0.04895104840397835
287th run
noise dimension : 2187
noise variance: 27347.251953125
original u-statistic:270.39044189453125
p value proxy: 0.0830564796924591
result: False
power_upto_now: 0.04878048598766327
288th run
noise dimension : 2187
noise variance: 27333.99609375
original u-statistic:122.0490951538086
p value proxy: 0.25249168276786804
result: False
power_upto_now: 0.0486111119389534
289th run
noise dimension : 2187
noise variance: 27329.470703125
original u-statistic:52.17976379394531
p value proxy: 0.4119601249694824
result: False
power_upto_now: 0.04844290763139725
290th run
noise dimension : 2187
noise variance: 27343.25
original u-statistic:225.8596954345703
p value proxy: 0.12956809997558594
result: False
power_upto_now: 0.04827586188912392
291th run
noise dimension : 2187
noise variance: 27334.013671875
original u-statistic:-352.60736083984375
p value proxy: 0.9734219312667847
result: False
power_upto_now: 0.04810996726155281
292th run
noise dimension : 2187
noise variance: 27345.80859375
original u-statistic:-184.36215209960938
p value proxy: 0.8205980062484741
result: False
power_upto_now: 0.04794520512223244
293th run
noise dimension : 2187
noise variance: 27335.583984375
original u-statistic:-197.69293212890625
p value proxy: 0.8671095967292786
result: False
power_upto_now: 0.0477815717458725
294th run
noise dimension : 2187
noise variance: 27334.3671875
original u-statistic:-85.11428833007812
p value proxy: 0.7209302186965942
result: False
power_upto_now: 0.0476190485060215
295th run
noise dimension : 2187
noise variance: 27323.638671875
original u-statistic:-2.6671981811523438
p value proxy: 0.5016611218452454
result: False
power_upto_now: 0.047457627952098846
296th run
noise dimension : 2187
noise variance: 27334.841796875
original u-statistic:-157.40957641601562
p value proxy: 0.8106312155723572
result: False
power_upto_now: 0.04729729890823364
297th run
noise dimension : 2187
noise variance: 27338.333984375
original u-statistic:-73.84489440917969
p value proxy: 0.6511628031730652
result: False
power_upto_now: 0.047138046473264694
298th run
noise dimension : 2187
noise variance: 27336.87890625
original u-statistic:27.649383544921875
p value proxy: 0.43521595001220703
result: False
power_upto_now: 0.0469798669219017
299th run
noise dimension : 2187
noise variance: 27343.728515625
original u-statistic:143.5369415283203
p value proxy: 0.18936876952648163
result: False
power_upto_now: 0.046822741627693176
300th run
noise dimension : 2187
noise variance: 27344.505859375
original u-statistic:-61.474151611328125
p value proxy: 0.634551465511322
result: False
power_upto_now: 0.046666666865348816
301th run
noise dimension : 2187
noise variance: 27347.12109375
original u-statistic:-154.98513793945312
p value proxy: 0.8172757029533386
result: False
power_upto_now: 0.04651162773370743
302th run
noise dimension : 2187
noise variance: 27337.328125
original u-statistic:85.90324401855469
p value proxy: 0.3255814015865326
result: False
power_upto_now: 0.046357616782188416
303th run
noise dimension : 2187
noise variance: 27349.607421875
original u-statistic:145.66819763183594
p value proxy: 0.2259136140346527
result: False
power_upto_now: 0.046204619109630585
304th run
noise dimension : 2187
noise variance: 27343.28515625
original u-statistic:-129.17071533203125
p value proxy: 0.7574750781059265
result: False
power_upto_now: 0.04605263099074364
305th run
noise dimension : 2187
noise variance: 27346.51171875
original u-statistic:-79.28483581542969
p value proxy: 0.6644518375396729
result: False
power_upto_now: 0.04590163752436638
306th run
noise dimension : 2187
noise variance: 27330.40234375
original u-statistic:24.07183837890625
p value proxy: 0.46179401874542236
result: False
power_upto_now: 0.04575163498520851
307th run
noise dimension : 2187
noise variance: 27327.876953125
original u-statistic:-101.45846557617188
p value proxy: 0.714285671710968
result: False
power_upto_now: 0.04560260474681854
308th run
noise dimension : 2187
noise variance: 27335.482421875
original u-statistic:346.7575378417969
p value proxy: 0.029900331050157547
result: True
power_upto_now: 0.048701297491788864
309th run
noise dimension : 2187
noise variance: 27324.484375
original u-statistic:18.71820831298828
p value proxy: 0.4684385359287262
result: False
power_upto_now: 0.04854368790984154
310th run
noise dimension : 2187
noise variance: 27345.984375
original u-statistic:73.8509292602539
p value proxy: 0.2890365421772003
result: False
power_upto_now: 0.04838709533214569
311th run
noise dimension : 2187
noise variance: 27351.267578125
original u-statistic:288.53631591796875
p value proxy: 0.07641195505857468
result: False
power_upto_now: 0.04823151230812073
312th run
noise dimension : 2187
noise variance: 27337.923828125
original u-statistic:267.1855163574219
p value proxy: 0.0830564796924591
result: False
power_upto_now: 0.048076923936605453
313th run
noise dimension : 2187
noise variance: 27333.83984375
original u-statistic:-355.7209777832031
p value proxy: 0.9800664186477661
result: False
power_upto_now: 0.04792332276701927
314th run
noise dimension : 2187
noise variance: 27330.16015625
original u-statistic:-94.78498840332031
p value proxy: 0.644518256187439
result: False
power_upto_now: 0.047770701348781586
315th run
noise dimension : 2187
noise variance: 27338.400390625
original u-statistic:372.319580078125
p value proxy: 0.02657807245850563
result: True
power_upto_now: 0.05079365149140358
316th run
noise dimension : 2187
noise variance: 27345.724609375
original u-statistic:235.95748901367188
p value proxy: 0.13621261715888977
result: False
power_upto_now: 0.050632912665605545
317th run
noise dimension : 2187
noise variance: 27335.607421875
original u-statistic:22.81761360168457
p value proxy: 0.46179401874542236
result: False
power_upto_now: 0.05047318711876869
318th run
noise dimension : 2187
noise variance: 27338.904296875
original u-statistic:183.92071533203125
p value proxy: 0.1860465109348297
result: False
power_upto_now: 0.050314463675022125
319th run
noise dimension : 2187
noise variance: 27338.484375
original u-statistic:157.75152587890625
p value proxy: 0.17940199375152588
result: False
power_upto_now: 0.050156738609075546
320th run
noise dimension : 2187
noise variance: 27349.15625
original u-statistic:-225.41326904296875
p value proxy: 0.8671095967292786
result: False
power_upto_now: 0.05000000074505806
321th run
noise dimension : 2187
noise variance: 27338.01953125
original u-statistic:85.24879455566406
p value proxy: 0.342192679643631
result: False
power_upto_now: 0.04984423518180847
322th run
noise dimension : 2187
noise variance: 27347.3359375
original u-statistic:-358.5685729980469
p value proxy: 0.9667773842811584
result: False
power_upto_now: 0.04968944191932678
323th run
noise dimension : 2187
noise variance: 27345.025390625
original u-statistic:12.259536743164062
p value proxy: 0.45514950156211853
result: False
power_upto_now: 0.0495356023311615
324th run
noise dimension : 2187
noise variance: 27339.21875
original u-statistic:397.90728759765625
p value proxy: 0.019933555275201797
result: True
power_upto_now: 0.05246913433074951
325th run
noise dimension : 2187
noise variance: 27338.580078125
original u-statistic:204.24208068847656
p value proxy: 0.1428571343421936
result: False
power_upto_now: 0.05230769142508507
326th run
noise dimension : 2187
noise variance: 27342.32421875
original u-statistic:115.5810317993164
p value proxy: 0.25249168276786804
result: False
power_upto_now: 0.052147239446640015
327th run
noise dimension : 2187
noise variance: 27340.498046875
original u-statistic:-196.81112670898438
p value proxy: 0.8571428656578064
result: False
power_upto_now: 0.05198776721954346
328th run
noise dimension : 2187
noise variance: 27341.775390625
original u-statistic:-209.911865234375
p value proxy: 0.8637873530387878
result: False
power_upto_now: 0.0518292672932148
329th run
noise dimension : 2187
noise variance: 27331.66796875
original u-statistic:102.7399673461914
p value proxy: 0.2790697515010834
result: False
power_upto_now: 0.05167173221707344
330th run
noise dimension : 2187
noise variance: 27347.84375
original u-statistic:14.29498291015625
p value proxy: 0.5016611218452454
result: False
power_upto_now: 0.05151515081524849
331th run
noise dimension : 2187
noise variance: 27340.447265625
original u-statistic:-2.7250709533691406
p value proxy: 0.5348837375640869
result: False
power_upto_now: 0.05135951563715935
332th run
noise dimension : 2187
noise variance: 27345.521484375
original u-statistic:285.1468811035156
p value proxy: 0.06976743787527084
result: False
power_upto_now: 0.05120481923222542
333th run
noise dimension : 2187
noise variance: 27326.205078125
original u-statistic:-289.93939208984375
p value proxy: 0.9667773842811584
result: False
power_upto_now: 0.051051050424575806
334th run
noise dimension : 2187
noise variance: 27337.373046875
original u-statistic:423.0816345214844
p value proxy: 0.016611294820904732
result: True
power_upto_now: 0.053892213851213455
335th run
noise dimension : 2187
noise variance: 27332.650390625
original u-statistic:-28.376190185546875
p value proxy: 0.5348837375640869
result: False
power_upto_now: 0.053731344640254974
336th run
noise dimension : 2187
noise variance: 27336.615234375
original u-statistic:-162.48837280273438
p value proxy: 0.7774085998535156
result: False
power_upto_now: 0.0535714291036129
337th run
noise dimension : 2187
noise variance: 27334.556640625
original u-statistic:56.9886589050293
p value proxy: 0.3853820562362671
result: False
power_upto_now: 0.05341246351599693
338th run
noise dimension : 2187
noise variance: 27337.8203125
original u-statistic:76.40552520751953
p value proxy: 0.31229233741760254
result: False
power_upto_now: 0.05325443670153618
339th run
noise dimension : 2187
noise variance: 27336.666015625
original u-statistic:297.99456787109375
p value proxy: 0.06644517928361893
result: False
power_upto_now: 0.05309734493494034
340th run
noise dimension : 2187
noise variance: 27339.740234375
original u-statistic:57.903133392333984
p value proxy: 0.382059782743454
result: False
power_upto_now: 0.052941177040338516
341th run
noise dimension : 2187
noise variance: 27348.669921875
original u-statistic:121.55950927734375
p value proxy: 0.2425249069929123
result: False
power_upto_now: 0.052785925567150116
342th run
noise dimension : 2187
noise variance: 27311.203125
original u-statistic:349.213134765625
p value proxy: 0.029900331050157547
result: True
power_upto_now: 0.0555555559694767
343th run
noise dimension : 2187
noise variance: 27345.359375
original u-statistic:-95.90614318847656
p value proxy: 0.6544850468635559
result: False
power_upto_now: 0.05539358779788017
344th run
noise dimension : 2187
noise variance: 27344.26171875
original u-statistic:230.67457580566406
p value proxy: 0.13289035856723785
result: False
power_upto_now: 0.05523255839943886
345th run
noise dimension : 2187
noise variance: 27333.57421875
original u-statistic:-105.16194915771484
p value proxy: 0.7209302186965942
result: False
power_upto_now: 0.05507246404886246
346th run
noise dimension : 2187
noise variance: 27348.134765625
original u-statistic:-250.3019561767578
p value proxy: 0.9003322124481201
result: False
power_upto_now: 0.054913293570280075
347th run
noise dimension : 2187
noise variance: 27338.35546875
original u-statistic:-61.65354919433594
p value proxy: 0.6411960124969482
result: False
power_upto_now: 0.05475504323840141
348th run
noise dimension : 2187
noise variance: 27337.91015625
original u-statistic:153.90631103515625
p value proxy: 0.19601328670978546
result: False
power_upto_now: 0.054597701877355576
349th run
noise dimension : 2187
noise variance: 27340.833984375
original u-statistic:32.11751174926758
p value proxy: 0.4019933342933655
result: False
power_upto_now: 0.054441262036561966
350th run
noise dimension : 2187
noise variance: 27337.84375
original u-statistic:-20.241439819335938
p value proxy: 0.5448504686355591
result: False
power_upto_now: 0.05428571254014969
351th run
noise dimension : 2187
noise variance: 27337.427734375
original u-statistic:222.24566650390625
p value proxy: 0.13289035856723785
result: False
power_upto_now: 0.054131053388118744
352th run
noise dimension : 2187
noise variance: 27321.763671875
original u-statistic:-16.52593994140625
p value proxy: 0.5282391905784607
result: False
power_upto_now: 0.053977273404598236
353th run
noise dimension : 2187
noise variance: 27345.26953125
original u-statistic:88.54956817626953
p value proxy: 0.33887043595314026
result: False
power_upto_now: 0.05382436141371727
354th run
noise dimension : 2187
noise variance: 27338.494140625
original u-statistic:145.45025634765625
p value proxy: 0.1827242523431778
result: False
power_upto_now: 0.053672317415475845
355th run
noise dimension : 2187
noise variance: 27322.32421875
original u-statistic:-207.8347625732422
p value proxy: 0.8936876654624939
result: False
power_upto_now: 0.05352112650871277
356th run
noise dimension : 2187
noise variance: 27335.998046875
original u-statistic:281.0978698730469
p value proxy: 0.06312292069196701
result: False
power_upto_now: 0.05337078496813774
357th run
noise dimension : 2187
noise variance: 27333.3515625
original u-statistic:-159.5680694580078
p value proxy: 0.843853771686554
result: False
power_upto_now: 0.053221289068460464
358th run
noise dimension : 2187
noise variance: 27330.68359375
original u-statistic:-254.6170654296875
p value proxy: 0.9235880374908447
result: False
power_upto_now: 0.053072623908519745
359th run
noise dimension : 2187
noise variance: 27338.5859375
original u-statistic:126.95816040039062
p value proxy: 0.20930232107639313
result: False
power_upto_now: 0.05292478948831558
360th run
noise dimension : 2187
noise variance: 27328.5390625
original u-statistic:5.847009658813477
p value proxy: 0.5016611218452454
result: False
power_upto_now: 0.05277777835726738
361th run
noise dimension : 2187
noise variance: 27342.392578125
original u-statistic:113.858154296875
p value proxy: 0.2458471655845642
result: False
power_upto_now: 0.05263157933950424
362th run
noise dimension : 2187
noise variance: 27344.8828125
original u-statistic:60.611305236816406
p value proxy: 0.4019933342933655
result: False
power_upto_now: 0.05248618870973587
363th run
noise dimension : 2187
noise variance: 27332.650390625
original u-statistic:-277.24462890625
p value proxy: 0.9435215592384338
result: False
power_upto_now: 0.05234159901738167
364th run
noise dimension : 2187
noise variance: 27351.41796875
original u-statistic:-162.93435668945312
p value proxy: 0.8006644248962402
result: False
power_upto_now: 0.05219780281186104
365th run
noise dimension : 2187
noise variance: 27345.26953125
original u-statistic:-116.8592758178711
p value proxy: 0.7342192530632019
result: False
power_upto_now: 0.05205479636788368
366th run
noise dimension : 2187
noise variance: 27345.591796875
original u-statistic:105.65559387207031
p value proxy: 0.2657807171344757
result: False
power_upto_now: 0.051912568509578705
367th run
noise dimension : 2187
noise variance: 27337.33984375
original u-statistic:240.77862548828125
p value proxy: 0.06644517928361893
result: False
power_upto_now: 0.05177111551165581
368th run
noise dimension : 2187
noise variance: 27326.015625
original u-statistic:163.9675750732422
p value proxy: 0.17607973515987396
result: False
power_upto_now: 0.05163043364882469
369th run
noise dimension : 2187
noise variance: 27344.99609375
original u-statistic:-115.32501983642578
p value proxy: 0.7475082874298096
result: False
power_upto_now: 0.05149051547050476
370th run
noise dimension : 2187
noise variance: 27336.546875
original u-statistic:161.27301025390625
p value proxy: 0.18936876952648163
result: False
power_upto_now: 0.05135134980082512
371th run
noise dimension : 2187
noise variance: 27336.205078125
original u-statistic:-116.77889251708984
p value proxy: 0.7740863561630249
result: False
power_upto_now: 0.05121293663978577
372th run
noise dimension : 2187
noise variance: 27333.078125
original u-statistic:-429.85498046875
p value proxy: 0.9867109656333923
result: False
power_upto_now: 0.05107526853680611
373th run
noise dimension : 2187
noise variance: 27334.169921875
original u-statistic:-6.018707275390625
p value proxy: 0.5016611218452454
result: False
power_upto_now: 0.05093833804130554
374th run
noise dimension : 2187
noise variance: 27341.505859375
original u-statistic:-16.504409790039062
p value proxy: 0.5348837375640869
result: False
power_upto_now: 0.050802137702703476
375th run
noise dimension : 2187
noise variance: 27337.609375
original u-statistic:-60.35292053222656
p value proxy: 0.5780730843544006
result: False
power_upto_now: 0.05066666752099991
376th run
noise dimension : 2187
noise variance: 27333.2109375
original u-statistic:102.41415405273438
p value proxy: 0.2857142686843872
result: False
power_upto_now: 0.050531916320323944
377th run
noise dimension : 2187
noise variance: 27337.158203125
original u-statistic:102.38876342773438
p value proxy: 0.27242523431777954
result: False
power_upto_now: 0.050397876650094986
378th run
noise dimension : 2187
noise variance: 27336.341796875
original u-statistic:-70.6026611328125
p value proxy: 0.684385359287262
result: False
power_upto_now: 0.050264548510313034
379th run
noise dimension : 2187
noise variance: 27339.1796875
original u-statistic:12.17536735534668
p value proxy: 0.4252491593360901
result: False
power_upto_now: 0.05013192445039749
380th run
noise dimension : 2187
noise variance: 27328.169921875
original u-statistic:73.01277160644531
p value proxy: 0.3521594703197479
result: False
power_upto_now: 0.05000000074505806
381th run
noise dimension : 2187
noise variance: 27328.61328125
original u-statistic:28.992210388183594
p value proxy: 0.4485049843788147
result: False
power_upto_now: 0.04986876621842384
382th run
noise dimension : 2187
noise variance: 27343.404296875
original u-statistic:54.318382263183594
p value proxy: 0.41528236865997314
result: False
power_upto_now: 0.04973822087049484
383th run
noise dimension : 2187
noise variance: 27338.046875
original u-statistic:-122.3304443359375
p value proxy: 0.7774085998535156
result: False
power_upto_now: 0.04960835352540016
384th run
noise dimension : 2187
noise variance: 27344.21484375
original u-statistic:230.89300537109375
p value proxy: 0.10631228983402252
result: False
power_upto_now: 0.0494791679084301
385th run
noise dimension : 2187
noise variance: 27345.298828125
original u-statistic:-27.022716522216797
p value proxy: 0.6511628031730652
result: False
power_upto_now: 0.04935064911842346
386th run
noise dimension : 2187
noise variance: 27326.77734375
original u-statistic:375.04742431640625
p value proxy: 0.02657807245850563
result: True
power_upto_now: 0.05181347206234932
387th run
noise dimension : 2187
noise variance: 27331.076171875
original u-statistic:313.8290100097656
p value proxy: 0.023255813866853714
result: True
power_upto_now: 0.05426356568932533
388th run
noise dimension : 2187
noise variance: 27346.359375
original u-statistic:180.10389709472656
p value proxy: 0.15614616870880127
result: False
power_upto_now: 0.054123710840940475
389th run
noise dimension : 2187
noise variance: 27350.537109375
original u-statistic:-85.04922485351562
p value proxy: 0.6212624311447144
result: False
power_upto_now: 0.05398457497358322
390th run
noise dimension : 2187
noise variance: 27331.861328125
original u-statistic:197.16029357910156
p value proxy: 0.1229235827922821
result: False
power_upto_now: 0.05384615436196327
391th run
noise dimension : 2187
noise variance: 27339.533203125
original u-statistic:51.18634033203125
p value proxy: 0.382059782743454
result: False
power_upto_now: 0.05370844155550003
392th run
noise dimension : 2187
noise variance: 27339.68359375
original u-statistic:-243.0616455078125
p value proxy: 0.9269102811813354
result: False
power_upto_now: 0.0535714291036129
393th run
noise dimension : 2187
noise variance: 27344.5625
original u-statistic:-361.1409606933594
p value proxy: 0.9700996279716492
result: False
power_upto_now: 0.05343511328101158
394th run
noise dimension : 2187
noise variance: 27331.47265625
original u-statistic:-91.51019287109375
p value proxy: 0.6943521499633789
result: False
power_upto_now: 0.053299494087696075
395th run
noise dimension : 2187
noise variance: 27338.1796875
original u-statistic:98.06670379638672
p value proxy: 0.3488371968269348
result: False
power_upto_now: 0.05316455662250519
396th run
noise dimension : 2187
noise variance: 27347.435546875
original u-statistic:-28.184730529785156
p value proxy: 0.5714285373687744
result: False
power_upto_now: 0.05303030461072922
397th run
noise dimension : 2187
noise variance: 27339.287109375
original u-statistic:-73.14111328125
p value proxy: 0.6511628031730652
result: False
power_upto_now: 0.05289672687649727
398th run
noise dimension : 2187
noise variance: 27331.904296875
original u-statistic:15.740560531616211
p value proxy: 0.48172757029533386
result: False
power_upto_now: 0.05276381969451904
399th run
noise dimension : 2187
noise variance: 27345.103515625
original u-statistic:-63.847572326660156
p value proxy: 0.6312292218208313
result: False
power_upto_now: 0.05263157933950424
400th run
noise dimension : 2187
noise variance: 27335.650390625
original u-statistic:14.601913452148438
p value proxy: 0.4883720874786377
result: False
power_upto_now: 0.05249999836087227
401th run
noise dimension : 2187
noise variance: 27336.578125
original u-statistic:37.240875244140625
p value proxy: 0.4252491593360901
result: False
power_upto_now: 0.05236907675862312
402th run
noise dimension : 2187
noise variance: 27333.291015625
original u-statistic:-155.12841796875
p value proxy: 0.8106312155723572
result: False
power_upto_now: 0.05223880708217621
403th run
noise dimension : 2187
noise variance: 27328.6015625
original u-statistic:143.6048583984375
p value proxy: 0.23255813121795654
result: False
power_upto_now: 0.05210918188095093
404th run
noise dimension : 2187
noise variance: 27349.6328125
original u-statistic:130.58279418945312
p value proxy: 0.2425249069929123
result: False
power_upto_now: 0.05198019742965698
405th run
noise dimension : 2187
noise variance: 27332.078125
original u-statistic:-116.26902770996094
p value proxy: 0.7807309031486511
result: False
power_upto_now: 0.051851850003004074
406th run
noise dimension : 2187
noise variance: 27344.591796875
original u-statistic:113.63493347167969
p value proxy: 0.2657807171344757
result: False
power_upto_now: 0.0517241396009922
407th run
noise dimension : 2187
noise variance: 27330.888671875
original u-statistic:476.184326171875
p value proxy: 0.003322259057313204
result: True
power_upto_now: 0.054054055362939835
408th run
noise dimension : 2187
noise variance: 27328.224609375
original u-statistic:2.294891357421875
p value proxy: 0.5315614342689514
result: False
power_upto_now: 0.053921569138765335
409th run
noise dimension : 2187
noise variance: 27336.06640625
original u-statistic:-66.19864654541016
p value proxy: 0.634551465511322
result: False
power_upto_now: 0.05378973111510277
410th run
noise dimension : 2187
noise variance: 27333.4140625
original u-statistic:149.84507751464844
p value proxy: 0.19269102811813354
result: False
power_upto_now: 0.053658537566661835
411th run
noise dimension : 2187
noise variance: 27338.84765625
original u-statistic:477.6650695800781
p value proxy: 0.006644518114626408
result: True
power_upto_now: 0.05596106871962547
412th run
noise dimension : 2187
noise variance: 27339.318359375
original u-statistic:-286.2449951171875
p value proxy: 0.9368770718574524
result: False
power_upto_now: 0.05582524091005325
413th run
noise dimension : 2187
noise variance: 27332.287109375
original u-statistic:70.22207641601562
p value proxy: 0.3654485046863556
result: False
power_upto_now: 0.05569007247686386
414th run
noise dimension : 2187
noise variance: 27328.375
original u-statistic:152.1512451171875
p value proxy: 0.15946844220161438
result: False
power_upto_now: 0.0555555559694767
415th run
noise dimension : 2187
noise variance: 27325.291015625
original u-statistic:-233.55604553222656
p value proxy: 0.9102990031242371
result: False
power_upto_now: 0.05542168766260147
416th run
noise dimension : 2187
noise variance: 27336.0
original u-statistic:-76.65396118164062
p value proxy: 0.6478404998779297
result: False
power_upto_now: 0.05528846010565758
417th run
noise dimension : 2187
noise variance: 27346.712890625
original u-statistic:-61.17205810546875
p value proxy: 0.6611295342445374
result: False
power_upto_now: 0.05515587702393532
418th run
noise dimension : 2187
noise variance: 27327.748046875
original u-statistic:-50.246978759765625
p value proxy: 0.644518256187439
result: False
power_upto_now: 0.0550239235162735
419th run
noise dimension : 2187
noise variance: 27332.548828125
original u-statistic:274.85137939453125
p value proxy: 0.06644517928361893
result: False
power_upto_now: 0.05489259958267212
420th run
noise dimension : 2187
noise variance: 27333.947265625
original u-statistic:-380.8356018066406
p value proxy: 0.9900332093238831
result: False
power_upto_now: 0.05476190522313118
421th run
noise dimension : 2187
noise variance: 27344.62109375
original u-statistic:-99.25263977050781
p value proxy: 0.6877076029777527
result: False
power_upto_now: 0.054631829261779785
422th run
noise dimension : 2187
noise variance: 27332.330078125
original u-statistic:-113.76226043701172
p value proxy: 0.764119565486908
result: False
power_upto_now: 0.05450236797332764
423th run
noise dimension : 2187
noise variance: 27328.3203125
original u-statistic:352.41754150390625
p value proxy: 0.03654484823346138
result: True
power_upto_now: 0.05673758685588837
424th run
noise dimension : 2187
noise variance: 27343.7109375
original u-statistic:-107.05741882324219
p value proxy: 0.6943521499633789
result: False
power_upto_now: 0.056603774428367615
425th run
noise dimension : 2187
noise variance: 27336.7890625
original u-statistic:426.56005859375
p value proxy: 0.003322259057313204
result: True
power_upto_now: 0.05882352963089943
426th run
noise dimension : 2187
noise variance: 27324.03515625
original u-statistic:-47.66293716430664
p value proxy: 0.634551465511322
result: False
power_upto_now: 0.05868544429540634
427th run
noise dimension : 2187
noise variance: 27341.517578125
original u-statistic:-86.08648681640625
p value proxy: 0.6877076029777527
result: False
power_upto_now: 0.058548010885715485
428th run
noise dimension : 2187
noise variance: 27327.3515625
original u-statistic:50.234344482421875
p value proxy: 0.421926885843277
result: False
power_upto_now: 0.058411214500665665
429th run
noise dimension : 2187
noise variance: 27336.06640625
original u-statistic:14.361984252929688
p value proxy: 0.4086378514766693
result: False
power_upto_now: 0.05827505886554718
430th run
noise dimension : 2187
noise variance: 27333.611328125
original u-statistic:-188.08380126953125
p value proxy: 0.8338870406150818
result: False
power_upto_now: 0.058139536529779434
431th run
noise dimension : 2187
noise variance: 27325.263671875
original u-statistic:-24.98163604736328
p value proxy: 0.5016611218452454
result: False
power_upto_now: 0.05800464004278183
432th run
noise dimension : 2187
noise variance: 27328.23046875
original u-statistic:-364.406005859375
p value proxy: 0.9867109656333923
result: False
power_upto_now: 0.05787036940455437
433th run
noise dimension : 2187
noise variance: 27335.359375
original u-statistic:183.4875946044922
p value proxy: 0.1428571343421936
result: False
power_upto_now: 0.05773672088980675
434th run
noise dimension : 2187
noise variance: 27334.658203125
original u-statistic:-117.98617553710938
p value proxy: 0.7541528344154358
result: False
power_upto_now: 0.057603687047958374
435th run
noise dimension : 2187
noise variance: 27332.56640625
original u-statistic:13.308395385742188
p value proxy: 0.48172757029533386
result: False
power_upto_now: 0.05747126415371895
436th run
noise dimension : 2187
noise variance: 27339.435546875
original u-statistic:-13.286336898803711
p value proxy: 0.5913621187210083
result: False
power_upto_now: 0.05733944848179817
437th run
noise dimension : 2187
noise variance: 27326.1953125
original u-statistic:46.69425582885742
p value proxy: 0.3654485046863556
result: False
power_upto_now: 0.057208236306905746
438th run
noise dimension : 2187
noise variance: 27333.2734375
original u-statistic:131.76112365722656
p value proxy: 0.22923587262630463
result: False
power_upto_now: 0.05707762390375137
439th run
noise dimension : 2187
noise variance: 27327.228515625
original u-statistic:78.50650787353516
p value proxy: 0.2857142686843872
result: False
power_upto_now: 0.056947607547044754
440th run
noise dimension : 2187
noise variance: 27333.732421875
original u-statistic:160.5426788330078
p value proxy: 0.23255813121795654
result: False
power_upto_now: 0.05681818351149559
441th run
noise dimension : 2187
noise variance: 27321.193359375
original u-statistic:-47.36567687988281
p value proxy: 0.604651153087616
result: False
power_upto_now: 0.056689340621232986
442th run
noise dimension : 2187
noise variance: 27340.318359375
original u-statistic:80.03157043457031
p value proxy: 0.3488371968269348
result: False
power_upto_now: 0.05656108632683754
443th run
noise dimension : 2187
noise variance: 27338.37109375
original u-statistic:-10.967605590820312
p value proxy: 0.4850498139858246
result: False
power_upto_now: 0.056433409452438354
444th run
noise dimension : 2187
noise variance: 27333.2265625
original u-statistic:333.6201477050781
p value proxy: 0.033222589641809464
result: True
power_upto_now: 0.05855855718255043
445th run
noise dimension : 2187
noise variance: 27334.17578125
original u-statistic:40.95733642578125
p value proxy: 0.41528236865997314
result: False
power_upto_now: 0.05842696502804756
446th run
noise dimension : 2187
noise variance: 27339.56640625
original u-statistic:-95.17900085449219
p value proxy: 0.7043189406394958
result: False
power_upto_now: 0.05829596519470215
447th run
noise dimension : 2187
noise variance: 27336.482421875
original u-statistic:-109.49313354492188
p value proxy: 0.7740863561630249
result: False
power_upto_now: 0.058165546506643295
448th run
noise dimension : 2187
noise variance: 27331.220703125
original u-statistic:57.49867630004883
p value proxy: 0.3621262311935425
result: False
power_upto_now: 0.0580357126891613
449th run
noise dimension : 2187
noise variance: 27333.515625
original u-statistic:-184.83486938476562
p value proxy: 0.8471760749816895
result: False
power_upto_now: 0.057906460016965866
450th run
noise dimension : 2187
noise variance: 27332.369140625
original u-statistic:17.1749324798584
p value proxy: 0.45847174525260925
result: False
power_upto_now: 0.057777777314186096
451th run
noise dimension : 2187
noise variance: 27336.447265625
original u-statistic:95.88187408447266
p value proxy: 0.3521594703197479
result: False
power_upto_now: 0.05764966830611229
452th run
noise dimension : 2187
noise variance: 27338.359375
original u-statistic:19.904769897460938
p value proxy: 0.45847174525260925
result: False
power_upto_now: 0.05752212554216385
453th run
noise dimension : 2187
noise variance: 27344.73046875
original u-statistic:-22.781509399414062
p value proxy: 0.604651153087616
result: False
power_upto_now: 0.057395145297050476
454th run
noise dimension : 2187
noise variance: 27329.296875
original u-statistic:161.53201293945312
p value proxy: 0.19933554530143738
result: False
power_upto_now: 0.05726872384548187
455th run
noise dimension : 2187
noise variance: 27339.76171875
original u-statistic:-106.70864868164062
p value proxy: 0.7541528344154358
result: False
power_upto_now: 0.05714285746216774
456th run
noise dimension : 2187
noise variance: 27325.060546875
original u-statistic:136.05136108398438
p value proxy: 0.2857142686843872
result: False
power_upto_now: 0.05701754242181778
457th run
noise dimension : 2187
noise variance: 27326.015625
original u-statistic:-277.8587951660156
p value proxy: 0.960132896900177
result: False
power_upto_now: 0.05689277872443199
458th run
noise dimension : 2187
noise variance: 27332.388671875
original u-statistic:-44.403404235839844
p value proxy: 0.604651153087616
result: False
power_upto_now: 0.05676855891942978
459th run
noise dimension : 2187
noise variance: 27333.091796875
original u-statistic:-121.73568725585938
p value proxy: 0.7574750781059265
result: False
power_upto_now: 0.056644879281520844
460th run
noise dimension : 2187
noise variance: 27342.943359375
original u-statistic:-263.5982360839844
p value proxy: 0.9401993155479431
result: False
power_upto_now: 0.056521739810705185
461th run
noise dimension : 2187
noise variance: 27337.62109375
original u-statistic:-9.253498077392578
p value proxy: 0.4850498139858246
result: False
power_upto_now: 0.056399133056402206
462th run
noise dimension : 2187
noise variance: 27347.45703125
original u-statistic:230.46141052246094
p value proxy: 0.0830564796924591
result: False
power_upto_now: 0.05627705529332161
463th run
noise dimension : 2187
noise variance: 27334.03125
original u-statistic:-54.895660400390625
p value proxy: 0.5614618062973022
result: False
power_upto_now: 0.056155506521463394
464th run
noise dimension : 2187
noise variance: 27335.07421875
original u-statistic:84.0158462524414
p value proxy: 0.3056478202342987
result: False
power_upto_now: 0.05603448301553726
465th run
noise dimension : 2187
noise variance: 27333.341796875
original u-statistic:-130.44189453125
p value proxy: 0.7441860437393188
result: False
power_upto_now: 0.055913977324962616
466th run
noise dimension : 2187
noise variance: 27343.05078125
original u-statistic:136.4700927734375
p value proxy: 0.21926909685134888
result: False
power_upto_now: 0.055793993175029755
467th run
noise dimension : 2187
noise variance: 27334.7265625
original u-statistic:87.66825866699219
p value proxy: 0.27574750781059265
result: False
power_upto_now: 0.05567451938986778
468th run
noise dimension : 2187
noise variance: 27337.986328125
original u-statistic:118.62714385986328
p value proxy: 0.23255813121795654
result: False
power_upto_now: 0.0555555559694767
469th run
noise dimension : 2187
noise variance: 27334.349609375
original u-statistic:-60.7410888671875
p value proxy: 0.6079733967781067
result: False
power_upto_now: 0.05543709918856621
470th run
noise dimension : 2187
noise variance: 27336.166015625
original u-statistic:348.9152526855469
p value proxy: 0.03654484823346138
result: True
power_upto_now: 0.057446807622909546
471th run
noise dimension : 2187
noise variance: 27341.146484375
original u-statistic:346.8891906738281
p value proxy: 0.04318936914205551
result: True
power_upto_now: 0.05944798141717911
472th run
noise dimension : 2187
noise variance: 27355.546875
original u-statistic:-395.9134521484375
p value proxy: 0.9900332093238831
result: False
power_upto_now: 0.05932203307747841
473th run
noise dimension : 2187
noise variance: 27334.982421875
original u-statistic:-30.64883041381836
p value proxy: 0.5348837375640869
result: False
power_upto_now: 0.05919661745429039
474th run
noise dimension : 2187
noise variance: 27335.677734375
original u-statistic:-393.02410888671875
p value proxy: 0.9933554530143738
result: False
power_upto_now: 0.05907173082232475
475th run
noise dimension : 2187
noise variance: 27341.326171875
original u-statistic:140.86819458007812
p value proxy: 0.21594683825969696
result: False
power_upto_now: 0.0589473694562912
476th run
noise dimension : 2187
noise variance: 27342.484375
original u-statistic:-53.6151123046875
p value proxy: 0.5980066061019897
result: False
power_upto_now: 0.05882352963089943
477th run
noise dimension : 2187
noise variance: 27334.98828125
original u-statistic:-24.99053955078125
p value proxy: 0.5481727719306946
result: False
power_upto_now: 0.058700211346149445
478th run
noise dimension : 2187
noise variance: 27334.798828125
original u-statistic:-153.1080322265625
p value proxy: 0.803986668586731
result: False
power_upto_now: 0.05857740715146065
479th run
noise dimension : 2187
noise variance: 27337.927734375
original u-statistic:-155.24591064453125
p value proxy: 0.7873753905296326
result: False
power_upto_now: 0.05845511332154274
480th run
noise dimension : 2187
noise variance: 27341.630859375
original u-statistic:-242.4433135986328
p value proxy: 0.8837209343910217
result: False
power_upto_now: 0.05833333358168602
481th run
noise dimension : 2187
noise variance: 27336.615234375
original u-statistic:-39.200740814208984
p value proxy: 0.5847175717353821
result: False
power_upto_now: 0.05821205675601959
482th run
noise dimension : 2187
noise variance: 27341.708984375
original u-statistic:25.486282348632812
p value proxy: 0.4318936765193939
result: False
power_upto_now: 0.058091286569833755
483th run
noise dimension : 2187
noise variance: 27331.703125
original u-statistic:30.140254974365234
p value proxy: 0.46179401874542236
result: False
power_upto_now: 0.05797101557254791
484th run
noise dimension : 2187
noise variance: 27346.5
original u-statistic:-132.43136596679688
p value proxy: 0.7906976342201233
result: False
power_upto_now: 0.057851240038871765
485th run
noise dimension : 2187
noise variance: 27342.1171875
original u-statistic:94.08417510986328
p value proxy: 0.27574750781059265
result: False
power_upto_now: 0.05773195996880531
486th run
noise dimension : 2187
noise variance: 27332.73046875
original u-statistic:28.751789093017578
p value proxy: 0.4451827108860016
result: False
power_upto_now: 0.05761316791176796
487th run
noise dimension : 2187
noise variance: 27334.376953125
original u-statistic:76.0238037109375
p value proxy: 0.31561461091041565
result: False
power_upto_now: 0.05749486759305
488th run
noise dimension : 2187
noise variance: 27338.73046875
original u-statistic:240.88027954101562
p value proxy: 0.09634551405906677
result: False
power_upto_now: 0.05737704783678055
489th run
noise dimension : 2187
noise variance: 27330.681640625
original u-statistic:16.563167572021484
p value proxy: 0.47508305311203003
result: False
power_upto_now: 0.05725971236824989
490th run
noise dimension : 2187
noise variance: 27335.767578125
original u-statistic:-46.053253173828125
p value proxy: 0.6212624311447144
result: False
power_upto_now: 0.05714285746216774
491th run
noise dimension : 2187
noise variance: 27321.779296875
original u-statistic:-38.283843994140625
p value proxy: 0.5581395030021667
result: False
power_upto_now: 0.05702647566795349
492th run
noise dimension : 2187
noise variance: 27344.279296875
original u-statistic:146.27244567871094
p value proxy: 0.2657807171344757
result: False
power_upto_now: 0.056910570710897446
493th run
noise dimension : 2187
noise variance: 27337.203125
original u-statistic:39.071807861328125
p value proxy: 0.39534881711006165
result: False
power_upto_now: 0.05679513141512871
494th run
noise dimension : 2187
noise variance: 27332.314453125
original u-statistic:-45.13119125366211
p value proxy: 0.6312292218208313
result: False
power_upto_now: 0.056680161505937576
495th run
noise dimension : 2187
noise variance: 27336.666015625
original u-statistic:135.65786743164062
p value proxy: 0.22923587262630463
result: False
power_upto_now: 0.05656565725803375
496th run
noise dimension : 2187
noise variance: 27338.9609375
original u-statistic:24.525854110717773
p value proxy: 0.4119601249694824
result: False
power_upto_now: 0.05645161122083664
497th run
noise dimension : 2187
noise variance: 27343.86328125
original u-statistic:28.76446533203125
p value proxy: 0.4252491593360901
result: False
power_upto_now: 0.056338027119636536
498th run
noise dimension : 2187
noise variance: 27330.25
original u-statistic:-71.37167358398438
p value proxy: 0.6578072905540466
result: False
power_upto_now: 0.05622490122914314
499th run
noise dimension : 2187
noise variance: 27340.740234375
original u-statistic:-309.3197937011719
p value proxy: 0.9667773842811584
result: False
power_upto_now: 0.056112226098775864
500th run
noise dimension : 2187
noise variance: 27335.388671875
original u-statistic:43.05955505371094
p value proxy: 0.4252491593360901
result: False
power_upto_now: 0.0560000017285347
power estimate : 0.0560000017285347
elapsed time: 246445.66596651077
